# column   1     --> step : The current simulation time step.
# column   2     --> time{picosecond} : The elapsed simulation time.
# column   3     --> conserved{electronvolt} : The value of the conserved energy quantity per bead.
# column   4     --> temperature{kelvin} : The current temperature, as obtained from the MD kinetic energy.
# column   5     --> kinetic_cv{electronvolt} : The centroid-virial quantum kinetic energy of the physical system.
# column   6     --> potential{electronvolt} : The physical system potential energy.
    0.00000000e+00     0.00000000e+00     4.90581658e+02     3.04273373e+02     1.52165030e+02    -1.26761730e+02   
    2.00000000e+02     5.00000000e-02     4.90839460e+02     2.89306233e+02     2.36946234e+02    -5.36667780e+00   
    4.00000000e+02     1.00000000e-01     4.90837745e+02     2.97959845e+02     2.36793558e+02     9.50435418e+00   
    6.00000000e+02     1.50000000e-01     4.90848485e+02     2.96539134e+02     2.35031172e+02     1.81830291e+01   
    8.00000000e+02     2.00000000e-01     4.90883956e+02     2.98654807e+02     2.37672528e+02     2.82759895e+01   
    1.00000000e+03     2.50000000e-01     4.90911355e+02     3.05923390e+02     2.34617365e+02     2.65657726e+01   
    1.20000000e+03     3.00000000e-01     4.90955879e+02     2.96607655e+02     2.36076869e+02     4.60361678e+01   
    1.40000000e+03     3.50000000e-01     4.90975623e+02     3.02891774e+02     2.35196720e+02     4.25950252e+01   
    1.60000000e+03     4.00000000e-01     4.91024013e+02     3.01295721e+02     2.35842707e+02     4.81735726e+01   
    1.80000000e+03     4.50000000e-01     4.91047371e+02     3.02352349e+02     2.35028770e+02     4.86641296e+01   
    2.00000000e+03     5.00000000e-01     4.91076128e+02     3.01655884e+02     2.37213935e+02     5.69040534e+01   
    2.20000000e+03     5.50000000e-01     4.91102221e+02     2.95654722e+02     2.36021722e+02     6.23333190e+01   
    2.40000000e+03     6.00000000e-01     4.91144974e+02     3.00622757e+02     2.37184852e+02     6.45264883e+01   
    2.60000000e+03     6.50000000e-01     4.91181328e+02     2.99871885e+02     2.36587789e+02     6.87390034e+01   
    2.80000000e+03     7.00000000e-01     4.91215627e+02     3.01977686e+02     2.36201561e+02     7.19270873e+01   
    3.00000000e+03     7.50000000e-01     4.91253097e+02     2.96325914e+02     2.37831426e+02     7.51834933e+01   
    3.20000000e+03     8.00000000e-01     4.91279873e+02     2.96638507e+02     2.36602651e+02     7.71287936e+01   
    3.40000000e+03     8.50000000e-01     4.91307673e+02     3.01340156e+02     2.37883649e+02     7.99615901e+01   
    3.60000000e+03     9.00000000e-01     4.91316375e+02     2.99497737e+02     2.34885947e+02     7.96633153e+01   
    3.80000000e+03     9.50000000e-01     4.91359841e+02     2.99799554e+02     2.37548291e+02     8.48961791e+01   
    4.00000000e+03     1.00000000e+00     4.91388850e+02     3.00488695e+02     2.36353561e+02     8.51637018e+01   
    4.20000000e+03     1.05000000e+00     4.91404600e+02     3.00019489e+02     2.33992517e+02     8.53032010e+01   
    4.40000000e+03     1.10000000e+00     4.91430735e+02     2.97058668e+02     2.35197569e+02     8.61862102e+01   
    4.60000000e+03     1.15000000e+00     4.91459857e+02     2.98039850e+02     2.38168734e+02     9.11778726e+01   
    4.80000000e+03     1.20000000e+00     4.91470212e+02     3.01220544e+02     2.37467944e+02     9.33997185e+01   
    5.00000000e+03     1.25000000e+00     4.91482234e+02     3.00412134e+02     2.35479192e+02     9.17507732e+01   
    5.20000000e+03     1.30000000e+00     4.91498302e+02     3.00740471e+02     2.35711105e+02     9.24004206e+01   
    5.40000000e+03     1.35000000e+00     4.91519535e+02     3.04491975e+02     2.37229419e+02     9.50352908e+01   
    5.60000000e+03     1.40000000e+00     4.91544156e+02     3.01906973e+02     2.37677275e+02     9.71217645e+01   
    5.80000000e+03     1.45000000e+00     4.91569945e+02     2.98951162e+02     2.36973297e+02     9.64835512e+01   
    6.00000000e+03     1.50000000e+00     4.91598810e+02     3.02597276e+02     2.37960005e+02     9.78948948e+01   
    6.20000000e+03     1.55000000e+00     4.91621606e+02     3.00591168e+02     2.37107872e+02     9.72214784e+01   
    6.40000000e+03     1.60000000e+00     4.91632957e+02     2.99407736e+02     2.37382584e+02     9.88927822e+01   
    6.60000000e+03     1.65000000e+00     4.91642118e+02     2.99721481e+02     2.35745225e+02     9.64297361e+01   
    6.80000000e+03     1.70000000e+00     4.91678768e+02     3.00141591e+02     2.37296045e+02     1.00215314e+02   
    7.00000000e+03     1.75000000e+00     4.91688344e+02     3.01011769e+02     2.35425001e+02     9.77052944e+01   
    7.20000000e+03     1.80000000e+00     4.91689505e+02     3.01724606e+02     2.34511298e+02     9.84872639e+01   
    7.40000000e+03     1.85000000e+00     4.91719748e+02     2.95988786e+02     2.39287639e+02     1.04230535e+02   
    7.60000000e+03     1.90000000e+00     4.91713277e+02     3.01607131e+02     2.35012673e+02     9.92562125e+01   
    7.80000000e+03     1.95000000e+00     4.91723106e+02     3.00704334e+02     2.36237301e+02     1.00574872e+02   
    8.00000000e+03     2.00000000e+00     4.91726409e+02     3.00176423e+02     2.34346548e+02     9.94526818e+01   
    8.20000000e+03     2.05000000e+00     4.91733283e+02     2.96742328e+02     2.36168759e+02     1.01655527e+02   
    8.40000000e+03     2.10000000e+00     4.91737493e+02     2.99433822e+02     2.36372613e+02     1.01056165e+02   
    8.60000000e+03     2.15000000e+00     4.91750868e+02     2.97055744e+02     2.37601742e+02     1.03428247e+02   
    8.80000000e+03     2.20000000e+00     4.91745275e+02     2.95986252e+02     2.35854503e+02     1.03191139e+02   
    9.00000000e+03     2.25000000e+00     4.91754537e+02     2.98521394e+02     2.34938658e+02     1.03211629e+02   
    9.20000000e+03     2.30000000e+00     4.91760417e+02     3.00594140e+02     2.35820773e+02     1.04735723e+02   
    9.40000000e+03     2.35000000e+00     4.91756757e+02     3.00776077e+02     2.35055169e+02     1.03577067e+02   
    9.60000000e+03     2.40000000e+00     4.91768660e+02     2.98533060e+02     2.35580065e+02     1.03472321e+02   
    9.80000000e+03     2.45000000e+00     4.91762829e+02     3.00789389e+02     2.35527920e+02     1.04141138e+02   
    1.00000000e+04     2.50000000e+00     4.91770678e+02     3.00336268e+02     2.35968580e+02     1.03997460e+02   
    1.02000000e+04     2.55000000e+00     4.91786515e+02     2.99674274e+02     2.38201301e+02     1.08116452e+02   
    1.04000000e+04     2.60000000e+00     4.91780126e+02     3.01502489e+02     2.37566681e+02     1.06581325e+02   
    1.06000000e+04     2.65000000e+00     4.91770678e+02     3.05204397e+02     2.36231322e+02     1.06396750e+02   
    1.08000000e+04     2.70000000e+00     4.91768638e+02     2.98754313e+02     2.37119715e+02     1.08160337e+02   
    1.10000000e+04     2.75000000e+00     4.91760423e+02     3.03910957e+02     2.36681839e+02     1.05521770e+02   
    1.12000000e+04     2.80000000e+00     4.91777843e+02     2.99319928e+02     2.37004739e+02     1.08484601e+02   
    1.14000000e+04     2.85000000e+00     4.91788487e+02     3.06178466e+02     2.36707013e+02     1.06260741e+02   
    1.16000000e+04     2.90000000e+00     4.91805860e+02     3.01139409e+02     2.37275509e+02     1.07968648e+02   
    1.18000000e+04     2.95000000e+00     4.91806759e+02     2.98015960e+02     2.35321662e+02     1.05580100e+02   
    1.20000000e+04     3.00000000e+00     4.91821694e+02     2.99335937e+02     2.38530777e+02     1.09189345e+02   
    1.22000000e+04     3.05000000e+00     4.91808191e+02     2.98244641e+02     2.35800842e+02     1.08032427e+02   
    1.24000000e+04     3.10000000e+00     4.91805153e+02     3.03256975e+02     2.35237796e+02     1.05504957e+02   
    1.26000000e+04     3.15000000e+00     4.91807699e+02     3.00446017e+02     2.35483382e+02     1.07032902e+02   
    1.28000000e+04     3.20000000e+00     4.91802593e+02     2.97791719e+02     2.35668429e+02     1.04522166e+02   
    1.30000000e+04     3.25000000e+00     4.91801005e+02     2.99786626e+02     2.36029875e+02     1.07198916e+02   
    1.32000000e+04     3.30000000e+00     4.91798273e+02     2.99370137e+02     2.34766009e+02     1.04925177e+02   
    1.34000000e+04     3.35000000e+00     4.91820723e+02     2.99860172e+02     2.37115466e+02     1.08092955e+02   
    1.36000000e+04     3.40000000e+00     4.91825236e+02     3.02956759e+02     2.37326823e+02     1.08502485e+02   
    1.38000000e+04     3.45000000e+00     4.91838890e+02     3.02758902e+02     2.37343317e+02     1.08790933e+02   
    1.40000000e+04     3.50000000e+00     4.91839029e+02     3.03179302e+02     2.35331776e+02     1.05994269e+02   
    1.42000000e+04     3.55000000e+00     4.91845787e+02     3.02814256e+02     2.35366493e+02     1.05996142e+02   
    1.44000000e+04     3.60000000e+00     4.91855427e+02     2.98854086e+02     2.35743302e+02     1.07024543e+02   
    1.46000000e+04     3.65000000e+00     4.91866901e+02     2.96209843e+02     2.38839846e+02     1.11638591e+02   
    1.48000000e+04     3.70000000e+00     4.91857035e+02     2.99841522e+02     2.36039757e+02     1.07730868e+02   
    1.50000000e+04     3.75000000e+00     4.91855628e+02     2.98864365e+02     2.35378760e+02     1.06924285e+02   
    1.52000000e+04     3.80000000e+00     4.91867658e+02     2.99729310e+02     2.35350767e+02     1.08320051e+02   
    1.54000000e+04     3.85000000e+00     4.91866452e+02     2.99292416e+02     2.36124272e+02     1.10855990e+02   
    1.56000000e+04     3.90000000e+00     4.91868943e+02     3.01523775e+02     2.34785450e+02     1.09216321e+02   
    1.58000000e+04     3.95000000e+00     4.91877245e+02     3.00434645e+02     2.36403686e+02     1.12151215e+02   
    1.60000000e+04     4.00000000e+00     4.91876964e+02     3.00660504e+02     2.36688447e+02     1.09779564e+02   
    1.62000000e+04     4.05000000e+00     4.91881139e+02     2.97670889e+02     2.35813674e+02     1.11119207e+02   
    1.64000000e+04     4.10000000e+00     4.91889283e+02     3.02550476e+02     2.35848671e+02     1.11639483e+02   
    1.66000000e+04     4.15000000e+00     4.91903543e+02     2.98863675e+02     2.36145939e+02     1.10996050e+02   
    1.68000000e+04     4.20000000e+00     4.91910065e+02     2.98849355e+02     2.36248335e+02     1.11963200e+02   
    1.70000000e+04     4.25000000e+00     4.91919774e+02     2.97941360e+02     2.36789883e+02     1.11683209e+02   
    1.72000000e+04     4.30000000e+00     4.91921476e+02     2.97932588e+02     2.36469308e+02     1.13202633e+02   
    1.74000000e+04     4.35000000e+00     4.91936757e+02     2.98604013e+02     2.35525214e+02     1.11671124e+02   
    1.76000000e+04     4.40000000e+00     4.91941628e+02     2.97269934e+02     2.36281315e+02     1.12250354e+02   
    1.78000000e+04     4.45000000e+00     4.91953187e+02     2.99906618e+02     2.35230530e+02     1.11575398e+02   
    1.80000000e+04     4.50000000e+00     4.91953524e+02     2.97833213e+02     2.35638003e+02     1.12974293e+02   
    1.82000000e+04     4.55000000e+00     4.91952665e+02     2.97726499e+02     2.35685833e+02     1.13150872e+02   
    1.84000000e+04     4.60000000e+00     4.91949275e+02     2.99479232e+02     2.36297298e+02     1.11268641e+02   
    1.86000000e+04     4.65000000e+00     4.91962023e+02     2.98191070e+02     2.37335193e+02     1.13558721e+02   
    1.88000000e+04     4.70000000e+00     4.91963050e+02     3.01459451e+02     2.37020077e+02     1.09817869e+02   
    1.90000000e+04     4.75000000e+00     4.91962727e+02     2.98948324e+02     2.36098799e+02     1.12721669e+02   
    1.92000000e+04     4.80000000e+00     4.91964075e+02     3.01119686e+02     2.36979655e+02     1.12817998e+02   
    1.94000000e+04     4.85000000e+00     4.91978928e+02     3.00986783e+02     2.36716317e+02     1.13757469e+02   
    1.96000000e+04     4.90000000e+00     4.91981120e+02     2.99188819e+02     2.35999699e+02     1.11833713e+02   
    1.98000000e+04     4.95000000e+00     4.91994864e+02     3.03486046e+02     2.36163294e+02     1.12718089e+02   
    2.00000000e+04     5.00000000e+00     4.92008194e+02     3.00250845e+02     2.37262071e+02     1.13735384e+02   
    2.02000000e+04     5.05000000e+00     4.91993318e+02     3.01079145e+02     2.34866240e+02     1.11540427e+02   
    2.04000000e+04     5.10000000e+00     4.91996174e+02     3.02545070e+02     2.37225966e+02     1.15071330e+02   
    2.06000000e+04     5.15000000e+00     4.91979400e+02     3.01837928e+02     2.35928639e+02     1.12521249e+02   
    2.08000000e+04     5.20000000e+00     4.91987372e+02     3.03273854e+02     2.36936673e+02     1.13601095e+02   
    2.10000000e+04     5.25000000e+00     4.91994381e+02     3.01740164e+02     2.37001524e+02     1.12983957e+02   
    2.12000000e+04     5.30000000e+00     4.91982609e+02     3.03881832e+02     2.32870383e+02     1.07741743e+02   
    2.14000000e+04     5.35000000e+00     4.92011697e+02     3.03226495e+02     2.36468261e+02     1.12266543e+02   
    2.16000000e+04     5.40000000e+00     4.92010551e+02     3.02350417e+02     2.36566864e+02     1.11128139e+02   
    2.18000000e+04     5.45000000e+00     4.92016596e+02     3.00965145e+02     2.37529848e+02     1.12949776e+02   
    2.20000000e+04     5.50000000e+00     4.92010546e+02     3.02040308e+02     2.37114142e+02     1.12180158e+02   
    2.22000000e+04     5.55000000e+00     4.92022798e+02     3.00721021e+02     2.36815590e+02     1.14754427e+02   
    2.24000000e+04     5.60000000e+00     4.92021029e+02     2.98371450e+02     2.37172774e+02     1.13612436e+02   
    2.26000000e+04     5.65000000e+00     4.92027544e+02     2.98014184e+02     2.36950731e+02     1.14049010e+02   
    2.28000000e+04     5.70000000e+00     4.92042668e+02     3.00943005e+02     2.38079769e+02     1.14708597e+02   
    2.30000000e+04     5.75000000e+00     4.92037461e+02     3.03762312e+02     2.37781213e+02     1.15804412e+02   
    2.32000000e+04     5.80000000e+00     4.92028095e+02     3.01030457e+02     2.37565462e+02     1.14002351e+02   
    2.34000000e+04     5.85000000e+00     4.92043646e+02     3.00901235e+02     2.35756180e+02     1.13506347e+02   
    2.36000000e+04     5.90000000e+00     4.92044062e+02     3.02005961e+02     2.36013907e+02     1.14260810e+02   
    2.38000000e+04     5.95000000e+00     4.92058182e+02     2.97458448e+02     2.36325485e+02     1.12308715e+02   
    2.40000000e+04     6.00000000e+00     4.92061516e+02     3.02820603e+02     2.36930407e+02     1.14020188e+02   
    2.42000000e+04     6.05000000e+00     4.92053630e+02     3.01756850e+02     2.35617519e+02     1.13362167e+02   
    2.44000000e+04     6.10000000e+00     4.92056406e+02     3.03275363e+02     2.35059912e+02     1.12524437e+02   
    2.46000000e+04     6.15000000e+00     4.92068163e+02     3.01354957e+02     2.36546163e+02     1.16009210e+02   
    2.48000000e+04     6.20000000e+00     4.92059632e+02     3.00899339e+02     2.35482722e+02     1.13610071e+02   
    2.50000000e+04     6.25000000e+00     4.92058607e+02     2.99290164e+02     2.36571976e+02     1.14395114e+02   
    2.52000000e+04     6.30000000e+00     4.92061386e+02     2.99221834e+02     2.35106511e+02     1.15763637e+02   
    2.54000000e+04     6.35000000e+00     4.92074845e+02     2.98838096e+02     2.37299899e+02     1.15846632e+02   
    2.56000000e+04     6.40000000e+00     4.92061966e+02     3.01711235e+02     2.36775111e+02     1.16627573e+02   
    2.58000000e+04     6.45000000e+00     4.92035212e+02     2.99798214e+02     2.34760724e+02     1.12954197e+02   
    2.60000000e+04     6.50000000e+00     4.92037506e+02     3.00361420e+02     2.36896531e+02     1.16365549e+02   
    2.62000000e+04     6.55000000e+00     4.92040644e+02     2.97904009e+02     2.38205942e+02     1.17141023e+02   
    2.64000000e+04     6.60000000e+00     4.92040553e+02     2.98319371e+02     2.35653205e+02     1.14508452e+02   
    2.66000000e+04     6.65000000e+00     4.92057908e+02     3.00200014e+02     2.37792407e+02     1.17512189e+02   
    2.68000000e+04     6.70000000e+00     4.92063447e+02     3.02927306e+02     2.37307603e+02     1.16199528e+02   
    2.70000000e+04     6.75000000e+00     4.92073448e+02     2.95932712e+02     2.37040936e+02     1.14710623e+02   
    2.72000000e+04     6.80000000e+00     4.92077977e+02     2.97927589e+02     2.36765527e+02     1.14157081e+02   
    2.74000000e+04     6.85000000e+00     4.92079974e+02     2.95323182e+02     2.36009158e+02     1.15866295e+02   
    2.76000000e+04     6.90000000e+00     4.92084340e+02     2.96279331e+02     2.35473217e+02     1.16612097e+02   
    2.78000000e+04     6.95000000e+00     4.92095838e+02     2.96010585e+02     2.37179362e+02     1.17653576e+02   
    2.80000000e+04     7.00000000e+00     4.92101745e+02     2.97770002e+02     2.36175374e+02     1.15964959e+02   
    2.82000000e+04     7.05000000e+00     4.92107090e+02     2.93495098e+02     2.38417724e+02     1.17421247e+02   
    2.84000000e+04     7.10000000e+00     4.92097093e+02     2.97068956e+02     2.35233838e+02     1.17463550e+02   
    2.86000000e+04     7.15000000e+00     4.92111711e+02     2.99495252e+02     2.36945781e+02     1.19480384e+02   
    2.88000000e+04     7.20000000e+00     4.92118596e+02     3.01060434e+02     2.35655076e+02     1.20819353e+02   
    2.90000000e+04     7.25000000e+00     4.92116534e+02     2.98994378e+02     2.33997102e+02     1.19195861e+02   
    2.92000000e+04     7.30000000e+00     4.92133497e+02     2.98753216e+02     2.37904442e+02     1.23078001e+02   
    2.94000000e+04     7.35000000e+00     4.92129638e+02     3.00171408e+02     2.35055124e+02     1.19431591e+02   
    2.96000000e+04     7.40000000e+00     4.92142560e+02     3.02047508e+02     2.38906746e+02     1.23044750e+02   
    2.98000000e+04     7.45000000e+00     4.92140074e+02     3.00959917e+02     2.35741403e+02     1.17749668e+02   
    3.00000000e+04     7.50000000e+00     4.92142534e+02     2.99125185e+02     2.36862351e+02     1.21370943e+02   
    3.02000000e+04     7.55000000e+00     4.92143196e+02     3.01354791e+02     2.36185808e+02     1.20867527e+02   
    3.04000000e+04     7.60000000e+00     4.92151963e+02     2.98712275e+02     2.35981052e+02     1.18259813e+02   
    3.06000000e+04     7.65000000e+00     4.92146834e+02     2.97956726e+02     2.35551965e+02     1.16112968e+02   
    3.08000000e+04     7.70000000e+00     4.92154129e+02     3.02653823e+02     2.36176377e+02     1.17544906e+02   
    3.10000000e+04     7.75000000e+00     4.92154490e+02     3.01424163e+02     2.36205524e+02     1.16509098e+02   
    3.12000000e+04     7.80000000e+00     4.92147148e+02     2.98421692e+02     2.36862693e+02     1.15972651e+02   
    3.14000000e+04     7.85000000e+00     4.92161005e+02     2.96867248e+02     2.37545274e+02     1.19216391e+02   
    3.16000000e+04     7.90000000e+00     4.92149173e+02     3.02425907e+02     2.34131783e+02     1.16172494e+02   
    3.18000000e+04     7.95000000e+00     4.92156990e+02     2.99759888e+02     2.37437592e+02     1.19185094e+02   
    3.20000000e+04     8.00000000e+00     4.92151607e+02     3.01040504e+02     2.37773727e+02     1.18902416e+02   
    3.22000000e+04     8.05000000e+00     4.92142903e+02     2.99333800e+02     2.36464925e+02     1.18045336e+02   
    3.24000000e+04     8.10000000e+00     4.92141456e+02     2.99107854e+02     2.36754711e+02     1.17583674e+02   
    3.26000000e+04     8.15000000e+00     4.92133525e+02     2.99279015e+02     2.36537720e+02     1.17512056e+02   
    3.28000000e+04     8.20000000e+00     4.92136113e+02     3.02178978e+02     2.35851294e+02     1.18400993e+02   
    3.30000000e+04     8.25000000e+00     4.92140360e+02     2.99842005e+02     2.37303162e+02     1.18243089e+02   
    3.32000000e+04     8.30000000e+00     4.92140420e+02     2.99725130e+02     2.36553257e+02     1.18584736e+02   
    3.34000000e+04     8.35000000e+00     4.92151418e+02     3.00704937e+02     2.35659643e+02     1.18215626e+02   
    3.36000000e+04     8.40000000e+00     4.92145460e+02     2.97072707e+02     2.35571165e+02     1.19126173e+02   
    3.38000000e+04     8.45000000e+00     4.92165731e+02     2.96765895e+02     2.38006401e+02     1.21270413e+02   
    3.40000000e+04     8.50000000e+00     4.92167686e+02     3.01074689e+02     2.35285746e+02     1.19064748e+02   
    3.42000000e+04     8.55000000e+00     4.92151669e+02     2.97657677e+02     2.35197558e+02     1.20463731e+02   
    3.44000000e+04     8.60000000e+00     4.92147575e+02     2.99031381e+02     2.35006094e+02     1.18389892e+02   
    3.46000000e+04     8.65000000e+00     4.92139981e+02     2.98122081e+02     2.35655740e+02     1.18565665e+02   
    3.48000000e+04     8.70000000e+00     4.92138373e+02     2.94652665e+02     2.36262607e+02     1.18083686e+02   
    3.50000000e+04     8.75000000e+00     4.92146184e+02     2.97376349e+02     2.35495661e+02     1.16537915e+02   
    3.52000000e+04     8.80000000e+00     4.92149005e+02     2.99691002e+02     2.36559051e+02     1.17136972e+02   
    3.54000000e+04     8.85000000e+00     4.92142255e+02     2.97997093e+02     2.35442932e+02     1.15272733e+02   
    3.56000000e+04     8.90000000e+00     4.92156805e+02     2.98645252e+02     2.37592303e+02     1.19538594e+02   
    3.58000000e+04     8.95000000e+00     4.92152683e+02     3.00255706e+02     2.36141464e+02     1.17252743e+02   
    3.60000000e+04     9.00000000e+00     4.92164247e+02     2.99468314e+02     2.38418743e+02     1.19779802e+02   
    3.62000000e+04     9.05000000e+00     4.92174717e+02     3.01787728e+02     2.36954913e+02     1.18486970e+02   
    3.64000000e+04     9.10000000e+00     4.92174497e+02     3.00094661e+02     2.36385071e+02     1.18005970e+02   
    3.66000000e+04     9.15000000e+00     4.92192225e+02     2.98894794e+02     2.39922943e+02     1.21062517e+02   
    3.68000000e+04     9.20000000e+00     4.92188078e+02     2.98601684e+02     2.36879931e+02     1.19586184e+02   
    3.70000000e+04     9.25000000e+00     4.92177777e+02     2.99180645e+02     2.36902149e+02     1.19511991e+02   
    3.72000000e+04     9.30000000e+00     4.92182790e+02     3.01366051e+02     2.35476288e+02     1.20070650e+02   
    3.74000000e+04     9.35000000e+00     4.92189401e+02     3.04121232e+02     2.36221221e+02     1.20157428e+02   
    3.76000000e+04     9.40000000e+00     4.92198436e+02     3.00428073e+02     2.36555279e+02     1.20847064e+02   
    3.78000000e+04     9.45000000e+00     4.92194150e+02     2.96326161e+02     2.37405341e+02     1.20423332e+02   
    3.80000000e+04     9.50000000e+00     4.92184473e+02     2.99848852e+02     2.35334328e+02     1.18409011e+02   
    3.82000000e+04     9.55000000e+00     4.92181007e+02     2.98475843e+02     2.37622514e+02     1.21445827e+02   
    3.84000000e+04     9.60000000e+00     4.92173383e+02     2.98649784e+02     2.36055654e+02     1.20399802e+02   
    3.86000000e+04     9.65000000e+00     4.92170752e+02     2.99613063e+02     2.36630823e+02     1.21969193e+02   
    3.88000000e+04     9.70000000e+00     4.92165119e+02     3.00149167e+02     2.36692849e+02     1.21653216e+02   
    3.90000000e+04     9.75000000e+00     4.92167877e+02     3.02063860e+02     2.36697454e+02     1.22312810e+02   
    3.92000000e+04     9.80000000e+00     4.92154591e+02     2.98470603e+02     2.35180372e+02     1.19335085e+02   
    3.94000000e+04     9.85000000e+00     4.92168741e+02     2.98639707e+02     2.36094594e+02     1.22247556e+02   
    3.96000000e+04     9.90000000e+00     4.92174311e+02     3.02536398e+02     2.36422672e+02     1.21924808e+02   
    3.98000000e+04     9.95000000e+00     4.92174513e+02     2.99511092e+02     2.36489392e+02     1.21237173e+02   
    4.00000000e+04     1.00000000e+01     4.92178510e+02     3.00396498e+02     2.36552647e+02     1.21235094e+02   
    4.02000000e+04     1.00500000e+01     4.92185560e+02     3.03078292e+02     2.35483621e+02     1.18687986e+02   
    4.04000000e+04     1.01000000e+01     4.92189770e+02     3.00701668e+02     2.35811296e+02     1.20399611e+02   
    4.06000000e+04     1.01500000e+01     4.92193932e+02     2.98927089e+02     2.38702931e+02     1.24035289e+02   
    4.08000000e+04     1.02000000e+01     4.92190618e+02     2.99112913e+02     2.35120947e+02     1.19925360e+02   
    4.10000000e+04     1.02500000e+01     4.92202128e+02     2.99342397e+02     2.35715736e+02     1.20818616e+02   
    4.12000000e+04     1.03000000e+01     4.92212858e+02     2.97872654e+02     2.37572270e+02     1.22520264e+02   
    4.14000000e+04     1.03500000e+01     4.92212882e+02     2.96163708e+02     2.36479519e+02     1.23191572e+02   
    4.16000000e+04     1.04000000e+01     4.92207407e+02     2.97684002e+02     2.37964553e+02     1.23715574e+02   
    4.18000000e+04     1.04500000e+01     4.92196276e+02     3.00056395e+02     2.36069363e+02     1.22188445e+02   
    4.20000000e+04     1.05000000e+01     4.92195188e+02     2.99036656e+02     2.36928541e+02     1.20319803e+02   
    4.22000000e+04     1.05500000e+01     4.92193720e+02     3.00278679e+02     2.37119502e+02     1.22028312e+02   
    4.24000000e+04     1.06000000e+01     4.92183600e+02     3.00856065e+02     2.35368338e+02     1.20545592e+02   
    4.26000000e+04     1.06500000e+01     4.92196219e+02     3.01080542e+02     2.35893566e+02     1.20450778e+02   
    4.28000000e+04     1.07000000e+01     4.92208156e+02     2.99656634e+02     2.37356058e+02     1.21575938e+02   
    4.30000000e+04     1.07500000e+01     4.92201129e+02     2.95844110e+02     2.36133103e+02     1.19587528e+02   
    4.32000000e+04     1.08000000e+01     4.92214075e+02     2.98475308e+02     2.36992793e+02     1.22016632e+02   
    4.34000000e+04     1.08500000e+01     4.92230448e+02     2.98887146e+02     2.39041744e+02     1.23561605e+02   
    4.36000000e+04     1.09000000e+01     4.92217939e+02     2.97861813e+02     2.35766862e+02     1.20432794e+02   
    4.38000000e+04     1.09500000e+01     4.92203367e+02     2.97332854e+02     2.34486215e+02     1.17769881e+02   
    4.40000000e+04     1.10000000e+01     4.92207489e+02     2.97296230e+02     2.36063446e+02     1.20010569e+02   
    4.42000000e+04     1.10500000e+01     4.92211003e+02     3.00627491e+02     2.36938591e+02     1.21060750e+02   
    4.44000000e+04     1.11000000e+01     4.92199730e+02     3.01909518e+02     2.34149728e+02     1.19233028e+02   
    4.46000000e+04     1.11500000e+01     4.92223821e+02     3.00221245e+02     2.36274598e+02     1.19573116e+02   
    4.48000000e+04     1.12000000e+01     4.92229273e+02     3.00854584e+02     2.36002411e+02     1.18259890e+02   
    4.50000000e+04     1.12500000e+01     4.92221420e+02     2.97228095e+02     2.34287789e+02     1.16156463e+02   
    4.52000000e+04     1.13000000e+01     4.92221122e+02     3.00380957e+02     2.36918867e+02     1.20033439e+02   
    4.54000000e+04     1.13500000e+01     4.92220370e+02     2.99446489e+02     2.38056814e+02     1.21241668e+02   
    4.56000000e+04     1.14000000e+01     4.92215062e+02     2.98650888e+02     2.36288492e+02     1.19080040e+02   
    4.58000000e+04     1.14500000e+01     4.92208396e+02     3.00496832e+02     2.37147573e+02     1.19008058e+02   
    4.60000000e+04     1.15000000e+01     4.92196498e+02     2.97201750e+02     2.35481285e+02     1.17075738e+02   
    4.62000000e+04     1.15500000e+01     4.92193313e+02     2.97281241e+02     2.33400531e+02     1.15491984e+02   
    4.64000000e+04     1.16000000e+01     4.92204781e+02     3.00609976e+02     2.36589366e+02     1.18609561e+02   
    4.66000000e+04     1.16500000e+01     4.92197889e+02     3.04060346e+02     2.35806891e+02     1.16018189e+02   
    4.68000000e+04     1.17000000e+01     4.92198381e+02     3.00790542e+02     2.35744980e+02     1.16738306e+02   
    4.70000000e+04     1.17500000e+01     4.92188446e+02     2.99281430e+02     2.34775522e+02     1.15195425e+02   
    4.72000000e+04     1.18000000e+01     4.92194695e+02     3.01018461e+02     2.36780053e+02     1.19198504e+02   
    4.74000000e+04     1.18500000e+01     4.92185475e+02     3.02660999e+02     2.35367303e+02     1.18319464e+02   
    4.76000000e+04     1.19000000e+01     4.92203472e+02     3.02341816e+02     2.36583539e+02     1.20655307e+02   
    4.78000000e+04     1.19500000e+01     4.92204055e+02     3.04535702e+02     2.37872163e+02     1.20928702e+02   
    4.80000000e+04     1.20000000e+01     4.92185693e+02     3.01363048e+02     2.35192568e+02     1.19498084e+02   
    4.82000000e+04     1.20500000e+01     4.92194995e+02     3.02026597e+02     2.37223639e+02     1.22062186e+02   
    4.84000000e+04     1.21000000e+01     4.92195303e+02     2.95858967e+02     2.37361379e+02     1.23119883e+02   
    4.86000000e+04     1.21500000e+01     4.92183797e+02     3.02000704e+02     2.35581981e+02     1.19699535e+02   
    4.88000000e+04     1.22000000e+01     4.92173744e+02     3.04141624e+02     2.33843025e+02     1.17454174e+02   
    4.90000000e+04     1.22500000e+01     4.92188389e+02     3.02652577e+02     2.36117233e+02     1.21160834e+02   
    4.92000000e+04     1.23000000e+01     4.92188280e+02     2.97743462e+02     2.37057286e+02     1.21563658e+02   
    4.94000000e+04     1.23500000e+01     4.92180525e+02     2.99635861e+02     2.36840088e+02     1.19791751e+02   
    4.96000000e+04     1.24000000e+01     4.92181758e+02     2.98308957e+02     2.37441992e+02     1.20091204e+02   
    4.98000000e+04     1.24500000e+01     4.92179166e+02     2.98198925e+02     2.37172965e+02     1.18842267e+02   
    5.00000000e+04     1.25000000e+01     4.92182165e+02     2.97837218e+02     2.36717105e+02     1.20035973e+02   
    5.02000000e+04     1.25500000e+01     4.92189203e+02     2.98796526e+02     2.35361508e+02     1.19716381e+02   
    5.04000000e+04     1.26000000e+01     4.92207578e+02     3.02350703e+02     2.39159626e+02     1.22374994e+02   
    5.06000000e+04     1.26500000e+01     4.92199749e+02     2.98437511e+02     2.35049374e+02     1.19332718e+02   
    5.08000000e+04     1.27000000e+01     4.92206592e+02     3.01851075e+02     2.35586389e+02     1.19028894e+02   
    5.10000000e+04     1.27500000e+01     4.92213720e+02     2.99413581e+02     2.37190647e+02     1.20342308e+02   
    5.12000000e+04     1.28000000e+01     4.92211948e+02     2.98444007e+02     2.36864490e+02     1.20239228e+02   
    5.14000000e+04     1.28500000e+01     4.92210676e+02     3.01633103e+02     2.38354442e+02     1.21973663e+02   
    5.16000000e+04     1.29000000e+01     4.92215377e+02     3.04527560e+02     2.38626418e+02     1.22165715e+02   
    5.18000000e+04     1.29500000e+01     4.92223289e+02     3.01657530e+02     2.37135207e+02     1.21316044e+02   
    5.20000000e+04     1.30000000e+01     4.92228226e+02     3.00887039e+02     2.38038379e+02     1.20784976e+02   
    5.22000000e+04     1.30500000e+01     4.92231084e+02     3.01453385e+02     2.38135668e+02     1.20535720e+02   
    5.24000000e+04     1.31000000e+01     4.92239706e+02     2.99612617e+02     2.37226915e+02     1.19046426e+02   
    5.26000000e+04     1.31500000e+01     4.92240015e+02     2.99691327e+02     2.34576038e+02     1.15604378e+02   
    5.28000000e+04     1.32000000e+01     4.92250292e+02     3.02687106e+02     2.37382797e+02     1.18260145e+02   
    5.30000000e+04     1.32500000e+01     4.92240305e+02     3.01230368e+02     2.36135857e+02     1.21008257e+02   
    5.32000000e+04     1.33000000e+01     4.92236633e+02     3.02514015e+02     2.35330606e+02     1.18466611e+02   
    5.34000000e+04     1.33500000e+01     4.92252406e+02     2.99722570e+02     2.36906342e+02     1.21358532e+02   
    5.36000000e+04     1.34000000e+01     4.92249283e+02     3.01478857e+02     2.37764948e+02     1.20993210e+02   
    5.38000000e+04     1.34500000e+01     4.92241297e+02     3.00961803e+02     2.36662680e+02     1.20130403e+02   
    5.40000000e+04     1.35000000e+01     4.92236975e+02     3.00459067e+02     2.37467785e+02     1.19793866e+02   
    5.42000000e+04     1.35500000e+01     4.92230195e+02     3.04239662e+02     2.35906174e+02     1.19717612e+02   
    5.44000000e+04     1.36000000e+01     4.92233351e+02     2.98518332e+02     2.37070270e+02     1.21103323e+02   
    5.46000000e+04     1.36500000e+01     4.92235090e+02     3.02288780e+02     2.36541840e+02     1.20161535e+02   
    5.48000000e+04     1.37000000e+01     4.92231924e+02     3.02827743e+02     2.34181430e+02     1.20176597e+02   
    5.50000000e+04     1.37500000e+01     4.92244979e+02     3.00945471e+02     2.34529733e+02     1.20797929e+02   
    5.52000000e+04     1.38000000e+01     4.92265124e+02     2.97329684e+02     2.37274481e+02     1.25276986e+02   
    5.54000000e+04     1.38500000e+01     4.92257603e+02     3.00951143e+02     2.36799591e+02     1.21712392e+02   
    5.56000000e+04     1.39000000e+01     4.92256802e+02     3.02331988e+02     2.36734551e+02     1.22107421e+02   
    5.58000000e+04     1.39500000e+01     4.92246464e+02     3.02225388e+02     2.35135987e+02     1.19360178e+02   
    5.60000000e+04     1.40000000e+01     4.92250587e+02     2.96847085e+02     2.36323037e+02     1.20232319e+02   
    5.62000000e+04     1.40500000e+01     4.92253700e+02     2.98751915e+02     2.36990388e+02     1.20518287e+02   
    5.64000000e+04     1.41000000e+01     4.92269525e+02     3.00033947e+02     2.38544394e+02     1.22910728e+02   
    5.66000000e+04     1.41500000e+01     4.92273782e+02     3.02851762e+02     2.38197561e+02     1.22237209e+02   
    5.68000000e+04     1.42000000e+01     4.92270037e+02     3.01467099e+02     2.37861387e+02     1.22755765e+02   
    5.70000000e+04     1.42500000e+01     4.92268486e+02     3.04253933e+02     2.35973971e+02     1.18705726e+02   
    5.72000000e+04     1.43000000e+01     4.92256167e+02     3.01648885e+02     2.36216143e+02     1.18890220e+02   
    5.74000000e+04     1.43500000e+01     4.92266260e+02     3.01671973e+02     2.35793615e+02     1.17609094e+02   
    5.76000000e+04     1.44000000e+01     4.92278782e+02     2.98970639e+02     2.35694457e+02     1.17589372e+02   
    5.78000000e+04     1.44500000e+01     4.92305161e+02     3.01885872e+02     2.39642293e+02     1.21219037e+02   
    5.80000000e+04     1.45000000e+01     4.92289251e+02     3.00555043e+02     2.35853349e+02     1.17463722e+02   
    5.82000000e+04     1.45500000e+01     4.92302483e+02     3.00294514e+02     2.36756370e+02     1.19375838e+02   
    5.84000000e+04     1.46000000e+01     4.92299190e+02     2.99049313e+02     2.35611897e+02     1.19939135e+02   
    5.86000000e+04     1.46500000e+01     4.92310615e+02     2.99697639e+02     2.36286068e+02     1.19591351e+02   
    5.88000000e+04     1.47000000e+01     4.92316928e+02     3.01412423e+02     2.35985924e+02     1.17324958e+02   
    5.90000000e+04     1.47500000e+01     4.92331959e+02     2.98967489e+02     2.37784389e+02     1.20403239e+02   
    5.92000000e+04     1.48000000e+01     4.92327942e+02     3.00027941e+02     2.36809643e+02     1.19649556e+02   
    5.94000000e+04     1.48500000e+01     4.92324772e+02     3.02408345e+02     2.36430341e+02     1.17881678e+02   
    5.96000000e+04     1.49000000e+01     4.92313212e+02     2.97975463e+02     2.33955493e+02     1.17411166e+02   
    5.98000000e+04     1.49500000e+01     4.92321029e+02     2.99365765e+02     2.37038246e+02     1.18903830e+02   
    6.00000000e+04     1.50000000e+01     4.92328567e+02     2.99876859e+02     2.38027374e+02     1.20618474e+02   
    6.02000000e+04     1.50500000e+01     4.92330814e+02     3.00401689e+02     2.35342686e+02     1.16623990e+02   
    6.04000000e+04     1.51000000e+01     4.92335392e+02     2.98683788e+02     2.36281135e+02     1.17489212e+02   
    6.06000000e+04     1.51500000e+01     4.92318268e+02     2.98502364e+02     2.36656791e+02     1.17936866e+02   
    6.08000000e+04     1.52000000e+01     4.92313357e+02     3.00041004e+02     2.36279623e+02     1.18866071e+02   
    6.10000000e+04     1.52500000e+01     4.92306307e+02     2.99112834e+02     2.37246037e+02     1.19980103e+02   
    6.12000000e+04     1.53000000e+01     4.92304164e+02     3.02073609e+02     2.35439207e+02     1.18249034e+02   
    6.14000000e+04     1.53500000e+01     4.92290830e+02     2.98647671e+02     2.35037323e+02     1.19045307e+02   
    6.16000000e+04     1.54000000e+01     4.92308214e+02     2.98681212e+02     2.36859887e+02     1.20189566e+02   
    6.18000000e+04     1.54500000e+01     4.92306488e+02     3.02964826e+02     2.35297073e+02     1.19918891e+02   
    6.20000000e+04     1.55000000e+01     4.92310323e+02     3.01897432e+02     2.35070960e+02     1.21589838e+02   
    6.22000000e+04     1.55500000e+01     4.92336116e+02     3.03814634e+02     2.37785234e+02     1.24964846e+02   
    6.24000000e+04     1.56000000e+01     4.92335126e+02     3.02345925e+02     2.35322079e+02     1.20831191e+02   
    6.26000000e+04     1.56500000e+01     4.92337807e+02     2.99070895e+02     2.34726122e+02     1.21148930e+02   
    6.28000000e+04     1.57000000e+01     4.92343722e+02     3.00408266e+02     2.37035140e+02     1.23289022e+02   
    6.30000000e+04     1.57500000e+01     4.92344475e+02     2.96455286e+02     2.34980710e+02     1.21209020e+02   
    6.32000000e+04     1.58000000e+01     4.92339522e+02     2.99869977e+02     2.33940084e+02     1.19872664e+02   
    6.34000000e+04     1.58500000e+01     4.92344448e+02     3.00749162e+02     2.36012833e+02     1.20733964e+02   
    6.36000000e+04     1.59000000e+01     4.92343471e+02     2.99975288e+02     2.37513901e+02     1.23456360e+02   
    6.38000000e+04     1.59500000e+01     4.92335641e+02     3.01182731e+02     2.36403968e+02     1.22746166e+02   
    6.40000000e+04     1.60000000e+01     4.92335370e+02     2.99620363e+02     2.36801872e+02     1.23322399e+02   
    6.42000000e+04     1.60500000e+01     4.92320595e+02     2.96765091e+02     2.38696056e+02     1.24786407e+02   
    6.44000000e+04     1.61000000e+01     4.92307459e+02     3.00879811e+02     2.36211468e+02     1.22635595e+02   
    6.46000000e+04     1.61500000e+01     4.92320314e+02     2.99708209e+02     2.37363980e+02     1.22080822e+02   
    6.48000000e+04     1.62000000e+01     4.92338765e+02     3.01013735e+02     2.37596767e+02     1.22307337e+02   
    6.50000000e+04     1.62500000e+01     4.92343504e+02     3.01693671e+02     2.35480863e+02     1.21410033e+02   
    6.52000000e+04     1.63000000e+01     4.92355844e+02     2.99099889e+02     2.36274195e+02     1.20839800e+02   
    6.54000000e+04     1.63500000e+01     4.92363785e+02     3.00345233e+02     2.36427863e+02     1.20883697e+02   
    6.56000000e+04     1.64000000e+01     4.92353133e+02     2.95957069e+02     2.35185660e+02     1.19388515e+02   
    6.58000000e+04     1.64500000e+01     4.92352676e+02     3.00906768e+02     2.35247384e+02     1.19803729e+02   
    6.60000000e+04     1.65000000e+01     4.92367334e+02     2.98110059e+02     2.36827145e+02     1.22021821e+02   
    6.62000000e+04     1.65500000e+01     4.92372723e+02     3.01061320e+02     2.37642976e+02     1.21848274e+02   
    6.64000000e+04     1.66000000e+01     4.92373236e+02     3.02229723e+02     2.36687419e+02     1.21967448e+02   
    6.66000000e+04     1.66500000e+01     4.92376977e+02     3.02869397e+02     2.37634607e+02     1.24309366e+02   
    6.68000000e+04     1.67000000e+01     4.92389136e+02     3.00426605e+02     2.36088782e+02     1.22459140e+02   
    6.70000000e+04     1.67500000e+01     4.92395927e+02     2.97282701e+02     2.35315813e+02     1.22534672e+02   
    6.72000000e+04     1.68000000e+01     4.92404803e+02     2.96868717e+02     2.36137357e+02     1.22912382e+02   
    6.74000000e+04     1.68500000e+01     4.92408474e+02     2.98659224e+02     2.34087886e+02     1.20753862e+02   
    6.76000000e+04     1.69000000e+01     4.92415401e+02     2.99071757e+02     2.36455750e+02     1.22480265e+02   
    6.78000000e+04     1.69500000e+01     4.92404134e+02     2.99806002e+02     2.35809389e+02     1.23199386e+02   
    6.80000000e+04     1.70000000e+01     4.92406089e+02     2.99900743e+02     2.35271974e+02     1.21635029e+02   
    6.82000000e+04     1.70500000e+01     4.92407166e+02     2.97702360e+02     2.35500058e+02     1.21300243e+02   
    6.84000000e+04     1.71000000e+01     4.92405095e+02     2.98854011e+02     2.34715712e+02     1.20821210e+02   
    6.86000000e+04     1.71500000e+01     4.92416563e+02     2.99144675e+02     2.36483305e+02     1.22332505e+02   
    6.88000000e+04     1.72000000e+01     4.92414619e+02     3.01487664e+02     2.36671717e+02     1.22570124e+02   
    6.90000000e+04     1.72500000e+01     4.92424364e+02     3.02912410e+02     2.38656399e+02     1.24257503e+02   
    6.92000000e+04     1.73000000e+01     4.92408629e+02     3.00139432e+02     2.34732218e+02     1.20570845e+02   
    6.94000000e+04     1.73500000e+01     4.92408074e+02     2.98959647e+02     2.35213981e+02     1.21185796e+02   
    6.96000000e+04     1.74000000e+01     4.92413088e+02     3.02034758e+02     2.37409608e+02     1.22942049e+02   
    6.98000000e+04     1.74500000e+01     4.92416887e+02     2.98495897e+02     2.36398393e+02     1.20483735e+02   
    7.00000000e+04     1.75000000e+01     4.92424005e+02     2.98480522e+02     2.35703222e+02     1.19634689e+02   
    7.02000000e+04     1.75500000e+01     4.92430667e+02     2.98715925e+02     2.34933622e+02     1.18494918e+02   
    7.04000000e+04     1.76000000e+01     4.92440851e+02     2.99231264e+02     2.36506559e+02     1.21751702e+02   
    7.06000000e+04     1.76500000e+01     4.92436232e+02     2.99701371e+02     2.37133220e+02     1.23969538e+02   
    7.08000000e+04     1.77000000e+01     4.92431344e+02     3.02195573e+02     2.33926110e+02     1.20433146e+02   
    7.10000000e+04     1.77500000e+01     4.92437693e+02     2.96875151e+02     2.34763606e+02     1.22192324e+02   
    7.12000000e+04     1.78000000e+01     4.92437277e+02     3.02747048e+02     2.37773572e+02     1.23615656e+02   
    7.14000000e+04     1.78500000e+01     4.92441532e+02     3.02751668e+02     2.36612819e+02     1.22844925e+02   
    7.16000000e+04     1.79000000e+01     4.92453270e+02     3.04824081e+02     2.37756709e+02     1.23686762e+02   
    7.18000000e+04     1.79500000e+01     4.92451168e+02     3.00197773e+02     2.35563850e+02     1.22257322e+02   
    7.20000000e+04     1.80000000e+01     4.92452157e+02     2.99894866e+02     2.35983393e+02     1.20715936e+02   
    7.22000000e+04     1.80500000e+01     4.92459379e+02     2.99386359e+02     2.36398429e+02     1.22806242e+02   
    7.24000000e+04     1.81000000e+01     4.92478607e+02     2.97463929e+02     2.38507894e+02     1.24353250e+02   
    7.26000000e+04     1.81500000e+01     4.92465631e+02     3.00493899e+02     2.35868333e+02     1.20446612e+02   
    7.28000000e+04     1.82000000e+01     4.92472664e+02     3.00261496e+02     2.36117439e+02     1.23059932e+02   
    7.30000000e+04     1.82500000e+01     4.92457272e+02     3.00326378e+02     2.34721986e+02     1.19009600e+02   
    7.32000000e+04     1.83000000e+01     4.92461519e+02     2.98852979e+02     2.36908742e+02     1.22429133e+02   
    7.34000000e+04     1.83500000e+01     4.92456300e+02     2.99796466e+02     2.35822418e+02     1.18988387e+02   
    7.36000000e+04     1.84000000e+01     4.92461200e+02     3.02682798e+02     2.36164159e+02     1.19723748e+02   
    7.38000000e+04     1.84500000e+01     4.92462090e+02     3.00090693e+02     2.36653592e+02     1.20859573e+02   
    7.40000000e+04     1.85000000e+01     4.92460526e+02     2.98479230e+02     2.35290218e+02     1.20313010e+02   
    7.42000000e+04     1.85500000e+01     4.92476565e+02     2.99839526e+02     2.36154745e+02     1.21165321e+02   
    7.44000000e+04     1.86000000e+01     4.92492378e+02     3.01271966e+02     2.36007834e+02     1.19471978e+02   
    7.46000000e+04     1.86500000e+01     4.92502682e+02     2.97734507e+02     2.35758666e+02     1.21734595e+02   
    7.48000000e+04     1.87000000e+01     4.92521948e+02     3.00345668e+02     2.37128466e+02     1.22087360e+02   
    7.50000000e+04     1.87500000e+01     4.92523844e+02     2.97342977e+02     2.35894521e+02     1.20888247e+02   
    7.52000000e+04     1.88000000e+01     4.92528935e+02     3.00858660e+02     2.36875932e+02     1.22436033e+02   
    7.54000000e+04     1.88500000e+01     4.92519970e+02     2.99599181e+02     2.34545496e+02     1.21931783e+02   
    7.56000000e+04     1.89000000e+01     4.92518679e+02     2.96771830e+02     2.35915005e+02     1.22386119e+02   
    7.58000000e+04     1.89500000e+01     4.92506997e+02     2.98570901e+02     2.34657936e+02     1.19764610e+02   
    7.60000000e+04     1.90000000e+01     4.92512632e+02     2.99050626e+02     2.36929492e+02     1.23366845e+02   
    7.62000000e+04     1.90500000e+01     4.92510776e+02     2.99813501e+02     2.35652546e+02     1.21615427e+02   
    7.64000000e+04     1.91000000e+01     4.92520675e+02     2.94958560e+02     2.37436020e+02     1.23757571e+02   
    7.66000000e+04     1.91500000e+01     4.92526683e+02     3.02744987e+02     2.35934397e+02     1.22677273e+02   
    7.68000000e+04     1.92000000e+01     4.92517625e+02     2.98731993e+02     2.34795090e+02     1.21236744e+02   
    7.70000000e+04     1.92500000e+01     4.92533436e+02     3.00512636e+02     2.35542434e+02     1.21125441e+02   
    7.72000000e+04     1.93000000e+01     4.92545172e+02     3.02776988e+02     2.35620271e+02     1.21858826e+02   
    7.74000000e+04     1.93500000e+01     4.92562693e+02     2.99599955e+02     2.37969303e+02     1.23796060e+02   
    7.76000000e+04     1.94000000e+01     4.92555597e+02     2.96712684e+02     2.35742180e+02     1.24067726e+02   
    7.78000000e+04     1.94500000e+01     4.92556993e+02     3.00808089e+02     2.35518674e+02     1.23203679e+02   
    7.80000000e+04     1.95000000e+01     4.92573066e+02     3.01190617e+02     2.40116492e+02     1.26187217e+02   
    7.82000000e+04     1.95500000e+01     4.92548894e+02     3.00569455e+02     2.34713619e+02     1.23116850e+02   
    7.84000000e+04     1.96000000e+01     4.92540991e+02     3.00322230e+02     2.35601169e+02     1.23944097e+02   
    7.86000000e+04     1.96500000e+01     4.92553860e+02     3.00284625e+02     2.36290585e+02     1.27584983e+02   
    7.88000000e+04     1.97000000e+01     4.92550205e+02     3.02418755e+02     2.35888261e+02     1.24921042e+02   
    7.90000000e+04     1.97500000e+01     4.92564207e+02     3.01496674e+02     2.36668979e+02     1.25805468e+02   
    7.92000000e+04     1.98000000e+01     4.92562360e+02     2.98418203e+02     2.36217366e+02     1.25754905e+02   
    7.94000000e+04     1.98500000e+01     4.92574094e+02     3.01184536e+02     2.36725391e+02     1.25418687e+02   
    7.96000000e+04     1.99000000e+01     4.92573293e+02     2.99755938e+02     2.36861920e+02     1.24400495e+02   
    7.98000000e+04     1.99500000e+01     4.92570765e+02     3.01778144e+02     2.35700175e+02     1.22409851e+02   
    8.00000000e+04     2.00000000e+01     4.92573744e+02     2.99597082e+02     2.36247486e+02     1.24815971e+02   
