# column   1     --> step : The current simulation time step.
# column   2     --> time{picosecond} : The elapsed simulation time.
# column   3     --> conserved{electronvolt} : The value of the conserved energy quantity per bead.
# column   4     --> temperature{kelvin} : The current temperature, as obtained from the MD kinetic energy.
# column   5     --> kinetic_cv{electronvolt} : The centroid-virial quantum kinetic energy of the physical system.
# column   6     --> potential{electronvolt} : The physical system potential energy.
    0.00000000e+00     0.00000000e+00     1.11416713e+03     3.04273373e+02     2.37165966e+02     1.23161913e+02   
    2.00000000e+02     5.00000000e-02     1.11415324e+03     2.98552644e+02     2.36425209e+02     1.21844189e+02   
    4.00000000e+02     1.00000000e-01     1.11416838e+03     3.03171490e+02     2.36370566e+02     1.21904277e+02   
    6.00000000e+02     1.50000000e-01     1.11416318e+03     3.00795035e+02     2.33467302e+02     1.18482528e+02   
    8.00000000e+02     2.00000000e-01     1.11417202e+03     2.99964505e+02     2.36102330e+02     1.21733228e+02   
    1.00000000e+03     2.50000000e-01     1.11415314e+03     3.03942882e+02     2.34594389e+02     1.20297629e+02   
    1.20000000e+03     3.00000000e-01     1.11414822e+03     2.98831296e+02     2.36106399e+02     1.22854300e+02   
    1.40000000e+03     3.50000000e-01     1.11414778e+03     3.01780741e+02     2.35955774e+02     1.20698214e+02   
    1.60000000e+03     4.00000000e-01     1.11414561e+03     2.99938141e+02     2.34588610e+02     1.20781169e+02   
    1.80000000e+03     4.50000000e-01     1.11414613e+03     2.99082970e+02     2.35001909e+02     1.20935221e+02   
    2.00000000e+03     5.00000000e-01     1.11415224e+03     2.99242883e+02     2.37320079e+02     1.23237989e+02   
    2.20000000e+03     5.50000000e-01     1.11415097e+03     2.95975699e+02     2.35788669e+02     1.21158363e+02   
    2.40000000e+03     6.00000000e-01     1.11417441e+03     3.00537218e+02     2.36850849e+02     1.22581152e+02   
    2.60000000e+03     6.50000000e-01     1.11418002e+03     2.99220092e+02     2.35045762e+02     1.22671936e+02   
    2.80000000e+03     7.00000000e-01     1.11419328e+03     3.01301889e+02     2.36992248e+02     1.25153493e+02   
    3.00000000e+03     7.50000000e-01     1.11420258e+03     2.99613619e+02     2.37797519e+02     1.26391405e+02   
    3.20000000e+03     8.00000000e-01     1.11418481e+03     3.01513572e+02     2.35384672e+02     1.21905698e+02   
    3.40000000e+03     8.50000000e-01     1.11417407e+03     3.02314586e+02     2.35762587e+02     1.21180032e+02   
    3.60000000e+03     9.00000000e-01     1.11418770e+03     2.98979962e+02     2.35551323e+02     1.22422845e+02   
    3.80000000e+03     9.50000000e-01     1.11420113e+03     3.03041537e+02     2.36258202e+02     1.21787590e+02   
    4.00000000e+03     1.00000000e+00     1.11420486e+03     2.99646653e+02     2.35114908e+02     1.22787672e+02   
    4.20000000e+03     1.05000000e+00     1.11421427e+03     3.01068408e+02     2.36152737e+02     1.21754668e+02   
    4.40000000e+03     1.10000000e+00     1.11421975e+03     2.97406569e+02     2.34723696e+02     1.22475863e+02   
    4.60000000e+03     1.15000000e+00     1.11422720e+03     3.00004578e+02     2.35837433e+02     1.22191129e+02   
    4.80000000e+03     1.20000000e+00     1.11422487e+03     3.02977179e+02     2.36173241e+02     1.21781695e+02   
    5.00000000e+03     1.25000000e+00     1.11420968e+03     3.01301197e+02     2.34075033e+02     1.20398726e+02   
    5.20000000e+03     1.30000000e+00     1.11420637e+03     3.02432966e+02     2.34680508e+02     1.21543869e+02   
    5.40000000e+03     1.35000000e+00     1.11421292e+03     3.03787286e+02     2.37473052e+02     1.24589885e+02   
    5.60000000e+03     1.40000000e+00     1.11420727e+03     3.03090074e+02     2.36539066e+02     1.21482260e+02   
    5.80000000e+03     1.45000000e+00     1.11419902e+03     2.99968114e+02     2.36643331e+02     1.22755851e+02   
    6.00000000e+03     1.50000000e+00     1.11419483e+03     3.03596814e+02     2.36952067e+02     1.22611724e+02   
    6.20000000e+03     1.55000000e+00     1.11420124e+03     2.99338749e+02     2.36307256e+02     1.22707828e+02   
    6.40000000e+03     1.60000000e+00     1.11419410e+03     3.01612772e+02     2.36514960e+02     1.21115177e+02   
    6.60000000e+03     1.65000000e+00     1.11419177e+03     3.00858108e+02     2.35144539e+02     1.21407224e+02   
    6.80000000e+03     1.70000000e+00     1.11419425e+03     3.00538874e+02     2.38253947e+02     1.24791381e+02   
    7.00000000e+03     1.75000000e+00     1.11418159e+03     3.02412680e+02     2.35996719e+02     1.22389546e+02   
    7.20000000e+03     1.80000000e+00     1.11418144e+03     3.01066331e+02     2.35396731e+02     1.23060026e+02   
    7.40000000e+03     1.85000000e+00     1.11420089e+03     2.99361636e+02     2.38283656e+02     1.24836974e+02   
    7.60000000e+03     1.90000000e+00     1.11418909e+03     3.03544171e+02     2.34837209e+02     1.22375118e+02   
    7.80000000e+03     1.95000000e+00     1.11419623e+03     3.04005228e+02     2.37039204e+02     1.24679131e+02   
    8.00000000e+03     2.00000000e+00     1.11420600e+03     3.01413670e+02     2.35867609e+02     1.24476818e+02   
    8.20000000e+03     2.05000000e+00     1.11421540e+03     2.98927344e+02     2.36172467e+02     1.23925811e+02   
    8.40000000e+03     2.10000000e+00     1.11422580e+03     3.03757957e+02     2.35414394e+02     1.23062257e+02   
    8.60000000e+03     2.15000000e+00     1.11421756e+03     2.99048567e+02     2.34697661e+02     1.23175409e+02   
    8.80000000e+03     2.20000000e+00     1.11421783e+03     2.96658101e+02     2.35479180e+02     1.24590449e+02   
    9.00000000e+03     2.25000000e+00     1.11422676e+03     2.98368407e+02     2.35594131e+02     1.24164233e+02   
    9.20000000e+03     2.30000000e+00     1.11423172e+03     3.02598527e+02     2.37234831e+02     1.26635634e+02   
    9.40000000e+03     2.35000000e+00     1.11423272e+03     3.00077816e+02     2.35504855e+02     1.24456534e+02   
    9.60000000e+03     2.40000000e+00     1.11424282e+03     3.00668913e+02     2.36191351e+02     1.25823948e+02   
    9.80000000e+03     2.45000000e+00     1.11423905e+03     3.02980988e+02     2.35022865e+02     1.23606566e+02   
    1.00000000e+04     2.50000000e+00     1.11424679e+03     3.00500501e+02     2.34891599e+02     1.22942454e+02   
    1.02000000e+04     2.55000000e+00     1.11426785e+03     2.97815164e+02     2.38303107e+02     1.26644386e+02   
    1.04000000e+04     2.60000000e+00     1.11425705e+03     2.99303828e+02     2.36350262e+02     1.26064915e+02   
    1.06000000e+04     2.65000000e+00     1.11425119e+03     3.02191386e+02     2.35819578e+02     1.25524916e+02   
    1.08000000e+04     2.70000000e+00     1.11424422e+03     2.97107614e+02     2.37094544e+02     1.26760944e+02   
    1.10000000e+04     2.75000000e+00     1.11423550e+03     3.02063590e+02     2.38732380e+02     1.27953625e+02   
    1.12000000e+04     2.80000000e+00     1.11421971e+03     2.99353143e+02     2.37112168e+02     1.25944167e+02   
    1.14000000e+04     2.85000000e+00     1.11420867e+03     3.04643350e+02     2.36008476e+02     1.26578851e+02   
    1.16000000e+04     2.90000000e+00     1.11420188e+03     3.01023624e+02     2.35448938e+02     1.23450618e+02   
    1.18000000e+04     2.95000000e+00     1.11420842e+03     2.98247967e+02     2.36208129e+02     1.24750612e+02   
    1.20000000e+04     3.00000000e+00     1.11419640e+03     2.99532120e+02     2.35501439e+02     1.24012658e+02   
    1.22000000e+04     3.05000000e+00     1.11419178e+03     2.99751773e+02     2.35182573e+02     1.22845340e+02   
    1.24000000e+04     3.10000000e+00     1.11421688e+03     3.00930493e+02     2.36788857e+02     1.25734711e+02   
    1.26000000e+04     3.15000000e+00     1.11420586e+03     3.00679008e+02     2.34868461e+02     1.22682322e+02   
    1.28000000e+04     3.20000000e+00     1.11422032e+03     2.98158512e+02     2.36868919e+02     1.26065392e+02   
    1.30000000e+04     3.25000000e+00     1.11422886e+03     3.00693131e+02     2.37030135e+02     1.25808464e+02   
    1.32000000e+04     3.30000000e+00     1.11421968e+03     2.97991575e+02     2.35471774e+02     1.23982003e+02   
    1.34000000e+04     3.35000000e+00     1.11423612e+03     2.97021762e+02     2.37469365e+02     1.27459935e+02   
    1.36000000e+04     3.40000000e+00     1.11423516e+03     3.01396186e+02     2.35688248e+02     1.24968881e+02   
    1.38000000e+04     3.45000000e+00     1.11423933e+03     3.03705011e+02     2.35924171e+02     1.24364158e+02   
    1.40000000e+04     3.50000000e+00     1.11423886e+03     3.03672501e+02     2.35232916e+02     1.23234203e+02   
    1.42000000e+04     3.55000000e+00     1.11424626e+03     3.02389254e+02     2.36650535e+02     1.23328528e+02   
    1.44000000e+04     3.60000000e+00     1.11423730e+03     2.99329037e+02     2.33424875e+02     1.23812565e+02   
    1.46000000e+04     3.65000000e+00     1.11425002e+03     3.00147363e+02     2.36835864e+02     1.26003395e+02   
    1.48000000e+04     3.70000000e+00     1.11425512e+03     3.01187660e+02     2.36847120e+02     1.26103339e+02   
    1.50000000e+04     3.75000000e+00     1.11426775e+03     3.02339413e+02     2.36005571e+02     1.24296684e+02   
    1.52000000e+04     3.80000000e+00     1.11428190e+03     2.99594157e+02     2.37773377e+02     1.27429574e+02   
    1.54000000e+04     3.85000000e+00     1.11429293e+03     2.98731501e+02     2.37604489e+02     1.25757519e+02   
    1.56000000e+04     3.90000000e+00     1.11428513e+03     3.00111290e+02     2.34975165e+02     1.23544213e+02   
    1.58000000e+04     3.95000000e+00     1.11429003e+03     2.99726542e+02     2.35981504e+02     1.24155217e+02   
    1.60000000e+04     4.00000000e+00     1.11430180e+03     3.00173158e+02     2.36059449e+02     1.23487844e+02   
    1.62000000e+04     4.05000000e+00     1.11430415e+03     2.98002279e+02     2.35571861e+02     1.24098661e+02   
    1.64000000e+04     4.10000000e+00     1.11430970e+03     3.00855940e+02     2.36875909e+02     1.24781828e+02   
    1.66000000e+04     4.15000000e+00     1.11430456e+03     2.98321173e+02     2.34619389e+02     1.21783050e+02   
    1.68000000e+04     4.20000000e+00     1.11431038e+03     2.97666733e+02     2.34763108e+02     1.23688134e+02   
    1.70000000e+04     4.25000000e+00     1.11431511e+03     2.96394127e+02     2.35931746e+02     1.22466965e+02   
    1.72000000e+04     4.30000000e+00     1.11431357e+03     2.96884099e+02     2.36817050e+02     1.23669848e+02   
    1.74000000e+04     4.35000000e+00     1.11430999e+03     2.96973097e+02     2.35258318e+02     1.20859159e+02   
    1.76000000e+04     4.40000000e+00     1.11432253e+03     2.96573496e+02     2.36934850e+02     1.23488265e+02   
    1.78000000e+04     4.45000000e+00     1.11431429e+03     2.98885630e+02     2.37068043e+02     1.24583639e+02   
    1.80000000e+04     4.50000000e+00     1.11430438e+03     2.98079000e+02     2.36587876e+02     1.23476297e+02   
    1.82000000e+04     4.55000000e+00     1.11430393e+03     2.98709778e+02     2.36099666e+02     1.22306754e+02   
    1.84000000e+04     4.60000000e+00     1.11429181e+03     3.00842011e+02     2.33451959e+02     1.20705952e+02   
    1.86000000e+04     4.65000000e+00     1.11430777e+03     2.99805914e+02     2.36969971e+02     1.24537614e+02   
    1.88000000e+04     4.70000000e+00     1.11431091e+03     3.03784779e+02     2.35124137e+02     1.22056837e+02   
    1.90000000e+04     4.75000000e+00     1.11431871e+03     2.98907651e+02     2.35711221e+02     1.23442334e+02   
    1.92000000e+04     4.80000000e+00     1.11431557e+03     3.00835926e+02     2.35905603e+02     1.23155623e+02   
    1.94000000e+04     4.85000000e+00     1.11431632e+03     3.00496862e+02     2.36331340e+02     1.23857093e+02   
    1.96000000e+04     4.90000000e+00     1.11431345e+03     2.99817947e+02     2.36304179e+02     1.23649397e+02   
    1.98000000e+04     4.95000000e+00     1.11430901e+03     3.03082065e+02     2.35956370e+02     1.23252339e+02   
    2.00000000e+04     5.00000000e+00     1.11430297e+03     2.98459313e+02     2.35761038e+02     1.23268025e+02   
    2.02000000e+04     5.05000000e+00     1.11430820e+03     3.00297636e+02     2.36720727e+02     1.23872676e+02   
    2.04000000e+04     5.10000000e+00     1.11431338e+03     3.02861474e+02     2.37188889e+02     1.23861159e+02   
    2.06000000e+04     5.15000000e+00     1.11431737e+03     3.00219797e+02     2.35572120e+02     1.22037563e+02   
    2.08000000e+04     5.20000000e+00     1.11432438e+03     3.02338333e+02     2.37286428e+02     1.24619811e+02   
    2.10000000e+04     5.25000000e+00     1.11431673e+03     2.98720347e+02     2.35853266e+02     1.23464466e+02   
    2.12000000e+04     5.30000000e+00     1.11429848e+03     3.00311552e+02     2.35153962e+02     1.23212329e+02   
    2.14000000e+04     5.35000000e+00     1.11430592e+03     3.01398080e+02     2.35631417e+02     1.22297240e+02   
    2.16000000e+04     5.40000000e+00     1.11433085e+03     2.98948096e+02     2.36565681e+02     1.26007954e+02   
    2.18000000e+04     5.45000000e+00     1.11434561e+03     2.98596703e+02     2.36616360e+02     1.25962678e+02   
    2.20000000e+04     5.50000000e+00     1.11435347e+03     2.97683412e+02     2.35196965e+02     1.24466428e+02   
    2.22000000e+04     5.55000000e+00     1.11436055e+03     2.99103808e+02     2.35993444e+02     1.24435774e+02   
    2.24000000e+04     5.60000000e+00     1.11435405e+03     2.95900716e+02     2.34610657e+02     1.24050615e+02   
    2.26000000e+04     5.65000000e+00     1.11434672e+03     2.95403196e+02     2.34968036e+02     1.24078218e+02   
    2.28000000e+04     5.70000000e+00     1.11435841e+03     2.97242762e+02     2.38660072e+02     1.27602524e+02   
    2.30000000e+04     5.75000000e+00     1.11436050e+03     3.02132602e+02     2.37715185e+02     1.26290718e+02   
    2.32000000e+04     5.80000000e+00     1.11436295e+03     2.98779057e+02     2.36122731e+02     1.23963055e+02   
    2.34000000e+04     5.85000000e+00     1.11438637e+03     3.00166970e+02     2.35810164e+02     1.24655208e+02   
    2.36000000e+04     5.90000000e+00     1.11438687e+03     3.04200183e+02     2.36516051e+02     1.23537920e+02   
    2.38000000e+04     5.95000000e+00     1.11438077e+03     2.98043038e+02     2.34090235e+02     1.22707795e+02   
    2.40000000e+04     6.00000000e+00     1.11437998e+03     3.00887657e+02     2.36650729e+02     1.24186051e+02   
    2.42000000e+04     6.05000000e+00     1.11438785e+03     3.01463996e+02     2.38151863e+02     1.25412825e+02   
    2.44000000e+04     6.10000000e+00     1.11437797e+03     3.02763700e+02     2.34384196e+02     1.22234303e+02   
    2.46000000e+04     6.15000000e+00     1.11438308e+03     3.00130924e+02     2.36615600e+02     1.23652489e+02   
    2.48000000e+04     6.20000000e+00     1.11437762e+03     2.99903340e+02     2.35477912e+02     1.21393837e+02   
    2.50000000e+04     6.25000000e+00     1.11438660e+03     3.00676642e+02     2.35047498e+02     1.21047970e+02   
    2.52000000e+04     6.30000000e+00     1.11438691e+03     2.98780400e+02     2.36000726e+02     1.22019124e+02   
    2.54000000e+04     6.35000000e+00     1.11437486e+03     2.97596094e+02     2.36614751e+02     1.22628614e+02   
    2.56000000e+04     6.40000000e+00     1.11436245e+03     3.00204420e+02     2.35468676e+02     1.22174199e+02   
    2.58000000e+04     6.45000000e+00     1.11436399e+03     2.96749954e+02     2.38186062e+02     1.25452011e+02   
    2.60000000e+04     6.50000000e+00     1.11434807e+03     3.01809522e+02     2.35749655e+02     1.21178838e+02   
    2.62000000e+04     6.55000000e+00     1.11435179e+03     2.98496155e+02     2.38700096e+02     1.26724924e+02   
    2.64000000e+04     6.60000000e+00     1.11434944e+03     2.99198429e+02     2.36158221e+02     1.22242862e+02   
    2.66000000e+04     6.65000000e+00     1.11435176e+03     3.00217242e+02     2.36294102e+02     1.23342381e+02   
    2.68000000e+04     6.70000000e+00     1.11435714e+03     3.04006486e+02     2.37377440e+02     1.23840920e+02   
    2.70000000e+04     6.75000000e+00     1.11434956e+03     2.99537556e+02     2.35318832e+02     1.21393037e+02   
    2.72000000e+04     6.80000000e+00     1.11434575e+03     2.98598377e+02     2.36197099e+02     1.23509540e+02   
    2.74000000e+04     6.85000000e+00     1.11433142e+03     2.97888441e+02     2.36211015e+02     1.22007761e+02   
    2.76000000e+04     6.90000000e+00     1.11433569e+03     2.97948959e+02     2.38134522e+02     1.25788409e+02   
    2.78000000e+04     6.95000000e+00     1.11432715e+03     2.99374166e+02     2.37418661e+02     1.23415826e+02   
    2.80000000e+04     7.00000000e+00     1.11433443e+03     2.98038038e+02     2.37806260e+02     1.25319833e+02   
    2.82000000e+04     7.05000000e+00     1.11433219e+03     2.95257737e+02     2.36588136e+02     1.23033634e+02   
    2.84000000e+04     7.10000000e+00     1.11432937e+03     2.98478176e+02     2.35234690e+02     1.22523284e+02   
    2.86000000e+04     7.15000000e+00     1.11433783e+03     3.00175281e+02     2.38232064e+02     1.25255217e+02   
    2.88000000e+04     7.20000000e+00     1.11432118e+03     3.00872874e+02     2.35710224e+02     1.23068867e+02   
    2.90000000e+04     7.25000000e+00     1.11431561e+03     2.98432906e+02     2.36148435e+02     1.23427674e+02   
    2.92000000e+04     7.30000000e+00     1.11432304e+03     2.97382787e+02     2.37115695e+02     1.25306740e+02   
    2.94000000e+04     7.35000000e+00     1.11430863e+03     2.99042981e+02     2.33659038e+02     1.20231409e+02   
    2.96000000e+04     7.40000000e+00     1.11432995e+03     3.01247046e+02     2.38589026e+02     1.26146525e+02   
    2.98000000e+04     7.45000000e+00     1.11432689e+03     2.98600919e+02     2.36952669e+02     1.23087644e+02   
    3.00000000e+04     7.50000000e+00     1.11432814e+03     2.99939897e+02     2.37707849e+02     1.26251697e+02   
    3.02000000e+04     7.55000000e+00     1.11433212e+03     3.01688865e+02     2.38711671e+02     1.25568685e+02   
    3.04000000e+04     7.60000000e+00     1.11432399e+03     3.00916737e+02     2.35199932e+02     1.23361626e+02   
    3.06000000e+04     7.65000000e+00     1.11432810e+03     2.97848305e+02     2.36893454e+02     1.25063666e+02   
    3.08000000e+04     7.70000000e+00     1.11430971e+03     3.02197418e+02     2.35845201e+02     1.23135102e+02   
    3.10000000e+04     7.75000000e+00     1.11431594e+03     2.99505704e+02     2.35600120e+02     1.22009699e+02   
    3.12000000e+04     7.80000000e+00     1.11431584e+03     2.99547840e+02     2.37201099e+02     1.23270729e+02   
    3.14000000e+04     7.85000000e+00     1.11432660e+03     2.97500616e+02     2.37853104e+02     1.25288669e+02   
    3.16000000e+04     7.90000000e+00     1.11431552e+03     3.02613134e+02     2.36778005e+02     1.21486672e+02   
    3.18000000e+04     7.95000000e+00     1.11431790e+03     3.02105222e+02     2.36946765e+02     1.22219442e+02   
    3.20000000e+04     8.00000000e+00     1.11432441e+03     3.04603380e+02     2.37652956e+02     1.21349715e+02   
    3.22000000e+04     8.05000000e+00     1.11432150e+03     3.01853745e+02     2.38142123e+02     1.21655918e+02   
    3.24000000e+04     8.10000000e+00     1.11432551e+03     3.02270230e+02     2.37638983e+02     1.21208668e+02   
    3.26000000e+04     8.15000000e+00     1.11433652e+03     3.00028598e+02     2.36631314e+02     1.22364387e+02   
    3.28000000e+04     8.20000000e+00     1.11434778e+03     3.02100355e+02     2.37152933e+02     1.22383427e+02   
    3.30000000e+04     8.25000000e+00     1.11435362e+03     2.99547387e+02     2.35797344e+02     1.20584515e+02   
    3.32000000e+04     8.30000000e+00     1.11436939e+03     2.99404399e+02     2.36338879e+02     1.20838521e+02   
    3.34000000e+04     8.35000000e+00     1.11437860e+03     3.00024835e+02     2.37019582e+02     1.22773524e+02   
    3.36000000e+04     8.40000000e+00     1.11437286e+03     2.95892089e+02     2.35446739e+02     1.21613611e+02   
    3.38000000e+04     8.45000000e+00     1.11436464e+03     2.98690516e+02     2.35906490e+02     1.19618773e+02   
    3.40000000e+04     8.50000000e+00     1.11435865e+03     3.01089249e+02     2.36136152e+02     1.19634177e+02   
    3.42000000e+04     8.55000000e+00     1.11434949e+03     2.99138201e+02     2.35560622e+02     1.19288846e+02   
    3.44000000e+04     8.60000000e+00     1.11434953e+03     2.98233058e+02     2.35338887e+02     1.21599712e+02   
    3.46000000e+04     8.65000000e+00     1.11435833e+03     2.98879421e+02     2.36394178e+02     1.22035108e+02   
    3.48000000e+04     8.70000000e+00     1.11434596e+03     2.98774373e+02     2.34009775e+02     1.19610295e+02   
    3.50000000e+04     8.75000000e+00     1.11435974e+03     2.99991673e+02     2.36962416e+02     1.22965571e+02   
    3.52000000e+04     8.80000000e+00     1.11436616e+03     2.98961084e+02     2.36630104e+02     1.22460226e+02   
    3.54000000e+04     8.85000000e+00     1.11437072e+03     2.98202447e+02     2.36249220e+02     1.22445617e+02   
    3.56000000e+04     8.90000000e+00     1.11437348e+03     2.98734306e+02     2.36483923e+02     1.23064511e+02   
    3.58000000e+04     8.95000000e+00     1.11436124e+03     3.00101325e+02     2.36445040e+02     1.23687474e+02   
    3.60000000e+04     9.00000000e+00     1.11436300e+03     2.99234788e+02     2.36329335e+02     1.23012612e+02   
    3.62000000e+04     9.05000000e+00     1.11436705e+03     3.02002954e+02     2.38083262e+02     1.25068035e+02   
    3.64000000e+04     9.10000000e+00     1.11435552e+03     3.00306511e+02     2.36411812e+02     1.23453333e+02   
    3.66000000e+04     9.15000000e+00     1.11436850e+03     3.00790766e+02     2.38220467e+02     1.24679779e+02   
    3.68000000e+04     9.20000000e+00     1.11435400e+03     3.00348356e+02     2.34495150e+02     1.20173367e+02   
    3.70000000e+04     9.25000000e+00     1.11435881e+03     2.98339763e+02     2.36571079e+02     1.23425186e+02   
    3.72000000e+04     9.30000000e+00     1.11435404e+03     3.01116361e+02     2.36570023e+02     1.21497116e+02   
    3.74000000e+04     9.35000000e+00     1.11436172e+03     3.03984656e+02     2.35495715e+02     1.23060219e+02   
    3.76000000e+04     9.40000000e+00     1.11435043e+03     3.00642460e+02     2.36071630e+02     1.24558056e+02   
    3.78000000e+04     9.45000000e+00     1.11435968e+03     2.96684278e+02     2.37154212e+02     1.25787057e+02   
    3.80000000e+04     9.50000000e+00     1.11434871e+03     3.02139353e+02     2.35628456e+02     1.22735583e+02   
    3.82000000e+04     9.55000000e+00     1.11435719e+03     2.99133507e+02     2.37051143e+02     1.24296804e+02   
    3.84000000e+04     9.60000000e+00     1.11435919e+03     2.99724458e+02     2.37012072e+02     1.25404690e+02   
    3.86000000e+04     9.65000000e+00     1.11435189e+03     3.00109534e+02     2.36495987e+02     1.25250958e+02   
    3.88000000e+04     9.70000000e+00     1.11435202e+03     3.01445133e+02     2.36004001e+02     1.25082301e+02   
    3.90000000e+04     9.75000000e+00     1.11435498e+03     3.02319003e+02     2.37187645e+02     1.26161531e+02   
    3.92000000e+04     9.80000000e+00     1.11432799e+03     2.97635999e+02     2.35050294e+02     1.24486482e+02   
    3.94000000e+04     9.85000000e+00     1.11431598e+03     2.98353729e+02     2.34250820e+02     1.23962135e+02   
    3.96000000e+04     9.90000000e+00     1.11433067e+03     3.01624581e+02     2.38059221e+02     1.26178834e+02   
    3.98000000e+04     9.95000000e+00     1.11431451e+03     2.98353530e+02     2.36748265e+02     1.25759351e+02   
    4.00000000e+04     1.00000000e+01     1.11432396e+03     2.99033512e+02     2.36339154e+02     1.27155076e+02   
    4.02000000e+04     1.00500000e+01     1.11432461e+03     3.00643003e+02     2.35715401e+02     1.25524059e+02   
    4.04000000e+04     1.01000000e+01     1.11433770e+03     2.99247812e+02     2.37449844e+02     1.27069159e+02   
    4.06000000e+04     1.01500000e+01     1.11433861e+03     2.97877736e+02     2.37427168e+02     1.26272659e+02   
    4.08000000e+04     1.02000000e+01     1.11433114e+03     2.98866668e+02     2.33346666e+02     1.22644590e+02   
    4.10000000e+04     1.02500000e+01     1.11433588e+03     2.99766444e+02     2.37030002e+02     1.26224536e+02   
    4.12000000e+04     1.03000000e+01     1.11433091e+03     2.99968170e+02     2.36731606e+02     1.24937818e+02   
    4.14000000e+04     1.03500000e+01     1.11432379e+03     2.98358060e+02     2.33755203e+02     1.21407767e+02   
    4.16000000e+04     1.04000000e+01     1.11433613e+03     2.97693747e+02     2.36428470e+02     1.25597017e+02   
    4.18000000e+04     1.04500000e+01     1.11434493e+03     2.98802923e+02     2.37129482e+02     1.25920582e+02   
    4.20000000e+04     1.05000000e+01     1.11434196e+03     2.99010878e+02     2.36465324e+02     1.25529557e+02   
    4.22000000e+04     1.05500000e+01     1.11435334e+03     3.01512252e+02     2.36293439e+02     1.24632304e+02   
    4.24000000e+04     1.06000000e+01     1.11436202e+03     3.00027778e+02     2.37104743e+02     1.26453754e+02   
    4.26000000e+04     1.06500000e+01     1.11436727e+03     3.01551603e+02     2.38114426e+02     1.26498060e+02   
    4.28000000e+04     1.07000000e+01     1.11435866e+03     2.97970119e+02     2.37786570e+02     1.27409288e+02   
    4.30000000e+04     1.07500000e+01     1.11435678e+03     2.96522554e+02     2.36938535e+02     1.25759825e+02   
    4.32000000e+04     1.08000000e+01     1.11435774e+03     3.00067786e+02     2.37098956e+02     1.26100597e+02   
    4.34000000e+04     1.08500000e+01     1.11436350e+03     2.99385611e+02     2.37498899e+02     1.25479224e+02   
    4.36000000e+04     1.09000000e+01     1.11435539e+03     3.01210314e+02     2.35132647e+02     1.22548394e+02   
    4.38000000e+04     1.09500000e+01     1.11436418e+03     2.98975445e+02     2.35278175e+02     1.22657816e+02   
    4.40000000e+04     1.10000000e+01     1.11437670e+03     2.99597704e+02     2.37457630e+02     1.25556775e+02   
    4.42000000e+04     1.10500000e+01     1.11436999e+03     3.00925846e+02     2.36104827e+02     1.22500998e+02   
    4.44000000e+04     1.11000000e+01     1.11437846e+03     3.01220675e+02     2.38015293e+02     1.25829111e+02   
    4.46000000e+04     1.11500000e+01     1.11437363e+03     2.99937610e+02     2.36568738e+02     1.23872250e+02   
    4.48000000e+04     1.12000000e+01     1.11436962e+03     2.98145380e+02     2.37112912e+02     1.24596944e+02   
    4.50000000e+04     1.12500000e+01     1.11435864e+03     2.96147624e+02     2.35826339e+02     1.23048014e+02   
    4.52000000e+04     1.13000000e+01     1.11435469e+03     2.99347491e+02     2.36952322e+02     1.24661885e+02   
    4.54000000e+04     1.13500000e+01     1.11435430e+03     2.97348008e+02     2.37491643e+02     1.24201635e+02   
    4.56000000e+04     1.14000000e+01     1.11434632e+03     2.99117767e+02     2.35166039e+02     1.21098706e+02   
    4.58000000e+04     1.14500000e+01     1.11436232e+03     3.00630387e+02     2.36790773e+02     1.22861657e+02   
    4.60000000e+04     1.15000000e+01     1.11436388e+03     2.98002906e+02     2.35634056e+02     1.23164608e+02   
    4.62000000e+04     1.15500000e+01     1.11435832e+03     2.97454886e+02     2.33883053e+02     1.20424766e+02   
    4.64000000e+04     1.16000000e+01     1.11437005e+03     3.00005913e+02     2.37176048e+02     1.24575826e+02   
    4.66000000e+04     1.16500000e+01     1.11436764e+03     3.00680696e+02     2.36170366e+02     1.23094377e+02   
    4.68000000e+04     1.17000000e+01     1.11437103e+03     2.98994080e+02     2.35594760e+02     1.22477256e+02   
    4.70000000e+04     1.17500000e+01     1.11437253e+03     2.96419388e+02     2.34181711e+02     1.22118091e+02   
    4.72000000e+04     1.18000000e+01     1.11438299e+03     2.98648778e+02     2.34133171e+02     1.21293351e+02   
    4.74000000e+04     1.18500000e+01     1.11439588e+03     2.98709896e+02     2.37640624e+02     1.24293976e+02   
    4.76000000e+04     1.19000000e+01     1.11439811e+03     3.00146383e+02     2.37643870e+02     1.23599853e+02   
    4.78000000e+04     1.19500000e+01     1.11440008e+03     3.01496262e+02     2.36698785e+02     1.24413954e+02   
    4.80000000e+04     1.20000000e+01     1.11440000e+03     3.00074086e+02     2.36056410e+02     1.24209076e+02   
    4.82000000e+04     1.20500000e+01     1.11440607e+03     3.01337640e+02     2.36761682e+02     1.24518415e+02   
    4.84000000e+04     1.21000000e+01     1.11440159e+03     2.96360071e+02     2.35268960e+02     1.21357641e+02   
    4.86000000e+04     1.21500000e+01     1.11439967e+03     2.99730933e+02     2.37367783e+02     1.25375159e+02   
    4.88000000e+04     1.22000000e+01     1.11437163e+03     3.01742668e+02     2.35886923e+02     1.22962731e+02   
    4.90000000e+04     1.22500000e+01     1.11435580e+03     3.01674627e+02     2.34978617e+02     1.20324137e+02   
    4.92000000e+04     1.23000000e+01     1.11435159e+03     2.99242660e+02     2.35996316e+02     1.20833254e+02   
    4.94000000e+04     1.23500000e+01     1.11434983e+03     2.99205766e+02     2.35941031e+02     1.21600898e+02   
    4.96000000e+04     1.24000000e+01     1.11435197e+03     2.98595605e+02     2.35886499e+02     1.21444315e+02   
    4.98000000e+04     1.24500000e+01     1.11434605e+03     2.97565377e+02     2.35576707e+02     1.18934187e+02   
    5.00000000e+04     1.25000000e+01     1.11435175e+03     2.99016937e+02     2.36235764e+02     1.20830235e+02   
    5.02000000e+04     1.25500000e+01     1.11435047e+03     2.98431979e+02     2.35050747e+02     1.19714685e+02   
    5.04000000e+04     1.26000000e+01     1.11436494e+03     3.00943002e+02     2.38366866e+02     1.23063536e+02   
    5.06000000e+04     1.26500000e+01     1.11435648e+03     2.97193754e+02     2.36207475e+02     1.20667390e+02   
    5.08000000e+04     1.27000000e+01     1.11435896e+03     3.01440630e+02     2.35236080e+02     1.18818632e+02   
    5.10000000e+04     1.27500000e+01     1.11436723e+03     2.99714815e+02     2.36387113e+02     1.20907544e+02   
    5.12000000e+04     1.28000000e+01     1.11437857e+03     2.99678525e+02     2.35331033e+02     1.21271503e+02   
    5.14000000e+04     1.28500000e+01     1.11439223e+03     2.98856096e+02     2.37467739e+02     1.21252898e+02   
    5.16000000e+04     1.29000000e+01     1.11440277e+03     3.01365896e+02     2.38396865e+02     1.24296099e+02   
    5.18000000e+04     1.29500000e+01     1.11439164e+03     2.99857215e+02     2.36252031e+02     1.20311859e+02   
    5.20000000e+04     1.30000000e+01     1.11439373e+03     2.97730474e+02     2.38660663e+02     1.25143957e+02   
    5.22000000e+04     1.30500000e+01     1.11437725e+03     2.98373371e+02     2.35555997e+02     1.19128408e+02   
    5.24000000e+04     1.31000000e+01     1.11437725e+03     2.96761248e+02     2.34852318e+02     1.20112385e+02   
    5.26000000e+04     1.31500000e+01     1.11437430e+03     2.97267841e+02     2.35465756e+02     1.19598956e+02   
    5.28000000e+04     1.32000000e+01     1.11438638e+03     2.97683192e+02     2.38897900e+02     1.24187459e+02   
    5.30000000e+04     1.32500000e+01     1.11437201e+03     2.98749704e+02     2.35509157e+02     1.18969923e+02   
    5.32000000e+04     1.33000000e+01     1.11437743e+03     2.99977422e+02     2.36332052e+02     1.19998443e+02   
    5.34000000e+04     1.33500000e+01     1.11437579e+03     2.99389868e+02     2.35820097e+02     1.20097918e+02   
    5.36000000e+04     1.34000000e+01     1.11438235e+03     2.99415385e+02     2.38906813e+02     1.22209965e+02   
    5.38000000e+04     1.34500000e+01     1.11439466e+03     2.98850441e+02     2.38216085e+02     1.23077502e+02   
    5.40000000e+04     1.35000000e+01     1.11438843e+03     2.97974617e+02     2.38313986e+02     1.21485920e+02   
    5.42000000e+04     1.35500000e+01     1.11438006e+03     2.99147649e+02     2.36198966e+02     1.20106802e+02   
    5.44000000e+04     1.36000000e+01     1.11438503e+03     2.96860755e+02     2.38418882e+02     1.22129570e+02   
    5.46000000e+04     1.36500000e+01     1.11438566e+03     2.99617820e+02     2.36353821e+02     1.20451535e+02   
    5.48000000e+04     1.37000000e+01     1.11437924e+03     3.01215911e+02     2.34481906e+02     1.18628817e+02   
    5.50000000e+04     1.37500000e+01     1.11439671e+03     2.97748021e+02     2.36292804e+02     1.22701483e+02   
    5.52000000e+04     1.38000000e+01     1.11440762e+03     2.96102931e+02     2.36125039e+02     1.21136078e+02   
    5.54000000e+04     1.38500000e+01     1.11441889e+03     2.98571461e+02     2.37165023e+02     1.21266838e+02   
    5.56000000e+04     1.39000000e+01     1.11441172e+03     3.00578354e+02     2.35020308e+02     1.18019898e+02   
    5.58000000e+04     1.39500000e+01     1.11440831e+03     2.99365482e+02     2.33550507e+02     1.18318794e+02   
    5.60000000e+04     1.40000000e+01     1.11442272e+03     2.95372469e+02     2.35708160e+02     1.21255280e+02   
    5.62000000e+04     1.40500000e+01     1.11441548e+03     2.98158791e+02     2.36379670e+02     1.21376379e+02   
    5.64000000e+04     1.41000000e+01     1.11441516e+03     2.99153389e+02     2.37318464e+02     1.23245005e+02   
    5.66000000e+04     1.41500000e+01     1.11440700e+03     3.01037750e+02     2.36553714e+02     1.21146815e+02   
    5.68000000e+04     1.42000000e+01     1.11441332e+03     3.00802732e+02     2.37803800e+02     1.22038770e+02   
    5.70000000e+04     1.42500000e+01     1.11441931e+03     3.01851611e+02     2.35936051e+02     1.20089083e+02   
    5.72000000e+04     1.43000000e+01     1.11443033e+03     2.98955462e+02     2.38044684e+02     1.22484852e+02   
    5.74000000e+04     1.43500000e+01     1.11442141e+03     2.99088255e+02     2.36383170e+02     1.20510998e+02   
    5.76000000e+04     1.44000000e+01     1.11442054e+03     2.95868015e+02     2.35964654e+02     1.21543114e+02   
    5.78000000e+04     1.44500000e+01     1.11442903e+03     2.99143574e+02     2.38095572e+02     1.24904530e+02   
    5.80000000e+04     1.45000000e+01     1.11442505e+03     2.97956765e+02     2.36074094e+02     1.21892553e+02   
    5.82000000e+04     1.45500000e+01     1.11441593e+03     3.00799223e+02     2.36018066e+02     1.21787626e+02   
    5.84000000e+04     1.46000000e+01     1.11440645e+03     2.98222484e+02     2.36656216e+02     1.21731269e+02   
    5.86000000e+04     1.46500000e+01     1.11439392e+03     2.98412622e+02     2.35299895e+02     1.21240220e+02   
    5.88000000e+04     1.47000000e+01     1.11439276e+03     3.00413613e+02     2.36072177e+02     1.22004927e+02   
    5.90000000e+04     1.47500000e+01     1.11439781e+03     2.98404179e+02     2.37596142e+02     1.24169038e+02   
    5.92000000e+04     1.48000000e+01     1.11440507e+03     2.99241499e+02     2.36919630e+02     1.23473529e+02   
    5.94000000e+04     1.48500000e+01     1.11441037e+03     3.00153625e+02     2.34615300e+02     1.22983066e+02   
    5.96000000e+04     1.49000000e+01     1.11442410e+03     2.98159350e+02     2.36087222e+02     1.23288593e+02   
    5.98000000e+04     1.49500000e+01     1.11444508e+03     2.98253262e+02     2.37407563e+02     1.25944648e+02   
    6.00000000e+04     1.50000000e+01     1.11443361e+03     2.98313234e+02     2.36232755e+02     1.23862471e+02   
    6.02000000e+04     1.50500000e+01     1.11442901e+03     2.96632312e+02     2.34868383e+02     1.22880201e+02   
    6.04000000e+04     1.51000000e+01     1.11443620e+03     2.98403691e+02     2.36997564e+02     1.22944035e+02   
    6.06000000e+04     1.51500000e+01     1.11443298e+03     2.95820860e+02     2.36871103e+02     1.23433218e+02   
    6.08000000e+04     1.52000000e+01     1.11442883e+03     2.98951120e+02     2.34511946e+02     1.20090082e+02   
    6.10000000e+04     1.52500000e+01     1.11444118e+03     2.98305963e+02     2.36582230e+02     1.24501332e+02   
    6.12000000e+04     1.53000000e+01     1.11445452e+03     3.00398680e+02     2.36644512e+02     1.23721239e+02   
    6.14000000e+04     1.53500000e+01     1.11445143e+03     2.97700090e+02     2.36968543e+02     1.22001235e+02   
    6.16000000e+04     1.54000000e+01     1.11445461e+03     2.98820651e+02     2.37230602e+02     1.23671513e+02   
    6.18000000e+04     1.54500000e+01     1.11444485e+03     3.01371496e+02     2.33846000e+02     1.20908799e+02   
    6.20000000e+04     1.55000000e+01     1.11445715e+03     2.99803784e+02     2.35670781e+02     1.24567979e+02   
    6.22000000e+04     1.55500000e+01     1.11447013e+03     3.03219810e+02     2.37619467e+02     1.24772627e+02   
    6.24000000e+04     1.56000000e+01     1.11445640e+03     3.01235729e+02     2.35770719e+02     1.21560511e+02   
    6.26000000e+04     1.56500000e+01     1.11445021e+03     2.98068768e+02     2.33797247e+02     1.20528803e+02   
    6.28000000e+04     1.57000000e+01     1.11445598e+03     2.99155155e+02     2.37320195e+02     1.23177183e+02   
    6.30000000e+04     1.57500000e+01     1.11444298e+03     2.96224990e+02     2.35556834e+02     1.20274604e+02   
    6.32000000e+04     1.58000000e+01     1.11444696e+03     2.98457850e+02     2.35323576e+02     1.20885770e+02   
    6.34000000e+04     1.58500000e+01     1.11444952e+03     2.96528156e+02     2.36277891e+02     1.21888986e+02   
    6.36000000e+04     1.59000000e+01     1.11445819e+03     2.97318281e+02     2.37302775e+02     1.24239203e+02   
    6.38000000e+04     1.59500000e+01     1.11445625e+03     3.00247649e+02     2.35110217e+02     1.20740181e+02   
    6.40000000e+04     1.60000000e+01     1.11446237e+03     2.99084788e+02     2.37070422e+02     1.23557281e+02   
    6.42000000e+04     1.60500000e+01     1.11445386e+03     2.97040528e+02     2.37075656e+02     1.23428983e+02   
    6.44000000e+04     1.61000000e+01     1.11445407e+03     2.98662427e+02     2.37719521e+02     1.26314258e+02   
    6.46000000e+04     1.61500000e+01     1.11445434e+03     2.99603715e+02     2.35785667e+02     1.22113633e+02   
    6.48000000e+04     1.62000000e+01     1.11446162e+03     3.01215451e+02     2.35571953e+02     1.21128518e+02   
    6.50000000e+04     1.62500000e+01     1.11448100e+03     3.01366793e+02     2.36036408e+02     1.22711591e+02   
    6.52000000e+04     1.63000000e+01     1.11449631e+03     2.97194175e+02     2.38385124e+02     1.25673845e+02   
    6.54000000e+04     1.63500000e+01     1.11450198e+03     3.00410193e+02     2.37638709e+02     1.25487998e+02   
    6.56000000e+04     1.64000000e+01     1.11450615e+03     2.96512061e+02     2.36878438e+02     1.22834588e+02   
    6.58000000e+04     1.64500000e+01     1.11451121e+03     3.00332590e+02     2.36154902e+02     1.23059766e+02   
    6.60000000e+04     1.65000000e+01     1.11451182e+03     2.96781087e+02     2.37899738e+02     1.22845811e+02   
    6.62000000e+04     1.65500000e+01     1.11452052e+03     3.01075411e+02     2.37307083e+02     1.23146793e+02   
    6.64000000e+04     1.66000000e+01     1.11450907e+03     3.02095622e+02     2.35547258e+02     1.19646250e+02   
    6.66000000e+04     1.66500000e+01     1.11450928e+03     3.02214114e+02     2.37012044e+02     1.21873916e+02   
    6.68000000e+04     1.67000000e+01     1.11449793e+03     2.99803938e+02     2.35223828e+02     1.20010043e+02   
    6.70000000e+04     1.67500000e+01     1.11448827e+03     2.97539394e+02     2.35709110e+02     1.21415505e+02   
    6.72000000e+04     1.68000000e+01     1.11448253e+03     2.98775022e+02     2.36768088e+02     1.22699291e+02   
    6.74000000e+04     1.68500000e+01     1.11446790e+03     3.00393153e+02     2.34510848e+02     1.19865743e+02   
    6.76000000e+04     1.69000000e+01     1.11448192e+03     2.99341645e+02     2.36047143e+02     1.21872532e+02   
    6.78000000e+04     1.69500000e+01     1.11449131e+03     3.00633686e+02     2.36873125e+02     1.22256965e+02   
    6.80000000e+04     1.70000000e+01     1.11448018e+03     2.99974522e+02     2.34129651e+02     1.20926799e+02   
    6.82000000e+04     1.70500000e+01     1.11448950e+03     2.97398884e+02     2.36850430e+02     1.23020408e+02   
    6.84000000e+04     1.71000000e+01     1.11449280e+03     2.99929734e+02     2.36076498e+02     1.24141313e+02   
    6.86000000e+04     1.71500000e+01     1.11448480e+03     2.98638424e+02     2.36882247e+02     1.23360530e+02   
    6.88000000e+04     1.72000000e+01     1.11447889e+03     3.01442818e+02     2.37474657e+02     1.23840444e+02   
    6.90000000e+04     1.72500000e+01     1.11446233e+03     3.03060727e+02     2.36020013e+02     1.22564160e+02   
    6.92000000e+04     1.73000000e+01     1.11448402e+03     2.98480473e+02     2.37961462e+02     1.24838420e+02   
    6.94000000e+04     1.73500000e+01     1.11447273e+03     2.97839136e+02     2.35529149e+02     1.21417232e+02   
    6.96000000e+04     1.74000000e+01     1.11448666e+03     3.01245033e+02     2.36724414e+02     1.22197509e+02   
    6.98000000e+04     1.74500000e+01     1.11447271e+03     2.97882976e+02     2.34762459e+02     1.20399899e+02   
    7.00000000e+04     1.75000000e+01     1.11446620e+03     2.99612708e+02     2.34057574e+02     1.20121344e+02   
    7.02000000e+04     1.75500000e+01     1.11447110e+03     2.98429066e+02     2.36645004e+02     1.20882965e+02   
    7.04000000e+04     1.76000000e+01     1.11446396e+03     3.00146275e+02     2.34197076e+02     1.18316183e+02   
    7.06000000e+04     1.76500000e+01     1.11446616e+03     2.99140031e+02     2.36822520e+02     1.21181778e+02   
    7.08000000e+04     1.77000000e+01     1.11444766e+03     3.00839803e+02     2.35229702e+02     1.19477499e+02   
    7.10000000e+04     1.77500000e+01     1.11444427e+03     2.98461054e+02     2.33201835e+02     1.16943464e+02   
    7.12000000e+04     1.78000000e+01     1.11445346e+03     3.02547652e+02     2.36687459e+02     1.19653498e+02   
    7.14000000e+04     1.78500000e+01     1.11445829e+03     2.98025224e+02     2.37808950e+02     1.22769069e+02   
    7.16000000e+04     1.79000000e+01     1.11444411e+03     3.03434011e+02     2.36590493e+02     1.20451359e+02   
    7.18000000e+04     1.79500000e+01     1.11444979e+03     2.97568021e+02     2.36786121e+02     1.21970405e+02   
    7.20000000e+04     1.80000000e+01     1.11444846e+03     2.99950672e+02     2.36341407e+02     1.19725598e+02   
    7.22000000e+04     1.80500000e+01     1.11445624e+03     2.98424911e+02     2.36814170e+02     1.22354810e+02   
    7.24000000e+04     1.81000000e+01     1.11445795e+03     2.98973798e+02     2.37317750e+02     1.20828197e+02   
    7.26000000e+04     1.81500000e+01     1.11445667e+03     2.99505605e+02     2.34851176e+02     1.18785379e+02   
    7.28000000e+04     1.82000000e+01     1.11447074e+03     3.00950546e+02     2.35912168e+02     1.21036306e+02   
    7.30000000e+04     1.82500000e+01     1.11446206e+03     3.01256677e+02     2.34144556e+02     1.16440219e+02   
    7.32000000e+04     1.83000000e+01     1.11447669e+03     2.98939201e+02     2.36617666e+02     1.21366723e+02   
    7.34000000e+04     1.83500000e+01     1.11447872e+03     2.97792198e+02     2.36531953e+02     1.20318691e+02   
    7.36000000e+04     1.84000000e+01     1.11448176e+03     3.02065093e+02     2.36030199e+02     1.20886661e+02   
    7.38000000e+04     1.84500000e+01     1.11448537e+03     3.00218469e+02     2.35745588e+02     1.20490659e+02   
    7.40000000e+04     1.85000000e+01     1.11448935e+03     2.98848062e+02     2.34631930e+02     1.18472870e+02   
    7.42000000e+04     1.85500000e+01     1.11449886e+03     3.01601858e+02     2.35156796e+02     1.20307681e+02   
    7.44000000e+04     1.86000000e+01     1.11449636e+03     2.99555382e+02     2.36642186e+02     1.22060103e+02   
    7.46000000e+04     1.86500000e+01     1.11447732e+03     2.98212045e+02     2.36787739e+02     1.20767744e+02   
    7.48000000e+04     1.87000000e+01     1.11447493e+03     3.00005364e+02     2.37097584e+02     1.21687110e+02   
    7.50000000e+04     1.87500000e+01     1.11447073e+03     2.97327883e+02     2.36315864e+02     1.22048628e+02   
    7.52000000e+04     1.88000000e+01     1.11447364e+03     3.00574904e+02     2.36912744e+02     1.22131004e+02   
    7.54000000e+04     1.88500000e+01     1.11448614e+03     2.99044928e+02     2.35532415e+02     1.21448185e+02   
    7.56000000e+04     1.89000000e+01     1.11448817e+03     2.95674914e+02     2.36777378e+02     1.22456453e+02   
    7.58000000e+04     1.89500000e+01     1.11447290e+03     2.98017708e+02     2.35007361e+02     1.20435707e+02   
    7.60000000e+04     1.90000000e+01     1.11448410e+03     2.98870169e+02     2.37809655e+02     1.23385761e+02   
    7.62000000e+04     1.90500000e+01     1.11447779e+03     3.01258371e+02     2.36003468e+02     1.21444174e+02   
    7.64000000e+04     1.91000000e+01     1.11446967e+03     2.97166039e+02     2.35719376e+02     1.19622971e+02   
    7.66000000e+04     1.91500000e+01     1.11446616e+03     3.02031528e+02     2.36485151e+02     1.21126479e+02   
    7.68000000e+04     1.92000000e+01     1.11447071e+03     2.99117038e+02     2.37095659e+02     1.21384700e+02   
    7.70000000e+04     1.92500000e+01     1.11446637e+03     2.99460890e+02     2.34802182e+02     1.20564223e+02   
    7.72000000e+04     1.93000000e+01     1.11447422e+03     3.02029733e+02     2.35603931e+02     1.20787166e+02   
    7.74000000e+04     1.93500000e+01     1.11448361e+03     2.98379818e+02     2.36291510e+02     1.23302917e+02   
    7.76000000e+04     1.94000000e+01     1.11447815e+03     2.96860137e+02     2.34880728e+02     1.20671582e+02   
    7.78000000e+04     1.94500000e+01     1.11446949e+03     3.00073669e+02     2.34348229e+02     1.21038176e+02   
    7.80000000e+04     1.95000000e+01     1.11447628e+03     2.99959188e+02     2.37885916e+02     1.24762498e+02   
    7.82000000e+04     1.95500000e+01     1.11445691e+03     2.99226233e+02     2.35280940e+02     1.20134691e+02   
    7.84000000e+04     1.96000000e+01     1.11445420e+03     2.98799648e+02     2.36116940e+02     1.21534717e+02   
    7.86000000e+04     1.96500000e+01     1.11446095e+03     2.99415395e+02     2.36734384e+02     1.21526318e+02   
    7.88000000e+04     1.97000000e+01     1.11445946e+03     3.00363808e+02     2.35655580e+02     1.21828908e+02   
    7.90000000e+04     1.97500000e+01     1.11447325e+03     3.00167274e+02     2.38108635e+02     1.23997266e+02   
    7.92000000e+04     1.98000000e+01     1.11447529e+03     2.97106447e+02     2.36700575e+02     1.23982248e+02   
    7.94000000e+04     1.98500000e+01     1.11449087e+03     3.00370171e+02     2.35093977e+02     1.23052266e+02   
    7.96000000e+04     1.99000000e+01     1.11450649e+03     3.01232289e+02     2.37831464e+02     1.25223207e+02   
    7.98000000e+04     1.99500000e+01     1.11450398e+03     3.02453154e+02     2.35506317e+02     1.23264003e+02   
    8.00000000e+04     2.00000000e+01     1.11449847e+03     2.98978463e+02     2.35471115e+02     1.22466152e+02   
