# column   1     --> step : The current simulation time step.
# column   2     --> time{picosecond} : The elapsed simulation time.
# column   3     --> conserved{electronvolt} : The value of the conserved energy quantity per bead.
# column   4     --> temperature{kelvin} : The current temperature, as obtained from the MD kinetic energy.
# column   5     --> kinetic_cv{electronvolt} : The centroid-virial quantum kinetic energy of the physical system.
# column   6     --> potential{electronvolt} : The physical system potential energy.
    0.00000000e+00     0.00000000e+00     1.11020592e+03     3.04273373e+02     2.35471525e+02     1.22351410e+02   
    2.00000000e+02     5.00000000e-02     1.11022410e+03     2.97927209e+02     2.37042330e+02     1.24068124e+02   
    4.00000000e+02     1.00000000e-01     1.11021692e+03     3.03516736e+02     2.35770244e+02     1.21642243e+02   
    6.00000000e+02     1.50000000e-01     1.11022541e+03     3.00779129e+02     2.35004143e+02     1.20370223e+02   
    8.00000000e+02     2.00000000e-01     1.11023422e+03     3.00543300e+02     2.37353100e+02     1.23471423e+02   
    1.00000000e+03     2.50000000e-01     1.11022037e+03     3.04059228e+02     2.34936267e+02     1.19986412e+02   
    1.20000000e+03     3.00000000e-01     1.11022457e+03     2.99290882e+02     2.34962659e+02     1.22318000e+02   
    1.40000000e+03     3.50000000e-01     1.11020241e+03     3.03366178e+02     2.36234474e+02     1.21119567e+02   
    1.60000000e+03     4.00000000e-01     1.11018778e+03     2.99154871e+02     2.34450374e+02     1.19799207e+02   
    1.80000000e+03     4.50000000e-01     1.11018563e+03     3.00447549e+02     2.35322656e+02     1.20024119e+02   
    2.00000000e+03     5.00000000e-01     1.11018980e+03     2.98334185e+02     2.36383464e+02     1.21346524e+02   
    2.20000000e+03     5.50000000e-01     1.11018006e+03     2.94574273e+02     2.34968633e+02     1.20107412e+02   
    2.40000000e+03     6.00000000e-01     1.11019398e+03     2.99727451e+02     2.37437465e+02     1.22481454e+02   
    2.60000000e+03     6.50000000e-01     1.11019477e+03     3.00216674e+02     2.35689663e+02     1.20046851e+02   
    2.80000000e+03     7.00000000e-01     1.11021437e+03     3.00819501e+02     2.37279028e+02     1.22502735e+02   
    3.00000000e+03     7.50000000e-01     1.11021431e+03     2.97961396e+02     2.35218139e+02     1.21247061e+02   
    3.20000000e+03     8.00000000e-01     1.11021357e+03     2.98238441e+02     2.35980915e+02     1.22052079e+02   
    3.40000000e+03     8.50000000e-01     1.11020807e+03     3.02795782e+02     2.35733356e+02     1.21261077e+02   
    3.60000000e+03     9.00000000e-01     1.11019378e+03     2.99103314e+02     2.35246184e+02     1.21260431e+02   
    3.80000000e+03     9.50000000e-01     1.11018942e+03     3.01625055e+02     2.37123134e+02     1.23607874e+02   
    4.00000000e+03     1.00000000e+00     1.11018534e+03     3.00817044e+02     2.34985061e+02     1.21604381e+02   
    4.20000000e+03     1.05000000e+00     1.11019011e+03     3.00773900e+02     2.36062026e+02     1.21912797e+02   
    4.40000000e+03     1.10000000e+00     1.11017773e+03     2.97521389e+02     2.34389334e+02     1.21215654e+02   
    4.60000000e+03     1.15000000e+00     1.11020110e+03     2.99470534e+02     2.36242736e+02     1.22985581e+02   
    4.80000000e+03     1.20000000e+00     1.11020142e+03     3.01968557e+02     2.37264638e+02     1.22211355e+02   
    5.00000000e+03     1.25000000e+00     1.11019142e+03     3.00976000e+02     2.35984019e+02     1.21067965e+02   
    5.20000000e+03     1.30000000e+00     1.11019332e+03     3.01953631e+02     2.36584996e+02     1.21554733e+02   
    5.40000000e+03     1.35000000e+00     1.11018081e+03     3.02307000e+02     2.36334283e+02     1.20372064e+02   
    5.60000000e+03     1.40000000e+00     1.11016715e+03     3.02205364e+02     2.35190450e+02     1.19473771e+02   
    5.80000000e+03     1.45000000e+00     1.11017753e+03     2.98428956e+02     2.37955784e+02     1.23565625e+02   
    6.00000000e+03     1.50000000e+00     1.11017625e+03     3.02433899e+02     2.37565875e+02     1.23331242e+02   
    6.20000000e+03     1.55000000e+00     1.11016897e+03     2.99655283e+02     2.35384781e+02     1.20996274e+02   
    6.40000000e+03     1.60000000e+00     1.11017876e+03     3.01558598e+02     2.37900966e+02     1.22178262e+02   
    6.60000000e+03     1.65000000e+00     1.11017459e+03     3.00347197e+02     2.36188386e+02     1.20255720e+02   
    6.80000000e+03     1.70000000e+00     1.11018407e+03     3.00226436e+02     2.38014975e+02     1.23361196e+02   
    7.00000000e+03     1.75000000e+00     1.11017714e+03     3.03111750e+02     2.35183627e+02     1.19579131e+02   
    7.20000000e+03     1.80000000e+00     1.11018234e+03     3.00418899e+02     2.36360734e+02     1.22339938e+02   
    7.40000000e+03     1.85000000e+00     1.11017731e+03     2.98579664e+02     2.36688502e+02     1.21582280e+02   
    7.60000000e+03     1.90000000e+00     1.11017075e+03     3.01864874e+02     2.37397539e+02     1.23522120e+02   
    7.80000000e+03     1.95000000e+00     1.11017230e+03     3.01474839e+02     2.37023173e+02     1.23005675e+02   
    8.00000000e+03     2.00000000e+00     1.11018133e+03     3.01282685e+02     2.36375654e+02     1.21215760e+02   
    8.20000000e+03     2.05000000e+00     1.11017755e+03     2.99967580e+02     2.36044561e+02     1.21228163e+02   
    8.40000000e+03     2.10000000e+00     1.11017741e+03     3.02015397e+02     2.36841198e+02     1.20669885e+02   
    8.60000000e+03     2.15000000e+00     1.11018138e+03     2.98321445e+02     2.36297700e+02     1.21668214e+02   
    8.80000000e+03     2.20000000e+00     1.11017660e+03     2.96891651e+02     2.34591888e+02     1.19796885e+02   
    9.00000000e+03     2.25000000e+00     1.11016882e+03     2.98585544e+02     2.34746814e+02     1.21024130e+02   
    9.20000000e+03     2.30000000e+00     1.11016575e+03     3.02115578e+02     2.37002389e+02     1.22100120e+02   
    9.40000000e+03     2.35000000e+00     1.11014773e+03     2.99465197e+02     2.35728164e+02     1.22102641e+02   
    9.60000000e+03     2.40000000e+00     1.11016995e+03     2.99820728e+02     2.38103979e+02     1.23787408e+02   
    9.80000000e+03     2.45000000e+00     1.11016383e+03     3.01158914e+02     2.35108267e+02     1.22080737e+02   
    1.00000000e+04     2.50000000e+00     1.11015601e+03     3.02280494e+02     2.35185269e+02     1.20900894e+02   
    1.02000000e+04     2.55000000e+00     1.11017008e+03     2.97938551e+02     2.37403000e+02     1.25200381e+02   
    1.04000000e+04     2.60000000e+00     1.11017049e+03     2.98973318e+02     2.38673336e+02     1.25885768e+02   
    1.06000000e+04     2.65000000e+00     1.11016994e+03     3.02604722e+02     2.37172768e+02     1.24221441e+02   
    1.08000000e+04     2.70000000e+00     1.11017873e+03     2.96372083e+02     2.37908265e+02     1.24923388e+02   
    1.10000000e+04     2.75000000e+00     1.11017187e+03     3.03570534e+02     2.36975365e+02     1.21802802e+02   
    1.12000000e+04     2.80000000e+00     1.11018008e+03     2.99033045e+02     2.38622913e+02     1.24847721e+02   
    1.14000000e+04     2.85000000e+00     1.11018224e+03     3.05404879e+02     2.37164724e+02     1.22287075e+02   
    1.16000000e+04     2.90000000e+00     1.11018813e+03     3.02265885e+02     2.35608171e+02     1.21075514e+02   
    1.18000000e+04     2.95000000e+00     1.11018954e+03     2.97884801e+02     2.36140160e+02     1.21870290e+02   
    1.20000000e+04     3.00000000e+00     1.11019086e+03     2.99932476e+02     2.35171069e+02     1.22043195e+02   
    1.22000000e+04     3.05000000e+00     1.11019406e+03     2.99369077e+02     2.35633310e+02     1.23442303e+02   
    1.24000000e+04     3.10000000e+00     1.11017934e+03     3.03237034e+02     2.34090673e+02     1.20120773e+02   
    1.26000000e+04     3.15000000e+00     1.11017187e+03     3.01815893e+02     2.35676025e+02     1.21433874e+02   
    1.28000000e+04     3.20000000e+00     1.11017487e+03     2.97542650e+02     2.37691079e+02     1.23862648e+02   
    1.30000000e+04     3.25000000e+00     1.11018422e+03     3.00654069e+02     2.37072553e+02     1.22672310e+02   
    1.32000000e+04     3.30000000e+00     1.11017957e+03     2.98244985e+02     2.35246355e+02     1.22078723e+02   
    1.34000000e+04     3.35000000e+00     1.11019568e+03     2.98039799e+02     2.36745595e+02     1.22759860e+02   
    1.36000000e+04     3.40000000e+00     1.11018855e+03     3.02716048e+02     2.34788931e+02     1.21524935e+02   
    1.38000000e+04     3.45000000e+00     1.11020669e+03     3.03455103e+02     2.36876795e+02     1.22197286e+02   
    1.40000000e+04     3.50000000e+00     1.11021063e+03     3.01920770e+02     2.36040012e+02     1.22893208e+02   
    1.42000000e+04     3.55000000e+00     1.11021420e+03     3.02766785e+02     2.34114837e+02     1.19328748e+02   
    1.44000000e+04     3.60000000e+00     1.11020994e+03     3.01261104e+02     2.33100568e+02     1.18912470e+02   
    1.46000000e+04     3.65000000e+00     1.11022268e+03     2.98580314e+02     2.36884841e+02     1.23281347e+02   
    1.48000000e+04     3.70000000e+00     1.11022378e+03     3.01226437e+02     2.36406325e+02     1.22286026e+02   
    1.50000000e+04     3.75000000e+00     1.11022457e+03     3.00204429e+02     2.36169159e+02     1.22785792e+02   
    1.52000000e+04     3.80000000e+00     1.11020947e+03     2.99892420e+02     2.36585963e+02     1.22403620e+02   
    1.54000000e+04     3.85000000e+00     1.11021804e+03     2.97238197e+02     2.38163936e+02     1.24803785e+02   
    1.56000000e+04     3.90000000e+00     1.11021085e+03     3.00427961e+02     2.35618183e+02     1.22242491e+02   
    1.58000000e+04     3.95000000e+00     1.11021327e+03     2.98588589e+02     2.35889806e+02     1.23470254e+02   
    1.60000000e+04     4.00000000e+00     1.11022431e+03     2.99917545e+02     2.37163616e+02     1.22994853e+02   
    1.62000000e+04     4.05000000e+00     1.11022602e+03     2.99474237e+02     2.36121303e+02     1.21536079e+02   
    1.64000000e+04     4.10000000e+00     1.11023223e+03     3.00434592e+02     2.36208106e+02     1.22403576e+02   
    1.66000000e+04     4.15000000e+00     1.11023292e+03     2.99838703e+02     2.36341028e+02     1.20937826e+02   
    1.68000000e+04     4.20000000e+00     1.11024124e+03     2.98352553e+02     2.36530860e+02     1.22232196e+02   
    1.70000000e+04     4.25000000e+00     1.11024121e+03     2.95830794e+02     2.36875347e+02     1.20094464e+02   
    1.72000000e+04     4.30000000e+00     1.11024042e+03     2.96307848e+02     2.36394619e+02     1.21393254e+02   
    1.74000000e+04     4.35000000e+00     1.11024317e+03     2.98692077e+02     2.35335641e+02     1.20072315e+02   
    1.76000000e+04     4.40000000e+00     1.11025840e+03     2.97796715e+02     2.37328383e+02     1.22725093e+02   
    1.78000000e+04     4.45000000e+00     1.11026860e+03     2.99155329e+02     2.36670325e+02     1.23368883e+02   
    1.80000000e+04     4.50000000e+00     1.11027436e+03     2.98458638e+02     2.37108257e+02     1.21746393e+02   
    1.82000000e+04     4.55000000e+00     1.11026455e+03     2.99147822e+02     2.35927124e+02     1.22163686e+02   
    1.84000000e+04     4.60000000e+00     1.11026250e+03     3.00908827e+02     2.34384600e+02     1.20059718e+02   
    1.86000000e+04     4.65000000e+00     1.11026885e+03     3.01011899e+02     2.36384742e+02     1.24014381e+02   
    1.88000000e+04     4.70000000e+00     1.11028174e+03     3.03209730e+02     2.36431479e+02     1.21905755e+02   
    1.90000000e+04     4.75000000e+00     1.11028424e+03     2.98887900e+02     2.36300462e+02     1.23755982e+02   
    1.92000000e+04     4.80000000e+00     1.11026649e+03     3.00799022e+02     2.35657184e+02     1.23264297e+02   
    1.94000000e+04     4.85000000e+00     1.11028085e+03     3.00848704e+02     2.38178941e+02     1.25696069e+02   
    1.96000000e+04     4.90000000e+00     1.11027096e+03     3.00567154e+02     2.36771582e+02     1.24424970e+02   
    1.98000000e+04     4.95000000e+00     1.11027949e+03     3.03884549e+02     2.36172937e+02     1.24213603e+02   
    2.00000000e+04     5.00000000e+00     1.11028348e+03     2.97870920e+02     2.34666252e+02     1.23906760e+02   
    2.02000000e+04     5.05000000e+00     1.11029069e+03     2.97794913e+02     2.36377628e+02     1.24322779e+02   
    2.04000000e+04     5.10000000e+00     1.11030342e+03     2.98172639e+02     2.37890794e+02     1.25577936e+02   
    2.06000000e+04     5.15000000e+00     1.11029976e+03     2.97799502e+02     2.35350948e+02     1.23772939e+02   
    2.08000000e+04     5.20000000e+00     1.11031036e+03     3.00547602e+02     2.37410290e+02     1.24281250e+02   
    2.10000000e+04     5.25000000e+00     1.11030270e+03     2.98244953e+02     2.36633922e+02     1.23087366e+02   
    2.12000000e+04     5.30000000e+00     1.11029352e+03     2.97974385e+02     2.35875707e+02     1.23579041e+02   
    2.14000000e+04     5.35000000e+00     1.11028900e+03     2.99391406e+02     2.36892150e+02     1.23108890e+02   
    2.16000000e+04     5.40000000e+00     1.11028915e+03     2.98197758e+02     2.36373655e+02     1.22754425e+02   
    2.18000000e+04     5.45000000e+00     1.11029569e+03     2.97224768e+02     2.37847731e+02     1.24839610e+02   
    2.20000000e+04     5.50000000e+00     1.11029192e+03     2.99356875e+02     2.36847550e+02     1.23848118e+02   
    2.22000000e+04     5.55000000e+00     1.11028877e+03     2.99512655e+02     2.36150690e+02     1.22546167e+02   
    2.24000000e+04     5.60000000e+00     1.11029720e+03     2.97344726e+02     2.35628627e+02     1.23565232e+02   
    2.26000000e+04     5.65000000e+00     1.11029515e+03     2.96472547e+02     2.34288148e+02     1.22611122e+02   
    2.28000000e+04     5.70000000e+00     1.11030484e+03     2.99414253e+02     2.37481817e+02     1.25365311e+02   
    2.30000000e+04     5.75000000e+00     1.11030076e+03     3.03098730e+02     2.37654704e+02     1.23599414e+02   
    2.32000000e+04     5.80000000e+00     1.11030877e+03     2.99128765e+02     2.37476769e+02     1.22792955e+02   
    2.34000000e+04     5.85000000e+00     1.11030528e+03     3.01238605e+02     2.34986598e+02     1.21820460e+02   
    2.36000000e+04     5.90000000e+00     1.11031262e+03     3.01833373e+02     2.35885202e+02     1.23842148e+02   
    2.38000000e+04     5.95000000e+00     1.11031989e+03     2.99115023e+02     2.35822129e+02     1.22842769e+02   
    2.40000000e+04     6.00000000e+00     1.11032621e+03     3.01426844e+02     2.37453817e+02     1.23712949e+02   
    2.42000000e+04     6.05000000e+00     1.11032141e+03     3.00983519e+02     2.37708455e+02     1.24286084e+02   
    2.44000000e+04     6.10000000e+00     1.11031348e+03     3.00722677e+02     2.35718904e+02     1.23397424e+02   
    2.46000000e+04     6.15000000e+00     1.11030994e+03     2.98709710e+02     2.36801095e+02     1.21679014e+02   
    2.48000000e+04     6.20000000e+00     1.11030723e+03     2.98718900e+02     2.36656893e+02     1.21887084e+02   
    2.50000000e+04     6.25000000e+00     1.11030133e+03     2.99351006e+02     2.35618726e+02     1.20388553e+02   
    2.52000000e+04     6.30000000e+00     1.11031115e+03     2.96492474e+02     2.35876427e+02     1.21484079e+02   
    2.54000000e+04     6.35000000e+00     1.11031833e+03     2.96322623e+02     2.35696997e+02     1.21116031e+02   
    2.56000000e+04     6.40000000e+00     1.11032228e+03     3.01155958e+02     2.34554609e+02     1.20579971e+02   
    2.58000000e+04     6.45000000e+00     1.11033386e+03     2.97678158e+02     2.35608790e+02     1.20379208e+02   
    2.60000000e+04     6.50000000e+00     1.11034259e+03     3.00336207e+02     2.36087200e+02     1.21854464e+02   
    2.62000000e+04     6.55000000e+00     1.11035040e+03     2.96758081e+02     2.39149181e+02     1.24855431e+02   
    2.64000000e+04     6.60000000e+00     1.11033471e+03     2.96785108e+02     2.36643538e+02     1.20586575e+02   
    2.66000000e+04     6.65000000e+00     1.11033091e+03     2.98898961e+02     2.37415165e+02     1.22964653e+02   
    2.68000000e+04     6.70000000e+00     1.11032893e+03     3.03578389e+02     2.36440016e+02     1.21423704e+02   
    2.70000000e+04     6.75000000e+00     1.11032040e+03     2.98270454e+02     2.36218866e+02     1.20628581e+02   
    2.72000000e+04     6.80000000e+00     1.11031481e+03     2.99752326e+02     2.33501726e+02     1.18413232e+02   
    2.74000000e+04     6.85000000e+00     1.11031847e+03     2.98534947e+02     2.37207236e+02     1.21091226e+02   
    2.76000000e+04     6.90000000e+00     1.11030833e+03     2.97850951e+02     2.36038020e+02     1.20735800e+02   
    2.78000000e+04     6.95000000e+00     1.11031148e+03     2.98195503e+02     2.37048897e+02     1.22780330e+02   
    2.80000000e+04     7.00000000e+00     1.11029853e+03     2.98645923e+02     2.36386111e+02     1.22006152e+02   
    2.82000000e+04     7.05000000e+00     1.11027644e+03     2.94907610e+02     2.36390352e+02     1.22082633e+02   
    2.84000000e+04     7.10000000e+00     1.11027163e+03     2.98098782e+02     2.37293570e+02     1.24280341e+02   
    2.86000000e+04     7.15000000e+00     1.11027204e+03     3.02169473e+02     2.37236734e+02     1.21870954e+02   
    2.88000000e+04     7.20000000e+00     1.11025956e+03     3.01691929e+02     2.36480689e+02     1.22448897e+02   
    2.90000000e+04     7.25000000e+00     1.11023886e+03     2.98864584e+02     2.35032159e+02     1.20501779e+02   
    2.92000000e+04     7.30000000e+00     1.11024139e+03     3.00044665e+02     2.36956635e+02     1.21261755e+02   
    2.94000000e+04     7.35000000e+00     1.11023157e+03     3.01212017e+02     2.33315616e+02     1.17520789e+02   
    2.96000000e+04     7.40000000e+00     1.11026738e+03     3.01835611e+02     2.38129341e+02     1.23553011e+02   
    2.98000000e+04     7.45000000e+00     1.11025331e+03     2.99591330e+02     2.35625326e+02     1.21142003e+02   
    3.00000000e+04     7.50000000e+00     1.11025079e+03     3.00239280e+02     2.35927423e+02     1.20642334e+02   
    3.02000000e+04     7.55000000e+00     1.11025820e+03     3.02737879e+02     2.36961313e+02     1.21801839e+02   
    3.04000000e+04     7.60000000e+00     1.11025810e+03     2.98701282e+02     2.37177133e+02     1.23787585e+02   
    3.06000000e+04     7.65000000e+00     1.11024723e+03     2.99356555e+02     2.36927704e+02     1.21933215e+02   
    3.08000000e+04     7.70000000e+00     1.11024327e+03     3.02227208e+02     2.36298721e+02     1.22006368e+02   
    3.10000000e+04     7.75000000e+00     1.11025857e+03     3.00544401e+02     2.37726520e+02     1.21425872e+02   
    3.12000000e+04     7.80000000e+00     1.11024966e+03     2.99309989e+02     2.36903488e+02     1.22139744e+02   
    3.14000000e+04     7.85000000e+00     1.11023795e+03     2.98106665e+02     2.37467986e+02     1.20984731e+02   
    3.16000000e+04     7.90000000e+00     1.11022916e+03     3.04187096e+02     2.36046790e+02     1.21081207e+02   
    3.18000000e+04     7.95000000e+00     1.11023431e+03     3.01349718e+02     2.36664825e+02     1.22160846e+02   
    3.20000000e+04     8.00000000e+00     1.11023032e+03     3.02667302e+02     2.36656374e+02     1.22399174e+02   
    3.22000000e+04     8.05000000e+00     1.11023297e+03     2.99500455e+02     2.37750565e+02     1.24258376e+02   
    3.24000000e+04     8.10000000e+00     1.11022740e+03     3.00087600e+02     2.36311223e+02     1.22469601e+02   
    3.26000000e+04     8.15000000e+00     1.11021026e+03     2.99834907e+02     2.35832376e+02     1.22581164e+02   
    3.28000000e+04     8.20000000e+00     1.11019367e+03     3.02250449e+02     2.35652532e+02     1.22194194e+02   
    3.30000000e+04     8.25000000e+00     1.11020411e+03     3.00334046e+02     2.37592938e+02     1.23676080e+02   
    3.32000000e+04     8.30000000e+00     1.11021745e+03     2.99813957e+02     2.37550710e+02     1.24133895e+02   
    3.34000000e+04     8.35000000e+00     1.11022249e+03     3.00884187e+02     2.35301645e+02     1.20512130e+02   
    3.36000000e+04     8.40000000e+00     1.11024565e+03     2.98397628e+02     2.36218728e+02     1.21162533e+02   
    3.38000000e+04     8.45000000e+00     1.11025559e+03     2.99671277e+02     2.36933420e+02     1.21905238e+02   
    3.40000000e+04     8.50000000e+00     1.11025610e+03     3.00577916e+02     2.35970616e+02     1.21681519e+02   
    3.42000000e+04     8.55000000e+00     1.11024766e+03     3.00390355e+02     2.35437381e+02     1.19248027e+02   
    3.44000000e+04     8.60000000e+00     1.11024830e+03     2.99628166e+02     2.34070472e+02     1.18988253e+02   
    3.46000000e+04     8.65000000e+00     1.11025294e+03     3.00560660e+02     2.37350992e+02     1.21035734e+02   
    3.48000000e+04     8.70000000e+00     1.11025336e+03     2.98611668e+02     2.35704177e+02     1.20878198e+02   
    3.50000000e+04     8.75000000e+00     1.11026353e+03     3.00029561e+02     2.37812604e+02     1.22654481e+02   
    3.52000000e+04     8.80000000e+00     1.11025005e+03     3.00579429e+02     2.36340220e+02     1.21754090e+02   
    3.54000000e+04     8.85000000e+00     1.11026028e+03     2.99591507e+02     2.36569284e+02     1.22257004e+02   
    3.56000000e+04     8.90000000e+00     1.11028079e+03     2.99705616e+02     2.38694748e+02     1.23923774e+02   
    3.58000000e+04     8.95000000e+00     1.11028098e+03     3.01932332e+02     2.35904608e+02     1.21308791e+02   
    3.60000000e+04     9.00000000e+00     1.11028070e+03     3.01835380e+02     2.37321155e+02     1.23706365e+02   
    3.62000000e+04     9.05000000e+00     1.11029005e+03     3.02948669e+02     2.37498902e+02     1.23534348e+02   
    3.64000000e+04     9.10000000e+00     1.11028769e+03     3.01138263e+02     2.38499259e+02     1.25037139e+02   
    3.66000000e+04     9.15000000e+00     1.11028924e+03     3.01088973e+02     2.37760382e+02     1.24069292e+02   
    3.68000000e+04     9.20000000e+00     1.11028609e+03     3.00271675e+02     2.37412930e+02     1.23307928e+02   
    3.70000000e+04     9.25000000e+00     1.11029726e+03     2.97772589e+02     2.38886109e+02     1.25683366e+02   
    3.72000000e+04     9.30000000e+00     1.11028507e+03     3.01184183e+02     2.35122572e+02     1.21742338e+02   
    3.74000000e+04     9.35000000e+00     1.11029094e+03     3.03910830e+02     2.34741892e+02     1.20881228e+02   
    3.76000000e+04     9.40000000e+00     1.11029827e+03     3.01414711e+02     2.35949843e+02     1.22231538e+02   
    3.78000000e+04     9.45000000e+00     1.11031002e+03     2.97549242e+02     2.37102683e+02     1.25332450e+02   
    3.80000000e+04     9.50000000e+00     1.11029696e+03     3.02016155e+02     2.35684781e+02     1.22096262e+02   
    3.82000000e+04     9.55000000e+00     1.11032461e+03     3.00528708e+02     2.37829103e+02     1.24363618e+02   
    3.84000000e+04     9.60000000e+00     1.11031582e+03     3.00352781e+02     2.35686614e+02     1.21398501e+02   
    3.86000000e+04     9.65000000e+00     1.11032251e+03     3.01785232e+02     2.35811239e+02     1.21999089e+02   
    3.88000000e+04     9.70000000e+00     1.11033664e+03     3.01150982e+02     2.37894828e+02     1.25999673e+02   
    3.90000000e+04     9.75000000e+00     1.11035249e+03     3.03843879e+02     2.37324333e+02     1.24523680e+02   
    3.92000000e+04     9.80000000e+00     1.11035901e+03     2.98602941e+02     2.35733471e+02     1.23015048e+02   
    3.94000000e+04     9.85000000e+00     1.11037750e+03     3.01008479e+02     2.34966384e+02     1.23913894e+02   
    3.96000000e+04     9.90000000e+00     1.11039588e+03     3.03070629e+02     2.37268544e+02     1.24853016e+02   
    3.98000000e+04     9.95000000e+00     1.11039100e+03     2.98954255e+02     2.36478244e+02     1.25793326e+02   
    4.00000000e+04     1.00000000e+01     1.11038120e+03     3.02071195e+02     2.36954597e+02     1.24280842e+02   
    4.02000000e+04     1.00500000e+01     1.11037431e+03     3.02687356e+02     2.36140723e+02     1.24490791e+02   
    4.04000000e+04     1.01000000e+01     1.11036352e+03     3.01898751e+02     2.35898993e+02     1.25166498e+02   
    4.06000000e+04     1.01500000e+01     1.11035920e+03     2.98504792e+02     2.37505952e+02     1.27510722e+02   
    4.08000000e+04     1.02000000e+01     1.11034558e+03     2.99810812e+02     2.35565582e+02     1.25458548e+02   
    4.10000000e+04     1.02500000e+01     1.11035258e+03     3.00855075e+02     2.38011538e+02     1.28409466e+02   
    4.12000000e+04     1.03000000e+01     1.11033911e+03     3.02021207e+02     2.36135152e+02     1.27258808e+02   
    4.14000000e+04     1.03500000e+01     1.11033825e+03     2.99189637e+02     2.34106132e+02     1.22905943e+02   
    4.16000000e+04     1.04000000e+01     1.11035114e+03     2.99274861e+02     2.35714832e+02     1.24398700e+02   
    4.18000000e+04     1.04500000e+01     1.11036021e+03     2.99608086e+02     2.35898346e+02     1.22027772e+02   
    4.20000000e+04     1.05000000e+01     1.11037262e+03     2.98327957e+02     2.36990157e+02     1.24152173e+02   
    4.22000000e+04     1.05500000e+01     1.11037185e+03     3.00629326e+02     2.36499106e+02     1.24867412e+02   
    4.24000000e+04     1.06000000e+01     1.11037219e+03     3.01501472e+02     2.35656511e+02     1.22877758e+02   
    4.26000000e+04     1.06500000e+01     1.11038529e+03     3.02041283e+02     2.36516185e+02     1.23928809e+02   
    4.28000000e+04     1.07000000e+01     1.11038790e+03     2.99576692e+02     2.37939386e+02     1.25129137e+02   
    4.30000000e+04     1.07500000e+01     1.11037795e+03     2.97089611e+02     2.34968346e+02     1.23375838e+02   
    4.32000000e+04     1.08000000e+01     1.11039438e+03     3.01346648e+02     2.38165983e+02     1.26631150e+02   
    4.34000000e+04     1.08500000e+01     1.11038394e+03     3.00217585e+02     2.37019573e+02     1.26347551e+02   
    4.36000000e+04     1.09000000e+01     1.11037697e+03     3.03076551e+02     2.34117276e+02     1.23003901e+02   
    4.38000000e+04     1.09500000e+01     1.11037604e+03     2.99562022e+02     2.35728833e+02     1.24911362e+02   
    4.40000000e+04     1.10000000e+01     1.11037325e+03     3.01098157e+02     2.35601429e+02     1.23682789e+02   
    4.42000000e+04     1.10500000e+01     1.11036673e+03     3.00987608e+02     2.36527125e+02     1.23470359e+02   
    4.44000000e+04     1.11000000e+01     1.11036762e+03     3.01514924e+02     2.36016020e+02     1.24393097e+02   
    4.46000000e+04     1.11500000e+01     1.11035665e+03     2.99930125e+02     2.34518124e+02     1.23243755e+02   
    4.48000000e+04     1.12000000e+01     1.11035691e+03     3.00079316e+02     2.35579983e+02     1.21022558e+02   
    4.50000000e+04     1.12500000e+01     1.11036706e+03     2.98331532e+02     2.34199222e+02     1.21653885e+02   
    4.52000000e+04     1.13000000e+01     1.11037652e+03     3.02768078e+02     2.35464367e+02     1.21557768e+02   
    4.54000000e+04     1.13500000e+01     1.11038530e+03     2.99924410e+02     2.36655718e+02     1.24256187e+02   
    4.56000000e+04     1.14000000e+01     1.11039559e+03     3.01315638e+02     2.37092150e+02     1.24289210e+02   
    4.58000000e+04     1.14500000e+01     1.11040154e+03     2.99593403e+02     2.36789102e+02     1.26644442e+02   
    4.60000000e+04     1.15000000e+01     1.11039832e+03     2.99454305e+02     2.36490922e+02     1.24752323e+02   
    4.62000000e+04     1.15500000e+01     1.11039253e+03     2.98491445e+02     2.34740732e+02     1.24716207e+02   
    4.64000000e+04     1.16000000e+01     1.11040231e+03     3.01510630e+02     2.36873716e+02     1.25694959e+02   
    4.66000000e+04     1.16500000e+01     1.11040216e+03     3.03422959e+02     2.35540472e+02     1.24820044e+02   
    4.68000000e+04     1.17000000e+01     1.11041053e+03     3.01935209e+02     2.36858659e+02     1.25936031e+02   
    4.70000000e+04     1.17500000e+01     1.11041063e+03     2.98429508e+02     2.34328005e+02     1.24436137e+02   
    4.72000000e+04     1.18000000e+01     1.11042815e+03     3.00813439e+02     2.36341444e+02     1.25295284e+02   
    4.74000000e+04     1.18500000e+01     1.11043518e+03     3.01447092e+02     2.35710301e+02     1.25610287e+02   
    4.76000000e+04     1.19000000e+01     1.11044792e+03     3.02351633e+02     2.37493253e+02     1.27061395e+02   
    4.78000000e+04     1.19500000e+01     1.11044343e+03     3.03768008e+02     2.37072341e+02     1.25718116e+02   
    4.80000000e+04     1.20000000e+01     1.11043375e+03     3.02566194e+02     2.36947873e+02     1.25343818e+02   
    4.82000000e+04     1.20500000e+01     1.11042313e+03     3.03789825e+02     2.35763566e+02     1.24198938e+02   
    4.84000000e+04     1.21000000e+01     1.11041230e+03     2.99044516e+02     2.35138794e+02     1.24046857e+02   
    4.86000000e+04     1.21500000e+01     1.11041892e+03     3.02206655e+02     2.36449981e+02     1.24387818e+02   
    4.88000000e+04     1.22000000e+01     1.11039804e+03     3.05793168e+02     2.34290093e+02     1.21925454e+02   
    4.90000000e+04     1.22500000e+01     1.11040436e+03     3.02511375e+02     2.37686949e+02     1.24323046e+02   
    4.92000000e+04     1.23000000e+01     1.11040163e+03     2.97624405e+02     2.37624380e+02     1.24763667e+02   
    4.94000000e+04     1.23500000e+01     1.11039210e+03     2.99835094e+02     2.36206709e+02     1.24447050e+02   
    4.96000000e+04     1.24000000e+01     1.11039723e+03     2.99127151e+02     2.36691345e+02     1.24436947e+02   
    4.98000000e+04     1.24500000e+01     1.11041282e+03     2.98646220e+02     2.36787652e+02     1.24657665e+02   
    5.00000000e+04     1.25000000e+01     1.11041170e+03     3.00430178e+02     2.35376594e+02     1.22915172e+02   
    5.02000000e+04     1.25500000e+01     1.11041710e+03     2.99904222e+02     2.36218460e+02     1.22707817e+02   
    5.04000000e+04     1.26000000e+01     1.11044002e+03     3.01523377e+02     2.38616462e+02     1.25929052e+02   
    5.06000000e+04     1.26500000e+01     1.11044134e+03     2.99271119e+02     2.35889103e+02     1.23163412e+02   
    5.08000000e+04     1.27000000e+01     1.11045294e+03     3.01727062e+02     2.37676440e+02     1.25385286e+02   
    5.10000000e+04     1.27500000e+01     1.11044589e+03     3.00572296e+02     2.37226296e+02     1.25343564e+02   
    5.12000000e+04     1.28000000e+01     1.11045017e+03     2.98068594e+02     2.36677525e+02     1.25920764e+02   
    5.14000000e+04     1.28500000e+01     1.11044304e+03     2.98344935e+02     2.37145247e+02     1.27605083e+02   
    5.16000000e+04     1.29000000e+01     1.11042535e+03     3.02690292e+02     2.37471908e+02     1.27271611e+02   
    5.18000000e+04     1.29500000e+01     1.11040625e+03     3.00927437e+02     2.35200186e+02     1.23067265e+02   
    5.20000000e+04     1.30000000e+01     1.11039044e+03     2.99419444e+02     2.35324791e+02     1.23900196e+02   
    5.22000000e+04     1.30500000e+01     1.11038592e+03     3.00334440e+02     2.35505255e+02     1.23554932e+02   
    5.24000000e+04     1.31000000e+01     1.11038618e+03     2.97932397e+02     2.36203698e+02     1.25632639e+02   
    5.26000000e+04     1.31500000e+01     1.11038983e+03     2.99547994e+02     2.35405856e+02     1.24659744e+02   
    5.28000000e+04     1.32000000e+01     1.11039425e+03     3.00590305e+02     2.37850807e+02     1.29481290e+02   
    5.30000000e+04     1.32500000e+01     1.11039372e+03     3.01750657e+02     2.34976218e+02     1.24792788e+02   
    5.32000000e+04     1.33000000e+01     1.11040271e+03     3.04108827e+02     2.34558012e+02     1.24407489e+02   
    5.34000000e+04     1.33500000e+01     1.11042059e+03     3.01096344e+02     2.36001705e+02     1.25531006e+02   
    5.36000000e+04     1.34000000e+01     1.11043779e+03     3.03256559e+02     2.37142140e+02     1.27062724e+02   
    5.38000000e+04     1.34500000e+01     1.11044752e+03     3.02073560e+02     2.38557908e+02     1.29289623e+02   
    5.40000000e+04     1.35000000e+01     1.11044811e+03     3.01194598e+02     2.38274631e+02     1.27379081e+02   
    5.42000000e+04     1.35500000e+01     1.11045683e+03     3.03821017e+02     2.36884209e+02     1.24730411e+02   
    5.44000000e+04     1.36000000e+01     1.11046968e+03     3.00852615e+02     2.37323049e+02     1.25543198e+02   
    5.46000000e+04     1.36500000e+01     1.11048167e+03     3.01280546e+02     2.37442463e+02     1.27764770e+02   
    5.48000000e+04     1.37000000e+01     1.11048807e+03     3.01835901e+02     2.35930118e+02     1.26730166e+02   
    5.50000000e+04     1.37500000e+01     1.11050688e+03     3.02560300e+02     2.35895435e+02     1.25754846e+02   
    5.52000000e+04     1.38000000e+01     1.11051481e+03     2.98850719e+02     2.36752741e+02     1.26936884e+02   
    5.54000000e+04     1.38500000e+01     1.11051905e+03     3.02634544e+02     2.35928286e+02     1.25161021e+02   
    5.56000000e+04     1.39000000e+01     1.11050452e+03     3.03510931e+02     2.34108931e+02     1.25072622e+02   
    5.58000000e+04     1.39500000e+01     1.11049969e+03     3.02329953e+02     2.35463750e+02     1.25731344e+02   
    5.60000000e+04     1.40000000e+01     1.11048801e+03     2.99215760e+02     2.35184785e+02     1.26637633e+02   
    5.62000000e+04     1.40500000e+01     1.11047946e+03     3.01456270e+02     2.36242704e+02     1.25423665e+02   
    5.64000000e+04     1.41000000e+01     1.11048443e+03     3.01055252e+02     2.37333349e+02     1.27354302e+02   
    5.66000000e+04     1.41500000e+01     1.11048191e+03     3.03020916e+02     2.37176275e+02     1.26471933e+02   
    5.68000000e+04     1.42000000e+01     1.11048488e+03     3.01833859e+02     2.37081289e+02     1.26374330e+02   
    5.70000000e+04     1.42500000e+01     1.11049766e+03     3.04529772e+02     2.36900356e+02     1.24442068e+02   
    5.72000000e+04     1.43000000e+01     1.11051021e+03     3.01513102e+02     2.36220687e+02     1.25613437e+02   
    5.74000000e+04     1.43500000e+01     1.11052293e+03     3.00749390e+02     2.36721541e+02     1.25283059e+02   
    5.76000000e+04     1.44000000e+01     1.11052970e+03     2.99017937e+02     2.36561520e+02     1.24929643e+02   
    5.78000000e+04     1.44500000e+01     1.11052028e+03     3.02449400e+02     2.38207680e+02     1.25289898e+02   
    5.80000000e+04     1.45000000e+01     1.11052154e+03     3.01586935e+02     2.35506545e+02     1.23438718e+02   
    5.82000000e+04     1.45500000e+01     1.11053660e+03     3.01163625e+02     2.37620674e+02     1.27083109e+02   
    5.84000000e+04     1.46000000e+01     1.11054158e+03     2.99046803e+02     2.37273640e+02     1.27239290e+02   
    5.86000000e+04     1.46500000e+01     1.11055383e+03     3.00084717e+02     2.37237431e+02     1.25923135e+02   
    5.88000000e+04     1.47000000e+01     1.11054969e+03     3.02237715e+02     2.36329021e+02     1.25448949e+02   
    5.90000000e+04     1.47500000e+01     1.11054921e+03     2.99952687e+02     2.38106814e+02     1.27555092e+02   
    5.92000000e+04     1.48000000e+01     1.11054177e+03     3.00644612e+02     2.36402619e+02     1.24688040e+02   
    5.94000000e+04     1.48500000e+01     1.11054024e+03     3.03451662e+02     2.35330111e+02     1.23304571e+02   
    5.96000000e+04     1.49000000e+01     1.11053807e+03     2.99197179e+02     2.34347602e+02     1.22298964e+02   
    5.98000000e+04     1.49500000e+01     1.11054236e+03     2.99085783e+02     2.38051627e+02     1.27202528e+02   
    6.00000000e+04     1.50000000e+01     1.11051807e+03     2.99823023e+02     2.36748098e+02     1.27062464e+02   
    6.02000000e+04     1.50500000e+01     1.11050362e+03     2.98559396e+02     2.34346709e+02     1.22854751e+02   
    6.04000000e+04     1.51000000e+01     1.11050877e+03     3.00958388e+02     2.34953609e+02     1.23152704e+02   
    6.06000000e+04     1.51500000e+01     1.11050406e+03     2.98047752e+02     2.37154657e+02     1.25829408e+02   
    6.08000000e+04     1.52000000e+01     1.11049218e+03     3.00162505e+02     2.34158735e+02     1.21309298e+02   
    6.10000000e+04     1.52500000e+01     1.11049101e+03     2.99336484e+02     2.36112160e+02     1.24976568e+02   
    6.12000000e+04     1.53000000e+01     1.11049472e+03     3.03232634e+02     2.36103397e+02     1.23162825e+02   
    6.14000000e+04     1.53500000e+01     1.11050150e+03     2.98707935e+02     2.35611248e+02     1.23654584e+02   
    6.16000000e+04     1.54000000e+01     1.11051394e+03     2.99205977e+02     2.36953373e+02     1.25846458e+02   
    6.18000000e+04     1.54500000e+01     1.11050723e+03     3.01153518e+02     2.34766073e+02     1.23225429e+02   
    6.20000000e+04     1.55000000e+01     1.11051456e+03     3.00393458e+02     2.35921313e+02     1.25363160e+02   
    6.22000000e+04     1.55500000e+01     1.11052216e+03     3.03748709e+02     2.37545465e+02     1.26852365e+02   
    6.24000000e+04     1.56000000e+01     1.11051439e+03     3.02587373e+02     2.36008739e+02     1.23997116e+02   
    6.26000000e+04     1.56500000e+01     1.11052831e+03     2.98683222e+02     2.36682001e+02     1.25051322e+02   
    6.28000000e+04     1.57000000e+01     1.11052799e+03     2.98998624e+02     2.36053603e+02     1.26152490e+02   
    6.30000000e+04     1.57500000e+01     1.11051818e+03     2.97487613e+02     2.34808865e+02     1.23647312e+02   
    6.32000000e+04     1.58000000e+01     1.11052647e+03     2.97779684e+02     2.35265043e+02     1.25205663e+02   
    6.34000000e+04     1.58500000e+01     1.11052546e+03     2.98524310e+02     2.35317644e+02     1.24262104e+02   
    6.36000000e+04     1.59000000e+01     1.11053230e+03     3.00178243e+02     2.36265939e+02     1.24211480e+02   
    6.38000000e+04     1.59500000e+01     1.11053350e+03     3.01969574e+02     2.34150162e+02     1.23234988e+02   
    6.40000000e+04     1.60000000e+01     1.11054691e+03     3.01492722e+02     2.36238130e+02     1.23287610e+02   
    6.42000000e+04     1.60500000e+01     1.11055084e+03     2.97320132e+02     2.36869648e+02     1.26081603e+02   
    6.44000000e+04     1.61000000e+01     1.11055054e+03     3.00885311e+02     2.36855865e+02     1.25595674e+02   
    6.46000000e+04     1.61500000e+01     1.11054453e+03     3.02229360e+02     2.36068953e+02     1.24265387e+02   
    6.48000000e+04     1.62000000e+01     1.11054122e+03     3.02384767e+02     2.34862248e+02     1.24007602e+02   
    6.50000000e+04     1.62500000e+01     1.11054188e+03     3.03282417e+02     2.36976455e+02     1.24458216e+02   
    6.52000000e+04     1.63000000e+01     1.11055068e+03     3.01284247e+02     2.37406234e+02     1.25199290e+02   
    6.54000000e+04     1.63500000e+01     1.11056131e+03     3.02861861e+02     2.36140686e+02     1.22483474e+02   
    6.56000000e+04     1.64000000e+01     1.11055307e+03     2.96769446e+02     2.37783252e+02     1.24820683e+02   
    6.58000000e+04     1.64500000e+01     1.11053315e+03     3.03461527e+02     2.35231390e+02     1.22016100e+02   
    6.60000000e+04     1.65000000e+01     1.11054208e+03     2.99089583e+02     2.37415345e+02     1.25301761e+02   
    6.62000000e+04     1.65500000e+01     1.11053841e+03     3.03048256e+02     2.37307231e+02     1.24890848e+02   
    6.64000000e+04     1.66000000e+01     1.11052124e+03     3.03103320e+02     2.35693231e+02     1.24341616e+02   
    6.66000000e+04     1.66500000e+01     1.11052720e+03     3.04266046e+02     2.35463595e+02     1.23889074e+02   
    6.68000000e+04     1.67000000e+01     1.11052543e+03     3.01375761e+02     2.36864472e+02     1.24743802e+02   
    6.70000000e+04     1.67500000e+01     1.11051277e+03     2.99628739e+02     2.35174259e+02     1.22802981e+02   
    6.72000000e+04     1.68000000e+01     1.11052125e+03     2.98993153e+02     2.36141034e+02     1.25470112e+02   
    6.74000000e+04     1.68500000e+01     1.11051129e+03     2.99629599e+02     2.35736295e+02     1.25605433e+02   
    6.76000000e+04     1.69000000e+01     1.11051758e+03     3.01373591e+02     2.36466318e+02     1.23685729e+02   
    6.78000000e+04     1.69500000e+01     1.11050771e+03     3.01642861e+02     2.34294484e+02     1.21329848e+02   
    6.80000000e+04     1.70000000e+01     1.11051150e+03     3.01549569e+02     2.35575811e+02     1.22365559e+02   
    6.82000000e+04     1.70500000e+01     1.11052562e+03     2.98401293e+02     2.36196422e+02     1.24844572e+02   
    6.84000000e+04     1.71000000e+01     1.11053952e+03     3.02659324e+02     2.35531964e+02     1.22075317e+02   
    6.86000000e+04     1.71500000e+01     1.11055787e+03     3.01213331e+02     2.36941524e+02     1.23929903e+02   
    6.88000000e+04     1.72000000e+01     1.11055646e+03     3.02277732e+02     2.36604134e+02     1.24948216e+02   
    6.90000000e+04     1.72500000e+01     1.11055521e+03     3.04851738e+02     2.37153834e+02     1.24296972e+02   
    6.92000000e+04     1.73000000e+01     1.11056219e+03     3.01704027e+02     2.35863073e+02     1.24121671e+02   
    6.94000000e+04     1.73500000e+01     1.11056986e+03     2.99392161e+02     2.35476361e+02     1.22797766e+02   
    6.96000000e+04     1.74000000e+01     1.11056639e+03     3.02059307e+02     2.37192484e+02     1.25378625e+02   
    6.98000000e+04     1.74500000e+01     1.11055480e+03     2.99276034e+02     2.35975561e+02     1.24060313e+02   
    7.00000000e+04     1.75000000e+01     1.11053240e+03     3.01080238e+02     2.34531855e+02     1.21853802e+02   
    7.02000000e+04     1.75500000e+01     1.11053470e+03     2.98790702e+02     2.37098347e+02     1.23413649e+02   
    7.04000000e+04     1.76000000e+01     1.11052787e+03     3.02307893e+02     2.36815153e+02     1.23527349e+02   
    7.06000000e+04     1.76500000e+01     1.11052294e+03     3.01394722e+02     2.35686755e+02     1.22489811e+02   
    7.08000000e+04     1.77000000e+01     1.11052548e+03     3.02508554e+02     2.33336962e+02     1.20496446e+02   
    7.10000000e+04     1.77500000e+01     1.11052809e+03     2.98479649e+02     2.33770747e+02     1.21341167e+02   
    7.12000000e+04     1.78000000e+01     1.11054342e+03     3.03098461e+02     2.37135525e+02     1.25313474e+02   
    7.14000000e+04     1.78500000e+01     1.11054044e+03     3.00982548e+02     2.34757305e+02     1.21535079e+02   
    7.16000000e+04     1.79000000e+01     1.11055047e+03     3.05226234e+02     2.38582309e+02     1.25952996e+02   
    7.18000000e+04     1.79500000e+01     1.11053916e+03     3.01080866e+02     2.36475075e+02     1.24454424e+02   
    7.20000000e+04     1.80000000e+01     1.11053892e+03     3.02743340e+02     2.37200424e+02     1.24831074e+02   
    7.22000000e+04     1.80500000e+01     1.11053069e+03     3.00508204e+02     2.35871950e+02     1.23687993e+02   
    7.24000000e+04     1.81000000e+01     1.11053055e+03     3.01668550e+02     2.36130218e+02     1.22433236e+02   
    7.26000000e+04     1.81500000e+01     1.11053669e+03     2.98771478e+02     2.37155945e+02     1.25360327e+02   
    7.28000000e+04     1.82000000e+01     1.11052737e+03     3.01280617e+02     2.37071298e+02     1.25077286e+02   
    7.30000000e+04     1.82500000e+01     1.11049666e+03     3.00964090e+02     2.34200388e+02     1.22660265e+02   
    7.32000000e+04     1.83000000e+01     1.11049959e+03     2.98795155e+02     2.35549040e+02     1.23372329e+02   
    7.34000000e+04     1.83500000e+01     1.11050920e+03     2.99416145e+02     2.37062426e+02     1.22488430e+02   
    7.36000000e+04     1.84000000e+01     1.11051839e+03     3.02560801e+02     2.36068948e+02     1.24648098e+02   
    7.38000000e+04     1.84500000e+01     1.11052513e+03     3.01582215e+02     2.36389381e+02     1.23682297e+02   
    7.40000000e+04     1.85000000e+01     1.11052683e+03     2.97780533e+02     2.35267843e+02     1.24608860e+02   
    7.42000000e+04     1.85500000e+01     1.11053400e+03     3.01824524e+02     2.37611987e+02     1.25230499e+02   
    7.44000000e+04     1.86000000e+01     1.11052589e+03     3.00946610e+02     2.35096205e+02     1.24619785e+02   
    7.46000000e+04     1.86500000e+01     1.11051678e+03     3.00822579e+02     2.35581883e+02     1.21723601e+02   
    7.48000000e+04     1.87000000e+01     1.11052252e+03     3.02116138e+02     2.36810588e+02     1.24831815e+02   
    7.50000000e+04     1.87500000e+01     1.11053165e+03     2.99176280e+02     2.38057851e+02     1.25828977e+02   
    7.52000000e+04     1.88000000e+01     1.11052368e+03     3.02285337e+02     2.35975273e+02     1.25068629e+02   
    7.54000000e+04     1.88500000e+01     1.11052320e+03     3.01354240e+02     2.35297680e+02     1.24828631e+02   
    7.56000000e+04     1.89000000e+01     1.11051947e+03     2.98086117e+02     2.35383012e+02     1.23804044e+02   
    7.58000000e+04     1.89500000e+01     1.11052520e+03     2.98271144e+02     2.35241695e+02     1.25056512e+02   
    7.60000000e+04     1.90000000e+01     1.11053569e+03     3.00329162e+02     2.36955878e+02     1.24570926e+02   
    7.62000000e+04     1.90500000e+01     1.11054245e+03     3.02140699e+02     2.35150378e+02     1.21914619e+02   
    7.64000000e+04     1.91000000e+01     1.11055092e+03     2.97335448e+02     2.36149897e+02     1.22416840e+02   
    7.66000000e+04     1.91500000e+01     1.11053702e+03     3.03019151e+02     2.36229219e+02     1.23782334e+02   
    7.68000000e+04     1.92000000e+01     1.11053437e+03     3.00807285e+02     2.36001258e+02     1.22970472e+02   
    7.70000000e+04     1.92500000e+01     1.11054223e+03     3.01116265e+02     2.36085901e+02     1.23171445e+02   
    7.72000000e+04     1.93000000e+01     1.11055578e+03     3.03497589e+02     2.36324482e+02     1.25352889e+02   
    7.74000000e+04     1.93500000e+01     1.11055626e+03     3.00497697e+02     2.35853877e+02     1.25726325e+02   
    7.76000000e+04     1.94000000e+01     1.11056113e+03     2.97899549e+02     2.36023777e+02     1.26285436e+02   
    7.78000000e+04     1.94500000e+01     1.11057448e+03     3.03267307e+02     2.36397631e+02     1.25404679e+02   
    7.80000000e+04     1.95000000e+01     1.11058651e+03     3.02309434e+02     2.38321978e+02     1.26517148e+02   
    7.82000000e+04     1.95500000e+01     1.11058410e+03     3.01151564e+02     2.37043117e+02     1.26650355e+02   
    7.84000000e+04     1.96000000e+01     1.11057914e+03     3.02188066e+02     2.35857849e+02     1.25832614e+02   
    7.86000000e+04     1.96500000e+01     1.11058109e+03     3.01091673e+02     2.35962799e+02     1.27341928e+02   
    7.88000000e+04     1.97000000e+01     1.11057699e+03     3.01798748e+02     2.34114273e+02     1.23225952e+02   
    7.90000000e+04     1.97500000e+01     1.11057634e+03     3.03145614e+02     2.35714220e+02     1.24815986e+02   
    7.92000000e+04     1.98000000e+01     1.11057735e+03     2.97187396e+02     2.35742437e+02     1.25992602e+02   
    7.94000000e+04     1.98500000e+01     1.11056810e+03     3.01356581e+02     2.35763810e+02     1.23583266e+02   
    7.96000000e+04     1.99000000e+01     1.11056117e+03     3.03181509e+02     2.37145225e+02     1.23022742e+02   
    7.98000000e+04     1.99500000e+01     1.11056028e+03     3.02768177e+02     2.36422711e+02     1.23978345e+02   
    8.00000000e+04     2.00000000e+01     1.11055225e+03     2.98732984e+02     2.35190521e+02     1.23453200e+02   
