# column   1     --> step : The current simulation time step.
# column   2     --> time{picosecond} : The elapsed simulation time.
# column   3     --> conserved{electronvolt} : The value of the conserved energy quantity per bead.
# column   4     --> temperature{kelvin} : The current temperature, as obtained from the MD kinetic energy.
# column   5     --> kinetic_cv{electronvolt} : The centroid-virial quantum kinetic energy of the physical system.
# column   6     --> potential{electronvolt} : The physical system potential energy.
    0.00000000e+00     0.00000000e+00     1.10972548e+03     3.04273373e+02     2.36049344e+02     1.22250630e+02   
    2.00000000e+02     5.00000000e-02     1.10972466e+03     2.97705568e+02     2.35060773e+02     1.22161983e+02   
    4.00000000e+02     1.00000000e-01     1.10972562e+03     3.02702054e+02     2.36399798e+02     1.21885037e+02   
    6.00000000e+02     1.50000000e-01     1.10971726e+03     3.00063141e+02     2.33269845e+02     1.19464987e+02   
    8.00000000e+02     2.00000000e-01     1.10972462e+03     2.99580600e+02     2.37330974e+02     1.22806371e+02   
    1.00000000e+03     2.50000000e-01     1.10971502e+03     3.03858247e+02     2.34963750e+02     1.20705855e+02   
    1.20000000e+03     3.00000000e-01     1.10971760e+03     3.00019438e+02     2.35651899e+02     1.21493328e+02   
    1.40000000e+03     3.50000000e-01     1.10971448e+03     3.01041941e+02     2.36262304e+02     1.21184825e+02   
    1.60000000e+03     4.00000000e-01     1.10972086e+03     2.97509712e+02     2.34519883e+02     1.20999349e+02   
    1.80000000e+03     4.50000000e-01     1.10972467e+03     2.99033110e+02     2.34473760e+02     1.21495342e+02   
    2.00000000e+03     5.00000000e-01     1.10972044e+03     2.98997530e+02     2.35836997e+02     1.22157220e+02   
    2.20000000e+03     5.50000000e-01     1.10972759e+03     2.94920401e+02     2.37173676e+02     1.23417165e+02   
    2.40000000e+03     6.00000000e-01     1.10972087e+03     2.98579362e+02     2.35830562e+02     1.23085932e+02   
    2.60000000e+03     6.50000000e-01     1.10973157e+03     2.98459836e+02     2.36548869e+02     1.22574140e+02   
    2.80000000e+03     7.00000000e-01     1.10972731e+03     3.01679195e+02     2.35549163e+02     1.22239972e+02   
    3.00000000e+03     7.50000000e-01     1.10973896e+03     2.98302098e+02     2.37330076e+02     1.24904936e+02   
    3.20000000e+03     8.00000000e-01     1.10971034e+03     2.98259364e+02     2.35303527e+02     1.22413618e+02   
    3.40000000e+03     8.50000000e-01     1.10970832e+03     2.99701224e+02     2.36847240e+02     1.24549462e+02   
    3.60000000e+03     9.00000000e-01     1.10970345e+03     2.98468843e+02     2.36637014e+02     1.23867516e+02   
    3.80000000e+03     9.50000000e-01     1.10972686e+03     3.00755652e+02     2.37529331e+02     1.26036938e+02   
    4.00000000e+03     1.00000000e+00     1.10973570e+03     3.00406168e+02     2.35806363e+02     1.24286250e+02   
    4.20000000e+03     1.05000000e+00     1.10975581e+03     2.99289025e+02     2.36211126e+02     1.25385577e+02   
    4.40000000e+03     1.10000000e+00     1.10975932e+03     2.97980757e+02     2.34494143e+02     1.20819647e+02   
    4.60000000e+03     1.15000000e+00     1.10978451e+03     3.00475400e+02     2.36719696e+02     1.23486783e+02   
    4.80000000e+03     1.20000000e+00     1.10978669e+03     3.02120992e+02     2.38264282e+02     1.25082971e+02   
    5.00000000e+03     1.25000000e+00     1.10976892e+03     3.01104076e+02     2.33155973e+02     1.21396729e+02   
    5.20000000e+03     1.30000000e+00     1.10977117e+03     3.02745883e+02     2.35232325e+02     1.22140167e+02   
    5.40000000e+03     1.35000000e+00     1.10977069e+03     3.04263608e+02     2.36375388e+02     1.22845943e+02   
    5.60000000e+03     1.40000000e+00     1.10977514e+03     3.03328194e+02     2.36017580e+02     1.23488732e+02   
    5.80000000e+03     1.45000000e+00     1.10976531e+03     2.98541112e+02     2.36516520e+02     1.24067945e+02   
    6.00000000e+03     1.50000000e+00     1.10976411e+03     3.02643233e+02     2.37498984e+02     1.25084879e+02   
    6.20000000e+03     1.55000000e+00     1.10977453e+03     2.98637994e+02     2.35975306e+02     1.23162343e+02   
    6.40000000e+03     1.60000000e+00     1.10978824e+03     3.00860596e+02     2.38126356e+02     1.24541249e+02   
    6.60000000e+03     1.65000000e+00     1.10977758e+03     3.00459225e+02     2.35042433e+02     1.20386056e+02   
    6.80000000e+03     1.70000000e+00     1.10977677e+03     3.00602399e+02     2.35557508e+02     1.21185143e+02   
    7.00000000e+03     1.75000000e+00     1.10976670e+03     3.03162001e+02     2.35251196e+02     1.19563830e+02   
    7.20000000e+03     1.80000000e+00     1.10975896e+03     3.02181554e+02     2.33902993e+02     1.21600408e+02   
    7.40000000e+03     1.85000000e+00     1.10976536e+03     2.97919227e+02     2.37585164e+02     1.24575454e+02   
    7.60000000e+03     1.90000000e+00     1.10976622e+03     3.02142582e+02     2.35731074e+02     1.23665073e+02   
    7.80000000e+03     1.95000000e+00     1.10976432e+03     3.03572146e+02     2.37386530e+02     1.24956248e+02   
    8.00000000e+03     2.00000000e+00     1.10975682e+03     3.01428845e+02     2.36191135e+02     1.22272106e+02   
    8.20000000e+03     2.05000000e+00     1.10975716e+03     2.99518188e+02     2.36461785e+02     1.22067244e+02   
    8.40000000e+03     2.10000000e+00     1.10975981e+03     3.02662090e+02     2.35883245e+02     1.20239360e+02   
    8.60000000e+03     2.15000000e+00     1.10975807e+03     2.98145810e+02     2.36599914e+02     1.22039160e+02   
    8.80000000e+03     2.20000000e+00     1.10974977e+03     2.98576177e+02     2.35234805e+02     1.19154008e+02   
    9.00000000e+03     2.25000000e+00     1.10974865e+03     2.99550856e+02     2.34954636e+02     1.19768731e+02   
    9.20000000e+03     2.30000000e+00     1.10974447e+03     3.01680333e+02     2.36619005e+02     1.20039903e+02   
    9.40000000e+03     2.35000000e+00     1.10972908e+03     3.01096615e+02     2.35283261e+02     1.20179394e+02   
    9.60000000e+03     2.40000000e+00     1.10973417e+03     3.00262092e+02     2.36952678e+02     1.21676814e+02   
    9.80000000e+03     2.45000000e+00     1.10972479e+03     3.00688690e+02     2.35060569e+02     1.19590547e+02   
    1.00000000e+04     2.50000000e+00     1.10972932e+03     3.00380515e+02     2.35609676e+02     1.20181345e+02   
    1.02000000e+04     2.55000000e+00     1.10973584e+03     2.99646310e+02     2.37402089e+02     1.21224537e+02   
    1.04000000e+04     2.60000000e+00     1.10973607e+03     2.99047849e+02     2.38715454e+02     1.22507120e+02   
    1.06000000e+04     2.65000000e+00     1.10972184e+03     3.02701699e+02     2.35547069e+02     1.19450691e+02   
    1.08000000e+04     2.70000000e+00     1.10971722e+03     2.96943035e+02     2.38061147e+02     1.21666744e+02   
    1.10000000e+04     2.75000000e+00     1.10972963e+03     3.02284448e+02     2.37998298e+02     1.21580470e+02   
    1.12000000e+04     2.80000000e+00     1.10973330e+03     3.00427669e+02     2.37385276e+02     1.22700063e+02   
    1.14000000e+04     2.85000000e+00     1.10974256e+03     3.05333954e+02     2.36075858e+02     1.22607774e+02   
    1.16000000e+04     2.90000000e+00     1.10976374e+03     3.00321800e+02     2.37239539e+02     1.23334320e+02   
    1.18000000e+04     2.95000000e+00     1.10977460e+03     2.98287849e+02     2.37706379e+02     1.24049589e+02   
    1.20000000e+04     3.00000000e+00     1.10975651e+03     2.99050172e+02     2.34963617e+02     1.22867440e+02   
    1.22000000e+04     3.05000000e+00     1.10976221e+03     2.98974022e+02     2.37009002e+02     1.23270177e+02   
    1.24000000e+04     3.10000000e+00     1.10975596e+03     2.99966876e+02     2.36828845e+02     1.24888593e+02   
    1.26000000e+04     3.15000000e+00     1.10972852e+03     2.99778170e+02     2.35244530e+02     1.20867736e+02   
    1.28000000e+04     3.20000000e+00     1.10972831e+03     2.93530034e+02     2.37037227e+02     1.25841163e+02   
    1.30000000e+04     3.25000000e+00     1.10971696e+03     2.99270816e+02     2.35899534e+02     1.22513335e+02   
    1.32000000e+04     3.30000000e+00     1.10971551e+03     2.96649981e+02     2.35923477e+02     1.23228069e+02   
    1.34000000e+04     3.35000000e+00     1.10971920e+03     2.96649917e+02     2.36992168e+02     1.23429154e+02   
    1.36000000e+04     3.40000000e+00     1.10970931e+03     3.01319891e+02     2.35578941e+02     1.21685595e+02   
    1.38000000e+04     3.45000000e+00     1.10971519e+03     3.01605291e+02     2.36520193e+02     1.22922161e+02   
    1.40000000e+04     3.50000000e+00     1.10971468e+03     3.01010062e+02     2.36932075e+02     1.23474967e+02   
    1.42000000e+04     3.55000000e+00     1.10972052e+03     3.00864129e+02     2.37368746e+02     1.23987181e+02   
    1.44000000e+04     3.60000000e+00     1.10970672e+03     2.98215536e+02     2.35007970e+02     1.22999376e+02   
    1.46000000e+04     3.65000000e+00     1.10971185e+03     2.98039709e+02     2.37506397e+02     1.24926073e+02   
    1.48000000e+04     3.70000000e+00     1.10970538e+03     3.00436145e+02     2.37567888e+02     1.25812390e+02   
    1.50000000e+04     3.75000000e+00     1.10969486e+03     2.99870990e+02     2.36399904e+02     1.23352153e+02   
    1.52000000e+04     3.80000000e+00     1.10969959e+03     2.99230275e+02     2.36706900e+02     1.25493519e+02   
    1.54000000e+04     3.85000000e+00     1.10969407e+03     2.99799861e+02     2.35013044e+02     1.22221539e+02   
    1.56000000e+04     3.90000000e+00     1.10970057e+03     3.01575262e+02     2.35574310e+02     1.22392729e+02   
    1.58000000e+04     3.95000000e+00     1.10970774e+03     2.98787861e+02     2.36760472e+02     1.25295958e+02   
    1.60000000e+04     4.00000000e+00     1.10970139e+03     2.99943160e+02     2.37402927e+02     1.24522298e+02   
    1.62000000e+04     4.05000000e+00     1.10970119e+03     2.96953500e+02     2.36667966e+02     1.25015621e+02   
    1.64000000e+04     4.10000000e+00     1.10969401e+03     3.02570539e+02     2.36115497e+02     1.22963062e+02   
    1.66000000e+04     4.15000000e+00     1.10968541e+03     2.97791299e+02     2.36067554e+02     1.24095372e+02   
    1.68000000e+04     4.20000000e+00     1.10967562e+03     2.99626138e+02     2.34496983e+02     1.20382973e+02   
    1.70000000e+04     4.25000000e+00     1.10968834e+03     2.95546702e+02     2.36464130e+02     1.24190481e+02   
    1.72000000e+04     4.30000000e+00     1.10967600e+03     2.96950393e+02     2.35916025e+02     1.22165719e+02   
    1.74000000e+04     4.35000000e+00     1.10966953e+03     2.95611221e+02     2.34821281e+02     1.23113835e+02   
    1.76000000e+04     4.40000000e+00     1.10968815e+03     2.95808482e+02     2.39065934e+02     1.26409107e+02   
    1.78000000e+04     4.45000000e+00     1.10968228e+03     2.99820000e+02     2.36434816e+02     1.23676414e+02   
    1.80000000e+04     4.50000000e+00     1.10967040e+03     2.98491420e+02     2.37216548e+02     1.23360799e+02   
    1.82000000e+04     4.55000000e+00     1.10966642e+03     3.00519660e+02     2.34992210e+02     1.20001380e+02   
    1.84000000e+04     4.60000000e+00     1.10966881e+03     3.00582331e+02     2.35021246e+02     1.20595561e+02   
    1.86000000e+04     4.65000000e+00     1.10967223e+03     3.00860518e+02     2.35621266e+02     1.20975977e+02   
    1.88000000e+04     4.70000000e+00     1.10968877e+03     3.02359612e+02     2.36334739e+02     1.22641534e+02   
    1.90000000e+04     4.75000000e+00     1.10970539e+03     2.99974775e+02     2.38285815e+02     1.24527005e+02   
    1.92000000e+04     4.80000000e+00     1.10970075e+03     3.02254859e+02     2.36334172e+02     1.22434035e+02   
    1.94000000e+04     4.85000000e+00     1.10970508e+03     3.01284132e+02     2.37419534e+02     1.24037738e+02   
    1.96000000e+04     4.90000000e+00     1.10970775e+03     2.99517303e+02     2.37872830e+02     1.25243364e+02   
    1.98000000e+04     4.95000000e+00     1.10969488e+03     3.04062824e+02     2.35669039e+02     1.21755795e+02   
    2.00000000e+04     5.00000000e+00     1.10969923e+03     3.00406352e+02     2.35402309e+02     1.21733118e+02   
    2.02000000e+04     5.05000000e+00     1.10970199e+03     3.01809969e+02     2.34941084e+02     1.22660588e+02   
    2.04000000e+04     5.10000000e+00     1.10970480e+03     3.03535453e+02     2.36510146e+02     1.23004254e+02   
    2.06000000e+04     5.15000000e+00     1.10971266e+03     2.99989952e+02     2.36732743e+02     1.24726101e+02   
    2.08000000e+04     5.20000000e+00     1.10973402e+03     3.02204786e+02     2.38171860e+02     1.25554956e+02   
    2.10000000e+04     5.25000000e+00     1.10973283e+03     2.98684191e+02     2.35873284e+02     1.24916535e+02   
    2.12000000e+04     5.30000000e+00     1.10973208e+03     2.99231002e+02     2.35192339e+02     1.24092429e+02   
    2.14000000e+04     5.35000000e+00     1.10973717e+03     3.00688220e+02     2.37027414e+02     1.26096351e+02   
    2.16000000e+04     5.40000000e+00     1.10972496e+03     2.99579321e+02     2.36351537e+02     1.23025637e+02   
    2.18000000e+04     5.45000000e+00     1.10971804e+03     2.99193306e+02     2.35573123e+02     1.23975039e+02   
    2.20000000e+04     5.50000000e+00     1.10972067e+03     3.00182206e+02     2.37700073e+02     1.24246050e+02   
    2.22000000e+04     5.55000000e+00     1.10970556e+03     3.00665157e+02     2.34399373e+02     1.24181730e+02   
    2.24000000e+04     5.60000000e+00     1.10971047e+03     2.96908799e+02     2.36292122e+02     1.25752564e+02   
    2.26000000e+04     5.65000000e+00     1.10970635e+03     2.97624328e+02     2.33941651e+02     1.22825260e+02   
    2.28000000e+04     5.70000000e+00     1.10971368e+03     3.00012507e+02     2.36565237e+02     1.26379830e+02   
    2.30000000e+04     5.75000000e+00     1.10971903e+03     3.03355650e+02     2.37387330e+02     1.26209577e+02   
    2.32000000e+04     5.80000000e+00     1.10972695e+03     2.98434829e+02     2.38363570e+02     1.27735270e+02   
    2.34000000e+04     5.85000000e+00     1.10973277e+03     2.99328473e+02     2.36042559e+02     1.26744922e+02   
    2.36000000e+04     5.90000000e+00     1.10973762e+03     3.01795840e+02     2.35867664e+02     1.25124428e+02   
    2.38000000e+04     5.95000000e+00     1.10973792e+03     2.98047708e+02     2.35906932e+02     1.24653424e+02   
    2.40000000e+04     6.00000000e+00     1.10973013e+03     3.02440279e+02     2.36267980e+02     1.25179885e+02   
    2.42000000e+04     6.05000000e+00     1.10972564e+03     3.00933732e+02     2.37031842e+02     1.24932618e+02   
    2.44000000e+04     6.10000000e+00     1.10972814e+03     2.99884215e+02     2.35479640e+02     1.25292660e+02   
    2.46000000e+04     6.15000000e+00     1.10972481e+03     2.98755596e+02     2.37296682e+02     1.24598085e+02   
    2.48000000e+04     6.20000000e+00     1.10971119e+03     2.98935892e+02     2.35008071e+02     1.23581442e+02   
    2.50000000e+04     6.25000000e+00     1.10972752e+03     2.99937582e+02     2.36259998e+02     1.24460855e+02   
    2.52000000e+04     6.30000000e+00     1.10973479e+03     2.99556082e+02     2.36211525e+02     1.23893307e+02   
    2.54000000e+04     6.35000000e+00     1.10972211e+03     2.96868001e+02     2.35562487e+02     1.22724961e+02   
    2.56000000e+04     6.40000000e+00     1.10973292e+03     3.00822993e+02     2.35810499e+02     1.23614376e+02   
    2.58000000e+04     6.45000000e+00     1.10974715e+03     2.97774255e+02     2.36352422e+02     1.24224187e+02   
    2.60000000e+04     6.50000000e+00     1.10975667e+03     3.00216949e+02     2.37240186e+02     1.27132992e+02   
    2.62000000e+04     6.55000000e+00     1.10974078e+03     2.98979044e+02     2.37535241e+02     1.26178757e+02   
    2.64000000e+04     6.60000000e+00     1.10970011e+03     2.97829240e+02     2.35781723e+02     1.24560022e+02   
    2.66000000e+04     6.65000000e+00     1.10969503e+03     2.98730536e+02     2.39059646e+02     1.26686837e+02   
    2.68000000e+04     6.70000000e+00     1.10967762e+03     3.04710211e+02     2.36925028e+02     1.23689305e+02   
    2.70000000e+04     6.75000000e+00     1.10966075e+03     2.99149909e+02     2.35571030e+02     1.22839765e+02   
    2.72000000e+04     6.80000000e+00     1.10966528e+03     3.00367910e+02     2.34731579e+02     1.21115219e+02   
    2.74000000e+04     6.85000000e+00     1.10967675e+03     2.98084015e+02     2.38051116e+02     1.25085728e+02   
    2.76000000e+04     6.90000000e+00     1.10967557e+03     2.99184457e+02     2.36977200e+02     1.23492600e+02   
    2.78000000e+04     6.95000000e+00     1.10968031e+03     2.98425493e+02     2.38277818e+02     1.25931695e+02   
    2.80000000e+04     7.00000000e+00     1.10967280e+03     2.99301478e+02     2.36137413e+02     1.22917695e+02   
    2.82000000e+04     7.05000000e+00     1.10967562e+03     2.94267175e+02     2.37402307e+02     1.24870139e+02   
    2.84000000e+04     7.10000000e+00     1.10967076e+03     2.97641547e+02     2.35209838e+02     1.22124139e+02   
    2.86000000e+04     7.15000000e+00     1.10968443e+03     3.01487127e+02     2.37175236e+02     1.23347762e+02   
    2.88000000e+04     7.20000000e+00     1.10969365e+03     3.01115679e+02     2.36425268e+02     1.23515648e+02   
    2.90000000e+04     7.25000000e+00     1.10970045e+03     2.98939756e+02     2.35109605e+02     1.21160411e+02   
    2.92000000e+04     7.30000000e+00     1.10972598e+03     2.98890373e+02     2.38034350e+02     1.24385379e+02   
    2.94000000e+04     7.35000000e+00     1.10971969e+03     2.99707814e+02     2.35895265e+02     1.21547007e+02   
    2.96000000e+04     7.40000000e+00     1.10971930e+03     2.99726871e+02     2.37414258e+02     1.25673996e+02   
    2.98000000e+04     7.45000000e+00     1.10970348e+03     3.00884861e+02     2.36436272e+02     1.22928860e+02   
    3.00000000e+04     7.50000000e+00     1.10969995e+03     3.00327668e+02     2.36856648e+02     1.25195355e+02   
    3.02000000e+04     7.55000000e+00     1.10969827e+03     3.01358038e+02     2.36720059e+02     1.25403765e+02   
    3.04000000e+04     7.60000000e+00     1.10968079e+03     2.99755159e+02     2.34999101e+02     1.23999274e+02   
    3.06000000e+04     7.65000000e+00     1.10968863e+03     2.99883214e+02     2.36126004e+02     1.23344768e+02   
    3.08000000e+04     7.70000000e+00     1.10968562e+03     3.03875735e+02     2.35936265e+02     1.22498356e+02   
    3.10000000e+04     7.75000000e+00     1.10968726e+03     3.01311880e+02     2.36612711e+02     1.23189701e+02   
    3.12000000e+04     7.80000000e+00     1.10970171e+03     2.99110691e+02     2.36706170e+02     1.24776563e+02   
    3.14000000e+04     7.85000000e+00     1.10971669e+03     2.96599774e+02     2.38179190e+02     1.25213286e+02   
    3.16000000e+04     7.90000000e+00     1.10971663e+03     3.01441747e+02     2.36078964e+02     1.24634865e+02   
    3.18000000e+04     7.95000000e+00     1.10971780e+03     3.00291980e+02     2.36761578e+02     1.25361752e+02   
    3.20000000e+04     8.00000000e+00     1.10971641e+03     3.02628276e+02     2.37715099e+02     1.24606721e+02   
    3.22000000e+04     8.05000000e+00     1.10971892e+03     3.00574361e+02     2.37002162e+02     1.22645037e+02   
    3.24000000e+04     8.10000000e+00     1.10971610e+03     3.01457838e+02     2.37053211e+02     1.23562936e+02   
    3.26000000e+04     8.15000000e+00     1.10971303e+03     2.99403095e+02     2.37950075e+02     1.24183628e+02   
    3.28000000e+04     8.20000000e+00     1.10970458e+03     3.03721077e+02     2.37614081e+02     1.23441923e+02   
    3.30000000e+04     8.25000000e+00     1.10969470e+03     2.99804925e+02     2.36691969e+02     1.23091162e+02   
    3.32000000e+04     8.30000000e+00     1.10969111e+03     2.99629735e+02     2.36194553e+02     1.22935643e+02   
    3.34000000e+04     8.35000000e+00     1.10969083e+03     2.99717181e+02     2.37333379e+02     1.25214947e+02   
    3.36000000e+04     8.40000000e+00     1.10968301e+03     2.97555843e+02     2.35525203e+02     1.23583650e+02   
    3.38000000e+04     8.45000000e+00     1.10968615e+03     2.98253405e+02     2.36438423e+02     1.24065630e+02   
    3.40000000e+04     8.50000000e+00     1.10967706e+03     3.01391557e+02     2.35291690e+02     1.22565895e+02   
    3.42000000e+04     8.55000000e+00     1.10967238e+03     2.98883961e+02     2.36155392e+02     1.23693606e+02   
    3.44000000e+04     8.60000000e+00     1.10968457e+03     3.00560484e+02     2.36851784e+02     1.23083305e+02   
    3.46000000e+04     8.65000000e+00     1.10968596e+03     3.00554589e+02     2.35644094e+02     1.22045533e+02   
    3.48000000e+04     8.70000000e+00     1.10968270e+03     2.99242047e+02     2.35704833e+02     1.21227906e+02   
    3.50000000e+04     8.75000000e+00     1.10969176e+03     2.99385942e+02     2.38072388e+02     1.25701969e+02   
    3.52000000e+04     8.80000000e+00     1.10969085e+03     3.00892397e+02     2.35720254e+02     1.22414921e+02   
    3.54000000e+04     8.85000000e+00     1.10968526e+03     2.99138445e+02     2.36222061e+02     1.23331135e+02   
    3.56000000e+04     8.90000000e+00     1.10967957e+03     2.99591626e+02     2.38539583e+02     1.25208473e+02   
    3.58000000e+04     8.95000000e+00     1.10966795e+03     3.01677485e+02     2.35982325e+02     1.23643393e+02   
    3.60000000e+04     9.00000000e+00     1.10967003e+03     3.01262392e+02     2.38535652e+02     1.24902647e+02   
    3.62000000e+04     9.05000000e+00     1.10967181e+03     3.02021606e+02     2.38992659e+02     1.26524557e+02   
    3.64000000e+04     9.10000000e+00     1.10967473e+03     3.01354446e+02     2.37313007e+02     1.25351661e+02   
    3.66000000e+04     9.15000000e+00     1.10968520e+03     3.01389297e+02     2.37305046e+02     1.26610567e+02   
    3.68000000e+04     9.20000000e+00     1.10968694e+03     3.01464749e+02     2.35164069e+02     1.23929006e+02   
    3.70000000e+04     9.25000000e+00     1.10968245e+03     3.00529303e+02     2.35820719e+02     1.23676260e+02   
    3.72000000e+04     9.30000000e+00     1.10967538e+03     3.01447611e+02     2.34534519e+02     1.24040184e+02   
    3.74000000e+04     9.35000000e+00     1.10969883e+03     3.04755277e+02     2.37512214e+02     1.26169332e+02   
    3.76000000e+04     9.40000000e+00     1.10968117e+03     3.01066772e+02     2.35425446e+02     1.24274370e+02   
    3.78000000e+04     9.45000000e+00     1.10968944e+03     2.98967180e+02     2.36994327e+02     1.25636242e+02   
    3.80000000e+04     9.50000000e+00     1.10969044e+03     3.02363420e+02     2.36382482e+02     1.24825648e+02   
    3.82000000e+04     9.55000000e+00     1.10970229e+03     2.99947000e+02     2.37884220e+02     1.25906522e+02   
    3.84000000e+04     9.60000000e+00     1.10970498e+03     3.00486713e+02     2.37742521e+02     1.25010079e+02   
    3.86000000e+04     9.65000000e+00     1.10969711e+03     3.01240168e+02     2.36232163e+02     1.22980017e+02   
    3.88000000e+04     9.70000000e+00     1.10971138e+03     3.00519529e+02     2.37548644e+02     1.25867802e+02   
    3.90000000e+04     9.75000000e+00     1.10973009e+03     3.03702473e+02     2.37418793e+02     1.27065004e+02   
    3.92000000e+04     9.80000000e+00     1.10972424e+03     2.98557447e+02     2.36961966e+02     1.23533191e+02   
    3.94000000e+04     9.85000000e+00     1.10970986e+03     3.00413739e+02     2.34734436e+02     1.21919911e+02   
    3.96000000e+04     9.90000000e+00     1.10971070e+03     3.01939192e+02     2.37599349e+02     1.25126296e+02   
    3.98000000e+04     9.95000000e+00     1.10970830e+03     2.99631264e+02     2.37707828e+02     1.24957477e+02   
    4.00000000e+04     1.00000000e+01     1.10972413e+03     3.00471875e+02     2.38147549e+02     1.25051043e+02   
    4.02000000e+04     1.00500000e+01     1.10971603e+03     3.00876845e+02     2.36324801e+02     1.23744005e+02   
    4.04000000e+04     1.01000000e+01     1.10970777e+03     3.00708035e+02     2.37760593e+02     1.25055925e+02   
    4.06000000e+04     1.01500000e+01     1.10970550e+03     2.99197769e+02     2.36320137e+02     1.24437416e+02   
    4.08000000e+04     1.02000000e+01     1.10969956e+03     3.00368068e+02     2.36098204e+02     1.22379372e+02   
    4.10000000e+04     1.02500000e+01     1.10969619e+03     3.02221978e+02     2.34935884e+02     1.20398488e+02   
    4.12000000e+04     1.03000000e+01     1.10970768e+03     3.02165171e+02     2.37042226e+02     1.24690760e+02   
    4.14000000e+04     1.03500000e+01     1.10970369e+03     2.98101329e+02     2.35158139e+02     1.22507796e+02   
    4.16000000e+04     1.04000000e+01     1.10970831e+03     2.98843709e+02     2.35918071e+02     1.24200343e+02   
    4.18000000e+04     1.04500000e+01     1.10973012e+03     2.99184047e+02     2.37612699e+02     1.25400458e+02   
    4.20000000e+04     1.05000000e+01     1.10972690e+03     3.01297369e+02     2.36644915e+02     1.22300059e+02   
    4.22000000e+04     1.05500000e+01     1.10972977e+03     3.02604127e+02     2.36472077e+02     1.22641250e+02   
    4.24000000e+04     1.06000000e+01     1.10973471e+03     3.01465534e+02     2.36384172e+02     1.22919284e+02   
    4.26000000e+04     1.06500000e+01     1.10973239e+03     3.01019189e+02     2.35426226e+02     1.21811691e+02   
    4.28000000e+04     1.07000000e+01     1.10974338e+03     2.99986228e+02     2.37269754e+02     1.22541551e+02   
    4.30000000e+04     1.07500000e+01     1.10974245e+03     2.95769160e+02     2.36088022e+02     1.23136623e+02   
    4.32000000e+04     1.08000000e+01     1.10975305e+03     2.99544776e+02     2.38695919e+02     1.25682454e+02   
    4.34000000e+04     1.08500000e+01     1.10972960e+03     3.01647625e+02     2.36522209e+02     1.23381500e+02   
    4.36000000e+04     1.09000000e+01     1.10971321e+03     3.02277006e+02     2.35514126e+02     1.21007739e+02   
    4.38000000e+04     1.09500000e+01     1.10970438e+03     2.99771416e+02     2.34418460e+02     1.19853411e+02   
    4.40000000e+04     1.10000000e+01     1.10971253e+03     3.00178262e+02     2.36954107e+02     1.23564221e+02   
    4.42000000e+04     1.10500000e+01     1.10971134e+03     3.01050971e+02     2.35381749e+02     1.20116483e+02   
    4.44000000e+04     1.11000000e+01     1.10972372e+03     3.01950300e+02     2.36169910e+02     1.23060364e+02   
    4.46000000e+04     1.11500000e+01     1.10970942e+03     3.01252814e+02     2.35568438e+02     1.19638651e+02   
    4.48000000e+04     1.12000000e+01     1.10971604e+03     2.98993109e+02     2.35982859e+02     1.22855186e+02   
    4.50000000e+04     1.12500000e+01     1.10970595e+03     2.96356296e+02     2.33706090e+02     1.19930215e+02   
    4.52000000e+04     1.13000000e+01     1.10969909e+03     2.99944135e+02     2.37621882e+02     1.25876286e+02   
    4.54000000e+04     1.13500000e+01     1.10970467e+03     2.97128824e+02     2.37739031e+02     1.24708612e+02   
    4.56000000e+04     1.14000000e+01     1.10969433e+03     2.99515655e+02     2.34090281e+02     1.21582566e+02   
    4.58000000e+04     1.14500000e+01     1.10971614e+03     2.98911534e+02     2.37639298e+02     1.25408057e+02   
    4.60000000e+04     1.15000000e+01     1.10972009e+03     2.97503920e+02     2.35661567e+02     1.23459190e+02   
    4.62000000e+04     1.15500000e+01     1.10972642e+03     2.96742946e+02     2.34065187e+02     1.22105756e+02   
    4.64000000e+04     1.16000000e+01     1.10974746e+03     2.98532024e+02     2.36885406e+02     1.25078405e+02   
    4.66000000e+04     1.16500000e+01     1.10974553e+03     3.00913602e+02     2.37598500e+02     1.25866829e+02   
    4.68000000e+04     1.17000000e+01     1.10973447e+03     2.99455816e+02     2.35401526e+02     1.23285351e+02   
    4.70000000e+04     1.17500000e+01     1.10973385e+03     2.96678526e+02     2.36150042e+02     1.22148051e+02   
    4.72000000e+04     1.18000000e+01     1.10973305e+03     2.97237808e+02     2.36228488e+02     1.22810127e+02   
    4.74000000e+04     1.18500000e+01     1.10974069e+03     2.99031165e+02     2.37734015e+02     1.25287765e+02   
    4.76000000e+04     1.19000000e+01     1.10973978e+03     2.99712574e+02     2.38849585e+02     1.25869329e+02   
    4.78000000e+04     1.19500000e+01     1.10972867e+03     3.01967889e+02     2.35214485e+02     1.24474054e+02   
    4.80000000e+04     1.20000000e+01     1.10973436e+03     3.02133137e+02     2.36011130e+02     1.23477493e+02   
    4.82000000e+04     1.20500000e+01     1.10974246e+03     3.00774856e+02     2.35967994e+02     1.24874903e+02   
    4.84000000e+04     1.21000000e+01     1.10973479e+03     2.96757523e+02     2.35494911e+02     1.22488542e+02   
    4.86000000e+04     1.21500000e+01     1.10973305e+03     3.00920721e+02     2.36267392e+02     1.24264670e+02   
    4.88000000e+04     1.22000000e+01     1.10972507e+03     3.03451947e+02     2.34447340e+02     1.20913700e+02   
    4.90000000e+04     1.22500000e+01     1.10974993e+03     3.00460892e+02     2.37719434e+02     1.25731065e+02   
    4.92000000e+04     1.23000000e+01     1.10975431e+03     2.97541484e+02     2.37897710e+02     1.25386441e+02   
    4.94000000e+04     1.23500000e+01     1.10976579e+03     2.98133672e+02     2.36987372e+02     1.25522672e+02   
    4.96000000e+04     1.24000000e+01     1.10975875e+03     2.97842897e+02     2.36985261e+02     1.25136838e+02   
    4.98000000e+04     1.24500000e+01     1.10975024e+03     2.98525491e+02     2.34530899e+02     1.22503571e+02   
    5.00000000e+04     1.25000000e+01     1.10976139e+03     2.98034346e+02     2.35896386e+02     1.23980249e+02   
    5.02000000e+04     1.25500000e+01     1.10975472e+03     2.96776181e+02     2.34919149e+02     1.23197684e+02   
    5.04000000e+04     1.26000000e+01     1.10976830e+03     3.01763714e+02     2.39043171e+02     1.26928835e+02   
    5.06000000e+04     1.26500000e+01     1.10975028e+03     2.97145176e+02     2.36345495e+02     1.23366243e+02   
    5.08000000e+04     1.27000000e+01     1.10975594e+03     3.01486784e+02     2.37089174e+02     1.22841145e+02   
    5.10000000e+04     1.27500000e+01     1.10976063e+03     2.99660510e+02     2.37132112e+02     1.23316003e+02   
    5.12000000e+04     1.28000000e+01     1.10976030e+03     2.97596455e+02     2.35742257e+02     1.22141046e+02   
    5.14000000e+04     1.28500000e+01     1.10977159e+03     3.01131608e+02     2.35980276e+02     1.21326679e+02   
    5.16000000e+04     1.29000000e+01     1.10978662e+03     3.01266347e+02     2.36676450e+02     1.23257007e+02   
    5.18000000e+04     1.29500000e+01     1.10978600e+03     3.01114768e+02     2.35894311e+02     1.21783483e+02   
    5.20000000e+04     1.30000000e+01     1.10980273e+03     2.98411849e+02     2.37150995e+02     1.25006980e+02   
    5.22000000e+04     1.30500000e+01     1.10978837e+03     2.99428319e+02     2.35019263e+02     1.20076051e+02   
    5.24000000e+04     1.31000000e+01     1.10978961e+03     2.97569542e+02     2.37679961e+02     1.23687666e+02   
    5.26000000e+04     1.31500000e+01     1.10978354e+03     2.99005075e+02     2.37050829e+02     1.22987604e+02   
    5.28000000e+04     1.32000000e+01     1.10978046e+03     3.00621057e+02     2.37525162e+02     1.23898195e+02   
    5.30000000e+04     1.32500000e+01     1.10976780e+03     3.00428284e+02     2.34413217e+02     1.19005870e+02   
    5.32000000e+04     1.33000000e+01     1.10978168e+03     3.03167928e+02     2.36249280e+02     1.20664365e+02   
    5.34000000e+04     1.33500000e+01     1.10979739e+03     2.99477957e+02     2.37665554e+02     1.24077092e+02   
    5.36000000e+04     1.34000000e+01     1.10979503e+03     3.00593269e+02     2.37212758e+02     1.23879244e+02   
    5.38000000e+04     1.34500000e+01     1.10979381e+03     3.00026791e+02     2.36592581e+02     1.23886820e+02   
    5.40000000e+04     1.35000000e+01     1.10977904e+03     3.00949148e+02     2.36219625e+02     1.21968304e+02   
    5.42000000e+04     1.35500000e+01     1.10976179e+03     3.04249945e+02     2.35264346e+02     1.20536062e+02   
    5.44000000e+04     1.36000000e+01     1.10976870e+03     2.99212691e+02     2.36211749e+02     1.23238625e+02   
    5.46000000e+04     1.36500000e+01     1.10978484e+03     3.00675760e+02     2.39351968e+02     1.27255961e+02   
    5.48000000e+04     1.37000000e+01     1.10976981e+03     3.02875966e+02     2.35191371e+02     1.20190528e+02   
    5.50000000e+04     1.37500000e+01     1.10977193e+03     3.00463096e+02     2.36331724e+02     1.23165933e+02   
    5.52000000e+04     1.38000000e+01     1.10977191e+03     2.96171206e+02     2.37324300e+02     1.23081836e+02   
    5.54000000e+04     1.38500000e+01     1.10977084e+03     3.00340667e+02     2.36436559e+02     1.22744363e+02   
    5.56000000e+04     1.39000000e+01     1.10977844e+03     3.02926369e+02     2.35500022e+02     1.21116460e+02   
    5.58000000e+04     1.39500000e+01     1.10977702e+03     3.01075482e+02     2.34958660e+02     1.20866034e+02   
    5.60000000e+04     1.40000000e+01     1.10978953e+03     2.98701077e+02     2.35184198e+02     1.23251631e+02   
    5.62000000e+04     1.40500000e+01     1.10978615e+03     2.99431816e+02     2.35319461e+02     1.22727348e+02   
    5.64000000e+04     1.41000000e+01     1.10980188e+03     3.00263279e+02     2.37279213e+02     1.25184873e+02   
    5.66000000e+04     1.41500000e+01     1.10980099e+03     3.01555431e+02     2.36941210e+02     1.23774240e+02   
    5.68000000e+04     1.42000000e+01     1.10980653e+03     3.00263444e+02     2.37391272e+02     1.25725533e+02   
    5.70000000e+04     1.42500000e+01     1.10979435e+03     3.02753705e+02     2.35575352e+02     1.22563309e+02   
    5.72000000e+04     1.43000000e+01     1.10980075e+03     3.00130982e+02     2.36327702e+02     1.24232292e+02   
    5.74000000e+04     1.43500000e+01     1.10980342e+03     2.99734370e+02     2.36604088e+02     1.23707104e+02   
    5.76000000e+04     1.44000000e+01     1.10981007e+03     2.98988926e+02     2.35983775e+02     1.23945293e+02   
    5.78000000e+04     1.44500000e+01     1.10983138e+03     3.01121796e+02     2.38254518e+02     1.27288824e+02   
    5.80000000e+04     1.45000000e+01     1.10982381e+03     2.99057190e+02     2.34923912e+02     1.23378894e+02   
    5.82000000e+04     1.45500000e+01     1.10983766e+03     3.00685520e+02     2.37287578e+02     1.25101568e+02   
    5.84000000e+04     1.46000000e+01     1.10984308e+03     2.99865320e+02     2.35189830e+02     1.24688431e+02   
    5.86000000e+04     1.46500000e+01     1.10984945e+03     2.99292575e+02     2.36513498e+02     1.25821934e+02   
    5.88000000e+04     1.47000000e+01     1.10985237e+03     3.01089601e+02     2.38317089e+02     1.27384843e+02   
    5.90000000e+04     1.47500000e+01     1.10984396e+03     3.00489131e+02     2.38000811e+02     1.26521433e+02   
    5.92000000e+04     1.48000000e+01     1.10984322e+03     3.00460885e+02     2.36241194e+02     1.24250151e+02   
    5.94000000e+04     1.48500000e+01     1.10983915e+03     3.00664883e+02     2.37723749e+02     1.27358454e+02   
    5.96000000e+04     1.49000000e+01     1.10982847e+03     2.99586642e+02     2.34183730e+02     1.23772483e+02   
    5.98000000e+04     1.49500000e+01     1.10984224e+03     2.99543838e+02     2.37538029e+02     1.28479440e+02   
    6.00000000e+04     1.50000000e+01     1.10983137e+03     2.98909529e+02     2.38009590e+02     1.26924320e+02   
    6.02000000e+04     1.50500000e+01     1.10981929e+03     3.00223991e+02     2.36263311e+02     1.23170016e+02   
    6.04000000e+04     1.51000000e+01     1.10981758e+03     3.00753878e+02     2.37612497e+02     1.22552363e+02   
    6.06000000e+04     1.51500000e+01     1.10981575e+03     2.97669505e+02     2.36069871e+02     1.23904089e+02   
    6.08000000e+04     1.52000000e+01     1.10982136e+03     2.99294661e+02     2.35549569e+02     1.23501569e+02   
    6.10000000e+04     1.52500000e+01     1.10984251e+03     2.99794467e+02     2.38039669e+02     1.25859106e+02   
    6.12000000e+04     1.53000000e+01     1.10984648e+03     3.03340895e+02     2.35768249e+02     1.21162542e+02   
    6.14000000e+04     1.53500000e+01     1.10986310e+03     2.98840241e+02     2.36121673e+02     1.24739043e+02   
    6.16000000e+04     1.54000000e+01     1.10987807e+03     2.98363985e+02     2.38256343e+02     1.29001488e+02   
    6.18000000e+04     1.54500000e+01     1.10986341e+03     3.01458804e+02     2.34576450e+02     1.23944003e+02   
    6.20000000e+04     1.55000000e+01     1.10986228e+03     3.02217479e+02     2.37277642e+02     1.25759406e+02   
    6.22000000e+04     1.55500000e+01     1.10984645e+03     3.04538173e+02     2.38036994e+02     1.26947624e+02   
    6.24000000e+04     1.56000000e+01     1.10982797e+03     3.00800692e+02     2.35175277e+02     1.26654923e+02   
    6.26000000e+04     1.56500000e+01     1.10982899e+03     3.00677129e+02     2.34962432e+02     1.24416585e+02   
    6.28000000e+04     1.57000000e+01     1.10983967e+03     3.02202224e+02     2.36260608e+02     1.27173714e+02   
    6.30000000e+04     1.57500000e+01     1.10983490e+03     2.98241298e+02     2.35607060e+02     1.26231810e+02   
    6.32000000e+04     1.58000000e+01     1.10982621e+03     2.99845267e+02     2.32978870e+02     1.23556761e+02   
    6.34000000e+04     1.58500000e+01     1.10983150e+03     2.99337638e+02     2.35591721e+02     1.25809182e+02   
    6.36000000e+04     1.59000000e+01     1.10984935e+03     3.00187897e+02     2.36211167e+02     1.26040210e+02   
    6.38000000e+04     1.59500000e+01     1.10984855e+03     3.01344887e+02     2.34634285e+02     1.24046093e+02   
    6.40000000e+04     1.60000000e+01     1.10986351e+03     2.98724136e+02     2.37888369e+02     1.27927601e+02   
    6.42000000e+04     1.60500000e+01     1.10986308e+03     2.97399944e+02     2.36876253e+02     1.25206539e+02   
    6.44000000e+04     1.61000000e+01     1.10986336e+03     3.00433687e+02     2.35643157e+02     1.24988472e+02   
    6.46000000e+04     1.61500000e+01     1.10986418e+03     3.01533748e+02     2.35275188e+02     1.22767017e+02   
    6.48000000e+04     1.62000000e+01     1.10985441e+03     3.01251614e+02     2.35187502e+02     1.21224492e+02   
    6.50000000e+04     1.62500000e+01     1.10985008e+03     3.01847512e+02     2.37060100e+02     1.23020285e+02   
    6.52000000e+04     1.63000000e+01     1.10983699e+03     3.00113144e+02     2.36077139e+02     1.21170180e+02   
    6.54000000e+04     1.63500000e+01     1.10984570e+03     3.01211358e+02     2.36619177e+02     1.23707288e+02   
    6.56000000e+04     1.64000000e+01     1.10985569e+03     2.97294929e+02     2.37250012e+02     1.23053577e+02   
    6.58000000e+04     1.64500000e+01     1.10985997e+03     3.01468608e+02     2.37753656e+02     1.25143681e+02   
    6.60000000e+04     1.65000000e+01     1.10985275e+03     2.99082527e+02     2.34861656e+02     1.21219846e+02   
    6.62000000e+04     1.65500000e+01     1.10984611e+03     3.03120018e+02     2.35462547e+02     1.21916063e+02   
    6.64000000e+04     1.66000000e+01     1.10984117e+03     3.01835686e+02     2.36534353e+02     1.22410874e+02   
    6.66000000e+04     1.66500000e+01     1.10983548e+03     3.04710173e+02     2.37611061e+02     1.22469899e+02   
    6.68000000e+04     1.67000000e+01     1.10982797e+03     3.02291674e+02     2.35920723e+02     1.21948181e+02   
    6.70000000e+04     1.67500000e+01     1.10982570e+03     3.00050295e+02     2.34730457e+02     1.20626051e+02   
    6.72000000e+04     1.68000000e+01     1.10982452e+03     2.99828386e+02     2.36198514e+02     1.22618554e+02   
    6.74000000e+04     1.68500000e+01     1.10981980e+03     3.01113968e+02     2.36554671e+02     1.21924179e+02   
    6.76000000e+04     1.69000000e+01     1.10981978e+03     3.01413638e+02     2.36605621e+02     1.22645569e+02   
    6.78000000e+04     1.69500000e+01     1.10980904e+03     3.02798782e+02     2.34032415e+02     1.21293625e+02   
    6.80000000e+04     1.70000000e+01     1.10981483e+03     3.01399696e+02     2.34998007e+02     1.22448473e+02   
    6.82000000e+04     1.70500000e+01     1.10981668e+03     2.98284456e+02     2.36555073e+02     1.24892203e+02   
    6.84000000e+04     1.71000000e+01     1.10979832e+03     3.01798551e+02     2.33546508e+02     1.21520916e+02   
    6.86000000e+04     1.71500000e+01     1.10980806e+03     3.01262668e+02     2.35696588e+02     1.24152994e+02   
    6.88000000e+04     1.72000000e+01     1.10980979e+03     3.02154373e+02     2.35929519e+02     1.24542390e+02   
    6.90000000e+04     1.72500000e+01     1.10981102e+03     3.03657338e+02     2.36048810e+02     1.23501205e+02   
    6.92000000e+04     1.73000000e+01     1.10981368e+03     3.00646072e+02     2.34123604e+02     1.21526257e+02   
    6.94000000e+04     1.73500000e+01     1.10982625e+03     2.98654379e+02     2.36681525e+02     1.24169941e+02   
    6.96000000e+04     1.74000000e+01     1.10982923e+03     3.02152835e+02     2.36394804e+02     1.23776080e+02   
    6.98000000e+04     1.74500000e+01     1.10983782e+03     2.99754610e+02     2.35018295e+02     1.24052165e+02   
    7.00000000e+04     1.75000000e+01     1.10983253e+03     2.99191348e+02     2.34314591e+02     1.23203219e+02   
    7.02000000e+04     1.75500000e+01     1.10986234e+03     2.99053774e+02     2.36153230e+02     1.25950108e+02   
    7.04000000e+04     1.76000000e+01     1.10987045e+03     3.00734369e+02     2.36029226e+02     1.24711903e+02   
    7.06000000e+04     1.76500000e+01     1.10986433e+03     3.01005811e+02     2.36889714e+02     1.26189245e+02   
    7.08000000e+04     1.77000000e+01     1.10983947e+03     3.02482786e+02     2.33098585e+02     1.21535789e+02   
    7.10000000e+04     1.77500000e+01     1.10983377e+03     2.98842758e+02     2.35734002e+02     1.23582968e+02   
    7.12000000e+04     1.78000000e+01     1.10982956e+03     3.03401302e+02     2.37915076e+02     1.25085440e+02   
    7.14000000e+04     1.78500000e+01     1.10981449e+03     3.00064729e+02     2.34522661e+02     1.21328464e+02   
    7.16000000e+04     1.79000000e+01     1.10981476e+03     3.04367868e+02     2.37985077e+02     1.24513174e+02   
    7.18000000e+04     1.79500000e+01     1.10982308e+03     2.99485826e+02     2.37063345e+02     1.22136483e+02   
    7.20000000e+04     1.80000000e+01     1.10983837e+03     3.00344361e+02     2.36144915e+02     1.22311182e+02   
    7.22000000e+04     1.80500000e+01     1.10984240e+03     2.98840332e+02     2.35283833e+02     1.21473574e+02   
    7.24000000e+04     1.81000000e+01     1.10984604e+03     2.99726673e+02     2.36366301e+02     1.22917400e+02   
    7.26000000e+04     1.81500000e+01     1.10985463e+03     2.99462815e+02     2.36234455e+02     1.22940055e+02   
    7.28000000e+04     1.82000000e+01     1.10986965e+03     3.00207565e+02     2.36703274e+02     1.23921644e+02   
    7.30000000e+04     1.82500000e+01     1.10986327e+03     3.02904336e+02     2.34174971e+02     1.20459429e+02   
    7.32000000e+04     1.83000000e+01     1.10986139e+03     2.98484061e+02     2.35050232e+02     1.23373942e+02   
    7.34000000e+04     1.83500000e+01     1.10986367e+03     2.99828059e+02     2.36213708e+02     1.22967700e+02   
    7.36000000e+04     1.84000000e+01     1.10987156e+03     3.02884148e+02     2.37463140e+02     1.25034518e+02   
    7.38000000e+04     1.84500000e+01     1.10987546e+03     3.03007626e+02     2.34534764e+02     1.21931831e+02   
    7.40000000e+04     1.85000000e+01     1.10987312e+03     2.98485187e+02     2.35547341e+02     1.24247614e+02   
    7.42000000e+04     1.85500000e+01     1.10988206e+03     3.03073145e+02     2.36801371e+02     1.24720448e+02   
    7.44000000e+04     1.86000000e+01     1.10988812e+03     3.02997841e+02     2.35446051e+02     1.24688331e+02   
    7.46000000e+04     1.86500000e+01     1.10990434e+03     2.98826248e+02     2.36564600e+02     1.26231079e+02   
    7.48000000e+04     1.87000000e+01     1.10991084e+03     3.03518728e+02     2.36959686e+02     1.24430921e+02   
    7.50000000e+04     1.87500000e+01     1.10990454e+03     2.97784260e+02     2.37409971e+02     1.25379490e+02   
    7.52000000e+04     1.88000000e+01     1.10990431e+03     3.01698995e+02     2.37019716e+02     1.26297872e+02   
    7.54000000e+04     1.88500000e+01     1.10989420e+03     3.02018961e+02     2.36072121e+02     1.23798137e+02   
    7.56000000e+04     1.89000000e+01     1.10988486e+03     2.97984741e+02     2.35432839e+02     1.24604503e+02   
    7.58000000e+04     1.89500000e+01     1.10987728e+03     3.00010698e+02     2.34606387e+02     1.22391991e+02   
    7.60000000e+04     1.90000000e+01     1.10989334e+03     3.00769949e+02     2.37286516e+02     1.28217543e+02   
    7.62000000e+04     1.90500000e+01     1.10988989e+03     3.02820520e+02     2.35789454e+02     1.24155252e+02   
    7.64000000e+04     1.91000000e+01     1.10990257e+03     2.98695129e+02     2.37073990e+02     1.26376122e+02   
    7.66000000e+04     1.91500000e+01     1.10989272e+03     3.02707772e+02     2.36402719e+02     1.24039433e+02   
    7.68000000e+04     1.92000000e+01     1.10989030e+03     3.00384929e+02     2.36304739e+02     1.25986389e+02   
    7.70000000e+04     1.92500000e+01     1.10989292e+03     2.99519467e+02     2.34855336e+02     1.25742210e+02   
    7.72000000e+04     1.93000000e+01     1.10990544e+03     3.03664502e+02     2.35335287e+02     1.25005822e+02   
    7.74000000e+04     1.93500000e+01     1.10991402e+03     2.99999815e+02     2.36138450e+02     1.25662222e+02   
    7.76000000e+04     1.94000000e+01     1.10991734e+03     2.97357882e+02     2.35319151e+02     1.24955353e+02   
    7.78000000e+04     1.94500000e+01     1.10992618e+03     3.02913097e+02     2.35999943e+02     1.26776969e+02   
    7.80000000e+04     1.95000000e+01     1.10993065e+03     3.02470233e+02     2.36296939e+02     1.26715826e+02   
    7.82000000e+04     1.95500000e+01     1.10994094e+03     3.00428899e+02     2.36686109e+02     1.25992368e+02   
    7.84000000e+04     1.96000000e+01     1.10994679e+03     3.00043654e+02     2.34702358e+02     1.23926979e+02   
    7.86000000e+04     1.96500000e+01     1.10995216e+03     3.00907053e+02     2.36343675e+02     1.23536211e+02   
    7.88000000e+04     1.97000000e+01     1.10996276e+03     2.99835401e+02     2.34970826e+02     1.25015368e+02   
    7.90000000e+04     1.97500000e+01     1.10995886e+03     3.01852880e+02     2.34867294e+02     1.23488010e+02   
    7.92000000e+04     1.98000000e+01     1.10995500e+03     2.98218427e+02     2.35370107e+02     1.23741883e+02   
    7.94000000e+04     1.98500000e+01     1.10995359e+03     3.00358393e+02     2.35650302e+02     1.24544648e+02   
    7.96000000e+04     1.99000000e+01     1.10994150e+03     3.01688565e+02     2.35479448e+02     1.25233994e+02   
    7.98000000e+04     1.99500000e+01     1.10994878e+03     3.02364830e+02     2.36216054e+02     1.26059780e+02   
    8.00000000e+04     2.00000000e+01     1.10995421e+03     2.99667644e+02     2.35538544e+02     1.25079793e+02   
