# column   1     --> step : The current simulation time step.
# column   2     --> time{picosecond} : The elapsed simulation time.
# column   3     --> conserved{electronvolt} : The value of the conserved energy quantity per bead.
# column   4     --> temperature{kelvin} : The current temperature, as obtained from the MD kinetic energy.
# column   5     --> kinetic_cv{electronvolt} : The centroid-virial quantum kinetic energy of the physical system.
# column   6     --> potential{electronvolt} : The physical system potential energy.
    0.00000000e+00     0.00000000e+00     1.11495674e+03     3.04273373e+02     2.35538531e+02     1.25079771e+02   
    2.00000000e+02     5.00000000e-02     1.11495098e+03     2.98755110e+02     2.36181896e+02     1.25583444e+02   
    4.00000000e+02     1.00000000e-01     1.11494963e+03     3.02921435e+02     2.34770578e+02     1.24368164e+02   
    6.00000000e+02     1.50000000e-01     1.11494739e+03     3.00036824e+02     2.34393122e+02     1.23282091e+02   
    8.00000000e+02     2.00000000e-01     1.11495731e+03     3.01003651e+02     2.36950268e+02     1.25354779e+02   
    1.00000000e+03     2.50000000e-01     1.11494868e+03     3.05040676e+02     2.35155904e+02     1.22944410e+02   
    1.20000000e+03     3.00000000e-01     1.11495657e+03     2.99404198e+02     2.35449514e+02     1.23557581e+02   
    1.40000000e+03     3.50000000e-01     1.11495334e+03     3.02269711e+02     2.34970591e+02     1.22960638e+02   
    1.60000000e+03     4.00000000e-01     1.11496588e+03     2.99319525e+02     2.35833925e+02     1.25408144e+02   
    1.80000000e+03     4.50000000e-01     1.11496381e+03     2.99258476e+02     2.34579635e+02     1.24555928e+02   
    2.00000000e+03     5.00000000e-01     1.11497790e+03     2.98796629e+02     2.36614642e+02     1.24886868e+02   
    2.20000000e+03     5.50000000e-01     1.11497739e+03     2.95175519e+02     2.36841264e+02     1.24551580e+02   
    2.40000000e+03     6.00000000e-01     1.11497019e+03     3.01630934e+02     2.36024019e+02     1.25364311e+02   
    2.60000000e+03     6.50000000e-01     1.11496797e+03     2.99267123e+02     2.36023458e+02     1.25497743e+02   
    2.80000000e+03     7.00000000e-01     1.11495963e+03     3.01396109e+02     2.36756705e+02     1.25541720e+02   
    3.00000000e+03     7.50000000e-01     1.11495551e+03     2.98627713e+02     2.35347028e+02     1.25616800e+02   
    3.20000000e+03     8.00000000e-01     1.11495617e+03     3.00326826e+02     2.35420115e+02     1.24484674e+02   
    3.40000000e+03     8.50000000e-01     1.11497158e+03     3.01015603e+02     2.36503816e+02     1.25313727e+02   
    3.60000000e+03     9.00000000e-01     1.11497647e+03     2.99676170e+02     2.35438865e+02     1.25112749e+02   
    3.80000000e+03     9.50000000e-01     1.11499157e+03     3.01009267e+02     2.37589756e+02     1.27353278e+02   
    4.00000000e+03     1.00000000e+00     1.11499751e+03     2.99296240e+02     2.36243371e+02     1.25416821e+02   
    4.20000000e+03     1.05000000e+00     1.11499500e+03     3.00835634e+02     2.35609492e+02     1.22986570e+02   
    4.40000000e+03     1.10000000e+00     1.11499556e+03     2.98088952e+02     2.35544497e+02     1.23346399e+02   
    4.60000000e+03     1.15000000e+00     1.11500609e+03     3.00767531e+02     2.36912950e+02     1.24296200e+02   
    4.80000000e+03     1.20000000e+00     1.11500893e+03     3.01991289e+02     2.37957191e+02     1.26501816e+02   
    5.00000000e+03     1.25000000e+00     1.11500244e+03     3.00819447e+02     2.35244988e+02     1.24098960e+02   
    5.20000000e+03     1.30000000e+00     1.11499830e+03     3.01747972e+02     2.35882187e+02     1.24261038e+02   
    5.40000000e+03     1.35000000e+00     1.11499586e+03     3.03073920e+02     2.36471896e+02     1.22734900e+02   
    5.60000000e+03     1.40000000e+00     1.11500421e+03     3.00945065e+02     2.36743078e+02     1.25035690e+02   
    5.80000000e+03     1.45000000e+00     1.11500059e+03     2.98249308e+02     2.33749164e+02     1.22316261e+02   
    6.00000000e+03     1.50000000e+00     1.11502199e+03     3.00130421e+02     2.38474981e+02     1.26489501e+02   
    6.20000000e+03     1.55000000e+00     1.11500349e+03     2.97484941e+02     2.35621318e+02     1.23085201e+02   
    6.40000000e+03     1.60000000e+00     1.11499485e+03     2.99315596e+02     2.35938438e+02     1.23839399e+02   
    6.60000000e+03     1.65000000e+00     1.11498688e+03     2.98695782e+02     2.36737893e+02     1.23794173e+02   
    6.80000000e+03     1.70000000e+00     1.11497873e+03     2.99333123e+02     2.36862573e+02     1.24457554e+02   
    7.00000000e+03     1.75000000e+00     1.11496725e+03     2.99005213e+02     2.35207799e+02     1.22491647e+02   
    7.20000000e+03     1.80000000e+00     1.11497045e+03     3.00195709e+02     2.35036567e+02     1.24018135e+02   
    7.40000000e+03     1.85000000e+00     1.11498856e+03     2.98091650e+02     2.37575624e+02     1.25848342e+02   
    7.60000000e+03     1.90000000e+00     1.11499118e+03     3.00712715e+02     2.36715562e+02     1.25739439e+02   
    7.80000000e+03     1.95000000e+00     1.11498315e+03     3.01439578e+02     2.37034563e+02     1.24649607e+02   
    8.00000000e+03     2.00000000e+00     1.11497018e+03     3.00929122e+02     2.35183595e+02     1.24106356e+02   
    8.20000000e+03     2.05000000e+00     1.11496214e+03     2.98823003e+02     2.36900432e+02     1.24338685e+02   
    8.40000000e+03     2.10000000e+00     1.11496126e+03     3.02424600e+02     2.34877270e+02     1.21938042e+02   
    8.60000000e+03     2.15000000e+00     1.11496269e+03     2.99022345e+02     2.35309937e+02     1.23036706e+02   
    8.80000000e+03     2.20000000e+00     1.11496846e+03     2.97264708e+02     2.36263500e+02     1.23554926e+02   
    9.00000000e+03     2.25000000e+00     1.11497434e+03     2.98444526e+02     2.36942111e+02     1.25097372e+02   
    9.20000000e+03     2.30000000e+00     1.11497684e+03     3.00490642e+02     2.35935489e+02     1.23236610e+02   
    9.40000000e+03     2.35000000e+00     1.11498284e+03     3.00059048e+02     2.36446361e+02     1.24562080e+02   
    9.60000000e+03     2.40000000e+00     1.11498601e+03     3.00719937e+02     2.37539014e+02     1.24399646e+02   
    9.80000000e+03     2.45000000e+00     1.11498545e+03     3.02942063e+02     2.35967053e+02     1.22166788e+02   
    1.00000000e+04     2.50000000e+00     1.11497934e+03     3.02126085e+02     2.34346218e+02     1.19497245e+02   
    1.02000000e+04     2.55000000e+00     1.11499086e+03     2.98763572e+02     2.36192474e+02     1.22732254e+02   
    1.04000000e+04     2.60000000e+00     1.11501032e+03     2.98503235e+02     2.37756916e+02     1.24973944e+02   
    1.06000000e+04     2.65000000e+00     1.11501268e+03     3.01452837e+02     2.37435727e+02     1.25783459e+02   
    1.08000000e+04     2.70000000e+00     1.11500880e+03     2.97708779e+02     2.35762617e+02     1.22796703e+02   
    1.10000000e+04     2.75000000e+00     1.11500541e+03     3.02558788e+02     2.36709851e+02     1.23973384e+02   
    1.12000000e+04     2.80000000e+00     1.11500561e+03     2.98957653e+02     2.37703259e+02     1.25966305e+02   
    1.14000000e+04     2.85000000e+00     1.11500084e+03     3.05047108e+02     2.36421754e+02     1.23811748e+02   
    1.16000000e+04     2.90000000e+00     1.11499498e+03     2.99940774e+02     2.37219804e+02     1.26067631e+02   
    1.18000000e+04     2.95000000e+00     1.11498418e+03     2.97675049e+02     2.35485093e+02     1.22561634e+02   
    1.20000000e+04     3.00000000e+00     1.11498354e+03     2.98968955e+02     2.34522922e+02     1.22908861e+02   
    1.22000000e+04     3.05000000e+00     1.11499472e+03     2.98475007e+02     2.35941009e+02     1.24338434e+02   
    1.24000000e+04     3.10000000e+00     1.11499335e+03     3.00246968e+02     2.35281764e+02     1.23779080e+02   
    1.26000000e+04     3.15000000e+00     1.11499777e+03     2.99657813e+02     2.35531293e+02     1.23575198e+02   
    1.28000000e+04     3.20000000e+00     1.11499796e+03     2.96034059e+02     2.35920695e+02     1.23360319e+02   
    1.30000000e+04     3.25000000e+00     1.11501582e+03     2.98217075e+02     2.37661999e+02     1.26882924e+02   
    1.32000000e+04     3.30000000e+00     1.11501024e+03     2.98311616e+02     2.35101926e+02     1.22052176e+02   
    1.34000000e+04     3.35000000e+00     1.11502714e+03     2.96294333e+02     2.36663784e+02     1.24604322e+02   
    1.36000000e+04     3.40000000e+00     1.11502455e+03     3.01195542e+02     2.35164268e+02     1.22204037e+02   
    1.38000000e+04     3.45000000e+00     1.11502403e+03     3.02770455e+02     2.35899406e+02     1.23974587e+02   
    1.40000000e+04     3.50000000e+00     1.11502511e+03     3.00522748e+02     2.36963039e+02     1.25464703e+02   
    1.42000000e+04     3.55000000e+00     1.11502463e+03     3.01961481e+02     2.36020181e+02     1.22499779e+02   
    1.44000000e+04     3.60000000e+00     1.11501643e+03     2.99976737e+02     2.33202852e+02     1.19220844e+02   
    1.46000000e+04     3.65000000e+00     1.11504742e+03     2.97690843e+02     2.38644601e+02     1.25357142e+02   
    1.48000000e+04     3.70000000e+00     1.11504281e+03     3.00340526e+02     2.36692623e+02     1.24406833e+02   
    1.50000000e+04     3.75000000e+00     1.11504597e+03     2.99747576e+02     2.37160292e+02     1.25230581e+02   
    1.52000000e+04     3.80000000e+00     1.11504449e+03     3.00567815e+02     2.37209510e+02     1.24151673e+02   
    1.54000000e+04     3.85000000e+00     1.11504833e+03     2.98415218e+02     2.37681730e+02     1.25889754e+02   
    1.56000000e+04     3.90000000e+00     1.11503767e+03     3.01464568e+02     2.34695157e+02     1.22386029e+02   
    1.58000000e+04     3.95000000e+00     1.11504386e+03     2.99241906e+02     2.37285078e+02     1.25836054e+02   
    1.60000000e+04     4.00000000e+00     1.11504010e+03     2.98956554e+02     2.37618549e+02     1.24550663e+02   
    1.62000000e+04     4.05000000e+00     1.11503126e+03     2.98686326e+02     2.34818027e+02     1.21313915e+02   
    1.64000000e+04     4.10000000e+00     1.11504978e+03     3.00704164e+02     2.37387333e+02     1.23214676e+02   
    1.66000000e+04     4.15000000e+00     1.11503548e+03     2.98877316e+02     2.34352779e+02     1.21600419e+02   
    1.68000000e+04     4.20000000e+00     1.11503408e+03     2.97921739e+02     2.35223940e+02     1.22661882e+02   
    1.70000000e+04     4.25000000e+00     1.11504413e+03     2.95186594e+02     2.36846768e+02     1.24211303e+02   
    1.72000000e+04     4.30000000e+00     1.11505082e+03     2.96789118e+02     2.37887957e+02     1.25425716e+02   
    1.74000000e+04     4.35000000e+00     1.11503830e+03     2.97802118e+02     2.34526931e+02     1.21422216e+02   
    1.76000000e+04     4.40000000e+00     1.11504483e+03     2.97268059e+02     2.37616328e+02     1.24190513e+02   
    1.78000000e+04     4.45000000e+00     1.11504077e+03     2.99505114e+02     2.35747986e+02     1.22899541e+02   
    1.80000000e+04     4.50000000e+00     1.11504007e+03     2.98508682e+02     2.37901775e+02     1.24758416e+02   
    1.82000000e+04     4.55000000e+00     1.11502122e+03     2.98054446e+02     2.35247283e+02     1.22642899e+02   
    1.84000000e+04     4.60000000e+00     1.11501511e+03     2.99346818e+02     2.34896785e+02     1.22220424e+02   
    1.86000000e+04     4.65000000e+00     1.11502318e+03     2.99466064e+02     2.35589598e+02     1.24387829e+02   
    1.88000000e+04     4.70000000e+00     1.11503630e+03     3.00216376e+02     2.36748834e+02     1.25476834e+02   
    1.90000000e+04     4.75000000e+00     1.11503858e+03     2.97862830e+02     2.37185564e+02     1.26199954e+02   
    1.92000000e+04     4.80000000e+00     1.11503481e+03     2.99698918e+02     2.35334311e+02     1.23709508e+02   
    1.94000000e+04     4.85000000e+00     1.11504047e+03     3.00633445e+02     2.36517766e+02     1.24200163e+02   
    1.96000000e+04     4.90000000e+00     1.11503711e+03     2.99486459e+02     2.36447826e+02     1.22806210e+02   
    1.98000000e+04     4.95000000e+00     1.11503482e+03     3.04202637e+02     2.37651213e+02     1.22534304e+02   
    2.00000000e+04     5.00000000e+00     1.11503279e+03     2.98013071e+02     2.35531194e+02     1.21313602e+02   
    2.02000000e+04     5.05000000e+00     1.11503765e+03     2.98796852e+02     2.36171959e+02     1.23774109e+02   
    2.04000000e+04     5.10000000e+00     1.11504460e+03     3.01838676e+02     2.36590770e+02     1.23077642e+02   
    2.06000000e+04     5.15000000e+00     1.11505573e+03     2.99716360e+02     2.35416965e+02     1.22442478e+02   
    2.08000000e+04     5.20000000e+00     1.11506297e+03     3.00975202e+02     2.37619303e+02     1.25209314e+02   
    2.10000000e+04     5.25000000e+00     1.11506688e+03     2.99127705e+02     2.35979905e+02     1.23835464e+02   
    2.12000000e+04     5.30000000e+00     1.11507154e+03     2.99262352e+02     2.34923750e+02     1.23283028e+02   
    2.14000000e+04     5.35000000e+00     1.11508932e+03     3.00101106e+02     2.37276669e+02     1.24125730e+02   
    2.16000000e+04     5.40000000e+00     1.11508349e+03     2.98086204e+02     2.35800027e+02     1.23507801e+02   
    2.18000000e+04     5.45000000e+00     1.11508201e+03     2.97472157e+02     2.36025124e+02     1.23641846e+02   
    2.20000000e+04     5.50000000e+00     1.11508021e+03     2.99000508e+02     2.35869608e+02     1.23502815e+02   
    2.22000000e+04     5.55000000e+00     1.11506967e+03     2.99960051e+02     2.35107605e+02     1.22311011e+02   
    2.24000000e+04     5.60000000e+00     1.11506789e+03     2.95644097e+02     2.35136973e+02     1.22289919e+02   
    2.26000000e+04     5.65000000e+00     1.11505666e+03     2.95613217e+02     2.34529775e+02     1.20626106e+02   
    2.28000000e+04     5.70000000e+00     1.11505978e+03     2.99320355e+02     2.37944816e+02     1.22598562e+02   
    2.30000000e+04     5.75000000e+00     1.11504412e+03     3.02790786e+02     2.36660521e+02     1.20793998e+02   
    2.32000000e+04     5.80000000e+00     1.11504177e+03     2.99880171e+02     2.37238852e+02     1.21738273e+02   
    2.34000000e+04     5.85000000e+00     1.11503890e+03     3.00333484e+02     2.35036744e+02     1.19846414e+02   
    2.36000000e+04     5.90000000e+00     1.11503766e+03     3.02287794e+02     2.37051360e+02     1.21437430e+02   
    2.38000000e+04     5.95000000e+00     1.11503749e+03     2.96906451e+02     2.35429895e+02     1.20107289e+02   
    2.40000000e+04     6.00000000e+00     1.11504662e+03     3.01035558e+02     2.39175522e+02     1.24102534e+02   
    2.42000000e+04     6.05000000e+00     1.11503182e+03     3.00299077e+02     2.37416222e+02     1.22415432e+02   
    2.44000000e+04     6.10000000e+00     1.11501972e+03     3.01027326e+02     2.35709838e+02     1.21263503e+02   
    2.46000000e+04     6.15000000e+00     1.11501122e+03     2.99252645e+02     2.35877610e+02     1.21352775e+02   
    2.48000000e+04     6.20000000e+00     1.11500774e+03     2.99273374e+02     2.36084832e+02     1.20081792e+02   
    2.50000000e+04     6.25000000e+00     1.11502070e+03     2.98128565e+02     2.36383918e+02     1.22318823e+02   
    2.52000000e+04     6.30000000e+00     1.11501999e+03     2.98942429e+02     2.35210200e+02     1.21114981e+02   
    2.54000000e+04     6.35000000e+00     1.11501729e+03     2.95054977e+02     2.36059759e+02     1.23848992e+02   
    2.56000000e+04     6.40000000e+00     1.11501559e+03     3.00661324e+02     2.36499409e+02     1.23236777e+02   
    2.58000000e+04     6.45000000e+00     1.11501254e+03     2.98186547e+02     2.35393798e+02     1.21601766e+02   
    2.60000000e+04     6.50000000e+00     1.11501583e+03     2.99300985e+02     2.37092227e+02     1.23395061e+02   
    2.62000000e+04     6.55000000e+00     1.11501028e+03     2.98176521e+02     2.37088482e+02     1.24861692e+02   
    2.64000000e+04     6.60000000e+00     1.11499937e+03     2.97319789e+02     2.36485194e+02     1.24107212e+02   
    2.66000000e+04     6.65000000e+00     1.11499531e+03     2.99838958e+02     2.36678246e+02     1.23037325e+02   
    2.68000000e+04     6.70000000e+00     1.11499697e+03     3.03059827e+02     2.37267031e+02     1.23817124e+02   
    2.70000000e+04     6.75000000e+00     1.11499860e+03     2.97292486e+02     2.35952805e+02     1.23585482e+02   
    2.72000000e+04     6.80000000e+00     1.11500941e+03     3.00126493e+02     2.35787572e+02     1.24779119e+02   
    2.74000000e+04     6.85000000e+00     1.11501021e+03     2.97147565e+02     2.35956238e+02     1.23265132e+02   
    2.76000000e+04     6.90000000e+00     1.11500992e+03     2.99033523e+02     2.36551139e+02     1.22054313e+02   
    2.78000000e+04     6.95000000e+00     1.11502188e+03     2.98070923e+02     2.36693293e+02     1.24653550e+02   
    2.80000000e+04     7.00000000e+00     1.11502750e+03     2.99526184e+02     2.37006531e+02     1.23275529e+02   
    2.82000000e+04     7.05000000e+00     1.11503962e+03     2.93998984e+02     2.36588490e+02     1.23058674e+02   
    2.84000000e+04     7.10000000e+00     1.11504411e+03     2.97350364e+02     2.36691425e+02     1.23182012e+02   
    2.86000000e+04     7.15000000e+00     1.11505041e+03     3.01105362e+02     2.38157703e+02     1.24462986e+02   
    2.88000000e+04     7.20000000e+00     1.11504578e+03     2.99866588e+02     2.36587665e+02     1.25795365e+02   
    2.90000000e+04     7.25000000e+00     1.11505062e+03     2.97733173e+02     2.35654096e+02     1.24832812e+02   
    2.92000000e+04     7.30000000e+00     1.11506652e+03     2.98004351e+02     2.37242578e+02     1.25199759e+02   
    2.94000000e+04     7.35000000e+00     1.11506058e+03     2.99528106e+02     2.36130016e+02     1.22926369e+02   
    2.96000000e+04     7.40000000e+00     1.11507172e+03     3.00687436e+02     2.37313627e+02     1.25594768e+02   
    2.98000000e+04     7.45000000e+00     1.11505450e+03     3.00025395e+02     2.35554932e+02     1.24101386e+02   
    3.00000000e+04     7.50000000e+00     1.11504778e+03     3.00610311e+02     2.35991694e+02     1.22362832e+02   
    3.02000000e+04     7.55000000e+00     1.11504118e+03     3.02337547e+02     2.36657972e+02     1.23451830e+02   
    3.04000000e+04     7.60000000e+00     1.11503804e+03     2.99289729e+02     2.34946408e+02     1.23670171e+02   
    3.06000000e+04     7.65000000e+00     1.11504546e+03     2.97449921e+02     2.37006899e+02     1.26141648e+02   
    3.08000000e+04     7.70000000e+00     1.11505466e+03     3.01564133e+02     2.36696016e+02     1.25244716e+02   
    3.10000000e+04     7.75000000e+00     1.11506220e+03     3.01207942e+02     2.35784633e+02     1.23402952e+02   
    3.12000000e+04     7.80000000e+00     1.11506579e+03     2.99287344e+02     2.37077191e+02     1.25790096e+02   
    3.14000000e+04     7.85000000e+00     1.11506289e+03     2.97936946e+02     2.37715837e+02     1.25978110e+02   
    3.16000000e+04     7.90000000e+00     1.11504875e+03     3.02331470e+02     2.35039236e+02     1.23037666e+02   
    3.18000000e+04     7.95000000e+00     1.11506214e+03     3.00347241e+02     2.36495465e+02     1.23033233e+02   
    3.20000000e+04     8.00000000e+00     1.11505631e+03     3.02100569e+02     2.38144763e+02     1.24916509e+02   
    3.22000000e+04     8.05000000e+00     1.11505362e+03     2.98057591e+02     2.37855095e+02     1.25019446e+02   
    3.24000000e+04     8.10000000e+00     1.11503886e+03     2.98614340e+02     2.35355920e+02     1.24317410e+02   
    3.26000000e+04     8.15000000e+00     1.11504511e+03     2.98029330e+02     2.37108864e+02     1.25283231e+02   
    3.28000000e+04     8.20000000e+00     1.11504690e+03     3.02026878e+02     2.35081431e+02     1.23499325e+02   
    3.30000000e+04     8.25000000e+00     1.11506264e+03     2.98900478e+02     2.36574032e+02     1.25842335e+02   
    3.32000000e+04     8.30000000e+00     1.11505532e+03     2.99470813e+02     2.36727963e+02     1.25056597e+02   
    3.34000000e+04     8.35000000e+00     1.11507977e+03     3.00765809e+02     2.36175708e+02     1.26656076e+02   
    3.36000000e+04     8.40000000e+00     1.11508073e+03     2.96482845e+02     2.36768578e+02     1.24323652e+02   
    3.38000000e+04     8.45000000e+00     1.11508937e+03     2.97283952e+02     2.38527017e+02     1.28072572e+02   
    3.40000000e+04     8.50000000e+00     1.11508146e+03     2.99074908e+02     2.36766637e+02     1.26449005e+02   
    3.42000000e+04     8.55000000e+00     1.11506966e+03     2.97937248e+02     2.36513206e+02     1.25389347e+02   
    3.44000000e+04     8.60000000e+00     1.11505711e+03     2.98759102e+02     2.36454809e+02     1.24194779e+02   
    3.46000000e+04     8.65000000e+00     1.11505048e+03     2.99580930e+02     2.36016121e+02     1.23312815e+02   
    3.48000000e+04     8.70000000e+00     1.11503568e+03     2.98689038e+02     2.34599822e+02     1.22209702e+02   
    3.50000000e+04     8.75000000e+00     1.11504735e+03     2.99020028e+02     2.37653694e+02     1.24658817e+02   
    3.52000000e+04     8.80000000e+00     1.11501615e+03     2.99746239e+02     2.36065062e+02     1.23248998e+02   
    3.54000000e+04     8.85000000e+00     1.11501661e+03     2.99152325e+02     2.36233221e+02     1.23471207e+02   
    3.56000000e+04     8.90000000e+00     1.11502257e+03     2.98745968e+02     2.37741769e+02     1.27227137e+02   
    3.58000000e+04     8.95000000e+00     1.11500864e+03     3.01934218e+02     2.36170419e+02     1.24237251e+02   
    3.60000000e+04     9.00000000e+00     1.11501971e+03     2.99019176e+02     2.37731333e+02     1.27380717e+02   
    3.62000000e+04     9.05000000e+00     1.11501833e+03     3.00916360e+02     2.39328135e+02     1.27231648e+02   
    3.64000000e+04     9.10000000e+00     1.11499331e+03     3.01921675e+02     2.36345034e+02     1.23027404e+02   
    3.66000000e+04     9.15000000e+00     1.11499814e+03     3.01336706e+02     2.36850839e+02     1.24552902e+02   
    3.68000000e+04     9.20000000e+00     1.11498726e+03     3.01528802e+02     2.36550746e+02     1.23012648e+02   
    3.70000000e+04     9.25000000e+00     1.11497684e+03     2.99237719e+02     2.35960799e+02     1.22300833e+02   
    3.72000000e+04     9.30000000e+00     1.11496591e+03     3.01380711e+02     2.34921014e+02     1.22123488e+02   
    3.74000000e+04     9.35000000e+00     1.11497388e+03     3.02756454e+02     2.34834779e+02     1.22861705e+02   
    3.76000000e+04     9.40000000e+00     1.11497426e+03     2.99184880e+02     2.35175794e+02     1.23395379e+02   
    3.78000000e+04     9.45000000e+00     1.11498309e+03     2.95446261e+02     2.37169553e+02     1.25813340e+02   
    3.80000000e+04     9.50000000e+00     1.11497694e+03     3.02256005e+02     2.36941462e+02     1.22930758e+02   
    3.82000000e+04     9.55000000e+00     1.11498230e+03     2.97856882e+02     2.37132775e+02     1.25414717e+02   
    3.84000000e+04     9.60000000e+00     1.11498427e+03     2.99239811e+02     2.36475152e+02     1.24661899e+02   
    3.86000000e+04     9.65000000e+00     1.11497899e+03     2.99914437e+02     2.34302797e+02     1.23487111e+02   
    3.88000000e+04     9.70000000e+00     1.11499107e+03     3.00020337e+02     2.36392659e+02     1.25628124e+02   
    3.90000000e+04     9.75000000e+00     1.11500078e+03     3.01935232e+02     2.37529281e+02     1.26365819e+02   
    3.92000000e+04     9.80000000e+00     1.11499221e+03     2.96762614e+02     2.36761900e+02     1.25631661e+02   
    3.94000000e+04     9.85000000e+00     1.11499057e+03     2.97380345e+02     2.35592103e+02     1.23978841e+02   
    3.96000000e+04     9.90000000e+00     1.11500152e+03     3.00214831e+02     2.36522363e+02     1.25274581e+02   
    3.98000000e+04     9.95000000e+00     1.11498995e+03     2.98814075e+02     2.35950416e+02     1.24702999e+02   
    4.00000000e+04     1.00000000e+01     1.11500695e+03     2.97618653e+02     2.40034452e+02     1.29149377e+02   
    4.02000000e+04     1.00500000e+01     1.11499226e+03     3.01187127e+02     2.34708168e+02     1.21303707e+02   
    4.04000000e+04     1.01000000e+01     1.11500223e+03     3.00152525e+02     2.35463967e+02     1.22698740e+02   
    4.06000000e+04     1.01500000e+01     1.11501412e+03     2.98193933e+02     2.37659482e+02     1.26091505e+02   
    4.08000000e+04     1.02000000e+01     1.11502456e+03     2.98054509e+02     2.35497961e+02     1.23748876e+02   
    4.10000000e+04     1.02500000e+01     1.11501713e+03     3.00659739e+02     2.35387427e+02     1.24783814e+02   
    4.12000000e+04     1.03000000e+01     1.11502793e+03     2.99300699e+02     2.38120079e+02     1.28912744e+02   
    4.14000000e+04     1.03500000e+01     1.11501918e+03     2.98651600e+02     2.36109381e+02     1.26226077e+02   
    4.16000000e+04     1.04000000e+01     1.11501400e+03     2.98878820e+02     2.36183558e+02     1.25673887e+02   
    4.18000000e+04     1.04500000e+01     1.11501325e+03     2.98366241e+02     2.36622064e+02     1.25192025e+02   
    4.20000000e+04     1.05000000e+01     1.11503148e+03     2.98683106e+02     2.36779971e+02     1.24701500e+02   
    4.22000000e+04     1.05500000e+01     1.11505582e+03     3.02025629e+02     2.36338474e+02     1.24744419e+02   
    4.24000000e+04     1.06000000e+01     1.11505569e+03     3.00580253e+02     2.36350307e+02     1.25637135e+02   
    4.26000000e+04     1.06500000e+01     1.11506186e+03     3.01574874e+02     2.36472216e+02     1.25610239e+02   
    4.28000000e+04     1.07000000e+01     1.11507204e+03     2.98246260e+02     2.38807108e+02     1.27990756e+02   
    4.30000000e+04     1.07500000e+01     1.11507901e+03     2.95640365e+02     2.38004049e+02     1.26614080e+02   
    4.32000000e+04     1.08000000e+01     1.11508218e+03     3.00953339e+02     2.37318366e+02     1.26730633e+02   
    4.34000000e+04     1.08500000e+01     1.11509212e+03     2.98496911e+02     2.36772687e+02     1.27054371e+02   
    4.36000000e+04     1.09000000e+01     1.11508388e+03     3.02343271e+02     2.34638299e+02     1.24015519e+02   
    4.38000000e+04     1.09500000e+01     1.11507851e+03     2.99683728e+02     2.34662005e+02     1.24867959e+02   
    4.40000000e+04     1.10000000e+01     1.11507091e+03     3.01150798e+02     2.37017012e+02     1.24857248e+02   
    4.42000000e+04     1.10500000e+01     1.11506232e+03     3.02844381e+02     2.36611805e+02     1.25802431e+02   
    4.44000000e+04     1.11000000e+01     1.11507254e+03     3.01514327e+02     2.36930555e+02     1.25563390e+02   
    4.46000000e+04     1.11500000e+01     1.11506324e+03     2.98966538e+02     2.35296183e+02     1.26207145e+02   
    4.48000000e+04     1.12000000e+01     1.11506515e+03     2.98853711e+02     2.34248384e+02     1.23690310e+02   
    4.50000000e+04     1.12500000e+01     1.11506467e+03     2.97715919e+02     2.35108968e+02     1.24454022e+02   
    4.52000000e+04     1.13000000e+01     1.11505295e+03     3.02977258e+02     2.35322592e+02     1.23039190e+02   
    4.54000000e+04     1.13500000e+01     1.11506451e+03     2.99273035e+02     2.38260566e+02     1.27989505e+02   
    4.56000000e+04     1.14000000e+01     1.11506269e+03     3.01475226e+02     2.34448270e+02     1.23476119e+02   
    4.58000000e+04     1.14500000e+01     1.11507690e+03     3.01875921e+02     2.37501149e+02     1.25184407e+02   
    4.60000000e+04     1.15000000e+01     1.11506442e+03     2.98566676e+02     2.37173831e+02     1.24826291e+02   
    4.62000000e+04     1.15500000e+01     1.11504983e+03     2.99259388e+02     2.33666705e+02     1.20660220e+02   
    4.64000000e+04     1.16000000e+01     1.11506450e+03     3.01515120e+02     2.37390819e+02     1.26267369e+02   
    4.66000000e+04     1.16500000e+01     1.11506560e+03     3.01740448e+02     2.36976983e+02     1.25340339e+02   
    4.68000000e+04     1.17000000e+01     1.11506036e+03     3.02515009e+02     2.35534622e+02     1.23892872e+02   
    4.70000000e+04     1.17500000e+01     1.11505420e+03     2.98695155e+02     2.34419505e+02     1.22743067e+02   
    4.72000000e+04     1.18000000e+01     1.11506584e+03     3.00908416e+02     2.35485639e+02     1.24298309e+02   
    4.74000000e+04     1.18500000e+01     1.11506246e+03     3.02013600e+02     2.35461829e+02     1.24441218e+02   
    4.76000000e+04     1.19000000e+01     1.11506629e+03     3.00308332e+02     2.37963762e+02     1.26207057e+02   
    4.78000000e+04     1.19500000e+01     1.11506416e+03     3.03139251e+02     2.35628879e+02     1.24859887e+02   
    4.80000000e+04     1.20000000e+01     1.11507431e+03     3.02073182e+02     2.37068756e+02     1.23891425e+02   
    4.82000000e+04     1.20500000e+01     1.11507977e+03     3.03380936e+02     2.37671657e+02     1.25026364e+02   
    4.84000000e+04     1.21000000e+01     1.11506163e+03     2.97772180e+02     2.35179918e+02     1.22495916e+02   
    4.86000000e+04     1.21500000e+01     1.11506151e+03     3.01399036e+02     2.37192256e+02     1.24696325e+02   
    4.88000000e+04     1.22000000e+01     1.11504605e+03     3.03444542e+02     2.33377505e+02     1.19843931e+02   
    4.90000000e+04     1.22500000e+01     1.11505888e+03     3.01728361e+02     2.36340649e+02     1.24493169e+02   
    4.92000000e+04     1.23000000e+01     1.11506224e+03     2.98158595e+02     2.35967448e+02     1.23350525e+02   
    4.94000000e+04     1.23500000e+01     1.11507794e+03     2.98664668e+02     2.36783907e+02     1.26269427e+02   
    4.96000000e+04     1.24000000e+01     1.11507464e+03     2.99711050e+02     2.36702041e+02     1.24654508e+02   
    4.98000000e+04     1.24500000e+01     1.11507307e+03     2.98178999e+02     2.35868724e+02     1.24487532e+02   
    5.00000000e+04     1.25000000e+01     1.11507626e+03     2.99500792e+02     2.35740521e+02     1.23063895e+02   
    5.02000000e+04     1.25500000e+01     1.11509264e+03     2.97768747e+02     2.35520491e+02     1.25207267e+02   
    5.04000000e+04     1.26000000e+01     1.11511410e+03     3.01970156e+02     2.38069849e+02     1.27490145e+02   
    5.06000000e+04     1.26500000e+01     1.11509563e+03     2.97176248e+02     2.35955629e+02     1.25163564e+02   
    5.08000000e+04     1.27000000e+01     1.11510555e+03     3.00197600e+02     2.37651962e+02     1.26952331e+02   
    5.10000000e+04     1.27500000e+01     1.11510223e+03     2.99011055e+02     2.36501788e+02     1.26136395e+02   
    5.12000000e+04     1.28000000e+01     1.11509527e+03     2.98812419e+02     2.35197608e+02     1.24078931e+02   
    5.14000000e+04     1.28500000e+01     1.11511380e+03     2.98105508e+02     2.37936534e+02     1.26709471e+02   
    5.16000000e+04     1.29000000e+01     1.11512562e+03     3.01203866e+02     2.38964199e+02     1.28105531e+02   
    5.18000000e+04     1.29500000e+01     1.11510317e+03     3.01399035e+02     2.36272772e+02     1.24991037e+02   
    5.20000000e+04     1.30000000e+01     1.11510244e+03     2.98912036e+02     2.35763167e+02     1.25137343e+02   
    5.22000000e+04     1.30500000e+01     1.11510392e+03     2.99877642e+02     2.36766690e+02     1.23335757e+02   
    5.24000000e+04     1.31000000e+01     1.11510896e+03     2.98296588e+02     2.35484644e+02     1.22504764e+02   
    5.26000000e+04     1.31500000e+01     1.11511569e+03     2.98539760e+02     2.36093477e+02     1.22585970e+02   
    5.28000000e+04     1.32000000e+01     1.11511456e+03     3.00924515e+02     2.38438760e+02     1.26234994e+02   
    5.30000000e+04     1.32500000e+01     1.11510418e+03     3.00956698e+02     2.35870133e+02     1.23196454e+02   
    5.32000000e+04     1.33000000e+01     1.11510348e+03     3.02925206e+02     2.35020116e+02     1.21625915e+02   
    5.34000000e+04     1.33500000e+01     1.11510262e+03     3.00042971e+02     2.36647920e+02     1.23849328e+02   
    5.36000000e+04     1.34000000e+01     1.11512122e+03     3.02616694e+02     2.38441761e+02     1.25948491e+02   
    5.38000000e+04     1.34500000e+01     1.11513544e+03     3.00127717e+02     2.39124047e+02     1.27034720e+02   
    5.40000000e+04     1.35000000e+01     1.11512203e+03     3.02090796e+02     2.36133158e+02     1.22122320e+02   
    5.42000000e+04     1.35500000e+01     1.11513482e+03     3.02575130e+02     2.35345232e+02     1.23412181e+02   
    5.44000000e+04     1.36000000e+01     1.11514936e+03     2.97956693e+02     2.37357497e+02     1.26769201e+02   
    5.46000000e+04     1.36500000e+01     1.11515184e+03     3.01057201e+02     2.36464382e+02     1.25266503e+02   
    5.48000000e+04     1.37000000e+01     1.11514106e+03     3.00896269e+02     2.35894362e+02     1.25448757e+02   
    5.50000000e+04     1.37500000e+01     1.11513569e+03     3.02053390e+02     2.35100996e+02     1.23301693e+02   
    5.52000000e+04     1.38000000e+01     1.11514879e+03     2.97021560e+02     2.37828855e+02     1.26094539e+02   
    5.54000000e+04     1.38500000e+01     1.11513289e+03     2.99768624e+02     2.35388901e+02     1.22987055e+02   
    5.56000000e+04     1.39000000e+01     1.11512820e+03     3.01059020e+02     2.35672177e+02     1.24420945e+02   
    5.58000000e+04     1.39500000e+01     1.11511246e+03     3.01908560e+02     2.34595653e+02     1.21456631e+02   
    5.60000000e+04     1.40000000e+01     1.11511964e+03     2.98567807e+02     2.35014400e+02     1.23429312e+02   
    5.62000000e+04     1.40500000e+01     1.11511839e+03     2.99637829e+02     2.36732794e+02     1.25082939e+02   
    5.64000000e+04     1.41000000e+01     1.11511264e+03     3.00334776e+02     2.36996397e+02     1.26039777e+02   
    5.66000000e+04     1.41500000e+01     1.11510801e+03     3.01571859e+02     2.36902593e+02     1.26784949e+02   
    5.68000000e+04     1.42000000e+01     1.11510563e+03     3.02361958e+02     2.38010350e+02     1.26832726e+02   
    5.70000000e+04     1.42500000e+01     1.11510651e+03     3.03284553e+02     2.36080318e+02     1.24660028e+02   
    5.72000000e+04     1.43000000e+01     1.11510814e+03     3.01953767e+02     2.35737978e+02     1.23666949e+02   
    5.74000000e+04     1.43500000e+01     1.11510982e+03     2.99395784e+02     2.36104976e+02     1.24336540e+02   
    5.76000000e+04     1.44000000e+01     1.11512393e+03     2.98252002e+02     2.35687934e+02     1.23862305e+02   
    5.78000000e+04     1.44500000e+01     1.11512780e+03     3.04271739e+02     2.37929112e+02     1.25017181e+02   
    5.80000000e+04     1.45000000e+01     1.11511925e+03     3.01980906e+02     2.35097246e+02     1.21485176e+02   
    5.82000000e+04     1.45500000e+01     1.11512139e+03     3.03707327e+02     2.35970519e+02     1.22867418e+02   
    5.84000000e+04     1.46000000e+01     1.11511952e+03     3.00557963e+02     2.35890045e+02     1.23379550e+02   
    5.86000000e+04     1.46500000e+01     1.11512157e+03     3.00629395e+02     2.36259111e+02     1.23422952e+02   
    5.88000000e+04     1.47000000e+01     1.11512077e+03     3.03265446e+02     2.35834570e+02     1.23035463e+02   
    5.90000000e+04     1.47500000e+01     1.11512851e+03     3.01194113e+02     2.37587522e+02     1.24214156e+02   
    5.92000000e+04     1.48000000e+01     1.11512786e+03     3.02093086e+02     2.36827230e+02     1.23057943e+02   
    5.94000000e+04     1.48500000e+01     1.11512994e+03     3.03730406e+02     2.35953865e+02     1.20754403e+02   
    5.96000000e+04     1.49000000e+01     1.11513600e+03     3.01368483e+02     2.35148704e+02     1.22432672e+02   
    5.98000000e+04     1.49500000e+01     1.11514841e+03     3.02760396e+02     2.36008724e+02     1.21895215e+02   
    6.00000000e+04     1.50000000e+01     1.11515402e+03     3.01066429e+02     2.37316892e+02     1.25492504e+02   
    6.02000000e+04     1.50500000e+01     1.11514225e+03     3.01850024e+02     2.34706243e+02     1.21460177e+02   
    6.04000000e+04     1.51000000e+01     1.11515628e+03     3.01910807e+02     2.36726710e+02     1.24273791e+02   
    6.06000000e+04     1.51500000e+01     1.11516645e+03     3.00227023e+02     2.35311269e+02     1.23703360e+02   
    6.08000000e+04     1.52000000e+01     1.11517418e+03     3.02182610e+02     2.35976324e+02     1.22800344e+02   
    6.10000000e+04     1.52500000e+01     1.11517358e+03     3.01504596e+02     2.36924034e+02     1.23338175e+02   
    6.12000000e+04     1.53000000e+01     1.11516145e+03     3.03040355e+02     2.35481441e+02     1.23053087e+02   
    6.14000000e+04     1.53500000e+01     1.11515425e+03     2.99647913e+02     2.36003572e+02     1.24356194e+02   
    6.16000000e+04     1.54000000e+01     1.11516244e+03     2.99458901e+02     2.37091217e+02     1.26275729e+02   
    6.18000000e+04     1.54500000e+01     1.11514012e+03     3.03745343e+02     2.34474351e+02     1.22499582e+02   
    6.20000000e+04     1.55000000e+01     1.11514742e+03     3.00246674e+02     2.37188886e+02     1.27253752e+02   
    6.22000000e+04     1.55500000e+01     1.11514283e+03     3.04454850e+02     2.36948665e+02     1.25926551e+02   
    6.24000000e+04     1.56000000e+01     1.11515508e+03     3.01819514e+02     2.37585615e+02     1.25542942e+02   
    6.26000000e+04     1.56500000e+01     1.11515487e+03     2.99567879e+02     2.35708427e+02     1.22796274e+02   
    6.28000000e+04     1.57000000e+01     1.11515456e+03     3.01884545e+02     2.36470711e+02     1.25448910e+02   
    6.30000000e+04     1.57500000e+01     1.11516232e+03     2.98518413e+02     2.35768878e+02     1.24805764e+02   
    6.32000000e+04     1.58000000e+01     1.11515798e+03     2.99409735e+02     2.35775431e+02     1.24449386e+02   
    6.34000000e+04     1.58500000e+01     1.11515574e+03     2.99822073e+02     2.34960560e+02     1.21696610e+02   
    6.36000000e+04     1.59000000e+01     1.11518117e+03     3.00673548e+02     2.37091055e+02     1.24956779e+02   
    6.38000000e+04     1.59500000e+01     1.11518526e+03     3.02118713e+02     2.35813222e+02     1.24204554e+02   
    6.40000000e+04     1.60000000e+01     1.11518039e+03     2.99286981e+02     2.35609110e+02     1.24974983e+02   
    6.42000000e+04     1.60500000e+01     1.11518196e+03     2.98328397e+02     2.37060169e+02     1.26525175e+02   
    6.44000000e+04     1.61000000e+01     1.11516398e+03     3.02045446e+02     2.35377839e+02     1.25478495e+02   
    6.46000000e+04     1.61500000e+01     1.11515407e+03     3.01184179e+02     2.37067787e+02     1.26602165e+02   
    6.48000000e+04     1.62000000e+01     1.11514146e+03     3.01954379e+02     2.35516706e+02     1.24706903e+02   
    6.50000000e+04     1.62500000e+01     1.11515280e+03     3.02878223e+02     2.37803365e+02     1.27908061e+02   
    6.52000000e+04     1.63000000e+01     1.11514871e+03     3.01275757e+02     2.36517652e+02     1.23954664e+02   
    6.54000000e+04     1.63500000e+01     1.11514289e+03     3.02679733e+02     2.36412567e+02     1.23868744e+02   
    6.56000000e+04     1.64000000e+01     1.11514430e+03     2.97347382e+02     2.36096695e+02     1.24045661e+02   
    6.58000000e+04     1.64500000e+01     1.11514043e+03     3.03328918e+02     2.36826533e+02     1.23013433e+02   
    6.60000000e+04     1.65000000e+01     1.11514479e+03     2.99216107e+02     2.35746784e+02     1.23360841e+02   
    6.62000000e+04     1.65500000e+01     1.11514962e+03     3.03165712e+02     2.38682114e+02     1.25044538e+02   
    6.64000000e+04     1.66000000e+01     1.11514316e+03     3.02876931e+02     2.36087770e+02     1.24344545e+02   
    6.66000000e+04     1.66500000e+01     1.11513823e+03     3.05295299e+02     2.36071890e+02     1.22563151e+02   
    6.68000000e+04     1.67000000e+01     1.11514230e+03     3.00905769e+02     2.35629632e+02     1.24366523e+02   
    6.70000000e+04     1.67500000e+01     1.11513893e+03     2.98146640e+02     2.35242094e+02     1.23485559e+02   
    6.72000000e+04     1.68000000e+01     1.11514376e+03     2.99216353e+02     2.36552074e+02     1.25440384e+02   
    6.74000000e+04     1.68500000e+01     1.11511164e+03     3.01160906e+02     2.33718517e+02     1.21686678e+02   
    6.76000000e+04     1.69000000e+01     1.11512159e+03     3.01311054e+02     2.36311854e+02     1.23897485e+02   
    6.78000000e+04     1.69500000e+01     1.11512463e+03     3.01740580e+02     2.37262899e+02     1.23204908e+02   
    6.80000000e+04     1.70000000e+01     1.11512353e+03     3.02599828e+02     2.35247488e+02     1.22862777e+02   
    6.82000000e+04     1.70500000e+01     1.11514081e+03     3.00127580e+02     2.35931795e+02     1.23103832e+02   
    6.84000000e+04     1.71000000e+01     1.11514937e+03     3.03644342e+02     2.34678660e+02     1.22708306e+02   
    6.86000000e+04     1.71500000e+01     1.11517619e+03     3.00844017e+02     2.37506212e+02     1.25973729e+02   
    6.88000000e+04     1.72000000e+01     1.11518086e+03     3.04741077e+02     2.35841855e+02     1.24014634e+02   
    6.90000000e+04     1.72500000e+01     1.11518629e+03     3.04791978e+02     2.36721001e+02     1.25451350e+02   
    6.92000000e+04     1.73000000e+01     1.11519854e+03     3.00406273e+02     2.37150137e+02     1.26319072e+02   
    6.94000000e+04     1.73500000e+01     1.11518815e+03     3.00654555e+02     2.35123582e+02     1.23003021e+02   
    6.96000000e+04     1.74000000e+01     1.11518892e+03     3.03743535e+02     2.36026851e+02     1.22335235e+02   
    6.98000000e+04     1.74500000e+01     1.11518781e+03     2.99632389e+02     2.35362413e+02     1.21925986e+02   
    7.00000000e+04     1.75000000e+01     1.11519259e+03     3.00181526e+02     2.35841675e+02     1.23318821e+02   
    7.02000000e+04     1.75500000e+01     1.11518527e+03     2.99416763e+02     2.35505371e+02     1.21890344e+02   
    7.04000000e+04     1.76000000e+01     1.11518079e+03     3.00701917e+02     2.35358161e+02     1.20907843e+02   
    7.06000000e+04     1.76500000e+01     1.11519033e+03     3.02602757e+02     2.37106928e+02     1.22349256e+02   
    7.08000000e+04     1.77000000e+01     1.11518477e+03     3.04049983e+02     2.34819153e+02     1.18854321e+02   
    7.10000000e+04     1.77500000e+01     1.11519260e+03     2.98235666e+02     2.34351481e+02     1.21001333e+02   
    7.12000000e+04     1.78000000e+01     1.11521053e+03     3.03340359e+02     2.38589064e+02     1.24897518e+02   
    7.14000000e+04     1.78500000e+01     1.11519885e+03     3.00820155e+02     2.36430168e+02     1.23776272e+02   
    7.16000000e+04     1.79000000e+01     1.11520444e+03     3.05167953e+02     2.37627885e+02     1.24808919e+02   
    7.18000000e+04     1.79500000e+01     1.11520192e+03     3.00319908e+02     2.36449348e+02     1.23173609e+02   
    7.20000000e+04     1.80000000e+01     1.11519781e+03     3.00563620e+02     2.36649084e+02     1.22652333e+02   
    7.22000000e+04     1.80500000e+01     1.11519414e+03     3.00667882e+02     2.35895765e+02     1.21381847e+02   
    7.24000000e+04     1.81000000e+01     1.11519639e+03     3.00563867e+02     2.37269619e+02     1.23481650e+02   
    7.26000000e+04     1.81500000e+01     1.11519554e+03     3.01607806e+02     2.35726017e+02     1.21873304e+02   
    7.28000000e+04     1.82000000e+01     1.11519348e+03     3.03034628e+02     2.34600085e+02     1.20131819e+02   
    7.30000000e+04     1.82500000e+01     1.11519688e+03     3.03064483e+02     2.33944338e+02     1.20517388e+02   
    7.32000000e+04     1.83000000e+01     1.11520495e+03     3.00670650e+02     2.37008717e+02     1.24218537e+02   
    7.34000000e+04     1.83500000e+01     1.11519596e+03     3.00785607e+02     2.35525890e+02     1.23698592e+02   
    7.36000000e+04     1.84000000e+01     1.11518992e+03     3.02895909e+02     2.35540613e+02     1.23136009e+02   
    7.38000000e+04     1.84500000e+01     1.11519067e+03     3.02157548e+02     2.36602145e+02     1.23811295e+02   
    7.40000000e+04     1.85000000e+01     1.11518561e+03     2.98589149e+02     2.34183955e+02     1.22251004e+02   
    7.42000000e+04     1.85500000e+01     1.11520064e+03     3.02251019e+02     2.36466345e+02     1.25545365e+02   
    7.44000000e+04     1.86000000e+01     1.11521023e+03     3.02243718e+02     2.36588581e+02     1.25660365e+02   
    7.46000000e+04     1.86500000e+01     1.11521398e+03     2.99998697e+02     2.36806047e+02     1.24657769e+02   
    7.48000000e+04     1.87000000e+01     1.11521917e+03     3.02199007e+02     2.37863931e+02     1.24904804e+02   
    7.50000000e+04     1.87500000e+01     1.11521907e+03     2.98553840e+02     2.37264965e+02     1.24655620e+02   
    7.52000000e+04     1.88000000e+01     1.11522490e+03     3.03274256e+02     2.35548298e+02     1.23366710e+02   
    7.54000000e+04     1.88500000e+01     1.11522728e+03     3.00895475e+02     2.35204761e+02     1.23862817e+02   
    7.56000000e+04     1.89000000e+01     1.11521771e+03     2.97558558e+02     2.35456708e+02     1.24778603e+02   
    7.58000000e+04     1.89500000e+01     1.11520971e+03     3.00138172e+02     2.34908185e+02     1.22656792e+02   
    7.60000000e+04     1.90000000e+01     1.11521804e+03     3.02046357e+02     2.36679300e+02     1.24497923e+02   
    7.62000000e+04     1.90500000e+01     1.11520880e+03     3.02499799e+02     2.35755969e+02     1.24455477e+02   
    7.64000000e+04     1.91000000e+01     1.11520852e+03     2.98022854e+02     2.36816799e+02     1.25319549e+02   
    7.66000000e+04     1.91500000e+01     1.11520440e+03     3.02001103e+02     2.36469098e+02     1.25361398e+02   
    7.68000000e+04     1.92000000e+01     1.11519325e+03     3.01343206e+02     2.35609461e+02     1.23133588e+02   
    7.70000000e+04     1.92500000e+01     1.11519870e+03     3.01278267e+02     2.36120908e+02     1.24704220e+02   
    7.72000000e+04     1.93000000e+01     1.11520683e+03     3.04303382e+02     2.35988306e+02     1.23234779e+02   
    7.74000000e+04     1.93500000e+01     1.11521885e+03     3.01672535e+02     2.36220591e+02     1.23569002e+02   
    7.76000000e+04     1.94000000e+01     1.11522674e+03     2.98126125e+02     2.35900932e+02     1.23169015e+02   
    7.78000000e+04     1.94500000e+01     1.11522454e+03     3.02066647e+02     2.37102870e+02     1.24899979e+02   
    7.80000000e+04     1.95000000e+01     1.11522328e+03     3.02798143e+02     2.37005881e+02     1.22347810e+02   
    7.82000000e+04     1.95500000e+01     1.11521391e+03     3.00747358e+02     2.35080140e+02     1.20955960e+02   
    7.84000000e+04     1.96000000e+01     1.11521560e+03     3.00378662e+02     2.35871900e+02     1.22607182e+02   
    7.86000000e+04     1.96500000e+01     1.11521283e+03     3.00695506e+02     2.35751815e+02     1.19586249e+02   
    7.88000000e+04     1.97000000e+01     1.11521321e+03     3.00950590e+02     2.34942240e+02     1.21400032e+02   
    7.90000000e+04     1.97500000e+01     1.11521508e+03     3.03425913e+02     2.36169208e+02     1.22187556e+02   
    7.92000000e+04     1.98000000e+01     1.11521820e+03     2.98246377e+02     2.36836800e+02     1.24263635e+02   
    7.94000000e+04     1.98500000e+01     1.11521354e+03     3.02191315e+02     2.35009041e+02     1.21741906e+02   
    7.96000000e+04     1.99000000e+01     1.11521686e+03     3.01417591e+02     2.36577042e+02     1.23330529e+02   
    7.98000000e+04     1.99500000e+01     1.11521138e+03     3.03040170e+02     2.35216808e+02     1.24670191e+02   
    8.00000000e+04     2.00000000e+01     1.11521184e+03     3.00812181e+02     2.35007525e+02     1.22027556e+02   
