# column   1     --> step : The current simulation time step.
# column   2     --> time{picosecond} : The elapsed simulation time.
# column   3     --> conserved{electronvolt} : The value of the conserved energy quantity per bead.
# column   4     --> temperature{kelvin} : The current temperature, as obtained from the MD kinetic energy.
# column   5     --> kinetic_cv{electronvolt} : The centroid-virial quantum kinetic energy of the physical system.
# column   6     --> potential{electronvolt} : The physical system potential energy.
    0.00000000e+00     0.00000000e+00     1.11102522e+03     3.04273373e+02     2.35804083e+02     1.21508010e+02   
    2.00000000e+02     5.00000000e-02     1.11103861e+03     2.97718319e+02     2.37273431e+02     1.23462224e+02   
    4.00000000e+02     1.00000000e-01     1.11102466e+03     3.02762019e+02     2.37809235e+02     1.23347981e+02   
    6.00000000e+02     1.50000000e-01     1.11100227e+03     3.00891557e+02     2.34612591e+02     1.19427536e+02   
    8.00000000e+02     2.00000000e-01     1.11098641e+03     3.00922379e+02     2.36013680e+02     1.21464182e+02   
    1.00000000e+03     2.50000000e-01     1.11098035e+03     3.04754998e+02     2.35239883e+02     1.20846901e+02   
    1.20000000e+03     3.00000000e-01     1.11097595e+03     3.00328214e+02     2.34831505e+02     1.21371808e+02   
    1.40000000e+03     3.50000000e-01     1.11098075e+03     3.02444958e+02     2.35355661e+02     1.20057296e+02   
    1.60000000e+03     4.00000000e-01     1.11100720e+03     3.00241495e+02     2.36761713e+02     1.21044726e+02   
    1.80000000e+03     4.50000000e-01     1.11102096e+03     3.00615179e+02     2.36838589e+02     1.20241510e+02   
    2.00000000e+03     5.00000000e-01     1.11103951e+03     2.99937894e+02     2.37100899e+02     1.21885189e+02   
    2.20000000e+03     5.50000000e-01     1.11103506e+03     2.97219671e+02     2.36361174e+02     1.20554437e+02   
    2.40000000e+03     6.00000000e-01     1.11104190e+03     3.00057768e+02     2.35904519e+02     1.21138536e+02   
    2.60000000e+03     6.50000000e-01     1.11104475e+03     3.00198806e+02     2.36599367e+02     1.19188150e+02   
    2.80000000e+03     7.00000000e-01     1.11104604e+03     3.01608442e+02     2.36991391e+02     1.21293518e+02   
    3.00000000e+03     7.50000000e-01     1.11104993e+03     2.99178629e+02     2.37964249e+02     1.22293961e+02   
    3.20000000e+03     8.00000000e-01     1.11102167e+03     3.00569520e+02     2.35016309e+02     1.19478664e+02   
    3.40000000e+03     8.50000000e-01     1.11102486e+03     3.02223823e+02     2.36216871e+02     1.20821365e+02   
    3.60000000e+03     9.00000000e-01     1.11102274e+03     3.00600241e+02     2.35958768e+02     1.21044537e+02   
    3.80000000e+03     9.50000000e-01     1.11103095e+03     3.01747300e+02     2.36109035e+02     1.23528703e+02   
    4.00000000e+03     1.00000000e+00     1.11104302e+03     3.00251162e+02     2.36579148e+02     1.22264517e+02   
    4.20000000e+03     1.05000000e+00     1.11104257e+03     2.99730399e+02     2.37238511e+02     1.24964082e+02   
    4.40000000e+03     1.10000000e+00     1.11104359e+03     2.98597372e+02     2.35446898e+02     1.21277525e+02   
    4.60000000e+03     1.15000000e+00     1.11105495e+03     2.98888192e+02     2.37394092e+02     1.23995171e+02   
    4.80000000e+03     1.20000000e+00     1.11106021e+03     3.02612445e+02     2.37879498e+02     1.23342467e+02   
    5.00000000e+03     1.25000000e+00     1.11106221e+03     3.01143902e+02     2.34905112e+02     1.21182822e+02   
    5.20000000e+03     1.30000000e+00     1.11107479e+03     3.01532666e+02     2.35615510e+02     1.21625419e+02   
    5.40000000e+03     1.35000000e+00     1.11108467e+03     3.02112571e+02     2.36912527e+02     1.22486506e+02   
    5.60000000e+03     1.40000000e+00     1.11109673e+03     3.01570322e+02     2.37460318e+02     1.22506018e+02   
    5.80000000e+03     1.45000000e+00     1.11111317e+03     2.98701070e+02     2.35471075e+02     1.21458374e+02   
    6.00000000e+03     1.50000000e+00     1.11112777e+03     3.00904316e+02     2.38263240e+02     1.23601346e+02   
    6.20000000e+03     1.55000000e+00     1.11112140e+03     2.98743933e+02     2.35433309e+02     1.21525740e+02   
    6.40000000e+03     1.60000000e+00     1.11112170e+03     3.01218432e+02     2.35057022e+02     1.20671734e+02   
    6.60000000e+03     1.65000000e+00     1.11111990e+03     2.98875063e+02     2.36195371e+02     1.19530737e+02   
    6.80000000e+03     1.70000000e+00     1.11111381e+03     3.00352949e+02     2.37476707e+02     1.21022071e+02   
    7.00000000e+03     1.75000000e+00     1.11109914e+03     3.02417664e+02     2.33983442e+02     1.18378106e+02   
    7.20000000e+03     1.80000000e+00     1.11111327e+03     3.01145173e+02     2.35528742e+02     1.20871301e+02   
    7.40000000e+03     1.85000000e+00     1.11112023e+03     2.97818323e+02     2.38302724e+02     1.22793528e+02   
    7.60000000e+03     1.90000000e+00     1.11110111e+03     3.03113839e+02     2.36129402e+02     1.20283855e+02   
    7.80000000e+03     1.95000000e+00     1.11109246e+03     3.04183565e+02     2.35325425e+02     1.18010080e+02   
    8.00000000e+03     2.00000000e+00     1.11109226e+03     3.01572334e+02     2.35740623e+02     1.19721106e+02   
    8.20000000e+03     2.05000000e+00     1.11108641e+03     2.99614234e+02     2.36085561e+02     1.19800360e+02   
    8.40000000e+03     2.10000000e+00     1.11109582e+03     3.01946483e+02     2.35225841e+02     1.20493192e+02   
    8.60000000e+03     2.15000000e+00     1.11109851e+03     2.98486118e+02     2.35409316e+02     1.20215338e+02   
    8.80000000e+03     2.20000000e+00     1.11111037e+03     2.96709526e+02     2.36875487e+02     1.23510074e+02   
    9.00000000e+03     2.25000000e+00     1.11112481e+03     2.98515940e+02     2.35686828e+02     1.22203910e+02   
    9.20000000e+03     2.30000000e+00     1.11113964e+03     3.01329751e+02     2.35617842e+02     1.22270857e+02   
    9.40000000e+03     2.35000000e+00     1.11113457e+03     3.01169536e+02     2.35857470e+02     1.21696165e+02   
    9.60000000e+03     2.40000000e+00     1.11113766e+03     3.00694380e+02     2.36774986e+02     1.21947009e+02   
    9.80000000e+03     2.45000000e+00     1.11113303e+03     3.02755067e+02     2.34956157e+02     1.22060570e+02   
    1.00000000e+04     2.50000000e+00     1.11113126e+03     3.00010500e+02     2.34781869e+02     1.20485855e+02   
    1.02000000e+04     2.55000000e+00     1.11113832e+03     2.98445104e+02     2.36483001e+02     1.22888735e+02   
    1.04000000e+04     2.60000000e+00     1.11113052e+03     2.99069867e+02     2.36164361e+02     1.22860893e+02   
    1.06000000e+04     2.65000000e+00     1.11113579e+03     3.02634215e+02     2.35984400e+02     1.22203707e+02   
    1.08000000e+04     2.70000000e+00     1.11113642e+03     2.96900143e+02     2.37999801e+02     1.24171794e+02   
    1.10000000e+04     2.75000000e+00     1.11114287e+03     3.01793442e+02     2.38030529e+02     1.22880382e+02   
    1.12000000e+04     2.80000000e+00     1.11113837e+03     2.97880335e+02     2.37406641e+02     1.22915081e+02   
    1.14000000e+04     2.85000000e+00     1.11113602e+03     3.03550065e+02     2.35445898e+02     1.21740682e+02   
    1.16000000e+04     2.90000000e+00     1.11115320e+03     3.01163537e+02     2.36107228e+02     1.22259840e+02   
    1.18000000e+04     2.95000000e+00     1.11114987e+03     2.96430083e+02     2.37257117e+02     1.23212678e+02   
    1.20000000e+04     3.00000000e+00     1.11113652e+03     2.99102122e+02     2.34644530e+02     1.20842843e+02   
    1.22000000e+04     3.05000000e+00     1.11114972e+03     2.97940711e+02     2.35723371e+02     1.22625068e+02   
    1.24000000e+04     3.10000000e+00     1.11115112e+03     3.01899085e+02     2.35972616e+02     1.23029847e+02   
    1.26000000e+04     3.15000000e+00     1.11114758e+03     2.98861328e+02     2.35284276e+02     1.22898321e+02   
    1.28000000e+04     3.20000000e+00     1.11113520e+03     2.96640089e+02     2.34893366e+02     1.22214516e+02   
    1.30000000e+04     3.25000000e+00     1.11113878e+03     2.97812484e+02     2.37244927e+02     1.25637794e+02   
    1.32000000e+04     3.30000000e+00     1.11112741e+03     2.97570770e+02     2.36217062e+02     1.24135213e+02   
    1.34000000e+04     3.35000000e+00     1.11112544e+03     2.95251876e+02     2.37205060e+02     1.25967193e+02   
    1.36000000e+04     3.40000000e+00     1.11111380e+03     2.99889972e+02     2.35690731e+02     1.23207149e+02   
    1.38000000e+04     3.45000000e+00     1.11112702e+03     3.00811189e+02     2.37160079e+02     1.26482602e+02   
    1.40000000e+04     3.50000000e+00     1.11112589e+03     3.02002142e+02     2.36493345e+02     1.22456430e+02   
    1.42000000e+04     3.55000000e+00     1.11113298e+03     2.99889766e+02     2.35669174e+02     1.22695503e+02   
    1.44000000e+04     3.60000000e+00     1.11112855e+03     2.98131422e+02     2.33175769e+02     1.19190044e+02   
    1.46000000e+04     3.65000000e+00     1.11114823e+03     2.97749533e+02     2.36667212e+02     1.25069392e+02   
    1.48000000e+04     3.70000000e+00     1.11114467e+03     3.01134249e+02     2.36610491e+02     1.22092296e+02   
    1.50000000e+04     3.75000000e+00     1.11115699e+03     3.00002735e+02     2.36643728e+02     1.23478078e+02   
    1.52000000e+04     3.80000000e+00     1.11115615e+03     3.00474806e+02     2.35515121e+02     1.21658547e+02   
    1.54000000e+04     3.85000000e+00     1.11116651e+03     2.99415271e+02     2.37919507e+02     1.24451761e+02   
    1.56000000e+04     3.90000000e+00     1.11115484e+03     3.02483385e+02     2.34707562e+02     1.20231345e+02   
    1.58000000e+04     3.95000000e+00     1.11116947e+03     3.01445950e+02     2.37175322e+02     1.23282812e+02   
    1.60000000e+04     4.00000000e+00     1.11117505e+03     3.01907350e+02     2.36250406e+02     1.21114546e+02   
    1.62000000e+04     4.05000000e+00     1.11118227e+03     2.97961538e+02     2.36689625e+02     1.23041720e+02   
    1.64000000e+04     4.10000000e+00     1.11120084e+03     3.01740489e+02     2.37344939e+02     1.22785583e+02   
    1.66000000e+04     4.15000000e+00     1.11119905e+03     2.98396856e+02     2.35458591e+02     1.21298552e+02   
    1.68000000e+04     4.20000000e+00     1.11119031e+03     2.97526094e+02     2.34616324e+02     1.20859676e+02   
    1.70000000e+04     4.25000000e+00     1.11118318e+03     2.95985439e+02     2.37823136e+02     1.21411525e+02   
    1.72000000e+04     4.30000000e+00     1.11116752e+03     2.97423205e+02     2.36582803e+02     1.20070433e+02   
    1.74000000e+04     4.35000000e+00     1.11114792e+03     2.98535021e+02     2.35490972e+02     1.19462575e+02   
    1.76000000e+04     4.40000000e+00     1.11116299e+03     2.97766870e+02     2.37772291e+02     1.21750370e+02   
    1.78000000e+04     4.45000000e+00     1.11116242e+03     2.99479690e+02     2.36602737e+02     1.20138727e+02   
    1.80000000e+04     4.50000000e+00     1.11115749e+03     2.99574418e+02     2.36373610e+02     1.19610987e+02   
    1.82000000e+04     4.55000000e+00     1.11116357e+03     2.99641893e+02     2.37552009e+02     1.20746948e+02   
    1.84000000e+04     4.60000000e+00     1.11116761e+03     3.00846927e+02     2.35082552e+02     1.19929754e+02   
    1.86000000e+04     4.65000000e+00     1.11118151e+03     3.01139997e+02     2.36659843e+02     1.22225228e+02   
    1.88000000e+04     4.70000000e+00     1.11119078e+03     3.03426786e+02     2.36800950e+02     1.21158926e+02   
    1.90000000e+04     4.75000000e+00     1.11119436e+03     2.99838322e+02     2.36385695e+02     1.22465842e+02   
    1.92000000e+04     4.80000000e+00     1.11117929e+03     3.02228744e+02     2.35299656e+02     1.20526558e+02   
    1.94000000e+04     4.85000000e+00     1.11119609e+03     3.01694998e+02     2.38310148e+02     1.24395010e+02   
    1.96000000e+04     4.90000000e+00     1.11118959e+03     3.01315930e+02     2.35352520e+02     1.21820291e+02   
    1.98000000e+04     4.95000000e+00     1.11118808e+03     3.05737842e+02     2.36952678e+02     1.23608901e+02   
    2.00000000e+04     5.00000000e+00     1.11119288e+03     3.00397897e+02     2.36580088e+02     1.23083870e+02   
    2.02000000e+04     5.05000000e+00     1.11118258e+03     3.00643008e+02     2.36848303e+02     1.23555496e+02   
    2.04000000e+04     5.10000000e+00     1.11120462e+03     3.02968206e+02     2.38842082e+02     1.24766813e+02   
    2.06000000e+04     5.15000000e+00     1.11120440e+03     3.00843234e+02     2.35672902e+02     1.22726161e+02   
    2.08000000e+04     5.20000000e+00     1.11123675e+03     3.04018514e+02     2.37028205e+02     1.23601107e+02   
    2.10000000e+04     5.25000000e+00     1.11125141e+03     2.99767280e+02     2.35901092e+02     1.24212633e+02   
    2.12000000e+04     5.30000000e+00     1.11125946e+03     2.99177963e+02     2.35716727e+02     1.24214285e+02   
    2.14000000e+04     5.35000000e+00     1.11126721e+03     3.00254537e+02     2.37934739e+02     1.26539284e+02   
    2.16000000e+04     5.40000000e+00     1.11126107e+03     2.99854063e+02     2.36208099e+02     1.23520570e+02   
    2.18000000e+04     5.45000000e+00     1.11125419e+03     2.99585898e+02     2.35903822e+02     1.23586525e+02   
    2.20000000e+04     5.50000000e+00     1.11125804e+03     2.99081656e+02     2.35795992e+02     1.24292648e+02   
    2.22000000e+04     5.55000000e+00     1.11125654e+03     2.99970176e+02     2.34456730e+02     1.22387445e+02   
    2.24000000e+04     5.60000000e+00     1.11126242e+03     2.97538269e+02     2.34965760e+02     1.24243790e+02   
    2.26000000e+04     5.65000000e+00     1.11127369e+03     2.96708109e+02     2.35457591e+02     1.24179741e+02   
    2.28000000e+04     5.70000000e+00     1.11129124e+03     3.01499340e+02     2.38182834e+02     1.28601926e+02   
    2.30000000e+04     5.75000000e+00     1.11129153e+03     3.03566739e+02     2.37718926e+02     1.27922096e+02   
    2.32000000e+04     5.80000000e+00     1.11128787e+03     2.98920362e+02     2.37972156e+02     1.28221216e+02   
    2.34000000e+04     5.85000000e+00     1.11128075e+03     3.01474748e+02     2.34190912e+02     1.22278372e+02   
    2.36000000e+04     5.90000000e+00     1.11129740e+03     3.01952174e+02     2.37162489e+02     1.24574360e+02   
    2.38000000e+04     5.95000000e+00     1.11131203e+03     2.99031194e+02     2.34426936e+02     1.22642473e+02   
    2.40000000e+04     6.00000000e+00     1.11132346e+03     3.04282749e+02     2.36082526e+02     1.24819226e+02   
    2.42000000e+04     6.05000000e+00     1.11132135e+03     3.01779273e+02     2.35989753e+02     1.24455454e+02   
    2.44000000e+04     6.10000000e+00     1.11132275e+03     3.01352588e+02     2.34455032e+02     1.23544952e+02   
    2.46000000e+04     6.15000000e+00     1.11133489e+03     2.99613561e+02     2.36839599e+02     1.26315896e+02   
    2.48000000e+04     6.20000000e+00     1.11132000e+03     2.99104702e+02     2.36256841e+02     1.23782376e+02   
    2.50000000e+04     6.25000000e+00     1.11131696e+03     3.01824453e+02     2.36540415e+02     1.24713811e+02   
    2.52000000e+04     6.30000000e+00     1.11129554e+03     2.99553012e+02     2.33980821e+02     1.22241012e+02   
    2.54000000e+04     6.35000000e+00     1.11129335e+03     2.96946984e+02     2.37086956e+02     1.24005344e+02   
    2.56000000e+04     6.40000000e+00     1.11128306e+03     3.01872014e+02     2.35876670e+02     1.22910680e+02   
    2.58000000e+04     6.45000000e+00     1.11126858e+03     2.98982942e+02     2.35950294e+02     1.22556308e+02   
    2.60000000e+04     6.50000000e+00     1.11126834e+03     3.00796991e+02     2.37615979e+02     1.25311832e+02   
    2.62000000e+04     6.55000000e+00     1.11127900e+03     2.99711210e+02     2.37468782e+02     1.25494748e+02   
    2.64000000e+04     6.60000000e+00     1.11126893e+03     2.99655277e+02     2.35620303e+02     1.22745658e+02   
    2.66000000e+04     6.65000000e+00     1.11126748e+03     3.00749898e+02     2.36651771e+02     1.24080956e+02   
    2.68000000e+04     6.70000000e+00     1.11127581e+03     3.04389315e+02     2.35428269e+02     1.24074452e+02   
    2.70000000e+04     6.75000000e+00     1.11128194e+03     2.99842685e+02     2.35863623e+02     1.24239006e+02   
    2.72000000e+04     6.80000000e+00     1.11128173e+03     3.01128860e+02     2.35235602e+02     1.23784334e+02   
    2.74000000e+04     6.85000000e+00     1.11128017e+03     2.98797772e+02     2.35689377e+02     1.23701627e+02   
    2.76000000e+04     6.90000000e+00     1.11128617e+03     2.98416841e+02     2.36376727e+02     1.25220114e+02   
    2.78000000e+04     6.95000000e+00     1.11129281e+03     2.99490663e+02     2.35895482e+02     1.24174444e+02   
    2.80000000e+04     7.00000000e+00     1.11130337e+03     3.00905099e+02     2.37641375e+02     1.26754703e+02   
    2.82000000e+04     7.05000000e+00     1.11130741e+03     2.94167707e+02     2.36710889e+02     1.24866979e+02   
    2.84000000e+04     7.10000000e+00     1.11131186e+03     2.98475114e+02     2.36144148e+02     1.25185361e+02   
    2.86000000e+04     7.15000000e+00     1.11132405e+03     3.01528580e+02     2.36573039e+02     1.25048191e+02   
    2.88000000e+04     7.20000000e+00     1.11133121e+03     3.02356736e+02     2.36345247e+02     1.25948790e+02   
    2.90000000e+04     7.25000000e+00     1.11132413e+03     2.99118277e+02     2.34981069e+02     1.23224258e+02   
    2.92000000e+04     7.30000000e+00     1.11131541e+03     2.99516509e+02     2.35161915e+02     1.23965414e+02   
    2.94000000e+04     7.35000000e+00     1.11132709e+03     3.00512647e+02     2.35940387e+02     1.23747890e+02   
    2.96000000e+04     7.40000000e+00     1.11132339e+03     3.02253638e+02     2.37276750e+02     1.24446679e+02   
    2.98000000e+04     7.45000000e+00     1.11132330e+03     3.01383284e+02     2.36299258e+02     1.23622871e+02   
    3.00000000e+04     7.50000000e+00     1.11133090e+03     3.02101959e+02     2.37985946e+02     1.24971799e+02   
    3.02000000e+04     7.55000000e+00     1.11130737e+03     3.03277919e+02     2.35228055e+02     1.24291548e+02   
    3.04000000e+04     7.60000000e+00     1.11130810e+03     3.01294554e+02     2.35256448e+02     1.23245488e+02   
    3.06000000e+04     7.65000000e+00     1.11131888e+03     2.98912059e+02     2.37060415e+02     1.26755060e+02   
    3.08000000e+04     7.70000000e+00     1.11131098e+03     3.03342549e+02     2.36179879e+02     1.24004453e+02   
    3.10000000e+04     7.75000000e+00     1.11131870e+03     3.00714159e+02     2.37488584e+02     1.26657063e+02   
    3.12000000e+04     7.80000000e+00     1.11133261e+03     3.00019021e+02     2.37331883e+02     1.25840162e+02   
    3.14000000e+04     7.85000000e+00     1.11135617e+03     2.96652660e+02     2.39032194e+02     1.29036365e+02   
    3.16000000e+04     7.90000000e+00     1.11134180e+03     3.03833045e+02     2.36451339e+02     1.24396068e+02   
    3.18000000e+04     7.95000000e+00     1.11133502e+03     3.02116950e+02     2.38039988e+02     1.25893554e+02   
    3.20000000e+04     8.00000000e+00     1.11132997e+03     3.04139853e+02     2.37107842e+02     1.24006465e+02   
    3.22000000e+04     8.05000000e+00     1.11133787e+03     2.99879008e+02     2.38161566e+02     1.26364030e+02   
    3.24000000e+04     8.10000000e+00     1.11132166e+03     3.00547993e+02     2.35580783e+02     1.23672809e+02   
    3.26000000e+04     8.15000000e+00     1.11132406e+03     2.99996445e+02     2.36063241e+02     1.24559878e+02   
    3.28000000e+04     8.20000000e+00     1.11132201e+03     3.01649431e+02     2.35446322e+02     1.24096649e+02   
    3.30000000e+04     8.25000000e+00     1.11132129e+03     2.99782918e+02     2.35661637e+02     1.23616946e+02   
    3.32000000e+04     8.30000000e+00     1.11131420e+03     2.98674005e+02     2.35585364e+02     1.24644850e+02   
    3.34000000e+04     8.35000000e+00     1.11132609e+03     3.00287030e+02     2.35964840e+02     1.24759196e+02   
    3.36000000e+04     8.40000000e+00     1.11133731e+03     2.94733228e+02     2.37539194e+02     1.27799384e+02   
    3.38000000e+04     8.45000000e+00     1.11133180e+03     2.97510564e+02     2.36527108e+02     1.25843969e+02   
    3.40000000e+04     8.50000000e+00     1.11131903e+03     3.00967745e+02     2.36016731e+02     1.26210573e+02   
    3.42000000e+04     8.55000000e+00     1.11130823e+03     2.99591812e+02     2.36474720e+02     1.24688085e+02   
    3.44000000e+04     8.60000000e+00     1.11130545e+03     2.99109850e+02     2.35229041e+02     1.26380187e+02   
    3.46000000e+04     8.65000000e+00     1.11129672e+03     2.99208431e+02     2.37429277e+02     1.26650324e+02   
    3.48000000e+04     8.70000000e+00     1.11127366e+03     2.98493960e+02     2.34615963e+02     1.24398449e+02   
    3.50000000e+04     8.75000000e+00     1.11128604e+03     3.00197186e+02     2.36965580e+02     1.25766681e+02   
    3.52000000e+04     8.80000000e+00     1.11129524e+03     2.99864889e+02     2.36504828e+02     1.26269078e+02   
    3.54000000e+04     8.85000000e+00     1.11131415e+03     2.98494709e+02     2.37116258e+02     1.27069294e+02   
    3.56000000e+04     8.90000000e+00     1.11132455e+03     2.97521517e+02     2.38804624e+02     1.28775458e+02   
    3.58000000e+04     8.95000000e+00     1.11130564e+03     3.01838150e+02     2.34620956e+02     1.24153093e+02   
    3.60000000e+04     9.00000000e+00     1.11130077e+03     3.00452713e+02     2.37582313e+02     1.26968057e+02   
    3.62000000e+04     9.05000000e+00     1.11130310e+03     3.02601984e+02     2.35694477e+02     1.27223013e+02   
    3.64000000e+04     9.10000000e+00     1.11130936e+03     3.00544900e+02     2.35711243e+02     1.26990084e+02   
    3.66000000e+04     9.15000000e+00     1.11133118e+03     2.99153303e+02     2.39137903e+02     1.31117398e+02   
    3.68000000e+04     9.20000000e+00     1.11131560e+03     3.00173404e+02     2.35003272e+02     1.25608000e+02   
    3.70000000e+04     9.25000000e+00     1.11132559e+03     2.98170542e+02     2.37176922e+02     1.28805122e+02   
    3.72000000e+04     9.30000000e+00     1.11133222e+03     3.00745525e+02     2.34372908e+02     1.24283860e+02   
    3.74000000e+04     9.35000000e+00     1.11134188e+03     3.04192093e+02     2.36570879e+02     1.26405328e+02   
    3.76000000e+04     9.40000000e+00     1.11134336e+03     3.01443191e+02     2.37594847e+02     1.26615246e+02   
    3.78000000e+04     9.45000000e+00     1.11134134e+03     2.97828664e+02     2.35546176e+02     1.25787204e+02   
    3.80000000e+04     9.50000000e+00     1.11132984e+03     3.02284862e+02     2.35786362e+02     1.23886768e+02   
    3.82000000e+04     9.55000000e+00     1.11134086e+03     2.98852596e+02     2.38375870e+02     1.26402949e+02   
    3.84000000e+04     9.60000000e+00     1.11132108e+03     2.98498787e+02     2.37042980e+02     1.25339375e+02   
    3.86000000e+04     9.65000000e+00     1.11130877e+03     3.01829274e+02     2.34343239e+02     1.23246841e+02   
    3.88000000e+04     9.70000000e+00     1.11130739e+03     3.01076301e+02     2.33937585e+02     1.24287762e+02   
    3.90000000e+04     9.75000000e+00     1.11132546e+03     3.02342583e+02     2.37574442e+02     1.28289516e+02   
    3.92000000e+04     9.80000000e+00     1.11132069e+03     2.97244723e+02     2.36180095e+02     1.25952689e+02   
    3.94000000e+04     9.85000000e+00     1.11132087e+03     2.98500602e+02     2.35249901e+02     1.24684393e+02   
    3.96000000e+04     9.90000000e+00     1.11133477e+03     3.03331064e+02     2.36763417e+02     1.26880502e+02   
    3.98000000e+04     9.95000000e+00     1.11132477e+03     3.00479821e+02     2.36663387e+02     1.25306926e+02   
    4.00000000e+04     1.00000000e+01     1.11132685e+03     2.98278024e+02     2.37002610e+02     1.25812854e+02   
    4.02000000e+04     1.00500000e+01     1.11131615e+03     3.01577219e+02     2.35725882e+02     1.23785612e+02   
    4.04000000e+04     1.01000000e+01     1.11132861e+03     2.99822345e+02     2.36947171e+02     1.26697012e+02   
    4.06000000e+04     1.01500000e+01     1.11132838e+03     3.00098073e+02     2.35982197e+02     1.25460362e+02   
    4.08000000e+04     1.02000000e+01     1.11133484e+03     2.98786879e+02     2.36122858e+02     1.26569013e+02   
    4.10000000e+04     1.02500000e+01     1.11133173e+03     3.01496581e+02     2.36263026e+02     1.24450746e+02   
    4.12000000e+04     1.03000000e+01     1.11132739e+03     3.01438630e+02     2.36483680e+02     1.26056326e+02   
    4.14000000e+04     1.03500000e+01     1.11130903e+03     2.99284867e+02     2.36109395e+02     1.24410855e+02   
    4.16000000e+04     1.04000000e+01     1.11131261e+03     2.98811721e+02     2.37483665e+02     1.26439300e+02   
    4.18000000e+04     1.04500000e+01     1.11130615e+03     3.01134893e+02     2.37163234e+02     1.25567513e+02   
    4.20000000e+04     1.05000000e+01     1.11130614e+03     3.01346440e+02     2.36604050e+02     1.23977181e+02   
    4.22000000e+04     1.05500000e+01     1.11132108e+03     3.02253496e+02     2.37730996e+02     1.27680076e+02   
    4.24000000e+04     1.06000000e+01     1.11130756e+03     3.02683078e+02     2.35993835e+02     1.23407189e+02   
    4.26000000e+04     1.06500000e+01     1.11131110e+03     3.02608023e+02     2.37598711e+02     1.26167693e+02   
    4.28000000e+04     1.07000000e+01     1.11130133e+03     3.00280788e+02     2.36439040e+02     1.24634276e+02   
    4.30000000e+04     1.07500000e+01     1.11129673e+03     2.96893370e+02     2.35790277e+02     1.25498836e+02   
    4.32000000e+04     1.08000000e+01     1.11131102e+03     3.00680894e+02     2.38688982e+02     1.28262286e+02   
    4.34000000e+04     1.08500000e+01     1.11131192e+03     2.99977926e+02     2.35982007e+02     1.24028375e+02   
    4.36000000e+04     1.09000000e+01     1.11131462e+03     3.01639636e+02     2.35315465e+02     1.23552138e+02   
    4.38000000e+04     1.09500000e+01     1.11132133e+03     3.00167822e+02     2.33924570e+02     1.22779411e+02   
    4.40000000e+04     1.10000000e+01     1.11134174e+03     3.00356668e+02     2.37325015e+02     1.27692687e+02   
    4.42000000e+04     1.10500000e+01     1.11133731e+03     3.01982399e+02     2.36486235e+02     1.24407912e+02   
    4.44000000e+04     1.11000000e+01     1.11132675e+03     3.01741990e+02     2.35553789e+02     1.24635265e+02   
    4.46000000e+04     1.11500000e+01     1.11131786e+03     3.01185829e+02     2.36232899e+02     1.23842198e+02   
    4.48000000e+04     1.12000000e+01     1.11131854e+03     2.99367368e+02     2.38071998e+02     1.25642476e+02   
    4.50000000e+04     1.12500000e+01     1.11130168e+03     2.98983838e+02     2.34238828e+02     1.21547211e+02   
    4.52000000e+04     1.13000000e+01     1.11131727e+03     3.02607064e+02     2.36540991e+02     1.25322688e+02   
    4.54000000e+04     1.13500000e+01     1.11132894e+03     3.00722529e+02     2.37884359e+02     1.26930015e+02   
    4.56000000e+04     1.14000000e+01     1.11132428e+03     2.99891496e+02     2.36603609e+02     1.26275567e+02   
    4.58000000e+04     1.14500000e+01     1.11132076e+03     3.01912848e+02     2.36162050e+02     1.24642632e+02   
    4.60000000e+04     1.15000000e+01     1.11131436e+03     2.99902151e+02     2.35702955e+02     1.25495376e+02   
    4.62000000e+04     1.15500000e+01     1.11131567e+03     3.00125023e+02     2.33875124e+02     1.22241255e+02   
    4.64000000e+04     1.16000000e+01     1.11132974e+03     3.01357959e+02     2.37700166e+02     1.27507540e+02   
    4.66000000e+04     1.16500000e+01     1.11132874e+03     3.04183487e+02     2.37164402e+02     1.27348414e+02   
    4.68000000e+04     1.17000000e+01     1.11131328e+03     3.00744097e+02     2.35904757e+02     1.25211407e+02   
    4.70000000e+04     1.17500000e+01     1.11130984e+03     2.99725632e+02     2.35511978e+02     1.24563648e+02   
    4.72000000e+04     1.18000000e+01     1.11132321e+03     3.00818481e+02     2.36617512e+02     1.25170351e+02   
    4.74000000e+04     1.18500000e+01     1.11132780e+03     3.02226545e+02     2.35529159e+02     1.24562875e+02   
    4.76000000e+04     1.19000000e+01     1.11134649e+03     3.01978179e+02     2.37803801e+02     1.27489039e+02   
    4.78000000e+04     1.19500000e+01     1.11134134e+03     3.03567565e+02     2.35688396e+02     1.24675624e+02   
    4.80000000e+04     1.20000000e+01     1.11136227e+03     3.02258487e+02     2.37191723e+02     1.24969134e+02   
    4.82000000e+04     1.20500000e+01     1.11137729e+03     3.02210452e+02     2.36874251e+02     1.26715046e+02   
    4.84000000e+04     1.21000000e+01     1.11136588e+03     2.97135235e+02     2.36403413e+02     1.27859016e+02   
    4.86000000e+04     1.21500000e+01     1.11134867e+03     3.02303553e+02     2.35814005e+02     1.24129848e+02   
    4.88000000e+04     1.22000000e+01     1.11132253e+03     3.04171799e+02     2.35574482e+02     1.21518223e+02   
    4.90000000e+04     1.22500000e+01     1.11131844e+03     3.02558292e+02     2.37677628e+02     1.24869474e+02   
    4.92000000e+04     1.23000000e+01     1.11130002e+03     2.99310418e+02     2.35851364e+02     1.23419149e+02   
    4.94000000e+04     1.23500000e+01     1.11129030e+03     3.00389563e+02     2.35599891e+02     1.22719346e+02   
    4.96000000e+04     1.24000000e+01     1.11129793e+03     3.01254653e+02     2.36632468e+02     1.22305668e+02   
    4.98000000e+04     1.24500000e+01     1.11129370e+03     2.99503406e+02     2.36470929e+02     1.20895869e+02   
    5.00000000e+04     1.25000000e+01     1.11130393e+03     3.00641662e+02     2.34855451e+02     1.20169699e+02   
    5.02000000e+04     1.25500000e+01     1.11132316e+03     2.98888199e+02     2.36435363e+02     1.23622967e+02   
    5.04000000e+04     1.26000000e+01     1.11133291e+03     3.02109475e+02     2.37372877e+02     1.25356720e+02   
    5.06000000e+04     1.26500000e+01     1.11132483e+03     2.96869637e+02     2.36705898e+02     1.24736750e+02   
    5.08000000e+04     1.27000000e+01     1.11132609e+03     3.02407389e+02     2.36442563e+02     1.24203977e+02   
    5.10000000e+04     1.27500000e+01     1.11133302e+03     3.01336822e+02     2.38211372e+02     1.24766367e+02   
    5.12000000e+04     1.28000000e+01     1.11133917e+03     2.97965975e+02     2.37631846e+02     1.26265477e+02   
    5.14000000e+04     1.28500000e+01     1.11134044e+03     2.98997715e+02     2.37775721e+02     1.25646485e+02   
    5.16000000e+04     1.29000000e+01     1.11134629e+03     3.02264683e+02     2.37572255e+02     1.26293184e+02   
    5.18000000e+04     1.29500000e+01     1.11132831e+03     3.01562001e+02     2.37668389e+02     1.24569413e+02   
    5.20000000e+04     1.30000000e+01     1.11132352e+03     3.00394136e+02     2.37409593e+02     1.25186880e+02   
    5.22000000e+04     1.30500000e+01     1.11131680e+03     3.00727203e+02     2.36634069e+02     1.24585655e+02   
    5.24000000e+04     1.31000000e+01     1.11131014e+03     2.98999326e+02     2.35924637e+02     1.23834049e+02   
    5.26000000e+04     1.31500000e+01     1.11131058e+03     2.99815543e+02     2.36439741e+02     1.23075259e+02   
    5.28000000e+04     1.32000000e+01     1.11132304e+03     3.00550053e+02     2.37229827e+02     1.25590326e+02   
    5.30000000e+04     1.32500000e+01     1.11130806e+03     3.01064725e+02     2.34161354e+02     1.21731543e+02   
    5.32000000e+04     1.33000000e+01     1.11132107e+03     3.02086554e+02     2.36892681e+02     1.24394955e+02   
    5.34000000e+04     1.33500000e+01     1.11131360e+03     3.00789034e+02     2.34670250e+02     1.23686421e+02   
    5.36000000e+04     1.34000000e+01     1.11131275e+03     3.01808804e+02     2.36130408e+02     1.25392262e+02   
    5.38000000e+04     1.34500000e+01     1.11132703e+03     2.99812848e+02     2.38253820e+02     1.26926192e+02   
    5.40000000e+04     1.35000000e+01     1.11130589e+03     3.01273934e+02     2.36351481e+02     1.24933723e+02   
    5.42000000e+04     1.35500000e+01     1.11129931e+03     3.03257785e+02     2.35223321e+02     1.23866363e+02   
    5.44000000e+04     1.36000000e+01     1.11130058e+03     2.98614376e+02     2.38117693e+02     1.26540076e+02   
    5.46000000e+04     1.36500000e+01     1.11131054e+03     3.00565270e+02     2.38106065e+02     1.27254052e+02   
    5.48000000e+04     1.37000000e+01     1.11130667e+03     3.04043775e+02     2.33233778e+02     1.21611478e+02   
    5.50000000e+04     1.37500000e+01     1.11133107e+03     3.00484390e+02     2.35634989e+02     1.24552696e+02   
    5.52000000e+04     1.38000000e+01     1.11133657e+03     2.98335423e+02     2.36214243e+02     1.24071191e+02   
    5.54000000e+04     1.38500000e+01     1.11134847e+03     3.01773926e+02     2.36443298e+02     1.23189524e+02   
    5.56000000e+04     1.39000000e+01     1.11133568e+03     3.03110839e+02     2.34553882e+02     1.23474698e+02   
    5.58000000e+04     1.39500000e+01     1.11133739e+03     3.02300262e+02     2.35585283e+02     1.22280642e+02   
    5.60000000e+04     1.40000000e+01     1.11134769e+03     2.99158548e+02     2.35020606e+02     1.23588541e+02   
    5.62000000e+04     1.40500000e+01     1.11133994e+03     3.01330060e+02     2.35146899e+02     1.22161062e+02   
    5.64000000e+04     1.41000000e+01     1.11133757e+03     3.02420227e+02     2.36827798e+02     1.24986141e+02   
    5.66000000e+04     1.41500000e+01     1.11134061e+03     3.02760914e+02     2.37234615e+02     1.25584180e+02   
    5.68000000e+04     1.42000000e+01     1.11134559e+03     3.01381172e+02     2.38777301e+02     1.27604609e+02   
    5.70000000e+04     1.42500000e+01     1.11132411e+03     3.04762706e+02     2.35284891e+02     1.22809454e+02   
    5.72000000e+04     1.43000000e+01     1.11132597e+03     3.01431773e+02     2.36268075e+02     1.24205413e+02   
    5.74000000e+04     1.43500000e+01     1.11132047e+03     3.01466227e+02     2.38256491e+02     1.25302261e+02   
    5.76000000e+04     1.44000000e+01     1.11132274e+03     2.99563381e+02     2.34960881e+02     1.24337798e+02   
    5.78000000e+04     1.44500000e+01     1.11134600e+03     3.01449563e+02     2.38046467e+02     1.26596897e+02   
    5.80000000e+04     1.45000000e+01     1.11135268e+03     3.00616482e+02     2.38019610e+02     1.24537236e+02   
    5.82000000e+04     1.45500000e+01     1.11136006e+03     3.02963335e+02     2.35529506e+02     1.22931318e+02   
    5.84000000e+04     1.46000000e+01     1.11136741e+03     3.00332360e+02     2.36131209e+02     1.23641216e+02   
    5.86000000e+04     1.46500000e+01     1.11135276e+03     2.98827312e+02     2.35471159e+02     1.24918677e+02   
    5.88000000e+04     1.47000000e+01     1.11133827e+03     3.01384031e+02     2.35352135e+02     1.23457646e+02   
    5.90000000e+04     1.47500000e+01     1.11134713e+03     2.98522201e+02     2.37945651e+02     1.27366660e+02   
    5.92000000e+04     1.48000000e+01     1.11134120e+03     3.00924413e+02     2.36566172e+02     1.24743176e+02   
    5.94000000e+04     1.48500000e+01     1.11134223e+03     3.01863727e+02     2.35962860e+02     1.24477398e+02   
    5.96000000e+04     1.49000000e+01     1.11133149e+03     2.99662756e+02     2.36009435e+02     1.25295330e+02   
    5.98000000e+04     1.49500000e+01     1.11133109e+03     3.00516783e+02     2.37054448e+02     1.25463191e+02   
    6.00000000e+04     1.50000000e+01     1.11132752e+03     3.01019834e+02     2.37465851e+02     1.24589468e+02   
    6.02000000e+04     1.50500000e+01     1.11132096e+03     2.97460943e+02     2.36213777e+02     1.23878566e+02   
    6.04000000e+04     1.51000000e+01     1.11132647e+03     3.00392209e+02     2.36761039e+02     1.24965648e+02   
    6.06000000e+04     1.51500000e+01     1.11133983e+03     2.97281651e+02     2.38097128e+02     1.27158735e+02   
    6.08000000e+04     1.52000000e+01     1.11133673e+03     2.99421129e+02     2.36937205e+02     1.24299824e+02   
    6.10000000e+04     1.52500000e+01     1.11133909e+03     2.99418617e+02     2.37301521e+02     1.26158408e+02   
    6.12000000e+04     1.53000000e+01     1.11132597e+03     3.02597986e+02     2.33201044e+02     1.21891581e+02   
    6.14000000e+04     1.53500000e+01     1.11134834e+03     2.99299178e+02     2.36557490e+02     1.25498765e+02   
    6.16000000e+04     1.54000000e+01     1.11136750e+03     3.01495624e+02     2.35839825e+02     1.25632444e+02   
    6.18000000e+04     1.54500000e+01     1.11137249e+03     3.02969395e+02     2.36380477e+02     1.25363237e+02   
    6.20000000e+04     1.55000000e+01     1.11136282e+03     3.02505409e+02     2.35351214e+02     1.26650220e+02   
    6.22000000e+04     1.55500000e+01     1.11136911e+03     3.03418082e+02     2.37658912e+02     1.28159649e+02   
    6.24000000e+04     1.56000000e+01     1.11135993e+03     3.01914360e+02     2.36118335e+02     1.25652758e+02   
    6.26000000e+04     1.56500000e+01     1.11135480e+03     2.98473961e+02     2.35967680e+02     1.25651159e+02   
    6.28000000e+04     1.57000000e+01     1.11135537e+03     3.00734704e+02     2.36506391e+02     1.26542696e+02   
    6.30000000e+04     1.57500000e+01     1.11134908e+03     2.98100450e+02     2.35011167e+02     1.25142969e+02   
    6.32000000e+04     1.58000000e+01     1.11134849e+03     2.98590083e+02     2.33996965e+02     1.24309675e+02   
    6.34000000e+04     1.58500000e+01     1.11134851e+03     2.98975361e+02     2.36543634e+02     1.24604188e+02   
    6.36000000e+04     1.59000000e+01     1.11135809e+03     2.99305524e+02     2.37775944e+02     1.25695716e+02   
    6.38000000e+04     1.59500000e+01     1.11136283e+03     3.01510486e+02     2.35552416e+02     1.24544051e+02   
    6.40000000e+04     1.60000000e+01     1.11136719e+03     2.99338128e+02     2.37711803e+02     1.26984840e+02   
    6.42000000e+04     1.60500000e+01     1.11137244e+03     2.96820029e+02     2.37940812e+02     1.27223790e+02   
    6.44000000e+04     1.61000000e+01     1.11136761e+03     3.00360084e+02     2.37299406e+02     1.26901951e+02   
    6.46000000e+04     1.61500000e+01     1.11135406e+03     3.00346388e+02     2.36321282e+02     1.24557758e+02   
    6.48000000e+04     1.62000000e+01     1.11135051e+03     3.00897094e+02     2.36285160e+02     1.25367386e+02   
    6.50000000e+04     1.62500000e+01     1.11135383e+03     3.02349021e+02     2.38307108e+02     1.27596517e+02   
    6.52000000e+04     1.63000000e+01     1.11134669e+03     2.99063959e+02     2.37390755e+02     1.26717953e+02   
    6.54000000e+04     1.63500000e+01     1.11134684e+03     2.98817976e+02     2.37939689e+02     1.26807326e+02   
    6.56000000e+04     1.64000000e+01     1.11133769e+03     2.97132099e+02     2.36655939e+02     1.23447101e+02   
    6.58000000e+04     1.64500000e+01     1.11133561e+03     3.01878197e+02     2.36785573e+02     1.23592832e+02   
    6.60000000e+04     1.65000000e+01     1.11134671e+03     2.98073288e+02     2.36667684e+02     1.24843980e+02   
    6.62000000e+04     1.65500000e+01     1.11135791e+03     3.01295118e+02     2.37336278e+02     1.25829960e+02   
    6.64000000e+04     1.66000000e+01     1.11135104e+03     3.00546263e+02     2.36247138e+02     1.25388873e+02   
    6.66000000e+04     1.66500000e+01     1.11134953e+03     3.03764867e+02     2.36118949e+02     1.24337339e+02   
    6.68000000e+04     1.67000000e+01     1.11134048e+03     3.00573621e+02     2.36229938e+02     1.22916914e+02   
    6.70000000e+04     1.67500000e+01     1.11133900e+03     2.99467441e+02     2.34776049e+02     1.21345582e+02   
    6.72000000e+04     1.68000000e+01     1.11134400e+03     2.99009322e+02     2.36837590e+02     1.24349461e+02   
    6.74000000e+04     1.68500000e+01     1.11133269e+03     3.01198976e+02     2.35405708e+02     1.22242414e+02   
    6.76000000e+04     1.69000000e+01     1.11134021e+03     3.02403864e+02     2.35807595e+02     1.22671003e+02   
    6.78000000e+04     1.69500000e+01     1.11135180e+03     3.02184752e+02     2.37331098e+02     1.23989151e+02   
    6.80000000e+04     1.70000000e+01     1.11134257e+03     2.99964783e+02     2.35321041e+02     1.23365022e+02   
    6.82000000e+04     1.70500000e+01     1.11134425e+03     2.99090550e+02     2.35980851e+02     1.24071659e+02   
    6.84000000e+04     1.71000000e+01     1.11133235e+03     3.01201771e+02     2.36065274e+02     1.24999827e+02   
    6.86000000e+04     1.71500000e+01     1.11132700e+03     3.00862969e+02     2.36948781e+02     1.25252078e+02   
    6.88000000e+04     1.72000000e+01     1.11132388e+03     3.01096714e+02     2.35308504e+02     1.23917293e+02   
    6.90000000e+04     1.72500000e+01     1.11132583e+03     3.04132594e+02     2.36462609e+02     1.25295128e+02   
    6.92000000e+04     1.73000000e+01     1.11132904e+03     2.98493821e+02     2.35872134e+02     1.26282177e+02   
    6.94000000e+04     1.73500000e+01     1.11132501e+03     2.97117018e+02     2.35879862e+02     1.24821077e+02   
    6.96000000e+04     1.74000000e+01     1.11133700e+03     2.99716168e+02     2.36662826e+02     1.26065895e+02   
    6.98000000e+04     1.74500000e+01     1.11133494e+03     2.98105881e+02     2.34612579e+02     1.23953440e+02   
    7.00000000e+04     1.75000000e+01     1.11134347e+03     2.99811081e+02     2.34940971e+02     1.23457289e+02   
    7.02000000e+04     1.75500000e+01     1.11133240e+03     2.98692108e+02     2.35972625e+02     1.23810513e+02   
    7.04000000e+04     1.76000000e+01     1.11132570e+03     3.00229686e+02     2.34745708e+02     1.24439063e+02   
    7.06000000e+04     1.76500000e+01     1.11132637e+03     2.99695912e+02     2.35226399e+02     1.24275175e+02   
    7.08000000e+04     1.77000000e+01     1.11131796e+03     3.01604435e+02     2.34171320e+02     1.21655290e+02   
    7.10000000e+04     1.77500000e+01     1.11133391e+03     2.97259718e+02     2.35165396e+02     1.22584366e+02   
    7.12000000e+04     1.78000000e+01     1.11135541e+03     3.02278730e+02     2.37801126e+02     1.25150779e+02   
    7.14000000e+04     1.78500000e+01     1.11135946e+03     3.00183299e+02     2.35616148e+02     1.25246335e+02   
    7.16000000e+04     1.79000000e+01     1.11136667e+03     3.03742505e+02     2.37153244e+02     1.25271318e+02   
    7.18000000e+04     1.79500000e+01     1.11136914e+03     2.99419541e+02     2.35708698e+02     1.24578166e+02   
    7.20000000e+04     1.80000000e+01     1.11136604e+03     3.01035093e+02     2.35778346e+02     1.23342536e+02   
    7.22000000e+04     1.80500000e+01     1.11136727e+03     2.98706831e+02     2.36143796e+02     1.24530581e+02   
    7.24000000e+04     1.81000000e+01     1.11135401e+03     2.99932208e+02     2.35465083e+02     1.22252356e+02   
    7.26000000e+04     1.81500000e+01     1.11136908e+03     3.00344212e+02     2.35978492e+02     1.23959308e+02   
    7.28000000e+04     1.82000000e+01     1.11137228e+03     2.99988527e+02     2.35795099e+02     1.23948650e+02   
    7.30000000e+04     1.82500000e+01     1.11135772e+03     3.01900687e+02     2.33886647e+02     1.21287167e+02   
    7.32000000e+04     1.83000000e+01     1.11135936e+03     2.99506746e+02     2.36077998e+02     1.23426867e+02   
    7.34000000e+04     1.83500000e+01     1.11135411e+03     2.98934756e+02     2.35064156e+02     1.22902180e+02   
    7.36000000e+04     1.84000000e+01     1.11135753e+03     3.01154785e+02     2.36613273e+02     1.25878144e+02   
    7.38000000e+04     1.84500000e+01     1.11134929e+03     3.02181373e+02     2.34905440e+02     1.22836056e+02   
    7.40000000e+04     1.85000000e+01     1.11135047e+03     2.98455683e+02     2.34136915e+02     1.21169327e+02   
    7.42000000e+04     1.85500000e+01     1.11137536e+03     3.00240019e+02     2.37904809e+02     1.25691884e+02   
    7.44000000e+04     1.86000000e+01     1.11136505e+03     3.01319124e+02     2.35836710e+02     1.23887201e+02   
    7.46000000e+04     1.86500000e+01     1.11138311e+03     2.96771378e+02     2.37306081e+02     1.26046965e+02   
    7.48000000e+04     1.87000000e+01     1.11138565e+03     3.00485129e+02     2.37820875e+02     1.26547863e+02   
    7.50000000e+04     1.87500000e+01     1.11138803e+03     2.96530825e+02     2.37897034e+02     1.26051045e+02   
    7.52000000e+04     1.88000000e+01     1.11137518e+03     3.00162580e+02     2.36593972e+02     1.24953208e+02   
    7.54000000e+04     1.88500000e+01     1.11136357e+03     2.98356242e+02     2.36018807e+02     1.23278343e+02   
    7.56000000e+04     1.89000000e+01     1.11135715e+03     2.96517598e+02     2.36033031e+02     1.23945568e+02   
    7.58000000e+04     1.89500000e+01     1.11135111e+03     2.98344517e+02     2.34909279e+02     1.20741386e+02   
    7.60000000e+04     1.90000000e+01     1.11136882e+03     2.99452545e+02     2.37260652e+02     1.22153814e+02   
    7.62000000e+04     1.90500000e+01     1.11136533e+03     3.00940067e+02     2.35300137e+02     1.21353048e+02   
    7.64000000e+04     1.91000000e+01     1.11137716e+03     2.98230520e+02     2.37426606e+02     1.21740490e+02   
    7.66000000e+04     1.91500000e+01     1.11139258e+03     3.02227903e+02     2.37617157e+02     1.24480270e+02   
    7.68000000e+04     1.92000000e+01     1.11139326e+03     3.00562048e+02     2.35443793e+02     1.20780423e+02   
    7.70000000e+04     1.92500000e+01     1.11140253e+03     2.98462862e+02     2.34839806e+02     1.23286870e+02   
    7.72000000e+04     1.93000000e+01     1.11140473e+03     3.03392547e+02     2.35733725e+02     1.22797489e+02   
    7.74000000e+04     1.93500000e+01     1.11140767e+03     3.00338226e+02     2.35936500e+02     1.22639689e+02   
    7.76000000e+04     1.94000000e+01     1.11140898e+03     2.96638215e+02     2.35538873e+02     1.23694196e+02   
    7.78000000e+04     1.94500000e+01     1.11141885e+03     2.99215383e+02     2.36462494e+02     1.24542448e+02   
    7.80000000e+04     1.95000000e+01     1.11142149e+03     2.99192030e+02     2.37927597e+02     1.25382194e+02   
    7.82000000e+04     1.95500000e+01     1.11141738e+03     2.99617011e+02     2.34780457e+02     1.22715857e+02   
    7.84000000e+04     1.96000000e+01     1.11143620e+03     2.98152534e+02     2.36465912e+02     1.25398354e+02   
    7.86000000e+04     1.96500000e+01     1.11143195e+03     2.98131555e+02     2.36832165e+02     1.25039925e+02   
    7.88000000e+04     1.97000000e+01     1.11141021e+03     3.00995665e+02     2.32828368e+02     1.20702011e+02   
    7.90000000e+04     1.97500000e+01     1.11142400e+03     3.00769295e+02     2.35985528e+02     1.21959175e+02   
    7.92000000e+04     1.98000000e+01     1.11142908e+03     2.96088954e+02     2.35843420e+02     1.24205074e+02   
    7.94000000e+04     1.98500000e+01     1.11144058e+03     2.99254850e+02     2.36073682e+02     1.23463160e+02   
    7.96000000e+04     1.99000000e+01     1.11145202e+03     3.00108409e+02     2.38105636e+02     1.25807423e+02   
    7.98000000e+04     1.99500000e+01     1.11143923e+03     2.99267048e+02     2.35913735e+02     1.23150675e+02   
    8.00000000e+04     2.00000000e+01     1.11142863e+03     2.97794690e+02     2.35570554e+02     1.22911564e+02   
