# column   1     --> step : The current simulation time step.
# column   2     --> time{picosecond} : The elapsed simulation time.
# column   3     --> conserved{electronvolt} : The value of the conserved energy quantity per bead.
# column   4     --> temperature{kelvin} : The current temperature, as obtained from the MD kinetic energy.
# column   5     --> kinetic_cv{electronvolt} : The centroid-virial quantum kinetic energy of the physical system.
# column   6     --> potential{electronvolt} : The physical system potential energy.
    0.00000000e+00     0.00000000e+00     1.11077639e+03     3.04273373e+02     2.34755703e+02     1.22135512e+02   
    2.00000000e+02     5.00000000e-02     1.11078710e+03     2.99804305e+02     2.37083650e+02     1.22305245e+02   
    4.00000000e+02     1.00000000e-01     1.11078797e+03     3.03747778e+02     2.36637947e+02     1.22004115e+02   
    6.00000000e+02     1.50000000e-01     1.11078322e+03     3.01732603e+02     2.34205749e+02     1.20201414e+02   
    8.00000000e+02     2.00000000e-01     1.11078993e+03     3.00330359e+02     2.35936186e+02     1.24231615e+02   
    1.00000000e+03     2.50000000e-01     1.11079500e+03     3.04479600e+02     2.34806555e+02     1.22444816e+02   
    1.20000000e+03     3.00000000e-01     1.11079810e+03     2.99250993e+02     2.35969905e+02     1.24502015e+02   
    1.40000000e+03     3.50000000e-01     1.11080038e+03     3.00915334e+02     2.36168531e+02     1.24315816e+02   
    1.60000000e+03     4.00000000e-01     1.11079766e+03     2.99234270e+02     2.35049615e+02     1.21605841e+02   
    1.80000000e+03     4.50000000e-01     1.11080158e+03     2.98637725e+02     2.35480814e+02     1.23559904e+02   
    2.00000000e+03     5.00000000e-01     1.11081858e+03     2.99425740e+02     2.38825509e+02     1.25346103e+02   
    2.20000000e+03     5.50000000e-01     1.11080454e+03     2.95453797e+02     2.35723302e+02     1.23283254e+02   
    2.40000000e+03     6.00000000e-01     1.11080020e+03     2.99428829e+02     2.38121663e+02     1.25735638e+02   
    2.60000000e+03     6.50000000e-01     1.11079097e+03     2.98253870e+02     2.37488543e+02     1.23558892e+02   
    2.80000000e+03     7.00000000e-01     1.11078769e+03     2.99833863e+02     2.37040241e+02     1.24035454e+02   
    3.00000000e+03     7.50000000e-01     1.11078315e+03     2.97492690e+02     2.36039765e+02     1.24431719e+02   
    3.20000000e+03     8.00000000e-01     1.11077091e+03     2.97941151e+02     2.36403864e+02     1.24189047e+02   
    3.40000000e+03     8.50000000e-01     1.11076944e+03     2.99897492e+02     2.37082161e+02     1.24457617e+02   
    3.60000000e+03     9.00000000e-01     1.11075872e+03     2.97045686e+02     2.35015121e+02     1.21641746e+02   
    3.80000000e+03     9.50000000e-01     1.11075998e+03     2.97965122e+02     2.36052630e+02     1.24525523e+02   
    4.00000000e+03     1.00000000e+00     1.11076375e+03     2.98481362e+02     2.36062006e+02     1.24507936e+02   
    4.20000000e+03     1.05000000e+00     1.11076777e+03     2.99787470e+02     2.36072002e+02     1.24805104e+02   
    4.40000000e+03     1.10000000e+00     1.11076238e+03     2.97701508e+02     2.34736045e+02     1.21812751e+02   
    4.60000000e+03     1.15000000e+00     1.11077805e+03     2.97346302e+02     2.36081248e+02     1.25833802e+02   
    4.80000000e+03     1.20000000e+00     1.11078796e+03     3.00449606e+02     2.38078373e+02     1.25639284e+02   
    5.00000000e+03     1.25000000e+00     1.11076479e+03     3.00317179e+02     2.34628927e+02     1.22285028e+02   
    5.20000000e+03     1.30000000e+00     1.11076476e+03     3.01082102e+02     2.36379066e+02     1.22154021e+02   
    5.40000000e+03     1.35000000e+00     1.11075889e+03     3.02559994e+02     2.36892594e+02     1.24544394e+02   
    5.60000000e+03     1.40000000e+00     1.11077334e+03     3.00935159e+02     2.37398584e+02     1.25735688e+02   
    5.80000000e+03     1.45000000e+00     1.11077702e+03     2.98030427e+02     2.36621548e+02     1.24127676e+02   
    6.00000000e+03     1.50000000e+00     1.11078098e+03     3.00615993e+02     2.38241115e+02     1.26247737e+02   
    6.20000000e+03     1.55000000e+00     1.11079406e+03     2.97413919e+02     2.37563654e+02     1.25228716e+02   
    6.40000000e+03     1.60000000e+00     1.11079061e+03     2.99448337e+02     2.35057606e+02     1.24194817e+02   
    6.60000000e+03     1.65000000e+00     1.11079360e+03     2.99091776e+02     2.34445927e+02     1.21512176e+02   
    6.80000000e+03     1.70000000e+00     1.11079638e+03     2.99421003e+02     2.36446552e+02     1.23731618e+02   
    7.00000000e+03     1.75000000e+00     1.11079827e+03     2.99693064e+02     2.34955858e+02     1.21548185e+02   
    7.20000000e+03     1.80000000e+00     1.11079109e+03     2.99591631e+02     2.34648962e+02     1.23869795e+02   
    7.40000000e+03     1.85000000e+00     1.11081502e+03     2.95176066e+02     2.39285809e+02     1.28454406e+02   
    7.60000000e+03     1.90000000e+00     1.11080382e+03     3.02136608e+02     2.36110693e+02     1.23069562e+02   
    7.80000000e+03     1.95000000e+00     1.11081296e+03     3.00715112e+02     2.36600334e+02     1.25377803e+02   
    8.00000000e+03     2.00000000e+00     1.11080607e+03     2.99135153e+02     2.36270391e+02     1.23664609e+02   
    8.20000000e+03     2.05000000e+00     1.11081467e+03     2.99198847e+02     2.37100874e+02     1.23936668e+02   
    8.40000000e+03     2.10000000e+00     1.11080544e+03     3.02870070e+02     2.34782604e+02     1.21708905e+02   
    8.60000000e+03     2.15000000e+00     1.11081459e+03     2.99257429e+02     2.35317676e+02     1.22188102e+02   
    8.80000000e+03     2.20000000e+00     1.11083316e+03     2.97307354e+02     2.37003803e+02     1.24746064e+02   
    9.00000000e+03     2.25000000e+00     1.11083383e+03     2.98617072e+02     2.37333099e+02     1.25630510e+02   
    9.20000000e+03     2.30000000e+00     1.11083374e+03     3.02300291e+02     2.36299888e+02     1.22355382e+02   
    9.40000000e+03     2.35000000e+00     1.11083084e+03     3.01161978e+02     2.35276554e+02     1.20930334e+02   
    9.60000000e+03     2.40000000e+00     1.11085072e+03     3.00260363e+02     2.37526953e+02     1.24755907e+02   
    9.80000000e+03     2.45000000e+00     1.11085205e+03     3.03068097e+02     2.35629960e+02     1.22153446e+02   
    1.00000000e+04     2.50000000e+00     1.11084102e+03     3.01704437e+02     2.35325923e+02     1.21802479e+02   
    1.02000000e+04     2.55000000e+00     1.11085326e+03     2.98916177e+02     2.38064643e+02     1.23504674e+02   
    1.04000000e+04     2.60000000e+00     1.11085230e+03     2.98253158e+02     2.39449575e+02     1.25146945e+02   
    1.06000000e+04     2.65000000e+00     1.11084904e+03     3.03011047e+02     2.37538018e+02     1.22405579e+02   
    1.08000000e+04     2.70000000e+00     1.11085174e+03     2.97790575e+02     2.38367150e+02     1.22028071e+02   
    1.10000000e+04     2.75000000e+00     1.11085489e+03     3.04654031e+02     2.36858259e+02     1.19053604e+02   
    1.12000000e+04     2.80000000e+00     1.11086568e+03     3.00180596e+02     2.38195742e+02     1.22539968e+02   
    1.14000000e+04     2.85000000e+00     1.11086470e+03     3.04712105e+02     2.37254881e+02     1.22010164e+02   
    1.16000000e+04     2.90000000e+00     1.11084888e+03     3.02392363e+02     2.34355902e+02     1.18400958e+02   
    1.18000000e+04     2.95000000e+00     1.11086418e+03     2.97536265e+02     2.37302590e+02     1.21073018e+02   
    1.20000000e+04     3.00000000e+00     1.11086785e+03     2.99914978e+02     2.35065268e+02     1.20797739e+02   
    1.22000000e+04     3.05000000e+00     1.11087383e+03     2.99922401e+02     2.36204312e+02     1.20842619e+02   
    1.24000000e+04     3.10000000e+00     1.11090009e+03     2.99753005e+02     2.37317036e+02     1.23903252e+02   
    1.26000000e+04     3.15000000e+00     1.11089317e+03     3.01057763e+02     2.36451086e+02     1.18927058e+02   
    1.28000000e+04     3.20000000e+00     1.11090866e+03     2.96566518e+02     2.36576491e+02     1.22654227e+02   
    1.30000000e+04     3.25000000e+00     1.11091131e+03     3.00482707e+02     2.36998618e+02     1.23154861e+02   
    1.32000000e+04     3.30000000e+00     1.11090932e+03     2.96870957e+02     2.36806086e+02     1.23371106e+02   
    1.34000000e+04     3.35000000e+00     1.11091160e+03     2.97542668e+02     2.37476355e+02     1.24862688e+02   
    1.36000000e+04     3.40000000e+00     1.11090852e+03     3.01694556e+02     2.36296493e+02     1.23700562e+02   
    1.38000000e+04     3.45000000e+00     1.11091283e+03     3.03802951e+02     2.36238913e+02     1.23935745e+02   
    1.40000000e+04     3.50000000e+00     1.11090714e+03     3.03713884e+02     2.35693891e+02     1.22204067e+02   
    1.42000000e+04     3.55000000e+00     1.11091650e+03     3.02650010e+02     2.36969915e+02     1.23891769e+02   
    1.44000000e+04     3.60000000e+00     1.11090284e+03     2.99482960e+02     2.34228350e+02     1.21971012e+02   
    1.46000000e+04     3.65000000e+00     1.11091673e+03     2.98668898e+02     2.36625223e+02     1.25044051e+02   
    1.48000000e+04     3.70000000e+00     1.11091399e+03     3.00345243e+02     2.36421919e+02     1.24120211e+02   
    1.50000000e+04     3.75000000e+00     1.11092545e+03     3.01050830e+02     2.36366111e+02     1.23682913e+02   
    1.52000000e+04     3.80000000e+00     1.11093966e+03     2.99889970e+02     2.39360207e+02     1.27548923e+02   
    1.54000000e+04     3.85000000e+00     1.11093403e+03     2.98872372e+02     2.35877460e+02     1.24879133e+02   
    1.56000000e+04     3.90000000e+00     1.11093699e+03     3.00122364e+02     2.35719754e+02     1.24646837e+02   
    1.58000000e+04     3.95000000e+00     1.11093042e+03     2.99530722e+02     2.36571438e+02     1.24865340e+02   
    1.60000000e+04     4.00000000e+00     1.11094618e+03     2.98437697e+02     2.39711427e+02     1.27175354e+02   
    1.62000000e+04     4.05000000e+00     1.11093643e+03     2.98342051e+02     2.36120389e+02     1.23765211e+02   
    1.64000000e+04     4.10000000e+00     1.11094547e+03     3.01196772e+02     2.37275433e+02     1.25535965e+02   
    1.66000000e+04     4.15000000e+00     1.11094997e+03     2.96929444e+02     2.35419865e+02     1.24252462e+02   
    1.68000000e+04     4.20000000e+00     1.11095399e+03     2.97629569e+02     2.35563498e+02     1.24659507e+02   
    1.70000000e+04     4.25000000e+00     1.11096149e+03     2.96133307e+02     2.36885901e+02     1.26515177e+02   
    1.72000000e+04     4.30000000e+00     1.11096618e+03     2.97211909e+02     2.36255184e+02     1.23042160e+02   
    1.74000000e+04     4.35000000e+00     1.11097276e+03     2.96959834e+02     2.36243425e+02     1.23510624e+02   
    1.76000000e+04     4.40000000e+00     1.11097179e+03     2.97702817e+02     2.36017363e+02     1.23794768e+02   
    1.78000000e+04     4.45000000e+00     1.11097066e+03     3.00014354e+02     2.34867077e+02     1.22653033e+02   
    1.80000000e+04     4.50000000e+00     1.11096536e+03     2.99416268e+02     2.35355336e+02     1.22892443e+02   
    1.82000000e+04     4.55000000e+00     1.11096709e+03     2.99520463e+02     2.36302255e+02     1.23393443e+02   
    1.84000000e+04     4.60000000e+00     1.11094918e+03     3.02113514e+02     2.34054560e+02     1.20780195e+02   
    1.86000000e+04     4.65000000e+00     1.11096041e+03     2.99876055e+02     2.36139229e+02     1.23954916e+02   
    1.88000000e+04     4.70000000e+00     1.11095688e+03     3.02248140e+02     2.35339487e+02     1.22973378e+02   
    1.90000000e+04     4.75000000e+00     1.11095797e+03     2.98516723e+02     2.36507435e+02     1.25618257e+02   
    1.92000000e+04     4.80000000e+00     1.11095119e+03     3.01679865e+02     2.34609884e+02     1.22710747e+02   
    1.94000000e+04     4.85000000e+00     1.11097322e+03     2.99570217e+02     2.37716584e+02     1.27714600e+02   
    1.96000000e+04     4.90000000e+00     1.11096156e+03     3.00273092e+02     2.36600095e+02     1.25752493e+02   
    1.98000000e+04     4.95000000e+00     1.11096485e+03     3.02652157e+02     2.36628488e+02     1.26510623e+02   
    2.00000000e+04     5.00000000e+00     1.11096512e+03     2.98158587e+02     2.36629287e+02     1.25391654e+02   
    2.02000000e+04     5.05000000e+00     1.11096718e+03     3.00061209e+02     2.36555498e+02     1.25466923e+02   
    2.04000000e+04     5.10000000e+00     1.11097344e+03     3.01625065e+02     2.36631075e+02     1.25326407e+02   
    2.06000000e+04     5.15000000e+00     1.11097185e+03     3.00929258e+02     2.35073178e+02     1.22700697e+02   
    2.08000000e+04     5.20000000e+00     1.11099592e+03     3.02270146e+02     2.36615041e+02     1.24612986e+02   
    2.10000000e+04     5.25000000e+00     1.11099839e+03     3.00462359e+02     2.35439862e+02     1.22238518e+02   
    2.12000000e+04     5.30000000e+00     1.11099835e+03     2.99895954e+02     2.35875621e+02     1.22698651e+02   
    2.14000000e+04     5.35000000e+00     1.11099022e+03     3.02183862e+02     2.35499702e+02     1.21545138e+02   
    2.16000000e+04     5.40000000e+00     1.11099578e+03     3.00415672e+02     2.35920930e+02     1.23831807e+02   
    2.18000000e+04     5.45000000e+00     1.11099056e+03     2.99500631e+02     2.35389591e+02     1.23962113e+02   
    2.20000000e+04     5.50000000e+00     1.11099697e+03     3.00452419e+02     2.36057290e+02     1.23241896e+02   
    2.22000000e+04     5.55000000e+00     1.11100205e+03     3.00900170e+02     2.36651634e+02     1.25115260e+02   
    2.24000000e+04     5.60000000e+00     1.11098874e+03     2.98656539e+02     2.35606057e+02     1.22110181e+02   
    2.26000000e+04     5.65000000e+00     1.11098241e+03     2.98794954e+02     2.35658115e+02     1.21598455e+02   
    2.28000000e+04     5.70000000e+00     1.11099375e+03     3.00616338e+02     2.38318100e+02     1.24772664e+02   
    2.30000000e+04     5.75000000e+00     1.11098468e+03     3.03811718e+02     2.36122595e+02     1.22898316e+02   
    2.32000000e+04     5.80000000e+00     1.11099428e+03     3.00314444e+02     2.37628141e+02     1.23478669e+02   
    2.34000000e+04     5.85000000e+00     1.11099348e+03     3.02151761e+02     2.34684260e+02     1.21222619e+02   
    2.36000000e+04     5.90000000e+00     1.11098998e+03     3.03291115e+02     2.35723690e+02     1.22516461e+02   
    2.38000000e+04     5.95000000e+00     1.11099964e+03     2.98814612e+02     2.35511242e+02     1.21607899e+02   
    2.40000000e+04     6.00000000e+00     1.11100995e+03     3.01510801e+02     2.36287804e+02     1.23550487e+02   
    2.42000000e+04     6.05000000e+00     1.11101252e+03     3.01489811e+02     2.36087420e+02     1.21177592e+02   
    2.44000000e+04     6.10000000e+00     1.11101409e+03     3.00932041e+02     2.35703759e+02     1.22325786e+02   
    2.46000000e+04     6.15000000e+00     1.11101193e+03     2.99543001e+02     2.37403212e+02     1.24461436e+02   
    2.48000000e+04     6.20000000e+00     1.11102837e+03     3.00191973e+02     2.36960841e+02     1.22960143e+02   
    2.50000000e+04     6.25000000e+00     1.11103646e+03     2.99070737e+02     2.36804347e+02     1.24439754e+02   
    2.52000000e+04     6.30000000e+00     1.11104363e+03     2.98753247e+02     2.35711572e+02     1.22108372e+02   
    2.54000000e+04     6.35000000e+00     1.11104953e+03     2.96815782e+02     2.37027080e+02     1.23963244e+02   
    2.56000000e+04     6.40000000e+00     1.11105094e+03     3.02892392e+02     2.35750981e+02     1.21299146e+02   
    2.58000000e+04     6.45000000e+00     1.11105124e+03     2.98760963e+02     2.35895185e+02     1.22706665e+02   
    2.60000000e+04     6.50000000e+00     1.11105866e+03     3.00529795e+02     2.38090572e+02     1.26581581e+02   
    2.62000000e+04     6.55000000e+00     1.11105343e+03     3.00108306e+02     2.37896794e+02     1.24940871e+02   
    2.64000000e+04     6.60000000e+00     1.11106362e+03     2.97932609e+02     2.37358807e+02     1.27064936e+02   
    2.66000000e+04     6.65000000e+00     1.11106260e+03     3.00871510e+02     2.37654780e+02     1.24447327e+02   
    2.68000000e+04     6.70000000e+00     1.11105574e+03     3.04071154e+02     2.36795095e+02     1.25870479e+02   
    2.70000000e+04     6.75000000e+00     1.11105357e+03     2.98989933e+02     2.36651740e+02     1.24304243e+02   
    2.72000000e+04     6.80000000e+00     1.11104463e+03     3.00338934e+02     2.34625110e+02     1.23041666e+02   
    2.74000000e+04     6.85000000e+00     1.11104252e+03     2.98001155e+02     2.37332913e+02     1.23339436e+02   
    2.76000000e+04     6.90000000e+00     1.11104229e+03     2.98205961e+02     2.38338137e+02     1.25152755e+02   
    2.78000000e+04     6.95000000e+00     1.11103352e+03     2.98339864e+02     2.36615392e+02     1.24570411e+02   
    2.80000000e+04     7.00000000e+00     1.11104234e+03     2.99604413e+02     2.36593311e+02     1.23936752e+02   
    2.82000000e+04     7.05000000e+00     1.11105280e+03     2.94180979e+02     2.37618098e+02     1.26831304e+02   
    2.84000000e+04     7.10000000e+00     1.11103774e+03     2.96925767e+02     2.36447860e+02     1.26242372e+02   
    2.86000000e+04     7.15000000e+00     1.11103327e+03     3.00281673e+02     2.37075816e+02     1.27043846e+02   
    2.88000000e+04     7.20000000e+00     1.11103137e+03     3.00824011e+02     2.34565142e+02     1.25501625e+02   
    2.90000000e+04     7.25000000e+00     1.11103360e+03     2.99016668e+02     2.36591323e+02     1.27333230e+02   
    2.92000000e+04     7.30000000e+00     1.11103568e+03     2.99005068e+02     2.37046518e+02     1.26856365e+02   
    2.94000000e+04     7.35000000e+00     1.11101595e+03     3.00288781e+02     2.34786725e+02     1.23447317e+02   
    2.96000000e+04     7.40000000e+00     1.11101741e+03     3.02548583e+02     2.37166778e+02     1.25085314e+02   
    2.98000000e+04     7.45000000e+00     1.11101755e+03     3.00659193e+02     2.36546430e+02     1.25179544e+02   
    3.00000000e+04     7.50000000e+00     1.11102936e+03     3.00468092e+02     2.37217034e+02     1.25939275e+02   
    3.02000000e+04     7.55000000e+00     1.11102642e+03     3.03994223e+02     2.37742022e+02     1.25908550e+02   
    3.04000000e+04     7.60000000e+00     1.11102384e+03     3.01024232e+02     2.35378699e+02     1.21978044e+02   
    3.06000000e+04     7.65000000e+00     1.11103369e+03     3.00460921e+02     2.36512021e+02     1.24903136e+02   
    3.08000000e+04     7.70000000e+00     1.11103268e+03     3.02874933e+02     2.36985834e+02     1.25077588e+02   
    3.10000000e+04     7.75000000e+00     1.11102129e+03     3.01429922e+02     2.35922170e+02     1.24988491e+02   
    3.12000000e+04     7.80000000e+00     1.11102306e+03     3.00799323e+02     2.36928624e+02     1.25194785e+02   
    3.14000000e+04     7.85000000e+00     1.11102192e+03     2.98335807e+02     2.37367739e+02     1.26138383e+02   
    3.16000000e+04     7.90000000e+00     1.11102139e+03     3.03867943e+02     2.37016152e+02     1.26637204e+02   
    3.18000000e+04     7.95000000e+00     1.11103941e+03     3.02138415e+02     2.38827694e+02     1.27360063e+02   
    3.20000000e+04     8.00000000e+00     1.11104692e+03     3.04840114e+02     2.37149065e+02     1.25143120e+02   
    3.22000000e+04     8.05000000e+00     1.11106388e+03     3.01709438e+02     2.36856090e+02     1.25142561e+02   
    3.24000000e+04     8.10000000e+00     1.11106276e+03     3.00171585e+02     2.36918107e+02     1.26805643e+02   
    3.26000000e+04     8.15000000e+00     1.11104937e+03     3.01790716e+02     2.36441761e+02     1.24615816e+02   
    3.28000000e+04     8.20000000e+00     1.11104382e+03     3.04070161e+02     2.36065818e+02     1.24813692e+02   
    3.30000000e+04     8.25000000e+00     1.11102310e+03     3.01173875e+02     2.36259467e+02     1.23796627e+02   
    3.32000000e+04     8.30000000e+00     1.11101897e+03     3.00868319e+02     2.36357237e+02     1.24855026e+02   
    3.34000000e+04     8.35000000e+00     1.11102033e+03     3.03341162e+02     2.35494885e+02     1.22884231e+02   
    3.36000000e+04     8.40000000e+00     1.11102157e+03     2.99805177e+02     2.35215292e+02     1.22468230e+02   
    3.38000000e+04     8.45000000e+00     1.11102289e+03     3.00134131e+02     2.35146277e+02     1.23684754e+02   
    3.40000000e+04     8.50000000e+00     1.11104128e+03     3.00911667e+02     2.35890230e+02     1.24452259e+02   
    3.42000000e+04     8.55000000e+00     1.11104413e+03     3.00134788e+02     2.36032631e+02     1.25464918e+02   
    3.44000000e+04     8.60000000e+00     1.11105058e+03     3.00578138e+02     2.35043951e+02     1.22505389e+02   
    3.46000000e+04     8.65000000e+00     1.11105154e+03     2.99540373e+02     2.36314398e+02     1.23521757e+02   
    3.48000000e+04     8.70000000e+00     1.11104410e+03     3.01533777e+02     2.35350978e+02     1.21623404e+02   
    3.50000000e+04     8.75000000e+00     1.11105355e+03     3.01461316e+02     2.36319557e+02     1.22630377e+02   
    3.52000000e+04     8.80000000e+00     1.11104962e+03     3.01467276e+02     2.34388520e+02     1.18652560e+02   
    3.54000000e+04     8.85000000e+00     1.11106499e+03     2.99917258e+02     2.36282979e+02     1.21627047e+02   
    3.56000000e+04     8.90000000e+00     1.11107392e+03     2.99328075e+02     2.37200053e+02     1.22520507e+02   
    3.58000000e+04     8.95000000e+00     1.11106072e+03     3.01081017e+02     2.37186042e+02     1.23090010e+02   
    3.60000000e+04     9.00000000e+00     1.11106924e+03     3.00385354e+02     2.37826664e+02     1.24404212e+02   
    3.62000000e+04     9.05000000e+00     1.11106638e+03     3.03287187e+02     2.36711401e+02     1.21729585e+02   
    3.64000000e+04     9.10000000e+00     1.11105392e+03     3.02507558e+02     2.37423460e+02     1.21463112e+02   
    3.66000000e+04     9.15000000e+00     1.11105750e+03     3.01683375e+02     2.38152572e+02     1.23734958e+02   
    3.68000000e+04     9.20000000e+00     1.11104288e+03     3.02287797e+02     2.36900939e+02     1.21225025e+02   
    3.70000000e+04     9.25000000e+00     1.11103309e+03     3.00249395e+02     2.36296589e+02     1.22587174e+02   
    3.72000000e+04     9.30000000e+00     1.11102278e+03     3.02797380e+02     2.35452647e+02     1.20787118e+02   
    3.74000000e+04     9.35000000e+00     1.11102916e+03     3.04227696e+02     2.35949308e+02     1.24096737e+02   
    3.76000000e+04     9.40000000e+00     1.11103115e+03     3.04745854e+02     2.35595272e+02     1.20633902e+02   
    3.78000000e+04     9.45000000e+00     1.11103977e+03     2.98735792e+02     2.34874433e+02     1.22627015e+02   
    3.80000000e+04     9.50000000e+00     1.11104669e+03     3.02655953e+02     2.36624243e+02     1.21943712e+02   
    3.82000000e+04     9.55000000e+00     1.11105692e+03     3.01029938e+02     2.37948975e+02     1.25266401e+02   
    3.84000000e+04     9.60000000e+00     1.11104339e+03     3.01643771e+02     2.35525251e+02     1.21685812e+02   
    3.86000000e+04     9.65000000e+00     1.11105473e+03     3.02992073e+02     2.37042679e+02     1.21934994e+02   
    3.88000000e+04     9.70000000e+00     1.11104767e+03     3.01614723e+02     2.36865391e+02     1.24023101e+02   
    3.90000000e+04     9.75000000e+00     1.11104399e+03     3.04497291e+02     2.36430031e+02     1.22858093e+02   
    3.92000000e+04     9.80000000e+00     1.11105747e+03     2.98391007e+02     2.37563591e+02     1.24588274e+02   
    3.94000000e+04     9.85000000e+00     1.11105191e+03     3.00975406e+02     2.33839827e+02     1.19756616e+02   
    3.96000000e+04     9.90000000e+00     1.11107992e+03     3.01900861e+02     2.36935214e+02     1.24306233e+02   
    3.98000000e+04     9.95000000e+00     1.11106810e+03     3.00555726e+02     2.36735269e+02     1.23219681e+02   
    4.00000000e+04     1.00000000e+01     1.11108072e+03     3.00415220e+02     2.37669522e+02     1.23862392e+02   
    4.02000000e+04     1.00500000e+01     1.11108136e+03     3.02466878e+02     2.35978737e+02     1.22879953e+02   
    4.04000000e+04     1.01000000e+01     1.11107611e+03     3.00958894e+02     2.36885868e+02     1.23237306e+02   
    4.06000000e+04     1.01500000e+01     1.11107031e+03     3.00463113e+02     2.36880761e+02     1.23921480e+02   
    4.08000000e+04     1.02000000e+01     1.11106108e+03     2.99351143e+02     2.36411388e+02     1.23873427e+02   
    4.10000000e+04     1.02500000e+01     1.11105763e+03     3.00010927e+02     2.35823524e+02     1.24364065e+02   
    4.12000000e+04     1.03000000e+01     1.11105785e+03     3.01162359e+02     2.37443913e+02     1.25526786e+02   
    4.14000000e+04     1.03500000e+01     1.11104556e+03     2.99476735e+02     2.34411716e+02     1.21790040e+02   
    4.16000000e+04     1.04000000e+01     1.11104718e+03     2.99558505e+02     2.36432499e+02     1.24238079e+02   
    4.18000000e+04     1.04500000e+01     1.11104788e+03     2.99369507e+02     2.36553300e+02     1.25768035e+02   
    4.20000000e+04     1.05000000e+01     1.11106003e+03     2.97959337e+02     2.37594025e+02     1.25989889e+02   
    4.22000000e+04     1.05500000e+01     1.11106941e+03     3.01005495e+02     2.36758270e+02     1.26104242e+02   
    4.24000000e+04     1.06000000e+01     1.11106238e+03     3.01236157e+02     2.34844956e+02     1.22677472e+02   
    4.26000000e+04     1.06500000e+01     1.11107663e+03     3.01875307e+02     2.36467993e+02     1.25591813e+02   
    4.28000000e+04     1.07000000e+01     1.11109127e+03     2.99536330e+02     2.37822539e+02     1.26435933e+02   
    4.30000000e+04     1.07500000e+01     1.11108696e+03     2.96526152e+02     2.37894529e+02     1.25494059e+02   
    4.32000000e+04     1.08000000e+01     1.11108997e+03     2.99523427e+02     2.37852030e+02     1.25844279e+02   
    4.34000000e+04     1.08500000e+01     1.11107644e+03     2.99978966e+02     2.36070425e+02     1.23605614e+02   
    4.36000000e+04     1.09000000e+01     1.11107281e+03     3.00420980e+02     2.35257818e+02     1.22381197e+02   
    4.38000000e+04     1.09500000e+01     1.11106802e+03     2.97713364e+02     2.34343864e+02     1.21750986e+02   
    4.40000000e+04     1.10000000e+01     1.11108530e+03     2.98555050e+02     2.36161269e+02     1.23698064e+02   
    4.42000000e+04     1.10500000e+01     1.11108983e+03     2.99645232e+02     2.35650923e+02     1.23653100e+02   
    4.44000000e+04     1.11000000e+01     1.11108807e+03     3.00195753e+02     2.34151641e+02     1.22694827e+02   
    4.46000000e+04     1.11500000e+01     1.11110398e+03     2.98642074e+02     2.35775266e+02     1.24583978e+02   
    4.48000000e+04     1.12000000e+01     1.11110200e+03     2.97772019e+02     2.34909786e+02     1.23942207e+02   
    4.50000000e+04     1.12500000e+01     1.11110540e+03     2.95979375e+02     2.35120593e+02     1.24655926e+02   
    4.52000000e+04     1.13000000e+01     1.11110757e+03     2.99308396e+02     2.36672197e+02     1.25392789e+02   
    4.54000000e+04     1.13500000e+01     1.11110631e+03     2.97954316e+02     2.36930313e+02     1.25949763e+02   
    4.56000000e+04     1.14000000e+01     1.11111471e+03     2.98821187e+02     2.37718857e+02     1.26140754e+02   
    4.58000000e+04     1.14500000e+01     1.11111873e+03     3.00149552e+02     2.36991029e+02     1.26322875e+02   
    4.60000000e+04     1.15000000e+01     1.11112022e+03     2.99689077e+02     2.35376575e+02     1.25232752e+02   
    4.62000000e+04     1.15500000e+01     1.11111131e+03     2.98099106e+02     2.33744198e+02     1.22710145e+02   
    4.64000000e+04     1.16000000e+01     1.11112199e+03     2.99806095e+02     2.36691369e+02     1.26123628e+02   
    4.66000000e+04     1.16500000e+01     1.11112485e+03     3.02641659e+02     2.36821028e+02     1.24392579e+02   
    4.68000000e+04     1.17000000e+01     1.11112314e+03     3.00172793e+02     2.36318309e+02     1.25744525e+02   
    4.70000000e+04     1.17500000e+01     1.11113539e+03     2.98553194e+02     2.34547509e+02     1.22653482e+02   
    4.72000000e+04     1.18000000e+01     1.11114894e+03     2.98359632e+02     2.36476212e+02     1.25609938e+02   
    4.74000000e+04     1.18500000e+01     1.11114322e+03     3.01157848e+02     2.36183642e+02     1.23911437e+02   
    4.76000000e+04     1.19000000e+01     1.11114542e+03     3.00682466e+02     2.38114816e+02     1.27267064e+02   
    4.78000000e+04     1.19500000e+01     1.11115439e+03     3.03325486e+02     2.36940543e+02     1.26820284e+02   
    4.80000000e+04     1.20000000e+01     1.11114882e+03     3.01718013e+02     2.36416277e+02     1.24843207e+02   
    4.82000000e+04     1.20500000e+01     1.11115625e+03     3.01076816e+02     2.36581207e+02     1.26575996e+02   
    4.84000000e+04     1.21000000e+01     1.11115666e+03     2.96931159e+02     2.36772702e+02     1.25626084e+02   
    4.86000000e+04     1.21500000e+01     1.11115235e+03     3.01884965e+02     2.36965257e+02     1.24679893e+02   
    4.88000000e+04     1.22000000e+01     1.11113509e+03     3.02808988e+02     2.36071158e+02     1.22069014e+02   
    4.90000000e+04     1.22500000e+01     1.11113795e+03     3.00435239e+02     2.36006112e+02     1.23924341e+02   
    4.92000000e+04     1.23000000e+01     1.11114886e+03     2.97804880e+02     2.35954840e+02     1.22768542e+02   
    4.94000000e+04     1.23500000e+01     1.11115903e+03     3.00133770e+02     2.35405389e+02     1.22595683e+02   
    4.96000000e+04     1.24000000e+01     1.11117158e+03     2.99450564e+02     2.36342762e+02     1.23614342e+02   
    4.98000000e+04     1.24500000e+01     1.11116957e+03     2.97964649e+02     2.35544713e+02     1.22955241e+02   
    5.00000000e+04     1.25000000e+01     1.11115502e+03     3.00666663e+02     2.35663517e+02     1.23686241e+02   
    5.02000000e+04     1.25500000e+01     1.11114845e+03     2.98873726e+02     2.35751071e+02     1.23459313e+02   
    5.04000000e+04     1.26000000e+01     1.11115399e+03     3.01612876e+02     2.37473130e+02     1.25040702e+02   
    5.06000000e+04     1.26500000e+01     1.11114193e+03     2.97269442e+02     2.36063072e+02     1.24216689e+02   
    5.08000000e+04     1.27000000e+01     1.11114696e+03     3.00565427e+02     2.36523163e+02     1.25978307e+02   
    5.10000000e+04     1.27500000e+01     1.11113165e+03     3.00903668e+02     2.36458129e+02     1.23753981e+02   
    5.12000000e+04     1.28000000e+01     1.11113868e+03     2.98513849e+02     2.37606520e+02     1.26267409e+02   
    5.14000000e+04     1.28500000e+01     1.11113456e+03     2.99531440e+02     2.37634455e+02     1.26041159e+02   
    5.16000000e+04     1.29000000e+01     1.11114284e+03     3.02166375e+02     2.37289768e+02     1.26864344e+02   
    5.18000000e+04     1.29500000e+01     1.11113364e+03     2.99903458e+02     2.37152928e+02     1.26311552e+02   
    5.20000000e+04     1.30000000e+01     1.11112398e+03     2.99865302e+02     2.35597019e+02     1.23765015e+02   
    5.22000000e+04     1.30500000e+01     1.11112627e+03     2.99275445e+02     2.37161484e+02     1.27058256e+02   
    5.24000000e+04     1.31000000e+01     1.11110904e+03     2.98559907e+02     2.35471405e+02     1.23727350e+02   
    5.26000000e+04     1.31500000e+01     1.11111999e+03     2.97354798e+02     2.36769339e+02     1.26578469e+02   
    5.28000000e+04     1.32000000e+01     1.11112548e+03     3.00535600e+02     2.38214452e+02     1.27271567e+02   
    5.30000000e+04     1.32500000e+01     1.11111187e+03     3.02026639e+02     2.35810013e+02     1.24211016e+02   
    5.32000000e+04     1.33000000e+01     1.11110793e+03     3.04125507e+02     2.34745332e+02     1.24052711e+02   
    5.34000000e+04     1.33500000e+01     1.11110222e+03     3.01226777e+02     2.35626724e+02     1.23715208e+02   
    5.36000000e+04     1.34000000e+01     1.11109287e+03     3.01686742e+02     2.36688656e+02     1.25783216e+02   
    5.38000000e+04     1.34500000e+01     1.11109538e+03     3.00772274e+02     2.36574022e+02     1.24491636e+02   
    5.40000000e+04     1.35000000e+01     1.11108367e+03     2.99373244e+02     2.36169279e+02     1.25311616e+02   
    5.42000000e+04     1.35500000e+01     1.11108831e+03     3.02619329e+02     2.36047948e+02     1.23752055e+02   
    5.44000000e+04     1.36000000e+01     1.11108913e+03     2.99337144e+02     2.37708017e+02     1.27318403e+02   
    5.46000000e+04     1.36500000e+01     1.11109614e+03     3.01802147e+02     2.36520760e+02     1.25046621e+02   
    5.48000000e+04     1.37000000e+01     1.11108586e+03     3.01944457e+02     2.34338512e+02     1.23028460e+02   
    5.50000000e+04     1.37500000e+01     1.11108408e+03     3.01197020e+02     2.33938658e+02     1.22534379e+02   
    5.52000000e+04     1.38000000e+01     1.11109998e+03     2.97425995e+02     2.35810207e+02     1.24941861e+02   
    5.54000000e+04     1.38500000e+01     1.11111642e+03     3.00049478e+02     2.36303744e+02     1.26703737e+02   
    5.56000000e+04     1.39000000e+01     1.11111221e+03     3.01072061e+02     2.33912133e+02     1.23083019e+02   
    5.58000000e+04     1.39500000e+01     1.11112295e+03     2.99985644e+02     2.35499700e+02     1.25823841e+02   
    5.60000000e+04     1.40000000e+01     1.11113816e+03     2.98412580e+02     2.35161370e+02     1.26050306e+02   
    5.62000000e+04     1.40500000e+01     1.11112976e+03     2.99150558e+02     2.35643095e+02     1.26403232e+02   
    5.64000000e+04     1.41000000e+01     1.11113254e+03     3.00760826e+02     2.36373865e+02     1.26228816e+02   
    5.66000000e+04     1.41500000e+01     1.11114005e+03     3.00459524e+02     2.39347363e+02     1.28813817e+02   
    5.68000000e+04     1.42000000e+01     1.11112957e+03     3.01115556e+02     2.36054044e+02     1.26467702e+02   
    5.70000000e+04     1.42500000e+01     1.11114107e+03     3.01709670e+02     2.35725889e+02     1.26701713e+02   
    5.72000000e+04     1.43000000e+01     1.11115185e+03     2.99331161e+02     2.37375058e+02     1.28091452e+02   
    5.74000000e+04     1.43500000e+01     1.11114153e+03     2.99182793e+02     2.36508550e+02     1.25819695e+02   
    5.76000000e+04     1.44000000e+01     1.11114389e+03     2.97411009e+02     2.35121384e+02     1.24195549e+02   
    5.78000000e+04     1.44500000e+01     1.11115303e+03     3.01141375e+02     2.37552623e+02     1.26656709e+02   
    5.80000000e+04     1.45000000e+01     1.11115598e+03     3.00015332e+02     2.36002033e+02     1.23897220e+02   
    5.82000000e+04     1.45500000e+01     1.11116377e+03     3.03115009e+02     2.37288381e+02     1.24284353e+02   
    5.84000000e+04     1.46000000e+01     1.11115701e+03     2.98211364e+02     2.34953919e+02     1.22588979e+02   
    5.86000000e+04     1.46500000e+01     1.11115955e+03     2.99864466e+02     2.35832171e+02     1.23228899e+02   
    5.88000000e+04     1.47000000e+01     1.11116897e+03     3.01632044e+02     2.36239544e+02     1.24932439e+02   
    5.90000000e+04     1.47500000e+01     1.11117218e+03     2.99145719e+02     2.37674811e+02     1.25839311e+02   
    5.92000000e+04     1.48000000e+01     1.11116966e+03     3.00059264e+02     2.37794459e+02     1.23936980e+02   
    5.94000000e+04     1.48500000e+01     1.11117188e+03     3.02325428e+02     2.36584336e+02     1.23336727e+02   
    5.96000000e+04     1.49000000e+01     1.11116837e+03     3.01554441e+02     2.35651954e+02     1.19784226e+02   
    5.98000000e+04     1.49500000e+01     1.11119670e+03     3.00864926e+02     2.38035638e+02     1.24270095e+02   
    6.00000000e+04     1.50000000e+01     1.11118757e+03     3.02056309e+02     2.36393071e+02     1.22097236e+02   
    6.02000000e+04     1.50500000e+01     1.11119389e+03     2.98671578e+02     2.35081486e+02     1.21348603e+02   
    6.04000000e+04     1.51000000e+01     1.11120524e+03     2.98974535e+02     2.37437928e+02     1.24239414e+02   
    6.06000000e+04     1.51500000e+01     1.11120638e+03     2.97551412e+02     2.35940549e+02     1.22261852e+02   
    6.08000000e+04     1.52000000e+01     1.11120913e+03     2.99171176e+02     2.36537023e+02     1.23419103e+02   
    6.10000000e+04     1.52500000e+01     1.11121166e+03     2.98834582e+02     2.36765907e+02     1.23571347e+02   
    6.12000000e+04     1.53000000e+01     1.11118725e+03     3.02826869e+02     2.35195450e+02     1.21330991e+02   
    6.14000000e+04     1.53500000e+01     1.11117635e+03     2.96250898e+02     2.35659777e+02     1.21542251e+02   
    6.16000000e+04     1.54000000e+01     1.11116671e+03     2.97426284e+02     2.36144521e+02     1.22985279e+02   
    6.18000000e+04     1.54500000e+01     1.11115229e+03     3.01276573e+02     2.33683176e+02     1.19545795e+02   
    6.20000000e+04     1.55000000e+01     1.11116459e+03     3.00842302e+02     2.36162573e+02     1.23190755e+02   
    6.22000000e+04     1.55500000e+01     1.11117009e+03     3.02422018e+02     2.37522209e+02     1.24481705e+02   
    6.24000000e+04     1.56000000e+01     1.11117815e+03     3.01128258e+02     2.35266476e+02     1.20567174e+02   
    6.26000000e+04     1.56500000e+01     1.11119280e+03     2.98074318e+02     2.35069473e+02     1.20612654e+02   
    6.28000000e+04     1.57000000e+01     1.11121571e+03     2.99053589e+02     2.37437275e+02     1.23768089e+02   
    6.30000000e+04     1.57500000e+01     1.11121500e+03     2.95472929e+02     2.34692222e+02     1.21795452e+02   
    6.32000000e+04     1.58000000e+01     1.11121605e+03     2.97961746e+02     2.34839538e+02     1.22909676e+02   
    6.34000000e+04     1.58500000e+01     1.11121403e+03     2.98066350e+02     2.36146761e+02     1.24542077e+02   
    6.36000000e+04     1.59000000e+01     1.11119835e+03     2.98187555e+02     2.35914308e+02     1.23335507e+02   
    6.38000000e+04     1.59500000e+01     1.11119567e+03     3.01472532e+02     2.35925057e+02     1.23991709e+02   
    6.40000000e+04     1.60000000e+01     1.11119786e+03     2.99293730e+02     2.37462254e+02     1.26712164e+02   
    6.42000000e+04     1.60500000e+01     1.11120499e+03     2.95606903e+02     2.38232629e+02     1.26721917e+02   
    6.44000000e+04     1.61000000e+01     1.11119945e+03     3.01062404e+02     2.36730523e+02     1.26070752e+02   
    6.46000000e+04     1.61500000e+01     1.11120502e+03     2.99824685e+02     2.37006238e+02     1.25323957e+02   
    6.48000000e+04     1.62000000e+01     1.11120609e+03     3.00917010e+02     2.35982369e+02     1.25300404e+02   
    6.50000000e+04     1.62500000e+01     1.11121122e+03     3.00608829e+02     2.35989633e+02     1.25883332e+02   
    6.52000000e+04     1.63000000e+01     1.11121935e+03     2.98686571e+02     2.36784851e+02     1.26306524e+02   
    6.54000000e+04     1.63500000e+01     1.11121889e+03     3.00297306e+02     2.36324104e+02     1.24586694e+02   
    6.56000000e+04     1.64000000e+01     1.11121641e+03     2.97476363e+02     2.35702171e+02     1.22896241e+02   
    6.58000000e+04     1.64500000e+01     1.11122731e+03     2.99835426e+02     2.36585093e+02     1.25995118e+02   
    6.60000000e+04     1.65000000e+01     1.11122329e+03     2.97911794e+02     2.36262472e+02     1.24062165e+02   
    6.62000000e+04     1.65500000e+01     1.11121489e+03     3.02496536e+02     2.37178376e+02     1.23945670e+02   
    6.64000000e+04     1.66000000e+01     1.11120317e+03     3.02446536e+02     2.34689308e+02     1.21679543e+02   
    6.66000000e+04     1.66500000e+01     1.11120213e+03     3.01590538e+02     2.37056147e+02     1.26239599e+02   
    6.68000000e+04     1.67000000e+01     1.11118781e+03     2.99948717e+02     2.36902481e+02     1.24522385e+02   
    6.70000000e+04     1.67500000e+01     1.11118091e+03     2.97054831e+02     2.35312273e+02     1.22766454e+02   
    6.72000000e+04     1.68000000e+01     1.11118702e+03     2.97363572e+02     2.36297467e+02     1.24299272e+02   
    6.74000000e+04     1.68500000e+01     1.11117015e+03     3.00048953e+02     2.33193115e+02     1.21139276e+02   
    6.76000000e+04     1.69000000e+01     1.11118221e+03     2.99334607e+02     2.36214052e+02     1.25634034e+02   
    6.78000000e+04     1.69500000e+01     1.11117551e+03     2.99383898e+02     2.34520321e+02     1.23978544e+02   
    6.80000000e+04     1.70000000e+01     1.11117374e+03     3.00888157e+02     2.35840098e+02     1.22970362e+02   
    6.82000000e+04     1.70500000e+01     1.11118533e+03     2.97545164e+02     2.37030958e+02     1.26596252e+02   
    6.84000000e+04     1.71000000e+01     1.11117127e+03     3.00591736e+02     2.34851636e+02     1.23695636e+02   
    6.86000000e+04     1.71500000e+01     1.11117693e+03     2.99515546e+02     2.37372433e+02     1.25160060e+02   
    6.88000000e+04     1.72000000e+01     1.11116323e+03     3.01851625e+02     2.35457403e+02     1.23466164e+02   
    6.90000000e+04     1.72500000e+01     1.11116048e+03     3.04209448e+02     2.36265892e+02     1.24927608e+02   
    6.92000000e+04     1.73000000e+01     1.11116222e+03     2.98700028e+02     2.36261959e+02     1.26430040e+02   
    6.94000000e+04     1.73500000e+01     1.11115480e+03     2.97082800e+02     2.36876384e+02     1.25083378e+02   
    6.96000000e+04     1.74000000e+01     1.11116186e+03     3.00139582e+02     2.36781340e+02     1.24844095e+02   
    6.98000000e+04     1.74500000e+01     1.11116443e+03     2.98739358e+02     2.35374588e+02     1.22373095e+02   
    7.00000000e+04     1.75000000e+01     1.11117028e+03     2.99898211e+02     2.34234371e+02     1.22775343e+02   
    7.02000000e+04     1.75500000e+01     1.11118185e+03     2.99221340e+02     2.35990984e+02     1.22280943e+02   
    7.04000000e+04     1.76000000e+01     1.11119418e+03     3.01164685e+02     2.35295718e+02     1.21419710e+02   
    7.06000000e+04     1.76500000e+01     1.11120521e+03     3.00038833e+02     2.35962985e+02     1.23050275e+02   
    7.08000000e+04     1.77000000e+01     1.11120029e+03     3.01681446e+02     2.34373525e+02     1.21396295e+02   
    7.10000000e+04     1.77500000e+01     1.11119786e+03     2.97406075e+02     2.33412980e+02     1.20136017e+02   
    7.12000000e+04     1.78000000e+01     1.11120472e+03     3.02635117e+02     2.37884708e+02     1.21945052e+02   
    7.14000000e+04     1.78500000e+01     1.11119065e+03     3.00107162e+02     2.35864798e+02     1.22149020e+02   
    7.16000000e+04     1.79000000e+01     1.11117838e+03     3.02728874e+02     2.37779659e+02     1.24551481e+02   
    7.18000000e+04     1.79500000e+01     1.11115549e+03     2.99947482e+02     2.35499071e+02     1.21035747e+02   
    7.20000000e+04     1.80000000e+01     1.11116931e+03     2.99934851e+02     2.36054911e+02     1.20778717e+02   
    7.22000000e+04     1.80500000e+01     1.11116505e+03     2.99600272e+02     2.35558932e+02     1.21651871e+02   
    7.24000000e+04     1.81000000e+01     1.11116909e+03     2.99187194e+02     2.35846049e+02     1.22284467e+02   
    7.26000000e+04     1.81500000e+01     1.11117224e+03     2.98925564e+02     2.36399249e+02     1.24237239e+02   
    7.28000000e+04     1.82000000e+01     1.11117717e+03     3.01178996e+02     2.35233554e+02     1.21835577e+02   
    7.30000000e+04     1.82500000e+01     1.11117578e+03     3.01143612e+02     2.35935281e+02     1.21983761e+02   
    7.32000000e+04     1.83000000e+01     1.11117243e+03     2.99456624e+02     2.35726743e+02     1.21127818e+02   
    7.34000000e+04     1.83500000e+01     1.11117322e+03     2.99414869e+02     2.36393944e+02     1.22334513e+02   
    7.36000000e+04     1.84000000e+01     1.11117028e+03     3.02170458e+02     2.35870541e+02     1.23643400e+02   
    7.38000000e+04     1.84500000e+01     1.11118418e+03     3.00803452e+02     2.37030446e+02     1.24684554e+02   
    7.40000000e+04     1.85000000e+01     1.11118425e+03     2.98650145e+02     2.37122690e+02     1.24584756e+02   
    7.42000000e+04     1.85500000e+01     1.11118430e+03     3.01134264e+02     2.37339367e+02     1.26752713e+02   
    7.44000000e+04     1.86000000e+01     1.11118099e+03     3.01968869e+02     2.35658064e+02     1.25368979e+02   
    7.46000000e+04     1.86500000e+01     1.11118316e+03     2.97771127e+02     2.37040830e+02     1.25757344e+02   
    7.48000000e+04     1.87000000e+01     1.11117635e+03     3.01536174e+02     2.37526945e+02     1.25387000e+02   
    7.50000000e+04     1.87500000e+01     1.11116992e+03     2.98013836e+02     2.39268794e+02     1.26786858e+02   
    7.52000000e+04     1.88000000e+01     1.11115256e+03     3.02342228e+02     2.35971398e+02     1.23826082e+02   
    7.54000000e+04     1.88500000e+01     1.11116115e+03     3.00662382e+02     2.36812681e+02     1.24987319e+02   
    7.56000000e+04     1.89000000e+01     1.11114487e+03     2.98395564e+02     2.35327427e+02     1.23992618e+02   
    7.58000000e+04     1.89500000e+01     1.11114525e+03     3.00148939e+02     2.35857982e+02     1.23957843e+02   
    7.60000000e+04     1.90000000e+01     1.11115111e+03     3.01103962e+02     2.36843302e+02     1.25708664e+02   
    7.62000000e+04     1.90500000e+01     1.11115207e+03     3.02994059e+02     2.37215429e+02     1.24675899e+02   
    7.64000000e+04     1.91000000e+01     1.11115358e+03     3.00818876e+02     2.35710720e+02     1.23015467e+02   
    7.66000000e+04     1.91500000e+01     1.11115449e+03     3.05186665e+02     2.35292406e+02     1.23287702e+02   
    7.68000000e+04     1.92000000e+01     1.11114532e+03     3.03256697e+02     2.35425861e+02     1.22639218e+02   
    7.70000000e+04     1.92500000e+01     1.11115203e+03     3.01581989e+02     2.35744779e+02     1.23536296e+02   
    7.72000000e+04     1.93000000e+01     1.11115287e+03     3.03541655e+02     2.36148866e+02     1.24149117e+02   
    7.74000000e+04     1.93500000e+01     1.11117189e+03     2.99115398e+02     2.37974087e+02     1.28208773e+02   
    7.76000000e+04     1.94000000e+01     1.11117022e+03     2.97911164e+02     2.36456732e+02     1.26094142e+02   
    7.78000000e+04     1.94500000e+01     1.11118268e+03     3.02542244e+02     2.36751521e+02     1.26276194e+02   
    7.80000000e+04     1.95000000e+01     1.11119458e+03     3.02842822e+02     2.37586923e+02     1.26274840e+02   
    7.82000000e+04     1.95500000e+01     1.11119071e+03     3.00802569e+02     2.34983718e+02     1.24863347e+02   
    7.84000000e+04     1.96000000e+01     1.11119931e+03     3.00419658e+02     2.36385140e+02     1.26348575e+02   
    7.86000000e+04     1.96500000e+01     1.11120932e+03     2.99535822e+02     2.37405290e+02     1.27343329e+02   
    7.88000000e+04     1.97000000e+01     1.11119893e+03     3.01802310e+02     2.35160090e+02     1.24920968e+02   
    7.90000000e+04     1.97500000e+01     1.11120213e+03     3.03624263e+02     2.36756234e+02     1.23830496e+02   
    7.92000000e+04     1.98000000e+01     1.11119870e+03     2.97164198e+02     2.35468395e+02     1.24903302e+02   
    7.94000000e+04     1.98500000e+01     1.11119363e+03     3.00816627e+02     2.34680958e+02     1.23404130e+02   
    7.96000000e+04     1.99000000e+01     1.11119858e+03     3.03029056e+02     2.35746840e+02     1.23260435e+02   
    7.98000000e+04     1.99500000e+01     1.11119526e+03     3.03368394e+02     2.35834749e+02     1.22788991e+02   
    8.00000000e+04     2.00000000e+01     1.11119053e+03     2.99879915e+02     2.33705998e+02     1.21873276e+02   
