# column   1     --> step : The current simulation time step.
# column   2     --> time{picosecond} : The elapsed simulation time.
# column   3     --> conserved{electronvolt} : The value of the conserved energy quantity per bead.
# column   4     --> temperature{kelvin} : The current temperature, as obtained from the MD kinetic energy.
# column   5     --> kinetic_cv{electronvolt} : The centroid-virial quantum kinetic energy of the physical system.
# column   6     --> potential{electronvolt} : The physical system potential energy.
    0.00000000e+00     0.00000000e+00     1.11280155e+03     3.04273373e+02     2.35349724e+02     1.24165653e+02   
    2.00000000e+02     5.00000000e-02     1.11280342e+03     2.99241005e+02     2.36814889e+02     1.24284387e+02   
    4.00000000e+02     1.00000000e-01     1.11279230e+03     3.02921660e+02     2.36749991e+02     1.25141571e+02   
    6.00000000e+02     1.50000000e-01     1.11277789e+03     2.99333347e+02     2.34626783e+02     1.23923024e+02   
    8.00000000e+02     2.00000000e-01     1.11278086e+03     2.99728822e+02     2.36709556e+02     1.26070902e+02   
    1.00000000e+03     2.50000000e-01     1.11276757e+03     3.04349148e+02     2.35489566e+02     1.25303198e+02   
    1.20000000e+03     3.00000000e-01     1.11277008e+03     2.99633552e+02     2.36047837e+02     1.25014003e+02   
    1.40000000e+03     3.50000000e-01     1.11276834e+03     3.01148333e+02     2.36613235e+02     1.24577237e+02   
    1.60000000e+03     4.00000000e-01     1.11276659e+03     2.99429936e+02     2.34909626e+02     1.21901785e+02   
    1.80000000e+03     4.50000000e-01     1.11277968e+03     2.99949304e+02     2.34558269e+02     1.21956120e+02   
    2.00000000e+03     5.00000000e-01     1.11279872e+03     2.99009074e+02     2.37638424e+02     1.25313786e+02   
    2.20000000e+03     5.50000000e-01     1.11279986e+03     2.95364167e+02     2.35724409e+02     1.23766830e+02   
    2.40000000e+03     6.00000000e-01     1.11279526e+03     3.00298924e+02     2.36743986e+02     1.25502722e+02   
    2.60000000e+03     6.50000000e-01     1.11280098e+03     3.00132944e+02     2.38730527e+02     1.25041968e+02   
    2.80000000e+03     7.00000000e-01     1.11280247e+03     3.01900142e+02     2.37330021e+02     1.24343793e+02   
    3.00000000e+03     7.50000000e-01     1.11279846e+03     2.98277312e+02     2.35971317e+02     1.24775322e+02   
    3.20000000e+03     8.00000000e-01     1.11280205e+03     3.00050788e+02     2.34624680e+02     1.22709891e+02   
    3.40000000e+03     8.50000000e-01     1.11280849e+03     3.01069863e+02     2.36813462e+02     1.24532891e+02   
    3.60000000e+03     9.00000000e-01     1.11280528e+03     2.99448639e+02     2.35345786e+02     1.22681854e+02   
    3.80000000e+03     9.50000000e-01     1.11280821e+03     3.01490567e+02     2.37336861e+02     1.25658784e+02   
    4.00000000e+03     1.00000000e+00     1.11281545e+03     3.00748910e+02     2.34747195e+02     1.24731913e+02   
    4.20000000e+03     1.05000000e+00     1.11281539e+03     3.00907531e+02     2.34891080e+02     1.23597924e+02   
    4.40000000e+03     1.10000000e+00     1.11281836e+03     2.97763747e+02     2.35737221e+02     1.25693097e+02   
    4.60000000e+03     1.15000000e+00     1.11281806e+03     2.99905711e+02     2.36418544e+02     1.24875542e+02   
    4.80000000e+03     1.20000000e+00     1.11282055e+03     3.01625422e+02     2.38107779e+02     1.27458669e+02   
    5.00000000e+03     1.25000000e+00     1.11281302e+03     3.01307875e+02     2.34190952e+02     1.23039726e+02   
    5.20000000e+03     1.30000000e+00     1.11283316e+03     3.02469330e+02     2.35975603e+02     1.25408669e+02   
    5.40000000e+03     1.35000000e+00     1.11284641e+03     3.03933672e+02     2.36685081e+02     1.24498379e+02   
    5.60000000e+03     1.40000000e+00     1.11284807e+03     3.01756073e+02     2.36982031e+02     1.26196969e+02   
    5.80000000e+03     1.45000000e+00     1.11283589e+03     2.98914913e+02     2.35888424e+02     1.24872225e+02   
    6.00000000e+03     1.50000000e+00     1.11284300e+03     3.01143603e+02     2.38690966e+02     1.27623344e+02   
    6.20000000e+03     1.55000000e+00     1.11283621e+03     2.98274219e+02     2.36092467e+02     1.25485135e+02   
    6.40000000e+03     1.60000000e+00     1.11284000e+03     3.01469335e+02     2.35802222e+02     1.25077971e+02   
    6.60000000e+03     1.65000000e+00     1.11283454e+03     2.99375814e+02     2.34307980e+02     1.22095277e+02   
    6.80000000e+03     1.70000000e+00     1.11285803e+03     3.00641349e+02     2.37317567e+02     1.23779772e+02   
    7.00000000e+03     1.75000000e+00     1.11287050e+03     3.01935111e+02     2.36058073e+02     1.24941315e+02   
    7.20000000e+03     1.80000000e+00     1.11287485e+03     3.02502087e+02     2.34752330e+02     1.23714897e+02   
    7.40000000e+03     1.85000000e+00     1.11289646e+03     2.98268809e+02     2.37878606e+02     1.26677572e+02   
    7.60000000e+03     1.90000000e+00     1.11287838e+03     3.04570125e+02     2.34154496e+02     1.22298452e+02   
    7.80000000e+03     1.95000000e+00     1.11287508e+03     3.02890187e+02     2.36803771e+02     1.25217575e+02   
    8.00000000e+03     2.00000000e+00     1.11287235e+03     3.01624269e+02     2.35574831e+02     1.23480516e+02   
    8.20000000e+03     2.05000000e+00     1.11287330e+03     2.99006042e+02     2.36127851e+02     1.23499360e+02   
    8.40000000e+03     2.10000000e+00     1.11286330e+03     3.02154743e+02     2.34916772e+02     1.21813341e+02   
    8.60000000e+03     2.15000000e+00     1.11286874e+03     2.99054286e+02     2.35506440e+02     1.24361693e+02   
    8.80000000e+03     2.20000000e+00     1.11286822e+03     2.97787766e+02     2.35793921e+02     1.23043310e+02   
    9.00000000e+03     2.25000000e+00     1.11286930e+03     2.98801949e+02     2.34808142e+02     1.24449932e+02   
    9.20000000e+03     2.30000000e+00     1.11286337e+03     3.02328804e+02     2.35523426e+02     1.25344509e+02   
    9.40000000e+03     2.35000000e+00     1.11285282e+03     3.01036406e+02     2.35504869e+02     1.24126430e+02   
    9.60000000e+03     2.40000000e+00     1.11285824e+03     3.00535791e+02     2.35306636e+02     1.24767806e+02   
    9.80000000e+03     2.45000000e+00     1.11285714e+03     3.02238923e+02     2.34713070e+02     1.22619881e+02   
    1.00000000e+04     2.50000000e+00     1.11285964e+03     3.00614403e+02     2.35058357e+02     1.23052476e+02   
    1.02000000e+04     2.55000000e+00     1.11286683e+03     2.98353945e+02     2.37044503e+02     1.24675308e+02   
    1.04000000e+04     2.60000000e+00     1.11288626e+03     2.99402779e+02     2.38736623e+02     1.26836817e+02   
    1.06000000e+04     2.65000000e+00     1.11288847e+03     3.03031949e+02     2.36847811e+02     1.24607150e+02   
    1.08000000e+04     2.70000000e+00     1.11290082e+03     2.98168391e+02     2.38401362e+02     1.24145289e+02   
    1.10000000e+04     2.75000000e+00     1.11289339e+03     3.03056823e+02     2.37144693e+02     1.21601618e+02   
    1.12000000e+04     2.80000000e+00     1.11289596e+03     2.99691581e+02     2.37139401e+02     1.24530842e+02   
    1.14000000e+04     2.85000000e+00     1.11290139e+03     3.05186880e+02     2.34882877e+02     1.21151530e+02   
    1.16000000e+04     2.90000000e+00     1.11289998e+03     3.01687573e+02     2.35192662e+02     1.22544758e+02   
    1.18000000e+04     2.95000000e+00     1.11289215e+03     2.98020324e+02     2.36684479e+02     1.21930544e+02   
    1.20000000e+04     3.00000000e+00     1.11288335e+03     2.98391702e+02     2.36066213e+02     1.23914497e+02   
    1.22000000e+04     3.05000000e+00     1.11288299e+03     2.99834357e+02     2.35632717e+02     1.23959716e+02   
    1.24000000e+04     3.10000000e+00     1.11289391e+03     3.02058002e+02     2.35906012e+02     1.23605314e+02   
    1.26000000e+04     3.15000000e+00     1.11289552e+03     3.00004669e+02     2.37313656e+02     1.24690158e+02   
    1.28000000e+04     3.20000000e+00     1.11290845e+03     2.98655867e+02     2.37501234e+02     1.23894629e+02   
    1.30000000e+04     3.25000000e+00     1.11291451e+03     3.02984146e+02     2.38201517e+02     1.25759336e+02   
    1.32000000e+04     3.30000000e+00     1.11291356e+03     3.00010511e+02     2.36522220e+02     1.22860032e+02   
    1.34000000e+04     3.35000000e+00     1.11290921e+03     2.99824214e+02     2.36975366e+02     1.24812664e+02   
    1.36000000e+04     3.40000000e+00     1.11289483e+03     3.00895316e+02     2.36326634e+02     1.24754979e+02   
    1.38000000e+04     3.45000000e+00     1.11288849e+03     3.04625632e+02     2.37255397e+02     1.26144921e+02   
    1.40000000e+04     3.50000000e+00     1.11286423e+03     3.02168534e+02     2.35493651e+02     1.23186492e+02   
    1.42000000e+04     3.55000000e+00     1.11286327e+03     3.02295894e+02     2.37141537e+02     1.23878046e+02   
    1.44000000e+04     3.60000000e+00     1.11285566e+03     3.00032072e+02     2.33399339e+02     1.20211765e+02   
    1.46000000e+04     3.65000000e+00     1.11286985e+03     3.01405488e+02     2.35039408e+02     1.23537701e+02   
    1.48000000e+04     3.70000000e+00     1.11289255e+03     3.01867757e+02     2.37428715e+02     1.25867334e+02   
    1.50000000e+04     3.75000000e+00     1.11289858e+03     3.01560344e+02     2.36104107e+02     1.26137885e+02   
    1.52000000e+04     3.80000000e+00     1.11289912e+03     3.00196742e+02     2.36645939e+02     1.24406483e+02   
    1.54000000e+04     3.85000000e+00     1.11290346e+03     2.99177458e+02     2.35907002e+02     1.24722989e+02   
    1.56000000e+04     3.90000000e+00     1.11289673e+03     3.01022701e+02     2.36516355e+02     1.26005845e+02   
    1.58000000e+04     3.95000000e+00     1.11288840e+03     3.00988406e+02     2.36398843e+02     1.24952783e+02   
    1.60000000e+04     4.00000000e+00     1.11288551e+03     3.01006445e+02     2.36836453e+02     1.24274413e+02   
    1.62000000e+04     4.05000000e+00     1.11287775e+03     2.98785101e+02     2.36872383e+02     1.24506713e+02   
    1.64000000e+04     4.10000000e+00     1.11287195e+03     3.01941198e+02     2.37490984e+02     1.24941785e+02   
    1.66000000e+04     4.15000000e+00     1.11285806e+03     2.99727042e+02     2.35376897e+02     1.23430961e+02   
    1.68000000e+04     4.20000000e+00     1.11285645e+03     2.99018667e+02     2.32614206e+02     1.22815005e+02   
    1.70000000e+04     4.25000000e+00     1.11287246e+03     2.96815967e+02     2.35624339e+02     1.26399810e+02   
    1.72000000e+04     4.30000000e+00     1.11287334e+03     2.98087240e+02     2.35560385e+02     1.24457589e+02   
    1.74000000e+04     4.35000000e+00     1.11287565e+03     2.97982114e+02     2.36754561e+02     1.25051953e+02   
    1.76000000e+04     4.40000000e+00     1.11287002e+03     2.99000151e+02     2.36300045e+02     1.24763295e+02   
    1.78000000e+04     4.45000000e+00     1.11287455e+03     2.98640953e+02     2.37636924e+02     1.28061553e+02   
    1.80000000e+04     4.50000000e+00     1.11285781e+03     3.01281633e+02     2.35831574e+02     1.23467930e+02   
    1.82000000e+04     4.55000000e+00     1.11287162e+03     2.99110725e+02     2.37091779e+02     1.25242315e+02   
    1.84000000e+04     4.60000000e+00     1.11286007e+03     3.02024156e+02     2.34729302e+02     1.21677332e+02   
    1.86000000e+04     4.65000000e+00     1.11287002e+03     3.02010407e+02     2.36405592e+02     1.25222056e+02   
    1.88000000e+04     4.70000000e+00     1.11286354e+03     3.03865704e+02     2.35013520e+02     1.23263118e+02   
    1.90000000e+04     4.75000000e+00     1.11287342e+03     3.00471481e+02     2.36424551e+02     1.26063235e+02   
    1.92000000e+04     4.80000000e+00     1.11286956e+03     3.01754733e+02     2.35334489e+02     1.22651087e+02   
    1.94000000e+04     4.85000000e+00     1.11287914e+03     3.02158118e+02     2.36321381e+02     1.23861102e+02   
    1.96000000e+04     4.90000000e+00     1.11288874e+03     3.00013140e+02     2.36138097e+02     1.24206910e+02   
    1.98000000e+04     4.95000000e+00     1.11289308e+03     3.01968404e+02     2.35973116e+02     1.25245651e+02   
    2.00000000e+04     5.00000000e+00     1.11289121e+03     2.99750051e+02     2.36611104e+02     1.24358701e+02   
    2.02000000e+04     5.05000000e+00     1.11288404e+03     3.01296573e+02     2.35072729e+02     1.21060414e+02   
    2.04000000e+04     5.10000000e+00     1.11288723e+03     3.02822440e+02     2.37058925e+02     1.21139022e+02   
    2.06000000e+04     5.15000000e+00     1.11287481e+03     3.02477510e+02     2.34246257e+02     1.20631560e+02   
    2.08000000e+04     5.20000000e+00     1.11287210e+03     3.03421041e+02     2.37647225e+02     1.23930770e+02   
    2.10000000e+04     5.25000000e+00     1.11286848e+03     2.98008955e+02     2.37332496e+02     1.24229091e+02   
    2.12000000e+04     5.30000000e+00     1.11287542e+03     3.00293286e+02     2.35581313e+02     1.23110725e+02   
    2.14000000e+04     5.35000000e+00     1.11287170e+03     3.00600451e+02     2.34685802e+02     1.21209551e+02   
    2.16000000e+04     5.40000000e+00     1.11287741e+03     2.99856452e+02     2.36730397e+02     1.24694512e+02   
    2.18000000e+04     5.45000000e+00     1.11288668e+03     2.97692501e+02     2.37427447e+02     1.26789001e+02   
    2.20000000e+04     5.50000000e+00     1.11288912e+03     2.98853069e+02     2.37096734e+02     1.24551174e+02   
    2.22000000e+04     5.55000000e+00     1.11288947e+03     3.00774869e+02     2.37594120e+02     1.24021589e+02   
    2.24000000e+04     5.60000000e+00     1.11287793e+03     2.97869285e+02     2.35428149e+02     1.19940272e+02   
    2.26000000e+04     5.65000000e+00     1.11286415e+03     2.96359806e+02     2.35842800e+02     1.21840860e+02   
    2.28000000e+04     5.70000000e+00     1.11287145e+03     2.99752919e+02     2.37781742e+02     1.24075157e+02   
    2.30000000e+04     5.75000000e+00     1.11285869e+03     3.04599004e+02     2.37159667e+02     1.23335093e+02   
    2.32000000e+04     5.80000000e+00     1.11285174e+03     3.00726840e+02     2.36614665e+02     1.24037555e+02   
    2.34000000e+04     5.85000000e+00     1.11284865e+03     3.00591637e+02     2.36983367e+02     1.25211332e+02   
    2.36000000e+04     5.90000000e+00     1.11284504e+03     3.03185179e+02     2.36161267e+02     1.24063633e+02   
    2.38000000e+04     5.95000000e+00     1.11285411e+03     2.98473529e+02     2.36975724e+02     1.21805161e+02   
    2.40000000e+04     6.00000000e+00     1.11285488e+03     3.03843934e+02     2.35562593e+02     1.21952770e+02   
    2.42000000e+04     6.05000000e+00     1.11284966e+03     3.01940190e+02     2.35754446e+02     1.23014440e+02   
    2.44000000e+04     6.10000000e+00     1.11285252e+03     3.01299909e+02     2.35355797e+02     1.23065556e+02   
    2.46000000e+04     6.15000000e+00     1.11285703e+03     3.01504544e+02     2.35609993e+02     1.20923246e+02   
    2.48000000e+04     6.20000000e+00     1.11284912e+03     2.99870582e+02     2.34936943e+02     1.22990651e+02   
    2.50000000e+04     6.25000000e+00     1.11285639e+03     3.00218483e+02     2.36086563e+02     1.23850671e+02   
    2.52000000e+04     6.30000000e+00     1.11287140e+03     2.98572451e+02     2.37200546e+02     1.25924756e+02   
    2.54000000e+04     6.35000000e+00     1.11285128e+03     2.96997699e+02     2.37391316e+02     1.25655219e+02   
    2.56000000e+04     6.40000000e+00     1.11284713e+03     3.02224112e+02     2.37022297e+02     1.25427498e+02   
    2.58000000e+04     6.45000000e+00     1.11285618e+03     2.99817463e+02     2.36511957e+02     1.25370921e+02   
    2.60000000e+04     6.50000000e+00     1.11285773e+03     3.02603139e+02     2.36726740e+02     1.24784879e+02   
    2.62000000e+04     6.55000000e+00     1.11286770e+03     2.99062766e+02     2.37886073e+02     1.26946500e+02   
    2.64000000e+04     6.60000000e+00     1.11287096e+03     2.98249816e+02     2.36741567e+02     1.24681065e+02   
    2.66000000e+04     6.65000000e+00     1.11287722e+03     3.01760520e+02     2.35867438e+02     1.23778328e+02   
    2.68000000e+04     6.70000000e+00     1.11288513e+03     3.04074064e+02     2.36405666e+02     1.25243570e+02   
    2.70000000e+04     6.75000000e+00     1.11288162e+03     2.99202013e+02     2.35337395e+02     1.23699573e+02   
    2.72000000e+04     6.80000000e+00     1.11288674e+03     2.99932529e+02     2.36858422e+02     1.24297356e+02   
    2.74000000e+04     6.85000000e+00     1.11289467e+03     2.98436998e+02     2.37601377e+02     1.25341989e+02   
    2.76000000e+04     6.90000000e+00     1.11289319e+03     2.98314610e+02     2.37794943e+02     1.26203753e+02   
    2.78000000e+04     6.95000000e+00     1.11289503e+03     2.97485302e+02     2.37632512e+02     1.26368906e+02   
    2.80000000e+04     7.00000000e+00     1.11288685e+03     2.99338419e+02     2.36577878e+02     1.25282881e+02   
    2.82000000e+04     7.05000000e+00     1.11288800e+03     2.94683700e+02     2.36841633e+02     1.25516292e+02   
    2.84000000e+04     7.10000000e+00     1.11288074e+03     2.96938763e+02     2.35866182e+02     1.25824513e+02   
    2.86000000e+04     7.15000000e+00     1.11287623e+03     3.00920433e+02     2.38287436e+02     1.29212513e+02   
    2.88000000e+04     7.20000000e+00     1.11286820e+03     2.99799219e+02     2.36964512e+02     1.28017884e+02   
    2.90000000e+04     7.25000000e+00     1.11286037e+03     2.98413626e+02     2.34718362e+02     1.26600215e+02   
    2.92000000e+04     7.30000000e+00     1.11287898e+03     2.98251975e+02     2.38453369e+02     1.29319908e+02   
    2.94000000e+04     7.35000000e+00     1.11287808e+03     2.98677363e+02     2.35414046e+02     1.28666469e+02   
    2.96000000e+04     7.40000000e+00     1.11287980e+03     3.00750227e+02     2.37472725e+02     1.29516698e+02   
    2.98000000e+04     7.45000000e+00     1.11287783e+03     2.99711102e+02     2.36130381e+02     1.26635301e+02   
    3.00000000e+04     7.50000000e+00     1.11287672e+03     3.00505464e+02     2.37742886e+02     1.28296024e+02   
    3.02000000e+04     7.55000000e+00     1.11286607e+03     3.01984614e+02     2.36984419e+02     1.26891569e+02   
    3.04000000e+04     7.60000000e+00     1.11286417e+03     2.98846939e+02     2.35541220e+02     1.25613663e+02   
    3.06000000e+04     7.65000000e+00     1.11288183e+03     2.97613607e+02     2.37300811e+02     1.27612502e+02   
    3.08000000e+04     7.70000000e+00     1.11287682e+03     3.02341536e+02     2.34993609e+02     1.24892239e+02   
    3.10000000e+04     7.75000000e+00     1.11289866e+03     3.00109172e+02     2.35690513e+02     1.25464008e+02   
    3.12000000e+04     7.80000000e+00     1.11290869e+03     2.98581278e+02     2.36699506e+02     1.27283725e+02   
    3.14000000e+04     7.85000000e+00     1.11290547e+03     2.98164973e+02     2.36773254e+02     1.25276175e+02   
    3.16000000e+04     7.90000000e+00     1.11289704e+03     3.03925293e+02     2.36095091e+02     1.25175117e+02   
    3.18000000e+04     7.95000000e+00     1.11289624e+03     3.01491188e+02     2.37263173e+02     1.26328516e+02   
    3.20000000e+04     8.00000000e+00     1.11289034e+03     3.03754366e+02     2.36420689e+02     1.24919799e+02   
    3.22000000e+04     8.05000000e+00     1.11289575e+03     2.99700219e+02     2.36415611e+02     1.25129248e+02   
    3.24000000e+04     8.10000000e+00     1.11289415e+03     3.01397637e+02     2.37277690e+02     1.24619078e+02   
    3.26000000e+04     8.15000000e+00     1.11290783e+03     2.99023891e+02     2.37764770e+02     1.27838742e+02   
    3.28000000e+04     8.20000000e+00     1.11290648e+03     3.02679118e+02     2.35906430e+02     1.24837250e+02   
    3.30000000e+04     8.25000000e+00     1.11291014e+03     2.97505575e+02     2.35991977e+02     1.26483954e+02   
    3.32000000e+04     8.30000000e+00     1.11292356e+03     2.98052906e+02     2.38038292e+02     1.26903763e+02   
    3.34000000e+04     8.35000000e+00     1.11291611e+03     2.99926745e+02     2.36920180e+02     1.26752658e+02   
    3.36000000e+04     8.40000000e+00     1.11290698e+03     2.97993089e+02     2.35964435e+02     1.24383569e+02   
    3.38000000e+04     8.45000000e+00     1.11291096e+03     2.97575616e+02     2.36951941e+02     1.25163369e+02   
    3.40000000e+04     8.50000000e+00     1.11289506e+03     2.99948466e+02     2.35022594e+02     1.22963863e+02   
    3.42000000e+04     8.55000000e+00     1.11289784e+03     2.97575706e+02     2.36342429e+02     1.24340792e+02   
    3.44000000e+04     8.60000000e+00     1.11291241e+03     2.97789118e+02     2.36559177e+02     1.24937666e+02   
    3.46000000e+04     8.65000000e+00     1.11289829e+03     3.00298145e+02     2.33691834e+02     1.21421573e+02   
    3.48000000e+04     8.70000000e+00     1.11289867e+03     2.96996049e+02     2.34767432e+02     1.25075986e+02   
    3.50000000e+04     8.75000000e+00     1.11290573e+03     2.98891763e+02     2.36180475e+02     1.24872674e+02   
    3.52000000e+04     8.80000000e+00     1.11290482e+03     3.00251299e+02     2.36109173e+02     1.21182208e+02   
    3.54000000e+04     8.85000000e+00     1.11290091e+03     3.00327780e+02     2.35377194e+02     1.20735325e+02   
    3.56000000e+04     8.90000000e+00     1.11290929e+03     2.98573727e+02     2.37256353e+02     1.24211873e+02   
    3.58000000e+04     8.95000000e+00     1.11288988e+03     2.99784230e+02     2.36104136e+02     1.23767409e+02   
    3.60000000e+04     9.00000000e+00     1.11288822e+03     2.99806074e+02     2.38550447e+02     1.24390933e+02   
    3.62000000e+04     9.05000000e+00     1.11286710e+03     3.01318685e+02     2.36358575e+02     1.22919155e+02   
    3.64000000e+04     9.10000000e+00     1.11286654e+03     2.99765039e+02     2.37116855e+02     1.23105107e+02   
    3.66000000e+04     9.15000000e+00     1.11287930e+03     2.98363054e+02     2.38765820e+02     1.27233748e+02   
    3.68000000e+04     9.20000000e+00     1.11288236e+03     2.99605047e+02     2.37615948e+02     1.25988791e+02   
    3.70000000e+04     9.25000000e+00     1.11287184e+03     2.98804251e+02     2.35782762e+02     1.24331647e+02   
    3.72000000e+04     9.30000000e+00     1.11286509e+03     3.00301513e+02     2.35458335e+02     1.24837499e+02   
    3.74000000e+04     9.35000000e+00     1.11285876e+03     3.03167110e+02     2.35723846e+02     1.24867312e+02   
    3.76000000e+04     9.40000000e+00     1.11286122e+03     3.01108533e+02     2.37076873e+02     1.26404289e+02   
    3.78000000e+04     9.45000000e+00     1.11286205e+03     2.96838262e+02     2.36470907e+02     1.25819276e+02   
    3.80000000e+04     9.50000000e+00     1.11285258e+03     3.02445650e+02     2.35566137e+02     1.24939441e+02   
    3.82000000e+04     9.55000000e+00     1.11285983e+03     2.98664449e+02     2.36663096e+02     1.27227390e+02   
    3.84000000e+04     9.60000000e+00     1.11284221e+03     3.00056706e+02     2.36674236e+02     1.25217210e+02   
    3.86000000e+04     9.65000000e+00     1.11284232e+03     3.00579550e+02     2.35681478e+02     1.25435013e+02   
    3.88000000e+04     9.70000000e+00     1.11284359e+03     3.00258737e+02     2.35925739e+02     1.26344947e+02   
    3.90000000e+04     9.75000000e+00     1.11286467e+03     3.00682508e+02     2.38638795e+02     1.30013454e+02   
    3.92000000e+04     9.80000000e+00     1.11286109e+03     2.98492491e+02     2.35466757e+02     1.24937685e+02   
    3.94000000e+04     9.85000000e+00     1.11285603e+03     2.99250648e+02     2.33836475e+02     1.23376810e+02   
    3.96000000e+04     9.90000000e+00     1.11288511e+03     3.02387997e+02     2.37104689e+02     1.26148119e+02   
    3.98000000e+04     9.95000000e+00     1.11287965e+03     2.99030353e+02     2.34539544e+02     1.24338291e+02   
    4.00000000e+04     1.00000000e+01     1.11289754e+03     2.99994067e+02     2.38026470e+02     1.26853361e+02   
    4.02000000e+04     1.00500000e+01     1.11288187e+03     3.03232484e+02     2.34633302e+02     1.22520003e+02   
    4.04000000e+04     1.01000000e+01     1.11288462e+03     3.00374623e+02     2.36720590e+02     1.26025065e+02   
    4.06000000e+04     1.01500000e+01     1.11287433e+03     2.99564012e+02     2.36440358e+02     1.26180509e+02   
    4.08000000e+04     1.02000000e+01     1.11287320e+03     2.99677415e+02     2.35628568e+02     1.25303466e+02   
    4.10000000e+04     1.02500000e+01     1.11287593e+03     3.02510117e+02     2.35622246e+02     1.25479370e+02   
    4.12000000e+04     1.03000000e+01     1.11288020e+03     3.02120328e+02     2.34957332e+02     1.24658325e+02   
    4.14000000e+04     1.03500000e+01     1.11287352e+03     2.98813983e+02     2.34402421e+02     1.24000193e+02   
    4.16000000e+04     1.04000000e+01     1.11287208e+03     2.98571826e+02     2.36545720e+02     1.25433128e+02   
    4.18000000e+04     1.04500000e+01     1.11288285e+03     3.00181643e+02     2.36459602e+02     1.25700334e+02   
    4.20000000e+04     1.05000000e+01     1.11288274e+03     2.99829705e+02     2.36428214e+02     1.24410537e+02   
    4.22000000e+04     1.05500000e+01     1.11288732e+03     3.02516455e+02     2.36896471e+02     1.24280223e+02   
    4.24000000e+04     1.06000000e+01     1.11288202e+03     3.02391371e+02     2.35606214e+02     1.24426324e+02   
    4.26000000e+04     1.06500000e+01     1.11287390e+03     3.01811344e+02     2.37168931e+02     1.24235996e+02   
    4.28000000e+04     1.07000000e+01     1.11286694e+03     2.98898514e+02     2.39019612e+02     1.27249622e+02   
    4.30000000e+04     1.07500000e+01     1.11284540e+03     2.97322828e+02     2.35576862e+02     1.22334620e+02   
    4.32000000e+04     1.08000000e+01     1.11285145e+03     3.00298335e+02     2.37623179e+02     1.26702946e+02   
    4.34000000e+04     1.08500000e+01     1.11284471e+03     3.00984693e+02     2.35876336e+02     1.24880976e+02   
    4.36000000e+04     1.09000000e+01     1.11284973e+03     3.01069748e+02     2.35378818e+02     1.23965365e+02   
    4.38000000e+04     1.09500000e+01     1.11285578e+03     2.98922535e+02     2.35547637e+02     1.24869235e+02   
    4.40000000e+04     1.10000000e+01     1.11285410e+03     2.99840470e+02     2.36397793e+02     1.24570222e+02   
    4.42000000e+04     1.10500000e+01     1.11284576e+03     3.00966434e+02     2.36180759e+02     1.24468517e+02   
    4.44000000e+04     1.11000000e+01     1.11283710e+03     3.01370819e+02     2.36170464e+02     1.24182427e+02   
    4.46000000e+04     1.11500000e+01     1.11283785e+03     2.99945392e+02     2.36240924e+02     1.24008777e+02   
    4.48000000e+04     1.12000000e+01     1.11283637e+03     2.98181627e+02     2.37193082e+02     1.25154851e+02   
    4.50000000e+04     1.12500000e+01     1.11283425e+03     2.97018717e+02     2.35034036e+02     1.22731243e+02   
    4.52000000e+04     1.13000000e+01     1.11283582e+03     3.01028340e+02     2.35263779e+02     1.24712192e+02   
    4.54000000e+04     1.13500000e+01     1.11284184e+03     2.99377901e+02     2.38043710e+02     1.27503565e+02   
    4.56000000e+04     1.14000000e+01     1.11282158e+03     2.99308360e+02     2.35192133e+02     1.24290082e+02   
    4.58000000e+04     1.14500000e+01     1.11283064e+03     2.99834688e+02     2.36677258e+02     1.26756295e+02   
    4.60000000e+04     1.15000000e+01     1.11281910e+03     2.99956590e+02     2.35561708e+02     1.23805186e+02   
    4.62000000e+04     1.15500000e+01     1.11281917e+03     2.97502997e+02     2.34530716e+02     1.26239217e+02   
    4.64000000e+04     1.16000000e+01     1.11282885e+03     3.02173906e+02     2.36043348e+02     1.25178137e+02   
    4.66000000e+04     1.16500000e+01     1.11283620e+03     3.04032588e+02     2.34656626e+02     1.23850498e+02   
    4.68000000e+04     1.17000000e+01     1.11285387e+03     3.00061980e+02     2.36779871e+02     1.25461585e+02   
    4.70000000e+04     1.17500000e+01     1.11285405e+03     2.98359991e+02     2.34205937e+02     1.25217711e+02   
    4.72000000e+04     1.18000000e+01     1.11285760e+03     3.00302383e+02     2.34666465e+02     1.25027575e+02   
    4.74000000e+04     1.18500000e+01     1.11285385e+03     3.02912195e+02     2.35498549e+02     1.24409550e+02   
    4.76000000e+04     1.19000000e+01     1.11286279e+03     3.00897667e+02     2.37731022e+02     1.27676836e+02   
    4.78000000e+04     1.19500000e+01     1.11285019e+03     3.02858486e+02     2.36491397e+02     1.25970562e+02   
    4.80000000e+04     1.20000000e+01     1.11284725e+03     3.02703971e+02     2.36058234e+02     1.24422175e+02   
    4.82000000e+04     1.20500000e+01     1.11285375e+03     3.03073891e+02     2.36355185e+02     1.25804890e+02   
    4.84000000e+04     1.21000000e+01     1.11284340e+03     2.96837337e+02     2.34597115e+02     1.24238504e+02   
    4.86000000e+04     1.21500000e+01     1.11285404e+03     3.02233224e+02     2.35781550e+02     1.24612779e+02   
    4.88000000e+04     1.22000000e+01     1.11285932e+03     3.04060981e+02     2.34503560e+02     1.23131615e+02   
    4.90000000e+04     1.22500000e+01     1.11287843e+03     3.02651108e+02     2.36735954e+02     1.24987922e+02   
    4.92000000e+04     1.23000000e+01     1.11288570e+03     2.99610803e+02     2.36735656e+02     1.25896787e+02   
    4.94000000e+04     1.23500000e+01     1.11288774e+03     3.00910100e+02     2.38168538e+02     1.25842178e+02   
    4.96000000e+04     1.24000000e+01     1.11288493e+03     3.00630037e+02     2.36322211e+02     1.24874792e+02   
    4.98000000e+04     1.24500000e+01     1.11288270e+03     2.99903471e+02     2.34414704e+02     1.23068997e+02   
    5.00000000e+04     1.25000000e+01     1.11287924e+03     2.98877912e+02     2.35554109e+02     1.24238568e+02   
    5.02000000e+04     1.25500000e+01     1.11288019e+03     2.99239979e+02     2.36916048e+02     1.24432869e+02   
    5.04000000e+04     1.26000000e+01     1.11287448e+03     3.01898748e+02     2.37986259e+02     1.25889814e+02   
    5.06000000e+04     1.26500000e+01     1.11286726e+03     2.98530139e+02     2.36091175e+02     1.24386986e+02   
    5.08000000e+04     1.27000000e+01     1.11287767e+03     3.01687188e+02     2.37751563e+02     1.25100714e+02   
    5.10000000e+04     1.27500000e+01     1.11287879e+03     2.99731637e+02     2.38032651e+02     1.25477678e+02   
    5.12000000e+04     1.28000000e+01     1.11289075e+03     2.98532372e+02     2.38282599e+02     1.26528792e+02   
    5.14000000e+04     1.28500000e+01     1.11288099e+03     3.00948003e+02     2.37045399e+02     1.25184435e+02   
    5.16000000e+04     1.29000000e+01     1.11289236e+03     3.02587702e+02     2.36007395e+02     1.25381382e+02   
    5.18000000e+04     1.29500000e+01     1.11288720e+03     3.01250730e+02     2.34629757e+02     1.23899459e+02   
    5.20000000e+04     1.30000000e+01     1.11288631e+03     2.99790792e+02     2.36122195e+02     1.23759407e+02   
    5.22000000e+04     1.30500000e+01     1.11288077e+03     3.00073665e+02     2.34674316e+02     1.21753467e+02   
    5.24000000e+04     1.31000000e+01     1.11290281e+03     2.97038276e+02     2.36036433e+02     1.24164197e+02   
    5.26000000e+04     1.31500000e+01     1.11290437e+03     2.98693774e+02     2.36381852e+02     1.23549668e+02   
    5.28000000e+04     1.32000000e+01     1.11291379e+03     3.01325646e+02     2.37605376e+02     1.24769875e+02   
    5.30000000e+04     1.32500000e+01     1.11290144e+03     2.98922786e+02     2.35945715e+02     1.22792115e+02   
    5.32000000e+04     1.33000000e+01     1.11289905e+03     3.02111747e+02     2.35845817e+02     1.22262101e+02   
    5.34000000e+04     1.33500000e+01     1.11290376e+03     3.00446481e+02     2.37132601e+02     1.26074141e+02   
    5.36000000e+04     1.34000000e+01     1.11288656e+03     3.02705277e+02     2.36367179e+02     1.22932391e+02   
    5.38000000e+04     1.34500000e+01     1.11289789e+03     2.99754541e+02     2.38364559e+02     1.27805336e+02   
    5.40000000e+04     1.35000000e+01     1.11287281e+03     3.00250015e+02     2.36468514e+02     1.24142858e+02   
    5.42000000e+04     1.35500000e+01     1.11287520e+03     3.00848196e+02     2.38080958e+02     1.28244766e+02   
    5.44000000e+04     1.36000000e+01     1.11285364e+03     2.98404330e+02     2.37021198e+02     1.24537387e+02   
    5.46000000e+04     1.36500000e+01     1.11286575e+03     3.00963817e+02     2.38043665e+02     1.27442105e+02   
    5.48000000e+04     1.37000000e+01     1.11285167e+03     3.02207927e+02     2.36544614e+02     1.25195013e+02   
    5.50000000e+04     1.37500000e+01     1.11284675e+03     3.01021508e+02     2.35863554e+02     1.25340199e+02   
    5.52000000e+04     1.38000000e+01     1.11285399e+03     2.97965942e+02     2.36104882e+02     1.24948679e+02   
    5.54000000e+04     1.38500000e+01     1.11285626e+03     3.00965374e+02     2.35104818e+02     1.23156614e+02   
    5.56000000e+04     1.39000000e+01     1.11285822e+03     3.02386908e+02     2.34982420e+02     1.24101402e+02   
    5.58000000e+04     1.39500000e+01     1.11286478e+03     3.01863689e+02     2.35370306e+02     1.23820876e+02   
    5.60000000e+04     1.40000000e+01     1.11288056e+03     2.99544863e+02     2.35212684e+02     1.23543113e+02   
    5.62000000e+04     1.40500000e+01     1.11289687e+03     3.00053414e+02     2.38507630e+02     1.26341845e+02   
    5.64000000e+04     1.41000000e+01     1.11289919e+03     3.01125404e+02     2.36347397e+02     1.25115228e+02   
    5.66000000e+04     1.41500000e+01     1.11291942e+03     3.01052509e+02     2.36715026e+02     1.26299326e+02   
    5.68000000e+04     1.42000000e+01     1.11294987e+03     3.01130141e+02     2.38343935e+02     1.28824835e+02   
    5.70000000e+04     1.42500000e+01     1.11294484e+03     3.03754763e+02     2.35891840e+02     1.25079591e+02   
    5.72000000e+04     1.43000000e+01     1.11295548e+03     3.01501960e+02     2.36749707e+02     1.25772806e+02   
    5.74000000e+04     1.43500000e+01     1.11294989e+03     2.99239972e+02     2.37095448e+02     1.26091067e+02   
    5.76000000e+04     1.44000000e+01     1.11294833e+03     2.99404635e+02     2.35702983e+02     1.23656302e+02   
    5.78000000e+04     1.44500000e+01     1.11295399e+03     3.00383501e+02     2.37480013e+02     1.26470284e+02   
    5.80000000e+04     1.45000000e+01     1.11296392e+03     2.98140199e+02     2.37515473e+02     1.26916479e+02   
    5.82000000e+04     1.45500000e+01     1.11297098e+03     3.00465029e+02     2.37339287e+02     1.26977848e+02   
    5.84000000e+04     1.46000000e+01     1.11297026e+03     2.99095256e+02     2.36075602e+02     1.24260016e+02   
    5.86000000e+04     1.46500000e+01     1.11297366e+03     2.98106710e+02     2.36073562e+02     1.24543121e+02   
    5.88000000e+04     1.47000000e+01     1.11298359e+03     3.00126726e+02     2.37006286e+02     1.27087192e+02   
    5.90000000e+04     1.47500000e+01     1.11299749e+03     2.99364102e+02     2.38149451e+02     1.28298735e+02   
    5.92000000e+04     1.48000000e+01     1.11298927e+03     3.00602572e+02     2.36050032e+02     1.24695026e+02   
    5.94000000e+04     1.48500000e+01     1.11299326e+03     3.00745424e+02     2.35245232e+02     1.25389481e+02   
    5.96000000e+04     1.49000000e+01     1.11299359e+03     2.98911374e+02     2.36511258e+02     1.25734338e+02   
    5.98000000e+04     1.49500000e+01     1.11298825e+03     3.00071521e+02     2.37296200e+02     1.25379112e+02   
    6.00000000e+04     1.50000000e+01     1.11297457e+03     2.99965051e+02     2.36977922e+02     1.24499497e+02   
    6.02000000e+04     1.50500000e+01     1.11297003e+03     2.98676319e+02     2.36019090e+02     1.23111484e+02   
    6.04000000e+04     1.51000000e+01     1.11297402e+03     3.00443457e+02     2.36381234e+02     1.23799413e+02   
    6.06000000e+04     1.51500000e+01     1.11296795e+03     2.97310234e+02     2.35861817e+02     1.25190039e+02   
    6.08000000e+04     1.52000000e+01     1.11296187e+03     2.98886717e+02     2.34840815e+02     1.23947582e+02   
    6.10000000e+04     1.52500000e+01     1.11297772e+03     2.97835406e+02     2.38197970e+02     1.28126070e+02   
    6.12000000e+04     1.53000000e+01     1.11297508e+03     3.01606364e+02     2.36755410e+02     1.24388106e+02   
    6.14000000e+04     1.53500000e+01     1.11297363e+03     2.98621788e+02     2.35285476e+02     1.23108909e+02   
    6.16000000e+04     1.54000000e+01     1.11298532e+03     2.99258829e+02     2.36481798e+02     1.24680557e+02   
    6.18000000e+04     1.54500000e+01     1.11298117e+03     3.01651543e+02     2.35208270e+02     1.23109992e+02   
    6.20000000e+04     1.55000000e+01     1.11298721e+03     3.00159928e+02     2.36118393e+02     1.23378577e+02   
    6.22000000e+04     1.55500000e+01     1.11298656e+03     3.05127715e+02     2.36702250e+02     1.23137316e+02   
    6.24000000e+04     1.56000000e+01     1.11298448e+03     3.00719344e+02     2.36945441e+02     1.23064795e+02   
    6.26000000e+04     1.56500000e+01     1.11297770e+03     2.98717593e+02     2.37552601e+02     1.23791879e+02   
    6.28000000e+04     1.57000000e+01     1.11298245e+03     3.01003326e+02     2.36784136e+02     1.24259213e+02   
    6.30000000e+04     1.57500000e+01     1.11298429e+03     2.94742336e+02     2.36810086e+02     1.24674765e+02   
    6.32000000e+04     1.58000000e+01     1.11296849e+03     2.97737652e+02     2.34263678e+02     1.22923593e+02   
    6.34000000e+04     1.58500000e+01     1.11297065e+03     2.97426331e+02     2.36183785e+02     1.22607964e+02   
    6.36000000e+04     1.59000000e+01     1.11297351e+03     3.00089210e+02     2.36615113e+02     1.22104978e+02   
    6.38000000e+04     1.59500000e+01     1.11297535e+03     3.01797692e+02     2.35224083e+02     1.20106556e+02   
    6.40000000e+04     1.60000000e+01     1.11298831e+03     2.98930884e+02     2.35275687e+02     1.20517986e+02   
    6.42000000e+04     1.60500000e+01     1.11301006e+03     2.98106244e+02     2.37223266e+02     1.23790370e+02   
    6.44000000e+04     1.61000000e+01     1.11301525e+03     3.02238535e+02     2.37609346e+02     1.24278170e+02   
    6.46000000e+04     1.61500000e+01     1.11302466e+03     3.00420565e+02     2.36142555e+02     1.21623134e+02   
    6.48000000e+04     1.62000000e+01     1.11303535e+03     3.00516764e+02     2.36020893e+02     1.22662150e+02   
    6.50000000e+04     1.62500000e+01     1.11303800e+03     3.01299905e+02     2.36685425e+02     1.24507872e+02   
    6.52000000e+04     1.63000000e+01     1.11303780e+03     3.00279038e+02     2.35768509e+02     1.24666004e+02   
    6.54000000e+04     1.63500000e+01     1.11304764e+03     2.99747862e+02     2.36461441e+02     1.25242911e+02   
    6.56000000e+04     1.64000000e+01     1.11303076e+03     2.96835787e+02     2.35272630e+02     1.23561855e+02   
    6.58000000e+04     1.64500000e+01     1.11303644e+03     3.01940216e+02     2.35877185e+02     1.25330459e+02   
    6.60000000e+04     1.65000000e+01     1.11303694e+03     2.96990937e+02     2.36872594e+02     1.26200782e+02   
    6.62000000e+04     1.65500000e+01     1.11302284e+03     3.01834187e+02     2.37549714e+02     1.27070881e+02   
    6.64000000e+04     1.66000000e+01     1.11302024e+03     3.01367286e+02     2.36124400e+02     1.24508177e+02   
    6.66000000e+04     1.66500000e+01     1.11301531e+03     3.01604985e+02     2.35522741e+02     1.23851680e+02   
    6.68000000e+04     1.67000000e+01     1.11302508e+03     3.00081809e+02     2.36151860e+02     1.25302071e+02   
    6.70000000e+04     1.67500000e+01     1.11301449e+03     2.99070924e+02     2.33713820e+02     1.22324985e+02   
    6.72000000e+04     1.68000000e+01     1.11303682e+03     2.98826161e+02     2.37293980e+02     1.25094479e+02   
    6.74000000e+04     1.68500000e+01     1.11302093e+03     2.99569206e+02     2.36346711e+02     1.23058478e+02   
    6.76000000e+04     1.69000000e+01     1.11301753e+03     3.00766811e+02     2.35318080e+02     1.21032764e+02   
    6.78000000e+04     1.69500000e+01     1.11302491e+03     3.02155670e+02     2.34348432e+02     1.20856295e+02   
    6.80000000e+04     1.70000000e+01     1.11302987e+03     3.01255916e+02     2.35541134e+02     1.21207058e+02   
    6.82000000e+04     1.70500000e+01     1.11304223e+03     2.98939512e+02     2.35667280e+02     1.23113763e+02   
    6.84000000e+04     1.71000000e+01     1.11303779e+03     3.01628522e+02     2.36316857e+02     1.24128054e+02   
    6.86000000e+04     1.71500000e+01     1.11304918e+03     2.99908539e+02     2.36440971e+02     1.23907727e+02   
    6.88000000e+04     1.72000000e+01     1.11304219e+03     3.02238821e+02     2.35937265e+02     1.23743113e+02   
    6.90000000e+04     1.72500000e+01     1.11305346e+03     3.04102982e+02     2.37881947e+02     1.25069824e+02   
    6.92000000e+04     1.73000000e+01     1.11306358e+03     2.99762315e+02     2.36436128e+02     1.25735994e+02   
    6.94000000e+04     1.73500000e+01     1.11306102e+03     2.98311890e+02     2.34930918e+02     1.21120305e+02   
    6.96000000e+04     1.74000000e+01     1.11307427e+03     3.00975402e+02     2.36879893e+02     1.23926657e+02   
    6.98000000e+04     1.74500000e+01     1.11307045e+03     2.98060039e+02     2.36596002e+02     1.22318099e+02   
    7.00000000e+04     1.75000000e+01     1.11306672e+03     3.00754753e+02     2.34123582e+02     1.20534037e+02   
    7.02000000e+04     1.75500000e+01     1.11307569e+03     2.96731523e+02     2.36705443e+02     1.24529757e+02   
    7.04000000e+04     1.76000000e+01     1.11307712e+03     3.00112360e+02     2.35581755e+02     1.23810468e+02   
    7.06000000e+04     1.76500000e+01     1.11307670e+03     2.99557263e+02     2.36983352e+02     1.26869948e+02   
    7.08000000e+04     1.77000000e+01     1.11305588e+03     3.01002408e+02     2.34693111e+02     1.21869755e+02   
    7.10000000e+04     1.77500000e+01     1.11305072e+03     2.96800466e+02     2.32752139e+02     1.21282472e+02   
    7.12000000e+04     1.78000000e+01     1.11306810e+03     3.01356388e+02     2.37567346e+02     1.24029754e+02   
    7.14000000e+04     1.78500000e+01     1.11307152e+03     2.99821937e+02     2.36881426e+02     1.24063024e+02   
    7.16000000e+04     1.79000000e+01     1.11306529e+03     3.03435640e+02     2.37735089e+02     1.23664836e+02   
    7.18000000e+04     1.79500000e+01     1.11306684e+03     2.99036287e+02     2.35034849e+02     1.21624211e+02   
    7.20000000e+04     1.80000000e+01     1.11307889e+03     3.00164528e+02     2.38055689e+02     1.23993183e+02   
    7.22000000e+04     1.80500000e+01     1.11307930e+03     2.98097612e+02     2.36786448e+02     1.24645243e+02   
    7.24000000e+04     1.81000000e+01     1.11308729e+03     3.00341960e+02     2.38775948e+02     1.25753353e+02   
    7.26000000e+04     1.81500000e+01     1.11308004e+03     2.99273098e+02     2.34350709e+02     1.21431395e+02   
    7.28000000e+04     1.82000000e+01     1.11306864e+03     3.01568528e+02     2.34251021e+02     1.19145099e+02   
    7.30000000e+04     1.82500000e+01     1.11305739e+03     3.00504927e+02     2.33078453e+02     1.16224701e+02   
    7.32000000e+04     1.83000000e+01     1.11306585e+03     2.98414597e+02     2.35472873e+02     1.19720827e+02   
    7.34000000e+04     1.83500000e+01     1.11306391e+03     2.99414016e+02     2.35357757e+02     1.19970995e+02   
    7.36000000e+04     1.84000000e+01     1.11305836e+03     3.01779946e+02     2.35050113e+02     1.20098988e+02   
    7.38000000e+04     1.84500000e+01     1.11306052e+03     3.00241757e+02     2.36210954e+02     1.22326050e+02   
    7.40000000e+04     1.85000000e+01     1.11305164e+03     2.97443907e+02     2.35370532e+02     1.21753785e+02   
    7.42000000e+04     1.85500000e+01     1.11305037e+03     3.00581631e+02     2.37366916e+02     1.23262647e+02   
    7.44000000e+04     1.86000000e+01     1.11304158e+03     3.00780590e+02     2.37312104e+02     1.23368707e+02   
    7.46000000e+04     1.86500000e+01     1.11302150e+03     2.98257145e+02     2.35725372e+02     1.20229111e+02   
    7.48000000e+04     1.87000000e+01     1.11302702e+03     3.00532870e+02     2.37901387e+02     1.23275326e+02   
    7.50000000e+04     1.87500000e+01     1.11300401e+03     2.98280749e+02     2.36378214e+02     1.21060713e+02   
    7.52000000e+04     1.88000000e+01     1.11299796e+03     3.01041772e+02     2.35746851e+02     1.20658983e+02   
    7.54000000e+04     1.88500000e+01     1.11299800e+03     3.00745455e+02     2.34337421e+02     1.19784207e+02   
    7.56000000e+04     1.89000000e+01     1.11300855e+03     2.97309898e+02     2.34714552e+02     1.20356892e+02   
    7.58000000e+04     1.89500000e+01     1.11300791e+03     3.00009784e+02     2.34520779e+02     1.19881936e+02   
    7.60000000e+04     1.90000000e+01     1.11300758e+03     3.02063594e+02     2.35325971e+02     1.18472609e+02   
    7.62000000e+04     1.90500000e+01     1.11301091e+03     3.01875584e+02     2.36436060e+02     1.20533490e+02   
    7.64000000e+04     1.91000000e+01     1.11300342e+03     2.98846238e+02     2.36306158e+02     1.18517147e+02   
    7.66000000e+04     1.91500000e+01     1.11300641e+03     3.02311758e+02     2.35961699e+02     1.22815234e+02   
    7.68000000e+04     1.92000000e+01     1.11299421e+03     3.01085749e+02     2.36153675e+02     1.21060834e+02   
    7.70000000e+04     1.92500000e+01     1.11298948e+03     3.00511433e+02     2.36418127e+02     1.21419125e+02   
    7.72000000e+04     1.93000000e+01     1.11298071e+03     3.03979555e+02     2.35711133e+02     1.19917442e+02   
    7.74000000e+04     1.93500000e+01     1.11299006e+03     2.99669080e+02     2.37487435e+02     1.22885789e+02   
    7.76000000e+04     1.94000000e+01     1.11298918e+03     2.96987648e+02     2.35615293e+02     1.19590827e+02   
    7.78000000e+04     1.94500000e+01     1.11299892e+03     3.02053465e+02     2.35207700e+02     1.19852470e+02   
    7.80000000e+04     1.95000000e+01     1.11302115e+03     3.03521112e+02     2.39181357e+02     1.21796375e+02   
    7.82000000e+04     1.95500000e+01     1.11301718e+03     3.00173330e+02     2.36561472e+02     1.22578803e+02   
    7.84000000e+04     1.96000000e+01     1.11303364e+03     3.00325324e+02     2.38843176e+02     1.22680226e+02   
    7.86000000e+04     1.96500000e+01     1.11303018e+03     2.99450468e+02     2.35747616e+02     1.20149492e+02   
    7.88000000e+04     1.97000000e+01     1.11304207e+03     3.00554679e+02     2.35134594e+02     1.22816647e+02   
    7.90000000e+04     1.97500000e+01     1.11305396e+03     3.01456731e+02     2.38603881e+02     1.24571484e+02   
    7.92000000e+04     1.98000000e+01     1.11304629e+03     2.96836743e+02     2.35048703e+02     1.21576074e+02   
    7.94000000e+04     1.98500000e+01     1.11305292e+03     3.02314264e+02     2.35387758e+02     1.19716730e+02   
    7.96000000e+04     1.99000000e+01     1.11305331e+03     3.01692538e+02     2.36690896e+02     1.22192960e+02   
    7.98000000e+04     1.99500000e+01     1.11305546e+03     3.01175716e+02     2.37164563e+02     1.21621040e+02   
    8.00000000e+04     2.00000000e+01     1.11305042e+03     2.99440485e+02     2.34971847e+02     1.20466251e+02   
