# column   1     --> step : The current simulation time step.
# column   2     --> time{picosecond} : The elapsed simulation time.
# column   3     --> conserved{electronvolt} : The value of the conserved energy quantity per bead.
# column   4     --> temperature{kelvin} : The current temperature, as obtained from the MD kinetic energy.
# column   5     --> kinetic_cv{electronvolt} : The centroid-virial quantum kinetic energy of the physical system.
# column   6     --> potential{electronvolt} : The physical system potential energy.
    0.00000000e+00     0.00000000e+00     1.10970436e+03     3.04273373e+02     2.34814927e+02     1.21188950e+02   
    2.00000000e+02     5.00000000e-02     1.10971716e+03     2.98916205e+02     2.35525946e+02     1.22497124e+02   
    4.00000000e+02     1.00000000e-01     1.10973242e+03     3.02635027e+02     2.37575860e+02     1.24079787e+02   
    6.00000000e+02     1.50000000e-01     1.10972794e+03     3.00680485e+02     2.35575456e+02     1.22753296e+02   
    8.00000000e+02     2.00000000e-01     1.10970948e+03     3.01083370e+02     2.35840954e+02     1.23591761e+02   
    1.00000000e+03     2.50000000e-01     1.10971504e+03     3.04088957e+02     2.36267311e+02     1.23255545e+02   
    1.20000000e+03     3.00000000e-01     1.10971429e+03     2.99152529e+02     2.36489618e+02     1.25442644e+02   
    1.40000000e+03     3.50000000e-01     1.10970129e+03     3.02920631e+02     2.36486947e+02     1.22740618e+02   
    1.60000000e+03     4.00000000e-01     1.10969508e+03     3.00064382e+02     2.35874233e+02     1.23483482e+02   
    1.80000000e+03     4.50000000e-01     1.10968926e+03     2.99734825e+02     2.34709906e+02     1.23474218e+02   
    2.00000000e+03     5.00000000e-01     1.10967836e+03     3.00528760e+02     2.35831898e+02     1.23778534e+02   
    2.20000000e+03     5.50000000e-01     1.10967214e+03     2.94723040e+02     2.36694791e+02     1.24397136e+02   
    2.40000000e+03     6.00000000e-01     1.10968565e+03     3.00753383e+02     2.36752406e+02     1.24748335e+02   
    2.60000000e+03     6.50000000e-01     1.10969224e+03     2.99757420e+02     2.36708393e+02     1.24776650e+02   
    2.80000000e+03     7.00000000e-01     1.10969283e+03     3.00306591e+02     2.36573877e+02     1.24725844e+02   
    3.00000000e+03     7.50000000e-01     1.10970795e+03     2.97932260e+02     2.37761402e+02     1.25920062e+02   
    3.20000000e+03     8.00000000e-01     1.10972355e+03     2.98399412e+02     2.35453251e+02     1.24075690e+02   
    3.40000000e+03     8.50000000e-01     1.10975300e+03     3.00322634e+02     2.35909249e+02     1.25146966e+02   
    3.60000000e+03     9.00000000e-01     1.10976612e+03     2.99673153e+02     2.36092520e+02     1.24374820e+02   
    3.80000000e+03     9.50000000e-01     1.10977912e+03     3.00404888e+02     2.37667164e+02     1.27111557e+02   
    4.00000000e+03     1.00000000e+00     1.10976602e+03     3.01084922e+02     2.33789339e+02     1.22772426e+02   
    4.20000000e+03     1.05000000e+00     1.10977114e+03     3.00156338e+02     2.36905400e+02     1.25256398e+02   
    4.40000000e+03     1.10000000e+00     1.10976714e+03     2.98097318e+02     2.35047610e+02     1.23648858e+02   
    4.60000000e+03     1.15000000e+00     1.10977637e+03     2.99866221e+02     2.38250632e+02     1.26351756e+02   
    4.80000000e+03     1.20000000e+00     1.10976412e+03     3.00272780e+02     2.38050424e+02     1.25091399e+02   
    5.00000000e+03     1.25000000e+00     1.10975914e+03     3.00769315e+02     2.35852062e+02     1.24177380e+02   
    5.20000000e+03     1.30000000e+00     1.10976219e+03     3.03224791e+02     2.35742104e+02     1.23749100e+02   
    5.40000000e+03     1.35000000e+00     1.10975968e+03     3.03546699e+02     2.36723052e+02     1.23493538e+02   
    5.60000000e+03     1.40000000e+00     1.10976613e+03     3.02498286e+02     2.38057433e+02     1.24343848e+02   
    5.80000000e+03     1.45000000e+00     1.10977446e+03     2.99512499e+02     2.37414462e+02     1.24756844e+02   
    6.00000000e+03     1.50000000e+00     1.10979009e+03     3.00956104e+02     2.36789244e+02     1.24133593e+02   
    6.20000000e+03     1.55000000e+00     1.10979431e+03     2.97515483e+02     2.37454835e+02     1.23405647e+02   
    6.40000000e+03     1.60000000e+00     1.10978950e+03     3.00733821e+02     2.36009694e+02     1.21951774e+02   
    6.60000000e+03     1.65000000e+00     1.10979070e+03     2.97343332e+02     2.35543950e+02     1.23417305e+02   
    6.80000000e+03     1.70000000e+00     1.10980281e+03     2.99765359e+02     2.36628570e+02     1.26968205e+02   
    7.00000000e+03     1.75000000e+00     1.10979752e+03     3.00597626e+02     2.33752674e+02     1.23242558e+02   
    7.20000000e+03     1.80000000e+00     1.10982242e+03     3.00187879e+02     2.34256749e+02     1.25252042e+02   
    7.40000000e+03     1.85000000e+00     1.10983349e+03     2.96498053e+02     2.37755913e+02     1.27782113e+02   
    7.60000000e+03     1.90000000e+00     1.10982924e+03     3.02840832e+02     2.36806302e+02     1.26331414e+02   
    7.80000000e+03     1.95000000e+00     1.10983371e+03     3.02468016e+02     2.37567696e+02     1.26301811e+02   
    8.00000000e+03     2.00000000e+00     1.10982522e+03     3.00240348e+02     2.35576978e+02     1.24395856e+02   
    8.20000000e+03     2.05000000e+00     1.10982453e+03     2.98940741e+02     2.36485308e+02     1.24965767e+02   
    8.40000000e+03     2.10000000e+00     1.10982416e+03     3.02875303e+02     2.34683876e+02     1.23602586e+02   
    8.60000000e+03     2.15000000e+00     1.10983761e+03     2.98280071e+02     2.36501727e+02     1.25383617e+02   
    8.80000000e+03     2.20000000e+00     1.10983726e+03     2.96416954e+02     2.35556134e+02     1.24203730e+02   
    9.00000000e+03     2.25000000e+00     1.10984020e+03     2.97263334e+02     2.34137665e+02     1.23545636e+02   
    9.20000000e+03     2.30000000e+00     1.10984236e+03     3.00729452e+02     2.36177096e+02     1.24357512e+02   
    9.40000000e+03     2.35000000e+00     1.10982795e+03     2.99324537e+02     2.34659790e+02     1.22246272e+02   
    9.60000000e+03     2.40000000e+00     1.10981701e+03     3.01726549e+02     2.35084887e+02     1.22812036e+02   
    9.80000000e+03     2.45000000e+00     1.10981518e+03     3.03464750e+02     2.34067411e+02     1.22770404e+02   
    1.00000000e+04     2.50000000e+00     1.10982418e+03     2.99107080e+02     2.35644212e+02     1.26115155e+02   
    1.02000000e+04     2.55000000e+00     1.10982690e+03     2.97376777e+02     2.36764859e+02     1.25872943e+02   
    1.04000000e+04     2.60000000e+00     1.10983507e+03     2.98814869e+02     2.36916222e+02     1.26252849e+02   
    1.06000000e+04     2.65000000e+00     1.10982911e+03     3.02059296e+02     2.35710534e+02     1.24898324e+02   
    1.08000000e+04     2.70000000e+00     1.10984574e+03     2.97875580e+02     2.37356025e+02     1.25686487e+02   
    1.10000000e+04     2.75000000e+00     1.10984913e+03     3.02545549e+02     2.37653641e+02     1.27657388e+02   
    1.12000000e+04     2.80000000e+00     1.10984967e+03     2.99003431e+02     2.36730965e+02     1.25904827e+02   
    1.14000000e+04     2.85000000e+00     1.10984115e+03     3.04467825e+02     2.34735012e+02     1.23321498e+02   
    1.16000000e+04     2.90000000e+00     1.10986037e+03     3.00321843e+02     2.37349605e+02     1.26847583e+02   
    1.18000000e+04     2.95000000e+00     1.10984776e+03     2.97641160e+02     2.35372402e+02     1.25061082e+02   
    1.20000000e+04     3.00000000e+00     1.10984422e+03     2.98830540e+02     2.35730956e+02     1.25016966e+02   
    1.22000000e+04     3.05000000e+00     1.10983398e+03     2.99490757e+02     2.34944644e+02     1.24312899e+02   
    1.24000000e+04     3.10000000e+00     1.10983750e+03     3.00260220e+02     2.35647583e+02     1.26494446e+02   
    1.26000000e+04     3.15000000e+00     1.10983131e+03     2.98940884e+02     2.35422951e+02     1.25032690e+02   
    1.28000000e+04     3.20000000e+00     1.10983390e+03     2.95285606e+02     2.36902409e+02     1.27508706e+02   
    1.30000000e+04     3.25000000e+00     1.10983843e+03     3.00999482e+02     2.37157623e+02     1.27927873e+02   
    1.32000000e+04     3.30000000e+00     1.10983254e+03     2.98817018e+02     2.36165726e+02     1.25315618e+02   
    1.34000000e+04     3.35000000e+00     1.10983119e+03     2.96418409e+02     2.37762609e+02     1.26262308e+02   
    1.36000000e+04     3.40000000e+00     1.10982350e+03     2.99773319e+02     2.35688709e+02     1.23398827e+02   
    1.38000000e+04     3.45000000e+00     1.10982785e+03     3.03867500e+02     2.35504607e+02     1.23453718e+02   
    1.40000000e+04     3.50000000e+00     1.10981890e+03     3.02078135e+02     2.36266319e+02     1.25123193e+02   
    1.42000000e+04     3.55000000e+00     1.10982228e+03     2.99776481e+02     2.36290436e+02     1.25193515e+02   
    1.44000000e+04     3.60000000e+00     1.10981937e+03     2.99570418e+02     2.34820282e+02     1.24124567e+02   
    1.46000000e+04     3.65000000e+00     1.10983727e+03     2.98363725e+02     2.37605919e+02     1.26337888e+02   
    1.48000000e+04     3.70000000e+00     1.10983341e+03     2.99583276e+02     2.36994037e+02     1.26482528e+02   
    1.50000000e+04     3.75000000e+00     1.10983591e+03     3.00810478e+02     2.34879083e+02     1.23140756e+02   
    1.52000000e+04     3.80000000e+00     1.10985410e+03     2.99781061e+02     2.36999078e+02     1.25226479e+02   
    1.54000000e+04     3.85000000e+00     1.10985826e+03     2.99292902e+02     2.37522505e+02     1.24430930e+02   
    1.56000000e+04     3.90000000e+00     1.10985724e+03     3.00179471e+02     2.36001576e+02     1.24082580e+02   
    1.58000000e+04     3.95000000e+00     1.10985268e+03     2.98694167e+02     2.36997734e+02     1.23550545e+02   
    1.60000000e+04     4.00000000e+00     1.10985600e+03     2.99187696e+02     2.37881948e+02     1.24764325e+02   
    1.62000000e+04     4.05000000e+00     1.10985464e+03     2.97020451e+02     2.35742064e+02     1.24352277e+02   
    1.64000000e+04     4.10000000e+00     1.10986774e+03     3.00884244e+02     2.38145499e+02     1.25780219e+02   
    1.66000000e+04     4.15000000e+00     1.10986633e+03     2.99679879e+02     2.35446788e+02     1.23180952e+02   
    1.68000000e+04     4.20000000e+00     1.10987409e+03     2.97750262e+02     2.35291807e+02     1.23606326e+02   
    1.70000000e+04     4.25000000e+00     1.10987434e+03     2.94588136e+02     2.36519706e+02     1.24467818e+02   
    1.72000000e+04     4.30000000e+00     1.10986749e+03     2.98858097e+02     2.35656264e+02     1.22132379e+02   
    1.74000000e+04     4.35000000e+00     1.10987229e+03     2.97975035e+02     2.35665162e+02     1.21490938e+02   
    1.76000000e+04     4.40000000e+00     1.10987650e+03     2.98114638e+02     2.36959988e+02     1.23832296e+02   
    1.78000000e+04     4.45000000e+00     1.10985913e+03     2.99427967e+02     2.36030436e+02     1.23310974e+02   
    1.80000000e+04     4.50000000e+00     1.10986670e+03     2.97379764e+02     2.36783329e+02     1.23638854e+02   
    1.82000000e+04     4.55000000e+00     1.10986194e+03     2.99793337e+02     2.36486419e+02     1.23785964e+02   
    1.84000000e+04     4.60000000e+00     1.10985373e+03     3.00123293e+02     2.34044204e+02     1.23140474e+02   
    1.86000000e+04     4.65000000e+00     1.10985996e+03     2.98147690e+02     2.36953358e+02     1.27180633e+02   
    1.88000000e+04     4.70000000e+00     1.10985961e+03     3.02908686e+02     2.34555455e+02     1.22091630e+02   
    1.90000000e+04     4.75000000e+00     1.10987705e+03     2.98120638e+02     2.38021562e+02     1.28878587e+02   
    1.92000000e+04     4.80000000e+00     1.10986612e+03     3.01329677e+02     2.34996003e+02     1.23055177e+02   
    1.94000000e+04     4.85000000e+00     1.10987387e+03     2.99570804e+02     2.37031260e+02     1.26728809e+02   
    1.96000000e+04     4.90000000e+00     1.10987923e+03     3.00563804e+02     2.36203915e+02     1.24237228e+02   
    1.98000000e+04     4.95000000e+00     1.10988964e+03     3.02808788e+02     2.36096290e+02     1.25532080e+02   
    2.00000000e+04     5.00000000e+00     1.10990186e+03     2.99137707e+02     2.36676679e+02     1.25741961e+02   
    2.02000000e+04     5.05000000e+00     1.10990021e+03     2.99208052e+02     2.36152373e+02     1.25438764e+02   
    2.04000000e+04     5.10000000e+00     1.10989586e+03     3.02264660e+02     2.36709530e+02     1.23501750e+02   
    2.06000000e+04     5.15000000e+00     1.10989665e+03     3.00501660e+02     2.35619377e+02     1.24671815e+02   
    2.08000000e+04     5.20000000e+00     1.10990248e+03     3.04227353e+02     2.37252136e+02     1.25001345e+02   
    2.10000000e+04     5.25000000e+00     1.10990438e+03     3.00871038e+02     2.36131847e+02     1.23387176e+02   
    2.12000000e+04     5.30000000e+00     1.10989271e+03     2.99598157e+02     2.34091234e+02     1.22696780e+02   
    2.14000000e+04     5.35000000e+00     1.10990660e+03     3.00609803e+02     2.36452964e+02     1.26453208e+02   
    2.16000000e+04     5.40000000e+00     1.10990522e+03     3.00914963e+02     2.36109583e+02     1.25335483e+02   
    2.18000000e+04     5.45000000e+00     1.10990884e+03     2.99288229e+02     2.36174129e+02     1.25460662e+02   
    2.20000000e+04     5.50000000e+00     1.10991181e+03     3.01195266e+02     2.36640369e+02     1.24871658e+02   
    2.22000000e+04     5.55000000e+00     1.10990813e+03     3.01318318e+02     2.36185388e+02     1.24567997e+02   
    2.24000000e+04     5.60000000e+00     1.10991293e+03     2.97975974e+02     2.36007133e+02     1.23443233e+02   
    2.26000000e+04     5.65000000e+00     1.10991899e+03     2.96977569e+02     2.37662854e+02     1.25551624e+02   
    2.28000000e+04     5.70000000e+00     1.10991952e+03     3.00518970e+02     2.35816740e+02     1.23323536e+02   
    2.30000000e+04     5.75000000e+00     1.10991248e+03     3.03247157e+02     2.37059651e+02     1.25584280e+02   
    2.32000000e+04     5.80000000e+00     1.10991696e+03     3.00622426e+02     2.36983963e+02     1.25589890e+02   
    2.34000000e+04     5.85000000e+00     1.10989883e+03     3.02602761e+02     2.33692399e+02     1.21858213e+02   
    2.36000000e+04     5.90000000e+00     1.10989942e+03     3.04662582e+02     2.36436444e+02     1.23624921e+02   
    2.38000000e+04     5.95000000e+00     1.10990048e+03     3.00384548e+02     2.36511895e+02     1.22867086e+02   
    2.40000000e+04     6.00000000e+00     1.10989400e+03     3.04292470e+02     2.35818747e+02     1.22209718e+02   
    2.42000000e+04     6.05000000e+00     1.10990586e+03     3.02171239e+02     2.37350843e+02     1.22413437e+02   
    2.44000000e+04     6.10000000e+00     1.10990166e+03     3.04148801e+02     2.36222949e+02     1.22043733e+02   
    2.46000000e+04     6.15000000e+00     1.10991646e+03     2.99579029e+02     2.38021235e+02     1.24980619e+02   
    2.48000000e+04     6.20000000e+00     1.10989564e+03     3.00270882e+02     2.34846952e+02     1.21852291e+02   
    2.50000000e+04     6.25000000e+00     1.10989368e+03     3.01554444e+02     2.36640578e+02     1.22669692e+02   
    2.52000000e+04     6.30000000e+00     1.10989743e+03     2.99769967e+02     2.37050746e+02     1.24073176e+02   
    2.54000000e+04     6.35000000e+00     1.10987921e+03     2.97907063e+02     2.35974379e+02     1.22755030e+02   
    2.56000000e+04     6.40000000e+00     1.10987755e+03     3.01058263e+02     2.34718156e+02     1.22879379e+02   
    2.58000000e+04     6.45000000e+00     1.10988751e+03     2.98525863e+02     2.36063014e+02     1.22874168e+02   
    2.60000000e+04     6.50000000e+00     1.10989772e+03     3.00433352e+02     2.35912293e+02     1.23339158e+02   
    2.62000000e+04     6.55000000e+00     1.10989818e+03     2.98619130e+02     2.37090848e+02     1.23738621e+02   
    2.64000000e+04     6.60000000e+00     1.10989611e+03     2.97082126e+02     2.36525645e+02     1.25030200e+02   
    2.66000000e+04     6.65000000e+00     1.10990339e+03     2.98601498e+02     2.36391838e+02     1.25608169e+02   
    2.68000000e+04     6.70000000e+00     1.10991014e+03     3.03399598e+02     2.35325686e+02     1.24492703e+02   
    2.70000000e+04     6.75000000e+00     1.10993011e+03     2.97527549e+02     2.36390770e+02     1.25518079e+02   
    2.72000000e+04     6.80000000e+00     1.10993647e+03     2.99234716e+02     2.34991519e+02     1.23971594e+02   
    2.74000000e+04     6.85000000e+00     1.10994011e+03     2.97775119e+02     2.35861079e+02     1.24702755e+02   
    2.76000000e+04     6.90000000e+00     1.10995167e+03     2.98586442e+02     2.36974025e+02     1.24376378e+02   
    2.78000000e+04     6.95000000e+00     1.10995769e+03     2.97320472e+02     2.37804973e+02     1.25920103e+02   
    2.80000000e+04     7.00000000e+00     1.10994063e+03     2.98363291e+02     2.36229571e+02     1.25153681e+02   
    2.82000000e+04     7.05000000e+00     1.10993805e+03     2.93747844e+02     2.37594160e+02     1.24841168e+02   
    2.84000000e+04     7.10000000e+00     1.10992462e+03     2.97541870e+02     2.36559290e+02     1.23758766e+02   
    2.86000000e+04     7.15000000e+00     1.10992971e+03     3.00100535e+02     2.39026421e+02     1.25338767e+02   
    2.88000000e+04     7.20000000e+00     1.10992122e+03     3.00044835e+02     2.37321741e+02     1.26344990e+02   
    2.90000000e+04     7.25000000e+00     1.10989837e+03     2.98579068e+02     2.34488618e+02     1.21336324e+02   
    2.92000000e+04     7.30000000e+00     1.10991529e+03     2.98009020e+02     2.37365852e+02     1.26559753e+02   
    2.94000000e+04     7.35000000e+00     1.10991362e+03     3.00120189e+02     2.34089325e+02     1.21657038e+02   
    2.96000000e+04     7.40000000e+00     1.10993724e+03     3.01496238e+02     2.36926404e+02     1.25777743e+02   
    2.98000000e+04     7.45000000e+00     1.10992538e+03     3.00390141e+02     2.36037265e+02     1.23587620e+02   
    3.00000000e+04     7.50000000e+00     1.10992590e+03     3.01269851e+02     2.36208446e+02     1.24423302e+02   
    3.02000000e+04     7.55000000e+00     1.10992121e+03     3.00246282e+02     2.36328074e+02     1.23937865e+02   
    3.04000000e+04     7.60000000e+00     1.10992315e+03     2.98110515e+02     2.36000382e+02     1.23111597e+02   
    3.06000000e+04     7.65000000e+00     1.10993337e+03     2.97322731e+02     2.35907909e+02     1.22048397e+02   
    3.08000000e+04     7.70000000e+00     1.10992852e+03     3.00837231e+02     2.35993741e+02     1.22036426e+02   
    3.10000000e+04     7.75000000e+00     1.10994168e+03     2.99469454e+02     2.37327503e+02     1.22650008e+02   
    3.12000000e+04     7.80000000e+00     1.10995158e+03     2.98558154e+02     2.36380998e+02     1.23987487e+02   
    3.14000000e+04     7.85000000e+00     1.10996244e+03     2.96761317e+02     2.37981616e+02     1.26095554e+02   
    3.16000000e+04     7.90000000e+00     1.10996120e+03     3.01433304e+02     2.34930878e+02     1.21985815e+02   
    3.18000000e+04     7.95000000e+00     1.10996942e+03     2.99902870e+02     2.37209732e+02     1.24846203e+02   
    3.20000000e+04     8.00000000e+00     1.10996708e+03     3.03648323e+02     2.36881003e+02     1.21913256e+02   
    3.22000000e+04     8.05000000e+00     1.10997062e+03     3.01124539e+02     2.36541784e+02     1.22882027e+02   
    3.24000000e+04     8.10000000e+00     1.10997644e+03     3.00885860e+02     2.36218293e+02     1.21386740e+02   
    3.26000000e+04     8.15000000e+00     1.10997060e+03     2.98023440e+02     2.36199169e+02     1.23934213e+02   
    3.28000000e+04     8.20000000e+00     1.10996892e+03     3.02076805e+02     2.35968687e+02     1.23256045e+02   
    3.30000000e+04     8.25000000e+00     1.10997713e+03     2.99076113e+02     2.36331701e+02     1.27141827e+02   
    3.32000000e+04     8.30000000e+00     1.10997080e+03     2.97903908e+02     2.34975052e+02     1.23351377e+02   
    3.34000000e+04     8.35000000e+00     1.10997966e+03     2.98298261e+02     2.36287133e+02     1.24941850e+02   
    3.36000000e+04     8.40000000e+00     1.10997312e+03     2.95448475e+02     2.36029711e+02     1.23401218e+02   
    3.38000000e+04     8.45000000e+00     1.10997307e+03     2.97351437e+02     2.36648176e+02     1.24722007e+02   
    3.40000000e+04     8.50000000e+00     1.10996626e+03     2.99484998e+02     2.36293690e+02     1.22352954e+02   
    3.42000000e+04     8.55000000e+00     1.10995847e+03     2.98535040e+02     2.35581054e+02     1.21142417e+02   
    3.44000000e+04     8.60000000e+00     1.10995994e+03     2.98493523e+02     2.37021737e+02     1.22176645e+02   
    3.46000000e+04     8.65000000e+00     1.10994780e+03     2.99717348e+02     2.34270732e+02     1.19522732e+02   
    3.48000000e+04     8.70000000e+00     1.10994890e+03     2.98433369e+02     2.34269322e+02     1.19139046e+02   
    3.50000000e+04     8.75000000e+00     1.10995401e+03     2.99566271e+02     2.37613963e+02     1.21524638e+02   
    3.52000000e+04     8.80000000e+00     1.10994436e+03     2.99642437e+02     2.35984049e+02     1.20743819e+02   
    3.54000000e+04     8.85000000e+00     1.10994304e+03     2.99371340e+02     2.35498750e+02     1.20184859e+02   
    3.56000000e+04     8.90000000e+00     1.10996388e+03     2.98423402e+02     2.38281445e+02     1.22840542e+02   
    3.58000000e+04     8.95000000e+00     1.10997429e+03     3.01210415e+02     2.36683494e+02     1.20050930e+02   
    3.60000000e+04     9.00000000e+00     1.10998207e+03     2.99313436e+02     2.38335335e+02     1.22775300e+02   
    3.62000000e+04     9.05000000e+00     1.10998189e+03     3.01332716e+02     2.37521690e+02     1.22778688e+02   
    3.64000000e+04     9.10000000e+00     1.10997605e+03     3.00785350e+02     2.36479214e+02     1.21249139e+02   
    3.66000000e+04     9.15000000e+00     1.10997404e+03     3.01518111e+02     2.37986845e+02     1.23425002e+02   
    3.68000000e+04     9.20000000e+00     1.10997117e+03     3.00375579e+02     2.36602571e+02     1.22961207e+02   
    3.70000000e+04     9.25000000e+00     1.10997517e+03     2.97831141e+02     2.37980116e+02     1.24748743e+02   
    3.72000000e+04     9.30000000e+00     1.10997206e+03     3.01576201e+02     2.35048013e+02     1.21210408e+02   
    3.74000000e+04     9.35000000e+00     1.10998474e+03     3.03151986e+02     2.36262745e+02     1.20542252e+02   
    3.76000000e+04     9.40000000e+00     1.10998017e+03     3.00526769e+02     2.37248810e+02     1.22155117e+02   
    3.78000000e+04     9.45000000e+00     1.10997629e+03     2.96008489e+02     2.36519505e+02     1.23588145e+02   
    3.80000000e+04     9.50000000e+00     1.10996352e+03     3.01388993e+02     2.35481242e+02     1.20219895e+02   
    3.82000000e+04     9.55000000e+00     1.10997630e+03     2.98682916e+02     2.37969331e+02     1.22507062e+02   
    3.84000000e+04     9.60000000e+00     1.10996711e+03     2.99614709e+02     2.35973191e+02     1.19795350e+02   
    3.86000000e+04     9.65000000e+00     1.10996039e+03     2.98259535e+02     2.35897845e+02     1.21879848e+02   
    3.88000000e+04     9.70000000e+00     1.10994787e+03     3.00098782e+02     2.35027766e+02     1.19236447e+02   
    3.90000000e+04     9.75000000e+00     1.10995235e+03     3.01037659e+02     2.37364013e+02     1.22640548e+02   
    3.92000000e+04     9.80000000e+00     1.10994584e+03     2.96353277e+02     2.36998653e+02     1.21449520e+02   
    3.94000000e+04     9.85000000e+00     1.10995029e+03     2.98551368e+02     2.35182149e+02     1.20502205e+02   
    3.96000000e+04     9.90000000e+00     1.10997344e+03     3.00459961e+02     2.37686083e+02     1.23578908e+02   
    3.98000000e+04     9.95000000e+00     1.10996295e+03     2.98347761e+02     2.35583323e+02     1.21497130e+02   
    4.00000000e+04     1.00000000e+01     1.10998093e+03     2.99750267e+02     2.35698962e+02     1.21613649e+02   
    4.02000000e+04     1.00500000e+01     1.10998188e+03     3.01524344e+02     2.36994440e+02     1.21215979e+02   
    4.04000000e+04     1.01000000e+01     1.10999496e+03     2.99845618e+02     2.36202108e+02     1.21101608e+02   
    4.06000000e+04     1.01500000e+01     1.10998681e+03     2.99280294e+02     2.35739010e+02     1.20892347e+02   
    4.08000000e+04     1.02000000e+01     1.10998533e+03     2.99191276e+02     2.34913618e+02     1.18953265e+02   
    4.10000000e+04     1.02500000e+01     1.10998505e+03     3.01657539e+02     2.36663584e+02     1.20052319e+02   
    4.12000000e+04     1.03000000e+01     1.10999899e+03     3.01351122e+02     2.37471053e+02     1.22433787e+02   
    4.14000000e+04     1.03500000e+01     1.10998489e+03     2.99038023e+02     2.33422009e+02     1.17521194e+02   
    4.16000000e+04     1.04000000e+01     1.11000007e+03     2.98124048e+02     2.35872840e+02     1.21338567e+02   
    4.18000000e+04     1.04500000e+01     1.11001221e+03     2.98975571e+02     2.37180738e+02     1.21824535e+02   
    4.20000000e+04     1.05000000e+01     1.11001824e+03     2.99114614e+02     2.37123489e+02     1.23034119e+02   
    4.22000000e+04     1.05500000e+01     1.11002334e+03     3.00514197e+02     2.38713834e+02     1.25673568e+02   
    4.24000000e+04     1.06000000e+01     1.11001048e+03     3.00348847e+02     2.38110837e+02     1.23866617e+02   
    4.26000000e+04     1.06500000e+01     1.11000465e+03     3.00822750e+02     2.36178307e+02     1.22037138e+02   
    4.28000000e+04     1.07000000e+01     1.11002040e+03     2.99782892e+02     2.37710815e+02     1.24616026e+02   
    4.30000000e+04     1.07500000e+01     1.11001108e+03     2.96254681e+02     2.36280943e+02     1.22673615e+02   
    4.32000000e+04     1.08000000e+01     1.11000544e+03     3.00306713e+02     2.36052627e+02     1.21365684e+02   
    4.34000000e+04     1.08500000e+01     1.11002306e+03     2.99653835e+02     2.36835616e+02     1.23981738e+02   
    4.36000000e+04     1.09000000e+01     1.11001910e+03     3.01530559e+02     2.32912858e+02     1.18405340e+02   
    4.38000000e+04     1.09500000e+01     1.11004401e+03     2.96143323e+02     2.35786068e+02     1.24206591e+02   
    4.40000000e+04     1.10000000e+01     1.11005258e+03     2.99149214e+02     2.37253493e+02     1.23823668e+02   
    4.42000000e+04     1.10500000e+01     1.11004816e+03     2.98878247e+02     2.35823347e+02     1.23460010e+02   
    4.44000000e+04     1.11000000e+01     1.11003294e+03     2.99661190e+02     2.35714155e+02     1.23408214e+02   
    4.46000000e+04     1.11500000e+01     1.11003721e+03     2.99118645e+02     2.36451661e+02     1.23370970e+02   
    4.48000000e+04     1.12000000e+01     1.11004169e+03     2.96841984e+02     2.37575254e+02     1.25297555e+02   
    4.50000000e+04     1.12500000e+01     1.11002672e+03     2.97988170e+02     2.33830512e+02     1.19607358e+02   
    4.52000000e+04     1.13000000e+01     1.11005139e+03     2.99257907e+02     2.37049470e+02     1.24540637e+02   
    4.54000000e+04     1.13500000e+01     1.11005191e+03     2.99048057e+02     2.36329153e+02     1.22099427e+02   
    4.56000000e+04     1.14000000e+01     1.11004261e+03     2.99435580e+02     2.34542947e+02     1.20652060e+02   
    4.58000000e+04     1.14500000e+01     1.11005040e+03     2.98312756e+02     2.37948111e+02     1.24088883e+02   
    4.60000000e+04     1.15000000e+01     1.11004235e+03     2.96366902e+02     2.36060332e+02     1.23580994e+02   
    4.62000000e+04     1.15500000e+01     1.11003495e+03     2.97336029e+02     2.33284476e+02     1.20200122e+02   
    4.64000000e+04     1.16000000e+01     1.11004395e+03     3.01354298e+02     2.36456689e+02     1.21436446e+02   
    4.66000000e+04     1.16500000e+01     1.11004296e+03     3.02450716e+02     2.37353058e+02     1.22912140e+02   
    4.68000000e+04     1.17000000e+01     1.11004728e+03     2.98962527e+02     2.35982020e+02     1.23122121e+02   
    4.70000000e+04     1.17500000e+01     1.11004303e+03     2.96352379e+02     2.34937449e+02     1.22869862e+02   
    4.72000000e+04     1.18000000e+01     1.11004879e+03     2.98009509e+02     2.36442688e+02     1.24234626e+02   
    4.74000000e+04     1.18500000e+01     1.11004680e+03     2.98752259e+02     2.37484620e+02     1.24364369e+02   
    4.76000000e+04     1.19000000e+01     1.11004670e+03     2.99460001e+02     2.37839379e+02     1.24862275e+02   
    4.78000000e+04     1.19500000e+01     1.11003468e+03     3.01647045e+02     2.35557658e+02     1.22059492e+02   
    4.80000000e+04     1.20000000e+01     1.11003494e+03     2.98784599e+02     2.35333538e+02     1.21732519e+02   
    4.82000000e+04     1.20500000e+01     1.11004535e+03     2.99401403e+02     2.37792722e+02     1.24014683e+02   
    4.84000000e+04     1.21000000e+01     1.11003630e+03     2.94405504e+02     2.37653359e+02     1.23439447e+02   
    4.86000000e+04     1.21500000e+01     1.11003945e+03     3.00072693e+02     2.36245138e+02     1.21040686e+02   
    4.88000000e+04     1.22000000e+01     1.11003119e+03     3.02940431e+02     2.34841404e+02     1.18691949e+02   
    4.90000000e+04     1.22500000e+01     1.11004151e+03     3.02409252e+02     2.35561978e+02     1.20025167e+02   
    4.92000000e+04     1.23000000e+01     1.11005058e+03     2.97079722e+02     2.36346431e+02     1.20881979e+02   
    4.94000000e+04     1.23500000e+01     1.11004858e+03     2.98899632e+02     2.36427898e+02     1.22535128e+02   
    4.96000000e+04     1.24000000e+01     1.11003896e+03     2.98105303e+02     2.36701168e+02     1.21936380e+02   
    4.98000000e+04     1.24500000e+01     1.11003432e+03     2.97007148e+02     2.34479842e+02     1.20167799e+02   
    5.00000000e+04     1.25000000e+01     1.11003043e+03     2.98369782e+02     2.35425728e+02     1.21652213e+02   
    5.02000000e+04     1.25500000e+01     1.11003466e+03     2.96864790e+02     2.34984206e+02     1.21949780e+02   
    5.04000000e+04     1.26000000e+01     1.11004903e+03     3.01490176e+02     2.36636943e+02     1.22345700e+02   
    5.06000000e+04     1.26500000e+01     1.11005259e+03     2.97094173e+02     2.35927467e+02     1.20506533e+02   
    5.08000000e+04     1.27000000e+01     1.11006060e+03     3.00637765e+02     2.35954024e+02     1.20494895e+02   
    5.10000000e+04     1.27500000e+01     1.11006383e+03     2.99600580e+02     2.37340328e+02     1.23111328e+02   
    5.12000000e+04     1.28000000e+01     1.11006627e+03     2.98108871e+02     2.36827459e+02     1.22861006e+02   
    5.14000000e+04     1.28500000e+01     1.11006122e+03     3.01467339e+02     2.36754489e+02     1.20786037e+02   
    5.16000000e+04     1.29000000e+01     1.11006448e+03     3.02730159e+02     2.36896578e+02     1.22512391e+02   
    5.18000000e+04     1.29500000e+01     1.11005420e+03     3.00966735e+02     2.34530946e+02     1.20541545e+02   
    5.20000000e+04     1.30000000e+01     1.11005735e+03     2.99110295e+02     2.36643439e+02     1.24151238e+02   
    5.22000000e+04     1.30500000e+01     1.11005263e+03     2.99467637e+02     2.35623340e+02     1.22922602e+02   
    5.24000000e+04     1.31000000e+01     1.11004339e+03     2.97916620e+02     2.35021700e+02     1.22706173e+02   
    5.26000000e+04     1.31500000e+01     1.11003905e+03     2.98529617e+02     2.35868915e+02     1.22045146e+02   
    5.28000000e+04     1.32000000e+01     1.11004510e+03     2.99207181e+02     2.37736666e+02     1.24881128e+02   
    5.30000000e+04     1.32500000e+01     1.11003899e+03     2.98477358e+02     2.35265232e+02     1.21024260e+02   
    5.32000000e+04     1.33000000e+01     1.11004341e+03     3.01667495e+02     2.34184857e+02     1.20512637e+02   
    5.34000000e+04     1.33500000e+01     1.11006015e+03     2.99126905e+02     2.35869462e+02     1.22932611e+02   
    5.36000000e+04     1.34000000e+01     1.11005628e+03     3.00743584e+02     2.37615575e+02     1.24586553e+02   
    5.38000000e+04     1.34500000e+01     1.11005462e+03     2.98025129e+02     2.38323895e+02     1.26278002e+02   
    5.40000000e+04     1.35000000e+01     1.11004338e+03     2.97350889e+02     2.37870348e+02     1.26402401e+02   
    5.42000000e+04     1.35500000e+01     1.11003624e+03     3.01493683e+02     2.35848435e+02     1.22819337e+02   
    5.44000000e+04     1.36000000e+01     1.11004575e+03     2.95845883e+02     2.37084904e+02     1.24966130e+02   
    5.46000000e+04     1.36500000e+01     1.11004406e+03     2.98891571e+02     2.37331645e+02     1.26052796e+02   
    5.48000000e+04     1.37000000e+01     1.11004144e+03     2.99403202e+02     2.37364525e+02     1.26237732e+02   
    5.50000000e+04     1.37500000e+01     1.11002734e+03     2.99963613e+02     2.35396151e+02     1.22882911e+02   
    5.52000000e+04     1.38000000e+01     1.11003432e+03     2.96530951e+02     2.35790056e+02     1.22794442e+02   
    5.54000000e+04     1.38500000e+01     1.11004097e+03     3.00011534e+02     2.35768505e+02     1.23136309e+02   
    5.56000000e+04     1.39000000e+01     1.11003244e+03     3.00515855e+02     2.34117191e+02     1.21403618e+02   
    5.58000000e+04     1.39500000e+01     1.11004282e+03     3.00652670e+02     2.36094340e+02     1.21838244e+02   
    5.60000000e+04     1.40000000e+01     1.11005958e+03     2.97147826e+02     2.36421913e+02     1.24141076e+02   
    5.62000000e+04     1.40500000e+01     1.11005961e+03     2.98665898e+02     2.36650676e+02     1.24546748e+02   
    5.64000000e+04     1.41000000e+01     1.11005141e+03     2.98571550e+02     2.37147990e+02     1.25631372e+02   
    5.66000000e+04     1.41500000e+01     1.11005790e+03     3.00908002e+02     2.37552687e+02     1.25760932e+02   
    5.68000000e+04     1.42000000e+01     1.11004688e+03     3.00064406e+02     2.36742992e+02     1.24962725e+02   
    5.70000000e+04     1.42500000e+01     1.11004178e+03     3.02935430e+02     2.36264783e+02     1.24288449e+02   
    5.72000000e+04     1.43000000e+01     1.11004683e+03     2.98599108e+02     2.36050340e+02     1.24845303e+02   
    5.74000000e+04     1.43500000e+01     1.11006031e+03     2.97576192e+02     2.37939382e+02     1.26421387e+02   
    5.76000000e+04     1.44000000e+01     1.11007049e+03     2.96418875e+02     2.36818084e+02     1.25646268e+02   
    5.78000000e+04     1.44500000e+01     1.11007244e+03     3.00120194e+02     2.38907427e+02     1.27782714e+02   
    5.80000000e+04     1.45000000e+01     1.11006611e+03     2.98900720e+02     2.35697636e+02     1.23364869e+02   
    5.82000000e+04     1.45500000e+01     1.11006358e+03     3.00611533e+02     2.36768370e+02     1.25179097e+02   
    5.84000000e+04     1.46000000e+01     1.11005577e+03     2.98970012e+02     2.36296880e+02     1.23357051e+02   
    5.86000000e+04     1.46500000e+01     1.11005949e+03     2.97580712e+02     2.35501719e+02     1.23949217e+02   
    5.88000000e+04     1.47000000e+01     1.11006812e+03     3.00210014e+02     2.37124184e+02     1.25085312e+02   
    5.90000000e+04     1.47500000e+01     1.11006751e+03     2.98512541e+02     2.37058731e+02     1.26042831e+02   
    5.92000000e+04     1.48000000e+01     1.11007265e+03     2.99589712e+02     2.37072692e+02     1.23949241e+02   
    5.94000000e+04     1.48500000e+01     1.11006631e+03     3.00377961e+02     2.36081842e+02     1.23960787e+02   
    5.96000000e+04     1.49000000e+01     1.11008365e+03     2.97348738e+02     2.36639852e+02     1.22958418e+02   
    5.98000000e+04     1.49500000e+01     1.11008629e+03     2.98317948e+02     2.36612392e+02     1.25050701e+02   
    6.00000000e+04     1.50000000e+01     1.11009257e+03     2.97656386e+02     2.36916156e+02     1.24659436e+02   
    6.02000000e+04     1.50500000e+01     1.11008502e+03     2.97148120e+02     2.34884146e+02     1.21390813e+02   
    6.04000000e+04     1.51000000e+01     1.11009490e+03     2.97778730e+02     2.36778381e+02     1.23704807e+02   
    6.06000000e+04     1.51500000e+01     1.11009784e+03     2.96435896e+02     2.34983874e+02     1.22709008e+02   
    6.08000000e+04     1.52000000e+01     1.11010710e+03     2.97993695e+02     2.35963201e+02     1.23942665e+02   
    6.10000000e+04     1.52500000e+01     1.11011359e+03     2.95866229e+02     2.37641429e+02     1.25146565e+02   
    6.12000000e+04     1.53000000e+01     1.11011803e+03     3.00907147e+02     2.35403701e+02     1.23414314e+02   
    6.14000000e+04     1.53500000e+01     1.11013164e+03     2.95515921e+02     2.35224342e+02     1.24556010e+02   
    6.16000000e+04     1.54000000e+01     1.11014488e+03     2.97115355e+02     2.36396575e+02     1.25311768e+02   
    6.18000000e+04     1.54500000e+01     1.11013245e+03     2.99653371e+02     2.35370080e+02     1.22459415e+02   
    6.20000000e+04     1.55000000e+01     1.11013980e+03     3.00181059e+02     2.35379334e+02     1.21416647e+02   
    6.22000000e+04     1.55500000e+01     1.11014512e+03     3.01970265e+02     2.37175470e+02     1.23246597e+02   
    6.24000000e+04     1.56000000e+01     1.11014954e+03     2.99645707e+02     2.38572262e+02     1.24277024e+02   
    6.26000000e+04     1.56500000e+01     1.11011881e+03     2.96909661e+02     2.34295275e+02     1.21342343e+02   
    6.28000000e+04     1.57000000e+01     1.11013427e+03     2.97996119e+02     2.37314931e+02     1.25742429e+02   
    6.30000000e+04     1.57500000e+01     1.11012315e+03     2.95121586e+02     2.34869794e+02     1.23089602e+02   
    6.32000000e+04     1.58000000e+01     1.11012349e+03     2.96219815e+02     2.33933510e+02     1.23118369e+02   
    6.34000000e+04     1.58500000e+01     1.11012417e+03     2.96971499e+02     2.36008881e+02     1.23847717e+02   
    6.36000000e+04     1.59000000e+01     1.11012738e+03     2.98216184e+02     2.37736978e+02     1.25656062e+02   
    6.38000000e+04     1.59500000e+01     1.11011280e+03     3.02415717e+02     2.34452907e+02     1.19947763e+02   
    6.40000000e+04     1.60000000e+01     1.11011582e+03     2.99054677e+02     2.36451744e+02     1.23416346e+02   
    6.42000000e+04     1.60500000e+01     1.11012724e+03     2.96110236e+02     2.37129056e+02     1.23863972e+02   
    6.44000000e+04     1.61000000e+01     1.11013324e+03     2.99826257e+02     2.37225710e+02     1.25656946e+02   
    6.46000000e+04     1.61500000e+01     1.11011998e+03     3.00328858e+02     2.35452923e+02     1.23252982e+02   
    6.48000000e+04     1.62000000e+01     1.11013421e+03     2.99768981e+02     2.35772877e+02     1.24476744e+02   
    6.50000000e+04     1.62500000e+01     1.11013135e+03     2.99254510e+02     2.36889359e+02     1.26725862e+02   
    6.52000000e+04     1.63000000e+01     1.11013319e+03     2.96297295e+02     2.37495311e+02     1.25610570e+02   
    6.54000000e+04     1.63500000e+01     1.11012696e+03     2.98775692e+02     2.36079996e+02     1.24374904e+02   
    6.56000000e+04     1.64000000e+01     1.11012965e+03     2.95175473e+02     2.34900383e+02     1.23332772e+02   
    6.58000000e+04     1.64500000e+01     1.11012790e+03     3.00713790e+02     2.36486670e+02     1.25395550e+02   
    6.60000000e+04     1.65000000e+01     1.11014799e+03     2.96677004e+02     2.37733278e+02     1.26075877e+02   
    6.62000000e+04     1.65500000e+01     1.11015476e+03     3.01558964e+02     2.37306410e+02     1.26126522e+02   
    6.64000000e+04     1.66000000e+01     1.11013839e+03     3.01500056e+02     2.36875250e+02     1.24355705e+02   
    6.66000000e+04     1.66500000e+01     1.11013800e+03     3.01309880e+02     2.36317062e+02     1.26266165e+02   
    6.68000000e+04     1.67000000e+01     1.11012204e+03     2.99489227e+02     2.34773484e+02     1.22434717e+02   
    6.70000000e+04     1.67500000e+01     1.11011162e+03     2.97167200e+02     2.34484855e+02     1.23884858e+02   
    6.72000000e+04     1.68000000e+01     1.11011618e+03     2.96727396e+02     2.36742739e+02     1.24787808e+02   
    6.74000000e+04     1.68500000e+01     1.11011243e+03     2.98684958e+02     2.34166465e+02     1.23838545e+02   
    6.76000000e+04     1.69000000e+01     1.11014248e+03     2.98815066e+02     2.36950047e+02     1.26977366e+02   
    6.78000000e+04     1.69500000e+01     1.11013603e+03     3.00201143e+02     2.34202065e+02     1.23949813e+02   
    6.80000000e+04     1.70000000e+01     1.11013391e+03     2.98583983e+02     2.34937600e+02     1.25266737e+02   
    6.82000000e+04     1.70500000e+01     1.11013560e+03     2.97065666e+02     2.36075245e+02     1.25360069e+02   
    6.84000000e+04     1.71000000e+01     1.11013929e+03     2.99307926e+02     2.35746178e+02     1.26371103e+02   
    6.86000000e+04     1.71500000e+01     1.11014470e+03     2.99381564e+02     2.36566766e+02     1.24554449e+02   
    6.88000000e+04     1.72000000e+01     1.11013201e+03     3.01625121e+02     2.33951397e+02     1.22248010e+02   
    6.90000000e+04     1.72500000e+01     1.11014191e+03     3.02251270e+02     2.38248640e+02     1.26375057e+02   
    6.92000000e+04     1.73000000e+01     1.11011948e+03     2.98826354e+02     2.35579380e+02     1.24427418e+02   
    6.94000000e+04     1.73500000e+01     1.11011764e+03     2.96345737e+02     2.35770240e+02     1.24737839e+02   
    6.96000000e+04     1.74000000e+01     1.11013442e+03     2.99419767e+02     2.37103663e+02     1.25533186e+02   
    6.98000000e+04     1.74500000e+01     1.11013537e+03     2.97396215e+02     2.35181940e+02     1.24247610e+02   
    7.00000000e+04     1.75000000e+01     1.11014133e+03     2.96215888e+02     2.35108995e+02     1.24037796e+02   
    7.02000000e+04     1.75500000e+01     1.11013366e+03     2.98015787e+02     2.34247166e+02     1.21632957e+02   
    7.04000000e+04     1.76000000e+01     1.11015073e+03     2.98899916e+02     2.36111521e+02     1.24755744e+02   
    7.06000000e+04     1.76500000e+01     1.11015721e+03     2.98448667e+02     2.36476678e+02     1.24650932e+02   
    7.08000000e+04     1.77000000e+01     1.11015048e+03     2.99157161e+02     2.35573380e+02     1.23354951e+02   
    7.10000000e+04     1.77500000e+01     1.11015769e+03     2.95700020e+02     2.33888282e+02     1.23249676e+02   
    7.12000000e+04     1.78000000e+01     1.11017365e+03     3.00827599e+02     2.36074788e+02     1.24140118e+02   
    7.14000000e+04     1.78500000e+01     1.11018389e+03     2.97420194e+02     2.37380927e+02     1.26065026e+02   
    7.16000000e+04     1.79000000e+01     1.11017379e+03     3.02712464e+02     2.37429710e+02     1.25070811e+02   
    7.18000000e+04     1.79500000e+01     1.11016498e+03     2.96523008e+02     2.35878342e+02     1.23018338e+02   
    7.20000000e+04     1.80000000e+01     1.11017342e+03     2.98020473e+02     2.36766257e+02     1.24324458e+02   
    7.22000000e+04     1.80500000e+01     1.11017496e+03     2.98010597e+02     2.35190907e+02     1.22638993e+02   
    7.24000000e+04     1.81000000e+01     1.11018201e+03     2.97066311e+02     2.35853652e+02     1.23400490e+02   
    7.26000000e+04     1.81500000e+01     1.11018287e+03     2.98871284e+02     2.34589276e+02     1.21289460e+02   
    7.28000000e+04     1.82000000e+01     1.11018786e+03     2.98504432e+02     2.36100585e+02     1.23560117e+02   
    7.30000000e+04     1.82500000e+01     1.11017384e+03     2.99845473e+02     2.32472926e+02     1.18637380e+02   
    7.32000000e+04     1.83000000e+01     1.11019006e+03     2.98139639e+02     2.35127102e+02     1.21719955e+02   
    7.34000000e+04     1.83500000e+01     1.11019043e+03     2.98381811e+02     2.36648378e+02     1.22932636e+02   
    7.36000000e+04     1.84000000e+01     1.11019134e+03     3.00832655e+02     2.35859866e+02     1.23407347e+02   
    7.38000000e+04     1.84500000e+01     1.11019654e+03     3.00529336e+02     2.36783502e+02     1.23464777e+02   
    7.40000000e+04     1.85000000e+01     1.11018924e+03     2.97914115e+02     2.34903457e+02     1.21518123e+02   
    7.42000000e+04     1.85500000e+01     1.11021137e+03     3.00030708e+02     2.36886294e+02     1.22056405e+02   
    7.44000000e+04     1.86000000e+01     1.11021208e+03     3.01149145e+02     2.35874226e+02     1.22711061e+02   
    7.46000000e+04     1.86500000e+01     1.11020761e+03     2.97361938e+02     2.36207967e+02     1.20975590e+02   
    7.48000000e+04     1.87000000e+01     1.11021395e+03     3.00450728e+02     2.36546269e+02     1.21900161e+02   
    7.50000000e+04     1.87500000e+01     1.11020649e+03     2.97550145e+02     2.36441941e+02     1.22257334e+02   
    7.52000000e+04     1.88000000e+01     1.11021860e+03     3.01911207e+02     2.36676693e+02     1.22027438e+02   
    7.54000000e+04     1.88500000e+01     1.11020750e+03     2.99604296e+02     2.35673316e+02     1.22529992e+02   
    7.56000000e+04     1.89000000e+01     1.11019613e+03     2.96815849e+02     2.34545019e+02     1.20595746e+02   
    7.58000000e+04     1.89500000e+01     1.11019543e+03     2.98857213e+02     2.35401196e+02     1.22416348e+02   
    7.60000000e+04     1.90000000e+01     1.11020861e+03     2.99635703e+02     2.35680378e+02     1.21480924e+02   
    7.62000000e+04     1.90500000e+01     1.11022323e+03     3.01263988e+02     2.37535778e+02     1.25115266e+02   
    7.64000000e+04     1.91000000e+01     1.11022768e+03     2.97285485e+02     2.36899975e+02     1.23094975e+02   
    7.66000000e+04     1.91500000e+01     1.11023013e+03     3.01103381e+02     2.35992311e+02     1.23570065e+02   
    7.68000000e+04     1.92000000e+01     1.11023327e+03     3.00129883e+02     2.36487537e+02     1.21746385e+02   
    7.70000000e+04     1.92500000e+01     1.11022686e+03     2.98927969e+02     2.34888622e+02     1.20859889e+02   
    7.72000000e+04     1.93000000e+01     1.11022831e+03     3.01056513e+02     2.35407897e+02     1.21657195e+02   
    7.74000000e+04     1.93500000e+01     1.11023473e+03     2.99222763e+02     2.36189671e+02     1.20563358e+02   
    7.76000000e+04     1.94000000e+01     1.11022754e+03     2.95672588e+02     2.35257174e+02     1.22062080e+02   
    7.78000000e+04     1.94500000e+01     1.11022563e+03     3.02011054e+02     2.34939700e+02     1.20924493e+02   
    7.80000000e+04     1.95000000e+01     1.11024636e+03     2.99155804e+02     2.38508234e+02     1.25814407e+02   
    7.82000000e+04     1.95500000e+01     1.11023109e+03     3.00233743e+02     2.35876962e+02     1.23038817e+02   
    7.84000000e+04     1.96000000e+01     1.11021642e+03     2.99277105e+02     2.34641863e+02     1.22714098e+02   
    7.86000000e+04     1.96500000e+01     1.11022152e+03     2.98241875e+02     2.36844257e+02     1.24067143e+02   
    7.88000000e+04     1.97000000e+01     1.11021768e+03     2.98653154e+02     2.36016576e+02     1.23739419e+02   
    7.90000000e+04     1.97500000e+01     1.11021770e+03     3.00398596e+02     2.35850331e+02     1.22902159e+02   
    7.92000000e+04     1.98000000e+01     1.11022508e+03     2.95503150e+02     2.36151430e+02     1.23747226e+02   
    7.94000000e+04     1.98500000e+01     1.11023090e+03     2.99191093e+02     2.34773654e+02     1.21000801e+02   
    7.96000000e+04     1.99000000e+01     1.11025283e+03     2.98188117e+02     2.38362655e+02     1.25006952e+02   
    7.98000000e+04     1.99500000e+01     1.11025145e+03     2.99945506e+02     2.36281275e+02     1.22052306e+02   
    8.00000000e+04     2.00000000e+01     1.11025093e+03     2.98460082e+02     2.35239119e+02     1.22274854e+02   
