# column   1     --> step : The current simulation time step.
# column   2     --> time{picosecond} : The elapsed simulation time.
# column   3     --> conserved{electronvolt} : The value of the conserved energy quantity per bead.
# column   4     --> temperature{kelvin} : The current temperature, as obtained from the MD kinetic energy.
# column   5     --> kinetic_cv{electronvolt} : The centroid-virial quantum kinetic energy of the physical system.
# column   6     --> potential{electronvolt} : The physical system potential energy.
    0.00000000e+00     0.00000000e+00     1.11158143e+03     3.04273373e+02     2.35831488e+02     1.22758695e+02   
    2.00000000e+02     5.00000000e-02     1.11157867e+03     2.97071845e+02     2.35949275e+02     1.24396191e+02   
    4.00000000e+02     1.00000000e-01     1.11157995e+03     3.02935108e+02     2.37028675e+02     1.24522402e+02   
    6.00000000e+02     1.50000000e-01     1.11158614e+03     3.00278383e+02     2.34734380e+02     1.22312000e+02   
    8.00000000e+02     2.00000000e-01     1.11159112e+03     3.01261516e+02     2.35389928e+02     1.22708994e+02   
    1.00000000e+03     2.50000000e-01     1.11159591e+03     3.04971694e+02     2.35937258e+02     1.22146695e+02   
    1.20000000e+03     3.00000000e-01     1.11159118e+03     2.99066705e+02     2.36547721e+02     1.25210596e+02   
    1.40000000e+03     3.50000000e-01     1.11157038e+03     3.03182355e+02     2.35026755e+02     1.21573662e+02   
    1.60000000e+03     4.00000000e-01     1.11155370e+03     2.99358054e+02     2.34944963e+02     1.22327339e+02   
    1.80000000e+03     4.50000000e-01     1.11154569e+03     2.99243475e+02     2.36050836e+02     1.23327327e+02   
    2.00000000e+03     5.00000000e-01     1.11154415e+03     2.99679014e+02     2.36412683e+02     1.25468986e+02   
    2.20000000e+03     5.50000000e-01     1.11153700e+03     2.95448084e+02     2.37068601e+02     1.24866454e+02   
    2.40000000e+03     6.00000000e-01     1.11153665e+03     2.99705219e+02     2.36572806e+02     1.26797733e+02   
    2.60000000e+03     6.50000000e-01     1.11154130e+03     2.99957631e+02     2.36397445e+02     1.23496109e+02   
    2.80000000e+03     7.00000000e-01     1.11154628e+03     3.00649725e+02     2.35326060e+02     1.25035326e+02   
    3.00000000e+03     7.50000000e-01     1.11155571e+03     2.99652944e+02     2.35249058e+02     1.22813220e+02   
    3.20000000e+03     8.00000000e-01     1.11155310e+03     2.98095857e+02     2.35373462e+02     1.24583397e+02   
    3.40000000e+03     8.50000000e-01     1.11155693e+03     3.01419521e+02     2.38764659e+02     1.25450202e+02   
    3.60000000e+03     9.00000000e-01     1.11154806e+03     2.98444283e+02     2.35823586e+02     1.22814309e+02   
    3.80000000e+03     9.50000000e-01     1.11155409e+03     3.00929045e+02     2.35587612e+02     1.22876856e+02   
    4.00000000e+03     1.00000000e+00     1.11156080e+03     2.98792687e+02     2.34791620e+02     1.23231722e+02   
    4.20000000e+03     1.05000000e+00     1.11157334e+03     2.99112976e+02     2.36268161e+02     1.25435076e+02   
    4.40000000e+03     1.10000000e+00     1.11158404e+03     2.97481486e+02     2.36662937e+02     1.24229572e+02   
    4.60000000e+03     1.15000000e+00     1.11158740e+03     2.99617082e+02     2.35030507e+02     1.22896553e+02   
    4.80000000e+03     1.20000000e+00     1.11159003e+03     3.02169402e+02     2.37547803e+02     1.23762146e+02   
    5.00000000e+03     1.25000000e+00     1.11157621e+03     3.00726886e+02     2.34396449e+02     1.21194438e+02   
    5.20000000e+03     1.30000000e+00     1.11158292e+03     3.02769976e+02     2.35713704e+02     1.22540302e+02   
    5.40000000e+03     1.35000000e+00     1.11159371e+03     3.03768216e+02     2.38176993e+02     1.23671707e+02   
    5.60000000e+03     1.40000000e+00     1.11158340e+03     3.03550240e+02     2.36493045e+02     1.22612312e+02   
    5.80000000e+03     1.45000000e+00     1.11158523e+03     2.99267863e+02     2.35688740e+02     1.22321563e+02   
    6.00000000e+03     1.50000000e+00     1.11159167e+03     3.01978640e+02     2.37457525e+02     1.26482118e+02   
    6.20000000e+03     1.55000000e+00     1.11158853e+03     2.95954706e+02     2.36751807e+02     1.25211922e+02   
    6.40000000e+03     1.60000000e+00     1.11157991e+03     3.00134277e+02     2.35549881e+02     1.24027202e+02   
    6.60000000e+03     1.65000000e+00     1.11156233e+03     2.99555572e+02     2.34738872e+02     1.21357934e+02   
    6.80000000e+03     1.70000000e+00     1.11156716e+03     3.01187904e+02     2.36583023e+02     1.24833175e+02   
    7.00000000e+03     1.75000000e+00     1.11155338e+03     3.00274380e+02     2.36973817e+02     1.24346126e+02   
    7.20000000e+03     1.80000000e+00     1.11156625e+03     3.01623027e+02     2.36035266e+02     1.23075502e+02   
    7.40000000e+03     1.85000000e+00     1.11158113e+03     2.96920280e+02     2.39323631e+02     1.27158200e+02   
    7.60000000e+03     1.90000000e+00     1.11156854e+03     3.01748070e+02     2.35303160e+02     1.22582110e+02   
    7.80000000e+03     1.95000000e+00     1.11156439e+03     3.02374443e+02     2.37607103e+02     1.25937443e+02   
    8.00000000e+03     2.00000000e+00     1.11155412e+03     3.01303813e+02     2.35133743e+02     1.22193705e+02   
    8.20000000e+03     2.05000000e+00     1.11154530e+03     2.99429860e+02     2.36646459e+02     1.23817864e+02   
    8.40000000e+03     2.10000000e+00     1.11154020e+03     3.01877792e+02     2.35642171e+02     1.24248378e+02   
    8.60000000e+03     2.15000000e+00     1.11152750e+03     2.98646323e+02     2.34710510e+02     1.23189699e+02   
    8.80000000e+03     2.20000000e+00     1.11153116e+03     2.97466883e+02     2.35452181e+02     1.22241181e+02   
    9.00000000e+03     2.25000000e+00     1.11154901e+03     2.98458832e+02     2.35975933e+02     1.23315205e+02   
    9.20000000e+03     2.30000000e+00     1.11156292e+03     3.00686944e+02     2.36743713e+02     1.23460017e+02   
    9.40000000e+03     2.35000000e+00     1.11157365e+03     2.97869510e+02     2.36218113e+02     1.24883219e+02   
    9.60000000e+03     2.40000000e+00     1.11157752e+03     3.00929664e+02     2.37555468e+02     1.24056362e+02   
    9.80000000e+03     2.45000000e+00     1.11156226e+03     3.02246134e+02     2.33402739e+02     1.19631125e+02   
    1.00000000e+04     2.50000000e+00     1.11154824e+03     2.99689962e+02     2.34221305e+02     1.20311395e+02   
    1.02000000e+04     2.55000000e+00     1.11156311e+03     2.98580532e+02     2.37246595e+02     1.23071506e+02   
    1.04000000e+04     2.60000000e+00     1.11156838e+03     2.99793170e+02     2.37355155e+02     1.24076563e+02   
    1.06000000e+04     2.65000000e+00     1.11157174e+03     3.01615152e+02     2.37080269e+02     1.23688570e+02   
    1.08000000e+04     2.70000000e+00     1.11157985e+03     2.97235134e+02     2.36797464e+02     1.23527235e+02   
    1.10000000e+04     2.75000000e+00     1.11158866e+03     3.01504288e+02     2.38346409e+02     1.24147940e+02   
    1.12000000e+04     2.80000000e+00     1.11159284e+03     2.98743348e+02     2.37581765e+02     1.25763944e+02   
    1.14000000e+04     2.85000000e+00     1.11158623e+03     3.03407601e+02     2.36124043e+02     1.23962688e+02   
    1.16000000e+04     2.90000000e+00     1.11159255e+03     2.99774982e+02     2.38028439e+02     1.25685646e+02   
    1.18000000e+04     2.95000000e+00     1.11158942e+03     2.97168650e+02     2.37237376e+02     1.24379999e+02   
    1.20000000e+04     3.00000000e+00     1.11158406e+03     2.99677625e+02     2.36476856e+02     1.23899587e+02   
    1.22000000e+04     3.05000000e+00     1.11158352e+03     2.99259612e+02     2.36611391e+02     1.23959208e+02   
    1.24000000e+04     3.10000000e+00     1.11157863e+03     3.01268398e+02     2.35168544e+02     1.23725124e+02   
    1.26000000e+04     3.15000000e+00     1.11157799e+03     3.00007431e+02     2.36713061e+02     1.22082670e+02   
    1.28000000e+04     3.20000000e+00     1.11157333e+03     2.97322628e+02     2.36086747e+02     1.22715920e+02   
    1.30000000e+04     3.25000000e+00     1.11157422e+03     3.00758499e+02     2.38156708e+02     1.24381729e+02   
    1.32000000e+04     3.30000000e+00     1.11156358e+03     2.98668753e+02     2.35120233e+02     1.21314951e+02   
    1.34000000e+04     3.35000000e+00     1.11157334e+03     2.97364896e+02     2.37604830e+02     1.24515434e+02   
    1.36000000e+04     3.40000000e+00     1.11155894e+03     3.01490682e+02     2.35393879e+02     1.19704401e+02   
    1.38000000e+04     3.45000000e+00     1.11154706e+03     3.03031874e+02     2.35415062e+02     1.23261646e+02   
    1.40000000e+04     3.50000000e+00     1.11154777e+03     3.01967610e+02     2.35877287e+02     1.22851430e+02   
    1.42000000e+04     3.55000000e+00     1.11155423e+03     2.99919936e+02     2.36541668e+02     1.23952237e+02   
    1.44000000e+04     3.60000000e+00     1.11153836e+03     2.99120161e+02     2.33417080e+02     1.19932800e+02   
    1.46000000e+04     3.65000000e+00     1.11156058e+03     2.97859762e+02     2.37190977e+02     1.26648895e+02   
    1.48000000e+04     3.70000000e+00     1.11155450e+03     3.00383897e+02     2.35960623e+02     1.24368499e+02   
    1.50000000e+04     3.75000000e+00     1.11155537e+03     3.00188771e+02     2.36133905e+02     1.25098350e+02   
    1.52000000e+04     3.80000000e+00     1.11155594e+03     3.00346580e+02     2.37138462e+02     1.25927652e+02   
    1.54000000e+04     3.85000000e+00     1.11156578e+03     2.98633448e+02     2.37189104e+02     1.26213233e+02   
    1.56000000e+04     3.90000000e+00     1.11156516e+03     3.00734587e+02     2.36432375e+02     1.26022549e+02   
    1.58000000e+04     3.95000000e+00     1.11156722e+03     2.99406103e+02     2.36192261e+02     1.25968061e+02   
    1.60000000e+04     4.00000000e+00     1.11157887e+03     2.99768119e+02     2.38088682e+02     1.26709688e+02   
    1.62000000e+04     4.05000000e+00     1.11158582e+03     2.99124187e+02     2.35744592e+02     1.23413831e+02   
    1.64000000e+04     4.10000000e+00     1.11158741e+03     3.00956975e+02     2.36381487e+02     1.26061652e+02   
    1.66000000e+04     4.15000000e+00     1.11158368e+03     2.97823114e+02     2.34987074e+02     1.25552151e+02   
    1.68000000e+04     4.20000000e+00     1.11157706e+03     2.99692788e+02     2.34207451e+02     1.23923527e+02   
    1.70000000e+04     4.25000000e+00     1.11157145e+03     2.96727044e+02     2.35626659e+02     1.23570708e+02   
    1.72000000e+04     4.30000000e+00     1.11157560e+03     2.99112903e+02     2.34580798e+02     1.23989095e+02   
    1.74000000e+04     4.35000000e+00     1.11157705e+03     2.97151063e+02     2.35266103e+02     1.25509693e+02   
    1.76000000e+04     4.40000000e+00     1.11157229e+03     2.98387267e+02     2.36416291e+02     1.25655246e+02   
    1.78000000e+04     4.45000000e+00     1.11157425e+03     3.00810996e+02     2.36488218e+02     1.24563869e+02   
    1.80000000e+04     4.50000000e+00     1.11157229e+03     2.99128981e+02     2.35796268e+02     1.24242786e+02   
    1.82000000e+04     4.55000000e+00     1.11157077e+03     2.98556477e+02     2.35973862e+02     1.25462480e+02   
    1.84000000e+04     4.60000000e+00     1.11156896e+03     2.99499917e+02     2.35700645e+02     1.23971297e+02   
    1.86000000e+04     4.65000000e+00     1.11156779e+03     3.01317331e+02     2.34817414e+02     1.22762127e+02   
    1.88000000e+04     4.70000000e+00     1.11158217e+03     3.02236310e+02     2.35481154e+02     1.23229737e+02   
    1.90000000e+04     4.75000000e+00     1.11158646e+03     2.98176784e+02     2.36522241e+02     1.24509325e+02   
    1.92000000e+04     4.80000000e+00     1.11160050e+03     3.00960588e+02     2.35418971e+02     1.23233934e+02   
    1.94000000e+04     4.85000000e+00     1.11161246e+03     3.00933858e+02     2.36725903e+02     1.26198391e+02   
    1.96000000e+04     4.90000000e+00     1.11160598e+03     3.00113573e+02     2.35002136e+02     1.24195720e+02   
    1.98000000e+04     4.95000000e+00     1.11161375e+03     3.04155019e+02     2.35035716e+02     1.25240438e+02   
    2.00000000e+04     5.00000000e+00     1.11161063e+03     2.98863739e+02     2.34542869e+02     1.24807200e+02   
    2.02000000e+04     5.05000000e+00     1.11160579e+03     3.00603025e+02     2.35870411e+02     1.24495956e+02   
    2.04000000e+04     5.10000000e+00     1.11160797e+03     3.01164171e+02     2.37240990e+02     1.26203527e+02   
    2.06000000e+04     5.15000000e+00     1.11160247e+03     3.01694470e+02     2.35528109e+02     1.22468309e+02   
    2.08000000e+04     5.20000000e+00     1.11160815e+03     3.01017310e+02     2.39261748e+02     1.27680338e+02   
    2.10000000e+04     5.25000000e+00     1.11158870e+03     2.99232642e+02     2.36200644e+02     1.23540526e+02   
    2.12000000e+04     5.30000000e+00     1.11157856e+03     2.98824082e+02     2.35731533e+02     1.23019404e+02   
    2.14000000e+04     5.35000000e+00     1.11159395e+03     3.01358269e+02     2.36823085e+02     1.23632834e+02   
    2.16000000e+04     5.40000000e+00     1.11159935e+03     2.99504950e+02     2.37282080e+02     1.24593949e+02   
    2.18000000e+04     5.45000000e+00     1.11158508e+03     2.97137196e+02     2.35452492e+02     1.24319098e+02   
    2.20000000e+04     5.50000000e+00     1.11158753e+03     2.99283020e+02     2.35833646e+02     1.23660541e+02   
    2.22000000e+04     5.55000000e+00     1.11159409e+03     2.99604954e+02     2.37183643e+02     1.25121296e+02   
    2.24000000e+04     5.60000000e+00     1.11157447e+03     2.97699910e+02     2.36076997e+02     1.23981612e+02   
    2.26000000e+04     5.65000000e+00     1.11157297e+03     2.95470464e+02     2.37006838e+02     1.24542667e+02   
    2.28000000e+04     5.70000000e+00     1.11157764e+03     2.99749805e+02     2.37481975e+02     1.26174829e+02   
    2.30000000e+04     5.75000000e+00     1.11157871e+03     3.04106155e+02     2.36426342e+02     1.24274247e+02   
    2.32000000e+04     5.80000000e+00     1.11159104e+03     2.99690165e+02     2.37714177e+02     1.26541363e+02   
    2.34000000e+04     5.85000000e+00     1.11158596e+03     3.00951680e+02     2.34416350e+02     1.23118833e+02   
    2.36000000e+04     5.90000000e+00     1.11160459e+03     3.03669409e+02     2.36081303e+02     1.24579958e+02   
    2.38000000e+04     5.95000000e+00     1.11160713e+03     2.97905338e+02     2.36313393e+02     1.25323128e+02   
    2.40000000e+04     6.00000000e+00     1.11160770e+03     3.02682403e+02     2.35730971e+02     1.24652992e+02   
    2.42000000e+04     6.05000000e+00     1.11161171e+03     3.01376893e+02     2.36654814e+02     1.25239686e+02   
    2.44000000e+04     6.10000000e+00     1.11159872e+03     3.02202742e+02     2.34426058e+02     1.22601494e+02   
    2.46000000e+04     6.15000000e+00     1.11161349e+03     2.98944755e+02     2.36797124e+02     1.26484551e+02   
    2.48000000e+04     6.20000000e+00     1.11160672e+03     2.99121134e+02     2.35948660e+02     1.24482081e+02   
    2.50000000e+04     6.25000000e+00     1.11160521e+03     3.00224213e+02     2.36800705e+02     1.25476542e+02   
    2.52000000e+04     6.30000000e+00     1.11160251e+03     2.99647126e+02     2.35660343e+02     1.22983046e+02   
    2.54000000e+04     6.35000000e+00     1.11159091e+03     2.97202986e+02     2.35931075e+02     1.22994117e+02   
    2.56000000e+04     6.40000000e+00     1.11159628e+03     3.01111794e+02     2.35879384e+02     1.22029015e+02   
    2.58000000e+04     6.45000000e+00     1.11161393e+03     2.99587496e+02     2.35204717e+02     1.23088788e+02   
    2.60000000e+04     6.50000000e+00     1.11162388e+03     3.01138691e+02     2.37416384e+02     1.23715455e+02   
    2.62000000e+04     6.55000000e+00     1.11163811e+03     2.97400065e+02     2.38271362e+02     1.25512914e+02   
    2.64000000e+04     6.60000000e+00     1.11162535e+03     2.97431213e+02     2.35993304e+02     1.23977438e+02   
    2.66000000e+04     6.65000000e+00     1.11162815e+03     2.99849820e+02     2.37038146e+02     1.24780131e+02   
    2.68000000e+04     6.70000000e+00     1.11162164e+03     3.03271392e+02     2.36958809e+02     1.22961155e+02   
    2.70000000e+04     6.75000000e+00     1.11160535e+03     3.00480136e+02     2.35128360e+02     1.21214060e+02   
    2.72000000e+04     6.80000000e+00     1.11160610e+03     3.00000497e+02     2.36418129e+02     1.22103977e+02   
    2.74000000e+04     6.85000000e+00     1.11160630e+03     2.98727279e+02     2.37011232e+02     1.23249883e+02   
    2.76000000e+04     6.90000000e+00     1.11160481e+03     2.98912244e+02     2.36373081e+02     1.24472893e+02   
    2.78000000e+04     6.95000000e+00     1.11160645e+03     2.98324222e+02     2.36318083e+02     1.23647669e+02   
    2.80000000e+04     7.00000000e+00     1.11159810e+03     2.98590690e+02     2.36884623e+02     1.24900263e+02   
    2.82000000e+04     7.05000000e+00     1.11159817e+03     2.94966712e+02     2.35992202e+02     1.23731550e+02   
    2.84000000e+04     7.10000000e+00     1.11159793e+03     2.96141658e+02     2.37230350e+02     1.26437069e+02   
    2.86000000e+04     7.15000000e+00     1.11159418e+03     3.01108647e+02     2.37483802e+02     1.25625412e+02   
    2.88000000e+04     7.20000000e+00     1.11160072e+03     3.00732367e+02     2.36299090e+02     1.26620211e+02   
    2.90000000e+04     7.25000000e+00     1.11159352e+03     2.97565762e+02     2.33662212e+02     1.23333495e+02   
    2.92000000e+04     7.30000000e+00     1.11160603e+03     2.98019453e+02     2.36442577e+02     1.26459273e+02   
    2.94000000e+04     7.35000000e+00     1.11159393e+03     3.01341930e+02     2.34111745e+02     1.21433861e+02   
    2.96000000e+04     7.40000000e+00     1.11160586e+03     3.00685621e+02     2.37614134e+02     1.27740495e+02   
    2.98000000e+04     7.45000000e+00     1.11159944e+03     2.99084863e+02     2.36128698e+02     1.23503821e+02   
    3.00000000e+04     7.50000000e+00     1.11161779e+03     2.99854334e+02     2.37536040e+02     1.27147324e+02   
    3.02000000e+04     7.55000000e+00     1.11162122e+03     3.01382145e+02     2.36459913e+02     1.24955376e+02   
    3.04000000e+04     7.60000000e+00     1.11163925e+03     2.98550812e+02     2.36546795e+02     1.24732156e+02   
    3.06000000e+04     7.65000000e+00     1.11165701e+03     2.96848214e+02     2.37361059e+02     1.26284547e+02   
    3.08000000e+04     7.70000000e+00     1.11166457e+03     3.01249568e+02     2.36146984e+02     1.26440705e+02   
    3.10000000e+04     7.75000000e+00     1.11166013e+03     2.99689510e+02     2.36807008e+02     1.26861449e+02   
    3.12000000e+04     7.80000000e+00     1.11164712e+03     2.98718647e+02     2.35791011e+02     1.24349201e+02   
    3.14000000e+04     7.85000000e+00     1.11164901e+03     2.96970101e+02     2.37786202e+02     1.27427514e+02   
    3.16000000e+04     7.90000000e+00     1.11164004e+03     3.01240339e+02     2.35740261e+02     1.25942150e+02   
    3.18000000e+04     7.95000000e+00     1.11164726e+03     2.99322645e+02     2.36887422e+02     1.27302740e+02   
    3.20000000e+04     8.00000000e+00     1.11166430e+03     3.03212613e+02     2.38228178e+02     1.26956112e+02   
    3.22000000e+04     8.05000000e+00     1.11166977e+03     2.98610156e+02     2.37855196e+02     1.27448246e+02   
    3.24000000e+04     8.10000000e+00     1.11166780e+03     2.99277566e+02     2.36138021e+02     1.27636390e+02   
    3.26000000e+04     8.15000000e+00     1.11166922e+03     2.99245301e+02     2.36520031e+02     1.26515809e+02   
    3.28000000e+04     8.20000000e+00     1.11166977e+03     3.01495530e+02     2.36049891e+02     1.26463020e+02   
    3.30000000e+04     8.25000000e+00     1.11164837e+03     3.00669455e+02     2.35878534e+02     1.23123145e+02   
    3.32000000e+04     8.30000000e+00     1.11164926e+03     2.98309356e+02     2.36515036e+02     1.26920034e+02   
    3.34000000e+04     8.35000000e+00     1.11165393e+03     2.99104497e+02     2.36353669e+02     1.26479318e+02   
    3.36000000e+04     8.40000000e+00     1.11166363e+03     2.97121151e+02     2.36376591e+02     1.25808331e+02   
    3.38000000e+04     8.45000000e+00     1.11167163e+03     2.98212867e+02     2.35904541e+02     1.25323549e+02   
    3.40000000e+04     8.50000000e+00     1.11166884e+03     2.98977874e+02     2.35481303e+02     1.26265726e+02   
    3.42000000e+04     8.55000000e+00     1.11165486e+03     2.98667329e+02     2.35121294e+02     1.23457941e+02   
    3.44000000e+04     8.60000000e+00     1.11166249e+03     2.97669865e+02     2.36279409e+02     1.23922807e+02   
    3.46000000e+04     8.65000000e+00     1.11166217e+03     2.99152976e+02     2.35793784e+02     1.22292211e+02   
    3.48000000e+04     8.70000000e+00     1.11167053e+03     2.97637574e+02     2.35033550e+02     1.21642347e+02   
    3.50000000e+04     8.75000000e+00     1.11169960e+03     2.99632944e+02     2.36858813e+02     1.24522299e+02   
    3.52000000e+04     8.80000000e+00     1.11170631e+03     3.00720756e+02     2.36059723e+02     1.23792004e+02   
    3.54000000e+04     8.85000000e+00     1.11172542e+03     2.99127067e+02     2.37912571e+02     1.25471278e+02   
    3.56000000e+04     8.90000000e+00     1.11173322e+03     2.98067823e+02     2.38811469e+02     1.26488144e+02   
    3.58000000e+04     8.95000000e+00     1.11171655e+03     3.00611543e+02     2.36406062e+02     1.24593782e+02   
    3.60000000e+04     9.00000000e+00     1.11171581e+03     2.98744248e+02     2.39100503e+02     1.26714495e+02   
    3.62000000e+04     9.05000000e+00     1.11171501e+03     3.00849687e+02     2.36429165e+02     1.22782562e+02   
    3.64000000e+04     9.10000000e+00     1.11171617e+03     3.00620957e+02     2.36719698e+02     1.21766120e+02   
    3.66000000e+04     9.15000000e+00     1.11172910e+03     2.99403265e+02     2.37576851e+02     1.24961947e+02   
    3.68000000e+04     9.20000000e+00     1.11172534e+03     2.99397101e+02     2.37248598e+02     1.23306081e+02   
    3.70000000e+04     9.25000000e+00     1.11171870e+03     2.99011580e+02     2.36397621e+02     1.22400076e+02   
    3.72000000e+04     9.30000000e+00     1.11172001e+03     3.01423598e+02     2.35385935e+02     1.20294542e+02   
    3.74000000e+04     9.35000000e+00     1.11172797e+03     3.02505973e+02     2.34904942e+02     1.21619504e+02   
    3.76000000e+04     9.40000000e+00     1.11172670e+03     3.01123709e+02     2.35485598e+02     1.21797806e+02   
    3.78000000e+04     9.45000000e+00     1.11173644e+03     2.97558442e+02     2.36541241e+02     1.24464163e+02   
    3.80000000e+04     9.50000000e+00     1.11172276e+03     3.01143696e+02     2.35937736e+02     1.23387355e+02   
    3.82000000e+04     9.55000000e+00     1.11171286e+03     2.98372031e+02     2.36236894e+02     1.24205344e+02   
    3.84000000e+04     9.60000000e+00     1.11172573e+03     2.98861823e+02     2.37595812e+02     1.26952871e+02   
    3.86000000e+04     9.65000000e+00     1.11172656e+03     3.00308536e+02     2.36899795e+02     1.25324618e+02   
    3.88000000e+04     9.70000000e+00     1.11173399e+03     2.99775406e+02     2.36500953e+02     1.26102962e+02   
    3.90000000e+04     9.75000000e+00     1.11174953e+03     3.02857356e+02     2.38026634e+02     1.26546354e+02   
    3.92000000e+04     9.80000000e+00     1.11175157e+03     2.98634862e+02     2.35233850e+02     1.24950143e+02   
    3.94000000e+04     9.85000000e+00     1.11174652e+03     2.98966622e+02     2.33808493e+02     1.23320019e+02   
    3.96000000e+04     9.90000000e+00     1.11175923e+03     3.01968412e+02     2.36465062e+02     1.27311439e+02   
    3.98000000e+04     9.95000000e+00     1.11175887e+03     3.00051663e+02     2.34588690e+02     1.25159596e+02   
    4.00000000e+04     1.00000000e+01     1.11178146e+03     2.98880486e+02     2.37413565e+02     1.29384199e+02   
    4.02000000e+04     1.00500000e+01     1.11178679e+03     3.02427433e+02     2.35035979e+02     1.24690632e+02   
    4.04000000e+04     1.01000000e+01     1.11179574e+03     2.99620802e+02     2.37639745e+02     1.26723210e+02   
    4.06000000e+04     1.01500000e+01     1.11180305e+03     2.98379422e+02     2.37152002e+02     1.27166722e+02   
    4.08000000e+04     1.02000000e+01     1.11179568e+03     2.99013126e+02     2.34876509e+02     1.24479740e+02   
    4.10000000e+04     1.02500000e+01     1.11180478e+03     3.00153066e+02     2.36051088e+02     1.25057712e+02   
    4.12000000e+04     1.03000000e+01     1.11180753e+03     3.01366060e+02     2.36648854e+02     1.24184884e+02   
    4.14000000e+04     1.03500000e+01     1.11180555e+03     2.99294138e+02     2.34478248e+02     1.23022163e+02   
    4.16000000e+04     1.04000000e+01     1.11182377e+03     2.98730484e+02     2.36260658e+02     1.25000402e+02   
    4.18000000e+04     1.04500000e+01     1.11182300e+03     3.00199277e+02     2.35443046e+02     1.23755757e+02   
    4.20000000e+04     1.05000000e+01     1.11180837e+03     2.98258599e+02     2.36512242e+02     1.24688154e+02   
    4.22000000e+04     1.05500000e+01     1.11181440e+03     3.01311374e+02     2.36764656e+02     1.25811685e+02   
    4.24000000e+04     1.06000000e+01     1.11182630e+03     3.02106529e+02     2.37492223e+02     1.26296424e+02   
    4.26000000e+04     1.06500000e+01     1.11184028e+03     3.01772546e+02     2.35878193e+02     1.25082153e+02   
    4.28000000e+04     1.07000000e+01     1.11185018e+03     3.00367023e+02     2.36608018e+02     1.24104541e+02   
    4.30000000e+04     1.07500000e+01     1.11184352e+03     2.96298074e+02     2.35547149e+02     1.24154429e+02   
    4.32000000e+04     1.08000000e+01     1.11184693e+03     3.00520538e+02     2.37268795e+02     1.26616229e+02   
    4.34000000e+04     1.08500000e+01     1.11183821e+03     3.01202927e+02     2.35523481e+02     1.25813926e+02   
    4.36000000e+04     1.09000000e+01     1.11183735e+03     3.01178332e+02     2.35011750e+02     1.25601298e+02   
    4.38000000e+04     1.09500000e+01     1.11184384e+03     2.99396693e+02     2.34689932e+02     1.23432279e+02   
    4.40000000e+04     1.10000000e+01     1.11185375e+03     3.00043985e+02     2.36343364e+02     1.24279042e+02   
    4.42000000e+04     1.10500000e+01     1.11186268e+03     3.00929919e+02     2.35952919e+02     1.23765372e+02   
    4.44000000e+04     1.11000000e+01     1.11186500e+03     3.00073711e+02     2.35700574e+02     1.24582104e+02   
    4.46000000e+04     1.11500000e+01     1.11185448e+03     3.01634830e+02     2.34371978e+02     1.19962979e+02   
    4.48000000e+04     1.12000000e+01     1.11186319e+03     2.97384725e+02     2.37378693e+02     1.25161910e+02   
    4.50000000e+04     1.12500000e+01     1.11185547e+03     2.98676773e+02     2.33672359e+02     1.22050248e+02   
    4.52000000e+04     1.13000000e+01     1.11185996e+03     3.02004168e+02     2.36016616e+02     1.24111439e+02   
    4.54000000e+04     1.13500000e+01     1.11187457e+03     3.00165779e+02     2.37956046e+02     1.26071194e+02   
    4.56000000e+04     1.14000000e+01     1.11187442e+03     3.00843430e+02     2.34051823e+02     1.22060777e+02   
    4.58000000e+04     1.14500000e+01     1.11187896e+03     3.01781581e+02     2.37220816e+02     1.24717329e+02   
    4.60000000e+04     1.15000000e+01     1.11187529e+03     2.98523840e+02     2.36756920e+02     1.25504657e+02   
    4.62000000e+04     1.15500000e+01     1.11186782e+03     2.98718995e+02     2.33211670e+02     1.20319466e+02   
    4.64000000e+04     1.16000000e+01     1.11187714e+03     3.01911628e+02     2.35099593e+02     1.21684365e+02   
    4.66000000e+04     1.16500000e+01     1.11188056e+03     3.02720037e+02     2.37542567e+02     1.24833010e+02   
    4.68000000e+04     1.17000000e+01     1.11188337e+03     3.00853623e+02     2.37285096e+02     1.24943304e+02   
    4.70000000e+04     1.17500000e+01     1.11186922e+03     2.98913410e+02     2.34503719e+02     1.21747774e+02   
    4.72000000e+04     1.18000000e+01     1.11187150e+03     3.00244107e+02     2.35316785e+02     1.22041421e+02   
    4.74000000e+04     1.18500000e+01     1.11187388e+03     3.00780639e+02     2.36402839e+02     1.25115819e+02   
    4.76000000e+04     1.19000000e+01     1.11188024e+03     2.99079487e+02     2.37550648e+02     1.26089072e+02   
    4.78000000e+04     1.19500000e+01     1.11188736e+03     3.01606758e+02     2.36723776e+02     1.26679022e+02   
    4.80000000e+04     1.20000000e+01     1.11189028e+03     2.98925800e+02     2.37672739e+02     1.25684664e+02   
    4.82000000e+04     1.20500000e+01     1.11187636e+03     3.00277097e+02     2.35510084e+02     1.24787415e+02   
    4.84000000e+04     1.21000000e+01     1.11189011e+03     2.95681273e+02     2.37736483e+02     1.26867703e+02   
    4.86000000e+04     1.21500000e+01     1.11188758e+03     2.99015005e+02     2.34802462e+02     1.25494168e+02   
    4.88000000e+04     1.22000000e+01     1.11189132e+03     3.04027473e+02     2.35077391e+02     1.24846918e+02   
    4.90000000e+04     1.22500000e+01     1.11189760e+03     3.00315891e+02     2.36418182e+02     1.25616389e+02   
    4.92000000e+04     1.23000000e+01     1.11187950e+03     2.98439006e+02     2.35553008e+02     1.23935314e+02   
    4.94000000e+04     1.23500000e+01     1.11187543e+03     2.97371054e+02     2.34067061e+02     1.25219741e+02   
    4.96000000e+04     1.24000000e+01     1.11188698e+03     2.98713838e+02     2.37220096e+02     1.28340644e+02   
    4.98000000e+04     1.24500000e+01     1.11188363e+03     2.97881244e+02     2.36151427e+02     1.25507941e+02   
    5.00000000e+04     1.25000000e+01     1.11188378e+03     2.99028176e+02     2.35773814e+02     1.24464906e+02   
    5.02000000e+04     1.25500000e+01     1.11189747e+03     2.96998017e+02     2.34682323e+02     1.25525384e+02   
    5.04000000e+04     1.26000000e+01     1.11192161e+03     3.03504040e+02     2.37801239e+02     1.27047456e+02   
    5.06000000e+04     1.26500000e+01     1.11190955e+03     2.97732041e+02     2.33793458e+02     1.23601156e+02   
    5.08000000e+04     1.27000000e+01     1.11191521e+03     3.00700524e+02     2.35538996e+02     1.25471947e+02   
    5.10000000e+04     1.27500000e+01     1.11191321e+03     2.99381291e+02     2.36914715e+02     1.27031549e+02   
    5.12000000e+04     1.28000000e+01     1.11190522e+03     2.98529634e+02     2.35935411e+02     1.25495095e+02   
    5.14000000e+04     1.28500000e+01     1.11189864e+03     2.99109833e+02     2.38868830e+02     1.28364281e+02   
    5.16000000e+04     1.29000000e+01     1.11189035e+03     3.00740193e+02     2.37732318e+02     1.28492179e+02   
    5.18000000e+04     1.29500000e+01     1.11188264e+03     3.00555808e+02     2.36649636e+02     1.26339528e+02   
    5.20000000e+04     1.30000000e+01     1.11188216e+03     2.98946006e+02     2.36338027e+02     1.26140020e+02   
    5.22000000e+04     1.30500000e+01     1.11189148e+03     2.99464098e+02     2.36347761e+02     1.26551757e+02   
    5.24000000e+04     1.31000000e+01     1.11189521e+03     2.96475131e+02     2.37193091e+02     1.28393829e+02   
    5.26000000e+04     1.31500000e+01     1.11189407e+03     2.96957854e+02     2.36960041e+02     1.25681260e+02   
    5.28000000e+04     1.32000000e+01     1.11189956e+03     3.00367655e+02     2.37465311e+02     1.26532832e+02   
    5.30000000e+04     1.32500000e+01     1.11190620e+03     2.99017176e+02     2.35893783e+02     1.25449451e+02   
    5.32000000e+04     1.33000000e+01     1.11191569e+03     3.01341502e+02     2.35830512e+02     1.25381385e+02   
    5.34000000e+04     1.33500000e+01     1.11192710e+03     2.98427833e+02     2.35493199e+02     1.25350687e+02   
    5.36000000e+04     1.34000000e+01     1.11191812e+03     3.01627734e+02     2.36234364e+02     1.25430155e+02   
    5.38000000e+04     1.34500000e+01     1.11192782e+03     2.99865236e+02     2.36982526e+02     1.26780930e+02   
    5.40000000e+04     1.35000000e+01     1.11190650e+03     2.99607687e+02     2.36100959e+02     1.25548669e+02   
    5.42000000e+04     1.35500000e+01     1.11191322e+03     3.01324035e+02     2.36328642e+02     1.24878009e+02   
    5.44000000e+04     1.36000000e+01     1.11191872e+03     2.98055660e+02     2.37837728e+02     1.27207339e+02   
    5.46000000e+04     1.36500000e+01     1.11192231e+03     2.98421524e+02     2.35832416e+02     1.27047180e+02   
    5.48000000e+04     1.37000000e+01     1.11192099e+03     3.01533440e+02     2.35812026e+02     1.25281474e+02   
    5.50000000e+04     1.37500000e+01     1.11192226e+03     3.00321775e+02     2.35221491e+02     1.24624789e+02   
    5.52000000e+04     1.38000000e+01     1.11192469e+03     2.97871530e+02     2.35811392e+02     1.23776279e+02   
    5.54000000e+04     1.38500000e+01     1.11194108e+03     2.98951770e+02     2.37485921e+02     1.27756025e+02   
    5.56000000e+04     1.39000000e+01     1.11193440e+03     3.00977870e+02     2.34767686e+02     1.24240175e+02   
    5.58000000e+04     1.39500000e+01     1.11193389e+03     3.01587107e+02     2.35047153e+02     1.23402690e+02   
    5.60000000e+04     1.40000000e+01     1.11193915e+03     2.98646924e+02     2.35040046e+02     1.22945393e+02   
    5.62000000e+04     1.40500000e+01     1.11194360e+03     2.99199990e+02     2.37204010e+02     1.25087199e+02   
    5.64000000e+04     1.41000000e+01     1.11196825e+03     3.00006688e+02     2.37734638e+02     1.26542641e+02   
    5.66000000e+04     1.41500000e+01     1.11197757e+03     3.01725074e+02     2.36477362e+02     1.24096622e+02   
    5.68000000e+04     1.42000000e+01     1.11199731e+03     3.01566660e+02     2.38785030e+02     1.27240036e+02   
    5.70000000e+04     1.42500000e+01     1.11199861e+03     3.02909113e+02     2.36331868e+02     1.23518195e+02   
    5.72000000e+04     1.43000000e+01     1.11200545e+03     2.99545181e+02     2.37557962e+02     1.26616436e+02   
    5.74000000e+04     1.43500000e+01     1.11199324e+03     2.99922124e+02     2.36866773e+02     1.24508420e+02   
    5.76000000e+04     1.44000000e+01     1.11198794e+03     2.97486207e+02     2.36545933e+02     1.24414919e+02   
    5.78000000e+04     1.44500000e+01     1.11198685e+03     3.00686317e+02     2.37476855e+02     1.26124354e+02   
    5.80000000e+04     1.45000000e+01     1.11198808e+03     2.99023298e+02     2.35679512e+02     1.24922129e+02   
    5.82000000e+04     1.45500000e+01     1.11198527e+03     3.02126385e+02     2.36105760e+02     1.24418421e+02   
    5.84000000e+04     1.46000000e+01     1.11198505e+03     2.98516830e+02     2.35977294e+02     1.24867782e+02   
    5.86000000e+04     1.46500000e+01     1.11199339e+03     2.98040981e+02     2.36873382e+02     1.26476296e+02   
    5.88000000e+04     1.47000000e+01     1.11198494e+03     3.01122392e+02     2.36623944e+02     1.24993625e+02   
    5.90000000e+04     1.47500000e+01     1.11197677e+03     2.98990157e+02     2.37444287e+02     1.25634495e+02   
    5.92000000e+04     1.48000000e+01     1.11197747e+03     3.01794304e+02     2.37437400e+02     1.25186795e+02   
    5.94000000e+04     1.48500000e+01     1.11195952e+03     3.03547875e+02     2.34412134e+02     1.22525906e+02   
    5.96000000e+04     1.49000000e+01     1.11196241e+03     3.00526366e+02     2.35366872e+02     1.23017647e+02   
    5.98000000e+04     1.49500000e+01     1.11196686e+03     3.00250580e+02     2.35676907e+02     1.23045066e+02   
    6.00000000e+04     1.50000000e+01     1.11197171e+03     3.01413019e+02     2.36857511e+02     1.24591543e+02   
    6.02000000e+04     1.50500000e+01     1.11196731e+03     3.00526252e+02     2.35537268e+02     1.22819930e+02   
    6.04000000e+04     1.51000000e+01     1.11197933e+03     3.00009346e+02     2.36958051e+02     1.24459511e+02   
    6.06000000e+04     1.51500000e+01     1.11198110e+03     2.98764684e+02     2.36780521e+02     1.23876768e+02   
    6.08000000e+04     1.52000000e+01     1.11196676e+03     3.00090952e+02     2.33417100e+02     1.21053890e+02   
    6.10000000e+04     1.52500000e+01     1.11197490e+03     2.99559206e+02     2.36130144e+02     1.22904728e+02   
    6.12000000e+04     1.53000000e+01     1.11198266e+03     3.00640639e+02     2.35884549e+02     1.21828130e+02   
    6.14000000e+04     1.53500000e+01     1.11197465e+03     2.99368943e+02     2.36348366e+02     1.20413956e+02   
    6.16000000e+04     1.54000000e+01     1.11197143e+03     2.99964341e+02     2.36275848e+02     1.22348288e+02   
    6.18000000e+04     1.54500000e+01     1.11196144e+03     3.03202585e+02     2.35441378e+02     1.20239814e+02   
    6.20000000e+04     1.55000000e+01     1.11195003e+03     3.01783757e+02     2.36354406e+02     1.22259554e+02   
    6.22000000e+04     1.55500000e+01     1.11195741e+03     3.04540676e+02     2.37557161e+02     1.22361120e+02   
    6.24000000e+04     1.56000000e+01     1.11194967e+03     3.02466685e+02     2.36009116e+02     1.20488987e+02   
    6.26000000e+04     1.56500000e+01     1.11195996e+03     2.99383952e+02     2.35332840e+02     1.20357756e+02   
    6.28000000e+04     1.57000000e+01     1.11197137e+03     3.01063072e+02     2.37392197e+02     1.25588600e+02   
    6.30000000e+04     1.57500000e+01     1.11195374e+03     2.98183649e+02     2.35229094e+02     1.21227310e+02   
    6.32000000e+04     1.58000000e+01     1.11193195e+03     2.99706586e+02     2.34285800e+02     1.19385325e+02   
    6.34000000e+04     1.58500000e+01     1.11191662e+03     2.99652914e+02     2.35803692e+02     1.20030282e+02   
    6.36000000e+04     1.59000000e+01     1.11190939e+03     2.99697721e+02     2.36880095e+02     1.22609266e+02   
    6.38000000e+04     1.59500000e+01     1.11190633e+03     3.00957677e+02     2.36372890e+02     1.21536447e+02   
    6.40000000e+04     1.60000000e+01     1.11191700e+03     2.99757479e+02     2.37172689e+02     1.23956490e+02   
    6.42000000e+04     1.60500000e+01     1.11193085e+03     2.96825014e+02     2.38074509e+02     1.26137143e+02   
    6.44000000e+04     1.61000000e+01     1.11192488e+03     3.01859528e+02     2.35327759e+02     1.22567067e+02   
    6.46000000e+04     1.61500000e+01     1.11193921e+03     3.01009574e+02     2.34818769e+02     1.21533532e+02   
    6.48000000e+04     1.62000000e+01     1.11195170e+03     3.02424150e+02     2.35408292e+02     1.21221757e+02   
    6.50000000e+04     1.62500000e+01     1.11195743e+03     3.01909658e+02     2.36892429e+02     1.24700969e+02   
    6.52000000e+04     1.63000000e+01     1.11195861e+03     3.00343626e+02     2.36614367e+02     1.22211327e+02   
    6.54000000e+04     1.63500000e+01     1.11196732e+03     3.01070349e+02     2.35953383e+02     1.22808271e+02   
    6.56000000e+04     1.64000000e+01     1.11196722e+03     2.97251361e+02     2.36019275e+02     1.21731417e+02   
    6.58000000e+04     1.64500000e+01     1.11198552e+03     3.01839385e+02     2.36231492e+02     1.24330455e+02   
    6.60000000e+04     1.65000000e+01     1.11198940e+03     2.99480011e+02     2.35863981e+02     1.22831150e+02   
    6.62000000e+04     1.65500000e+01     1.11198246e+03     3.01118826e+02     2.38054121e+02     1.26128913e+02   
    6.64000000e+04     1.66000000e+01     1.11195873e+03     3.01746574e+02     2.35650254e+02     1.23659004e+02   
    6.66000000e+04     1.66500000e+01     1.11194822e+03     3.02868262e+02     2.36174191e+02     1.23579719e+02   
    6.68000000e+04     1.67000000e+01     1.11193011e+03     2.99662470e+02     2.35732071e+02     1.23837571e+02   
    6.70000000e+04     1.67500000e+01     1.11192291e+03     2.98221300e+02     2.34743132e+02     1.22376220e+02   
    6.72000000e+04     1.68000000e+01     1.11194161e+03     2.97391289e+02     2.36733463e+02     1.25009596e+02   
    6.74000000e+04     1.68500000e+01     1.11193584e+03     2.99840349e+02     2.34731085e+02     1.20804737e+02   
    6.76000000e+04     1.69000000e+01     1.11195596e+03     3.00221945e+02     2.34952655e+02     1.20940756e+02   
    6.78000000e+04     1.69500000e+01     1.11196428e+03     2.99286832e+02     2.35370899e+02     1.21915722e+02   
    6.80000000e+04     1.70000000e+01     1.11196401e+03     2.99708962e+02     2.34558251e+02     1.20766756e+02   
    6.82000000e+04     1.70500000e+01     1.11196105e+03     2.96780318e+02     2.34638070e+02     1.21408248e+02   
    6.84000000e+04     1.71000000e+01     1.11196850e+03     2.98422066e+02     2.36031122e+02     1.23125442e+02   
    6.86000000e+04     1.71500000e+01     1.11196101e+03     2.98816282e+02     2.37056958e+02     1.23508752e+02   
    6.88000000e+04     1.72000000e+01     1.11195261e+03     3.00818392e+02     2.34398955e+02     1.22094613e+02   
    6.90000000e+04     1.72500000e+01     1.11195264e+03     3.02531035e+02     2.37268118e+02     1.23471757e+02   
    6.92000000e+04     1.73000000e+01     1.11194547e+03     2.97907095e+02     2.35216899e+02     1.22967656e+02   
    6.94000000e+04     1.73500000e+01     1.11194866e+03     2.97753732e+02     2.36774209e+02     1.23915421e+02   
    6.96000000e+04     1.74000000e+01     1.11195062e+03     3.00503300e+02     2.37305564e+02     1.22675347e+02   
    6.98000000e+04     1.74500000e+01     1.11194886e+03     2.98348798e+02     2.35831499e+02     1.22610344e+02   
    7.00000000e+04     1.75000000e+01     1.11194474e+03     2.99011849e+02     2.35804489e+02     1.23833373e+02   
    7.02000000e+04     1.75500000e+01     1.11193285e+03     2.96450023e+02     2.36187702e+02     1.23301233e+02   
    7.04000000e+04     1.76000000e+01     1.11192359e+03     2.99984909e+02     2.34798365e+02     1.21347054e+02   
    7.06000000e+04     1.76500000e+01     1.11193952e+03     2.99248045e+02     2.37632160e+02     1.25208915e+02   
    7.08000000e+04     1.77000000e+01     1.11193173e+03     2.98495364e+02     2.35426570e+02     1.24344642e+02   
    7.10000000e+04     1.77500000e+01     1.11192004e+03     2.96610553e+02     2.33730179e+02     1.22461685e+02   
    7.12000000e+04     1.78000000e+01     1.11192885e+03     3.01484212e+02     2.37982233e+02     1.25451809e+02   
    7.14000000e+04     1.78500000e+01     1.11192150e+03     2.99484669e+02     2.35095474e+02     1.23083086e+02   
    7.16000000e+04     1.79000000e+01     1.11192770e+03     3.02339764e+02     2.37923942e+02     1.25106409e+02   
    7.18000000e+04     1.79500000e+01     1.11190876e+03     2.98420721e+02     2.36527282e+02     1.22878227e+02   
    7.20000000e+04     1.80000000e+01     1.11190627e+03     2.99691231e+02     2.34685226e+02     1.20331362e+02   
    7.22000000e+04     1.80500000e+01     1.11193006e+03     2.97145392e+02     2.37149473e+02     1.24212876e+02   
    7.24000000e+04     1.81000000e+01     1.11193533e+03     2.98528025e+02     2.35201148e+02     1.22521460e+02   
    7.26000000e+04     1.81500000e+01     1.11194766e+03     2.99127290e+02     2.36020348e+02     1.24094705e+02   
    7.28000000e+04     1.82000000e+01     1.11196213e+03     2.98828681e+02     2.37108894e+02     1.25334709e+02   
    7.30000000e+04     1.82500000e+01     1.11194574e+03     3.01433749e+02     2.34808822e+02     1.21596912e+02   
    7.32000000e+04     1.83000000e+01     1.11194694e+03     2.98567367e+02     2.35869693e+02     1.23141617e+02   
    7.34000000e+04     1.83500000e+01     1.11194664e+03     2.98572394e+02     2.35532814e+02     1.21969262e+02   
    7.36000000e+04     1.84000000e+01     1.11195202e+03     3.01760397e+02     2.36672341e+02     1.24829046e+02   
    7.38000000e+04     1.84500000e+01     1.11195067e+03     3.00386761e+02     2.36776114e+02     1.23977215e+02   
    7.40000000e+04     1.85000000e+01     1.11193398e+03     2.97454064e+02     2.33293908e+02     1.20724753e+02   
    7.42000000e+04     1.85500000e+01     1.11194528e+03     3.00758766e+02     2.36482967e+02     1.23758074e+02   
    7.44000000e+04     1.86000000e+01     1.11195667e+03     3.01048695e+02     2.36538063e+02     1.24269356e+02   
    7.46000000e+04     1.86500000e+01     1.11195077e+03     2.98358662e+02     2.35655034e+02     1.24887604e+02   
    7.48000000e+04     1.87000000e+01     1.11194345e+03     3.00256203e+02     2.35807467e+02     1.23546945e+02   
    7.50000000e+04     1.87500000e+01     1.11194962e+03     2.96508744e+02     2.37813724e+02     1.25507838e+02   
    7.52000000e+04     1.88000000e+01     1.11195182e+03     3.00698581e+02     2.36345925e+02     1.23686793e+02   
    7.54000000e+04     1.88500000e+01     1.11195732e+03     2.98746584e+02     2.35983726e+02     1.24600219e+02   
    7.56000000e+04     1.89000000e+01     1.11195807e+03     2.96480391e+02     2.36275574e+02     1.25021855e+02   
    7.58000000e+04     1.89500000e+01     1.11196323e+03     2.98497201e+02     2.35137786e+02     1.22324628e+02   
    7.60000000e+04     1.90000000e+01     1.11196848e+03     3.00834232e+02     2.36400304e+02     1.24230092e+02   
    7.62000000e+04     1.90500000e+01     1.11197292e+03     3.01729275e+02     2.35044274e+02     1.21388565e+02   
    7.64000000e+04     1.91000000e+01     1.11197755e+03     2.98010545e+02     2.35669793e+02     1.24205699e+02   
    7.66000000e+04     1.91500000e+01     1.11197847e+03     3.01344783e+02     2.37978698e+02     1.26554029e+02   
    7.68000000e+04     1.92000000e+01     1.11197212e+03     3.00453753e+02     2.36269490e+02     1.25145192e+02   
    7.70000000e+04     1.92500000e+01     1.11197262e+03     2.98152682e+02     2.35525118e+02     1.24362955e+02   
    7.72000000e+04     1.93000000e+01     1.11196491e+03     3.02889361e+02     2.35283383e+02     1.22718788e+02   
    7.74000000e+04     1.93500000e+01     1.11196566e+03     2.99344120e+02     2.36496038e+02     1.24505873e+02   
    7.76000000e+04     1.94000000e+01     1.11195259e+03     2.98422355e+02     2.34883713e+02     1.21150597e+02   
    7.78000000e+04     1.94500000e+01     1.11195417e+03     3.03802108e+02     2.35345139e+02     1.22836095e+02   
    7.80000000e+04     1.95000000e+01     1.11195859e+03     3.03130938e+02     2.37109089e+02     1.22658561e+02   
    7.82000000e+04     1.95500000e+01     1.11195465e+03     3.00011343e+02     2.34875428e+02     1.23156219e+02   
    7.84000000e+04     1.96000000e+01     1.11196828e+03     2.99346984e+02     2.36509822e+02     1.23889708e+02   
    7.86000000e+04     1.96500000e+01     1.11199472e+03     2.98419209e+02     2.38573467e+02     1.27149015e+02   
    7.88000000e+04     1.97000000e+01     1.11199637e+03     3.00440903e+02     2.36464352e+02     1.25227409e+02   
    7.90000000e+04     1.97500000e+01     1.11199809e+03     3.01811158e+02     2.36083333e+02     1.23679368e+02   
    7.92000000e+04     1.98000000e+01     1.11200476e+03     2.98596271e+02     2.36074550e+02     1.23243650e+02   
    7.94000000e+04     1.98500000e+01     1.11199817e+03     3.00041750e+02     2.35219709e+02     1.23463067e+02   
    7.96000000e+04     1.99000000e+01     1.11199741e+03     3.01321750e+02     2.36674069e+02     1.23889583e+02   
    7.98000000e+04     1.99500000e+01     1.11198307e+03     3.01506223e+02     2.34669568e+02     1.23356528e+02   
    8.00000000e+04     2.00000000e+01     1.11197941e+03     2.98444187e+02     2.35033419e+02     1.24026535e+02   
