# column   1     --> step : The current simulation time step.
# column   2     --> time{picosecond} : The elapsed simulation time.
# column   3     --> conserved{electronvolt} : The value of the conserved energy quantity per bead.
# column   4     --> temperature{kelvin} : The current temperature, as obtained from the MD kinetic energy.
# column   5     --> kinetic_cv{electronvolt} : The centroid-virial quantum kinetic energy of the physical system.
# column   6     --> potential{electronvolt} : The physical system potential energy.
    0.00000000e+00     0.00000000e+00     1.11168932e+03     3.04273373e+02     2.35512600e+02     1.21866750e+02   
    2.00000000e+02     5.00000000e-02     1.11168067e+03     2.99082945e+02     2.35922073e+02     1.21293886e+02   
    4.00000000e+02     1.00000000e-01     1.11168273e+03     3.02574583e+02     2.36004609e+02     1.22254642e+02   
    6.00000000e+02     1.50000000e-01     1.11168161e+03     3.01313299e+02     2.34731121e+02     1.20298364e+02   
    8.00000000e+02     2.00000000e-01     1.11169930e+03     3.01074172e+02     2.37615344e+02     1.23468569e+02   
    1.00000000e+03     2.50000000e-01     1.11170032e+03     3.03657775e+02     2.35017993e+02     1.21234322e+02   
    1.20000000e+03     3.00000000e-01     1.11169970e+03     2.99781637e+02     2.34701244e+02     1.21621697e+02   
    1.40000000e+03     3.50000000e-01     1.11170364e+03     3.01802958e+02     2.36063469e+02     1.21752943e+02   
    1.60000000e+03     4.00000000e-01     1.11168681e+03     2.99698565e+02     2.34129750e+02     1.19464324e+02   
    1.80000000e+03     4.50000000e-01     1.11168206e+03     3.00282461e+02     2.35258956e+02     1.19952139e+02   
    2.00000000e+03     5.00000000e-01     1.11167498e+03     2.98583257e+02     2.36657553e+02     1.23829045e+02   
    2.20000000e+03     5.50000000e-01     1.11166964e+03     2.96077284e+02     2.36053650e+02     1.21694648e+02   
    2.40000000e+03     6.00000000e-01     1.11167821e+03     3.00348466e+02     2.36304833e+02     1.22197015e+02   
    2.60000000e+03     6.50000000e-01     1.11166897e+03     3.01657053e+02     2.35406116e+02     1.19094873e+02   
    2.80000000e+03     7.00000000e-01     1.11166817e+03     3.01447364e+02     2.36732585e+02     1.23035439e+02   
    3.00000000e+03     7.50000000e-01     1.11165762e+03     2.99674351e+02     2.36219392e+02     1.22072022e+02   
    3.20000000e+03     8.00000000e-01     1.11163337e+03     2.99599549e+02     2.34584486e+02     1.19501142e+02   
    3.40000000e+03     8.50000000e-01     1.11162530e+03     3.00355629e+02     2.36551984e+02     1.21794009e+02   
    3.60000000e+03     9.00000000e-01     1.11161697e+03     2.99729906e+02     2.35366671e+02     1.19935140e+02   
    3.80000000e+03     9.50000000e-01     1.11162870e+03     3.02216812e+02     2.36726806e+02     1.20324428e+02   
    4.00000000e+03     1.00000000e+00     1.11163783e+03     2.99453750e+02     2.35719728e+02     1.21488145e+02   
    4.20000000e+03     1.05000000e+00     1.11165178e+03     3.01539928e+02     2.35846961e+02     1.21398037e+02   
    4.40000000e+03     1.10000000e+00     1.11166638e+03     2.98046524e+02     2.34977847e+02     1.21593420e+02   
    4.60000000e+03     1.15000000e+00     1.11167953e+03     3.00723053e+02     2.36411566e+02     1.23195763e+02   
    4.80000000e+03     1.20000000e+00     1.11169019e+03     3.02723754e+02     2.37748555e+02     1.23753302e+02   
    5.00000000e+03     1.25000000e+00     1.11169228e+03     2.99499149e+02     2.35177464e+02     1.21729791e+02   
    5.20000000e+03     1.30000000e+00     1.11170104e+03     3.02370487e+02     2.36623732e+02     1.21735068e+02   
    5.40000000e+03     1.35000000e+00     1.11169248e+03     3.04303469e+02     2.36176862e+02     1.20936012e+02   
    5.60000000e+03     1.40000000e+00     1.11168714e+03     3.02775802e+02     2.36874618e+02     1.21875447e+02   
    5.80000000e+03     1.45000000e+00     1.11168744e+03     3.00268400e+02     2.35187435e+02     1.19111223e+02   
    6.00000000e+03     1.50000000e+00     1.11170936e+03     3.01692924e+02     2.37390034e+02     1.21197034e+02   
    6.20000000e+03     1.55000000e+00     1.11170367e+03     2.98910735e+02     2.36151371e+02     1.21015244e+02   
    6.40000000e+03     1.60000000e+00     1.11170813e+03     3.00359587e+02     2.36171575e+02     1.21054860e+02   
    6.60000000e+03     1.65000000e+00     1.11172302e+03     2.98357189e+02     2.36614045e+02     1.22993124e+02   
    6.80000000e+03     1.70000000e+00     1.11173176e+03     3.00632521e+02     2.37643622e+02     1.23750538e+02   
    7.00000000e+03     1.75000000e+00     1.11171142e+03     3.01977668e+02     2.35127215e+02     1.21268801e+02   
    7.20000000e+03     1.80000000e+00     1.11171391e+03     3.00781552e+02     2.37182062e+02     1.23993802e+02   
    7.40000000e+03     1.85000000e+00     1.11171952e+03     2.96079643e+02     2.38484135e+02     1.24991888e+02   
    7.60000000e+03     1.90000000e+00     1.11172684e+03     3.02712384e+02     2.36068101e+02     1.22853663e+02   
    7.80000000e+03     1.95000000e+00     1.11173849e+03     3.01868485e+02     2.37205285e+02     1.24749024e+02   
    8.00000000e+03     2.00000000e+00     1.11174081e+03     3.01956623e+02     2.36072565e+02     1.22715274e+02   
    8.20000000e+03     2.05000000e+00     1.11173954e+03     3.00351994e+02     2.36504104e+02     1.21800317e+02   
    8.40000000e+03     2.10000000e+00     1.11173198e+03     3.01278009e+02     2.36361857e+02     1.24153650e+02   
    8.60000000e+03     2.15000000e+00     1.11172959e+03     2.99261030e+02     2.35003286e+02     1.21827184e+02   
    8.80000000e+03     2.20000000e+00     1.11173132e+03     2.97691089e+02     2.36224000e+02     1.22701175e+02   
    9.00000000e+03     2.25000000e+00     1.11173413e+03     2.98767954e+02     2.35566106e+02     1.23496605e+02   
    9.20000000e+03     2.30000000e+00     1.11174390e+03     3.01419201e+02     2.37989481e+02     1.24800133e+02   
    9.40000000e+03     2.35000000e+00     1.11174463e+03     2.99527757e+02     2.35818400e+02     1.25752742e+02   
    9.60000000e+03     2.40000000e+00     1.11176990e+03     3.00903142e+02     2.37456707e+02     1.25648752e+02   
    9.80000000e+03     2.45000000e+00     1.11176599e+03     3.01417679e+02     2.34437485e+02     1.23574178e+02   
    1.00000000e+04     2.50000000e+00     1.11176899e+03     3.01560244e+02     2.35344144e+02     1.23387797e+02   
    1.02000000e+04     2.55000000e+00     1.11177668e+03     2.98568070e+02     2.36958413e+02     1.25913902e+02   
    1.04000000e+04     2.60000000e+00     1.11177929e+03     2.99855795e+02     2.37778833e+02     1.26773215e+02   
    1.06000000e+04     2.65000000e+00     1.11177598e+03     3.03310002e+02     2.37389294e+02     1.25501044e+02   
    1.08000000e+04     2.70000000e+00     1.11176823e+03     2.97344547e+02     2.37126834e+02     1.25604364e+02   
    1.10000000e+04     2.75000000e+00     1.11178335e+03     3.03258917e+02     2.38254902e+02     1.25543705e+02   
    1.12000000e+04     2.80000000e+00     1.11178037e+03     3.00406162e+02     2.36079411e+02     1.25695577e+02   
    1.14000000e+04     2.85000000e+00     1.11178672e+03     3.06184604e+02     2.38270715e+02     1.24401917e+02   
    1.16000000e+04     2.90000000e+00     1.11178006e+03     3.02611816e+02     2.35723107e+02     1.23789746e+02   
    1.18000000e+04     2.95000000e+00     1.11178457e+03     2.99907145e+02     2.37103722e+02     1.23748237e+02   
    1.20000000e+04     3.00000000e+00     1.11176442e+03     2.99616911e+02     2.35410252e+02     1.24061425e+02   
    1.22000000e+04     3.05000000e+00     1.11177207e+03     3.01432282e+02     2.36823100e+02     1.24547708e+02   
    1.24000000e+04     3.10000000e+00     1.11177433e+03     3.02635125e+02     2.36278738e+02     1.25135152e+02   
    1.26000000e+04     3.15000000e+00     1.11176328e+03     3.00887854e+02     2.36360197e+02     1.25303639e+02   
    1.28000000e+04     3.20000000e+00     1.11175311e+03     2.99042037e+02     2.37874747e+02     1.25970120e+02   
    1.30000000e+04     3.25000000e+00     1.11174705e+03     3.02905468e+02     2.37067846e+02     1.25102155e+02   
    1.32000000e+04     3.30000000e+00     1.11175030e+03     3.00117966e+02     2.35891615e+02     1.23649939e+02   
    1.34000000e+04     3.35000000e+00     1.11177460e+03     2.98117356e+02     2.37962859e+02     1.28053774e+02   
    1.36000000e+04     3.40000000e+00     1.11177369e+03     3.02083315e+02     2.35283864e+02     1.24293112e+02   
    1.38000000e+04     3.45000000e+00     1.11179047e+03     3.04753278e+02     2.37402808e+02     1.25089382e+02   
    1.40000000e+04     3.50000000e+00     1.11178364e+03     3.03826040e+02     2.36342442e+02     1.22061690e+02   
    1.42000000e+04     3.55000000e+00     1.11177594e+03     3.04108511e+02     2.34982816e+02     1.21210053e+02   
    1.44000000e+04     3.60000000e+00     1.11176775e+03     3.00782818e+02     2.33567783e+02     1.19715406e+02   
    1.46000000e+04     3.65000000e+00     1.11179082e+03     3.01145480e+02     2.36519387e+02     1.23363932e+02   
    1.48000000e+04     3.70000000e+00     1.11179925e+03     3.01812885e+02     2.37483695e+02     1.23752848e+02   
    1.50000000e+04     3.75000000e+00     1.11179969e+03     3.00775429e+02     2.36642228e+02     1.24465209e+02   
    1.52000000e+04     3.80000000e+00     1.11181403e+03     2.99836067e+02     2.37120338e+02     1.24777906e+02   
    1.54000000e+04     3.85000000e+00     1.11181668e+03     3.00198422e+02     2.36627985e+02     1.23065385e+02   
    1.56000000e+04     3.90000000e+00     1.11181058e+03     3.00954868e+02     2.35043525e+02     1.21509229e+02   
    1.58000000e+04     3.95000000e+00     1.11182475e+03     3.00724809e+02     2.34724981e+02     1.22981053e+02   
    1.60000000e+04     4.00000000e+00     1.11183562e+03     3.01038792e+02     2.37259278e+02     1.24444991e+02   
    1.62000000e+04     4.05000000e+00     1.11183490e+03     2.98933482e+02     2.36131597e+02     1.24067621e+02   
    1.64000000e+04     4.10000000e+00     1.11183630e+03     3.02891970e+02     2.36225985e+02     1.24501990e+02   
    1.66000000e+04     4.15000000e+00     1.11182428e+03     2.99308275e+02     2.35059257e+02     1.22344637e+02   
    1.68000000e+04     4.20000000e+00     1.11180449e+03     2.99961174e+02     2.34384617e+02     1.21196171e+02   
    1.70000000e+04     4.25000000e+00     1.11180609e+03     2.97439952e+02     2.37468707e+02     1.23396020e+02   
    1.72000000e+04     4.30000000e+00     1.11178880e+03     2.98667453e+02     2.37305934e+02     1.23252051e+02   
    1.74000000e+04     4.35000000e+00     1.11178134e+03     2.98277108e+02     2.36424919e+02     1.23090092e+02   
    1.76000000e+04     4.40000000e+00     1.11177558e+03     2.99449146e+02     2.37063268e+02     1.21199625e+02   
    1.78000000e+04     4.45000000e+00     1.11177778e+03     2.99940129e+02     2.36592050e+02     1.23250406e+02   
    1.80000000e+04     4.50000000e+00     1.11178461e+03     3.00109631e+02     2.37033535e+02     1.22169452e+02   
    1.82000000e+04     4.55000000e+00     1.11177672e+03     3.00543053e+02     2.35788098e+02     1.21642423e+02   
    1.84000000e+04     4.60000000e+00     1.11177900e+03     3.00930423e+02     2.34124329e+02     1.19090595e+02   
    1.86000000e+04     4.65000000e+00     1.11179801e+03     3.01704486e+02     2.35865093e+02     1.22726104e+02   
    1.88000000e+04     4.70000000e+00     1.11179975e+03     3.02574611e+02     2.36292411e+02     1.22288435e+02   
    1.90000000e+04     4.75000000e+00     1.11178983e+03     2.99786121e+02     2.36571634e+02     1.23442193e+02   
    1.92000000e+04     4.80000000e+00     1.11177842e+03     3.02467207e+02     2.34824866e+02     1.20246269e+02   
    1.94000000e+04     4.85000000e+00     1.11179634e+03     3.01305632e+02     2.38732328e+02     1.25576389e+02   
    1.96000000e+04     4.90000000e+00     1.11179075e+03     3.00715158e+02     2.36477468e+02     1.23130259e+02   
    1.98000000e+04     4.95000000e+00     1.11179233e+03     3.04954825e+02     2.34906766e+02     1.21377566e+02   
    2.00000000e+04     5.00000000e+00     1.11180759e+03     3.00597101e+02     2.36330485e+02     1.23285668e+02   
    2.02000000e+04     5.05000000e+00     1.11181098e+03     2.99647354e+02     2.35886436e+02     1.22642981e+02   
    2.04000000e+04     5.10000000e+00     1.11183127e+03     3.02093842e+02     2.37508011e+02     1.24673756e+02   
    2.06000000e+04     5.15000000e+00     1.11182476e+03     3.01844386e+02     2.36575037e+02     1.22509729e+02   
    2.08000000e+04     5.20000000e+00     1.11184053e+03     3.00856931e+02     2.39580900e+02     1.27682879e+02   
    2.10000000e+04     5.25000000e+00     1.11182648e+03     2.99690010e+02     2.35885224e+02     1.23116248e+02   
    2.12000000e+04     5.30000000e+00     1.11182600e+03     2.99857840e+02     2.34583036e+02     1.23008031e+02   
    2.14000000e+04     5.35000000e+00     1.11183051e+03     3.00767758e+02     2.36398076e+02     1.24833714e+02   
    2.16000000e+04     5.40000000e+00     1.11183904e+03     3.00553394e+02     2.36390378e+02     1.24940941e+02   
    2.18000000e+04     5.45000000e+00     1.11182776e+03     2.98544680e+02     2.33965534e+02     1.23337797e+02   
    2.20000000e+04     5.50000000e+00     1.11184520e+03     3.00432956e+02     2.36831942e+02     1.27109104e+02   
    2.22000000e+04     5.55000000e+00     1.11184297e+03     2.99691368e+02     2.36731168e+02     1.25803418e+02   
    2.24000000e+04     5.60000000e+00     1.11183246e+03     2.96207796e+02     2.35462707e+02     1.25207407e+02   
    2.26000000e+04     5.65000000e+00     1.11183494e+03     2.95974741e+02     2.35393593e+02     1.24317226e+02   
    2.28000000e+04     5.70000000e+00     1.11184710e+03     2.98820996e+02     2.37387861e+02     1.27420786e+02   
    2.30000000e+04     5.75000000e+00     1.11184528e+03     3.02256072e+02     2.38043841e+02     1.25878827e+02   
    2.32000000e+04     5.80000000e+00     1.11183550e+03     2.99146238e+02     2.36122331e+02     1.25168421e+02   
    2.34000000e+04     5.85000000e+00     1.11182275e+03     3.00365199e+02     2.35231370e+02     1.22085030e+02   
    2.36000000e+04     5.90000000e+00     1.11182100e+03     3.02367373e+02     2.35501676e+02     1.23725147e+02   
    2.38000000e+04     5.95000000e+00     1.11181566e+03     2.99132318e+02     2.35705323e+02     1.22162675e+02   
    2.40000000e+04     6.00000000e+00     1.11182415e+03     3.02577986e+02     2.36871792e+02     1.24121722e+02   
    2.42000000e+04     6.05000000e+00     1.11182457e+03     3.00045447e+02     2.35997908e+02     1.23341934e+02   
    2.44000000e+04     6.10000000e+00     1.11181465e+03     2.99312610e+02     2.34800613e+02     1.22149598e+02   
    2.46000000e+04     6.15000000e+00     1.11181955e+03     2.97989288e+02     2.36228444e+02     1.22366858e+02   
    2.48000000e+04     6.20000000e+00     1.11181257e+03     3.00184867e+02     2.34619729e+02     1.20130684e+02   
    2.50000000e+04     6.25000000e+00     1.11182789e+03     2.99400469e+02     2.35770295e+02     1.22879703e+02   
    2.52000000e+04     6.30000000e+00     1.11183342e+03     2.97657127e+02     2.35733208e+02     1.23124175e+02   
    2.54000000e+04     6.35000000e+00     1.11183666e+03     2.95676303e+02     2.37326343e+02     1.23407980e+02   
    2.56000000e+04     6.40000000e+00     1.11181765e+03     3.01668139e+02     2.35281453e+02     1.20361805e+02   
    2.58000000e+04     6.45000000e+00     1.11181780e+03     2.98123652e+02     2.34758122e+02     1.20812935e+02   
    2.60000000e+04     6.50000000e+00     1.11181828e+03     3.00628776e+02     2.36827374e+02     1.21817226e+02   
    2.62000000e+04     6.55000000e+00     1.11182095e+03     2.98652575e+02     2.38113739e+02     1.24099348e+02   
    2.64000000e+04     6.60000000e+00     1.11180600e+03     2.97701022e+02     2.37567541e+02     1.23021841e+02   
    2.66000000e+04     6.65000000e+00     1.11180333e+03     2.99359076e+02     2.36489181e+02     1.23732024e+02   
    2.68000000e+04     6.70000000e+00     1.11180153e+03     3.04394259e+02     2.36531301e+02     1.22670130e+02   
    2.70000000e+04     6.75000000e+00     1.11181076e+03     2.98681566e+02     2.36472466e+02     1.24029569e+02   
    2.72000000e+04     6.80000000e+00     1.11180116e+03     3.01204729e+02     2.34811116e+02     1.21008490e+02   
    2.74000000e+04     6.85000000e+00     1.11181035e+03     2.97474681e+02     2.36148607e+02     1.23146787e+02   
    2.76000000e+04     6.90000000e+00     1.11181585e+03     2.98345388e+02     2.37221459e+02     1.25506892e+02   
    2.78000000e+04     6.95000000e+00     1.11182536e+03     2.98679743e+02     2.37113285e+02     1.25530028e+02   
    2.80000000e+04     7.00000000e+00     1.11182223e+03     3.00046986e+02     2.37208765e+02     1.25533804e+02   
    2.82000000e+04     7.05000000e+00     1.11181630e+03     2.96124721e+02     2.36152664e+02     1.23509695e+02   
    2.84000000e+04     7.10000000e+00     1.11181519e+03     2.95619769e+02     2.35707510e+02     1.25489189e+02   
    2.86000000e+04     7.15000000e+00     1.11180365e+03     3.00589049e+02     2.36797279e+02     1.25357294e+02   
    2.88000000e+04     7.20000000e+00     1.11180259e+03     3.00980179e+02     2.35533222e+02     1.25069990e+02   
    2.90000000e+04     7.25000000e+00     1.11178825e+03     3.00478544e+02     2.35255200e+02     1.22986101e+02   
    2.92000000e+04     7.30000000e+00     1.11178665e+03     2.99142800e+02     2.36961407e+02     1.24901652e+02   
    2.94000000e+04     7.35000000e+00     1.11178357e+03     3.00399899e+02     2.36196632e+02     1.23264002e+02   
    2.96000000e+04     7.40000000e+00     1.11179105e+03     3.01642280e+02     2.36991876e+02     1.24713025e+02   
    2.98000000e+04     7.45000000e+00     1.11178392e+03     2.99841251e+02     2.34797544e+02     1.21214223e+02   
    3.00000000e+04     7.50000000e+00     1.11178555e+03     2.99572151e+02     2.36844453e+02     1.24518729e+02   
    3.02000000e+04     7.55000000e+00     1.11178155e+03     3.02798862e+02     2.36378173e+02     1.23510028e+02   
    3.04000000e+04     7.60000000e+00     1.11179441e+03     3.00103915e+02     2.37426181e+02     1.25301285e+02   
    3.06000000e+04     7.65000000e+00     1.11178252e+03     2.99402058e+02     2.35334608e+02     1.21499580e+02   
    3.08000000e+04     7.70000000e+00     1.11179065e+03     3.04624472e+02     2.36303122e+02     1.23888379e+02   
    3.10000000e+04     7.75000000e+00     1.11179761e+03     3.02872194e+02     2.36934270e+02     1.22028389e+02   
    3.12000000e+04     7.80000000e+00     1.11179453e+03     3.00637364e+02     2.36480384e+02     1.23585875e+02   
    3.14000000e+04     7.85000000e+00     1.11181014e+03     2.97079335e+02     2.38801514e+02     1.25427362e+02   
    3.16000000e+04     7.90000000e+00     1.11179307e+03     3.04676543e+02     2.36047538e+02     1.22822333e+02   
    3.18000000e+04     7.95000000e+00     1.11179830e+03     3.01608199e+02     2.37196274e+02     1.25000062e+02   
    3.20000000e+04     8.00000000e+00     1.11179878e+03     3.05292803e+02     2.37042590e+02     1.22893779e+02   
    3.22000000e+04     8.05000000e+00     1.11180202e+03     3.01617919e+02     2.36837496e+02     1.25939944e+02   
    3.24000000e+04     8.10000000e+00     1.11180387e+03     3.00609361e+02     2.36675690e+02     1.25214627e+02   
    3.26000000e+04     8.15000000e+00     1.11180592e+03     3.00021919e+02     2.37893551e+02     1.27002357e+02   
    3.28000000e+04     8.20000000e+00     1.11179303e+03     3.03228324e+02     2.35656463e+02     1.23359131e+02   
    3.30000000e+04     8.25000000e+00     1.11180052e+03     3.00941180e+02     2.36712461e+02     1.24547912e+02   
    3.32000000e+04     8.30000000e+00     1.11179577e+03     2.99732727e+02     2.36140520e+02     1.25469487e+02   
    3.34000000e+04     8.35000000e+00     1.11179025e+03     3.00407960e+02     2.37476365e+02     1.26493628e+02   
    3.36000000e+04     8.40000000e+00     1.11178238e+03     2.98452868e+02     2.35132435e+02     1.24935542e+02   
    3.38000000e+04     8.45000000e+00     1.11178828e+03     2.98371541e+02     2.38061427e+02     1.26976819e+02   
    3.40000000e+04     8.50000000e+00     1.11177750e+03     3.01432007e+02     2.35571642e+02     1.22833730e+02   
    3.42000000e+04     8.55000000e+00     1.11177343e+03     3.00441814e+02     2.36532461e+02     1.23744762e+02   
    3.44000000e+04     8.60000000e+00     1.11177863e+03     2.99312209e+02     2.35596290e+02     1.23957338e+02   
    3.46000000e+04     8.65000000e+00     1.11178395e+03     2.99546406e+02     2.36446853e+02     1.25056633e+02   
    3.48000000e+04     8.70000000e+00     1.11178040e+03     2.98550948e+02     2.36948791e+02     1.24683502e+02   
    3.50000000e+04     8.75000000e+00     1.11177259e+03     2.99649624e+02     2.36324291e+02     1.24653981e+02   
    3.52000000e+04     8.80000000e+00     1.11175588e+03     3.01398078e+02     2.35124502e+02     1.23680013e+02   
    3.54000000e+04     8.85000000e+00     1.11175866e+03     2.99985804e+02     2.36321106e+02     1.24677626e+02   
    3.56000000e+04     8.90000000e+00     1.11176022e+03     2.99115863e+02     2.38902024e+02     1.27403670e+02   
    3.58000000e+04     8.95000000e+00     1.11174412e+03     3.01451058e+02     2.36486439e+02     1.24164843e+02   
    3.60000000e+04     9.00000000e+00     1.11174960e+03     3.02084698e+02     2.37160385e+02     1.24703667e+02   
    3.62000000e+04     9.05000000e+00     1.11177007e+03     3.02204459e+02     2.37129091e+02     1.24560379e+02   
    3.64000000e+04     9.10000000e+00     1.11176829e+03     3.01631531e+02     2.36358231e+02     1.23618799e+02   
    3.66000000e+04     9.15000000e+00     1.11177530e+03     3.01578295e+02     2.37739286e+02     1.27734077e+02   
    3.68000000e+04     9.20000000e+00     1.11176551e+03     3.01962136e+02     2.36289092e+02     1.23983370e+02   
    3.70000000e+04     9.25000000e+00     1.11176762e+03     2.99666473e+02     2.36704174e+02     1.26440920e+02   
    3.72000000e+04     9.30000000e+00     1.11176250e+03     3.02625693e+02     2.34883260e+02     1.22897101e+02   
    3.74000000e+04     9.35000000e+00     1.11176987e+03     3.04776248e+02     2.36199369e+02     1.26526603e+02   
    3.76000000e+04     9.40000000e+00     1.11176425e+03     3.01874347e+02     2.37586172e+02     1.25873247e+02   
    3.78000000e+04     9.45000000e+00     1.11175553e+03     2.98731397e+02     2.36855667e+02     1.26962523e+02   
    3.80000000e+04     9.50000000e+00     1.11173972e+03     3.03877322e+02     2.35271493e+02     1.23471653e+02   
    3.82000000e+04     9.55000000e+00     1.11174793e+03     3.00492846e+02     2.36640350e+02     1.24323256e+02   
    3.84000000e+04     9.60000000e+00     1.11175307e+03     2.99719459e+02     2.35308404e+02     1.24233920e+02   
    3.86000000e+04     9.65000000e+00     1.11175887e+03     3.02371115e+02     2.35651733e+02     1.24270374e+02   
    3.88000000e+04     9.70000000e+00     1.11176747e+03     3.01831756e+02     2.36118309e+02     1.27180147e+02   
    3.90000000e+04     9.75000000e+00     1.11176973e+03     3.03819677e+02     2.36702910e+02     1.25752756e+02   
    3.92000000e+04     9.80000000e+00     1.11177193e+03     2.98715098e+02     2.34734253e+02     1.24838383e+02   
    3.94000000e+04     9.85000000e+00     1.11178213e+03     2.98683503e+02     2.35406837e+02     1.24953395e+02   
    3.96000000e+04     9.90000000e+00     1.11179638e+03     3.01768361e+02     2.39063405e+02     1.29298122e+02   
    3.98000000e+04     9.95000000e+00     1.11178631e+03     2.99091318e+02     2.36933202e+02     1.27286998e+02   
    4.00000000e+04     1.00000000e+01     1.11179319e+03     2.98557149e+02     2.38070115e+02     1.27530321e+02   
    4.02000000e+04     1.00500000e+01     1.11179050e+03     3.01844543e+02     2.37405219e+02     1.25422001e+02   
    4.04000000e+04     1.01000000e+01     1.11179530e+03     3.01178610e+02     2.37139088e+02     1.25766541e+02   
    4.06000000e+04     1.01500000e+01     1.11178721e+03     2.98647094e+02     2.37228352e+02     1.26571789e+02   
    4.08000000e+04     1.02000000e+01     1.11179364e+03     2.99785017e+02     2.35178500e+02     1.23694365e+02   
    4.10000000e+04     1.02500000e+01     1.11180564e+03     3.02407391e+02     2.35129867e+02     1.23576708e+02   
    4.12000000e+04     1.03000000e+01     1.11180424e+03     3.01305844e+02     2.36477921e+02     1.26498390e+02   
    4.14000000e+04     1.03500000e+01     1.11179684e+03     2.98313445e+02     2.36767003e+02     1.25554817e+02   
    4.16000000e+04     1.04000000e+01     1.11179675e+03     3.00571889e+02     2.35967881e+02     1.24802578e+02   
    4.18000000e+04     1.04500000e+01     1.11179911e+03     2.99977913e+02     2.36235779e+02     1.24776719e+02   
    4.20000000e+04     1.05000000e+01     1.11180671e+03     2.99906055e+02     2.36998177e+02     1.23875932e+02   
    4.22000000e+04     1.05500000e+01     1.11181716e+03     3.01336097e+02     2.36541953e+02     1.25725774e+02   
    4.24000000e+04     1.06000000e+01     1.11181747e+03     3.02009426e+02     2.36273681e+02     1.22341415e+02   
    4.26000000e+04     1.06500000e+01     1.11183309e+03     3.00718081e+02     2.36896583e+02     1.25708837e+02   
    4.28000000e+04     1.07000000e+01     1.11182617e+03     2.99828186e+02     2.36837932e+02     1.24810817e+02   
    4.30000000e+04     1.07500000e+01     1.11180848e+03     2.97722845e+02     2.35005255e+02     1.23351922e+02   
    4.32000000e+04     1.08000000e+01     1.11180954e+03     3.01931385e+02     2.38110305e+02     1.26151438e+02   
    4.34000000e+04     1.08500000e+01     1.11181127e+03     3.01007175e+02     2.38273891e+02     1.28322252e+02   
    4.36000000e+04     1.09000000e+01     1.11180179e+03     3.01322154e+02     2.35385899e+02     1.24053187e+02   
    4.38000000e+04     1.09500000e+01     1.11181517e+03     3.01082668e+02     2.36730764e+02     1.25524828e+02   
    4.40000000e+04     1.10000000e+01     1.11180951e+03     3.02037881e+02     2.35311451e+02     1.23443308e+02   
    4.42000000e+04     1.10500000e+01     1.11181736e+03     3.01143906e+02     2.35534147e+02     1.23901401e+02   
    4.44000000e+04     1.11000000e+01     1.11180594e+03     3.02906557e+02     2.35030695e+02     1.25029623e+02   
    4.46000000e+04     1.11500000e+01     1.11180716e+03     3.01372977e+02     2.36130010e+02     1.23927369e+02   
    4.48000000e+04     1.12000000e+01     1.11180705e+03     2.99282717e+02     2.37276325e+02     1.25578569e+02   
    4.50000000e+04     1.12500000e+01     1.11179278e+03     2.98024247e+02     2.34181548e+02     1.21736460e+02   
    4.52000000e+04     1.13000000e+01     1.11181337e+03     3.01774394e+02     2.37658339e+02     1.26030315e+02   
    4.54000000e+04     1.13500000e+01     1.11182303e+03     2.98743529e+02     2.36774324e+02     1.25436851e+02   
    4.56000000e+04     1.14000000e+01     1.11181239e+03     3.01467553e+02     2.34473546e+02     1.22206042e+02   
    4.58000000e+04     1.14500000e+01     1.11182279e+03     3.01018450e+02     2.37580299e+02     1.25663838e+02   
    4.60000000e+04     1.15000000e+01     1.11181418e+03     2.99995781e+02     2.36738322e+02     1.23920587e+02   
    4.62000000e+04     1.15500000e+01     1.11181622e+03     2.97761936e+02     2.34882923e+02     1.23171235e+02   
    4.64000000e+04     1.16000000e+01     1.11182099e+03     3.03479391e+02     2.36367338e+02     1.24548939e+02   
    4.66000000e+04     1.16500000e+01     1.11182358e+03     3.04062057e+02     2.36630905e+02     1.25739837e+02   
    4.68000000e+04     1.17000000e+01     1.11180931e+03     3.02264810e+02     2.34337389e+02     1.23346339e+02   
    4.70000000e+04     1.17500000e+01     1.11180471e+03     2.99780188e+02     2.34407543e+02     1.22467019e+02   
    4.72000000e+04     1.18000000e+01     1.11181384e+03     3.00298247e+02     2.37009309e+02     1.25137407e+02   
    4.74000000e+04     1.18500000e+01     1.11180502e+03     3.03644138e+02     2.35106327e+02     1.23034189e+02   
    4.76000000e+04     1.19000000e+01     1.11181228e+03     3.00800429e+02     2.36210041e+02     1.23408817e+02   
    4.78000000e+04     1.19500000e+01     1.11182099e+03     3.03592100e+02     2.36939542e+02     1.24941017e+02   
    4.80000000e+04     1.20000000e+01     1.11181902e+03     3.02508433e+02     2.37731457e+02     1.23759209e+02   
    4.82000000e+04     1.20500000e+01     1.11181059e+03     3.04235295e+02     2.35171481e+02     1.23033388e+02   
    4.84000000e+04     1.21000000e+01     1.11181392e+03     2.98359117e+02     2.36573180e+02     1.25314994e+02   
    4.86000000e+04     1.21500000e+01     1.11182091e+03     3.02680601e+02     2.35395464e+02     1.23109480e+02   
    4.88000000e+04     1.22000000e+01     1.11182740e+03     3.03977766e+02     2.35466965e+02     1.23802395e+02   
    4.90000000e+04     1.22500000e+01     1.11183928e+03     3.02953186e+02     2.36309232e+02     1.23789449e+02   
    4.92000000e+04     1.23000000e+01     1.11184571e+03     2.98688906e+02     2.36485173e+02     1.25121505e+02   
    4.94000000e+04     1.23500000e+01     1.11184241e+03     2.99787251e+02     2.35997369e+02     1.25758638e+02   
    4.96000000e+04     1.24000000e+01     1.11183581e+03     3.00823589e+02     2.37210361e+02     1.25295424e+02   
    4.98000000e+04     1.24500000e+01     1.11182549e+03     2.98305007e+02     2.35833544e+02     1.23730901e+02   
    5.00000000e+04     1.25000000e+01     1.11182002e+03     3.01584193e+02     2.35444026e+02     1.24130780e+02   
    5.02000000e+04     1.25500000e+01     1.11183247e+03     2.98866463e+02     2.36438043e+02     1.25958988e+02   
    5.04000000e+04     1.26000000e+01     1.11184040e+03     3.03698124e+02     2.38770196e+02     1.28192591e+02   
    5.06000000e+04     1.26500000e+01     1.11181389e+03     2.98952120e+02     2.34687116e+02     1.21556441e+02   
    5.08000000e+04     1.27000000e+01     1.11182909e+03     3.02091318e+02     2.36313775e+02     1.25390081e+02   
    5.10000000e+04     1.27500000e+01     1.11183568e+03     2.99635539e+02     2.36354986e+02     1.25415609e+02   
    5.12000000e+04     1.28000000e+01     1.11184414e+03     2.99188939e+02     2.37092764e+02     1.26452567e+02   
    5.14000000e+04     1.28500000e+01     1.11183139e+03     2.99710579e+02     2.37505161e+02     1.26286689e+02   
    5.16000000e+04     1.29000000e+01     1.11182055e+03     3.02332385e+02     2.36489808e+02     1.24785182e+02   
    5.18000000e+04     1.29500000e+01     1.11180470e+03     3.00585001e+02     2.35369370e+02     1.24312358e+02   
    5.20000000e+04     1.30000000e+01     1.11181873e+03     2.98675978e+02     2.37676569e+02     1.26569960e+02   
    5.22000000e+04     1.30500000e+01     1.11181081e+03     2.99410605e+02     2.36550003e+02     1.25725456e+02   
    5.24000000e+04     1.31000000e+01     1.11180907e+03     3.00329850e+02     2.35109083e+02     1.22603744e+02   
    5.26000000e+04     1.31500000e+01     1.11181433e+03     2.99544227e+02     2.35196355e+02     1.23195257e+02   
    5.28000000e+04     1.32000000e+01     1.11181556e+03     3.00408943e+02     2.36872363e+02     1.24318863e+02   
    5.30000000e+04     1.32500000e+01     1.11180002e+03     3.00373502e+02     2.34949816e+02     1.21197427e+02   
    5.32000000e+04     1.33000000e+01     1.11180742e+03     3.03475710e+02     2.35407244e+02     1.21880906e+02   
    5.34000000e+04     1.33500000e+01     1.11181913e+03     3.01363476e+02     2.36225995e+02     1.24957622e+02   
    5.36000000e+04     1.34000000e+01     1.11182019e+03     3.01966051e+02     2.37860413e+02     1.26724999e+02   
    5.38000000e+04     1.34500000e+01     1.11182435e+03     3.00324082e+02     2.38427711e+02     1.28371732e+02   
    5.40000000e+04     1.35000000e+01     1.11181682e+03     3.00923724e+02     2.38104049e+02     1.25398607e+02   
    5.42000000e+04     1.35500000e+01     1.11181425e+03     3.03741089e+02     2.36258096e+02     1.25329874e+02   
    5.44000000e+04     1.36000000e+01     1.11182229e+03     3.00232326e+02     2.36521592e+02     1.26085505e+02   
    5.46000000e+04     1.36500000e+01     1.11184221e+03     2.98972551e+02     2.38490733e+02     1.29394405e+02   
    5.48000000e+04     1.37000000e+01     1.11185451e+03     3.01365828e+02     2.36693075e+02     1.26788416e+02   
    5.50000000e+04     1.37500000e+01     1.11186611e+03     3.00469614e+02     2.36508552e+02     1.27343122e+02   
    5.52000000e+04     1.38000000e+01     1.11186614e+03     2.96664395e+02     2.37127810e+02     1.25669345e+02   
    5.54000000e+04     1.38500000e+01     1.11185431e+03     3.00157742e+02     2.37497187e+02     1.26246577e+02   
    5.56000000e+04     1.39000000e+01     1.11184250e+03     3.02657573e+02     2.35549452e+02     1.26041014e+02   
    5.58000000e+04     1.39500000e+01     1.11184978e+03     3.01555226e+02     2.34516410e+02     1.23481743e+02   
    5.60000000e+04     1.40000000e+01     1.11185376e+03     2.99286259e+02     2.34240128e+02     1.23820638e+02   
    5.62000000e+04     1.40500000e+01     1.11184348e+03     2.99377013e+02     2.37030790e+02     1.26263255e+02   
    5.64000000e+04     1.41000000e+01     1.11184642e+03     3.00727087e+02     2.36205787e+02     1.26329140e+02   
    5.66000000e+04     1.41500000e+01     1.11185261e+03     3.01746721e+02     2.36880620e+02     1.26589120e+02   
    5.68000000e+04     1.42000000e+01     1.11185929e+03     3.01487731e+02     2.36994809e+02     1.27432288e+02   
    5.70000000e+04     1.42500000e+01     1.11185874e+03     3.04405259e+02     2.35758594e+02     1.25016772e+02   
    5.72000000e+04     1.43000000e+01     1.11186663e+03     3.00951404e+02     2.36116890e+02     1.26975370e+02   
    5.74000000e+04     1.43500000e+01     1.11187334e+03     3.00734572e+02     2.38872838e+02     1.27260729e+02   
    5.76000000e+04     1.44000000e+01     1.11187061e+03     2.98458831e+02     2.36235146e+02     1.26082578e+02   
    5.78000000e+04     1.44500000e+01     1.11186886e+03     3.01560580e+02     2.36844073e+02     1.24893533e+02   
    5.80000000e+04     1.45000000e+01     1.11187192e+03     3.00405515e+02     2.34842224e+02     1.23959125e+02   
    5.82000000e+04     1.45500000e+01     1.11187444e+03     3.02214410e+02     2.36094626e+02     1.24755623e+02   
    5.84000000e+04     1.46000000e+01     1.11187505e+03     3.00027840e+02     2.35503527e+02     1.24726550e+02   
    5.86000000e+04     1.46500000e+01     1.11187310e+03     2.99822072e+02     2.35929060e+02     1.25780020e+02   
    5.88000000e+04     1.47000000e+01     1.11187168e+03     3.01778447e+02     2.34918177e+02     1.26298998e+02   
    5.90000000e+04     1.47500000e+01     1.11187610e+03     2.99265042e+02     2.37973206e+02     1.29141699e+02   
    5.92000000e+04     1.48000000e+01     1.11186382e+03     3.02358203e+02     2.37248108e+02     1.25806290e+02   
    5.94000000e+04     1.48500000e+01     1.11185167e+03     3.03155418e+02     2.36377372e+02     1.26337447e+02   
    5.96000000e+04     1.49000000e+01     1.11184683e+03     3.01651825e+02     2.35244133e+02     1.23674589e+02   
    5.98000000e+04     1.49500000e+01     1.11185596e+03     3.01008827e+02     2.37111014e+02     1.26946561e+02   
    6.00000000e+04     1.50000000e+01     1.11185811e+03     3.00970195e+02     2.37098062e+02     1.26681344e+02   
    6.02000000e+04     1.50500000e+01     1.11185644e+03     3.01524425e+02     2.34699787e+02     1.22593904e+02   
    6.04000000e+04     1.51000000e+01     1.11187931e+03     2.99440396e+02     2.37724748e+02     1.26454583e+02   
    6.06000000e+04     1.51500000e+01     1.11188420e+03     2.98541867e+02     2.37209953e+02     1.25760523e+02   
    6.08000000e+04     1.52000000e+01     1.11188886e+03     3.00438099e+02     2.35433887e+02     1.23994417e+02   
    6.10000000e+04     1.52500000e+01     1.11189826e+03     3.00751867e+02     2.36638769e+02     1.25506354e+02   
    6.12000000e+04     1.53000000e+01     1.11189646e+03     3.02593077e+02     2.35463125e+02     1.23215195e+02   
    6.14000000e+04     1.53500000e+01     1.11189005e+03     3.01164115e+02     2.36131712e+02     1.23108437e+02   
    6.16000000e+04     1.54000000e+01     1.11191178e+03     3.01216929e+02     2.37086509e+02     1.24032076e+02   
    6.18000000e+04     1.54500000e+01     1.11191802e+03     3.02237846e+02     2.35298585e+02     1.21643546e+02   
    6.20000000e+04     1.55000000e+01     1.11191907e+03     3.01761633e+02     2.35322069e+02     1.23326968e+02   
    6.22000000e+04     1.55500000e+01     1.11191457e+03     3.04714697e+02     2.36756664e+02     1.25406804e+02   
    6.24000000e+04     1.56000000e+01     1.11190768e+03     3.02014266e+02     2.35512404e+02     1.23244571e+02   
    6.26000000e+04     1.56500000e+01     1.11189784e+03     3.00238409e+02     2.34725000e+02     1.23036420e+02   
    6.28000000e+04     1.57000000e+01     1.11190250e+03     3.01903148e+02     2.37722453e+02     1.27179900e+02   
    6.30000000e+04     1.57500000e+01     1.11188466e+03     2.98345418e+02     2.36969455e+02     1.25666174e+02   
    6.32000000e+04     1.58000000e+01     1.11187101e+03     2.99648434e+02     2.36636367e+02     1.24854733e+02   
    6.34000000e+04     1.58500000e+01     1.11186761e+03     3.00753540e+02     2.35046199e+02     1.23719188e+02   
    6.36000000e+04     1.59000000e+01     1.11187956e+03     3.00019082e+02     2.36758981e+02     1.25716948e+02   
    6.38000000e+04     1.59500000e+01     1.11188881e+03     3.01243200e+02     2.35522878e+02     1.24807059e+02   
    6.40000000e+04     1.60000000e+01     1.11190584e+03     3.00360704e+02     2.36401046e+02     1.25327955e+02   
    6.42000000e+04     1.60500000e+01     1.11192005e+03     2.97258208e+02     2.36854846e+02     1.27338742e+02   
    6.44000000e+04     1.61000000e+01     1.11192192e+03     3.01000780e+02     2.36514365e+02     1.26185071e+02   
    6.46000000e+04     1.61500000e+01     1.11190733e+03     3.02709220e+02     2.35637505e+02     1.24518104e+02   
    6.48000000e+04     1.62000000e+01     1.11190441e+03     3.02254870e+02     2.34899307e+02     1.25075056e+02   
    6.50000000e+04     1.62500000e+01     1.11192185e+03     3.01943755e+02     2.36893710e+02     1.27888807e+02   
    6.52000000e+04     1.63000000e+01     1.11190789e+03     3.00274256e+02     2.35592971e+02     1.25105684e+02   
    6.54000000e+04     1.63500000e+01     1.11191361e+03     3.02010159e+02     2.36582605e+02     1.27128107e+02   
    6.56000000e+04     1.64000000e+01     1.11191216e+03     2.98043007e+02     2.36239840e+02     1.24027614e+02   
    6.58000000e+04     1.64500000e+01     1.11192927e+03     3.02439859e+02     2.36391773e+02     1.25173817e+02   
    6.60000000e+04     1.65000000e+01     1.11193953e+03     2.97625717e+02     2.37780513e+02     1.25722711e+02   
    6.62000000e+04     1.65500000e+01     1.11194701e+03     3.02604144e+02     2.38028402e+02     1.27071071e+02   
    6.64000000e+04     1.66000000e+01     1.11193800e+03     3.03076303e+02     2.36679063e+02     1.24884934e+02   
    6.66000000e+04     1.66500000e+01     1.11194092e+03     3.03309563e+02     2.36457100e+02     1.25784434e+02   
    6.68000000e+04     1.67000000e+01     1.11194429e+03     3.01524138e+02     2.35825276e+02     1.23888797e+02   
    6.70000000e+04     1.67500000e+01     1.11194685e+03     2.98717364e+02     2.35751473e+02     1.23013047e+02   
    6.72000000e+04     1.68000000e+01     1.11195176e+03     3.00232811e+02     2.37445536e+02     1.25975838e+02   
    6.74000000e+04     1.68500000e+01     1.11193603e+03     3.01167058e+02     2.34323393e+02     1.22974735e+02   
    6.76000000e+04     1.69000000e+01     1.11194421e+03     3.02313679e+02     2.35217763e+02     1.24109071e+02   
    6.78000000e+04     1.69500000e+01     1.11194744e+03     3.02800278e+02     2.36719627e+02     1.24851679e+02   
    6.80000000e+04     1.70000000e+01     1.11194546e+03     3.01010377e+02     2.34928205e+02     1.24349754e+02   
    6.82000000e+04     1.70500000e+01     1.11195473e+03     2.97922196e+02     2.36776510e+02     1.26742132e+02   
    6.84000000e+04     1.71000000e+01     1.11195302e+03     3.00625249e+02     2.35852708e+02     1.28183792e+02   
    6.86000000e+04     1.71500000e+01     1.11195113e+03     3.01499943e+02     2.36050592e+02     1.24809686e+02   
    6.88000000e+04     1.72000000e+01     1.11194606e+03     3.01959289e+02     2.36475625e+02     1.26504207e+02   
    6.90000000e+04     1.72500000e+01     1.11194794e+03     3.05309634e+02     2.37703680e+02     1.27798212e+02   
    6.92000000e+04     1.73000000e+01     1.11193704e+03     2.99337738e+02     2.35673651e+02     1.27528536e+02   
    6.94000000e+04     1.73500000e+01     1.11192917e+03     2.98038844e+02     2.35062352e+02     1.26038608e+02   
    6.96000000e+04     1.74000000e+01     1.11193652e+03     3.01526940e+02     2.35927018e+02     1.25862281e+02   
    6.98000000e+04     1.74500000e+01     1.11193872e+03     2.99377830e+02     2.34683932e+02     1.26021240e+02   
    7.00000000e+04     1.75000000e+01     1.11194708e+03     2.98794002e+02     2.36516695e+02     1.27175438e+02   
    7.02000000e+04     1.75500000e+01     1.11196869e+03     2.99658892e+02     2.38025018e+02     1.28436778e+02   
    7.04000000e+04     1.76000000e+01     1.11196623e+03     3.00682500e+02     2.35138728e+02     1.24482029e+02   
    7.06000000e+04     1.76500000e+01     1.11197054e+03     2.99868996e+02     2.35809180e+02     1.26692456e+02   
    7.08000000e+04     1.77000000e+01     1.11197458e+03     3.02474952e+02     2.34482472e+02     1.23415968e+02   
    7.10000000e+04     1.77500000e+01     1.11197532e+03     2.98342057e+02     2.33615628e+02     1.22376936e+02   
    7.12000000e+04     1.78000000e+01     1.11198632e+03     3.03049261e+02     2.37120303e+02     1.24059919e+02   
    7.14000000e+04     1.78500000e+01     1.11198064e+03     2.99859783e+02     2.35861187e+02     1.23688697e+02   
    7.16000000e+04     1.79000000e+01     1.11199161e+03     3.03697733e+02     2.37581035e+02     1.25267894e+02   
    7.18000000e+04     1.79500000e+01     1.11198952e+03     2.98193333e+02     2.35432007e+02     1.22842531e+02   
    7.20000000e+04     1.80000000e+01     1.11197671e+03     3.01569728e+02     2.35635430e+02     1.21263423e+02   
    7.22000000e+04     1.80500000e+01     1.11198129e+03     2.99903479e+02     2.35718115e+02     1.22253043e+02   
    7.24000000e+04     1.81000000e+01     1.11198624e+03     3.01901492e+02     2.35906411e+02     1.21769620e+02   
    7.26000000e+04     1.81500000e+01     1.11199495e+03     2.99330191e+02     2.38058040e+02     1.26549817e+02   
    7.28000000e+04     1.82000000e+01     1.11200167e+03     3.01217787e+02     2.35516913e+02     1.24020405e+02   
    7.30000000e+04     1.82500000e+01     1.11198604e+03     3.02600345e+02     2.33094582e+02     1.21342154e+02   
    7.32000000e+04     1.83000000e+01     1.11199596e+03     2.99998641e+02     2.36661243e+02     1.24984653e+02   
    7.34000000e+04     1.83500000e+01     1.11198874e+03     2.99317132e+02     2.35826023e+02     1.23546932e+02   
    7.36000000e+04     1.84000000e+01     1.11198848e+03     3.02531380e+02     2.35553530e+02     1.23325044e+02   
    7.38000000e+04     1.84500000e+01     1.11199421e+03     3.01415307e+02     2.36256398e+02     1.24035921e+02   
    7.40000000e+04     1.85000000e+01     1.11199446e+03     2.98917981e+02     2.35481608e+02     1.23464231e+02   
    7.42000000e+04     1.85500000e+01     1.11200201e+03     3.00307048e+02     2.36299117e+02     1.26016487e+02   
    7.44000000e+04     1.86000000e+01     1.11202089e+03     3.01162650e+02     2.37032101e+02     1.27462658e+02   
    7.46000000e+04     1.86500000e+01     1.11203346e+03     2.97032796e+02     2.37377016e+02     1.28481437e+02   
    7.48000000e+04     1.87000000e+01     1.11203913e+03     3.01226395e+02     2.38783030e+02     1.28917293e+02   
    7.50000000e+04     1.87500000e+01     1.11202851e+03     2.97814076e+02     2.36397946e+02     1.26328327e+02   
    7.52000000e+04     1.88000000e+01     1.11202168e+03     3.02769551e+02     2.37166042e+02     1.25211909e+02   
    7.54000000e+04     1.88500000e+01     1.11202159e+03     2.99549106e+02     2.35064891e+02     1.24723102e+02   
    7.56000000e+04     1.89000000e+01     1.11201162e+03     2.98546707e+02     2.35239015e+02     1.24540708e+02   
    7.58000000e+04     1.89500000e+01     1.11199549e+03     2.99684175e+02     2.34497413e+02     1.23529064e+02   
    7.60000000e+04     1.90000000e+01     1.11201201e+03     3.00247615e+02     2.36363028e+02     1.28496114e+02   
    7.62000000e+04     1.90500000e+01     1.11201021e+03     3.02438940e+02     2.36134590e+02     1.25892456e+02   
    7.64000000e+04     1.91000000e+01     1.11201972e+03     2.96574588e+02     2.37241790e+02     1.27361727e+02   
    7.66000000e+04     1.91500000e+01     1.11201557e+03     3.02780937e+02     2.36527962e+02     1.24950747e+02   
    7.68000000e+04     1.92000000e+01     1.11200737e+03     2.99823208e+02     2.36639336e+02     1.24833924e+02   
    7.70000000e+04     1.92500000e+01     1.11200070e+03     2.99689369e+02     2.35870442e+02     1.24626313e+02   
    7.72000000e+04     1.93000000e+01     1.11199224e+03     3.02937988e+02     2.34633782e+02     1.22817897e+02   
    7.74000000e+04     1.93500000e+01     1.11201021e+03     3.00746700e+02     2.36567709e+02     1.25489904e+02   
    7.76000000e+04     1.94000000e+01     1.11202188e+03     2.97319886e+02     2.36247833e+02     1.23517788e+02   
    7.78000000e+04     1.94500000e+01     1.11202539e+03     3.01534672e+02     2.35098583e+02     1.24134789e+02   
    7.80000000e+04     1.95000000e+01     1.11202891e+03     3.00261626e+02     2.36451095e+02     1.23936785e+02   
    7.82000000e+04     1.95500000e+01     1.11201777e+03     3.01252445e+02     2.35396982e+02     1.23443961e+02   
    7.84000000e+04     1.96000000e+01     1.11201955e+03     2.99799044e+02     2.35859247e+02     1.23142443e+02   
    7.86000000e+04     1.96500000e+01     1.11202946e+03     2.98686021e+02     2.35839118e+02     1.23591304e+02   
    7.88000000e+04     1.97000000e+01     1.11203287e+03     3.01786696e+02     2.35488608e+02     1.23965404e+02   
    7.90000000e+04     1.97500000e+01     1.11203522e+03     3.01952989e+02     2.35673635e+02     1.24508992e+02   
    7.92000000e+04     1.98000000e+01     1.11205059e+03     2.96679222e+02     2.37788270e+02     1.27728512e+02   
    7.94000000e+04     1.98500000e+01     1.11203844e+03     3.00804993e+02     2.35196506e+02     1.22746201e+02   
    7.96000000e+04     1.99000000e+01     1.11204643e+03     3.00766535e+02     2.37239816e+02     1.26078103e+02   
    7.98000000e+04     1.99500000e+01     1.11203472e+03     3.02456079e+02     2.34803395e+02     1.22603264e+02   
    8.00000000e+04     2.00000000e+01     1.11204771e+03     2.97490117e+02     2.35349742e+02     1.24165658e+02   
