# column   1     --> step : The current simulation time step.
# column   2     --> time{picosecond} : The elapsed simulation time.
# column   3     --> conserved{electronvolt} : The value of the conserved energy quantity per bead.
# column   4     --> temperature{kelvin} : The current temperature, as obtained from the MD kinetic energy.
# column   5     --> kinetic_cv{electronvolt} : The centroid-virial quantum kinetic energy of the physical system.
# column   6     --> potential{electronvolt} : The physical system potential energy.
    0.00000000e+00     0.00000000e+00     1.11175270e+03     3.04273373e+02     2.35730736e+02     1.23045907e+02   
    2.00000000e+02     5.00000000e-02     1.11175066e+03     2.98554304e+02     2.35187292e+02     1.22802931e+02   
    4.00000000e+02     1.00000000e-01     1.11176877e+03     3.02463388e+02     2.37905876e+02     1.25637006e+02   
    6.00000000e+02     1.50000000e-01     1.11176689e+03     3.00721542e+02     2.33840108e+02     1.22166707e+02   
    8.00000000e+02     2.00000000e-01     1.11177491e+03     3.01206337e+02     2.34931951e+02     1.22895831e+02   
    1.00000000e+03     2.50000000e-01     1.11177829e+03     3.04902446e+02     2.33962507e+02     1.22144360e+02   
    1.20000000e+03     3.00000000e-01     1.11179609e+03     2.99333482e+02     2.37547259e+02     1.27004061e+02   
    1.40000000e+03     3.50000000e-01     1.11178843e+03     3.01645911e+02     2.36447255e+02     1.24200340e+02   
    1.60000000e+03     4.00000000e-01     1.11178351e+03     2.99387567e+02     2.35253228e+02     1.24085856e+02   
    1.80000000e+03     4.50000000e-01     1.11178707e+03     2.99033562e+02     2.36727552e+02     1.24055513e+02   
    2.00000000e+03     5.00000000e-01     1.11179308e+03     2.98642245e+02     2.37147634e+02     1.23984750e+02   
    2.20000000e+03     5.50000000e-01     1.11180195e+03     2.94697056e+02     2.37391787e+02     1.23448919e+02   
    2.40000000e+03     6.00000000e-01     1.11181433e+03     3.00956940e+02     2.37323031e+02     1.22224893e+02   
    2.60000000e+03     6.50000000e-01     1.11181494e+03     2.99885452e+02     2.36653463e+02     1.21583465e+02   
    2.80000000e+03     7.00000000e-01     1.11182100e+03     3.02927197e+02     2.36353359e+02     1.21212842e+02   
    3.00000000e+03     7.50000000e-01     1.11182916e+03     2.98841274e+02     2.36750245e+02     1.22554700e+02   
    3.20000000e+03     8.00000000e-01     1.11184076e+03     2.99397666e+02     2.37421916e+02     1.23141800e+02   
    3.40000000e+03     8.50000000e-01     1.11184506e+03     3.02236543e+02     2.36249138e+02     1.21723132e+02   
    3.60000000e+03     9.00000000e-01     1.11184166e+03     2.99909708e+02     2.35304731e+02     1.21354548e+02   
    3.80000000e+03     9.50000000e-01     1.11185978e+03     3.02020031e+02     2.36438360e+02     1.22395539e+02   
    4.00000000e+03     1.00000000e+00     1.11185959e+03     3.00208314e+02     2.35868179e+02     1.23173799e+02   
    4.20000000e+03     1.05000000e+00     1.11185356e+03     3.01708240e+02     2.35523683e+02     1.21479262e+02   
    4.40000000e+03     1.10000000e+00     1.11184123e+03     2.98429827e+02     2.35007252e+02     1.21526606e+02   
    4.60000000e+03     1.15000000e+00     1.11183446e+03     2.99603293e+02     2.35859553e+02     1.22064338e+02   
    4.80000000e+03     1.20000000e+00     1.11184943e+03     3.01994917e+02     2.37091596e+02     1.23733398e+02   
    5.00000000e+03     1.25000000e+00     1.11185744e+03     3.01290919e+02     2.35111468e+02     1.21761612e+02   
    5.20000000e+03     1.30000000e+00     1.11187637e+03     3.03078380e+02     2.36154105e+02     1.24991245e+02   
    5.40000000e+03     1.35000000e+00     1.11187725e+03     3.03587231e+02     2.37257256e+02     1.26168992e+02   
    5.60000000e+03     1.40000000e+00     1.11187647e+03     3.03373193e+02     2.35427430e+02     1.25431102e+02   
    5.80000000e+03     1.45000000e+00     1.11186633e+03     2.99170423e+02     2.35170423e+02     1.24231914e+02   
    6.00000000e+03     1.50000000e+00     1.11188320e+03     3.02269560e+02     2.36497081e+02     1.26610149e+02   
    6.20000000e+03     1.55000000e+00     1.11188508e+03     2.97718252e+02     2.37285507e+02     1.25898894e+02   
    6.40000000e+03     1.60000000e+00     1.11187851e+03     3.02271692e+02     2.35835673e+02     1.23205075e+02   
    6.60000000e+03     1.65000000e+00     1.11188946e+03     2.99651052e+02     2.36556946e+02     1.23436931e+02   
    6.80000000e+03     1.70000000e+00     1.11189718e+03     3.02173266e+02     2.37026918e+02     1.23307417e+02   
    7.00000000e+03     1.75000000e+00     1.11190539e+03     3.01175718e+02     2.37227699e+02     1.24763566e+02   
    7.20000000e+03     1.80000000e+00     1.11191281e+03     3.02166456e+02     2.36804224e+02     1.25402387e+02   
    7.40000000e+03     1.85000000e+00     1.11192187e+03     2.97468295e+02     2.39123679e+02     1.27122308e+02   
    7.60000000e+03     1.90000000e+00     1.11190009e+03     3.04080831e+02     2.36471465e+02     1.22687670e+02   
    7.80000000e+03     1.95000000e+00     1.11189943e+03     3.03663816e+02     2.37180867e+02     1.25600165e+02   
    8.00000000e+03     2.00000000e+00     1.11190393e+03     3.00549499e+02     2.37146327e+02     1.26020524e+02   
    8.20000000e+03     2.05000000e+00     1.11189549e+03     2.98521625e+02     2.37369347e+02     1.24930851e+02   
    8.40000000e+03     2.10000000e+00     1.11189340e+03     3.02497463e+02     2.36606890e+02     1.23589098e+02   
    8.60000000e+03     2.15000000e+00     1.11188268e+03     3.00641327e+02     2.35618296e+02     1.23159644e+02   
    8.80000000e+03     2.20000000e+00     1.11187272e+03     2.98936920e+02     2.34843961e+02     1.22886319e+02   
    9.00000000e+03     2.25000000e+00     1.11187399e+03     2.98463883e+02     2.36592451e+02     1.24441265e+02   
    9.20000000e+03     2.30000000e+00     1.11187634e+03     3.03763943e+02     2.36002450e+02     1.21485475e+02   
    9.40000000e+03     2.35000000e+00     1.11186900e+03     3.00729454e+02     2.36059721e+02     1.21921264e+02   
    9.60000000e+03     2.40000000e+00     1.11186902e+03     3.01127675e+02     2.35988015e+02     1.21348895e+02   
    9.80000000e+03     2.45000000e+00     1.11186905e+03     3.03315748e+02     2.35608849e+02     1.21260917e+02   
    1.00000000e+04     2.50000000e+00     1.11186298e+03     3.01950887e+02     2.34884436e+02     1.20545494e+02   
    1.02000000e+04     2.55000000e+00     1.11188061e+03     2.99457798e+02     2.35984993e+02     1.22995970e+02   
    1.04000000e+04     2.60000000e+00     1.11189983e+03     2.98957207e+02     2.37216583e+02     1.26335807e+02   
    1.06000000e+04     2.65000000e+00     1.11188534e+03     3.03024146e+02     2.36299221e+02     1.25137948e+02   
    1.08000000e+04     2.70000000e+00     1.11187771e+03     2.97316972e+02     2.35777661e+02     1.23457068e+02   
    1.10000000e+04     2.75000000e+00     1.11187711e+03     3.04045321e+02     2.37785094e+02     1.25079831e+02   
    1.12000000e+04     2.80000000e+00     1.11186437e+03     2.99540719e+02     2.37469470e+02     1.26649346e+02   
    1.14000000e+04     2.85000000e+00     1.11184746e+03     3.06440419e+02     2.36180294e+02     1.23430586e+02   
    1.16000000e+04     2.90000000e+00     1.11184481e+03     3.02517078e+02     2.35575034e+02     1.24012695e+02   
    1.18000000e+04     2.95000000e+00     1.11184870e+03     2.98959953e+02     2.36852010e+02     1.24469038e+02   
    1.20000000e+04     3.00000000e+00     1.11184029e+03     3.00753999e+02     2.35597476e+02     1.24233341e+02   
    1.22000000e+04     3.05000000e+00     1.11184035e+03     3.00068554e+02     2.35592624e+02     1.22880327e+02   
    1.24000000e+04     3.10000000e+00     1.11185482e+03     3.02620427e+02     2.35127145e+02     1.24489491e+02   
    1.26000000e+04     3.15000000e+00     1.11185241e+03     3.01345695e+02     2.34746524e+02     1.22047515e+02   
    1.28000000e+04     3.20000000e+00     1.11185393e+03     2.97689708e+02     2.35496226e+02     1.22542745e+02   
    1.30000000e+04     3.25000000e+00     1.11186762e+03     3.02629953e+02     2.36724354e+02     1.24257856e+02   
    1.32000000e+04     3.30000000e+00     1.11186805e+03     2.98234496e+02     2.35941990e+02     1.23540684e+02   
    1.34000000e+04     3.35000000e+00     1.11187722e+03     2.98567808e+02     2.36259506e+02     1.24037554e+02   
    1.36000000e+04     3.40000000e+00     1.11188094e+03     3.01729232e+02     2.35022600e+02     1.23318726e+02   
    1.38000000e+04     3.45000000e+00     1.11189166e+03     3.03379440e+02     2.36716576e+02     1.24284165e+02   
    1.40000000e+04     3.50000000e+00     1.11188041e+03     3.02517747e+02     2.36394078e+02     1.24322118e+02   
    1.42000000e+04     3.55000000e+00     1.11188171e+03     3.01502719e+02     2.35222145e+02     1.23772020e+02   
    1.44000000e+04     3.60000000e+00     1.11187904e+03     3.00367997e+02     2.32742467e+02     1.21568098e+02   
    1.46000000e+04     3.65000000e+00     1.11191281e+03     2.98432106e+02     2.37323908e+02     1.27084177e+02   
    1.48000000e+04     3.70000000e+00     1.11191172e+03     3.00877062e+02     2.35621910e+02     1.25073316e+02   
    1.50000000e+04     3.75000000e+00     1.11192395e+03     3.02260099e+02     2.36815888e+02     1.26194912e+02   
    1.52000000e+04     3.80000000e+00     1.11190364e+03     3.01396123e+02     2.36800544e+02     1.23916495e+02   
    1.54000000e+04     3.85000000e+00     1.11189796e+03     3.00573258e+02     2.36681055e+02     1.24304037e+02   
    1.56000000e+04     3.90000000e+00     1.11189255e+03     3.01532790e+02     2.35490027e+02     1.23583387e+02   
    1.58000000e+04     3.95000000e+00     1.11189497e+03     3.00060435e+02     2.36089654e+02     1.24861128e+02   
    1.60000000e+04     4.00000000e+00     1.11188810e+03     3.00002553e+02     2.36577732e+02     1.25115602e+02   
    1.62000000e+04     4.05000000e+00     1.11188559e+03     2.97536584e+02     2.36558864e+02     1.26002603e+02   
    1.64000000e+04     4.10000000e+00     1.11189165e+03     3.01558723e+02     2.38764016e+02     1.26896855e+02   
    1.66000000e+04     4.15000000e+00     1.11187195e+03     2.99090348e+02     2.35112237e+02     1.23938324e+02   
    1.68000000e+04     4.20000000e+00     1.11187024e+03     3.00393422e+02     2.33309249e+02     1.21628793e+02   
    1.70000000e+04     4.25000000e+00     1.11187385e+03     2.96462367e+02     2.37376606e+02     1.23945522e+02   
    1.72000000e+04     4.30000000e+00     1.11185709e+03     2.97342460e+02     2.36543944e+02     1.22985414e+02   
    1.74000000e+04     4.35000000e+00     1.11185226e+03     2.98205300e+02     2.36180145e+02     1.22525980e+02   
    1.76000000e+04     4.40000000e+00     1.11185870e+03     2.99399480e+02     2.37075155e+02     1.23758775e+02   
    1.78000000e+04     4.45000000e+00     1.11187470e+03     2.99185902e+02     2.38342828e+02     1.25687789e+02   
    1.80000000e+04     4.50000000e+00     1.11188170e+03     2.99540458e+02     2.35557327e+02     1.23760051e+02   
    1.82000000e+04     4.55000000e+00     1.11188228e+03     3.00146134e+02     2.35515745e+02     1.22426215e+02   
    1.84000000e+04     4.60000000e+00     1.11188619e+03     3.01574949e+02     2.34797130e+02     1.22638298e+02   
    1.86000000e+04     4.65000000e+00     1.11187859e+03     3.01616030e+02     2.35016628e+02     1.22742052e+02   
    1.88000000e+04     4.70000000e+00     1.11188106e+03     3.02727700e+02     2.35892982e+02     1.23922108e+02   
    1.90000000e+04     4.75000000e+00     1.11189481e+03     2.99629557e+02     2.37647091e+02     1.25451600e+02   
    1.92000000e+04     4.80000000e+00     1.11188684e+03     3.01447892e+02     2.35899607e+02     1.22486909e+02   
    1.94000000e+04     4.85000000e+00     1.11189827e+03     3.03076949e+02     2.35832803e+02     1.23417406e+02   
    1.96000000e+04     4.90000000e+00     1.11190958e+03     2.99942270e+02     2.37254676e+02     1.24628024e+02   
    1.98000000e+04     4.95000000e+00     1.11191719e+03     3.03569687e+02     2.36782947e+02     1.24302698e+02   
    2.00000000e+04     5.00000000e+00     1.11191255e+03     2.99831937e+02     2.35374641e+02     1.23665357e+02   
    2.02000000e+04     5.05000000e+00     1.11190924e+03     2.99218497e+02     2.34913199e+02     1.24021064e+02   
    2.04000000e+04     5.10000000e+00     1.11191782e+03     3.01463966e+02     2.38244808e+02     1.25414366e+02   
    2.06000000e+04     5.15000000e+00     1.11191550e+03     3.00215212e+02     2.35271553e+02     1.23542929e+02   
    2.08000000e+04     5.20000000e+00     1.11192302e+03     3.02245137e+02     2.36768412e+02     1.25515905e+02   
    2.10000000e+04     5.25000000e+00     1.11190766e+03     3.00464315e+02     2.36264338e+02     1.22176124e+02   
    2.12000000e+04     5.30000000e+00     1.11189504e+03     2.98913552e+02     2.34711360e+02     1.22211646e+02   
    2.14000000e+04     5.35000000e+00     1.11190504e+03     3.00176664e+02     2.36969609e+02     1.24005824e+02   
    2.16000000e+04     5.40000000e+00     1.11190224e+03     3.00155789e+02     2.36128559e+02     1.23655912e+02   
    2.18000000e+04     5.45000000e+00     1.11191695e+03     2.97777857e+02     2.35622105e+02     1.23906578e+02   
    2.20000000e+04     5.50000000e+00     1.11192243e+03     2.99580664e+02     2.36242100e+02     1.23678228e+02   
    2.22000000e+04     5.55000000e+00     1.11192792e+03     3.00096247e+02     2.37104818e+02     1.23866022e+02   
    2.24000000e+04     5.60000000e+00     1.11191891e+03     2.97846491e+02     2.33610487e+02     1.20285054e+02   
    2.26000000e+04     5.65000000e+00     1.11193436e+03     2.97296233e+02     2.37152158e+02     1.24344445e+02   
    2.28000000e+04     5.70000000e+00     1.11195201e+03     2.99079154e+02     2.38848616e+02     1.27110621e+02   
    2.30000000e+04     5.75000000e+00     1.11193363e+03     3.04230033e+02     2.36414873e+02     1.24434552e+02   
    2.32000000e+04     5.80000000e+00     1.11193729e+03     3.00434830e+02     2.37999175e+02     1.27105814e+02   
    2.34000000e+04     5.85000000e+00     1.11193691e+03     3.02156982e+02     2.36900562e+02     1.24549849e+02   
    2.36000000e+04     5.90000000e+00     1.11193665e+03     3.04598031e+02     2.35982930e+02     1.22724142e+02   
    2.38000000e+04     5.95000000e+00     1.11194369e+03     2.98820330e+02     2.36127664e+02     1.24089603e+02   
    2.40000000e+04     6.00000000e+00     1.11194469e+03     3.03250248e+02     2.34544190e+02     1.23055745e+02   
    2.42000000e+04     6.05000000e+00     1.11196529e+03     3.01594761e+02     2.36928773e+02     1.24801730e+02   
    2.44000000e+04     6.10000000e+00     1.11195893e+03     3.02006729e+02     2.34582578e+02     1.20916628e+02   
    2.46000000e+04     6.15000000e+00     1.11195783e+03     2.99638023e+02     2.36522643e+02     1.24320561e+02   
    2.48000000e+04     6.20000000e+00     1.11194814e+03     2.99010788e+02     2.37384608e+02     1.24264846e+02   
    2.50000000e+04     6.25000000e+00     1.11193578e+03     3.00078232e+02     2.34538391e+02     1.22440307e+02   
    2.52000000e+04     6.30000000e+00     1.11193942e+03     2.97891408e+02     2.35583738e+02     1.23770342e+02   
    2.54000000e+04     6.35000000e+00     1.11193259e+03     2.96957867e+02     2.37094718e+02     1.24248140e+02   
    2.56000000e+04     6.40000000e+00     1.11192788e+03     3.00377363e+02     2.34680676e+02     1.23303732e+02   
    2.58000000e+04     6.45000000e+00     1.11193418e+03     2.98188912e+02     2.36357874e+02     1.23773435e+02   
    2.60000000e+04     6.50000000e+00     1.11194063e+03     3.00857423e+02     2.36843425e+02     1.23904788e+02   
    2.62000000e+04     6.55000000e+00     1.11192929e+03     2.99341649e+02     2.36640535e+02     1.25027807e+02   
    2.64000000e+04     6.60000000e+00     1.11192547e+03     2.98616994e+02     2.35491809e+02     1.22413428e+02   
    2.66000000e+04     6.65000000e+00     1.11194294e+03     3.00074419e+02     2.37656015e+02     1.26069773e+02   
    2.68000000e+04     6.70000000e+00     1.11194268e+03     3.03794485e+02     2.36733407e+02     1.22889491e+02   
    2.70000000e+04     6.75000000e+00     1.11193512e+03     2.98928022e+02     2.35615385e+02     1.24945875e+02   
    2.72000000e+04     6.80000000e+00     1.11194142e+03     2.99653178e+02     2.36562299e+02     1.25321893e+02   
    2.74000000e+04     6.85000000e+00     1.11194729e+03     2.97920833e+02     2.36996295e+02     1.26098846e+02   
    2.76000000e+04     6.90000000e+00     1.11194816e+03     2.97856847e+02     2.37939785e+02     1.25578569e+02   
    2.78000000e+04     6.95000000e+00     1.11195459e+03     2.97241738e+02     2.38809886e+02     1.26875629e+02   
    2.80000000e+04     7.00000000e+00     1.11193176e+03     2.98672656e+02     2.35342389e+02     1.23559607e+02   
    2.82000000e+04     7.05000000e+00     1.11194250e+03     2.94381024e+02     2.37542085e+02     1.25422184e+02   
    2.84000000e+04     7.10000000e+00     1.11193215e+03     2.97899064e+02     2.34988981e+02     1.22038258e+02   
    2.86000000e+04     7.15000000e+00     1.11194363e+03     3.02042260e+02     2.36171418e+02     1.22537586e+02   
    2.88000000e+04     7.20000000e+00     1.11194511e+03     3.01512105e+02     2.36106352e+02     1.23694613e+02   
    2.90000000e+04     7.25000000e+00     1.11194611e+03     2.99697451e+02     2.34691202e+02     1.21912653e+02   
    2.92000000e+04     7.30000000e+00     1.11196368e+03     2.98683277e+02     2.37395399e+02     1.25547178e+02   
    2.94000000e+04     7.35000000e+00     1.11196530e+03     3.00632248e+02     2.35216919e+02     1.22886980e+02   
    2.96000000e+04     7.40000000e+00     1.11197726e+03     3.01855445e+02     2.37104206e+02     1.25511918e+02   
    2.98000000e+04     7.45000000e+00     1.11197472e+03     3.01038309e+02     2.36183457e+02     1.24241351e+02   
    3.00000000e+04     7.50000000e+00     1.11197646e+03     2.99530231e+02     2.37669425e+02     1.26876373e+02   
    3.02000000e+04     7.55000000e+00     1.11195249e+03     3.01775409e+02     2.35182035e+02     1.22950026e+02   
    3.04000000e+04     7.60000000e+00     1.11195574e+03     2.99644517e+02     2.34935766e+02     1.24101171e+02   
    3.06000000e+04     7.65000000e+00     1.11195458e+03     2.97469280e+02     2.36865341e+02     1.26025513e+02   
    3.08000000e+04     7.70000000e+00     1.11193829e+03     3.01178846e+02     2.36071683e+02     1.25545808e+02   
    3.10000000e+04     7.75000000e+00     1.11194042e+03     2.99174976e+02     2.36178763e+02     1.24472748e+02   
    3.12000000e+04     7.80000000e+00     1.11193882e+03     2.99727272e+02     2.36731926e+02     1.24813309e+02   
    3.14000000e+04     7.85000000e+00     1.11193836e+03     2.97244112e+02     2.38171519e+02     1.26739792e+02   
    3.16000000e+04     7.90000000e+00     1.11191908e+03     3.01831560e+02     2.35950011e+02     1.25129378e+02   
    3.18000000e+04     7.95000000e+00     1.11191917e+03     3.00191113e+02     2.36160247e+02     1.25356511e+02   
    3.20000000e+04     8.00000000e+00     1.11191763e+03     3.01988644e+02     2.36467129e+02     1.23191616e+02   
    3.22000000e+04     8.05000000e+00     1.11193007e+03     3.00882389e+02     2.36781255e+02     1.23655756e+02   
    3.24000000e+04     8.10000000e+00     1.11193749e+03     3.00133796e+02     2.36837780e+02     1.24719963e+02   
    3.26000000e+04     8.15000000e+00     1.11193877e+03     2.99942270e+02     2.36240865e+02     1.23934398e+02   
    3.28000000e+04     8.20000000e+00     1.11194382e+03     3.02463840e+02     2.36736982e+02     1.23671651e+02   
    3.30000000e+04     8.25000000e+00     1.11192916e+03     3.00457208e+02     2.36412081e+02     1.21421384e+02   
    3.32000000e+04     8.30000000e+00     1.11191837e+03     2.99364509e+02     2.34341024e+02     1.21345073e+02   
    3.34000000e+04     8.35000000e+00     1.11192853e+03     2.99196795e+02     2.37192416e+02     1.24368206e+02   
    3.36000000e+04     8.40000000e+00     1.11192195e+03     2.96984160e+02     2.36185728e+02     1.22953502e+02   
    3.38000000e+04     8.45000000e+00     1.11190978e+03     2.99882360e+02     2.34967076e+02     1.20606703e+02   
    3.40000000e+04     8.50000000e+00     1.11191805e+03     2.99301962e+02     2.36994006e+02     1.24217316e+02   
    3.42000000e+04     8.55000000e+00     1.11190763e+03     2.98937373e+02     2.36032184e+02     1.22212276e+02   
    3.44000000e+04     8.60000000e+00     1.11190901e+03     2.98609449e+02     2.36037708e+02     1.23472478e+02   
    3.46000000e+04     8.65000000e+00     1.11190069e+03     3.00022043e+02     2.34614409e+02     1.20192043e+02   
    3.48000000e+04     8.70000000e+00     1.11190997e+03     2.98737071e+02     2.36745385e+02     1.23378773e+02   
    3.50000000e+04     8.75000000e+00     1.11190195e+03     3.00693114e+02     2.37660635e+02     1.23178065e+02   
    3.52000000e+04     8.80000000e+00     1.11190013e+03     3.01178188e+02     2.35541581e+02     1.21144256e+02   
    3.54000000e+04     8.85000000e+00     1.11190498e+03     3.00277597e+02     2.34789362e+02     1.20637346e+02   
    3.56000000e+04     8.90000000e+00     1.11191960e+03     2.99222171e+02     2.38350658e+02     1.25261990e+02   
    3.58000000e+04     8.95000000e+00     1.11190332e+03     3.01883196e+02     2.34321675e+02     1.22443397e+02   
    3.60000000e+04     9.00000000e+00     1.11190903e+03     3.00563204e+02     2.37107274e+02     1.23660274e+02   
    3.62000000e+04     9.05000000e+00     1.11191648e+03     3.02333271e+02     2.37160340e+02     1.24786781e+02   
    3.64000000e+04     9.10000000e+00     1.11191486e+03     3.01873713e+02     2.38181291e+02     1.24230581e+02   
    3.66000000e+04     9.15000000e+00     1.11192220e+03     3.00089998e+02     2.36265347e+02     1.25057248e+02   
    3.68000000e+04     9.20000000e+00     1.11191465e+03     3.00644665e+02     2.35634834e+02     1.22282441e+02   
    3.70000000e+04     9.25000000e+00     1.11191971e+03     2.98255312e+02     2.37150520e+02     1.24381416e+02   
    3.72000000e+04     9.30000000e+00     1.11190737e+03     3.00769767e+02     2.35951502e+02     1.21301474e+02   
    3.74000000e+04     9.35000000e+00     1.11190772e+03     3.02716599e+02     2.36000852e+02     1.21997593e+02   
    3.76000000e+04     9.40000000e+00     1.11190257e+03     3.01023568e+02     2.37432615e+02     1.22720307e+02   
    3.78000000e+04     9.45000000e+00     1.11189651e+03     2.96792967e+02     2.36152865e+02     1.23232340e+02   
    3.80000000e+04     9.50000000e+00     1.11188627e+03     3.01009979e+02     2.35398900e+02     1.21893538e+02   
    3.82000000e+04     9.55000000e+00     1.11190171e+03     2.98966731e+02     2.37954315e+02     1.24665477e+02   
    3.84000000e+04     9.60000000e+00     1.11188412e+03     2.98915415e+02     2.35597755e+02     1.22725138e+02   
    3.86000000e+04     9.65000000e+00     1.11187823e+03     2.98805144e+02     2.34671136e+02     1.21665380e+02   
    3.88000000e+04     9.70000000e+00     1.11187499e+03     2.97762215e+02     2.37473596e+02     1.27159232e+02   
    3.90000000e+04     9.75000000e+00     1.11187250e+03     3.01642774e+02     2.37431578e+02     1.24950627e+02   
    3.92000000e+04     9.80000000e+00     1.11185260e+03     2.97816621e+02     2.34716879e+02     1.21738285e+02   
    3.94000000e+04     9.85000000e+00     1.11187370e+03     2.98220004e+02     2.36285080e+02     1.22932473e+02   
    3.96000000e+04     9.90000000e+00     1.11187950e+03     2.98907387e+02     2.37135775e+02     1.26209624e+02   
    3.98000000e+04     9.95000000e+00     1.11187584e+03     2.96830841e+02     2.36890874e+02     1.25123200e+02   
    4.00000000e+04     1.00000000e+01     1.11187703e+03     2.98437030e+02     2.36786562e+02     1.26264428e+02   
    4.02000000e+04     1.00500000e+01     1.11185556e+03     3.00169833e+02     2.35077040e+02     1.21543098e+02   
    4.04000000e+04     1.01000000e+01     1.11185305e+03     2.98529242e+02     2.36675644e+02     1.24400073e+02   
    4.06000000e+04     1.01500000e+01     1.11185042e+03     2.97982597e+02     2.36050003e+02     1.23714865e+02   
    4.08000000e+04     1.02000000e+01     1.11185387e+03     2.98207228e+02     2.35163448e+02     1.22489946e+02   
    4.10000000e+04     1.02500000e+01     1.11186049e+03     2.99675981e+02     2.35851477e+02     1.22090558e+02   
    4.12000000e+04     1.03000000e+01     1.11187682e+03     3.00320162e+02     2.36850862e+02     1.23541311e+02   
    4.14000000e+04     1.03500000e+01     1.11187610e+03     2.97858632e+02     2.35105903e+02     1.21472984e+02   
    4.16000000e+04     1.04000000e+01     1.11187825e+03     2.98594037e+02     2.36171082e+02     1.21791443e+02   
    4.18000000e+04     1.04500000e+01     1.11187491e+03     2.99523901e+02     2.36316224e+02     1.20778608e+02   
    4.20000000e+04     1.05000000e+01     1.11187199e+03     2.97987511e+02     2.37475456e+02     1.22241928e+02   
    4.22000000e+04     1.05500000e+01     1.11186908e+03     3.01732361e+02     2.36394326e+02     1.21350455e+02   
    4.24000000e+04     1.06000000e+01     1.11186650e+03     3.00025039e+02     2.36334457e+02     1.21046972e+02   
    4.26000000e+04     1.06500000e+01     1.11186690e+03     3.00264044e+02     2.35831890e+02     1.20954074e+02   
    4.28000000e+04     1.07000000e+01     1.11188761e+03     2.99590423e+02     2.36580536e+02     1.21104648e+02   
    4.30000000e+04     1.07500000e+01     1.11189170e+03     2.94657884e+02     2.36918854e+02     1.24126052e+02   
    4.32000000e+04     1.08000000e+01     1.11188868e+03     2.99370806e+02     2.36615506e+02     1.23280907e+02   
    4.34000000e+04     1.08500000e+01     1.11189336e+03     2.99149275e+02     2.37357699e+02     1.23903399e+02   
    4.36000000e+04     1.09000000e+01     1.11188410e+03     3.00429420e+02     2.35682663e+02     1.20936973e+02   
    4.38000000e+04     1.09500000e+01     1.11188196e+03     2.98304483e+02     2.34552818e+02     1.20712222e+02   
    4.40000000e+04     1.10000000e+01     1.11189182e+03     3.00539370e+02     2.36670094e+02     1.23690437e+02   
    4.42000000e+04     1.10500000e+01     1.11190793e+03     2.99475808e+02     2.36962586e+02     1.24201893e+02   
    4.44000000e+04     1.11000000e+01     1.11191063e+03     3.01700259e+02     2.34284120e+02     1.23020821e+02   
    4.46000000e+04     1.11500000e+01     1.11192881e+03     2.98308514e+02     2.36354112e+02     1.25474794e+02   
    4.48000000e+04     1.12000000e+01     1.11193511e+03     2.97631929e+02     2.36515312e+02     1.26344400e+02   
    4.50000000e+04     1.12500000e+01     1.11191820e+03     2.97797697e+02     2.34619633e+02     1.23243744e+02   
    4.52000000e+04     1.13000000e+01     1.11193167e+03     3.01346018e+02     2.36473412e+02     1.26023927e+02   
    4.54000000e+04     1.13500000e+01     1.11192198e+03     2.98700947e+02     2.37261881e+02     1.26106387e+02   
    4.56000000e+04     1.14000000e+01     1.11191161e+03     2.96966170e+02     2.35601761e+02     1.24912309e+02   
    4.58000000e+04     1.14500000e+01     1.11189346e+03     3.00366352e+02     2.36310524e+02     1.23332890e+02   
    4.60000000e+04     1.15000000e+01     1.11190108e+03     2.97539872e+02     2.36939188e+02     1.26205533e+02   
    4.62000000e+04     1.15500000e+01     1.11190436e+03     2.96914238e+02     2.35719569e+02     1.24504669e+02   
    4.64000000e+04     1.16000000e+01     1.11191178e+03     3.01288445e+02     2.35824997e+02     1.26389182e+02   
    4.66000000e+04     1.16500000e+01     1.11191921e+03     3.01468709e+02     2.37326745e+02     1.27279717e+02   
    4.68000000e+04     1.17000000e+01     1.11191978e+03     2.99893078e+02     2.36484441e+02     1.25817423e+02   
    4.70000000e+04     1.17500000e+01     1.11191325e+03     2.98235779e+02     2.33449933e+02     1.22664210e+02   
    4.72000000e+04     1.18000000e+01     1.11192640e+03     2.98482783e+02     2.36495843e+02     1.26423298e+02   
    4.74000000e+04     1.18500000e+01     1.11190967e+03     3.00349741e+02     2.35017163e+02     1.25567260e+02   
    4.76000000e+04     1.19000000e+01     1.11190553e+03     2.99235912e+02     2.36283112e+02     1.26104866e+02   
    4.78000000e+04     1.19500000e+01     1.11189346e+03     3.01716060e+02     2.35353912e+02     1.24787054e+02   
    4.80000000e+04     1.20000000e+01     1.11190299e+03     2.99786436e+02     2.36948494e+02     1.25616910e+02   
    4.82000000e+04     1.20500000e+01     1.11190846e+03     3.01304372e+02     2.36850987e+02     1.25522224e+02   
    4.84000000e+04     1.21000000e+01     1.11189219e+03     2.96093994e+02     2.34749612e+02     1.24834904e+02   
    4.86000000e+04     1.21500000e+01     1.11189334e+03     3.01660112e+02     2.35519147e+02     1.24072960e+02   
    4.88000000e+04     1.22000000e+01     1.11189452e+03     3.03798840e+02     2.36656559e+02     1.23195124e+02   
    4.90000000e+04     1.22500000e+01     1.11190586e+03     3.01318476e+02     2.37352586e+02     1.24252701e+02   
    4.92000000e+04     1.23000000e+01     1.11190841e+03     2.98477718e+02     2.36071546e+02     1.24306378e+02   
    4.94000000e+04     1.23500000e+01     1.11190499e+03     2.98972982e+02     2.35445563e+02     1.23378198e+02   
    4.96000000e+04     1.24000000e+01     1.11189739e+03     2.99371918e+02     2.35973235e+02     1.22940999e+02   
    4.98000000e+04     1.24500000e+01     1.11188067e+03     2.99750188e+02     2.34196120e+02     1.20417867e+02   
    5.00000000e+04     1.25000000e+01     1.11187679e+03     2.99334929e+02     2.35680423e+02     1.21538665e+02   
    5.02000000e+04     1.25500000e+01     1.11187729e+03     2.98276516e+02     2.36243099e+02     1.22081172e+02   
    5.04000000e+04     1.26000000e+01     1.11188322e+03     3.01672561e+02     2.36624085e+02     1.22907064e+02   
    5.06000000e+04     1.26500000e+01     1.11189027e+03     2.97546139e+02     2.35502555e+02     1.23086135e+02   
    5.08000000e+04     1.27000000e+01     1.11190121e+03     3.00986645e+02     2.35424758e+02     1.23561993e+02   
    5.10000000e+04     1.27500000e+01     1.11189867e+03     2.99551289e+02     2.34999452e+02     1.22468426e+02   
    5.12000000e+04     1.28000000e+01     1.11191408e+03     2.98502591e+02     2.37106636e+02     1.25036751e+02   
    5.14000000e+04     1.28500000e+01     1.11191252e+03     2.99296124e+02     2.35963313e+02     1.23975596e+02   
    5.16000000e+04     1.29000000e+01     1.11192227e+03     3.02224730e+02     2.36566281e+02     1.24978493e+02   
    5.18000000e+04     1.29500000e+01     1.11191338e+03     3.00245743e+02     2.36535061e+02     1.23339119e+02   
    5.20000000e+04     1.30000000e+01     1.11191614e+03     2.99806395e+02     2.36224372e+02     1.22557532e+02   
    5.22000000e+04     1.30500000e+01     1.11190924e+03     2.99687584e+02     2.35198154e+02     1.22034181e+02   
    5.24000000e+04     1.31000000e+01     1.11191902e+03     2.97224168e+02     2.37243942e+02     1.25200740e+02   
    5.26000000e+04     1.31500000e+01     1.11192166e+03     2.96192090e+02     2.36329670e+02     1.25543366e+02   
    5.28000000e+04     1.32000000e+01     1.11192512e+03     2.99371286e+02     2.38010908e+02     1.27068982e+02   
    5.30000000e+04     1.32500000e+01     1.11191674e+03     2.99243431e+02     2.34700935e+02     1.22437560e+02   
    5.32000000e+04     1.33000000e+01     1.11193406e+03     3.01537308e+02     2.36343778e+02     1.24019246e+02   
    5.34000000e+04     1.33500000e+01     1.11192662e+03     2.99857691e+02     2.36326134e+02     1.23734857e+02   
    5.36000000e+04     1.34000000e+01     1.11193462e+03     3.01012743e+02     2.38019706e+02     1.24886262e+02   
    5.38000000e+04     1.34500000e+01     1.11193106e+03     2.99680780e+02     2.37454986e+02     1.24986465e+02   
    5.40000000e+04     1.35000000e+01     1.11191657e+03     2.98870910e+02     2.37192481e+02     1.23191156e+02   
    5.42000000e+04     1.35500000e+01     1.11192619e+03     3.01962117e+02     2.38836696e+02     1.25056483e+02   
    5.44000000e+04     1.36000000e+01     1.11192688e+03     2.98705349e+02     2.36621449e+02     1.23947541e+02   
    5.46000000e+04     1.36500000e+01     1.11194260e+03     3.00211841e+02     2.38768602e+02     1.25168895e+02   
    5.48000000e+04     1.37000000e+01     1.11193086e+03     3.01614073e+02     2.35362793e+02     1.22718819e+02   
    5.50000000e+04     1.37500000e+01     1.11192880e+03     3.00573566e+02     2.35653082e+02     1.20633188e+02   
    5.52000000e+04     1.38000000e+01     1.11192239e+03     2.96785961e+02     2.36316611e+02     1.21381658e+02   
    5.54000000e+04     1.38500000e+01     1.11192634e+03     3.00047516e+02     2.35703355e+02     1.20354911e+02   
    5.56000000e+04     1.39000000e+01     1.11191739e+03     3.02935695e+02     2.33881854e+02     1.18776461e+02   
    5.58000000e+04     1.39500000e+01     1.11191349e+03     3.02064124e+02     2.34209376e+02     1.18795086e+02   
    5.60000000e+04     1.40000000e+01     1.11191244e+03     2.98543729e+02     2.34501860e+02     1.19227675e+02   
    5.62000000e+04     1.40500000e+01     1.11191430e+03     3.01141591e+02     2.36185384e+02     1.20027241e+02   
    5.64000000e+04     1.41000000e+01     1.11191689e+03     3.01566827e+02     2.35591069e+02     1.20242570e+02   
    5.66000000e+04     1.41500000e+01     1.11192429e+03     3.02628575e+02     2.36068509e+02     1.21868040e+02   
    5.68000000e+04     1.42000000e+01     1.11191656e+03     3.01349269e+02     2.36026792e+02     1.23657127e+02   
    5.70000000e+04     1.42500000e+01     1.11191609e+03     3.03068526e+02     2.36814418e+02     1.23812403e+02   
    5.72000000e+04     1.43000000e+01     1.11191248e+03     3.00695501e+02     2.36338691e+02     1.23288181e+02   
    5.74000000e+04     1.43500000e+01     1.11190884e+03     2.99626199e+02     2.36281446e+02     1.24391700e+02   
    5.76000000e+04     1.44000000e+01     1.11190542e+03     2.98445138e+02     2.35425639e+02     1.23471640e+02   
    5.78000000e+04     1.44500000e+01     1.11191185e+03     3.02408177e+02     2.37103027e+02     1.24417140e+02   
    5.80000000e+04     1.45000000e+01     1.11192526e+03     3.01869802e+02     2.35373180e+02     1.23040164e+02   
    5.82000000e+04     1.45500000e+01     1.11193208e+03     3.01954816e+02     2.38115169e+02     1.25498881e+02   
    5.84000000e+04     1.46000000e+01     1.11192175e+03     2.99664438e+02     2.36821982e+02     1.24267615e+02   
    5.86000000e+04     1.46500000e+01     1.11192811e+03     2.99500127e+02     2.37570542e+02     1.25603610e+02   
    5.88000000e+04     1.47000000e+01     1.11192169e+03     3.02780982e+02     2.35324315e+02     1.22633557e+02   
    5.90000000e+04     1.47500000e+01     1.11192897e+03     2.99560913e+02     2.38956238e+02     1.27358873e+02   
    5.92000000e+04     1.48000000e+01     1.11192649e+03     3.00845891e+02     2.37585069e+02     1.24705772e+02   
    5.94000000e+04     1.48500000e+01     1.11192677e+03     3.01255324e+02     2.35687978e+02     1.24618622e+02   
    5.96000000e+04     1.49000000e+01     1.11192388e+03     3.00003460e+02     2.34991705e+02     1.22372797e+02   
    5.98000000e+04     1.49500000e+01     1.11193306e+03     3.00142351e+02     2.36817731e+02     1.25250215e+02   
    6.00000000e+04     1.50000000e+01     1.11192539e+03     3.01573122e+02     2.37165360e+02     1.25304111e+02   
    6.02000000e+04     1.50500000e+01     1.11192341e+03     2.99283162e+02     2.36849169e+02     1.23285280e+02   
    6.04000000e+04     1.51000000e+01     1.11193497e+03     2.99827145e+02     2.37693221e+02     1.24799500e+02   
    6.06000000e+04     1.51500000e+01     1.11194829e+03     2.97474073e+02     2.36782792e+02     1.25357487e+02   
    6.08000000e+04     1.52000000e+01     1.11194881e+03     2.98984501e+02     2.35060111e+02     1.23600682e+02   
    6.10000000e+04     1.52500000e+01     1.11195817e+03     2.99129576e+02     2.36592866e+02     1.23460759e+02   
    6.12000000e+04     1.53000000e+01     1.11196027e+03     3.01991054e+02     2.34571066e+02     1.20960391e+02   
    6.14000000e+04     1.53500000e+01     1.11197383e+03     2.97856338e+02     2.36709538e+02     1.22523007e+02   
    6.16000000e+04     1.54000000e+01     1.11198226e+03     3.00399775e+02     2.35835560e+02     1.23227091e+02   
    6.18000000e+04     1.54500000e+01     1.11197279e+03     3.01954088e+02     2.33820707e+02     1.21133007e+02   
    6.20000000e+04     1.55000000e+01     1.11197740e+03     3.00079424e+02     2.33291342e+02     1.21574119e+02   
    6.22000000e+04     1.55500000e+01     1.11198947e+03     3.03969897e+02     2.38011951e+02     1.24911366e+02   
    6.24000000e+04     1.56000000e+01     1.11197853e+03     3.01653280e+02     2.35028635e+02     1.22854680e+02   
    6.26000000e+04     1.56500000e+01     1.11197081e+03     2.96947341e+02     2.36830749e+02     1.23991619e+02   
    6.28000000e+04     1.57000000e+01     1.11198007e+03     3.00820589e+02     2.37648670e+02     1.24760068e+02   
    6.30000000e+04     1.57500000e+01     1.11198033e+03     2.95876518e+02     2.36254349e+02     1.22861404e+02   
    6.32000000e+04     1.58000000e+01     1.11197174e+03     2.97725128e+02     2.34663097e+02     1.21372312e+02   
    6.34000000e+04     1.58500000e+01     1.11199025e+03     2.96669277e+02     2.36498713e+02     1.23050609e+02   
    6.36000000e+04     1.59000000e+01     1.11199176e+03     2.97624107e+02     2.36223510e+02     1.23801903e+02   
    6.38000000e+04     1.59500000e+01     1.11198679e+03     3.01311025e+02     2.33834288e+02     1.19634669e+02   
    6.40000000e+04     1.60000000e+01     1.11200908e+03     2.98676077e+02     2.37034551e+02     1.23473248e+02   
    6.42000000e+04     1.60500000e+01     1.11201262e+03     2.95382168e+02     2.36342548e+02     1.23945859e+02   
    6.44000000e+04     1.61000000e+01     1.11200006e+03     2.98798834e+02     2.35530390e+02     1.23688927e+02   
    6.46000000e+04     1.61500000e+01     1.11200175e+03     2.99659549e+02     2.37724299e+02     1.24023981e+02   
    6.48000000e+04     1.62000000e+01     1.11199725e+03     3.00264392e+02     2.36147500e+02     1.21723219e+02   
    6.50000000e+04     1.62500000e+01     1.11200986e+03     3.01009007e+02     2.36157798e+02     1.24064385e+02   
    6.52000000e+04     1.63000000e+01     1.11202144e+03     2.98021807e+02     2.36929462e+02     1.23718103e+02   
    6.54000000e+04     1.63500000e+01     1.11202800e+03     2.99580891e+02     2.36577794e+02     1.23813937e+02   
    6.56000000e+04     1.64000000e+01     1.11203470e+03     2.95849518e+02     2.36784526e+02     1.23409910e+02   
    6.58000000e+04     1.64500000e+01     1.11203657e+03     3.00573818e+02     2.37306981e+02     1.24838506e+02   
    6.60000000e+04     1.65000000e+01     1.11203591e+03     2.96879468e+02     2.36704960e+02     1.23600520e+02   
    6.62000000e+04     1.65500000e+01     1.11204489e+03     3.00805227e+02     2.37881580e+02     1.25653972e+02   
    6.64000000e+04     1.66000000e+01     1.11204030e+03     3.00347169e+02     2.36046254e+02     1.23039558e+02   
    6.66000000e+04     1.66500000e+01     1.11204790e+03     3.02484388e+02     2.36714841e+02     1.23772148e+02   
    6.68000000e+04     1.67000000e+01     1.11205588e+03     3.00587812e+02     2.35497286e+02     1.22194525e+02   
    6.70000000e+04     1.67500000e+01     1.11205389e+03     2.99662456e+02     2.33747704e+02     1.20123631e+02   
    6.72000000e+04     1.68000000e+01     1.11208357e+03     2.99163505e+02     2.36964761e+02     1.24852523e+02   
    6.74000000e+04     1.68500000e+01     1.11207667e+03     3.00477514e+02     2.34948314e+02     1.21793755e+02   
    6.76000000e+04     1.69000000e+01     1.11207705e+03     3.00439912e+02     2.36568223e+02     1.24337267e+02   
    6.78000000e+04     1.69500000e+01     1.11205017e+03     3.00381258e+02     2.35187470e+02     1.23333962e+02   
    6.80000000e+04     1.70000000e+01     1.11203737e+03     3.01256996e+02     2.34476677e+02     1.21074908e+02   
    6.82000000e+04     1.70500000e+01     1.11203986e+03     2.98112220e+02     2.37168370e+02     1.25627913e+02   
    6.84000000e+04     1.71000000e+01     1.11202470e+03     3.00750906e+02     2.34731939e+02     1.23809142e+02   
    6.86000000e+04     1.71500000e+01     1.11204013e+03     2.98774250e+02     2.36957352e+02     1.26839417e+02   
    6.88000000e+04     1.72000000e+01     1.11203917e+03     3.01478491e+02     2.34462639e+02     1.23577888e+02   
    6.90000000e+04     1.72500000e+01     1.11204603e+03     3.03324001e+02     2.35742033e+02     1.26026961e+02   
    6.92000000e+04     1.73000000e+01     1.11204902e+03     2.98461579e+02     2.35985076e+02     1.28471044e+02   
    6.94000000e+04     1.73500000e+01     1.11206101e+03     2.96133582e+02     2.36971277e+02     1.27001286e+02   
    6.96000000e+04     1.74000000e+01     1.11205445e+03     2.99532237e+02     2.35380256e+02     1.24386093e+02   
    6.98000000e+04     1.74500000e+01     1.11205681e+03     2.97252229e+02     2.35155089e+02     1.23828658e+02   
    7.00000000e+04     1.75000000e+01     1.11204912e+03     2.98110833e+02     2.35866147e+02     1.25504520e+02   
    7.02000000e+04     1.75500000e+01     1.11205443e+03     2.96511043e+02     2.37354855e+02     1.27135898e+02   
    7.04000000e+04     1.76000000e+01     1.11204168e+03     3.00297926e+02     2.35299330e+02     1.23996199e+02   
    7.06000000e+04     1.76500000e+01     1.11204789e+03     3.01976209e+02     2.34657832e+02     1.21966995e+02   
    7.08000000e+04     1.77000000e+01     1.11205336e+03     3.01767510e+02     2.33960824e+02     1.22013646e+02   
    7.10000000e+04     1.77500000e+01     1.11206800e+03     2.96351977e+02     2.35377183e+02     1.25873068e+02   
    7.12000000e+04     1.78000000e+01     1.11208064e+03     3.00232545e+02     2.38035616e+02     1.26292016e+02   
    7.14000000e+04     1.78500000e+01     1.11206639e+03     2.99386904e+02     2.35076756e+02     1.24297591e+02   
    7.16000000e+04     1.79000000e+01     1.11207016e+03     3.03693972e+02     2.37266486e+02     1.27972788e+02   
    7.18000000e+04     1.79500000e+01     1.11205455e+03     2.97759717e+02     2.36360747e+02     1.26669666e+02   
    7.20000000e+04     1.80000000e+01     1.11206149e+03     3.00635113e+02     2.37470889e+02     1.26627673e+02   
    7.22000000e+04     1.80500000e+01     1.11205557e+03     2.99662987e+02     2.35649506e+02     1.23939096e+02   
    7.24000000e+04     1.81000000e+01     1.11204865e+03     3.00214373e+02     2.35047858e+02     1.23224495e+02   
    7.26000000e+04     1.81500000e+01     1.11206895e+03     2.98264603e+02     2.36501702e+02     1.25619563e+02   
    7.28000000e+04     1.82000000e+01     1.11207129e+03     3.01707625e+02     2.36278580e+02     1.25002192e+02   
    7.30000000e+04     1.82500000e+01     1.11205671e+03     3.00398358e+02     2.32968499e+02     1.20744898e+02   
    7.32000000e+04     1.83000000e+01     1.11208965e+03     2.99074515e+02     2.36752478e+02     1.25128716e+02   
    7.34000000e+04     1.83500000e+01     1.11209018e+03     2.99531937e+02     2.35737967e+02     1.22851491e+02   
    7.36000000e+04     1.84000000e+01     1.11210724e+03     3.02789730e+02     2.35515848e+02     1.22805919e+02   
    7.38000000e+04     1.84500000e+01     1.11210557e+03     3.00803172e+02     2.36206347e+02     1.24152358e+02   
    7.40000000e+04     1.85000000e+01     1.11208943e+03     2.98700798e+02     2.35118523e+02     1.22926909e+02   
    7.42000000e+04     1.85500000e+01     1.11210329e+03     3.00937231e+02     2.38333042e+02     1.25860204e+02   
    7.44000000e+04     1.86000000e+01     1.11209796e+03     3.01269438e+02     2.35522271e+02     1.23550350e+02   
    7.46000000e+04     1.86500000e+01     1.11209701e+03     2.99130504e+02     2.35530289e+02     1.22757721e+02   
    7.48000000e+04     1.87000000e+01     1.11210588e+03     3.01449689e+02     2.36859274e+02     1.25540845e+02   
    7.50000000e+04     1.87500000e+01     1.11211457e+03     2.97952043e+02     2.36705022e+02     1.24148443e+02   
    7.52000000e+04     1.88000000e+01     1.11211557e+03     3.00268087e+02     2.36141806e+02     1.24071906e+02   
    7.54000000e+04     1.88500000e+01     1.11211334e+03     2.98222507e+02     2.35173720e+02     1.23695023e+02   
    7.56000000e+04     1.89000000e+01     1.11211494e+03     2.96388152e+02     2.35169221e+02     1.24360416e+02   
    7.58000000e+04     1.89500000e+01     1.11212363e+03     2.97900701e+02     2.36799572e+02     1.25138133e+02   
    7.60000000e+04     1.90000000e+01     1.11213097e+03     3.00289647e+02     2.37038408e+02     1.25923099e+02   
    7.62000000e+04     1.90500000e+01     1.11211610e+03     3.01476897e+02     2.35327493e+02     1.23829872e+02   
    7.64000000e+04     1.91000000e+01     1.11210765e+03     2.98211480e+02     2.35697383e+02     1.23024016e+02   
    7.66000000e+04     1.91500000e+01     1.11209687e+03     3.00580955e+02     2.35724676e+02     1.23308229e+02   
    7.68000000e+04     1.92000000e+01     1.11209542e+03     2.99381602e+02     2.36957472e+02     1.22567074e+02   
    7.70000000e+04     1.92500000e+01     1.11209503e+03     2.98745870e+02     2.34698260e+02     1.21887211e+02   
    7.72000000e+04     1.93000000e+01     1.11210191e+03     3.02019647e+02     2.35405864e+02     1.22043136e+02   
    7.74000000e+04     1.93500000e+01     1.11212083e+03     3.00106388e+02     2.37428473e+02     1.22329829e+02   
    7.76000000e+04     1.94000000e+01     1.11213380e+03     2.95933786e+02     2.36814994e+02     1.24622270e+02   
    7.78000000e+04     1.94500000e+01     1.11214449e+03     3.00823079e+02     2.37237475e+02     1.24420413e+02   
    7.80000000e+04     1.95000000e+01     1.11213905e+03     3.01150312e+02     2.35822791e+02     1.21823995e+02   
    7.82000000e+04     1.95500000e+01     1.11213067e+03     3.00071298e+02     2.35843081e+02     1.22967780e+02   
    7.84000000e+04     1.96000000e+01     1.11213481e+03     3.00290945e+02     2.35573670e+02     1.22051277e+02   
    7.86000000e+04     1.96500000e+01     1.11213616e+03     2.98982650e+02     2.36912064e+02     1.24773739e+02   
    7.88000000e+04     1.97000000e+01     1.11213792e+03     2.99933117e+02     2.34945672e+02     1.23845416e+02   
    7.90000000e+04     1.97500000e+01     1.11213940e+03     3.01480500e+02     2.37134221e+02     1.23682139e+02   
    7.92000000e+04     1.98000000e+01     1.11213861e+03     2.95941429e+02     2.37304841e+02     1.23944122e+02   
    7.94000000e+04     1.98500000e+01     1.11212797e+03     2.98279073e+02     2.36828036e+02     1.23859749e+02   
    7.96000000e+04     1.99000000e+01     1.11212932e+03     2.98728377e+02     2.37945618e+02     1.25441384e+02   
    7.98000000e+04     1.99500000e+01     1.11211904e+03     2.99590365e+02     2.36943895e+02     1.24340205e+02   
    8.00000000e+04     2.00000000e+01     1.11212233e+03     2.98220769e+02     2.35804134e+02     1.21508059e+02   
