# column   1     --> step : The current simulation time step.
# column   2     --> time{picosecond} : The elapsed simulation time.
# column   3     --> conserved{electronvolt} : The value of the conserved energy quantity per bead.
# column   4     --> temperature{kelvin} : The current temperature, as obtained from the MD kinetic energy.
# column   5     --> kinetic_cv{electronvolt} : The centroid-virial quantum kinetic energy of the physical system.
# column   6     --> potential{electronvolt} : The physical system potential energy.
    0.00000000e+00     0.00000000e+00     1.11329497e+03     3.04273373e+02     2.36071998e+02     1.23911544e+02   
    2.00000000e+02     5.00000000e-02     1.11329906e+03     2.97467958e+02     2.37084152e+02     1.24634061e+02   
    4.00000000e+02     1.00000000e-01     1.11329271e+03     3.04521964e+02     2.35470517e+02     1.21915443e+02   
    6.00000000e+02     1.50000000e-01     1.11328985e+03     3.01177895e+02     2.33761761e+02     1.21886103e+02   
    8.00000000e+02     2.00000000e-01     1.11329077e+03     3.01051494e+02     2.36118735e+02     1.24116746e+02   
    1.00000000e+03     2.50000000e-01     1.11328521e+03     3.05193298e+02     2.36679979e+02     1.25709867e+02   
    1.20000000e+03     3.00000000e-01     1.11328888e+03     3.00519800e+02     2.36807580e+02     1.25520043e+02   
    1.40000000e+03     3.50000000e-01     1.11328073e+03     3.02522855e+02     2.36070917e+02     1.25014554e+02   
    1.60000000e+03     4.00000000e-01     1.11328192e+03     2.99438533e+02     2.34226587e+02     1.22611119e+02   
    1.80000000e+03     4.50000000e-01     1.11329378e+03     2.99470361e+02     2.35235298e+02     1.25005095e+02   
    2.00000000e+03     5.00000000e-01     1.11330821e+03     2.98481449e+02     2.38052155e+02     1.27645413e+02   
    2.20000000e+03     5.50000000e-01     1.11329091e+03     2.96384117e+02     2.34424905e+02     1.24551323e+02   
    2.40000000e+03     6.00000000e-01     1.11330577e+03     3.01686629e+02     2.36834950e+02     1.26663781e+02   
    2.60000000e+03     6.50000000e-01     1.11330738e+03     2.99944369e+02     2.37041709e+02     1.26026936e+02   
    2.80000000e+03     7.00000000e-01     1.11330173e+03     3.02216184e+02     2.36282930e+02     1.27174037e+02   
    3.00000000e+03     7.50000000e-01     1.11330161e+03     2.98648928e+02     2.37945629e+02     1.27639720e+02   
    3.20000000e+03     8.00000000e-01     1.11328745e+03     2.99163927e+02     2.36464491e+02     1.26132890e+02   
    3.40000000e+03     8.50000000e-01     1.11328901e+03     3.00576882e+02     2.38265076e+02     1.28542409e+02   
    3.60000000e+03     9.00000000e-01     1.11326077e+03     2.99637222e+02     2.33311242e+02     1.22423582e+02   
    3.80000000e+03     9.50000000e-01     1.11327030e+03     3.02034112e+02     2.37091616e+02     1.26097161e+02   
    4.00000000e+03     1.00000000e+00     1.11326604e+03     2.99036842e+02     2.35385362e+02     1.26254065e+02   
    4.20000000e+03     1.05000000e+00     1.11326616e+03     3.01447554e+02     2.36167827e+02     1.24179174e+02   
    4.40000000e+03     1.10000000e+00     1.11327436e+03     2.97385606e+02     2.35615988e+02     1.25909274e+02   
    4.60000000e+03     1.15000000e+00     1.11327527e+03     3.00063563e+02     2.36210965e+02     1.25762307e+02   
    4.80000000e+03     1.20000000e+00     1.11327473e+03     3.01736364e+02     2.37171891e+02     1.26256845e+02   
    5.00000000e+03     1.25000000e+00     1.11327583e+03     2.98992818e+02     2.35209531e+02     1.25326158e+02   
    5.20000000e+03     1.30000000e+00     1.11327618e+03     3.01626395e+02     2.35993503e+02     1.25926506e+02   
    5.40000000e+03     1.35000000e+00     1.11327270e+03     3.01542775e+02     2.37733748e+02     1.26810596e+02   
    5.60000000e+03     1.40000000e+00     1.11327598e+03     3.01135031e+02     2.37434526e+02     1.24860331e+02   
    5.80000000e+03     1.45000000e+00     1.11327081e+03     2.98562769e+02     2.36497960e+02     1.23999789e+02   
    6.00000000e+03     1.50000000e+00     1.11327627e+03     3.00579124e+02     2.38793060e+02     1.27687687e+02   
    6.20000000e+03     1.55000000e+00     1.11326602e+03     2.95777980e+02     2.36693951e+02     1.26069759e+02   
    6.40000000e+03     1.60000000e+00     1.11327146e+03     2.99860755e+02     2.36003275e+02     1.23183541e+02   
    6.60000000e+03     1.65000000e+00     1.11327174e+03     2.97374235e+02     2.37412659e+02     1.24201188e+02   
    6.80000000e+03     1.70000000e+00     1.11327761e+03     2.99402909e+02     2.36930307e+02     1.25196431e+02   
    7.00000000e+03     1.75000000e+00     1.11327605e+03     2.98695400e+02     2.35456985e+02     1.23618089e+02   
    7.20000000e+03     1.80000000e+00     1.11328805e+03     3.00615884e+02     2.35864210e+02     1.23614966e+02   
    7.40000000e+03     1.85000000e+00     1.11328759e+03     2.97385589e+02     2.36646065e+02     1.23864247e+02   
    7.60000000e+03     1.90000000e+00     1.11328601e+03     3.02020706e+02     2.36189810e+02     1.22479091e+02   
    7.80000000e+03     1.95000000e+00     1.11329242e+03     3.02165419e+02     2.37224185e+02     1.23775487e+02   
    8.00000000e+03     2.00000000e+00     1.11330600e+03     2.99427388e+02     2.37243467e+02     1.25035616e+02   
    8.20000000e+03     2.05000000e+00     1.11330324e+03     2.97015407e+02     2.36366464e+02     1.23543611e+02   
    8.40000000e+03     2.10000000e+00     1.11330397e+03     3.01124429e+02     2.35388710e+02     1.23126974e+02   
    8.60000000e+03     2.15000000e+00     1.11331019e+03     2.98325026e+02     2.36992012e+02     1.25077854e+02   
    8.80000000e+03     2.20000000e+00     1.11330106e+03     2.97051085e+02     2.36189653e+02     1.22779048e+02   
    9.00000000e+03     2.25000000e+00     1.11330937e+03     2.97093053e+02     2.36064806e+02     1.24518964e+02   
    9.20000000e+03     2.30000000e+00     1.11331392e+03     3.01006390e+02     2.37986457e+02     1.24321037e+02   
    9.40000000e+03     2.35000000e+00     1.11329210e+03     2.99962713e+02     2.35350991e+02     1.22674702e+02   
    9.60000000e+03     2.40000000e+00     1.11330083e+03     2.99623426e+02     2.36955259e+02     1.23520946e+02   
    9.80000000e+03     2.45000000e+00     1.11329813e+03     3.00659241e+02     2.36002196e+02     1.20983209e+02   
    1.00000000e+04     2.50000000e+00     1.11330082e+03     2.99512703e+02     2.35216517e+02     1.21539846e+02   
    1.02000000e+04     2.55000000e+00     1.11330189e+03     2.98334470e+02     2.36845628e+02     1.22019753e+02   
    1.04000000e+04     2.60000000e+00     1.11330497e+03     2.98309464e+02     2.37958297e+02     1.23932582e+02   
    1.06000000e+04     2.65000000e+00     1.11328801e+03     3.02287328e+02     2.35867398e+02     1.21020165e+02   
    1.08000000e+04     2.70000000e+00     1.11328556e+03     2.97744591e+02     2.37557617e+02     1.22043579e+02   
    1.10000000e+04     2.75000000e+00     1.11327447e+03     3.02661879e+02     2.35246933e+02     1.21362742e+02   
    1.12000000e+04     2.80000000e+00     1.11327342e+03     2.99852347e+02     2.36468710e+02     1.22878046e+02   
    1.14000000e+04     2.85000000e+00     1.11325892e+03     3.04955489e+02     2.35672879e+02     1.21863444e+02   
    1.16000000e+04     2.90000000e+00     1.11325713e+03     3.01859766e+02     2.36130134e+02     1.20131338e+02   
    1.18000000e+04     2.95000000e+00     1.11324906e+03     2.97960635e+02     2.36948614e+02     1.23248779e+02   
    1.20000000e+04     3.00000000e+00     1.11324625e+03     2.99321309e+02     2.35438123e+02     1.23283822e+02   
    1.22000000e+04     3.05000000e+00     1.11325833e+03     2.99276372e+02     2.38319482e+02     1.24534952e+02   
    1.24000000e+04     3.10000000e+00     1.11326114e+03     3.02182333e+02     2.34928652e+02     1.22306325e+02   
    1.26000000e+04     3.15000000e+00     1.11327329e+03     2.99329132e+02     2.35501460e+02     1.21360069e+02   
    1.28000000e+04     3.20000000e+00     1.11327969e+03     2.96265106e+02     2.35267389e+02     1.21693408e+02   
    1.30000000e+04     3.25000000e+00     1.11328535e+03     3.00683800e+02     2.36877588e+02     1.22208545e+02   
    1.32000000e+04     3.30000000e+00     1.11329128e+03     2.99061713e+02     2.36554535e+02     1.21118312e+02   
    1.34000000e+04     3.35000000e+00     1.11330227e+03     2.98040706e+02     2.36852266e+02     1.23942827e+02   
    1.36000000e+04     3.40000000e+00     1.11331284e+03     3.01373275e+02     2.36114228e+02     1.23187355e+02   
    1.38000000e+04     3.45000000e+00     1.11333334e+03     3.02378914e+02     2.37337557e+02     1.26028671e+02   
    1.40000000e+04     3.50000000e+00     1.11333174e+03     3.03371641e+02     2.36825987e+02     1.20760695e+02   
    1.42000000e+04     3.55000000e+00     1.11333614e+03     3.01919029e+02     2.35548621e+02     1.21350949e+02   
    1.44000000e+04     3.60000000e+00     1.11331763e+03     3.00059922e+02     2.33061928e+02     1.18434947e+02   
    1.46000000e+04     3.65000000e+00     1.11334746e+03     2.98215496e+02     2.38795468e+02     1.26491620e+02   
    1.48000000e+04     3.70000000e+00     1.11333451e+03     3.01208328e+02     2.35411736e+02     1.22476719e+02   
    1.50000000e+04     3.75000000e+00     1.11335663e+03     3.00199073e+02     2.37746724e+02     1.24573753e+02   
    1.52000000e+04     3.80000000e+00     1.11336032e+03     2.99715978e+02     2.35506126e+02     1.23510959e+02   
    1.54000000e+04     3.85000000e+00     1.11337878e+03     2.98757361e+02     2.37098001e+02     1.25009810e+02   
    1.56000000e+04     3.90000000e+00     1.11336226e+03     3.00167548e+02     2.34035003e+02     1.21596491e+02   
    1.58000000e+04     3.95000000e+00     1.11335495e+03     3.00418568e+02     2.35983448e+02     1.22878519e+02   
    1.60000000e+04     4.00000000e+00     1.11335105e+03     3.00583514e+02     2.35415193e+02     1.21216089e+02   
    1.62000000e+04     4.05000000e+00     1.11335385e+03     2.97328019e+02     2.37318500e+02     1.23049660e+02   
    1.64000000e+04     4.10000000e+00     1.11335844e+03     3.01310941e+02     2.36739537e+02     1.24043302e+02   
    1.66000000e+04     4.15000000e+00     1.11335761e+03     2.97926258e+02     2.34717734e+02     1.21582844e+02   
    1.68000000e+04     4.20000000e+00     1.11337013e+03     2.99468771e+02     2.34350713e+02     1.22351006e+02   
    1.70000000e+04     4.25000000e+00     1.11337185e+03     2.94201344e+02     2.36549298e+02     1.24314897e+02   
    1.72000000e+04     4.30000000e+00     1.11336268e+03     2.95688283e+02     2.35304790e+02     1.24281811e+02   
    1.74000000e+04     4.35000000e+00     1.11335540e+03     2.97808988e+02     2.34983080e+02     1.23123261e+02   
    1.76000000e+04     4.40000000e+00     1.11335751e+03     2.96859099e+02     2.38089462e+02     1.26181192e+02   
    1.78000000e+04     4.45000000e+00     1.11335333e+03     2.98610744e+02     2.36830211e+02     1.25616721e+02   
    1.80000000e+04     4.50000000e+00     1.11335475e+03     2.97900233e+02     2.36880303e+02     1.25590774e+02   
    1.82000000e+04     4.55000000e+00     1.11335582e+03     2.98958272e+02     2.35615816e+02     1.22952102e+02   
    1.84000000e+04     4.60000000e+00     1.11336655e+03     3.00428246e+02     2.34769518e+02     1.22288516e+02   
    1.86000000e+04     4.65000000e+00     1.11336963e+03     3.00188893e+02     2.36034177e+02     1.24849612e+02   
    1.88000000e+04     4.70000000e+00     1.11336994e+03     3.02821569e+02     2.35955865e+02     1.23877669e+02   
    1.90000000e+04     4.75000000e+00     1.11337581e+03     3.00307889e+02     2.37724127e+02     1.25493404e+02   
    1.92000000e+04     4.80000000e+00     1.11336307e+03     3.01555837e+02     2.36640727e+02     1.23268837e+02   
    1.94000000e+04     4.85000000e+00     1.11336335e+03     3.01447478e+02     2.37868247e+02     1.25327763e+02   
    1.96000000e+04     4.90000000e+00     1.11335024e+03     3.00613390e+02     2.36126202e+02     1.24124504e+02   
    1.98000000e+04     4.95000000e+00     1.11335211e+03     3.05122797e+02     2.35802363e+02     1.22357234e+02   
    2.00000000e+04     5.00000000e+00     1.11334484e+03     2.98647495e+02     2.34549541e+02     1.23134310e+02   
    2.02000000e+04     5.05000000e+00     1.11334645e+03     3.00381514e+02     2.35899719e+02     1.22747548e+02   
    2.04000000e+04     5.10000000e+00     1.11335029e+03     3.01926670e+02     2.37317223e+02     1.23049142e+02   
    2.06000000e+04     5.15000000e+00     1.11334387e+03     3.00343635e+02     2.35725229e+02     1.21939682e+02   
    2.08000000e+04     5.20000000e+00     1.11334866e+03     3.01390359e+02     2.38619078e+02     1.25184436e+02   
    2.10000000e+04     5.25000000e+00     1.11334551e+03     2.99504467e+02     2.37526279e+02     1.24074457e+02   
    2.12000000e+04     5.30000000e+00     1.11331816e+03     2.99492340e+02     2.35143944e+02     1.22108224e+02   
    2.14000000e+04     5.35000000e+00     1.11332645e+03     3.01436834e+02     2.37765647e+02     1.24245077e+02   
    2.16000000e+04     5.40000000e+00     1.11333235e+03     3.00521635e+02     2.35013829e+02     1.22910539e+02   
    2.18000000e+04     5.45000000e+00     1.11334113e+03     3.00005131e+02     2.35605550e+02     1.21019013e+02   
    2.20000000e+04     5.50000000e+00     1.11334755e+03     3.00530172e+02     2.36390866e+02     1.22736631e+02   
    2.22000000e+04     5.55000000e+00     1.11333200e+03     3.01969542e+02     2.34917770e+02     1.19542437e+02   
    2.24000000e+04     5.60000000e+00     1.11334231e+03     2.97227111e+02     2.36078102e+02     1.22942918e+02   
    2.26000000e+04     5.65000000e+00     1.11334052e+03     2.95885185e+02     2.36833801e+02     1.22346682e+02   
    2.28000000e+04     5.70000000e+00     1.11334763e+03     3.00755631e+02     2.35428979e+02     1.22466750e+02   
    2.30000000e+04     5.75000000e+00     1.11334444e+03     3.03343670e+02     2.37380896e+02     1.23562701e+02   
    2.32000000e+04     5.80000000e+00     1.11334624e+03     2.99191719e+02     2.36950857e+02     1.24804262e+02   
    2.34000000e+04     5.85000000e+00     1.11334033e+03     3.01545016e+02     2.37076155e+02     1.24270851e+02   
    2.36000000e+04     5.90000000e+00     1.11333874e+03     3.03991136e+02     2.36045553e+02     1.21962405e+02   
    2.38000000e+04     5.95000000e+00     1.11332949e+03     2.99422909e+02     2.35810226e+02     1.21761257e+02   
    2.40000000e+04     6.00000000e+00     1.11333504e+03     3.03258343e+02     2.38176578e+02     1.24260897e+02   
    2.42000000e+04     6.05000000e+00     1.11334524e+03     3.01871562e+02     2.37795592e+02     1.25007564e+02   
    2.44000000e+04     6.10000000e+00     1.11334440e+03     3.01573476e+02     2.34700999e+02     1.21235417e+02   
    2.46000000e+04     6.15000000e+00     1.11335417e+03     2.99557448e+02     2.37529618e+02     1.24532641e+02   
    2.48000000e+04     6.20000000e+00     1.11334373e+03     3.00341298e+02     2.36354964e+02     1.23851098e+02   
    2.50000000e+04     6.25000000e+00     1.11334477e+03     2.99694581e+02     2.37008971e+02     1.27375547e+02   
    2.52000000e+04     6.30000000e+00     1.11334399e+03     2.97839658e+02     2.36206618e+02     1.26129463e+02   
    2.54000000e+04     6.35000000e+00     1.11333167e+03     2.96087007e+02     2.36105050e+02     1.25995497e+02   
    2.56000000e+04     6.40000000e+00     1.11332499e+03     3.02487587e+02     2.34930213e+02     1.22571252e+02   
    2.58000000e+04     6.45000000e+00     1.11332277e+03     2.98671207e+02     2.35654385e+02     1.23865031e+02   
    2.60000000e+04     6.50000000e+00     1.11331466e+03     2.99749357e+02     2.37642639e+02     1.26736545e+02   
    2.62000000e+04     6.55000000e+00     1.11331934e+03     2.99299910e+02     2.37676052e+02     1.26807315e+02   
    2.64000000e+04     6.60000000e+00     1.11331578e+03     2.96956650e+02     2.37227549e+02     1.25946980e+02   
    2.66000000e+04     6.65000000e+00     1.11332901e+03     3.00475251e+02     2.37114397e+02     1.25832690e+02   
    2.68000000e+04     6.70000000e+00     1.11333701e+03     3.02400730e+02     2.36821867e+02     1.25765022e+02   
    2.70000000e+04     6.75000000e+00     1.11334451e+03     2.98425357e+02     2.37931847e+02     1.25379036e+02   
    2.72000000e+04     6.80000000e+00     1.11334294e+03     2.99989293e+02     2.35000477e+02     1.22681990e+02   
    2.74000000e+04     6.85000000e+00     1.11334982e+03     2.99730487e+02     2.35328541e+02     1.21546431e+02   
    2.76000000e+04     6.90000000e+00     1.11337554e+03     2.98753838e+02     2.37018763e+02     1.23283266e+02   
    2.78000000e+04     6.95000000e+00     1.11338639e+03     3.00392392e+02     2.36361993e+02     1.22341009e+02   
    2.80000000e+04     7.00000000e+00     1.11339233e+03     3.00045345e+02     2.36614247e+02     1.22988659e+02   
    2.82000000e+04     7.05000000e+00     1.11339599e+03     2.95503980e+02     2.37152812e+02     1.22892821e+02   
    2.84000000e+04     7.10000000e+00     1.11339780e+03     2.98015185e+02     2.35838954e+02     1.23624875e+02   
    2.86000000e+04     7.15000000e+00     1.11341024e+03     3.00930318e+02     2.36990736e+02     1.25175228e+02   
    2.88000000e+04     7.20000000e+00     1.11341946e+03     3.01823111e+02     2.36055739e+02     1.24716158e+02   
    2.90000000e+04     7.25000000e+00     1.11342143e+03     2.98528059e+02     2.35230232e+02     1.24958984e+02   
    2.92000000e+04     7.30000000e+00     1.11342732e+03     2.98892787e+02     2.36375837e+02     1.25654505e+02   
    2.94000000e+04     7.35000000e+00     1.11343580e+03     2.99099313e+02     2.35142979e+02     1.24316246e+02   
    2.96000000e+04     7.40000000e+00     1.11345098e+03     3.01552681e+02     2.37539203e+02     1.26837458e+02   
    2.98000000e+04     7.45000000e+00     1.11345071e+03     3.01489644e+02     2.36187365e+02     1.24518484e+02   
    3.00000000e+04     7.50000000e+00     1.11345684e+03     3.01161994e+02     2.36682754e+02     1.25125070e+02   
    3.02000000e+04     7.55000000e+00     1.11346383e+03     3.01948439e+02     2.37459223e+02     1.26663672e+02   
    3.04000000e+04     7.60000000e+00     1.11345962e+03     3.00256566e+02     2.36056351e+02     1.25234036e+02   
    3.06000000e+04     7.65000000e+00     1.11346703e+03     2.98250323e+02     2.36891590e+02     1.26460893e+02   
    3.08000000e+04     7.70000000e+00     1.11346090e+03     3.02800761e+02     2.37591516e+02     1.26710345e+02   
    3.10000000e+04     7.75000000e+00     1.11346112e+03     2.99618915e+02     2.36687429e+02     1.25180955e+02   
    3.12000000e+04     7.80000000e+00     1.11345910e+03     2.99342324e+02     2.37355046e+02     1.25972558e+02   
    3.14000000e+04     7.85000000e+00     1.11346827e+03     2.98104533e+02     2.37463990e+02     1.27339542e+02   
    3.16000000e+04     7.90000000e+00     1.11346357e+03     3.02477301e+02     2.35718323e+02     1.26604283e+02   
    3.18000000e+04     7.95000000e+00     1.11347587e+03     3.01424829e+02     2.37170456e+02     1.27199038e+02   
    3.20000000e+04     8.00000000e+00     1.11347177e+03     3.02610061e+02     2.36874394e+02     1.25660720e+02   
    3.22000000e+04     8.05000000e+00     1.11348827e+03     2.99345774e+02     2.37808729e+02     1.25804601e+02   
    3.24000000e+04     8.10000000e+00     1.11350205e+03     3.00328323e+02     2.35901933e+02     1.24613314e+02   
    3.26000000e+04     8.15000000e+00     1.11351210e+03     2.99687631e+02     2.37207250e+02     1.26666890e+02   
    3.28000000e+04     8.20000000e+00     1.11353263e+03     3.01296871e+02     2.37983302e+02     1.26580615e+02   
    3.30000000e+04     8.25000000e+00     1.11352678e+03     2.99312357e+02     2.35285497e+02     1.22304556e+02   
    3.32000000e+04     8.30000000e+00     1.11352116e+03     3.00903219e+02     2.34629752e+02     1.22220899e+02   
    3.34000000e+04     8.35000000e+00     1.11353267e+03     2.99725652e+02     2.36890114e+02     1.26342498e+02   
    3.36000000e+04     8.40000000e+00     1.11352965e+03     2.96565132e+02     2.37340602e+02     1.26362511e+02   
    3.38000000e+04     8.45000000e+00     1.11352522e+03     2.97869581e+02     2.36498334e+02     1.25836853e+02   
    3.40000000e+04     8.50000000e+00     1.11352693e+03     3.01142779e+02     2.35872875e+02     1.24392932e+02   
    3.42000000e+04     8.55000000e+00     1.11353177e+03     2.99744879e+02     2.35536725e+02     1.25363118e+02   
    3.44000000e+04     8.60000000e+00     1.11353623e+03     3.00140517e+02     2.37363884e+02     1.25638530e+02   
    3.46000000e+04     8.65000000e+00     1.11352419e+03     3.00635259e+02     2.35326469e+02     1.23872275e+02   
    3.48000000e+04     8.70000000e+00     1.11352207e+03     2.99069391e+02     2.35123634e+02     1.22669662e+02   
    3.50000000e+04     8.75000000e+00     1.11353965e+03     3.00684188e+02     2.38450777e+02     1.27031885e+02   
    3.52000000e+04     8.80000000e+00     1.11353536e+03     3.01846380e+02     2.35774225e+02     1.24757302e+02   
    3.54000000e+04     8.85000000e+00     1.11353518e+03     2.99490509e+02     2.36126691e+02     1.23882190e+02   
    3.56000000e+04     8.90000000e+00     1.11354667e+03     2.99005736e+02     2.39167784e+02     1.26027642e+02   
    3.58000000e+04     8.95000000e+00     1.11351736e+03     3.01944576e+02     2.35281337e+02     1.22291848e+02   
    3.60000000e+04     9.00000000e+00     1.11353016e+03     2.99871666e+02     2.38250010e+02     1.26899567e+02   
    3.62000000e+04     9.05000000e+00     1.11353336e+03     3.02046299e+02     2.37481350e+02     1.24826384e+02   
    3.64000000e+04     9.10000000e+00     1.11353339e+03     2.99221546e+02     2.35987096e+02     1.24728674e+02   
    3.66000000e+04     9.15000000e+00     1.11353494e+03     3.01696696e+02     2.36158107e+02     1.24438738e+02   
    3.68000000e+04     9.20000000e+00     1.11354218e+03     3.00668344e+02     2.36114352e+02     1.23483192e+02   
    3.70000000e+04     9.25000000e+00     1.11353687e+03     2.99077199e+02     2.37793946e+02     1.23892906e+02   
    3.72000000e+04     9.30000000e+00     1.11353633e+03     3.01043298e+02     2.35638567e+02     1.21313669e+02   
    3.74000000e+04     9.35000000e+00     1.11355439e+03     3.03692939e+02     2.37140872e+02     1.24411247e+02   
    3.76000000e+04     9.40000000e+00     1.11354516e+03     3.00539975e+02     2.36583728e+02     1.23898397e+02   
    3.78000000e+04     9.45000000e+00     1.11355111e+03     2.97025196e+02     2.36161931e+02     1.24434870e+02   
    3.80000000e+04     9.50000000e+00     1.11355601e+03     3.00803105e+02     2.38060434e+02     1.24316393e+02   
    3.82000000e+04     9.55000000e+00     1.11355348e+03     2.97686190e+02     2.37290100e+02     1.24738656e+02   
    3.84000000e+04     9.60000000e+00     1.11354543e+03     2.99220960e+02     2.36759314e+02     1.25109883e+02   
    3.86000000e+04     9.65000000e+00     1.11354314e+03     2.98242579e+02     2.35813015e+02     1.23946887e+02   
    3.88000000e+04     9.70000000e+00     1.11354341e+03     3.00076582e+02     2.35707589e+02     1.23483799e+02   
    3.90000000e+04     9.75000000e+00     1.11356453e+03     3.01348619e+02     2.37363382e+02     1.25134027e+02   
    3.92000000e+04     9.80000000e+00     1.11356143e+03     2.97133653e+02     2.37143174e+02     1.25901994e+02   
    3.94000000e+04     9.85000000e+00     1.11355668e+03     2.98339299e+02     2.33687052e+02     1.22972257e+02   
    3.96000000e+04     9.90000000e+00     1.11358269e+03     3.02307590e+02     2.37004051e+02     1.25409490e+02   
    3.98000000e+04     9.95000000e+00     1.11356779e+03     2.98336766e+02     2.35832952e+02     1.25317670e+02   
    4.00000000e+04     1.00000000e+01     1.11356484e+03     2.98451032e+02     2.37824800e+02     1.27169163e+02   
    4.02000000e+04     1.00500000e+01     1.11353528e+03     3.01207943e+02     2.35046354e+02     1.24305428e+02   
    4.04000000e+04     1.01000000e+01     1.11354944e+03     2.99382329e+02     2.38304083e+02     1.27703918e+02   
    4.06000000e+04     1.01500000e+01     1.11355713e+03     2.97641710e+02     2.37484110e+02     1.28031005e+02   
    4.08000000e+04     1.02000000e+01     1.11356714e+03     2.99492132e+02     2.35032606e+02     1.23854083e+02   
    4.10000000e+04     1.02500000e+01     1.11357791e+03     3.00930027e+02     2.35591379e+02     1.24512321e+02   
    4.12000000e+04     1.03000000e+01     1.11359114e+03     3.01457106e+02     2.38431083e+02     1.25729817e+02   
    4.14000000e+04     1.03500000e+01     1.11356527e+03     2.98610714e+02     2.35359416e+02     1.21891363e+02   
    4.16000000e+04     1.04000000e+01     1.11356675e+03     2.99826321e+02     2.36678109e+02     1.23159055e+02   
    4.18000000e+04     1.04500000e+01     1.11356836e+03     2.99220523e+02     2.36770282e+02     1.22982801e+02   
    4.20000000e+04     1.05000000e+01     1.11356751e+03     2.99379129e+02     2.35552829e+02     1.23870082e+02   
    4.22000000e+04     1.05500000e+01     1.11357929e+03     3.02026847e+02     2.35737800e+02     1.24278387e+02   
    4.24000000e+04     1.06000000e+01     1.11358732e+03     3.01700116e+02     2.35590460e+02     1.24812814e+02   
    4.26000000e+04     1.06500000e+01     1.11359638e+03     3.02648986e+02     2.36164870e+02     1.25364188e+02   
    4.28000000e+04     1.07000000e+01     1.11360853e+03     2.98843276e+02     2.37393070e+02     1.27435796e+02   
    4.30000000e+04     1.07500000e+01     1.11359456e+03     2.97119142e+02     2.36475193e+02     1.24699865e+02   
    4.32000000e+04     1.08000000e+01     1.11359324e+03     3.00586243e+02     2.37362859e+02     1.24717443e+02   
    4.34000000e+04     1.08500000e+01     1.11358136e+03     3.00692002e+02     2.36118357e+02     1.23979476e+02   
    4.36000000e+04     1.09000000e+01     1.11357099e+03     3.01980150e+02     2.34947793e+02     1.23522703e+02   
    4.38000000e+04     1.09500000e+01     1.11357030e+03     2.98240387e+02     2.37060414e+02     1.26335211e+02   
    4.40000000e+04     1.10000000e+01     1.11356652e+03     3.00864430e+02     2.35488068e+02     1.22787553e+02   
    4.42000000e+04     1.10500000e+01     1.11357204e+03     3.01225866e+02     2.35799761e+02     1.23163845e+02   
    4.44000000e+04     1.11000000e+01     1.11358009e+03     3.02188861e+02     2.37568104e+02     1.26604115e+02   
    4.46000000e+04     1.11500000e+01     1.11357855e+03     2.99270969e+02     2.34903404e+02     1.24347440e+02   
    4.48000000e+04     1.12000000e+01     1.11360414e+03     2.98350234e+02     2.37169984e+02     1.26919445e+02   
    4.50000000e+04     1.12500000e+01     1.11360063e+03     2.97968226e+02     2.34228024e+02     1.22070886e+02   
    4.52000000e+04     1.13000000e+01     1.11361843e+03     2.99839430e+02     2.37722304e+02     1.28817374e+02   
    4.54000000e+04     1.13500000e+01     1.11361435e+03     2.99564627e+02     2.36502272e+02     1.25385081e+02   
    4.56000000e+04     1.14000000e+01     1.11361350e+03     2.99387787e+02     2.35345643e+02     1.25355783e+02   
    4.58000000e+04     1.14500000e+01     1.11361059e+03     3.01893647e+02     2.35862950e+02     1.23365680e+02   
    4.60000000e+04     1.15000000e+01     1.11361012e+03     2.98613197e+02     2.34446701e+02     1.23825281e+02   
    4.62000000e+04     1.15500000e+01     1.11361223e+03     2.97354727e+02     2.34769600e+02     1.23291932e+02   
    4.64000000e+04     1.16000000e+01     1.11362372e+03     3.01361713e+02     2.37556204e+02     1.25151509e+02   
    4.66000000e+04     1.16500000e+01     1.11362284e+03     3.02427667e+02     2.36976028e+02     1.25667950e+02   
    4.68000000e+04     1.17000000e+01     1.11361320e+03     3.00049936e+02     2.35765268e+02     1.22861706e+02   
    4.70000000e+04     1.17500000e+01     1.11361008e+03     2.96843091e+02     2.34831684e+02     1.22379667e+02   
    4.72000000e+04     1.18000000e+01     1.11360789e+03     2.99970466e+02     2.34100169e+02     1.20459405e+02   
    4.74000000e+04     1.18500000e+01     1.11360912e+03     3.00773554e+02     2.35997153e+02     1.23760950e+02   
    4.76000000e+04     1.19000000e+01     1.11361761e+03     3.01824238e+02     2.38437077e+02     1.24692919e+02   
    4.78000000e+04     1.19500000e+01     1.11361710e+03     3.02330995e+02     2.35747852e+02     1.23329208e+02   
    4.80000000e+04     1.20000000e+01     1.11362264e+03     3.02224709e+02     2.36239915e+02     1.22668481e+02   
    4.82000000e+04     1.20500000e+01     1.11362462e+03     3.01938940e+02     2.37062692e+02     1.25011674e+02   
    4.84000000e+04     1.21000000e+01     1.11360674e+03     2.98059035e+02     2.35720521e+02     1.21059414e+02   
    4.86000000e+04     1.21500000e+01     1.11361020e+03     3.01296487e+02     2.37851357e+02     1.23195861e+02   
    4.88000000e+04     1.22000000e+01     1.11361210e+03     3.03691133e+02     2.35651307e+02     1.22225260e+02   
    4.90000000e+04     1.22500000e+01     1.11361323e+03     3.02390404e+02     2.36995980e+02     1.22716723e+02   
    4.92000000e+04     1.23000000e+01     1.11360535e+03     2.98852812e+02     2.35926467e+02     1.21710683e+02   
    4.94000000e+04     1.23500000e+01     1.11360992e+03     2.99445343e+02     2.36288432e+02     1.23053939e+02   
    4.96000000e+04     1.24000000e+01     1.11361194e+03     2.99115691e+02     2.36336801e+02     1.24048759e+02   
    4.98000000e+04     1.24500000e+01     1.11360623e+03     2.98910321e+02     2.36557554e+02     1.22462916e+02   
    5.00000000e+04     1.25000000e+01     1.11359255e+03     3.01362509e+02     2.34796144e+02     1.18947267e+02   
    5.02000000e+04     1.25500000e+01     1.11358839e+03     3.00124715e+02     2.34300946e+02     1.19666710e+02   
    5.04000000e+04     1.26000000e+01     1.11361010e+03     3.02517906e+02     2.38493833e+02     1.24397470e+02   
    5.06000000e+04     1.26500000e+01     1.11359223e+03     2.98795468e+02     2.34325528e+02     1.19759949e+02   
    5.08000000e+04     1.27000000e+01     1.11360755e+03     3.01475262e+02     2.35434630e+02     1.21102124e+02   
    5.10000000e+04     1.27500000e+01     1.11361833e+03     2.99369954e+02     2.37215877e+02     1.22255264e+02   
    5.12000000e+04     1.28000000e+01     1.11361856e+03     2.97217137e+02     2.37219160e+02     1.24022260e+02   
    5.14000000e+04     1.28500000e+01     1.11361761e+03     2.98404893e+02     2.36783320e+02     1.23559335e+02   
    5.16000000e+04     1.29000000e+01     1.11361163e+03     3.02055527e+02     2.36117594e+02     1.22847176e+02   
    5.18000000e+04     1.29500000e+01     1.11360243e+03     2.98569146e+02     2.35017878e+02     1.22415750e+02   
    5.20000000e+04     1.30000000e+01     1.11360193e+03     2.98827282e+02     2.37273306e+02     1.24317724e+02   
    5.22000000e+04     1.30500000e+01     1.11358816e+03     2.98741782e+02     2.34895584e+02     1.22488604e+02   
    5.24000000e+04     1.31000000e+01     1.11358515e+03     2.97102334e+02     2.35022191e+02     1.22176465e+02   
    5.26000000e+04     1.31500000e+01     1.11359582e+03     2.96920163e+02     2.36677896e+02     1.24493676e+02   
    5.28000000e+04     1.32000000e+01     1.11361723e+03     2.99537918e+02     2.38697015e+02     1.26776648e+02   
    5.30000000e+04     1.32500000e+01     1.11361104e+03     2.99735851e+02     2.35509363e+02     1.23045782e+02   
    5.32000000e+04     1.33000000e+01     1.11361215e+03     3.02013024e+02     2.36466498e+02     1.24451206e+02   
    5.34000000e+04     1.33500000e+01     1.11361069e+03     3.00071822e+02     2.34882592e+02     1.22361223e+02   
    5.36000000e+04     1.34000000e+01     1.11363220e+03     3.01397797e+02     2.38205596e+02     1.25225236e+02   
    5.38000000e+04     1.34500000e+01     1.11364183e+03     3.00328663e+02     2.37468968e+02     1.23909738e+02   
    5.40000000e+04     1.35000000e+01     1.11363588e+03     3.00648280e+02     2.36339245e+02     1.23038176e+02   
    5.42000000e+04     1.35500000e+01     1.11363640e+03     3.03148045e+02     2.35950079e+02     1.21928375e+02   
    5.44000000e+04     1.36000000e+01     1.11364625e+03     2.98074885e+02     2.37232900e+02     1.26918492e+02   
    5.46000000e+04     1.36500000e+01     1.11364586e+03     2.99132603e+02     2.36813619e+02     1.25982281e+02   
    5.48000000e+04     1.37000000e+01     1.11363307e+03     3.01495671e+02     2.35574321e+02     1.23196388e+02   
    5.50000000e+04     1.37500000e+01     1.11362198e+03     3.00101035e+02     2.35188606e+02     1.23304040e+02   
    5.52000000e+04     1.38000000e+01     1.11362441e+03     2.98031653e+02     2.35577382e+02     1.23883780e+02   
    5.54000000e+04     1.38500000e+01     1.11362703e+03     3.00935773e+02     2.34858766e+02     1.22774905e+02   
    5.56000000e+04     1.39000000e+01     1.11363812e+03     3.03507895e+02     2.35232343e+02     1.23000313e+02   
    5.58000000e+04     1.39500000e+01     1.11363782e+03     3.02829724e+02     2.36027566e+02     1.23732599e+02   
    5.60000000e+04     1.40000000e+01     1.11363911e+03     2.97852597e+02     2.35511688e+02     1.26110140e+02   
    5.62000000e+04     1.40500000e+01     1.11363314e+03     2.99711848e+02     2.35388577e+02     1.24522093e+02   
    5.64000000e+04     1.41000000e+01     1.11363528e+03     3.00921623e+02     2.37306935e+02     1.26917972e+02   
    5.66000000e+04     1.41500000e+01     1.11363008e+03     3.01776453e+02     2.38298637e+02     1.26845613e+02   
    5.68000000e+04     1.42000000e+01     1.11363211e+03     3.01217338e+02     2.37972453e+02     1.25498214e+02   
    5.70000000e+04     1.42500000e+01     1.11362164e+03     3.01596381e+02     2.35694998e+02     1.25069090e+02   
    5.72000000e+04     1.43000000e+01     1.11363021e+03     2.99567587e+02     2.37796900e+02     1.26890557e+02   
    5.74000000e+04     1.43500000e+01     1.11361653e+03     2.99440038e+02     2.36404876e+02     1.25761374e+02   
    5.76000000e+04     1.44000000e+01     1.11360994e+03     2.99726699e+02     2.35620343e+02     1.25621758e+02   
    5.78000000e+04     1.44500000e+01     1.11361949e+03     3.01533397e+02     2.37739590e+02     1.27607289e+02   
    5.80000000e+04     1.45000000e+01     1.11361349e+03     3.00360269e+02     2.35464568e+02     1.23974193e+02   
    5.82000000e+04     1.45500000e+01     1.11361785e+03     3.02147306e+02     2.36132919e+02     1.23954873e+02   
    5.84000000e+04     1.46000000e+01     1.11360899e+03     3.00082195e+02     2.35283762e+02     1.23033587e+02   
    5.86000000e+04     1.46500000e+01     1.11361624e+03     2.99367111e+02     2.36590002e+02     1.23682588e+02   
    5.88000000e+04     1.47000000e+01     1.11361198e+03     3.01675796e+02     2.35712154e+02     1.24375503e+02   
    5.90000000e+04     1.47500000e+01     1.11362052e+03     2.98939674e+02     2.38539997e+02     1.27662087e+02   
    5.92000000e+04     1.48000000e+01     1.11360402e+03     3.00513905e+02     2.36568838e+02     1.23420962e+02   
    5.94000000e+04     1.48500000e+01     1.11358543e+03     3.01311163e+02     2.34966914e+02     1.23306139e+02   
    5.96000000e+04     1.49000000e+01     1.11358297e+03     3.01118980e+02     2.35831933e+02     1.22665654e+02   
    5.98000000e+04     1.49500000e+01     1.11359574e+03     2.99980382e+02     2.37038915e+02     1.24512387e+02   
    6.00000000e+04     1.50000000e+01     1.11358898e+03     3.00570046e+02     2.37138352e+02     1.23747395e+02   
    6.02000000e+04     1.50500000e+01     1.11358337e+03     3.00508813e+02     2.35548314e+02     1.22002088e+02   
    6.04000000e+04     1.51000000e+01     1.11359362e+03     3.00385685e+02     2.37116308e+02     1.25257977e+02   
    6.06000000e+04     1.51500000e+01     1.11359322e+03     2.99207577e+02     2.35673843e+02     1.23445141e+02   
    6.08000000e+04     1.52000000e+01     1.11358031e+03     2.99210097e+02     2.35839795e+02     1.24287679e+02   
    6.10000000e+04     1.52500000e+01     1.11358088e+03     2.99487428e+02     2.37114493e+02     1.24764862e+02   
    6.12000000e+04     1.53000000e+01     1.11356285e+03     3.03870785e+02     2.34724129e+02     1.21803929e+02   
    6.14000000e+04     1.53500000e+01     1.11356998e+03     2.98508533e+02     2.36002794e+02     1.23757170e+02   
    6.16000000e+04     1.54000000e+01     1.11357290e+03     2.99471479e+02     2.36220914e+02     1.22838987e+02   
    6.18000000e+04     1.54500000e+01     1.11356757e+03     3.01877375e+02     2.33752798e+02     1.22326599e+02   
    6.20000000e+04     1.55000000e+01     1.11358023e+03     3.00687914e+02     2.34861999e+02     1.22806363e+02   
    6.22000000e+04     1.55500000e+01     1.11358245e+03     3.04336796e+02     2.36647300e+02     1.25680525e+02   
    6.24000000e+04     1.56000000e+01     1.11357099e+03     3.01999806e+02     2.35327863e+02     1.23460215e+02   
    6.26000000e+04     1.56500000e+01     1.11358740e+03     2.98590669e+02     2.37172422e+02     1.25270314e+02   
    6.28000000e+04     1.57000000e+01     1.11359687e+03     3.00100833e+02     2.36530760e+02     1.25935169e+02   
    6.30000000e+04     1.57500000e+01     1.11360776e+03     2.98310707e+02     2.35787519e+02     1.24316901e+02   
    6.32000000e+04     1.58000000e+01     1.11361085e+03     2.96363215e+02     2.35208309e+02     1.25520095e+02   
    6.34000000e+04     1.58500000e+01     1.11361499e+03     2.97979731e+02     2.36624968e+02     1.25153656e+02   
    6.36000000e+04     1.59000000e+01     1.11362325e+03     2.99124053e+02     2.38346551e+02     1.26642349e+02   
    6.38000000e+04     1.59500000e+01     1.11361434e+03     3.02240497e+02     2.34588795e+02     1.22652874e+02   
    6.40000000e+04     1.60000000e+01     1.11363881e+03     2.98227739e+02     2.37531322e+02     1.27078970e+02   
    6.42000000e+04     1.60500000e+01     1.11364195e+03     2.98252434e+02     2.37782938e+02     1.25497943e+02   
    6.44000000e+04     1.61000000e+01     1.11365260e+03     3.02172552e+02     2.37260996e+02     1.25278820e+02   
    6.46000000e+04     1.61500000e+01     1.11366003e+03     3.01471564e+02     2.36629815e+02     1.23205799e+02   
    6.48000000e+04     1.62000000e+01     1.11367102e+03     3.01244757e+02     2.36523825e+02     1.23457909e+02   
    6.50000000e+04     1.62500000e+01     1.11366919e+03     3.03643896e+02     2.35039181e+02     1.21910067e+02   
    6.52000000e+04     1.63000000e+01     1.11368724e+03     3.00017977e+02     2.38659093e+02     1.24833464e+02   
    6.54000000e+04     1.63500000e+01     1.11367166e+03     3.01679094e+02     2.35341293e+02     1.20641242e+02   
    6.56000000e+04     1.64000000e+01     1.11366783e+03     2.97901526e+02     2.36905349e+02     1.20901433e+02   
    6.58000000e+04     1.64500000e+01     1.11365063e+03     3.02607355e+02     2.36166480e+02     1.21215956e+02   
    6.60000000e+04     1.65000000e+01     1.11366066e+03     2.97973525e+02     2.36889597e+02     1.23070254e+02   
    6.62000000e+04     1.65500000e+01     1.11367539e+03     3.01719427e+02     2.39512902e+02     1.26118038e+02   
    6.64000000e+04     1.66000000e+01     1.11367448e+03     3.02779737e+02     2.36834074e+02     1.24446008e+02   
    6.66000000e+04     1.66500000e+01     1.11367223e+03     3.02964094e+02     2.35457006e+02     1.22493786e+02   
    6.68000000e+04     1.67000000e+01     1.11367961e+03     3.00835357e+02     2.36476479e+02     1.22803089e+02   
    6.70000000e+04     1.67500000e+01     1.11368255e+03     2.98765411e+02     2.35026354e+02     1.21637998e+02   
    6.72000000e+04     1.68000000e+01     1.11369767e+03     2.99037508e+02     2.37195309e+02     1.24973889e+02   
    6.74000000e+04     1.68500000e+01     1.11369122e+03     2.99176056e+02     2.34463227e+02     1.21086918e+02   
    6.76000000e+04     1.69000000e+01     1.11370625e+03     3.00898109e+02     2.36470428e+02     1.22918877e+02   
    6.78000000e+04     1.69500000e+01     1.11370608e+03     3.01384361e+02     2.35743649e+02     1.22424860e+02   
    6.80000000e+04     1.70000000e+01     1.11371261e+03     3.01144787e+02     2.36023088e+02     1.24228787e+02   
    6.82000000e+04     1.70500000e+01     1.11371542e+03     2.97427200e+02     2.36056523e+02     1.24753558e+02   
    6.84000000e+04     1.71000000e+01     1.11371840e+03     2.99444397e+02     2.37012326e+02     1.26674742e+02   
    6.86000000e+04     1.71500000e+01     1.11370984e+03     3.00093248e+02     2.38031215e+02     1.24974376e+02   
    6.88000000e+04     1.72000000e+01     1.11370698e+03     3.00866682e+02     2.36451106e+02     1.24703493e+02   
    6.90000000e+04     1.72500000e+01     1.11369669e+03     3.04450112e+02     2.36083539e+02     1.22452592e+02   
    6.92000000e+04     1.73000000e+01     1.11369418e+03     3.01194400e+02     2.36790652e+02     1.23469950e+02   
    6.94000000e+04     1.73500000e+01     1.11369276e+03     2.99784158e+02     2.35485157e+02     1.22050389e+02   
    6.96000000e+04     1.74000000e+01     1.11369161e+03     3.02670837e+02     2.36364977e+02     1.21647174e+02   
    6.98000000e+04     1.74500000e+01     1.11368831e+03     2.99094622e+02     2.34213911e+02     1.20541319e+02   
    7.00000000e+04     1.75000000e+01     1.11368670e+03     3.00076192e+02     2.36253230e+02     1.21801387e+02   
    7.02000000e+04     1.75500000e+01     1.11368439e+03     2.98655409e+02     2.35950416e+02     1.22939618e+02   
    7.04000000e+04     1.76000000e+01     1.11367953e+03     3.00243257e+02     2.35555603e+02     1.22175852e+02   
    7.06000000e+04     1.76500000e+01     1.11367703e+03     3.01453195e+02     2.35867638e+02     1.22504139e+02   
    7.08000000e+04     1.77000000e+01     1.11367025e+03     3.01863234e+02     2.33245171e+02     1.20328086e+02   
    7.10000000e+04     1.77500000e+01     1.11367825e+03     2.98850056e+02     2.33531509e+02     1.20208600e+02   
    7.12000000e+04     1.78000000e+01     1.11370491e+03     3.02631948e+02     2.38362594e+02     1.25517964e+02   
    7.14000000e+04     1.78500000e+01     1.11370024e+03     3.00408363e+02     2.35777981e+02     1.21309005e+02   
    7.16000000e+04     1.79000000e+01     1.11370315e+03     3.04649931e+02     2.37254485e+02     1.23320742e+02   
    7.18000000e+04     1.79500000e+01     1.11369182e+03     2.97996104e+02     2.36584105e+02     1.24300554e+02   
    7.20000000e+04     1.80000000e+01     1.11369887e+03     2.99526078e+02     2.36972965e+02     1.25426060e+02   
    7.22000000e+04     1.80500000e+01     1.11369659e+03     2.99347270e+02     2.37430637e+02     1.24148653e+02   
    7.24000000e+04     1.81000000e+01     1.11369301e+03     3.01978649e+02     2.35481564e+02     1.22588593e+02   
    7.26000000e+04     1.81500000e+01     1.11369598e+03     2.98739346e+02     2.36948708e+02     1.25347704e+02   
    7.28000000e+04     1.82000000e+01     1.11370688e+03     2.99497355e+02     2.37638837e+02     1.24844426e+02   
    7.30000000e+04     1.82500000e+01     1.11368310e+03     3.01467737e+02     2.33538085e+02     1.18724283e+02   
    7.32000000e+04     1.83000000e+01     1.11369085e+03     2.99765370e+02     2.35297085e+02     1.20859569e+02   
    7.34000000e+04     1.83500000e+01     1.11368793e+03     2.98176632e+02     2.35942157e+02     1.22559707e+02   
    7.36000000e+04     1.84000000e+01     1.11370030e+03     3.02300982e+02     2.35684294e+02     1.22882533e+02   
    7.38000000e+04     1.84500000e+01     1.11370203e+03     3.01409365e+02     2.34621570e+02     1.21312078e+02   
    7.40000000e+04     1.85000000e+01     1.11371324e+03     2.97391406e+02     2.34362290e+02     1.23044398e+02   
    7.42000000e+04     1.85500000e+01     1.11373391e+03     3.01014759e+02     2.37264574e+02     1.25670064e+02   
    7.44000000e+04     1.86000000e+01     1.11374159e+03     3.01310353e+02     2.35823452e+02     1.24831044e+02   
    7.46000000e+04     1.86500000e+01     1.11373015e+03     2.98242878e+02     2.35237031e+02     1.21691336e+02   
    7.48000000e+04     1.87000000e+01     1.11373749e+03     3.00094061e+02     2.36691293e+02     1.23408408e+02   
    7.50000000e+04     1.87500000e+01     1.11374185e+03     2.96645836e+02     2.37818786e+02     1.25771062e+02   
    7.52000000e+04     1.88000000e+01     1.11373808e+03     3.01625678e+02     2.36897544e+02     1.23627245e+02   
    7.54000000e+04     1.88500000e+01     1.11372812e+03     2.99216018e+02     2.35256443e+02     1.23465045e+02   
    7.56000000e+04     1.89000000e+01     1.11374816e+03     2.96987980e+02     2.36114030e+02     1.22346496e+02   
    7.58000000e+04     1.89500000e+01     1.11374546e+03     2.99139846e+02     2.34039243e+02     1.22884667e+02   
    7.60000000e+04     1.90000000e+01     1.11375108e+03     3.00295509e+02     2.36333930e+02     1.22930359e+02   
    7.62000000e+04     1.90500000e+01     1.11374880e+03     3.00718094e+02     2.35315527e+02     1.22595218e+02   
    7.64000000e+04     1.91000000e+01     1.11375787e+03     2.97735593e+02     2.37190256e+02     1.23420268e+02   
    7.66000000e+04     1.91500000e+01     1.11374833e+03     3.01974839e+02     2.35786653e+02     1.22230033e+02   
    7.68000000e+04     1.92000000e+01     1.11374112e+03     2.99768927e+02     2.36676437e+02     1.23083135e+02   
    7.70000000e+04     1.92500000e+01     1.11372834e+03     2.98384490e+02     2.36623961e+02     1.23826248e+02   
    7.72000000e+04     1.93000000e+01     1.11372663e+03     3.02868996e+02     2.35290663e+02     1.22504905e+02   
    7.74000000e+04     1.93500000e+01     1.11373718e+03     3.00040684e+02     2.37635865e+02     1.24739985e+02   
    7.76000000e+04     1.94000000e+01     1.11372064e+03     2.96711253e+02     2.35712690e+02     1.23511794e+02   
    7.78000000e+04     1.94500000e+01     1.11372628e+03     3.01395549e+02     2.36946035e+02     1.26236873e+02   
    7.80000000e+04     1.95000000e+01     1.11373381e+03     3.01474217e+02     2.38125272e+02     1.24710981e+02   
    7.82000000e+04     1.95500000e+01     1.11372548e+03     2.98085023e+02     2.35383606e+02     1.24078632e+02   
    7.84000000e+04     1.96000000e+01     1.11373029e+03     2.99864936e+02     2.35620771e+02     1.23182608e+02   
    7.86000000e+04     1.96500000e+01     1.11372778e+03     2.99099846e+02     2.35872165e+02     1.24237915e+02   
    7.88000000e+04     1.97000000e+01     1.11372846e+03     3.00253493e+02     2.34323471e+02     1.23168434e+02   
    7.90000000e+04     1.97500000e+01     1.11373001e+03     3.01259717e+02     2.36858907e+02     1.23564976e+02   
    7.92000000e+04     1.98000000e+01     1.11372952e+03     2.97439444e+02     2.36881072e+02     1.22659459e+02   
    7.94000000e+04     1.98500000e+01     1.11372284e+03     3.01718690e+02     2.35439036e+02     1.19818088e+02   
    7.96000000e+04     1.99000000e+01     1.11373466e+03     3.00559793e+02     2.37987613e+02     1.22732447e+02   
    7.98000000e+04     1.99500000e+01     1.11372676e+03     3.01276467e+02     2.35601700e+02     1.20392469e+02   
    8.00000000e+04     2.00000000e+01     1.11373833e+03     2.97543679e+02     2.37165966e+02     1.23161935e+02   
