# column   1     --> step : The current simulation time step.
# column   2     --> time{picosecond} : The elapsed simulation time.
# column   3     --> conserved{electronvolt} : The value of the conserved energy quantity per bead.
# column   4     --> temperature{kelvin} : The current temperature, as obtained from the MD kinetic energy.
# column   5     --> kinetic_cv{electronvolt} : The centroid-virial quantum kinetic energy of the physical system.
# column   6     --> potential{electronvolt} : The physical system potential energy.
    0.00000000e+00     0.00000000e+00     1.11728949e+03     3.04273373e+02     2.36815928e+02     1.28815323e+02   
    2.00000000e+02     5.00000000e-02     1.11727641e+03     2.98043544e+02     2.37081061e+02     1.27143466e+02   
    4.00000000e+02     1.00000000e-01     1.11727313e+03     3.03531968e+02     2.35938216e+02     1.26671854e+02   
    6.00000000e+02     1.50000000e-01     1.11726603e+03     3.00372737e+02     2.35315122e+02     1.24808056e+02   
    8.00000000e+02     2.00000000e-01     1.11727449e+03     3.03473762e+02     2.36042887e+02     1.25483826e+02   
    1.00000000e+03     2.50000000e-01     1.11728255e+03     3.04666913e+02     2.35732332e+02     1.24168549e+02   
    1.20000000e+03     3.00000000e-01     1.11729299e+03     2.99986994e+02     2.35551075e+02     1.25745199e+02   
    1.40000000e+03     3.50000000e-01     1.11729449e+03     3.03908857e+02     2.35895449e+02     1.24505977e+02   
    1.60000000e+03     4.00000000e-01     1.11729103e+03     3.00355617e+02     2.33894744e+02     1.22643937e+02   
    1.80000000e+03     4.50000000e-01     1.11728801e+03     3.01126112e+02     2.35033973e+02     1.23913336e+02   
    2.00000000e+03     5.00000000e-01     1.11729401e+03     2.99690283e+02     2.37087487e+02     1.26040011e+02   
    2.20000000e+03     5.50000000e-01     1.11728513e+03     2.95987373e+02     2.35236527e+02     1.24255728e+02   
    2.40000000e+03     6.00000000e-01     1.11728791e+03     3.01690624e+02     2.37329214e+02     1.24848767e+02   
    2.60000000e+03     6.50000000e-01     1.11728320e+03     2.99071224e+02     2.36589747e+02     1.25135340e+02   
    2.80000000e+03     7.00000000e-01     1.11728631e+03     3.01621234e+02     2.37605388e+02     1.25451666e+02   
    3.00000000e+03     7.50000000e-01     1.11727299e+03     3.00439257e+02     2.34906498e+02     1.23153592e+02   
    3.20000000e+03     8.00000000e-01     1.11727447e+03     2.99232433e+02     2.34624895e+02     1.22656692e+02   
    3.40000000e+03     8.50000000e-01     1.11729122e+03     3.02807632e+02     2.37447389e+02     1.25624986e+02   
    3.60000000e+03     9.00000000e-01     1.11728638e+03     3.00819068e+02     2.34607866e+02     1.22871610e+02   
    3.80000000e+03     9.50000000e-01     1.11729372e+03     3.02357115e+02     2.36775192e+02     1.24307635e+02   
    4.00000000e+03     1.00000000e+00     1.11730836e+03     3.00080001e+02     2.37490434e+02     1.25937611e+02   
    4.20000000e+03     1.05000000e+00     1.11729383e+03     3.01678556e+02     2.35766200e+02     1.22665987e+02   
    4.40000000e+03     1.10000000e+00     1.11728772e+03     3.00231655e+02     2.34456818e+02     1.23143465e+02   
    4.60000000e+03     1.15000000e+00     1.11730427e+03     3.00486986e+02     2.37465003e+02     1.24939644e+02   
    4.80000000e+03     1.20000000e+00     1.11730160e+03     3.02836709e+02     2.36580516e+02     1.23825980e+02   
    5.00000000e+03     1.25000000e+00     1.11730328e+03     3.02380770e+02     2.35802717e+02     1.23219935e+02   
    5.20000000e+03     1.30000000e+00     1.11730192e+03     3.03290291e+02     2.34843032e+02     1.23054547e+02   
    5.40000000e+03     1.35000000e+00     1.11731570e+03     3.05214947e+02     2.37504085e+02     1.24264624e+02   
    5.60000000e+03     1.40000000e+00     1.11732527e+03     3.03605204e+02     2.36218559e+02     1.23180681e+02   
    5.80000000e+03     1.45000000e+00     1.11732731e+03     3.00036215e+02     2.35523608e+02     1.22326761e+02   
    6.00000000e+03     1.50000000e+00     1.11733819e+03     3.03488093e+02     2.36418435e+02     1.24443946e+02   
    6.20000000e+03     1.55000000e+00     1.11735090e+03     2.98794237e+02     2.36880875e+02     1.26496477e+02   
    6.40000000e+03     1.60000000e+00     1.11734475e+03     3.02001402e+02     2.36373683e+02     1.25535411e+02   
    6.60000000e+03     1.65000000e+00     1.11733592e+03     3.00144000e+02     2.35458806e+02     1.24271840e+02   
    6.80000000e+03     1.70000000e+00     1.11733826e+03     3.02509575e+02     2.36805860e+02     1.24279037e+02   
    7.00000000e+03     1.75000000e+00     1.11733908e+03     3.03283664e+02     2.35063610e+02     1.24735632e+02   
    7.20000000e+03     1.80000000e+00     1.11734247e+03     3.03426634e+02     2.35608410e+02     1.24975638e+02   
    7.40000000e+03     1.85000000e+00     1.11736281e+03     2.98516003e+02     2.38741838e+02     1.29331700e+02   
    7.60000000e+03     1.90000000e+00     1.11736322e+03     3.03818998e+02     2.35597629e+02     1.26137296e+02   
    7.80000000e+03     1.95000000e+00     1.11736932e+03     3.04332832e+02     2.36006485e+02     1.24379791e+02   
    8.00000000e+03     2.00000000e+00     1.11738670e+03     3.02210836e+02     2.35950401e+02     1.27133263e+02   
    8.20000000e+03     2.05000000e+00     1.11738689e+03     3.01061127e+02     2.35844635e+02     1.25396560e+02   
    8.40000000e+03     2.10000000e+00     1.11738001e+03     3.04487376e+02     2.34837732e+02     1.24560253e+02   
    8.60000000e+03     2.15000000e+00     1.11737148e+03     3.01357915e+02     2.36577081e+02     1.24371568e+02   
    8.80000000e+03     2.20000000e+00     1.11735555e+03     2.98314311e+02     2.35583747e+02     1.24601723e+02   
    9.00000000e+03     2.25000000e+00     1.11736060e+03     2.99408084e+02     2.36454483e+02     1.26252721e+02   
    9.20000000e+03     2.30000000e+00     1.11736116e+03     3.04172000e+02     2.37132001e+02     1.25038615e+02   
    9.40000000e+03     2.35000000e+00     1.11736287e+03     3.00885193e+02     2.37148114e+02     1.27445677e+02   
    9.60000000e+03     2.40000000e+00     1.11737212e+03     3.00736147e+02     2.36569468e+02     1.26849711e+02   
    9.80000000e+03     2.45000000e+00     1.11735505e+03     3.03728990e+02     2.33780420e+02     1.24008119e+02   
    1.00000000e+04     2.50000000e+00     1.11735976e+03     3.01793119e+02     2.34532056e+02     1.23346672e+02   
    1.02000000e+04     2.55000000e+00     1.11737214e+03     2.99531274e+02     2.36895409e+02     1.26302352e+02   
    1.04000000e+04     2.60000000e+00     1.11737121e+03     3.00695561e+02     2.38793135e+02     1.25315162e+02   
    1.06000000e+04     2.65000000e+00     1.11735386e+03     3.03902502e+02     2.35303850e+02     1.23881436e+02   
    1.08000000e+04     2.70000000e+00     1.11734365e+03     2.99151989e+02     2.36643522e+02     1.24397335e+02   
    1.10000000e+04     2.75000000e+00     1.11735861e+03     3.04010203e+02     2.36553569e+02     1.24696009e+02   
    1.12000000e+04     2.80000000e+00     1.11736413e+03     3.00659657e+02     2.37627032e+02     1.26395955e+02   
    1.14000000e+04     2.85000000e+00     1.11736023e+03     3.06097165e+02     2.37142587e+02     1.25623955e+02   
    1.16000000e+04     2.90000000e+00     1.11736391e+03     3.00602556e+02     2.37612827e+02     1.28079305e+02   
    1.18000000e+04     2.95000000e+00     1.11736030e+03     3.00147262e+02     2.35553239e+02     1.23988416e+02   
    1.20000000e+04     3.00000000e+00     1.11736447e+03     3.00944534e+02     2.35096761e+02     1.23912365e+02   
    1.22000000e+04     3.05000000e+00     1.11736517e+03     3.01240667e+02     2.36694101e+02     1.23923421e+02   
    1.24000000e+04     3.10000000e+00     1.11737579e+03     3.01731519e+02     2.34188325e+02     1.23637666e+02   
    1.26000000e+04     3.15000000e+00     1.11737592e+03     3.00702705e+02     2.35966893e+02     1.22567773e+02   
    1.28000000e+04     3.20000000e+00     1.11737807e+03     2.97367149e+02     2.38216982e+02     1.26337223e+02   
    1.30000000e+04     3.25000000e+00     1.11737673e+03     3.02273108e+02     2.37066956e+02     1.23413959e+02   
    1.32000000e+04     3.30000000e+00     1.11739011e+03     2.98889790e+02     2.35876470e+02     1.24174088e+02   
    1.34000000e+04     3.35000000e+00     1.11740193e+03     2.97440414e+02     2.35350333e+02     1.24942351e+02   
    1.36000000e+04     3.40000000e+00     1.11741117e+03     3.01190785e+02     2.36643994e+02     1.24918041e+02   
    1.38000000e+04     3.45000000e+00     1.11741981e+03     3.05139383e+02     2.36356260e+02     1.22854274e+02   
    1.40000000e+04     3.50000000e+00     1.11740327e+03     3.03867345e+02     2.36342988e+02     1.23249608e+02   
    1.42000000e+04     3.55000000e+00     1.11740428e+03     3.02956961e+02     2.36132496e+02     1.23613300e+02   
    1.44000000e+04     3.60000000e+00     1.11739472e+03     3.01239956e+02     2.33338752e+02     1.20160407e+02   
    1.46000000e+04     3.65000000e+00     1.11742051e+03     3.01149689e+02     2.36042819e+02     1.26039886e+02   
    1.48000000e+04     3.70000000e+00     1.11741520e+03     3.02355838e+02     2.37343486e+02     1.24228920e+02   
    1.50000000e+04     3.75000000e+00     1.11741373e+03     3.02413023e+02     2.36723109e+02     1.26068965e+02   
    1.52000000e+04     3.80000000e+00     1.11740500e+03     3.03080160e+02     2.37035767e+02     1.25430727e+02   
    1.54000000e+04     3.85000000e+00     1.11740923e+03     3.01680769e+02     2.35234415e+02     1.24187317e+02   
    1.56000000e+04     3.90000000e+00     1.11741239e+03     3.02294450e+02     2.34528375e+02     1.23123587e+02   
    1.58000000e+04     3.95000000e+00     1.11744292e+03     3.00311990e+02     2.36371826e+02     1.27176513e+02   
    1.60000000e+04     4.00000000e+00     1.11744982e+03     3.02610011e+02     2.36058813e+02     1.25027643e+02   
    1.62000000e+04     4.05000000e+00     1.11745895e+03     3.00339388e+02     2.35841697e+02     1.25626589e+02   
    1.64000000e+04     4.10000000e+00     1.11745022e+03     3.03964677e+02     2.35221340e+02     1.25105850e+02   
    1.66000000e+04     4.15000000e+00     1.11745880e+03     3.01264776e+02     2.36171016e+02     1.26697995e+02   
    1.68000000e+04     4.20000000e+00     1.11745775e+03     3.01198672e+02     2.35230545e+02     1.25167020e+02   
    1.70000000e+04     4.25000000e+00     1.11745102e+03     2.99203037e+02     2.36335827e+02     1.23400419e+02   
    1.72000000e+04     4.30000000e+00     1.11745059e+03     2.99931684e+02     2.36230214e+02     1.25388902e+02   
    1.74000000e+04     4.35000000e+00     1.11745146e+03     3.00539518e+02     2.35434285e+02     1.24493303e+02   
    1.76000000e+04     4.40000000e+00     1.11746643e+03     2.98604342e+02     2.37362796e+02     1.27974682e+02   
    1.78000000e+04     4.45000000e+00     1.11747346e+03     3.00936772e+02     2.36121160e+02     1.25680380e+02   
    1.80000000e+04     4.50000000e+00     1.11748570e+03     2.99564921e+02     2.36199389e+02     1.27546366e+02   
    1.82000000e+04     4.55000000e+00     1.11747276e+03     3.01474091e+02     2.36128894e+02     1.26581879e+02   
    1.84000000e+04     4.60000000e+00     1.11746065e+03     3.02507088e+02     2.33849361e+02     1.23866649e+02   
    1.86000000e+04     4.65000000e+00     1.11746685e+03     3.02197781e+02     2.36402174e+02     1.26361817e+02   
    1.88000000e+04     4.70000000e+00     1.11746820e+03     3.03227896e+02     2.36330906e+02     1.27324792e+02   
    1.90000000e+04     4.75000000e+00     1.11746276e+03     3.01393584e+02     2.36926091e+02     1.28448411e+02   
    1.92000000e+04     4.80000000e+00     1.11745800e+03     3.02943491e+02     2.36275320e+02     1.26501883e+02   
    1.94000000e+04     4.85000000e+00     1.11746110e+03     3.03251510e+02     2.37642583e+02     1.28059946e+02   
    1.96000000e+04     4.90000000e+00     1.11744551e+03     3.02691251e+02     2.35365368e+02     1.27041688e+02   
    1.98000000e+04     4.95000000e+00     1.11745181e+03     3.03136561e+02     2.36697561e+02     1.28205816e+02   
    2.00000000e+04     5.00000000e+00     1.11745184e+03     2.99648279e+02     2.35074995e+02     1.28448872e+02   
    2.02000000e+04     5.05000000e+00     1.11745131e+03     3.02119747e+02     2.35484224e+02     1.28575816e+02   
    2.04000000e+04     5.10000000e+00     1.11745380e+03     3.03959580e+02     2.37666273e+02     1.28462139e+02   
    2.06000000e+04     5.15000000e+00     1.11745304e+03     3.02061579e+02     2.34470447e+02     1.25563444e+02   
    2.08000000e+04     5.20000000e+00     1.11747012e+03     3.03913083e+02     2.38130604e+02     1.29445239e+02   
    2.10000000e+04     5.25000000e+00     1.11746507e+03     3.01182855e+02     2.35833771e+02     1.27879121e+02   
    2.12000000e+04     5.30000000e+00     1.11745844e+03     3.01057681e+02     2.35496892e+02     1.27374298e+02   
    2.14000000e+04     5.35000000e+00     1.11746216e+03     3.01386315e+02     2.36619498e+02     1.27639498e+02   
    2.16000000e+04     5.40000000e+00     1.11747027e+03     3.01077513e+02     2.36787159e+02     1.28112976e+02   
    2.18000000e+04     5.45000000e+00     1.11747198e+03     3.00045026e+02     2.36570656e+02     1.27027470e+02   
    2.20000000e+04     5.50000000e+00     1.11747012e+03     3.01067345e+02     2.33744834e+02     1.24272660e+02   
    2.22000000e+04     5.55000000e+00     1.11749739e+03     3.01226937e+02     2.37054701e+02     1.26016474e+02   
    2.24000000e+04     5.60000000e+00     1.11750313e+03     2.98561225e+02     2.34909701e+02     1.25477663e+02   
    2.26000000e+04     5.65000000e+00     1.11750801e+03     2.99302419e+02     2.35093057e+02     1.24769470e+02   
    2.28000000e+04     5.70000000e+00     1.11751551e+03     3.00778840e+02     2.37927307e+02     1.27938926e+02   
    2.30000000e+04     5.75000000e+00     1.11750521e+03     3.04675609e+02     2.36341606e+02     1.26287629e+02   
    2.32000000e+04     5.80000000e+00     1.11751170e+03     3.00501688e+02     2.37282467e+02     1.29058748e+02   
    2.34000000e+04     5.85000000e+00     1.11750824e+03     3.01703319e+02     2.36128391e+02     1.27724253e+02   
    2.36000000e+04     5.90000000e+00     1.11748754e+03     3.03931387e+02     2.37424421e+02     1.25752842e+02   
    2.38000000e+04     5.95000000e+00     1.11748265e+03     2.99297642e+02     2.36245218e+02     1.26954695e+02   
    2.40000000e+04     6.00000000e+00     1.11747406e+03     3.04252108e+02     2.36485539e+02     1.26029834e+02   
    2.42000000e+04     6.05000000e+00     1.11747039e+03     3.01935355e+02     2.36642768e+02     1.27479679e+02   
    2.44000000e+04     6.10000000e+00     1.11745490e+03     3.03699724e+02     2.35183247e+02     1.22989456e+02   
    2.46000000e+04     6.15000000e+00     1.11745905e+03     3.01370028e+02     2.36142476e+02     1.24512913e+02   
    2.48000000e+04     6.20000000e+00     1.11745514e+03     3.01789848e+02     2.35781398e+02     1.23951734e+02   
    2.50000000e+04     6.25000000e+00     1.11747000e+03     3.00774682e+02     2.35738827e+02     1.26977598e+02   
    2.52000000e+04     6.30000000e+00     1.11746057e+03     3.00158199e+02     2.34999076e+02     1.25364627e+02   
    2.54000000e+04     6.35000000e+00     1.11744696e+03     2.97967615e+02     2.36299553e+02     1.26773132e+02   
    2.56000000e+04     6.40000000e+00     1.11743412e+03     3.03014318e+02     2.34468524e+02     1.23524623e+02   
    2.58000000e+04     6.45000000e+00     1.11743643e+03     2.99178012e+02     2.36002562e+02     1.26097242e+02   
    2.60000000e+04     6.50000000e+00     1.11743987e+03     3.02893170e+02     2.36574279e+02     1.27433490e+02   
    2.62000000e+04     6.55000000e+00     1.11746060e+03     2.98713264e+02     2.39188649e+02     1.31919389e+02   
    2.64000000e+04     6.60000000e+00     1.11744624e+03     2.99971250e+02     2.34483510e+02     1.26104597e+02   
    2.66000000e+04     6.65000000e+00     1.11745183e+03     3.01754467e+02     2.34793071e+02     1.26782769e+02   
    2.68000000e+04     6.70000000e+00     1.11746482e+03     3.05447085e+02     2.38592452e+02     1.29124370e+02   
    2.70000000e+04     6.75000000e+00     1.11745788e+03     3.01229729e+02     2.36111217e+02     1.27514608e+02   
    2.72000000e+04     6.80000000e+00     1.11744980e+03     3.00558188e+02     2.34593293e+02     1.25135789e+02   
    2.74000000e+04     6.85000000e+00     1.11745226e+03     3.00571456e+02     2.36063891e+02     1.26026180e+02   
    2.76000000e+04     6.90000000e+00     1.11744231e+03     3.01697286e+02     2.36836884e+02     1.23950433e+02   
    2.78000000e+04     6.95000000e+00     1.11745496e+03     3.01217486e+02     2.37668397e+02     1.25651170e+02   
    2.80000000e+04     7.00000000e+00     1.11745301e+03     2.99846662e+02     2.36694148e+02     1.26040008e+02   
    2.82000000e+04     7.05000000e+00     1.11745891e+03     2.95124649e+02     2.37289888e+02     1.27326491e+02   
    2.84000000e+04     7.10000000e+00     1.11744759e+03     2.98254663e+02     2.35555250e+02     1.26333553e+02   
    2.86000000e+04     7.15000000e+00     1.11746330e+03     3.03374298e+02     2.37514559e+02     1.26580547e+02   
    2.88000000e+04     7.20000000e+00     1.11745976e+03     3.02518495e+02     2.36812927e+02     1.27155784e+02   
    2.90000000e+04     7.25000000e+00     1.11745089e+03     3.00111195e+02     2.35281962e+02     1.24244486e+02   
    2.92000000e+04     7.30000000e+00     1.11746664e+03     2.98297594e+02     2.37265391e+02     1.28835795e+02   
    2.94000000e+04     7.35000000e+00     1.11745317e+03     3.00541583e+02     2.36000763e+02     1.24927221e+02   
    2.96000000e+04     7.40000000e+00     1.11745803e+03     3.02508915e+02     2.36581097e+02     1.27203795e+02   
    2.98000000e+04     7.45000000e+00     1.11745441e+03     2.99980962e+02     2.36245049e+02     1.24054968e+02   
    3.00000000e+04     7.50000000e+00     1.11747532e+03     3.00320675e+02     2.38346217e+02     1.27313478e+02   
    3.02000000e+04     7.55000000e+00     1.11747615e+03     3.02061044e+02     2.38624021e+02     1.27408844e+02   
    3.04000000e+04     7.60000000e+00     1.11747619e+03     3.00484472e+02     2.36234176e+02     1.25817735e+02   
    3.06000000e+04     7.65000000e+00     1.11746458e+03     2.98595492e+02     2.36109515e+02     1.26383412e+02   
    3.08000000e+04     7.70000000e+00     1.11746157e+03     3.02970179e+02     2.36578162e+02     1.26701873e+02   
    3.10000000e+04     7.75000000e+00     1.11745378e+03     3.01044126e+02     2.36885717e+02     1.24824249e+02   
    3.12000000e+04     7.80000000e+00     1.11745518e+03     3.00390117e+02     2.37027886e+02     1.25925525e+02   
    3.14000000e+04     7.85000000e+00     1.11747328e+03     2.98431974e+02     2.38303500e+02     1.26615680e+02   
    3.16000000e+04     7.90000000e+00     1.11748118e+03     3.01578138e+02     2.35509448e+02     1.25222790e+02   
    3.18000000e+04     7.95000000e+00     1.11747723e+03     3.02791565e+02     2.35735359e+02     1.23577677e+02   
    3.20000000e+04     8.00000000e+00     1.11748676e+03     3.04544548e+02     2.38197008e+02     1.25339636e+02   
    3.22000000e+04     8.05000000e+00     1.11748342e+03     3.00962106e+02     2.37061490e+02     1.24441386e+02   
    3.24000000e+04     8.10000000e+00     1.11747862e+03     3.00036305e+02     2.36424357e+02     1.24897617e+02   
    3.26000000e+04     8.15000000e+00     1.11747094e+03     3.00090072e+02     2.36218273e+02     1.25302265e+02   
    3.28000000e+04     8.20000000e+00     1.11746801e+03     3.02790742e+02     2.36413972e+02     1.25111014e+02   
    3.30000000e+04     8.25000000e+00     1.11746500e+03     3.00855971e+02     2.37457160e+02     1.25518642e+02   
    3.32000000e+04     8.30000000e+00     1.11745192e+03     3.00718707e+02     2.36180862e+02     1.22677482e+02   
    3.34000000e+04     8.35000000e+00     1.11746038e+03     3.00302815e+02     2.37789495e+02     1.27907079e+02   
    3.36000000e+04     8.40000000e+00     1.11746161e+03     2.97835130e+02     2.36930772e+02     1.25995334e+02   
    3.38000000e+04     8.45000000e+00     1.11746800e+03     2.98927798e+02     2.36891555e+02     1.26650401e+02   
    3.40000000e+04     8.50000000e+00     1.11746435e+03     3.01721146e+02     2.36026538e+02     1.25494930e+02   
    3.42000000e+04     8.55000000e+00     1.11747143e+03     2.98621198e+02     2.35871367e+02     1.26304502e+02   
    3.44000000e+04     8.60000000e+00     1.11748105e+03     3.00314539e+02     2.36074086e+02     1.25696137e+02   
    3.46000000e+04     8.65000000e+00     1.11748028e+03     3.01106031e+02     2.35541486e+02     1.24243916e+02   
    3.48000000e+04     8.70000000e+00     1.11748859e+03     2.99941201e+02     2.37042074e+02     1.24756377e+02   
    3.50000000e+04     8.75000000e+00     1.11750037e+03     3.01463622e+02     2.36827684e+02     1.23629080e+02   
    3.52000000e+04     8.80000000e+00     1.11750519e+03     3.01953966e+02     2.37156529e+02     1.22513361e+02   
    3.54000000e+04     8.85000000e+00     1.11752136e+03     3.00487455e+02     2.36008739e+02     1.20641340e+02   
    3.56000000e+04     8.90000000e+00     1.11753723e+03     2.98754253e+02     2.38045692e+02     1.26725043e+02   
    3.58000000e+04     8.95000000e+00     1.11752171e+03     3.01619738e+02     2.34033582e+02     1.22671909e+02   
    3.60000000e+04     9.00000000e+00     1.11752584e+03     3.01587362e+02     2.37157065e+02     1.26340929e+02   
    3.62000000e+04     9.05000000e+00     1.11751739e+03     3.02178931e+02     2.38082788e+02     1.25874947e+02   
    3.64000000e+04     9.10000000e+00     1.11749912e+03     3.01887781e+02     2.35709407e+02     1.25714574e+02   
    3.66000000e+04     9.15000000e+00     1.11750783e+03     3.01243517e+02     2.37449465e+02     1.27952328e+02   
    3.68000000e+04     9.20000000e+00     1.11749497e+03     3.02245086e+02     2.34463758e+02     1.22912170e+02   
    3.70000000e+04     9.25000000e+00     1.11752141e+03     2.98828663e+02     2.37353546e+02     1.26527981e+02   
    3.72000000e+04     9.30000000e+00     1.11751662e+03     3.01164904e+02     2.35317543e+02     1.22999931e+02   
    3.74000000e+04     9.35000000e+00     1.11751576e+03     3.05202731e+02     2.35542818e+02     1.24811379e+02   
    3.76000000e+04     9.40000000e+00     1.11749636e+03     3.04090120e+02     2.35779583e+02     1.22318107e+02   
    3.78000000e+04     9.45000000e+00     1.11748987e+03     2.99228082e+02     2.35160039e+02     1.23825707e+02   
    3.80000000e+04     9.50000000e+00     1.11747412e+03     3.02751954e+02     2.35894069e+02     1.24404112e+02   
    3.82000000e+04     9.55000000e+00     1.11747702e+03     2.99799622e+02     2.38093064e+02     1.26484509e+02   
    3.84000000e+04     9.60000000e+00     1.11746110e+03     3.00184306e+02     2.36373319e+02     1.24191783e+02   
    3.86000000e+04     9.65000000e+00     1.11746191e+03     3.01066584e+02     2.36389794e+02     1.25424607e+02   
    3.88000000e+04     9.70000000e+00     1.11747493e+03     3.01186553e+02     2.37084315e+02     1.28335288e+02   
    3.90000000e+04     9.75000000e+00     1.11747980e+03     3.04478888e+02     2.35808972e+02     1.24607829e+02   
    3.92000000e+04     9.80000000e+00     1.11747253e+03     2.99526162e+02     2.35887801e+02     1.25144097e+02   
    3.94000000e+04     9.85000000e+00     1.11747335e+03     3.00092231e+02     2.33548672e+02     1.23037929e+02   
    3.96000000e+04     9.90000000e+00     1.11750010e+03     3.02356506e+02     2.37301106e+02     1.28910968e+02   
    3.98000000e+04     9.95000000e+00     1.11751002e+03     2.99793721e+02     2.35834366e+02     1.25240207e+02   
    4.00000000e+04     1.00000000e+01     1.11750803e+03     3.00086445e+02     2.36627335e+02     1.27369891e+02   
    4.02000000e+04     1.00500000e+01     1.11747980e+03     3.02650583e+02     2.35632345e+02     1.23867918e+02   
    4.04000000e+04     1.01000000e+01     1.11748084e+03     3.01127545e+02     2.35936935e+02     1.24923948e+02   
    4.06000000e+04     1.01500000e+01     1.11748241e+03     2.99462568e+02     2.36550265e+02     1.24361752e+02   
    4.08000000e+04     1.02000000e+01     1.11748544e+03     3.00403627e+02     2.34415613e+02     1.22665308e+02   
    4.10000000e+04     1.02500000e+01     1.11751151e+03     3.00631526e+02     2.36258783e+02     1.26226394e+02   
    4.12000000e+04     1.03000000e+01     1.11751832e+03     3.01608334e+02     2.37141523e+02     1.26616499e+02   
    4.14000000e+04     1.03500000e+01     1.11752789e+03     2.98547647e+02     2.35488791e+02     1.24267159e+02   
    4.16000000e+04     1.04000000e+01     1.11752990e+03     2.98901917e+02     2.36801507e+02     1.25891390e+02   
    4.18000000e+04     1.04500000e+01     1.11751259e+03     3.00676888e+02     2.35912912e+02     1.24159662e+02   
    4.20000000e+04     1.05000000e+01     1.11750973e+03     2.99405699e+02     2.36039179e+02     1.24988027e+02   
    4.22000000e+04     1.05500000e+01     1.11751682e+03     3.00983692e+02     2.37035038e+02     1.29202078e+02   
    4.24000000e+04     1.06000000e+01     1.11751018e+03     3.01550496e+02     2.36109939e+02     1.26273781e+02   
    4.26000000e+04     1.06500000e+01     1.11751787e+03     3.01056677e+02     2.35690384e+02     1.27916133e+02   
    4.28000000e+04     1.07000000e+01     1.11752672e+03     2.99949649e+02     2.38355982e+02     1.29120173e+02   
    4.30000000e+04     1.07500000e+01     1.11751091e+03     2.95423919e+02     2.35499920e+02     1.26602042e+02   
    4.32000000e+04     1.08000000e+01     1.11750359e+03     2.99691729e+02     2.36103638e+02     1.26801304e+02   
    4.34000000e+04     1.08500000e+01     1.11751425e+03     2.99405511e+02     2.36775226e+02     1.27275816e+02   
    4.36000000e+04     1.09000000e+01     1.11751594e+03     3.01014450e+02     2.34605796e+02     1.23949136e+02   
    4.38000000e+04     1.09500000e+01     1.11751442e+03     3.00124856e+02     2.34183444e+02     1.22403735e+02   
    4.40000000e+04     1.10000000e+01     1.11753440e+03     2.99418152e+02     2.36572203e+02     1.24894805e+02   
    4.42000000e+04     1.10500000e+01     1.11754962e+03     2.99869716e+02     2.36280419e+02     1.25874534e+02   
    4.44000000e+04     1.11000000e+01     1.11755481e+03     3.02370283e+02     2.36311559e+02     1.25343722e+02   
    4.46000000e+04     1.11500000e+01     1.11754557e+03     3.01731039e+02     2.35146015e+02     1.23060748e+02   
    4.48000000e+04     1.12000000e+01     1.11755161e+03     2.98825016e+02     2.37768748e+02     1.27113677e+02   
    4.50000000e+04     1.12500000e+01     1.11752814e+03     2.99051166e+02     2.33099757e+02     1.22982678e+02   
    4.52000000e+04     1.13000000e+01     1.11754269e+03     3.00283001e+02     2.38240424e+02     1.28651682e+02   
    4.54000000e+04     1.13500000e+01     1.11753257e+03     2.99518245e+02     2.37067749e+02     1.27567017e+02   
    4.56000000e+04     1.14000000e+01     1.11752927e+03     3.00658351e+02     2.36207208e+02     1.24034180e+02   
    4.58000000e+04     1.14500000e+01     1.11753677e+03     3.00703280e+02     2.37407575e+02     1.26382198e+02   
    4.60000000e+04     1.15000000e+01     1.11753980e+03     2.98577513e+02     2.37035446e+02     1.25946425e+02   
    4.62000000e+04     1.15500000e+01     1.11754397e+03     2.98510178e+02     2.33810442e+02     1.23797285e+02   
    4.64000000e+04     1.16000000e+01     1.11755277e+03     3.00474908e+02     2.36399977e+02     1.25064181e+02   
    4.66000000e+04     1.16500000e+01     1.11757425e+03     3.03091663e+02     2.39462096e+02     1.27956856e+02   
    4.68000000e+04     1.17000000e+01     1.11756551e+03     3.01082936e+02     2.35437194e+02     1.24050741e+02   
    4.70000000e+04     1.17500000e+01     1.11756160e+03     2.99592978e+02     2.34031989e+02     1.20827997e+02   
    4.72000000e+04     1.18000000e+01     1.11757268e+03     3.01243724e+02     2.35902478e+02     1.24693401e+02   
    4.74000000e+04     1.18500000e+01     1.11757319e+03     3.00499925e+02     2.35756076e+02     1.25037333e+02   
    4.76000000e+04     1.19000000e+01     1.11758200e+03     3.00429364e+02     2.38651775e+02     1.26685898e+02   
    4.78000000e+04     1.19500000e+01     1.11757875e+03     3.02723730e+02     2.36651250e+02     1.25851182e+02   
    4.80000000e+04     1.20000000e+01     1.11757212e+03     3.00758831e+02     2.36621851e+02     1.25193169e+02   
    4.82000000e+04     1.20500000e+01     1.11757854e+03     3.00504652e+02     2.36378982e+02     1.27799053e+02   
    4.84000000e+04     1.21000000e+01     1.11757317e+03     2.95355730e+02     2.36805583e+02     1.27629816e+02   
    4.86000000e+04     1.21500000e+01     1.11756408e+03     2.99766260e+02     2.35184106e+02     1.25742331e+02   
    4.88000000e+04     1.22000000e+01     1.11755226e+03     3.03402350e+02     2.34792594e+02     1.24169209e+02   
    4.90000000e+04     1.22500000e+01     1.11756752e+03     3.01411339e+02     2.35591066e+02     1.25480695e+02   
    4.92000000e+04     1.23000000e+01     1.11757839e+03     2.98083390e+02     2.36554221e+02     1.26796814e+02   
    4.94000000e+04     1.23500000e+01     1.11757528e+03     2.99072713e+02     2.35617656e+02     1.24487543e+02   
    4.96000000e+04     1.24000000e+01     1.11758096e+03     3.00607369e+02     2.36576301e+02     1.25116389e+02   
    4.98000000e+04     1.24500000e+01     1.11757562e+03     2.96886973e+02     2.36231547e+02     1.23979850e+02   
    5.00000000e+04     1.25000000e+01     1.11757891e+03     2.98431098e+02     2.35501549e+02     1.23703427e+02   
    5.02000000e+04     1.25500000e+01     1.11758523e+03     2.97490920e+02     2.36273039e+02     1.23707028e+02   
    5.04000000e+04     1.26000000e+01     1.11760376e+03     3.00014692e+02     2.40835917e+02     1.29687650e+02   
    5.06000000e+04     1.26500000e+01     1.11758756e+03     2.96530105e+02     2.35798498e+02     1.24378232e+02   
    5.08000000e+04     1.27000000e+01     1.11758458e+03     3.01289674e+02     2.35529917e+02     1.24430808e+02   
    5.10000000e+04     1.27500000e+01     1.11759038e+03     2.99125959e+02     2.37219340e+02     1.24728132e+02   
    5.12000000e+04     1.28000000e+01     1.11759053e+03     2.97890698e+02     2.37169279e+02     1.26097131e+02   
    5.14000000e+04     1.28500000e+01     1.11759308e+03     2.98955440e+02     2.37478637e+02     1.25784081e+02   
    5.16000000e+04     1.29000000e+01     1.11758435e+03     3.00368822e+02     2.36262779e+02     1.26206511e+02   
    5.18000000e+04     1.29500000e+01     1.11757986e+03     3.00224283e+02     2.34680556e+02     1.24162198e+02   
    5.20000000e+04     1.30000000e+01     1.11758471e+03     2.97990333e+02     2.36890800e+02     1.25590236e+02   
    5.22000000e+04     1.30500000e+01     1.11758348e+03     2.97824007e+02     2.36655494e+02     1.26804012e+02   
    5.24000000e+04     1.31000000e+01     1.11757729e+03     2.96983451e+02     2.35689980e+02     1.26217065e+02   
    5.26000000e+04     1.31500000e+01     1.11756844e+03     2.97166262e+02     2.36117767e+02     1.25711479e+02   
    5.28000000e+04     1.32000000e+01     1.11758900e+03     2.99774056e+02     2.38567237e+02     1.27922171e+02   
    5.30000000e+04     1.32500000e+01     1.11756695e+03     2.99518759e+02     2.35032458e+02     1.22991659e+02   
    5.32000000e+04     1.33000000e+01     1.11756694e+03     3.01963984e+02     2.35789241e+02     1.24522067e+02   
    5.34000000e+04     1.33500000e+01     1.11756815e+03     3.00114855e+02     2.36162320e+02     1.25977375e+02   
    5.36000000e+04     1.34000000e+01     1.11757536e+03     3.02434561e+02     2.37542380e+02     1.27200980e+02   
    5.38000000e+04     1.34500000e+01     1.11756695e+03     2.99894328e+02     2.37291312e+02     1.28224950e+02   
    5.40000000e+04     1.35000000e+01     1.11753697e+03     2.99958786e+02     2.37302366e+02     1.26412741e+02   
    5.42000000e+04     1.35500000e+01     1.11753336e+03     3.01500774e+02     2.35594243e+02     1.26188810e+02   
    5.44000000e+04     1.36000000e+01     1.11752806e+03     3.00468080e+02     2.37015551e+02     1.26098814e+02   
    5.46000000e+04     1.36500000e+01     1.11752454e+03     3.00078802e+02     2.36029718e+02     1.26454826e+02   
    5.48000000e+04     1.37000000e+01     1.11752222e+03     3.03206606e+02     2.34674815e+02     1.23112937e+02   
    5.50000000e+04     1.37500000e+01     1.11752797e+03     3.01276981e+02     2.35443330e+02     1.24572216e+02   
    5.52000000e+04     1.38000000e+01     1.11751979e+03     2.97291655e+02     2.37496517e+02     1.26628131e+02   
    5.54000000e+04     1.38500000e+01     1.11751469e+03     2.98453219e+02     2.36721427e+02     1.26299581e+02   
    5.56000000e+04     1.39000000e+01     1.11749872e+03     3.00413315e+02     2.36091753e+02     1.26577216e+02   
    5.58000000e+04     1.39500000e+01     1.11749664e+03     3.00261274e+02     2.35531961e+02     1.26814734e+02   
    5.60000000e+04     1.40000000e+01     1.11748674e+03     2.98383594e+02     2.34488966e+02     1.23692600e+02   
    5.62000000e+04     1.40500000e+01     1.11748327e+03     2.99502527e+02     2.36186733e+02     1.25155323e+02   
    5.64000000e+04     1.41000000e+01     1.11748634e+03     3.00451251e+02     2.35519726e+02     1.25392707e+02   
    5.66000000e+04     1.41500000e+01     1.11750099e+03     3.01284576e+02     2.36993473e+02     1.25649495e+02   
    5.68000000e+04     1.42000000e+01     1.11750820e+03     3.01255928e+02     2.38245914e+02     1.26274462e+02   
    5.70000000e+04     1.42500000e+01     1.11749289e+03     3.04050240e+02     2.35003651e+02     1.22786620e+02   
    5.72000000e+04     1.43000000e+01     1.11750014e+03     3.00893340e+02     2.36293559e+02     1.26013064e+02   
    5.74000000e+04     1.43500000e+01     1.11749383e+03     3.00764394e+02     2.37362234e+02     1.25120300e+02   
    5.76000000e+04     1.44000000e+01     1.11749240e+03     2.97748018e+02     2.35790633e+02     1.25075785e+02   
    5.78000000e+04     1.44500000e+01     1.11750266e+03     3.00465294e+02     2.38839129e+02     1.27676561e+02   
    5.80000000e+04     1.45000000e+01     1.11750796e+03     2.99852919e+02     2.37874086e+02     1.25953787e+02   
    5.82000000e+04     1.45500000e+01     1.11751447e+03     3.02288772e+02     2.37199158e+02     1.24506730e+02   
    5.84000000e+04     1.46000000e+01     1.11750829e+03     3.01027331e+02     2.34625130e+02     1.22153999e+02   
    5.86000000e+04     1.46500000e+01     1.11750912e+03     3.00569080e+02     2.36157496e+02     1.24234855e+02   
    5.88000000e+04     1.47000000e+01     1.11752724e+03     3.02620734e+02     2.37057287e+02     1.24856563e+02   
    5.90000000e+04     1.47500000e+01     1.11753764e+03     3.00793311e+02     2.37308959e+02     1.25684358e+02   
    5.92000000e+04     1.48000000e+01     1.11751981e+03     3.02386655e+02     2.36387649e+02     1.24030751e+02   
    5.94000000e+04     1.48500000e+01     1.11751078e+03     3.03626713e+02     2.35536737e+02     1.23887948e+02   
    5.96000000e+04     1.49000000e+01     1.11750707e+03     3.01690527e+02     2.34520828e+02     1.21679768e+02   
    5.98000000e+04     1.49500000e+01     1.11753199e+03     3.00724911e+02     2.36493539e+02     1.24056267e+02   
    6.00000000e+04     1.50000000e+01     1.11752284e+03     3.01248164e+02     2.35617352e+02     1.23838288e+02   
    6.02000000e+04     1.50500000e+01     1.11751899e+03     2.99429928e+02     2.36155179e+02     1.23080562e+02   
    6.04000000e+04     1.51000000e+01     1.11751431e+03     3.01697109e+02     2.36557756e+02     1.24337125e+02   
    6.06000000e+04     1.51500000e+01     1.11751119e+03     2.99504555e+02     2.35672643e+02     1.23543032e+02   
    6.08000000e+04     1.52000000e+01     1.11751355e+03     3.00578588e+02     2.35367673e+02     1.23472166e+02   
    6.10000000e+04     1.52500000e+01     1.11751145e+03     3.00204083e+02     2.36918139e+02     1.24927140e+02   
    6.12000000e+04     1.53000000e+01     1.11750477e+03     3.03390709e+02     2.34460287e+02     1.23251076e+02   
    6.14000000e+04     1.53500000e+01     1.11750890e+03     3.00333947e+02     2.36064923e+02     1.23632471e+02   
    6.16000000e+04     1.54000000e+01     1.11751838e+03     3.00130490e+02     2.36844231e+02     1.26124541e+02   
    6.18000000e+04     1.54500000e+01     1.11750862e+03     3.03111703e+02     2.35125489e+02     1.25093006e+02   
    6.20000000e+04     1.55000000e+01     1.11751083e+03     3.01842291e+02     2.34352178e+02     1.24893481e+02   
    6.22000000e+04     1.55500000e+01     1.11751936e+03     3.05987680e+02     2.38229604e+02     1.28536519e+02   
    6.24000000e+04     1.56000000e+01     1.11750275e+03     3.03568331e+02     2.36479770e+02     1.23317685e+02   
    6.26000000e+04     1.56500000e+01     1.11749922e+03     3.00140113e+02     2.34401257e+02     1.22872787e+02   
    6.28000000e+04     1.57000000e+01     1.11752248e+03     3.03001784e+02     2.38321439e+02     1.26951651e+02   
    6.30000000e+04     1.57500000e+01     1.11753243e+03     2.98903849e+02     2.35980985e+02     1.24997950e+02   
    6.32000000e+04     1.58000000e+01     1.11754588e+03     3.01171018e+02     2.35477923e+02     1.24717228e+02   
    6.34000000e+04     1.58500000e+01     1.11754299e+03     2.99669776e+02     2.35644603e+02     1.23487263e+02   
    6.36000000e+04     1.59000000e+01     1.11753757e+03     3.02052408e+02     2.37094258e+02     1.23350415e+02   
    6.38000000e+04     1.59500000e+01     1.11751421e+03     3.03690364e+02     2.35538415e+02     1.22435295e+02   
    6.40000000e+04     1.60000000e+01     1.11752458e+03     3.01520676e+02     2.36565413e+02     1.24354250e+02   
    6.42000000e+04     1.60500000e+01     1.11753345e+03     2.99114637e+02     2.37601675e+02     1.26011952e+02   
    6.44000000e+04     1.61000000e+01     1.11752388e+03     3.02976449e+02     2.34852883e+02     1.23206651e+02   
    6.46000000e+04     1.61500000e+01     1.11752785e+03     3.01625172e+02     2.35298416e+02     1.24743198e+02   
    6.48000000e+04     1.62000000e+01     1.11753959e+03     3.02391777e+02     2.35840850e+02     1.23711401e+02   
    6.50000000e+04     1.62500000e+01     1.11753934e+03     3.01686894e+02     2.36259325e+02     1.25337733e+02   
    6.52000000e+04     1.63000000e+01     1.11753712e+03     3.00861828e+02     2.38046986e+02     1.25950184e+02   
    6.54000000e+04     1.63500000e+01     1.11751612e+03     3.02481842e+02     2.36375174e+02     1.25778061e+02   
    6.56000000e+04     1.64000000e+01     1.11750454e+03     2.98946620e+02     2.36063646e+02     1.23074761e+02   
    6.58000000e+04     1.64500000e+01     1.11750816e+03     3.02628652e+02     2.36225680e+02     1.24525450e+02   
    6.60000000e+04     1.65000000e+01     1.11752102e+03     2.98911369e+02     2.38247084e+02     1.26965904e+02   
    6.62000000e+04     1.65500000e+01     1.11752110e+03     3.03398365e+02     2.37006488e+02     1.26883297e+02   
    6.64000000e+04     1.66000000e+01     1.11753227e+03     3.04080578e+02     2.36085295e+02     1.26364721e+02   
    6.66000000e+04     1.66500000e+01     1.11754188e+03     3.03852456e+02     2.37520053e+02     1.27123022e+02   
    6.68000000e+04     1.67000000e+01     1.11753606e+03     3.01946546e+02     2.34710970e+02     1.23563211e+02   
    6.70000000e+04     1.67500000e+01     1.11755421e+03     3.00288672e+02     2.34676875e+02     1.23500631e+02   
    6.72000000e+04     1.68000000e+01     1.11757693e+03     2.99113139e+02     2.37132395e+02     1.26057893e+02   
    6.74000000e+04     1.68500000e+01     1.11756962e+03     3.00368035e+02     2.34311992e+02     1.24566381e+02   
    6.76000000e+04     1.69000000e+01     1.11756773e+03     3.01798733e+02     2.35414066e+02     1.23758413e+02   
    6.78000000e+04     1.69500000e+01     1.11756202e+03     3.01594051e+02     2.34376925e+02     1.23528314e+02   
    6.80000000e+04     1.70000000e+01     1.11755482e+03     3.01076561e+02     2.35619355e+02     1.23748025e+02   
    6.82000000e+04     1.70500000e+01     1.11755847e+03     2.99988139e+02     2.35866325e+02     1.26423631e+02   
    6.84000000e+04     1.71000000e+01     1.11753165e+03     3.02387162e+02     2.35190250e+02     1.24636360e+02   
    6.86000000e+04     1.71500000e+01     1.11753203e+03     3.00809000e+02     2.36914260e+02     1.26737753e+02   
    6.88000000e+04     1.72000000e+01     1.11752198e+03     3.02372296e+02     2.35290242e+02     1.24489163e+02   
    6.90000000e+04     1.72500000e+01     1.11753798e+03     3.04351393e+02     2.37014208e+02     1.27003436e+02   
    6.92000000e+04     1.73000000e+01     1.11754575e+03     3.00753902e+02     2.34880605e+02     1.24520440e+02   
    6.94000000e+04     1.73500000e+01     1.11755043e+03     2.99401462e+02     2.37334491e+02     1.25544279e+02   
    6.96000000e+04     1.74000000e+01     1.11755242e+03     3.00557808e+02     2.37366849e+02     1.27004104e+02   
    6.98000000e+04     1.74500000e+01     1.11754530e+03     3.00548086e+02     2.34248211e+02     1.23530099e+02   
    7.00000000e+04     1.75000000e+01     1.11755746e+03     2.99475632e+02     2.36194564e+02     1.25909019e+02   
    7.02000000e+04     1.75500000e+01     1.11757840e+03     2.99657428e+02     2.38225070e+02     1.25967674e+02   
    7.04000000e+04     1.76000000e+01     1.11758891e+03     2.99556012e+02     2.35057266e+02     1.25928480e+02   
    7.06000000e+04     1.76500000e+01     1.11758570e+03     3.00311269e+02     2.37121721e+02     1.26819979e+02   
    7.08000000e+04     1.77000000e+01     1.11757215e+03     3.01318179e+02     2.34626623e+02     1.24280314e+02   
    7.10000000e+04     1.77500000e+01     1.11757192e+03     2.98711436e+02     2.35103135e+02     1.23756193e+02   
    7.12000000e+04     1.78000000e+01     1.11756324e+03     3.03271376e+02     2.38163771e+02     1.26505991e+02   
    7.14000000e+04     1.78500000e+01     1.11755243e+03     2.99820851e+02     2.36915539e+02     1.27348211e+02   
    7.16000000e+04     1.79000000e+01     1.11753736e+03     3.04473454e+02     2.36963656e+02     1.26743831e+02   
    7.18000000e+04     1.79500000e+01     1.11753215e+03     2.98852317e+02     2.36605557e+02     1.24561879e+02   
    7.20000000e+04     1.80000000e+01     1.11754385e+03     2.99926775e+02     2.36550535e+02     1.25398922e+02   
    7.22000000e+04     1.80500000e+01     1.11753303e+03     2.98959456e+02     2.35207665e+02     1.25817297e+02   
    7.24000000e+04     1.81000000e+01     1.11752931e+03     2.98231047e+02     2.36948464e+02     1.26122210e+02   
    7.26000000e+04     1.81500000e+01     1.11754637e+03     2.97447405e+02     2.37198907e+02     1.27276378e+02   
    7.28000000e+04     1.82000000e+01     1.11754201e+03     3.00051304e+02     2.35976899e+02     1.23845541e+02   
    7.30000000e+04     1.82500000e+01     1.11753742e+03     3.00338935e+02     2.32618387e+02     1.20902727e+02   
    7.32000000e+04     1.83000000e+01     1.11754474e+03     3.00234210e+02     2.34766404e+02     1.21048288e+02   
    7.34000000e+04     1.83500000e+01     1.11755195e+03     2.98838851e+02     2.36601228e+02     1.24177455e+02   
    7.36000000e+04     1.84000000e+01     1.11754285e+03     3.02316495e+02     2.36070764e+02     1.24394692e+02   
    7.38000000e+04     1.84500000e+01     1.11754418e+03     3.00527487e+02     2.35992595e+02     1.24772646e+02   
    7.40000000e+04     1.85000000e+01     1.11752954e+03     2.99376888e+02     2.35796120e+02     1.23158446e+02   
    7.42000000e+04     1.85500000e+01     1.11753569e+03     3.03153315e+02     2.37363936e+02     1.24644505e+02   
    7.44000000e+04     1.86000000e+01     1.11753552e+03     3.02062792e+02     2.36821648e+02     1.24364467e+02   
    7.46000000e+04     1.86500000e+01     1.11753135e+03     2.99497868e+02     2.36792770e+02     1.23424020e+02   
    7.48000000e+04     1.87000000e+01     1.11753014e+03     3.00096057e+02     2.38378394e+02     1.27029842e+02   
    7.50000000e+04     1.87500000e+01     1.11751335e+03     3.00609965e+02     2.36651486e+02     1.22660672e+02   
    7.52000000e+04     1.88000000e+01     1.11751544e+03     3.02425994e+02     2.36751006e+02     1.24307761e+02   
    7.54000000e+04     1.88500000e+01     1.11751372e+03     3.00567392e+02     2.35534861e+02     1.23549161e+02   
    7.56000000e+04     1.89000000e+01     1.11751077e+03     2.98247657e+02     2.34587872e+02     1.23582871e+02   
    7.58000000e+04     1.89500000e+01     1.11750449e+03     2.98031218e+02     2.34755827e+02     1.24058781e+02   
    7.60000000e+04     1.90000000e+01     1.11751590e+03     3.00612225e+02     2.38491701e+02     1.26307342e+02   
    7.62000000e+04     1.90500000e+01     1.11751370e+03     3.02780494e+02     2.34821459e+02     1.24272660e+02   
    7.64000000e+04     1.91000000e+01     1.11754172e+03     2.97658838e+02     2.38217310e+02     1.24994045e+02   
    7.66000000e+04     1.91500000e+01     1.11755121e+03     3.03104303e+02     2.36497694e+02     1.25294731e+02   
    7.68000000e+04     1.92000000e+01     1.11755291e+03     3.02166615e+02     2.36663852e+02     1.23751476e+02   
    7.70000000e+04     1.92500000e+01     1.11755912e+03     2.99578281e+02     2.34422026e+02     1.26192989e+02   
    7.72000000e+04     1.93000000e+01     1.11754834e+03     3.03143431e+02     2.35974843e+02     1.24242747e+02   
    7.74000000e+04     1.93500000e+01     1.11756813e+03     2.98645812e+02     2.37963926e+02     1.28007089e+02   
    7.76000000e+04     1.94000000e+01     1.11756690e+03     2.97277540e+02     2.35421387e+02     1.25040119e+02   
    7.78000000e+04     1.94500000e+01     1.11758220e+03     3.01501987e+02     2.36276032e+02     1.27054599e+02   
    7.80000000e+04     1.95000000e+01     1.11758562e+03     3.01850831e+02     2.36421907e+02     1.25537226e+02   
    7.82000000e+04     1.95500000e+01     1.11757812e+03     3.00679769e+02     2.35693350e+02     1.25160782e+02   
    7.84000000e+04     1.96000000e+01     1.11757930e+03     3.00224847e+02     2.35707948e+02     1.23717407e+02   
    7.86000000e+04     1.96500000e+01     1.11758300e+03     2.99886159e+02     2.37302331e+02     1.24956317e+02   
    7.88000000e+04     1.97000000e+01     1.11758344e+03     3.00430135e+02     2.34957911e+02     1.25221378e+02   
    7.90000000e+04     1.97500000e+01     1.11757497e+03     3.03777900e+02     2.36891975e+02     1.23195159e+02   
    7.92000000e+04     1.98000000e+01     1.11758379e+03     2.97020082e+02     2.36822080e+02     1.25585881e+02   
    7.94000000e+04     1.98500000e+01     1.11757528e+03     3.00449650e+02     2.37069866e+02     1.24806186e+02   
    7.96000000e+04     1.99000000e+01     1.11757894e+03     3.00063448e+02     2.37914199e+02     1.26799374e+02   
    7.98000000e+04     1.99500000e+01     1.11756899e+03     3.00947701e+02     2.36684168e+02     1.24424678e+02   
    8.00000000e+04     2.00000000e+01     1.11757169e+03     2.98130150e+02     2.36197380e+02     1.24768830e+02   
