# column   1     --> step : The current simulation time step.
# column   2     --> time{picosecond} : The elapsed simulation time.
# column   3     --> conserved{electronvolt} : The value of the conserved energy quantity per bead.
# column   4     --> temperature{kelvin} : The current temperature, as obtained from the MD kinetic energy.
# column   5     --> kinetic_cv{electronvolt} : The centroid-virial quantum kinetic energy of the physical system.
# column   6     --> potential{electronvolt} : The physical system potential energy.
    0.00000000e+00     0.00000000e+00     1.10880226e+03     3.04273373e+02     2.34971867e+02     1.20466249e+02   
    2.00000000e+02     5.00000000e-02     1.10880822e+03     2.98142984e+02     2.36575900e+02     1.23238519e+02   
    4.00000000e+02     1.00000000e-01     1.10880106e+03     3.02291298e+02     2.35355325e+02     1.20193033e+02   
    6.00000000e+02     1.50000000e-01     1.10880506e+03     2.99947793e+02     2.33526913e+02     1.19752569e+02   
    8.00000000e+02     2.00000000e-01     1.10881612e+03     3.00998945e+02     2.36742075e+02     1.21701284e+02   
    1.00000000e+03     2.50000000e-01     1.10881117e+03     3.03101766e+02     2.36429010e+02     1.20991555e+02   
    1.20000000e+03     3.00000000e-01     1.10881891e+03     2.98466832e+02     2.34895543e+02     1.19753562e+02   
    1.40000000e+03     3.50000000e-01     1.10882189e+03     3.03207447e+02     2.34944502e+02     1.18792161e+02   
    1.60000000e+03     4.00000000e-01     1.10882710e+03     2.99009660e+02     2.35187644e+02     1.20938955e+02   
    1.80000000e+03     4.50000000e-01     1.10883228e+03     3.00480041e+02     2.34911851e+02     1.19438485e+02   
    2.00000000e+03     5.00000000e-01     1.10883695e+03     2.98573440e+02     2.36117377e+02     1.22272445e+02   
    2.20000000e+03     5.50000000e-01     1.10882896e+03     2.94821548e+02     2.36323821e+02     1.21509906e+02   
    2.40000000e+03     6.00000000e-01     1.10883930e+03     2.99486100e+02     2.37935693e+02     1.24105189e+02   
    2.60000000e+03     6.50000000e-01     1.10882162e+03     2.99422892e+02     2.35353027e+02     1.21175005e+02   
    2.80000000e+03     7.00000000e-01     1.10881138e+03     3.00831643e+02     2.35697818e+02     1.22322751e+02   
    3.00000000e+03     7.50000000e-01     1.10881394e+03     2.96567165e+02     2.36569756e+02     1.24620348e+02   
    3.20000000e+03     8.00000000e-01     1.10880492e+03     3.00118664e+02     2.35515808e+02     1.21138153e+02   
    3.40000000e+03     8.50000000e-01     1.10880365e+03     3.01463440e+02     2.36990223e+02     1.24684860e+02   
    3.60000000e+03     9.00000000e-01     1.10878296e+03     2.99149558e+02     2.35478076e+02     1.22119471e+02   
    3.80000000e+03     9.50000000e-01     1.10879152e+03     3.00585879e+02     2.36133604e+02     1.24080807e+02   
    4.00000000e+03     1.00000000e+00     1.10879834e+03     2.99248418e+02     2.36341703e+02     1.25351470e+02   
    4.20000000e+03     1.05000000e+00     1.10879588e+03     3.00056463e+02     2.36127267e+02     1.25845077e+02   
    4.40000000e+03     1.10000000e+00     1.10878741e+03     2.97220185e+02     2.34454938e+02     1.24041976e+02   
    4.60000000e+03     1.15000000e+00     1.10878659e+03     2.98947193e+02     2.36611949e+02     1.25384901e+02   
    4.80000000e+03     1.20000000e+00     1.10878518e+03     3.00516519e+02     2.37564235e+02     1.27282514e+02   
    5.00000000e+03     1.25000000e+00     1.10878482e+03     2.98450336e+02     2.35385072e+02     1.25786542e+02   
    5.20000000e+03     1.30000000e+00     1.10879625e+03     3.02303052e+02     2.37439008e+02     1.26250705e+02   
    5.40000000e+03     1.35000000e+00     1.10879486e+03     3.02826286e+02     2.36087371e+02     1.24411588e+02   
    5.60000000e+03     1.40000000e+00     1.10879998e+03     3.01901448e+02     2.38228797e+02     1.26425649e+02   
    5.80000000e+03     1.45000000e+00     1.10878377e+03     3.00280982e+02     2.36509960e+02     1.23720780e+02   
    6.00000000e+03     1.50000000e+00     1.10879365e+03     3.01303934e+02     2.37984144e+02     1.25320602e+02   
    6.20000000e+03     1.55000000e+00     1.10878397e+03     2.97003156e+02     2.36115092e+02     1.24368529e+02   
    6.40000000e+03     1.60000000e+00     1.10878091e+03     3.00253379e+02     2.35924149e+02     1.24053992e+02   
    6.60000000e+03     1.65000000e+00     1.10877736e+03     2.98492725e+02     2.36071755e+02     1.22832018e+02   
    6.80000000e+03     1.70000000e+00     1.10879589e+03     2.99783193e+02     2.38036201e+02     1.24235182e+02   
    7.00000000e+03     1.75000000e+00     1.10878277e+03     3.00269214e+02     2.34820809e+02     1.20107244e+02   
    7.20000000e+03     1.80000000e+00     1.10878738e+03     3.00968110e+02     2.35210203e+02     1.22573741e+02   
    7.40000000e+03     1.85000000e+00     1.10880808e+03     2.96031312e+02     2.39072126e+02     1.25233407e+02   
    7.60000000e+03     1.90000000e+00     1.10881963e+03     3.01391105e+02     2.37463211e+02     1.24670794e+02   
    7.80000000e+03     1.95000000e+00     1.10882018e+03     3.03465429e+02     2.37294845e+02     1.23463533e+02   
    8.00000000e+03     2.00000000e+00     1.10881216e+03     3.02589455e+02     2.35464903e+02     1.23963466e+02   
    8.20000000e+03     2.05000000e+00     1.10881230e+03     2.99048997e+02     2.35357013e+02     1.23348090e+02   
    8.40000000e+03     2.10000000e+00     1.10880730e+03     3.02106410e+02     2.34660754e+02     1.24131250e+02   
    8.60000000e+03     2.15000000e+00     1.10880223e+03     3.00047569e+02     2.35742782e+02     1.22693955e+02   
    8.80000000e+03     2.20000000e+00     1.10881141e+03     2.96814219e+02     2.35338622e+02     1.22314874e+02   
    9.00000000e+03     2.25000000e+00     1.10881413e+03     2.97205765e+02     2.35135553e+02     1.24725885e+02   
    9.20000000e+03     2.30000000e+00     1.10881494e+03     3.01993787e+02     2.35160152e+02     1.21846442e+02   
    9.40000000e+03     2.35000000e+00     1.10882619e+03     2.99293063e+02     2.36938594e+02     1.25537686e+02   
    9.60000000e+03     2.40000000e+00     1.10883651e+03     3.00197166e+02     2.38028185e+02     1.25330567e+02   
    9.80000000e+03     2.45000000e+00     1.10882036e+03     3.01939617e+02     2.34605895e+02     1.21719481e+02   
    1.00000000e+04     2.50000000e+00     1.10882959e+03     3.00668195e+02     2.37319935e+02     1.25469637e+02   
    1.02000000e+04     2.55000000e+00     1.10882965e+03     2.96753873e+02     2.37389122e+02     1.24842931e+02   
    1.04000000e+04     2.60000000e+00     1.10882355e+03     2.98311006e+02     2.38421100e+02     1.26880659e+02   
    1.06000000e+04     2.65000000e+00     1.10880553e+03     3.03593779e+02     2.35178486e+02     1.21646554e+02   
    1.08000000e+04     2.70000000e+00     1.10880005e+03     2.98254743e+02     2.37838749e+02     1.24149651e+02   
    1.10000000e+04     2.75000000e+00     1.10879732e+03     3.02571763e+02     2.37304430e+02     1.22231758e+02   
    1.12000000e+04     2.80000000e+00     1.10879893e+03     2.99625884e+02     2.37334906e+02     1.23761109e+02   
    1.14000000e+04     2.85000000e+00     1.10879345e+03     3.04167146e+02     2.35765444e+02     1.22184982e+02   
    1.16000000e+04     2.90000000e+00     1.10879185e+03     3.00305590e+02     2.35831416e+02     1.22799777e+02   
    1.18000000e+04     2.95000000e+00     1.10879395e+03     2.98461214e+02     2.36816162e+02     1.22434889e+02   
    1.20000000e+04     3.00000000e+00     1.10879170e+03     2.99838338e+02     2.34391079e+02     1.19981379e+02   
    1.22000000e+04     3.05000000e+00     1.10880109e+03     2.99110232e+02     2.37547452e+02     1.24869634e+02   
    1.24000000e+04     3.10000000e+00     1.10880040e+03     3.00792106e+02     2.34218311e+02     1.23154078e+02   
    1.26000000e+04     3.15000000e+00     1.10880017e+03     2.99484808e+02     2.34534468e+02     1.20863834e+02   
    1.28000000e+04     3.20000000e+00     1.10882756e+03     2.96279371e+02     2.35966771e+02     1.24856917e+02   
    1.30000000e+04     3.25000000e+00     1.10883054e+03     3.02301836e+02     2.37883817e+02     1.24215115e+02   
    1.32000000e+04     3.30000000e+00     1.10883439e+03     2.96844485e+02     2.36667037e+02     1.24731801e+02   
    1.34000000e+04     3.35000000e+00     1.10883182e+03     2.98849871e+02     2.36865828e+02     1.23257922e+02   
    1.36000000e+04     3.40000000e+00     1.10881884e+03     3.01612591e+02     2.35801712e+02     1.22924753e+02   
    1.38000000e+04     3.45000000e+00     1.10882059e+03     3.02593221e+02     2.37585183e+02     1.24919730e+02   
    1.40000000e+04     3.50000000e+00     1.10881468e+03     3.00352748e+02     2.36503571e+02     1.24809230e+02   
    1.42000000e+04     3.55000000e+00     1.10881401e+03     3.00327000e+02     2.34667723e+02     1.23203081e+02   
    1.44000000e+04     3.60000000e+00     1.10880197e+03     2.99139859e+02     2.34063658e+02     1.21795336e+02   
    1.46000000e+04     3.65000000e+00     1.10880994e+03     2.97808836e+02     2.36518834e+02     1.27546358e+02   
    1.48000000e+04     3.70000000e+00     1.10881744e+03     3.00124114e+02     2.37234830e+02     1.26256084e+02   
    1.50000000e+04     3.75000000e+00     1.10882170e+03     2.99460126e+02     2.37095967e+02     1.26856207e+02   
    1.52000000e+04     3.80000000e+00     1.10882701e+03     3.01123455e+02     2.36976501e+02     1.23448609e+02   
    1.54000000e+04     3.85000000e+00     1.10883144e+03     2.98817681e+02     2.37288001e+02     1.23752056e+02   
    1.56000000e+04     3.90000000e+00     1.10883329e+03     3.00806437e+02     2.35107765e+02     1.22640854e+02   
    1.58000000e+04     3.95000000e+00     1.10884605e+03     2.98674225e+02     2.37989594e+02     1.24955720e+02   
    1.60000000e+04     4.00000000e+00     1.10883525e+03     3.00445738e+02     2.36156058e+02     1.22812211e+02   
    1.62000000e+04     4.05000000e+00     1.10882549e+03     2.97941407e+02     2.37052768e+02     1.24154071e+02   
    1.64000000e+04     4.10000000e+00     1.10881296e+03     3.00091323e+02     2.37326622e+02     1.25576354e+02   
    1.66000000e+04     4.15000000e+00     1.10880986e+03     2.96804550e+02     2.36062852e+02     1.24706370e+02   
    1.68000000e+04     4.20000000e+00     1.10881031e+03     2.97870431e+02     2.35212350e+02     1.23432938e+02   
    1.70000000e+04     4.25000000e+00     1.10881010e+03     2.94633398e+02     2.37359102e+02     1.26018391e+02   
    1.72000000e+04     4.30000000e+00     1.10880583e+03     2.97084025e+02     2.37443663e+02     1.26296660e+02   
    1.74000000e+04     4.35000000e+00     1.10878716e+03     2.97244498e+02     2.34794554e+02     1.24122852e+02   
    1.76000000e+04     4.40000000e+00     1.10879870e+03     2.97129563e+02     2.37830436e+02     1.26786194e+02   
    1.78000000e+04     4.45000000e+00     1.10879104e+03     2.98650888e+02     2.35185702e+02     1.24073004e+02   
    1.80000000e+04     4.50000000e+00     1.10879259e+03     2.97918466e+02     2.36118968e+02     1.25061026e+02   
    1.82000000e+04     4.55000000e+00     1.10878917e+03     2.99639073e+02     2.34816284e+02     1.22120397e+02   
    1.84000000e+04     4.60000000e+00     1.10879569e+03     2.99539745e+02     2.34748674e+02     1.22414532e+02   
    1.86000000e+04     4.65000000e+00     1.10880547e+03     2.98794905e+02     2.37331896e+02     1.24955904e+02   
    1.88000000e+04     4.70000000e+00     1.10879875e+03     2.99837509e+02     2.37008220e+02     1.25393638e+02   
    1.90000000e+04     4.75000000e+00     1.10879728e+03     2.97668386e+02     2.37355202e+02     1.26040449e+02   
    1.92000000e+04     4.80000000e+00     1.10878467e+03     2.99680382e+02     2.34835755e+02     1.24587475e+02   
    1.94000000e+04     4.85000000e+00     1.10880470e+03     2.99868974e+02     2.37202377e+02     1.26139697e+02   
    1.96000000e+04     4.90000000e+00     1.10880797e+03     2.99519704e+02     2.35957319e+02     1.24876639e+02   
    1.98000000e+04     4.95000000e+00     1.10881348e+03     3.02954822e+02     2.35234002e+02     1.23602996e+02   
    2.00000000e+04     5.00000000e+00     1.10882563e+03     2.98631423e+02     2.35495912e+02     1.24162117e+02   
    2.02000000e+04     5.05000000e+00     1.10882694e+03     2.99009215e+02     2.37012736e+02     1.25386476e+02   
    2.04000000e+04     5.10000000e+00     1.10882100e+03     3.02398577e+02     2.37377402e+02     1.24506477e+02   
    2.06000000e+04     5.15000000e+00     1.10881070e+03     3.00354675e+02     2.34441253e+02     1.24251282e+02   
    2.08000000e+04     5.20000000e+00     1.10883823e+03     3.02044921e+02     2.38116167e+02     1.27569439e+02   
    2.10000000e+04     5.25000000e+00     1.10883435e+03     2.99317372e+02     2.36523735e+02     1.26330720e+02   
    2.12000000e+04     5.30000000e+00     1.10882618e+03     2.98136619e+02     2.34351895e+02     1.24184068e+02   
    2.14000000e+04     5.35000000e+00     1.10884623e+03     3.01164599e+02     2.35866336e+02     1.24260227e+02   
    2.16000000e+04     5.40000000e+00     1.10886175e+03     2.98764586e+02     2.36194815e+02     1.25530427e+02   
    2.18000000e+04     5.45000000e+00     1.10886297e+03     2.99668774e+02     2.35729359e+02     1.22629357e+02   
    2.20000000e+04     5.50000000e+00     1.10886068e+03     2.99584817e+02     2.35927136e+02     1.23942099e+02   
    2.22000000e+04     5.55000000e+00     1.10886437e+03     3.01393148e+02     2.36349119e+02     1.22348718e+02   
    2.24000000e+04     5.60000000e+00     1.10885894e+03     2.96908280e+02     2.34105958e+02     1.20690894e+02   
    2.26000000e+04     5.65000000e+00     1.10886414e+03     2.97142719e+02     2.36066784e+02     1.22243576e+02   
    2.28000000e+04     5.70000000e+00     1.10886536e+03     3.00582020e+02     2.37318409e+02     1.23746251e+02   
    2.30000000e+04     5.75000000e+00     1.10886606e+03     3.03371051e+02     2.37707623e+02     1.24564495e+02   
    2.32000000e+04     5.80000000e+00     1.10885796e+03     2.99924112e+02     2.35707052e+02     1.22881134e+02   
    2.34000000e+04     5.85000000e+00     1.10885775e+03     2.99716163e+02     2.36564432e+02     1.23686619e+02   
    2.36000000e+04     5.90000000e+00     1.10884949e+03     3.04365541e+02     2.35535361e+02     1.20832792e+02   
    2.38000000e+04     5.95000000e+00     1.10885188e+03     2.98591948e+02     2.36632332e+02     1.21964791e+02   
    2.40000000e+04     6.00000000e+00     1.10885742e+03     3.00680148e+02     2.37813870e+02     1.24837510e+02   
    2.42000000e+04     6.05000000e+00     1.10884982e+03     3.00261029e+02     2.36219129e+02     1.22146175e+02   
    2.44000000e+04     6.10000000e+00     1.10885294e+03     3.00382116e+02     2.34979638e+02     1.20997670e+02   
    2.46000000e+04     6.15000000e+00     1.10886566e+03     2.99445348e+02     2.37584273e+02     1.22319560e+02   
    2.48000000e+04     6.20000000e+00     1.10886937e+03     2.98873745e+02     2.36553364e+02     1.21708295e+02   
    2.50000000e+04     6.25000000e+00     1.10887376e+03     2.98204428e+02     2.36387035e+02     1.23261353e+02   
    2.52000000e+04     6.30000000e+00     1.10887518e+03     2.97713809e+02     2.35226891e+02     1.20385233e+02   
    2.54000000e+04     6.35000000e+00     1.10888020e+03     2.96560172e+02     2.36925025e+02     1.21203725e+02   
    2.56000000e+04     6.40000000e+00     1.10886735e+03     3.01379742e+02     2.34290798e+02     1.17495868e+02   
    2.58000000e+04     6.45000000e+00     1.10887508e+03     2.97692964e+02     2.37224131e+02     1.21653431e+02   
    2.60000000e+04     6.50000000e+00     1.10888158e+03     3.00290150e+02     2.36970975e+02     1.20520690e+02   
    2.62000000e+04     6.55000000e+00     1.10889692e+03     2.98737289e+02     2.39627667e+02     1.23936640e+02   
    2.64000000e+04     6.60000000e+00     1.10888839e+03     2.98456435e+02     2.36345900e+02     1.19682140e+02   
    2.66000000e+04     6.65000000e+00     1.10888795e+03     3.00316494e+02     2.36775302e+02     1.22956203e+02   
    2.68000000e+04     6.70000000e+00     1.10889377e+03     3.02636976e+02     2.37585241e+02     1.22814773e+02   
    2.70000000e+04     6.75000000e+00     1.10886862e+03     2.98259573e+02     2.35474188e+02     1.20652653e+02   
    2.72000000e+04     6.80000000e+00     1.10885504e+03     2.99361193e+02     2.34208856e+02     1.20751649e+02   
    2.74000000e+04     6.85000000e+00     1.10886273e+03     2.96703117e+02     2.37646096e+02     1.23563984e+02   
    2.76000000e+04     6.90000000e+00     1.10884953e+03     2.97817668e+02     2.37270168e+02     1.21995752e+02   
    2.78000000e+04     6.95000000e+00     1.10886015e+03     2.98029170e+02     2.37061940e+02     1.21978252e+02   
    2.80000000e+04     7.00000000e+00     1.10886742e+03     2.99185090e+02     2.36407460e+02     1.21563679e+02   
    2.82000000e+04     7.05000000e+00     1.10887347e+03     2.94816136e+02     2.35387937e+02     1.21866435e+02   
    2.84000000e+04     7.10000000e+00     1.10887996e+03     2.97835640e+02     2.35001772e+02     1.20811854e+02   
    2.86000000e+04     7.15000000e+00     1.10889148e+03     3.00944853e+02     2.38305129e+02     1.25219902e+02   
    2.88000000e+04     7.20000000e+00     1.10888052e+03     3.00797964e+02     2.36435370e+02     1.24778911e+02   
    2.90000000e+04     7.25000000e+00     1.10887357e+03     2.97900907e+02     2.35062871e+02     1.21345272e+02   
    2.92000000e+04     7.30000000e+00     1.10887911e+03     2.97673321e+02     2.36170825e+02     1.24322068e+02   
    2.94000000e+04     7.35000000e+00     1.10888209e+03     2.99166930e+02     2.34621716e+02     1.22819005e+02   
    2.96000000e+04     7.40000000e+00     1.10889574e+03     3.00449936e+02     2.37198185e+02     1.26254615e+02   
    2.98000000e+04     7.45000000e+00     1.10888207e+03     3.00635954e+02     2.36178022e+02     1.22102698e+02   
    3.00000000e+04     7.50000000e+00     1.10888661e+03     3.00573825e+02     2.37872478e+02     1.25328407e+02   
    3.02000000e+04     7.55000000e+00     1.10888168e+03     3.01227011e+02     2.38144811e+02     1.24195732e+02   
    3.04000000e+04     7.60000000e+00     1.10887476e+03     2.99570394e+02     2.35496772e+02     1.22936876e+02   
    3.06000000e+04     7.65000000e+00     1.10887336e+03     2.97118801e+02     2.35791527e+02     1.22942284e+02   
    3.08000000e+04     7.70000000e+00     1.10886325e+03     3.03262174e+02     2.36564107e+02     1.23196388e+02   
    3.10000000e+04     7.75000000e+00     1.10884819e+03     2.99826803e+02     2.36088197e+02     1.23875681e+02   
    3.12000000e+04     7.80000000e+00     1.10884764e+03     3.00502717e+02     2.36528977e+02     1.23837055e+02   
    3.14000000e+04     7.85000000e+00     1.10885390e+03     2.95638998e+02     2.38095942e+02     1.25457274e+02   
    3.16000000e+04     7.90000000e+00     1.10882826e+03     3.02457480e+02     2.34644874e+02     1.21160723e+02   
    3.18000000e+04     7.95000000e+00     1.10881917e+03     3.02688643e+02     2.36681094e+02     1.22062119e+02   
    3.20000000e+04     8.00000000e+00     1.10880967e+03     3.03116492e+02     2.38332316e+02     1.23308087e+02   
    3.22000000e+04     8.05000000e+00     1.10880055e+03     3.00884419e+02     2.37792549e+02     1.23863318e+02   
    3.24000000e+04     8.10000000e+00     1.10879410e+03     2.99914808e+02     2.36302175e+02     1.22013373e+02   
    3.26000000e+04     8.15000000e+00     1.10879550e+03     2.98712838e+02     2.36621433e+02     1.22199745e+02   
    3.28000000e+04     8.20000000e+00     1.10880173e+03     3.02066269e+02     2.36892101e+02     1.23088913e+02   
    3.30000000e+04     8.25000000e+00     1.10881463e+03     2.99414568e+02     2.36631629e+02     1.23967202e+02   
    3.32000000e+04     8.30000000e+00     1.10881925e+03     2.99273834e+02     2.36105046e+02     1.22980706e+02   
    3.34000000e+04     8.35000000e+00     1.10881697e+03     3.00397528e+02     2.35210061e+02     1.21737010e+02   
    3.36000000e+04     8.40000000e+00     1.10881541e+03     2.97652548e+02     2.34832603e+02     1.21235782e+02   
    3.38000000e+04     8.45000000e+00     1.10881228e+03     2.97542103e+02     2.34785741e+02     1.21652225e+02   
    3.40000000e+04     8.50000000e+00     1.10881706e+03     2.99104788e+02     2.36067248e+02     1.21783329e+02   
    3.42000000e+04     8.55000000e+00     1.10880511e+03     3.01172192e+02     2.34645732e+02     1.18986597e+02   
    3.44000000e+04     8.60000000e+00     1.10881316e+03     2.99636184e+02     2.35819810e+02     1.20310499e+02   
    3.46000000e+04     8.65000000e+00     1.10883034e+03     2.99335755e+02     2.35980132e+02     1.22266774e+02   
    3.48000000e+04     8.70000000e+00     1.10883612e+03     2.98751445e+02     2.35870620e+02     1.21983414e+02   
    3.50000000e+04     8.75000000e+00     1.10885076e+03     2.98347763e+02     2.36903307e+02     1.24218653e+02   
    3.52000000e+04     8.80000000e+00     1.10884707e+03     2.98473072e+02     2.36564861e+02     1.22591118e+02   
    3.54000000e+04     8.85000000e+00     1.10884267e+03     2.98219043e+02     2.36367637e+02     1.22769829e+02   
    3.56000000e+04     8.90000000e+00     1.10885602e+03     2.97565634e+02     2.38873635e+02     1.25795367e+02   
    3.58000000e+04     8.95000000e+00     1.10884571e+03     2.99563329e+02     2.37133071e+02     1.24818940e+02   
    3.60000000e+04     9.00000000e+00     1.10884475e+03     2.99367915e+02     2.38497629e+02     1.25926180e+02   
    3.62000000e+04     9.05000000e+00     1.10885185e+03     3.00391411e+02     2.36966972e+02     1.25031911e+02   
    3.64000000e+04     9.10000000e+00     1.10885794e+03     2.98003564e+02     2.37632683e+02     1.25268290e+02   
    3.66000000e+04     9.15000000e+00     1.10886448e+03     2.99614908e+02     2.37762908e+02     1.25606987e+02   
    3.68000000e+04     9.20000000e+00     1.10886923e+03     2.99673613e+02     2.36833013e+02     1.22795124e+02   
    3.70000000e+04     9.25000000e+00     1.10888290e+03     2.98112031e+02     2.37732371e+02     1.25331141e+02   
    3.72000000e+04     9.30000000e+00     1.10887402e+03     2.98751063e+02     2.35080012e+02     1.22875588e+02   
    3.74000000e+04     9.35000000e+00     1.10888942e+03     3.02049662e+02     2.37747369e+02     1.24501805e+02   
    3.76000000e+04     9.40000000e+00     1.10887687e+03     3.00536500e+02     2.35258549e+02     1.19784025e+02   
    3.78000000e+04     9.45000000e+00     1.10888830e+03     2.96483469e+02     2.36473277e+02     1.21390488e+02   
    3.80000000e+04     9.50000000e+00     1.10887536e+03     3.01089737e+02     2.36184597e+02     1.22020489e+02   
    3.82000000e+04     9.55000000e+00     1.10887517e+03     2.97868722e+02     2.36950514e+02     1.21248294e+02   
    3.84000000e+04     9.60000000e+00     1.10887858e+03     2.98703813e+02     2.36417754e+02     1.20625064e+02   
    3.86000000e+04     9.65000000e+00     1.10887755e+03     2.99608783e+02     2.36526324e+02     1.22891489e+02   
    3.88000000e+04     9.70000000e+00     1.10888181e+03     2.98507445e+02     2.36507588e+02     1.24054609e+02   
    3.90000000e+04     9.75000000e+00     1.10888421e+03     3.01879615e+02     2.36840793e+02     1.23867318e+02   
    3.92000000e+04     9.80000000e+00     1.10887503e+03     2.97682196e+02     2.36099446e+02     1.21842635e+02   
    3.94000000e+04     9.85000000e+00     1.10887440e+03     2.96019898e+02     2.34896086e+02     1.22195107e+02   
    3.96000000e+04     9.90000000e+00     1.10888247e+03     3.00283474e+02     2.37210393e+02     1.25362225e+02   
    3.98000000e+04     9.95000000e+00     1.10888027e+03     2.97344672e+02     2.36396880e+02     1.23845627e+02   
    4.00000000e+04     1.00000000e+01     1.10888832e+03     2.98011665e+02     2.36332855e+02     1.24554413e+02   
    4.02000000e+04     1.00500000e+01     1.10886801e+03     3.01712865e+02     2.34733081e+02     1.20526170e+02   
    4.04000000e+04     1.01000000e+01     1.10888110e+03     2.99712995e+02     2.37084081e+02     1.23891168e+02   
    4.06000000e+04     1.01500000e+01     1.10887214e+03     2.98907616e+02     2.36973307e+02     1.23164918e+02   
    4.08000000e+04     1.02000000e+01     1.10885819e+03     2.98322300e+02     2.34914242e+02     1.19343683e+02   
    4.10000000e+04     1.02500000e+01     1.10886357e+03     2.99624411e+02     2.35382254e+02     1.21033557e+02   
    4.12000000e+04     1.03000000e+01     1.10888235e+03     2.99808337e+02     2.37929338e+02     1.24720649e+02   
    4.14000000e+04     1.03500000e+01     1.10888029e+03     2.97769996e+02     2.34203476e+02     1.20685059e+02   
    4.16000000e+04     1.04000000e+01     1.10890522e+03     2.97317265e+02     2.37322271e+02     1.24000763e+02   
    4.18000000e+04     1.04500000e+01     1.10889782e+03     2.97833842e+02     2.35182034e+02     1.23913419e+02   
    4.20000000e+04     1.05000000e+01     1.10889276e+03     2.99192851e+02     2.36884799e+02     1.23235860e+02   
    4.22000000e+04     1.05500000e+01     1.10890655e+03     3.00534471e+02     2.37766956e+02     1.25065462e+02   
    4.24000000e+04     1.06000000e+01     1.10889118e+03     3.00506641e+02     2.34753151e+02     1.19571638e+02   
    4.26000000e+04     1.06500000e+01     1.10890962e+03     3.01281368e+02     2.37141497e+02     1.24488967e+02   
    4.28000000e+04     1.07000000e+01     1.10891476e+03     2.98197604e+02     2.37971877e+02     1.25168892e+02   
    4.30000000e+04     1.07500000e+01     1.10891886e+03     2.94486953e+02     2.36550085e+02     1.25001650e+02   
    4.32000000e+04     1.08000000e+01     1.10891790e+03     2.97085173e+02     2.36729497e+02     1.27223827e+02   
    4.34000000e+04     1.08500000e+01     1.10891377e+03     2.97706788e+02     2.35893909e+02     1.26190347e+02   
    4.36000000e+04     1.09000000e+01     1.10891954e+03     2.99277109e+02     2.35595076e+02     1.25832520e+02   
    4.38000000e+04     1.09500000e+01     1.10891915e+03     2.97088731e+02     2.35198014e+02     1.24241416e+02   
    4.40000000e+04     1.10000000e+01     1.10891977e+03     2.99259084e+02     2.36388626e+02     1.25605663e+02   
    4.42000000e+04     1.10500000e+01     1.10891033e+03     2.97839844e+02     2.36775260e+02     1.26692614e+02   
    4.44000000e+04     1.11000000e+01     1.10891316e+03     2.99620459e+02     2.36328790e+02     1.26684889e+02   
    4.46000000e+04     1.11500000e+01     1.10891076e+03     2.98280892e+02     2.35503601e+02     1.22772556e+02   
    4.48000000e+04     1.12000000e+01     1.10893367e+03     2.95995406e+02     2.37784797e+02     1.28402091e+02   
    4.50000000e+04     1.12500000e+01     1.10891303e+03     2.96706411e+02     2.33570595e+02     1.22751097e+02   
    4.52000000e+04     1.13000000e+01     1.10892593e+03     2.98145632e+02     2.37817368e+02     1.28184038e+02   
    4.54000000e+04     1.13500000e+01     1.10890731e+03     2.97213476e+02     2.36990966e+02     1.25353676e+02   
    4.56000000e+04     1.14000000e+01     1.10889193e+03     2.96109143e+02     2.35685110e+02     1.25964561e+02   
    4.58000000e+04     1.14500000e+01     1.10889704e+03     2.98617164e+02     2.37050830e+02     1.25216768e+02   
    4.60000000e+04     1.15000000e+01     1.10890176e+03     2.96769264e+02     2.36301144e+02     1.26767624e+02   
    4.62000000e+04     1.15500000e+01     1.10889666e+03     2.96634709e+02     2.34316637e+02     1.21947991e+02   
    4.64000000e+04     1.16000000e+01     1.10890293e+03     2.99687551e+02     2.35704761e+02     1.23871287e+02   
    4.66000000e+04     1.16500000e+01     1.10892169e+03     3.01094352e+02     2.38345443e+02     1.26728640e+02   
    4.68000000e+04     1.17000000e+01     1.10892440e+03     2.99623112e+02     2.36787674e+02     1.25136044e+02   
    4.70000000e+04     1.17500000e+01     1.10892144e+03     2.95967944e+02     2.34940612e+02     1.23997940e+02   
    4.72000000e+04     1.18000000e+01     1.10894992e+03     2.98446989e+02     2.37309957e+02     1.25742749e+02   
    4.74000000e+04     1.18500000e+01     1.10895242e+03     3.01308440e+02     2.35013185e+02     1.24163166e+02   
    4.76000000e+04     1.19000000e+01     1.10897616e+03     2.99499356e+02     2.39021228e+02     1.27152907e+02   
    4.78000000e+04     1.19500000e+01     1.10898253e+03     3.00599635e+02     2.36285311e+02     1.25822744e+02   
    4.80000000e+04     1.20000000e+01     1.10899207e+03     3.02000427e+02     2.35694787e+02     1.22445426e+02   
    4.82000000e+04     1.20500000e+01     1.10900059e+03     3.01199729e+02     2.36346644e+02     1.24685616e+02   
    4.84000000e+04     1.21000000e+01     1.10900119e+03     2.96467624e+02     2.36803002e+02     1.25599414e+02   
    4.86000000e+04     1.21500000e+01     1.10899027e+03     3.01233316e+02     2.37389560e+02     1.24836350e+02   
    4.88000000e+04     1.22000000e+01     1.10897391e+03     3.02463099e+02     2.34894113e+02     1.21650114e+02   
    4.90000000e+04     1.22500000e+01     1.10897829e+03     3.02927152e+02     2.36333223e+02     1.22558162e+02   
    4.92000000e+04     1.23000000e+01     1.10897526e+03     2.97544322e+02     2.36051305e+02     1.24406599e+02   
    4.94000000e+04     1.23500000e+01     1.10897050e+03     3.00202917e+02     2.36155038e+02     1.23843158e+02   
    4.96000000e+04     1.24000000e+01     1.10896431e+03     2.99797838e+02     2.36591023e+02     1.24286062e+02   
    4.98000000e+04     1.24500000e+01     1.10895189e+03     2.99169402e+02     2.34589636e+02     1.20058556e+02   
    5.00000000e+04     1.25000000e+01     1.10895227e+03     2.99653682e+02     2.35040667e+02     1.21460163e+02   
    5.02000000e+04     1.25500000e+01     1.10894185e+03     2.99944011e+02     2.34902662e+02     1.21686027e+02   
    5.04000000e+04     1.26000000e+01     1.10894783e+03     3.02840863e+02     2.38091406e+02     1.25494000e+02   
    5.06000000e+04     1.26500000e+01     1.10893892e+03     2.98685024e+02     2.35752998e+02     1.23506669e+02   
    5.08000000e+04     1.27000000e+01     1.10894454e+03     3.02579075e+02     2.35992799e+02     1.23048276e+02   
    5.10000000e+04     1.27500000e+01     1.10895577e+03     2.99768719e+02     2.38423102e+02     1.25667448e+02   
    5.12000000e+04     1.28000000e+01     1.10895827e+03     2.98183744e+02     2.35930602e+02     1.26504710e+02   
    5.14000000e+04     1.28500000e+01     1.10898019e+03     2.99440906e+02     2.37840703e+02     1.26736240e+02   
    5.16000000e+04     1.29000000e+01     1.10899510e+03     3.02594158e+02     2.36574589e+02     1.26752901e+02   
    5.18000000e+04     1.29500000e+01     1.10898780e+03     3.01799529e+02     2.36339940e+02     1.22342757e+02   
    5.20000000e+04     1.30000000e+01     1.10899144e+03     2.99215413e+02     2.36601210e+02     1.25168058e+02   
    5.22000000e+04     1.30500000e+01     1.10898186e+03     2.99158929e+02     2.35199619e+02     1.21408900e+02   
    5.24000000e+04     1.31000000e+01     1.10898952e+03     2.96459177e+02     2.35948869e+02     1.24892572e+02   
    5.26000000e+04     1.31500000e+01     1.10900111e+03     2.99139650e+02     2.37354895e+02     1.23700359e+02   
    5.28000000e+04     1.32000000e+01     1.10900484e+03     3.00304569e+02     2.37597648e+02     1.24846003e+02   
    5.30000000e+04     1.32500000e+01     1.10898216e+03     2.99903589e+02     2.35959594e+02     1.21741308e+02   
    5.32000000e+04     1.33000000e+01     1.10896400e+03     3.04735722e+02     2.34492145e+02     1.20007125e+02   
    5.34000000e+04     1.33500000e+01     1.10896578e+03     3.00795121e+02     2.36347953e+02     1.22862227e+02   
    5.36000000e+04     1.34000000e+01     1.10897131e+03     3.02108997e+02     2.38369887e+02     1.23729629e+02   
    5.38000000e+04     1.34500000e+01     1.10898584e+03     3.00814583e+02     2.38303133e+02     1.25704963e+02   
    5.40000000e+04     1.35000000e+01     1.10898171e+03     3.00642195e+02     2.36415629e+02     1.20735306e+02   
    5.42000000e+04     1.35500000e+01     1.10898538e+03     3.02558213e+02     2.35655551e+02     1.21515804e+02   
    5.44000000e+04     1.36000000e+01     1.10899934e+03     2.99547315e+02     2.37294929e+02     1.23521547e+02   
    5.46000000e+04     1.36500000e+01     1.10901074e+03     3.00526250e+02     2.37554856e+02     1.25189273e+02   
    5.48000000e+04     1.37000000e+01     1.10899765e+03     3.01822737e+02     2.36261252e+02     1.23290749e+02   
    5.50000000e+04     1.37500000e+01     1.10898673e+03     3.01455715e+02     2.34699337e+02     1.22109862e+02   
    5.52000000e+04     1.38000000e+01     1.10898981e+03     2.96827806e+02     2.35413240e+02     1.23224710e+02   
    5.54000000e+04     1.38500000e+01     1.10898525e+03     3.00585343e+02     2.35723526e+02     1.24064887e+02   
    5.56000000e+04     1.39000000e+01     1.10896520e+03     3.02139950e+02     2.32902394e+02     1.21221823e+02   
    5.58000000e+04     1.39500000e+01     1.10896776e+03     3.01303330e+02     2.35530735e+02     1.23144362e+02   
    5.60000000e+04     1.40000000e+01     1.10897151e+03     2.96413344e+02     2.35991704e+02     1.26219107e+02   
    5.62000000e+04     1.40500000e+01     1.10896532e+03     2.98207272e+02     2.35759749e+02     1.24869287e+02   
    5.64000000e+04     1.41000000e+01     1.10898744e+03     2.98194024e+02     2.37020986e+02     1.26970015e+02   
    5.66000000e+04     1.41500000e+01     1.10899727e+03     2.99757258e+02     2.37392105e+02     1.27589648e+02   
    5.68000000e+04     1.42000000e+01     1.10899414e+03     3.00606083e+02     2.36002555e+02     1.27830321e+02   
    5.70000000e+04     1.42500000e+01     1.10899058e+03     3.00568922e+02     2.36880111e+02     1.26675488e+02   
    5.72000000e+04     1.43000000e+01     1.10899389e+03     2.98906277e+02     2.36617459e+02     1.26528448e+02   
    5.74000000e+04     1.43500000e+01     1.10898823e+03     2.96602168e+02     2.37136275e+02     1.26400871e+02   
    5.76000000e+04     1.44000000e+01     1.10898093e+03     2.96027193e+02     2.35566389e+02     1.24035281e+02   
    5.78000000e+04     1.44500000e+01     1.10898347e+03     2.98833585e+02     2.38699114e+02     1.26910487e+02   
    5.80000000e+04     1.45000000e+01     1.10898033e+03     2.98982290e+02     2.35391173e+02     1.22934251e+02   
    5.82000000e+04     1.45500000e+01     1.10896997e+03     2.99700068e+02     2.37210767e+02     1.24681270e+02   
    5.84000000e+04     1.46000000e+01     1.10896478e+03     2.98044390e+02     2.35363043e+02     1.23712369e+02   
    5.86000000e+04     1.46500000e+01     1.10896502e+03     2.97442093e+02     2.34145415e+02     1.20934422e+02   
    5.88000000e+04     1.47000000e+01     1.10898008e+03     3.00609343e+02     2.35925540e+02     1.23577964e+02   
    5.90000000e+04     1.47500000e+01     1.10898329e+03     2.97843600e+02     2.37797749e+02     1.23755209e+02   
    5.92000000e+04     1.48000000e+01     1.10898521e+03     2.99323962e+02     2.37086931e+02     1.22980729e+02   
    5.94000000e+04     1.48500000e+01     1.10898921e+03     3.02135203e+02     2.35618641e+02     1.21856619e+02   
    5.96000000e+04     1.49000000e+01     1.10899664e+03     2.98833433e+02     2.36839120e+02     1.24896853e+02   
    5.98000000e+04     1.49500000e+01     1.10900445e+03     2.99127602e+02     2.36942895e+02     1.23199968e+02   
    6.00000000e+04     1.50000000e+01     1.10900369e+03     2.99121572e+02     2.37010584e+02     1.24261844e+02   
    6.02000000e+04     1.50500000e+01     1.10898942e+03     2.98079182e+02     2.33993610e+02     1.20405079e+02   
    6.04000000e+04     1.51000000e+01     1.10900328e+03     2.98480709e+02     2.36768820e+02     1.24607795e+02   
    6.06000000e+04     1.51500000e+01     1.10900747e+03     2.96323317e+02     2.35848190e+02     1.24497275e+02   
    6.08000000e+04     1.52000000e+01     1.10901367e+03     2.98692445e+02     2.37178921e+02     1.24581689e+02   
    6.10000000e+04     1.52500000e+01     1.10900789e+03     2.96074449e+02     2.36706240e+02     1.25740026e+02   
    6.12000000e+04     1.53000000e+01     1.10899759e+03     3.00841565e+02     2.35626066e+02     1.24638233e+02   
    6.14000000e+04     1.53500000e+01     1.10899602e+03     2.95383722e+02     2.35760112e+02     1.25316298e+02   
    6.16000000e+04     1.54000000e+01     1.10899407e+03     2.97641993e+02     2.36405094e+02     1.25476858e+02   
    6.18000000e+04     1.54500000e+01     1.10897959e+03     3.00418278e+02     2.34778116e+02     1.21312075e+02   
    6.20000000e+04     1.55000000e+01     1.10898654e+03     2.99970263e+02     2.35454030e+02     1.24842167e+02   
    6.22000000e+04     1.55500000e+01     1.10898923e+03     3.01920058e+02     2.38265171e+02     1.28266690e+02   
    6.24000000e+04     1.56000000e+01     1.10898090e+03     2.97802491e+02     2.35971176e+02     1.26237769e+02   
    6.26000000e+04     1.56500000e+01     1.10896616e+03     2.96746168e+02     2.34776888e+02     1.23898101e+02   
    6.28000000e+04     1.57000000e+01     1.10897909e+03     2.97808258e+02     2.37113509e+02     1.26687654e+02   
    6.30000000e+04     1.57500000e+01     1.10897761e+03     2.94360697e+02     2.35892529e+02     1.25845415e+02   
    6.32000000e+04     1.58000000e+01     1.10897644e+03     2.95623200e+02     2.36244899e+02     1.24862177e+02   
    6.34000000e+04     1.58500000e+01     1.10896820e+03     2.96004929e+02     2.35943372e+02     1.23764008e+02   
    6.36000000e+04     1.59000000e+01     1.10897700e+03     2.98218843e+02     2.35703228e+02     1.22978547e+02   
    6.38000000e+04     1.59500000e+01     1.10898979e+03     2.99495652e+02     2.36892406e+02     1.23927289e+02   
    6.40000000e+04     1.60000000e+01     1.10898770e+03     2.98466979e+02     2.36618679e+02     1.23653091e+02   
    6.42000000e+04     1.60500000e+01     1.10899776e+03     2.95551415e+02     2.37533793e+02     1.26096587e+02   
    6.44000000e+04     1.61000000e+01     1.10898953e+03     2.99816302e+02     2.36883900e+02     1.25699578e+02   
    6.46000000e+04     1.61500000e+01     1.10898154e+03     2.99619556e+02     2.36334431e+02     1.24335750e+02   
    6.48000000e+04     1.62000000e+01     1.10896198e+03     2.99996802e+02     2.34695098e+02     1.20886098e+02   
    6.50000000e+04     1.62500000e+01     1.10896965e+03     2.99478288e+02     2.37559995e+02     1.25386214e+02   
    6.52000000e+04     1.63000000e+01     1.10896224e+03     2.98473090e+02     2.37054012e+02     1.25811877e+02   
    6.54000000e+04     1.63500000e+01     1.10896543e+03     2.98808676e+02     2.37160618e+02     1.26277139e+02   
    6.56000000e+04     1.64000000e+01     1.10895531e+03     2.96140918e+02     2.36126641e+02     1.23128533e+02   
    6.58000000e+04     1.64500000e+01     1.10894243e+03     3.00299887e+02     2.35650892e+02     1.23566126e+02   
    6.60000000e+04     1.65000000e+01     1.10894853e+03     2.95669434e+02     2.37632448e+02     1.26365735e+02   
    6.62000000e+04     1.65500000e+01     1.10894490e+03     3.00897268e+02     2.37056926e+02     1.25632179e+02   
    6.64000000e+04     1.66000000e+01     1.10895175e+03     3.00356290e+02     2.35167969e+02     1.23421685e+02   
    6.66000000e+04     1.66500000e+01     1.10896259e+03     3.00350691e+02     2.37099717e+02     1.24787928e+02   
    6.68000000e+04     1.67000000e+01     1.10895513e+03     2.98423866e+02     2.36528401e+02     1.24044743e+02   
    6.70000000e+04     1.67500000e+01     1.10895329e+03     2.97853670e+02     2.35160417e+02     1.22687747e+02   
    6.72000000e+04     1.68000000e+01     1.10895785e+03     2.97628081e+02     2.36819553e+02     1.26423259e+02   
    6.74000000e+04     1.68500000e+01     1.10894316e+03     3.00277969e+02     2.33047469e+02     1.21919213e+02   
    6.76000000e+04     1.69000000e+01     1.10895672e+03     2.99776934e+02     2.35322860e+02     1.24298062e+02   
    6.78000000e+04     1.69500000e+01     1.10895954e+03     3.00360952e+02     2.34631064e+02     1.24026366e+02   
    6.80000000e+04     1.70000000e+01     1.10896424e+03     2.99459978e+02     2.34269143e+02     1.24862120e+02   
    6.82000000e+04     1.70500000e+01     1.10896328e+03     2.98330565e+02     2.34919678e+02     1.25858877e+02   
    6.84000000e+04     1.71000000e+01     1.10897344e+03     3.00508264e+02     2.35968241e+02     1.28392285e+02   
    6.86000000e+04     1.71500000e+01     1.10897089e+03     2.99240990e+02     2.36145527e+02     1.27074857e+02   
    6.88000000e+04     1.72000000e+01     1.10896846e+03     3.01200528e+02     2.36339546e+02     1.26447186e+02   
    6.90000000e+04     1.72500000e+01     1.10897318e+03     3.03822576e+02     2.37300255e+02     1.27278874e+02   
    6.92000000e+04     1.73000000e+01     1.10897901e+03     3.00464602e+02     2.36648618e+02     1.26190309e+02   
    6.94000000e+04     1.73500000e+01     1.10899289e+03     2.97324691e+02     2.36262137e+02     1.28105554e+02   
    6.96000000e+04     1.74000000e+01     1.10899195e+03     3.01506638e+02     2.35967867e+02     1.24509306e+02   
    6.98000000e+04     1.74500000e+01     1.10898716e+03     2.97004730e+02     2.36108327e+02     1.27130674e+02   
    7.00000000e+04     1.75000000e+01     1.10898550e+03     2.99441475e+02     2.36064245e+02     1.25601864e+02   
    7.02000000e+04     1.75500000e+01     1.10898352e+03     2.98275660e+02     2.36408491e+02     1.25191526e+02   
    7.04000000e+04     1.76000000e+01     1.10900542e+03     2.99948389e+02     2.36411964e+02     1.25872274e+02   
    7.06000000e+04     1.76500000e+01     1.10901865e+03     3.00189834e+02     2.34403021e+02     1.24843267e+02   
    7.08000000e+04     1.77000000e+01     1.10902034e+03     2.99687466e+02     2.35200792e+02     1.25297172e+02   
    7.10000000e+04     1.77500000e+01     1.10901707e+03     2.96807313e+02     2.33861215e+02     1.24336125e+02   
    7.12000000e+04     1.78000000e+01     1.10902759e+03     3.01119876e+02     2.37359145e+02     1.27521360e+02   
    7.14000000e+04     1.78500000e+01     1.10902037e+03     2.99182090e+02     2.36015121e+02     1.25689345e+02   
    7.16000000e+04     1.79000000e+01     1.10900566e+03     3.03332528e+02     2.35586113e+02     1.24694245e+02   
    7.18000000e+04     1.79500000e+01     1.10900461e+03     2.98809647e+02     2.35585849e+02     1.24740280e+02   
    7.20000000e+04     1.80000000e+01     1.10900599e+03     2.98859287e+02     2.34899239e+02     1.24157543e+02   
    7.22000000e+04     1.80500000e+01     1.10901678e+03     2.98932268e+02     2.35172148e+02     1.24165488e+02   
    7.24000000e+04     1.81000000e+01     1.10902277e+03     2.98058128e+02     2.36692647e+02     1.26639222e+02   
    7.26000000e+04     1.81500000e+01     1.10902842e+03     2.97829654e+02     2.36532201e+02     1.25567111e+02   
    7.28000000e+04     1.82000000e+01     1.10903589e+03     2.99553280e+02     2.34922662e+02     1.25550455e+02   
    7.30000000e+04     1.82500000e+01     1.10903974e+03     2.99971236e+02     2.33842737e+02     1.20693191e+02   
    7.32000000e+04     1.83000000e+01     1.10905363e+03     2.99024244e+02     2.34836070e+02     1.24253708e+02   
    7.34000000e+04     1.83500000e+01     1.10904944e+03     2.98549642e+02     2.35517019e+02     1.23272537e+02   
    7.36000000e+04     1.84000000e+01     1.10903826e+03     3.00644134e+02     2.34961556e+02     1.24300553e+02   
    7.38000000e+04     1.84500000e+01     1.10903792e+03     2.99787430e+02     2.35961089e+02     1.25746578e+02   
    7.40000000e+04     1.85000000e+01     1.10902326e+03     2.97572333e+02     2.35220759e+02     1.24036873e+02   
    7.42000000e+04     1.85500000e+01     1.10901693e+03     3.00174981e+02     2.37837783e+02     1.26081472e+02   
    7.44000000e+04     1.86000000e+01     1.10901545e+03     3.00615434e+02     2.35288807e+02     1.26418367e+02   
    7.46000000e+04     1.86500000e+01     1.10901459e+03     2.96899827e+02     2.36809169e+02     1.27193360e+02   
    7.48000000e+04     1.87000000e+01     1.10901525e+03     2.98989277e+02     2.36130651e+02     1.25422117e+02   
    7.50000000e+04     1.87500000e+01     1.10900978e+03     2.95462811e+02     2.36853496e+02     1.25661212e+02   
    7.52000000e+04     1.88000000e+01     1.10900462e+03     3.00520350e+02     2.36902761e+02     1.25268653e+02   
    7.54000000e+04     1.88500000e+01     1.10899552e+03     2.97254301e+02     2.35526546e+02     1.24268021e+02   
    7.56000000e+04     1.89000000e+01     1.10899370e+03     2.95494037e+02     2.36741124e+02     1.25469177e+02   
    7.58000000e+04     1.89500000e+01     1.10897676e+03     2.96614923e+02     2.34619977e+02     1.23393881e+02   
    7.60000000e+04     1.90000000e+01     1.10897363e+03     2.98414792e+02     2.36156312e+02     1.24706051e+02   
    7.62000000e+04     1.90500000e+01     1.10897101e+03     2.99086083e+02     2.37379211e+02     1.25759342e+02   
    7.64000000e+04     1.91000000e+01     1.10897027e+03     2.95930337e+02     2.36669874e+02     1.23253397e+02   
    7.66000000e+04     1.91500000e+01     1.10897597e+03     2.99940666e+02     2.35956046e+02     1.24597333e+02   
    7.68000000e+04     1.92000000e+01     1.10897978e+03     2.97188662e+02     2.35188096e+02     1.22517275e+02   
    7.70000000e+04     1.92500000e+01     1.10899130e+03     2.96960131e+02     2.36031894e+02     1.24096203e+02   
    7.72000000e+04     1.93000000e+01     1.10898044e+03     3.02193116e+02     2.35778350e+02     1.20167368e+02   
    7.74000000e+04     1.93500000e+01     1.10898172e+03     2.97804729e+02     2.36691656e+02     1.22517738e+02   
    7.76000000e+04     1.94000000e+01     1.10897599e+03     2.96310824e+02     2.35477266e+02     1.21381388e+02   
    7.78000000e+04     1.94500000e+01     1.10898417e+03     2.99514124e+02     2.36833009e+02     1.22730522e+02   
    7.80000000e+04     1.95000000e+01     1.10899077e+03     2.99451168e+02     2.38447138e+02     1.24282166e+02   
    7.82000000e+04     1.95500000e+01     1.10898914e+03     2.98568514e+02     2.36321305e+02     1.22484395e+02   
    7.84000000e+04     1.96000000e+01     1.10899491e+03     2.97097845e+02     2.35927854e+02     1.24112780e+02   
    7.86000000e+04     1.96500000e+01     1.10900950e+03     2.98013838e+02     2.37771011e+02     1.25335591e+02   
    7.88000000e+04     1.97000000e+01     1.10900078e+03     2.98043795e+02     2.34545806e+02     1.23746210e+02   
    7.90000000e+04     1.97500000e+01     1.10900385e+03     2.99480209e+02     2.36814336e+02     1.24905921e+02   
    7.92000000e+04     1.98000000e+01     1.10900957e+03     2.95705069e+02     2.35709184e+02     1.24492168e+02   
    7.94000000e+04     1.98500000e+01     1.10900034e+03     2.98572942e+02     2.36184012e+02     1.25460258e+02   
    7.96000000e+04     1.99000000e+01     1.10898000e+03     2.98662132e+02     2.37522217e+02     1.25293991e+02   
    7.98000000e+04     1.99500000e+01     1.10895448e+03     2.99614513e+02     2.35532488e+02     1.23689420e+02   
    8.00000000e+04     2.00000000e+01     1.10895381e+03     2.97009797e+02     2.35730760e+02     1.23045907e+02   
