# column   1     --> step : The current simulation time step.
# column   2     --> time{picosecond} : The elapsed simulation time.
# column   3     --> conserved{electronvolt} : The value of the conserved energy quantity per bead.
# column   4     --> temperature{kelvin} : The current temperature, as obtained from the MD kinetic energy.
# column   5     --> kinetic_cv{electronvolt} : The centroid-virial quantum kinetic energy of the physical system.
# column   6     --> potential{electronvolt} : The physical system potential energy.
    0.00000000e+00     0.00000000e+00     1.11648853e+03     3.04273373e+02     2.36384175e+02     1.26755022e+02   
    2.00000000e+02     5.00000000e-02     1.11650319e+03     2.98618246e+02     2.37173381e+02     1.27293270e+02   
    4.00000000e+02     1.00000000e-01     1.11650486e+03     3.01640249e+02     2.37052726e+02     1.27145085e+02   
    6.00000000e+02     1.50000000e-01     1.11649496e+03     3.01374218e+02     2.34501427e+02     1.24027896e+02   
    8.00000000e+02     2.00000000e-01     1.11648575e+03     3.01046504e+02     2.35443950e+02     1.26416528e+02   
    1.00000000e+03     2.50000000e-01     1.11648021e+03     3.04161025e+02     2.34736308e+02     1.23588524e+02   
    1.20000000e+03     3.00000000e-01     1.11648023e+03     3.00496504e+02     2.36046982e+02     1.26486696e+02   
    1.40000000e+03     3.50000000e-01     1.11647652e+03     3.02359280e+02     2.36448596e+02     1.23665460e+02   
    1.60000000e+03     4.00000000e-01     1.11648221e+03     3.00342911e+02     2.34532370e+02     1.21986287e+02   
    1.80000000e+03     4.50000000e-01     1.11650039e+03     3.00348703e+02     2.35207611e+02     1.22513297e+02   
    2.00000000e+03     5.00000000e-01     1.11650529e+03     2.99547050e+02     2.36513221e+02     1.24767471e+02   
    2.20000000e+03     5.50000000e-01     1.11649961e+03     2.96285377e+02     2.35049930e+02     1.22432835e+02   
    2.40000000e+03     6.00000000e-01     1.11651599e+03     3.02185717e+02     2.37465530e+02     1.24409565e+02   
    2.60000000e+03     6.50000000e-01     1.11650930e+03     3.01832735e+02     2.36711740e+02     1.23658875e+02   
    2.80000000e+03     7.00000000e-01     1.11651455e+03     3.02116268e+02     2.36218049e+02     1.23637892e+02   
    3.00000000e+03     7.50000000e-01     1.11652330e+03     2.99033007e+02     2.37349104e+02     1.25578552e+02   
    3.20000000e+03     8.00000000e-01     1.11650654e+03     3.00288061e+02     2.34746619e+02     1.22358629e+02   
    3.40000000e+03     8.50000000e-01     1.11649800e+03     3.01805617e+02     2.35621675e+02     1.22487218e+02   
    3.60000000e+03     9.00000000e-01     1.11649829e+03     3.00352400e+02     2.35658527e+02     1.22856193e+02   
    3.80000000e+03     9.50000000e-01     1.11649560e+03     3.01993441e+02     2.35822265e+02     1.22723574e+02   
    4.00000000e+03     1.00000000e+00     1.11650782e+03     3.00521490e+02     2.35549328e+02     1.23989833e+02   
    4.20000000e+03     1.05000000e+00     1.11651823e+03     3.02580209e+02     2.35658839e+02     1.21361073e+02   
    4.40000000e+03     1.10000000e+00     1.11650677e+03     2.99367524e+02     2.34932759e+02     1.20824234e+02   
    4.60000000e+03     1.15000000e+00     1.11651103e+03     3.00934594e+02     2.35652789e+02     1.21523356e+02   
    4.80000000e+03     1.20000000e+00     1.11652110e+03     3.02516164e+02     2.38214552e+02     1.24937408e+02   
    5.00000000e+03     1.25000000e+00     1.11652010e+03     3.03015265e+02     2.34537736e+02     1.22589178e+02   
    5.20000000e+03     1.30000000e+00     1.11651917e+03     3.03803129e+02     2.34466419e+02     1.21667266e+02   
    5.40000000e+03     1.35000000e+00     1.11652304e+03     3.04626668e+02     2.35541080e+02     1.23518824e+02   
    5.60000000e+03     1.40000000e+00     1.11651362e+03     3.02227709e+02     2.36223345e+02     1.23307032e+02   
    5.80000000e+03     1.45000000e+00     1.11651188e+03     3.00208885e+02     2.36080837e+02     1.22476356e+02   
    6.00000000e+03     1.50000000e+00     1.11652174e+03     3.04020718e+02     2.36973031e+02     1.22301586e+02   
    6.20000000e+03     1.55000000e+00     1.11653022e+03     2.97988624e+02     2.37309243e+02     1.23676424e+02   
    6.40000000e+03     1.60000000e+00     1.11652377e+03     3.02430378e+02     2.36694898e+02     1.21515325e+02   
    6.60000000e+03     1.65000000e+00     1.11653066e+03     3.00182635e+02     2.35722281e+02     1.22510821e+02   
    6.80000000e+03     1.70000000e+00     1.11653398e+03     3.01250980e+02     2.37745910e+02     1.24707748e+02   
    7.00000000e+03     1.75000000e+00     1.11652753e+03     3.01666520e+02     2.36661178e+02     1.23006144e+02   
    7.20000000e+03     1.80000000e+00     1.11652554e+03     3.01015122e+02     2.35377013e+02     1.24151034e+02   
    7.40000000e+03     1.85000000e+00     1.11655120e+03     2.97426731e+02     2.38268311e+02     1.25935227e+02   
    7.60000000e+03     1.90000000e+00     1.11656111e+03     3.02732859e+02     2.36857370e+02     1.24497251e+02   
    7.80000000e+03     1.95000000e+00     1.11654610e+03     3.03686045e+02     2.36961516e+02     1.24139378e+02   
    8.00000000e+03     2.00000000e+00     1.11655655e+03     3.02564642e+02     2.36005383e+02     1.23119813e+02   
    8.20000000e+03     2.05000000e+00     1.11655988e+03     3.00638217e+02     2.38024731e+02     1.26507755e+02   
    8.40000000e+03     2.10000000e+00     1.11654653e+03     3.02672211e+02     2.34821627e+02     1.23916817e+02   
    8.60000000e+03     2.15000000e+00     1.11655274e+03     2.98209870e+02     2.36760159e+02     1.24109725e+02   
    8.80000000e+03     2.20000000e+00     1.11654060e+03     2.98820119e+02     2.35061519e+02     1.20966901e+02   
    9.00000000e+03     2.25000000e+00     1.11655249e+03     2.99172493e+02     2.35877961e+02     1.23666458e+02   
    9.20000000e+03     2.30000000e+00     1.11655050e+03     3.03639754e+02     2.36169542e+02     1.23768614e+02   
    9.40000000e+03     2.35000000e+00     1.11654631e+03     3.00421778e+02     2.36614498e+02     1.25056934e+02   
    9.60000000e+03     2.40000000e+00     1.11654810e+03     3.02199308e+02     2.38644369e+02     1.23512126e+02   
    9.80000000e+03     2.45000000e+00     1.11653604e+03     3.02730738e+02     2.34532467e+02     1.20982507e+02   
    1.00000000e+04     2.50000000e+00     1.11653805e+03     3.01884222e+02     2.34001642e+02     1.20232988e+02   
    1.02000000e+04     2.55000000e+00     1.11655128e+03     2.99119795e+02     2.37572885e+02     1.24978501e+02   
    1.04000000e+04     2.60000000e+00     1.11654276e+03     2.99965266e+02     2.36546409e+02     1.23859933e+02   
    1.06000000e+04     2.65000000e+00     1.11653848e+03     3.02648919e+02     2.37714300e+02     1.25493963e+02   
    1.08000000e+04     2.70000000e+00     1.11652854e+03     2.98897231e+02     2.37045655e+02     1.24198987e+02   
    1.10000000e+04     2.75000000e+00     1.11653326e+03     3.04202142e+02     2.38135414e+02     1.24876684e+02   
    1.12000000e+04     2.80000000e+00     1.11652536e+03     3.00307439e+02     2.37774617e+02     1.25225166e+02   
    1.14000000e+04     2.85000000e+00     1.11652508e+03     3.06801017e+02     2.35591799e+02     1.23269590e+02   
    1.16000000e+04     2.90000000e+00     1.11652599e+03     3.03202724e+02     2.35485696e+02     1.23476308e+02   
    1.18000000e+04     2.95000000e+00     1.11653041e+03     2.99380272e+02     2.37411357e+02     1.24254772e+02   
    1.20000000e+04     3.00000000e+00     1.11652422e+03     3.01959374e+02     2.34998820e+02     1.23013371e+02   
    1.22000000e+04     3.05000000e+00     1.11652945e+03     2.99388590e+02     2.36679085e+02     1.25334323e+02   
    1.24000000e+04     3.10000000e+00     1.11653073e+03     3.01544585e+02     2.34811529e+02     1.25270319e+02   
    1.26000000e+04     3.15000000e+00     1.11652997e+03     3.01068548e+02     2.36505050e+02     1.25040201e+02   
    1.28000000e+04     3.20000000e+00     1.11652982e+03     2.97091178e+02     2.36279611e+02     1.24213582e+02   
    1.30000000e+04     3.25000000e+00     1.11653360e+03     3.02596108e+02     2.37711095e+02     1.23861353e+02   
    1.32000000e+04     3.30000000e+00     1.11652807e+03     3.00268022e+02     2.34752914e+02     1.21725537e+02   
    1.34000000e+04     3.35000000e+00     1.11655392e+03     2.98868394e+02     2.38075333e+02     1.25620853e+02   
    1.36000000e+04     3.40000000e+00     1.11654888e+03     3.03187085e+02     2.34877086e+02     1.22390799e+02   
    1.38000000e+04     3.45000000e+00     1.11655415e+03     3.03725588e+02     2.37062960e+02     1.24734525e+02   
    1.40000000e+04     3.50000000e+00     1.11655957e+03     3.02272251e+02     2.36739450e+02     1.24355811e+02   
    1.42000000e+04     3.55000000e+00     1.11655514e+03     3.03303475e+02     2.34323677e+02     1.21251847e+02   
    1.44000000e+04     3.60000000e+00     1.11656357e+03     2.99144768e+02     2.35085811e+02     1.22469071e+02   
    1.46000000e+04     3.65000000e+00     1.11657481e+03     2.99129439e+02     2.35613906e+02     1.24307984e+02   
    1.48000000e+04     3.70000000e+00     1.11658491e+03     3.00827374e+02     2.38644909e+02     1.25867042e+02   
    1.50000000e+04     3.75000000e+00     1.11659402e+03     2.99577049e+02     2.37295015e+02     1.25701185e+02   
    1.52000000e+04     3.80000000e+00     1.11659771e+03     3.02344690e+02     2.37257554e+02     1.23941971e+02   
    1.54000000e+04     3.85000000e+00     1.11660346e+03     2.99697425e+02     2.35828241e+02     1.24929929e+02   
    1.56000000e+04     3.90000000e+00     1.11659911e+03     3.03696818e+02     2.33540653e+02     1.19583749e+02   
    1.58000000e+04     3.95000000e+00     1.11661672e+03     3.01442212e+02     2.36729139e+02     1.26321743e+02   
    1.60000000e+04     4.00000000e+00     1.11661345e+03     3.02382529e+02     2.38222976e+02     1.23934063e+02   
    1.62000000e+04     4.05000000e+00     1.11660437e+03     2.98846946e+02     2.36062037e+02     1.23809846e+02   
    1.64000000e+04     4.10000000e+00     1.11661089e+03     3.01408673e+02     2.36644824e+02     1.23704399e+02   
    1.66000000e+04     4.15000000e+00     1.11660990e+03     2.99520222e+02     2.36428456e+02     1.25362871e+02   
    1.68000000e+04     4.20000000e+00     1.11659247e+03     3.00023949e+02     2.33094753e+02     1.22897140e+02   
    1.70000000e+04     4.25000000e+00     1.11658124e+03     2.96877228e+02     2.36506432e+02     1.23848555e+02   
    1.72000000e+04     4.30000000e+00     1.11657507e+03     2.96824896e+02     2.37182534e+02     1.24229672e+02   
    1.74000000e+04     4.35000000e+00     1.11656218e+03     2.98727976e+02     2.36670399e+02     1.23523135e+02   
    1.76000000e+04     4.40000000e+00     1.11656717e+03     2.97979879e+02     2.36584978e+02     1.25375772e+02   
    1.78000000e+04     4.45000000e+00     1.11656814e+03     2.99104500e+02     2.34809159e+02     1.23016931e+02   
    1.80000000e+04     4.50000000e+00     1.11657856e+03     2.97186264e+02     2.36672765e+02     1.25560398e+02   
    1.82000000e+04     4.55000000e+00     1.11658397e+03     2.99308075e+02     2.36278805e+02     1.24541270e+02   
    1.84000000e+04     4.60000000e+00     1.11657578e+03     3.00024074e+02     2.34819385e+02     1.23850612e+02   
    1.86000000e+04     4.65000000e+00     1.11658094e+03     2.99549183e+02     2.36613149e+02     1.26486864e+02   
    1.88000000e+04     4.70000000e+00     1.11656700e+03     3.00553575e+02     2.35103021e+02     1.22465922e+02   
    1.90000000e+04     4.75000000e+00     1.11657978e+03     2.97931781e+02     2.36031122e+02     1.25193670e+02   
    1.92000000e+04     4.80000000e+00     1.11657022e+03     3.01480600e+02     2.34369046e+02     1.19827421e+02   
    1.94000000e+04     4.85000000e+00     1.11659167e+03     3.00732994e+02     2.36654517e+02     1.24603849e+02   
    1.96000000e+04     4.90000000e+00     1.11659479e+03     2.99757210e+02     2.34778597e+02     1.23181220e+02   
    1.98000000e+04     4.95000000e+00     1.11660645e+03     3.02827824e+02     2.36843234e+02     1.25738946e+02   
    2.00000000e+04     5.00000000e+00     1.11660851e+03     2.99187553e+02     2.36356916e+02     1.24961918e+02   
    2.02000000e+04     5.05000000e+00     1.11660549e+03     2.98121198e+02     2.35424497e+02     1.25029226e+02   
    2.04000000e+04     5.10000000e+00     1.11660276e+03     3.00822705e+02     2.36656347e+02     1.24286859e+02   
    2.06000000e+04     5.15000000e+00     1.11659028e+03     3.01429259e+02     2.34530271e+02     1.21852030e+02   
    2.08000000e+04     5.20000000e+00     1.11660544e+03     3.02917734e+02     2.38476348e+02     1.26031226e+02   
    2.10000000e+04     5.25000000e+00     1.11660049e+03     3.00274427e+02     2.36601171e+02     1.23085768e+02   
    2.12000000e+04     5.30000000e+00     1.11659436e+03     3.00376390e+02     2.33173406e+02     1.20945959e+02   
    2.14000000e+04     5.35000000e+00     1.11660187e+03     3.03427176e+02     2.35621509e+02     1.20701533e+02   
    2.16000000e+04     5.40000000e+00     1.11661531e+03     3.00205071e+02     2.36078476e+02     1.23278733e+02   
    2.18000000e+04     5.45000000e+00     1.11660832e+03     2.99928549e+02     2.35485468e+02     1.22877883e+02   
    2.20000000e+04     5.50000000e+00     1.11660793e+03     3.00997223e+02     2.34919395e+02     1.22455961e+02   
    2.22000000e+04     5.55000000e+00     1.11660004e+03     3.02079482e+02     2.35927881e+02     1.22890685e+02   
    2.24000000e+04     5.60000000e+00     1.11658788e+03     2.98736590e+02     2.34815036e+02     1.21252342e+02   
    2.26000000e+04     5.65000000e+00     1.11658785e+03     2.98056321e+02     2.37472478e+02     1.22831223e+02   
    2.28000000e+04     5.70000000e+00     1.11658979e+03     3.00666626e+02     2.37658007e+02     1.23930457e+02   
    2.30000000e+04     5.75000000e+00     1.11658445e+03     3.03194423e+02     2.36047658e+02     1.23921792e+02   
    2.32000000e+04     5.80000000e+00     1.11658359e+03     3.00039253e+02     2.35937684e+02     1.22457605e+02   
    2.34000000e+04     5.85000000e+00     1.11658352e+03     3.00691465e+02     2.37781473e+02     1.23060975e+02   
    2.36000000e+04     5.90000000e+00     1.11655769e+03     3.05312783e+02     2.34962539e+02     1.19647267e+02   
    2.38000000e+04     5.95000000e+00     1.11656163e+03     2.98365970e+02     2.36379075e+02     1.21635195e+02   
    2.40000000e+04     6.00000000e+00     1.11656121e+03     3.03635940e+02     2.37162815e+02     1.21366887e+02   
    2.42000000e+04     6.05000000e+00     1.11656377e+03     3.02935727e+02     2.36767392e+02     1.20488284e+02   
    2.44000000e+04     6.10000000e+00     1.11655266e+03     3.02912344e+02     2.36499335e+02     1.21105664e+02   
    2.46000000e+04     6.15000000e+00     1.11655777e+03     3.02260763e+02     2.36046316e+02     1.20677131e+02   
    2.48000000e+04     6.20000000e+00     1.11656456e+03     3.00595553e+02     2.36491854e+02     1.21602350e+02   
    2.50000000e+04     6.25000000e+00     1.11657839e+03     3.00992990e+02     2.37181246e+02     1.23625915e+02   
    2.52000000e+04     6.30000000e+00     1.11657774e+03     2.99801203e+02     2.36522010e+02     1.23584478e+02   
    2.54000000e+04     6.35000000e+00     1.11656967e+03     2.97433396e+02     2.36559379e+02     1.23569055e+02   
    2.56000000e+04     6.40000000e+00     1.11655970e+03     3.02440075e+02     2.34626202e+02     1.20520139e+02   
    2.58000000e+04     6.45000000e+00     1.11657341e+03     2.98143447e+02     2.36232399e+02     1.23970700e+02   
    2.60000000e+04     6.50000000e+00     1.11658291e+03     3.02541582e+02     2.36350005e+02     1.23058841e+02   
    2.62000000e+04     6.55000000e+00     1.11660159e+03     2.99745461e+02     2.38385742e+02     1.27056653e+02   
    2.64000000e+04     6.60000000e+00     1.11658968e+03     2.98850388e+02     2.35685698e+02     1.25267985e+02   
    2.66000000e+04     6.65000000e+00     1.11659312e+03     2.99586169e+02     2.37709502e+02     1.26511925e+02   
    2.68000000e+04     6.70000000e+00     1.11658961e+03     3.03610374e+02     2.37922579e+02     1.25982289e+02   
    2.70000000e+04     6.75000000e+00     1.11657933e+03     2.99659197e+02     2.37974816e+02     1.26506856e+02   
    2.72000000e+04     6.80000000e+00     1.11657631e+03     2.99091886e+02     2.36456800e+02     1.26241504e+02   
    2.74000000e+04     6.85000000e+00     1.11657169e+03     2.99144029e+02     2.35098629e+02     1.24461987e+02   
    2.76000000e+04     6.90000000e+00     1.11658508e+03     2.98942227e+02     2.37206206e+02     1.25539576e+02   
    2.78000000e+04     6.95000000e+00     1.11659429e+03     2.98146818e+02     2.37345652e+02     1.27621526e+02   
    2.80000000e+04     7.00000000e+00     1.11657509e+03     3.01029698e+02     2.36100208e+02     1.25187519e+02   
    2.82000000e+04     7.05000000e+00     1.11657488e+03     2.94097182e+02     2.35573631e+02     1.27373478e+02   
    2.84000000e+04     7.10000000e+00     1.11656686e+03     2.97856958e+02     2.35371319e+02     1.26781479e+02   
    2.86000000e+04     7.15000000e+00     1.11657561e+03     3.00359163e+02     2.37070388e+02     1.29153451e+02   
    2.88000000e+04     7.20000000e+00     1.11656259e+03     3.01759675e+02     2.36117601e+02     1.26732126e+02   
    2.90000000e+04     7.25000000e+00     1.11655855e+03     2.99163644e+02     2.35143855e+02     1.25225124e+02   
    2.92000000e+04     7.30000000e+00     1.11656677e+03     2.99119437e+02     2.37089989e+02     1.27841215e+02   
    2.94000000e+04     7.35000000e+00     1.11656347e+03     2.99914000e+02     2.35436812e+02     1.26151258e+02   
    2.96000000e+04     7.40000000e+00     1.11656077e+03     3.01339420e+02     2.36566796e+02     1.28167635e+02   
    2.98000000e+04     7.45000000e+00     1.11655885e+03     3.01169906e+02     2.36940533e+02     1.28657007e+02   
    3.00000000e+04     7.50000000e+00     1.11654574e+03     3.00554668e+02     2.36909741e+02     1.30368025e+02   
    3.02000000e+04     7.55000000e+00     1.11654140e+03     3.02923079e+02     2.37255871e+02     1.29402456e+02   
    3.04000000e+04     7.60000000e+00     1.11654638e+03     3.01662669e+02     2.37250059e+02     1.28632508e+02   
    3.06000000e+04     7.65000000e+00     1.11655232e+03     2.99055555e+02     2.37606623e+02     1.27668709e+02   
    3.08000000e+04     7.70000000e+00     1.11656045e+03     3.01961160e+02     2.36155260e+02     1.27300599e+02   
    3.10000000e+04     7.75000000e+00     1.11657284e+03     3.01954507e+02     2.35999571e+02     1.25950442e+02   
    3.12000000e+04     7.80000000e+00     1.11657829e+03     3.01030835e+02     2.35285807e+02     1.26110230e+02   
    3.14000000e+04     7.85000000e+00     1.11657289e+03     2.98407362e+02     2.36687975e+02     1.26322834e+02   
    3.16000000e+04     7.90000000e+00     1.11657833e+03     3.03395607e+02     2.35604812e+02     1.26504450e+02   
    3.18000000e+04     7.95000000e+00     1.11658602e+03     3.01479310e+02     2.35572539e+02     1.25778052e+02   
    3.20000000e+04     8.00000000e+00     1.11659501e+03     3.02804094e+02     2.38202383e+02     1.27366639e+02   
    3.22000000e+04     8.05000000e+00     1.11659999e+03     3.00737615e+02     2.36936599e+02     1.26164446e+02   
    3.24000000e+04     8.10000000e+00     1.11661421e+03     2.99892698e+02     2.37713774e+02     1.27387163e+02   
    3.26000000e+04     8.15000000e+00     1.11663001e+03     3.00581413e+02     2.37997315e+02     1.27403775e+02   
    3.28000000e+04     8.20000000e+00     1.11663165e+03     3.03244585e+02     2.35613152e+02     1.26237022e+02   
    3.30000000e+04     8.25000000e+00     1.11663260e+03     3.00231046e+02     2.36588680e+02     1.25578695e+02   
    3.32000000e+04     8.30000000e+00     1.11662207e+03     3.00281935e+02     2.35594388e+02     1.25380283e+02   
    3.34000000e+04     8.35000000e+00     1.11662984e+03     3.00871779e+02     2.36237491e+02     1.26479007e+02   
    3.36000000e+04     8.40000000e+00     1.11663162e+03     2.98465330e+02     2.35793462e+02     1.26426142e+02   
    3.38000000e+04     8.45000000e+00     1.11662999e+03     2.99931755e+02     2.35376943e+02     1.25803657e+02   
    3.40000000e+04     8.50000000e+00     1.11664050e+03     3.01814318e+02     2.36612124e+02     1.26762893e+02   
    3.42000000e+04     8.55000000e+00     1.11663458e+03     3.01602763e+02     2.34920482e+02     1.24549446e+02   
    3.44000000e+04     8.60000000e+00     1.11664070e+03     3.00064205e+02     2.34815397e+02     1.25401483e+02   
    3.46000000e+04     8.65000000e+00     1.11664998e+03     3.00829432e+02     2.34361523e+02     1.24696867e+02   
    3.48000000e+04     8.70000000e+00     1.11667310e+03     3.00653208e+02     2.35787338e+02     1.27394956e+02   
    3.50000000e+04     8.75000000e+00     1.11668711e+03     2.99688702e+02     2.36886199e+02     1.29143447e+02   
    3.52000000e+04     8.80000000e+00     1.11668682e+03     3.00549645e+02     2.34216895e+02     1.26092120e+02   
    3.54000000e+04     8.85000000e+00     1.11669755e+03     2.99417506e+02     2.36889633e+02     1.27502083e+02   
    3.56000000e+04     8.90000000e+00     1.11669836e+03     3.00182176e+02     2.36550362e+02     1.27541168e+02   
    3.58000000e+04     8.95000000e+00     1.11668130e+03     3.00918344e+02     2.34281341e+02     1.25915216e+02   
    3.60000000e+04     9.00000000e+00     1.11667984e+03     2.99403654e+02     2.38212439e+02     1.29097644e+02   
    3.62000000e+04     9.05000000e+00     1.11666927e+03     3.00561383e+02     2.38415503e+02     1.29213946e+02   
    3.64000000e+04     9.10000000e+00     1.11665683e+03     2.99759453e+02     2.37521331e+02     1.28848090e+02   
    3.66000000e+04     9.15000000e+00     1.11664808e+03     2.99351147e+02     2.38040681e+02     1.30350898e+02   
    3.68000000e+04     9.20000000e+00     1.11663902e+03     3.00962894e+02     2.35348752e+02     1.26162487e+02   
    3.70000000e+04     9.25000000e+00     1.11663460e+03     3.00474175e+02     2.36700562e+02     1.26736203e+02   
    3.72000000e+04     9.30000000e+00     1.11663589e+03     3.02519078e+02     2.35602385e+02     1.24387560e+02   
    3.74000000e+04     9.35000000e+00     1.11663714e+03     3.04946402e+02     2.36387832e+02     1.24005626e+02   
    3.76000000e+04     9.40000000e+00     1.11662295e+03     3.03953815e+02     2.36821904e+02     1.23775416e+02   
    3.78000000e+04     9.45000000e+00     1.11662722e+03     2.98522118e+02     2.36437952e+02     1.24609755e+02   
    3.80000000e+04     9.50000000e+00     1.11661461e+03     3.03854005e+02     2.34485054e+02     1.22184932e+02   
    3.82000000e+04     9.55000000e+00     1.11663744e+03     3.00171853e+02     2.38935970e+02     1.28007157e+02   
    3.84000000e+04     9.60000000e+00     1.11662533e+03     3.01517727e+02     2.37268373e+02     1.24928773e+02   
    3.86000000e+04     9.65000000e+00     1.11662842e+03     3.02050574e+02     2.35892833e+02     1.24129161e+02   
    3.88000000e+04     9.70000000e+00     1.11663740e+03     3.01418931e+02     2.36897148e+02     1.26266596e+02   
    3.90000000e+04     9.75000000e+00     1.11664482e+03     3.03830845e+02     2.37790013e+02     1.26554230e+02   
    3.92000000e+04     9.80000000e+00     1.11664356e+03     2.99641592e+02     2.36432435e+02     1.24412751e+02   
    3.94000000e+04     9.85000000e+00     1.11663901e+03     3.00575279e+02     2.35313412e+02     1.22320136e+02   
    3.96000000e+04     9.90000000e+00     1.11663957e+03     3.02996544e+02     2.37744730e+02     1.26209904e+02   
    3.98000000e+04     9.95000000e+00     1.11662963e+03     2.99793544e+02     2.36141182e+02     1.25090095e+02   
    4.00000000e+04     1.00000000e+01     1.11664054e+03     3.00230176e+02     2.37774946e+02     1.27477365e+02   
    4.02000000e+04     1.00500000e+01     1.11662503e+03     3.03384315e+02     2.34097261e+02     1.22914558e+02   
    4.04000000e+04     1.01000000e+01     1.11663020e+03     3.02287183e+02     2.35909017e+02     1.24647041e+02   
    4.06000000e+04     1.01500000e+01     1.11661833e+03     3.00828241e+02     2.36372162e+02     1.25654055e+02   
    4.08000000e+04     1.02000000e+01     1.11661826e+03     3.02069100e+02     2.34716984e+02     1.23485281e+02   
    4.10000000e+04     1.02500000e+01     1.11661633e+03     3.02664231e+02     2.35003265e+02     1.22749480e+02   
    4.12000000e+04     1.03000000e+01     1.11662632e+03     3.01742522e+02     2.37421492e+02     1.25283576e+02   
    4.14000000e+04     1.03500000e+01     1.11661146e+03     2.98216056e+02     2.33927218e+02     1.21772721e+02   
    4.16000000e+04     1.04000000e+01     1.11661807e+03     2.99250474e+02     2.36825136e+02     1.26209003e+02   
    4.18000000e+04     1.04500000e+01     1.11661982e+03     3.01643928e+02     2.36937791e+02     1.24573564e+02   
    4.20000000e+04     1.05000000e+01     1.11662235e+03     2.99917735e+02     2.37404701e+02     1.25850611e+02   
    4.22000000e+04     1.05500000e+01     1.11663053e+03     3.02802407e+02     2.36162870e+02     1.26221163e+02   
    4.24000000e+04     1.06000000e+01     1.11661997e+03     3.01647172e+02     2.36729097e+02     1.23529423e+02   
    4.26000000e+04     1.06500000e+01     1.11661718e+03     3.04089603e+02     2.35587836e+02     1.22567472e+02   
    4.28000000e+04     1.07000000e+01     1.11662737e+03     3.00916548e+02     2.35917512e+02     1.23035329e+02   
    4.30000000e+04     1.07500000e+01     1.11662165e+03     2.98343844e+02     2.36157628e+02     1.22676378e+02   
    4.32000000e+04     1.08000000e+01     1.11661419e+03     3.01440057e+02     2.37074307e+02     1.23620819e+02   
    4.34000000e+04     1.08500000e+01     1.11659677e+03     3.02922897e+02     2.35659197e+02     1.22073969e+02   
    4.36000000e+04     1.09000000e+01     1.11659879e+03     3.04060977e+02     2.35220033e+02     1.21010380e+02   
    4.38000000e+04     1.09500000e+01     1.11660652e+03     3.00685204e+02     2.35132642e+02     1.21070682e+02   
    4.40000000e+04     1.10000000e+01     1.11661203e+03     3.01079001e+02     2.36293648e+02     1.23636863e+02   
    4.42000000e+04     1.10500000e+01     1.11661983e+03     3.00703391e+02     2.36499985e+02     1.23896372e+02   
    4.44000000e+04     1.11000000e+01     1.11662961e+03     3.02336681e+02     2.36595222e+02     1.24918529e+02   
    4.46000000e+04     1.11500000e+01     1.11664169e+03     3.01996289e+02     2.35832204e+02     1.23975187e+02   
    4.48000000e+04     1.12000000e+01     1.11666606e+03     2.99282082e+02     2.36804101e+02     1.26283048e+02   
    4.50000000e+04     1.12500000e+01     1.11666814e+03     2.98467508e+02     2.33651719e+02     1.23057578e+02   
    4.52000000e+04     1.13000000e+01     1.11667607e+03     3.00838146e+02     2.36470587e+02     1.25991908e+02   
    4.54000000e+04     1.13500000e+01     1.11667870e+03     3.00863535e+02     2.37489372e+02     1.24807899e+02   
    4.56000000e+04     1.14000000e+01     1.11667170e+03     3.01213666e+02     2.35383024e+02     1.25432504e+02   
    4.58000000e+04     1.14500000e+01     1.11667036e+03     3.00900052e+02     2.37009000e+02     1.26438247e+02   
    4.60000000e+04     1.15000000e+01     1.11666740e+03     2.99249049e+02     2.35788240e+02     1.26937720e+02   
    4.62000000e+04     1.15500000e+01     1.11666668e+03     2.97347375e+02     2.33551425e+02     1.24918253e+02   
    4.64000000e+04     1.16000000e+01     1.11668874e+03     3.01477815e+02     2.36371497e+02     1.25954469e+02   
    4.66000000e+04     1.16500000e+01     1.11670463e+03     3.02485578e+02     2.35824122e+02     1.27084933e+02   
    4.68000000e+04     1.17000000e+01     1.11670200e+03     3.02285517e+02     2.35168911e+02     1.23457519e+02   
    4.70000000e+04     1.17500000e+01     1.11670284e+03     2.98251671e+02     2.34382782e+02     1.23830153e+02   
    4.72000000e+04     1.18000000e+01     1.11670948e+03     3.00085324e+02     2.36882595e+02     1.24929858e+02   
    4.74000000e+04     1.18500000e+01     1.11670708e+03     3.01638895e+02     2.36186707e+02     1.24873611e+02   
    4.76000000e+04     1.19000000e+01     1.11671124e+03     3.01759615e+02     2.39282589e+02     1.28039051e+02   
    4.78000000e+04     1.19500000e+01     1.11669075e+03     3.04404058e+02     2.35144526e+02     1.23249155e+02   
    4.80000000e+04     1.20000000e+01     1.11667783e+03     3.02509502e+02     2.36201742e+02     1.23796705e+02   
    4.82000000e+04     1.20500000e+01     1.11668193e+03     3.02527324e+02     2.36369484e+02     1.25323605e+02   
    4.84000000e+04     1.21000000e+01     1.11668370e+03     2.96908033e+02     2.37113105e+02     1.27259710e+02   
    4.86000000e+04     1.21500000e+01     1.11668400e+03     3.01428752e+02     2.37076508e+02     1.26839369e+02   
    4.88000000e+04     1.22000000e+01     1.11668914e+03     3.03657514e+02     2.36484918e+02     1.26915790e+02   
    4.90000000e+04     1.22500000e+01     1.11669779e+03     3.03947085e+02     2.36959930e+02     1.25889286e+02   
    4.92000000e+04     1.23000000e+01     1.11669136e+03     2.99899685e+02     2.35280550e+02     1.22859832e+02   
    4.94000000e+04     1.23500000e+01     1.11669342e+03     3.00243280e+02     2.36314797e+02     1.24410195e+02   
    4.96000000e+04     1.24000000e+01     1.11670491e+03     2.99709137e+02     2.37577244e+02     1.27090449e+02   
    4.98000000e+04     1.24500000e+01     1.11669776e+03     2.98706602e+02     2.35944514e+02     1.26073733e+02   
    5.00000000e+04     1.25000000e+01     1.11670132e+03     2.99689095e+02     2.34897818e+02     1.25072412e+02   
    5.02000000e+04     1.25500000e+01     1.11671555e+03     2.98156482e+02     2.36513137e+02     1.27321875e+02   
    5.04000000e+04     1.26000000e+01     1.11672958e+03     3.02132703e+02     2.39937345e+02     1.30409023e+02   
    5.06000000e+04     1.26500000e+01     1.11671643e+03     2.96807078e+02     2.36049910e+02     1.27310072e+02   
    5.08000000e+04     1.27000000e+01     1.11672614e+03     3.01069155e+02     2.38121273e+02     1.29036077e+02   
    5.10000000e+04     1.27500000e+01     1.11671741e+03     2.98955346e+02     2.37114441e+02     1.26809197e+02   
    5.12000000e+04     1.28000000e+01     1.11672263e+03     2.98263284e+02     2.37121215e+02     1.27920487e+02   
    5.14000000e+04     1.28500000e+01     1.11673152e+03     2.99589143e+02     2.37944634e+02     1.28064527e+02   
    5.16000000e+04     1.29000000e+01     1.11673450e+03     3.01421409e+02     2.38629830e+02     1.28536413e+02   
    5.18000000e+04     1.29500000e+01     1.11671478e+03     3.00390115e+02     2.34589823e+02     1.25359880e+02   
    5.20000000e+04     1.30000000e+01     1.11672441e+03     3.00612632e+02     2.37471882e+02     1.26707583e+02   
    5.22000000e+04     1.30500000e+01     1.11671661e+03     3.00240561e+02     2.36549491e+02     1.27745819e+02   
    5.24000000e+04     1.31000000e+01     1.11669886e+03     2.97309910e+02     2.34534111e+02     1.25047548e+02   
    5.26000000e+04     1.31500000e+01     1.11669602e+03     2.97508045e+02     2.36197717e+02     1.25705666e+02   
    5.28000000e+04     1.32000000e+01     1.11669392e+03     3.01645504e+02     2.37443247e+02     1.25836822e+02   
    5.30000000e+04     1.32500000e+01     1.11667520e+03     3.01860434e+02     2.34732082e+02     1.22591191e+02   
    5.32000000e+04     1.33000000e+01     1.11667706e+03     3.02724821e+02     2.34455974e+02     1.23470443e+02   
    5.34000000e+04     1.33500000e+01     1.11668628e+03     3.01613037e+02     2.35900852e+02     1.24445746e+02   
    5.36000000e+04     1.34000000e+01     1.11668097e+03     3.01900913e+02     2.37692167e+02     1.26498076e+02   
    5.38000000e+04     1.34500000e+01     1.11669483e+03     3.00523893e+02     2.38402320e+02     1.26591716e+02   
    5.40000000e+04     1.35000000e+01     1.11667902e+03     3.00192402e+02     2.37092616e+02     1.25463922e+02   
    5.42000000e+04     1.35500000e+01     1.11666608e+03     3.02289525e+02     2.35787235e+02     1.25861007e+02   
    5.44000000e+04     1.36000000e+01     1.11667030e+03     2.99440214e+02     2.37660379e+02     1.25254086e+02   
    5.46000000e+04     1.36500000e+01     1.11668036e+03     3.01115550e+02     2.37035156e+02     1.24650139e+02   
    5.48000000e+04     1.37000000e+01     1.11667650e+03     3.02211105e+02     2.36423012e+02     1.24812662e+02   
    5.50000000e+04     1.37500000e+01     1.11667813e+03     2.99238358e+02     2.36041019e+02     1.27793975e+02   
    5.52000000e+04     1.38000000e+01     1.11667838e+03     2.98649938e+02     2.35717971e+02     1.23358560e+02   
    5.54000000e+04     1.38500000e+01     1.11668274e+03     2.99865938e+02     2.35156592e+02     1.25195771e+02   
    5.56000000e+04     1.39000000e+01     1.11668134e+03     3.01254025e+02     2.34660065e+02     1.24413276e+02   
    5.58000000e+04     1.39500000e+01     1.11669641e+03     3.00641419e+02     2.34970576e+02     1.26474218e+02   
    5.60000000e+04     1.40000000e+01     1.11670744e+03     2.96819261e+02     2.35357526e+02     1.26827530e+02   
    5.62000000e+04     1.40500000e+01     1.11670197e+03     3.00003332e+02     2.36659962e+02     1.26084448e+02   
    5.64000000e+04     1.41000000e+01     1.11670501e+03     3.00049386e+02     2.39371648e+02     1.29561463e+02   
    5.66000000e+04     1.41500000e+01     1.11669710e+03     3.01693939e+02     2.36922812e+02     1.27388951e+02   
    5.68000000e+04     1.42000000e+01     1.11667994e+03     3.00019547e+02     2.37433343e+02     1.26485100e+02   
    5.70000000e+04     1.42500000e+01     1.11666530e+03     3.04633966e+02     2.35899402e+02     1.23670537e+02   
    5.72000000e+04     1.43000000e+01     1.11666344e+03     2.99601094e+02     2.37915007e+02     1.25761364e+02   
    5.74000000e+04     1.43500000e+01     1.11664989e+03     3.00975508e+02     2.36311115e+02     1.23434965e+02   
    5.76000000e+04     1.44000000e+01     1.11664841e+03     2.98327813e+02     2.35525342e+02     1.24112069e+02   
    5.78000000e+04     1.44500000e+01     1.11665220e+03     3.01382914e+02     2.37080735e+02     1.25682391e+02   
    5.80000000e+04     1.45000000e+01     1.11665132e+03     3.00662698e+02     2.35716601e+02     1.25240270e+02   
    5.82000000e+04     1.45500000e+01     1.11665982e+03     3.03530881e+02     2.36185019e+02     1.24139091e+02   
    5.84000000e+04     1.46000000e+01     1.11666066e+03     3.00231728e+02     2.35318373e+02     1.22935285e+02   
    5.86000000e+04     1.46500000e+01     1.11667001e+03     2.97945431e+02     2.36511981e+02     1.25941444e+02   
    5.88000000e+04     1.47000000e+01     1.11666949e+03     3.01911654e+02     2.35934530e+02     1.25715047e+02   
    5.90000000e+04     1.47500000e+01     1.11667535e+03     2.99108531e+02     2.36986024e+02     1.27031093e+02   
    5.92000000e+04     1.48000000e+01     1.11666844e+03     3.02324279e+02     2.37252206e+02     1.25078610e+02   
    5.94000000e+04     1.48500000e+01     1.11666031e+03     3.04028898e+02     2.35145072e+02     1.23504914e+02   
    5.96000000e+04     1.49000000e+01     1.11667203e+03     2.98827541e+02     2.37434727e+02     1.25936967e+02   
    5.98000000e+04     1.49500000e+01     1.11668296e+03     3.00786843e+02     2.36980034e+02     1.26717603e+02   
    6.00000000e+04     1.50000000e+01     1.11667500e+03     3.00662943e+02     2.35709912e+02     1.26647538e+02   
    6.02000000e+04     1.50500000e+01     1.11667260e+03     3.00846629e+02     2.34600453e+02     1.23282354e+02   
    6.04000000e+04     1.51000000e+01     1.11667896e+03     3.00573230e+02     2.36653452e+02     1.26580140e+02   
    6.06000000e+04     1.51500000e+01     1.11666814e+03     2.99895778e+02     2.35229510e+02     1.21914902e+02   
    6.08000000e+04     1.52000000e+01     1.11667315e+03     3.01124131e+02     2.35129813e+02     1.22620878e+02   
    6.10000000e+04     1.52500000e+01     1.11666718e+03     3.01013681e+02     2.36293698e+02     1.21289502e+02   
    6.12000000e+04     1.53000000e+01     1.11666985e+03     3.04217452e+02     2.36182711e+02     1.21762415e+02   
    6.14000000e+04     1.53500000e+01     1.11666095e+03     3.00798987e+02     2.35942373e+02     1.20085307e+02   
    6.16000000e+04     1.54000000e+01     1.11666248e+03     3.00919960e+02     2.35762978e+02     1.22045973e+02   
    6.18000000e+04     1.54500000e+01     1.11666951e+03     3.02537980e+02     2.35554194e+02     1.21831534e+02   
    6.20000000e+04     1.55000000e+01     1.11667297e+03     3.01388799e+02     2.34712551e+02     1.22807486e+02   
    6.22000000e+04     1.55500000e+01     1.11669232e+03     3.03830980e+02     2.38324028e+02     1.26407378e+02   
    6.24000000e+04     1.56000000e+01     1.11669388e+03     3.00994103e+02     2.35890225e+02     1.23553621e+02   
    6.26000000e+04     1.56500000e+01     1.11668965e+03     2.99175575e+02     2.34340112e+02     1.21601185e+02   
    6.28000000e+04     1.57000000e+01     1.11670003e+03     2.99477766e+02     2.37949394e+02     1.25941736e+02   
    6.30000000e+04     1.57500000e+01     1.11669937e+03     2.96970832e+02     2.37927723e+02     1.24882231e+02   
    6.32000000e+04     1.58000000e+01     1.11669445e+03     2.99349375e+02     2.34160322e+02     1.23113629e+02   
    6.34000000e+04     1.58500000e+01     1.11669848e+03     2.99112034e+02     2.35207657e+02     1.22987531e+02   
    6.36000000e+04     1.59000000e+01     1.11669282e+03     2.99797451e+02     2.36260691e+02     1.24795377e+02   
    6.38000000e+04     1.59500000e+01     1.11668924e+03     3.00644290e+02     2.34184622e+02     1.22607038e+02   
    6.40000000e+04     1.60000000e+01     1.11669128e+03     2.99660510e+02     2.36745946e+02     1.25006201e+02   
    6.42000000e+04     1.60500000e+01     1.11669731e+03     2.97897538e+02     2.38670856e+02     1.26805023e+02   
    6.44000000e+04     1.61000000e+01     1.11668854e+03     3.02174835e+02     2.35777756e+02     1.25240969e+02   
    6.46000000e+04     1.61500000e+01     1.11669085e+03     3.00908157e+02     2.35960621e+02     1.24662960e+02   
    6.48000000e+04     1.62000000e+01     1.11669744e+03     3.01178917e+02     2.36812588e+02     1.25064931e+02   
    6.50000000e+04     1.62500000e+01     1.11670857e+03     3.02065592e+02     2.36444188e+02     1.25385275e+02   
    6.52000000e+04     1.63000000e+01     1.11672067e+03     3.01272627e+02     2.37205252e+02     1.24186266e+02   
    6.54000000e+04     1.63500000e+01     1.11673128e+03     3.01850608e+02     2.36504822e+02     1.25355331e+02   
    6.56000000e+04     1.64000000e+01     1.11673604e+03     2.96220522e+02     2.35931575e+02     1.23563058e+02   
    6.58000000e+04     1.64500000e+01     1.11673066e+03     3.02930610e+02     2.36211704e+02     1.23985347e+02   
    6.60000000e+04     1.65000000e+01     1.11674339e+03     2.98577977e+02     2.36886867e+02     1.25144078e+02   
    6.62000000e+04     1.65500000e+01     1.11674453e+03     3.02112011e+02     2.37468478e+02     1.26528826e+02   
    6.64000000e+04     1.66000000e+01     1.11674170e+03     3.02004566e+02     2.35162997e+02     1.24994406e+02   
    6.66000000e+04     1.66500000e+01     1.11674390e+03     3.03278529e+02     2.35653139e+02     1.24575238e+02   
    6.68000000e+04     1.67000000e+01     1.11674467e+03     3.00556791e+02     2.36433604e+02     1.24007326e+02   
    6.70000000e+04     1.67500000e+01     1.11674008e+03     2.98410086e+02     2.34705969e+02     1.22178250e+02   
    6.72000000e+04     1.68000000e+01     1.11674677e+03     3.01215053e+02     2.35876546e+02     1.22166373e+02   
    6.74000000e+04     1.68500000e+01     1.11674316e+03     3.01107172e+02     2.35483368e+02     1.22320849e+02   
    6.76000000e+04     1.69000000e+01     1.11674623e+03     3.00131005e+02     2.37710357e+02     1.25109458e+02   
    6.78000000e+04     1.69500000e+01     1.11673124e+03     3.01421760e+02     2.34851976e+02     1.22721416e+02   
    6.80000000e+04     1.70000000e+01     1.11672602e+03     3.00638391e+02     2.34713197e+02     1.20410336e+02   
    6.82000000e+04     1.70500000e+01     1.11674567e+03     2.98750270e+02     2.35866200e+02     1.22699018e+02   
    6.84000000e+04     1.71000000e+01     1.11674604e+03     3.00285435e+02     2.34943213e+02     1.23734311e+02   
    6.86000000e+04     1.71500000e+01     1.11675189e+03     2.99302698e+02     2.37326499e+02     1.24968216e+02   
    6.88000000e+04     1.72000000e+01     1.11675248e+03     3.01363088e+02     2.36327252e+02     1.23609349e+02   
    6.90000000e+04     1.72500000e+01     1.11675237e+03     3.04706147e+02     2.36165703e+02     1.22991958e+02   
    6.92000000e+04     1.73000000e+01     1.11675659e+03     2.99856429e+02     2.36215173e+02     1.23950911e+02   
    6.94000000e+04     1.73500000e+01     1.11675323e+03     2.97372846e+02     2.36172084e+02     1.24047601e+02   
    6.96000000e+04     1.74000000e+01     1.11675369e+03     3.01594009e+02     2.36813394e+02     1.22517285e+02   
    6.98000000e+04     1.74500000e+01     1.11675051e+03     2.98262754e+02     2.35974589e+02     1.22278052e+02   
    7.00000000e+04     1.75000000e+01     1.11675259e+03     3.00386733e+02     2.36533732e+02     1.23426077e+02   
    7.02000000e+04     1.75500000e+01     1.11676500e+03     3.00195208e+02     2.36131005e+02     1.22914120e+02   
    7.04000000e+04     1.76000000e+01     1.11677012e+03     3.01238498e+02     2.34302796e+02     1.22131322e+02   
    7.06000000e+04     1.76500000e+01     1.11677156e+03     3.00675623e+02     2.36563962e+02     1.24083025e+02   
    7.08000000e+04     1.77000000e+01     1.11675294e+03     3.01940074e+02     2.33707388e+02     1.20068994e+02   
    7.10000000e+04     1.77500000e+01     1.11675078e+03     2.99043119e+02     2.34319345e+02     1.20082382e+02   
    7.12000000e+04     1.78000000e+01     1.11676005e+03     3.01851382e+02     2.37049951e+02     1.23293702e+02   
    7.14000000e+04     1.78500000e+01     1.11675522e+03     3.00266633e+02     2.34678114e+02     1.21162679e+02   
    7.16000000e+04     1.79000000e+01     1.11677960e+03     3.03507809e+02     2.37517279e+02     1.24138437e+02   
    7.18000000e+04     1.79500000e+01     1.11677447e+03     2.98551828e+02     2.37215417e+02     1.23364647e+02   
    7.20000000e+04     1.80000000e+01     1.11676573e+03     3.00931067e+02     2.35620481e+02     1.21482462e+02   
    7.22000000e+04     1.80500000e+01     1.11676693e+03     2.99914749e+02     2.35853953e+02     1.21471432e+02   
    7.24000000e+04     1.81000000e+01     1.11676005e+03     3.00687169e+02     2.36943890e+02     1.23717743e+02   
    7.26000000e+04     1.81500000e+01     1.11676300e+03     3.00384712e+02     2.36816736e+02     1.22662103e+02   
    7.28000000e+04     1.82000000e+01     1.11675510e+03     3.01514929e+02     2.35380922e+02     1.21763287e+02   
    7.30000000e+04     1.82500000e+01     1.11675469e+03     3.02546500e+02     2.34095167e+02     1.18686553e+02   
    7.32000000e+04     1.83000000e+01     1.11677664e+03     3.01876875e+02     2.34928578e+02     1.20005246e+02   
    7.34000000e+04     1.83500000e+01     1.11678905e+03     3.00583240e+02     2.36406891e+02     1.21169038e+02   
    7.36000000e+04     1.84000000e+01     1.11679400e+03     3.03239963e+02     2.35751664e+02     1.21098364e+02   
    7.38000000e+04     1.84500000e+01     1.11680929e+03     3.01761072e+02     2.38336880e+02     1.23851106e+02   
    7.40000000e+04     1.85000000e+01     1.11680451e+03     2.99415488e+02     2.35573020e+02     1.21851540e+02   
    7.42000000e+04     1.85500000e+01     1.11681300e+03     3.03267239e+02     2.37645615e+02     1.21387558e+02   
    7.44000000e+04     1.86000000e+01     1.11682507e+03     3.02835265e+02     2.37399393e+02     1.22438829e+02   
    7.46000000e+04     1.86500000e+01     1.11682875e+03     2.98354600e+02     2.36613994e+02     1.22395739e+02   
    7.48000000e+04     1.87000000e+01     1.11684003e+03     3.00636245e+02     2.36192818e+02     1.22755505e+02   
    7.50000000e+04     1.87500000e+01     1.11683890e+03     2.97976390e+02     2.37525253e+02     1.23150483e+02   
    7.52000000e+04     1.88000000e+01     1.11682897e+03     3.03092053e+02     2.35993177e+02     1.21781158e+02   
    7.54000000e+04     1.88500000e+01     1.11683272e+03     3.00419936e+02     2.36252773e+02     1.23058899e+02   
    7.56000000e+04     1.89000000e+01     1.11683116e+03     2.98342644e+02     2.35365424e+02     1.21633007e+02   
    7.58000000e+04     1.89500000e+01     1.11683535e+03     2.98097497e+02     2.36680911e+02     1.22945007e+02   
    7.60000000e+04     1.90000000e+01     1.11684048e+03     3.00834983e+02     2.36849292e+02     1.23421821e+02   
    7.62000000e+04     1.90500000e+01     1.11683307e+03     3.00774382e+02     2.36626582e+02     1.23247141e+02   
    7.64000000e+04     1.91000000e+01     1.11682837e+03     2.98044353e+02     2.35655817e+02     1.22648728e+02   
    7.66000000e+04     1.91500000e+01     1.11682865e+03     3.00814068e+02     2.37467780e+02     1.25618824e+02   
    7.68000000e+04     1.92000000e+01     1.11680860e+03     2.98679391e+02     2.36211930e+02     1.24201469e+02   
    7.70000000e+04     1.92500000e+01     1.11681744e+03     2.99188219e+02     2.36925336e+02     1.25404219e+02   
    7.72000000e+04     1.93000000e+01     1.11681754e+03     3.02096270e+02     2.37106673e+02     1.24904120e+02   
    7.74000000e+04     1.93500000e+01     1.11681434e+03     2.98264664e+02     2.36768381e+02     1.24893486e+02   
    7.76000000e+04     1.94000000e+01     1.11681070e+03     2.96327370e+02     2.36360931e+02     1.25007026e+02   
    7.78000000e+04     1.94500000e+01     1.11680538e+03     2.99467499e+02     2.36199402e+02     1.25385267e+02   
    7.80000000e+04     1.95000000e+01     1.11679937e+03     2.99947749e+02     2.37827648e+02     1.25320460e+02   
    7.82000000e+04     1.95500000e+01     1.11677034e+03     2.99048056e+02     2.37140956e+02     1.24105955e+02   
    7.84000000e+04     1.96000000e+01     1.11674811e+03     2.99248778e+02     2.34633673e+02     1.22154800e+02   
    7.86000000e+04     1.96500000e+01     1.11675577e+03     2.98515360e+02     2.37802081e+02     1.26819724e+02   
    7.88000000e+04     1.97000000e+01     1.11675718e+03     2.99578733e+02     2.35880002e+02     1.25821274e+02   
    7.90000000e+04     1.97500000e+01     1.11675810e+03     3.01531198e+02     2.36931382e+02     1.25194246e+02   
    7.92000000e+04     1.98000000e+01     1.11678442e+03     2.96818776e+02     2.38284939e+02     1.27848686e+02   
    7.94000000e+04     1.98500000e+01     1.11677941e+03     3.00414678e+02     2.35484782e+02     1.22764916e+02   
    7.96000000e+04     1.99000000e+01     1.11678366e+03     3.00800623e+02     2.37091658e+02     1.25256905e+02   
    7.98000000e+04     1.99500000e+01     1.11676666e+03     3.02250787e+02     2.35538568e+02     1.22061660e+02   
    8.00000000e+04     2.00000000e+01     1.11676778e+03     2.99401511e+02     2.35364469e+02     1.23779933e+02   
