# column   1     --> step : The current simulation time step.
# column   2     --> time{picosecond} : The elapsed simulation time.
# column   3     --> conserved{electronvolt} : The value of the conserved energy quantity per bead.
# column   4     --> temperature{kelvin} : The current temperature, as obtained from the MD kinetic energy.
# column   5     --> kinetic_cv{electronvolt} : The centroid-virial quantum kinetic energy of the physical system.
# column   6     --> potential{electronvolt} : The physical system potential energy.
    0.00000000e+00     0.00000000e+00     1.11285113e+03     3.04273373e+02     2.35033413e+02     1.24026534e+02   
    2.00000000e+02     5.00000000e-02     1.11286178e+03     2.98571020e+02     2.34922413e+02     1.23287307e+02   
    4.00000000e+02     1.00000000e-01     1.11287534e+03     3.02466143e+02     2.35844838e+02     1.23372536e+02   
    6.00000000e+02     1.50000000e-01     1.11287287e+03     2.99335614e+02     2.35373129e+02     1.24112606e+02   
    8.00000000e+02     2.00000000e-01     1.11286392e+03     3.01382029e+02     2.34805199e+02     1.23041154e+02   
    1.00000000e+03     2.50000000e-01     1.11286776e+03     3.02904314e+02     2.35426171e+02     1.24165437e+02   
    1.20000000e+03     3.00000000e-01     1.11286137e+03     2.99825663e+02     2.35785150e+02     1.23825980e+02   
    1.40000000e+03     3.50000000e-01     1.11284808e+03     3.01895723e+02     2.36170447e+02     1.24255564e+02   
    1.60000000e+03     4.00000000e-01     1.11286031e+03     2.98897720e+02     2.36719387e+02     1.24197145e+02   
    1.80000000e+03     4.50000000e-01     1.11286577e+03     2.99433907e+02     2.33292105e+02     1.20655373e+02   
    2.00000000e+03     5.00000000e-01     1.11288055e+03     2.99277919e+02     2.36327940e+02     1.24474002e+02   
    2.20000000e+03     5.50000000e-01     1.11289741e+03     2.95108651e+02     2.37374234e+02     1.25117984e+02   
    2.40000000e+03     6.00000000e-01     1.11289239e+03     3.01862585e+02     2.36286023e+02     1.23630060e+02   
    2.60000000e+03     6.50000000e-01     1.11288516e+03     3.00713304e+02     2.36869315e+02     1.22415812e+02   
    2.80000000e+03     7.00000000e-01     1.11289533e+03     3.03039911e+02     2.37045025e+02     1.24601963e+02   
    3.00000000e+03     7.50000000e-01     1.11289702e+03     2.99055589e+02     2.37465413e+02     1.24599845e+02   
    3.20000000e+03     8.00000000e-01     1.11288718e+03     3.00910805e+02     2.36303047e+02     1.24496676e+02   
    3.40000000e+03     8.50000000e-01     1.11289422e+03     3.03922977e+02     2.35241871e+02     1.22701440e+02   
    3.60000000e+03     9.00000000e-01     1.11289821e+03     3.01012558e+02     2.35528023e+02     1.21551900e+02   
    3.80000000e+03     9.50000000e-01     1.11290391e+03     3.03036411e+02     2.36004564e+02     1.24044461e+02   
    4.00000000e+03     1.00000000e+00     1.11291935e+03     3.00508373e+02     2.36242878e+02     1.25265028e+02   
    4.20000000e+03     1.05000000e+00     1.11292891e+03     3.02156357e+02     2.36751165e+02     1.25576358e+02   
    4.40000000e+03     1.10000000e+00     1.11293204e+03     2.98681128e+02     2.35589389e+02     1.24212538e+02   
    4.60000000e+03     1.15000000e+00     1.11292560e+03     3.00323139e+02     2.36143453e+02     1.25234772e+02   
    4.80000000e+03     1.20000000e+00     1.11292115e+03     3.01190703e+02     2.37492754e+02     1.24573454e+02   
    5.00000000e+03     1.25000000e+00     1.11292310e+03     3.01797917e+02     2.34910560e+02     1.24461305e+02   
    5.20000000e+03     1.30000000e+00     1.11293632e+03     3.03619534e+02     2.35079551e+02     1.24194776e+02   
    5.40000000e+03     1.35000000e+00     1.11294583e+03     3.02492535e+02     2.37035191e+02     1.28206974e+02   
    5.60000000e+03     1.40000000e+00     1.11294382e+03     3.03071705e+02     2.36021479e+02     1.25319450e+02   
    5.80000000e+03     1.45000000e+00     1.11295242e+03     2.97745929e+02     2.37102514e+02     1.26186364e+02   
    6.00000000e+03     1.50000000e+00     1.11295253e+03     3.01706300e+02     2.37899070e+02     1.27526993e+02   
    6.20000000e+03     1.55000000e+00     1.11293536e+03     2.98277639e+02     2.35027704e+02     1.25060601e+02   
    6.40000000e+03     1.60000000e+00     1.11294008e+03     3.01478164e+02     2.35572861e+02     1.25092582e+02   
    6.60000000e+03     1.65000000e+00     1.11292726e+03     3.01385338e+02     2.35454474e+02     1.24393920e+02   
    6.80000000e+03     1.70000000e+00     1.11291493e+03     2.99584184e+02     2.34931293e+02     1.25545669e+02   
    7.00000000e+03     1.75000000e+00     1.11292030e+03     3.01103203e+02     2.34603916e+02     1.22368713e+02   
    7.20000000e+03     1.80000000e+00     1.11293805e+03     3.00624923e+02     2.35149151e+02     1.24977506e+02   
    7.40000000e+03     1.85000000e+00     1.11296253e+03     2.97761110e+02     2.38125525e+02     1.26611267e+02   
    7.60000000e+03     1.90000000e+00     1.11295104e+03     3.02031096e+02     2.36384009e+02     1.25051289e+02   
    7.80000000e+03     1.95000000e+00     1.11294334e+03     3.03323175e+02     2.37636493e+02     1.26983120e+02   
    8.00000000e+03     2.00000000e+00     1.11291960e+03     3.02952015e+02     2.34648228e+02     1.23014123e+02   
    8.20000000e+03     2.05000000e+00     1.11292186e+03     2.99230419e+02     2.36762410e+02     1.25779426e+02   
    8.40000000e+03     2.10000000e+00     1.11290636e+03     3.03751214e+02     2.35938880e+02     1.23730195e+02   
    8.60000000e+03     2.15000000e+00     1.11290526e+03     2.98676965e+02     2.34900372e+02     1.23913249e+02   
    8.80000000e+03     2.20000000e+00     1.11290832e+03     2.98112207e+02     2.36640632e+02     1.24286049e+02   
    9.00000000e+03     2.25000000e+00     1.11290820e+03     3.00069623e+02     2.33985136e+02     1.21943948e+02   
    9.20000000e+03     2.30000000e+00     1.11291059e+03     3.03602449e+02     2.36424784e+02     1.21856404e+02   
    9.40000000e+03     2.35000000e+00     1.11289218e+03     3.01007386e+02     2.35812140e+02     1.22288260e+02   
    9.60000000e+03     2.40000000e+00     1.11290794e+03     3.01452025e+02     2.38044428e+02     1.24526336e+02   
    9.80000000e+03     2.45000000e+00     1.11290249e+03     3.02197355e+02     2.35469526e+02     1.21646162e+02   
    1.00000000e+04     2.50000000e+00     1.11289601e+03     3.00911516e+02     2.33807457e+02     1.20793447e+02   
    1.02000000e+04     2.55000000e+00     1.11292920e+03     2.97957977e+02     2.38909051e+02     1.26226266e+02   
    1.04000000e+04     2.60000000e+00     1.11292695e+03     2.99853334e+02     2.37664184e+02     1.26004514e+02   
    1.06000000e+04     2.65000000e+00     1.11292180e+03     3.02203286e+02     2.36489284e+02     1.24381032e+02   
    1.08000000e+04     2.70000000e+00     1.11292915e+03     2.96424562e+02     2.36232855e+02     1.23627296e+02   
    1.10000000e+04     2.75000000e+00     1.11293425e+03     3.00718242e+02     2.37630333e+02     1.23930058e+02   
    1.12000000e+04     2.80000000e+00     1.11294091e+03     2.99555405e+02     2.36563256e+02     1.23165777e+02   
    1.14000000e+04     2.85000000e+00     1.11294131e+03     3.05809554e+02     2.36107682e+02     1.23355939e+02   
    1.16000000e+04     2.90000000e+00     1.11295789e+03     3.01021644e+02     2.35547681e+02     1.22744402e+02   
    1.18000000e+04     2.95000000e+00     1.11296928e+03     2.98227853e+02     2.37251589e+02     1.23841147e+02   
    1.20000000e+04     3.00000000e+00     1.11296928e+03     2.98096219e+02     2.35059121e+02     1.23226979e+02   
    1.22000000e+04     3.05000000e+00     1.11298450e+03     2.99535227e+02     2.34443252e+02     1.22143163e+02   
    1.24000000e+04     3.10000000e+00     1.11298723e+03     3.01316725e+02     2.35433426e+02     1.23131382e+02   
    1.26000000e+04     3.15000000e+00     1.11297785e+03     3.00684795e+02     2.35264811e+02     1.22111357e+02   
    1.28000000e+04     3.20000000e+00     1.11297033e+03     2.96858118e+02     2.36009462e+02     1.22687795e+02   
    1.30000000e+04     3.25000000e+00     1.11295931e+03     3.01400044e+02     2.36784806e+02     1.23984636e+02   
    1.32000000e+04     3.30000000e+00     1.11294838e+03     2.98755827e+02     2.36117926e+02     1.22523127e+02   
    1.34000000e+04     3.35000000e+00     1.11296404e+03     2.97090972e+02     2.37986858e+02     1.26193136e+02   
    1.36000000e+04     3.40000000e+00     1.11295435e+03     3.01250690e+02     2.35391477e+02     1.22177827e+02   
    1.38000000e+04     3.45000000e+00     1.11296308e+03     3.03369530e+02     2.36514985e+02     1.24394367e+02   
    1.40000000e+04     3.50000000e+00     1.11297097e+03     3.03895463e+02     2.36946437e+02     1.21979773e+02   
    1.42000000e+04     3.55000000e+00     1.11297558e+03     3.03276080e+02     2.35124688e+02     1.21984881e+02   
    1.44000000e+04     3.60000000e+00     1.11297664e+03     2.99278102e+02     2.35349288e+02     1.22424650e+02   
    1.46000000e+04     3.65000000e+00     1.11298844e+03     2.99124864e+02     2.36773632e+02     1.25273625e+02   
    1.48000000e+04     3.70000000e+00     1.11299736e+03     3.00815975e+02     2.37174319e+02     1.24327022e+02   
    1.50000000e+04     3.75000000e+00     1.11299532e+03     3.01201050e+02     2.35100606e+02     1.21302357e+02   
    1.52000000e+04     3.80000000e+00     1.11300394e+03     2.99369590e+02     2.36559040e+02     1.22277339e+02   
    1.54000000e+04     3.85000000e+00     1.11299948e+03     2.99317662e+02     2.36462832e+02     1.22957883e+02   
    1.56000000e+04     3.90000000e+00     1.11299750e+03     3.01572360e+02     2.34025037e+02     1.21267086e+02   
    1.58000000e+04     3.95000000e+00     1.11301586e+03     3.00603014e+02     2.36998782e+02     1.22982075e+02   
    1.60000000e+04     4.00000000e+00     1.11301038e+03     3.02028337e+02     2.35448813e+02     1.19804112e+02   
    1.62000000e+04     4.05000000e+00     1.11302244e+03     2.98192971e+02     2.36547847e+02     1.23125822e+02   
    1.64000000e+04     4.10000000e+00     1.11302502e+03     3.00151490e+02     2.36075565e+02     1.23109461e+02   
    1.66000000e+04     4.15000000e+00     1.11301316e+03     2.96849683e+02     2.35494050e+02     1.22650280e+02   
    1.68000000e+04     4.20000000e+00     1.11302361e+03     2.97497090e+02     2.35750774e+02     1.23341282e+02   
    1.70000000e+04     4.25000000e+00     1.11301855e+03     2.94713198e+02     2.36598800e+02     1.23736325e+02   
    1.72000000e+04     4.30000000e+00     1.11301072e+03     2.96980486e+02     2.36140053e+02     1.23713797e+02   
    1.74000000e+04     4.35000000e+00     1.11299837e+03     2.97262630e+02     2.34891701e+02     1.20765877e+02   
    1.76000000e+04     4.40000000e+00     1.11299677e+03     2.96849285e+02     2.37421594e+02     1.22870169e+02   
    1.78000000e+04     4.45000000e+00     1.11300138e+03     2.99155259e+02     2.36742667e+02     1.22412922e+02   
    1.80000000e+04     4.50000000e+00     1.11300577e+03     2.97155900e+02     2.37099636e+02     1.23426613e+02   
    1.82000000e+04     4.55000000e+00     1.11301518e+03     2.97938091e+02     2.36950955e+02     1.22331025e+02   
    1.84000000e+04     4.60000000e+00     1.11301662e+03     3.00840736e+02     2.34267173e+02     1.20458410e+02   
    1.86000000e+04     4.65000000e+00     1.11301559e+03     2.99447641e+02     2.35386180e+02     1.23210723e+02   
    1.88000000e+04     4.70000000e+00     1.11301481e+03     3.00006064e+02     2.35616910e+02     1.23597380e+02   
    1.90000000e+04     4.75000000e+00     1.11302586e+03     2.97622638e+02     2.36150299e+02     1.24018727e+02   
    1.92000000e+04     4.80000000e+00     1.11302681e+03     3.01595737e+02     2.34600837e+02     1.21464053e+02   
    1.94000000e+04     4.85000000e+00     1.11303206e+03     3.00888623e+02     2.35564971e+02     1.22685033e+02   
    1.96000000e+04     4.90000000e+00     1.11301721e+03     3.00503193e+02     2.36420829e+02     1.22268222e+02   
    1.98000000e+04     4.95000000e+00     1.11301798e+03     3.03042143e+02     2.36487738e+02     1.22538782e+02   
    2.00000000e+04     5.00000000e+00     1.11303151e+03     2.98990772e+02     2.36948056e+02     1.23623865e+02   
    2.02000000e+04     5.05000000e+00     1.11303118e+03     3.00413257e+02     2.35972037e+02     1.23571763e+02   
    2.04000000e+04     5.10000000e+00     1.11304142e+03     3.01960620e+02     2.37654896e+02     1.24270355e+02   
    2.06000000e+04     5.15000000e+00     1.11304362e+03     3.00619111e+02     2.36076062e+02     1.22780874e+02   
    2.08000000e+04     5.20000000e+00     1.11304409e+03     3.02293069e+02     2.36464923e+02     1.23055080e+02   
    2.10000000e+04     5.25000000e+00     1.11303640e+03     3.00271793e+02     2.36072830e+02     1.21799993e+02   
    2.12000000e+04     5.30000000e+00     1.11302927e+03     3.00788852e+02     2.35573899e+02     1.21546930e+02   
    2.14000000e+04     5.35000000e+00     1.11303333e+03     3.02680849e+02     2.37993457e+02     1.23386331e+02   
    2.16000000e+04     5.40000000e+00     1.11302883e+03     3.00258175e+02     2.37046393e+02     1.23916922e+02   
    2.18000000e+04     5.45000000e+00     1.11301696e+03     3.00285778e+02     2.34757293e+02     1.22508303e+02   
    2.20000000e+04     5.50000000e+00     1.11301465e+03     3.01800578e+02     2.34687894e+02     1.22446476e+02   
    2.22000000e+04     5.55000000e+00     1.11301897e+03     3.00134226e+02     2.35957460e+02     1.25541222e+02   
    2.24000000e+04     5.60000000e+00     1.11301362e+03     3.00126323e+02     2.35868126e+02     1.22207317e+02   
    2.26000000e+04     5.65000000e+00     1.11301373e+03     2.97382685e+02     2.36114665e+02     1.24015572e+02   
    2.28000000e+04     5.70000000e+00     1.11302006e+03     2.99567214e+02     2.37164619e+02     1.25247503e+02   
    2.30000000e+04     5.75000000e+00     1.11302544e+03     3.03626633e+02     2.37037685e+02     1.25915018e+02   
    2.32000000e+04     5.80000000e+00     1.11302519e+03     2.99895817e+02     2.36298981e+02     1.25338483e+02   
    2.34000000e+04     5.85000000e+00     1.11302519e+03     3.00697725e+02     2.34950107e+02     1.24091540e+02   
    2.36000000e+04     5.90000000e+00     1.11302491e+03     3.03064983e+02     2.37706887e+02     1.26491730e+02   
    2.38000000e+04     5.95000000e+00     1.11300975e+03     2.97253696e+02     2.35454143e+02     1.24373397e+02   
    2.40000000e+04     6.00000000e+00     1.11300601e+03     3.01845955e+02     2.36866399e+02     1.26311353e+02   
    2.42000000e+04     6.05000000e+00     1.11301414e+03     3.00527909e+02     2.37483983e+02     1.26752168e+02   
    2.44000000e+04     6.10000000e+00     1.11302681e+03     3.01566161e+02     2.34775328e+02     1.24694924e+02   
    2.46000000e+04     6.15000000e+00     1.11303389e+03     2.99698337e+02     2.36272119e+02     1.25559893e+02   
    2.48000000e+04     6.20000000e+00     1.11303552e+03     2.98536092e+02     2.36289915e+02     1.25335300e+02   
    2.50000000e+04     6.25000000e+00     1.11303320e+03     2.99150985e+02     2.35237822e+02     1.25183054e+02   
    2.52000000e+04     6.30000000e+00     1.11304299e+03     2.98756562e+02     2.36294891e+02     1.26168355e+02   
    2.54000000e+04     6.35000000e+00     1.11303538e+03     2.96180785e+02     2.36634883e+02     1.25838769e+02   
    2.56000000e+04     6.40000000e+00     1.11303324e+03     3.00107198e+02     2.36119069e+02     1.24711661e+02   
    2.58000000e+04     6.45000000e+00     1.11303174e+03     2.97742085e+02     2.36496141e+02     1.23881817e+02   
    2.60000000e+04     6.50000000e+00     1.11304190e+03     2.99861251e+02     2.37054719e+02     1.24593012e+02   
    2.62000000e+04     6.55000000e+00     1.11304589e+03     2.98244070e+02     2.38914907e+02     1.26906423e+02   
    2.64000000e+04     6.60000000e+00     1.11303132e+03     2.99703004e+02     2.35780615e+02     1.23142645e+02   
    2.66000000e+04     6.65000000e+00     1.11304334e+03     2.99556691e+02     2.37826208e+02     1.25013636e+02   
    2.68000000e+04     6.70000000e+00     1.11304415e+03     3.04079199e+02     2.36628273e+02     1.24000800e+02   
    2.70000000e+04     6.75000000e+00     1.11305263e+03     2.98600295e+02     2.37201891e+02     1.25857065e+02   
    2.72000000e+04     6.80000000e+00     1.11306116e+03     2.99572424e+02     2.36749173e+02     1.24407079e+02   
    2.74000000e+04     6.85000000e+00     1.11306719e+03     2.99017000e+02     2.37341433e+02     1.26090344e+02   
    2.76000000e+04     6.90000000e+00     1.11306280e+03     2.97997133e+02     2.38223724e+02     1.25718172e+02   
    2.78000000e+04     6.95000000e+00     1.11304927e+03     2.99137499e+02     2.36504615e+02     1.25644851e+02   
    2.80000000e+04     7.00000000e+00     1.11303997e+03     3.00367491e+02     2.37177860e+02     1.25391180e+02   
    2.82000000e+04     7.05000000e+00     1.11305394e+03     2.95431884e+02     2.36299705e+02     1.25433502e+02   
    2.84000000e+04     7.10000000e+00     1.11305533e+03     2.98948536e+02     2.33889042e+02     1.21934099e+02   
    2.86000000e+04     7.15000000e+00     1.11306754e+03     3.02895531e+02     2.36202413e+02     1.24022235e+02   
    2.88000000e+04     7.20000000e+00     1.11307752e+03     3.03058644e+02     2.36565760e+02     1.24861418e+02   
    2.90000000e+04     7.25000000e+00     1.11308170e+03     2.99165462e+02     2.36938979e+02     1.25392601e+02   
    2.92000000e+04     7.30000000e+00     1.11307769e+03     2.99754549e+02     2.37970820e+02     1.26045184e+02   
    2.94000000e+04     7.35000000e+00     1.11306891e+03     2.99927647e+02     2.35055842e+02     1.21095511e+02   
    2.96000000e+04     7.40000000e+00     1.11307881e+03     3.02095707e+02     2.38301347e+02     1.23929326e+02   
    2.98000000e+04     7.45000000e+00     1.11304825e+03     3.02659751e+02     2.35811967e+02     1.20479565e+02   
    3.00000000e+04     7.50000000e+00     1.11303887e+03     3.02592957e+02     2.34413341e+02     1.21155771e+02   
    3.02000000e+04     7.55000000e+00     1.11304679e+03     3.03248590e+02     2.37105661e+02     1.22106383e+02   
    3.04000000e+04     7.60000000e+00     1.11303495e+03     3.01339162e+02     2.35261312e+02     1.20614601e+02   
    3.06000000e+04     7.65000000e+00     1.11303386e+03     2.98781046e+02     2.37028022e+02     1.23652811e+02   
    3.08000000e+04     7.70000000e+00     1.11303450e+03     3.02478946e+02     2.35349400e+02     1.22346437e+02   
    3.10000000e+04     7.75000000e+00     1.11305357e+03     3.00245753e+02     2.36681651e+02     1.24252817e+02   
    3.12000000e+04     7.80000000e+00     1.11305443e+03     2.99059284e+02     2.35851978e+02     1.23060622e+02   
    3.14000000e+04     7.85000000e+00     1.11307176e+03     2.97441609e+02     2.36800942e+02     1.24997395e+02   
    3.16000000e+04     7.90000000e+00     1.11306599e+03     3.02832113e+02     2.36735149e+02     1.25496612e+02   
    3.18000000e+04     7.95000000e+00     1.11306717e+03     3.02094043e+02     2.36257614e+02     1.25633134e+02   
    3.20000000e+04     8.00000000e+00     1.11305555e+03     3.03335025e+02     2.37763360e+02     1.26258229e+02   
    3.22000000e+04     8.05000000e+00     1.11305862e+03     3.00796422e+02     2.38145054e+02     1.27853108e+02   
    3.24000000e+04     8.10000000e+00     1.11303917e+03     2.99634649e+02     2.35207863e+02     1.24556265e+02   
    3.26000000e+04     8.15000000e+00     1.11304155e+03     2.99627636e+02     2.37601467e+02     1.27797097e+02   
    3.28000000e+04     8.20000000e+00     1.11305134e+03     3.02847614e+02     2.35795446e+02     1.25839933e+02   
    3.30000000e+04     8.25000000e+00     1.11305986e+03     3.00618480e+02     2.36568663e+02     1.26238418e+02   
    3.32000000e+04     8.30000000e+00     1.11305978e+03     2.99286735e+02     2.36159903e+02     1.26137445e+02   
    3.34000000e+04     8.35000000e+00     1.11306250e+03     3.00807910e+02     2.36281982e+02     1.27142652e+02   
    3.36000000e+04     8.40000000e+00     1.11306437e+03     2.98233194e+02     2.36680126e+02     1.27320020e+02   
    3.38000000e+04     8.45000000e+00     1.11306557e+03     3.00472896e+02     2.36091502e+02     1.25839087e+02   
    3.40000000e+04     8.50000000e+00     1.11306499e+03     3.01381130e+02     2.35540923e+02     1.26456424e+02   
    3.42000000e+04     8.55000000e+00     1.11306310e+03     2.99607654e+02     2.36544803e+02     1.27400713e+02   
    3.44000000e+04     8.60000000e+00     1.11306900e+03     3.00848308e+02     2.35774725e+02     1.26179450e+02   
    3.46000000e+04     8.65000000e+00     1.11307568e+03     3.00234727e+02     2.35832564e+02     1.25740114e+02   
    3.48000000e+04     8.70000000e+00     1.11308432e+03     2.99962049e+02     2.35433585e+02     1.25735957e+02   
    3.50000000e+04     8.75000000e+00     1.11310067e+03     3.00341689e+02     2.38630031e+02     1.29330714e+02   
    3.52000000e+04     8.80000000e+00     1.11308645e+03     3.00801741e+02     2.34623409e+02     1.25760121e+02   
    3.54000000e+04     8.85000000e+00     1.11309376e+03     2.99467116e+02     2.36844465e+02     1.26682578e+02   
    3.56000000e+04     8.90000000e+00     1.11310584e+03     2.98819775e+02     2.37719151e+02     1.28721493e+02   
    3.58000000e+04     8.95000000e+00     1.11309644e+03     3.01893207e+02     2.34596190e+02     1.25389355e+02   
    3.60000000e+04     9.00000000e+00     1.11310184e+03     2.99549629e+02     2.37849196e+02     1.28193966e+02   
    3.62000000e+04     9.05000000e+00     1.11311974e+03     3.01278115e+02     2.37484895e+02     1.28494718e+02   
    3.64000000e+04     9.10000000e+00     1.11312190e+03     3.02583289e+02     2.37142023e+02     1.26785656e+02   
    3.66000000e+04     9.15000000e+00     1.11313500e+03     3.00079186e+02     2.38903475e+02     1.27262400e+02   
    3.68000000e+04     9.20000000e+00     1.11313787e+03     3.01347489e+02     2.36541256e+02     1.24965443e+02   
    3.70000000e+04     9.25000000e+00     1.11313143e+03     2.99303348e+02     2.36546072e+02     1.25564167e+02   
    3.72000000e+04     9.30000000e+00     1.11312086e+03     3.01374293e+02     2.35881472e+02     1.23275205e+02   
    3.74000000e+04     9.35000000e+00     1.11311652e+03     3.06181896e+02     2.35852687e+02     1.22871063e+02   
    3.76000000e+04     9.40000000e+00     1.11312055e+03     3.01597488e+02     2.36494385e+02     1.23604123e+02   
    3.78000000e+04     9.45000000e+00     1.11311576e+03     2.97706959e+02     2.35860462e+02     1.25369362e+02   
    3.80000000e+04     9.50000000e+00     1.11311679e+03     3.00832335e+02     2.36179411e+02     1.25120534e+02   
    3.82000000e+04     9.55000000e+00     1.11310998e+03     3.00307642e+02     2.36625426e+02     1.23926964e+02   
    3.84000000e+04     9.60000000e+00     1.11310441e+03     2.98418086e+02     2.36517718e+02     1.25349451e+02   
    3.86000000e+04     9.65000000e+00     1.11309800e+03     3.00062410e+02     2.35812212e+02     1.23692061e+02   
    3.88000000e+04     9.70000000e+00     1.11309979e+03     3.00269414e+02     2.36302364e+02     1.24837602e+02   
    3.90000000e+04     9.75000000e+00     1.11311650e+03     3.03423921e+02     2.36514805e+02     1.24188419e+02   
    3.92000000e+04     9.80000000e+00     1.11312092e+03     2.98070434e+02     2.37430097e+02     1.25484042e+02   
    3.94000000e+04     9.85000000e+00     1.11311055e+03     2.99508179e+02     2.32031486e+02     1.20677121e+02   
    3.96000000e+04     9.90000000e+00     1.11312774e+03     3.01717283e+02     2.38322638e+02     1.26117137e+02   
    3.98000000e+04     9.95000000e+00     1.11310815e+03     2.99917672e+02     2.35471970e+02     1.24652342e+02   
    4.00000000e+04     1.00000000e+01     1.11311365e+03     2.99774392e+02     2.37698717e+02     1.27318848e+02   
    4.02000000e+04     1.00500000e+01     1.11309206e+03     3.03162543e+02     2.34205737e+02     1.21449669e+02   
    4.04000000e+04     1.01000000e+01     1.11310098e+03     3.01650640e+02     2.36262074e+02     1.24888982e+02   
    4.06000000e+04     1.01500000e+01     1.11310894e+03     3.00589533e+02     2.37895610e+02     1.25454831e+02   
    4.08000000e+04     1.02000000e+01     1.11310195e+03     3.00371135e+02     2.34758007e+02     1.22251592e+02   
    4.10000000e+04     1.02500000e+01     1.11310584e+03     3.03064126e+02     2.34203723e+02     1.21177778e+02   
    4.12000000e+04     1.03000000e+01     1.11313125e+03     3.01141998e+02     2.37070364e+02     1.25558202e+02   
    4.14000000e+04     1.03500000e+01     1.11313484e+03     2.98638450e+02     2.34095998e+02     1.22421703e+02   
    4.16000000e+04     1.04000000e+01     1.11315997e+03     3.00463495e+02     2.37793486e+02     1.27506663e+02   
    4.18000000e+04     1.04500000e+01     1.11316142e+03     3.00507287e+02     2.36562241e+02     1.25014430e+02   
    4.20000000e+04     1.05000000e+01     1.11314995e+03     2.99799401e+02     2.35873942e+02     1.25179805e+02   
    4.22000000e+04     1.05500000e+01     1.11314981e+03     3.02347127e+02     2.34834770e+02     1.25852671e+02   
    4.24000000e+04     1.06000000e+01     1.11314062e+03     3.01788379e+02     2.35592408e+02     1.23871333e+02   
    4.26000000e+04     1.06500000e+01     1.11314475e+03     3.02441515e+02     2.36791224e+02     1.25417068e+02   
    4.28000000e+04     1.07000000e+01     1.11314598e+03     3.00036500e+02     2.37768357e+02     1.26436112e+02   
    4.30000000e+04     1.07500000e+01     1.11314096e+03     2.96977140e+02     2.35907260e+02     1.24595865e+02   
    4.32000000e+04     1.08000000e+01     1.11315759e+03     3.00056851e+02     2.37141109e+02     1.26224915e+02   
    4.34000000e+04     1.08500000e+01     1.11316700e+03     3.00914175e+02     2.36218158e+02     1.26193495e+02   
    4.36000000e+04     1.09000000e+01     1.11316574e+03     3.01105851e+02     2.34084156e+02     1.23835328e+02   
    4.38000000e+04     1.09500000e+01     1.11315907e+03     2.99493262e+02     2.34728107e+02     1.23910326e+02   
    4.40000000e+04     1.10000000e+01     1.11316252e+03     3.00217263e+02     2.36961232e+02     1.24857604e+02   
    4.42000000e+04     1.10500000e+01     1.11317688e+03     3.00023061e+02     2.36461832e+02     1.24777109e+02   
    4.44000000e+04     1.11000000e+01     1.11316985e+03     3.01733163e+02     2.35500234e+02     1.23732493e+02   
    4.46000000e+04     1.11500000e+01     1.11315921e+03     2.98793461e+02     2.35308292e+02     1.22833120e+02   
    4.48000000e+04     1.12000000e+01     1.11316606e+03     2.97643819e+02     2.35277470e+02     1.23151736e+02   
    4.50000000e+04     1.12500000e+01     1.11316277e+03     2.98066586e+02     2.33881264e+02     1.20660871e+02   
    4.52000000e+04     1.13000000e+01     1.11317961e+03     3.02020004e+02     2.36470553e+02     1.22844233e+02   
    4.54000000e+04     1.13500000e+01     1.11318980e+03     2.97813364e+02     2.36563191e+02     1.23304413e+02   
    4.56000000e+04     1.14000000e+01     1.11318399e+03     2.99153713e+02     2.34797372e+02     1.22753825e+02   
    4.58000000e+04     1.14500000e+01     1.11318581e+03     3.00327116e+02     2.37355942e+02     1.23349764e+02   
    4.60000000e+04     1.15000000e+01     1.11318091e+03     2.98227631e+02     2.37323926e+02     1.23641781e+02   
    4.62000000e+04     1.15500000e+01     1.11317047e+03     2.97642470e+02     2.34193463e+02     1.22268696e+02   
    4.64000000e+04     1.16000000e+01     1.11317510e+03     3.00218469e+02     2.36035197e+02     1.23411262e+02   
    4.66000000e+04     1.16500000e+01     1.11319053e+03     3.02387675e+02     2.38268170e+02     1.26390880e+02   
    4.68000000e+04     1.17000000e+01     1.11319644e+03     3.00171862e+02     2.34719027e+02     1.23262981e+02   
    4.70000000e+04     1.17500000e+01     1.11320644e+03     2.97740905e+02     2.35526846e+02     1.23720638e+02   
    4.72000000e+04     1.18000000e+01     1.11323219e+03     2.99648618e+02     2.36806162e+02     1.25099454e+02   
    4.74000000e+04     1.18500000e+01     1.11323567e+03     3.02022261e+02     2.35853548e+02     1.23360830e+02   
    4.76000000e+04     1.19000000e+01     1.11323620e+03     3.01141847e+02     2.37327345e+02     1.26651875e+02   
    4.78000000e+04     1.19500000e+01     1.11322814e+03     3.03912669e+02     2.37089135e+02     1.25989696e+02   
    4.80000000e+04     1.20000000e+01     1.11321055e+03     3.01502208e+02     2.35834525e+02     1.25305766e+02   
    4.82000000e+04     1.20500000e+01     1.11321109e+03     3.03601910e+02     2.35383852e+02     1.25567592e+02   
    4.84000000e+04     1.21000000e+01     1.11321052e+03     2.96804343e+02     2.35766577e+02     1.24094789e+02   
    4.86000000e+04     1.21500000e+01     1.11322174e+03     3.02469069e+02     2.36623338e+02     1.24482522e+02   
    4.88000000e+04     1.22000000e+01     1.11322144e+03     3.05062053e+02     2.35020492e+02     1.21458543e+02   
    4.90000000e+04     1.22500000e+01     1.11323419e+03     3.03470539e+02     2.36390950e+02     1.25166193e+02   
    4.92000000e+04     1.23000000e+01     1.11323942e+03     2.98006986e+02     2.37318566e+02     1.26044152e+02   
    4.94000000e+04     1.23500000e+01     1.11323605e+03     3.00516747e+02     2.33569285e+02     1.20747516e+02   
    4.96000000e+04     1.24000000e+01     1.11324117e+03     3.02411750e+02     2.37665076e+02     1.24868487e+02   
    4.98000000e+04     1.24500000e+01     1.11324041e+03     2.99587512e+02     2.35994442e+02     1.23404127e+02   
    5.00000000e+04     1.25000000e+01     1.11324999e+03     3.00960245e+02     2.36381792e+02     1.23789282e+02   
    5.02000000e+04     1.25500000e+01     1.11324660e+03     3.00747478e+02     2.34570097e+02     1.21681149e+02   
    5.04000000e+04     1.26000000e+01     1.11326514e+03     3.04513873e+02     2.39817110e+02     1.26183776e+02   
    5.06000000e+04     1.26500000e+01     1.11323888e+03     2.98361130e+02     2.36969113e+02     1.24638343e+02   
    5.08000000e+04     1.27000000e+01     1.11322028e+03     3.04716504e+02     2.34474540e+02     1.21123945e+02   
    5.10000000e+04     1.27500000e+01     1.11322436e+03     3.01060605e+02     2.36622016e+02     1.24346794e+02   
    5.12000000e+04     1.28000000e+01     1.11323935e+03     3.01251293e+02     2.37032298e+02     1.23967432e+02   
    5.14000000e+04     1.28500000e+01     1.11324930e+03     3.02561892e+02     2.37574471e+02     1.24498107e+02   
    5.16000000e+04     1.29000000e+01     1.11324284e+03     3.04946781e+02     2.35604715e+02     1.24063868e+02   
    5.18000000e+04     1.29500000e+01     1.11323836e+03     3.01758303e+02     2.36132003e+02     1.23639020e+02   
    5.20000000e+04     1.30000000e+01     1.11324729e+03     3.00690768e+02     2.37614902e+02     1.25508474e+02   
    5.22000000e+04     1.30500000e+01     1.11325726e+03     2.99649646e+02     2.36233855e+02     1.24689722e+02   
    5.24000000e+04     1.31000000e+01     1.11326806e+03     3.00695976e+02     2.34953550e+02     1.22751809e+02   
    5.26000000e+04     1.31500000e+01     1.11328129e+03     3.00925408e+02     2.36293045e+02     1.24011015e+02   
    5.28000000e+04     1.32000000e+01     1.11327933e+03     3.02751199e+02     2.38062123e+02     1.25761951e+02   
    5.30000000e+04     1.32500000e+01     1.11325405e+03     3.02655865e+02     2.35314970e+02     1.21238635e+02   
    5.32000000e+04     1.33000000e+01     1.11325869e+03     3.03674062e+02     2.36562125e+02     1.23504269e+02   
    5.34000000e+04     1.33500000e+01     1.11324868e+03     3.01037782e+02     2.34852571e+02     1.23061268e+02   
    5.36000000e+04     1.34000000e+01     1.11326101e+03     3.03551769e+02     2.37531850e+02     1.23779339e+02   
    5.38000000e+04     1.34500000e+01     1.11326332e+03     2.99975144e+02     2.38696706e+02     1.26644016e+02   
    5.40000000e+04     1.35000000e+01     1.11325769e+03     3.02122806e+02     2.37974986e+02     1.23375113e+02   
    5.42000000e+04     1.35500000e+01     1.11327799e+03     3.02701907e+02     2.38759799e+02     1.27716401e+02   
    5.44000000e+04     1.36000000e+01     1.11327945e+03     2.99749260e+02     2.36647206e+02     1.24434582e+02   
    5.46000000e+04     1.36500000e+01     1.11329991e+03     3.01141612e+02     2.39683265e+02     1.27484209e+02   
    5.48000000e+04     1.37000000e+01     1.11328731e+03     3.04171357e+02     2.36003814e+02     1.23953830e+02   
    5.50000000e+04     1.37500000e+01     1.11329601e+03     3.01252896e+02     2.35445491e+02     1.24888887e+02   
    5.52000000e+04     1.38000000e+01     1.11329711e+03     2.98821906e+02     2.35032327e+02     1.24423855e+02   
    5.54000000e+04     1.38500000e+01     1.11331058e+03     3.01481142e+02     2.36434429e+02     1.26169636e+02   
    5.56000000e+04     1.39000000e+01     1.11330350e+03     3.04061183e+02     2.34772533e+02     1.22292828e+02   
    5.58000000e+04     1.39500000e+01     1.11330360e+03     3.01740613e+02     2.34394553e+02     1.22493148e+02   
    5.60000000e+04     1.40000000e+01     1.11331553e+03     2.99266004e+02     2.34552673e+02     1.23297049e+02   
    5.62000000e+04     1.40500000e+01     1.11332728e+03     3.01677824e+02     2.36868976e+02     1.24948271e+02   
    5.64000000e+04     1.41000000e+01     1.11332773e+03     3.03070288e+02     2.35686416e+02     1.22648293e+02   
    5.66000000e+04     1.41500000e+01     1.11333470e+03     3.02686874e+02     2.37123344e+02     1.25699693e+02   
    5.68000000e+04     1.42000000e+01     1.11332732e+03     3.04016420e+02     2.36170651e+02     1.25313690e+02   
    5.70000000e+04     1.42500000e+01     1.11331808e+03     3.05844519e+02     2.35687262e+02     1.22403861e+02   
    5.72000000e+04     1.43000000e+01     1.11332133e+03     3.01631449e+02     2.36383722e+02     1.25117228e+02   
    5.74000000e+04     1.43500000e+01     1.11331514e+03     3.02829706e+02     2.36874394e+02     1.24278331e+02   
    5.76000000e+04     1.44000000e+01     1.11330362e+03     3.01131060e+02     2.35006789e+02     1.22333202e+02   
    5.78000000e+04     1.44500000e+01     1.11330633e+03     3.03286264e+02     2.37146461e+02     1.24763232e+02   
    5.80000000e+04     1.45000000e+01     1.11330116e+03     3.01403369e+02     2.35761140e+02     1.23523895e+02   
    5.82000000e+04     1.45500000e+01     1.11330342e+03     3.03221181e+02     2.37130872e+02     1.26203305e+02   
    5.84000000e+04     1.46000000e+01     1.11329739e+03     3.02751806e+02     2.36166859e+02     1.24736114e+02   
    5.86000000e+04     1.46500000e+01     1.11329481e+03     3.01440729e+02     2.36320145e+02     1.26066895e+02   
    5.88000000e+04     1.47000000e+01     1.11330204e+03     3.02421768e+02     2.37158482e+02     1.27201301e+02   
    5.90000000e+04     1.47500000e+01     1.11331425e+03     2.99989524e+02     2.37759696e+02     1.29241096e+02   
    5.92000000e+04     1.48000000e+01     1.11331513e+03     3.02580468e+02     2.36204353e+02     1.25189067e+02   
    5.94000000e+04     1.48500000e+01     1.11333221e+03     3.03596959e+02     2.35874384e+02     1.26796240e+02   
    5.96000000e+04     1.49000000e+01     1.11334688e+03     3.02620762e+02     2.37412241e+02     1.26720266e+02   
    5.98000000e+04     1.49500000e+01     1.11335645e+03     3.01354184e+02     2.38356653e+02     1.30038934e+02   
    6.00000000e+04     1.50000000e+01     1.11335214e+03     3.01784558e+02     2.35864213e+02     1.27101669e+02   
    6.02000000e+04     1.50500000e+01     1.11335816e+03     3.01032989e+02     2.34925380e+02     1.26219914e+02   
    6.04000000e+04     1.51000000e+01     1.11336209e+03     3.04388353e+02     2.37194649e+02     1.26313247e+02   
    6.06000000e+04     1.51500000e+01     1.11336482e+03     3.00075689e+02     2.36389909e+02     1.27190918e+02   
    6.08000000e+04     1.52000000e+01     1.11336654e+03     3.02207663e+02     2.35489899e+02     1.24560303e+02   
    6.10000000e+04     1.52500000e+01     1.11337413e+03     3.00383883e+02     2.38559320e+02     1.29631372e+02   
    6.12000000e+04     1.53000000e+01     1.11334673e+03     3.06236444e+02     2.33924819e+02     1.21778540e+02   
    6.14000000e+04     1.53500000e+01     1.11335172e+03     3.02540005e+02     2.33981041e+02     1.23606710e+02   
    6.16000000e+04     1.54000000e+01     1.11336604e+03     3.01096390e+02     2.35784604e+02     1.27894885e+02   
    6.18000000e+04     1.54500000e+01     1.11338687e+03     3.03289933e+02     2.36378426e+02     1.28736458e+02   
    6.20000000e+04     1.55000000e+01     1.11339746e+03     3.02072260e+02     2.36415715e+02     1.29316531e+02   
    6.22000000e+04     1.55500000e+01     1.11340202e+03     3.06808239e+02     2.37298114e+02     1.26817919e+02   
    6.24000000e+04     1.56000000e+01     1.11340286e+03     3.03633104e+02     2.35959467e+02     1.26466642e+02   
    6.26000000e+04     1.56500000e+01     1.11340244e+03     3.01621889e+02     2.34900625e+02     1.24776447e+02   
    6.28000000e+04     1.57000000e+01     1.11340906e+03     3.01582740e+02     2.35840659e+02     1.26588787e+02   
    6.30000000e+04     1.57500000e+01     1.11341283e+03     3.00017875e+02     2.36700624e+02     1.26411015e+02   
    6.32000000e+04     1.58000000e+01     1.11341128e+03     3.00605501e+02     2.34341796e+02     1.25694737e+02   
    6.34000000e+04     1.58500000e+01     1.11339883e+03     3.01012527e+02     2.36065173e+02     1.26330459e+02   
    6.36000000e+04     1.59000000e+01     1.11340156e+03     3.01083812e+02     2.37565738e+02     1.28435970e+02   
    6.38000000e+04     1.59500000e+01     1.11338097e+03     3.02598802e+02     2.36764723e+02     1.26347988e+02   
    6.40000000e+04     1.60000000e+01     1.11338225e+03     3.02320625e+02     2.36618235e+02     1.26550370e+02   
    6.42000000e+04     1.60500000e+01     1.11339377e+03     3.00080961e+02     2.38236888e+02     1.28116681e+02   
    6.44000000e+04     1.61000000e+01     1.11338039e+03     3.03458026e+02     2.35995763e+02     1.26472458e+02   
    6.46000000e+04     1.61500000e+01     1.11336971e+03     3.03548875e+02     2.34896338e+02     1.24259420e+02   
    6.48000000e+04     1.62000000e+01     1.11336269e+03     3.03143738e+02     2.35603851e+02     1.25334454e+02   
    6.50000000e+04     1.62500000e+01     1.11336773e+03     3.03855286e+02     2.36471582e+02     1.26271255e+02   
    6.52000000e+04     1.63000000e+01     1.11336683e+03     3.01365667e+02     2.36304034e+02     1.26759905e+02   
    6.54000000e+04     1.63500000e+01     1.11337219e+03     3.02665841e+02     2.36509591e+02     1.25704527e+02   
    6.56000000e+04     1.64000000e+01     1.11337641e+03     2.98341480e+02     2.35561003e+02     1.24741911e+02   
    6.58000000e+04     1.64500000e+01     1.11340149e+03     3.03951055e+02     2.37220815e+02     1.25864294e+02   
    6.60000000e+04     1.65000000e+01     1.11340700e+03     2.99251684e+02     2.36316101e+02     1.25984434e+02   
    6.62000000e+04     1.65500000e+01     1.11341083e+03     3.04904080e+02     2.36502265e+02     1.25446253e+02   
    6.64000000e+04     1.66000000e+01     1.11340554e+03     3.04156800e+02     2.36485180e+02     1.26565651e+02   
    6.66000000e+04     1.66500000e+01     1.11341850e+03     3.03200934e+02     2.37568698e+02     1.27370115e+02   
    6.68000000e+04     1.67000000e+01     1.11340608e+03     3.01085665e+02     2.35437978e+02     1.24075408e+02   
    6.70000000e+04     1.67500000e+01     1.11339741e+03     2.99732644e+02     2.34533976e+02     1.24667881e+02   
    6.72000000e+04     1.68000000e+01     1.11339838e+03     2.98616878e+02     2.38047466e+02     1.28326186e+02   
    6.74000000e+04     1.68500000e+01     1.11338153e+03     3.00148421e+02     2.34654848e+02     1.23519697e+02   
    6.76000000e+04     1.69000000e+01     1.11339549e+03     3.00353458e+02     2.36033996e+02     1.25930997e+02   
    6.78000000e+04     1.69500000e+01     1.11338441e+03     3.02609607e+02     2.34546508e+02     1.22590762e+02   
    6.80000000e+04     1.70000000e+01     1.11339130e+03     3.00013812e+02     2.34397667e+02     1.23866428e+02   
    6.82000000e+04     1.70500000e+01     1.11340258e+03     2.99670806e+02     2.37001763e+02     1.24007923e+02   
    6.84000000e+04     1.71000000e+01     1.11340675e+03     3.02139373e+02     2.35346060e+02     1.22853060e+02   
    6.86000000e+04     1.71500000e+01     1.11341962e+03     2.99908873e+02     2.36558838e+02     1.24335058e+02   
    6.88000000e+04     1.72000000e+01     1.11342748e+03     3.02769284e+02     2.36297658e+02     1.26826418e+02   
    6.90000000e+04     1.72500000e+01     1.11343856e+03     3.04577433e+02     2.36414947e+02     1.25302310e+02   
    6.92000000e+04     1.73000000e+01     1.11344953e+03     3.02782346e+02     2.36357386e+02     1.24352977e+02   
    6.94000000e+04     1.73500000e+01     1.11345203e+03     2.99794653e+02     2.35081650e+02     1.23442591e+02   
    6.96000000e+04     1.74000000e+01     1.11345637e+03     3.00913589e+02     2.37503300e+02     1.25523022e+02   
    6.98000000e+04     1.74500000e+01     1.11344565e+03     2.99305141e+02     2.35287579e+02     1.24020332e+02   
    7.00000000e+04     1.75000000e+01     1.11344263e+03     3.01421635e+02     2.35426027e+02     1.23170981e+02   
    7.02000000e+04     1.75500000e+01     1.11345147e+03     2.98789037e+02     2.36997418e+02     1.25020903e+02   
    7.04000000e+04     1.76000000e+01     1.11344139e+03     3.00421943e+02     2.34498725e+02     1.25711119e+02   
    7.06000000e+04     1.76500000e+01     1.11344429e+03     3.01277023e+02     2.35626160e+02     1.23904889e+02   
    7.08000000e+04     1.77000000e+01     1.11343692e+03     3.00928687e+02     2.34030671e+02     1.22729897e+02   
    7.10000000e+04     1.77500000e+01     1.11344731e+03     2.96848579e+02     2.35807215e+02     1.24744625e+02   
    7.12000000e+04     1.78000000e+01     1.11345353e+03     3.02788537e+02     2.37851598e+02     1.25744954e+02   
    7.14000000e+04     1.78500000e+01     1.11344376e+03     3.00610188e+02     2.35912346e+02     1.25873344e+02   
    7.16000000e+04     1.79000000e+01     1.11344908e+03     3.03897800e+02     2.38435694e+02     1.28804308e+02   
    7.18000000e+04     1.79500000e+01     1.11345742e+03     2.97875210e+02     2.36548090e+02     1.28736664e+02   
    7.20000000e+04     1.80000000e+01     1.11344844e+03     2.99737325e+02     2.37073577e+02     1.26048860e+02   
    7.22000000e+04     1.80500000e+01     1.11345145e+03     2.97570392e+02     2.36836323e+02     1.26900857e+02   
    7.24000000e+04     1.81000000e+01     1.11345110e+03     2.98745396e+02     2.36322472e+02     1.27009177e+02   
    7.26000000e+04     1.81500000e+01     1.11345434e+03     2.98856055e+02     2.36345836e+02     1.26725426e+02   
    7.28000000e+04     1.82000000e+01     1.11344158e+03     3.00444550e+02     2.35569620e+02     1.25928980e+02   
    7.30000000e+04     1.82500000e+01     1.11342142e+03     3.01521490e+02     2.34373752e+02     1.21904540e+02   
    7.32000000e+04     1.83000000e+01     1.11340776e+03     2.98379344e+02     2.34510995e+02     1.23341655e+02   
    7.34000000e+04     1.83500000e+01     1.11341255e+03     2.99787940e+02     2.35641453e+02     1.24813958e+02   
    7.36000000e+04     1.84000000e+01     1.11342194e+03     3.03311656e+02     2.35922913e+02     1.23908377e+02   
    7.38000000e+04     1.84500000e+01     1.11342909e+03     3.00463567e+02     2.37380132e+02     1.26891072e+02   
    7.40000000e+04     1.85000000e+01     1.11343472e+03     2.98706791e+02     2.36563004e+02     1.26195508e+02   
    7.42000000e+04     1.85500000e+01     1.11343602e+03     2.99088993e+02     2.35023025e+02     1.26505478e+02   
    7.44000000e+04     1.86000000e+01     1.11345535e+03     2.99561129e+02     2.36681876e+02     1.26745518e+02   
    7.46000000e+04     1.86500000e+01     1.11345936e+03     2.97984321e+02     2.36411597e+02     1.25978319e+02   
    7.48000000e+04     1.87000000e+01     1.11346844e+03     2.99849576e+02     2.36455562e+02     1.26421580e+02   
    7.50000000e+04     1.87500000e+01     1.11347715e+03     2.97923383e+02     2.37170085e+02     1.25073068e+02   
    7.52000000e+04     1.88000000e+01     1.11348356e+03     3.01559915e+02     2.36730492e+02     1.26383979e+02   
    7.54000000e+04     1.88500000e+01     1.11347864e+03     3.00097857e+02     2.35127979e+02     1.25833483e+02   
    7.56000000e+04     1.89000000e+01     1.11346091e+03     2.97528346e+02     2.34418426e+02     1.25126436e+02   
    7.58000000e+04     1.89500000e+01     1.11343685e+03     2.98361275e+02     2.33462996e+02     1.24428604e+02   
    7.60000000e+04     1.90000000e+01     1.11344093e+03     3.00157898e+02     2.37072497e+02     1.25738037e+02   
    7.62000000e+04     1.90500000e+01     1.11342205e+03     3.00669420e+02     2.35168313e+02     1.24404580e+02   
    7.64000000e+04     1.91000000e+01     1.11341695e+03     2.99685047e+02     2.36901113e+02     1.23464626e+02   
    7.66000000e+04     1.91500000e+01     1.11343369e+03     3.02749454e+02     2.35314355e+02     1.25742683e+02   
    7.68000000e+04     1.92000000e+01     1.11343794e+03     2.99856711e+02     2.36824744e+02     1.25316607e+02   
    7.70000000e+04     1.92500000e+01     1.11343586e+03     3.00372742e+02     2.35975303e+02     1.25076356e+02   
    7.72000000e+04     1.93000000e+01     1.11341871e+03     3.03439926e+02     2.34829908e+02     1.23414242e+02   
    7.74000000e+04     1.93500000e+01     1.11342827e+03     3.01385608e+02     2.37944238e+02     1.26458953e+02   
    7.76000000e+04     1.94000000e+01     1.11341931e+03     2.97419724e+02     2.34268845e+02     1.25055501e+02   
    7.78000000e+04     1.94500000e+01     1.11343760e+03     3.01876440e+02     2.37348302e+02     1.26273301e+02   
    7.80000000e+04     1.95000000e+01     1.11344600e+03     3.01847204e+02     2.37962183e+02     1.25458209e+02   
    7.82000000e+04     1.95500000e+01     1.11344796e+03     2.99973545e+02     2.37657261e+02     1.24431736e+02   
    7.84000000e+04     1.96000000e+01     1.11345295e+03     3.00879987e+02     2.36554696e+02     1.24249061e+02   
    7.86000000e+04     1.96500000e+01     1.11345296e+03     3.00741034e+02     2.35628993e+02     1.22140123e+02   
    7.88000000e+04     1.97000000e+01     1.11345754e+03     3.02054640e+02     2.35449770e+02     1.22216849e+02   
    7.90000000e+04     1.97500000e+01     1.11345602e+03     3.01191062e+02     2.35693188e+02     1.22288105e+02   
    7.92000000e+04     1.98000000e+01     1.11346858e+03     2.96598418e+02     2.36969581e+02     1.24366737e+02   
    7.94000000e+04     1.98500000e+01     1.11346888e+03     3.00138773e+02     2.35372392e+02     1.22546471e+02   
    7.96000000e+04     1.99000000e+01     1.11349463e+03     3.01709712e+02     2.38895088e+02     1.26427557e+02   
    7.98000000e+04     1.99500000e+01     1.11348462e+03     3.01997285e+02     2.36804403e+02     1.23559736e+02   
    8.00000000e+04     2.00000000e+01     1.11348025e+03     2.97838099e+02     2.35616072e+02     1.23827660e+02   
