# column   1     --> step : The current simulation time step.
# column   2     --> time{picosecond} : The elapsed simulation time.
# column   3     --> conserved{electronvolt} : The value of the conserved energy quantity per bead.
# column   4     --> temperature{kelvin} : The current temperature, as obtained from the MD kinetic energy.
# column   5     --> kinetic_cv{electronvolt} : The centroid-virial quantum kinetic energy of the physical system.
# column   6     --> potential{electronvolt} : The physical system potential energy.
    0.00000000e+00     0.00000000e+00     1.11229742e+03     3.04273373e+02     2.35664404e+02     1.24086675e+02   
    2.00000000e+02     5.00000000e-02     1.11228645e+03     2.99540527e+02     2.36958709e+02     1.23583594e+02   
    4.00000000e+02     1.00000000e-01     1.11228372e+03     3.01231773e+02     2.38053899e+02     1.27440625e+02   
    6.00000000e+02     1.50000000e-01     1.11227138e+03     3.00872767e+02     2.34150276e+02     1.22906355e+02   
    8.00000000e+02     2.00000000e-01     1.11227450e+03     3.01240620e+02     2.36293638e+02     1.24036884e+02   
    1.00000000e+03     2.50000000e-01     1.11226710e+03     3.02824128e+02     2.36122620e+02     1.24957336e+02   
    1.20000000e+03     3.00000000e-01     1.11226003e+03     2.99427822e+02     2.34881214e+02     1.23947756e+02   
    1.40000000e+03     3.50000000e-01     1.11225372e+03     3.01797435e+02     2.36121644e+02     1.25454030e+02   
    1.60000000e+03     4.00000000e-01     1.11224981e+03     3.00767764e+02     2.33449932e+02     1.20758018e+02   
    1.80000000e+03     4.50000000e-01     1.11225782e+03     3.00661199e+02     2.35384033e+02     1.24038843e+02   
    2.00000000e+03     5.00000000e-01     1.11226103e+03     2.98133352e+02     2.37875784e+02     1.27249164e+02   
    2.20000000e+03     5.50000000e-01     1.11226094e+03     2.96108573e+02     2.35774769e+02     1.24583591e+02   
    2.40000000e+03     6.00000000e-01     1.11226926e+03     3.01620182e+02     2.36993570e+02     1.25420084e+02   
    2.60000000e+03     6.50000000e-01     1.11226965e+03     3.00797250e+02     2.34514864e+02     1.22684597e+02   
    2.80000000e+03     7.00000000e-01     1.11228223e+03     3.02549848e+02     2.36272408e+02     1.25307818e+02   
    3.00000000e+03     7.50000000e-01     1.11229742e+03     2.98600533e+02     2.37693527e+02     1.27611458e+02   
    3.20000000e+03     8.00000000e-01     1.11228128e+03     3.00536573e+02     2.36915313e+02     1.27369649e+02   
    3.40000000e+03     8.50000000e-01     1.11228834e+03     3.02356476e+02     2.37719811e+02     1.27687233e+02   
    3.60000000e+03     9.00000000e-01     1.11227142e+03     2.99381924e+02     2.34910670e+02     1.23840942e+02   
    3.80000000e+03     9.50000000e-01     1.11226828e+03     3.00741975e+02     2.34435221e+02     1.24763506e+02   
    4.00000000e+03     1.00000000e+00     1.11227722e+03     3.00656753e+02     2.35772296e+02     1.24703450e+02   
    4.20000000e+03     1.05000000e+00     1.11227178e+03     3.00071775e+02     2.36526030e+02     1.26809010e+02   
    4.40000000e+03     1.10000000e+00     1.11226682e+03     2.98998205e+02     2.36236123e+02     1.24528489e+02   
    4.60000000e+03     1.15000000e+00     1.11226896e+03     2.98947203e+02     2.37112895e+02     1.27244798e+02   
    4.80000000e+03     1.20000000e+00     1.11228097e+03     3.01273259e+02     2.38304042e+02     1.28710298e+02   
    5.00000000e+03     1.25000000e+00     1.11227701e+03     2.99832361e+02     2.35568405e+02     1.26615337e+02   
    5.20000000e+03     1.30000000e+00     1.11227334e+03     3.00252065e+02     2.36035944e+02     1.26721049e+02   
    5.40000000e+03     1.35000000e+00     1.11227594e+03     3.02567191e+02     2.37350964e+02     1.27049324e+02   
    5.60000000e+03     1.40000000e+00     1.11227878e+03     3.02404617e+02     2.36404181e+02     1.26890896e+02   
    5.80000000e+03     1.45000000e+00     1.11227827e+03     2.99450865e+02     2.36508397e+02     1.25932263e+02   
    6.00000000e+03     1.50000000e+00     1.11228487e+03     3.02868454e+02     2.36517122e+02     1.25772330e+02   
    6.20000000e+03     1.55000000e+00     1.11228493e+03     2.98230865e+02     2.36223373e+02     1.26940873e+02   
    6.40000000e+03     1.60000000e+00     1.11228058e+03     3.00339553e+02     2.37343537e+02     1.28018631e+02   
    6.60000000e+03     1.65000000e+00     1.11226569e+03     3.00011943e+02     2.35660525e+02     1.25175888e+02   
    6.80000000e+03     1.70000000e+00     1.11227512e+03     3.01727679e+02     2.37601586e+02     1.26803395e+02   
    7.00000000e+03     1.75000000e+00     1.11225976e+03     3.02649221e+02     2.34713192e+02     1.24225811e+02   
    7.20000000e+03     1.80000000e+00     1.11226728e+03     3.01753748e+02     2.35168612e+02     1.24924611e+02   
    7.40000000e+03     1.85000000e+00     1.11227233e+03     2.98363417e+02     2.36871560e+02     1.26054008e+02   
    7.60000000e+03     1.90000000e+00     1.11226559e+03     3.03126129e+02     2.36929240e+02     1.24646947e+02   
    7.80000000e+03     1.95000000e+00     1.11225732e+03     3.03380255e+02     2.35785019e+02     1.24919241e+02   
    8.00000000e+03     2.00000000e+00     1.11226876e+03     3.00729749e+02     2.37296261e+02     1.26341915e+02   
    8.20000000e+03     2.05000000e+00     1.11226383e+03     2.98718979e+02     2.36454530e+02     1.26037587e+02   
    8.40000000e+03     2.10000000e+00     1.11225976e+03     3.02180926e+02     2.36149348e+02     1.24829197e+02   
    8.60000000e+03     2.15000000e+00     1.11225266e+03     3.00123581e+02     2.34619824e+02     1.24364550e+02   
    8.80000000e+03     2.20000000e+00     1.11225682e+03     2.97742790e+02     2.34765427e+02     1.23976663e+02   
    9.00000000e+03     2.25000000e+00     1.11227940e+03     3.01630048e+02     2.35890541e+02     1.24022112e+02   
    9.20000000e+03     2.30000000e+00     1.11228342e+03     3.03075839e+02     2.36040589e+02     1.24566910e+02   
    9.40000000e+03     2.35000000e+00     1.11227106e+03     3.01299102e+02     2.35662007e+02     1.25122186e+02   
    9.60000000e+03     2.40000000e+00     1.11228856e+03     2.99826663e+02     2.38139787e+02     1.28717486e+02   
    9.80000000e+03     2.45000000e+00     1.11228272e+03     3.02810479e+02     2.35020704e+02     1.24568236e+02   
    1.00000000e+04     2.50000000e+00     1.11228717e+03     3.00296293e+02     2.35609869e+02     1.24842870e+02   
    1.02000000e+04     2.55000000e+00     1.11230231e+03     2.99770583e+02     2.37283258e+02     1.26192940e+02   
    1.04000000e+04     2.60000000e+00     1.11229103e+03     3.01292003e+02     2.36163486e+02     1.23589530e+02   
    1.06000000e+04     2.65000000e+00     1.11230156e+03     3.04202049e+02     2.35281631e+02     1.23119024e+02   
    1.08000000e+04     2.70000000e+00     1.11231807e+03     2.98923009e+02     2.37872980e+02     1.24412474e+02   
    1.10000000e+04     2.75000000e+00     1.11232800e+03     3.03055013e+02     2.37434259e+02     1.25015784e+02   
    1.12000000e+04     2.80000000e+00     1.11233615e+03     3.00490720e+02     2.37472639e+02     1.25994530e+02   
    1.14000000e+04     2.85000000e+00     1.11232758e+03     3.06052858e+02     2.35701400e+02     1.22926056e+02   
    1.16000000e+04     2.90000000e+00     1.11232959e+03     3.03025344e+02     2.35238292e+02     1.22463728e+02   
    1.18000000e+04     2.95000000e+00     1.11232788e+03     2.99629963e+02     2.37710321e+02     1.22978305e+02   
    1.20000000e+04     3.00000000e+00     1.11232107e+03     3.00799704e+02     2.35587869e+02     1.21321672e+02   
    1.22000000e+04     3.05000000e+00     1.11232093e+03     3.00437806e+02     2.36644828e+02     1.22837785e+02   
    1.24000000e+04     3.10000000e+00     1.11232439e+03     3.02772194e+02     2.35429681e+02     1.24227702e+02   
    1.26000000e+04     3.15000000e+00     1.11230904e+03     3.00660684e+02     2.33985327e+02     1.22202763e+02   
    1.28000000e+04     3.20000000e+00     1.11231838e+03     2.97393529e+02     2.36537593e+02     1.23946240e+02   
    1.30000000e+04     3.25000000e+00     1.11233115e+03     3.01723927e+02     2.38560967e+02     1.26565267e+02   
    1.32000000e+04     3.30000000e+00     1.11233299e+03     2.99866339e+02     2.36565516e+02     1.24528070e+02   
    1.34000000e+04     3.35000000e+00     1.11234960e+03     2.97043491e+02     2.38031924e+02     1.25974829e+02   
    1.36000000e+04     3.40000000e+00     1.11235307e+03     3.00954289e+02     2.35321332e+02     1.22539988e+02   
    1.38000000e+04     3.45000000e+00     1.11236170e+03     3.02651067e+02     2.35882167e+02     1.24422116e+02   
    1.40000000e+04     3.50000000e+00     1.11236458e+03     3.01737901e+02     2.37006321e+02     1.25418823e+02   
    1.42000000e+04     3.55000000e+00     1.11235291e+03     3.01323260e+02     2.35288912e+02     1.24256348e+02   
    1.44000000e+04     3.60000000e+00     1.11234285e+03     3.00888251e+02     2.34997301e+02     1.23402621e+02   
    1.46000000e+04     3.65000000e+00     1.11234396e+03     2.99382948e+02     2.36598678e+02     1.26793705e+02   
    1.48000000e+04     3.70000000e+00     1.11233606e+03     3.00546253e+02     2.36973875e+02     1.25506875e+02   
    1.50000000e+04     3.75000000e+00     1.11233363e+03     3.01512149e+02     2.35708601e+02     1.24551317e+02   
    1.52000000e+04     3.80000000e+00     1.11233295e+03     3.01647300e+02     2.36655419e+02     1.25061363e+02   
    1.54000000e+04     3.85000000e+00     1.11234212e+03     2.98231968e+02     2.36423864e+02     1.26549540e+02   
    1.56000000e+04     3.90000000e+00     1.11234785e+03     3.01298480e+02     2.34657064e+02     1.24662249e+02   
    1.58000000e+04     3.95000000e+00     1.11236568e+03     2.99810975e+02     2.36887947e+02     1.26406283e+02   
    1.60000000e+04     4.00000000e+00     1.11238519e+03     3.02329260e+02     2.38176356e+02     1.26912740e+02   
    1.62000000e+04     4.05000000e+00     1.11239728e+03     2.98148091e+02     2.36849560e+02     1.26065182e+02   
    1.64000000e+04     4.10000000e+00     1.11240421e+03     3.01517413e+02     2.37021134e+02     1.25445196e+02   
    1.66000000e+04     4.15000000e+00     1.11240030e+03     2.98760941e+02     2.35290954e+02     1.24723534e+02   
    1.68000000e+04     4.20000000e+00     1.11240164e+03     2.99441167e+02     2.33292855e+02     1.22867926e+02   
    1.70000000e+04     4.25000000e+00     1.11239757e+03     2.96248183e+02     2.35649306e+02     1.23956741e+02   
    1.72000000e+04     4.30000000e+00     1.11239117e+03     2.98023343e+02     2.35400390e+02     1.24077027e+02   
    1.74000000e+04     4.35000000e+00     1.11238916e+03     2.98617310e+02     2.34900782e+02     1.22522461e+02   
    1.76000000e+04     4.40000000e+00     1.11240046e+03     2.98956637e+02     2.36214880e+02     1.24734780e+02   
    1.78000000e+04     4.45000000e+00     1.11239431e+03     3.00795523e+02     2.36024700e+02     1.23374121e+02   
    1.80000000e+04     4.50000000e+00     1.11238865e+03     2.99515878e+02     2.36506947e+02     1.25009575e+02   
    1.82000000e+04     4.55000000e+00     1.11237988e+03     2.99989773e+02     2.35099950e+02     1.23286583e+02   
    1.84000000e+04     4.60000000e+00     1.11239035e+03     3.00767058e+02     2.33160921e+02     1.22901450e+02   
    1.86000000e+04     4.65000000e+00     1.11240525e+03     3.01762408e+02     2.34311328e+02     1.23698625e+02   
    1.88000000e+04     4.70000000e+00     1.11242161e+03     3.02302874e+02     2.36396959e+02     1.25976566e+02   
    1.90000000e+04     4.75000000e+00     1.11242661e+03     2.99648305e+02     2.37095248e+02     1.26963334e+02   
    1.92000000e+04     4.80000000e+00     1.11240902e+03     3.02504680e+02     2.35679319e+02     1.23650498e+02   
    1.94000000e+04     4.85000000e+00     1.11241406e+03     3.03061511e+02     2.36733677e+02     1.24705602e+02   
    1.96000000e+04     4.90000000e+00     1.11241593e+03     3.02410670e+02     2.36406061e+02     1.23436880e+02   
    1.98000000e+04     4.95000000e+00     1.11241179e+03     3.04927751e+02     2.35539316e+02     1.22872401e+02   
    2.00000000e+04     5.00000000e+00     1.11241112e+03     2.99467181e+02     2.36266877e+02     1.24508942e+02   
    2.02000000e+04     5.05000000e+00     1.11241132e+03     3.01990052e+02     2.35926630e+02     1.22905281e+02   
    2.04000000e+04     5.10000000e+00     1.11241793e+03     3.03066828e+02     2.37187895e+02     1.24632093e+02   
    2.06000000e+04     5.15000000e+00     1.11240108e+03     3.02494888e+02     2.34512544e+02     1.21260807e+02   
    2.08000000e+04     5.20000000e+00     1.11240709e+03     3.04347306e+02     2.37279453e+02     1.23919469e+02   
    2.10000000e+04     5.25000000e+00     1.11242145e+03     3.01067021e+02     2.36853965e+02     1.24068114e+02   
    2.12000000e+04     5.30000000e+00     1.11242337e+03     3.00219757e+02     2.34245083e+02     1.21553802e+02   
    2.14000000e+04     5.35000000e+00     1.11243889e+03     3.03356303e+02     2.37165988e+02     1.22865873e+02   
    2.16000000e+04     5.40000000e+00     1.11243410e+03     3.01338238e+02     2.36210057e+02     1.23841397e+02   
    2.18000000e+04     5.45000000e+00     1.11243869e+03     2.99905685e+02     2.36643469e+02     1.23545029e+02   
    2.20000000e+04     5.50000000e+00     1.11243566e+03     3.01962643e+02     2.34963572e+02     1.20200882e+02   
    2.22000000e+04     5.55000000e+00     1.11243299e+03     3.01426525e+02     2.34636997e+02     1.20558563e+02   
    2.24000000e+04     5.60000000e+00     1.11242010e+03     2.98317039e+02     2.34544238e+02     1.21545455e+02   
    2.26000000e+04     5.65000000e+00     1.11241722e+03     2.98268474e+02     2.36456231e+02     1.23309620e+02   
    2.28000000e+04     5.70000000e+00     1.11242391e+03     2.99924920e+02     2.37280217e+02     1.25794697e+02   
    2.30000000e+04     5.75000000e+00     1.11240668e+03     3.04847647e+02     2.36226450e+02     1.23009159e+02   
    2.32000000e+04     5.80000000e+00     1.11241648e+03     3.00335960e+02     2.37343851e+02     1.25594520e+02   
    2.34000000e+04     5.85000000e+00     1.11241399e+03     3.01550016e+02     2.36033814e+02     1.23279561e+02   
    2.36000000e+04     5.90000000e+00     1.11241540e+03     3.03605589e+02     2.35023380e+02     1.22566345e+02   
    2.38000000e+04     5.95000000e+00     1.11241875e+03     2.99456096e+02     2.34250250e+02     1.20654023e+02   
    2.40000000e+04     6.00000000e+00     1.11242190e+03     3.03459991e+02     2.36616851e+02     1.24227982e+02   
    2.42000000e+04     6.05000000e+00     1.11241937e+03     3.01549593e+02     2.36656191e+02     1.24122022e+02   
    2.44000000e+04     6.10000000e+00     1.11240763e+03     3.02452881e+02     2.33587111e+02     1.23905091e+02   
    2.46000000e+04     6.15000000e+00     1.11241656e+03     2.99346854e+02     2.37984808e+02     1.26617927e+02   
    2.48000000e+04     6.20000000e+00     1.11239836e+03     3.00462535e+02     2.35423241e+02     1.22828899e+02   
    2.50000000e+04     6.25000000e+00     1.11238327e+03     2.99868506e+02     2.35593035e+02     1.23938321e+02   
    2.52000000e+04     6.30000000e+00     1.11237640e+03     2.99901894e+02     2.35867876e+02     1.23216280e+02   
    2.54000000e+04     6.35000000e+00     1.11237563e+03     2.96043059e+02     2.37722250e+02     1.27084053e+02   
    2.56000000e+04     6.40000000e+00     1.11237117e+03     3.01496655e+02     2.36810207e+02     1.24441688e+02   
    2.58000000e+04     6.45000000e+00     1.11238372e+03     2.97829817e+02     2.36518100e+02     1.24616066e+02   
    2.60000000e+04     6.50000000e+00     1.11239111e+03     3.02032244e+02     2.37038506e+02     1.24603908e+02   
    2.62000000e+04     6.55000000e+00     1.11239159e+03     2.99480645e+02     2.37687339e+02     1.26675483e+02   
    2.64000000e+04     6.60000000e+00     1.11238703e+03     2.99064696e+02     2.36599958e+02     1.26373071e+02   
    2.66000000e+04     6.65000000e+00     1.11239067e+03     3.01354959e+02     2.37697012e+02     1.25826920e+02   
    2.68000000e+04     6.70000000e+00     1.11240202e+03     3.05059786e+02     2.36615189e+02     1.24967439e+02   
    2.70000000e+04     6.75000000e+00     1.11241886e+03     2.98378937e+02     2.37647774e+02     1.28036656e+02   
    2.72000000e+04     6.80000000e+00     1.11241572e+03     2.99176861e+02     2.36324351e+02     1.26279476e+02   
    2.74000000e+04     6.85000000e+00     1.11241776e+03     2.97265208e+02     2.37103453e+02     1.26827958e+02   
    2.76000000e+04     6.90000000e+00     1.11242014e+03     2.98865252e+02     2.37914455e+02     1.24475401e+02   
    2.78000000e+04     6.95000000e+00     1.11241820e+03     2.99245594e+02     2.37135289e+02     1.25062899e+02   
    2.80000000e+04     7.00000000e+00     1.11241991e+03     2.99580094e+02     2.38693268e+02     1.25157427e+02   
    2.82000000e+04     7.05000000e+00     1.11242213e+03     2.93798639e+02     2.36792494e+02     1.25889762e+02   
    2.84000000e+04     7.10000000e+00     1.11241274e+03     2.98071408e+02     2.35600018e+02     1.23358946e+02   
    2.86000000e+04     7.15000000e+00     1.11242090e+03     3.01385597e+02     2.37754917e+02     1.26487730e+02   
    2.88000000e+04     7.20000000e+00     1.11240245e+03     3.02441132e+02     2.35905754e+02     1.23552914e+02   
    2.90000000e+04     7.25000000e+00     1.11240070e+03     3.00854820e+02     2.34238466e+02     1.22923897e+02   
    2.92000000e+04     7.30000000e+00     1.11240845e+03     2.98770331e+02     2.36376372e+02     1.24990335e+02   
    2.94000000e+04     7.35000000e+00     1.11241162e+03     3.00399814e+02     2.35336477e+02     1.23458288e+02   
    2.96000000e+04     7.40000000e+00     1.11242084e+03     3.01529565e+02     2.36884496e+02     1.26980102e+02   
    2.98000000e+04     7.45000000e+00     1.11240876e+03     3.01352699e+02     2.34260802e+02     1.22363271e+02   
    3.00000000e+04     7.50000000e+00     1.11241473e+03     3.00819198e+02     2.36278190e+02     1.25278221e+02   
    3.02000000e+04     7.55000000e+00     1.11241520e+03     3.02237144e+02     2.35866251e+02     1.25148126e+02   
    3.04000000e+04     7.60000000e+00     1.11242745e+03     3.01191905e+02     2.35080873e+02     1.23962226e+02   
    3.06000000e+04     7.65000000e+00     1.11244435e+03     2.97751820e+02     2.37198334e+02     1.26762515e+02   
    3.08000000e+04     7.70000000e+00     1.11245219e+03     3.03138144e+02     2.35147141e+02     1.24551400e+02   
    3.10000000e+04     7.75000000e+00     1.11245662e+03     3.02021349e+02     2.36956939e+02     1.26136258e+02   
    3.12000000e+04     7.80000000e+00     1.11246321e+03     2.99938525e+02     2.37650429e+02     1.26568177e+02   
    3.14000000e+04     7.85000000e+00     1.11246289e+03     2.97185432e+02     2.38383023e+02     1.28889137e+02   
    3.16000000e+04     7.90000000e+00     1.11244501e+03     3.03948292e+02     2.35879644e+02     1.26178120e+02   
    3.18000000e+04     7.95000000e+00     1.11243996e+03     3.02786592e+02     2.36431743e+02     1.26278252e+02   
    3.20000000e+04     8.00000000e+00     1.11243752e+03     3.03429326e+02     2.36737251e+02     1.26723254e+02   
    3.22000000e+04     8.05000000e+00     1.11244850e+03     3.00166039e+02     2.37030015e+02     1.27450855e+02   
    3.24000000e+04     8.10000000e+00     1.11245687e+03     3.00394129e+02     2.35774859e+02     1.26045150e+02   
    3.26000000e+04     8.15000000e+00     1.11246743e+03     2.99444479e+02     2.36403017e+02     1.27717106e+02   
    3.28000000e+04     8.20000000e+00     1.11246068e+03     3.01973127e+02     2.37180693e+02     1.28794359e+02   
    3.30000000e+04     8.25000000e+00     1.11245497e+03     3.00351626e+02     2.35762434e+02     1.27183475e+02   
    3.32000000e+04     8.30000000e+00     1.11245749e+03     2.99826912e+02     2.35838866e+02     1.27287063e+02   
    3.34000000e+04     8.35000000e+00     1.11247674e+03     3.00370847e+02     2.37412761e+02     1.29684603e+02   
    3.36000000e+04     8.40000000e+00     1.11246741e+03     2.97398782e+02     2.35065777e+02     1.26785261e+02   
    3.38000000e+04     8.45000000e+00     1.11246955e+03     2.99099318e+02     2.35872027e+02     1.27943725e+02   
    3.40000000e+04     8.50000000e+00     1.11246922e+03     3.01161632e+02     2.34668339e+02     1.25029354e+02   
    3.42000000e+04     8.55000000e+00     1.11247802e+03     2.99702252e+02     2.34518250e+02     1.23964140e+02   
    3.44000000e+04     8.60000000e+00     1.11247558e+03     2.99427642e+02     2.35445257e+02     1.24844859e+02   
    3.46000000e+04     8.65000000e+00     1.11245107e+03     3.00624524e+02     2.35551350e+02     1.24031892e+02   
    3.48000000e+04     8.70000000e+00     1.11244788e+03     2.99588384e+02     2.36586949e+02     1.25070362e+02   
    3.50000000e+04     8.75000000e+00     1.11245087e+03     3.00020170e+02     2.37562259e+02     1.24411368e+02   
    3.52000000e+04     8.80000000e+00     1.11243424e+03     3.00216749e+02     2.35437503e+02     1.22511727e+02   
    3.54000000e+04     8.85000000e+00     1.11244012e+03     2.98852678e+02     2.36104794e+02     1.22325924e+02   
    3.56000000e+04     8.90000000e+00     1.11245527e+03     2.98692854e+02     2.37628448e+02     1.25672715e+02   
    3.58000000e+04     8.95000000e+00     1.11244423e+03     3.00139287e+02     2.35560408e+02     1.23869002e+02   
    3.60000000e+04     9.00000000e+00     1.11245347e+03     3.01688613e+02     2.37806050e+02     1.25287979e+02   
    3.62000000e+04     9.05000000e+00     1.11246617e+03     3.01969499e+02     2.37150127e+02     1.25954329e+02   
    3.64000000e+04     9.10000000e+00     1.11247217e+03     3.01609888e+02     2.37724163e+02     1.24998232e+02   
    3.66000000e+04     9.15000000e+00     1.11248316e+03     3.01944683e+02     2.37318915e+02     1.25624356e+02   
    3.68000000e+04     9.20000000e+00     1.11248106e+03     3.00990289e+02     2.36659290e+02     1.23244905e+02   
    3.70000000e+04     9.25000000e+00     1.11247917e+03     2.99935487e+02     2.37491567e+02     1.23973945e+02   
    3.72000000e+04     9.30000000e+00     1.11247050e+03     3.02405999e+02     2.33871284e+02     1.19585577e+02   
    3.74000000e+04     9.35000000e+00     1.11248380e+03     3.04237547e+02     2.36372664e+02     1.22245239e+02   
    3.76000000e+04     9.40000000e+00     1.11247876e+03     3.03050772e+02     2.36227545e+02     1.22733709e+02   
    3.78000000e+04     9.45000000e+00     1.11247998e+03     2.97777190e+02     2.35112078e+02     1.22405007e+02   
    3.80000000e+04     9.50000000e+00     1.11248971e+03     3.03214874e+02     2.36364617e+02     1.23449940e+02   
    3.82000000e+04     9.55000000e+00     1.11250103e+03     2.98188620e+02     2.38365140e+02     1.24502066e+02   
    3.84000000e+04     9.60000000e+00     1.11249665e+03     2.98989447e+02     2.38244216e+02     1.24238497e+02   
    3.86000000e+04     9.65000000e+00     1.11249749e+03     3.01012609e+02     2.36134781e+02     1.22909401e+02   
    3.88000000e+04     9.70000000e+00     1.11250350e+03     3.00984967e+02     2.34627580e+02     1.23598769e+02   
    3.90000000e+04     9.75000000e+00     1.11251831e+03     3.03354291e+02     2.36065746e+02     1.24105388e+02   
    3.92000000e+04     9.80000000e+00     1.11252241e+03     2.98766367e+02     2.36777389e+02     1.22979738e+02   
    3.94000000e+04     9.85000000e+00     1.11251942e+03     2.99991873e+02     2.33918457e+02     1.21786658e+02   
    3.96000000e+04     9.90000000e+00     1.11253433e+03     3.01405826e+02     2.36857771e+02     1.25896190e+02   
    3.98000000e+04     9.95000000e+00     1.11252669e+03     2.97759873e+02     2.35338089e+02     1.24534662e+02   
    4.00000000e+04     1.00000000e+01     1.11254112e+03     2.99257962e+02     2.38896849e+02     1.26624790e+02   
    4.02000000e+04     1.00500000e+01     1.11250786e+03     3.02072114e+02     2.34908221e+02     1.21144535e+02   
    4.04000000e+04     1.01000000e+01     1.11248994e+03     2.99734970e+02     2.35527728e+02     1.21176711e+02   
    4.06000000e+04     1.01500000e+01     1.11249403e+03     2.99114211e+02     2.36288725e+02     1.21095908e+02   
    4.08000000e+04     1.02000000e+01     1.11252093e+03     2.98064550e+02     2.34252889e+02     1.20214776e+02   
    4.10000000e+04     1.02500000e+01     1.11253279e+03     3.00277588e+02     2.34816994e+02     1.22732743e+02   
    4.12000000e+04     1.03000000e+01     1.11255982e+03     2.97797102e+02     2.37616393e+02     1.26101835e+02   
    4.14000000e+04     1.03500000e+01     1.11255032e+03     2.97346726e+02     2.34563419e+02     1.21478087e+02   
    4.16000000e+04     1.04000000e+01     1.11255786e+03     2.98739872e+02     2.35838306e+02     1.22692067e+02   
    4.18000000e+04     1.04500000e+01     1.11255428e+03     2.98117893e+02     2.36018355e+02     1.22574704e+02   
    4.20000000e+04     1.05000000e+01     1.11254793e+03     2.99792319e+02     2.34587211e+02     1.21260187e+02   
    4.22000000e+04     1.05500000e+01     1.11255787e+03     3.02474219e+02     2.36879852e+02     1.22905583e+02   
    4.24000000e+04     1.06000000e+01     1.11256090e+03     3.01802381e+02     2.37549226e+02     1.23145846e+02   
    4.26000000e+04     1.06500000e+01     1.11255867e+03     3.02917510e+02     2.36458988e+02     1.22145946e+02   
    4.28000000e+04     1.07000000e+01     1.11258100e+03     2.98865186e+02     2.38118272e+02     1.24970975e+02   
    4.30000000e+04     1.07500000e+01     1.11259529e+03     2.96640452e+02     2.38131216e+02     1.25895056e+02   
    4.32000000e+04     1.08000000e+01     1.11259429e+03     3.02162172e+02     2.36075242e+02     1.22300549e+02   
    4.34000000e+04     1.08500000e+01     1.11258928e+03     2.98366858e+02     2.37184141e+02     1.25415647e+02   
    4.36000000e+04     1.09000000e+01     1.11256896e+03     3.02760339e+02     2.35220104e+02     1.21101699e+02   
    4.38000000e+04     1.09500000e+01     1.11256002e+03     2.99337830e+02     2.34992975e+02     1.20693872e+02   
    4.40000000e+04     1.10000000e+01     1.11256393e+03     3.02585029e+02     2.37082041e+02     1.22388837e+02   
    4.42000000e+04     1.10500000e+01     1.11255578e+03     3.01091150e+02     2.36344948e+02     1.21489550e+02   
    4.44000000e+04     1.11000000e+01     1.11256072e+03     3.03102296e+02     2.34475027e+02     1.21471341e+02   
    4.46000000e+04     1.11500000e+01     1.11257721e+03     3.00957330e+02     2.35643447e+02     1.21626763e+02   
    4.48000000e+04     1.12000000e+01     1.11258875e+03     2.98843578e+02     2.36044387e+02     1.22977514e+02   
    4.50000000e+04     1.12500000e+01     1.11259116e+03     2.98237996e+02     2.34051575e+02     1.21673621e+02   
    4.52000000e+04     1.13000000e+01     1.11259094e+03     3.01170472e+02     2.35470964e+02     1.21227108e+02   
    4.54000000e+04     1.13500000e+01     1.11259546e+03     2.97816280e+02     2.38071279e+02     1.23356560e+02   
    4.56000000e+04     1.14000000e+01     1.11257254e+03     3.00787789e+02     2.33889108e+02     1.17435229e+02   
    4.58000000e+04     1.14500000e+01     1.11258839e+03     3.00763213e+02     2.37464679e+02     1.20253789e+02   
    4.60000000e+04     1.15000000e+01     1.11259445e+03     2.97858946e+02     2.35222848e+02     1.21587030e+02   
    4.62000000e+04     1.15500000e+01     1.11259694e+03     2.98900723e+02     2.33182626e+02     1.18252198e+02   
    4.64000000e+04     1.16000000e+01     1.11262150e+03     3.00082251e+02     2.35855687e+02     1.23937005e+02   
    4.66000000e+04     1.16500000e+01     1.11262296e+03     3.04466154e+02     2.36865498e+02     1.21940481e+02   
    4.68000000e+04     1.17000000e+01     1.11260798e+03     3.00532695e+02     2.34733729e+02     1.20667227e+02   
    4.70000000e+04     1.17500000e+01     1.11258458e+03     2.99479389e+02     2.34788880e+02     1.19608166e+02   
    4.72000000e+04     1.18000000e+01     1.11259265e+03     3.01497262e+02     2.35721866e+02     1.20745850e+02   
    4.74000000e+04     1.18500000e+01     1.11261855e+03     3.01255986e+02     2.37528555e+02     1.23541295e+02   
    4.76000000e+04     1.19000000e+01     1.11262249e+03     3.00835317e+02     2.38693351e+02     1.24135857e+02   
    4.78000000e+04     1.19500000e+01     1.11259703e+03     3.03590996e+02     2.35781582e+02     1.20894052e+02   
    4.80000000e+04     1.20000000e+01     1.11259068e+03     3.01867538e+02     2.36804894e+02     1.20064255e+02   
    4.82000000e+04     1.20500000e+01     1.11259118e+03     3.02088910e+02     2.36725247e+02     1.21014300e+02   
    4.84000000e+04     1.21000000e+01     1.11259331e+03     2.97152817e+02     2.36437856e+02     1.21619398e+02   
    4.86000000e+04     1.21500000e+01     1.11259912e+03     3.01212156e+02     2.37590772e+02     1.22814715e+02   
    4.88000000e+04     1.22000000e+01     1.11258789e+03     3.03249720e+02     2.34985690e+02     1.20189206e+02   
    4.90000000e+04     1.22500000e+01     1.11258841e+03     3.01950976e+02     2.36044459e+02     1.20143143e+02   
    4.92000000e+04     1.23000000e+01     1.11259951e+03     2.98380230e+02     2.35779895e+02     1.22887973e+02   
    4.94000000e+04     1.23500000e+01     1.11258410e+03     2.99645629e+02     2.35747638e+02     1.22384834e+02   
    4.96000000e+04     1.24000000e+01     1.11258838e+03     2.99489480e+02     2.37015251e+02     1.25398738e+02   
    4.98000000e+04     1.24500000e+01     1.11257828e+03     2.99281849e+02     2.35707473e+02     1.21741598e+02   
    5.00000000e+04     1.25000000e+01     1.11256584e+03     2.99657926e+02     2.35194342e+02     1.22009942e+02   
    5.02000000e+04     1.25500000e+01     1.11258167e+03     2.98552261e+02     2.36435619e+02     1.23210233e+02   
    5.04000000e+04     1.26000000e+01     1.11259629e+03     3.01259563e+02     2.36566167e+02     1.24889123e+02   
    5.06000000e+04     1.26500000e+01     1.11259133e+03     2.98288411e+02     2.35800566e+02     1.23631371e+02   
    5.08000000e+04     1.27000000e+01     1.11259818e+03     3.02323073e+02     2.36451224e+02     1.24230503e+02   
    5.10000000e+04     1.27500000e+01     1.11260984e+03     2.99092701e+02     2.37075588e+02     1.25498027e+02   
    5.12000000e+04     1.28000000e+01     1.11260697e+03     2.98009943e+02     2.36249645e+02     1.23947061e+02   
    5.14000000e+04     1.28500000e+01     1.11262110e+03     3.00082876e+02     2.37122224e+02     1.25555868e+02   
    5.16000000e+04     1.29000000e+01     1.11263672e+03     3.00345850e+02     2.37093780e+02     1.27407244e+02   
    5.18000000e+04     1.29500000e+01     1.11261971e+03     3.00988981e+02     2.34740537e+02     1.22008323e+02   
    5.20000000e+04     1.30000000e+01     1.11263758e+03     2.97843555e+02     2.38184774e+02     1.25432957e+02   
    5.22000000e+04     1.30500000e+01     1.11263880e+03     2.98229341e+02     2.37190115e+02     1.23222800e+02   
    5.24000000e+04     1.31000000e+01     1.11264184e+03     2.98410502e+02     2.35395027e+02     1.22703796e+02   
    5.26000000e+04     1.31500000e+01     1.11264473e+03     2.96989921e+02     2.36051711e+02     1.22802940e+02   
    5.28000000e+04     1.32000000e+01     1.11264389e+03     3.00022707e+02     2.36753827e+02     1.23272993e+02   
    5.30000000e+04     1.32500000e+01     1.11263989e+03     3.00391842e+02     2.36750960e+02     1.22095412e+02   
    5.32000000e+04     1.33000000e+01     1.11263485e+03     3.03008641e+02     2.36689434e+02     1.21917330e+02   
    5.34000000e+04     1.33500000e+01     1.11264470e+03     3.00429238e+02     2.38202712e+02     1.24594807e+02   
    5.36000000e+04     1.34000000e+01     1.11264499e+03     3.01170568e+02     2.39547220e+02     1.26291956e+02   
    5.38000000e+04     1.34500000e+01     1.11264158e+03     3.00664375e+02     2.37855168e+02     1.25375726e+02   
    5.40000000e+04     1.35000000e+01     1.11263310e+03     3.01065856e+02     2.38372547e+02     1.24583801e+02   
    5.42000000e+04     1.35500000e+01     1.11264875e+03     3.03042648e+02     2.38039780e+02     1.23626922e+02   
    5.44000000e+04     1.36000000e+01     1.11264958e+03     3.00165355e+02     2.37202883e+02     1.22691304e+02   
    5.46000000e+04     1.36500000e+01     1.11266159e+03     3.00862446e+02     2.38166157e+02     1.24722121e+02   
    5.48000000e+04     1.37000000e+01     1.11264579e+03     3.01613660e+02     2.35962782e+02     1.22576047e+02   
    5.50000000e+04     1.37500000e+01     1.11264393e+03     2.99995722e+02     2.35535765e+02     1.23213653e+02   
    5.52000000e+04     1.38000000e+01     1.11264216e+03     2.98168934e+02     2.36865442e+02     1.20526981e+02   
    5.54000000e+04     1.38500000e+01     1.11264822e+03     2.99881046e+02     2.35170471e+02     1.21754697e+02   
    5.56000000e+04     1.39000000e+01     1.11264999e+03     3.02958724e+02     2.34491684e+02     1.19608407e+02   
    5.58000000e+04     1.39500000e+01     1.11265167e+03     3.01591368e+02     2.35104473e+02     1.21688884e+02   
    5.60000000e+04     1.40000000e+01     1.11264107e+03     2.98795086e+02     2.33620150e+02     1.20130615e+02   
    5.62000000e+04     1.40500000e+01     1.11264195e+03     3.00160917e+02     2.35785957e+02     1.21559241e+02   
    5.64000000e+04     1.41000000e+01     1.11264344e+03     3.01707061e+02     2.36724286e+02     1.21322672e+02   
    5.66000000e+04     1.41500000e+01     1.11265097e+03     3.01925775e+02     2.36791602e+02     1.22506289e+02   
    5.68000000e+04     1.42000000e+01     1.11264950e+03     3.02351008e+02     2.35704510e+02     1.21898561e+02   
    5.70000000e+04     1.42500000e+01     1.11266009e+03     3.03341678e+02     2.36812368e+02     1.22180711e+02   
    5.72000000e+04     1.43000000e+01     1.11267606e+03     3.00503259e+02     2.38163137e+02     1.24390152e+02   
    5.74000000e+04     1.43500000e+01     1.11266681e+03     2.99491465e+02     2.37710012e+02     1.22795557e+02   
    5.76000000e+04     1.44000000e+01     1.11266250e+03     2.97958576e+02     2.36008231e+02     1.24074485e+02   
    5.78000000e+04     1.44500000e+01     1.11266604e+03     3.00661992e+02     2.38627532e+02     1.25954039e+02   
    5.80000000e+04     1.45000000e+01     1.11265292e+03     2.98653777e+02     2.36376253e+02     1.23662230e+02   
    5.82000000e+04     1.45500000e+01     1.11264028e+03     3.02774866e+02     2.36912567e+02     1.22123411e+02   
    5.84000000e+04     1.46000000e+01     1.11264415e+03     3.00094705e+02     2.36533437e+02     1.23291905e+02   
    5.86000000e+04     1.46500000e+01     1.11264613e+03     2.97774038e+02     2.37136314e+02     1.24155034e+02   
    5.88000000e+04     1.47000000e+01     1.11265050e+03     3.02207512e+02     2.37532252e+02     1.23970668e+02   
    5.90000000e+04     1.47500000e+01     1.11265205e+03     2.97857754e+02     2.37890258e+02     1.25443085e+02   
    5.92000000e+04     1.48000000e+01     1.11263783e+03     3.01354358e+02     2.36735439e+02     1.20824573e+02   
    5.94000000e+04     1.48500000e+01     1.11263984e+03     3.01060254e+02     2.36450762e+02     1.23321021e+02   
    5.96000000e+04     1.49000000e+01     1.11264224e+03     2.99978662e+02     2.36716861e+02     1.21780717e+02   
    5.98000000e+04     1.49500000e+01     1.11265172e+03     3.00061055e+02     2.36165723e+02     1.23997050e+02   
    6.00000000e+04     1.50000000e+01     1.11265145e+03     2.99570168e+02     2.37263005e+02     1.24613865e+02   
    6.02000000e+04     1.50500000e+01     1.11263478e+03     2.98775016e+02     2.33658545e+02     1.20180229e+02   
    6.04000000e+04     1.51000000e+01     1.11263502e+03     3.00050949e+02     2.34946755e+02     1.22056814e+02   
    6.06000000e+04     1.51500000e+01     1.11264493e+03     2.98643928e+02     2.35646600e+02     1.20782690e+02   
    6.08000000e+04     1.52000000e+01     1.11267035e+03     2.98307054e+02     2.36878306e+02     1.23081098e+02   
    6.10000000e+04     1.52500000e+01     1.11267568e+03     2.99988488e+02     2.37052935e+02     1.22462693e+02   
    6.12000000e+04     1.53000000e+01     1.11267127e+03     3.02203594e+02     2.34627529e+02     1.20522475e+02   
    6.14000000e+04     1.53500000e+01     1.11267383e+03     2.97870562e+02     2.36908763e+02     1.22533445e+02   
    6.16000000e+04     1.54000000e+01     1.11267621e+03     2.98297591e+02     2.37726747e+02     1.24551364e+02   
    6.18000000e+04     1.54500000e+01     1.11267953e+03     3.01895293e+02     2.35674915e+02     1.21638957e+02   
    6.20000000e+04     1.55000000e+01     1.11268344e+03     3.00659542e+02     2.36115856e+02     1.22784286e+02   
    6.22000000e+04     1.55500000e+01     1.11269743e+03     3.03972496e+02     2.37806500e+02     1.24337334e+02   
    6.24000000e+04     1.56000000e+01     1.11268914e+03     3.01605329e+02     2.36068209e+02     1.21946305e+02   
    6.26000000e+04     1.56500000e+01     1.11268947e+03     2.98301595e+02     2.36428630e+02     1.22586592e+02   
    6.28000000e+04     1.57000000e+01     1.11269110e+03     3.00854990e+02     2.36234199e+02     1.22583743e+02   
    6.30000000e+04     1.57500000e+01     1.11269821e+03     2.97436415e+02     2.36111594e+02     1.22901238e+02   
    6.32000000e+04     1.58000000e+01     1.11269450e+03     2.98321858e+02     2.34624145e+02     1.22864355e+02   
    6.34000000e+04     1.58500000e+01     1.11269710e+03     2.98565165e+02     2.36137455e+02     1.22949580e+02   
    6.36000000e+04     1.59000000e+01     1.11269531e+03     2.99301165e+02     2.37359824e+02     1.23221731e+02   
    6.38000000e+04     1.59500000e+01     1.11268378e+03     3.01646664e+02     2.34653775e+02     1.19987903e+02   
    6.40000000e+04     1.60000000e+01     1.11269792e+03     2.98095407e+02     2.37192248e+02     1.25256198e+02   
    6.42000000e+04     1.60500000e+01     1.11270596e+03     2.95492408e+02     2.38084068e+02     1.25980631e+02   
    6.44000000e+04     1.61000000e+01     1.11269932e+03     3.00713392e+02     2.36846230e+02     1.23137024e+02   
    6.46000000e+04     1.61500000e+01     1.11269421e+03     3.01048342e+02     2.35636502e+02     1.21116688e+02   
    6.48000000e+04     1.62000000e+01     1.11268549e+03     3.01719610e+02     2.35114101e+02     1.20430264e+02   
    6.50000000e+04     1.62500000e+01     1.11269794e+03     3.00523398e+02     2.38665876e+02     1.24383866e+02   
    6.52000000e+04     1.63000000e+01     1.11269363e+03     2.98547860e+02     2.37444607e+02     1.23982910e+02   
    6.54000000e+04     1.63500000e+01     1.11269281e+03     2.99564684e+02     2.35903607e+02     1.23444817e+02   
    6.56000000e+04     1.64000000e+01     1.11269542e+03     2.96800378e+02     2.36512793e+02     1.22447152e+02   
    6.58000000e+04     1.64500000e+01     1.11271448e+03     3.01491804e+02     2.37859198e+02     1.23566833e+02   
    6.60000000e+04     1.65000000e+01     1.11272518e+03     2.97214425e+02     2.37412965e+02     1.23281095e+02   
    6.62000000e+04     1.65500000e+01     1.11273061e+03     3.01650749e+02     2.37981678e+02     1.24159768e+02   
    6.64000000e+04     1.66000000e+01     1.11272534e+03     3.01564881e+02     2.37263393e+02     1.23875636e+02   
    6.66000000e+04     1.66500000e+01     1.11270359e+03     3.02237843e+02     2.35727514e+02     1.23916977e+02   
    6.68000000e+04     1.67000000e+01     1.11269922e+03     3.02381425e+02     2.35062840e+02     1.20439196e+02   
    6.70000000e+04     1.67500000e+01     1.11270028e+03     3.00616740e+02     2.34573401e+02     1.21061585e+02   
    6.72000000e+04     1.68000000e+01     1.11272184e+03     2.98686182e+02     2.38134543e+02     1.25714827e+02   
    6.74000000e+04     1.68500000e+01     1.11271306e+03     3.00520173e+02     2.35076039e+02     1.21882141e+02   
    6.76000000e+04     1.69000000e+01     1.11272279e+03     3.00380276e+02     2.34747995e+02     1.22045892e+02   
    6.78000000e+04     1.69500000e+01     1.11272283e+03     3.02396053e+02     2.34884471e+02     1.19657002e+02   
    6.80000000e+04     1.70000000e+01     1.11272928e+03     3.00850372e+02     2.35777976e+02     1.21251268e+02   
    6.82000000e+04     1.70500000e+01     1.11274326e+03     2.98379150e+02     2.36501209e+02     1.23994840e+02   
    6.84000000e+04     1.71000000e+01     1.11273962e+03     3.00860638e+02     2.35869876e+02     1.25389522e+02   
    6.86000000e+04     1.71500000e+01     1.11273690e+03     3.00525584e+02     2.35734909e+02     1.23084457e+02   
    6.88000000e+04     1.72000000e+01     1.11272989e+03     3.01991478e+02     2.34339921e+02     1.22644868e+02   
    6.90000000e+04     1.72500000e+01     1.11274071e+03     3.02965283e+02     2.36274919e+02     1.26048876e+02   
    6.92000000e+04     1.73000000e+01     1.11274986e+03     2.98699132e+02     2.37176163e+02     1.26527388e+02   
    6.94000000e+04     1.73500000e+01     1.11274550e+03     2.97505181e+02     2.36136018e+02     1.26510468e+02   
    6.96000000e+04     1.74000000e+01     1.11273239e+03     3.01721519e+02     2.36363200e+02     1.24846454e+02   
    6.98000000e+04     1.74500000e+01     1.11272120e+03     2.97604624e+02     2.35436429e+02     1.24632869e+02   
    7.00000000e+04     1.75000000e+01     1.11270548e+03     2.98575428e+02     2.35724672e+02     1.24512519e+02   
    7.02000000e+04     1.75500000e+01     1.11268554e+03     2.97502701e+02     2.36889465e+02     1.24730642e+02   
    7.04000000e+04     1.76000000e+01     1.11267347e+03     2.99358465e+02     2.35271440e+02     1.24663135e+02   
    7.06000000e+04     1.76500000e+01     1.11267723e+03     3.00921948e+02     2.35307426e+02     1.23816859e+02   
    7.08000000e+04     1.77000000e+01     1.11267277e+03     3.00143754e+02     2.33725170e+02     1.23146121e+02   
    7.10000000e+04     1.77500000e+01     1.11267711e+03     2.98485208e+02     2.33700708e+02     1.21535252e+02   
    7.12000000e+04     1.78000000e+01     1.11269784e+03     3.02315793e+02     2.38114709e+02     1.26972567e+02   
    7.14000000e+04     1.78500000e+01     1.11269550e+03     3.00137862e+02     2.35263864e+02     1.22188665e+02   
    7.16000000e+04     1.79000000e+01     1.11270140e+03     3.03608112e+02     2.37330279e+02     1.24733722e+02   
    7.18000000e+04     1.79500000e+01     1.11269442e+03     2.98303682e+02     2.36162340e+02     1.22159640e+02   
    7.20000000e+04     1.80000000e+01     1.11269116e+03     2.99979898e+02     2.35268135e+02     1.21100791e+02   
    7.22000000e+04     1.80500000e+01     1.11269675e+03     2.99595235e+02     2.35050823e+02     1.21418690e+02   
    7.24000000e+04     1.81000000e+01     1.11270463e+03     2.98825357e+02     2.36658220e+02     1.23657437e+02   
    7.26000000e+04     1.81500000e+01     1.11271409e+03     2.97304385e+02     2.33833751e+02     1.24620147e+02   
    7.28000000e+04     1.82000000e+01     1.11272723e+03     3.00320010e+02     2.36466958e+02     1.25878081e+02   
    7.30000000e+04     1.82500000e+01     1.11271532e+03     2.97946117e+02     2.33768655e+02     1.24740127e+02   
    7.32000000e+04     1.83000000e+01     1.11270897e+03     2.98657128e+02     2.36312951e+02     1.22699268e+02   
    7.34000000e+04     1.83500000e+01     1.11271406e+03     2.96748496e+02     2.34902585e+02     1.25776789e+02   
    7.36000000e+04     1.84000000e+01     1.11271279e+03     3.01215830e+02     2.36213477e+02     1.26014397e+02   
    7.38000000e+04     1.84500000e+01     1.11271429e+03     3.00273013e+02     2.36946974e+02     1.26495050e+02   
    7.40000000e+04     1.85000000e+01     1.11269935e+03     2.96965653e+02     2.36326337e+02     1.24808962e+02   
    7.42000000e+04     1.85500000e+01     1.11270835e+03     3.00028468e+02     2.37999408e+02     1.27421179e+02   
    7.44000000e+04     1.86000000e+01     1.11269917e+03     3.00528254e+02     2.35370920e+02     1.25172945e+02   
    7.46000000e+04     1.86500000e+01     1.11269520e+03     2.98512501e+02     2.35484205e+02     1.23795475e+02   
    7.48000000e+04     1.87000000e+01     1.11270055e+03     2.99999925e+02     2.36514361e+02     1.26158420e+02   
    7.50000000e+04     1.87500000e+01     1.11270238e+03     2.97714673e+02     2.38137322e+02     1.26279297e+02   
    7.52000000e+04     1.88000000e+01     1.11269149e+03     3.01420337e+02     2.36784488e+02     1.25398200e+02   
    7.54000000e+04     1.88500000e+01     1.11268884e+03     2.98600293e+02     2.35983071e+02     1.25138390e+02   
    7.56000000e+04     1.89000000e+01     1.11267710e+03     2.95846016e+02     2.34803567e+02     1.24758434e+02   
    7.58000000e+04     1.89500000e+01     1.11268495e+03     2.98352988e+02     2.35295021e+02     1.23543990e+02   
    7.60000000e+04     1.90000000e+01     1.11269514e+03     3.00460246e+02     2.37261048e+02     1.25236867e+02   
    7.62000000e+04     1.90500000e+01     1.11269218e+03     3.00367464e+02     2.37088389e+02     1.23542220e+02   
    7.64000000e+04     1.91000000e+01     1.11268123e+03     2.97719331e+02     2.35531484e+02     1.20952660e+02   
    7.66000000e+04     1.91500000e+01     1.11268799e+03     3.00749174e+02     2.36426436e+02     1.23815173e+02   
    7.68000000e+04     1.92000000e+01     1.11268650e+03     3.00460247e+02     2.36447526e+02     1.22939444e+02   
    7.70000000e+04     1.92500000e+01     1.11269588e+03     3.00208377e+02     2.37425090e+02     1.24831987e+02   
    7.72000000e+04     1.93000000e+01     1.11267422e+03     3.02796055e+02     2.35640575e+02     1.22477246e+02   
    7.74000000e+04     1.93500000e+01     1.11268692e+03     2.98726741e+02     2.38403017e+02     1.25841353e+02   
    7.76000000e+04     1.94000000e+01     1.11268275e+03     2.96918327e+02     2.35354437e+02     1.22260661e+02   
    7.78000000e+04     1.94500000e+01     1.11268085e+03     3.01302686e+02     2.34919570e+02     1.22305464e+02   
    7.80000000e+04     1.95000000e+01     1.11269001e+03     3.00321910e+02     2.37053624e+02     1.23733992e+02   
    7.82000000e+04     1.95500000e+01     1.11268835e+03     2.99652102e+02     2.37552647e+02     1.22485568e+02   
    7.84000000e+04     1.96000000e+01     1.11268488e+03     2.99615545e+02     2.36779201e+02     1.22692492e+02   
    7.86000000e+04     1.96500000e+01     1.11268773e+03     2.99693417e+02     2.36805973e+02     1.22710811e+02   
    7.88000000e+04     1.97000000e+01     1.11268631e+03     3.00126607e+02     2.34558457e+02     1.24768399e+02   
    7.90000000e+04     1.97500000e+01     1.11268366e+03     3.02551970e+02     2.35545760e+02     1.21379910e+02   
    7.92000000e+04     1.98000000e+01     1.11270077e+03     2.98008183e+02     2.36363205e+02     1.22761867e+02   
    7.94000000e+04     1.98500000e+01     1.11270074e+03     2.99116803e+02     2.35670234e+02     1.21204602e+02   
    7.96000000e+04     1.99000000e+01     1.11270835e+03     3.00442876e+02     2.37486752e+02     1.23798041e+02   
    7.98000000e+04     1.99500000e+01     1.11270250e+03     3.00542392e+02     2.36448620e+02     1.23589742e+02   
    8.00000000e+04     2.00000000e+01     1.11270362e+03     2.97429803e+02     2.35272079e+02     1.22120980e+02   
