# column   1     --> step : The current simulation time step.
# column   2     --> time{picosecond} : The elapsed simulation time.
# column   3     --> conserved{electronvolt} : The value of the conserved energy quantity per bead.
# column   4     --> temperature{kelvin} : The current temperature, as obtained from the MD kinetic energy.
# column   5     --> kinetic_cv{electronvolt} : The centroid-virial quantum kinetic energy of the physical system.
# column   6     --> potential{electronvolt} : The physical system potential energy.
    0.00000000e+00     0.00000000e+00     1.11157257e+03     3.04273373e+02     2.35272155e+02     1.22121081e+02   
    2.00000000e+02     5.00000000e-02     1.11156624e+03     2.98213645e+02     2.35571250e+02     1.22755546e+02   
    4.00000000e+02     1.00000000e-01     1.11157030e+03     3.03385305e+02     2.35704290e+02     1.23051076e+02   
    6.00000000e+02     1.50000000e-01     1.11155972e+03     3.01015983e+02     2.34636667e+02     1.22158853e+02   
    8.00000000e+02     2.00000000e-01     1.11156151e+03     3.00616031e+02     2.36004052e+02     1.24621010e+02   
    1.00000000e+03     2.50000000e-01     1.11155293e+03     3.03507743e+02     2.35366546e+02     1.23881470e+02   
    1.20000000e+03     3.00000000e-01     1.11154623e+03     2.99573517e+02     2.35436844e+02     1.24243303e+02   
    1.40000000e+03     3.50000000e-01     1.11153951e+03     3.02003898e+02     2.35867315e+02     1.22547169e+02   
    1.60000000e+03     4.00000000e-01     1.11153303e+03     3.00270235e+02     2.35258904e+02     1.21436862e+02   
    1.80000000e+03     4.50000000e-01     1.11153249e+03     2.98947630e+02     2.35676898e+02     1.23416296e+02   
    2.00000000e+03     5.00000000e-01     1.11154252e+03     2.99005756e+02     2.36927742e+02     1.25065682e+02   
    2.20000000e+03     5.50000000e-01     1.11154122e+03     2.96097296e+02     2.35694188e+02     1.21626388e+02   
    2.40000000e+03     6.00000000e-01     1.11154358e+03     3.02013311e+02     2.36552155e+02     1.22901607e+02   
    2.60000000e+03     6.50000000e-01     1.11155681e+03     3.01184757e+02     2.36119195e+02     1.22066267e+02   
    2.80000000e+03     7.00000000e-01     1.11156673e+03     3.01072952e+02     2.37812112e+02     1.26357200e+02   
    3.00000000e+03     7.50000000e-01     1.11155034e+03     2.99925499e+02     2.35085384e+02     1.22519589e+02   
    3.20000000e+03     8.00000000e-01     1.11155362e+03     2.99286813e+02     2.36517600e+02     1.24922398e+02   
    3.40000000e+03     8.50000000e-01     1.11155049e+03     3.02016175e+02     2.36408139e+02     1.22696335e+02   
    3.60000000e+03     9.00000000e-01     1.11154045e+03     2.98698879e+02     2.36546425e+02     1.23683417e+02   
    3.80000000e+03     9.50000000e-01     1.11154121e+03     3.00635382e+02     2.36790761e+02     1.24128412e+02   
    4.00000000e+03     1.00000000e+00     1.11153078e+03     3.00804848e+02     2.35090422e+02     1.24318527e+02   
    4.20000000e+03     1.05000000e+00     1.11152519e+03     3.00274519e+02     2.36076001e+02     1.25736634e+02   
    4.40000000e+03     1.10000000e+00     1.11153618e+03     2.97689909e+02     2.36872857e+02     1.27195219e+02   
    4.60000000e+03     1.15000000e+00     1.11153408e+03     2.98512802e+02     2.36786139e+02     1.28130683e+02   
    4.80000000e+03     1.20000000e+00     1.11152717e+03     3.00877781e+02     2.37050577e+02     1.26712837e+02   
    5.00000000e+03     1.25000000e+00     1.11153306e+03     2.99434121e+02     2.35273935e+02     1.25307045e+02   
    5.20000000e+03     1.30000000e+00     1.11154704e+03     3.01825815e+02     2.36493430e+02     1.26546864e+02   
    5.40000000e+03     1.35000000e+00     1.11154136e+03     3.01511817e+02     2.36544768e+02     1.26698017e+02   
    5.60000000e+03     1.40000000e+00     1.11154442e+03     3.01467844e+02     2.36047205e+02     1.23944701e+02   
    5.80000000e+03     1.45000000e+00     1.11153383e+03     2.98435758e+02     2.33576650e+02     1.21861317e+02   
    6.00000000e+03     1.50000000e+00     1.11154830e+03     3.00699491e+02     2.37748570e+02     1.26783362e+02   
    6.20000000e+03     1.55000000e+00     1.11155454e+03     2.95766165e+02     2.34950085e+02     1.24935039e+02   
    6.40000000e+03     1.60000000e+00     1.11156499e+03     2.99324843e+02     2.35786160e+02     1.25175761e+02   
    6.60000000e+03     1.65000000e+00     1.11155956e+03     2.99527717e+02     2.36294412e+02     1.24452754e+02   
    6.80000000e+03     1.70000000e+00     1.11156190e+03     2.99756210e+02     2.37317853e+02     1.25471668e+02   
    7.00000000e+03     1.75000000e+00     1.11156192e+03     3.01959468e+02     2.36248884e+02     1.23884143e+02   
    7.20000000e+03     1.80000000e+00     1.11155751e+03     3.01056974e+02     2.34866310e+02     1.24714001e+02   
    7.40000000e+03     1.85000000e+00     1.11157018e+03     2.97139302e+02     2.37501062e+02     1.26791968e+02   
    7.60000000e+03     1.90000000e+00     1.11157956e+03     3.03091206e+02     2.35660250e+02     1.23948588e+02   
    7.80000000e+03     1.95000000e+00     1.11158635e+03     3.02761553e+02     2.37375157e+02     1.24285654e+02   
    8.00000000e+03     2.00000000e+00     1.11157518e+03     3.02121466e+02     2.36933208e+02     1.24442281e+02   
    8.20000000e+03     2.05000000e+00     1.11156291e+03     2.99130084e+02     2.36258065e+02     1.23038701e+02   
    8.40000000e+03     2.10000000e+00     1.11156728e+03     3.01840345e+02     2.35393069e+02     1.24343695e+02   
    8.60000000e+03     2.15000000e+00     1.11155384e+03     2.98593433e+02     2.35488327e+02     1.23617368e+02   
    8.80000000e+03     2.20000000e+00     1.11156396e+03     2.97360732e+02     2.34774029e+02     1.23574072e+02   
    9.00000000e+03     2.25000000e+00     1.11157036e+03     2.98506484e+02     2.35907217e+02     1.24994804e+02   
    9.20000000e+03     2.30000000e+00     1.11158527e+03     3.02121930e+02     2.36187876e+02     1.23809874e+02   
    9.40000000e+03     2.35000000e+00     1.11159064e+03     3.01026774e+02     2.36326437e+02     1.23365379e+02   
    9.60000000e+03     2.40000000e+00     1.11159555e+03     3.01919162e+02     2.36510492e+02     1.22266584e+02   
    9.80000000e+03     2.45000000e+00     1.11159489e+03     3.02954777e+02     2.35155208e+02     1.21260451e+02   
    1.00000000e+04     2.50000000e+00     1.11160379e+03     3.00460499e+02     2.35180341e+02     1.21109266e+02   
    1.02000000e+04     2.55000000e+00     1.11161519e+03     2.99497597e+02     2.37215956e+02     1.24646485e+02   
    1.04000000e+04     2.60000000e+00     1.11161858e+03     2.98737786e+02     2.37836407e+02     1.24441623e+02   
    1.06000000e+04     2.65000000e+00     1.11161564e+03     3.01891206e+02     2.35187533e+02     1.23257835e+02   
    1.08000000e+04     2.70000000e+00     1.11162656e+03     2.96526719e+02     2.38180652e+02     1.25601543e+02   
    1.10000000e+04     2.75000000e+00     1.11162002e+03     3.03417633e+02     2.37266309e+02     1.22405665e+02   
    1.12000000e+04     2.80000000e+00     1.11162576e+03     3.00194860e+02     2.37495388e+02     1.23609150e+02   
    1.14000000e+04     2.85000000e+00     1.11163222e+03     3.05503819e+02     2.36489768e+02     1.21663943e+02   
    1.16000000e+04     2.90000000e+00     1.11164395e+03     3.02533146e+02     2.36280223e+02     1.22544147e+02   
    1.18000000e+04     2.95000000e+00     1.11164702e+03     2.97704568e+02     2.36823312e+02     1.23017861e+02   
    1.20000000e+04     3.00000000e+00     1.11163782e+03     3.00431243e+02     2.34982049e+02     1.21169478e+02   
    1.22000000e+04     3.05000000e+00     1.11162476e+03     3.00325677e+02     2.35352424e+02     1.22552153e+02   
    1.24000000e+04     3.10000000e+00     1.11162250e+03     3.01199427e+02     2.35157382e+02     1.24475723e+02   
    1.26000000e+04     3.15000000e+00     1.11160911e+03     3.01269804e+02     2.36292929e+02     1.23939078e+02   
    1.28000000e+04     3.20000000e+00     1.11159739e+03     2.97124503e+02     2.35602726e+02     1.22274503e+02   
    1.30000000e+04     3.25000000e+00     1.11161293e+03     3.02665475e+02     2.35543755e+02     1.21456823e+02   
    1.32000000e+04     3.30000000e+00     1.11162808e+03     2.99990951e+02     2.36147009e+02     1.22107302e+02   
    1.34000000e+04     3.35000000e+00     1.11162723e+03     2.98621217e+02     2.36329419e+02     1.23372828e+02   
    1.36000000e+04     3.40000000e+00     1.11163658e+03     3.02107277e+02     2.35766722e+02     1.23707619e+02   
    1.38000000e+04     3.45000000e+00     1.11166119e+03     3.04456423e+02     2.37838572e+02     1.26112382e+02   
    1.40000000e+04     3.50000000e+00     1.11166626e+03     3.03786983e+02     2.37133041e+02     1.23487534e+02   
    1.42000000e+04     3.55000000e+00     1.11168126e+03     3.03117272e+02     2.34755322e+02     1.23102476e+02   
    1.44000000e+04     3.60000000e+00     1.11168385e+03     3.01252208e+02     2.34519817e+02     1.21022808e+02   
    1.46000000e+04     3.65000000e+00     1.11169712e+03     2.99554479e+02     2.36712202e+02     1.25655432e+02   
    1.48000000e+04     3.70000000e+00     1.11168869e+03     3.02056511e+02     2.36939615e+02     1.25262444e+02   
    1.50000000e+04     3.75000000e+00     1.11169613e+03     3.01477582e+02     2.36998184e+02     1.27010888e+02   
    1.52000000e+04     3.80000000e+00     1.11168950e+03     3.00800752e+02     2.37227153e+02     1.24906440e+02   
    1.54000000e+04     3.85000000e+00     1.11169026e+03     3.01553772e+02     2.37076045e+02     1.23583414e+02   
    1.56000000e+04     3.90000000e+00     1.11167657e+03     3.02875486e+02     2.35146549e+02     1.22842227e+02   
    1.58000000e+04     3.95000000e+00     1.11167211e+03     3.00968235e+02     2.35431933e+02     1.22441606e+02   
    1.60000000e+04     4.00000000e+00     1.11166553e+03     3.01750541e+02     2.36000307e+02     1.23155988e+02   
    1.62000000e+04     4.05000000e+00     1.11166975e+03     2.99911661e+02     2.36618449e+02     1.24020141e+02   
    1.64000000e+04     4.10000000e+00     1.11167371e+03     3.02794471e+02     2.35896671e+02     1.22070320e+02   
    1.66000000e+04     4.15000000e+00     1.11167643e+03     2.97814896e+02     2.33814645e+02     1.22215219e+02   
    1.68000000e+04     4.20000000e+00     1.11168258e+03     2.98800156e+02     2.33742046e+02     1.21978579e+02   
    1.70000000e+04     4.25000000e+00     1.11170122e+03     2.96113414e+02     2.36678575e+02     1.25137415e+02   
    1.72000000e+04     4.30000000e+00     1.11170028e+03     2.98128806e+02     2.36372814e+02     1.22020525e+02   
    1.74000000e+04     4.35000000e+00     1.11168999e+03     2.98864392e+02     2.34035743e+02     1.20007568e+02   
    1.76000000e+04     4.40000000e+00     1.11170677e+03     2.99006269e+02     2.36821477e+02     1.23015142e+02   
    1.78000000e+04     4.45000000e+00     1.11171240e+03     3.01148412e+02     2.38104358e+02     1.25680431e+02   
    1.80000000e+04     4.50000000e+00     1.11170708e+03     2.98037070e+02     2.36409848e+02     1.25337376e+02   
    1.82000000e+04     4.55000000e+00     1.11170362e+03     3.01789207e+02     2.36904602e+02     1.23660006e+02   
    1.84000000e+04     4.60000000e+00     1.11170802e+03     3.02261769e+02     2.34066322e+02     1.21104153e+02   
    1.86000000e+04     4.65000000e+00     1.11172766e+03     3.02509035e+02     2.34617992e+02     1.21945888e+02   
    1.88000000e+04     4.70000000e+00     1.11174906e+03     3.03062851e+02     2.35091696e+02     1.23915760e+02   
    1.90000000e+04     4.75000000e+00     1.11175765e+03     2.99334255e+02     2.37732483e+02     1.25765880e+02   
    1.92000000e+04     4.80000000e+00     1.11173717e+03     3.02850522e+02     2.35283562e+02     1.21410377e+02   
    1.94000000e+04     4.85000000e+00     1.11174484e+03     3.02595255e+02     2.35828454e+02     1.21778864e+02   
    1.96000000e+04     4.90000000e+00     1.11173917e+03     3.02312635e+02     2.34947116e+02     1.21971923e+02   
    1.98000000e+04     4.95000000e+00     1.11173633e+03     3.04616496e+02     2.35109184e+02     1.22264547e+02   
    2.00000000e+04     5.00000000e+00     1.11174121e+03     2.99299170e+02     2.35638655e+02     1.22640838e+02   
    2.02000000e+04     5.05000000e+00     1.11173868e+03     3.02188871e+02     2.35630513e+02     1.20899789e+02   
    2.04000000e+04     5.10000000e+00     1.11175648e+03     3.03265256e+02     2.38912273e+02     1.25803490e+02   
    2.06000000e+04     5.15000000e+00     1.11175912e+03     3.01542132e+02     2.35803437e+02     1.22841172e+02   
    2.08000000e+04     5.20000000e+00     1.11177442e+03     3.03914220e+02     2.36573419e+02     1.23698655e+02   
    2.10000000e+04     5.25000000e+00     1.11177534e+03     3.00449318e+02     2.36019913e+02     1.23336874e+02   
    2.12000000e+04     5.30000000e+00     1.11177658e+03     2.99557769e+02     2.35518247e+02     1.23460670e+02   
    2.14000000e+04     5.35000000e+00     1.11178300e+03     3.02188355e+02     2.37381621e+02     1.24882840e+02   
    2.16000000e+04     5.40000000e+00     1.11177404e+03     3.00517717e+02     2.35883306e+02     1.24522371e+02   
    2.18000000e+04     5.45000000e+00     1.11176547e+03     2.99256742e+02     2.34416632e+02     1.22845833e+02   
    2.20000000e+04     5.50000000e+00     1.11176793e+03     3.00856982e+02     2.34691656e+02     1.25578221e+02   
    2.22000000e+04     5.55000000e+00     1.11175937e+03     3.02246416e+02     2.37061900e+02     1.25852386e+02   
    2.24000000e+04     5.60000000e+00     1.11175181e+03     2.98769766e+02     2.35410918e+02     1.25485303e+02   
    2.26000000e+04     5.65000000e+00     1.11175714e+03     2.97978455e+02     2.35477430e+02     1.22103924e+02   
    2.28000000e+04     5.70000000e+00     1.11177476e+03     3.01308651e+02     2.38152626e+02     1.27274153e+02   
    2.30000000e+04     5.75000000e+00     1.11176700e+03     3.04735065e+02     2.37050191e+02     1.26085233e+02   
    2.32000000e+04     5.80000000e+00     1.11176123e+03     3.01758826e+02     2.36799540e+02     1.26533324e+02   
    2.34000000e+04     5.85000000e+00     1.11175476e+03     3.01898242e+02     2.35194725e+02     1.24787622e+02   
    2.36000000e+04     5.90000000e+00     1.11175262e+03     3.04258352e+02     2.36057080e+02     1.24450627e+02   
    2.38000000e+04     5.95000000e+00     1.11175678e+03     2.99241405e+02     2.36185700e+02     1.24699997e+02   
    2.40000000e+04     6.00000000e+00     1.11175640e+03     3.03488136e+02     2.37547708e+02     1.25632290e+02   
    2.42000000e+04     6.05000000e+00     1.11176197e+03     3.02473130e+02     2.35895877e+02     1.25193548e+02   
    2.44000000e+04     6.10000000e+00     1.11175180e+03     3.05197956e+02     2.35487100e+02     1.24281978e+02   
    2.46000000e+04     6.15000000e+00     1.11176299e+03     3.01074482e+02     2.37375600e+02     1.26866276e+02   
    2.48000000e+04     6.20000000e+00     1.11175606e+03     3.01389380e+02     2.36267767e+02     1.25623110e+02   
    2.50000000e+04     6.25000000e+00     1.11177006e+03     2.99575693e+02     2.37496606e+02     1.27475688e+02   
    2.52000000e+04     6.30000000e+00     1.11177470e+03     2.99187679e+02     2.35628054e+02     1.24933764e+02   
    2.54000000e+04     6.35000000e+00     1.11177146e+03     2.98208991e+02     2.36021083e+02     1.25136671e+02   
    2.56000000e+04     6.40000000e+00     1.11176581e+03     3.02081342e+02     2.35902326e+02     1.25370181e+02   
    2.58000000e+04     6.45000000e+00     1.11177218e+03     3.00038566e+02     2.36854789e+02     1.25923090e+02   
    2.60000000e+04     6.50000000e+00     1.11176872e+03     3.02918100e+02     2.36746916e+02     1.26327365e+02   
    2.62000000e+04     6.55000000e+00     1.11176285e+03     3.00630614e+02     2.37424007e+02     1.27023963e+02   
    2.64000000e+04     6.60000000e+00     1.11174362e+03     2.99382355e+02     2.36782995e+02     1.25663198e+02   
    2.66000000e+04     6.65000000e+00     1.11174324e+03     3.01569359e+02     2.37633960e+02     1.26118379e+02   
    2.68000000e+04     6.70000000e+00     1.11173262e+03     3.04295487e+02     2.37565448e+02     1.26425717e+02   
    2.70000000e+04     6.75000000e+00     1.11172275e+03     3.01410169e+02     2.36621955e+02     1.23488578e+02   
    2.72000000e+04     6.80000000e+00     1.11171966e+03     3.02138276e+02     2.35689937e+02     1.23542567e+02   
    2.74000000e+04     6.85000000e+00     1.11172469e+03     3.00241775e+02     2.36379055e+02     1.24993093e+02   
    2.76000000e+04     6.90000000e+00     1.11173643e+03     3.01056988e+02     2.36423593e+02     1.24372363e+02   
    2.78000000e+04     6.95000000e+00     1.11175572e+03     3.00062967e+02     2.38382959e+02     1.27035858e+02   
    2.80000000e+04     7.00000000e+00     1.11174340e+03     3.03126595e+02     2.36742504e+02     1.24582409e+02   
    2.82000000e+04     7.05000000e+00     1.11175940e+03     2.97016109e+02     2.36645006e+02     1.25003676e+02   
    2.84000000e+04     7.10000000e+00     1.11175803e+03     3.00788685e+02     2.35905729e+02     1.24788545e+02   
    2.86000000e+04     7.15000000e+00     1.11177115e+03     3.03501037e+02     2.36094714e+02     1.24991869e+02   
    2.88000000e+04     7.20000000e+00     1.11176289e+03     3.01570657e+02     2.35869566e+02     1.25402324e+02   
    2.90000000e+04     7.25000000e+00     1.11176677e+03     3.00491412e+02     2.34883043e+02     1.24407743e+02   
    2.92000000e+04     7.30000000e+00     1.11176002e+03     3.00351792e+02     2.36070454e+02     1.26283772e+02   
    2.94000000e+04     7.35000000e+00     1.11175880e+03     2.99989476e+02     2.34318124e+02     1.25569541e+02   
    2.96000000e+04     7.40000000e+00     1.11175988e+03     3.00527498e+02     2.38038335e+02     1.28668885e+02   
    2.98000000e+04     7.45000000e+00     1.11173980e+03     3.01437428e+02     2.37165856e+02     1.25533706e+02   
    3.00000000e+04     7.50000000e+00     1.11172904e+03     3.02380259e+02     2.36946816e+02     1.26005142e+02   
    3.02000000e+04     7.55000000e+00     1.11171866e+03     3.02892271e+02     2.35288546e+02     1.25489752e+02   
    3.04000000e+04     7.60000000e+00     1.11173066e+03     2.99868756e+02     2.35652724e+02     1.27155646e+02   
    3.06000000e+04     7.65000000e+00     1.11172463e+03     2.99799613e+02     2.36128225e+02     1.25528224e+02   
    3.08000000e+04     7.70000000e+00     1.11172812e+03     3.03275109e+02     2.36186274e+02     1.26485022e+02   
    3.10000000e+04     7.75000000e+00     1.11171784e+03     3.01538055e+02     2.37130089e+02     1.25973967e+02   
    3.12000000e+04     7.80000000e+00     1.11171957e+03     3.00170257e+02     2.36704031e+02     1.25648598e+02   
    3.14000000e+04     7.85000000e+00     1.11171916e+03     2.98853287e+02     2.37021025e+02     1.25439207e+02   
    3.16000000e+04     7.90000000e+00     1.11171583e+03     3.04220174e+02     2.36325341e+02     1.25480965e+02   
    3.18000000e+04     7.95000000e+00     1.11173358e+03     3.01735267e+02     2.36754193e+02     1.26411198e+02   
    3.20000000e+04     8.00000000e+00     1.11173612e+03     3.05055064e+02     2.37987820e+02     1.25467132e+02   
    3.22000000e+04     8.05000000e+00     1.11175622e+03     3.00979885e+02     2.39636115e+02     1.27498769e+02   
    3.24000000e+04     8.10000000e+00     1.11176306e+03     3.01693324e+02     2.37317291e+02     1.24590831e+02   
    3.26000000e+04     8.15000000e+00     1.11177290e+03     3.00775776e+02     2.36854362e+02     1.25870294e+02   
    3.28000000e+04     8.20000000e+00     1.11177286e+03     3.02814944e+02     2.35118649e+02     1.23522108e+02   
    3.30000000e+04     8.25000000e+00     1.11179455e+03     3.01052536e+02     2.37304316e+02     1.25502994e+02   
    3.32000000e+04     8.30000000e+00     1.11179159e+03     3.00335325e+02     2.36249379e+02     1.24945520e+02   
    3.34000000e+04     8.35000000e+00     1.11179789e+03     3.01053777e+02     2.37050284e+02     1.27677824e+02   
    3.36000000e+04     8.40000000e+00     1.11179054e+03     2.96477262e+02     2.36659296e+02     1.27132397e+02   
    3.38000000e+04     8.45000000e+00     1.11178600e+03     2.99113101e+02     2.35528085e+02     1.23809475e+02   
    3.40000000e+04     8.50000000e+00     1.11179361e+03     3.01193579e+02     2.36142026e+02     1.24368698e+02   
    3.42000000e+04     8.55000000e+00     1.11178807e+03     2.98877473e+02     2.35649896e+02     1.23979237e+02   
    3.44000000e+04     8.60000000e+00     1.11178692e+03     2.99156286e+02     2.36380339e+02     1.26171145e+02   
    3.46000000e+04     8.65000000e+00     1.11177598e+03     3.01373715e+02     2.35312128e+02     1.23396180e+02   
    3.48000000e+04     8.70000000e+00     1.11175693e+03     3.00169028e+02     2.35332916e+02     1.23277161e+02   
    3.50000000e+04     8.75000000e+00     1.11176460e+03     3.00428256e+02     2.37889003e+02     1.25253342e+02   
    3.52000000e+04     8.80000000e+00     1.11175509e+03     3.00986888e+02     2.34479253e+02     1.22425440e+02   
    3.54000000e+04     8.85000000e+00     1.11178323e+03     3.01232516e+02     2.35186475e+02     1.24290738e+02   
    3.56000000e+04     8.90000000e+00     1.11181257e+03     3.00003296e+02     2.39148149e+02     1.29080944e+02   
    3.58000000e+04     8.95000000e+00     1.11179083e+03     3.03434018e+02     2.34496415e+02     1.23901678e+02   
    3.60000000e+04     9.00000000e+00     1.11180829e+03     3.02503433e+02     2.38180126e+02     1.27021535e+02   
    3.62000000e+04     9.05000000e+00     1.11181271e+03     3.03999018e+02     2.36636236e+02     1.25470198e+02   
    3.64000000e+04     9.10000000e+00     1.11181122e+03     3.02981686e+02     2.35967882e+02     1.24742238e+02   
    3.66000000e+04     9.15000000e+00     1.11183282e+03     3.02688918e+02     2.36876648e+02     1.27088549e+02   
    3.68000000e+04     9.20000000e+00     1.11183372e+03     3.02882622e+02     2.35685249e+02     1.26242634e+02   
    3.70000000e+04     9.25000000e+00     1.11184195e+03     3.00930464e+02     2.36630132e+02     1.27320546e+02   
    3.72000000e+04     9.30000000e+00     1.11183132e+03     3.04042998e+02     2.34562928e+02     1.22896199e+02   
    3.74000000e+04     9.35000000e+00     1.11182847e+03     3.05132194e+02     2.35127788e+02     1.24363217e+02   
    3.76000000e+04     9.40000000e+00     1.11181092e+03     3.03465267e+02     2.35653969e+02     1.23918838e+02   
    3.78000000e+04     9.45000000e+00     1.11181409e+03     2.98458350e+02     2.36125383e+02     1.28391338e+02   
    3.80000000e+04     9.50000000e+00     1.11179936e+03     3.02538356e+02     2.35735074e+02     1.24464835e+02   
    3.82000000e+04     9.55000000e+00     1.11179475e+03     3.00155584e+02     2.36126477e+02     1.25720132e+02   
    3.84000000e+04     9.60000000e+00     1.11179778e+03     2.99294659e+02     2.37220105e+02     1.26505872e+02   
    3.86000000e+04     9.65000000e+00     1.11179809e+03     3.01114049e+02     2.36891699e+02     1.26999401e+02   
    3.88000000e+04     9.70000000e+00     1.11179904e+03     2.99795874e+02     2.37051063e+02     1.28346236e+02   
    3.90000000e+04     9.75000000e+00     1.11181289e+03     3.02783694e+02     2.38326901e+02     1.29956272e+02   
    3.92000000e+04     9.80000000e+00     1.11182038e+03     2.98327067e+02     2.37677603e+02     1.28831308e+02   
    3.94000000e+04     9.85000000e+00     1.11182030e+03     2.98736192e+02     2.35160635e+02     1.26708891e+02   
    3.96000000e+04     9.90000000e+00     1.11184337e+03     3.02508988e+02     2.35643071e+02     1.26886169e+02   
    3.98000000e+04     9.95000000e+00     1.11184573e+03     2.99250633e+02     2.36060763e+02     1.28582812e+02   
    4.00000000e+04     1.00000000e+01     1.11185714e+03     3.00671736e+02     2.37906551e+02     1.29624076e+02   
    4.02000000e+04     1.00500000e+01     1.11183238e+03     3.02347532e+02     2.35430222e+02     1.26548303e+02   
    4.04000000e+04     1.01000000e+01     1.11183315e+03     3.01722817e+02     2.37436888e+02     1.27802696e+02   
    4.06000000e+04     1.01500000e+01     1.11183459e+03     3.00891615e+02     2.37379418e+02     1.25989148e+02   
    4.08000000e+04     1.02000000e+01     1.11182998e+03     2.99621098e+02     2.35383204e+02     1.26155735e+02   
    4.10000000e+04     1.02500000e+01     1.11182810e+03     3.02068814e+02     2.36518938e+02     1.27474030e+02   
    4.12000000e+04     1.03000000e+01     1.11183474e+03     3.01201991e+02     2.36891445e+02     1.29515883e+02   
    4.14000000e+04     1.03500000e+01     1.11182320e+03     2.99413374e+02     2.35249796e+02     1.25213033e+02   
    4.16000000e+04     1.04000000e+01     1.11182154e+03     2.98964723e+02     2.36664297e+02     1.26863202e+02   
    4.18000000e+04     1.04500000e+01     1.11181205e+03     3.01275535e+02     2.35948667e+02     1.24919973e+02   
    4.20000000e+04     1.05000000e+01     1.11182033e+03     3.01847012e+02     2.37604402e+02     1.24502775e+02   
    4.22000000e+04     1.05500000e+01     1.11182580e+03     3.02996421e+02     2.37708515e+02     1.27377800e+02   
    4.24000000e+04     1.06000000e+01     1.11181722e+03     3.02493716e+02     2.36137874e+02     1.25872350e+02   
    4.26000000e+04     1.06500000e+01     1.11181980e+03     3.02156635e+02     2.37690515e+02     1.28584043e+02   
    4.28000000e+04     1.07000000e+01     1.11181085e+03     2.98862799e+02     2.37912731e+02     1.28595530e+02   
    4.30000000e+04     1.07500000e+01     1.11180345e+03     2.97709206e+02     2.35269944e+02     1.24605833e+02   
    4.32000000e+04     1.08000000e+01     1.11182077e+03     2.99878422e+02     2.37539840e+02     1.28364067e+02   
    4.34000000e+04     1.08500000e+01     1.11181899e+03     3.01206046e+02     2.37601433e+02     1.27240530e+02   
    4.36000000e+04     1.09000000e+01     1.11180466e+03     3.03743089e+02     2.36033564e+02     1.24593692e+02   
    4.38000000e+04     1.09500000e+01     1.11180198e+03     3.00008414e+02     2.35296351e+02     1.23148037e+02   
    4.40000000e+04     1.10000000e+01     1.11180683e+03     3.01139588e+02     2.36761064e+02     1.23468341e+02   
    4.42000000e+04     1.10500000e+01     1.11180284e+03     3.00871135e+02     2.35613477e+02     1.26462468e+02   
    4.44000000e+04     1.11000000e+01     1.11180789e+03     3.02723063e+02     2.35667454e+02     1.26011809e+02   
    4.46000000e+04     1.11500000e+01     1.11181996e+03     3.00711878e+02     2.36128499e+02     1.26017785e+02   
    4.48000000e+04     1.12000000e+01     1.11183061e+03     3.00645495e+02     2.36702899e+02     1.26090614e+02   
    4.50000000e+04     1.12500000e+01     1.11183430e+03     2.97505466e+02     2.35229343e+02     1.26658713e+02   
    4.52000000e+04     1.13000000e+01     1.11185742e+03     3.02275566e+02     2.37066855e+02     1.28452412e+02   
    4.54000000e+04     1.13500000e+01     1.11187161e+03     3.00801213e+02     2.36607221e+02     1.27024073e+02   
    4.56000000e+04     1.14000000e+01     1.11187167e+03     3.01983070e+02     2.35910605e+02     1.25727249e+02   
    4.58000000e+04     1.14500000e+01     1.11187148e+03     3.01215002e+02     2.37511322e+02     1.28544981e+02   
    4.60000000e+04     1.15000000e+01     1.11186947e+03     2.99958197e+02     2.35838697e+02     1.26982471e+02   
    4.62000000e+04     1.15500000e+01     1.11186472e+03     2.98288511e+02     2.33467558e+02     1.25051130e+02   
    4.64000000e+04     1.16000000e+01     1.11186375e+03     3.01887206e+02     2.36280634e+02     1.26547198e+02   
    4.66000000e+04     1.16500000e+01     1.11186332e+03     3.04986841e+02     2.35710645e+02     1.26957891e+02   
    4.68000000e+04     1.17000000e+01     1.11185259e+03     3.02126173e+02     2.36422621e+02     1.26392093e+02   
    4.70000000e+04     1.17500000e+01     1.11184835e+03     2.99811359e+02     2.35055308e+02     1.24913360e+02   
    4.72000000e+04     1.18000000e+01     1.11185113e+03     3.01517625e+02     2.36471467e+02     1.26010491e+02   
    4.74000000e+04     1.18500000e+01     1.11184503e+03     3.03248819e+02     2.37181355e+02     1.27081805e+02   
    4.76000000e+04     1.19000000e+01     1.11184375e+03     3.02369033e+02     2.38353928e+02     1.28719091e+02   
    4.78000000e+04     1.19500000e+01     1.11183890e+03     3.03822024e+02     2.37105363e+02     1.28227259e+02   
    4.80000000e+04     1.20000000e+01     1.11184655e+03     3.02857980e+02     2.36330395e+02     1.26222885e+02   
    4.82000000e+04     1.20500000e+01     1.11186214e+03     3.02566775e+02     2.36699244e+02     1.27815873e+02   
    4.84000000e+04     1.21000000e+01     1.11186660e+03     2.98522519e+02     2.35431932e+02     1.25964914e+02   
    4.86000000e+04     1.21500000e+01     1.11186764e+03     3.03618004e+02     2.36057607e+02     1.26864437e+02   
    4.88000000e+04     1.22000000e+01     1.11185722e+03     3.05267313e+02     2.36053597e+02     1.27012527e+02   
    4.90000000e+04     1.22500000e+01     1.11185427e+03     3.04238051e+02     2.35214130e+02     1.26608337e+02   
    4.92000000e+04     1.23000000e+01     1.11186166e+03     2.99342103e+02     2.37007780e+02     1.29003862e+02   
    4.94000000e+04     1.23500000e+01     1.11185382e+03     3.00751540e+02     2.36832828e+02     1.28910997e+02   
    4.96000000e+04     1.24000000e+01     1.11184410e+03     3.01044681e+02     2.36247508e+02     1.28305015e+02   
    4.98000000e+04     1.24500000e+01     1.11183605e+03     3.02387533e+02     2.34815951e+02     1.23660090e+02   
    5.00000000e+04     1.25000000e+01     1.11184669e+03     3.01965541e+02     2.36395624e+02     1.25978128e+02   
    5.02000000e+04     1.25500000e+01     1.11184742e+03     3.01533652e+02     2.36686125e+02     1.26644397e+02   
    5.04000000e+04     1.26000000e+01     1.11185874e+03     3.04636637e+02     2.38450398e+02     1.28761039e+02   
    5.06000000e+04     1.26500000e+01     1.11184869e+03     3.00657435e+02     2.35801269e+02     1.26729735e+02   
    5.08000000e+04     1.27000000e+01     1.11185073e+03     3.03192411e+02     2.36242310e+02     1.27218613e+02   
    5.10000000e+04     1.27500000e+01     1.11183642e+03     3.01747622e+02     2.35376034e+02     1.26486319e+02   
    5.12000000e+04     1.28000000e+01     1.11183974e+03     3.00047250e+02     2.39268634e+02     1.29064383e+02   
    5.14000000e+04     1.28500000e+01     1.11183201e+03     3.00514381e+02     2.36705016e+02     1.27999631e+02   
    5.16000000e+04     1.29000000e+01     1.11182866e+03     3.03396341e+02     2.38066902e+02     1.28892779e+02   
    5.18000000e+04     1.29500000e+01     1.11181494e+03     3.02354852e+02     2.35229802e+02     1.24824123e+02   
    5.20000000e+04     1.30000000e+01     1.11183991e+03     3.00741988e+02     2.36731843e+02     1.27144858e+02   
    5.22000000e+04     1.30500000e+01     1.11184287e+03     3.02687011e+02     2.36755752e+02     1.26585186e+02   
    5.24000000e+04     1.31000000e+01     1.11184609e+03     2.99436314e+02     2.35503735e+02     1.27037643e+02   
    5.26000000e+04     1.31500000e+01     1.11184766e+03     2.99159268e+02     2.35630010e+02     1.26464150e+02   
    5.28000000e+04     1.32000000e+01     1.11184910e+03     3.01791348e+02     2.36998734e+02     1.28020104e+02   
    5.30000000e+04     1.32500000e+01     1.11182796e+03     3.01719350e+02     2.34612128e+02     1.24729206e+02   
    5.32000000e+04     1.33000000e+01     1.11182825e+03     3.03612519e+02     2.36429610e+02     1.26389002e+02   
    5.34000000e+04     1.33500000e+01     1.11182198e+03     3.03202065e+02     2.35553702e+02     1.25021644e+02   
    5.36000000e+04     1.34000000e+01     1.11183416e+03     3.02945989e+02     2.38649167e+02     1.30117269e+02   
    5.38000000e+04     1.34500000e+01     1.11184338e+03     3.02306576e+02     2.36643373e+02     1.28537369e+02   
    5.40000000e+04     1.35000000e+01     1.11184465e+03     3.02292573e+02     2.37669840e+02     1.27072329e+02   
    5.42000000e+04     1.35500000e+01     1.11184251e+03     3.05912607e+02     2.36459088e+02     1.26110366e+02   
    5.44000000e+04     1.36000000e+01     1.11185103e+03     3.01919071e+02     2.37648740e+02     1.28129928e+02   
    5.46000000e+04     1.36500000e+01     1.11185532e+03     3.04119823e+02     2.36247039e+02     1.26694276e+02   
    5.48000000e+04     1.37000000e+01     1.11185736e+03     3.05242777e+02     2.36423213e+02     1.26945547e+02   
    5.50000000e+04     1.37500000e+01     1.11185794e+03     3.04680116e+02     2.35184701e+02     1.25348231e+02   
    5.52000000e+04     1.38000000e+01     1.11186840e+03     3.00419091e+02     2.36321175e+02     1.26244886e+02   
    5.54000000e+04     1.38500000e+01     1.11187512e+03     3.03538620e+02     2.36359926e+02     1.27526819e+02   
    5.56000000e+04     1.39000000e+01     1.11186344e+03     3.04606295e+02     2.34803735e+02     1.25311503e+02   
    5.58000000e+04     1.39500000e+01     1.11186662e+03     3.02869356e+02     2.34750219e+02     1.24776398e+02   
    5.60000000e+04     1.40000000e+01     1.11188030e+03     3.00632958e+02     2.35086510e+02     1.25824613e+02   
    5.62000000e+04     1.40500000e+01     1.11188240e+03     3.01427279e+02     2.37085512e+02     1.28592956e+02   
    5.64000000e+04     1.41000000e+01     1.11186889e+03     3.03418350e+02     2.36372465e+02     1.27318466e+02   
    5.66000000e+04     1.41500000e+01     1.11188504e+03     3.03921220e+02     2.37989251e+02     1.29414232e+02   
    5.68000000e+04     1.42000000e+01     1.11189571e+03     3.04499423e+02     2.37751144e+02     1.29873354e+02   
    5.70000000e+04     1.42500000e+01     1.11190280e+03     3.05776885e+02     2.36538352e+02     1.27563184e+02   
    5.72000000e+04     1.43000000e+01     1.11190770e+03     3.02790706e+02     2.36813133e+02     1.28687149e+02   
    5.74000000e+04     1.43500000e+01     1.11191359e+03     3.02482608e+02     2.37465935e+02     1.27529531e+02   
    5.76000000e+04     1.44000000e+01     1.11190754e+03     2.99935635e+02     2.35129572e+02     1.25106646e+02   
    5.78000000e+04     1.44500000e+01     1.11190810e+03     3.04142734e+02     2.37878683e+02     1.27892365e+02   
    5.80000000e+04     1.45000000e+01     1.11189375e+03     3.02330277e+02     2.35381343e+02     1.25311541e+02   
    5.82000000e+04     1.45500000e+01     1.11189621e+03     3.04724395e+02     2.37321587e+02     1.28878358e+02   
    5.84000000e+04     1.46000000e+01     1.11190045e+03     3.01381988e+02     2.36076470e+02     1.27371161e+02   
    5.86000000e+04     1.46500000e+01     1.11189878e+03     3.02822689e+02     2.35875701e+02     1.25860311e+02   
    5.88000000e+04     1.47000000e+01     1.11189625e+03     3.04415396e+02     2.35641828e+02     1.26981812e+02   
    5.90000000e+04     1.47500000e+01     1.11191017e+03     3.01464287e+02     2.38236611e+02     1.29383162e+02   
    5.92000000e+04     1.48000000e+01     1.11190962e+03     3.02638149e+02     2.37136367e+02     1.27132408e+02   
    5.94000000e+04     1.48500000e+01     1.11190559e+03     3.05307799e+02     2.34893290e+02     1.25002004e+02   
    5.96000000e+04     1.49000000e+01     1.11189920e+03     3.02476628e+02     2.35453654e+02     1.25978378e+02   
    5.98000000e+04     1.49500000e+01     1.11190446e+03     3.01694632e+02     2.36993817e+02     1.28136177e+02   
    6.00000000e+04     1.50000000e+01     1.11189601e+03     3.01427054e+02     2.36206698e+02     1.30041303e+02   
    6.02000000e+04     1.50500000e+01     1.11188976e+03     3.02329196e+02     2.36602742e+02     1.28254778e+02   
    6.04000000e+04     1.51000000e+01     1.11188818e+03     3.02745990e+02     2.36608655e+02     1.29138389e+02   
    6.06000000e+04     1.51500000e+01     1.11189003e+03     3.00772306e+02     2.37485383e+02     1.29180094e+02   
    6.08000000e+04     1.52000000e+01     1.11188978e+03     3.01502628e+02     2.35842370e+02     1.28139354e+02   
    6.10000000e+04     1.52500000e+01     1.11189670e+03     3.01105325e+02     2.36163166e+02     1.29284851e+02   
    6.12000000e+04     1.53000000e+01     1.11190680e+03     3.04804960e+02     2.35098235e+02     1.26792224e+02   
    6.14000000e+04     1.53500000e+01     1.11191159e+03     3.00100501e+02     2.37140665e+02     1.27646455e+02   
    6.16000000e+04     1.54000000e+01     1.11191414e+03     3.01734789e+02     2.36745572e+02     1.27281971e+02   
    6.18000000e+04     1.54500000e+01     1.11189966e+03     3.05079243e+02     2.35302724e+02     1.25407204e+02   
    6.20000000e+04     1.55000000e+01     1.11189955e+03     3.04208192e+02     2.34391251e+02     1.26417139e+02   
    6.22000000e+04     1.55500000e+01     1.11190855e+03     3.07253118e+02     2.38431864e+02     1.29080862e+02   
    6.24000000e+04     1.56000000e+01     1.11188833e+03     3.02994169e+02     2.36162042e+02     1.26897445e+02   
    6.26000000e+04     1.56500000e+01     1.11185891e+03     3.01429116e+02     2.34448944e+02     1.24019569e+02   
    6.28000000e+04     1.57000000e+01     1.11186542e+03     3.03560436e+02     2.35094467e+02     1.26652593e+02   
    6.30000000e+04     1.57500000e+01     1.11187528e+03     2.99805596e+02     2.35194245e+02     1.27034911e+02   
    6.32000000e+04     1.58000000e+01     1.11188426e+03     2.99870936e+02     2.35496414e+02     1.27203025e+02   
    6.34000000e+04     1.58500000e+01     1.11188992e+03     3.01472794e+02     2.34820790e+02     1.25608441e+02   
    6.36000000e+04     1.59000000e+01     1.11190537e+03     3.02645164e+02     2.37614627e+02     1.26784937e+02   
    6.38000000e+04     1.59500000e+01     1.11189423e+03     3.04356748e+02     2.35632944e+02     1.25259581e+02   
    6.40000000e+04     1.60000000e+01     1.11189732e+03     3.01948335e+02     2.37480119e+02     1.26821307e+02   
    6.42000000e+04     1.60500000e+01     1.11189836e+03     2.99479223e+02     2.37276274e+02     1.27966587e+02   
    6.44000000e+04     1.61000000e+01     1.11188235e+03     3.01762070e+02     2.37534844e+02     1.28195330e+02   
    6.46000000e+04     1.61500000e+01     1.11186991e+03     3.02517786e+02     2.35536337e+02     1.25849207e+02   
    6.48000000e+04     1.62000000e+01     1.11187747e+03     3.03306922e+02     2.35549973e+02     1.26430528e+02   
    6.50000000e+04     1.62500000e+01     1.11187924e+03     3.03968718e+02     2.35785846e+02     1.27060597e+02   
    6.52000000e+04     1.63000000e+01     1.11188385e+03     3.00070396e+02     2.37885119e+02     1.28855818e+02   
    6.54000000e+04     1.63500000e+01     1.11188643e+03     3.00230973e+02     2.36154526e+02     1.27694895e+02   
    6.56000000e+04     1.64000000e+01     1.11188330e+03     2.98263542e+02     2.35344002e+02     1.27348201e+02   
    6.58000000e+04     1.64500000e+01     1.11188975e+03     3.02956705e+02     2.36087204e+02     1.26494546e+02   
    6.60000000e+04     1.65000000e+01     1.11190373e+03     2.98676343e+02     2.37383168e+02     1.29283164e+02   
    6.62000000e+04     1.65500000e+01     1.11191441e+03     3.03189412e+02     2.37756601e+02     1.29226796e+02   
    6.64000000e+04     1.66000000e+01     1.11191080e+03     3.02571895e+02     2.36406583e+02     1.26453902e+02   
    6.66000000e+04     1.66500000e+01     1.11190837e+03     3.04487269e+02     2.36611480e+02     1.24993241e+02   
    6.68000000e+04     1.67000000e+01     1.11190603e+03     3.02206022e+02     2.36092727e+02     1.24543498e+02   
    6.70000000e+04     1.67500000e+01     1.11191384e+03     2.98570441e+02     2.33770534e+02     1.23582305e+02   
    6.72000000e+04     1.68000000e+01     1.11193275e+03     2.99775935e+02     2.37129302e+02     1.27953785e+02   
    6.74000000e+04     1.68500000e+01     1.11192684e+03     3.01533223e+02     2.35247698e+02     1.25299826e+02   
    6.76000000e+04     1.69000000e+01     1.11194261e+03     3.02125785e+02     2.34756352e+02     1.23837725e+02   
    6.78000000e+04     1.69500000e+01     1.11194584e+03     3.02024539e+02     2.35736963e+02     1.23733835e+02   
    6.80000000e+04     1.70000000e+01     1.11193987e+03     3.01831126e+02     2.34923620e+02     1.23452691e+02   
    6.82000000e+04     1.70500000e+01     1.11195274e+03     2.99514732e+02     2.35118696e+02     1.23703616e+02   
    6.84000000e+04     1.71000000e+01     1.11195118e+03     3.01948963e+02     2.36049638e+02     1.27646543e+02   
    6.86000000e+04     1.71500000e+01     1.11194231e+03     3.02537233e+02     2.36854307e+02     1.26335030e+02   
    6.88000000e+04     1.72000000e+01     1.11193277e+03     3.02491238e+02     2.34895886e+02     1.24961509e+02   
    6.90000000e+04     1.72500000e+01     1.11193579e+03     3.04985804e+02     2.36822910e+02     1.27125794e+02   
    6.92000000e+04     1.73000000e+01     1.11194190e+03     3.02021290e+02     2.36824257e+02     1.26627401e+02   
    6.94000000e+04     1.73500000e+01     1.11193407e+03     2.99584342e+02     2.36653996e+02     1.27645184e+02   
    6.96000000e+04     1.74000000e+01     1.11192050e+03     3.02287471e+02     2.35813786e+02     1.25335230e+02   
    6.98000000e+04     1.74500000e+01     1.11190467e+03     2.99878001e+02     2.33826880e+02     1.24334048e+02   
    7.00000000e+04     1.75000000e+01     1.11189800e+03     3.00980784e+02     2.35505974e+02     1.24871799e+02   
    7.02000000e+04     1.75500000e+01     1.11190279e+03     3.00136713e+02     2.36905195e+02     1.26948437e+02   
    7.04000000e+04     1.76000000e+01     1.11191396e+03     2.99982976e+02     2.37333263e+02     1.29415802e+02   
    7.06000000e+04     1.76500000e+01     1.11192550e+03     3.00492324e+02     2.36207131e+02     1.27205630e+02   
    7.08000000e+04     1.77000000e+01     1.11192309e+03     3.01694298e+02     2.33226648e+02     1.25281920e+02   
    7.10000000e+04     1.77500000e+01     1.11193047e+03     2.98695304e+02     2.34025420e+02     1.24131639e+02   
    7.12000000e+04     1.78000000e+01     1.11195109e+03     3.02356301e+02     2.37641210e+02     1.27444198e+02   
    7.14000000e+04     1.78500000e+01     1.11195475e+03     3.01075197e+02     2.37108792e+02     1.27539072e+02   
    7.16000000e+04     1.79000000e+01     1.11195556e+03     3.04365247e+02     2.36279053e+02     1.26734176e+02   
    7.18000000e+04     1.79500000e+01     1.11195922e+03     2.99654508e+02     2.35701591e+02     1.23967351e+02   
    7.20000000e+04     1.80000000e+01     1.11196065e+03     3.01857161e+02     2.35220402e+02     1.22278686e+02   
    7.22000000e+04     1.80500000e+01     1.11196079e+03     2.99978359e+02     2.34971691e+02     1.23715635e+02   
    7.24000000e+04     1.81000000e+01     1.11195491e+03     3.02899045e+02     2.35696701e+02     1.23830970e+02   
    7.26000000e+04     1.81500000e+01     1.11195529e+03     3.00389499e+02     2.35143906e+02     1.25954254e+02   
    7.28000000e+04     1.82000000e+01     1.11194050e+03     3.03003154e+02     2.36293882e+02     1.25116348e+02   
    7.30000000e+04     1.82500000e+01     1.11191939e+03     3.02489954e+02     2.33377020e+02     1.22523901e+02   
    7.32000000e+04     1.83000000e+01     1.11192907e+03     3.00795934e+02     2.35034806e+02     1.23606893e+02   
    7.34000000e+04     1.83500000e+01     1.11194638e+03     2.99678449e+02     2.35433828e+02     1.26309246e+02   
    7.36000000e+04     1.84000000e+01     1.11194737e+03     3.03117834e+02     2.34835664e+02     1.25086227e+02   
    7.38000000e+04     1.84500000e+01     1.11195382e+03     3.02365093e+02     2.36456330e+02     1.27523709e+02   
    7.40000000e+04     1.85000000e+01     1.11195075e+03     2.99275520e+02     2.35760229e+02     1.26517075e+02   
    7.42000000e+04     1.85500000e+01     1.11194695e+03     3.04085398e+02     2.35742380e+02     1.25359597e+02   
    7.44000000e+04     1.86000000e+01     1.11196925e+03     3.03098264e+02     2.37244089e+02     1.27465371e+02   
    7.46000000e+04     1.86500000e+01     1.11197096e+03     3.00914895e+02     2.35470065e+02     1.25094255e+02   
    7.48000000e+04     1.87000000e+01     1.11198838e+03     3.02568896e+02     2.37341579e+02     1.27334598e+02   
    7.50000000e+04     1.87500000e+01     1.11199410e+03     2.98587866e+02     2.37336854e+02     1.26143214e+02   
    7.52000000e+04     1.88000000e+01     1.11199731e+03     3.02824352e+02     2.36461137e+02     1.25459214e+02   
    7.54000000e+04     1.88500000e+01     1.11201241e+03     3.01973748e+02     2.37024674e+02     1.28223732e+02   
    7.56000000e+04     1.89000000e+01     1.11200954e+03     2.98725395e+02     2.36173404e+02     1.28097339e+02   
    7.58000000e+04     1.89500000e+01     1.11200910e+03     3.00010783e+02     2.34681246e+02     1.25987158e+02   
    7.60000000e+04     1.90000000e+01     1.11201261e+03     3.00962703e+02     2.36293348e+02     1.25940720e+02   
    7.62000000e+04     1.90500000e+01     1.11200936e+03     3.02334616e+02     2.35671183e+02     1.27602038e+02   
    7.64000000e+04     1.91000000e+01     1.11200746e+03     2.98580934e+02     2.37254233e+02     1.26373178e+02   
    7.66000000e+04     1.91500000e+01     1.11201689e+03     3.03482701e+02     2.36823699e+02     1.27619808e+02   
    7.68000000e+04     1.92000000e+01     1.11201568e+03     3.02106840e+02     2.36232724e+02     1.25950423e+02   
    7.70000000e+04     1.92500000e+01     1.11201096e+03     3.00717006e+02     2.35749425e+02     1.25629408e+02   
    7.72000000e+04     1.93000000e+01     1.11200687e+03     3.03946568e+02     2.35937917e+02     1.24877194e+02   
    7.74000000e+04     1.93500000e+01     1.11200548e+03     3.02237657e+02     2.36576170e+02     1.25004715e+02   
    7.76000000e+04     1.94000000e+01     1.11200503e+03     2.97824056e+02     2.37084253e+02     1.26424243e+02   
    7.78000000e+04     1.94500000e+01     1.11200507e+03     3.04059307e+02     2.36298325e+02     1.24126590e+02   
    7.80000000e+04     1.95000000e+01     1.11201456e+03     3.02420426e+02     2.40046265e+02     1.28449645e+02   
    7.82000000e+04     1.95500000e+01     1.11197563e+03     3.01129419e+02     2.35562108e+02     1.22686129e+02   
    7.84000000e+04     1.96000000e+01     1.11197278e+03     3.01701398e+02     2.35614148e+02     1.24201578e+02   
    7.86000000e+04     1.96500000e+01     1.11197982e+03     3.01844830e+02     2.37443230e+02     1.24076840e+02   
    7.88000000e+04     1.97000000e+01     1.11197851e+03     3.03166198e+02     2.34690889e+02     1.23624644e+02   
    7.90000000e+04     1.97500000e+01     1.11197634e+03     3.03942413e+02     2.35954145e+02     1.23776138e+02   
    7.92000000e+04     1.98000000e+01     1.11198781e+03     2.99341382e+02     2.38095110e+02     1.28755280e+02   
    7.94000000e+04     1.98500000e+01     1.11196999e+03     3.01208168e+02     2.34097547e+02     1.24052013e+02   
    7.96000000e+04     1.99000000e+01     1.11198973e+03     3.03209537e+02     2.36262873e+02     1.26388398e+02   
    7.98000000e+04     1.99500000e+01     1.11199064e+03     3.03306276e+02     2.35768924e+02     1.24988825e+02   
    8.00000000e+04     2.00000000e+01     1.11198859e+03     3.00303276e+02     2.34596695e+02     1.27835061e+02   
