# column   1     --> step : The current simulation time step.
# column   2     --> time{picosecond} : The elapsed simulation time.
# column   3     --> conserved{electronvolt} : The value of the conserved energy quantity per bead.
# column   4     --> temperature{kelvin} : The current temperature, as obtained from the MD kinetic energy.
# column   5     --> kinetic_cv{electronvolt} : The centroid-virial quantum kinetic energy of the physical system.
# column   6     --> potential{electronvolt} : The physical system potential energy.
    0.00000000e+00     0.00000000e+00    -6.89328495e+01     2.97440751e+02     1.52165030e+02    -2.19774171e+02   
    2.00000000e+02     1.00000000e-01    -6.86990929e+01     2.58305855e+02     1.52165030e+02    -1.33333179e+02   
    4.00000000e+02     2.00000000e-01    -6.86300208e+01     2.86917834e+02     1.52165030e+02    -1.11476668e+02   
    6.00000000e+02     3.00000000e-01    -6.86134648e+01     2.82000955e+02     1.52165030e+02    -9.94381889e+01   
    8.00000000e+02     4.00000000e-01    -6.86227615e+01     2.99074248e+02     1.52165030e+02    -9.54282842e+01   
    1.00000000e+03     5.00000000e-01    -6.85627489e+01     2.97751552e+02     1.52165030e+02    -8.80344864e+01   
    1.20000000e+03     6.00000000e-01    -6.85483144e+01     3.00634188e+02     1.52165030e+02    -8.70633787e+01   
    1.40000000e+03     7.00000000e-01    -6.85354468e+01     2.98923706e+02     1.52165030e+02    -8.69796993e+01   
    1.60000000e+03     8.00000000e-01    -6.85559758e+01     3.02554416e+02     1.52165030e+02    -8.91004980e+01   
    1.80000000e+03     9.00000000e-01    -6.85422971e+01     2.98141490e+02     1.52165030e+02    -9.09258197e+01   
    2.00000000e+03     1.00000000e+00    -6.85516522e+01     3.05954576e+02     1.52165030e+02    -8.93047005e+01   
    2.20000000e+03     1.10000000e+00    -6.85135886e+01     3.00402865e+02     1.52165030e+02    -8.82071255e+01   
    2.40000000e+03     1.20000000e+00    -6.85423878e+01     3.02778166e+02     1.52165030e+02    -8.55099983e+01   
    2.60000000e+03     1.30000000e+00    -6.85517629e+01     3.05072543e+02     1.52165030e+02    -8.85949479e+01   
    2.80000000e+03     1.40000000e+00    -6.85197757e+01     3.03004997e+02     1.52165030e+02    -8.67700132e+01   
    3.00000000e+03     1.50000000e+00    -6.85293278e+01     3.03384354e+02     1.52165030e+02    -8.35714220e+01   
    3.20000000e+03     1.60000000e+00    -6.85409499e+01     3.01138702e+02     1.52165030e+02    -8.64097790e+01   
    3.40000000e+03     1.70000000e+00    -6.85366485e+01     3.04139765e+02     1.52165030e+02    -8.59377081e+01   
    3.60000000e+03     1.80000000e+00    -6.85475096e+01     3.05635712e+02     1.52165030e+02    -8.57252763e+01   
    3.80000000e+03     1.90000000e+00    -6.85398541e+01     2.96625048e+02     1.52165030e+02    -8.70355280e+01   
    4.00000000e+03     2.00000000e+00    -6.85584203e+01     3.01280805e+02     1.52165030e+02    -8.68015368e+01   
    4.20000000e+03     2.10000000e+00    -6.85553058e+01     2.97811442e+02     1.52165030e+02    -8.77590581e+01   
    4.40000000e+03     2.20000000e+00    -6.85624336e+01     3.02866035e+02     1.52165030e+02    -8.88620464e+01   
    4.60000000e+03     2.30000000e+00    -6.85553718e+01     2.94955212e+02     1.52165030e+02    -9.01866477e+01   
    4.80000000e+03     2.40000000e+00    -6.85416630e+01     3.01279680e+02     1.52165030e+02    -8.81599806e+01   
    5.00000000e+03     2.50000000e+00    -6.85495253e+01     2.93801531e+02     1.52165030e+02    -8.89462886e+01   
    5.20000000e+03     2.60000000e+00    -6.85498919e+01     2.95384743e+02     1.52165030e+02    -8.85810061e+01   
    5.40000000e+03     2.70000000e+00    -6.85488249e+01     3.02313185e+02     1.52165030e+02    -8.82317941e+01   
    5.60000000e+03     2.80000000e+00    -6.85466427e+01     2.97404466e+02     1.52165030e+02    -8.70893264e+01   
    5.80000000e+03     2.90000000e+00    -6.85460259e+01     2.99811962e+02     1.52165030e+02    -8.77471850e+01   
    6.00000000e+03     3.00000000e+00    -6.85525351e+01     3.03419240e+02     1.52165030e+02    -8.93334809e+01   
    6.20000000e+03     3.10000000e+00    -6.85415324e+01     3.02701102e+02     1.52165030e+02    -8.98284789e+01   
    6.40000000e+03     3.20000000e+00    -6.85464753e+01     2.97956539e+02     1.52165030e+02    -8.82462851e+01   
    6.60000000e+03     3.30000000e+00    -6.85747958e+01     2.94535850e+02     1.52165030e+02    -8.79861294e+01   
    6.80000000e+03     3.40000000e+00    -6.85693651e+01     3.03383499e+02     1.52165030e+02    -8.74485002e+01   
    7.00000000e+03     3.50000000e+00    -6.85620163e+01     3.07491489e+02     1.52165030e+02    -8.60472905e+01   
    7.20000000e+03     3.60000000e+00    -6.85609306e+01     3.06604147e+02     1.52165030e+02    -8.46577885e+01   
    7.40000000e+03     3.70000000e+00    -6.85672082e+01     3.09304837e+02     1.52165030e+02    -8.58912540e+01   
    7.60000000e+03     3.80000000e+00    -6.85748037e+01     3.05329511e+02     1.52165030e+02    -8.83548938e+01   
    7.80000000e+03     3.90000000e+00    -6.85634411e+01     3.02531570e+02     1.52165030e+02    -8.93584509e+01   
    8.00000000e+03     4.00000000e+00    -6.85500053e+01     3.02750845e+02     1.52165030e+02    -8.84333929e+01   
    8.20000000e+03     4.10000000e+00    -6.85438054e+01     2.99645117e+02     1.52165030e+02    -8.62591774e+01   
    8.40000000e+03     4.20000000e+00    -6.85421393e+01     2.98135949e+02     1.52165030e+02    -8.80257927e+01   
    8.60000000e+03     4.30000000e+00    -6.85543987e+01     3.00207564e+02     1.52165030e+02    -8.86172665e+01   
    8.80000000e+03     4.40000000e+00    -6.85564737e+01     2.94492983e+02     1.52165030e+02    -8.86387842e+01   
    9.00000000e+03     4.50000000e+00    -6.85720433e+01     2.98550970e+02     1.52165030e+02    -8.72423017e+01   
    9.20000000e+03     4.60000000e+00    -6.85853659e+01     2.92023677e+02     1.52165030e+02    -9.04631447e+01   
    9.40000000e+03     4.70000000e+00    -6.85838031e+01     2.95195244e+02     1.52165030e+02    -8.98523359e+01   
    9.60000000e+03     4.80000000e+00    -6.85840073e+01     3.00392178e+02     1.52165030e+02    -8.65412998e+01   
    9.80000000e+03     4.90000000e+00    -6.85489988e+01     3.06328357e+02     1.52165030e+02    -8.58053817e+01   
    1.00000000e+04     5.00000000e+00    -6.85547151e+01     3.04021468e+02     1.52165030e+02    -8.59671672e+01   
    1.02000000e+04     5.10000000e+00    -6.85633942e+01     3.04319547e+02     1.52165030e+02    -8.57583298e+01   
    1.04000000e+04     5.20000000e+00    -6.85894967e+01     3.06242817e+02     1.52165030e+02    -8.61824821e+01   
    1.06000000e+04     5.30000000e+00    -6.85828079e+01     3.00054003e+02     1.52165030e+02    -8.48586190e+01   
    1.08000000e+04     5.40000000e+00    -6.85641938e+01     3.03566398e+02     1.52165030e+02    -8.83488964e+01   
    1.10000000e+04     5.50000000e+00    -6.85932799e+01     3.01343620e+02     1.52165030e+02    -8.63316480e+01   
    1.12000000e+04     5.60000000e+00    -6.85740016e+01     2.97265189e+02     1.52165030e+02    -8.52484815e+01   
    1.14000000e+04     5.70000000e+00    -6.85563746e+01     2.95383473e+02     1.52165030e+02    -8.75261813e+01   
    1.16000000e+04     5.80000000e+00    -6.85609649e+01     2.88921533e+02     1.52165030e+02    -8.80755973e+01   
    1.18000000e+04     5.90000000e+00    -6.85655367e+01     2.99635008e+02     1.52165030e+02    -8.72353511e+01   
    1.20000000e+04     6.00000000e+00    -6.85639339e+01     3.00523677e+02     1.52165030e+02    -8.73805923e+01   
    1.22000000e+04     6.10000000e+00    -6.85887937e+01     2.98170610e+02     1.52165030e+02    -9.00865902e+01   
    1.24000000e+04     6.20000000e+00    -6.85729277e+01     3.08423647e+02     1.52165030e+02    -8.80111750e+01   
    1.26000000e+04     6.30000000e+00    -6.85804274e+01     3.08713942e+02     1.52165030e+02    -8.76788228e+01   
    1.28000000e+04     6.40000000e+00    -6.86008036e+01     2.93824036e+02     1.52165030e+02    -8.99332994e+01   
    1.30000000e+04     6.50000000e+00    -6.85632999e+01     3.02029247e+02     1.52165030e+02    -8.71112547e+01   
    1.32000000e+04     6.60000000e+00    -6.85556839e+01     3.01409422e+02     1.52165030e+02    -8.68898356e+01   
    1.34000000e+04     6.70000000e+00    -6.85547717e+01     3.04861025e+02     1.52165030e+02    -8.70558226e+01   
    1.36000000e+04     6.80000000e+00    -6.85581379e+01     2.94563277e+02     1.52165030e+02    -8.74929293e+01   
    1.38000000e+04     6.90000000e+00    -6.85640582e+01     2.94788537e+02     1.52165030e+02    -8.84465934e+01   
    1.40000000e+04     7.00000000e+00    -6.85809111e+01     2.98616832e+02     1.52165030e+02    -8.67296780e+01   
    1.42000000e+04     7.10000000e+00    -6.85606379e+01     2.98756616e+02     1.52165030e+02    -8.59541609e+01   
    1.44000000e+04     7.20000000e+00    -6.85574218e+01     2.97659920e+02     1.52165030e+02    -8.81230663e+01   
    1.46000000e+04     7.30000000e+00    -6.85638290e+01     2.97713658e+02     1.52165030e+02    -8.61288240e+01   
    1.48000000e+04     7.40000000e+00    -6.85653930e+01     3.02787042e+02     1.52165030e+02    -8.53868554e+01   
    1.50000000e+04     7.50000000e+00    -6.85700560e+01     3.02691051e+02     1.52165030e+02    -8.66559413e+01   
    1.52000000e+04     7.60000000e+00    -6.85614386e+01     3.04193498e+02     1.52165030e+02    -8.62696768e+01   
    1.54000000e+04     7.70000000e+00    -6.85366931e+01     3.01150394e+02     1.52165030e+02    -8.81247683e+01   
    1.56000000e+04     7.80000000e+00    -6.85596042e+01     2.96600976e+02     1.52165030e+02    -8.64284717e+01   
    1.58000000e+04     7.90000000e+00    -6.85544113e+01     3.01789391e+02     1.52165030e+02    -8.61789985e+01   
    1.60000000e+04     8.00000000e+00    -6.85651653e+01     3.01469147e+02     1.52165030e+02    -8.73207702e+01   
    1.62000000e+04     8.10000000e+00    -6.85927793e+01     3.08542842e+02     1.52165030e+02    -8.88312258e+01   
    1.64000000e+04     8.20000000e+00    -6.85790186e+01     3.13776909e+02     1.52165030e+02    -8.65928746e+01   
    1.66000000e+04     8.30000000e+00    -6.85457243e+01     3.11384989e+02     1.52165030e+02    -8.39592449e+01   
    1.68000000e+04     8.40000000e+00    -6.85425026e+01     3.05346578e+02     1.52165030e+02    -8.29298701e+01   
    1.70000000e+04     8.50000000e+00    -6.85786911e+01     3.02576065e+02     1.52165030e+02    -8.57548145e+01   
    1.72000000e+04     8.60000000e+00    -6.85672432e+01     2.99030448e+02     1.52165030e+02    -8.74775038e+01   
    1.74000000e+04     8.70000000e+00    -6.85495584e+01     2.99236911e+02     1.52165030e+02    -8.43700792e+01   
    1.76000000e+04     8.80000000e+00    -6.85600154e+01     3.02023425e+02     1.52165030e+02    -8.89935228e+01   
    1.78000000e+04     8.90000000e+00    -6.85452466e+01     2.99942344e+02     1.52165030e+02    -8.74306259e+01   
    1.80000000e+04     9.00000000e+00    -6.85515728e+01     2.93746456e+02     1.52165030e+02    -8.62388424e+01   
    1.82000000e+04     9.10000000e+00    -6.85430465e+01     2.97298533e+02     1.52165030e+02    -8.75282714e+01   
    1.84000000e+04     9.20000000e+00    -6.85299441e+01     3.01267929e+02     1.52165030e+02    -8.63673068e+01   
    1.86000000e+04     9.30000000e+00    -6.85281462e+01     3.05197185e+02     1.52165030e+02    -8.81422758e+01   
    1.88000000e+04     9.40000000e+00    -6.85431235e+01     2.99710277e+02     1.52165030e+02    -8.80056092e+01   
    1.90000000e+04     9.50000000e+00    -6.85491818e+01     3.04683026e+02     1.52165030e+02    -8.64579524e+01   
    1.92000000e+04     9.60000000e+00    -6.85587680e+01     3.08750862e+02     1.52165030e+02    -8.70260362e+01   
    1.94000000e+04     9.70000000e+00    -6.85451250e+01     2.99674849e+02     1.52165030e+02    -8.53950227e+01   
    1.96000000e+04     9.80000000e+00    -6.85570374e+01     3.02397866e+02     1.52165030e+02    -8.41743045e+01   
    1.98000000e+04     9.90000000e+00    -6.85821479e+01     2.96644824e+02     1.52165030e+02    -8.60851468e+01   
    2.00000000e+04     1.00000000e+01    -6.85549361e+01     2.98511802e+02     1.52165030e+02    -8.43697933e+01   
    2.02000000e+04     1.01000000e+01    -6.85549372e+01     3.02673884e+02     1.52165030e+02    -8.51262934e+01   
    2.04000000e+04     1.02000000e+01    -6.85654426e+01     2.95275034e+02     1.52165030e+02    -8.63133883e+01   
    2.06000000e+04     1.03000000e+01    -6.85675766e+01     2.89098110e+02     1.52165030e+02    -8.67518212e+01   
    2.08000000e+04     1.04000000e+01    -6.85571665e+01     2.98161466e+02     1.52165030e+02    -8.73562361e+01   
    2.10000000e+04     1.05000000e+01    -6.85616774e+01     3.01282872e+02     1.52165030e+02    -8.72148869e+01   
    2.12000000e+04     1.06000000e+01    -6.85713940e+01     3.05364688e+02     1.52165030e+02    -8.43937946e+01   
    2.14000000e+04     1.07000000e+01    -6.85617116e+01     2.96574249e+02     1.52165030e+02    -8.50268874e+01   
    2.16000000e+04     1.08000000e+01    -6.85685881e+01     3.04138404e+02     1.52165030e+02    -8.71600776e+01   
    2.18000000e+04     1.09000000e+01    -6.85685299e+01     3.03973526e+02     1.52165030e+02    -8.67323448e+01   
    2.20000000e+04     1.10000000e+01    -6.85888505e+01     3.05820353e+02     1.52165030e+02    -8.89342616e+01   
    2.22000000e+04     1.11000000e+01    -6.85544994e+01     2.97434595e+02     1.52165030e+02    -8.57845157e+01   
    2.24000000e+04     1.12000000e+01    -6.85707077e+01     2.97358886e+02     1.52165030e+02    -8.61315121e+01   
    2.26000000e+04     1.13000000e+01    -6.85741149e+01     3.06700940e+02     1.52165030e+02    -8.50975751e+01   
    2.28000000e+04     1.14000000e+01    -6.85973367e+01     3.03902836e+02     1.52165030e+02    -8.61143019e+01   
    2.30000000e+04     1.15000000e+01    -6.85594830e+01     2.98255330e+02     1.52165030e+02    -8.43307344e+01   
    2.32000000e+04     1.16000000e+01    -6.85922352e+01     3.03306016e+02     1.52165030e+02    -9.07039390e+01   
    2.34000000e+04     1.17000000e+01    -6.85666808e+01     3.03019310e+02     1.52165030e+02    -8.54030196e+01   
    2.36000000e+04     1.18000000e+01    -6.85737937e+01     3.02997683e+02     1.52165030e+02    -8.53168421e+01   
    2.38000000e+04     1.19000000e+01    -6.85771092e+01     3.02850505e+02     1.52165030e+02    -8.69865006e+01   
    2.40000000e+04     1.20000000e+01    -6.86071316e+01     3.00352637e+02     1.52165030e+02    -8.83184175e+01   
    2.42000000e+04     1.21000000e+01    -6.85685875e+01     2.96917383e+02     1.52165030e+02    -8.46494073e+01   
    2.44000000e+04     1.22000000e+01    -6.85739988e+01     2.97678522e+02     1.52165030e+02    -8.66244781e+01   
    2.46000000e+04     1.23000000e+01    -6.85608420e+01     2.98865051e+02     1.52165030e+02    -8.74985328e+01   
    2.48000000e+04     1.24000000e+01    -6.85744715e+01     2.99932803e+02     1.52165030e+02    -8.57959585e+01   
    2.50000000e+04     1.25000000e+01    -6.85614464e+01     2.95308550e+02     1.52165030e+02    -8.77832023e+01   
    2.52000000e+04     1.26000000e+01    -6.85748135e+01     2.91931875e+02     1.52165030e+02    -8.90692990e+01   
    2.54000000e+04     1.27000000e+01    -6.85561888e+01     2.99020715e+02     1.52165030e+02    -8.70529489e+01   
    2.56000000e+04     1.28000000e+01    -6.85723193e+01     2.97219585e+02     1.52165030e+02    -8.78838812e+01   
    2.58000000e+04     1.29000000e+01    -6.85918007e+01     3.00425027e+02     1.52165030e+02    -8.94946007e+01   
    2.60000000e+04     1.30000000e+01    -6.85760800e+01     3.03760829e+02     1.52165030e+02    -8.90760229e+01   
    2.62000000e+04     1.31000000e+01    -6.85768496e+01     2.97633637e+02     1.52165030e+02    -8.58331244e+01   
    2.64000000e+04     1.32000000e+01    -6.85834921e+01     2.99456750e+02     1.52165030e+02    -8.91550251e+01   
    2.66000000e+04     1.33000000e+01    -6.85697649e+01     3.00869188e+02     1.52165030e+02    -8.64432232e+01   
    2.68000000e+04     1.34000000e+01    -6.85836011e+01     3.05091680e+02     1.52165030e+02    -8.78204855e+01   
    2.70000000e+04     1.35000000e+01    -6.85882296e+01     3.00328937e+02     1.52165030e+02    -8.63151334e+01   
    2.72000000e+04     1.36000000e+01    -6.85636195e+01     3.02063476e+02     1.52165030e+02    -8.67583701e+01   
    2.74000000e+04     1.37000000e+01    -6.85717174e+01     3.03781098e+02     1.52165030e+02    -8.93593946e+01   
    2.76000000e+04     1.38000000e+01    -6.85800672e+01     3.02693026e+02     1.52165030e+02    -8.65058704e+01   
    2.78000000e+04     1.39000000e+01    -6.85815258e+01     2.97146494e+02     1.52165030e+02    -8.88381306e+01   
    2.80000000e+04     1.40000000e+01    -6.85842611e+01     2.92761138e+02     1.52165030e+02    -8.65609202e+01   
    2.82000000e+04     1.41000000e+01    -6.85941537e+01     2.94581659e+02     1.52165030e+02    -8.55316026e+01   
    2.84000000e+04     1.42000000e+01    -6.86086176e+01     3.00482320e+02     1.52165030e+02    -8.83835784e+01   
    2.86000000e+04     1.43000000e+01    -6.85985015e+01     3.02480069e+02     1.52165030e+02    -8.85293426e+01   
    2.88000000e+04     1.44000000e+01    -6.85882406e+01     3.05178895e+02     1.52165030e+02    -8.90151891e+01   
    2.90000000e+04     1.45000000e+01    -6.85756938e+01     2.95693614e+02     1.52165030e+02    -8.60674655e+01   
    2.92000000e+04     1.46000000e+01    -6.85763781e+01     2.89523883e+02     1.52165030e+02    -8.75269073e+01   
    2.94000000e+04     1.47000000e+01    -6.85818232e+01     2.95316040e+02     1.52165030e+02    -8.72064230e+01   
    2.96000000e+04     1.48000000e+01    -6.85888734e+01     2.91488901e+02     1.52165030e+02    -8.88154484e+01   
    2.98000000e+04     1.49000000e+01    -6.85689158e+01     3.03589942e+02     1.52165030e+02    -8.66794013e+01   
    3.00000000e+04     1.50000000e+01    -6.85728139e+01     3.01178973e+02     1.52165030e+02    -8.97137280e+01   
    3.02000000e+04     1.51000000e+01    -6.85423264e+01     3.03432335e+02     1.52165030e+02    -8.53342529e+01   
    3.04000000e+04     1.52000000e+01    -6.85377043e+01     3.00722714e+02     1.52165030e+02    -8.50939817e+01   
    3.06000000e+04     1.53000000e+01    -6.85526196e+01     3.05373527e+02     1.52165030e+02    -8.62915745e+01   
    3.08000000e+04     1.54000000e+01    -6.85666646e+01     3.05920564e+02     1.52165030e+02    -8.69914327e+01   
    3.10000000e+04     1.55000000e+01    -6.85651254e+01     3.03846739e+02     1.52165030e+02    -8.71953226e+01   
    3.12000000e+04     1.56000000e+01    -6.85573906e+01     2.95818101e+02     1.52165030e+02    -8.40622978e+01   
    3.14000000e+04     1.57000000e+01    -6.85643742e+01     2.97386912e+02     1.52165030e+02    -8.74133080e+01   
    3.16000000e+04     1.58000000e+01    -6.85918127e+01     2.89504910e+02     1.52165030e+02    -8.73820151e+01   
    3.18000000e+04     1.59000000e+01    -6.85743553e+01     2.97272840e+02     1.52165030e+02    -8.95980161e+01   
    3.20000000e+04     1.60000000e+01    -6.85733263e+01     2.94931090e+02     1.52165030e+02    -8.69334073e+01   
    3.22000000e+04     1.61000000e+01    -6.85621503e+01     2.94614257e+02     1.52165030e+02    -8.81137144e+01   
    3.24000000e+04     1.62000000e+01    -6.85483504e+01     2.99323594e+02     1.52165030e+02    -8.66453502e+01   
    3.26000000e+04     1.63000000e+01    -6.85614482e+01     3.01873976e+02     1.52165030e+02    -8.81510017e+01   
    3.28000000e+04     1.64000000e+01    -6.85591486e+01     2.95424555e+02     1.52165030e+02    -8.68617590e+01   
    3.30000000e+04     1.65000000e+01    -6.85673833e+01     2.98462432e+02     1.52165030e+02    -8.79302625e+01   
    3.32000000e+04     1.66000000e+01    -6.85693536e+01     3.02787883e+02     1.52165030e+02    -8.79506817e+01   
    3.34000000e+04     1.67000000e+01    -6.85631597e+01     2.97768291e+02     1.52165030e+02    -8.73645334e+01   
    3.36000000e+04     1.68000000e+01    -6.85605287e+01     2.98246245e+02     1.52165030e+02    -8.80413422e+01   
    3.38000000e+04     1.69000000e+01    -6.85773669e+01     3.08626213e+02     1.52165030e+02    -8.86624886e+01   
    3.40000000e+04     1.70000000e+01    -6.85787977e+01     3.03527997e+02     1.52165030e+02    -8.74417422e+01   
    3.42000000e+04     1.71000000e+01    -6.85445456e+01     2.99460694e+02     1.52165030e+02    -8.40626798e+01   
    3.44000000e+04     1.72000000e+01    -6.85720308e+01     2.99558122e+02     1.52165030e+02    -8.44927478e+01   
    3.46000000e+04     1.73000000e+01    -6.85577373e+01     2.97982618e+02     1.52165030e+02    -8.62017529e+01   
    3.48000000e+04     1.74000000e+01    -6.85558440e+01     2.98284217e+02     1.52165030e+02    -8.83934853e+01   
    3.50000000e+04     1.75000000e+01    -6.85481884e+01     2.97052468e+02     1.52165030e+02    -8.67102864e+01   
    3.52000000e+04     1.76000000e+01    -6.85712921e+01     3.00162138e+02     1.52165030e+02    -8.62491629e+01   
    3.54000000e+04     1.77000000e+01    -6.85587956e+01     2.95455375e+02     1.52165030e+02    -8.62497351e+01   
    3.56000000e+04     1.78000000e+01    -6.85397372e+01     3.00021858e+02     1.52165030e+02    -8.39187574e+01   
    3.58000000e+04     1.79000000e+01    -6.85423265e+01     2.97645243e+02     1.52165030e+02    -8.62119442e+01   
    3.60000000e+04     1.80000000e+01    -6.85539094e+01     2.98826957e+02     1.52165030e+02    -8.86055024e+01   
    3.62000000e+04     1.81000000e+01    -6.85547421e+01     2.97785281e+02     1.52165030e+02    -8.95694505e+01   
    3.64000000e+04     1.82000000e+01    -6.85613458e+01     2.98817969e+02     1.52165030e+02    -8.62226043e+01   
    3.66000000e+04     1.83000000e+01    -6.85483569e+01     2.99872169e+02     1.52165030e+02    -8.50942998e+01   
    3.68000000e+04     1.84000000e+01    -6.85743336e+01     2.99158992e+02     1.52165030e+02    -8.71190710e+01   
    3.70000000e+04     1.85000000e+01    -6.85482986e+01     3.01615539e+02     1.52165030e+02    -8.61074922e+01   
    3.72000000e+04     1.86000000e+01    -6.85689253e+01     3.06089933e+02     1.52165030e+02    -8.74651859e+01   
    3.74000000e+04     1.87000000e+01    -6.85700986e+01     3.02039357e+02     1.52165030e+02    -8.67704377e+01   
    3.76000000e+04     1.88000000e+01    -6.85564967e+01     3.09986133e+02     1.52165030e+02    -8.57274625e+01   
    3.78000000e+04     1.89000000e+01    -6.85615773e+01     3.01456316e+02     1.52165030e+02    -8.51038686e+01   
    3.80000000e+04     1.90000000e+01    -6.85529275e+01     3.01762437e+02     1.52165030e+02    -8.50831407e+01   
    3.82000000e+04     1.91000000e+01    -6.85423317e+01     2.98259760e+02     1.52165030e+02    -8.60088013e+01   
    3.84000000e+04     1.92000000e+01    -6.85422551e+01     2.92553205e+02     1.52165030e+02    -8.57405896e+01   
    3.86000000e+04     1.93000000e+01    -6.85563127e+01     3.03961400e+02     1.52165030e+02    -8.91639474e+01   
    3.88000000e+04     1.94000000e+01    -6.85646376e+01     3.01794538e+02     1.52165030e+02    -9.02586781e+01   
    3.90000000e+04     1.95000000e+01    -6.85477357e+01     2.97502545e+02     1.52165030e+02    -8.64886046e+01   
    3.92000000e+04     1.96000000e+01    -6.85628289e+01     2.99428017e+02     1.52165030e+02    -8.74253736e+01   
    3.94000000e+04     1.97000000e+01    -6.85540465e+01     3.06049029e+02     1.52165030e+02    -8.91908144e+01   
    3.96000000e+04     1.98000000e+01    -6.85402664e+01     3.01205470e+02     1.52165030e+02    -8.64184751e+01   
    3.98000000e+04     1.99000000e+01    -6.85637583e+01     3.00480049e+02     1.52165030e+02    -8.87516960e+01   
    4.00000000e+04     2.00000000e+01    -6.85641645e+01     2.99451250e+02     1.52165030e+02    -8.77335868e+01   
