# column   1     --> step : The current simulation time step.
# column   2     --> time{picosecond} : The elapsed simulation time.
# column   3     --> conserved{electronvolt} : The value of the conserved energy quantity per bead.
# column   4     --> temperature{kelvin} : The current temperature, as obtained from the MD kinetic energy.
# column   5     --> kinetic_cv{electronvolt} : The centroid-virial quantum kinetic energy of the physical system.
# column   6     --> potential{electronvolt} : The physical system potential energy.
    0.00000000e+00     0.00000000e+00    -2.45340167e+02     3.03943761e+02     6.25412232e+02    -8.79095652e+02   
    2.00000000e+02     1.00000000e-01    -2.44221912e+02     2.59332284e+02     6.25412232e+02    -5.25566856e+02   
    4.00000000e+02     2.00000000e-01    -2.43890620e+02     2.82578724e+02     6.25412232e+02    -4.30159566e+02   
    6.00000000e+02     3.00000000e-01    -2.43710245e+02     2.88903779e+02     6.25412232e+02    -3.85058827e+02   
    8.00000000e+02     4.00000000e-01    -2.43734794e+02     2.94802822e+02     6.25412232e+02    -3.67471663e+02   
    1.00000000e+03     5.00000000e-01    -2.43680674e+02     2.95501060e+02     6.25412232e+02    -3.54388037e+02   
    1.20000000e+03     6.00000000e-01    -2.43694794e+02     3.00535656e+02     6.25412232e+02    -3.50567242e+02   
    1.40000000e+03     7.00000000e-01    -2.43675187e+02     2.97389170e+02     6.25412232e+02    -3.37637296e+02   
    1.60000000e+03     8.00000000e-01    -2.43698170e+02     3.02086530e+02     6.25412232e+02    -3.47566141e+02   
    1.80000000e+03     9.00000000e-01    -2.43690535e+02     2.99497790e+02     6.25412232e+02    -3.35622546e+02   
    2.00000000e+03     1.00000000e+00    -2.43655280e+02     3.01230975e+02     6.25412232e+02    -3.38921261e+02   
    2.20000000e+03     1.10000000e+00    -2.43628714e+02     2.99723460e+02     6.25412232e+02    -3.32446046e+02   
    2.40000000e+03     1.20000000e+00    -2.43675597e+02     3.01604257e+02     6.25412232e+02    -3.34086638e+02   
    2.60000000e+03     1.30000000e+00    -2.43604768e+02     2.99511489e+02     6.25412232e+02    -3.28506404e+02   
    2.80000000e+03     1.40000000e+00    -2.43630360e+02     2.98180347e+02     6.25412232e+02    -3.28212855e+02   
    3.00000000e+03     1.50000000e+00    -2.43630959e+02     3.00612094e+02     6.25412232e+02    -3.31542079e+02   
    3.20000000e+03     1.60000000e+00    -2.43656348e+02     2.98592821e+02     6.25412232e+02    -3.31349914e+02   
    3.40000000e+03     1.70000000e+00    -2.43614336e+02     2.99505219e+02     6.25412232e+02    -3.28464284e+02   
    3.60000000e+03     1.80000000e+00    -2.43623380e+02     2.99861455e+02     6.25412232e+02    -3.34387612e+02   
    3.80000000e+03     1.90000000e+00    -2.43583863e+02     3.00161310e+02     6.25412232e+02    -3.33768148e+02   
    4.00000000e+03     2.00000000e+00    -2.43554479e+02     2.98227923e+02     6.25412232e+02    -3.27696474e+02   
    4.20000000e+03     2.10000000e+00    -2.43627980e+02     2.99231824e+02     6.25412232e+02    -3.37004980e+02   
    4.40000000e+03     2.20000000e+00    -2.43621503e+02     2.98028412e+02     6.25412232e+02    -3.31008281e+02   
    4.60000000e+03     2.30000000e+00    -2.43614133e+02     3.01633937e+02     6.25412232e+02    -3.35996248e+02   
    4.80000000e+03     2.40000000e+00    -2.43613701e+02     3.02359974e+02     6.25412232e+02    -3.32888217e+02   
    5.00000000e+03     2.50000000e+00    -2.43601377e+02     2.98080106e+02     6.25412232e+02    -3.31161438e+02   
    5.20000000e+03     2.60000000e+00    -2.43607921e+02     2.99516208e+02     6.25412232e+02    -3.30707130e+02   
    5.40000000e+03     2.70000000e+00    -2.43638768e+02     2.99381572e+02     6.25412232e+02    -3.34897803e+02   
    5.60000000e+03     2.80000000e+00    -2.43628058e+02     3.03763141e+02     6.25412232e+02    -3.25616934e+02   
    5.80000000e+03     2.90000000e+00    -2.43635111e+02     2.96238774e+02     6.25412232e+02    -3.30881501e+02   
    6.00000000e+03     3.00000000e+00    -2.43663612e+02     3.03143203e+02     6.25412232e+02    -3.35841234e+02   
    6.20000000e+03     3.10000000e+00    -2.43636738e+02     2.98473049e+02     6.25412232e+02    -3.36055514e+02   
    6.40000000e+03     3.20000000e+00    -2.43623906e+02     2.98075931e+02     6.25412232e+02    -3.35237988e+02   
    6.60000000e+03     3.30000000e+00    -2.43616409e+02     3.00808996e+02     6.25412232e+02    -3.36857700e+02   
    6.80000000e+03     3.40000000e+00    -2.43579864e+02     2.99639506e+02     6.25412232e+02    -3.35512596e+02   
    7.00000000e+03     3.50000000e+00    -2.43598328e+02     2.99188742e+02     6.25412232e+02    -3.33128437e+02   
    7.20000000e+03     3.60000000e+00    -2.43610954e+02     2.99138569e+02     6.25412232e+02    -3.30427843e+02   
    7.40000000e+03     3.70000000e+00    -2.43608765e+02     2.97176619e+02     6.25412232e+02    -3.31696639e+02   
    7.60000000e+03     3.80000000e+00    -2.43635982e+02     2.98759972e+02     6.25412232e+02    -3.32583503e+02   
    7.80000000e+03     3.90000000e+00    -2.43627279e+02     2.98052005e+02     6.25412232e+02    -3.36038395e+02   
    8.00000000e+03     4.00000000e+00    -2.43617384e+02     2.99897357e+02     6.25412232e+02    -3.36748338e+02   
    8.20000000e+03     4.10000000e+00    -2.43623556e+02     2.98862812e+02     6.25412232e+02    -3.31230595e+02   
    8.40000000e+03     4.20000000e+00    -2.43679007e+02     2.97412904e+02     6.25412232e+02    -3.31741745e+02   
    8.60000000e+03     4.30000000e+00    -2.43633995e+02     3.00244524e+02     6.25412232e+02    -3.31315975e+02   
    8.80000000e+03     4.40000000e+00    -2.43661741e+02     2.99080354e+02     6.25412232e+02    -3.27536137e+02   
    9.00000000e+03     4.50000000e+00    -2.43610160e+02     2.96618512e+02     6.25412232e+02    -3.33105750e+02   
    9.20000000e+03     4.60000000e+00    -2.43610967e+02     3.00648169e+02     6.25412232e+02    -3.28461805e+02   
    9.40000000e+03     4.70000000e+00    -2.43609396e+02     2.97085361e+02     6.25412232e+02    -3.27709543e+02   
    9.60000000e+03     4.80000000e+00    -2.43687834e+02     2.98546473e+02     6.25412232e+02    -3.34844832e+02   
    9.80000000e+03     4.90000000e+00    -2.43661572e+02     2.95553021e+02     6.25412232e+02    -3.36494223e+02   
    1.00000000e+04     5.00000000e+00    -2.43697379e+02     2.98843912e+02     6.25412232e+02    -3.38786460e+02   
    1.02000000e+04     5.10000000e+00    -2.43675766e+02     2.99336596e+02     6.25412232e+02    -3.34535642e+02   
    1.04000000e+04     5.20000000e+00    -2.43734179e+02     2.97840284e+02     6.25412232e+02    -3.41489667e+02   
    1.06000000e+04     5.30000000e+00    -2.43675986e+02     2.98063627e+02     6.25412232e+02    -3.37241745e+02   
    1.08000000e+04     5.40000000e+00    -2.43690052e+02     2.99033289e+02     6.25412232e+02    -3.38575471e+02   
    1.10000000e+04     5.50000000e+00    -2.43629516e+02     2.99487485e+02     6.25412232e+02    -3.35231662e+02   
    1.12000000e+04     5.60000000e+00    -2.43634574e+02     3.01190559e+02     6.25412232e+02    -3.34667387e+02   
    1.14000000e+04     5.70000000e+00    -2.43723792e+02     2.99513381e+02     6.25412232e+02    -3.37688048e+02   
    1.16000000e+04     5.80000000e+00    -2.43682375e+02     3.00214355e+02     6.25412232e+02    -3.33505162e+02   
    1.18000000e+04     5.90000000e+00    -2.43660651e+02     2.97444685e+02     6.25412232e+02    -3.32488038e+02   
    1.20000000e+04     6.00000000e+00    -2.43629497e+02     3.00665425e+02     6.25412232e+02    -3.29508133e+02   
    1.22000000e+04     6.10000000e+00    -2.43569602e+02     2.99842735e+02     6.25412232e+02    -3.29449296e+02   
    1.24000000e+04     6.20000000e+00    -2.43625810e+02     2.97689766e+02     6.25412232e+02    -3.31800662e+02   
    1.26000000e+04     6.30000000e+00    -2.43670111e+02     2.99642776e+02     6.25412232e+02    -3.32737759e+02   
    1.28000000e+04     6.40000000e+00    -2.43670598e+02     2.98578317e+02     6.25412232e+02    -3.32065280e+02   
    1.30000000e+04     6.50000000e+00    -2.43644608e+02     3.00871206e+02     6.25412232e+02    -3.38473455e+02   
    1.32000000e+04     6.60000000e+00    -2.43618236e+02     2.99247879e+02     6.25412232e+02    -3.34961535e+02   
    1.34000000e+04     6.70000000e+00    -2.43649530e+02     2.99813037e+02     6.25412232e+02    -3.35827009e+02   
    1.36000000e+04     6.80000000e+00    -2.43640554e+02     3.01864631e+02     6.25412232e+02    -3.35339185e+02   
    1.38000000e+04     6.90000000e+00    -2.43674433e+02     3.03456303e+02     6.25412232e+02    -3.33803288e+02   
    1.40000000e+04     7.00000000e+00    -2.43635607e+02     3.04710232e+02     6.25412232e+02    -3.29143417e+02   
    1.42000000e+04     7.10000000e+00    -2.43597118e+02     3.02212148e+02     6.25412232e+02    -3.20965695e+02   
    1.44000000e+04     7.20000000e+00    -2.43577492e+02     3.01897372e+02     6.25412232e+02    -3.25491242e+02   
    1.46000000e+04     7.30000000e+00    -2.43595247e+02     3.03562438e+02     6.25412232e+02    -3.31220937e+02   
    1.48000000e+04     7.40000000e+00    -2.43591598e+02     3.02489005e+02     6.25412232e+02    -3.33591543e+02   
    1.50000000e+04     7.50000000e+00    -2.43592303e+02     2.99196560e+02     6.25412232e+02    -3.36986985e+02   
    1.52000000e+04     7.60000000e+00    -2.43657831e+02     2.97701070e+02     6.25412232e+02    -3.37853688e+02   
    1.54000000e+04     7.70000000e+00    -2.43638376e+02     2.99083256e+02     6.25412232e+02    -3.40757363e+02   
    1.56000000e+04     7.80000000e+00    -2.43698545e+02     2.97982017e+02     6.25412232e+02    -3.33034515e+02   
    1.58000000e+04     7.90000000e+00    -2.43710711e+02     2.99360375e+02     6.25412232e+02    -3.33724133e+02   
    1.60000000e+04     8.00000000e+00    -2.43683629e+02     2.99432732e+02     6.25412232e+02    -3.33623810e+02   
    1.62000000e+04     8.10000000e+00    -2.43701216e+02     2.99024065e+02     6.25412232e+02    -3.36139191e+02   
    1.64000000e+04     8.20000000e+00    -2.43717366e+02     2.99591004e+02     6.25412232e+02    -3.34425016e+02   
    1.66000000e+04     8.30000000e+00    -2.43660522e+02     2.98478304e+02     6.25412232e+02    -3.30196258e+02   
    1.68000000e+04     8.40000000e+00    -2.43653579e+02     3.05746471e+02     6.25412232e+02    -3.29385474e+02   
    1.70000000e+04     8.50000000e+00    -2.43644258e+02     3.01370075e+02     6.25412232e+02    -3.32002644e+02   
    1.72000000e+04     8.60000000e+00    -2.43621066e+02     3.01034793e+02     6.25412232e+02    -3.31765912e+02   
    1.74000000e+04     8.70000000e+00    -2.43623488e+02     2.97549296e+02     6.25412232e+02    -3.24940205e+02   
    1.76000000e+04     8.80000000e+00    -2.43631326e+02     3.04073890e+02     6.25412232e+02    -3.33323517e+02   
    1.78000000e+04     8.90000000e+00    -2.43679297e+02     3.00604541e+02     6.25412232e+02    -3.40886715e+02   
    1.80000000e+04     9.00000000e+00    -2.43649211e+02     3.01726977e+02     6.25412232e+02    -3.37476213e+02   
    1.82000000e+04     9.10000000e+00    -2.43671231e+02     3.01773053e+02     6.25412232e+02    -3.37010480e+02   
    1.84000000e+04     9.20000000e+00    -2.43600765e+02     2.97646209e+02     6.25412232e+02    -3.30100513e+02   
    1.86000000e+04     9.30000000e+00    -2.43646285e+02     2.97915948e+02     6.25412232e+02    -3.33840033e+02   
    1.88000000e+04     9.40000000e+00    -2.43658135e+02     2.98081595e+02     6.25412232e+02    -3.35688754e+02   
    1.90000000e+04     9.50000000e+00    -2.43630659e+02     2.99683755e+02     6.25412232e+02    -3.38612117e+02   
    1.92000000e+04     9.60000000e+00    -2.43633785e+02     3.01592240e+02     6.25412232e+02    -3.36619235e+02   
    1.94000000e+04     9.70000000e+00    -2.43645679e+02     3.00359040e+02     6.25412232e+02    -3.41663239e+02   
    1.96000000e+04     9.80000000e+00    -2.43617238e+02     3.02357268e+02     6.25412232e+02    -3.35328243e+02   
    1.98000000e+04     9.90000000e+00    -2.43636274e+02     2.99086975e+02     6.25412232e+02    -3.32704003e+02   
    2.00000000e+04     1.00000000e+01    -2.43656452e+02     2.99335048e+02     6.25412232e+02    -3.32901791e+02   
    2.02000000e+04     1.01000000e+01    -2.43573703e+02     3.02522507e+02     6.25412232e+02    -3.27675081e+02   
    2.04000000e+04     1.02000000e+01    -2.43678768e+02     3.03489085e+02     6.25412232e+02    -3.30750839e+02   
    2.06000000e+04     1.03000000e+01    -2.43643403e+02     3.01236430e+02     6.25412232e+02    -3.31395495e+02   
    2.08000000e+04     1.04000000e+01    -2.43690984e+02     2.98312757e+02     6.25412232e+02    -3.29439060e+02   
    2.10000000e+04     1.05000000e+01    -2.43647222e+02     3.02083268e+02     6.25412232e+02    -3.33557629e+02   
    2.12000000e+04     1.06000000e+01    -2.43655869e+02     3.03442620e+02     6.25412232e+02    -3.26657996e+02   
    2.14000000e+04     1.07000000e+01    -2.43667592e+02     2.98877267e+02     6.25412232e+02    -3.30426373e+02   
    2.16000000e+04     1.08000000e+01    -2.43611866e+02     3.01303208e+02     6.25412232e+02    -3.32440072e+02   
    2.18000000e+04     1.09000000e+01    -2.43672105e+02     3.03180812e+02     6.25412232e+02    -3.29610046e+02   
    2.20000000e+04     1.10000000e+01    -2.43665609e+02     3.00504423e+02     6.25412232e+02    -3.35509641e+02   
    2.22000000e+04     1.11000000e+01    -2.43663172e+02     3.00985407e+02     6.25412232e+02    -3.37554624e+02   
    2.24000000e+04     1.12000000e+01    -2.43663797e+02     2.98408680e+02     6.25412232e+02    -3.29289787e+02   
    2.26000000e+04     1.13000000e+01    -2.43629462e+02     3.03837692e+02     6.25412232e+02    -3.30883616e+02   
    2.28000000e+04     1.14000000e+01    -2.43673018e+02     2.99434478e+02     6.25412232e+02    -3.32143677e+02   
    2.30000000e+04     1.15000000e+01    -2.43654684e+02     3.02627112e+02     6.25412232e+02    -3.33094759e+02   
    2.32000000e+04     1.16000000e+01    -2.43640231e+02     2.99022343e+02     6.25412232e+02    -3.35983859e+02   
    2.34000000e+04     1.17000000e+01    -2.43588016e+02     2.95620910e+02     6.25412232e+02    -3.34123904e+02   
    2.36000000e+04     1.18000000e+01    -2.43634798e+02     2.97500544e+02     6.25412232e+02    -3.37335700e+02   
    2.38000000e+04     1.19000000e+01    -2.43640980e+02     3.01220605e+02     6.25412232e+02    -3.32392268e+02   
    2.40000000e+04     1.20000000e+01    -2.43600259e+02     3.01586210e+02     6.25412232e+02    -3.24100785e+02   
    2.42000000e+04     1.21000000e+01    -2.43611675e+02     3.01950136e+02     6.25412232e+02    -3.28418312e+02   
    2.44000000e+04     1.22000000e+01    -2.43651964e+02     2.99971314e+02     6.25412232e+02    -3.33352169e+02   
    2.46000000e+04     1.23000000e+01    -2.43588429e+02     2.96353564e+02     6.25412232e+02    -3.34301363e+02   
    2.48000000e+04     1.24000000e+01    -2.43646182e+02     2.98725381e+02     6.25412232e+02    -3.36079287e+02   
    2.50000000e+04     1.25000000e+01    -2.43621905e+02     2.99029469e+02     6.25412232e+02    -3.34669870e+02   
    2.52000000e+04     1.26000000e+01    -2.43599614e+02     3.01644406e+02     6.25412232e+02    -3.33599491e+02   
    2.54000000e+04     1.27000000e+01    -2.43608410e+02     3.04065453e+02     6.25412232e+02    -3.33883494e+02   
    2.56000000e+04     1.28000000e+01    -2.43669249e+02     2.99739079e+02     6.25412232e+02    -3.33760042e+02   
    2.58000000e+04     1.29000000e+01    -2.43667924e+02     3.00206300e+02     6.25412232e+02    -3.35990262e+02   
    2.60000000e+04     1.30000000e+01    -2.43620501e+02     2.98075524e+02     6.25412232e+02    -3.30743827e+02   
    2.62000000e+04     1.31000000e+01    -2.43602503e+02     3.01305412e+02     6.25412232e+02    -3.28537842e+02   
    2.64000000e+04     1.32000000e+01    -2.43646376e+02     3.00558273e+02     6.25412232e+02    -3.31232983e+02   
    2.66000000e+04     1.33000000e+01    -2.43638800e+02     3.01459441e+02     6.25412232e+02    -3.32807727e+02   
    2.68000000e+04     1.34000000e+01    -2.43583987e+02     3.02279397e+02     6.25412232e+02    -3.34709228e+02   
    2.70000000e+04     1.35000000e+01    -2.43630987e+02     2.98899781e+02     6.25412232e+02    -3.36054233e+02   
    2.72000000e+04     1.36000000e+01    -2.43625606e+02     3.00387021e+02     6.25412232e+02    -3.42915913e+02   
    2.74000000e+04     1.37000000e+01    -2.43586967e+02     3.00945368e+02     6.25412232e+02    -3.33912381e+02   
    2.76000000e+04     1.38000000e+01    -2.43586694e+02     2.99945814e+02     6.25412232e+02    -3.32465346e+02   
    2.78000000e+04     1.39000000e+01    -2.43603750e+02     2.99772077e+02     6.25412232e+02    -3.35225221e+02   
    2.80000000e+04     1.40000000e+01    -2.43579038e+02     2.97210356e+02     6.25412232e+02    -3.32334129e+02   
    2.82000000e+04     1.41000000e+01    -2.43588991e+02     3.02211620e+02     6.25412232e+02    -3.30432986e+02   
    2.84000000e+04     1.42000000e+01    -2.43577725e+02     3.00868399e+02     6.25412232e+02    -3.34665931e+02   
    2.86000000e+04     1.43000000e+01    -2.43615535e+02     3.03415337e+02     6.25412232e+02    -3.31230866e+02   
    2.88000000e+04     1.44000000e+01    -2.43651093e+02     2.99626407e+02     6.25412232e+02    -3.33250380e+02   
    2.90000000e+04     1.45000000e+01    -2.43607817e+02     2.97054257e+02     6.25412232e+02    -3.31522555e+02   
    2.92000000e+04     1.46000000e+01    -2.43605696e+02     2.94475626e+02     6.25412232e+02    -3.32031242e+02   
    2.94000000e+04     1.47000000e+01    -2.43609530e+02     3.02737795e+02     6.25412232e+02    -3.34747079e+02   
    2.96000000e+04     1.48000000e+01    -2.43602420e+02     3.01873626e+02     6.25412232e+02    -3.36864788e+02   
    2.98000000e+04     1.49000000e+01    -2.43629424e+02     3.00536351e+02     6.25412232e+02    -3.33444928e+02   
    3.00000000e+04     1.50000000e+01    -2.43623347e+02     3.01292888e+02     6.25412232e+02    -3.33239033e+02   
    3.02000000e+04     1.51000000e+01    -2.43593872e+02     3.01911517e+02     6.25412232e+02    -3.35671169e+02   
    3.04000000e+04     1.52000000e+01    -2.43572523e+02     2.94853232e+02     6.25412232e+02    -3.34587966e+02   
    3.06000000e+04     1.53000000e+01    -2.43560160e+02     2.97544569e+02     6.25412232e+02    -3.33406862e+02   
    3.08000000e+04     1.54000000e+01    -2.43563550e+02     2.97323801e+02     6.25412232e+02    -3.32047992e+02   
    3.10000000e+04     1.55000000e+01    -2.43604722e+02     3.00432929e+02     6.25412232e+02    -3.32429007e+02   
    3.12000000e+04     1.56000000e+01    -2.43569623e+02     2.95066824e+02     6.25412232e+02    -3.26089302e+02   
    3.14000000e+04     1.57000000e+01    -2.43609565e+02     2.98973918e+02     6.25412232e+02    -3.34534218e+02   
    3.16000000e+04     1.58000000e+01    -2.43590337e+02     2.99253652e+02     6.25412232e+02    -3.31131294e+02   
    3.18000000e+04     1.59000000e+01    -2.43623719e+02     2.99009277e+02     6.25412232e+02    -3.33620476e+02   
    3.20000000e+04     1.60000000e+01    -2.43602501e+02     2.98313842e+02     6.25412232e+02    -3.33527046e+02   
    3.22000000e+04     1.61000000e+01    -2.43622007e+02     2.96993121e+02     6.25412232e+02    -3.32723327e+02   
    3.24000000e+04     1.62000000e+01    -2.43625836e+02     2.99770944e+02     6.25412232e+02    -3.32619978e+02   
    3.26000000e+04     1.63000000e+01    -2.43617227e+02     3.02789740e+02     6.25412232e+02    -3.31380305e+02   
    3.28000000e+04     1.64000000e+01    -2.43588648e+02     2.99129324e+02     6.25412232e+02    -3.28100162e+02   
    3.30000000e+04     1.65000000e+01    -2.43599086e+02     3.01141365e+02     6.25412232e+02    -3.31455510e+02   
    3.32000000e+04     1.66000000e+01    -2.43576749e+02     2.97456257e+02     6.25412232e+02    -3.32868179e+02   
    3.34000000e+04     1.67000000e+01    -2.43571341e+02     2.99985469e+02     6.25412232e+02    -3.33874647e+02   
    3.36000000e+04     1.68000000e+01    -2.43601643e+02     3.00482762e+02     6.25412232e+02    -3.35242568e+02   
    3.38000000e+04     1.69000000e+01    -2.43665633e+02     3.01930954e+02     6.25412232e+02    -3.34092514e+02   
    3.40000000e+04     1.70000000e+01    -2.43606391e+02     2.97735908e+02     6.25412232e+02    -3.30763774e+02   
    3.42000000e+04     1.71000000e+01    -2.43633182e+02     3.01945579e+02     6.25412232e+02    -3.31328663e+02   
    3.44000000e+04     1.72000000e+01    -2.43649469e+02     2.98588731e+02     6.25412232e+02    -3.34512801e+02   
    3.46000000e+04     1.73000000e+01    -2.43647781e+02     2.95495572e+02     6.25412232e+02    -3.31139904e+02   
    3.48000000e+04     1.74000000e+01    -2.43616937e+02     2.99446729e+02     6.25412232e+02    -3.30830182e+02   
    3.50000000e+04     1.75000000e+01    -2.43613150e+02     2.99364043e+02     6.25412232e+02    -3.35113268e+02   
    3.52000000e+04     1.76000000e+01    -2.43564559e+02     3.00292187e+02     6.25412232e+02    -3.29410388e+02   
    3.54000000e+04     1.77000000e+01    -2.43587296e+02     2.99223402e+02     6.25412232e+02    -3.29353650e+02   
    3.56000000e+04     1.78000000e+01    -2.43604527e+02     2.99923362e+02     6.25412232e+02    -3.31675599e+02   
    3.58000000e+04     1.79000000e+01    -2.43596435e+02     2.98107797e+02     6.25412232e+02    -3.28294667e+02   
    3.60000000e+04     1.80000000e+01    -2.43628889e+02     3.01318362e+02     6.25412232e+02    -3.35640137e+02   
    3.62000000e+04     1.81000000e+01    -2.43555124e+02     2.99607319e+02     6.25412232e+02    -3.27246074e+02   
    3.64000000e+04     1.82000000e+01    -2.43608344e+02     3.00153639e+02     6.25412232e+02    -3.36702438e+02   
    3.66000000e+04     1.83000000e+01    -2.43639318e+02     2.96170929e+02     6.25412232e+02    -3.34565171e+02   
    3.68000000e+04     1.84000000e+01    -2.43636508e+02     2.98453046e+02     6.25412232e+02    -3.34744831e+02   
    3.70000000e+04     1.85000000e+01    -2.43674258e+02     2.97072231e+02     6.25412232e+02    -3.32490960e+02   
    3.72000000e+04     1.86000000e+01    -2.43619224e+02     2.97689713e+02     6.25412232e+02    -3.34974406e+02   
    3.74000000e+04     1.87000000e+01    -2.43587971e+02     2.98991078e+02     6.25412232e+02    -3.33038200e+02   
    3.76000000e+04     1.88000000e+01    -2.43568742e+02     2.98191400e+02     6.25412232e+02    -3.33416309e+02   
    3.78000000e+04     1.89000000e+01    -2.43658117e+02     2.97529881e+02     6.25412232e+02    -3.32785680e+02   
    3.80000000e+04     1.90000000e+01    -2.43648697e+02     3.00657898e+02     6.25412232e+02    -3.34357087e+02   
    3.82000000e+04     1.91000000e+01    -2.43659631e+02     2.99228400e+02     6.25412232e+02    -3.30352521e+02   
    3.84000000e+04     1.92000000e+01    -2.43647267e+02     3.00696612e+02     6.25412232e+02    -3.30822597e+02   
    3.86000000e+04     1.93000000e+01    -2.43632936e+02     2.99450545e+02     6.25412232e+02    -3.26912100e+02   
    3.88000000e+04     1.94000000e+01    -2.43682177e+02     3.00718706e+02     6.25412232e+02    -3.32383762e+02   
    3.90000000e+04     1.95000000e+01    -2.43656019e+02     3.02425380e+02     6.25412232e+02    -3.33050858e+02   
    3.92000000e+04     1.96000000e+01    -2.43617936e+02     3.00392046e+02     6.25412232e+02    -3.29197555e+02   
    3.94000000e+04     1.97000000e+01    -2.43679254e+02     2.98401107e+02     6.25412232e+02    -3.32959890e+02   
    3.96000000e+04     1.98000000e+01    -2.43636865e+02     2.99891983e+02     6.25412232e+02    -3.34923648e+02   
    3.98000000e+04     1.99000000e+01    -2.43657945e+02     2.99700975e+02     6.25412232e+02    -3.37873031e+02   
    4.00000000e+04     2.00000000e+01    -2.43633042e+02     3.01158148e+02     6.25412232e+02    -3.37664919e+02   
