# column   1     --> step : The current simulation time step.
# column   2     --> time{picosecond} : The elapsed simulation time.
# column   3     --> conserved{electronvolt} : The value of the conserved energy quantity per bead.
# column   4     --> temperature{kelvin} : The current temperature, as obtained from the MD kinetic energy.
# column   5     --> kinetic_cv{electronvolt} : The centroid-virial quantum kinetic energy of the physical system.
# column   6     --> potential{electronvolt} : The physical system potential energy.
    0.00000000e+00     0.00000000e+00     4.90581531e+02     3.04273373e+02     1.52165030e+02    -1.26761858e+02   
    2.00000000e+02     5.00000000e-02     4.90838308e+02     2.89421150e+02     2.36944630e+02    -5.66000498e+00   
    4.00000000e+02     1.00000000e-01     4.90836403e+02     2.98077101e+02     2.36750480e+02     9.09892322e+00   
    6.00000000e+02     1.50000000e-01     4.90848019e+02     2.96520004e+02     2.35030153e+02     1.79667041e+01   
    8.00000000e+02     2.00000000e-01     4.90884191e+02     2.98425914e+02     2.37670752e+02     2.85174759e+01   
    1.00000000e+03     2.50000000e-01     4.90911010e+02     3.05801351e+02     2.34636872e+02     2.65763495e+01   
    1.20000000e+03     3.00000000e-01     4.90955069e+02     2.96447651e+02     2.36073990e+02     4.62005729e+01   
    1.40000000e+03     3.50000000e-01     4.90975822e+02     3.02793973e+02     2.35188128e+02     4.28889469e+01   
    1.60000000e+03     4.00000000e-01     4.91023340e+02     3.01224996e+02     2.35825174e+02     4.82167426e+01   
    1.80000000e+03     4.50000000e-01     4.91046269e+02     3.02343165e+02     2.35043483e+02     4.87362268e+01   
    2.00000000e+03     5.00000000e-01     4.91074013e+02     3.01828384e+02     2.37164402e+02     5.65333915e+01   
    2.20000000e+03     5.50000000e-01     4.91100243e+02     2.95842421e+02     2.35991689e+02     6.19957893e+01   
    2.40000000e+03     6.00000000e-01     4.91142501e+02     3.00793548e+02     2.37247071e+02     6.42428523e+01   
    2.60000000e+03     6.50000000e-01     4.91179673e+02     2.99896221e+02     2.36549199e+02     6.85166461e+01   
    2.80000000e+03     7.00000000e-01     4.91215767e+02     3.01782518e+02     2.36223024e+02     7.21470182e+01   
    3.00000000e+03     7.50000000e-01     4.91252550e+02     2.96117295e+02     2.37895676e+02     7.55433165e+01   
    3.20000000e+03     8.00000000e-01     4.91278630e+02     2.96486164e+02     2.36540853e+02     7.73234232e+01   
    3.40000000e+03     8.50000000e-01     4.91305985e+02     3.01234235e+02     2.37898750e+02     7.99460709e+01   
    3.60000000e+03     9.00000000e-01     4.91315020e+02     2.99374237e+02     2.34918059e+02     7.96917965e+01   
    3.80000000e+03     9.50000000e-01     4.91359464e+02     2.99902209e+02     2.37626568e+02     8.44629505e+01   
    4.00000000e+03     1.00000000e+00     4.91388378e+02     3.00646927e+02     2.36374202e+02     8.50150537e+01   
    4.20000000e+03     1.05000000e+00     4.91404837e+02     2.99976560e+02     2.34058334e+02     8.54021064e+01   
    4.40000000e+03     1.10000000e+00     4.91430573e+02     2.97070509e+02     2.35308630e+02     8.60736276e+01   
    4.60000000e+03     1.15000000e+00     4.91458824e+02     2.98113240e+02     2.38160788e+02     9.12399219e+01   
    4.80000000e+03     1.20000000e+00     4.91471036e+02     3.01444991e+02     2.37549483e+02     9.31123631e+01   
    5.00000000e+03     1.25000000e+00     4.91480951e+02     3.00403385e+02     2.35533606e+02     9.17145845e+01   
    5.20000000e+03     1.30000000e+00     4.91493563e+02     3.00764693e+02     2.35772258e+02     9.22416809e+01   
    5.40000000e+03     1.35000000e+00     4.91515624e+02     3.04725333e+02     2.37260813e+02     9.45706270e+01   
    5.60000000e+03     1.40000000e+00     4.91545629e+02     3.01831681e+02     2.37641273e+02     9.69455844e+01   
    5.80000000e+03     1.45000000e+00     4.91575049e+02     2.99081642e+02     2.36915431e+02     9.59258900e+01   
    6.00000000e+03     1.50000000e+00     4.91605985e+02     3.02587047e+02     2.37860355e+02     9.75919445e+01   
    6.20000000e+03     1.55000000e+00     4.91629570e+02     3.00808704e+02     2.37061114e+02     9.67369912e+01   
    6.40000000e+03     1.60000000e+00     4.91641341e+02     2.99327981e+02     2.37435363e+02     9.87775619e+01   
    6.60000000e+03     1.65000000e+00     4.91650272e+02     2.99811175e+02     2.35464487e+02     9.61417977e+01   
    6.80000000e+03     1.70000000e+00     4.91684931e+02     3.00030544e+02     2.37346107e+02     1.00370981e+02   
    7.00000000e+03     1.75000000e+00     4.91686648e+02     3.01022773e+02     2.35217959e+02     9.75964732e+01   
    7.20000000e+03     1.80000000e+00     4.91693342e+02     3.01676143e+02     2.34586299e+02     9.84189018e+01   
    7.40000000e+03     1.85000000e+00     4.91724428e+02     2.95880602e+02     2.39262233e+02     1.04203648e+02   
    7.60000000e+03     1.90000000e+00     4.91719220e+02     3.01284163e+02     2.36044999e+02     1.00452285e+02   
    7.80000000e+03     1.95000000e+00     4.91721167e+02     3.00629480e+02     2.35911946e+02     1.00791796e+02   
    8.00000000e+03     2.00000000e+00     4.91733285e+02     3.00539332e+02     2.34799373e+02     1.00305041e+02   
    8.20000000e+03     2.05000000e+00     4.91741738e+02     2.96494389e+02     2.36303870e+02     1.01282686e+02   
    8.40000000e+03     2.10000000e+00     4.91749748e+02     2.99578283e+02     2.36291563e+02     1.01315618e+02   
    8.60000000e+03     2.15000000e+00     4.91760508e+02     2.96923832e+02     2.37739776e+02     1.03397582e+02   
    8.80000000e+03     2.20000000e+00     4.91751291e+02     2.97518359e+02     2.36851473e+02     1.02883670e+02   
    9.00000000e+03     2.25000000e+00     4.91747113e+02     2.99820329e+02     2.34239718e+02     1.00780669e+02   
    9.20000000e+03     2.30000000e+00     4.91757167e+02     3.00740800e+02     2.36081937e+02     1.03732040e+02   
    9.40000000e+03     2.35000000e+00     4.91745519e+02     3.01248795e+02     2.36029773e+02     1.03128609e+02   
    9.60000000e+03     2.40000000e+00     4.91737311e+02     3.00208833e+02     2.36556337e+02     1.02709685e+02   
    9.80000000e+03     2.45000000e+00     4.91733115e+02     3.01211558e+02     2.35208663e+02     1.03004518e+02   
    1.00000000e+04     2.50000000e+00     4.91738761e+02     2.99568664e+02     2.34694436e+02     1.01580568e+02   
    1.02000000e+04     2.55000000e+00     4.91763398e+02     2.98501428e+02     2.38018202e+02     1.07140896e+02   
    1.04000000e+04     2.60000000e+00     4.91784316e+02     3.00050041e+02     2.38454781e+02     1.07316721e+02   
    1.06000000e+04     2.65000000e+00     4.91774614e+02     3.04327150e+02     2.34730023e+02     1.05903524e+02   
    1.08000000e+04     2.70000000e+00     4.91772645e+02     2.98177695e+02     2.37190515e+02     1.06944745e+02   
    1.10000000e+04     2.75000000e+00     4.91768511e+02     3.03983692e+02     2.37453327e+02     1.05031057e+02   
    1.12000000e+04     2.80000000e+00     4.91771777e+02     3.01673505e+02     2.37282426e+02     1.06123110e+02   
    1.14000000e+04     2.85000000e+00     4.91762522e+02     3.06198147e+02     2.37198620e+02     1.04982222e+02   
    1.16000000e+04     2.90000000e+00     4.91757307e+02     3.00375758e+02     2.36825959e+02     1.08194478e+02   
    1.18000000e+04     2.95000000e+00     4.91758581e+02     2.97546411e+02     2.38210975e+02     1.08583957e+02   
    1.20000000e+04     3.00000000e+00     4.91764680e+02     3.00533031e+02     2.36305922e+02     1.09434827e+02   
    1.22000000e+04     3.05000000e+00     4.91766911e+02     3.00408025e+02     2.35767188e+02     1.07448755e+02   
    1.24000000e+04     3.10000000e+00     4.91758858e+02     3.01066138e+02     2.36293602e+02     1.09217453e+02   
    1.26000000e+04     3.15000000e+00     4.91751126e+02     2.99606941e+02     2.35861093e+02     1.08012181e+02   
    1.28000000e+04     3.20000000e+00     4.91754501e+02     2.98714019e+02     2.37402381e+02     1.05742406e+02   
    1.30000000e+04     3.25000000e+00     4.91764063e+02     3.00423920e+02     2.36651376e+02     1.06644560e+02   
    1.32000000e+04     3.30000000e+00     4.91765093e+02     2.99936940e+02     2.34625458e+02     1.04887684e+02   
    1.34000000e+04     3.35000000e+00     4.91782977e+02     2.98783613e+02     2.38047795e+02     1.09749730e+02   
    1.36000000e+04     3.40000000e+00     4.91792175e+02     3.02219430e+02     2.37158321e+02     1.07145805e+02   
    1.38000000e+04     3.45000000e+00     4.91809421e+02     3.02563174e+02     2.39394674e+02     1.09194099e+02   
    1.40000000e+04     3.50000000e+00     4.91792320e+02     3.02150857e+02     2.36910707e+02     1.07317775e+02   
    1.42000000e+04     3.55000000e+00     4.91791068e+02     3.00262354e+02     2.36137583e+02     1.06533456e+02   
    1.44000000e+04     3.60000000e+00     4.91791462e+02     2.99420925e+02     2.34406818e+02     1.06066939e+02   
    1.46000000e+04     3.65000000e+00     4.91816302e+02     2.97213104e+02     2.37249299e+02     1.09779486e+02   
    1.48000000e+04     3.70000000e+00     4.91838072e+02     2.98700740e+02     2.39071405e+02     1.11307152e+02   
    1.50000000e+04     3.75000000e+00     4.91822388e+02     3.01629292e+02     2.35444565e+02     1.06860347e+02   
    1.52000000e+04     3.80000000e+00     4.91827734e+02     3.00785161e+02     2.36768862e+02     1.08958575e+02   
    1.54000000e+04     3.85000000e+00     4.91823569e+02     3.00487644e+02     2.38080586e+02     1.11972767e+02   
    1.56000000e+04     3.90000000e+00     4.91794306e+02     3.02225466e+02     2.34063419e+02     1.07623484e+02   
    1.58000000e+04     3.95000000e+00     4.91815300e+02     3.00391531e+02     2.36585571e+02     1.10597083e+02   
    1.60000000e+04     4.00000000e+00     4.91821419e+02     3.00631954e+02     2.38437932e+02     1.10400664e+02   
    1.62000000e+04     4.05000000e+00     4.91815730e+02     2.98711635e+02     2.35716178e+02     1.08460757e+02   
    1.64000000e+04     4.10000000e+00     4.91831799e+02     3.02529600e+02     2.38100744e+02     1.09847413e+02   
    1.66000000e+04     4.15000000e+00     4.91828149e+02     3.00460950e+02     2.35425395e+02     1.07685990e+02   
    1.68000000e+04     4.20000000e+00     4.91819805e+02     3.01440491e+02     2.35192513e+02     1.07458496e+02   
    1.70000000e+04     4.25000000e+00     4.91830620e+02     2.97454092e+02     2.36346354e+02     1.09041508e+02   
    1.72000000e+04     4.30000000e+00     4.91824957e+02     2.99809612e+02     2.34974863e+02     1.08526595e+02   
    1.74000000e+04     4.35000000e+00     4.91820245e+02     2.99803976e+02     2.33558787e+02     1.07201749e+02   
    1.76000000e+04     4.40000000e+00     4.91854879e+02     2.97257611e+02     2.36811701e+02     1.12573343e+02   
    1.78000000e+04     4.45000000e+00     4.91867790e+02     3.00404276e+02     2.37000863e+02     1.11486177e+02   
    1.80000000e+04     4.50000000e+00     4.91858710e+02     2.99843563e+02     2.34823259e+02     1.10703102e+02   
    1.82000000e+04     4.55000000e+00     4.91871000e+02     3.00272047e+02     2.36684893e+02     1.11090034e+02   
    1.84000000e+04     4.60000000e+00     4.91850014e+02     2.98303705e+02     2.34679132e+02     1.09360824e+02   
    1.86000000e+04     4.65000000e+00     4.91866339e+02     3.00053231e+02     2.36116499e+02     1.10831820e+02   
    1.88000000e+04     4.70000000e+00     4.91878702e+02     3.01867703e+02     2.36607402e+02     1.11612818e+02   
    1.90000000e+04     4.75000000e+00     4.91893441e+02     2.98596189e+02     2.36271049e+02     1.12636220e+02   
    1.92000000e+04     4.80000000e+00     4.91894651e+02     3.01500074e+02     2.34231670e+02     1.09242167e+02   
    1.94000000e+04     4.85000000e+00     4.91912863e+02     3.02538975e+02     2.36459649e+02     1.12330447e+02   
    1.96000000e+04     4.90000000e+00     4.91917174e+02     2.98748029e+02     2.36552024e+02     1.11927575e+02   
    1.98000000e+04     4.95000000e+00     4.91919024e+02     3.02634238e+02     2.35691850e+02     1.11359330e+02   
    2.00000000e+04     5.00000000e+00     4.91930601e+02     2.97101004e+02     2.35600558e+02     1.14087710e+02   
    2.02000000e+04     5.05000000e+00     4.91938619e+02     2.98508081e+02     2.36999104e+02     1.14806834e+02   
    2.04000000e+04     5.10000000e+00     4.91933911e+02     3.01203596e+02     2.37478801e+02     1.15532561e+02   
    2.06000000e+04     5.15000000e+00     4.91925040e+02     3.00780036e+02     2.35490312e+02     1.13226986e+02   
    2.08000000e+04     5.20000000e+00     4.91929155e+02     3.02743223e+02     2.37762302e+02     1.15803664e+02   
    2.10000000e+04     5.25000000e+00     4.91931493e+02     3.01239034e+02     2.36278832e+02     1.14139854e+02   
    2.12000000e+04     5.30000000e+00     4.91918582e+02     3.00956592e+02     2.33862635e+02     1.11541864e+02   
    2.14000000e+04     5.35000000e+00     4.91931783e+02     3.02463398e+02     2.36836332e+02     1.16167036e+02   
    2.16000000e+04     5.40000000e+00     4.91939900e+02     3.00869720e+02     2.36825395e+02     1.14269054e+02   
    2.18000000e+04     5.45000000e+00     4.91938940e+02     2.98942636e+02     2.36007275e+02     1.14308235e+02   
    2.20000000e+04     5.50000000e+00     4.91939539e+02     3.01382093e+02     2.35581238e+02     1.12235355e+02   
    2.22000000e+04     5.55000000e+00     4.91935171e+02     3.01284545e+02     2.36179102e+02     1.14814012e+02   
    2.24000000e+04     5.60000000e+00     4.91931531e+02     2.98176499e+02     2.35313613e+02     1.11962553e+02   
    2.26000000e+04     5.65000000e+00     4.91936648e+02     2.98497161e+02     2.35248996e+02     1.12701246e+02   
    2.28000000e+04     5.70000000e+00     4.91942489e+02     3.01538532e+02     2.37766879e+02     1.14010615e+02   
    2.30000000e+04     5.75000000e+00     4.91936230e+02     3.03864860e+02     2.36582575e+02     1.15881936e+02   
    2.32000000e+04     5.80000000e+00     4.91946990e+02     2.99473300e+02     2.36584827e+02     1.16069264e+02   
    2.34000000e+04     5.85000000e+00     4.91947187e+02     3.01173998e+02     2.33558888e+02     1.12502699e+02   
    2.36000000e+04     5.90000000e+00     4.91964501e+02     3.01580859e+02     2.36346375e+02     1.15573530e+02   
    2.38000000e+04     5.95000000e+00     4.91966513e+02     2.97948399e+02     2.35938167e+02     1.14076436e+02   
    2.40000000e+04     6.00000000e+00     4.91957062e+02     3.03339298e+02     2.36658305e+02     1.16223001e+02   
    2.42000000e+04     6.05000000e+00     4.91965033e+02     3.02851536e+02     2.37484223e+02     1.16697470e+02   
    2.44000000e+04     6.10000000e+00     4.91950249e+02     3.03830435e+02     2.34229932e+02     1.13429980e+02   
    2.46000000e+04     6.15000000e+00     4.91977662e+02     3.00354641e+02     2.37786386e+02     1.17739929e+02   
    2.48000000e+04     6.20000000e+00     4.91985802e+02     2.99592601e+02     2.35299916e+02     1.15669299e+02   
    2.50000000e+04     6.25000000e+00     4.92009334e+02     2.99977765e+02     2.36620248e+02     1.16265161e+02   
    2.52000000e+04     6.30000000e+00     4.92010908e+02     3.01052795e+02     2.37313183e+02     1.18134142e+02   
    2.54000000e+04     6.35000000e+00     4.91996757e+02     2.99452651e+02     2.34913366e+02     1.15643581e+02   
    2.56000000e+04     6.40000000e+00     4.91990774e+02     3.03679569e+02     2.35718057e+02     1.14296106e+02   
    2.58000000e+04     6.45000000e+00     4.91988872e+02     2.98886619e+02     2.37414371e+02     1.16894333e+02   
    2.60000000e+04     6.50000000e+00     4.91996055e+02     3.02218234e+02     2.36321900e+02     1.15389745e+02   
    2.62000000e+04     6.55000000e+00     4.92002871e+02     3.00546628e+02     2.38604206e+02     1.17857350e+02   
    2.64000000e+04     6.60000000e+00     4.92006590e+02     2.98271028e+02     2.37885611e+02     1.17121024e+02   
    2.66000000e+04     6.65000000e+00     4.92006391e+02     3.01391192e+02     2.36326874e+02     1.17415739e+02   
    2.68000000e+04     6.70000000e+00     4.92007925e+02     3.03892809e+02     2.36540918e+02     1.17535817e+02   
    2.70000000e+04     6.75000000e+00     4.92008971e+02     2.95989960e+02     2.37315621e+02     1.17758982e+02   
    2.72000000e+04     6.80000000e+00     4.92000525e+02     2.99288628e+02     2.35272272e+02     1.14559327e+02   
    2.74000000e+04     6.85000000e+00     4.92005026e+02     2.97843660e+02     2.36615083e+02     1.16136538e+02   
    2.76000000e+04     6.90000000e+00     4.92004851e+02     2.97911964e+02     2.37760122e+02     1.16401584e+02   
    2.78000000e+04     6.95000000e+00     4.92006837e+02     2.97919944e+02     2.37871566e+02     1.15262142e+02   
    2.80000000e+04     7.00000000e+00     4.91990876e+02     2.97667960e+02     2.37086689e+02     1.16473297e+02   
    2.82000000e+04     7.05000000e+00     4.91991766e+02     2.92619114e+02     2.37999820e+02     1.16302960e+02   
    2.84000000e+04     7.10000000e+00     4.91983617e+02     2.98888226e+02     2.35603159e+02     1.12574662e+02   
    2.86000000e+04     7.15000000e+00     4.91996205e+02     3.01311539e+02     2.37742983e+02     1.16297594e+02   
    2.88000000e+04     7.20000000e+00     4.91991867e+02     3.03438187e+02     2.36274283e+02     1.17094973e+02   
    2.90000000e+04     7.25000000e+00     4.91994022e+02     2.98963359e+02     2.36005542e+02     1.17525625e+02   
    2.92000000e+04     7.30000000e+00     4.92000263e+02     2.99153204e+02     2.37091199e+02     1.18764247e+02   
    2.94000000e+04     7.35000000e+00     4.91993574e+02     3.01648038e+02     2.35452436e+02     1.16367531e+02   
    2.96000000e+04     7.40000000e+00     4.92003829e+02     3.01673120e+02     2.38865075e+02     1.19666858e+02   
    2.98000000e+04     7.45000000e+00     4.91984690e+02     2.98540276e+02     2.37649406e+02     1.19783169e+02   
    3.00000000e+04     7.50000000e+00     4.91980884e+02     2.99506796e+02     2.37601248e+02     1.18796457e+02   
    3.02000000e+04     7.55000000e+00     4.91976064e+02     3.01894031e+02     2.36545891e+02     1.18987080e+02   
    3.04000000e+04     7.60000000e+00     4.91969782e+02     2.98438482e+02     2.35766686e+02     1.15735384e+02   
    3.06000000e+04     7.65000000e+00     4.91973227e+02     2.96830037e+02     2.36939162e+02     1.18900491e+02   
    3.08000000e+04     7.70000000e+00     4.91983057e+02     2.99440698e+02     2.37974238e+02     1.19750583e+02   
    3.10000000e+04     7.75000000e+00     4.91981157e+02     2.97723719e+02     2.36930044e+02     1.19690093e+02   
    3.12000000e+04     7.80000000e+00     4.91975463e+02     2.96791647e+02     2.35907688e+02     1.18076975e+02   
    3.14000000e+04     7.85000000e+00     4.91997278e+02     2.96168115e+02     2.36800870e+02     1.20111928e+02   
    3.16000000e+04     7.90000000e+00     4.91998445e+02     3.00225139e+02     2.36978275e+02     1.21512313e+02   
    3.18000000e+04     7.95000000e+00     4.91999125e+02     2.99768747e+02     2.36502773e+02     1.22140366e+02   
    3.20000000e+04     8.00000000e+00     4.91996037e+02     3.00118015e+02     2.36936535e+02     1.21813948e+02   
    3.22000000e+04     8.05000000e+00     4.91999479e+02     2.98950119e+02     2.37759633e+02     1.21721269e+02   
    3.24000000e+04     8.10000000e+00     4.91990652e+02     2.97664036e+02     2.36673572e+02     1.20877802e+02   
    3.26000000e+04     8.15000000e+00     4.91988399e+02     2.97889667e+02     2.37373949e+02     1.20717489e+02   
    3.28000000e+04     8.20000000e+00     4.91990695e+02     3.02127811e+02     2.36646198e+02     1.21078137e+02   
    3.30000000e+04     8.25000000e+00     4.91983573e+02     3.00277324e+02     2.36439222e+02     1.19841840e+02   
    3.32000000e+04     8.30000000e+00     4.91989627e+02     2.99350279e+02     2.37279665e+02     1.21207794e+02   
    3.34000000e+04     8.35000000e+00     4.91982015e+02     3.00118774e+02     2.37111792e+02     1.19956114e+02   
    3.36000000e+04     8.40000000e+00     4.91966944e+02     2.97304402e+02     2.35692620e+02     1.18398892e+02   
    3.38000000e+04     8.45000000e+00     4.91969516e+02     2.98409400e+02     2.36362132e+02     1.19793622e+02   
    3.40000000e+04     8.50000000e+00     4.91978397e+02     3.01093980e+02     2.36890507e+02     1.21260593e+02   
    3.42000000e+04     8.55000000e+00     4.91969604e+02     2.98004342e+02     2.35422020e+02     1.19377649e+02   
    3.44000000e+04     8.60000000e+00     4.91963117e+02     2.98288478e+02     2.35924264e+02     1.19525685e+02   
    3.46000000e+04     8.65000000e+00     4.91966463e+02     2.98808443e+02     2.36194930e+02     1.18565423e+02   
    3.48000000e+04     8.70000000e+00     4.91967353e+02     2.95640194e+02     2.34796268e+02     1.17765768e+02   
    3.50000000e+04     8.75000000e+00     4.91974370e+02     2.98012519e+02     2.37669936e+02     1.17730560e+02   
    3.52000000e+04     8.80000000e+00     4.91968208e+02     2.98543058e+02     2.35890847e+02     1.16889038e+02   
    3.54000000e+04     8.85000000e+00     4.91958234e+02     2.98619465e+02     2.34848809e+02     1.14453204e+02   
    3.56000000e+04     8.90000000e+00     4.91966610e+02     2.96939147e+02     2.38209903e+02     1.18206493e+02   
    3.58000000e+04     8.95000000e+00     4.91952211e+02     3.00512244e+02     2.36051924e+02     1.15605646e+02   
    3.60000000e+04     9.00000000e+00     4.91956595e+02     3.00570378e+02     2.38233245e+02     1.18575541e+02   
    3.62000000e+04     9.05000000e+00     4.91952535e+02     3.00316755e+02     2.36886687e+02     1.18080459e+02   
    3.64000000e+04     9.10000000e+00     4.91959465e+02     2.99860121e+02     2.37878590e+02     1.20192656e+02   
    3.66000000e+04     9.15000000e+00     4.91958815e+02     2.99498518e+02     2.36877682e+02     1.16871657e+02   
    3.68000000e+04     9.20000000e+00     4.91975292e+02     2.99387391e+02     2.35881101e+02     1.18653155e+02   
    3.70000000e+04     9.25000000e+00     4.91988136e+02     2.98387655e+02     2.36598161e+02     1.18420066e+02   
    3.72000000e+04     9.30000000e+00     4.91997215e+02     2.99403961e+02     2.35000037e+02     1.19855837e+02   
    3.74000000e+04     9.35000000e+00     4.92031315e+02     3.03967405e+02     2.37396428e+02     1.21847082e+02   
    3.76000000e+04     9.40000000e+00     4.92041996e+02     2.99709771e+02     2.37705430e+02     1.22967865e+02   
    3.78000000e+04     9.45000000e+00     4.92036832e+02     2.96808647e+02     2.34004274e+02     1.17178862e+02   
    3.80000000e+04     9.50000000e+00     4.92048952e+02     2.98883822e+02     2.35755738e+02     1.18249044e+02   
    3.82000000e+04     9.55000000e+00     4.92062813e+02     2.97819389e+02     2.37825403e+02     1.18777336e+02   
    3.84000000e+04     9.60000000e+00     4.92051677e+02     2.98195379e+02     2.37321206e+02     1.18222258e+02   
    3.86000000e+04     9.65000000e+00     4.92041792e+02     3.01724076e+02     2.35543316e+02     1.16692909e+02   
    3.88000000e+04     9.70000000e+00     4.92024505e+02     2.99725359e+02     2.35471062e+02     1.18116441e+02   
    3.90000000e+04     9.75000000e+00     4.92037390e+02     3.01331914e+02     2.37190149e+02     1.20924423e+02   
    3.92000000e+04     9.80000000e+00     4.92031990e+02     2.97293172e+02     2.37054794e+02     1.21960405e+02   
    3.94000000e+04     9.85000000e+00     4.92032956e+02     2.98471846e+02     2.35387899e+02     1.21368748e+02   
    3.96000000e+04     9.90000000e+00     4.92041934e+02     3.01138147e+02     2.37651666e+02     1.23060478e+02   
    3.98000000e+04     9.95000000e+00     4.92039254e+02     2.98291777e+02     2.35732848e+02     1.21783275e+02   
    4.00000000e+04     1.00000000e+01     4.92044076e+02     3.00894454e+02     2.36045573e+02     1.21292721e+02   
    4.02000000e+04     1.00500000e+01     4.92046399e+02     3.01334106e+02     2.34998916e+02     1.20523991e+02   
    4.04000000e+04     1.01000000e+01     4.92049399e+02     3.00772866e+02     2.36339154e+02     1.21182988e+02   
    4.06000000e+04     1.01500000e+01     4.92054649e+02     2.98652054e+02     2.37456357e+02     1.23484271e+02   
    4.08000000e+04     1.02000000e+01     4.92043406e+02     2.97198193e+02     2.35423765e+02     1.19629195e+02   
    4.10000000e+04     1.02500000e+01     4.92034057e+02     2.98574433e+02     2.35152482e+02     1.19371912e+02   
    4.12000000e+04     1.03000000e+01     4.92044861e+02     2.97990159e+02     2.36353749e+02     1.21181646e+02   
    4.14000000e+04     1.03500000e+01     4.92036722e+02     2.98173421e+02     2.34069903e+02     1.17532941e+02   
    4.16000000e+04     1.04000000e+01     4.92052599e+02     2.97314771e+02     2.37059822e+02     1.20500064e+02   
    4.18000000e+04     1.04500000e+01     4.92053378e+02     2.99714156e+02     2.36328211e+02     1.20270037e+02   
    4.20000000e+04     1.05000000e+01     4.92042100e+02     2.98266317e+02     2.35285252e+02     1.18911539e+02   
    4.22000000e+04     1.05500000e+01     4.92040028e+02     2.99703991e+02     2.35553384e+02     1.18735612e+02   
    4.24000000e+04     1.06000000e+01     4.92040216e+02     3.00759895e+02     2.33388335e+02     1.18361725e+02   
    4.26000000e+04     1.06500000e+01     4.92046518e+02     3.02109838e+02     2.35989787e+02     1.22777560e+02   
    4.28000000e+04     1.07000000e+01     4.92047477e+02     2.99629478e+02     2.37242181e+02     1.22639692e+02   
    4.30000000e+04     1.07500000e+01     4.92041123e+02     2.95369105e+02     2.36106650e+02     1.21724956e+02   
    4.32000000e+04     1.08000000e+01     4.92045974e+02     2.98330926e+02     2.37544186e+02     1.21905165e+02   
    4.34000000e+04     1.08500000e+01     4.92051655e+02     2.98681141e+02     2.36264673e+02     1.22311725e+02   
    4.36000000e+04     1.09000000e+01     4.92051893e+02     3.00124614e+02     2.35240177e+02     1.19692241e+02   
    4.38000000e+04     1.09500000e+01     4.92050379e+02     2.97599763e+02     2.34975332e+02     1.19650214e+02   
    4.40000000e+04     1.10000000e+01     4.92052950e+02     2.98520104e+02     2.36887297e+02     1.21740553e+02   
    4.42000000e+04     1.10500000e+01     4.92044217e+02     3.01142107e+02     2.35220330e+02     1.19195087e+02   
    4.44000000e+04     1.11000000e+01     4.92031855e+02     3.01844358e+02     2.34605896e+02     1.20000652e+02   
    4.46000000e+04     1.11500000e+01     4.92031765e+02     2.99388931e+02     2.36047256e+02     1.21174447e+02   
    4.48000000e+04     1.12000000e+01     4.92044344e+02     2.97552619e+02     2.36820772e+02     1.22991822e+02   
    4.50000000e+04     1.12500000e+01     4.92047038e+02     2.98602026e+02     2.34345459e+02     1.19702088e+02   
    4.52000000e+04     1.13000000e+01     4.92059997e+02     3.02480547e+02     2.35841056e+02     1.21683749e+02   
    4.54000000e+04     1.13500000e+01     4.92074587e+02     2.99427503e+02     2.38589665e+02     1.26012586e+02   
    4.56000000e+04     1.14000000e+01     4.92064320e+02     2.98335390e+02     2.35137987e+02     1.22792711e+02   
    4.58000000e+04     1.14500000e+01     4.92069340e+02     3.00233168e+02     2.37505614e+02     1.23733910e+02   
    4.60000000e+04     1.15000000e+01     4.92064548e+02     2.96757202e+02     2.35611047e+02     1.21125023e+02   
    4.62000000e+04     1.15500000e+01     4.92056669e+02     2.96998710e+02     2.33332647e+02     1.19648890e+02   
    4.64000000e+04     1.16000000e+01     4.92075885e+02     2.99923361e+02     2.37791827e+02     1.22192452e+02   
    4.66000000e+04     1.16500000e+01     4.92071580e+02     3.01230899e+02     2.36545502e+02     1.19642769e+02   
    4.68000000e+04     1.17000000e+01     4.92066478e+02     2.98387342e+02     2.35524346e+02     1.18799934e+02   
    4.70000000e+04     1.17500000e+01     4.92062418e+02     2.97416674e+02     2.35585291e+02     1.20940011e+02   
    4.72000000e+04     1.18000000e+01     4.92058328e+02     2.99895732e+02     2.35632912e+02     1.21577523e+02   
    4.74000000e+04     1.18500000e+01     4.92045061e+02     3.02722391e+02     2.35611721e+02     1.21976225e+02   
    4.76000000e+04     1.19000000e+01     4.92036691e+02     3.03240697e+02     2.36897504e+02     1.22773889e+02   
    4.78000000e+04     1.19500000e+01     4.92025564e+02     3.04118884e+02     2.36349131e+02     1.22046178e+02   
    4.80000000e+04     1.20000000e+01     4.92020861e+02     3.01068009e+02     2.34896173e+02     1.18895613e+02   
    4.82000000e+04     1.20500000e+01     4.92043244e+02     3.02971416e+02     2.37471043e+02     1.20684985e+02   
    4.84000000e+04     1.21000000e+01     4.92051858e+02     2.97868411e+02     2.37309394e+02     1.21145231e+02   
    4.86000000e+04     1.21500000e+01     4.92059621e+02     3.02391614e+02     2.38399547e+02     1.22765501e+02   
    4.88000000e+04     1.22000000e+01     4.92040433e+02     3.05504992e+02     2.34291733e+02     1.19386692e+02   
    4.90000000e+04     1.22500000e+01     4.92061512e+02     3.01878492e+02     2.37182585e+02     1.23143869e+02   
    4.92000000e+04     1.23000000e+01     4.92078126e+02     2.98754048e+02     2.37343815e+02     1.21955440e+02   
    4.94000000e+04     1.23500000e+01     4.92078774e+02     2.99823998e+02     2.37919917e+02     1.21383367e+02   
    4.96000000e+04     1.24000000e+01     4.92072014e+02     2.98718859e+02     2.37662901e+02     1.21762455e+02   
    4.98000000e+04     1.24500000e+01     4.92068084e+02     2.98186922e+02     2.35716405e+02     1.18539411e+02   
    5.00000000e+04     1.25000000e+01     4.92075686e+02     2.99934806e+02     2.35920768e+02     1.19018286e+02   
    5.02000000e+04     1.25500000e+01     4.92079310e+02     3.00133553e+02     2.34996332e+02     1.17126196e+02   
    5.04000000e+04     1.26000000e+01     4.92097705e+02     3.01699104e+02     2.39742603e+02     1.25618890e+02   
    5.06000000e+04     1.26500000e+01     4.92084713e+02     2.97888447e+02     2.35237288e+02     1.20061415e+02   
    5.08000000e+04     1.27000000e+01     4.92088857e+02     3.02281545e+02     2.36099012e+02     1.19901946e+02   
    5.10000000e+04     1.27500000e+01     4.92078255e+02     3.01952264e+02     2.37564210e+02     1.18344881e+02   
    5.12000000e+04     1.28000000e+01     4.92081922e+02     2.99373834e+02     2.37522910e+02     1.21092691e+02   
    5.14000000e+04     1.28500000e+01     4.92073674e+02     3.02026689e+02     2.36361419e+02     1.19964599e+02   
    5.16000000e+04     1.29000000e+01     4.92076523e+02     3.03817131e+02     2.36250817e+02     1.21060150e+02   
    5.18000000e+04     1.29500000e+01     4.92081058e+02     3.03068556e+02     2.35458899e+02     1.20386337e+02   
    5.20000000e+04     1.30000000e+01     4.92102106e+02     3.00614772e+02     2.37541821e+02     1.24890552e+02   
    5.22000000e+04     1.30500000e+01     4.92098118e+02     3.00677162e+02     2.36072555e+02     1.23106017e+02   
    5.24000000e+04     1.31000000e+01     4.92100217e+02     2.99363753e+02     2.35278973e+02     1.19236910e+02   
    5.26000000e+04     1.31500000e+01     4.92111704e+02     2.98475230e+02     2.36943515e+02     1.21033720e+02   
    5.28000000e+04     1.32000000e+01     4.92125769e+02     3.01681742e+02     2.37423897e+02     1.22249759e+02   
    5.30000000e+04     1.32500000e+01     4.92132529e+02     3.01013411e+02     2.37109818e+02     1.21794805e+02   
    5.32000000e+04     1.33000000e+01     4.92132563e+02     3.03274582e+02     2.34341511e+02     1.17149763e+02   
    5.34000000e+04     1.33500000e+01     4.92138882e+02     3.02378562e+02     2.34712184e+02     1.16774794e+02   
    5.36000000e+04     1.34000000e+01     4.92151793e+02     3.02325489e+02     2.36411702e+02     1.18258229e+02   
    5.38000000e+04     1.34500000e+01     4.92175027e+02     3.01203508e+02     2.37348931e+02     1.20450298e+02   
    5.40000000e+04     1.35000000e+01     4.92182084e+02     3.00717595e+02     2.38415375e+02     1.21613363e+02   
    5.42000000e+04     1.35500000e+01     4.92179887e+02     3.03824465e+02     2.36009308e+02     1.19530851e+02   
    5.44000000e+04     1.36000000e+01     4.92174451e+02     3.00096782e+02     2.37059108e+02     1.21462590e+02   
    5.46000000e+04     1.36500000e+01     4.92177925e+02     3.03870553e+02     2.37123972e+02     1.20692550e+02   
    5.48000000e+04     1.37000000e+01     4.92171792e+02     3.03514763e+02     2.35996087e+02     1.20844181e+02   
    5.50000000e+04     1.37500000e+01     4.92159280e+02     3.02014198e+02     2.35411459e+02     1.18530416e+02   
    5.52000000e+04     1.38000000e+01     4.92170328e+02     2.98378565e+02     2.37618123e+02     1.23636287e+02   
    5.54000000e+04     1.38500000e+01     4.92172621e+02     3.01460329e+02     2.37186487e+02     1.21483882e+02   
    5.56000000e+04     1.39000000e+01     4.92163147e+02     3.02591097e+02     2.36237440e+02     1.22295567e+02   
    5.58000000e+04     1.39500000e+01     4.92143698e+02     3.03766387e+02     2.35226774e+02     1.20077924e+02   
    5.60000000e+04     1.40000000e+01     4.92140306e+02     2.97403791e+02     2.35855956e+02     1.19427276e+02   
    5.62000000e+04     1.40500000e+01     4.92135911e+02     2.99573017e+02     2.36552108e+02     1.19375474e+02   
    5.64000000e+04     1.41000000e+01     4.92131557e+02     3.00250371e+02     2.36173640e+02     1.20177180e+02   
    5.66000000e+04     1.41500000e+01     4.92137436e+02     3.03312798e+02     2.36545146e+02     1.21971756e+02   
    5.68000000e+04     1.42000000e+01     4.92143389e+02     3.02574094e+02     2.36872947e+02     1.19927591e+02   
    5.70000000e+04     1.42500000e+01     4.92147903e+02     3.05758952e+02     2.34508314e+02     1.18068372e+02   
    5.72000000e+04     1.43000000e+01     4.92170157e+02     3.03179689e+02     2.37303857e+02     1.20105825e+02   
    5.74000000e+04     1.43500000e+01     4.92172496e+02     3.00162511e+02     2.36936385e+02     1.19331925e+02   
    5.76000000e+04     1.44000000e+01     4.92173788e+02     2.99875217e+02     2.36395048e+02     1.17291129e+02   
    5.78000000e+04     1.44500000e+01     4.92183573e+02     3.01944516e+02     2.38758377e+02     1.19592081e+02   
    5.80000000e+04     1.45000000e+01     4.92174207e+02     3.00794323e+02     2.34691392e+02     1.17489438e+02   
    5.82000000e+04     1.45500000e+01     4.92162539e+02     3.00759567e+02     2.35851805e+02     1.16374360e+02   
    5.84000000e+04     1.46000000e+01     4.92163119e+02     3.00045472e+02     2.36307169e+02     1.19080122e+02   
    5.86000000e+04     1.46500000e+01     4.92151411e+02     3.00002475e+02     2.35293684e+02     1.18149207e+02   
    5.88000000e+04     1.47000000e+01     4.92151088e+02     3.02714583e+02     2.35511640e+02     1.19062574e+02   
    5.90000000e+04     1.47500000e+01     4.92162980e+02     2.99714414e+02     2.37715434e+02     1.22120694e+02   
    5.92000000e+04     1.48000000e+01     4.92154621e+02     3.00566027e+02     2.37484757e+02     1.20362251e+02   
    5.94000000e+04     1.48500000e+01     4.92153308e+02     3.02811392e+02     2.33178940e+02     1.16710103e+02   
    5.96000000e+04     1.49000000e+01     4.92173696e+02     2.98701634e+02     2.35304734e+02     1.19403119e+02   
    5.98000000e+04     1.49500000e+01     4.92170053e+02     3.00043473e+02     2.37336033e+02     1.21190747e+02   
    6.00000000e+04     1.50000000e+01     4.92175562e+02     2.98958732e+02     2.36416934e+02     1.21270816e+02   
    6.02000000e+04     1.50500000e+01     4.92167351e+02     2.98309493e+02     2.34733115e+02     1.17708996e+02   
    6.04000000e+04     1.51000000e+01     4.92178334e+02     2.99083831e+02     2.36213128e+02     1.19546663e+02   
    6.06000000e+04     1.51500000e+01     4.92173076e+02     2.97544863e+02     2.36401148e+02     1.18730923e+02   
    6.08000000e+04     1.52000000e+01     4.92154473e+02     3.00147959e+02     2.35340573e+02     1.19194041e+02   
    6.10000000e+04     1.52500000e+01     4.92152411e+02     2.99258816e+02     2.37282556e+02     1.18263551e+02   
    6.12000000e+04     1.53000000e+01     4.92146917e+02     3.02152658e+02     2.34836087e+02     1.17958304e+02   
    6.14000000e+04     1.53500000e+01     4.92148856e+02     2.98695811e+02     2.36636627e+02     1.20248270e+02   
    6.16000000e+04     1.54000000e+01     4.92155122e+02     2.98863957e+02     2.36709009e+02     1.20721023e+02   
    6.18000000e+04     1.54500000e+01     4.92143394e+02     3.02447409e+02     2.35095805e+02     1.20062307e+02   
    6.20000000e+04     1.55000000e+01     4.92136212e+02     3.01798130e+02     2.35234692e+02     1.18968143e+02   
    6.22000000e+04     1.55500000e+01     4.92157686e+02     3.04968671e+02     2.38219691e+02     1.22251798e+02   
    6.24000000e+04     1.56000000e+01     4.92154737e+02     3.00997786e+02     2.35474606e+02     1.19668886e+02   
    6.26000000e+04     1.56500000e+01     4.92156809e+02     2.99708744e+02     2.35309359e+02     1.18681104e+02   
    6.28000000e+04     1.57000000e+01     4.92160320e+02     3.01310627e+02     2.36169088e+02     1.20235999e+02   
    6.30000000e+04     1.57500000e+01     4.92158136e+02     2.97122211e+02     2.35946772e+02     1.20825195e+02   
    6.32000000e+04     1.58000000e+01     4.92148924e+02     2.99442339e+02     2.35325832e+02     1.19116447e+02   
    6.34000000e+04     1.58500000e+01     4.92151052e+02     2.98742475e+02     2.36276764e+02     1.20622482e+02   
    6.36000000e+04     1.59000000e+01     4.92150365e+02     3.00089062e+02     2.37133115e+02     1.19934505e+02   
    6.38000000e+04     1.59500000e+01     4.92140973e+02     3.01203017e+02     2.35472051e+02     1.17313367e+02   
    6.40000000e+04     1.60000000e+01     4.92157882e+02     2.99886158e+02     2.36313369e+02     1.20449321e+02   
    6.42000000e+04     1.60500000e+01     4.92148943e+02     2.97610451e+02     2.36137107e+02     1.19532875e+02   
    6.44000000e+04     1.61000000e+01     4.92137986e+02     3.01241597e+02     2.36460136e+02     1.19876373e+02   
    6.46000000e+04     1.61500000e+01     4.92123039e+02     3.01227779e+02     2.35915063e+02     1.17190416e+02   
    6.48000000e+04     1.62000000e+01     4.92117540e+02     3.01039053e+02     2.35635404e+02     1.17653924e+02   
    6.50000000e+04     1.62500000e+01     4.92119559e+02     3.01137359e+02     2.38460289e+02     1.21684460e+02   
    6.52000000e+04     1.63000000e+01     4.92116488e+02     2.99702580e+02     2.39022774e+02     1.19062372e+02   
    6.54000000e+04     1.63500000e+01     4.92103598e+02     3.00866623e+02     2.37214306e+02     1.18616142e+02   
    6.56000000e+04     1.64000000e+01     4.92109101e+02     2.95961422e+02     2.37391005e+02     1.18833803e+02   
    6.58000000e+04     1.64500000e+01     4.92108639e+02     3.00265908e+02     2.35310899e+02     1.16820085e+02   
    6.60000000e+04     1.65000000e+01     4.92123444e+02     2.98872652e+02     2.35721867e+02     1.17518925e+02   
    6.62000000e+04     1.65500000e+01     4.92121962e+02     3.00856525e+02     2.37629908e+02     1.20061259e+02   
    6.64000000e+04     1.66000000e+01     4.92113895e+02     3.01655470e+02     2.35614915e+02     1.19369417e+02   
    6.66000000e+04     1.66500000e+01     4.92115499e+02     3.03272637e+02     2.36697117e+02     1.21699129e+02   
    6.68000000e+04     1.67000000e+01     4.92119758e+02     2.98968088e+02     2.35535837e+02     1.21732651e+02   
    6.70000000e+04     1.67500000e+01     4.92119175e+02     2.99176657e+02     2.34412150e+02     1.18670986e+02   
    6.72000000e+04     1.68000000e+01     4.92125387e+02     2.96300238e+02     2.36416206e+02     1.20698889e+02   
    6.74000000e+04     1.68500000e+01     4.92116690e+02     2.98556917e+02     2.34196595e+02     1.16914514e+02   
    6.76000000e+04     1.69000000e+01     4.92136807e+02     2.98495841e+02     2.36242998e+02     1.19415762e+02   
    6.78000000e+04     1.69500000e+01     4.92136334e+02     2.99839741e+02     2.35685035e+02     1.18665905e+02   
    6.80000000e+04     1.70000000e+01     4.92126698e+02     3.01700849e+02     2.35334711e+02     1.18547921e+02   
    6.82000000e+04     1.70500000e+01     4.92138381e+02     2.97720242e+02     2.37266425e+02     1.20066205e+02   
    6.84000000e+04     1.71000000e+01     4.92134517e+02     2.99363730e+02     2.36380595e+02     1.19594932e+02   
    6.86000000e+04     1.71500000e+01     4.92143547e+02     2.99499410e+02     2.37076350e+02     1.20817057e+02   
    6.88000000e+04     1.72000000e+01     4.92138166e+02     3.01933733e+02     2.36041842e+02     1.19347787e+02   
    6.90000000e+04     1.72500000e+01     4.92141663e+02     3.02683166e+02     2.35354339e+02     1.21536345e+02   
    6.92000000e+04     1.73000000e+01     4.92145773e+02     2.99298088e+02     2.36361571e+02     1.22849149e+02   
    6.94000000e+04     1.73500000e+01     4.92154121e+02     2.97825555e+02     2.37155015e+02     1.24947204e+02   
    6.96000000e+04     1.74000000e+01     4.92155435e+02     3.00643877e+02     2.37196132e+02     1.22287379e+02   
    6.98000000e+04     1.74500000e+01     4.92147415e+02     2.96927093e+02     2.34897352e+02     1.20275331e+02   
    7.00000000e+04     1.75000000e+01     4.92143846e+02     2.98671994e+02     2.33562799e+02     1.19551608e+02   
    7.02000000e+04     1.75500000e+01     4.92156480e+02     2.98560637e+02     2.35367603e+02     1.21408317e+02   
    7.04000000e+04     1.76000000e+01     4.92184794e+02     3.00219126e+02     2.35773257e+02     1.21780861e+02   
    7.06000000e+04     1.76500000e+01     4.92200963e+02     3.00560736e+02     2.37418621e+02     1.25399843e+02   
    7.08000000e+04     1.77000000e+01     4.92192760e+02     3.01293444e+02     2.34168841e+02     1.23344095e+02   
    7.10000000e+04     1.77500000e+01     4.92202218e+02     2.99900121e+02     2.33532048e+02     1.21751766e+02   
    7.12000000e+04     1.78000000e+01     4.92216643e+02     3.02143836e+02     2.37140956e+02     1.23966273e+02   
    7.14000000e+04     1.78500000e+01     4.92219626e+02     3.03361336e+02     2.34915217e+02     1.21676490e+02   
    7.16000000e+04     1.79000000e+01     4.92231326e+02     3.05343005e+02     2.37765076e+02     1.25687354e+02   
    7.18000000e+04     1.79500000e+01     4.92222282e+02     3.00227248e+02     2.34957020e+02     1.22130045e+02   
    7.20000000e+04     1.80000000e+01     4.92222037e+02     3.00434601e+02     2.36872326e+02     1.22126036e+02   
    7.22000000e+04     1.80500000e+01     4.92225045e+02     2.99936574e+02     2.36342551e+02     1.23744412e+02   
    7.24000000e+04     1.81000000e+01     4.92225936e+02     2.98780927e+02     2.36865741e+02     1.23644672e+02   
    7.26000000e+04     1.81500000e+01     4.92216055e+02     2.99654513e+02     2.36888903e+02     1.23334384e+02   
    7.28000000e+04     1.82000000e+01     4.92201237e+02     3.01069807e+02     2.36752639e+02     1.22368360e+02   
    7.30000000e+04     1.82500000e+01     4.92181714e+02     2.99574139e+02     2.33317607e+02     1.18616207e+02   
    7.32000000e+04     1.83000000e+01     4.92188960e+02     2.99183305e+02     2.36516209e+02     1.21426175e+02   
    7.34000000e+04     1.83500000e+01     4.92187616e+02     2.98212598e+02     2.36941431e+02     1.22644376e+02   
    7.36000000e+04     1.84000000e+01     4.92189077e+02     3.02411017e+02     2.37253935e+02     1.20423834e+02   
    7.38000000e+04     1.84500000e+01     4.92175232e+02     3.00811984e+02     2.34344982e+02     1.18319976e+02   
    7.40000000e+04     1.85000000e+01     4.92180873e+02     2.98073248e+02     2.35299052e+02     1.18788221e+02   
    7.42000000e+04     1.85500000e+01     4.92191695e+02     3.01066104e+02     2.37677102e+02     1.20973660e+02   
    7.44000000e+04     1.86000000e+01     4.92186862e+02     3.01407429e+02     2.35634904e+02     1.18638491e+02   
    7.46000000e+04     1.86500000e+01     4.92188101e+02     2.99481708e+02     2.36484229e+02     1.19769488e+02   
    7.48000000e+04     1.87000000e+01     4.92193609e+02     3.00617041e+02     2.37065743e+02     1.22655140e+02   
    7.50000000e+04     1.87500000e+01     4.92184696e+02     2.99233955e+02     2.36470942e+02     1.19472949e+02   
    7.52000000e+04     1.88000000e+01     4.92190598e+02     2.99630153e+02     2.36928172e+02     1.21439405e+02   
    7.54000000e+04     1.88500000e+01     4.92184722e+02     2.99668159e+02     2.36474874e+02     1.19619798e+02   
    7.56000000e+04     1.89000000e+01     4.92183072e+02     2.96411302e+02     2.35769236e+02     1.20690795e+02   
    7.58000000e+04     1.89500000e+01     4.92167769e+02     2.97220377e+02     2.34485587e+02     1.19042498e+02   
    7.60000000e+04     1.90000000e+01     4.92175849e+02     3.00327398e+02     2.35543648e+02     1.20465277e+02   
    7.62000000e+04     1.90500000e+01     4.92179115e+02     2.98499892e+02     2.36966979e+02     1.24021029e+02   
    7.64000000e+04     1.91000000e+01     4.92177309e+02     2.96874142e+02     2.37868702e+02     1.23115663e+02   
    7.66000000e+04     1.91500000e+01     4.92167042e+02     3.02382028e+02     2.35631362e+02     1.22251584e+02   
    7.68000000e+04     1.92000000e+01     4.92177424e+02     2.98396105e+02     2.35306543e+02     1.19786930e+02   
    7.70000000e+04     1.92500000e+01     4.92179833e+02     2.99088784e+02     2.34050093e+02     1.19265890e+02   
    7.72000000e+04     1.93000000e+01     4.92182866e+02     3.02162730e+02     2.35051975e+02     1.18746969e+02   
    7.74000000e+04     1.93500000e+01     4.92172664e+02     2.98224623e+02     2.36006067e+02     1.19085062e+02   
    7.76000000e+04     1.94000000e+01     4.92166815e+02     2.95380768e+02     2.36324276e+02     1.21716330e+02   
    7.78000000e+04     1.94500000e+01     4.92159091e+02     3.01146421e+02     2.36759225e+02     1.20736423e+02   
    7.80000000e+04     1.95000000e+01     4.92159028e+02     3.00611720e+02     2.36700228e+02     1.22353123e+02   
    7.82000000e+04     1.95500000e+01     4.92153438e+02     3.00798999e+02     2.35552652e+02     1.20024357e+02   
    7.84000000e+04     1.96000000e+01     4.92162565e+02     3.01098556e+02     2.35483656e+02     1.22644493e+02   
    7.86000000e+04     1.96500000e+01     4.92160490e+02     3.02332461e+02     2.37009234e+02     1.23104462e+02   
    7.88000000e+04     1.97000000e+01     4.92149107e+02     3.02868607e+02     2.35112088e+02     1.21266526e+02   
    7.90000000e+04     1.97500000e+01     4.92146203e+02     3.03921808e+02     2.36906350e+02     1.20427280e+02   
    7.92000000e+04     1.98000000e+01     4.92150221e+02     2.98852729e+02     2.38668856e+02     1.23199050e+02   
    7.94000000e+04     1.98500000e+01     4.92140158e+02     3.01123488e+02     2.36106022e+02     1.19979194e+02   
    7.96000000e+04     1.99000000e+01     4.92136806e+02     3.01238359e+02     2.36928612e+02     1.19240698e+02   
    7.98000000e+04     1.99500000e+01     4.92119392e+02     3.01520543e+02     2.34078850e+02     1.15107643e+02   
    8.00000000e+04     2.00000000e+01     4.92130411e+02     2.99659262e+02     2.35682712e+02     1.19384640e+02   
