# column   1     --> step : The current simulation time step.
# column   2     --> time{picosecond} : The elapsed simulation time.
# column   3     --> conserved{electronvolt} : The value of the conserved energy quantity per bead.
# column   4     --> temperature{kelvin} : The current temperature, as obtained from the MD kinetic energy.
# column   5     --> kinetic_cv{electronvolt} : The centroid-virial quantum kinetic energy of the physical system.
# column   6     --> potential{electronvolt} : The physical system potential energy.
    0.00000000e+00     0.00000000e+00     1.11305211e+03     3.04273373e+02     2.35372890e+02     1.23874747e+02   
    2.00000000e+02     5.00000000e-02     1.11306015e+03     2.98160611e+02     2.37841625e+02     1.25309510e+02   
    4.00000000e+02     1.00000000e-01     1.11304734e+03     3.03561948e+02     2.37315797e+02     1.25118190e+02   
    6.00000000e+02     1.50000000e-01     1.11303502e+03     3.01041581e+02     2.33742616e+02     1.21846869e+02   
    8.00000000e+02     2.00000000e-01     1.11305182e+03     2.99970582e+02     2.36402402e+02     1.26294312e+02   
    1.00000000e+03     2.50000000e-01     1.11305489e+03     3.03841828e+02     2.35665261e+02     1.24648179e+02   
    1.20000000e+03     3.00000000e-01     1.11306389e+03     2.98748322e+02     2.36028747e+02     1.26921624e+02   
    1.40000000e+03     3.50000000e-01     1.11306101e+03     3.02442649e+02     2.35962023e+02     1.24475614e+02   
    1.60000000e+03     4.00000000e-01     1.11307491e+03     2.98289238e+02     2.36281144e+02     1.26379996e+02   
    1.80000000e+03     4.50000000e-01     1.11307890e+03     2.99193424e+02     2.35882945e+02     1.24073770e+02   
    2.00000000e+03     5.00000000e-01     1.11308935e+03     2.99185371e+02     2.36565103e+02     1.25667094e+02   
    2.20000000e+03     5.50000000e-01     1.11308338e+03     2.95143555e+02     2.36329373e+02     1.24855990e+02   
    2.40000000e+03     6.00000000e-01     1.11308631e+03     2.99885008e+02     2.37058143e+02     1.24713514e+02   
    2.60000000e+03     6.50000000e-01     1.11309239e+03     2.99916109e+02     2.36974540e+02     1.24277917e+02   
    2.80000000e+03     7.00000000e-01     1.11309649e+03     3.01054667e+02     2.37490607e+02     1.26508233e+02   
    3.00000000e+03     7.50000000e-01     1.11309247e+03     2.99270083e+02     2.35653454e+02     1.23648643e+02   
    3.20000000e+03     8.00000000e-01     1.11309283e+03     2.99711944e+02     2.36185415e+02     1.23004335e+02   
    3.40000000e+03     8.50000000e-01     1.11309662e+03     3.01637194e+02     2.35290328e+02     1.22115110e+02   
    3.60000000e+03     9.00000000e-01     1.11310199e+03     2.98546863e+02     2.35101424e+02     1.22815623e+02   
    3.80000000e+03     9.50000000e-01     1.11311025e+03     3.01010972e+02     2.37365558e+02     1.24571514e+02   
    4.00000000e+03     1.00000000e+00     1.11310050e+03     3.00251206e+02     2.35834109e+02     1.23358724e+02   
    4.20000000e+03     1.05000000e+00     1.11310397e+03     3.00852308e+02     2.36783597e+02     1.24117838e+02   
    4.40000000e+03     1.10000000e+00     1.11309494e+03     2.98748040e+02     2.34172211e+02     1.20949787e+02   
    4.60000000e+03     1.15000000e+00     1.11311400e+03     3.00054335e+02     2.37505882e+02     1.25069883e+02   
    4.80000000e+03     1.20000000e+00     1.11311744e+03     3.03106392e+02     2.36082024e+02     1.21893388e+02   
    5.00000000e+03     1.25000000e+00     1.11312072e+03     3.02534912e+02     2.35992453e+02     1.21707608e+02   
    5.20000000e+03     1.30000000e+00     1.11313757e+03     3.02433461e+02     2.37050543e+02     1.21946670e+02   
    5.40000000e+03     1.35000000e+00     1.11313937e+03     3.03737685e+02     2.36635758e+02     1.22328409e+02   
    5.60000000e+03     1.40000000e+00     1.11314382e+03     3.02191081e+02     2.36431563e+02     1.22863133e+02   
    5.80000000e+03     1.45000000e+00     1.11313832e+03     3.00634196e+02     2.36795374e+02     1.21923004e+02   
    6.00000000e+03     1.50000000e+00     1.11312184e+03     3.02703329e+02     2.35223360e+02     1.21775143e+02   
    6.20000000e+03     1.55000000e+00     1.11311509e+03     2.98723756e+02     2.35989034e+02     1.23521665e+02   
    6.40000000e+03     1.60000000e+00     1.11313150e+03     3.01088733e+02     2.37911544e+02     1.24505265e+02   
    6.60000000e+03     1.65000000e+00     1.11312581e+03     3.01093378e+02     2.34484091e+02     1.21008344e+02   
    6.80000000e+03     1.70000000e+00     1.11314830e+03     3.01266911e+02     2.36864212e+02     1.22874882e+02   
    7.00000000e+03     1.75000000e+00     1.11314796e+03     3.02137413e+02     2.34707739e+02     1.21704856e+02   
    7.20000000e+03     1.80000000e+00     1.11315319e+03     3.02813545e+02     2.35353166e+02     1.22999441e+02   
    7.40000000e+03     1.85000000e+00     1.11316995e+03     2.97537002e+02     2.39086410e+02     1.25890971e+02   
    7.60000000e+03     1.90000000e+00     1.11315048e+03     3.04578898e+02     2.36034377e+02     1.21824059e+02   
    7.80000000e+03     1.95000000e+00     1.11316006e+03     3.04726272e+02     2.37170685e+02     1.24862745e+02   
    8.00000000e+03     2.00000000e+00     1.11316477e+03     3.01597327e+02     2.35926922e+02     1.24015286e+02   
    8.20000000e+03     2.05000000e+00     1.11317642e+03     2.99312556e+02     2.37632208e+02     1.25202340e+02   
    8.40000000e+03     2.10000000e+00     1.11317467e+03     3.03242603e+02     2.34890801e+02     1.22660293e+02   
    8.60000000e+03     2.15000000e+00     1.11316674e+03     2.99812357e+02     2.34398084e+02     1.22017056e+02   
    8.80000000e+03     2.20000000e+00     1.11317025e+03     2.98441142e+02     2.35551833e+02     1.25070737e+02   
    9.00000000e+03     2.25000000e+00     1.11316803e+03     3.01698315e+02     2.35176205e+02     1.22904487e+02   
    9.20000000e+03     2.30000000e+00     1.11316963e+03     3.02558802e+02     2.37328105e+02     1.24563990e+02   
    9.40000000e+03     2.35000000e+00     1.11317097e+03     3.01590290e+02     2.36609228e+02     1.25044129e+02   
    9.60000000e+03     2.40000000e+00     1.11317828e+03     3.02527635e+02     2.35490309e+02     1.23718452e+02   
    9.80000000e+03     2.45000000e+00     1.11318224e+03     3.03120108e+02     2.33172193e+02     1.21967428e+02   
    1.00000000e+04     2.50000000e+00     1.11317807e+03     3.00995355e+02     2.34983355e+02     1.24099977e+02   
    1.02000000e+04     2.55000000e+00     1.11318619e+03     2.99107190e+02     2.38169701e+02     1.28039760e+02   
    1.04000000e+04     2.60000000e+00     1.11317333e+03     2.97899405e+02     2.38168432e+02     1.28439602e+02   
    1.06000000e+04     2.65000000e+00     1.11315144e+03     3.03612079e+02     2.35213857e+02     1.24222102e+02   
    1.08000000e+04     2.70000000e+00     1.11315861e+03     2.98300795e+02     2.35241585e+02     1.24810774e+02   
    1.10000000e+04     2.75000000e+00     1.11316531e+03     3.04214710e+02     2.37246791e+02     1.25187613e+02   
    1.12000000e+04     2.80000000e+00     1.11316337e+03     3.00933246e+02     2.37091979e+02     1.26257666e+02   
    1.14000000e+04     2.85000000e+00     1.11315853e+03     3.06841976e+02     2.35779569e+02     1.23694590e+02   
    1.16000000e+04     2.90000000e+00     1.11315772e+03     3.02073684e+02     2.36149397e+02     1.25259307e+02   
    1.18000000e+04     2.95000000e+00     1.11315320e+03     2.98498663e+02     2.37620691e+02     1.26406457e+02   
    1.20000000e+04     3.00000000e+00     1.11312700e+03     2.99118226e+02     2.33026559e+02     1.22446376e+02   
    1.22000000e+04     3.05000000e+00     1.11312781e+03     2.99355856e+02     2.36181912e+02     1.23654031e+02   
    1.24000000e+04     3.10000000e+00     1.11311524e+03     3.01469769e+02     2.35728906e+02     1.24011648e+02   
    1.26000000e+04     3.15000000e+00     1.11309834e+03     3.00955975e+02     2.36238841e+02     1.22810670e+02   
    1.28000000e+04     3.20000000e+00     1.11308922e+03     2.96593199e+02     2.36648704e+02     1.22181941e+02   
    1.30000000e+04     3.25000000e+00     1.11308109e+03     3.00160279e+02     2.37736303e+02     1.24250774e+02   
    1.32000000e+04     3.30000000e+00     1.11306486e+03     2.99246864e+02     2.34519067e+02     1.20206001e+02   
    1.34000000e+04     3.35000000e+00     1.11308025e+03     2.96979484e+02     2.36549435e+02     1.22802824e+02   
    1.36000000e+04     3.40000000e+00     1.11308441e+03     3.02065342e+02     2.35119428e+02     1.19917593e+02   
    1.38000000e+04     3.45000000e+00     1.11309983e+03     3.03764618e+02     2.37480045e+02     1.22997464e+02   
    1.40000000e+04     3.50000000e+00     1.11309863e+03     3.02376852e+02     2.37322099e+02     1.21947065e+02   
    1.42000000e+04     3.55000000e+00     1.11309272e+03     3.02378740e+02     2.34141259e+02     1.20462201e+02   
    1.44000000e+04     3.60000000e+00     1.11309145e+03     3.01422674e+02     2.34602675e+02     1.20356454e+02   
    1.46000000e+04     3.65000000e+00     1.11311126e+03     2.99451039e+02     2.37866118e+02     1.24527775e+02   
    1.48000000e+04     3.70000000e+00     1.11311477e+03     3.00805524e+02     2.36772410e+02     1.24985184e+02   
    1.50000000e+04     3.75000000e+00     1.11310801e+03     3.00966517e+02     2.36578508e+02     1.24210114e+02   
    1.52000000e+04     3.80000000e+00     1.11310900e+03     2.99192178e+02     2.35754403e+02     1.24582076e+02   
    1.54000000e+04     3.85000000e+00     1.11311161e+03     3.00183422e+02     2.35908102e+02     1.22368376e+02   
    1.56000000e+04     3.90000000e+00     1.11312153e+03     3.00839186e+02     2.36402989e+02     1.24862391e+02   
    1.58000000e+04     3.95000000e+00     1.11310563e+03     3.00760769e+02     2.36855195e+02     1.23348200e+02   
    1.60000000e+04     4.00000000e+00     1.11310289e+03     2.99009950e+02     2.35777790e+02     1.24019770e+02   
    1.62000000e+04     4.05000000e+00     1.11310915e+03     2.98415918e+02     2.36238472e+02     1.24276674e+02   
    1.64000000e+04     4.10000000e+00     1.11311642e+03     3.00124502e+02     2.36865879e+02     1.26157975e+02   
    1.66000000e+04     4.15000000e+00     1.11311951e+03     2.97716523e+02     2.33919228e+02     1.23547259e+02   
    1.68000000e+04     4.20000000e+00     1.11311304e+03     2.98102109e+02     2.33743635e+02     1.23469580e+02   
    1.70000000e+04     4.25000000e+00     1.11312208e+03     2.93533359e+02     2.36356506e+02     1.26015846e+02   
    1.72000000e+04     4.30000000e+00     1.11311913e+03     2.97386675e+02     2.36305962e+02     1.25461206e+02   
    1.74000000e+04     4.35000000e+00     1.11310703e+03     2.96714979e+02     2.35963075e+02     1.27054708e+02   
    1.76000000e+04     4.40000000e+00     1.11311189e+03     2.98455140e+02     2.35544182e+02     1.24625289e+02   
    1.78000000e+04     4.45000000e+00     1.11311044e+03     2.99953043e+02     2.36366258e+02     1.25778186e+02   
    1.80000000e+04     4.50000000e+00     1.11309119e+03     2.97969429e+02     2.35665160e+02     1.24871624e+02   
    1.82000000e+04     4.55000000e+00     1.11307593e+03     2.99727782e+02     2.34709595e+02     1.24507655e+02   
    1.84000000e+04     4.60000000e+00     1.11307122e+03     3.00488766e+02     2.34599805e+02     1.24676944e+02   
    1.86000000e+04     4.65000000e+00     1.11306721e+03     3.00644585e+02     2.36401909e+02     1.26201264e+02   
    1.88000000e+04     4.70000000e+00     1.11306731e+03     3.01671650e+02     2.34962307e+02     1.25057843e+02   
    1.90000000e+04     4.75000000e+00     1.11307601e+03     2.98813544e+02     2.37200614e+02     1.28421481e+02   
    1.92000000e+04     4.80000000e+00     1.11305434e+03     3.02445585e+02     2.33355154e+02     1.21715913e+02   
    1.94000000e+04     4.85000000e+00     1.11307801e+03     3.01282684e+02     2.37702193e+02     1.26587102e+02   
    1.96000000e+04     4.90000000e+00     1.11307110e+03     3.00775426e+02     2.35419798e+02     1.22587988e+02   
    1.98000000e+04     4.95000000e+00     1.11308109e+03     3.03722412e+02     2.35485981e+02     1.22995696e+02   
    2.00000000e+04     5.00000000e+00     1.11308329e+03     3.00126685e+02     2.35888565e+02     1.22163533e+02   
    2.02000000e+04     5.05000000e+00     1.11307827e+03     3.01212695e+02     2.35595957e+02     1.22359481e+02   
    2.04000000e+04     5.10000000e+00     1.11308742e+03     3.01590602e+02     2.38144698e+02     1.26609817e+02   
    2.06000000e+04     5.15000000e+00     1.11307672e+03     3.00841760e+02     2.35484153e+02     1.23778340e+02   
    2.08000000e+04     5.20000000e+00     1.11308934e+03     3.02519177e+02     2.37785524e+02     1.26563312e+02   
    2.10000000e+04     5.25000000e+00     1.11308782e+03     3.01011217e+02     2.35690333e+02     1.24266556e+02   
    2.12000000e+04     5.30000000e+00     1.11309420e+03     2.99491208e+02     2.34902193e+02     1.24523734e+02   
    2.14000000e+04     5.35000000e+00     1.11311057e+03     3.01836983e+02     2.36053904e+02     1.23617194e+02   
    2.16000000e+04     5.40000000e+00     1.11310977e+03     3.00555455e+02     2.35714590e+02     1.24265198e+02   
    2.18000000e+04     5.45000000e+00     1.11312056e+03     2.98146277e+02     2.36815257e+02     1.25465532e+02   
    2.20000000e+04     5.50000000e+00     1.11311435e+03     3.00051487e+02     2.35688828e+02     1.23469867e+02   
    2.22000000e+04     5.55000000e+00     1.11311369e+03     3.01479793e+02     2.37006324e+02     1.24989047e+02   
    2.24000000e+04     5.60000000e+00     1.11311026e+03     2.97866580e+02     2.36184438e+02     1.24211254e+02   
    2.26000000e+04     5.65000000e+00     1.11309047e+03     2.99156832e+02     2.34143409e+02     1.22034957e+02   
    2.28000000e+04     5.70000000e+00     1.11310162e+03     3.01250372e+02     2.37474850e+02     1.24800132e+02   
    2.30000000e+04     5.75000000e+00     1.11309090e+03     3.03945930e+02     2.35720485e+02     1.23186809e+02   
    2.32000000e+04     5.80000000e+00     1.11310398e+03     3.01852284e+02     2.35991683e+02     1.21886145e+02   
    2.34000000e+04     5.85000000e+00     1.11311263e+03     3.00654962e+02     2.34841227e+02     1.22438227e+02   
    2.36000000e+04     5.90000000e+00     1.11311757e+03     3.03867455e+02     2.35581799e+02     1.21161681e+02   
    2.38000000e+04     5.95000000e+00     1.11312055e+03     2.99673918e+02     2.35123949e+02     1.20682752e+02   
    2.40000000e+04     6.00000000e+00     1.11313640e+03     3.03962351e+02     2.36293836e+02     1.23086744e+02   
    2.42000000e+04     6.05000000e+00     1.11313728e+03     3.02603431e+02     2.36450365e+02     1.22388275e+02   
    2.44000000e+04     6.10000000e+00     1.11313892e+03     3.02275644e+02     2.35067775e+02     1.22809288e+02   
    2.46000000e+04     6.15000000e+00     1.11316359e+03     2.99162423e+02     2.37931904e+02     1.25423978e+02   
    2.48000000e+04     6.20000000e+00     1.11315058e+03     3.00924320e+02     2.35524878e+02     1.22501694e+02   
    2.50000000e+04     6.25000000e+00     1.11314230e+03     3.00838593e+02     2.35802398e+02     1.22753209e+02   
    2.52000000e+04     6.30000000e+00     1.11313620e+03     3.00586367e+02     2.35637902e+02     1.21230270e+02   
    2.54000000e+04     6.35000000e+00     1.11312440e+03     2.98112894e+02     2.36947108e+02     1.23751609e+02   
    2.56000000e+04     6.40000000e+00     1.11312986e+03     3.01591181e+02     2.36555605e+02     1.23899496e+02   
    2.58000000e+04     6.45000000e+00     1.11313265e+03     2.98794833e+02     2.35932764e+02     1.24216902e+02   
    2.60000000e+04     6.50000000e+00     1.11314403e+03     3.01660462e+02     2.38228571e+02     1.25477260e+02   
    2.62000000e+04     6.55000000e+00     1.11314446e+03     2.99996265e+02     2.39168535e+02     1.28942417e+02   
    2.64000000e+04     6.60000000e+00     1.11313156e+03     2.97757615e+02     2.35826020e+02     1.23616767e+02   
    2.66000000e+04     6.65000000e+00     1.11313908e+03     2.99795473e+02     2.38752791e+02     1.26826943e+02   
    2.68000000e+04     6.70000000e+00     1.11313472e+03     3.04834033e+02     2.35780196e+02     1.22536362e+02   
    2.70000000e+04     6.75000000e+00     1.11314945e+03     2.99874679e+02     2.37097294e+02     1.25220499e+02   
    2.72000000e+04     6.80000000e+00     1.11315404e+03     3.00147652e+02     2.36674354e+02     1.24350521e+02   
    2.74000000e+04     6.85000000e+00     1.11314499e+03     3.00098835e+02     2.35778503e+02     1.22936666e+02   
    2.76000000e+04     6.90000000e+00     1.11313923e+03     3.00329101e+02     2.36198573e+02     1.22858708e+02   
    2.78000000e+04     6.95000000e+00     1.11314257e+03     2.99041267e+02     2.37544866e+02     1.25005359e+02   
    2.80000000e+04     7.00000000e+00     1.11312793e+03     3.00768195e+02     2.35380198e+02     1.21996616e+02   
    2.82000000e+04     7.05000000e+00     1.11315141e+03     2.96444507e+02     2.35463724e+02     1.23239498e+02   
    2.84000000e+04     7.10000000e+00     1.11316749e+03     2.99710846e+02     2.35806612e+02     1.23288204e+02   
    2.86000000e+04     7.15000000e+00     1.11317694e+03     3.03013096e+02     2.36597324e+02     1.24645430e+02   
    2.88000000e+04     7.20000000e+00     1.11317870e+03     3.03383559e+02     2.35727324e+02     1.23527570e+02   
    2.90000000e+04     7.25000000e+00     1.11317549e+03     3.00013584e+02     2.35986229e+02     1.25242597e+02   
    2.92000000e+04     7.30000000e+00     1.11317448e+03     3.00398860e+02     2.36536610e+02     1.24131679e+02   
    2.94000000e+04     7.35000000e+00     1.11317162e+03     3.01112749e+02     2.35623318e+02     1.22939935e+02   
    2.96000000e+04     7.40000000e+00     1.11316863e+03     3.02901206e+02     2.38355488e+02     1.25249293e+02   
    2.98000000e+04     7.45000000e+00     1.11316149e+03     3.02036003e+02     2.37304500e+02     1.23111178e+02   
    3.00000000e+04     7.50000000e+00     1.11316257e+03     3.02925052e+02     2.36957779e+02     1.23103354e+02   
    3.02000000e+04     7.55000000e+00     1.11316558e+03     3.05334371e+02     2.36035929e+02     1.22436636e+02   
    3.04000000e+04     7.60000000e+00     1.11318135e+03     3.00236460e+02     2.36841063e+02     1.25246304e+02   
    3.06000000e+04     7.65000000e+00     1.11318204e+03     2.99947491e+02     2.35763451e+02     1.23216002e+02   
    3.08000000e+04     7.70000000e+00     1.11319460e+03     3.02839694e+02     2.36961173e+02     1.26518228e+02   
    3.10000000e+04     7.75000000e+00     1.11318358e+03     3.00983098e+02     2.35333656e+02     1.25120126e+02   
    3.12000000e+04     7.80000000e+00     1.11317689e+03     3.01249080e+02     2.35521741e+02     1.25062354e+02   
    3.14000000e+04     7.85000000e+00     1.11318741e+03     2.97623399e+02     2.37588959e+02     1.26231528e+02   
    3.16000000e+04     7.90000000e+00     1.11319024e+03     3.04841426e+02     2.35796574e+02     1.24394473e+02   
    3.18000000e+04     7.95000000e+00     1.11319434e+03     3.02147258e+02     2.35646895e+02     1.25240304e+02   
    3.20000000e+04     8.00000000e+00     1.11318799e+03     3.03693431e+02     2.36844833e+02     1.26263550e+02   
    3.22000000e+04     8.05000000e+00     1.11318404e+03     3.00965230e+02     2.38224002e+02     1.26739389e+02   
    3.24000000e+04     8.10000000e+00     1.11318260e+03     3.00963878e+02     2.36314200e+02     1.25320552e+02   
    3.26000000e+04     8.15000000e+00     1.11317821e+03     3.00220287e+02     2.36961546e+02     1.24513114e+02   
    3.28000000e+04     8.20000000e+00     1.11318186e+03     3.03672894e+02     2.36541428e+02     1.25155609e+02   
    3.30000000e+04     8.25000000e+00     1.11318137e+03     3.01280676e+02     2.35836395e+02     1.24028619e+02   
    3.32000000e+04     8.30000000e+00     1.11318561e+03     2.99779575e+02     2.36058438e+02     1.23097320e+02   
    3.34000000e+04     8.35000000e+00     1.11318369e+03     3.01879316e+02     2.35678024e+02     1.22924149e+02   
    3.36000000e+04     8.40000000e+00     1.11319025e+03     2.97655600e+02     2.36370933e+02     1.22640883e+02   
    3.38000000e+04     8.45000000e+00     1.11319281e+03     2.98429539e+02     2.35376652e+02     1.22237556e+02   
    3.40000000e+04     8.50000000e+00     1.11319591e+03     3.01258671e+02     2.34966200e+02     1.22435511e+02   
    3.42000000e+04     8.55000000e+00     1.11321124e+03     3.01183173e+02     2.35801460e+02     1.22492790e+02   
    3.44000000e+04     8.60000000e+00     1.11322443e+03     3.00302332e+02     2.36686322e+02     1.24203409e+02   
    3.46000000e+04     8.65000000e+00     1.11323476e+03     2.99222962e+02     2.36347892e+02     1.23569913e+02   
    3.48000000e+04     8.70000000e+00     1.11325061e+03     3.01257997e+02     2.36638219e+02     1.22305407e+02   
    3.50000000e+04     8.75000000e+00     1.11326170e+03     3.01321586e+02     2.36992081e+02     1.23651404e+02   
    3.52000000e+04     8.80000000e+00     1.11325204e+03     3.01469403e+02     2.36682059e+02     1.23256604e+02   
    3.54000000e+04     8.85000000e+00     1.11324092e+03     2.99808051e+02     2.36879777e+02     1.24159697e+02   
    3.56000000e+04     8.90000000e+00     1.11323078e+03     3.00890980e+02     2.35960411e+02     1.23482424e+02   
    3.58000000e+04     8.95000000e+00     1.11321606e+03     3.02140537e+02     2.35628053e+02     1.24047368e+02   
    3.60000000e+04     9.00000000e+00     1.11320469e+03     3.01196191e+02     2.36643603e+02     1.25131950e+02   
    3.62000000e+04     9.05000000e+00     1.11321682e+03     3.04393135e+02     2.36862186e+02     1.24131006e+02   
    3.64000000e+04     9.10000000e+00     1.11322325e+03     3.02764096e+02     2.37425433e+02     1.24190592e+02   
    3.66000000e+04     9.15000000e+00     1.11323554e+03     3.02051524e+02     2.37351854e+02     1.26271311e+02   
    3.68000000e+04     9.20000000e+00     1.11323882e+03     3.02810467e+02     2.36171202e+02     1.23623109e+02   
    3.70000000e+04     9.25000000e+00     1.11322894e+03     2.99853921e+02     2.36036382e+02     1.24320095e+02   
    3.72000000e+04     9.30000000e+00     1.11322762e+03     3.01450467e+02     2.35040326e+02     1.23030384e+02   
    3.74000000e+04     9.35000000e+00     1.11324064e+03     3.04070415e+02     2.35449171e+02     1.24591509e+02   
    3.76000000e+04     9.40000000e+00     1.11324623e+03     3.01435800e+02     2.36719069e+02     1.25096796e+02   
    3.78000000e+04     9.45000000e+00     1.11325291e+03     2.98998291e+02     2.36592605e+02     1.25550481e+02   
    3.80000000e+04     9.50000000e+00     1.11325416e+03     3.01414499e+02     2.35404034e+02     1.24186040e+02   
    3.82000000e+04     9.55000000e+00     1.11327728e+03     2.99769714e+02     2.36995076e+02     1.24812404e+02   
    3.84000000e+04     9.60000000e+00     1.11327576e+03     2.99221630e+02     2.36153511e+02     1.25753758e+02   
    3.86000000e+04     9.65000000e+00     1.11327290e+03     2.99111341e+02     2.36454974e+02     1.26550414e+02   
    3.88000000e+04     9.70000000e+00     1.11327164e+03     2.99837647e+02     2.34549144e+02     1.24607954e+02   
    3.90000000e+04     9.75000000e+00     1.11327960e+03     3.02094523e+02     2.36279390e+02     1.25824915e+02   
    3.92000000e+04     9.80000000e+00     1.11327411e+03     2.97979264e+02     2.36254764e+02     1.25855264e+02   
    3.94000000e+04     9.85000000e+00     1.11326773e+03     2.98390378e+02     2.33337692e+02     1.23119568e+02   
    3.96000000e+04     9.90000000e+00     1.11328354e+03     3.02897978e+02     2.36167373e+02     1.26478448e+02   
    3.98000000e+04     9.95000000e+00     1.11328359e+03     2.99555676e+02     2.35973421e+02     1.26972713e+02   
    4.00000000e+04     1.00000000e+01     1.11329682e+03     2.99851911e+02     2.36961284e+02     1.27602315e+02   
    4.02000000e+04     1.00500000e+01     1.11330064e+03     2.99414370e+02     2.36493386e+02     1.26649587e+02   
    4.04000000e+04     1.01000000e+01     1.11330643e+03     2.99711195e+02     2.37573498e+02     1.26497842e+02   
    4.06000000e+04     1.01500000e+01     1.11331357e+03     2.99180442e+02     2.37386551e+02     1.27978517e+02   
    4.08000000e+04     1.02000000e+01     1.11330470e+03     2.98718974e+02     2.34883876e+02     1.24219048e+02   
    4.10000000e+04     1.02500000e+01     1.11328890e+03     3.00786779e+02     2.35876304e+02     1.26625784e+02   
    4.12000000e+04     1.03000000e+01     1.11329819e+03     3.01682539e+02     2.37389351e+02     1.27658256e+02   
    4.14000000e+04     1.03500000e+01     1.11329178e+03     2.99738634e+02     2.35417635e+02     1.26612274e+02   
    4.16000000e+04     1.04000000e+01     1.11329528e+03     3.00538613e+02     2.34605153e+02     1.26145778e+02   
    4.18000000e+04     1.04500000e+01     1.11330039e+03     3.00167164e+02     2.36097679e+02     1.26502926e+02   
    4.20000000e+04     1.05000000e+01     1.11329348e+03     3.00985752e+02     2.35911852e+02     1.26799330e+02   
    4.22000000e+04     1.05500000e+01     1.11329613e+03     3.03646118e+02     2.36075632e+02     1.27166435e+02   
    4.24000000e+04     1.06000000e+01     1.11329358e+03     3.02598442e+02     2.34908532e+02     1.25969558e+02   
    4.26000000e+04     1.06500000e+01     1.11329584e+03     3.02845383e+02     2.36274240e+02     1.26768709e+02   
    4.28000000e+04     1.07000000e+01     1.11330154e+03     2.99549274e+02     2.36033067e+02     1.26830263e+02   
    4.30000000e+04     1.07500000e+01     1.11330681e+03     2.97407069e+02     2.36116326e+02     1.27342994e+02   
    4.32000000e+04     1.08000000e+01     1.11330547e+03     3.01494285e+02     2.37697581e+02     1.28139932e+02   
    4.34000000e+04     1.08500000e+01     1.11329697e+03     3.00685984e+02     2.36329227e+02     1.26560551e+02   
    4.36000000e+04     1.09000000e+01     1.11329744e+03     3.01689476e+02     2.36718701e+02     1.27310724e+02   
    4.38000000e+04     1.09500000e+01     1.11329706e+03     2.99598955e+02     2.34604899e+02     1.25493481e+02   
    4.40000000e+04     1.10000000e+01     1.11330529e+03     3.01277311e+02     2.36093018e+02     1.27479332e+02   
    4.42000000e+04     1.10500000e+01     1.11330319e+03     3.01870657e+02     2.36479155e+02     1.25664591e+02   
    4.44000000e+04     1.11000000e+01     1.11329343e+03     3.02693376e+02     2.34713363e+02     1.25906598e+02   
    4.46000000e+04     1.11500000e+01     1.11330012e+03     3.00086310e+02     2.35316960e+02     1.24452341e+02   
    4.48000000e+04     1.12000000e+01     1.11331414e+03     2.99689899e+02     2.36119477e+02     1.26249466e+02   
    4.50000000e+04     1.12500000e+01     1.11330963e+03     2.98670563e+02     2.34200366e+02     1.23287635e+02   
    4.52000000e+04     1.13000000e+01     1.11331339e+03     3.02092753e+02     2.36895961e+02     1.25618594e+02   
    4.54000000e+04     1.13500000e+01     1.11330672e+03     3.00784791e+02     2.37447281e+02     1.25328759e+02   
    4.56000000e+04     1.14000000e+01     1.11329852e+03     3.00122552e+02     2.35092860e+02     1.22790101e+02   
    4.58000000e+04     1.14500000e+01     1.11331474e+03     3.01046498e+02     2.38257485e+02     1.27430332e+02   
    4.60000000e+04     1.15000000e+01     1.11331530e+03     2.99561471e+02     2.36604649e+02     1.24887980e+02   
    4.62000000e+04     1.15500000e+01     1.11330412e+03     2.97513473e+02     2.33684719e+02     1.22887858e+02   
    4.64000000e+04     1.16000000e+01     1.11330172e+03     3.02138862e+02     2.35614436e+02     1.22218066e+02   
    4.66000000e+04     1.16500000e+01     1.11330891e+03     3.04420157e+02     2.36662042e+02     1.23905999e+02   
    4.68000000e+04     1.17000000e+01     1.11331536e+03     3.02844952e+02     2.36174485e+02     1.23299107e+02   
    4.70000000e+04     1.17500000e+01     1.11330612e+03     2.99341668e+02     2.35410989e+02     1.23353300e+02   
    4.72000000e+04     1.18000000e+01     1.11331091e+03     3.01791441e+02     2.36964747e+02     1.24837554e+02   
    4.74000000e+04     1.18500000e+01     1.11331655e+03     3.02405524e+02     2.37398419e+02     1.24198795e+02   
    4.76000000e+04     1.19000000e+01     1.11330670e+03     3.00721382e+02     2.37944218e+02     1.24965529e+02   
    4.78000000e+04     1.19500000e+01     1.11329346e+03     3.04427501e+02     2.35545453e+02     1.23452177e+02   
    4.80000000e+04     1.20000000e+01     1.11329992e+03     3.01356539e+02     2.35952499e+02     1.25543551e+02   
    4.82000000e+04     1.20500000e+01     1.11330617e+03     3.03054092e+02     2.36687935e+02     1.25964375e+02   
    4.84000000e+04     1.21000000e+01     1.11330981e+03     2.97891730e+02     2.34970925e+02     1.23833146e+02   
    4.86000000e+04     1.21500000e+01     1.11334270e+03     3.01591951e+02     2.37474878e+02     1.26911131e+02   
    4.88000000e+04     1.22000000e+01     1.11332568e+03     3.05330313e+02     2.33775112e+02     1.22022696e+02   
    4.90000000e+04     1.22500000e+01     1.11333071e+03     3.03128028e+02     2.35285283e+02     1.24587181e+02   
    4.92000000e+04     1.23000000e+01     1.11333850e+03     2.99544418e+02     2.37077881e+02     1.25744964e+02   
    4.94000000e+04     1.23500000e+01     1.11334019e+03     3.00055858e+02     2.35725949e+02     1.24643976e+02   
    4.96000000e+04     1.24000000e+01     1.11334828e+03     3.00201158e+02     2.38451991e+02     1.26922880e+02   
    4.98000000e+04     1.24500000e+01     1.11332815e+03     2.99966929e+02     2.35132112e+02     1.22444698e+02   
    5.00000000e+04     1.25000000e+01     1.11332667e+03     3.00658601e+02     2.35046688e+02     1.22264203e+02   
    5.02000000e+04     1.25500000e+01     1.11333473e+03     3.00215999e+02     2.34739637e+02     1.21932046e+02   
    5.04000000e+04     1.26000000e+01     1.11335664e+03     3.02805564e+02     2.36933595e+02     1.26176482e+02   
    5.06000000e+04     1.26500000e+01     1.11336011e+03     2.97212455e+02     2.36458527e+02     1.24921202e+02   
    5.08000000e+04     1.27000000e+01     1.11336397e+03     3.02568096e+02     2.37104595e+02     1.24527009e+02   
    5.10000000e+04     1.27500000e+01     1.11335766e+03     3.00525836e+02     2.37317634e+02     1.26104677e+02   
    5.12000000e+04     1.28000000e+01     1.11336510e+03     2.99169059e+02     2.36489943e+02     1.24779916e+02   
    5.14000000e+04     1.28500000e+01     1.11337672e+03     3.00139911e+02     2.36983873e+02     1.26265992e+02   
    5.16000000e+04     1.29000000e+01     1.11338675e+03     3.03747617e+02     2.36036700e+02     1.24811180e+02   
    5.18000000e+04     1.29500000e+01     1.11339288e+03     3.00626172e+02     2.36558971e+02     1.24708992e+02   
    5.20000000e+04     1.30000000e+01     1.11340194e+03     2.98668312e+02     2.38167062e+02     1.28119994e+02   
    5.22000000e+04     1.30500000e+01     1.11340360e+03     2.98114600e+02     2.37148845e+02     1.27764839e+02   
    5.24000000e+04     1.31000000e+01     1.11340651e+03     2.98136717e+02     2.36304248e+02     1.25950289e+02   
    5.26000000e+04     1.31500000e+01     1.11341808e+03     2.97319280e+02     2.37260427e+02     1.25563872e+02   
    5.28000000e+04     1.32000000e+01     1.11342225e+03     3.01138031e+02     2.37085860e+02     1.25897757e+02   
    5.30000000e+04     1.32500000e+01     1.11342129e+03     3.00211241e+02     2.34738325e+02     1.24141898e+02   
    5.32000000e+04     1.33000000e+01     1.11343615e+03     3.01661002e+02     2.36404393e+02     1.25677804e+02   
    5.34000000e+04     1.33500000e+01     1.11343142e+03     3.01451435e+02     2.35704165e+02     1.23948130e+02   
    5.36000000e+04     1.34000000e+01     1.11343382e+03     3.02049691e+02     2.37491735e+02     1.25558878e+02   
    5.38000000e+04     1.34500000e+01     1.11343450e+03     3.00880040e+02     2.37396901e+02     1.25362348e+02   
    5.40000000e+04     1.35000000e+01     1.11343552e+03     3.00490408e+02     2.37313672e+02     1.26709221e+02   
    5.42000000e+04     1.35500000e+01     1.11345299e+03     3.02566422e+02     2.36148809e+02     1.25661216e+02   
    5.44000000e+04     1.36000000e+01     1.11345550e+03     2.99803554e+02     2.37582994e+02     1.26361693e+02   
    5.46000000e+04     1.36500000e+01     1.11345879e+03     3.00232672e+02     2.35754460e+02     1.26815941e+02   
    5.48000000e+04     1.37000000e+01     1.11345149e+03     3.02634506e+02     2.34666837e+02     1.25525163e+02   
    5.50000000e+04     1.37500000e+01     1.11345664e+03     3.00164471e+02     2.34886235e+02     1.27020430e+02   
    5.52000000e+04     1.38000000e+01     1.11347627e+03     2.97253772e+02     2.37817645e+02     1.28124874e+02   
    5.54000000e+04     1.38500000e+01     1.11346163e+03     3.02378877e+02     2.35386031e+02     1.26002740e+02   
    5.56000000e+04     1.39000000e+01     1.11344848e+03     3.01990017e+02     2.35279639e+02     1.26745281e+02   
    5.58000000e+04     1.39500000e+01     1.11344080e+03     3.02073211e+02     2.35204148e+02     1.25865710e+02   
    5.60000000e+04     1.40000000e+01     1.11344133e+03     2.99061627e+02     2.35962449e+02     1.26434061e+02   
    5.62000000e+04     1.40500000e+01     1.11343167e+03     3.01133389e+02     2.36588429e+02     1.25334601e+02   
    5.64000000e+04     1.41000000e+01     1.11344337e+03     3.01219816e+02     2.36982465e+02     1.25919116e+02   
    5.66000000e+04     1.41500000e+01     1.11346145e+03     3.01914314e+02     2.38096103e+02     1.28064370e+02   
    5.68000000e+04     1.42000000e+01     1.11346272e+03     3.01966766e+02     2.37902782e+02     1.27239626e+02   
    5.70000000e+04     1.42500000e+01     1.11345286e+03     3.04258366e+02     2.34799356e+02     1.23538243e+02   
    5.72000000e+04     1.43000000e+01     1.11346506e+03     3.02281825e+02     2.36823959e+02     1.24589104e+02   
    5.74000000e+04     1.43500000e+01     1.11346029e+03     3.00311305e+02     2.36587256e+02     1.25672919e+02   
    5.76000000e+04     1.44000000e+01     1.11345868e+03     2.99813379e+02     2.35836439e+02     1.24183275e+02   
    5.78000000e+04     1.44500000e+01     1.11346438e+03     3.01964023e+02     2.40176222e+02     1.29864996e+02   
    5.80000000e+04     1.45000000e+01     1.11343170e+03     3.01635983e+02     2.35380004e+02     1.22283328e+02   
    5.82000000e+04     1.45500000e+01     1.11344776e+03     3.02615879e+02     2.37353590e+02     1.24476600e+02   
    5.84000000e+04     1.46000000e+01     1.11344525e+03     3.00838384e+02     2.35699494e+02     1.23359938e+02   
    5.86000000e+04     1.46500000e+01     1.11344617e+03     2.99626572e+02     2.35392677e+02     1.23832936e+02   
    5.88000000e+04     1.47000000e+01     1.11344404e+03     3.03304376e+02     2.35475048e+02     1.23201076e+02   
    5.90000000e+04     1.47500000e+01     1.11344042e+03     3.01113854e+02     2.38263915e+02     1.24709675e+02   
    5.92000000e+04     1.48000000e+01     1.11342703e+03     3.00631115e+02     2.38339534e+02     1.26139712e+02   
    5.94000000e+04     1.48500000e+01     1.11341022e+03     3.02297831e+02     2.36414965e+02     1.24301867e+02   
    5.96000000e+04     1.49000000e+01     1.11340346e+03     3.01022304e+02     2.36683597e+02     1.23863827e+02   
    5.98000000e+04     1.49500000e+01     1.11339694e+03     3.02399929e+02     2.35988827e+02     1.23752851e+02   
    6.00000000e+04     1.50000000e+01     1.11339684e+03     3.02646841e+02     2.36028603e+02     1.24288020e+02   
    6.02000000e+04     1.50500000e+01     1.11338643e+03     3.00148340e+02     2.33353268e+02     1.21777319e+02   
    6.04000000e+04     1.51000000e+01     1.11340683e+03     3.00311610e+02     2.36373636e+02     1.25762167e+02   
    6.06000000e+04     1.51500000e+01     1.11341353e+03     2.98291850e+02     2.36192723e+02     1.25637554e+02   
    6.08000000e+04     1.52000000e+01     1.11341005e+03     2.99620516e+02     2.35922262e+02     1.24449474e+02   
    6.10000000e+04     1.52500000e+01     1.11340242e+03     2.99856348e+02     2.35973123e+02     1.25069882e+02   
    6.12000000e+04     1.53000000e+01     1.11339865e+03     3.03094221e+02     2.35414530e+02     1.23708472e+02   
    6.14000000e+04     1.53500000e+01     1.11339459e+03     2.99295994e+02     2.36231179e+02     1.24534449e+02   
    6.16000000e+04     1.54000000e+01     1.11338887e+03     3.00637238e+02     2.35484466e+02     1.24643539e+02   
    6.18000000e+04     1.54500000e+01     1.11337761e+03     3.02331660e+02     2.34091758e+02     1.22240833e+02   
    6.20000000e+04     1.55000000e+01     1.11338775e+03     3.02583202e+02     2.36815089e+02     1.25984739e+02   
    6.22000000e+04     1.55500000e+01     1.11338598e+03     3.05643205e+02     2.38594049e+02     1.25864460e+02   
    6.24000000e+04     1.56000000e+01     1.11337934e+03     3.01278660e+02     2.36158182e+02     1.23779855e+02   
    6.26000000e+04     1.56500000e+01     1.11336356e+03     2.99521368e+02     2.34473410e+02     1.22581453e+02   
    6.28000000e+04     1.57000000e+01     1.11337720e+03     3.00516106e+02     2.34965534e+02     1.25649624e+02   
    6.30000000e+04     1.57500000e+01     1.11340060e+03     2.97210105e+02     2.36340707e+02     1.26742011e+02   
    6.32000000e+04     1.58000000e+01     1.11340775e+03     2.97694385e+02     2.34641824e+02     1.26222457e+02   
    6.34000000e+04     1.58500000e+01     1.11341088e+03     2.97134624e+02     2.35873971e+02     1.27614445e+02   
    6.36000000e+04     1.59000000e+01     1.11341008e+03     2.98485749e+02     2.36288472e+02     1.26727036e+02   
    6.38000000e+04     1.59500000e+01     1.11340256e+03     3.00143950e+02     2.34695687e+02     1.26080801e+02   
    6.40000000e+04     1.60000000e+01     1.11341175e+03     2.99615882e+02     2.35571395e+02     1.26477971e+02   
    6.42000000e+04     1.60500000e+01     1.11341160e+03     2.96197376e+02     2.36985969e+02     1.29163912e+02   
    6.44000000e+04     1.61000000e+01     1.11340044e+03     3.01672051e+02     2.36540640e+02     1.27704589e+02   
    6.46000000e+04     1.61500000e+01     1.11339532e+03     3.00169164e+02     2.36607552e+02     1.26729566e+02   
    6.48000000e+04     1.62000000e+01     1.11339489e+03     3.00152925e+02     2.36202833e+02     1.26812009e+02   
    6.50000000e+04     1.62500000e+01     1.11340123e+03     2.99782032e+02     2.37571956e+02     1.29175752e+02   
    6.52000000e+04     1.63000000e+01     1.11339806e+03     2.99518225e+02     2.37131782e+02     1.26189861e+02   
    6.54000000e+04     1.63500000e+01     1.11338453e+03     3.00592206e+02     2.34423864e+02     1.24730330e+02   
    6.56000000e+04     1.64000000e+01     1.11338666e+03     2.95551702e+02     2.37016156e+02     1.24992273e+02   
    6.58000000e+04     1.64500000e+01     1.11338276e+03     2.98574102e+02     2.37386860e+02     1.27281044e+02   
    6.60000000e+04     1.65000000e+01     1.11338033e+03     2.97883053e+02     2.37832692e+02     1.26583971e+02   
    6.62000000e+04     1.65500000e+01     1.11337781e+03     3.00908589e+02     2.36764035e+02     1.26741691e+02   
    6.64000000e+04     1.66000000e+01     1.11337847e+03     3.00965553e+02     2.37137250e+02     1.25964986e+02   
    6.66000000e+04     1.66500000e+01     1.11337543e+03     3.01896029e+02     2.35839056e+02     1.24657183e+02   
    6.68000000e+04     1.67000000e+01     1.11337510e+03     2.99512116e+02     2.35507611e+02     1.23461056e+02   
    6.70000000e+04     1.67500000e+01     1.11337436e+03     2.97804775e+02     2.34757242e+02     1.23271396e+02   
    6.72000000e+04     1.68000000e+01     1.11338186e+03     2.97456982e+02     2.36436629e+02     1.24691874e+02   
    6.74000000e+04     1.68500000e+01     1.11336758e+03     3.00006301e+02     2.34491778e+02     1.22679669e+02   
    6.76000000e+04     1.69000000e+01     1.11337413e+03     2.97876173e+02     2.36469409e+02     1.24566659e+02   
    6.78000000e+04     1.69500000e+01     1.11336683e+03     2.99908112e+02     2.34994009e+02     1.23582925e+02   
    6.80000000e+04     1.70000000e+01     1.11336803e+03     3.00956388e+02     2.34232023e+02     1.21555948e+02   
    6.82000000e+04     1.70500000e+01     1.11337650e+03     2.96730296e+02     2.36511224e+02     1.25685100e+02   
    6.84000000e+04     1.71000000e+01     1.11337813e+03     3.01577692e+02     2.35129401e+02     1.22927561e+02   
    6.86000000e+04     1.71500000e+01     1.11338409e+03     3.00654410e+02     2.37165503e+02     1.25423238e+02   
    6.88000000e+04     1.72000000e+01     1.11336883e+03     3.03283188e+02     2.35002963e+02     1.23166600e+02   
    6.90000000e+04     1.72500000e+01     1.11336590e+03     3.03541816e+02     2.35840153e+02     1.24942610e+02   
    6.92000000e+04     1.73000000e+01     1.11337410e+03     3.00200193e+02     2.37182278e+02     1.26259712e+02   
    6.94000000e+04     1.73500000e+01     1.11337664e+03     2.99460139e+02     2.35248172e+02     1.22441519e+02   
    6.96000000e+04     1.74000000e+01     1.11338900e+03     3.02912240e+02     2.35940644e+02     1.24134975e+02   
    6.98000000e+04     1.74500000e+01     1.11338978e+03     2.98650004e+02     2.34601516e+02     1.23240207e+02   
    7.00000000e+04     1.75000000e+01     1.11339847e+03     3.01222800e+02     2.33947408e+02     1.23154471e+02   
    7.02000000e+04     1.75500000e+01     1.11339532e+03     3.00003898e+02     2.36006865e+02     1.24413517e+02   
    7.04000000e+04     1.76000000e+01     1.11339938e+03     3.00685771e+02     2.36350585e+02     1.24813988e+02   
    7.06000000e+04     1.76500000e+01     1.11341268e+03     2.99857991e+02     2.35953391e+02     1.25031355e+02   
    7.08000000e+04     1.77000000e+01     1.11340970e+03     3.00912500e+02     2.34963986e+02     1.22718425e+02   
    7.10000000e+04     1.77500000e+01     1.11340765e+03     2.98225641e+02     2.34797359e+02     1.22359338e+02   
    7.12000000e+04     1.78000000e+01     1.11340392e+03     3.03073048e+02     2.36636007e+02     1.24926987e+02   
    7.14000000e+04     1.78500000e+01     1.11339308e+03     3.00471926e+02     2.36507851e+02     1.23332901e+02   
    7.16000000e+04     1.79000000e+01     1.11339333e+03     3.04438304e+02     2.36917692e+02     1.24975175e+02   
    7.18000000e+04     1.79500000e+01     1.11337911e+03     2.99920770e+02     2.35321894e+02     1.21488324e+02   
    7.20000000e+04     1.80000000e+01     1.11337856e+03     3.01493979e+02     2.36097230e+02     1.23076292e+02   
    7.22000000e+04     1.80500000e+01     1.11336847e+03     2.99582534e+02     2.33630740e+02     1.20893708e+02   
    7.24000000e+04     1.81000000e+01     1.11337314e+03     2.99437508e+02     2.37101973e+02     1.24709682e+02   
    7.26000000e+04     1.81500000e+01     1.11336872e+03     3.00230336e+02     2.36291357e+02     1.23470490e+02   
    7.28000000e+04     1.82000000e+01     1.11337965e+03     3.02447160e+02     2.36198353e+02     1.24347859e+02   
    7.30000000e+04     1.82500000e+01     1.11336760e+03     3.01172846e+02     2.33334809e+02     1.21110487e+02   
    7.32000000e+04     1.83000000e+01     1.11337940e+03     2.99614967e+02     2.36635109e+02     1.25747105e+02   
    7.34000000e+04     1.83500000e+01     1.11337781e+03     2.99770102e+02     2.37248057e+02     1.26007719e+02   
    7.36000000e+04     1.84000000e+01     1.11338435e+03     3.03025204e+02     2.35316055e+02     1.23827907e+02   
    7.38000000e+04     1.84500000e+01     1.11338007e+03     3.02149964e+02     2.34619353e+02     1.23292320e+02   
    7.40000000e+04     1.85000000e+01     1.11338542e+03     2.98741108e+02     2.35191196e+02     1.23514340e+02   
    7.42000000e+04     1.85500000e+01     1.11338486e+03     3.03523949e+02     2.36760082e+02     1.24171046e+02   
    7.44000000e+04     1.86000000e+01     1.11338559e+03     3.02272395e+02     2.36359447e+02     1.25286789e+02   
    7.46000000e+04     1.86500000e+01     1.11337777e+03     2.99646662e+02     2.36003528e+02     1.22474577e+02   
    7.48000000e+04     1.87000000e+01     1.11338598e+03     3.01540515e+02     2.37195306e+02     1.25063586e+02   
    7.50000000e+04     1.87500000e+01     1.11338616e+03     2.99970447e+02     2.35784265e+02     1.23798790e+02   
    7.52000000e+04     1.88000000e+01     1.11339749e+03     3.02723685e+02     2.36541573e+02     1.25482945e+02   
    7.54000000e+04     1.88500000e+01     1.11339489e+03     3.01255075e+02     2.34558633e+02     1.23480195e+02   
    7.56000000e+04     1.89000000e+01     1.11339761e+03     2.97846874e+02     2.35026468e+02     1.24311745e+02   
    7.58000000e+04     1.89500000e+01     1.11339288e+03     2.98660219e+02     2.35053994e+02     1.24024713e+02   
    7.60000000e+04     1.90000000e+01     1.11340012e+03     3.00620499e+02     2.38127208e+02     1.26286612e+02   
    7.62000000e+04     1.90500000e+01     1.11340923e+03     3.01678132e+02     2.37501429e+02     1.25463841e+02   
    7.64000000e+04     1.91000000e+01     1.11340448e+03     2.97661307e+02     2.36192522e+02     1.23529196e+02   
    7.66000000e+04     1.91500000e+01     1.11340665e+03     3.01962683e+02     2.36556069e+02     1.24402350e+02   
    7.68000000e+04     1.92000000e+01     1.11340305e+03     3.01002562e+02     2.35579197e+02     1.23477351e+02   
    7.70000000e+04     1.92500000e+01     1.11339777e+03     2.99954284e+02     2.34182535e+02     1.22995353e+02   
    7.72000000e+04     1.93000000e+01     1.11340775e+03     3.03574925e+02     2.34897208e+02     1.22718794e+02   
    7.74000000e+04     1.93500000e+01     1.11343913e+03     2.98406427e+02     2.37487137e+02     1.26043683e+02   
    7.76000000e+04     1.94000000e+01     1.11344582e+03     2.96400542e+02     2.35450753e+02     1.25472939e+02   
    7.78000000e+04     1.94500000e+01     1.11346467e+03     3.00935789e+02     2.36310410e+02     1.26808391e+02   
    7.80000000e+04     1.95000000e+01     1.11346451e+03     3.01974237e+02     2.37495610e+02     1.26698722e+02   
    7.82000000e+04     1.95500000e+01     1.11343311e+03     3.01126863e+02     2.34236641e+02     1.22495425e+02   
    7.84000000e+04     1.96000000e+01     1.11344893e+03     2.99451342e+02     2.36766181e+02     1.26046526e+02   
    7.86000000e+04     1.96500000e+01     1.11345969e+03     3.00184632e+02     2.37109803e+02     1.26763033e+02   
    7.88000000e+04     1.97000000e+01     1.11345105e+03     3.00363375e+02     2.34748961e+02     1.24758691e+02   
    7.90000000e+04     1.97500000e+01     1.11346348e+03     3.01604116e+02     2.36726967e+02     1.26370854e+02   
    7.92000000e+04     1.98000000e+01     1.11347795e+03     2.97212060e+02     2.36985238e+02     1.25809356e+02   
    7.94000000e+04     1.98500000e+01     1.11349330e+03     3.02000004e+02     2.36602150e+02     1.25556913e+02   
    7.96000000e+04     1.99000000e+01     1.11350560e+03     3.01596745e+02     2.37397524e+02     1.25313921e+02   
    7.98000000e+04     1.99500000e+01     1.11350557e+03     3.02447534e+02     2.36006643e+02     1.23977429e+02   
    8.00000000e+04     2.00000000e+01     1.11350550e+03     2.99546384e+02     2.35658080e+02     1.22705012e+02   
