# column   1     --> step : The current simulation time step.
# column   2     --> time{picosecond} : The elapsed simulation time.
# column   3     --> conserved{electronvolt} : The value of the conserved energy quantity per bead.
# column   4     --> temperature{kelvin} : The current temperature, as obtained from the MD kinetic energy.
# column   5     --> kinetic_cv{electronvolt} : The centroid-virial quantum kinetic energy of the physical system.
# column   6     --> potential{electronvolt} : The physical system potential energy.
    0.00000000e+00     0.00000000e+00     1.11417519e+03     3.04273373e+02     2.34815801e+02     1.26095496e+02   
    2.00000000e+02     5.00000000e-02     1.11416991e+03     2.99208587e+02     2.36905866e+02     1.27235455e+02   
    4.00000000e+02     1.00000000e-01     1.11415401e+03     3.03076566e+02     2.36208239e+02     1.26004744e+02   
    6.00000000e+02     1.50000000e-01     1.11413667e+03     3.01456677e+02     2.34266723e+02     1.23012797e+02   
    8.00000000e+02     2.00000000e-01     1.11413925e+03     3.00836929e+02     2.35854188e+02     1.25535213e+02   
    1.00000000e+03     2.50000000e-01     1.11414136e+03     3.02806216e+02     2.37405665e+02     1.26494559e+02   
    1.20000000e+03     3.00000000e-01     1.11412206e+03     3.00486444e+02     2.35639235e+02     1.25647842e+02   
    1.40000000e+03     3.50000000e-01     1.11411460e+03     3.03359161e+02     2.35818099e+02     1.23282278e+02   
    1.60000000e+03     4.00000000e-01     1.11411868e+03     2.99641492e+02     2.35128621e+02     1.23342783e+02   
    1.80000000e+03     4.50000000e-01     1.11412191e+03     3.00274174e+02     2.34601608e+02     1.22764648e+02   
    2.00000000e+03     5.00000000e-01     1.11412431e+03     3.00595999e+02     2.37163535e+02     1.23079391e+02   
    2.20000000e+03     5.50000000e-01     1.11412394e+03     2.95652713e+02     2.36638457e+02     1.22479155e+02   
    2.40000000e+03     6.00000000e-01     1.11411838e+03     3.01449658e+02     2.37300912e+02     1.23514527e+02   
    2.60000000e+03     6.50000000e-01     1.11411557e+03     3.01963393e+02     2.35876855e+02     1.21834168e+02   
    2.80000000e+03     7.00000000e-01     1.11410820e+03     3.03648367e+02     2.36207380e+02     1.21645953e+02   
    3.00000000e+03     7.50000000e-01     1.11412018e+03     3.00555141e+02     2.37417233e+02     1.24122220e+02   
    3.20000000e+03     8.00000000e-01     1.11411754e+03     3.01810004e+02     2.36070956e+02     1.23552309e+02   
    3.40000000e+03     8.50000000e-01     1.11412425e+03     3.01743175e+02     2.36697390e+02     1.25012216e+02   
    3.60000000e+03     9.00000000e-01     1.11412428e+03     3.00660385e+02     2.36370976e+02     1.24591535e+02   
    3.80000000e+03     9.50000000e-01     1.11412992e+03     3.01691799e+02     2.37145656e+02     1.24552439e+02   
    4.00000000e+03     1.00000000e+00     1.11411940e+03     3.00179585e+02     2.35054082e+02     1.24753995e+02   
    4.20000000e+03     1.05000000e+00     1.11412613e+03     3.00218309e+02     2.36947092e+02     1.25699329e+02   
    4.40000000e+03     1.10000000e+00     1.11411931e+03     2.97491967e+02     2.36173583e+02     1.25185271e+02   
    4.60000000e+03     1.15000000e+00     1.11411592e+03     3.00703487e+02     2.35840335e+02     1.24379663e+02   
    4.80000000e+03     1.20000000e+00     1.11411982e+03     3.01065080e+02     2.38630009e+02     1.26673981e+02   
    5.00000000e+03     1.25000000e+00     1.11410257e+03     3.01929148e+02     2.34441323e+02     1.24084776e+02   
    5.20000000e+03     1.30000000e+00     1.11411476e+03     3.04493129e+02     2.35677005e+02     1.23574644e+02   
    5.40000000e+03     1.35000000e+00     1.11412448e+03     3.02998155e+02     2.36918246e+02     1.26516020e+02   
    5.60000000e+03     1.40000000e+00     1.11412631e+03     3.03128490e+02     2.34706795e+02     1.23690336e+02   
    5.80000000e+03     1.45000000e+00     1.11413018e+03     2.98775773e+02     2.35190177e+02     1.24892671e+02   
    6.00000000e+03     1.50000000e+00     1.11413462e+03     3.01490003e+02     2.38251356e+02     1.26111528e+02   
    6.20000000e+03     1.55000000e+00     1.11412551e+03     2.99778663e+02     2.35519904e+02     1.25384055e+02   
    6.40000000e+03     1.60000000e+00     1.11413539e+03     3.01380173e+02     2.38038631e+02     1.26851560e+02   
    6.60000000e+03     1.65000000e+00     1.11414217e+03     2.99160820e+02     2.36414695e+02     1.25049998e+02   
    6.80000000e+03     1.70000000e+00     1.11413319e+03     3.01525862e+02     2.35651653e+02     1.23610307e+02   
    7.00000000e+03     1.75000000e+00     1.11413585e+03     3.03641607e+02     2.36191718e+02     1.23182771e+02   
    7.20000000e+03     1.80000000e+00     1.11413816e+03     3.02974766e+02     2.35654453e+02     1.24452980e+02   
    7.40000000e+03     1.85000000e+00     1.11415276e+03     2.99293519e+02     2.37272335e+02     1.25280570e+02   
    7.60000000e+03     1.90000000e+00     1.11415113e+03     3.04390825e+02     2.36549392e+02     1.24007768e+02   
    7.80000000e+03     1.95000000e+00     1.11415390e+03     3.04680313e+02     2.37705633e+02     1.25785808e+02   
    8.00000000e+03     2.00000000e+00     1.11416257e+03     3.01639927e+02     2.35576219e+02     1.24817116e+02   
    8.20000000e+03     2.05000000e+00     1.11417017e+03     3.00212722e+02     2.36514739e+02     1.26331709e+02   
    8.40000000e+03     2.10000000e+00     1.11417639e+03     3.02577213e+02     2.34746918e+02     1.25240367e+02   
    8.60000000e+03     2.15000000e+00     1.11418598e+03     2.99958091e+02     2.36244891e+02     1.26166689e+02   
    8.80000000e+03     2.20000000e+00     1.11419209e+03     2.97497020e+02     2.35495584e+02     1.25782906e+02   
    9.00000000e+03     2.25000000e+00     1.11419703e+03     3.00649086e+02     2.33873925e+02     1.23624833e+02   
    9.20000000e+03     2.30000000e+00     1.11420969e+03     3.02393444e+02     2.36979680e+02     1.27276031e+02   
    9.40000000e+03     2.35000000e+00     1.11420185e+03     3.01381151e+02     2.34726680e+02     1.25706302e+02   
    9.60000000e+03     2.40000000e+00     1.11421924e+03     3.00858379e+02     2.37497436e+02     1.29335020e+02   
    9.80000000e+03     2.45000000e+00     1.11420598e+03     3.02081032e+02     2.33521963e+02     1.23815901e+02   
    1.00000000e+04     2.50000000e+00     1.11419711e+03     3.01646498e+02     2.34269239e+02     1.25290320e+02   
    1.02000000e+04     2.55000000e+00     1.11420365e+03     2.99184891e+02     2.37363263e+02     1.28417794e+02   
    1.04000000e+04     2.60000000e+00     1.11420168e+03     2.98738444e+02     2.37574334e+02     1.28785763e+02   
    1.06000000e+04     2.65000000e+00     1.11417687e+03     3.03418516e+02     2.36512406e+02     1.27358501e+02   
    1.08000000e+04     2.70000000e+00     1.11417361e+03     2.96634911e+02     2.36918456e+02     1.28817899e+02   
    1.10000000e+04     2.75000000e+00     1.11416716e+03     3.03278024e+02     2.37651277e+02     1.29373055e+02   
    1.12000000e+04     2.80000000e+00     1.11418110e+03     2.98737361e+02     2.39307490e+02     1.30170940e+02   
    1.14000000e+04     2.85000000e+00     1.11417450e+03     3.04576373e+02     2.36121774e+02     1.26819907e+02   
    1.16000000e+04     2.90000000e+00     1.11419180e+03     2.99710840e+02     2.37109157e+02     1.30583460e+02   
    1.18000000e+04     2.95000000e+00     1.11418535e+03     2.96892319e+02     2.37925225e+02     1.29273404e+02   
    1.20000000e+04     3.00000000e+00     1.11417288e+03     2.98671760e+02     2.34018480e+02     1.26334900e+02   
    1.22000000e+04     3.05000000e+00     1.11416809e+03     2.99438716e+02     2.35176825e+02     1.26107435e+02   
    1.24000000e+04     3.10000000e+00     1.11417372e+03     3.00598699e+02     2.35467153e+02     1.29392783e+02   
    1.26000000e+04     3.15000000e+00     1.11417209e+03     2.99996165e+02     2.36354812e+02     1.28698964e+02   
    1.28000000e+04     3.20000000e+00     1.11417178e+03     2.94566719e+02     2.36513161e+02     1.29147746e+02   
    1.30000000e+04     3.25000000e+00     1.11416392e+03     3.00497387e+02     2.36043716e+02     1.26603529e+02   
    1.32000000e+04     3.30000000e+00     1.11416645e+03     2.99900767e+02     2.34914376e+02     1.24876761e+02   
    1.34000000e+04     3.35000000e+00     1.11417606e+03     2.99333961e+02     2.37034953e+02     1.28794949e+02   
    1.36000000e+04     3.40000000e+00     1.11416012e+03     3.01933528e+02     2.36182064e+02     1.26761949e+02   
    1.38000000e+04     3.45000000e+00     1.11414643e+03     3.05855687e+02     2.37110501e+02     1.25766934e+02   
    1.40000000e+04     3.50000000e+00     1.11413480e+03     3.03250108e+02     2.35082094e+02     1.23588959e+02   
    1.42000000e+04     3.55000000e+00     1.11413505e+03     3.03827924e+02     2.35522737e+02     1.23892324e+02   
    1.44000000e+04     3.60000000e+00     1.11413198e+03     2.99932413e+02     2.35867183e+02     1.24062932e+02   
    1.46000000e+04     3.65000000e+00     1.11412945e+03     2.99880948e+02     2.35767061e+02     1.25074083e+02   
    1.48000000e+04     3.70000000e+00     1.11412804e+03     3.01875724e+02     2.36732625e+02     1.26208630e+02   
    1.50000000e+04     3.75000000e+00     1.11411369e+03     3.02107858e+02     2.35687853e+02     1.25972163e+02   
    1.52000000e+04     3.80000000e+00     1.11411296e+03     3.00758748e+02     2.36026043e+02     1.25063101e+02   
    1.54000000e+04     3.85000000e+00     1.11411944e+03     2.99841146e+02     2.36403534e+02     1.27917807e+02   
    1.56000000e+04     3.90000000e+00     1.11412173e+03     3.01536450e+02     2.35244636e+02     1.26206182e+02   
    1.58000000e+04     3.95000000e+00     1.11413064e+03     2.99151860e+02     2.36727880e+02     1.29381288e+02   
    1.60000000e+04     4.00000000e+00     1.11413946e+03     3.01268806e+02     2.37284463e+02     1.26751465e+02   
    1.62000000e+04     4.05000000e+00     1.11415494e+03     2.96953279e+02     2.36734842e+02     1.28737965e+02   
    1.64000000e+04     4.10000000e+00     1.11415085e+03     3.02569993e+02     2.36360509e+02     1.25890130e+02   
    1.66000000e+04     4.15000000e+00     1.11415555e+03     2.98952184e+02     2.35827756e+02     1.25795214e+02   
    1.68000000e+04     4.20000000e+00     1.11413766e+03     2.98239401e+02     2.34185399e+02     1.25227665e+02   
    1.70000000e+04     4.25000000e+00     1.11413265e+03     2.95829485e+02     2.35636936e+02     1.26427953e+02   
    1.72000000e+04     4.30000000e+00     1.11414081e+03     2.96658604e+02     2.36954501e+02     1.28607164e+02   
    1.74000000e+04     4.35000000e+00     1.11412742e+03     2.97514051e+02     2.36005474e+02     1.25293214e+02   
    1.76000000e+04     4.40000000e+00     1.11412873e+03     2.97825016e+02     2.38609868e+02     1.28751163e+02   
    1.78000000e+04     4.45000000e+00     1.11412077e+03     2.99956991e+02     2.36075353e+02     1.25665492e+02   
    1.80000000e+04     4.50000000e+00     1.11412211e+03     3.00827181e+02     2.36112105e+02     1.26186788e+02   
    1.82000000e+04     4.55000000e+00     1.11411657e+03     3.00924041e+02     2.36103828e+02     1.24417319e+02   
    1.84000000e+04     4.60000000e+00     1.11410788e+03     3.02185401e+02     2.36021110e+02     1.23846954e+02   
    1.86000000e+04     4.65000000e+00     1.11410443e+03     3.02430012e+02     2.36325668e+02     1.24498884e+02   
    1.88000000e+04     4.70000000e+00     1.11410690e+03     3.04217332e+02     2.35984258e+02     1.23327210e+02   
    1.90000000e+04     4.75000000e+00     1.11412098e+03     3.00480593e+02     2.38452518e+02     1.26302816e+02   
    1.92000000e+04     4.80000000e+00     1.11410588e+03     3.03583308e+02     2.35944492e+02     1.22040392e+02   
    1.94000000e+04     4.85000000e+00     1.11410976e+03     3.02320327e+02     2.37011943e+02     1.24886310e+02   
    1.96000000e+04     4.90000000e+00     1.11410349e+03     3.04066015e+02     2.34620883e+02     1.20159061e+02   
    1.98000000e+04     4.95000000e+00     1.11411597e+03     3.04618430e+02     2.36143687e+02     1.24179902e+02   
    2.00000000e+04     5.00000000e+00     1.11411252e+03     3.01479482e+02     2.35388168e+02     1.23744107e+02   
    2.02000000e+04     5.05000000e+00     1.11410672e+03     3.02382009e+02     2.37349783e+02     1.26306719e+02   
    2.04000000e+04     5.10000000e+00     1.11410733e+03     3.04824991e+02     2.37270032e+02     1.24762965e+02   
    2.06000000e+04     5.15000000e+00     1.11410931e+03     3.04228769e+02     2.36719561e+02     1.23663507e+02   
    2.08000000e+04     5.20000000e+00     1.11411135e+03     3.04768366e+02     2.36428649e+02     1.25622698e+02   
    2.10000000e+04     5.25000000e+00     1.11412100e+03     3.01437757e+02     2.38177442e+02     1.26508993e+02   
    2.12000000e+04     5.30000000e+00     1.11412025e+03     3.01528382e+02     2.34628414e+02     1.25716291e+02   
    2.14000000e+04     5.35000000e+00     1.11412084e+03     3.03303440e+02     2.36448005e+02     1.25784094e+02   
    2.16000000e+04     5.40000000e+00     1.11412464e+03     3.00559410e+02     2.37264136e+02     1.28800880e+02   
    2.18000000e+04     5.45000000e+00     1.11410090e+03     3.00066142e+02     2.36203658e+02     1.26331194e+02   
    2.20000000e+04     5.50000000e+00     1.11409472e+03     3.01093058e+02     2.35425610e+02     1.25642804e+02   
    2.22000000e+04     5.55000000e+00     1.11408481e+03     3.03278747e+02     2.34843813e+02     1.25319449e+02   
    2.24000000e+04     5.60000000e+00     1.11408236e+03     2.99897948e+02     2.33372113e+02     1.23438136e+02   
    2.26000000e+04     5.65000000e+00     1.11409671e+03     2.99259262e+02     2.34375774e+02     1.26289344e+02   
    2.28000000e+04     5.70000000e+00     1.11412474e+03     3.01597389e+02     2.37601668e+02     1.28300191e+02   
    2.30000000e+04     5.75000000e+00     1.11411891e+03     3.03698556e+02     2.37015913e+02     1.30873618e+02   
    2.32000000e+04     5.80000000e+00     1.11411810e+03     3.01641286e+02     2.38663870e+02     1.29377711e+02   
    2.34000000e+04     5.85000000e+00     1.11411435e+03     3.02437087e+02     2.34932927e+02     1.26902962e+02   
    2.36000000e+04     5.90000000e+00     1.11411394e+03     3.05671709e+02     2.37247919e+02     1.26314283e+02   
    2.38000000e+04     5.95000000e+00     1.11411414e+03     2.99698146e+02     2.34725510e+02     1.25611465e+02   
    2.40000000e+04     6.00000000e+00     1.11412164e+03     3.05075481e+02     2.37509582e+02     1.26425069e+02   
    2.42000000e+04     6.05000000e+00     1.11411423e+03     3.04705111e+02     2.36085249e+02     1.23059688e+02   
    2.44000000e+04     6.10000000e+00     1.11411794e+03     3.04293982e+02     2.35166912e+02     1.24316482e+02   
    2.46000000e+04     6.15000000e+00     1.11412933e+03     3.03033814e+02     2.36544494e+02     1.24405322e+02   
    2.48000000e+04     6.20000000e+00     1.11412163e+03     3.02770145e+02     2.35238645e+02     1.22131003e+02   
    2.50000000e+04     6.25000000e+00     1.11413229e+03     3.03537243e+02     2.36063565e+02     1.23621069e+02   
    2.52000000e+04     6.30000000e+00     1.11412828e+03     3.01149417e+02     2.36839124e+02     1.24569767e+02   
    2.54000000e+04     6.35000000e+00     1.11412498e+03     2.98531852e+02     2.36451386e+02     1.23814843e+02   
    2.56000000e+04     6.40000000e+00     1.11411636e+03     3.05033656e+02     2.35271006e+02     1.21781320e+02   
    2.58000000e+04     6.45000000e+00     1.11411985e+03     3.01778455e+02     2.35450869e+02     1.21751004e+02   
    2.60000000e+04     6.50000000e+00     1.11412501e+03     3.04059664e+02     2.37456307e+02     1.22736251e+02   
    2.62000000e+04     6.55000000e+00     1.11412709e+03     3.01169576e+02     2.37701698e+02     1.23747898e+02   
    2.64000000e+04     6.60000000e+00     1.11411342e+03     3.01441442e+02     2.35036368e+02     1.20810491e+02   
    2.66000000e+04     6.65000000e+00     1.11412949e+03     3.01308952e+02     2.37684182e+02     1.26549575e+02   
    2.68000000e+04     6.70000000e+00     1.11412836e+03     3.06188220e+02     2.36644995e+02     1.23799857e+02   
    2.70000000e+04     6.75000000e+00     1.11413727e+03     3.01394447e+02     2.35119628e+02     1.22138816e+02   
    2.72000000e+04     6.80000000e+00     1.11413967e+03     3.02138725e+02     2.35775391e+02     1.23452961e+02   
    2.74000000e+04     6.85000000e+00     1.11414475e+03     3.00188975e+02     2.36910138e+02     1.25243956e+02   
    2.76000000e+04     6.90000000e+00     1.11414167e+03     3.00165033e+02     2.37364330e+02     1.24188430e+02   
    2.78000000e+04     6.95000000e+00     1.11413699e+03     3.01826073e+02     2.36349841e+02     1.23629541e+02   
    2.80000000e+04     7.00000000e+00     1.11413520e+03     3.00948502e+02     2.36681718e+02     1.25755440e+02   
    2.82000000e+04     7.05000000e+00     1.11414092e+03     2.95438703e+02     2.37533012e+02     1.26492740e+02   
    2.84000000e+04     7.10000000e+00     1.11413713e+03     3.00389020e+02     2.35302286e+02     1.23326636e+02   
    2.86000000e+04     7.15000000e+00     1.11415426e+03     3.01839944e+02     2.38074353e+02     1.28311392e+02   
    2.88000000e+04     7.20000000e+00     1.11413466e+03     3.01867329e+02     2.36479934e+02     1.26645857e+02   
    2.90000000e+04     7.25000000e+00     1.11412006e+03     2.99167313e+02     2.34579839e+02     1.25559527e+02   
    2.92000000e+04     7.30000000e+00     1.11412147e+03     2.98486555e+02     2.35244284e+02     1.26487198e+02   
    2.94000000e+04     7.35000000e+00     1.11412788e+03     2.99841171e+02     2.35047938e+02     1.25904621e+02   
    2.96000000e+04     7.40000000e+00     1.11414506e+03     3.01303427e+02     2.37966097e+02     1.29084223e+02   
    2.98000000e+04     7.45000000e+00     1.11414996e+03     3.01236042e+02     2.37009297e+02     1.25541064e+02   
    3.00000000e+04     7.50000000e+00     1.11415094e+03     3.02147223e+02     2.37154694e+02     1.27205304e+02   
    3.02000000e+04     7.55000000e+00     1.11414825e+03     3.03887245e+02     2.37265385e+02     1.25700928e+02   
    3.04000000e+04     7.60000000e+00     1.11415073e+03     3.01764998e+02     2.36997449e+02     1.27168330e+02   
    3.06000000e+04     7.65000000e+00     1.11414458e+03     3.02192907e+02     2.37270793e+02     1.25195824e+02   
    3.08000000e+04     7.70000000e+00     1.11413580e+03     3.03462788e+02     2.37170796e+02     1.26595403e+02   
    3.10000000e+04     7.75000000e+00     1.11413344e+03     3.03022209e+02     2.36061814e+02     1.23790923e+02   
    3.12000000e+04     7.80000000e+00     1.11413774e+03     3.01595515e+02     2.36068852e+02     1.25901682e+02   
    3.14000000e+04     7.85000000e+00     1.11415574e+03     2.98912972e+02     2.37230235e+02     1.26733660e+02   
    3.16000000e+04     7.90000000e+00     1.11414884e+03     3.05277047e+02     2.35756852e+02     1.23718765e+02   
    3.18000000e+04     7.95000000e+00     1.11415779e+03     3.03799706e+02     2.37187851e+02     1.25305826e+02   
    3.20000000e+04     8.00000000e+00     1.11416777e+03     3.05566124e+02     2.37710248e+02     1.25295712e+02   
    3.22000000e+04     8.05000000e+00     1.11417746e+03     3.02038014e+02     2.37899026e+02     1.26122387e+02   
    3.24000000e+04     8.10000000e+00     1.11417774e+03     3.01816351e+02     2.36842984e+02     1.24348267e+02   
    3.26000000e+04     8.15000000e+00     1.11418103e+03     3.00450173e+02     2.38164288e+02     1.27909531e+02   
    3.28000000e+04     8.20000000e+00     1.11418041e+03     3.04208421e+02     2.36597286e+02     1.25952873e+02   
    3.30000000e+04     8.25000000e+00     1.11417088e+03     3.00607722e+02     2.37435652e+02     1.27613928e+02   
    3.32000000e+04     8.30000000e+00     1.11415629e+03     3.01199851e+02     2.35963373e+02     1.26022514e+02   
    3.34000000e+04     8.35000000e+00     1.11415691e+03     3.00353397e+02     2.36875133e+02     1.28534719e+02   
    3.36000000e+04     8.40000000e+00     1.11414332e+03     2.98278183e+02     2.35410804e+02     1.26408161e+02   
    3.38000000e+04     8.45000000e+00     1.11415204e+03     2.99060804e+02     2.37296809e+02     1.29286129e+02   
    3.40000000e+04     8.50000000e+00     1.11414509e+03     3.01613666e+02     2.36534254e+02     1.27443312e+02   
    3.42000000e+04     8.55000000e+00     1.11412389e+03     2.99201705e+02     2.36064648e+02     1.26194617e+02   
    3.44000000e+04     8.60000000e+00     1.11412804e+03     3.01346468e+02     2.35629621e+02     1.25352160e+02   
    3.46000000e+04     8.65000000e+00     1.11413109e+03     2.99734131e+02     2.35309219e+02     1.25737326e+02   
    3.48000000e+04     8.70000000e+00     1.11414489e+03     3.00543977e+02     2.34955320e+02     1.23504686e+02   
    3.50000000e+04     8.75000000e+00     1.11416138e+03     3.01193048e+02     2.38435233e+02     1.27862217e+02   
    3.52000000e+04     8.80000000e+00     1.11416166e+03     3.02207010e+02     2.35619560e+02     1.24201952e+02   
    3.54000000e+04     8.85000000e+00     1.11416760e+03     3.00257202e+02     2.35555437e+02     1.25106563e+02   
    3.56000000e+04     8.90000000e+00     1.11418791e+03     2.99251980e+02     2.38231002e+02     1.28702973e+02   
    3.58000000e+04     8.95000000e+00     1.11416986e+03     3.01771305e+02     2.34891146e+02     1.26416447e+02   
    3.60000000e+04     9.00000000e+00     1.11417139e+03     3.01383785e+02     2.37092996e+02     1.26589186e+02   
    3.62000000e+04     9.05000000e+00     1.11417068e+03     3.02461398e+02     2.36883568e+02     1.26545992e+02   
    3.64000000e+04     9.10000000e+00     1.11417416e+03     3.03412604e+02     2.37765156e+02     1.25687603e+02   
    3.66000000e+04     9.15000000e+00     1.11417586e+03     3.03433074e+02     2.37419214e+02     1.26996767e+02   
    3.68000000e+04     9.20000000e+00     1.11416670e+03     3.02156072e+02     2.36938669e+02     1.25212950e+02   
    3.70000000e+04     9.25000000e+00     1.11417787e+03     2.99962744e+02     2.37022252e+02     1.26645590e+02   
    3.72000000e+04     9.30000000e+00     1.11417126e+03     3.02968073e+02     2.35373750e+02     1.22569072e+02   
    3.74000000e+04     9.35000000e+00     1.11417157e+03     3.05545464e+02     2.35472487e+02     1.22945564e+02   
    3.76000000e+04     9.40000000e+00     1.11417012e+03     3.03292917e+02     2.35871314e+02     1.24087849e+02   
    3.78000000e+04     9.45000000e+00     1.11416834e+03     2.99928738e+02     2.34260104e+02     1.24782386e+02   
    3.80000000e+04     9.50000000e+00     1.11417639e+03     3.02677481e+02     2.36275587e+02     1.26258643e+02   
    3.82000000e+04     9.55000000e+00     1.11417637e+03     2.99812062e+02     2.36491166e+02     1.28639108e+02   
    3.84000000e+04     9.60000000e+00     1.11417561e+03     2.99583938e+02     2.37329209e+02     1.28366282e+02   
    3.86000000e+04     9.65000000e+00     1.11417320e+03     3.00417291e+02     2.37270364e+02     1.28161911e+02   
    3.88000000e+04     9.70000000e+00     1.11418577e+03     3.01860461e+02     2.34315449e+02     1.24905201e+02   
    3.90000000e+04     9.75000000e+00     1.11422056e+03     3.02415278e+02     2.37546884e+02     1.30043913e+02   
    3.92000000e+04     9.80000000e+00     1.11423314e+03     2.98472129e+02     2.36442361e+02     1.26441199e+02   
    3.94000000e+04     9.85000000e+00     1.11422404e+03     2.99717843e+02     2.32554854e+02     1.24912438e+02   
    3.96000000e+04     9.90000000e+00     1.11425431e+03     3.02409393e+02     2.37802519e+02     1.31531838e+02   
    3.98000000e+04     9.95000000e+00     1.11424780e+03     3.00216002e+02     2.36462206e+02     1.31349862e+02   
    4.00000000e+04     1.00000000e+01     1.11425957e+03     2.98095090e+02     2.37647658e+02     1.34740235e+02   
    4.02000000e+04     1.00500000e+01     1.11423222e+03     3.00692952e+02     2.35340503e+02     1.28538461e+02   
    4.04000000e+04     1.01000000e+01     1.11424641e+03     2.99592817e+02     2.35810780e+02     1.30896938e+02   
    4.06000000e+04     1.01500000e+01     1.11424888e+03     2.99220587e+02     2.36621021e+02     1.28693036e+02   
    4.08000000e+04     1.02000000e+01     1.11424292e+03     2.98322916e+02     2.35939124e+02     1.28352110e+02   
    4.10000000e+04     1.02500000e+01     1.11424468e+03     3.01077828e+02     2.34362958e+02     1.27705846e+02   
    4.12000000e+04     1.03000000e+01     1.11426665e+03     3.00365975e+02     2.37857861e+02     1.32580175e+02   
    4.14000000e+04     1.03500000e+01     1.11426654e+03     2.99876276e+02     2.34468304e+02     1.26896208e+02   
    4.16000000e+04     1.04000000e+01     1.11427668e+03     2.99867143e+02     2.34110275e+02     1.26534644e+02   
    4.18000000e+04     1.04500000e+01     1.11429202e+03     2.99794632e+02     2.37220119e+02     1.30802338e+02   
    4.20000000e+04     1.05000000e+01     1.11429751e+03     2.99557813e+02     2.37579219e+02     1.30379332e+02   
    4.22000000e+04     1.05500000e+01     1.11429641e+03     3.02418059e+02     2.35388520e+02     1.28083621e+02   
    4.24000000e+04     1.06000000e+01     1.11429725e+03     3.03155999e+02     2.35492174e+02     1.25372628e+02   
    4.26000000e+04     1.06500000e+01     1.11428324e+03     3.03218817e+02     2.34819921e+02     1.23645628e+02   
    4.28000000e+04     1.07000000e+01     1.11427602e+03     3.01750195e+02     2.36295234e+02     1.25061675e+02   
    4.30000000e+04     1.07500000e+01     1.11428386e+03     2.97293933e+02     2.37263391e+02     1.26008023e+02   
    4.32000000e+04     1.08000000e+01     1.11427732e+03     3.02628660e+02     2.37313002e+02     1.26230279e+02   
    4.34000000e+04     1.08500000e+01     1.11428005e+03     3.01413354e+02     2.35544986e+02     1.24637235e+02   
    4.36000000e+04     1.09000000e+01     1.11428453e+03     3.01978892e+02     2.35612148e+02     1.24310837e+02   
    4.38000000e+04     1.09500000e+01     1.11428547e+03     3.00247535e+02     2.35018192e+02     1.23503559e+02   
    4.40000000e+04     1.10000000e+01     1.11428450e+03     3.01358601e+02     2.35043903e+02     1.23578158e+02   
    4.42000000e+04     1.10500000e+01     1.11428290e+03     3.00597072e+02     2.34982031e+02     1.23792213e+02   
    4.44000000e+04     1.11000000e+01     1.11428920e+03     3.01775908e+02     2.36073252e+02     1.25104058e+02   
    4.46000000e+04     1.11500000e+01     1.11427799e+03     3.01305206e+02     2.34148819e+02     1.22672677e+02   
    4.48000000e+04     1.12000000e+01     1.11428059e+03     3.00785284e+02     2.36849948e+02     1.25003198e+02   
    4.50000000e+04     1.12500000e+01     1.11427178e+03     2.98751778e+02     2.32862199e+02     1.22420629e+02   
    4.52000000e+04     1.13000000e+01     1.11427886e+03     3.03450644e+02     2.36538734e+02     1.24652688e+02   
    4.54000000e+04     1.13500000e+01     1.11429076e+03     2.99696750e+02     2.38519743e+02     1.27725970e+02   
    4.56000000e+04     1.14000000e+01     1.11427944e+03     3.02402745e+02     2.34641137e+02     1.22759177e+02   
    4.58000000e+04     1.14500000e+01     1.11429477e+03     3.00833247e+02     2.37417997e+02     1.26635925e+02   
    4.60000000e+04     1.15000000e+01     1.11428825e+03     3.00234633e+02     2.36387597e+02     1.25572768e+02   
    4.62000000e+04     1.15500000e+01     1.11429299e+03     2.98977182e+02     2.34777840e+02     1.23764213e+02   
    4.64000000e+04     1.16000000e+01     1.11429080e+03     3.02410100e+02     2.35328950e+02     1.23311083e+02   
    4.66000000e+04     1.16500000e+01     1.11429835e+03     3.03207455e+02     2.37042518e+02     1.24750355e+02   
    4.68000000e+04     1.17000000e+01     1.11429138e+03     3.01139850e+02     2.35401415e+02     1.22659989e+02   
    4.70000000e+04     1.17500000e+01     1.11428189e+03     3.01771658e+02     2.35128856e+02     1.21304575e+02   
    4.72000000e+04     1.18000000e+01     1.11429106e+03     3.02955463e+02     2.35997708e+02     1.21185842e+02   
    4.74000000e+04     1.18500000e+01     1.11427900e+03     3.02816209e+02     2.35738527e+02     1.22112165e+02   
    4.76000000e+04     1.19000000e+01     1.11429388e+03     3.01871509e+02     2.38501098e+02     1.24205234e+02   
    4.78000000e+04     1.19500000e+01     1.11428548e+03     3.03149986e+02     2.37955167e+02     1.24790190e+02   
    4.80000000e+04     1.20000000e+01     1.11427763e+03     3.02618593e+02     2.36994933e+02     1.23932023e+02   
    4.82000000e+04     1.20500000e+01     1.11425430e+03     3.03999543e+02     2.35571230e+02     1.21724081e+02   
    4.84000000e+04     1.21000000e+01     1.11424252e+03     2.98072400e+02     2.35716222e+02     1.23116540e+02   
    4.86000000e+04     1.21500000e+01     1.11424882e+03     3.00508171e+02     2.37215912e+02     1.25049725e+02   
    4.88000000e+04     1.22000000e+01     1.11423961e+03     3.05463296e+02     2.34948581e+02     1.20904273e+02   
    4.90000000e+04     1.22500000e+01     1.11425161e+03     3.02417652e+02     2.34853621e+02     1.22745732e+02   
    4.92000000e+04     1.23000000e+01     1.11425590e+03     2.99727434e+02     2.37376303e+02     1.22395475e+02   
    4.94000000e+04     1.23500000e+01     1.11425719e+03     2.98528467e+02     2.36077598e+02     1.25008900e+02   
    4.96000000e+04     1.24000000e+01     1.11426777e+03     3.01153393e+02     2.36636488e+02     1.24387340e+02   
    4.98000000e+04     1.24500000e+01     1.11425690e+03     2.99838034e+02     2.36018038e+02     1.23749063e+02   
    5.00000000e+04     1.25000000e+01     1.11425363e+03     3.01219002e+02     2.35543066e+02     1.22733335e+02   
    5.02000000e+04     1.25500000e+01     1.11427465e+03     2.98647400e+02     2.34736203e+02     1.23843184e+02   
    5.04000000e+04     1.26000000e+01     1.11429688e+03     3.01251435e+02     2.38773187e+02     1.30455927e+02   
    5.06000000e+04     1.26500000e+01     1.11429180e+03     2.97102115e+02     2.35829399e+02     1.26916059e+02   
    5.08000000e+04     1.27000000e+01     1.11429606e+03     3.01387429e+02     2.36876748e+02     1.28438484e+02   
    5.10000000e+04     1.27500000e+01     1.11429221e+03     3.00544587e+02     2.34916945e+02     1.25658379e+02   
    5.12000000e+04     1.28000000e+01     1.11430873e+03     2.98069962e+02     2.36693572e+02     1.27485880e+02   
    5.14000000e+04     1.28500000e+01     1.11430829e+03     2.99118941e+02     2.37888195e+02     1.28172986e+02   
    5.16000000e+04     1.29000000e+01     1.11431754e+03     3.01730363e+02     2.37443171e+02     1.27378279e+02   
    5.18000000e+04     1.29500000e+01     1.11430489e+03     3.01667408e+02     2.34530496e+02     1.24101721e+02   
    5.20000000e+04     1.30000000e+01     1.11432892e+03     2.99920618e+02     2.35413573e+02     1.26109623e+02   
    5.22000000e+04     1.30500000e+01     1.11434119e+03     3.00012027e+02     2.36583320e+02     1.26682770e+02   
    5.24000000e+04     1.31000000e+01     1.11435776e+03     2.97805420e+02     2.36783488e+02     1.28032132e+02   
    5.26000000e+04     1.31500000e+01     1.11435590e+03     2.98553429e+02     2.36263936e+02     1.26018829e+02   
    5.28000000e+04     1.32000000e+01     1.11436323e+03     3.01184336e+02     2.37364245e+02     1.26090503e+02   
    5.30000000e+04     1.32500000e+01     1.11436922e+03     3.01633085e+02     2.36225283e+02     1.24197204e+02   
    5.32000000e+04     1.33000000e+01     1.11438701e+03     3.04465296e+02     2.36704715e+02     1.25401500e+02   
    5.34000000e+04     1.33500000e+01     1.11439548e+03     2.99493641e+02     2.37616112e+02     1.28124675e+02   
    5.36000000e+04     1.34000000e+01     1.11439117e+03     3.04242837e+02     2.37056868e+02     1.24566686e+02   
    5.38000000e+04     1.34500000e+01     1.11441644e+03     3.00953448e+02     2.38243188e+02     1.27548757e+02   
    5.40000000e+04     1.35000000e+01     1.11440835e+03     3.01674924e+02     2.37301816e+02     1.24002985e+02   
    5.42000000e+04     1.35500000e+01     1.11441067e+03     3.03579260e+02     2.35790716e+02     1.24743989e+02   
    5.44000000e+04     1.36000000e+01     1.11440744e+03     3.01376757e+02     2.36290697e+02     1.24356466e+02   
    5.46000000e+04     1.36500000e+01     1.11442682e+03     3.00613250e+02     2.37549235e+02     1.28829299e+02   
    5.48000000e+04     1.37000000e+01     1.11440796e+03     3.03077088e+02     2.36574805e+02     1.27333008e+02   
    5.50000000e+04     1.37500000e+01     1.11440874e+03     3.00175578e+02     2.37225704e+02     1.28384504e+02   
    5.52000000e+04     1.38000000e+01     1.11439939e+03     2.98686832e+02     2.37055600e+02     1.27088606e+02   
    5.54000000e+04     1.38500000e+01     1.11440302e+03     3.01420829e+02     2.37721139e+02     1.27829598e+02   
    5.56000000e+04     1.39000000e+01     1.11439106e+03     3.03590974e+02     2.34773663e+02     1.23730812e+02   
    5.58000000e+04     1.39500000e+01     1.11438860e+03     3.03350109e+02     2.35792710e+02     1.22613399e+02   
    5.60000000e+04     1.40000000e+01     1.11438122e+03     3.00484168e+02     2.33498856e+02     1.22279124e+02   
    5.62000000e+04     1.40500000e+01     1.11438430e+03     3.02169756e+02     2.35535695e+02     1.23736799e+02   
    5.64000000e+04     1.41000000e+01     1.11438494e+03     3.02321700e+02     2.36181156e+02     1.25184793e+02   
    5.66000000e+04     1.41500000e+01     1.11439956e+03     3.02872717e+02     2.38872406e+02     1.28069508e+02   
    5.68000000e+04     1.42000000e+01     1.11439058e+03     3.00696985e+02     2.37778387e+02     1.27000771e+02   
    5.70000000e+04     1.42500000e+01     1.11438238e+03     3.04828907e+02     2.37067846e+02     1.25797775e+02   
    5.72000000e+04     1.43000000e+01     1.11438321e+03     3.01635308e+02     2.36814514e+02     1.24650221e+02   
    5.74000000e+04     1.43500000e+01     1.11437641e+03     3.01910790e+02     2.37576125e+02     1.23853219e+02   
    5.76000000e+04     1.44000000e+01     1.11436775e+03     2.99334817e+02     2.34722316e+02     1.22694826e+02   
    5.78000000e+04     1.44500000e+01     1.11437395e+03     3.02199390e+02     2.38465422e+02     1.25332385e+02   
    5.80000000e+04     1.45000000e+01     1.11435442e+03     3.01430086e+02     2.35440603e+02     1.21574933e+02   
    5.82000000e+04     1.45500000e+01     1.11435513e+03     3.03897152e+02     2.36661147e+02     1.20388638e+02   
    5.84000000e+04     1.46000000e+01     1.11435964e+03     3.00033741e+02     2.35120392e+02     1.20099177e+02   
    5.86000000e+04     1.46500000e+01     1.11437002e+03     3.00091379e+02     2.36027847e+02     1.20875178e+02   
    5.88000000e+04     1.47000000e+01     1.11437183e+03     3.03222841e+02     2.35405658e+02     1.20490307e+02   
    5.90000000e+04     1.47500000e+01     1.11438284e+03     2.99904826e+02     2.37573276e+02     1.22864547e+02   
    5.92000000e+04     1.48000000e+01     1.11437617e+03     3.00534089e+02     2.38715582e+02     1.23683109e+02   
    5.94000000e+04     1.48500000e+01     1.11436129e+03     3.02229669e+02     2.35057031e+02     1.21237522e+02   
    5.96000000e+04     1.49000000e+01     1.11435306e+03     3.00956002e+02     2.36217794e+02     1.20422733e+02   
    5.98000000e+04     1.49500000e+01     1.11434438e+03     3.03337618e+02     2.36590277e+02     1.20637145e+02   
    6.00000000e+04     1.50000000e+01     1.11432906e+03     3.02918043e+02     2.37000308e+02     1.21346788e+02   
    6.02000000e+04     1.50500000e+01     1.11431059e+03     3.02703799e+02     2.35644935e+02     1.19412588e+02   
    6.04000000e+04     1.51000000e+01     1.11430944e+03     3.01891358e+02     2.37808640e+02     1.21662410e+02   
    6.06000000e+04     1.51500000e+01     1.11429522e+03     3.00021520e+02     2.35808763e+02     1.19792427e+02   
    6.08000000e+04     1.52000000e+01     1.11430526e+03     3.00567059e+02     2.36988788e+02     1.22326191e+02   
    6.10000000e+04     1.52500000e+01     1.11430889e+03     2.98968663e+02     2.37274192e+02     1.23775076e+02   
    6.12000000e+04     1.53000000e+01     1.11431222e+03     3.02819368e+02     2.35270722e+02     1.21310778e+02   
    6.14000000e+04     1.53500000e+01     1.11430808e+03     3.00087192e+02     2.36340407e+02     1.20065422e+02   
    6.16000000e+04     1.54000000e+01     1.11432497e+03     2.99206384e+02     2.37242944e+02     1.23736219e+02   
    6.18000000e+04     1.54500000e+01     1.11431623e+03     3.01825581e+02     2.35339813e+02     1.19418266e+02   
    6.20000000e+04     1.55000000e+01     1.11433066e+03     3.00649130e+02     2.35663387e+02     1.22050178e+02   
    6.22000000e+04     1.55500000e+01     1.11434186e+03     3.03030887e+02     2.38979136e+02     1.25660466e+02   
    6.24000000e+04     1.56000000e+01     1.11432678e+03     3.02901856e+02     2.34297294e+02     1.18884149e+02   
    6.26000000e+04     1.56500000e+01     1.11432452e+03     2.98762914e+02     2.34701434e+02     1.20195956e+02   
    6.28000000e+04     1.57000000e+01     1.11433930e+03     3.00670082e+02     2.36393981e+02     1.25249460e+02   
    6.30000000e+04     1.57500000e+01     1.11434447e+03     2.96926380e+02     2.36075087e+02     1.25639076e+02   
    6.32000000e+04     1.58000000e+01     1.11433727e+03     2.99213988e+02     2.34442949e+02     1.22332490e+02   
    6.34000000e+04     1.58500000e+01     1.11433234e+03     2.99636664e+02     2.36072711e+02     1.23504253e+02   
    6.36000000e+04     1.59000000e+01     1.11434340e+03     3.00748215e+02     2.39472355e+02     1.26293953e+02   
    6.38000000e+04     1.59500000e+01     1.11434802e+03     3.01960440e+02     2.36809059e+02     1.25056598e+02   
    6.40000000e+04     1.60000000e+01     1.11434267e+03     3.00736513e+02     2.35744362e+02     1.23360878e+02   
    6.42000000e+04     1.60500000e+01     1.11436001e+03     2.98850175e+02     2.38791768e+02     1.27016423e+02   
    6.44000000e+04     1.61000000e+01     1.11434604e+03     3.01509107e+02     2.38337060e+02     1.25939575e+02   
    6.46000000e+04     1.61500000e+01     1.11434096e+03     3.02110079e+02     2.37099438e+02     1.24409550e+02   
    6.48000000e+04     1.62000000e+01     1.11434118e+03     3.02029774e+02     2.35834595e+02     1.23602380e+02   
    6.50000000e+04     1.62500000e+01     1.11435966e+03     3.03873856e+02     2.37263936e+02     1.24077955e+02   
    6.52000000e+04     1.63000000e+01     1.11435905e+03     3.00055419e+02     2.38188737e+02     1.24121859e+02   
    6.54000000e+04     1.63500000e+01     1.11435481e+03     3.01091271e+02     2.35639628e+02     1.23442034e+02   
    6.56000000e+04     1.64000000e+01     1.11435151e+03     2.97605706e+02     2.36193308e+02     1.22323736e+02   
    6.58000000e+04     1.64500000e+01     1.11435913e+03     3.02806616e+02     2.36493194e+02     1.22176170e+02   
    6.60000000e+04     1.65000000e+01     1.11436464e+03     2.99210816e+02     2.37623228e+02     1.22604744e+02   
    6.62000000e+04     1.65500000e+01     1.11435694e+03     3.03104699e+02     2.37370480e+02     1.24015146e+02   
    6.64000000e+04     1.66000000e+01     1.11435656e+03     3.03252500e+02     2.35498818e+02     1.22055685e+02   
    6.66000000e+04     1.66500000e+01     1.11435798e+03     3.04623412e+02     2.35259197e+02     1.21794838e+02   
    6.68000000e+04     1.67000000e+01     1.11435028e+03     3.01715357e+02     2.34978014e+02     1.20335469e+02   
    6.70000000e+04     1.67500000e+01     1.11435749e+03     2.98756904e+02     2.35299928e+02     1.22936952e+02   
    6.72000000e+04     1.68000000e+01     1.11436264e+03     3.00451194e+02     2.36463781e+02     1.25304468e+02   
    6.74000000e+04     1.68500000e+01     1.11434321e+03     3.00606336e+02     2.34778702e+02     1.22621965e+02   
    6.76000000e+04     1.69000000e+01     1.11434915e+03     2.99972281e+02     2.36015166e+02     1.24457627e+02   
    6.78000000e+04     1.69500000e+01     1.11434059e+03     3.02275400e+02     2.34719803e+02     1.22002117e+02   
    6.80000000e+04     1.70000000e+01     1.11433413e+03     3.01602369e+02     2.34982483e+02     1.22426063e+02   
    6.82000000e+04     1.70500000e+01     1.11434331e+03     2.99799167e+02     2.35606696e+02     1.24703134e+02   
    6.84000000e+04     1.71000000e+01     1.11434704e+03     3.01154418e+02     2.35730412e+02     1.25607090e+02   
    6.86000000e+04     1.71500000e+01     1.11435844e+03     3.00111149e+02     2.37379573e+02     1.25667158e+02   
    6.88000000e+04     1.72000000e+01     1.11436257e+03     3.03788784e+02     2.35840873e+02     1.24692224e+02   
    6.90000000e+04     1.72500000e+01     1.11437491e+03     3.05648395e+02     2.37728760e+02     1.25656541e+02   
    6.92000000e+04     1.73000000e+01     1.11437399e+03     3.00261336e+02     2.37413045e+02     1.25933940e+02   
    6.94000000e+04     1.73500000e+01     1.11438625e+03     2.99752716e+02     2.37026054e+02     1.24673409e+02   
    6.96000000e+04     1.74000000e+01     1.11438766e+03     3.03055863e+02     2.36180172e+02     1.23613001e+02   
    6.98000000e+04     1.74500000e+01     1.11437594e+03     3.01230189e+02     2.35200675e+02     1.21364848e+02   
    7.00000000e+04     1.75000000e+01     1.11438184e+03     3.01580584e+02     2.36755154e+02     1.23483712e+02   
    7.02000000e+04     1.75500000e+01     1.11438561e+03     3.01184386e+02     2.36546537e+02     1.22866484e+02   
    7.04000000e+04     1.76000000e+01     1.11439652e+03     3.02711161e+02     2.36661954e+02     1.22681490e+02   
    7.06000000e+04     1.76500000e+01     1.11438824e+03     3.02293873e+02     2.36789631e+02     1.22493462e+02   
    7.08000000e+04     1.77000000e+01     1.11437829e+03     3.03655526e+02     2.34266010e+02     1.21121750e+02   
    7.10000000e+04     1.77500000e+01     1.11437388e+03     3.00024206e+02     2.32873354e+02     1.18007536e+02   
    7.12000000e+04     1.78000000e+01     1.11440074e+03     3.04025492e+02     2.39005239e+02     1.24232350e+02   
    7.14000000e+04     1.78500000e+01     1.11439973e+03     3.03156557e+02     2.36060377e+02     1.21861486e+02   
    7.16000000e+04     1.79000000e+01     1.11440243e+03     3.06698160e+02     2.37929558e+02     1.25670503e+02   
    7.18000000e+04     1.79500000e+01     1.11439822e+03     2.99742807e+02     2.36235343e+02     1.23730162e+02   
    7.20000000e+04     1.80000000e+01     1.11440207e+03     3.01416351e+02     2.37660429e+02     1.24351565e+02   
    7.22000000e+04     1.80500000e+01     1.11440348e+03     3.00287577e+02     2.36578583e+02     1.23145023e+02   
    7.24000000e+04     1.81000000e+01     1.11441092e+03     3.02027600e+02     2.35549105e+02     1.21700589e+02   
    7.26000000e+04     1.81500000e+01     1.11442369e+03     3.00688507e+02     2.37032364e+02     1.24106092e+02   
    7.28000000e+04     1.82000000e+01     1.11441857e+03     3.02426355e+02     2.36025732e+02     1.22790842e+02   
    7.30000000e+04     1.82500000e+01     1.11441153e+03     3.03229036e+02     2.33061697e+02     1.18147627e+02   
    7.32000000e+04     1.83000000e+01     1.11441845e+03     3.00157797e+02     2.35423386e+02     1.21866942e+02   
    7.34000000e+04     1.83500000e+01     1.11441826e+03     2.99768829e+02     2.34025336e+02     1.21429997e+02   
    7.36000000e+04     1.84000000e+01     1.11443050e+03     3.02895200e+02     2.35180272e+02     1.24745983e+02   
    7.38000000e+04     1.84500000e+01     1.11444130e+03     3.00993012e+02     2.37375562e+02     1.26285650e+02   
    7.40000000e+04     1.85000000e+01     1.11442981e+03     2.98840425e+02     2.34526137e+02     1.24128095e+02   
    7.42000000e+04     1.85500000e+01     1.11441967e+03     3.02445271e+02     2.36581810e+02     1.25038268e+02   
    7.44000000e+04     1.86000000e+01     1.11441597e+03     3.02284780e+02     2.36503684e+02     1.24973234e+02   
    7.46000000e+04     1.86500000e+01     1.11440562e+03     2.99539230e+02     2.35499483e+02     1.23883060e+02   
    7.48000000e+04     1.87000000e+01     1.11443033e+03     3.01318653e+02     2.37137413e+02     1.26156999e+02   
    7.50000000e+04     1.87500000e+01     1.11443580e+03     2.99457169e+02     2.36867230e+02     1.25912934e+02   
    7.52000000e+04     1.88000000e+01     1.11443263e+03     3.04585634e+02     2.36074512e+02     1.23162824e+02   
    7.54000000e+04     1.88500000e+01     1.11443189e+03     3.00858523e+02     2.35516297e+02     1.25774411e+02   
    7.56000000e+04     1.89000000e+01     1.11442404e+03     2.99203567e+02     2.35275166e+02     1.24646883e+02   
    7.58000000e+04     1.89500000e+01     1.11439956e+03     3.00844797e+02     2.32770237e+02     1.23225767e+02   
    7.60000000e+04     1.90000000e+01     1.11440485e+03     3.03282979e+02     2.36997782e+02     1.26249730e+02   
    7.62000000e+04     1.90500000e+01     1.11440504e+03     3.02176868e+02     2.36422163e+02     1.25617943e+02   
    7.64000000e+04     1.91000000e+01     1.11440040e+03     2.99709334e+02     2.37299647e+02     1.25530165e+02   
    7.66000000e+04     1.91500000e+01     1.11440259e+03     3.02852405e+02     2.35633559e+02     1.26404998e+02   
    7.68000000e+04     1.92000000e+01     1.11439824e+03     3.01624672e+02     2.36067421e+02     1.25386049e+02   
    7.70000000e+04     1.92500000e+01     1.11440407e+03     3.01912055e+02     2.35026297e+02     1.25741021e+02   
    7.72000000e+04     1.93000000e+01     1.11440178e+03     3.06323190e+02     2.35111918e+02     1.22189843e+02   
    7.74000000e+04     1.93500000e+01     1.11441243e+03     3.00221879e+02     2.36036165e+02     1.25229084e+02   
    7.76000000e+04     1.94000000e+01     1.11441658e+03     2.98012747e+02     2.35461533e+02     1.24133853e+02   
    7.78000000e+04     1.94500000e+01     1.11442867e+03     3.02120607e+02     2.34792314e+02     1.25745518e+02   
    7.80000000e+04     1.95000000e+01     1.11443564e+03     3.02567710e+02     2.35654741e+02     1.24576224e+02   
    7.82000000e+04     1.95500000e+01     1.11443924e+03     3.00555416e+02     2.35711746e+02     1.26035240e+02   
    7.84000000e+04     1.96000000e+01     1.11443001e+03     3.01102365e+02     2.33590195e+02     1.24293561e+02   
    7.86000000e+04     1.96500000e+01     1.11445174e+03     3.00540230e+02     2.36883591e+02     1.27971590e+02   
    7.88000000e+04     1.97000000e+01     1.11444081e+03     3.01596403e+02     2.33618831e+02     1.26188187e+02   
    7.90000000e+04     1.97500000e+01     1.11443876e+03     3.02246880e+02     2.36222894e+02     1.25613410e+02   
    7.92000000e+04     1.98000000e+01     1.11444586e+03     2.96647394e+02     2.36848037e+02     1.29419318e+02   
    7.94000000e+04     1.98500000e+01     1.11442777e+03     3.01556468e+02     2.34859857e+02     1.24866319e+02   
    7.96000000e+04     1.99000000e+01     1.11444854e+03     2.99546324e+02     2.37329706e+02     1.29749576e+02   
    7.98000000e+04     1.99500000e+01     1.11445598e+03     3.02307112e+02     2.35093607e+02     1.26644685e+02   
    8.00000000e+04     2.00000000e+01     1.11448366e+03     2.99457397e+02     2.36054574e+02     1.28784357e+02   
