# column   1     --> step : The current simulation time step.
# column   2     --> time{picosecond} : The elapsed simulation time.
# column   3     --> conserved{electronvolt} : The value of the conserved energy quantity per bead.
# column   4     --> temperature{kelvin} : The current temperature, as obtained from the MD kinetic energy.
# column   5     --> kinetic_cv{electronvolt} : The centroid-virial quantum kinetic energy of the physical system.
# column   6     --> potential{electronvolt} : The physical system potential energy.
    0.00000000e+00     0.00000000e+00     1.11384787e+03     3.04273373e+02     2.35445219e+02     1.24479388e+02   
    2.00000000e+02     5.00000000e-02     1.11386715e+03     2.97831529e+02     2.37931655e+02     1.27342161e+02   
    4.00000000e+02     1.00000000e-01     1.11385415e+03     3.04026632e+02     2.35874113e+02     1.24190927e+02   
    6.00000000e+02     1.50000000e-01     1.11385258e+03     3.00900735e+02     2.36754249e+02     1.23730781e+02   
    8.00000000e+02     2.00000000e-01     1.11384644e+03     3.02063632e+02     2.37366136e+02     1.25498921e+02   
    1.00000000e+03     2.50000000e-01     1.11382885e+03     3.06086099e+02     2.35814080e+02     1.21381356e+02   
    1.20000000e+03     3.00000000e-01     1.11383952e+03     2.99222663e+02     2.36359370e+02     1.25389104e+02   
    1.40000000e+03     3.50000000e-01     1.11382251e+03     3.03156961e+02     2.34990895e+02     1.21892990e+02   
    1.60000000e+03     4.00000000e-01     1.11384663e+03     3.00340278e+02     2.36383075e+02     1.25813821e+02   
    1.80000000e+03     4.50000000e-01     1.11384743e+03     3.00080421e+02     2.36189983e+02     1.25487007e+02   
    2.00000000e+03     5.00000000e-01     1.11385785e+03     3.00119107e+02     2.37334647e+02     1.26537331e+02   
    2.20000000e+03     5.50000000e-01     1.11385213e+03     2.95240835e+02     2.37564207e+02     1.26572973e+02   
    2.40000000e+03     6.00000000e-01     1.11384178e+03     3.00786142e+02     2.38145206e+02     1.25678868e+02   
    2.60000000e+03     6.50000000e-01     1.11382953e+03     2.99275194e+02     2.36346632e+02     1.23993214e+02   
    2.80000000e+03     7.00000000e-01     1.11383168e+03     3.02641158e+02     2.36457413e+02     1.23286239e+02   
    3.00000000e+03     7.50000000e-01     1.11382547e+03     2.98733651e+02     2.35971020e+02     1.22408449e+02   
    3.20000000e+03     8.00000000e-01     1.11382034e+03     2.99742489e+02     2.36130796e+02     1.22754878e+02   
    3.40000000e+03     8.50000000e-01     1.11382989e+03     3.00600496e+02     2.37039454e+02     1.24189314e+02   
    3.60000000e+03     9.00000000e-01     1.11382485e+03     2.98911387e+02     2.36305820e+02     1.23158254e+02   
    3.80000000e+03     9.50000000e-01     1.11384477e+03     3.00653299e+02     2.37675510e+02     1.25594955e+02   
    4.00000000e+03     1.00000000e+00     1.11386121e+03     2.99435732e+02     2.37445994e+02     1.26897088e+02   
    4.20000000e+03     1.05000000e+00     1.11385012e+03     3.00403824e+02     2.36515684e+02     1.24240060e+02   
    4.40000000e+03     1.10000000e+00     1.11384778e+03     2.97809739e+02     2.33717617e+02     1.22619629e+02   
    4.60000000e+03     1.15000000e+00     1.11386941e+03     2.99491499e+02     2.37479966e+02     1.26225139e+02   
    4.80000000e+03     1.20000000e+00     1.11386214e+03     3.01535938e+02     2.36608075e+02     1.24681474e+02   
    5.00000000e+03     1.25000000e+00     1.11385357e+03     3.01476587e+02     2.35137550e+02     1.22907712e+02   
    5.20000000e+03     1.30000000e+00     1.11385550e+03     3.02433204e+02     2.35500293e+02     1.23362967e+02   
    5.40000000e+03     1.35000000e+00     1.11386377e+03     3.03181246e+02     2.38016520e+02     1.24977717e+02   
    5.60000000e+03     1.40000000e+00     1.11386171e+03     3.02891529e+02     2.36368121e+02     1.22328844e+02   
    5.80000000e+03     1.45000000e+00     1.11386217e+03     3.00445003e+02     2.37367012e+02     1.21649493e+02   
    6.00000000e+03     1.50000000e+00     1.11386070e+03     3.02832794e+02     2.38936604e+02     1.24210445e+02   
    6.20000000e+03     1.55000000e+00     1.11386021e+03     2.98555719e+02     2.37060107e+02     1.22202009e+02   
    6.40000000e+03     1.60000000e+00     1.11385859e+03     3.02705327e+02     2.36016868e+02     1.20798971e+02   
    6.60000000e+03     1.65000000e+00     1.11386082e+03     3.00716870e+02     2.35695924e+02     1.19786514e+02   
    6.80000000e+03     1.70000000e+00     1.11386884e+03     3.00565446e+02     2.36970841e+02     1.22184268e+02   
    7.00000000e+03     1.75000000e+00     1.11384789e+03     3.02421608e+02     2.33966009e+02     1.18560528e+02   
    7.20000000e+03     1.80000000e+00     1.11384720e+03     3.01305483e+02     2.36233050e+02     1.22056329e+02   
    7.40000000e+03     1.85000000e+00     1.11385100e+03     2.97413321e+02     2.37609310e+02     1.21309531e+02   
    7.60000000e+03     1.90000000e+00     1.11385509e+03     3.01773070e+02     2.36979015e+02     1.22710230e+02   
    7.80000000e+03     1.95000000e+00     1.11386695e+03     3.04041647e+02     2.37085702e+02     1.20810296e+02   
    8.00000000e+03     2.00000000e+00     1.11388038e+03     3.02069962e+02     2.36350495e+02     1.21971518e+02   
    8.20000000e+03     2.05000000e+00     1.11387406e+03     2.98807028e+02     2.36142937e+02     1.20842101e+02   
    8.40000000e+03     2.10000000e+00     1.11388028e+03     3.02844904e+02     2.35978733e+02     1.21940435e+02   
    8.60000000e+03     2.15000000e+00     1.11388939e+03     2.98353119e+02     2.36083186e+02     1.22894722e+02   
    8.80000000e+03     2.20000000e+00     1.11388311e+03     2.98020942e+02     2.34905539e+02     1.20656092e+02   
    9.00000000e+03     2.25000000e+00     1.11388961e+03     2.99868460e+02     2.36003432e+02     1.22504199e+02   
    9.20000000e+03     2.30000000e+00     1.11388482e+03     3.03904868e+02     2.36018244e+02     1.20375253e+02   
    9.40000000e+03     2.35000000e+00     1.11386851e+03     3.01127215e+02     2.35666435e+02     1.20672143e+02   
    9.60000000e+03     2.40000000e+00     1.11386946e+03     3.00189895e+02     2.38012470e+02     1.22769178e+02   
    9.80000000e+03     2.45000000e+00     1.11386971e+03     3.02897080e+02     2.35163822e+02     1.21858005e+02   
    1.00000000e+04     2.50000000e+00     1.11386340e+03     3.00633019e+02     2.33729088e+02     1.20560934e+02   
    1.02000000e+04     2.55000000e+00     1.11386792e+03     2.98119241e+02     2.36749313e+02     1.24152216e+02   
    1.04000000e+04     2.60000000e+00     1.11386980e+03     2.99133739e+02     2.36797987e+02     1.22992293e+02   
    1.06000000e+04     2.65000000e+00     1.11387685e+03     3.03273150e+02     2.36879490e+02     1.22221732e+02   
    1.08000000e+04     2.70000000e+00     1.11387801e+03     2.97521599e+02     2.37463504e+02     1.23220547e+02   
    1.10000000e+04     2.75000000e+00     1.11386641e+03     3.03789596e+02     2.36189195e+02     1.21490910e+02   
    1.12000000e+04     2.80000000e+00     1.11385783e+03     3.00029396e+02     2.35479968e+02     1.21918582e+02   
    1.14000000e+04     2.85000000e+00     1.11384488e+03     3.06124973e+02     2.36034898e+02     1.22575891e+02   
    1.16000000e+04     2.90000000e+00     1.11384079e+03     3.02165445e+02     2.37097012e+02     1.23216656e+02   
    1.18000000e+04     2.95000000e+00     1.11382993e+03     2.97741356e+02     2.35685406e+02     1.22762110e+02   
    1.20000000e+04     3.00000000e+00     1.11383051e+03     3.00154560e+02     2.35313924e+02     1.21570003e+02   
    1.22000000e+04     3.05000000e+00     1.11385345e+03     2.98644352e+02     2.38174965e+02     1.24619846e+02   
    1.24000000e+04     3.10000000e+00     1.11384472e+03     3.00516004e+02     2.35194127e+02     1.22160335e+02   
    1.26000000e+04     3.15000000e+00     1.11385087e+03     2.99672248e+02     2.36013661e+02     1.22865221e+02   
    1.28000000e+04     3.20000000e+00     1.11384685e+03     2.96288912e+02     2.36479773e+02     1.22732373e+02   
    1.30000000e+04     3.25000000e+00     1.11384220e+03     3.02191043e+02     2.35447395e+02     1.22364199e+02   
    1.32000000e+04     3.30000000e+00     1.11383052e+03     2.98454917e+02     2.34899297e+02     1.20583639e+02   
    1.34000000e+04     3.35000000e+00     1.11384339e+03     2.97194049e+02     2.37123150e+02     1.24489207e+02   
    1.36000000e+04     3.40000000e+00     1.11383936e+03     3.01046853e+02     2.36624068e+02     1.22494152e+02   
    1.38000000e+04     3.45000000e+00     1.11384020e+03     3.02336264e+02     2.35422252e+02     1.22868964e+02   
    1.40000000e+04     3.50000000e+00     1.11384569e+03     3.01073425e+02     2.35942299e+02     1.22870247e+02   
    1.42000000e+04     3.55000000e+00     1.11386682e+03     3.01790920e+02     2.35674630e+02     1.22980457e+02   
    1.44000000e+04     3.60000000e+00     1.11387372e+03     2.99768413e+02     2.34804553e+02     1.20795805e+02   
    1.46000000e+04     3.65000000e+00     1.11389778e+03     2.98669169e+02     2.36984366e+02     1.24329202e+02   
    1.48000000e+04     3.70000000e+00     1.11389421e+03     2.99632943e+02     2.36680751e+02     1.23161935e+02   
    1.50000000e+04     3.75000000e+00     1.11388607e+03     3.01173289e+02     2.35227007e+02     1.20614204e+02   
    1.52000000e+04     3.80000000e+00     1.11389728e+03     2.98986167e+02     2.37761574e+02     1.23427653e+02   
    1.54000000e+04     3.85000000e+00     1.11389350e+03     2.98712052e+02     2.37041048e+02     1.23364660e+02   
    1.56000000e+04     3.90000000e+00     1.11389831e+03     3.00096274e+02     2.35372966e+02     1.23370796e+02   
    1.58000000e+04     3.95000000e+00     1.11390446e+03     2.99525189e+02     2.36682642e+02     1.24135713e+02   
    1.60000000e+04     4.00000000e+00     1.11389827e+03     2.99938036e+02     2.35921052e+02     1.21678996e+02   
    1.62000000e+04     4.05000000e+00     1.11390126e+03     2.97512624e+02     2.36401836e+02     1.23551027e+02   
    1.64000000e+04     4.10000000e+00     1.11390051e+03     3.00424771e+02     2.36742606e+02     1.24816786e+02   
    1.66000000e+04     4.15000000e+00     1.11389790e+03     2.97997502e+02     2.35630622e+02     1.22674961e+02   
    1.68000000e+04     4.20000000e+00     1.11390037e+03     2.98407454e+02     2.34519382e+02     1.22857481e+02   
    1.70000000e+04     4.25000000e+00     1.11390143e+03     2.95466962e+02     2.35809374e+02     1.22875363e+02   
    1.72000000e+04     4.30000000e+00     1.11391410e+03     2.96234554e+02     2.36678800e+02     1.23811556e+02   
    1.74000000e+04     4.35000000e+00     1.11391514e+03     2.97513298e+02     2.34794892e+02     1.20881340e+02   
    1.76000000e+04     4.40000000e+00     1.11392844e+03     2.98627129e+02     2.36231929e+02     1.21414222e+02   
    1.78000000e+04     4.45000000e+00     1.11393400e+03     2.99732584e+02     2.35025168e+02     1.21351454e+02   
    1.80000000e+04     4.50000000e+00     1.11392835e+03     2.99133444e+02     2.35190459e+02     1.19125757e+02   
    1.82000000e+04     4.55000000e+00     1.11393635e+03     2.98938592e+02     2.36278636e+02     1.20880771e+02   
    1.84000000e+04     4.60000000e+00     1.11393436e+03     3.01195819e+02     2.35476435e+02     1.18967630e+02   
    1.86000000e+04     4.65000000e+00     1.11394001e+03     3.01562129e+02     2.36589317e+02     1.21517938e+02   
    1.88000000e+04     4.70000000e+00     1.11395181e+03     3.03271337e+02     2.35115362e+02     1.20062349e+02   
    1.90000000e+04     4.75000000e+00     1.11396390e+03     3.00675361e+02     2.37018791e+02     1.22241692e+02   
    1.92000000e+04     4.80000000e+00     1.11397504e+03     3.01584543e+02     2.36177424e+02     1.21590358e+02   
    1.94000000e+04     4.85000000e+00     1.11399924e+03     3.00994362e+02     2.38664989e+02     1.24206404e+02   
    1.96000000e+04     4.90000000e+00     1.11399562e+03     3.02353537e+02     2.34779408e+02     1.20290473e+02   
    1.98000000e+04     4.95000000e+00     1.11399203e+03     3.05401076e+02     2.35221089e+02     1.18854511e+02   
    2.00000000e+04     5.00000000e+00     1.11397927e+03     2.99511239e+02     2.35355217e+02     1.20842046e+02   
    2.02000000e+04     5.05000000e+00     1.11396394e+03     3.01172202e+02     2.35615071e+02     1.19269228e+02   
    2.04000000e+04     5.10000000e+00     1.11398313e+03     3.02524326e+02     2.38929214e+02     1.23024429e+02   
    2.06000000e+04     5.15000000e+00     1.11398925e+03     3.00589250e+02     2.35600815e+02     1.20873677e+02   
    2.08000000e+04     5.20000000e+00     1.11400304e+03     3.02687915e+02     2.37002560e+02     1.22050880e+02   
    2.10000000e+04     5.25000000e+00     1.11401306e+03     2.98161548e+02     2.35838464e+02     1.23273272e+02   
    2.12000000e+04     5.30000000e+00     1.11402052e+03     3.00274480e+02     2.35846700e+02     1.21199258e+02   
    2.14000000e+04     5.35000000e+00     1.11403315e+03     3.01051924e+02     2.36683764e+02     1.23128066e+02   
    2.16000000e+04     5.40000000e+00     1.11404894e+03     2.99450830e+02     2.37005144e+02     1.23439335e+02   
    2.18000000e+04     5.45000000e+00     1.11404375e+03     2.98428989e+02     2.37188984e+02     1.25137487e+02   
    2.20000000e+04     5.50000000e+00     1.11404142e+03     2.98568890e+02     2.36302634e+02     1.23857535e+02   
    2.22000000e+04     5.55000000e+00     1.11403076e+03     2.99578120e+02     2.37869639e+02     1.24294733e+02   
    2.24000000e+04     5.60000000e+00     1.11401675e+03     2.97051892e+02     2.35157820e+02     1.22207882e+02   
    2.26000000e+04     5.65000000e+00     1.11401545e+03     2.96036620e+02     2.36838144e+02     1.23789825e+02   
    2.28000000e+04     5.70000000e+00     1.11402657e+03     3.00154841e+02     2.36815685e+02     1.23759850e+02   
    2.30000000e+04     5.75000000e+00     1.11403962e+03     3.02069447e+02     2.38347506e+02     1.26292056e+02   
    2.32000000e+04     5.80000000e+00     1.11404128e+03     3.00286782e+02     2.36994944e+02     1.23694831e+02   
    2.34000000e+04     5.85000000e+00     1.11405547e+03     3.00328808e+02     2.36471631e+02     1.23417040e+02   
    2.36000000e+04     5.90000000e+00     1.11405323e+03     3.03726532e+02     2.35486355e+02     1.22054151e+02   
    2.38000000e+04     5.95000000e+00     1.11406285e+03     2.98769198e+02     2.35327142e+02     1.21527631e+02   
    2.40000000e+04     6.00000000e+00     1.11407677e+03     3.02408318e+02     2.37411346e+02     1.25069273e+02   
    2.42000000e+04     6.05000000e+00     1.11407025e+03     3.00520686e+02     2.36457257e+02     1.23450712e+02   
    2.44000000e+04     6.10000000e+00     1.11406862e+03     3.02900009e+02     2.36169767e+02     1.23123540e+02   
    2.46000000e+04     6.15000000e+00     1.11406310e+03     3.00206710e+02     2.37475677e+02     1.24644037e+02   
    2.48000000e+04     6.20000000e+00     1.11406318e+03     2.99930498e+02     2.36130668e+02     1.23141213e+02   
    2.50000000e+04     6.25000000e+00     1.11407394e+03     2.99847290e+02     2.35174304e+02     1.25185246e+02   
    2.52000000e+04     6.30000000e+00     1.11407933e+03     3.00238141e+02     2.34845998e+02     1.23947124e+02   
    2.54000000e+04     6.35000000e+00     1.11408878e+03     2.95221440e+02     2.36651017e+02     1.26047215e+02   
    2.56000000e+04     6.40000000e+00     1.11408024e+03     3.01797275e+02     2.35147853e+02     1.23071348e+02   
    2.58000000e+04     6.45000000e+00     1.11409361e+03     2.98607391e+02     2.37249808e+02     1.25426940e+02   
    2.60000000e+04     6.50000000e+00     1.11410506e+03     3.01163270e+02     2.39053654e+02     1.26954879e+02   
    2.62000000e+04     6.55000000e+00     1.11410335e+03     2.99906611e+02     2.37511003e+02     1.25939060e+02   
    2.64000000e+04     6.60000000e+00     1.11409675e+03     2.98271987e+02     2.36115256e+02     1.25221132e+02   
    2.66000000e+04     6.65000000e+00     1.11410798e+03     3.00337584e+02     2.35661886e+02     1.23767234e+02   
    2.68000000e+04     6.70000000e+00     1.11412544e+03     3.02927369e+02     2.36575481e+02     1.25290022e+02   
    2.70000000e+04     6.75000000e+00     1.11412283e+03     2.99372550e+02     2.36504991e+02     1.24135119e+02   
    2.72000000e+04     6.80000000e+00     1.11411415e+03     3.00417289e+02     2.35398346e+02     1.24976783e+02   
    2.74000000e+04     6.85000000e+00     1.11413239e+03     2.97834661e+02     2.37288810e+02     1.26935789e+02   
    2.76000000e+04     6.90000000e+00     1.11411439e+03     2.98343316e+02     2.35183735e+02     1.23297676e+02   
    2.78000000e+04     6.95000000e+00     1.11412652e+03     2.98395328e+02     2.38371654e+02     1.26682378e+02   
    2.80000000e+04     7.00000000e+00     1.11412370e+03     3.00270979e+02     2.38851324e+02     1.26280496e+02   
    2.82000000e+04     7.05000000e+00     1.11411689e+03     2.96142703e+02     2.36953566e+02     1.23885065e+02   
    2.84000000e+04     7.10000000e+00     1.11410331e+03     2.99558309e+02     2.34780540e+02     1.20377027e+02   
    2.86000000e+04     7.15000000e+00     1.11411269e+03     3.01534842e+02     2.38774070e+02     1.24579403e+02   
    2.88000000e+04     7.20000000e+00     1.11410290e+03     3.01170664e+02     2.37484410e+02     1.23423545e+02   
    2.90000000e+04     7.25000000e+00     1.11410624e+03     2.98259066e+02     2.36254300e+02     1.22655250e+02   
    2.92000000e+04     7.30000000e+00     1.11411973e+03     2.99076292e+02     2.35834339e+02     1.22183767e+02   
    2.94000000e+04     7.35000000e+00     1.11411927e+03     3.00339250e+02     2.33625140e+02     1.20060416e+02   
    2.96000000e+04     7.40000000e+00     1.11414399e+03     3.01147258e+02     2.37733188e+02     1.23707690e+02   
    2.98000000e+04     7.45000000e+00     1.11413683e+03     3.00678264e+02     2.36704520e+02     1.21835109e+02   
    3.00000000e+04     7.50000000e+00     1.11412996e+03     3.01805665e+02     2.35102178e+02     1.20243383e+02   
    3.02000000e+04     7.55000000e+00     1.11413739e+03     3.01139076e+02     2.36302470e+02     1.22167385e+02   
    3.04000000e+04     7.60000000e+00     1.11414958e+03     2.99614832e+02     2.34997477e+02     1.21324923e+02   
    3.06000000e+04     7.65000000e+00     1.11415753e+03     2.97906398e+02     2.37680611e+02     1.25055822e+02   
    3.08000000e+04     7.70000000e+00     1.11414239e+03     3.02762277e+02     2.35209875e+02     1.23016609e+02   
    3.10000000e+04     7.75000000e+00     1.11414769e+03     2.99502738e+02     2.36179275e+02     1.24516619e+02   
    3.12000000e+04     7.80000000e+00     1.11415118e+03     2.99964334e+02     2.37076548e+02     1.24649637e+02   
    3.14000000e+04     7.85000000e+00     1.11416026e+03     2.97104642e+02     2.37387434e+02     1.25393706e+02   
    3.16000000e+04     7.90000000e+00     1.11414866e+03     3.00582750e+02     2.34985955e+02     1.23342175e+02   
    3.18000000e+04     7.95000000e+00     1.11416499e+03     2.99573339e+02     2.39031286e+02     1.26981041e+02   
    3.20000000e+04     8.00000000e+00     1.11415485e+03     3.02040101e+02     2.37251575e+02     1.24456824e+02   
    3.22000000e+04     8.05000000e+00     1.11414274e+03     2.99218358e+02     2.37692134e+02     1.24018671e+02   
    3.24000000e+04     8.10000000e+00     1.11412571e+03     3.00213218e+02     2.35268491e+02     1.22187677e+02   
    3.26000000e+04     8.15000000e+00     1.11412773e+03     2.99002572e+02     2.36618792e+02     1.21384396e+02   
    3.28000000e+04     8.20000000e+00     1.11413935e+03     3.02134452e+02     2.36520340e+02     1.21838044e+02   
    3.30000000e+04     8.25000000e+00     1.11415328e+03     2.99995830e+02     2.34974053e+02     1.20486082e+02   
    3.32000000e+04     8.30000000e+00     1.11416276e+03     2.99733660e+02     2.35499656e+02     1.21168419e+02   
    3.34000000e+04     8.35000000e+00     1.11417838e+03     2.99423885e+02     2.36911228e+02     1.23564973e+02   
    3.36000000e+04     8.40000000e+00     1.11417867e+03     2.95561504e+02     2.36828677e+02     1.24156734e+02   
    3.38000000e+04     8.45000000e+00     1.11418419e+03     2.96314252e+02     2.37414358e+02     1.24740110e+02   
    3.40000000e+04     8.50000000e+00     1.11418432e+03     2.99079716e+02     2.35048601e+02     1.22426500e+02   
    3.42000000e+04     8.55000000e+00     1.11418370e+03     2.98792704e+02     2.35573221e+02     1.22070052e+02   
    3.44000000e+04     8.60000000e+00     1.11420304e+03     2.97937539e+02     2.36281075e+02     1.22482148e+02   
    3.46000000e+04     8.65000000e+00     1.11419783e+03     2.98603292e+02     2.35698676e+02     1.21688075e+02   
    3.48000000e+04     8.70000000e+00     1.11419825e+03     2.96436786e+02     2.36165472e+02     1.22978362e+02   
    3.50000000e+04     8.75000000e+00     1.11420316e+03     2.99094416e+02     2.36960832e+02     1.23044263e+02   
    3.52000000e+04     8.80000000e+00     1.11419223e+03     2.99946551e+02     2.35675918e+02     1.21642899e+02   
    3.54000000e+04     8.85000000e+00     1.11418670e+03     2.97442933e+02     2.35649583e+02     1.22269866e+02   
    3.56000000e+04     8.90000000e+00     1.11417628e+03     2.96541528e+02     2.36923516e+02     1.24784095e+02   
    3.58000000e+04     8.95000000e+00     1.11416649e+03     2.99543224e+02     2.35413612e+02     1.21871943e+02   
    3.60000000e+04     9.00000000e+00     1.11415945e+03     2.99953494e+02     2.36584827e+02     1.22470903e+02   
    3.62000000e+04     9.05000000e+00     1.11416359e+03     3.00410669e+02     2.37159852e+02     1.25079630e+02   
    3.64000000e+04     9.10000000e+00     1.11414763e+03     3.00370332e+02     2.36297831e+02     1.21578421e+02   
    3.66000000e+04     9.15000000e+00     1.11415763e+03     3.00028213e+02     2.36900613e+02     1.23722318e+02   
    3.68000000e+04     9.20000000e+00     1.11415803e+03     2.99544534e+02     2.36324500e+02     1.22988433e+02   
    3.70000000e+04     9.25000000e+00     1.11416512e+03     2.98307435e+02     2.36167656e+02     1.23998886e+02   
    3.72000000e+04     9.30000000e+00     1.11415263e+03     2.99870036e+02     2.33534707e+02     1.20161141e+02   
    3.74000000e+04     9.35000000e+00     1.11415130e+03     3.02747179e+02     2.34723930e+02     1.22388518e+02   
    3.76000000e+04     9.40000000e+00     1.11414994e+03     2.99356321e+02     2.35548428e+02     1.23110428e+02   
    3.78000000e+04     9.45000000e+00     1.11415625e+03     2.96543445e+02     2.34965252e+02     1.23871177e+02   
    3.80000000e+04     9.50000000e+00     1.11416392e+03     2.99280150e+02     2.36443741e+02     1.25083575e+02   
    3.82000000e+04     9.55000000e+00     1.11416590e+03     2.98061670e+02     2.36497648e+02     1.24292619e+02   
    3.84000000e+04     9.60000000e+00     1.11416603e+03     2.98161027e+02     2.35901484e+02     1.23696050e+02   
    3.86000000e+04     9.65000000e+00     1.11417864e+03     2.99605445e+02     2.35737819e+02     1.22862844e+02   
    3.88000000e+04     9.70000000e+00     1.11417648e+03     3.00311486e+02     2.33335014e+02     1.22353569e+02   
    3.90000000e+04     9.75000000e+00     1.11419166e+03     3.02745993e+02     2.35587033e+02     1.23684401e+02   
    3.92000000e+04     9.80000000e+00     1.11420172e+03     2.97607648e+02     2.36556034e+02     1.25287264e+02   
    3.94000000e+04     9.85000000e+00     1.11419357e+03     2.98766264e+02     2.34173780e+02     1.23380407e+02   
    3.96000000e+04     9.90000000e+00     1.11420574e+03     3.04110641e+02     2.36871817e+02     1.25532828e+02   
    3.98000000e+04     9.95000000e+00     1.11420303e+03     3.00053632e+02     2.36115051e+02     1.25667312e+02   
    4.00000000e+04     1.00000000e+01     1.11421347e+03     2.99743287e+02     2.37034494e+02     1.26187114e+02   
    4.02000000e+04     1.00500000e+01     1.11421619e+03     3.01762289e+02     2.36111579e+02     1.24155498e+02   
    4.04000000e+04     1.01000000e+01     1.11422992e+03     3.00638563e+02     2.38044002e+02     1.26395698e+02   
    4.06000000e+04     1.01500000e+01     1.11423393e+03     2.99501601e+02     2.35642934e+02     1.24418544e+02   
    4.08000000e+04     1.02000000e+01     1.11425240e+03     2.98618065e+02     2.35078164e+02     1.24731933e+02   
    4.10000000e+04     1.02500000e+01     1.11425649e+03     3.02418551e+02     2.34586760e+02     1.22413072e+02   
    4.12000000e+04     1.03000000e+01     1.11425603e+03     3.02708947e+02     2.35717391e+02     1.24279808e+02   
    4.14000000e+04     1.03500000e+01     1.11423927e+03     3.00008226e+02     2.34169425e+02     1.21731065e+02   
    4.16000000e+04     1.04000000e+01     1.11424151e+03     2.98739742e+02     2.37209524e+02     1.26803329e+02   
    4.18000000e+04     1.04500000e+01     1.11421421e+03     3.00960615e+02     2.36019223e+02     1.23477019e+02   
    4.20000000e+04     1.05000000e+01     1.11420427e+03     2.99248594e+02     2.36323209e+02     1.23689010e+02   
    4.22000000e+04     1.05500000e+01     1.11421198e+03     3.00852721e+02     2.37266214e+02     1.27140432e+02   
    4.24000000e+04     1.06000000e+01     1.11419423e+03     3.02721944e+02     2.35459767e+02     1.21731674e+02   
    4.26000000e+04     1.06500000e+01     1.11419351e+03     3.01933698e+02     2.34908752e+02     1.22678123e+02   
    4.28000000e+04     1.07000000e+01     1.11421223e+03     2.98999256e+02     2.39816514e+02     1.26539472e+02   
    4.30000000e+04     1.07500000e+01     1.11419951e+03     2.96383257e+02     2.35446250e+02     1.22432929e+02   
    4.32000000e+04     1.08000000e+01     1.11421118e+03     3.02407822e+02     2.37010930e+02     1.23220536e+02   
    4.34000000e+04     1.08500000e+01     1.11421227e+03     3.02576723e+02     2.35732463e+02     1.22464760e+02   
    4.36000000e+04     1.09000000e+01     1.11420661e+03     3.02688128e+02     2.34599099e+02     1.22113000e+02   
    4.38000000e+04     1.09500000e+01     1.11420330e+03     2.99710952e+02     2.35762723e+02     1.23038429e+02   
    4.40000000e+04     1.10000000e+01     1.11420901e+03     3.00729660e+02     2.36185100e+02     1.25412114e+02   
    4.42000000e+04     1.10500000e+01     1.11421995e+03     3.00731598e+02     2.36507629e+02     1.24680522e+02   
    4.44000000e+04     1.11000000e+01     1.11422709e+03     3.01678590e+02     2.36748865e+02     1.26153363e+02   
    4.46000000e+04     1.11500000e+01     1.11423242e+03     3.00415764e+02     2.37031305e+02     1.25508466e+02   
    4.48000000e+04     1.12000000e+01     1.11423381e+03     2.97731834e+02     2.36143875e+02     1.25645436e+02   
    4.50000000e+04     1.12500000e+01     1.11420882e+03     2.98333275e+02     2.33110481e+02     1.21428468e+02   
    4.52000000e+04     1.13000000e+01     1.11421624e+03     3.01119529e+02     2.38011970e+02     1.26562069e+02   
    4.54000000e+04     1.13500000e+01     1.11419710e+03     2.99581785e+02     2.37696996e+02     1.25593566e+02   
    4.56000000e+04     1.14000000e+01     1.11417949e+03     3.00194505e+02     2.34858654e+02     1.22757293e+02   
    4.58000000e+04     1.14500000e+01     1.11419067e+03     3.01988278e+02     2.37405408e+02     1.24357361e+02   
    4.60000000e+04     1.15000000e+01     1.11418319e+03     3.00016966e+02     2.38026062e+02     1.25047678e+02   
    4.62000000e+04     1.15500000e+01     1.11417071e+03     2.98407777e+02     2.34197439e+02     1.22148409e+02   
    4.64000000e+04     1.16000000e+01     1.11417647e+03     3.01864558e+02     2.36552559e+02     1.24615799e+02   
    4.66000000e+04     1.16500000e+01     1.11418056e+03     3.03387572e+02     2.36735026e+02     1.25806841e+02   
    4.68000000e+04     1.17000000e+01     1.11419603e+03     3.01103551e+02     2.36715180e+02     1.25109029e+02   
    4.70000000e+04     1.17500000e+01     1.11419404e+03     3.00912950e+02     2.34954909e+02     1.23495031e+02   
    4.72000000e+04     1.18000000e+01     1.11420783e+03     3.02371456e+02     2.36402847e+02     1.24101978e+02   
    4.74000000e+04     1.18500000e+01     1.11420419e+03     3.03519830e+02     2.35957521e+02     1.22642495e+02   
    4.76000000e+04     1.19000000e+01     1.11421121e+03     3.02730793e+02     2.36674130e+02     1.24351687e+02   
    4.78000000e+04     1.19500000e+01     1.11422603e+03     3.03500021e+02     2.36636156e+02     1.24309635e+02   
    4.80000000e+04     1.20000000e+01     1.11423368e+03     3.02806661e+02     2.36178197e+02     1.24567345e+02   
    4.82000000e+04     1.20500000e+01     1.11423119e+03     3.04235777e+02     2.35400345e+02     1.22779116e+02   
    4.84000000e+04     1.21000000e+01     1.11423967e+03     2.99255772e+02     2.35924742e+02     1.24140874e+02   
    4.86000000e+04     1.21500000e+01     1.11423964e+03     3.02825586e+02     2.36424190e+02     1.24207322e+02   
    4.88000000e+04     1.22000000e+01     1.11423130e+03     3.05602336e+02     2.35513535e+02     1.22531317e+02   
    4.90000000e+04     1.22500000e+01     1.11423043e+03     3.03407008e+02     2.36461693e+02     1.25372179e+02   
    4.92000000e+04     1.23000000e+01     1.11422965e+03     2.98808137e+02     2.37653180e+02     1.25545856e+02   
    4.94000000e+04     1.23500000e+01     1.11422550e+03     3.01070240e+02     2.36664413e+02     1.25429678e+02   
    4.96000000e+04     1.24000000e+01     1.11423327e+03     3.01349684e+02     2.36103428e+02     1.25017547e+02   
    4.98000000e+04     1.24500000e+01     1.11424076e+03     3.00192585e+02     2.36210557e+02     1.25512151e+02   
    5.00000000e+04     1.25000000e+01     1.11423579e+03     3.01015469e+02     2.35076110e+02     1.22707990e+02   
    5.02000000e+04     1.25500000e+01     1.11424423e+03     2.99438348e+02     2.35486960e+02     1.24901622e+02   
    5.04000000e+04     1.26000000e+01     1.11424828e+03     3.03539078e+02     2.37653233e+02     1.26513666e+02   
    5.06000000e+04     1.26500000e+01     1.11422846e+03     2.98328822e+02     2.34454185e+02     1.23811138e+02   
    5.08000000e+04     1.27000000e+01     1.11422643e+03     3.03852717e+02     2.35863388e+02     1.22879889e+02   
    5.10000000e+04     1.27500000e+01     1.11422894e+03     3.00644620e+02     2.37821105e+02     1.25146456e+02   
    5.12000000e+04     1.28000000e+01     1.11423415e+03     2.99228330e+02     2.36169877e+02     1.24577680e+02   
    5.14000000e+04     1.28500000e+01     1.11422492e+03     3.00174905e+02     2.36261552e+02     1.24407774e+02   
    5.16000000e+04     1.29000000e+01     1.11422975e+03     3.03042966e+02     2.38436586e+02     1.26182907e+02   
    5.18000000e+04     1.29500000e+01     1.11422162e+03     3.00363750e+02     2.36051274e+02     1.23632016e+02   
    5.20000000e+04     1.30000000e+01     1.11423279e+03     2.99536268e+02     2.38037720e+02     1.26463015e+02   
    5.22000000e+04     1.30500000e+01     1.11422359e+03     2.99617554e+02     2.37739993e+02     1.26773757e+02   
    5.24000000e+04     1.31000000e+01     1.11421939e+03     2.99557073e+02     2.34671568e+02     1.23389512e+02   
    5.26000000e+04     1.31500000e+01     1.11422539e+03     2.97025702e+02     2.36723760e+02     1.26384427e+02   
    5.28000000e+04     1.32000000e+01     1.11423274e+03     3.00044612e+02     2.38246862e+02     1.28620570e+02   
    5.30000000e+04     1.32500000e+01     1.11422616e+03     3.00168463e+02     2.35907429e+02     1.25711212e+02   
    5.32000000e+04     1.33000000e+01     1.11422430e+03     3.01712024e+02     2.36657705e+02     1.25326050e+02   
    5.34000000e+04     1.33500000e+01     1.11423305e+03     2.99663178e+02     2.36525375e+02     1.27209070e+02   
    5.36000000e+04     1.34000000e+01     1.11422936e+03     2.99644306e+02     2.38135475e+02     1.29213001e+02   
    5.38000000e+04     1.34500000e+01     1.11421820e+03     3.00624603e+02     2.37020756e+02     1.25766558e+02   
    5.40000000e+04     1.35000000e+01     1.11421241e+03     3.00918177e+02     2.37908702e+02     1.25504708e+02   
    5.42000000e+04     1.35500000e+01     1.11419695e+03     3.03544254e+02     2.34376793e+02     1.22865993e+02   
    5.44000000e+04     1.36000000e+01     1.11420705e+03     2.99613311e+02     2.36845486e+02     1.27053417e+02   
    5.46000000e+04     1.36500000e+01     1.11419536e+03     3.00146089e+02     2.36874114e+02     1.26186980e+02   
    5.48000000e+04     1.37000000e+01     1.11418114e+03     3.00973041e+02     2.35172822e+02     1.24509431e+02   
    5.50000000e+04     1.37500000e+01     1.11417758e+03     2.99598129e+02     2.35071351e+02     1.24112794e+02   
    5.52000000e+04     1.38000000e+01     1.11419755e+03     2.96947751e+02     2.36970375e+02     1.24701638e+02   
    5.54000000e+04     1.38500000e+01     1.11421334e+03     3.01286594e+02     2.36361066e+02     1.24196553e+02   
    5.56000000e+04     1.39000000e+01     1.11421627e+03     3.02707576e+02     2.34021887e+02     1.23132703e+02   
    5.58000000e+04     1.39500000e+01     1.11422433e+03     3.02005967e+02     2.35518671e+02     1.22616875e+02   
    5.60000000e+04     1.40000000e+01     1.11422463e+03     2.97942880e+02     2.35300207e+02     1.24192012e+02   
    5.62000000e+04     1.40500000e+01     1.11421792e+03     3.01053580e+02     2.35726418e+02     1.23614664e+02   
    5.64000000e+04     1.41000000e+01     1.11421531e+03     3.01000989e+02     2.37382678e+02     1.25301157e+02   
    5.66000000e+04     1.41500000e+01     1.11421420e+03     3.02116641e+02     2.36708929e+02     1.25129984e+02   
    5.68000000e+04     1.42000000e+01     1.11422011e+03     3.02272643e+02     2.36509800e+02     1.24094292e+02   
    5.70000000e+04     1.42500000e+01     1.11421909e+03     3.05070946e+02     2.35915154e+02     1.23067643e+02   
    5.72000000e+04     1.43000000e+01     1.11422018e+03     3.01264682e+02     2.36315711e+02     1.24872425e+02   
    5.74000000e+04     1.43500000e+01     1.11422729e+03     2.98888693e+02     2.38725318e+02     1.26680348e+02   
    5.76000000e+04     1.44000000e+01     1.11423069e+03     2.97315704e+02     2.36806521e+02     1.26222352e+02   
    5.78000000e+04     1.44500000e+01     1.11422969e+03     3.01213123e+02     2.38688651e+02     1.27155183e+02   
    5.80000000e+04     1.45000000e+01     1.11422425e+03     3.01093779e+02     2.36193991e+02     1.25738091e+02   
    5.82000000e+04     1.45500000e+01     1.11422603e+03     3.02937320e+02     2.36908912e+02     1.25076016e+02   
    5.84000000e+04     1.46000000e+01     1.11423193e+03     2.99606845e+02     2.37022711e+02     1.24894301e+02   
    5.86000000e+04     1.46500000e+01     1.11423835e+03     2.99181370e+02     2.36181843e+02     1.24451944e+02   
    5.88000000e+04     1.47000000e+01     1.11424443e+03     3.01014501e+02     2.37121986e+02     1.25503620e+02   
    5.90000000e+04     1.47500000e+01     1.11424833e+03     2.99682222e+02     2.37768915e+02     1.26815631e+02   
    5.92000000e+04     1.48000000e+01     1.11423263e+03     3.00683995e+02     2.36841878e+02     1.22797840e+02   
    5.94000000e+04     1.48500000e+01     1.11423531e+03     3.02500774e+02     2.35306100e+02     1.22898183e+02   
    5.96000000e+04     1.49000000e+01     1.11422520e+03     3.00603622e+02     2.35412336e+02     1.21014245e+02   
    5.98000000e+04     1.49500000e+01     1.11422864e+03     3.00666877e+02     2.36650590e+02     1.23006978e+02   
    6.00000000e+04     1.50000000e+01     1.11422778e+03     3.00969895e+02     2.37395289e+02     1.23937290e+02   
    6.02000000e+04     1.50500000e+01     1.11422295e+03     3.00559954e+02     2.34632124e+02     1.19884585e+02   
    6.04000000e+04     1.51000000e+01     1.11423538e+03     3.01101353e+02     2.36152343e+02     1.22245668e+02   
    6.06000000e+04     1.51500000e+01     1.11424165e+03     2.98501805e+02     2.36491527e+02     1.22526256e+02   
    6.08000000e+04     1.52000000e+01     1.11424516e+03     2.98979552e+02     2.36109772e+02     1.22497246e+02   
    6.10000000e+04     1.52500000e+01     1.11425723e+03     2.99320456e+02     2.36676564e+02     1.23527412e+02   
    6.12000000e+04     1.53000000e+01     1.11424808e+03     3.02768613e+02     2.34200632e+02     1.20414798e+02   
    6.14000000e+04     1.53500000e+01     1.11425966e+03     2.98796180e+02     2.35527463e+02     1.20733816e+02   
    6.16000000e+04     1.54000000e+01     1.11426203e+03     2.99684466e+02     2.35988415e+02     1.21821477e+02   
    6.18000000e+04     1.54500000e+01     1.11424853e+03     3.02376543e+02     2.34814982e+02     1.20039458e+02   
    6.20000000e+04     1.55000000e+01     1.11425393e+03     3.02677796e+02     2.35428740e+02     1.19740104e+02   
    6.22000000e+04     1.55500000e+01     1.11426561e+03     3.03375650e+02     2.38170888e+02     1.22273754e+02   
    6.24000000e+04     1.56000000e+01     1.11425165e+03     2.99995667e+02     2.35743722e+02     1.20599254e+02   
    6.26000000e+04     1.56500000e+01     1.11424892e+03     2.98332075e+02     2.34956994e+02     1.20753266e+02   
    6.28000000e+04     1.57000000e+01     1.11425691e+03     2.99140003e+02     2.37107997e+02     1.24855777e+02   
    6.30000000e+04     1.57500000e+01     1.11423940e+03     2.97452464e+02     2.35315517e+02     1.20888418e+02   
    6.32000000e+04     1.58000000e+01     1.11424594e+03     2.98680032e+02     2.36079290e+02     1.23564275e+02   
    6.34000000e+04     1.58500000e+01     1.11422850e+03     2.97813861e+02     2.36539327e+02     1.23365584e+02   
    6.36000000e+04     1.59000000e+01     1.11422963e+03     2.99117222e+02     2.38060353e+02     1.25622161e+02   
    6.38000000e+04     1.59500000e+01     1.11421973e+03     3.01310274e+02     2.35317171e+02     1.22168390e+02   
    6.40000000e+04     1.60000000e+01     1.11422672e+03     2.99705702e+02     2.37563308e+02     1.24332404e+02   
    6.42000000e+04     1.60500000e+01     1.11423341e+03     2.96987055e+02     2.37006818e+02     1.24926877e+02   
    6.44000000e+04     1.61000000e+01     1.11423327e+03     2.99767714e+02     2.36321363e+02     1.24503842e+02   
    6.46000000e+04     1.61500000e+01     1.11422714e+03     2.99592050e+02     2.37274190e+02     1.26377477e+02   
    6.48000000e+04     1.62000000e+01     1.11423333e+03     3.00813421e+02     2.35647102e+02     1.26221013e+02   
    6.50000000e+04     1.62500000e+01     1.11423626e+03     3.01048296e+02     2.36080083e+02     1.26633411e+02   
    6.52000000e+04     1.63000000e+01     1.11424742e+03     2.99272278e+02     2.36513691e+02     1.27291611e+02   
    6.54000000e+04     1.63500000e+01     1.11425288e+03     3.00873865e+02     2.36431250e+02     1.27666767e+02   
    6.56000000e+04     1.64000000e+01     1.11425840e+03     2.96728697e+02     2.37104457e+02     1.26436046e+02   
    6.58000000e+04     1.64500000e+01     1.11426409e+03     3.01464717e+02     2.36094485e+02     1.26453593e+02   
    6.60000000e+04     1.65000000e+01     1.11428160e+03     2.96811731e+02     2.37154024e+02     1.28613903e+02   
    6.62000000e+04     1.65500000e+01     1.11429381e+03     3.00980920e+02     2.37201692e+02     1.29969991e+02   
    6.64000000e+04     1.66000000e+01     1.11428386e+03     3.01684229e+02     2.36326341e+02     1.27509539e+02   
    6.66000000e+04     1.66500000e+01     1.11427816e+03     3.02703146e+02     2.36684638e+02     1.28053476e+02   
    6.68000000e+04     1.67000000e+01     1.11426777e+03     2.98936721e+02     2.35074245e+02     1.26164111e+02   
    6.70000000e+04     1.67500000e+01     1.11427277e+03     2.97554020e+02     2.36515174e+02     1.26690684e+02   
    6.72000000e+04     1.68000000e+01     1.11426591e+03     2.98858215e+02     2.37811403e+02     1.28495151e+02   
    6.74000000e+04     1.68500000e+01     1.11424923e+03     3.00349286e+02     2.34798887e+02     1.23643603e+02   
    6.76000000e+04     1.69000000e+01     1.11426889e+03     3.00948065e+02     2.35419806e+02     1.25399694e+02   
    6.78000000e+04     1.69500000e+01     1.11425919e+03     3.01118392e+02     2.36073541e+02     1.22835304e+02   
    6.80000000e+04     1.70000000e+01     1.11424243e+03     3.01708193e+02     2.34015548e+02     1.21391186e+02   
    6.82000000e+04     1.70500000e+01     1.11426173e+03     2.98726047e+02     2.36384374e+02     1.24763234e+02   
    6.84000000e+04     1.71000000e+01     1.11426277e+03     3.01617867e+02     2.35868401e+02     1.24565080e+02   
    6.86000000e+04     1.71500000e+01     1.11427138e+03     3.01654275e+02     2.35678240e+02     1.22273995e+02   
    6.88000000e+04     1.72000000e+01     1.11427705e+03     3.02939504e+02     2.35025716e+02     1.22111164e+02   
    6.90000000e+04     1.72500000e+01     1.11430296e+03     3.05240580e+02     2.37925120e+02     1.25701943e+02   
    6.92000000e+04     1.73000000e+01     1.11430859e+03     3.01609296e+02     2.36218084e+02     1.25641133e+02   
    6.94000000e+04     1.73500000e+01     1.11430542e+03     3.00074278e+02     2.35904128e+02     1.22175868e+02   
    6.96000000e+04     1.74000000e+01     1.11430664e+03     3.02119989e+02     2.37391996e+02     1.25117163e+02   
    6.98000000e+04     1.74500000e+01     1.11430223e+03     2.99467601e+02     2.35069126e+02     1.22312985e+02   
    7.00000000e+04     1.75000000e+01     1.11429666e+03     3.00017562e+02     2.35534641e+02     1.23458099e+02   
    7.02000000e+04     1.75500000e+01     1.11429384e+03     2.99876573e+02     2.35730020e+02     1.22924754e+02   
    7.04000000e+04     1.76000000e+01     1.11430390e+03     2.99988056e+02     2.34923990e+02     1.23456639e+02   
    7.06000000e+04     1.76500000e+01     1.11430430e+03     3.00768690e+02     2.34808780e+02     1.22462166e+02   
    7.08000000e+04     1.77000000e+01     1.11430427e+03     3.02292326e+02     2.34035339e+02     1.20489778e+02   
    7.10000000e+04     1.77500000e+01     1.11431026e+03     2.98196665e+02     2.33973177e+02     1.21197032e+02   
    7.12000000e+04     1.78000000e+01     1.11431928e+03     3.03433567e+02     2.37166071e+02     1.23097769e+02   
    7.14000000e+04     1.78500000e+01     1.11432197e+03     3.00820584e+02     2.35543864e+02     1.21002995e+02   
    7.16000000e+04     1.79000000e+01     1.11432752e+03     3.04127426e+02     2.35183007e+02     1.23476327e+02   
    7.18000000e+04     1.79500000e+01     1.11434343e+03     2.97406938e+02     2.36670822e+02     1.25212647e+02   
    7.20000000e+04     1.80000000e+01     1.11435122e+03     2.99711775e+02     2.36770083e+02     1.25462595e+02   
    7.22000000e+04     1.80500000e+01     1.11434711e+03     2.99558389e+02     2.36502804e+02     1.24849392e+02   
    7.24000000e+04     1.81000000e+01     1.11433362e+03     3.00166685e+02     2.36383155e+02     1.24314102e+02   
    7.26000000e+04     1.81500000e+01     1.11434363e+03     2.99068458e+02     2.37585219e+02     1.25731880e+02   
    7.28000000e+04     1.82000000e+01     1.11432616e+03     3.01602587e+02     2.35440875e+02     1.22693555e+02   
    7.30000000e+04     1.82500000e+01     1.11430042e+03     3.01921713e+02     2.32804283e+02     1.17690078e+02   
    7.32000000e+04     1.83000000e+01     1.11430493e+03     2.99082910e+02     2.36557020e+02     1.23570707e+02   
    7.34000000e+04     1.83500000e+01     1.11429180e+03     2.99065822e+02     2.35342822e+02     1.21292696e+02   
    7.36000000e+04     1.84000000e+01     1.11430417e+03     3.01691609e+02     2.36384381e+02     1.24850281e+02   
    7.38000000e+04     1.84500000e+01     1.11430015e+03     3.01555595e+02     2.36193966e+02     1.22987639e+02   
    7.40000000e+04     1.85000000e+01     1.11431084e+03     2.96830787e+02     2.34937319e+02     1.23930168e+02   
    7.42000000e+04     1.85500000e+01     1.11432529e+03     3.00519763e+02     2.37300439e+02     1.25551284e+02   
    7.44000000e+04     1.86000000e+01     1.11433055e+03     3.01229332e+02     2.36284166e+02     1.25041985e+02   
    7.46000000e+04     1.86500000e+01     1.11432488e+03     2.98297793e+02     2.36460080e+02     1.22862210e+02   
    7.48000000e+04     1.87000000e+01     1.11432382e+03     3.00887988e+02     2.36712531e+02     1.23325948e+02   
    7.50000000e+04     1.87500000e+01     1.11432650e+03     2.96898163e+02     2.36398176e+02     1.23477360e+02   
    7.52000000e+04     1.88000000e+01     1.11433719e+03     3.01269211e+02     2.36652309e+02     1.25091339e+02   
    7.54000000e+04     1.88500000e+01     1.11434585e+03     2.99588351e+02     2.35283099e+02     1.23961745e+02   
    7.56000000e+04     1.89000000e+01     1.11434679e+03     2.96357530e+02     2.35285069e+02     1.25599578e+02   
    7.58000000e+04     1.89500000e+01     1.11433618e+03     2.97454869e+02     2.33641202e+02     1.24423194e+02   
    7.60000000e+04     1.90000000e+01     1.11434805e+03     2.98894439e+02     2.36835864e+02     1.26120056e+02   
    7.62000000e+04     1.90500000e+01     1.11434914e+03     2.99763154e+02     2.36485750e+02     1.26342080e+02   
    7.64000000e+04     1.91000000e+01     1.11434907e+03     2.97712346e+02     2.36662631e+02     1.24261019e+02   
    7.66000000e+04     1.91500000e+01     1.11435707e+03     3.01772513e+02     2.36423656e+02     1.24870179e+02   
    7.68000000e+04     1.92000000e+01     1.11434580e+03     2.99641618e+02     2.36450376e+02     1.23415010e+02   
    7.70000000e+04     1.92500000e+01     1.11434429e+03     2.98603290e+02     2.35712280e+02     1.24521043e+02   
    7.72000000e+04     1.93000000e+01     1.11433228e+03     3.03358307e+02     2.36588512e+02     1.23601134e+02   
    7.74000000e+04     1.93500000e+01     1.11431837e+03     2.98739448e+02     2.36302403e+02     1.23353799e+02   
    7.76000000e+04     1.94000000e+01     1.11430896e+03     2.95621300e+02     2.36438160e+02     1.24090270e+02   
    7.78000000e+04     1.94500000e+01     1.11430615e+03     3.00098536e+02     2.35605909e+02     1.24545098e+02   
    7.80000000e+04     1.95000000e+01     1.11431765e+03     3.02272060e+02     2.35381919e+02     1.21812115e+02   
    7.82000000e+04     1.95500000e+01     1.11431819e+03     3.00326619e+02     2.35015915e+02     1.21748158e+02   
    7.84000000e+04     1.96000000e+01     1.11432431e+03     2.99107375e+02     2.34723749e+02     1.22169506e+02   
    7.86000000e+04     1.96500000e+01     1.11434282e+03     2.98779731e+02     2.37867863e+02     1.26076826e+02   
    7.88000000e+04     1.97000000e+01     1.11433932e+03     3.00100859e+02     2.34260640e+02     1.23436270e+02   
    7.90000000e+04     1.97500000e+01     1.11435007e+03     3.01392043e+02     2.35645221e+02     1.22822930e+02   
    7.92000000e+04     1.98000000e+01     1.11436605e+03     2.96350098e+02     2.36816016e+02     1.25176188e+02   
    7.94000000e+04     1.98500000e+01     1.11436907e+03     2.98059701e+02     2.36679747e+02     1.25720958e+02   
    7.96000000e+04     1.99000000e+01     1.11436963e+03     2.99554844e+02     2.35917782e+02     1.24530456e+02   
    7.98000000e+04     1.99500000e+01     1.11437412e+03     3.01385366e+02     2.36004320e+02     1.23170683e+02   
    8.00000000e+04     2.00000000e+01     1.11438045e+03     2.97569482e+02     2.35052639e+02     1.22393745e+02   
