# column   1     --> step : The current simulation time step.
# column   2     --> time{picosecond} : The elapsed simulation time.
# column   3     --> conserved{electronvolt} : The value of the conserved energy quantity per bead.
# column   4     --> temperature{kelvin} : The current temperature, as obtained from the MD kinetic energy.
# column   5     --> kinetic_cv{electronvolt} : The centroid-virial quantum kinetic energy of the physical system.
# column   6     --> potential{electronvolt} : The physical system potential energy.
    0.00000000e+00     0.00000000e+00     1.11502751e+03     3.04273373e+02     2.35652465e+02     1.26147357e+02   
    2.00000000e+02     5.00000000e-02     1.11503242e+03     2.98003231e+02     2.37937378e+02     1.29165914e+02   
    4.00000000e+02     1.00000000e-01     1.11503005e+03     3.03724776e+02     2.37102812e+02     1.25655728e+02   
    6.00000000e+02     1.50000000e-01     1.11502289e+03     3.00258780e+02     2.34660807e+02     1.24951782e+02   
    8.00000000e+02     2.00000000e-01     1.11501995e+03     3.01969853e+02     2.36962367e+02     1.24495496e+02   
    1.00000000e+03     2.50000000e-01     1.11501384e+03     3.04852581e+02     2.35894384e+02     1.23654986e+02   
    1.20000000e+03     3.00000000e-01     1.11501474e+03     2.99925922e+02     2.36272939e+02     1.22790223e+02   
    1.40000000e+03     3.50000000e-01     1.11501475e+03     3.03667113e+02     2.34727274e+02     1.21606313e+02   
    1.60000000e+03     4.00000000e-01     1.11503572e+03     2.99982333e+02     2.34614905e+02     1.22805799e+02   
    1.80000000e+03     4.50000000e-01     1.11504559e+03     2.99667964e+02     2.35547803e+02     1.24309971e+02   
    2.00000000e+03     5.00000000e-01     1.11503967e+03     2.99308644e+02     2.35617341e+02     1.23728654e+02   
    2.20000000e+03     5.50000000e-01     1.11504029e+03     2.96806157e+02     2.35203769e+02     1.22924068e+02   
    2.40000000e+03     6.00000000e-01     1.11503771e+03     3.02062577e+02     2.36911861e+02     1.24070005e+02   
    2.60000000e+03     6.50000000e-01     1.11504539e+03     3.01737115e+02     2.35815046e+02     1.21705277e+02   
    2.80000000e+03     7.00000000e-01     1.11505861e+03     3.02864134e+02     2.36796595e+02     1.23355821e+02   
    3.00000000e+03     7.50000000e-01     1.11507227e+03     2.98662203e+02     2.36125562e+02     1.23785341e+02   
    3.20000000e+03     8.00000000e-01     1.11507800e+03     2.99542888e+02     2.34645945e+02     1.23184857e+02   
    3.40000000e+03     8.50000000e-01     1.11508810e+03     3.00581181e+02     2.36217395e+02     1.25442873e+02   
    3.60000000e+03     9.00000000e-01     1.11507895e+03     2.98303387e+02     2.36352113e+02     1.25847631e+02   
    3.80000000e+03     9.50000000e-01     1.11506829e+03     3.01181025e+02     2.37195098e+02     1.26511408e+02   
    4.00000000e+03     1.00000000e+00     1.11506075e+03     2.99985486e+02     2.35843325e+02     1.26466593e+02   
    4.20000000e+03     1.05000000e+00     1.11504237e+03     3.00628608e+02     2.37730280e+02     1.27297657e+02   
    4.40000000e+03     1.10000000e+00     1.11503581e+03     2.98335102e+02     2.34959403e+02     1.23508957e+02   
    4.60000000e+03     1.15000000e+00     1.11504114e+03     2.98799884e+02     2.35717410e+02     1.25179464e+02   
    4.80000000e+03     1.20000000e+00     1.11504861e+03     3.00226352e+02     2.38203063e+02     1.26168745e+02   
    5.00000000e+03     1.25000000e+00     1.11503832e+03     2.99715225e+02     2.34833019e+02     1.24681947e+02   
    5.20000000e+03     1.30000000e+00     1.11504295e+03     3.03152440e+02     2.35011099e+02     1.23126413e+02   
    5.40000000e+03     1.35000000e+00     1.11505618e+03     3.03060347e+02     2.36379582e+02     1.25303751e+02   
    5.60000000e+03     1.40000000e+00     1.11506430e+03     3.00832852e+02     2.36016512e+02     1.24226056e+02   
    5.80000000e+03     1.45000000e+00     1.11504943e+03     2.98361340e+02     2.35659930e+02     1.23736857e+02   
    6.00000000e+03     1.50000000e+00     1.11506432e+03     3.01497486e+02     2.38683312e+02     1.26689741e+02   
    6.20000000e+03     1.55000000e+00     1.11507426e+03     2.97788941e+02     2.35632609e+02     1.25034198e+02   
    6.40000000e+03     1.60000000e+00     1.11508468e+03     3.01352476e+02     2.36223610e+02     1.25179573e+02   
    6.60000000e+03     1.65000000e+00     1.11509993e+03     2.99010266e+02     2.35372835e+02     1.23678646e+02   
    6.80000000e+03     1.70000000e+00     1.11510499e+03     3.00876355e+02     2.36289247e+02     1.23536225e+02   
    7.00000000e+03     1.75000000e+00     1.11509813e+03     3.01395642e+02     2.34696272e+02     1.21628146e+02   
    7.20000000e+03     1.80000000e+00     1.11510166e+03     3.02271604e+02     2.34916438e+02     1.21441570e+02   
    7.40000000e+03     1.85000000e+00     1.11510944e+03     2.98739948e+02     2.37003745e+02     1.24582322e+02   
    7.60000000e+03     1.90000000e+00     1.11510413e+03     3.02643253e+02     2.35859860e+02     1.22769577e+02   
    7.80000000e+03     1.95000000e+00     1.11510303e+03     3.04794835e+02     2.37581523e+02     1.24837792e+02   
    8.00000000e+03     2.00000000e+00     1.11510075e+03     3.02424286e+02     2.37122442e+02     1.23731244e+02   
    8.20000000e+03     2.05000000e+00     1.11509807e+03     2.99362871e+02     2.36033485e+02     1.22892944e+02   
    8.40000000e+03     2.10000000e+00     1.11511603e+03     3.02377684e+02     2.36643025e+02     1.24011558e+02   
    8.60000000e+03     2.15000000e+00     1.11511201e+03     2.98891265e+02     2.35596045e+02     1.23061724e+02   
    8.80000000e+03     2.20000000e+00     1.11511600e+03     2.98962538e+02     2.35758333e+02     1.21794533e+02   
    9.00000000e+03     2.25000000e+00     1.11510794e+03     2.99017204e+02     2.35715704e+02     1.22300009e+02   
    9.20000000e+03     2.30000000e+00     1.11511251e+03     3.04192708e+02     2.36232135e+02     1.22108274e+02   
    9.40000000e+03     2.35000000e+00     1.11511665e+03     3.00810897e+02     2.37078287e+02     1.25231434e+02   
    9.60000000e+03     2.40000000e+00     1.11512948e+03     3.01604044e+02     2.37911959e+02     1.26606904e+02   
    9.80000000e+03     2.45000000e+00     1.11512757e+03     3.02513001e+02     2.36136365e+02     1.25760129e+02   
    1.00000000e+04     2.50000000e+00     1.11512432e+03     3.01973434e+02     2.35499272e+02     1.24371534e+02   
    1.02000000e+04     2.55000000e+00     1.11512241e+03     2.98456537e+02     2.38388640e+02     1.28574228e+02   
    1.04000000e+04     2.60000000e+00     1.11511533e+03     3.00081587e+02     2.37989521e+02     1.27567592e+02   
    1.06000000e+04     2.65000000e+00     1.11511051e+03     3.03908359e+02     2.37661205e+02     1.27137208e+02   
    1.08000000e+04     2.70000000e+00     1.11509845e+03     2.98427022e+02     2.36515546e+02     1.25460084e+02   
    1.10000000e+04     2.75000000e+00     1.11510625e+03     3.03767347e+02     2.37958670e+02     1.25183606e+02   
    1.12000000e+04     2.80000000e+00     1.11510150e+03     2.99662170e+02     2.36413254e+02     1.24941433e+02   
    1.14000000e+04     2.85000000e+00     1.11510743e+03     3.05914112e+02     2.36884414e+02     1.23503600e+02   
    1.16000000e+04     2.90000000e+00     1.11511450e+03     3.01940216e+02     2.35994376e+02     1.22751491e+02   
    1.18000000e+04     2.95000000e+00     1.11511786e+03     2.99093516e+02     2.36607266e+02     1.22568710e+02   
    1.20000000e+04     3.00000000e+00     1.11510882e+03     3.01025277e+02     2.34019750e+02     1.21061202e+02   
    1.22000000e+04     3.05000000e+00     1.11510927e+03     3.00699553e+02     2.36250534e+02     1.23169292e+02   
    1.24000000e+04     3.10000000e+00     1.11510986e+03     3.02275449e+02     2.35012059e+02     1.23598767e+02   
    1.26000000e+04     3.15000000e+00     1.11511090e+03     3.00710756e+02     2.36053118e+02     1.23783979e+02   
    1.28000000e+04     3.20000000e+00     1.11512495e+03     2.96522064e+02     2.37120790e+02     1.24444213e+02   
    1.30000000e+04     3.25000000e+00     1.11512093e+03     3.03049365e+02     2.36032471e+02     1.21352965e+02   
    1.32000000e+04     3.30000000e+00     1.11511455e+03     2.98850671e+02     2.35058438e+02     1.21684634e+02   
    1.34000000e+04     3.35000000e+00     1.11511136e+03     2.99192509e+02     2.38070564e+02     1.23955071e+02   
    1.36000000e+04     3.40000000e+00     1.11509994e+03     3.02062612e+02     2.36308337e+02     1.24106476e+02   
    1.38000000e+04     3.45000000e+00     1.11510195e+03     3.03876992e+02     2.37107293e+02     1.24731527e+02   
    1.40000000e+04     3.50000000e+00     1.11508807e+03     3.02863601e+02     2.36545515e+02     1.23892700e+02   
    1.42000000e+04     3.55000000e+00     1.11508978e+03     3.02417838e+02     2.35150662e+02     1.22995617e+02   
    1.44000000e+04     3.60000000e+00     1.11508599e+03     3.01031017e+02     2.34734371e+02     1.22696429e+02   
    1.46000000e+04     3.65000000e+00     1.11509523e+03     2.99399408e+02     2.38307549e+02     1.27245341e+02   
    1.48000000e+04     3.70000000e+00     1.11509001e+03     3.02473351e+02     2.36236776e+02     1.24479250e+02   
    1.50000000e+04     3.75000000e+00     1.11510360e+03     3.01879819e+02     2.35894216e+02     1.23937394e+02   
    1.52000000e+04     3.80000000e+00     1.11510988e+03     3.00892337e+02     2.37031366e+02     1.25677164e+02   
    1.54000000e+04     3.85000000e+00     1.11510823e+03     3.00617011e+02     2.36897150e+02     1.24472655e+02   
    1.56000000e+04     3.90000000e+00     1.11509749e+03     3.02045313e+02     2.34592327e+02     1.24459802e+02   
    1.58000000e+04     3.95000000e+00     1.11510569e+03     3.01658356e+02     2.35704929e+02     1.23856434e+02   
    1.60000000e+04     4.00000000e+00     1.11509814e+03     3.00947692e+02     2.35974081e+02     1.23678252e+02   
    1.62000000e+04     4.05000000e+00     1.11509253e+03     2.99849663e+02     2.35314990e+02     1.21640390e+02   
    1.64000000e+04     4.10000000e+00     1.11510801e+03     3.03226277e+02     2.36437224e+02     1.23152720e+02   
    1.66000000e+04     4.15000000e+00     1.11510621e+03     2.98705440e+02     2.33807337e+02     1.22740725e+02   
    1.68000000e+04     4.20000000e+00     1.11510117e+03     2.99323365e+02     2.33827342e+02     1.23107451e+02   
    1.70000000e+04     4.25000000e+00     1.11510484e+03     2.97830232e+02     2.36231870e+02     1.24036499e+02   
    1.72000000e+04     4.30000000e+00     1.11510264e+03     2.97769440e+02     2.38023650e+02     1.26204154e+02   
    1.74000000e+04     4.35000000e+00     1.11508767e+03     2.99578336e+02     2.35637712e+02     1.22886199e+02   
    1.76000000e+04     4.40000000e+00     1.11508472e+03     2.98768196e+02     2.36896733e+02     1.25526589e+02   
    1.78000000e+04     4.45000000e+00     1.11509129e+03     3.01134410e+02     2.37127122e+02     1.23429305e+02   
    1.80000000e+04     4.50000000e+00     1.11508865e+03     3.00579108e+02     2.36411579e+02     1.24250927e+02   
    1.82000000e+04     4.55000000e+00     1.11507192e+03     3.01163508e+02     2.35671786e+02     1.22325515e+02   
    1.84000000e+04     4.60000000e+00     1.11505697e+03     3.01463177e+02     2.33824465e+02     1.21664844e+02   
    1.86000000e+04     4.65000000e+00     1.11507793e+03     3.01682876e+02     2.39376757e+02     1.27390699e+02   
    1.88000000e+04     4.70000000e+00     1.11506247e+03     3.03062189e+02     2.35538738e+02     1.23895860e+02   
    1.90000000e+04     4.75000000e+00     1.11507843e+03     3.01039747e+02     2.38428742e+02     1.27409999e+02   
    1.92000000e+04     4.80000000e+00     1.11508008e+03     3.01705877e+02     2.36804707e+02     1.24769825e+02   
    1.94000000e+04     4.85000000e+00     1.11508972e+03     3.02727927e+02     2.36819286e+02     1.24573021e+02   
    1.96000000e+04     4.90000000e+00     1.11507889e+03     3.01806389e+02     2.35425452e+02     1.22066432e+02   
    1.98000000e+04     4.95000000e+00     1.11508572e+03     3.04797847e+02     2.36797093e+02     1.25784897e+02   
    2.00000000e+04     5.00000000e+00     1.11508411e+03     2.99768778e+02     2.35490477e+02     1.23858755e+02   
    2.02000000e+04     5.05000000e+00     1.11508385e+03     3.01323734e+02     2.36385158e+02     1.24622220e+02   
    2.04000000e+04     5.10000000e+00     1.11508230e+03     3.04154961e+02     2.37557003e+02     1.24985401e+02   
    2.06000000e+04     5.15000000e+00     1.11506605e+03     3.01840300e+02     2.34866600e+02     1.21991118e+02   
    2.08000000e+04     5.20000000e+00     1.11506874e+03     3.04181434e+02     2.36408285e+02     1.23783461e+02   
    2.10000000e+04     5.25000000e+00     1.11506956e+03     3.01786015e+02     2.36829964e+02     1.23768444e+02   
    2.12000000e+04     5.30000000e+00     1.11506129e+03     3.01006043e+02     2.35087150e+02     1.23087963e+02   
    2.14000000e+04     5.35000000e+00     1.11506656e+03     3.03335643e+02     2.37252423e+02     1.24294369e+02   
    2.16000000e+04     5.40000000e+00     1.11507782e+03     3.01779165e+02     2.35769678e+02     1.24748401e+02   
    2.18000000e+04     5.45000000e+00     1.11508190e+03     3.00157662e+02     2.34985502e+02     1.23485320e+02   
    2.20000000e+04     5.50000000e+00     1.11509012e+03     3.01227356e+02     2.34355259e+02     1.23033731e+02   
    2.22000000e+04     5.55000000e+00     1.11508697e+03     3.01504429e+02     2.35069614e+02     1.23687233e+02   
    2.24000000e+04     5.60000000e+00     1.11507073e+03     2.99323135e+02     2.34274437e+02     1.22439487e+02   
    2.26000000e+04     5.65000000e+00     1.11508154e+03     2.97977817e+02     2.35930353e+02     1.24521291e+02   
    2.28000000e+04     5.70000000e+00     1.11509845e+03     3.01982408e+02     2.37533804e+02     1.25990510e+02   
    2.30000000e+04     5.75000000e+00     1.11510811e+03     3.04462648e+02     2.37697078e+02     1.26370991e+02   
    2.32000000e+04     5.80000000e+00     1.11511743e+03     3.00937435e+02     2.37168399e+02     1.25853155e+02   
    2.34000000e+04     5.85000000e+00     1.11512401e+03     3.00868461e+02     2.36017863e+02     1.26947491e+02   
    2.36000000e+04     5.90000000e+00     1.11511707e+03     3.04167404e+02     2.35616925e+02     1.24165392e+02   
    2.38000000e+04     5.95000000e+00     1.11510833e+03     2.99052799e+02     2.35125380e+02     1.23507322e+02   
    2.40000000e+04     6.00000000e+00     1.11510828e+03     3.02784180e+02     2.37601579e+02     1.25599937e+02   
    2.42000000e+04     6.05000000e+00     1.11511113e+03     3.01362362e+02     2.35896427e+02     1.23649837e+02   
    2.44000000e+04     6.10000000e+00     1.11511593e+03     3.01833872e+02     2.34482498e+02     1.23863968e+02   
    2.46000000e+04     6.15000000e+00     1.11513051e+03     3.00935835e+02     2.36394788e+02     1.24402961e+02   
    2.48000000e+04     6.20000000e+00     1.11514720e+03     3.00930109e+02     2.35341398e+02     1.23863457e+02   
    2.50000000e+04     6.25000000e+00     1.11516998e+03     2.99792003e+02     2.35597248e+02     1.25122951e+02   
    2.52000000e+04     6.30000000e+00     1.11517033e+03     3.00409861e+02     2.35606226e+02     1.24716804e+02   
    2.54000000e+04     6.35000000e+00     1.11517076e+03     2.97166491e+02     2.35173174e+02     1.25331032e+02   
    2.56000000e+04     6.40000000e+00     1.11517131e+03     3.02573226e+02     2.36414431e+02     1.26476540e+02   
    2.58000000e+04     6.45000000e+00     1.11517592e+03     3.00469050e+02     2.36171624e+02     1.25463309e+02   
    2.60000000e+04     6.50000000e+00     1.11518617e+03     3.01365630e+02     2.38864380e+02     1.26662990e+02   
    2.62000000e+04     6.55000000e+00     1.11517334e+03     3.00742811e+02     2.37046385e+02     1.25592956e+02   
    2.64000000e+04     6.60000000e+00     1.11517525e+03     2.98931133e+02     2.35840212e+02     1.24718163e+02   
    2.66000000e+04     6.65000000e+00     1.11518164e+03     3.01122827e+02     2.37697462e+02     1.26375128e+02   
    2.68000000e+04     6.70000000e+00     1.11517292e+03     3.05188680e+02     2.36338549e+02     1.24959620e+02   
    2.70000000e+04     6.75000000e+00     1.11517340e+03     2.99274715e+02     2.36485660e+02     1.25695784e+02   
    2.72000000e+04     6.80000000e+00     1.11516684e+03     3.01936827e+02     2.34612377e+02     1.24266475e+02   
    2.74000000e+04     6.85000000e+00     1.11516794e+03     2.98625258e+02     2.36503447e+02     1.26129261e+02   
    2.76000000e+04     6.90000000e+00     1.11515315e+03     2.98999608e+02     2.37076368e+02     1.26621299e+02   
    2.78000000e+04     6.95000000e+00     1.11514479e+03     2.98414266e+02     2.37679672e+02     1.25644759e+02   
    2.80000000e+04     7.00000000e+00     1.11513864e+03     3.01423656e+02     2.34992904e+02     1.23256271e+02   
    2.82000000e+04     7.05000000e+00     1.11514826e+03     2.96990379e+02     2.36938685e+02     1.24840579e+02   
    2.84000000e+04     7.10000000e+00     1.11514187e+03     2.97789020e+02     2.36731135e+02     1.27051554e+02   
    2.86000000e+04     7.15000000e+00     1.11513105e+03     3.02237504e+02     2.36554701e+02     1.25046552e+02   
    2.88000000e+04     7.20000000e+00     1.11513688e+03     3.02311665e+02     2.35900907e+02     1.25805326e+02   
    2.90000000e+04     7.25000000e+00     1.11511546e+03     2.99800044e+02     2.33183838e+02     1.23501974e+02   
    2.92000000e+04     7.30000000e+00     1.11513729e+03     2.98918641e+02     2.36222288e+02     1.27781418e+02   
    2.94000000e+04     7.35000000e+00     1.11513173e+03     3.00802412e+02     2.35218420e+02     1.25115031e+02   
    2.96000000e+04     7.40000000e+00     1.11513222e+03     3.02987341e+02     2.38680609e+02     1.28564290e+02   
    2.98000000e+04     7.45000000e+00     1.11511099e+03     3.02428381e+02     2.35084733e+02     1.22270785e+02   
    3.00000000e+04     7.50000000e+00     1.11511953e+03     3.01872367e+02     2.37598362e+02     1.27665070e+02   
    3.02000000e+04     7.55000000e+00     1.11513336e+03     3.03026248e+02     2.38322317e+02     1.26228507e+02   
    3.04000000e+04     7.60000000e+00     1.11513439e+03     3.00874619e+02     2.34227988e+02     1.25426524e+02   
    3.06000000e+04     7.65000000e+00     1.11515320e+03     2.98956415e+02     2.36987156e+02     1.27406406e+02   
    3.08000000e+04     7.70000000e+00     1.11516741e+03     3.02915308e+02     2.37588671e+02     1.29144378e+02   
    3.10000000e+04     7.75000000e+00     1.11516618e+03     3.03305604e+02     2.35577249e+02     1.24867976e+02   
    3.12000000e+04     7.80000000e+00     1.11517174e+03     3.01267810e+02     2.36444004e+02     1.25304593e+02   
    3.14000000e+04     7.85000000e+00     1.11518368e+03     2.97995457e+02     2.37082540e+02     1.28676420e+02   
    3.16000000e+04     7.90000000e+00     1.11517549e+03     3.04427565e+02     2.35183478e+02     1.24936616e+02   
    3.18000000e+04     7.95000000e+00     1.11517769e+03     3.03864053e+02     2.36493892e+02     1.25982219e+02   
    3.20000000e+04     8.00000000e+00     1.11518034e+03     3.05222736e+02     2.38750599e+02     1.26021143e+02   
    3.22000000e+04     8.05000000e+00     1.11518307e+03     3.01113741e+02     2.37734324e+02     1.27500772e+02   
    3.24000000e+04     8.10000000e+00     1.11517139e+03     3.02006867e+02     2.35321084e+02     1.23924496e+02   
    3.26000000e+04     8.15000000e+00     1.11518385e+03     2.98679234e+02     2.36813693e+02     1.27095359e+02   
    3.28000000e+04     8.20000000e+00     1.11518794e+03     3.04326415e+02     2.36592277e+02     1.26693128e+02   
    3.30000000e+04     8.25000000e+00     1.11517609e+03     2.99839462e+02     2.36951942e+02     1.28595878e+02   
    3.32000000e+04     8.30000000e+00     1.11517070e+03     3.00218797e+02     2.35281096e+02     1.26648956e+02   
    3.34000000e+04     8.35000000e+00     1.11516779e+03     3.00400769e+02     2.35747207e+02     1.28060376e+02   
    3.36000000e+04     8.40000000e+00     1.11517381e+03     2.98167267e+02     2.36584848e+02     1.28199558e+02   
    3.38000000e+04     8.45000000e+00     1.11516947e+03     2.99961496e+02     2.35364872e+02     1.26057163e+02   
    3.40000000e+04     8.50000000e+00     1.11517141e+03     3.02022556e+02     2.35259880e+02     1.27482898e+02   
    3.42000000e+04     8.55000000e+00     1.11515527e+03     3.00973891e+02     2.34517018e+02     1.23174167e+02   
    3.44000000e+04     8.60000000e+00     1.11516004e+03     3.01033770e+02     2.37152216e+02     1.27802915e+02   
    3.46000000e+04     8.65000000e+00     1.11516021e+03     3.02463450e+02     2.35344541e+02     1.24417761e+02   
    3.48000000e+04     8.70000000e+00     1.11516054e+03     3.00422884e+02     2.35944391e+02     1.25307962e+02   
    3.50000000e+04     8.75000000e+00     1.11516835e+03     3.01543795e+02     2.36702391e+02     1.25032419e+02   
    3.52000000e+04     8.80000000e+00     1.11516672e+03     3.00385412e+02     2.35711145e+02     1.25109116e+02   
    3.54000000e+04     8.85000000e+00     1.11517849e+03     3.00423245e+02     2.36765330e+02     1.27075434e+02   
    3.56000000e+04     8.90000000e+00     1.11518777e+03     2.98838224e+02     2.37245031e+02     1.27650532e+02   
    3.58000000e+04     8.95000000e+00     1.11518417e+03     3.02991392e+02     2.35863633e+02     1.26299558e+02   
    3.60000000e+04     9.00000000e+00     1.11519235e+03     3.02067786e+02     2.38502537e+02     1.26933637e+02   
    3.62000000e+04     9.05000000e+00     1.11520130e+03     3.03581374e+02     2.38246398e+02     1.28161752e+02   
    3.64000000e+04     9.10000000e+00     1.11518304e+03     3.03922127e+02     2.36291366e+02     1.24443652e+02   
    3.66000000e+04     9.15000000e+00     1.11519010e+03     3.03645693e+02     2.36588216e+02     1.25782422e+02   
    3.68000000e+04     9.20000000e+00     1.11518244e+03     3.02590019e+02     2.36183330e+02     1.23841850e+02   
    3.70000000e+04     9.25000000e+00     1.11517971e+03     2.99987910e+02     2.37088655e+02     1.25975166e+02   
    3.72000000e+04     9.30000000e+00     1.11517268e+03     3.04219942e+02     2.35283169e+02     1.23804376e+02   
    3.74000000e+04     9.35000000e+00     1.11517104e+03     3.06605431e+02     2.35805610e+02     1.24427824e+02   
    3.76000000e+04     9.40000000e+00     1.11516542e+03     3.03343054e+02     2.37110230e+02     1.25783753e+02   
    3.78000000e+04     9.45000000e+00     1.11516737e+03     3.00828129e+02     2.35152765e+02     1.22804261e+02   
    3.80000000e+04     9.50000000e+00     1.11515820e+03     3.03364835e+02     2.34857813e+02     1.23412523e+02   
    3.82000000e+04     9.55000000e+00     1.11516477e+03     3.01604926e+02     2.36765489e+02     1.25490286e+02   
    3.84000000e+04     9.60000000e+00     1.11514773e+03     3.01116895e+02     2.37338055e+02     1.26859077e+02   
    3.86000000e+04     9.65000000e+00     1.11513129e+03     3.01938908e+02     2.35278929e+02     1.25487943e+02   
    3.88000000e+04     9.70000000e+00     1.11512955e+03     3.02273956e+02     2.35501114e+02     1.25976403e+02   
    3.90000000e+04     9.75000000e+00     1.11514327e+03     3.04220153e+02     2.38127636e+02     1.29047069e+02   
    3.92000000e+04     9.80000000e+00     1.11513109e+03     3.00378616e+02     2.35691083e+02     1.25035523e+02   
    3.94000000e+04     9.85000000e+00     1.11513339e+03     3.00544198e+02     2.35640559e+02     1.25138701e+02   
    3.96000000e+04     9.90000000e+00     1.11514161e+03     3.03779052e+02     2.37694334e+02     1.28905592e+02   
    3.98000000e+04     9.95000000e+00     1.11514393e+03     2.99879594e+02     2.37066262e+02     1.29478497e+02   
    4.00000000e+04     1.00000000e+01     1.11515941e+03     2.99885427e+02     2.37378147e+02     1.31841780e+02   
    4.02000000e+04     1.00500000e+01     1.11515112e+03     3.03304451e+02     2.35923092e+02     1.28450923e+02   
    4.04000000e+04     1.01000000e+01     1.11516200e+03     3.01269354e+02     2.36824868e+02     1.29024290e+02   
    4.06000000e+04     1.01500000e+01     1.11515679e+03     3.00083076e+02     2.37410705e+02     1.28588683e+02   
    4.08000000e+04     1.02000000e+01     1.11515187e+03     2.99746626e+02     2.34579344e+02     1.25592781e+02   
    4.10000000e+04     1.02500000e+01     1.11513986e+03     3.02211978e+02     2.36049200e+02     1.25153451e+02   
    4.12000000e+04     1.03000000e+01     1.11512969e+03     3.02126452e+02     2.35114838e+02     1.23338476e+02   
    4.14000000e+04     1.03500000e+01     1.11513256e+03     3.01163157e+02     2.34166282e+02     1.20838772e+02   
    4.16000000e+04     1.04000000e+01     1.11514349e+03     3.01323354e+02     2.36638611e+02     1.24221472e+02   
    4.18000000e+04     1.04500000e+01     1.11514313e+03     3.02010079e+02     2.35802565e+02     1.23609350e+02   
    4.20000000e+04     1.05000000e+01     1.11514663e+03     2.99387938e+02     2.36526948e+02     1.25934797e+02   
    4.22000000e+04     1.05500000e+01     1.11513973e+03     3.02937716e+02     2.35496098e+02     1.25046711e+02   
    4.24000000e+04     1.06000000e+01     1.11513194e+03     3.03248613e+02     2.35754648e+02     1.24358606e+02   
    4.26000000e+04     1.06500000e+01     1.11512311e+03     3.03548122e+02     2.36126248e+02     1.23779672e+02   
    4.28000000e+04     1.07000000e+01     1.11512720e+03     3.01326763e+02     2.37719186e+02     1.25816688e+02   
    4.30000000e+04     1.07500000e+01     1.11512396e+03     2.98622011e+02     2.35648817e+02     1.24099996e+02   
    4.32000000e+04     1.08000000e+01     1.11513136e+03     3.01926671e+02     2.37247446e+02     1.25903673e+02   
    4.34000000e+04     1.08500000e+01     1.11511374e+03     3.01716473e+02     2.36157856e+02     1.22686500e+02   
    4.36000000e+04     1.09000000e+01     1.11510274e+03     3.04333088e+02     2.35029976e+02     1.21321871e+02   
    4.38000000e+04     1.09500000e+01     1.11508920e+03     3.00526442e+02     2.34884572e+02     1.23326516e+02   
    4.40000000e+04     1.10000000e+01     1.11509240e+03     3.01235144e+02     2.36490839e+02     1.25313334e+02   
    4.42000000e+04     1.10500000e+01     1.11509213e+03     3.01398765e+02     2.36418862e+02     1.25326053e+02   
    4.44000000e+04     1.11000000e+01     1.11510017e+03     3.02265829e+02     2.35297849e+02     1.24648800e+02   
    4.46000000e+04     1.11500000e+01     1.11509633e+03     3.00647495e+02     2.35517244e+02     1.24602190e+02   
    4.48000000e+04     1.12000000e+01     1.11511565e+03     2.99307841e+02     2.37702911e+02     1.26670888e+02   
    4.50000000e+04     1.12500000e+01     1.11510822e+03     2.99323249e+02     2.33274546e+02     1.22513377e+02   
    4.52000000e+04     1.13000000e+01     1.11511866e+03     3.04288797e+02     2.36427468e+02     1.25040404e+02   
    4.54000000e+04     1.13500000e+01     1.11511578e+03     3.01220623e+02     2.37934892e+02     1.25753517e+02   
    4.56000000e+04     1.14000000e+01     1.11510303e+03     3.00789389e+02     2.36674563e+02     1.24961579e+02   
    4.58000000e+04     1.14500000e+01     1.11509700e+03     3.01777694e+02     2.36117196e+02     1.26023362e+02   
    4.60000000e+04     1.15000000e+01     1.11508924e+03     3.00769510e+02     2.36221317e+02     1.24807978e+02   
    4.62000000e+04     1.15500000e+01     1.11507856e+03     2.98123694e+02     2.34599472e+02     1.24356218e+02   
    4.64000000e+04     1.16000000e+01     1.11506677e+03     3.02729134e+02     2.35097234e+02     1.22809465e+02   
    4.66000000e+04     1.16500000e+01     1.11506736e+03     3.03799377e+02     2.37133834e+02     1.26642924e+02   
    4.68000000e+04     1.17000000e+01     1.11506560e+03     3.04202838e+02     2.36444883e+02     1.22852276e+02   
    4.70000000e+04     1.17500000e+01     1.11504904e+03     3.01650327e+02     2.33850811e+02     1.20904982e+02   
    4.72000000e+04     1.18000000e+01     1.11505950e+03     3.02051955e+02     2.35402063e+02     1.23419217e+02   
    4.74000000e+04     1.18500000e+01     1.11506723e+03     3.03754972e+02     2.36178657e+02     1.25997037e+02   
    4.76000000e+04     1.19000000e+01     1.11507274e+03     3.02279484e+02     2.38108680e+02     1.25538699e+02   
    4.78000000e+04     1.19500000e+01     1.11505967e+03     3.04565672e+02     2.36987246e+02     1.24855587e+02   
    4.80000000e+04     1.20000000e+01     1.11504157e+03     3.05305368e+02     2.35170542e+02     1.21941158e+02   
    4.82000000e+04     1.20500000e+01     1.11503539e+03     3.03715035e+02     2.36333259e+02     1.24617877e+02   
    4.84000000e+04     1.21000000e+01     1.11504096e+03     2.99241940e+02     2.37757244e+02     1.26756709e+02   
    4.86000000e+04     1.21500000e+01     1.11502658e+03     3.02653549e+02     2.35150044e+02     1.23130440e+02   
    4.88000000e+04     1.22000000e+01     1.11503333e+03     3.06660576e+02     2.35583555e+02     1.23665515e+02   
    4.90000000e+04     1.22500000e+01     1.11503949e+03     3.04958362e+02     2.36833706e+02     1.25163668e+02   
    4.92000000e+04     1.23000000e+01     1.11504077e+03     3.00821147e+02     2.34544806e+02     1.22112253e+02   
    4.94000000e+04     1.23500000e+01     1.11505829e+03     3.02157084e+02     2.37552330e+02     1.25322013e+02   
    4.96000000e+04     1.24000000e+01     1.11505389e+03     3.01779657e+02     2.37600936e+02     1.25077734e+02   
    4.98000000e+04     1.24500000e+01     1.11504193e+03     3.01152297e+02     2.34398632e+02     1.23002419e+02   
    5.00000000e+04     1.25000000e+01     1.11503667e+03     3.02480045e+02     2.34465255e+02     1.23108557e+02   
    5.02000000e+04     1.25500000e+01     1.11504034e+03     2.99181279e+02     2.34484244e+02     1.24295321e+02   
    5.04000000e+04     1.26000000e+01     1.11505839e+03     3.04449042e+02     2.38273453e+02     1.27238658e+02   
    5.06000000e+04     1.26500000e+01     1.11505048e+03     2.98664943e+02     2.36457194e+02     1.26084657e+02   
    5.08000000e+04     1.27000000e+01     1.11503854e+03     3.03455238e+02     2.36636234e+02     1.26075802e+02   
    5.10000000e+04     1.27500000e+01     1.11501622e+03     3.02422526e+02     2.35269346e+02     1.24685477e+02   
    5.12000000e+04     1.28000000e+01     1.11502925e+03     3.00411358e+02     2.37566133e+02     1.26408806e+02   
    5.14000000e+04     1.28500000e+01     1.11502370e+03     3.01681983e+02     2.36198038e+02     1.24746692e+02   
    5.16000000e+04     1.29000000e+01     1.11505190e+03     3.04913178e+02     2.37960994e+02     1.27342168e+02   
    5.18000000e+04     1.29500000e+01     1.11505619e+03     3.01131044e+02     2.35885126e+02     1.25055139e+02   
    5.20000000e+04     1.30000000e+01     1.11507199e+03     3.00400748e+02     2.37133935e+02     1.26492315e+02   
    5.22000000e+04     1.30500000e+01     1.11507235e+03     3.01821354e+02     2.35436336e+02     1.22571754e+02   
    5.24000000e+04     1.31000000e+01     1.11507602e+03     2.99627651e+02     2.37432710e+02     1.25108706e+02   
    5.26000000e+04     1.31500000e+01     1.11506762e+03     3.00627858e+02     2.36195038e+02     1.23847438e+02   
    5.28000000e+04     1.32000000e+01     1.11507630e+03     3.02429161e+02     2.38066773e+02     1.26766531e+02   
    5.30000000e+04     1.32500000e+01     1.11504649e+03     3.02351840e+02     2.34919988e+02     1.20169855e+02   
    5.32000000e+04     1.33000000e+01     1.11504927e+03     3.05236401e+02     2.35227176e+02     1.21216760e+02   
    5.34000000e+04     1.33500000e+01     1.11504581e+03     3.02459511e+02     2.36456072e+02     1.23682259e+02   
    5.36000000e+04     1.34000000e+01     1.11502932e+03     3.03935423e+02     2.37871843e+02     1.24399973e+02   
    5.38000000e+04     1.34500000e+01     1.11501648e+03     3.02309838e+02     2.37435934e+02     1.24998525e+02   
    5.40000000e+04     1.35000000e+01     1.11500906e+03     3.01172538e+02     2.36691396e+02     1.23453236e+02   
    5.42000000e+04     1.35500000e+01     1.11502385e+03     3.03327388e+02     2.37867335e+02     1.25776959e+02   
    5.44000000e+04     1.36000000e+01     1.11502567e+03     2.99672929e+02     2.37643571e+02     1.25864457e+02   
    5.46000000e+04     1.36500000e+01     1.11503736e+03     3.01678667e+02     2.37418859e+02     1.26987847e+02   
    5.48000000e+04     1.37000000e+01     1.11501551e+03     3.02770702e+02     2.34061188e+02     1.22352108e+02   
    5.50000000e+04     1.37500000e+01     1.11502058e+03     3.02768338e+02     2.33995798e+02     1.23119850e+02   
    5.52000000e+04     1.38000000e+01     1.11503250e+03     2.99564689e+02     2.36050216e+02     1.22197009e+02   
    5.54000000e+04     1.38500000e+01     1.11504262e+03     3.01064363e+02     2.36262235e+02     1.24007864e+02   
    5.56000000e+04     1.39000000e+01     1.11504496e+03     3.02386128e+02     2.34949758e+02     1.23989808e+02   
    5.58000000e+04     1.39500000e+01     1.11503867e+03     3.01768344e+02     2.35223838e+02     1.25549010e+02   
    5.60000000e+04     1.40000000e+01     1.11504563e+03     3.00315520e+02     2.34978198e+02     1.24270427e+02   
    5.62000000e+04     1.40500000e+01     1.11504053e+03     3.01631130e+02     2.36628534e+02     1.24492186e+02   
    5.64000000e+04     1.41000000e+01     1.11504639e+03     3.01692969e+02     2.35993912e+02     1.24606914e+02   
    5.66000000e+04     1.41500000e+01     1.11504983e+03     3.02564237e+02     2.35793420e+02     1.24723902e+02   
    5.68000000e+04     1.42000000e+01     1.11505382e+03     3.02754190e+02     2.36489263e+02     1.25853761e+02   
    5.70000000e+04     1.42500000e+01     1.11505168e+03     3.05610279e+02     2.36564770e+02     1.23190786e+02   
    5.72000000e+04     1.43000000e+01     1.11505785e+03     3.01777914e+02     2.36761165e+02     1.25953255e+02   
    5.74000000e+04     1.43500000e+01     1.11504785e+03     3.01803042e+02     2.36291865e+02     1.23619872e+02   
    5.76000000e+04     1.44000000e+01     1.11505979e+03     3.00690987e+02     2.35171757e+02     1.22318153e+02   
    5.78000000e+04     1.44500000e+01     1.11506807e+03     3.04146540e+02     2.37622234e+02     1.25582960e+02   
    5.80000000e+04     1.45000000e+01     1.11506400e+03     3.03838126e+02     2.35761008e+02     1.21681965e+02   
    5.82000000e+04     1.45500000e+01     1.11506695e+03     3.04514369e+02     2.37220891e+02     1.23162042e+02   
    5.84000000e+04     1.46000000e+01     1.11506874e+03     3.03563463e+02     2.35349293e+02     1.20874350e+02   
    5.86000000e+04     1.46500000e+01     1.11507061e+03     3.02452866e+02     2.35363727e+02     1.21966135e+02   
    5.88000000e+04     1.47000000e+01     1.11508262e+03     3.03712853e+02     2.36637764e+02     1.25051981e+02   
    5.90000000e+04     1.47500000e+01     1.11509009e+03     3.01356016e+02     2.38602440e+02     1.26898613e+02   
    5.92000000e+04     1.48000000e+01     1.11507149e+03     3.02320640e+02     2.37282915e+02     1.26109238e+02   
    5.94000000e+04     1.48500000e+01     1.11506158e+03     3.04098630e+02     2.36387302e+02     1.25649136e+02   
    5.96000000e+04     1.49000000e+01     1.11505851e+03     3.02309621e+02     2.35864957e+02     1.23853381e+02   
    5.98000000e+04     1.49500000e+01     1.11507672e+03     3.02369472e+02     2.36358912e+02     1.26095571e+02   
    6.00000000e+04     1.50000000e+01     1.11509329e+03     3.04203836e+02     2.36748289e+02     1.24702313e+02   
    6.02000000e+04     1.50500000e+01     1.11509453e+03     3.02575428e+02     2.34642284e+02     1.23419935e+02   
    6.04000000e+04     1.51000000e+01     1.11510056e+03     3.02216932e+02     2.37972748e+02     1.26709551e+02   
    6.06000000e+04     1.51500000e+01     1.11508607e+03     2.99383081e+02     2.37133240e+02     1.27114115e+02   
    6.08000000e+04     1.52000000e+01     1.11508329e+03     2.99099548e+02     2.35907164e+02     1.26017781e+02   
    6.10000000e+04     1.52500000e+01     1.11509115e+03     2.99419651e+02     2.38658870e+02     1.29804888e+02   
    6.12000000e+04     1.53000000e+01     1.11506954e+03     3.03441190e+02     2.34094738e+02     1.25418480e+02   
    6.14000000e+04     1.53500000e+01     1.11504980e+03     2.99336926e+02     2.34019080e+02     1.24234551e+02   
    6.16000000e+04     1.54000000e+01     1.11506566e+03     2.99680928e+02     2.37386208e+02     1.28973388e+02   
    6.18000000e+04     1.54500000e+01     1.11505043e+03     3.02428296e+02     2.35209607e+02     1.24881298e+02   
    6.20000000e+04     1.55000000e+01     1.11505841e+03     3.02556202e+02     2.35900192e+02     1.26668628e+02   
    6.22000000e+04     1.55500000e+01     1.11506115e+03     3.06102723e+02     2.36635863e+02     1.25880562e+02   
    6.24000000e+04     1.56000000e+01     1.11507515e+03     3.02023550e+02     2.36536459e+02     1.27925646e+02   
    6.26000000e+04     1.56500000e+01     1.11508112e+03     2.99444366e+02     2.36272021e+02     1.25966820e+02   
    6.28000000e+04     1.57000000e+01     1.11509867e+03     3.00209869e+02     2.38927830e+02     1.29757443e+02   
    6.30000000e+04     1.57500000e+01     1.11508558e+03     2.97580093e+02     2.36138546e+02     1.26411363e+02   
    6.32000000e+04     1.58000000e+01     1.11508804e+03     2.99488612e+02     2.34509848e+02     1.24264198e+02   
    6.34000000e+04     1.58500000e+01     1.11509406e+03     2.98810998e+02     2.35068956e+02     1.24623580e+02   
    6.36000000e+04     1.59000000e+01     1.11508827e+03     3.00240700e+02     2.34476577e+02     1.23076871e+02   
    6.38000000e+04     1.59500000e+01     1.11509750e+03     3.01482558e+02     2.35904162e+02     1.24886050e+02   
    6.40000000e+04     1.60000000e+01     1.11510783e+03     3.00557320e+02     2.36164949e+02     1.26922757e+02   
    6.42000000e+04     1.60500000e+01     1.11511839e+03     2.98115134e+02     2.37952870e+02     1.27920201e+02   
    6.44000000e+04     1.61000000e+01     1.11512254e+03     3.01869546e+02     2.36838015e+02     1.27576637e+02   
    6.46000000e+04     1.61500000e+01     1.11511618e+03     3.00717083e+02     2.36096670e+02     1.26454755e+02   
    6.48000000e+04     1.62000000e+01     1.11511790e+03     3.02051618e+02     2.36276125e+02     1.26094801e+02   
    6.50000000e+04     1.62500000e+01     1.11511870e+03     3.02142677e+02     2.36992700e+02     1.27287411e+02   
    6.52000000e+04     1.63000000e+01     1.11511502e+03     2.99736028e+02     2.36821802e+02     1.25904501e+02   
    6.54000000e+04     1.63500000e+01     1.11512703e+03     3.00240500e+02     2.37167027e+02     1.27998264e+02   
    6.56000000e+04     1.64000000e+01     1.11511483e+03     2.97038073e+02     2.36496844e+02     1.25206918e+02   
    6.58000000e+04     1.64500000e+01     1.11511844e+03     3.01658476e+02     2.37100818e+02     1.27828193e+02   
    6.60000000e+04     1.65000000e+01     1.11511440e+03     2.99561384e+02     2.37265421e+02     1.26490672e+02   
    6.62000000e+04     1.65500000e+01     1.11510989e+03     3.02401452e+02     2.37255618e+02     1.28380665e+02   
    6.64000000e+04     1.66000000e+01     1.11510242e+03     3.03267506e+02     2.34811887e+02     1.22589150e+02   
    6.66000000e+04     1.66500000e+01     1.11511029e+03     3.03265179e+02     2.36396508e+02     1.25188806e+02   
    6.68000000e+04     1.67000000e+01     1.11511404e+03     3.01914171e+02     2.35250636e+02     1.23848769e+02   
    6.70000000e+04     1.67500000e+01     1.11512039e+03     2.98568830e+02     2.34991830e+02     1.24352545e+02   
    6.72000000e+04     1.68000000e+01     1.11512536e+03     2.99337099e+02     2.35983867e+02     1.26422167e+02   
    6.74000000e+04     1.68500000e+01     1.11511538e+03     3.01627023e+02     2.33370240e+02     1.23347529e+02   
    6.76000000e+04     1.69000000e+01     1.11512878e+03     3.00570858e+02     2.36536891e+02     1.27438996e+02   
    6.78000000e+04     1.69500000e+01     1.11510851e+03     3.02092770e+02     2.35122032e+02     1.23349437e+02   
    6.80000000e+04     1.70000000e+01     1.11508914e+03     3.02118431e+02     2.34343220e+02     1.21922890e+02   
    6.82000000e+04     1.70500000e+01     1.11510363e+03     2.99496959e+02     2.36479603e+02     1.25323679e+02   
    6.84000000e+04     1.71000000e+01     1.11509661e+03     3.01769730e+02     2.35194739e+02     1.25374354e+02   
    6.86000000e+04     1.71500000e+01     1.11510210e+03     3.00491147e+02     2.35673725e+02     1.26523322e+02   
    6.88000000e+04     1.72000000e+01     1.11510741e+03     3.03768958e+02     2.36491932e+02     1.26425654e+02   
    6.90000000e+04     1.72500000e+01     1.11511152e+03     3.05070528e+02     2.35307807e+02     1.25385103e+02   
    6.92000000e+04     1.73000000e+01     1.11510786e+03     3.01587639e+02     2.36180917e+02     1.24392100e+02   
    6.94000000e+04     1.73500000e+01     1.11509809e+03     2.98508766e+02     2.34772588e+02     1.24190328e+02   
    6.96000000e+04     1.74000000e+01     1.11509861e+03     3.04362339e+02     2.35799125e+02     1.23226400e+02   
    6.98000000e+04     1.74500000e+01     1.11508616e+03     3.00865075e+02     2.34807310e+02     1.23928569e+02   
    7.00000000e+04     1.75000000e+01     1.11507999e+03     3.00938770e+02     2.34902385e+02     1.22482014e+02   
    7.02000000e+04     1.75500000e+01     1.11508254e+03     3.00282544e+02     2.35644009e+02     1.23865661e+02   
    7.04000000e+04     1.76000000e+01     1.11507662e+03     3.01304204e+02     2.35493837e+02     1.24782218e+02   
    7.06000000e+04     1.76500000e+01     1.11506424e+03     3.03500084e+02     2.34948074e+02     1.23393154e+02   
    7.08000000e+04     1.77000000e+01     1.11507200e+03     3.02378294e+02     2.35440928e+02     1.24762204e+02   
    7.10000000e+04     1.77500000e+01     1.11506586e+03     2.98956108e+02     2.34100256e+02     1.22858857e+02   
    7.12000000e+04     1.78000000e+01     1.11506496e+03     3.05094640e+02     2.35967284e+02     1.23676370e+02   
    7.14000000e+04     1.78500000e+01     1.11505085e+03     3.01167352e+02     2.35769555e+02     1.24149182e+02   
    7.16000000e+04     1.79000000e+01     1.11505096e+03     3.04267480e+02     2.37278115e+02     1.25528405e+02   
    7.18000000e+04     1.79500000e+01     1.11504339e+03     2.98748470e+02     2.36943280e+02     1.25412618e+02   
    7.20000000e+04     1.80000000e+01     1.11505195e+03     3.01525258e+02     2.36072674e+02     1.23115436e+02   
    7.22000000e+04     1.80500000e+01     1.11505834e+03     2.99157872e+02     2.34854908e+02     1.23642742e+02   
    7.24000000e+04     1.81000000e+01     1.11506942e+03     3.00758159e+02     2.36369840e+02     1.24688497e+02   
    7.26000000e+04     1.81500000e+01     1.11506503e+03     3.00653578e+02     2.35650769e+02     1.22699425e+02   
    7.28000000e+04     1.82000000e+01     1.11507166e+03     3.00300457e+02     2.36788212e+02     1.24913168e+02   
    7.30000000e+04     1.82500000e+01     1.11506657e+03     3.01231998e+02     2.33101953e+02     1.20378901e+02   
    7.32000000e+04     1.83000000e+01     1.11507299e+03     2.99505118e+02     2.34376834e+02     1.23754043e+02   
    7.34000000e+04     1.83500000e+01     1.11508425e+03     3.00258839e+02     2.34843279e+02     1.22703459e+02   
    7.36000000e+04     1.84000000e+01     1.11509478e+03     3.01926200e+02     2.36794135e+02     1.25390357e+02   
    7.38000000e+04     1.84500000e+01     1.11510116e+03     3.01425270e+02     2.35906559e+02     1.24642466e+02   
    7.40000000e+04     1.85000000e+01     1.11509627e+03     2.97825438e+02     2.35949544e+02     1.26132932e+02   
    7.42000000e+04     1.85500000e+01     1.11508694e+03     3.02278417e+02     2.37251402e+02     1.26346449e+02   
    7.44000000e+04     1.86000000e+01     1.11508224e+03     3.03590712e+02     2.35030627e+02     1.24965942e+02   
    7.46000000e+04     1.86500000e+01     1.11508681e+03     3.00151945e+02     2.36154437e+02     1.26871515e+02   
    7.48000000e+04     1.87000000e+01     1.11509518e+03     3.02423946e+02     2.37055928e+02     1.27192202e+02   
    7.50000000e+04     1.87500000e+01     1.11508524e+03     2.99218209e+02     2.36447545e+02     1.26948048e+02   
    7.52000000e+04     1.88000000e+01     1.11509057e+03     3.03911636e+02     2.37232799e+02     1.26321688e+02   
    7.54000000e+04     1.88500000e+01     1.11509167e+03     3.01639571e+02     2.35441267e+02     1.26594225e+02   
    7.56000000e+04     1.89000000e+01     1.11508165e+03     2.99223556e+02     2.35198727e+02     1.26296516e+02   
    7.58000000e+04     1.89500000e+01     1.11509205e+03     3.00861665e+02     2.35353424e+02     1.26325806e+02   
    7.60000000e+04     1.90000000e+01     1.11509831e+03     3.03398151e+02     2.36878827e+02     1.25901833e+02   
    7.62000000e+04     1.90500000e+01     1.11508728e+03     3.01856903e+02     2.35281801e+02     1.24286139e+02   
    7.64000000e+04     1.91000000e+01     1.11507340e+03     2.99186658e+02     2.35932066e+02     1.24113828e+02   
    7.66000000e+04     1.91500000e+01     1.11508243e+03     3.02851083e+02     2.35570687e+02     1.24612998e+02   
    7.68000000e+04     1.92000000e+01     1.11508849e+03     3.01726546e+02     2.36284370e+02     1.23802609e+02   
    7.70000000e+04     1.92500000e+01     1.11508802e+03     3.01166766e+02     2.35462121e+02     1.23682027e+02   
    7.72000000e+04     1.93000000e+01     1.11508966e+03     3.04966458e+02     2.35402093e+02     1.22248105e+02   
    7.74000000e+04     1.93500000e+01     1.11510515e+03     3.00889587e+02     2.38811441e+02     1.26713500e+02   
    7.76000000e+04     1.94000000e+01     1.11509179e+03     2.97743859e+02     2.35741770e+02     1.23346970e+02   
    7.78000000e+04     1.94500000e+01     1.11509436e+03     3.01960806e+02     2.36892009e+02     1.25307180e+02   
    7.80000000e+04     1.95000000e+01     1.11509690e+03     3.02099940e+02     2.37614934e+02     1.24934997e+02   
    7.82000000e+04     1.95500000e+01     1.11510083e+03     2.99908899e+02     2.37143483e+02     1.25817966e+02   
    7.84000000e+04     1.96000000e+01     1.11509806e+03     3.00192376e+02     2.35999846e+02     1.24566620e+02   
    7.86000000e+04     1.96500000e+01     1.11511913e+03     2.98667022e+02     2.36706276e+02     1.25667524e+02   
    7.88000000e+04     1.97000000e+01     1.11513366e+03     3.00477948e+02     2.36237453e+02     1.25564949e+02   
    7.90000000e+04     1.97500000e+01     1.11514064e+03     3.02220116e+02     2.37612054e+02     1.25557736e+02   
    7.92000000e+04     1.98000000e+01     1.11515244e+03     2.96204822e+02     2.37775600e+02     1.28131324e+02   
    7.94000000e+04     1.98500000e+01     1.11513813e+03     3.00649532e+02     2.34064778e+02     1.22806180e+02   
    7.96000000e+04     1.99000000e+01     1.11515260e+03     3.00078550e+02     2.37473481e+02     1.26828929e+02   
    7.98000000e+04     1.99500000e+01     1.11512536e+03     3.02965917e+02     2.35441114e+02     1.22529950e+02   
    8.00000000e+04     2.00000000e+01     1.11514223e+03     2.97723919e+02     2.35811631e+02     1.26290610e+02   
