# column   1     --> step : The current simulation time step.
# column   2     --> time{picosecond} : The elapsed simulation time.
# column   3     --> conserved{electronvolt} : The value of the conserved energy quantity per bead.
# column   4     --> temperature{kelvin} : The current temperature, as obtained from the MD kinetic energy.
# column   5     --> kinetic_cv{electronvolt} : The centroid-virial quantum kinetic energy of the physical system.
# column   6     --> potential{electronvolt} : The physical system potential energy.
    0.00000000e+00     0.00000000e+00     1.11132161e+03     3.04273373e+02     2.35306167e+02     1.21751370e+02   
    2.00000000e+02     5.00000000e-02     1.11131586e+03     2.97924696e+02     2.36935924e+02     1.22972218e+02   
    4.00000000e+02     1.00000000e-01     1.11131192e+03     3.02409734e+02     2.35973255e+02     1.20836030e+02   
    6.00000000e+02     1.50000000e-01     1.11130056e+03     2.99441920e+02     2.35072963e+02     1.21158072e+02   
    8.00000000e+02     2.00000000e-01     1.11129409e+03     2.99728901e+02     2.37193306e+02     1.23615970e+02   
    1.00000000e+03     2.50000000e-01     1.11129579e+03     3.03037607e+02     2.36379779e+02     1.22101418e+02   
    1.20000000e+03     3.00000000e-01     1.11129291e+03     2.99126437e+02     2.34878294e+02     1.21247615e+02   
    1.40000000e+03     3.50000000e-01     1.11129290e+03     3.01695393e+02     2.35545707e+02     1.21530244e+02   
    1.60000000e+03     4.00000000e-01     1.11130352e+03     2.97551387e+02     2.34962027e+02     1.22709736e+02   
    1.80000000e+03     4.50000000e-01     1.11130311e+03     2.98096401e+02     2.36154441e+02     1.23643682e+02   
    2.00000000e+03     5.00000000e-01     1.11130975e+03     2.99021781e+02     2.36965566e+02     1.23173476e+02   
    2.20000000e+03     5.50000000e-01     1.11129899e+03     2.94587590e+02     2.36002020e+02     1.22480962e+02   
    2.40000000e+03     6.00000000e-01     1.11129442e+03     3.00511992e+02     2.36275703e+02     1.21739832e+02   
    2.60000000e+03     6.50000000e-01     1.11129433e+03     2.98209156e+02     2.36408309e+02     1.23616458e+02   
    2.80000000e+03     7.00000000e-01     1.11128696e+03     3.01508889e+02     2.36720537e+02     1.22283024e+02   
    3.00000000e+03     7.50000000e-01     1.11129686e+03     2.98280646e+02     2.36444309e+02     1.23601032e+02   
    3.20000000e+03     8.00000000e-01     1.11131097e+03     2.99581551e+02     2.36259279e+02     1.23354083e+02   
    3.40000000e+03     8.50000000e-01     1.11133055e+03     3.01059459e+02     2.36895063e+02     1.23774566e+02   
    3.60000000e+03     9.00000000e-01     1.11134343e+03     2.98756154e+02     2.36642266e+02     1.22793055e+02   
    3.80000000e+03     9.50000000e-01     1.11135890e+03     3.00976683e+02     2.37478521e+02     1.23983184e+02   
    4.00000000e+03     1.00000000e+00     1.11135471e+03     3.00742861e+02     2.34803769e+02     1.20723231e+02   
    4.20000000e+03     1.05000000e+00     1.11135077e+03     2.99938923e+02     2.36825837e+02     1.21373199e+02   
    4.40000000e+03     1.10000000e+00     1.11134921e+03     2.96511428e+02     2.35582452e+02     1.21330973e+02   
    4.60000000e+03     1.15000000e+00     1.11135110e+03     2.98557895e+02     2.36208883e+02     1.21971787e+02   
    4.80000000e+03     1.20000000e+00     1.11133733e+03     3.01978428e+02     2.36156731e+02     1.20682450e+02   
    5.00000000e+03     1.25000000e+00     1.11133390e+03     3.01415646e+02     2.35295989e+02     1.20492590e+02   
    5.20000000e+03     1.30000000e+00     1.11133377e+03     3.02541399e+02     2.35333657e+02     1.20679520e+02   
    5.40000000e+03     1.35000000e+00     1.11135679e+03     3.02593829e+02     2.37154665e+02     1.22154595e+02   
    5.60000000e+03     1.40000000e+00     1.11135571e+03     3.02690808e+02     2.37069964e+02     1.21775637e+02   
    5.80000000e+03     1.45000000e+00     1.11135812e+03     2.99826728e+02     2.36373049e+02     1.21869190e+02   
    6.00000000e+03     1.50000000e+00     1.11135922e+03     3.01482919e+02     2.37567477e+02     1.22855232e+02   
    6.20000000e+03     1.55000000e+00     1.11135913e+03     2.98181575e+02     2.37472568e+02     1.23338746e+02   
    6.40000000e+03     1.60000000e+00     1.11135074e+03     3.01382520e+02     2.35517385e+02     1.19681168e+02   
    6.60000000e+03     1.65000000e+00     1.11135658e+03     2.98471685e+02     2.35620561e+02     1.20476917e+02   
    6.80000000e+03     1.70000000e+00     1.11136461e+03     3.00760658e+02     2.37773948e+02     1.21762072e+02   
    7.00000000e+03     1.75000000e+00     1.11135846e+03     3.01341525e+02     2.34765751e+02     1.17999103e+02   
    7.20000000e+03     1.80000000e+00     1.11137272e+03     3.00247563e+02     2.36152178e+02     1.19327621e+02   
    7.40000000e+03     1.85000000e+00     1.11138421e+03     2.96197965e+02     2.38058107e+02     1.23424763e+02   
    7.60000000e+03     1.90000000e+00     1.11137710e+03     3.03072827e+02     2.35675899e+02     1.19335645e+02   
    7.80000000e+03     1.95000000e+00     1.11138074e+03     3.02420428e+02     2.36968353e+02     1.22908933e+02   
    8.00000000e+03     2.00000000e+00     1.11137775e+03     3.01222924e+02     2.34873466e+02     1.19112440e+02   
    8.20000000e+03     2.05000000e+00     1.11139287e+03     2.98930007e+02     2.36808341e+02     1.22724098e+02   
    8.40000000e+03     2.10000000e+00     1.11139481e+03     3.02132736e+02     2.35482855e+02     1.20953989e+02   
    8.60000000e+03     2.15000000e+00     1.11139994e+03     2.99136244e+02     2.36613064e+02     1.20863384e+02   
    8.80000000e+03     2.20000000e+00     1.11139246e+03     2.97094669e+02     2.36606463e+02     1.21280109e+02   
    9.00000000e+03     2.25000000e+00     1.11139439e+03     2.98049007e+02     2.36165016e+02     1.20539060e+02   
    9.20000000e+03     2.30000000e+00     1.11139353e+03     3.02417569e+02     2.36018263e+02     1.19712474e+02   
    9.40000000e+03     2.35000000e+00     1.11140553e+03     3.00107997e+02     2.36423410e+02     1.20628259e+02   
    9.60000000e+03     2.40000000e+00     1.11141517e+03     3.00309482e+02     2.35976879e+02     1.21477679e+02   
    9.80000000e+03     2.45000000e+00     1.11140193e+03     3.01155119e+02     2.34313779e+02     1.18805893e+02   
    1.00000000e+04     2.50000000e+00     1.11140969e+03     3.01964062e+02     2.35352231e+02     1.19686399e+02   
    1.02000000e+04     2.55000000e+00     1.11142268e+03     2.98647970e+02     2.37863555e+02     1.21711326e+02   
    1.04000000e+04     2.60000000e+00     1.11141100e+03     2.99045978e+02     2.36074048e+02     1.20162626e+02   
    1.06000000e+04     2.65000000e+00     1.11140501e+03     3.02168021e+02     2.35682335e+02     1.20003979e+02   
    1.08000000e+04     2.70000000e+00     1.11141484e+03     2.97106389e+02     2.37585078e+02     1.22371395e+02   
    1.10000000e+04     2.75000000e+00     1.11140678e+03     3.01498473e+02     2.36993467e+02     1.23826922e+02   
    1.12000000e+04     2.80000000e+00     1.11141273e+03     2.98439958e+02     2.38115451e+02     1.23882823e+02   
    1.14000000e+04     2.85000000e+00     1.11139801e+03     3.04910508e+02     2.36154989e+02     1.21967141e+02   
    1.16000000e+04     2.90000000e+00     1.11139836e+03     3.01556124e+02     2.35989230e+02     1.22612227e+02   
    1.18000000e+04     2.95000000e+00     1.11140248e+03     2.96858149e+02     2.36218319e+02     1.23363040e+02   
    1.20000000e+04     3.00000000e+00     1.11139519e+03     2.99046625e+02     2.34349244e+02     1.20219115e+02   
    1.22000000e+04     3.05000000e+00     1.11140103e+03     2.98625594e+02     2.36129711e+02     1.22092633e+02   
    1.24000000e+04     3.10000000e+00     1.11141072e+03     3.00746038e+02     2.37020857e+02     1.24235977e+02   
    1.26000000e+04     3.15000000e+00     1.11140242e+03     2.99983522e+02     2.35190679e+02     1.21493451e+02   
    1.28000000e+04     3.20000000e+00     1.11141348e+03     2.97305720e+02     2.36826020e+02     1.23575896e+02   
    1.30000000e+04     3.25000000e+00     1.11141375e+03     3.02266960e+02     2.36190783e+02     1.21674519e+02   
    1.32000000e+04     3.30000000e+00     1.11141681e+03     2.98957740e+02     2.36268785e+02     1.22964198e+02   
    1.34000000e+04     3.35000000e+00     1.11141195e+03     2.97150367e+02     2.36084478e+02     1.23732618e+02   
    1.36000000e+04     3.40000000e+00     1.11140433e+03     3.01708099e+02     2.34744943e+02     1.21240242e+02   
    1.38000000e+04     3.45000000e+00     1.11141092e+03     3.04033780e+02     2.36706123e+02     1.23091660e+02   
    1.40000000e+04     3.50000000e+00     1.11141093e+03     3.02499055e+02     2.36199267e+02     1.23192775e+02   
    1.42000000e+04     3.55000000e+00     1.11141992e+03     3.01901356e+02     2.37651473e+02     1.25201354e+02   
    1.44000000e+04     3.60000000e+00     1.11140775e+03     2.99437181e+02     2.35329168e+02     1.22701807e+02   
    1.46000000e+04     3.65000000e+00     1.11140725e+03     3.00305364e+02     2.36214306e+02     1.23189040e+02   
    1.48000000e+04     3.70000000e+00     1.11140329e+03     3.01500268e+02     2.36273056e+02     1.24032265e+02   
    1.50000000e+04     3.75000000e+00     1.11140639e+03     3.01312226e+02     2.36471024e+02     1.23311256e+02   
    1.52000000e+04     3.80000000e+00     1.11141408e+03     3.01039357e+02     2.36707618e+02     1.24755634e+02   
    1.54000000e+04     3.85000000e+00     1.11141803e+03     2.99046593e+02     2.36967813e+02     1.24578316e+02   
    1.56000000e+04     3.90000000e+00     1.11142283e+03     2.99965663e+02     2.35446702e+02     1.23989192e+02   
    1.58000000e+04     3.95000000e+00     1.11142124e+03     2.99490683e+02     2.36324697e+02     1.23559844e+02   
    1.60000000e+04     4.00000000e+00     1.11143647e+03     2.99972212e+02     2.37914252e+02     1.24855320e+02   
    1.62000000e+04     4.05000000e+00     1.11143315e+03     2.97963818e+02     2.36302644e+02     1.23892342e+02   
    1.64000000e+04     4.10000000e+00     1.11143662e+03     3.01484020e+02     2.36517481e+02     1.22385087e+02   
    1.66000000e+04     4.15000000e+00     1.11142900e+03     2.99498304e+02     2.34001063e+02     1.20844913e+02   
    1.68000000e+04     4.20000000e+00     1.11143459e+03     2.99586277e+02     2.34034559e+02     1.21394584e+02   
    1.70000000e+04     4.25000000e+00     1.11143950e+03     2.97793593e+02     2.35633060e+02     1.22116533e+02   
    1.72000000e+04     4.30000000e+00     1.11143246e+03     2.97155399e+02     2.37550589e+02     1.24678670e+02   
    1.74000000e+04     4.35000000e+00     1.11141447e+03     2.99120753e+02     2.35492530e+02     1.21790214e+02   
    1.76000000e+04     4.40000000e+00     1.11143159e+03     3.00021268e+02     2.37388535e+02     1.23964061e+02   
    1.78000000e+04     4.45000000e+00     1.11143315e+03     3.00229820e+02     2.35716314e+02     1.21519976e+02   
    1.80000000e+04     4.50000000e+00     1.11145126e+03     2.98093037e+02     2.36448732e+02     1.23221350e+02   
    1.82000000e+04     4.55000000e+00     1.11145851e+03     2.99240423e+02     2.35982020e+02     1.21308473e+02   
    1.84000000e+04     4.60000000e+00     1.11146556e+03     3.01661384e+02     2.34040083e+02     1.19380725e+02   
    1.86000000e+04     4.65000000e+00     1.11146639e+03     3.01517576e+02     2.35358656e+02     1.20527563e+02   
    1.88000000e+04     4.70000000e+00     1.11146634e+03     3.02579527e+02     2.35763694e+02     1.22941481e+02   
    1.90000000e+04     4.75000000e+00     1.11145882e+03     2.99972583e+02     2.36524988e+02     1.23971876e+02   
    1.92000000e+04     4.80000000e+00     1.11144486e+03     3.01089582e+02     2.35349174e+02     1.20883422e+02   
    1.94000000e+04     4.85000000e+00     1.11143979e+03     3.01089504e+02     2.35424421e+02     1.22146084e+02   
    1.96000000e+04     4.90000000e+00     1.11144346e+03     2.99844083e+02     2.37749024e+02     1.25667698e+02   
    1.98000000e+04     4.95000000e+00     1.11143425e+03     3.03921611e+02     2.35593291e+02     1.22755015e+02   
    2.00000000e+04     5.00000000e+00     1.11143928e+03     3.00364172e+02     2.34624763e+02     1.21453590e+02   
    2.02000000e+04     5.05000000e+00     1.11144715e+03     3.00460347e+02     2.37898045e+02     1.24544565e+02   
    2.04000000e+04     5.10000000e+00     1.11143241e+03     3.02497951e+02     2.35516389e+02     1.22371374e+02   
    2.06000000e+04     5.15000000e+00     1.11142893e+03     2.97929722e+02     2.37003843e+02     1.25816096e+02   
    2.08000000e+04     5.20000000e+00     1.11143842e+03     3.03547889e+02     2.37343062e+02     1.24112304e+02   
    2.10000000e+04     5.25000000e+00     1.11144286e+03     3.00664761e+02     2.37684752e+02     1.23042374e+02   
    2.12000000e+04     5.30000000e+00     1.11143482e+03     2.99511484e+02     2.35459861e+02     1.21943641e+02   
    2.14000000e+04     5.35000000e+00     1.11144128e+03     3.00971862e+02     2.37085639e+02     1.24386265e+02   
    2.16000000e+04     5.40000000e+00     1.11144493e+03     3.00817335e+02     2.36051328e+02     1.24545210e+02   
    2.18000000e+04     5.45000000e+00     1.11144438e+03     3.00270521e+02     2.35877153e+02     1.22463020e+02   
    2.20000000e+04     5.50000000e+00     1.11144263e+03     3.00918670e+02     2.35639899e+02     1.21461591e+02   
    2.22000000e+04     5.55000000e+00     1.11144225e+03     3.02314787e+02     2.35142903e+02     1.22921156e+02   
    2.24000000e+04     5.60000000e+00     1.11146049e+03     2.99300839e+02     2.35848241e+02     1.23465334e+02   
    2.26000000e+04     5.65000000e+00     1.11146774e+03     2.97685390e+02     2.36613545e+02     1.24508367e+02   
    2.28000000e+04     5.70000000e+00     1.11148745e+03     3.00829843e+02     2.38749246e+02     1.27779334e+02   
    2.30000000e+04     5.75000000e+00     1.11148291e+03     3.05007061e+02     2.37464816e+02     1.23996995e+02   
    2.32000000e+04     5.80000000e+00     1.11147508e+03     2.99848208e+02     2.37027623e+02     1.24384852e+02   
    2.34000000e+04     5.85000000e+00     1.11147144e+03     3.02318292e+02     2.35881437e+02     1.22453220e+02   
    2.36000000e+04     5.90000000e+00     1.11147312e+03     3.03984828e+02     2.38151804e+02     1.23818017e+02   
    2.38000000e+04     5.95000000e+00     1.11144399e+03     3.00424866e+02     2.33519322e+02     1.19580552e+02   
    2.40000000e+04     6.00000000e+00     1.11144377e+03     3.04483501e+02     2.38015066e+02     1.23847389e+02   
    2.42000000e+04     6.05000000e+00     1.11142573e+03     3.02553767e+02     2.36774310e+02     1.23055640e+02   
    2.44000000e+04     6.10000000e+00     1.11141132e+03     3.02366548e+02     2.34114228e+02     1.20863494e+02   
    2.46000000e+04     6.15000000e+00     1.11141000e+03     3.01734553e+02     2.35687171e+02     1.21306769e+02   
    2.48000000e+04     6.20000000e+00     1.11140903e+03     3.00535642e+02     2.36904188e+02     1.22310883e+02   
    2.50000000e+04     6.25000000e+00     1.11140382e+03     3.00195043e+02     2.35983960e+02     1.21465366e+02   
    2.52000000e+04     6.30000000e+00     1.11140856e+03     2.99251708e+02     2.36597617e+02     1.23220148e+02   
    2.54000000e+04     6.35000000e+00     1.11141729e+03     2.97375874e+02     2.36528532e+02     1.22206158e+02   
    2.56000000e+04     6.40000000e+00     1.11141074e+03     3.01401378e+02     2.34144409e+02     1.21300834e+02   
    2.58000000e+04     6.45000000e+00     1.11143012e+03     2.98833189e+02     2.36508921e+02     1.23601507e+02   
    2.60000000e+04     6.50000000e+00     1.11143387e+03     3.02025948e+02     2.37573703e+02     1.24364904e+02   
    2.62000000e+04     6.55000000e+00     1.11142718e+03     2.99912642e+02     2.36906088e+02     1.24923495e+02   
    2.64000000e+04     6.60000000e+00     1.11142417e+03     2.98099126e+02     2.36265358e+02     1.23658556e+02   
    2.66000000e+04     6.65000000e+00     1.11142913e+03     3.00877515e+02     2.38339195e+02     1.25295313e+02   
    2.68000000e+04     6.70000000e+00     1.11142053e+03     3.04170829e+02     2.35858352e+02     1.23333633e+02   
    2.70000000e+04     6.75000000e+00     1.11140954e+03     2.98862133e+02     2.34767479e+02     1.22374224e+02   
    2.72000000e+04     6.80000000e+00     1.11142117e+03     2.99120612e+02     2.36049734e+02     1.23295188e+02   
    2.74000000e+04     6.85000000e+00     1.11143129e+03     2.99009316e+02     2.36251810e+02     1.22048133e+02   
    2.76000000e+04     6.90000000e+00     1.11143814e+03     2.98825354e+02     2.35213797e+02     1.22405326e+02   
    2.78000000e+04     6.95000000e+00     1.11145855e+03     2.97525651e+02     2.38850966e+02     1.25526497e+02   
    2.80000000e+04     7.00000000e+00     1.11143940e+03     2.99212943e+02     2.36099834e+02     1.22784093e+02   
    2.82000000e+04     7.05000000e+00     1.11145562e+03     2.94517019e+02     2.36652558e+02     1.23798179e+02   
    2.84000000e+04     7.10000000e+00     1.11145462e+03     2.96504356e+02     2.36391665e+02     1.23954469e+02   
    2.86000000e+04     7.15000000e+00     1.11145249e+03     2.99449712e+02     2.37098127e+02     1.23581395e+02   
    2.88000000e+04     7.20000000e+00     1.11146077e+03     3.00606323e+02     2.37061055e+02     1.24777792e+02   
    2.90000000e+04     7.25000000e+00     1.11145381e+03     2.98502107e+02     2.35573163e+02     1.22300351e+02   
    2.92000000e+04     7.30000000e+00     1.11145562e+03     2.99594773e+02     2.34614284e+02     1.21274429e+02   
    2.94000000e+04     7.35000000e+00     1.11145588e+03     2.99053136e+02     2.36350308e+02     1.23780264e+02   
    2.96000000e+04     7.40000000e+00     1.11145337e+03     3.00315251e+02     2.37874437e+02     1.23878114e+02   
    2.98000000e+04     7.45000000e+00     1.11143865e+03     3.00229324e+02     2.35660439e+02     1.21989707e+02   
    3.00000000e+04     7.50000000e+00     1.11143965e+03     3.00942954e+02     2.37361762e+02     1.20623171e+02   
    3.02000000e+04     7.55000000e+00     1.11142613e+03     3.02199227e+02     2.36158197e+02     1.22825830e+02   
    3.04000000e+04     7.60000000e+00     1.11142265e+03     3.00592496e+02     2.36448883e+02     1.21449258e+02   
    3.06000000e+04     7.65000000e+00     1.11141628e+03     2.97451405e+02     2.36120847e+02     1.23371957e+02   
    3.08000000e+04     7.70000000e+00     1.11142294e+03     3.02698087e+02     2.37227121e+02     1.23531525e+02   
    3.10000000e+04     7.75000000e+00     1.11143133e+03     3.00708081e+02     2.37895158e+02     1.24218544e+02   
    3.12000000e+04     7.80000000e+00     1.11142933e+03     2.98321757e+02     2.37230582e+02     1.24145273e+02   
    3.14000000e+04     7.85000000e+00     1.11142226e+03     2.97015646e+02     2.37793916e+02     1.23796483e+02   
    3.16000000e+04     7.90000000e+00     1.11139016e+03     3.02423906e+02     2.34936270e+02     1.21189658e+02   
    3.18000000e+04     7.95000000e+00     1.11139697e+03     3.02541606e+02     2.37941347e+02     1.24345292e+02   
    3.20000000e+04     8.00000000e+00     1.11139127e+03     3.03253441e+02     2.37361068e+02     1.22954031e+02   
    3.22000000e+04     8.05000000e+00     1.11140696e+03     2.99583852e+02     2.38812056e+02     1.23331261e+02   
    3.24000000e+04     8.10000000e+00     1.11139880e+03     3.00497442e+02     2.35783504e+02     1.22787612e+02   
    3.26000000e+04     8.15000000e+00     1.11140672e+03     2.99466784e+02     2.37551484e+02     1.23398817e+02   
    3.28000000e+04     8.20000000e+00     1.11139671e+03     3.02330688e+02     2.34813619e+02     1.22273919e+02   
    3.30000000e+04     8.25000000e+00     1.11140550e+03     2.99809511e+02     2.37427766e+02     1.24046582e+02   
    3.32000000e+04     8.30000000e+00     1.11139878e+03     2.99150539e+02     2.35675793e+02     1.22409923e+02   
    3.34000000e+04     8.35000000e+00     1.11141248e+03     2.99307921e+02     2.37875465e+02     1.26928901e+02   
    3.36000000e+04     8.40000000e+00     1.11140884e+03     2.97716862e+02     2.36536011e+02     1.23136888e+02   
    3.38000000e+04     8.45000000e+00     1.11141853e+03     2.98424321e+02     2.35892842e+02     1.24125128e+02   
    3.40000000e+04     8.50000000e+00     1.11142307e+03     3.01985455e+02     2.34542178e+02     1.21086615e+02   
    3.42000000e+04     8.55000000e+00     1.11142097e+03     2.97726092e+02     2.36483915e+02     1.26553467e+02   
    3.44000000e+04     8.60000000e+00     1.11141808e+03     2.99828517e+02     2.36569276e+02     1.23551788e+02   
    3.46000000e+04     8.65000000e+00     1.11141844e+03     2.99565156e+02     2.35608736e+02     1.25533539e+02   
    3.48000000e+04     8.70000000e+00     1.11140260e+03     2.98799800e+02     2.36433904e+02     1.23991571e+02   
    3.50000000e+04     8.75000000e+00     1.11139190e+03     2.99997082e+02     2.36568549e+02     1.25922303e+02   
    3.52000000e+04     8.80000000e+00     1.11139536e+03     3.01521979e+02     2.36957443e+02     1.25218898e+02   
    3.54000000e+04     8.85000000e+00     1.11139295e+03     2.99219746e+02     2.35020991e+02     1.22418505e+02   
    3.56000000e+04     8.90000000e+00     1.11140905e+03     2.97413039e+02     2.36572525e+02     1.24931333e+02   
    3.58000000e+04     8.95000000e+00     1.11140252e+03     3.01039184e+02     2.34758894e+02     1.22257692e+02   
    3.60000000e+04     9.00000000e+00     1.11142680e+03     2.99494204e+02     2.38160086e+02     1.26572620e+02   
    3.62000000e+04     9.05000000e+00     1.11141821e+03     3.01711609e+02     2.36790231e+02     1.24571044e+02   
    3.64000000e+04     9.10000000e+00     1.11141497e+03     3.00658471e+02     2.38059603e+02     1.26047097e+02   
    3.66000000e+04     9.15000000e+00     1.11143128e+03     3.01397460e+02     2.38087146e+02     1.25813686e+02   
    3.68000000e+04     9.20000000e+00     1.11142869e+03     3.01573767e+02     2.36637225e+02     1.24424897e+02   
    3.70000000e+04     9.25000000e+00     1.11142646e+03     2.98960945e+02     2.37707845e+02     1.26837266e+02   
    3.72000000e+04     9.30000000e+00     1.11141462e+03     2.99663557e+02     2.35397100e+02     1.24324988e+02   
    3.74000000e+04     9.35000000e+00     1.11141492e+03     3.02535554e+02     2.37258349e+02     1.24621915e+02   
    3.76000000e+04     9.40000000e+00     1.11141527e+03     3.01369279e+02     2.36416729e+02     1.25549758e+02   
    3.78000000e+04     9.45000000e+00     1.11141474e+03     2.97215284e+02     2.35811805e+02     1.25642649e+02   
    3.80000000e+04     9.50000000e+00     1.11141811e+03     3.01240542e+02     2.36383116e+02     1.27268378e+02   
    3.82000000e+04     9.55000000e+00     1.11141279e+03     2.98402813e+02     2.35980899e+02     1.25969519e+02   
    3.84000000e+04     9.60000000e+00     1.11141622e+03     2.98768685e+02     2.38020624e+02     1.27645071e+02   
    3.86000000e+04     9.65000000e+00     1.11141953e+03     3.00473304e+02     2.35269097e+02     1.24197456e+02   
    3.88000000e+04     9.70000000e+00     1.11141582e+03     3.01659141e+02     2.35887495e+02     1.25689693e+02   
    3.90000000e+04     9.75000000e+00     1.11142288e+03     3.02390939e+02     2.37102759e+02     1.27561967e+02   
    3.92000000e+04     9.80000000e+00     1.11142715e+03     2.97328081e+02     2.38015059e+02     1.27999196e+02   
    3.94000000e+04     9.85000000e+00     1.11142706e+03     2.98528844e+02     2.35211659e+02     1.24455592e+02   
    3.96000000e+04     9.90000000e+00     1.11142325e+03     3.01577804e+02     2.35370812e+02     1.26236607e+02   
    3.98000000e+04     9.95000000e+00     1.11142340e+03     2.98139701e+02     2.36027020e+02     1.27139806e+02   
    4.00000000e+04     1.00000000e+01     1.11143400e+03     2.99161192e+02     2.37773171e+02     1.29843220e+02   
    4.02000000e+04     1.00500000e+01     1.11142286e+03     3.01254727e+02     2.35644038e+02     1.24774805e+02   
    4.04000000e+04     1.01000000e+01     1.11142828e+03     2.99272986e+02     2.38580439e+02     1.28191564e+02   
    4.06000000e+04     1.01500000e+01     1.11142161e+03     2.97808115e+02     2.36465929e+02     1.26754526e+02   
    4.08000000e+04     1.02000000e+01     1.11141711e+03     2.98484911e+02     2.36488723e+02     1.25657832e+02   
    4.10000000e+04     1.02500000e+01     1.11140552e+03     3.01978986e+02     2.34678951e+02     1.23993771e+02   
    4.12000000e+04     1.03000000e+01     1.11141056e+03     3.01323131e+02     2.36917809e+02     1.25892966e+02   
    4.14000000e+04     1.03500000e+01     1.11140875e+03     2.99566659e+02     2.33760725e+02     1.24247778e+02   
    4.16000000e+04     1.04000000e+01     1.11143344e+03     2.98505347e+02     2.35678368e+02     1.26334331e+02   
    4.18000000e+04     1.04500000e+01     1.11144500e+03     2.99564375e+02     2.37218177e+02     1.25812327e+02   
    4.20000000e+04     1.05000000e+01     1.11144002e+03     2.99865382e+02     2.36533452e+02     1.26238330e+02   
    4.22000000e+04     1.05500000e+01     1.11143964e+03     3.01024605e+02     2.37077828e+02     1.26742390e+02   
    4.24000000e+04     1.06000000e+01     1.11143505e+03     3.00869345e+02     2.36853325e+02     1.25592970e+02   
    4.26000000e+04     1.06500000e+01     1.11144310e+03     3.02544728e+02     2.37678060e+02     1.25975470e+02   
    4.28000000e+04     1.07000000e+01     1.11143712e+03     2.98659335e+02     2.37231744e+02     1.26206880e+02   
    4.30000000e+04     1.07500000e+01     1.11144159e+03     2.97559828e+02     2.37031599e+02     1.22936276e+02   
    4.32000000e+04     1.08000000e+01     1.11144056e+03     3.01520679e+02     2.36726076e+02     1.23989968e+02   
    4.34000000e+04     1.08500000e+01     1.11142953e+03     3.00302192e+02     2.35988052e+02     1.23623644e+02   
    4.36000000e+04     1.09000000e+01     1.11141719e+03     3.00926535e+02     2.34662813e+02     1.22938465e+02   
    4.38000000e+04     1.09500000e+01     1.11141663e+03     2.98459796e+02     2.35702676e+02     1.23570779e+02   
    4.40000000e+04     1.10000000e+01     1.11141507e+03     3.00878357e+02     2.35959482e+02     1.21917806e+02   
    4.42000000e+04     1.10500000e+01     1.11142533e+03     3.00671630e+02     2.36676551e+02     1.25233620e+02   
    4.44000000e+04     1.11000000e+01     1.11141293e+03     3.00862161e+02     2.36788382e+02     1.25796652e+02   
    4.46000000e+04     1.11500000e+01     1.11140868e+03     3.01014397e+02     2.34934012e+02     1.22747712e+02   
    4.48000000e+04     1.12000000e+01     1.11141808e+03     2.97711918e+02     2.38743170e+02     1.25904686e+02   
    4.50000000e+04     1.12500000e+01     1.11139100e+03     2.97553306e+02     2.33856359e+02     1.20637510e+02   
    4.52000000e+04     1.13000000e+01     1.11140637e+03     3.01463671e+02     2.37193889e+02     1.24885392e+02   
    4.54000000e+04     1.13500000e+01     1.11140076e+03     2.99256425e+02     2.35164932e+02     1.22178524e+02   
    4.56000000e+04     1.14000000e+01     1.11141035e+03     2.98946899e+02     2.35732717e+02     1.21720479e+02   
    4.58000000e+04     1.14500000e+01     1.11141844e+03     3.01000492e+02     2.37018561e+02     1.22901619e+02   
    4.60000000e+04     1.15000000e+01     1.11142895e+03     2.97838637e+02     2.37432743e+02     1.25915664e+02   
    4.62000000e+04     1.15500000e+01     1.11140872e+03     2.96647998e+02     2.33502839e+02     1.21263809e+02   
    4.64000000e+04     1.16000000e+01     1.11141241e+03     3.00638027e+02     2.35696090e+02     1.22202451e+02   
    4.66000000e+04     1.16500000e+01     1.11140723e+03     3.03311729e+02     2.37630659e+02     1.23710787e+02   
    4.68000000e+04     1.17000000e+01     1.11139694e+03     3.00264577e+02     2.36484801e+02     1.22019263e+02   
    4.70000000e+04     1.17500000e+01     1.11139588e+03     2.97880144e+02     2.34585992e+02     1.21295662e+02   
    4.72000000e+04     1.18000000e+01     1.11141101e+03     3.01030462e+02     2.36031525e+02     1.21542826e+02   
    4.74000000e+04     1.18500000e+01     1.11141111e+03     3.01633027e+02     2.36058376e+02     1.21461235e+02   
    4.76000000e+04     1.19000000e+01     1.11142579e+03     3.01387159e+02     2.37915119e+02     1.24137122e+02   
    4.78000000e+04     1.19500000e+01     1.11141686e+03     3.02571493e+02     2.37572837e+02     1.24474148e+02   
    4.80000000e+04     1.20000000e+01     1.11142223e+03     3.02582558e+02     2.36270034e+02     1.23576508e+02   
    4.82000000e+04     1.20500000e+01     1.11143851e+03     3.01998080e+02     2.37648036e+02     1.25312570e+02   
    4.84000000e+04     1.21000000e+01     1.11142916e+03     2.97532787e+02     2.35630332e+02     1.24069265e+02   
    4.86000000e+04     1.21500000e+01     1.11143000e+03     3.02265360e+02     2.35259872e+02     1.23080048e+02   
    4.88000000e+04     1.22000000e+01     1.11143005e+03     3.03970143e+02     2.35487187e+02     1.22931678e+02   
    4.90000000e+04     1.22500000e+01     1.11143253e+03     3.02401708e+02     2.34946807e+02     1.22625969e+02   
    4.92000000e+04     1.23000000e+01     1.11142921e+03     2.97833171e+02     2.35543567e+02     1.24330662e+02   
    4.94000000e+04     1.23500000e+01     1.11142354e+03     3.00516825e+02     2.35907956e+02     1.23787813e+02   
    4.96000000e+04     1.24000000e+01     1.11141189e+03     3.00502895e+02     2.35646458e+02     1.22660272e+02   
    4.98000000e+04     1.24500000e+01     1.11140547e+03     2.99762977e+02     2.35442714e+02     1.23792198e+02   
    5.00000000e+04     1.25000000e+01     1.11139921e+03     3.00562306e+02     2.35810728e+02     1.23213998e+02   
    5.02000000e+04     1.25500000e+01     1.11140577e+03     2.98056465e+02     2.37037120e+02     1.24403002e+02   
    5.04000000e+04     1.26000000e+01     1.11142570e+03     3.01780377e+02     2.38700884e+02     1.27027292e+02   
    5.06000000e+04     1.26500000e+01     1.11141211e+03     2.96382733e+02     2.35626430e+02     1.23886063e+02   
    5.08000000e+04     1.27000000e+01     1.11141467e+03     3.01377995e+02     2.36398950e+02     1.24338819e+02   
    5.10000000e+04     1.27500000e+01     1.11142335e+03     2.99819353e+02     2.38332969e+02     1.26845516e+02   
    5.12000000e+04     1.28000000e+01     1.11143150e+03     2.99318922e+02     2.38236615e+02     1.25353636e+02   
    5.14000000e+04     1.28500000e+01     1.11143429e+03     2.99378222e+02     2.38057544e+02     1.26303756e+02   
    5.16000000e+04     1.29000000e+01     1.11142587e+03     3.02384206e+02     2.37886580e+02     1.24836397e+02   
    5.18000000e+04     1.29500000e+01     1.11141559e+03     3.00830994e+02     2.35530289e+02     1.22870146e+02   
    5.20000000e+04     1.30000000e+01     1.11142417e+03     3.00352044e+02     2.37441873e+02     1.23939634e+02   
    5.22000000e+04     1.30500000e+01     1.11143386e+03     2.99203470e+02     2.36099569e+02     1.24069834e+02   
    5.24000000e+04     1.31000000e+01     1.11143559e+03     2.97949161e+02     2.36336537e+02     1.25426520e+02   
    5.26000000e+04     1.31500000e+01     1.11143137e+03     2.98532058e+02     2.36722213e+02     1.24863181e+02   
    5.28000000e+04     1.32000000e+01     1.11141970e+03     3.00776239e+02     2.36153074e+02     1.23628125e+02   
    5.30000000e+04     1.32500000e+01     1.11140806e+03     2.98862372e+02     2.36782027e+02     1.24432026e+02   
    5.32000000e+04     1.33000000e+01     1.11141889e+03     3.01987571e+02     2.36453132e+02     1.24666826e+02   
    5.34000000e+04     1.33500000e+01     1.11141055e+03     3.00099787e+02     2.36361802e+02     1.24307812e+02   
    5.36000000e+04     1.34000000e+01     1.11141650e+03     3.01872105e+02     2.37584235e+02     1.23458494e+02   
    5.38000000e+04     1.34500000e+01     1.11142385e+03     3.00949426e+02     2.37910277e+02     1.26107396e+02   
    5.40000000e+04     1.35000000e+01     1.11142238e+03     3.01001911e+02     2.37427423e+02     1.24246655e+02   
    5.42000000e+04     1.35500000e+01     1.11143083e+03     3.00987369e+02     2.37394308e+02     1.25725976e+02   
    5.44000000e+04     1.36000000e+01     1.11142267e+03     2.98525090e+02     2.37153119e+02     1.24718025e+02   
    5.46000000e+04     1.36500000e+01     1.11141550e+03     3.00674237e+02     2.36547477e+02     1.25313286e+02   
    5.48000000e+04     1.37000000e+01     1.11141259e+03     3.01166553e+02     2.35802466e+02     1.23866372e+02   
    5.50000000e+04     1.37500000e+01     1.11141740e+03     2.99338181e+02     2.37406882e+02     1.24678443e+02   
    5.52000000e+04     1.38000000e+01     1.11141220e+03     2.96846435e+02     2.37817871e+02     1.24515422e+02   
    5.54000000e+04     1.38500000e+01     1.11140975e+03     2.99271361e+02     2.37047011e+02     1.24364754e+02   
    5.56000000e+04     1.39000000e+01     1.11139704e+03     3.00302769e+02     2.34374867e+02     1.21706404e+02   
    5.58000000e+04     1.39500000e+01     1.11139145e+03     3.01296512e+02     2.34728798e+02     1.20435449e+02   
    5.60000000e+04     1.40000000e+01     1.11139712e+03     2.97724568e+02     2.35351742e+02     1.22669465e+02   
    5.62000000e+04     1.40500000e+01     1.11140465e+03     2.99491614e+02     2.35202366e+02     1.21109457e+02   
    5.64000000e+04     1.41000000e+01     1.11141923e+03     2.99488876e+02     2.36547761e+02     1.24081446e+02   
    5.66000000e+04     1.41500000e+01     1.11142561e+03     3.00643476e+02     2.36413080e+02     1.23407078e+02   
    5.68000000e+04     1.42000000e+01     1.11142486e+03     3.00628835e+02     2.36078032e+02     1.25330543e+02   
    5.70000000e+04     1.42500000e+01     1.11142953e+03     3.01124793e+02     2.35954067e+02     1.23960475e+02   
    5.72000000e+04     1.43000000e+01     1.11144300e+03     2.98574581e+02     2.38038959e+02     1.26594670e+02   
    5.74000000e+04     1.43500000e+01     1.11143999e+03     2.98765238e+02     2.37507038e+02     1.25977841e+02   
    5.76000000e+04     1.44000000e+01     1.11143726e+03     2.95935094e+02     2.35143260e+02     1.24021061e+02   
    5.78000000e+04     1.44500000e+01     1.11144255e+03     2.99023376e+02     2.38323294e+02     1.24039045e+02   
    5.80000000e+04     1.45000000e+01     1.11145083e+03     2.98508634e+02     2.37780576e+02     1.23202677e+02   
    5.82000000e+04     1.45500000e+01     1.11145219e+03     2.99672837e+02     2.36268585e+02     1.24111132e+02   
    5.84000000e+04     1.46000000e+01     1.11146393e+03     2.96423050e+02     2.37492202e+02     1.24897026e+02   
    5.86000000e+04     1.46500000e+01     1.11148325e+03     2.95977503e+02     2.35657003e+02     1.23894692e+02   
    5.88000000e+04     1.47000000e+01     1.11148817e+03     2.99277096e+02     2.35517227e+02     1.23132156e+02   
    5.90000000e+04     1.47500000e+01     1.11149568e+03     2.97219919e+02     2.36742899e+02     1.23983079e+02   
    5.92000000e+04     1.48000000e+01     1.11149733e+03     2.98511799e+02     2.37149804e+02     1.24432120e+02   
    5.94000000e+04     1.48500000e+01     1.11148622e+03     3.00658139e+02     2.35557444e+02     1.22964372e+02   
    5.96000000e+04     1.49000000e+01     1.11149669e+03     2.97307252e+02     2.36975591e+02     1.23153744e+02   
    5.98000000e+04     1.49500000e+01     1.11149999e+03     2.98086422e+02     2.37294251e+02     1.24796334e+02   
    6.00000000e+04     1.50000000e+01     1.11148347e+03     2.99743357e+02     2.36679742e+02     1.23337315e+02   
    6.02000000e+04     1.50500000e+01     1.11147738e+03     2.98302593e+02     2.33548852e+02     1.20132662e+02   
    6.04000000e+04     1.51000000e+01     1.11149247e+03     2.98861394e+02     2.36633987e+02     1.22123730e+02   
    6.06000000e+04     1.51500000e+01     1.11149726e+03     2.96507541e+02     2.37943648e+02     1.25288582e+02   
    6.08000000e+04     1.52000000e+01     1.11149157e+03     2.97920268e+02     2.35575324e+02     1.23189774e+02   
    6.10000000e+04     1.52500000e+01     1.11149397e+03     2.97566249e+02     2.37526541e+02     1.24090530e+02   
    6.12000000e+04     1.53000000e+01     1.11148276e+03     3.01949349e+02     2.35050400e+02     1.21202448e+02   
    6.14000000e+04     1.53500000e+01     1.11147364e+03     2.98156517e+02     2.34459842e+02     1.20618213e+02   
    6.16000000e+04     1.54000000e+01     1.11147345e+03     2.98446932e+02     2.36714734e+02     1.23863987e+02   
    6.18000000e+04     1.54500000e+01     1.11146568e+03     3.00170876e+02     2.34948619e+02     1.22560555e+02   
    6.20000000e+04     1.55000000e+01     1.11147210e+03     3.00450849e+02     2.35783327e+02     1.23485206e+02   
    6.22000000e+04     1.55500000e+01     1.11147292e+03     3.02322239e+02     2.37115009e+02     1.23195802e+02   
    6.24000000e+04     1.56000000e+01     1.11147340e+03     3.00842081e+02     2.37381303e+02     1.22851617e+02   
    6.26000000e+04     1.56500000e+01     1.11146902e+03     2.98464553e+02     2.36176235e+02     1.21351985e+02   
    6.28000000e+04     1.57000000e+01     1.11146440e+03     2.99711741e+02     2.36143131e+02     1.23938641e+02   
    6.30000000e+04     1.57500000e+01     1.11147250e+03     2.96194093e+02     2.37188505e+02     1.24102871e+02   
    6.32000000e+04     1.58000000e+01     1.11146219e+03     2.97681827e+02     2.34825428e+02     1.22263603e+02   
    6.34000000e+04     1.58500000e+01     1.11146620e+03     2.98288042e+02     2.36468641e+02     1.22161297e+02   
    6.36000000e+04     1.59000000e+01     1.11147433e+03     2.98044230e+02     2.38034051e+02     1.24551630e+02   
    6.38000000e+04     1.59500000e+01     1.11146958e+03     2.99331617e+02     2.36517083e+02     1.21866949e+02   
    6.40000000e+04     1.60000000e+01     1.11147920e+03     2.99561591e+02     2.36431187e+02     1.22535466e+02   
    6.42000000e+04     1.60500000e+01     1.11148075e+03     2.96867074e+02     2.36528578e+02     1.23227878e+02   
    6.44000000e+04     1.61000000e+01     1.11147772e+03     3.00701264e+02     2.35041350e+02     1.22597956e+02   
    6.46000000e+04     1.61500000e+01     1.11147620e+03     3.00260014e+02     2.36022418e+02     1.20761875e+02   
    6.48000000e+04     1.62000000e+01     1.11147863e+03     2.99884939e+02     2.34625500e+02     1.21046792e+02   
    6.50000000e+04     1.62500000e+01     1.11149082e+03     3.01007615e+02     2.36450904e+02     1.22383729e+02   
    6.52000000e+04     1.63000000e+01     1.11149718e+03     2.98262506e+02     2.37667047e+02     1.23792645e+02   
    6.54000000e+04     1.63500000e+01     1.11150484e+03     3.00422370e+02     2.38623969e+02     1.24242504e+02   
    6.56000000e+04     1.64000000e+01     1.11148807e+03     2.96599772e+02     2.35913505e+02     1.21963913e+02   
    6.58000000e+04     1.64500000e+01     1.11149248e+03     2.99461949e+02     2.38093389e+02     1.24902497e+02   
    6.60000000e+04     1.65000000e+01     1.11148858e+03     2.95097195e+02     2.36273101e+02     1.23357905e+02   
    6.62000000e+04     1.65500000e+01     1.11148990e+03     3.01170194e+02     2.36924176e+02     1.23785810e+02   
    6.64000000e+04     1.66000000e+01     1.11149704e+03     3.00983816e+02     2.35606626e+02     1.23012998e+02   
    6.66000000e+04     1.66500000e+01     1.11150953e+03     3.01511493e+02     2.36535211e+02     1.24100213e+02   
    6.68000000e+04     1.67000000e+01     1.11151196e+03     2.98482948e+02     2.35668060e+02     1.23103592e+02   
    6.70000000e+04     1.67500000e+01     1.11151439e+03     2.97870400e+02     2.35166194e+02     1.22462037e+02   
    6.72000000e+04     1.68000000e+01     1.11152372e+03     2.98103298e+02     2.36977384e+02     1.23871035e+02   
    6.74000000e+04     1.68500000e+01     1.11150920e+03     2.98011419e+02     2.34028132e+02     1.20649741e+02   
    6.76000000e+04     1.69000000e+01     1.11151121e+03     2.98944198e+02     2.35018799e+02     1.21035805e+02   
    6.78000000e+04     1.69500000e+01     1.11150942e+03     3.00291032e+02     2.34048791e+02     1.19982062e+02   
    6.80000000e+04     1.70000000e+01     1.11151263e+03     3.00318655e+02     2.35430692e+02     1.20785213e+02   
    6.82000000e+04     1.70500000e+01     1.11150707e+03     2.95502696e+02     2.35405156e+02     1.23685745e+02   
    6.84000000e+04     1.71000000e+01     1.11150904e+03     2.99285236e+02     2.35909701e+02     1.25096970e+02   
    6.86000000e+04     1.71500000e+01     1.11150474e+03     3.00485612e+02     2.36498503e+02     1.24586276e+02   
    6.88000000e+04     1.72000000e+01     1.11150401e+03     3.01429893e+02     2.35336491e+02     1.23737480e+02   
    6.90000000e+04     1.72500000e+01     1.11151324e+03     3.02982427e+02     2.38357945e+02     1.25406367e+02   
    6.92000000e+04     1.73000000e+01     1.11150584e+03     2.99406441e+02     2.36570170e+02     1.25026329e+02   
    6.94000000e+04     1.73500000e+01     1.11150758e+03     2.98570124e+02     2.36596357e+02     1.22876167e+02   
    6.96000000e+04     1.74000000e+01     1.11150856e+03     3.01106786e+02     2.36191827e+02     1.21822252e+02   
    6.98000000e+04     1.74500000e+01     1.11150782e+03     2.98575261e+02     2.36077697e+02     1.22232120e+02   
    7.00000000e+04     1.75000000e+01     1.11150881e+03     2.99284791e+02     2.35025593e+02     1.22165271e+02   
    7.02000000e+04     1.75500000e+01     1.11151831e+03     2.97896843e+02     2.37172424e+02     1.24589434e+02   
    7.04000000e+04     1.76000000e+01     1.11151402e+03     3.00443065e+02     2.34524120e+02     1.21863661e+02   
    7.06000000e+04     1.76500000e+01     1.11151884e+03     2.99683230e+02     2.36014856e+02     1.24166863e+02   
    7.08000000e+04     1.77000000e+01     1.11150479e+03     3.00691572e+02     2.32885734e+02     1.21214226e+02   
    7.10000000e+04     1.77500000e+01     1.11151088e+03     2.96533462e+02     2.35215285e+02     1.23660225e+02   
    7.12000000e+04     1.78000000e+01     1.11152423e+03     3.02394109e+02     2.38079935e+02     1.24643990e+02   
    7.14000000e+04     1.78500000e+01     1.11151988e+03     2.99336021e+02     2.36300218e+02     1.23520853e+02   
    7.16000000e+04     1.79000000e+01     1.11153382e+03     3.02546717e+02     2.38363309e+02     1.26254365e+02   
    7.18000000e+04     1.79500000e+01     1.11153096e+03     2.98160093e+02     2.35031401e+02     1.23843517e+02   
    7.20000000e+04     1.80000000e+01     1.11154145e+03     2.99172353e+02     2.37223422e+02     1.24301445e+02   
    7.22000000e+04     1.80500000e+01     1.11152924e+03     2.98995418e+02     2.36649415e+02     1.23085548e+02   
    7.24000000e+04     1.81000000e+01     1.11152302e+03     2.98472284e+02     2.36295045e+02     1.23594212e+02   
    7.26000000e+04     1.81500000e+01     1.11153859e+03     2.99068030e+02     2.36213791e+02     1.23422185e+02   
    7.28000000e+04     1.82000000e+01     1.11154551e+03     3.00094451e+02     2.37111169e+02     1.25947998e+02   
    7.30000000e+04     1.82500000e+01     1.11153892e+03     2.99390037e+02     2.34409991e+02     1.22162505e+02   
    7.32000000e+04     1.83000000e+01     1.11156031e+03     2.98196095e+02     2.36755184e+02     1.26023792e+02   
    7.34000000e+04     1.83500000e+01     1.11155689e+03     2.98180774e+02     2.34330161e+02     1.21831504e+02   
    7.36000000e+04     1.84000000e+01     1.11157220e+03     3.00840801e+02     2.36609352e+02     1.25075114e+02   
    7.38000000e+04     1.84500000e+01     1.11156533e+03     3.00106035e+02     2.35325307e+02     1.25544987e+02   
    7.40000000e+04     1.85000000e+01     1.11155802e+03     2.96366573e+02     2.34869836e+02     1.24583985e+02   
    7.42000000e+04     1.85500000e+01     1.11155730e+03     3.00469665e+02     2.35871348e+02     1.26236415e+02   
    7.44000000e+04     1.86000000e+01     1.11156064e+03     3.00566168e+02     2.36851594e+02     1.26059056e+02   
    7.46000000e+04     1.86500000e+01     1.11155575e+03     2.98021939e+02     2.34810998e+02     1.23165993e+02   
    7.48000000e+04     1.87000000e+01     1.11157350e+03     3.01808620e+02     2.35476424e+02     1.22480208e+02   
    7.50000000e+04     1.87500000e+01     1.11158023e+03     2.97401015e+02     2.36868585e+02     1.24314539e+02   
    7.52000000e+04     1.88000000e+01     1.11158451e+03     3.01105746e+02     2.36680565e+02     1.23498149e+02   
    7.54000000e+04     1.88500000e+01     1.11160032e+03     2.98846901e+02     2.36245652e+02     1.25297374e+02   
    7.56000000e+04     1.89000000e+01     1.11159599e+03     2.96403082e+02     2.35503567e+02     1.24180238e+02   
    7.58000000e+04     1.89500000e+01     1.11158805e+03     2.97964551e+02     2.33670073e+02     1.22511617e+02   
    7.60000000e+04     1.90000000e+01     1.11159295e+03     2.97537087e+02     2.36535248e+02     1.25049558e+02   
    7.62000000e+04     1.90500000e+01     1.11159039e+03     2.99962937e+02     2.36856607e+02     1.24128779e+02   
    7.64000000e+04     1.91000000e+01     1.11159904e+03     2.96864481e+02     2.36721621e+02     1.24736772e+02   
    7.66000000e+04     1.91500000e+01     1.11161014e+03     2.99769127e+02     2.37693931e+02     1.26902497e+02   
    7.68000000e+04     1.92000000e+01     1.11161405e+03     2.98744732e+02     2.35926117e+02     1.24547514e+02   
    7.70000000e+04     1.92500000e+01     1.11162426e+03     2.97577500e+02     2.35924657e+02     1.25150266e+02   
    7.72000000e+04     1.93000000e+01     1.11162188e+03     3.01243526e+02     2.37688928e+02     1.26357978e+02   
    7.74000000e+04     1.93500000e+01     1.11161372e+03     2.97662202e+02     2.36748087e+02     1.25456989e+02   
    7.76000000e+04     1.94000000e+01     1.11161378e+03     2.95867033e+02     2.36001048e+02     1.24950777e+02   
    7.78000000e+04     1.94500000e+01     1.11161237e+03     3.01171454e+02     2.34796176e+02     1.21430615e+02   
    7.80000000e+04     1.95000000e+01     1.11161887e+03     2.99072929e+02     2.36927824e+02     1.25337421e+02   
    7.82000000e+04     1.95500000e+01     1.11160832e+03     2.97538054e+02     2.36070816e+02     1.25655200e+02   
    7.84000000e+04     1.96000000e+01     1.11160578e+03     2.98401951e+02     2.36038674e+02     1.25796115e+02   
    7.86000000e+04     1.96500000e+01     1.11160731e+03     2.98366613e+02     2.36280290e+02     1.25705450e+02   
    7.88000000e+04     1.97000000e+01     1.11161772e+03     2.99895032e+02     2.36896147e+02     1.25843398e+02   
    7.90000000e+04     1.97500000e+01     1.11161177e+03     3.01804041e+02     2.35531327e+02     1.22905428e+02   
    7.92000000e+04     1.98000000e+01     1.11161241e+03     2.96027466e+02     2.36783901e+02     1.23908241e+02   
    7.94000000e+04     1.98500000e+01     1.11161456e+03     3.00024659e+02     2.36386509e+02     1.23440360e+02   
    7.96000000e+04     1.99000000e+01     1.11163775e+03     3.02163124e+02     2.36165261e+02     1.23137905e+02   
    7.98000000e+04     1.99500000e+01     1.11164361e+03     3.01608327e+02     2.35361753e+02     1.23841189e+02   
    8.00000000e+04     2.00000000e+01     1.11164898e+03     2.97839680e+02     2.34374508e+02     1.22586934e+02   
