# column   1     --> step : The current simulation time step.
# column   2     --> time{picosecond} : The elapsed simulation time.
# column   3     --> conserved{electronvolt} : The value of the conserved energy quantity per bead.
# column   4     --> temperature{kelvin} : The current temperature, as obtained from the MD kinetic energy.
# column   5     --> kinetic_cv{electronvolt} : The centroid-virial quantum kinetic energy of the physical system.
# column   6     --> potential{electronvolt} : The physical system potential energy.
    0.00000000e+00     0.00000000e+00     1.11585107e+03     3.04273373e+02     2.35886378e+02     1.26127241e+02   
    2.00000000e+02     5.00000000e-02     1.11584494e+03     2.99219363e+02     2.36157262e+02     1.25287941e+02   
    4.00000000e+02     1.00000000e-01     1.11583756e+03     3.02598749e+02     2.34596078e+02     1.22551061e+02   
    6.00000000e+02     1.50000000e-01     1.11584046e+03     3.01681645e+02     2.34479489e+02     1.22313597e+02   
    8.00000000e+02     2.00000000e-01     1.11585042e+03     3.03254158e+02     2.36750471e+02     1.24002552e+02   
    1.00000000e+03     2.50000000e-01     1.11584030e+03     3.05684639e+02     2.35183671e+02     1.23645717e+02   
    1.20000000e+03     3.00000000e-01     1.11583840e+03     3.00705036e+02     2.35625493e+02     1.24384697e+02   
    1.40000000e+03     3.50000000e-01     1.11583375e+03     3.03048756e+02     2.36689573e+02     1.24754280e+02   
    1.60000000e+03     4.00000000e-01     1.11583557e+03     3.00230086e+02     2.36279520e+02     1.24768817e+02   
    1.80000000e+03     4.50000000e-01     1.11582086e+03     3.01282347e+02     2.34619665e+02     1.23760943e+02   
    2.00000000e+03     5.00000000e-01     1.11582263e+03     3.00626299e+02     2.35423347e+02     1.23790470e+02   
    2.20000000e+03     5.50000000e-01     1.11583192e+03     2.96892324e+02     2.37951765e+02     1.25814981e+02   
    2.40000000e+03     6.00000000e-01     1.11583016e+03     3.01744595e+02     2.36776118e+02     1.24509468e+02   
    2.60000000e+03     6.50000000e-01     1.11583955e+03     3.01278490e+02     2.35633323e+02     1.22274305e+02   
    2.80000000e+03     7.00000000e-01     1.11584718e+03     3.04032771e+02     2.35728898e+02     1.24472671e+02   
    3.00000000e+03     7.50000000e-01     1.11584708e+03     3.00419522e+02     2.34586838e+02     1.21270633e+02   
    3.20000000e+03     8.00000000e-01     1.11585698e+03     3.01061432e+02     2.34982977e+02     1.22713726e+02   
    3.40000000e+03     8.50000000e-01     1.11586554e+03     3.04350009e+02     2.37079021e+02     1.22763782e+02   
    3.60000000e+03     9.00000000e-01     1.11587666e+03     3.00740456e+02     2.35627413e+02     1.24001038e+02   
    3.80000000e+03     9.50000000e-01     1.11587103e+03     3.03058173e+02     2.37336612e+02     1.25050184e+02   
    4.00000000e+03     1.00000000e+00     1.11586846e+03     3.02503661e+02     2.34705856e+02     1.23635143e+02   
    4.20000000e+03     1.05000000e+00     1.11586032e+03     3.01664938e+02     2.35413084e+02     1.24855258e+02   
    4.40000000e+03     1.10000000e+00     1.11584458e+03     3.00053560e+02     2.35098239e+02     1.22918156e+02   
    4.60000000e+03     1.15000000e+00     1.11583600e+03     3.00504223e+02     2.36197116e+02     1.26170402e+02   
    4.80000000e+03     1.20000000e+00     1.11583386e+03     3.02276666e+02     2.37817634e+02     1.26097141e+02   
    5.00000000e+03     1.25000000e+00     1.11583509e+03     3.01266821e+02     2.35583891e+02     1.24711722e+02   
    5.20000000e+03     1.30000000e+00     1.11584785e+03     3.03463764e+02     2.35252164e+02     1.24155363e+02   
    5.40000000e+03     1.35000000e+00     1.11585377e+03     3.03946154e+02     2.36044799e+02     1.24995244e+02   
    5.60000000e+03     1.40000000e+00     1.11585381e+03     3.03291153e+02     2.36455632e+02     1.25857335e+02   
    5.80000000e+03     1.45000000e+00     1.11584373e+03     3.00384982e+02     2.36890816e+02     1.27311053e+02   
    6.00000000e+03     1.50000000e+00     1.11584214e+03     3.02794496e+02     2.37741545e+02     1.28338922e+02   
    6.20000000e+03     1.55000000e+00     1.11583383e+03     2.99609672e+02     2.36024943e+02     1.26081277e+02   
    6.40000000e+03     1.60000000e+00     1.11584261e+03     3.02725491e+02     2.36961656e+02     1.25816970e+02   
    6.60000000e+03     1.65000000e+00     1.11583717e+03     3.00758649e+02     2.35975431e+02     1.24292527e+02   
    6.80000000e+03     1.70000000e+00     1.11583737e+03     3.01524723e+02     2.36944397e+02     1.25373675e+02   
    7.00000000e+03     1.75000000e+00     1.11584399e+03     3.03284778e+02     2.34219801e+02     1.23230730e+02   
    7.20000000e+03     1.80000000e+00     1.11584701e+03     3.01852613e+02     2.36626005e+02     1.25683844e+02   
    7.40000000e+03     1.85000000e+00     1.11585235e+03     2.98849480e+02     2.39016930e+02     1.28234446e+02   
    7.60000000e+03     1.90000000e+00     1.11584151e+03     3.05238762e+02     2.36222183e+02     1.24976734e+02   
    7.80000000e+03     1.95000000e+00     1.11584136e+03     3.06359110e+02     2.35828209e+02     1.24284769e+02   
    8.00000000e+03     2.00000000e+00     1.11584628e+03     3.04760761e+02     2.35162205e+02     1.24246972e+02   
    8.20000000e+03     2.05000000e+00     1.11585438e+03     3.02501156e+02     2.36453963e+02     1.24552921e+02   
    8.40000000e+03     2.10000000e+00     1.11585410e+03     3.03561566e+02     2.34125893e+02     1.25452237e+02   
    8.60000000e+03     2.15000000e+00     1.11586841e+03     3.01343674e+02     2.36092961e+02     1.24387647e+02   
    8.80000000e+03     2.20000000e+00     1.11585834e+03     3.00707841e+02     2.35199338e+02     1.22905177e+02   
    9.00000000e+03     2.25000000e+00     1.11585940e+03     3.01278539e+02     2.35313912e+02     1.23505819e+02   
    9.20000000e+03     2.30000000e+00     1.11585715e+03     3.04166339e+02     2.36036170e+02     1.25518847e+02   
    9.40000000e+03     2.35000000e+00     1.11585338e+03     3.01437587e+02     2.34943043e+02     1.24289323e+02   
    9.60000000e+03     2.40000000e+00     1.11586110e+03     3.02238532e+02     2.37238224e+02     1.26655384e+02   
    9.80000000e+03     2.45000000e+00     1.11585342e+03     3.03825691e+02     2.36243417e+02     1.24833736e+02   
    1.00000000e+04     2.50000000e+00     1.11585595e+03     3.01666366e+02     2.34891652e+02     1.26320743e+02   
    1.02000000e+04     2.55000000e+00     1.11587040e+03     2.99314741e+02     2.36881364e+02     1.28181076e+02   
    1.04000000e+04     2.60000000e+00     1.11587509e+03     3.00456313e+02     2.36347569e+02     1.27731639e+02   
    1.06000000e+04     2.65000000e+00     1.11586207e+03     3.05547007e+02     2.35490424e+02     1.24512059e+02   
    1.08000000e+04     2.70000000e+00     1.11586070e+03     2.98768476e+02     2.36619200e+02     1.27957770e+02   
    1.10000000e+04     2.75000000e+00     1.11585258e+03     3.04415619e+02     2.38322413e+02     1.27798998e+02   
    1.12000000e+04     2.80000000e+00     1.11583506e+03     3.02068949e+02     2.37120689e+02     1.27355586e+02   
    1.14000000e+04     2.85000000e+00     1.11581122e+03     3.08236208e+02     2.34637180e+02     1.22164107e+02   
    1.16000000e+04     2.90000000e+00     1.11581685e+03     3.04947787e+02     2.36066110e+02     1.24828115e+02   
    1.18000000e+04     2.95000000e+00     1.11581079e+03     2.99139858e+02     2.36300355e+02     1.26080937e+02   
    1.20000000e+04     3.00000000e+00     1.11580715e+03     3.02016848e+02     2.35403958e+02     1.24950104e+02   
    1.22000000e+04     3.05000000e+00     1.11580084e+03     3.01480233e+02     2.36277679e+02     1.25875366e+02   
    1.24000000e+04     3.10000000e+00     1.11580506e+03     3.02158338e+02     2.36229085e+02     1.27299142e+02   
    1.26000000e+04     3.15000000e+00     1.11580363e+03     3.01245560e+02     2.36941211e+02     1.26924342e+02   
    1.28000000e+04     3.20000000e+00     1.11581532e+03     2.97258429e+02     2.37038051e+02     1.27022365e+02   
    1.30000000e+04     3.25000000e+00     1.11582184e+03     3.03491764e+02     2.37506984e+02     1.25911310e+02   
    1.32000000e+04     3.30000000e+00     1.11580946e+03     3.02232408e+02     2.34610660e+02     1.21935927e+02   
    1.34000000e+04     3.35000000e+00     1.11581201e+03     3.00216357e+02     2.35561053e+02     1.24188607e+02   
    1.36000000e+04     3.40000000e+00     1.11581528e+03     3.03264558e+02     2.35257513e+02     1.23104441e+02   
    1.38000000e+04     3.45000000e+00     1.11583880e+03     3.05403266e+02     2.36658114e+02     1.26275290e+02   
    1.40000000e+04     3.50000000e+00     1.11583174e+03     3.04181044e+02     2.35486336e+02     1.24268936e+02   
    1.42000000e+04     3.55000000e+00     1.11583503e+03     3.04142867e+02     2.34761141e+02     1.23972940e+02   
    1.44000000e+04     3.60000000e+00     1.11583111e+03     3.01224313e+02     2.33543877e+02     1.23711567e+02   
    1.46000000e+04     3.65000000e+00     1.11584996e+03     2.99374178e+02     2.36771412e+02     1.26439424e+02   
    1.48000000e+04     3.70000000e+00     1.11585717e+03     3.03131674e+02     2.37034919e+02     1.25636081e+02   
    1.50000000e+04     3.75000000e+00     1.11584980e+03     3.04239740e+02     2.34663605e+02     1.23878145e+02   
    1.52000000e+04     3.80000000e+00     1.11584439e+03     3.02607918e+02     2.35799188e+02     1.24699844e+02   
    1.54000000e+04     3.85000000e+00     1.11585094e+03     3.00865765e+02     2.36891358e+02     1.26802812e+02   
    1.56000000e+04     3.90000000e+00     1.11584067e+03     3.04642549e+02     2.33833714e+02     1.23123363e+02   
    1.58000000e+04     3.95000000e+00     1.11584950e+03     3.02116436e+02     2.36167718e+02     1.26274500e+02   
    1.60000000e+04     4.00000000e+00     1.11583845e+03     3.04337911e+02     2.35641247e+02     1.23558168e+02   
    1.62000000e+04     4.05000000e+00     1.11583230e+03     3.00258347e+02     2.35255694e+02     1.24007756e+02   
    1.64000000e+04     4.10000000e+00     1.11582130e+03     3.03387679e+02     2.36477893e+02     1.24644795e+02   
    1.66000000e+04     4.15000000e+00     1.11581750e+03     3.00710080e+02     2.35074349e+02     1.24561781e+02   
    1.68000000e+04     4.20000000e+00     1.11582351e+03     2.99558674e+02     2.34175218e+02     1.25800154e+02   
    1.70000000e+04     4.25000000e+00     1.11584050e+03     2.96119225e+02     2.36989818e+02     1.26038101e+02   
    1.72000000e+04     4.30000000e+00     1.11584025e+03     2.99325170e+02     2.35440387e+02     1.26028221e+02   
    1.74000000e+04     4.35000000e+00     1.11584405e+03     2.99937243e+02     2.34740309e+02     1.24272204e+02   
    1.76000000e+04     4.40000000e+00     1.11587450e+03     2.99105685e+02     2.37631828e+02     1.28774941e+02   
    1.78000000e+04     4.45000000e+00     1.11587805e+03     3.02183942e+02     2.35980008e+02     1.26221219e+02   
    1.80000000e+04     4.50000000e+00     1.11589538e+03     3.00372520e+02     2.38238978e+02     1.27722887e+02   
    1.82000000e+04     4.55000000e+00     1.11589250e+03     3.01439774e+02     2.36214478e+02     1.25001288e+02   
    1.84000000e+04     4.60000000e+00     1.11589294e+03     3.02375241e+02     2.35115680e+02     1.24228292e+02   
    1.86000000e+04     4.65000000e+00     1.11589732e+03     3.01115613e+02     2.36019557e+02     1.27229248e+02   
    1.88000000e+04     4.70000000e+00     1.11589885e+03     3.04186473e+02     2.36239344e+02     1.27905544e+02   
    1.90000000e+04     4.75000000e+00     1.11590004e+03     3.00039006e+02     2.37295411e+02     1.31705358e+02   
    1.92000000e+04     4.80000000e+00     1.11588381e+03     3.01675657e+02     2.35787364e+02     1.27685941e+02   
    1.94000000e+04     4.85000000e+00     1.11589153e+03     3.01650206e+02     2.37205646e+02     1.29728811e+02   
    1.96000000e+04     4.90000000e+00     1.11590289e+03     3.02616583e+02     2.38046039e+02     1.29678404e+02   
    1.98000000e+04     4.95000000e+00     1.11590631e+03     3.05529475e+02     2.35701731e+02     1.27396315e+02   
    2.00000000e+04     5.00000000e+00     1.11591476e+03     3.01352347e+02     2.35641653e+02     1.27735488e+02   
    2.02000000e+04     5.05000000e+00     1.11591065e+03     3.03048451e+02     2.35944637e+02     1.27281147e+02   
    2.04000000e+04     5.10000000e+00     1.11590079e+03     3.03232539e+02     2.36710907e+02     1.29485438e+02   
    2.06000000e+04     5.15000000e+00     1.11590080e+03     3.01223595e+02     2.37158366e+02     1.30335620e+02   
    2.08000000e+04     5.20000000e+00     1.11590718e+03     3.02611581e+02     2.37411000e+02     1.30865451e+02   
    2.10000000e+04     5.25000000e+00     1.11590170e+03     3.00832119e+02     2.34511647e+02     1.26841983e+02   
    2.12000000e+04     5.30000000e+00     1.11592084e+03     3.00948476e+02     2.38040072e+02     1.30144438e+02   
    2.14000000e+04     5.35000000e+00     1.11590778e+03     3.02811033e+02     2.37330323e+02     1.28209751e+02   
    2.16000000e+04     5.40000000e+00     1.11589367e+03     3.01402930e+02     2.35990714e+02     1.27806020e+02   
    2.18000000e+04     5.45000000e+00     1.11589118e+03     3.01114156e+02     2.35163618e+02     1.25157657e+02   
    2.20000000e+04     5.50000000e+00     1.11588923e+03     3.01928530e+02     2.35011888e+02     1.25239107e+02   
    2.22000000e+04     5.55000000e+00     1.11590332e+03     3.02824852e+02     2.35841005e+02     1.25586811e+02   
    2.24000000e+04     5.60000000e+00     1.11590544e+03     2.99071697e+02     2.34422676e+02     1.24094431e+02   
    2.26000000e+04     5.65000000e+00     1.11590747e+03     2.98474665e+02     2.36093233e+02     1.24996941e+02   
    2.28000000e+04     5.70000000e+00     1.11591999e+03     3.00901384e+02     2.38097639e+02     1.27480139e+02   
    2.30000000e+04     5.75000000e+00     1.11592527e+03     3.05429710e+02     2.38427876e+02     1.27857434e+02   
    2.32000000e+04     5.80000000e+00     1.11592988e+03     3.01121215e+02     2.37484372e+02     1.27528273e+02   
    2.34000000e+04     5.85000000e+00     1.11592542e+03     3.01633851e+02     2.35668901e+02     1.25026856e+02   
    2.36000000e+04     5.90000000e+00     1.11593732e+03     3.04862344e+02     2.35448253e+02     1.24097694e+02   
    2.38000000e+04     5.95000000e+00     1.11594823e+03     3.00291188e+02     2.37202858e+02     1.25160184e+02   
    2.40000000e+04     6.00000000e+00     1.11594381e+03     3.03195828e+02     2.37527124e+02     1.27001291e+02   
    2.42000000e+04     6.05000000e+00     1.11593770e+03     3.02369812e+02     2.36827132e+02     1.24060723e+02   
    2.44000000e+04     6.10000000e+00     1.11592914e+03     3.03688794e+02     2.34848637e+02     1.24065802e+02   
    2.46000000e+04     6.15000000e+00     1.11593439e+03     3.02072753e+02     2.37845856e+02     1.26059393e+02   
    2.48000000e+04     6.20000000e+00     1.11591856e+03     2.99915611e+02     2.36704347e+02     1.25930483e+02   
    2.50000000e+04     6.25000000e+00     1.11592161e+03     3.00880452e+02     2.36228289e+02     1.24828241e+02   
    2.52000000e+04     6.30000000e+00     1.11593442e+03     2.98853221e+02     2.36382014e+02     1.27335657e+02   
    2.54000000e+04     6.35000000e+00     1.11593622e+03     2.96780332e+02     2.35756515e+02     1.26043103e+02   
    2.56000000e+04     6.40000000e+00     1.11593822e+03     3.02825984e+02     2.34920795e+02     1.25001435e+02   
    2.58000000e+04     6.45000000e+00     1.11594287e+03     2.99591882e+02     2.35975439e+02     1.25543509e+02   
    2.60000000e+04     6.50000000e+00     1.11594863e+03     3.01354021e+02     2.37562916e+02     1.28237446e+02   
    2.62000000e+04     6.55000000e+00     1.11593855e+03     2.99419931e+02     2.37926705e+02     1.29315447e+02   
    2.64000000e+04     6.60000000e+00     1.11593207e+03     2.97907417e+02     2.37100790e+02     1.27609863e+02   
    2.66000000e+04     6.65000000e+00     1.11592275e+03     3.00589589e+02     2.35183805e+02     1.25766157e+02   
    2.68000000e+04     6.70000000e+00     1.11594296e+03     3.02602262e+02     2.37825864e+02     1.29841400e+02   
    2.70000000e+04     6.75000000e+00     1.11594965e+03     2.98687958e+02     2.34490030e+02     1.26813608e+02   
    2.72000000e+04     6.80000000e+00     1.11596333e+03     2.99164536e+02     2.35576605e+02     1.27164157e+02   
    2.74000000e+04     6.85000000e+00     1.11595508e+03     2.98582446e+02     2.34947056e+02     1.25679645e+02   
    2.76000000e+04     6.90000000e+00     1.11596369e+03     2.97720629e+02     2.37000578e+02     1.27848210e+02   
    2.78000000e+04     6.95000000e+00     1.11596130e+03     2.96679770e+02     2.38368525e+02     1.30355707e+02   
    2.80000000e+04     7.00000000e+00     1.11593956e+03     2.99244201e+02     2.36423173e+02     1.26375598e+02   
    2.82000000e+04     7.05000000e+00     1.11594291e+03     2.94657555e+02     2.36495418e+02     1.27449507e+02   
    2.84000000e+04     7.10000000e+00     1.11595111e+03     2.97213457e+02     2.36781582e+02     1.26911716e+02   
    2.86000000e+04     7.15000000e+00     1.11595509e+03     3.00445217e+02     2.37265172e+02     1.28259969e+02   
    2.88000000e+04     7.20000000e+00     1.11593944e+03     3.00253623e+02     2.35752682e+02     1.27146575e+02   
    2.90000000e+04     7.25000000e+00     1.11593374e+03     2.99416235e+02     2.34646038e+02     1.26383132e+02   
    2.92000000e+04     7.30000000e+00     1.11594595e+03     2.98116122e+02     2.36296732e+02     1.28460495e+02   
    2.94000000e+04     7.35000000e+00     1.11594797e+03     2.99240606e+02     2.36621097e+02     1.27157057e+02   
    2.96000000e+04     7.40000000e+00     1.11595866e+03     3.00734282e+02     2.38682489e+02     1.28507269e+02   
    2.98000000e+04     7.45000000e+00     1.11594844e+03     3.01545925e+02     2.36194263e+02     1.25727819e+02   
    3.00000000e+04     7.50000000e+00     1.11595461e+03     3.01363268e+02     2.36360676e+02     1.25902702e+02   
    3.02000000e+04     7.55000000e+00     1.11595216e+03     3.03245457e+02     2.36512334e+02     1.25050067e+02   
    3.04000000e+04     7.60000000e+00     1.11595862e+03     3.02014700e+02     2.35208311e+02     1.22364788e+02   
    3.06000000e+04     7.65000000e+00     1.11596955e+03     2.98212528e+02     2.35412922e+02     1.23250593e+02   
    3.08000000e+04     7.70000000e+00     1.11597625e+03     3.03044525e+02     2.35959487e+02     1.23189677e+02   
    3.10000000e+04     7.75000000e+00     1.11597022e+03     3.01503513e+02     2.37477828e+02     1.23557122e+02   
    3.12000000e+04     7.80000000e+00     1.11597298e+03     3.01679946e+02     2.37578421e+02     1.24111330e+02   
    3.14000000e+04     7.85000000e+00     1.11598287e+03     2.99588681e+02     2.38406967e+02     1.25790022e+02   
    3.16000000e+04     7.90000000e+00     1.11596793e+03     3.04008535e+02     2.34355713e+02     1.21525541e+02   
    3.18000000e+04     7.95000000e+00     1.11597590e+03     3.02161342e+02     2.36901252e+02     1.22970120e+02   
    3.20000000e+04     8.00000000e+00     1.11597810e+03     3.03979234e+02     2.36832794e+02     1.22825546e+02   
    3.22000000e+04     8.05000000e+00     1.11598622e+03     3.01521863e+02     2.38078164e+02     1.24373566e+02   
    3.24000000e+04     8.10000000e+00     1.11598768e+03     3.02043122e+02     2.35828694e+02     1.22974293e+02   
    3.26000000e+04     8.15000000e+00     1.11599869e+03     3.00846616e+02     2.36578801e+02     1.24921489e+02   
    3.28000000e+04     8.20000000e+00     1.11600325e+03     3.03543874e+02     2.36858234e+02     1.23163736e+02   
    3.30000000e+04     8.25000000e+00     1.11601116e+03     3.01132162e+02     2.37495891e+02     1.25047811e+02   
    3.32000000e+04     8.30000000e+00     1.11601057e+03     3.00226467e+02     2.36433443e+02     1.23294887e+02   
    3.34000000e+04     8.35000000e+00     1.11601264e+03     3.00946027e+02     2.37621991e+02     1.24977820e+02   
    3.36000000e+04     8.40000000e+00     1.11601888e+03     2.97497085e+02     2.36513630e+02     1.23305264e+02   
    3.38000000e+04     8.45000000e+00     1.11603092e+03     2.99323003e+02     2.38264664e+02     1.24591149e+02   
    3.40000000e+04     8.50000000e+00     1.11602052e+03     3.00657732e+02     2.35757605e+02     1.24225359e+02   
    3.42000000e+04     8.55000000e+00     1.11600823e+03     2.99228285e+02     2.36462346e+02     1.22634933e+02   
    3.44000000e+04     8.60000000e+00     1.11601746e+03     3.00025218e+02     2.37858024e+02     1.24708024e+02   
    3.46000000e+04     8.65000000e+00     1.11599489e+03     3.00941252e+02     2.34715378e+02     1.20461257e+02   
    3.48000000e+04     8.70000000e+00     1.11598150e+03     2.98581690e+02     2.35411088e+02     1.22065960e+02   
    3.50000000e+04     8.75000000e+00     1.11597393e+03     3.00502298e+02     2.36914489e+02     1.23829459e+02   
    3.52000000e+04     8.80000000e+00     1.11597030e+03     3.01422939e+02     2.35740769e+02     1.22025785e+02   
    3.54000000e+04     8.85000000e+00     1.11598516e+03     2.99524898e+02     2.35914059e+02     1.23664015e+02   
    3.56000000e+04     8.90000000e+00     1.11601155e+03     2.99516719e+02     2.38103792e+02     1.26767392e+02   
    3.58000000e+04     8.95000000e+00     1.11601300e+03     3.02672377e+02     2.34809741e+02     1.24683681e+02   
    3.60000000e+04     9.00000000e+00     1.11601503e+03     3.01864725e+02     2.37950873e+02     1.25742591e+02   
    3.62000000e+04     9.05000000e+00     1.11601448e+03     3.03173808e+02     2.36316658e+02     1.24083807e+02   
    3.64000000e+04     9.10000000e+00     1.11602280e+03     3.02077033e+02     2.37548649e+02     1.25436988e+02   
    3.66000000e+04     9.15000000e+00     1.11603157e+03     3.02446153e+02     2.37001444e+02     1.24885039e+02   
    3.68000000e+04     9.20000000e+00     1.11601125e+03     3.01426529e+02     2.36287424e+02     1.22029901e+02   
    3.70000000e+04     9.25000000e+00     1.11601297e+03     3.00693602e+02     2.36925214e+02     1.20871890e+02   
    3.72000000e+04     9.30000000e+00     1.11601754e+03     3.00944898e+02     2.34882686e+02     1.21212707e+02   
    3.74000000e+04     9.35000000e+00     1.11601589e+03     3.05073645e+02     2.35273753e+02     1.21799916e+02   
    3.76000000e+04     9.40000000e+00     1.11601369e+03     3.01676823e+02     2.35669871e+02     1.23627776e+02   
    3.78000000e+04     9.45000000e+00     1.11602683e+03     2.98324434e+02     2.36210567e+02     1.24253066e+02   
    3.80000000e+04     9.50000000e+00     1.11603411e+03     3.02084065e+02     2.36164624e+02     1.25960109e+02   
    3.82000000e+04     9.55000000e+00     1.11604234e+03     2.97705276e+02     2.38088717e+02     1.26565284e+02   
    3.84000000e+04     9.60000000e+00     1.11603131e+03     2.98722516e+02     2.35864856e+02     1.26051675e+02   
    3.86000000e+04     9.65000000e+00     1.11602277e+03     2.99664325e+02     2.35516293e+02     1.23618558e+02   
    3.88000000e+04     9.70000000e+00     1.11603140e+03     2.98899312e+02     2.36925501e+02     1.26163020e+02   
    3.90000000e+04     9.75000000e+00     1.11602413e+03     3.02463029e+02     2.36658878e+02     1.25749266e+02   
    3.92000000e+04     9.80000000e+00     1.11602229e+03     2.97975677e+02     2.37184705e+02     1.24992353e+02   
    3.94000000e+04     9.85000000e+00     1.11600679e+03     2.96485387e+02     2.35029016e+02     1.24975020e+02   
    3.96000000e+04     9.90000000e+00     1.11601929e+03     3.01906521e+02     2.35972711e+02     1.23925964e+02   
    3.98000000e+04     9.95000000e+00     1.11604430e+03     2.98867589e+02     2.38345140e+02     1.27299739e+02   
    4.00000000e+04     1.00000000e+01     1.11604107e+03     2.99340384e+02     2.36595834e+02     1.26753391e+02   
    4.02000000e+04     1.00500000e+01     1.11604071e+03     3.01005402e+02     2.36369456e+02     1.26401187e+02   
    4.04000000e+04     1.01000000e+01     1.11604560e+03     3.00009801e+02     2.35737106e+02     1.26386733e+02   
    4.06000000e+04     1.01500000e+01     1.11605414e+03     2.97693248e+02     2.37968690e+02     1.27891264e+02   
    4.08000000e+04     1.02000000e+01     1.11604426e+03     2.97774737e+02     2.35546702e+02     1.25609676e+02   
    4.10000000e+04     1.02500000e+01     1.11604772e+03     3.00168698e+02     2.36442079e+02     1.26438698e+02   
    4.12000000e+04     1.03000000e+01     1.11604751e+03     3.00259134e+02     2.36492167e+02     1.25837233e+02   
    4.14000000e+04     1.03500000e+01     1.11603542e+03     2.99279067e+02     2.34873956e+02     1.22995084e+02   
    4.16000000e+04     1.04000000e+01     1.11603693e+03     2.99063054e+02     2.35845800e+02     1.25887526e+02   
    4.18000000e+04     1.04500000e+01     1.11604499e+03     2.99699442e+02     2.36291084e+02     1.25910923e+02   
    4.20000000e+04     1.05000000e+01     1.11605325e+03     2.98700030e+02     2.38066205e+02     1.27439700e+02   
    4.22000000e+04     1.05500000e+01     1.11604905e+03     3.01996195e+02     2.35418565e+02     1.26740702e+02   
    4.24000000e+04     1.06000000e+01     1.11603173e+03     3.01499498e+02     2.35647163e+02     1.24527498e+02   
    4.26000000e+04     1.06500000e+01     1.11603046e+03     3.02199092e+02     2.36249692e+02     1.25049703e+02   
    4.28000000e+04     1.07000000e+01     1.11602934e+03     2.99178383e+02     2.38955044e+02     1.27921617e+02   
    4.30000000e+04     1.07500000e+01     1.11602036e+03     2.97823621e+02     2.35417460e+02     1.23188612e+02   
    4.32000000e+04     1.08000000e+01     1.11602900e+03     3.00878151e+02     2.37758273e+02     1.26130532e+02   
    4.34000000e+04     1.08500000e+01     1.11603759e+03     3.00336309e+02     2.37849576e+02     1.24600503e+02   
    4.36000000e+04     1.09000000e+01     1.11602529e+03     3.01840563e+02     2.33800663e+02     1.21198613e+02   
    4.38000000e+04     1.09500000e+01     1.11603017e+03     3.01171269e+02     2.33261409e+02     1.19841085e+02   
    4.40000000e+04     1.10000000e+01     1.11604098e+03     3.01622375e+02     2.35544628e+02     1.23783057e+02   
    4.42000000e+04     1.10500000e+01     1.11604742e+03     3.01709165e+02     2.35389286e+02     1.22862799e+02   
    4.44000000e+04     1.11000000e+01     1.11603750e+03     3.01566637e+02     2.34078030e+02     1.22234342e+02   
    4.46000000e+04     1.11500000e+01     1.11604107e+03     3.00592112e+02     2.36208956e+02     1.22794047e+02   
    4.48000000e+04     1.12000000e+01     1.11604689e+03     2.98560101e+02     2.37827391e+02     1.24576694e+02   
    4.50000000e+04     1.12500000e+01     1.11602966e+03     2.98283479e+02     2.34135688e+02     1.20366802e+02   
    4.52000000e+04     1.13000000e+01     1.11603514e+03     3.02199824e+02     2.37248393e+02     1.25638500e+02   
    4.54000000e+04     1.13500000e+01     1.11602407e+03     3.00914625e+02     2.37001363e+02     1.24683247e+02   
    4.56000000e+04     1.14000000e+01     1.11600187e+03     3.02316999e+02     2.35105440e+02     1.21730380e+02   
    4.58000000e+04     1.14500000e+01     1.11600339e+03     3.00950260e+02     2.36889649e+02     1.23979494e+02   
    4.60000000e+04     1.15000000e+01     1.11601067e+03     3.00775367e+02     2.36424978e+02     1.23720332e+02   
    4.62000000e+04     1.15500000e+01     1.11600591e+03     2.97794628e+02     2.33330389e+02     1.22028779e+02   
    4.64000000e+04     1.16000000e+01     1.11601547e+03     3.00857656e+02     2.37059171e+02     1.25178863e+02   
    4.66000000e+04     1.16500000e+01     1.11601689e+03     3.03239974e+02     2.37114788e+02     1.25209495e+02   
    4.68000000e+04     1.17000000e+01     1.11600945e+03     3.02465363e+02     2.35424952e+02     1.21884638e+02   
    4.70000000e+04     1.17500000e+01     1.11601151e+03     2.99035033e+02     2.36520334e+02     1.23800268e+02   
    4.72000000e+04     1.18000000e+01     1.11601081e+03     3.01390788e+02     2.37190519e+02     1.22251757e+02   
    4.74000000e+04     1.18500000e+01     1.11600253e+03     3.03800283e+02     2.36236009e+02     1.20646095e+02   
    4.76000000e+04     1.19000000e+01     1.11600467e+03     3.01462032e+02     2.37666697e+02     1.25313754e+02   
    4.78000000e+04     1.19500000e+01     1.11600208e+03     3.03390805e+02     2.35984614e+02     1.23175801e+02   
    4.80000000e+04     1.20000000e+01     1.11601102e+03     3.02712527e+02     2.36652672e+02     1.24053314e+02   
    4.82000000e+04     1.20500000e+01     1.11600956e+03     3.04202326e+02     2.35913076e+02     1.21324993e+02   
    4.84000000e+04     1.21000000e+01     1.11600837e+03     2.97329587e+02     2.36406695e+02     1.22859065e+02   
    4.86000000e+04     1.21500000e+01     1.11599956e+03     3.03140774e+02     2.36003127e+02     1.20240168e+02   
    4.88000000e+04     1.22000000e+01     1.11599199e+03     3.05359853e+02     2.36811011e+02     1.21366473e+02   
    4.90000000e+04     1.22500000e+01     1.11597783e+03     3.05118588e+02     2.35171096e+02     1.18214362e+02   
    4.92000000e+04     1.23000000e+01     1.11598953e+03     2.99633506e+02     2.35747280e+02     1.21634530e+02   
    4.94000000e+04     1.23500000e+01     1.11599787e+03     3.01380003e+02     2.35105631e+02     1.20730138e+02   
    4.96000000e+04     1.24000000e+01     1.11601654e+03     3.01571791e+02     2.37698276e+02     1.23084920e+02   
    4.98000000e+04     1.24500000e+01     1.11601401e+03     3.00143338e+02     2.35588426e+02     1.20810089e+02   
    5.00000000e+04     1.25000000e+01     1.11601158e+03     2.99883952e+02     2.35267870e+02     1.22301577e+02   
    5.02000000e+04     1.25500000e+01     1.11600711e+03     2.98965642e+02     2.34701662e+02     1.22897773e+02   
    5.04000000e+04     1.26000000e+01     1.11602057e+03     3.03307141e+02     2.38118917e+02     1.27345357e+02   
    5.06000000e+04     1.26500000e+01     1.11601499e+03     2.98072328e+02     2.36342055e+02     1.23931670e+02   
    5.08000000e+04     1.27000000e+01     1.11602465e+03     3.02000795e+02     2.35682288e+02     1.24461509e+02   
    5.10000000e+04     1.27500000e+01     1.11602718e+03     3.00531305e+02     2.36371632e+02     1.24609524e+02   
    5.12000000e+04     1.28000000e+01     1.11603484e+03     2.98861027e+02     2.36267111e+02     1.25636370e+02   
    5.14000000e+04     1.28500000e+01     1.11604604e+03     3.00003386e+02     2.37058629e+02     1.25827871e+02   
    5.16000000e+04     1.29000000e+01     1.11604716e+03     3.02851316e+02     2.37645088e+02     1.26762373e+02   
    5.18000000e+04     1.29500000e+01     1.11604137e+03     3.02663636e+02     2.36583499e+02     1.24925816e+02   
    5.20000000e+04     1.30000000e+01     1.11603331e+03     2.99785630e+02     2.36974754e+02     1.26716794e+02   
    5.22000000e+04     1.30500000e+01     1.11601727e+03     2.99978051e+02     2.35795992e+02     1.24060602e+02   
    5.24000000e+04     1.31000000e+01     1.11602051e+03     2.97367181e+02     2.36705649e+02     1.25013125e+02   
    5.26000000e+04     1.31500000e+01     1.11602601e+03     2.98581933e+02     2.38009140e+02     1.27273874e+02   
    5.28000000e+04     1.32000000e+01     1.11604011e+03     3.00288188e+02     2.38540990e+02     1.27760374e+02   
    5.30000000e+04     1.32500000e+01     1.11603291e+03     3.01576336e+02     2.36144349e+02     1.24107480e+02   
    5.32000000e+04     1.33000000e+01     1.11605186e+03     3.02701394e+02     2.37122703e+02     1.24937499e+02   
    5.34000000e+04     1.33500000e+01     1.11605245e+03     3.02527499e+02     2.35685822e+02     1.24125289e+02   
    5.36000000e+04     1.34000000e+01     1.11604937e+03     3.02683015e+02     2.38173195e+02     1.25816779e+02   
    5.38000000e+04     1.34500000e+01     1.11603915e+03     3.03449691e+02     2.36603263e+02     1.23716474e+02   
    5.40000000e+04     1.35000000e+01     1.11604332e+03     3.02314429e+02     2.38288077e+02     1.25279173e+02   
    5.42000000e+04     1.35500000e+01     1.11605158e+03     3.03873893e+02     2.38119525e+02     1.26479640e+02   
    5.44000000e+04     1.36000000e+01     1.11605658e+03     3.00357053e+02     2.37560346e+02     1.26253480e+02   
    5.46000000e+04     1.36500000e+01     1.11606342e+03     3.02268534e+02     2.37221996e+02     1.26821426e+02   
    5.48000000e+04     1.37000000e+01     1.11606234e+03     3.02932397e+02     2.36042613e+02     1.25741405e+02   
    5.50000000e+04     1.37500000e+01     1.11606934e+03     3.00674955e+02     2.35770463e+02     1.26359358e+02   
    5.52000000e+04     1.38000000e+01     1.11607623e+03     2.96843154e+02     2.37419592e+02     1.27826998e+02   
    5.54000000e+04     1.38500000e+01     1.11608205e+03     2.99867200e+02     2.35335033e+02     1.26421809e+02   
    5.56000000e+04     1.39000000e+01     1.11606874e+03     3.01868418e+02     2.34371764e+02     1.24368195e+02   
    5.58000000e+04     1.39500000e+01     1.11606046e+03     3.01497487e+02     2.34636855e+02     1.22920303e+02   
    5.60000000e+04     1.40000000e+01     1.11606440e+03     2.98239612e+02     2.35201430e+02     1.23942876e+02   
    5.62000000e+04     1.40500000e+01     1.11606319e+03     3.00436284e+02     2.35364855e+02     1.25429057e+02   
    5.64000000e+04     1.41000000e+01     1.11607773e+03     3.00393580e+02     2.36566144e+02     1.27537377e+02   
    5.66000000e+04     1.41500000e+01     1.11609637e+03     3.01969809e+02     2.37812425e+02     1.28950517e+02   
    5.68000000e+04     1.42000000e+01     1.11608665e+03     3.01486568e+02     2.35245902e+02     1.25986270e+02   
    5.70000000e+04     1.42500000e+01     1.11608888e+03     3.04464639e+02     2.35406768e+02     1.24650695e+02   
    5.72000000e+04     1.43000000e+01     1.11610444e+03     3.00547823e+02     2.37735171e+02     1.28557537e+02   
    5.74000000e+04     1.43500000e+01     1.11609763e+03     2.99730437e+02     2.36969128e+02     1.27227793e+02   
    5.76000000e+04     1.44000000e+01     1.11608672e+03     2.99008780e+02     2.34444304e+02     1.23624329e+02   
    5.78000000e+04     1.44500000e+01     1.11608792e+03     3.01909721e+02     2.37455242e+02     1.26508012e+02   
    5.80000000e+04     1.45000000e+01     1.11608262e+03     2.99847721e+02     2.35370811e+02     1.24781379e+02   
    5.82000000e+04     1.45500000e+01     1.11609751e+03     3.01739095e+02     2.37484887e+02     1.25451674e+02   
    5.84000000e+04     1.46000000e+01     1.11609383e+03     2.99747089e+02     2.35184563e+02     1.23272571e+02   
    5.86000000e+04     1.46500000e+01     1.11609900e+03     2.99605455e+02     2.36873213e+02     1.24190735e+02   
    5.88000000e+04     1.47000000e+01     1.11609254e+03     3.01520378e+02     2.35327539e+02     1.23864701e+02   
    5.90000000e+04     1.47500000e+01     1.11610162e+03     2.99083406e+02     2.38372965e+02     1.25329801e+02   
    5.92000000e+04     1.48000000e+01     1.11608809e+03     3.01664558e+02     2.35589579e+02     1.22722014e+02   
    5.94000000e+04     1.48500000e+01     1.11609280e+03     3.02063669e+02     2.36799935e+02     1.24031320e+02   
    5.96000000e+04     1.49000000e+01     1.11608092e+03     3.00755055e+02     2.36329846e+02     1.22629690e+02   
    5.98000000e+04     1.49500000e+01     1.11609104e+03     2.99441263e+02     2.36505408e+02     1.23904060e+02   
    6.00000000e+04     1.50000000e+01     1.11608465e+03     3.01734241e+02     2.36985509e+02     1.22336560e+02   
    6.02000000e+04     1.50500000e+01     1.11607412e+03     2.99623480e+02     2.34576314e+02     1.22099571e+02   
    6.04000000e+04     1.51000000e+01     1.11609354e+03     3.00748581e+02     2.36507272e+02     1.23462681e+02   
    6.06000000e+04     1.51500000e+01     1.11610445e+03     2.97552221e+02     2.37048681e+02     1.24930408e+02   
    6.08000000e+04     1.52000000e+01     1.11610881e+03     3.00931304e+02     2.36286333e+02     1.23971955e+02   
    6.10000000e+04     1.52500000e+01     1.11612177e+03     2.98669615e+02     2.37874635e+02     1.27112422e+02   
    6.12000000e+04     1.53000000e+01     1.11611968e+03     3.01491932e+02     2.35149263e+02     1.25238098e+02   
    6.14000000e+04     1.53500000e+01     1.11612554e+03     2.99862060e+02     2.35017389e+02     1.20782275e+02   
    6.16000000e+04     1.54000000e+01     1.11614522e+03     2.98787189e+02     2.36485687e+02     1.24347383e+02   
    6.18000000e+04     1.54500000e+01     1.11614890e+03     3.02087378e+02     2.35496753e+02     1.22871222e+02   
    6.20000000e+04     1.55000000e+01     1.11614457e+03     2.99454789e+02     2.35055855e+02     1.24845890e+02   
    6.22000000e+04     1.55500000e+01     1.11613813e+03     3.04349443e+02     2.38061008e+02     1.26253302e+02   
    6.24000000e+04     1.56000000e+01     1.11612845e+03     3.00629100e+02     2.36509346e+02     1.24789174e+02   
    6.26000000e+04     1.56500000e+01     1.11611619e+03     2.97828596e+02     2.34065028e+02     1.23299357e+02   
    6.28000000e+04     1.57000000e+01     1.11612757e+03     3.00376819e+02     2.35661322e+02     1.25311502e+02   
    6.30000000e+04     1.57500000e+01     1.11615014e+03     2.96714148e+02     2.36709690e+02     1.27318056e+02   
    6.32000000e+04     1.58000000e+01     1.11615439e+03     2.97755053e+02     2.34877886e+02     1.24385659e+02   
    6.34000000e+04     1.58500000e+01     1.11616262e+03     2.96796930e+02     2.35665791e+02     1.25962444e+02   
    6.36000000e+04     1.59000000e+01     1.11615847e+03     2.99718054e+02     2.36134735e+02     1.23858602e+02   
    6.38000000e+04     1.59500000e+01     1.11615804e+03     2.99885224e+02     2.35378730e+02     1.24367709e+02   
    6.40000000e+04     1.60000000e+01     1.11614478e+03     2.99876075e+02     2.36780916e+02     1.24455149e+02   
    6.42000000e+04     1.60500000e+01     1.11614646e+03     2.97654234e+02     2.36063353e+02     1.23884151e+02   
    6.44000000e+04     1.61000000e+01     1.11614363e+03     3.01575666e+02     2.36796855e+02     1.24937414e+02   
    6.46000000e+04     1.61500000e+01     1.11614237e+03     3.00778708e+02     2.36649963e+02     1.24390960e+02   
    6.48000000e+04     1.62000000e+01     1.11614448e+03     3.00875593e+02     2.35571007e+02     1.25019724e+02   
    6.50000000e+04     1.62500000e+01     1.11615437e+03     3.01813667e+02     2.36031959e+02     1.25595212e+02   
    6.52000000e+04     1.63000000e+01     1.11616712e+03     2.97536990e+02     2.37741269e+02     1.27407281e+02   
    6.54000000e+04     1.63500000e+01     1.11617764e+03     2.99381320e+02     2.36986420e+02     1.26625548e+02   
    6.56000000e+04     1.64000000e+01     1.11617010e+03     2.95105106e+02     2.36457750e+02     1.25852768e+02   
    6.58000000e+04     1.64500000e+01     1.11617181e+03     3.00377484e+02     2.37874409e+02     1.25683039e+02   
    6.60000000e+04     1.65000000e+01     1.11617711e+03     2.96765907e+02     2.37459800e+02     1.25514941e+02   
    6.62000000e+04     1.65500000e+01     1.11618148e+03     3.01613650e+02     2.38094975e+02     1.28374508e+02   
    6.64000000e+04     1.66000000e+01     1.11616900e+03     3.02137954e+02     2.35485663e+02     1.23767508e+02   
    6.66000000e+04     1.66500000e+01     1.11617302e+03     3.01680129e+02     2.36306847e+02     1.26748891e+02   
    6.68000000e+04     1.67000000e+01     1.11616854e+03     3.01085008e+02     2.36980048e+02     1.25569099e+02   
    6.70000000e+04     1.67500000e+01     1.11615666e+03     2.97606760e+02     2.36812762e+02     1.28501599e+02   
    6.72000000e+04     1.68000000e+01     1.11614834e+03     2.99159474e+02     2.35854321e+02     1.25537788e+02   
    6.74000000e+04     1.68500000e+01     1.11615587e+03     3.00096425e+02     2.35046354e+02     1.25845530e+02   
    6.76000000e+04     1.69000000e+01     1.11617168e+03     3.00954291e+02     2.36254581e+02     1.25232343e+02   
    6.78000000e+04     1.69500000e+01     1.11617386e+03     3.02805783e+02     2.33449521e+02     1.22380764e+02   
    6.80000000e+04     1.70000000e+01     1.11620180e+03     2.99147234e+02     2.37131443e+02     1.27066103e+02   
    6.82000000e+04     1.70500000e+01     1.11620602e+03     2.99888763e+02     2.35576544e+02     1.25956595e+02   
    6.84000000e+04     1.71000000e+01     1.11621507e+03     3.00422618e+02     2.35718765e+02     1.26108783e+02   
    6.86000000e+04     1.71500000e+01     1.11621989e+03     2.99396667e+02     2.37622753e+02     1.26782260e+02   
    6.88000000e+04     1.72000000e+01     1.11621124e+03     3.01759482e+02     2.35282846e+02     1.25172511e+02   
    6.90000000e+04     1.72500000e+01     1.11621676e+03     3.04407204e+02     2.35966096e+02     1.26024347e+02   
    6.92000000e+04     1.73000000e+01     1.11621510e+03     3.00244340e+02     2.36515757e+02     1.26471394e+02   
    6.94000000e+04     1.73500000e+01     1.11621418e+03     2.99439157e+02     2.35676645e+02     1.25617839e+02   
    6.96000000e+04     1.74000000e+01     1.11622551e+03     3.00434618e+02     2.37178630e+02     1.26857771e+02   
    6.98000000e+04     1.74500000e+01     1.11623020e+03     2.99658110e+02     2.35522096e+02     1.25056292e+02   
    7.00000000e+04     1.75000000e+01     1.11622223e+03     3.00702231e+02     2.35328111e+02     1.24610289e+02   
    7.02000000e+04     1.75500000e+01     1.11622315e+03     3.00492536e+02     2.35778333e+02     1.24122849e+02   
    7.04000000e+04     1.76000000e+01     1.11621408e+03     3.02113409e+02     2.33507680e+02     1.21232050e+02   
    7.06000000e+04     1.76500000e+01     1.11622027e+03     3.01447238e+02     2.35725935e+02     1.23085568e+02   
    7.08000000e+04     1.77000000e+01     1.11622424e+03     3.01700696e+02     2.35879400e+02     1.22803669e+02   
    7.10000000e+04     1.77500000e+01     1.11621188e+03     2.99778985e+02     2.34770604e+02     1.20458986e+02   
    7.12000000e+04     1.78000000e+01     1.11622464e+03     3.02677505e+02     2.38889638e+02     1.25178011e+02   
    7.14000000e+04     1.78500000e+01     1.11621873e+03     3.01418559e+02     2.36386367e+02     1.23392336e+02   
    7.16000000e+04     1.79000000e+01     1.11621485e+03     3.04012440e+02     2.38708490e+02     1.27248482e+02   
    7.18000000e+04     1.79500000e+01     1.11620487e+03     3.00328791e+02     2.35268489e+02     1.21783047e+02   
    7.20000000e+04     1.80000000e+01     1.11620045e+03     3.00001966e+02     2.35161740e+02     1.22590225e+02   
    7.22000000e+04     1.80500000e+01     1.11621094e+03     2.99936482e+02     2.37623402e+02     1.24287290e+02   
    7.24000000e+04     1.81000000e+01     1.11620471e+03     2.99435538e+02     2.37770584e+02     1.25188695e+02   
    7.26000000e+04     1.81500000e+01     1.11620702e+03     2.99418747e+02     2.35974418e+02     1.25142246e+02   
    7.28000000e+04     1.82000000e+01     1.11620044e+03     3.01117057e+02     2.35460810e+02     1.22833657e+02   
    7.30000000e+04     1.82500000e+01     1.11619522e+03     3.02031705e+02     2.33345836e+02     1.21895449e+02   
    7.32000000e+04     1.83000000e+01     1.11619551e+03     3.00028231e+02     2.35638442e+02     1.22037957e+02   
    7.34000000e+04     1.83500000e+01     1.11619307e+03     2.98261376e+02     2.35647952e+02     1.24799720e+02   
    7.36000000e+04     1.84000000e+01     1.11620099e+03     3.02550080e+02     2.36469334e+02     1.24528661e+02   
    7.38000000e+04     1.84500000e+01     1.11619327e+03     3.01160884e+02     2.35118533e+02     1.23455988e+02   
    7.40000000e+04     1.85000000e+01     1.11618861e+03     2.98805055e+02     2.34236106e+02     1.23526170e+02   
    7.42000000e+04     1.85500000e+01     1.11618787e+03     3.03036838e+02     2.36168017e+02     1.24865169e+02   
    7.44000000e+04     1.86000000e+01     1.11619532e+03     3.01833138e+02     2.36185286e+02     1.25267175e+02   
    7.46000000e+04     1.86500000e+01     1.11618970e+03     2.99206100e+02     2.36063286e+02     1.23977601e+02   
    7.48000000e+04     1.87000000e+01     1.11619859e+03     3.01197024e+02     2.37821768e+02     1.26395390e+02   
    7.50000000e+04     1.87500000e+01     1.11619119e+03     2.99646105e+02     2.36448190e+02     1.23037590e+02   
    7.52000000e+04     1.88000000e+01     1.11619928e+03     3.01791135e+02     2.36585397e+02     1.24172770e+02   
    7.54000000e+04     1.88500000e+01     1.11619461e+03     2.98330502e+02     2.35454576e+02     1.23949745e+02   
    7.56000000e+04     1.89000000e+01     1.11619964e+03     2.97334477e+02     2.36298192e+02     1.24857181e+02   
    7.58000000e+04     1.89500000e+01     1.11619768e+03     2.98217399e+02     2.35537587e+02     1.24637178e+02   
    7.60000000e+04     1.90000000e+01     1.11619265e+03     3.00119146e+02     2.35908855e+02     1.24370998e+02   
    7.62000000e+04     1.90500000e+01     1.11619592e+03     3.00831841e+02     2.36307028e+02     1.25462567e+02   
    7.64000000e+04     1.91000000e+01     1.11619863e+03     2.97536372e+02     2.37071630e+02     1.23594563e+02   
    7.66000000e+04     1.91500000e+01     1.11621278e+03     3.01016082e+02     2.36206462e+02     1.24429703e+02   
    7.68000000e+04     1.92000000e+01     1.11620442e+03     3.00584709e+02     2.35883058e+02     1.23300236e+02   
    7.70000000e+04     1.92500000e+01     1.11619773e+03     2.98836131e+02     2.36003211e+02     1.25058108e+02   
    7.72000000e+04     1.93000000e+01     1.11619407e+03     3.02072668e+02     2.36796295e+02     1.24990533e+02   
    7.74000000e+04     1.93500000e+01     1.11620492e+03     2.98826031e+02     2.37272228e+02     1.27415520e+02   
    7.76000000e+04     1.94000000e+01     1.11620120e+03     2.97487403e+02     2.35109461e+02     1.22445461e+02   
    7.78000000e+04     1.94500000e+01     1.11621421e+03     3.01194647e+02     2.35767056e+02     1.25324431e+02   
    7.80000000e+04     1.95000000e+01     1.11620800e+03     3.02402332e+02     2.36905942e+02     1.24512091e+02   
    7.82000000e+04     1.95500000e+01     1.11621981e+03     2.99172432e+02     2.35783261e+02     1.26314790e+02   
    7.84000000e+04     1.96000000e+01     1.11623627e+03     3.00515347e+02     2.34575294e+02     1.23942919e+02   
    7.86000000e+04     1.96500000e+01     1.11624958e+03     2.98672221e+02     2.36682431e+02     1.28201463e+02   
    7.88000000e+04     1.97000000e+01     1.11625723e+03     3.00855213e+02     2.35592294e+02     1.28135146e+02   
    7.90000000e+04     1.97500000e+01     1.11624290e+03     3.01964027e+02     2.36290369e+02     1.28043167e+02   
    7.92000000e+04     1.98000000e+01     1.11623594e+03     2.97687280e+02     2.36631606e+02     1.26364508e+02   
    7.94000000e+04     1.98500000e+01     1.11623876e+03     3.00619621e+02     2.36379984e+02     1.25005621e+02   
    7.96000000e+04     1.99000000e+01     1.11623754e+03     3.00388004e+02     2.35886029e+02     1.26605647e+02   
    7.98000000e+04     1.99500000e+01     1.11623328e+03     3.01964099e+02     2.35282568e+02     1.25661729e+02   
    8.00000000e+04     2.00000000e+01     1.11622569e+03     3.00161459e+02     2.34136222e+02     1.24128904e+02   
