# column   1     --> step : The current simulation time step.
# column   2     --> time{picosecond} : The elapsed simulation time.
# column   3     --> conserved{electronvolt} : The value of the conserved energy quantity per bead.
# column   4     --> temperature{kelvin} : The current temperature, as obtained from the MD kinetic energy.
# column   5     --> kinetic_cv{electronvolt} : The centroid-virial quantum kinetic energy of the physical system.
# column   6     --> potential{electronvolt} : The physical system potential energy.
    0.00000000e+00     0.00000000e+00     1.11165907e+03     3.04273373e+02     2.35834868e+02     1.21174601e+02   
    2.00000000e+02     5.00000000e-02     1.11165405e+03     2.97452906e+02     2.36694220e+02     1.23392167e+02   
    4.00000000e+02     1.00000000e-01     1.11163914e+03     3.02152218e+02     2.34298548e+02     1.19715825e+02   
    6.00000000e+02     1.50000000e-01     1.11164767e+03     3.01036656e+02     2.33683688e+02     1.19471560e+02   
    8.00000000e+02     2.00000000e-01     1.11166121e+03     3.01079946e+02     2.36215796e+02     1.23709198e+02   
    1.00000000e+03     2.50000000e-01     1.11167641e+03     3.04423213e+02     2.35908954e+02     1.21921522e+02   
    1.20000000e+03     3.00000000e-01     1.11168308e+03     3.00750068e+02     2.35085708e+02     1.22146278e+02   
    1.40000000e+03     3.50000000e-01     1.11168837e+03     3.02957396e+02     2.35743283e+02     1.23372013e+02   
    1.60000000e+03     4.00000000e-01     1.11170082e+03     2.99255860e+02     2.34779135e+02     1.22724026e+02   
    1.80000000e+03     4.50000000e-01     1.11169796e+03     2.99839806e+02     2.33440222e+02     1.20996929e+02   
    2.00000000e+03     5.00000000e-01     1.11171841e+03     2.97900882e+02     2.37347165e+02     1.25081608e+02   
    2.20000000e+03     5.50000000e-01     1.11172250e+03     2.94396041e+02     2.36916453e+02     1.23548863e+02   
    2.40000000e+03     6.00000000e-01     1.11172259e+03     2.98866674e+02     2.36891564e+02     1.24659924e+02   
    2.60000000e+03     6.50000000e-01     1.11171893e+03     2.99183425e+02     2.36220009e+02     1.22488383e+02   
    2.80000000e+03     7.00000000e-01     1.11171251e+03     3.00905374e+02     2.36792706e+02     1.25149340e+02   
    3.00000000e+03     7.50000000e-01     1.11170710e+03     2.98441557e+02     2.36524172e+02     1.23380475e+02   
    3.20000000e+03     8.00000000e-01     1.11170810e+03     2.98471050e+02     2.36682990e+02     1.23545310e+02   
    3.40000000e+03     8.50000000e-01     1.11171705e+03     2.99815152e+02     2.36084214e+02     1.22543084e+02   
    3.60000000e+03     9.00000000e-01     1.11171840e+03     2.96806282e+02     2.35874498e+02     1.24008272e+02   
    3.80000000e+03     9.50000000e-01     1.11172068e+03     2.99708329e+02     2.36893655e+02     1.23552018e+02   
    4.00000000e+03     1.00000000e+00     1.11171531e+03     2.97956423e+02     2.36067826e+02     1.22893088e+02   
    4.20000000e+03     1.05000000e+00     1.11170843e+03     2.99703304e+02     2.34720531e+02     1.21320776e+02   
    4.40000000e+03     1.10000000e+00     1.11171657e+03     2.98033314e+02     2.34334132e+02     1.20387304e+02   
    4.60000000e+03     1.15000000e+00     1.11173904e+03     2.97289318e+02     2.37658798e+02     1.23645633e+02   
    4.80000000e+03     1.20000000e+00     1.11174201e+03     3.01414526e+02     2.36983048e+02     1.22808976e+02   
    5.00000000e+03     1.25000000e+00     1.11174491e+03     3.00056819e+02     2.35983630e+02     1.21739309e+02   
    5.20000000e+03     1.30000000e+00     1.11174252e+03     3.02224132e+02     2.35071986e+02     1.20951178e+02   
    5.40000000e+03     1.35000000e+00     1.11176350e+03     3.02772238e+02     2.37673830e+02     1.24033641e+02   
    5.60000000e+03     1.40000000e+00     1.11176051e+03     3.01393870e+02     2.36073677e+02     1.22731562e+02   
    5.80000000e+03     1.45000000e+00     1.11174657e+03     2.97869318e+02     2.35042668e+02     1.22904829e+02   
    6.00000000e+03     1.50000000e+00     1.11174083e+03     3.00451020e+02     2.37356920e+02     1.24235479e+02   
    6.20000000e+03     1.55000000e+00     1.11173234e+03     2.97896983e+02     2.37888155e+02     1.24282494e+02   
    6.40000000e+03     1.60000000e+00     1.11173302e+03     3.00072625e+02     2.37151370e+02     1.24465924e+02   
    6.60000000e+03     1.65000000e+00     1.11173739e+03     2.96767332e+02     2.35357837e+02     1.22544112e+02   
    6.80000000e+03     1.70000000e+00     1.11176048e+03     2.99146343e+02     2.36133270e+02     1.22865029e+02   
    7.00000000e+03     1.75000000e+00     1.11177869e+03     3.00612773e+02     2.35334190e+02     1.21754709e+02   
    7.20000000e+03     1.80000000e+00     1.11178597e+03     3.00012227e+02     2.34604528e+02     1.20990306e+02   
    7.40000000e+03     1.85000000e+00     1.11180002e+03     2.95119228e+02     2.38329798e+02     1.26281234e+02   
    7.60000000e+03     1.90000000e+00     1.11178702e+03     3.00840833e+02     2.36063032e+02     1.22823870e+02   
    7.80000000e+03     1.95000000e+00     1.11178099e+03     2.99655788e+02     2.36823628e+02     1.24698701e+02   
    8.00000000e+03     2.00000000e+00     1.11176799e+03     2.99516455e+02     2.37156736e+02     1.23015386e+02   
    8.20000000e+03     2.05000000e+00     1.11176909e+03     2.97265649e+02     2.37578543e+02     1.24399073e+02   
    8.40000000e+03     2.10000000e+00     1.11175860e+03     3.00635289e+02     2.34856909e+02     1.21306155e+02   
    8.60000000e+03     2.15000000e+00     1.11175069e+03     2.97542371e+02     2.35510572e+02     1.22132064e+02   
    8.80000000e+03     2.20000000e+00     1.11173799e+03     2.96843072e+02     2.35662065e+02     1.21135961e+02   
    9.00000000e+03     2.25000000e+00     1.11174042e+03     2.98152995e+02     2.34477035e+02     1.21805826e+02   
    9.20000000e+03     2.30000000e+00     1.11174470e+03     3.01238693e+02     2.35036117e+02     1.22381488e+02   
    9.40000000e+03     2.35000000e+00     1.11175629e+03     2.98282372e+02     2.36579508e+02     1.24832728e+02   
    9.60000000e+03     2.40000000e+00     1.11177014e+03     2.99201351e+02     2.37997658e+02     1.23692022e+02   
    9.80000000e+03     2.45000000e+00     1.11176593e+03     3.00770148e+02     2.35835586e+02     1.22855316e+02   
    1.00000000e+04     2.50000000e+00     1.11175939e+03     2.98655880e+02     2.35546881e+02     1.21488627e+02   
    1.02000000e+04     2.55000000e+00     1.11176455e+03     2.96515396e+02     2.37439385e+02     1.24410064e+02   
    1.04000000e+04     2.60000000e+00     1.11177029e+03     2.98418811e+02     2.38453575e+02     1.23485041e+02   
    1.06000000e+04     2.65000000e+00     1.11175434e+03     3.01869682e+02     2.35700150e+02     1.21920307e+02   
    1.08000000e+04     2.70000000e+00     1.11175020e+03     2.97054276e+02     2.37023394e+02     1.23871052e+02   
    1.10000000e+04     2.75000000e+00     1.11175378e+03     3.01527933e+02     2.39358738e+02     1.25245185e+02   
    1.12000000e+04     2.80000000e+00     1.11174005e+03     2.99634449e+02     2.36855641e+02     1.22807066e+02   
    1.14000000e+04     2.85000000e+00     1.11173429e+03     3.05000518e+02     2.36777607e+02     1.21134862e+02   
    1.16000000e+04     2.90000000e+00     1.11174457e+03     2.99625453e+02     2.36645122e+02     1.24045139e+02   
    1.18000000e+04     2.95000000e+00     1.11173866e+03     2.97573185e+02     2.36621390e+02     1.22586392e+02   
    1.20000000e+04     3.00000000e+00     1.11173341e+03     2.99615839e+02     2.34666947e+02     1.21849354e+02   
    1.22000000e+04     3.05000000e+00     1.11175792e+03     2.97953347e+02     2.36148715e+02     1.23298299e+02   
    1.24000000e+04     3.10000000e+00     1.11177866e+03     2.99371185e+02     2.35094613e+02     1.24678605e+02   
    1.26000000e+04     3.15000000e+00     1.11178380e+03     2.98033024e+02     2.35813495e+02     1.23641448e+02   
    1.28000000e+04     3.20000000e+00     1.11177076e+03     2.94377784e+02     2.37153217e+02     1.26446770e+02   
    1.30000000e+04     3.25000000e+00     1.11176564e+03     2.98498912e+02     2.37879807e+02     1.26357715e+02   
    1.32000000e+04     3.30000000e+00     1.11174322e+03     2.96915566e+02     2.35603348e+02     1.23167590e+02   
    1.34000000e+04     3.35000000e+00     1.11174654e+03     2.98666607e+02     2.36651604e+02     1.23690333e+02   
    1.36000000e+04     3.40000000e+00     1.11175646e+03     3.00809548e+02     2.37028240e+02     1.22798583e+02   
    1.38000000e+04     3.45000000e+00     1.11176343e+03     3.03406097e+02     2.36197407e+02     1.22390038e+02   
    1.40000000e+04     3.50000000e+00     1.11177001e+03     3.00380165e+02     2.37556112e+02     1.24273169e+02   
    1.42000000e+04     3.55000000e+00     1.11176727e+03     3.00221602e+02     2.35615212e+02     1.23365753e+02   
    1.44000000e+04     3.60000000e+00     1.11176344e+03     2.98818718e+02     2.34139497e+02     1.21625208e+02   
    1.46000000e+04     3.65000000e+00     1.11178109e+03     2.97734089e+02     2.35906102e+02     1.24308659e+02   
    1.48000000e+04     3.70000000e+00     1.11178626e+03     2.99830025e+02     2.36273390e+02     1.23405647e+02   
    1.50000000e+04     3.75000000e+00     1.11179685e+03     3.00445628e+02     2.36689672e+02     1.25544624e+02   
    1.52000000e+04     3.80000000e+00     1.11178767e+03     3.00160647e+02     2.35730742e+02     1.23594370e+02   
    1.54000000e+04     3.85000000e+00     1.11180093e+03     2.99732587e+02     2.34910947e+02     1.21973303e+02   
    1.56000000e+04     3.90000000e+00     1.11181396e+03     3.01317575e+02     2.35050219e+02     1.22202942e+02   
    1.58000000e+04     3.95000000e+00     1.11181943e+03     2.99892551e+02     2.34929764e+02     1.24046381e+02   
    1.60000000e+04     4.00000000e+00     1.11182848e+03     3.01307965e+02     2.35636414e+02     1.23469226e+02   
    1.62000000e+04     4.05000000e+00     1.11183787e+03     2.98911831e+02     2.35726228e+02     1.24851439e+02   
    1.64000000e+04     4.10000000e+00     1.11184899e+03     3.00326504e+02     2.36442228e+02     1.24704777e+02   
    1.66000000e+04     4.15000000e+00     1.11186202e+03     2.96862719e+02     2.36021449e+02     1.25024139e+02   
    1.68000000e+04     4.20000000e+00     1.11187485e+03     2.97722970e+02     2.35889853e+02     1.24356835e+02   
    1.70000000e+04     4.25000000e+00     1.11186221e+03     2.95576025e+02     2.35134561e+02     1.23026546e+02   
    1.72000000e+04     4.30000000e+00     1.11186194e+03     2.95738951e+02     2.37164924e+02     1.24971095e+02   
    1.74000000e+04     4.35000000e+00     1.11185283e+03     2.96819394e+02     2.35704587e+02     1.23930169e+02   
    1.76000000e+04     4.40000000e+00     1.11185513e+03     2.97059089e+02     2.36113258e+02     1.24328378e+02   
    1.78000000e+04     4.45000000e+00     1.11185792e+03     2.99389084e+02     2.36440242e+02     1.23277083e+02   
    1.80000000e+04     4.50000000e+00     1.11184824e+03     2.98429731e+02     2.37434062e+02     1.23961767e+02   
    1.82000000e+04     4.55000000e+00     1.11184331e+03     2.98012818e+02     2.37790479e+02     1.24405891e+02   
    1.84000000e+04     4.60000000e+00     1.11183535e+03     2.99180053e+02     2.34588624e+02     1.22140512e+02   
    1.86000000e+04     4.65000000e+00     1.11184738e+03     3.00325826e+02     2.36064865e+02     1.24326103e+02   
    1.88000000e+04     4.70000000e+00     1.11185604e+03     3.01939198e+02     2.36157092e+02     1.23091063e+02   
    1.90000000e+04     4.75000000e+00     1.11186287e+03     2.96972932e+02     2.37699649e+02     1.26273784e+02   
    1.92000000e+04     4.80000000e+00     1.11186198e+03     2.99875053e+02     2.36452417e+02     1.23980349e+02   
    1.94000000e+04     4.85000000e+00     1.11186589e+03     3.00609232e+02     2.35734160e+02     1.21967380e+02   
    1.96000000e+04     4.90000000e+00     1.11186446e+03     3.01365171e+02     2.34433637e+02     1.20403207e+02   
    1.98000000e+04     4.95000000e+00     1.11186422e+03     3.03393976e+02     2.35217815e+02     1.22771401e+02   
    2.00000000e+04     5.00000000e+00     1.11186247e+03     2.98586790e+02     2.37551964e+02     1.23619527e+02   
    2.02000000e+04     5.05000000e+00     1.11184307e+03     2.97940750e+02     2.36649917e+02     1.25615889e+02   
    2.04000000e+04     5.10000000e+00     1.11183957e+03     3.01149853e+02     2.37594450e+02     1.24521990e+02   
    2.06000000e+04     5.15000000e+00     1.11182242e+03     2.99578251e+02     2.34420638e+02     1.23415830e+02   
    2.08000000e+04     5.20000000e+00     1.11183024e+03     3.00710094e+02     2.37921660e+02     1.25103942e+02   
    2.10000000e+04     5.25000000e+00     1.11182632e+03     2.99235627e+02     2.35560157e+02     1.23028978e+02   
    2.12000000e+04     5.30000000e+00     1.11182000e+03     2.99789198e+02     2.36596503e+02     1.23315547e+02   
    2.14000000e+04     5.35000000e+00     1.11181339e+03     3.00552709e+02     2.37105645e+02     1.23359444e+02   
    2.16000000e+04     5.40000000e+00     1.11179944e+03     3.00300710e+02     2.35262908e+02     1.21415812e+02   
    2.18000000e+04     5.45000000e+00     1.11179902e+03     2.99742778e+02     2.36082717e+02     1.22100566e+02   
    2.20000000e+04     5.50000000e+00     1.11179637e+03     3.00673637e+02     2.36197191e+02     1.20515393e+02   
    2.22000000e+04     5.55000000e+00     1.11180497e+03     3.01363895e+02     2.36945713e+02     1.23132967e+02   
    2.24000000e+04     5.60000000e+00     1.11180234e+03     2.98433406e+02     2.36011922e+02     1.20221861e+02   
    2.26000000e+04     5.65000000e+00     1.11180058e+03     2.97753559e+02     2.34456074e+02     1.18931882e+02   
    2.28000000e+04     5.70000000e+00     1.11181734e+03     3.00961136e+02     2.36871335e+02     1.21443684e+02   
    2.30000000e+04     5.75000000e+00     1.11183038e+03     3.05148269e+02     2.38309494e+02     1.23068426e+02   
    2.32000000e+04     5.80000000e+00     1.11183691e+03     2.99580189e+02     2.37723629e+02     1.23159285e+02   
    2.34000000e+04     5.85000000e+00     1.11182787e+03     3.02417457e+02     2.35107857e+02     1.19642210e+02   
    2.36000000e+04     5.90000000e+00     1.11183418e+03     3.01787729e+02     2.36268378e+02     1.21866960e+02   
    2.38000000e+04     5.95000000e+00     1.11184129e+03     2.98304779e+02     2.36057995e+02     1.22169942e+02   
    2.40000000e+04     6.00000000e+00     1.11184159e+03     3.01437455e+02     2.37026042e+02     1.24344058e+02   
    2.42000000e+04     6.05000000e+00     1.11183022e+03     3.02413783e+02     2.36133946e+02     1.20947464e+02   
    2.44000000e+04     6.10000000e+00     1.11182652e+03     3.01180439e+02     2.33487782e+02     1.18610614e+02   
    2.46000000e+04     6.15000000e+00     1.11183286e+03     2.99711559e+02     2.36533436e+02     1.20958560e+02   
    2.48000000e+04     6.20000000e+00     1.11183258e+03     2.98381127e+02     2.34800691e+02     1.19813897e+02   
    2.50000000e+04     6.25000000e+00     1.11184403e+03     2.98097647e+02     2.37217124e+02     1.22821232e+02   
    2.52000000e+04     6.30000000e+00     1.11184704e+03     2.99235983e+02     2.36599632e+02     1.20998850e+02   
    2.54000000e+04     6.35000000e+00     1.11184703e+03     2.96393455e+02     2.36525714e+02     1.21873075e+02   
    2.56000000e+04     6.40000000e+00     1.11185761e+03     3.01259644e+02     2.35383541e+02     1.19607484e+02   
    2.58000000e+04     6.45000000e+00     1.11185987e+03     2.97451820e+02     2.35986635e+02     1.21891358e+02   
    2.60000000e+04     6.50000000e+00     1.11186338e+03     3.00115533e+02     2.36909328e+02     1.21432323e+02   
    2.62000000e+04     6.55000000e+00     1.11186568e+03     3.00377074e+02     2.37421203e+02     1.22954669e+02   
    2.64000000e+04     6.60000000e+00     1.11186250e+03     2.98723382e+02     2.35587568e+02     1.20995749e+02   
    2.66000000e+04     6.65000000e+00     1.11186959e+03     3.00908287e+02     2.37356442e+02     1.23216964e+02   
    2.68000000e+04     6.70000000e+00     1.11187434e+03     3.03523690e+02     2.38010748e+02     1.23754409e+02   
    2.70000000e+04     6.75000000e+00     1.11187369e+03     2.98783641e+02     2.35879828e+02     1.22544412e+02   
    2.72000000e+04     6.80000000e+00     1.11186761e+03     2.98998922e+02     2.34695346e+02     1.22046995e+02   
    2.74000000e+04     6.85000000e+00     1.11186822e+03     2.98878577e+02     2.36159298e+02     1.21342635e+02   
    2.76000000e+04     6.90000000e+00     1.11186184e+03     2.99121374e+02     2.36244951e+02     1.21013224e+02   
    2.78000000e+04     6.95000000e+00     1.11187052e+03     2.96712399e+02     2.37551311e+02     1.23177651e+02   
    2.80000000e+04     7.00000000e+00     1.11186575e+03     2.99373688e+02     2.36287497e+02     1.23599166e+02   
    2.82000000e+04     7.05000000e+00     1.11187887e+03     2.93881461e+02     2.38906839e+02     1.27295597e+02   
    2.84000000e+04     7.10000000e+00     1.11186792e+03     2.96388773e+02     2.36623878e+02     1.25566766e+02   
    2.86000000e+04     7.15000000e+00     1.11187812e+03     2.99661373e+02     2.37895881e+02     1.27751204e+02   
    2.88000000e+04     7.20000000e+00     1.11188175e+03     2.99291529e+02     2.36633094e+02     1.27582345e+02   
    2.90000000e+04     7.25000000e+00     1.11186556e+03     2.98151223e+02     2.34867248e+02     1.25975371e+02   
    2.92000000e+04     7.30000000e+00     1.11187038e+03     2.97736815e+02     2.36850601e+02     1.26777747e+02   
    2.94000000e+04     7.35000000e+00     1.11186015e+03     2.98048009e+02     2.36986331e+02     1.26384725e+02   
    2.96000000e+04     7.40000000e+00     1.11187402e+03     2.99332541e+02     2.37778357e+02     1.28492371e+02   
    2.98000000e+04     7.45000000e+00     1.11187238e+03     3.00236572e+02     2.36015313e+02     1.26024465e+02   
    3.00000000e+04     7.50000000e+00     1.11187205e+03     3.00254487e+02     2.36923960e+02     1.26946773e+02   
    3.02000000e+04     7.55000000e+00     1.11186439e+03     3.00333576e+02     2.37186573e+02     1.26122217e+02   
    3.04000000e+04     7.60000000e+00     1.11186877e+03     2.99667486e+02     2.36068368e+02     1.25441159e+02   
    3.06000000e+04     7.65000000e+00     1.11187054e+03     2.98569112e+02     2.35307415e+02     1.24924359e+02   
    3.08000000e+04     7.70000000e+00     1.11187933e+03     3.01391782e+02     2.36368397e+02     1.27349884e+02   
    3.10000000e+04     7.75000000e+00     1.11187587e+03     2.98959849e+02     2.36718348e+02     1.28178655e+02   
    3.12000000e+04     7.80000000e+00     1.11186862e+03     3.00232329e+02     2.37143472e+02     1.26661268e+02   
    3.14000000e+04     7.85000000e+00     1.11187522e+03     2.98409044e+02     2.38590494e+02     1.26817665e+02   
    3.16000000e+04     7.90000000e+00     1.11186934e+03     3.04037255e+02     2.35206390e+02     1.22779861e+02   
    3.18000000e+04     7.95000000e+00     1.11187054e+03     3.02203484e+02     2.37196762e+02     1.23983480e+02   
    3.20000000e+04     8.00000000e+00     1.11187580e+03     3.04798041e+02     2.36538923e+02     1.22455827e+02   
    3.22000000e+04     8.05000000e+00     1.11188231e+03     3.00146862e+02     2.36317590e+02     1.22783896e+02   
    3.24000000e+04     8.10000000e+00     1.11187355e+03     3.00209034e+02     2.36215395e+02     1.21945677e+02   
    3.26000000e+04     8.15000000e+00     1.11186757e+03     2.99004953e+02     2.36815643e+02     1.22468783e+02   
    3.28000000e+04     8.20000000e+00     1.11188171e+03     3.01213851e+02     2.36745919e+02     1.22497372e+02   
    3.30000000e+04     8.25000000e+00     1.11188696e+03     2.98906815e+02     2.36519328e+02     1.22894661e+02   
    3.32000000e+04     8.30000000e+00     1.11189815e+03     2.98200439e+02     2.36980944e+02     1.24082214e+02   
    3.34000000e+04     8.35000000e+00     1.11190815e+03     3.00070196e+02     2.36121271e+02     1.22868860e+02   
    3.36000000e+04     8.40000000e+00     1.11190596e+03     2.96860576e+02     2.35993034e+02     1.23767032e+02   
    3.38000000e+04     8.45000000e+00     1.11190676e+03     2.97915352e+02     2.35023317e+02     1.20467907e+02   
    3.40000000e+04     8.50000000e+00     1.11190526e+03     2.98760376e+02     2.35364252e+02     1.22101766e+02   
    3.42000000e+04     8.55000000e+00     1.11189340e+03     2.99545931e+02     2.34820159e+02     1.19580991e+02   
    3.44000000e+04     8.60000000e+00     1.11189989e+03     2.99543777e+02     2.36098339e+02     1.21174588e+02   
    3.46000000e+04     8.65000000e+00     1.11189732e+03     2.99643809e+02     2.35843672e+02     1.20049629e+02   
    3.48000000e+04     8.70000000e+00     1.11190118e+03     2.97556899e+02     2.36116910e+02     1.20883372e+02   
    3.50000000e+04     8.75000000e+00     1.11189951e+03     3.00110682e+02     2.36187533e+02     1.21378984e+02   
    3.52000000e+04     8.80000000e+00     1.11190105e+03     3.00728076e+02     2.36501337e+02     1.20425120e+02   
    3.54000000e+04     8.85000000e+00     1.11189205e+03     2.98629193e+02     2.35960023e+02     1.20289852e+02   
    3.56000000e+04     8.90000000e+00     1.11189873e+03     2.99055588e+02     2.38525752e+02     1.23733351e+02   
    3.58000000e+04     8.95000000e+00     1.11188738e+03     3.00163327e+02     2.36352550e+02     1.21603800e+02   
    3.60000000e+04     9.00000000e+00     1.11189602e+03     2.99337089e+02     2.38453805e+02     1.24489956e+02   
    3.62000000e+04     9.05000000e+00     1.11188612e+03     3.01508890e+02     2.36449825e+02     1.21003070e+02   
    3.64000000e+04     9.10000000e+00     1.11188131e+03     3.00386531e+02     2.36935204e+02     1.21702660e+02   
    3.66000000e+04     9.15000000e+00     1.11188194e+03     2.99797289e+02     2.37782435e+02     1.22903494e+02   
    3.68000000e+04     9.20000000e+00     1.11187624e+03     3.00267251e+02     2.35068947e+02     1.20996502e+02   
    3.70000000e+04     9.25000000e+00     1.11187779e+03     2.99211852e+02     2.35731244e+02     1.22064123e+02   
    3.72000000e+04     9.30000000e+00     1.11188212e+03     2.99406597e+02     2.36175239e+02     1.22328211e+02   
    3.74000000e+04     9.35000000e+00     1.11186974e+03     3.02826437e+02     2.34339570e+02     1.19964933e+02   
    3.76000000e+04     9.40000000e+00     1.11187530e+03     3.00505497e+02     2.35244805e+02     1.20712836e+02   
    3.78000000e+04     9.45000000e+00     1.11188525e+03     2.96558972e+02     2.35743158e+02     1.20871727e+02   
    3.80000000e+04     9.50000000e+00     1.11188387e+03     3.00494038e+02     2.35860468e+02     1.22489750e+02   
    3.82000000e+04     9.55000000e+00     1.11190145e+03     2.97143762e+02     2.37772942e+02     1.25342140e+02   
    3.84000000e+04     9.60000000e+00     1.11189682e+03     2.97991644e+02     2.36212799e+02     1.23073511e+02   
    3.86000000e+04     9.65000000e+00     1.11190417e+03     2.98641484e+02     2.36144252e+02     1.22951169e+02   
    3.88000000e+04     9.70000000e+00     1.11191431e+03     2.98744627e+02     2.37135534e+02     1.24283071e+02   
    3.90000000e+04     9.75000000e+00     1.11192069e+03     3.01248867e+02     2.36371538e+02     1.22793329e+02   
    3.92000000e+04     9.80000000e+00     1.11191470e+03     2.95414345e+02     2.35608908e+02     1.21922126e+02   
    3.94000000e+04     9.85000000e+00     1.11191505e+03     2.96537614e+02     2.35614756e+02     1.23091350e+02   
    3.96000000e+04     9.90000000e+00     1.11192345e+03     2.99482397e+02     2.37062741e+02     1.25213268e+02   
    3.98000000e+04     9.95000000e+00     1.11192349e+03     2.97857107e+02     2.36609302e+02     1.24108261e+02   
    4.00000000e+04     1.00000000e+01     1.11191771e+03     2.97343511e+02     2.36677728e+02     1.25133987e+02   
    4.02000000e+04     1.00500000e+01     1.11191448e+03     2.98717673e+02     2.36760436e+02     1.24533115e+02   
    4.04000000e+04     1.01000000e+01     1.11191506e+03     2.97116616e+02     2.37624588e+02     1.24908905e+02   
    4.06000000e+04     1.01500000e+01     1.11191638e+03     2.97733820e+02     2.36866300e+02     1.25067499e+02   
    4.08000000e+04     1.02000000e+01     1.11192508e+03     2.98373243e+02     2.35598044e+02     1.21535839e+02   
    4.10000000e+04     1.02500000e+01     1.11194027e+03     3.00163409e+02     2.35124723e+02     1.21127374e+02   
    4.12000000e+04     1.03000000e+01     1.11194605e+03     3.00889803e+02     2.36161005e+02     1.20486767e+02   
    4.14000000e+04     1.03500000e+01     1.11195478e+03     2.96846515e+02     2.35179432e+02     1.19193657e+02   
    4.16000000e+04     1.04000000e+01     1.11195979e+03     2.96678251e+02     2.37233531e+02     1.22728268e+02   
    4.18000000e+04     1.04500000e+01     1.11194951e+03     2.97041142e+02     2.35709748e+02     1.20644436e+02   
    4.20000000e+04     1.05000000e+01     1.11194677e+03     2.98033642e+02     2.35610440e+02     1.19864874e+02   
    4.22000000e+04     1.05500000e+01     1.11195656e+03     2.99042890e+02     2.36845221e+02     1.21868893e+02   
    4.24000000e+04     1.06000000e+01     1.11194779e+03     2.98849029e+02     2.36143967e+02     1.20023233e+02   
    4.26000000e+04     1.06500000e+01     1.11195013e+03     2.99696586e+02     2.38270719e+02     1.22580048e+02   
    4.28000000e+04     1.07000000e+01     1.11194636e+03     2.98350989e+02     2.37590117e+02     1.20464726e+02   
    4.30000000e+04     1.07500000e+01     1.11192703e+03     2.93751501e+02     2.34968447e+02     1.19246473e+02   
    4.32000000e+04     1.08000000e+01     1.11192836e+03     2.98291849e+02     2.36628895e+02     1.21921158e+02   
    4.34000000e+04     1.08500000e+01     1.11192008e+03     2.98469648e+02     2.37063990e+02     1.23316484e+02   
    4.36000000e+04     1.09000000e+01     1.11191327e+03     3.00838185e+02     2.34999374e+02     1.18542386e+02   
    4.38000000e+04     1.09500000e+01     1.11191823e+03     2.97255208e+02     2.35142781e+02     1.19872617e+02   
    4.40000000e+04     1.10000000e+01     1.11192954e+03     2.98432170e+02     2.35855547e+02     1.22449619e+02   
    4.42000000e+04     1.10500000e+01     1.11193831e+03     3.00003635e+02     2.36555776e+02     1.22293140e+02   
    4.44000000e+04     1.11000000e+01     1.11194052e+03     2.99890475e+02     2.36626707e+02     1.24013170e+02   
    4.46000000e+04     1.11500000e+01     1.11195340e+03     2.98739336e+02     2.37767951e+02     1.24354012e+02   
    4.48000000e+04     1.12000000e+01     1.11196197e+03     2.96433598e+02     2.36268563e+02     1.24127971e+02   
    4.50000000e+04     1.12500000e+01     1.11194865e+03     2.97123939e+02     2.34477941e+02     1.20061801e+02   
    4.52000000e+04     1.13000000e+01     1.11195172e+03     3.00277772e+02     2.34922497e+02     1.22430108e+02   
    4.54000000e+04     1.13500000e+01     1.11195556e+03     2.98002503e+02     2.37791890e+02     1.24222638e+02   
    4.56000000e+04     1.14000000e+01     1.11194364e+03     2.98553749e+02     2.35358778e+02     1.22194355e+02   
    4.58000000e+04     1.14500000e+01     1.11194821e+03     2.99752420e+02     2.36834268e+02     1.22994035e+02   
    4.60000000e+04     1.15000000e+01     1.11194928e+03     2.97293353e+02     2.36303845e+02     1.23134092e+02   
    4.62000000e+04     1.15500000e+01     1.11194855e+03     2.97172742e+02     2.34416666e+02     1.20080397e+02   
    4.64000000e+04     1.16000000e+01     1.11195192e+03     3.00242907e+02     2.36782214e+02     1.20635720e+02   
    4.66000000e+04     1.16500000e+01     1.11194325e+03     3.00592640e+02     2.37009897e+02     1.21912162e+02   
    4.68000000e+04     1.17000000e+01     1.11193395e+03     3.01140498e+02     2.34258402e+02     1.18801260e+02   
    4.70000000e+04     1.17500000e+01     1.11192103e+03     2.98077229e+02     2.33791112e+02     1.18295547e+02   
    4.72000000e+04     1.18000000e+01     1.11193483e+03     2.99105005e+02     2.35209714e+02     1.20224190e+02   
    4.74000000e+04     1.18500000e+01     1.11193540e+03     3.00282512e+02     2.35120813e+02     1.20017598e+02   
    4.76000000e+04     1.19000000e+01     1.11194397e+03     3.00496201e+02     2.37531945e+02     1.21838468e+02   
    4.78000000e+04     1.19500000e+01     1.11194636e+03     3.02111472e+02     2.36729975e+02     1.21541134e+02   
    4.80000000e+04     1.20000000e+01     1.11193599e+03     3.01637024e+02     2.36537820e+02     1.21366762e+02   
    4.82000000e+04     1.20500000e+01     1.11194263e+03     3.00660070e+02     2.36614529e+02     1.22766595e+02   
    4.84000000e+04     1.21000000e+01     1.11193813e+03     2.94751025e+02     2.36814698e+02     1.23669947e+02   
    4.86000000e+04     1.21500000e+01     1.11193764e+03     3.00500043e+02     2.37741574e+02     1.23225099e+02   
    4.88000000e+04     1.22000000e+01     1.11191937e+03     3.03337271e+02     2.34462992e+02     1.21090434e+02   
    4.90000000e+04     1.22500000e+01     1.11193733e+03     3.01774724e+02     2.37693377e+02     1.23470408e+02   
    4.92000000e+04     1.23000000e+01     1.11194145e+03     2.98726132e+02     2.36147833e+02     1.22464156e+02   
    4.94000000e+04     1.23500000e+01     1.11193054e+03     2.99180861e+02     2.36780893e+02     1.23325895e+02   
    4.96000000e+04     1.24000000e+01     1.11192550e+03     3.00011877e+02     2.36696113e+02     1.23502625e+02   
    4.98000000e+04     1.24500000e+01     1.11193019e+03     2.97660264e+02     2.37248461e+02     1.23584274e+02   
    5.00000000e+04     1.25000000e+01     1.11191590e+03     2.99781506e+02     2.34865597e+02     1.21717202e+02   
    5.02000000e+04     1.25500000e+01     1.11191853e+03     2.98811497e+02     2.36397423e+02     1.23395550e+02   
    5.04000000e+04     1.26000000e+01     1.11192785e+03     3.01933110e+02     2.37216031e+02     1.24381279e+02   
    5.06000000e+04     1.26500000e+01     1.11191583e+03     2.97104027e+02     2.34350695e+02     1.22140083e+02   
    5.08000000e+04     1.27000000e+01     1.11193526e+03     2.99536880e+02     2.37619466e+02     1.24525808e+02   
    5.10000000e+04     1.27500000e+01     1.11192873e+03     2.99558128e+02     2.36963001e+02     1.22958739e+02   
    5.12000000e+04     1.28000000e+01     1.11192109e+03     2.97946729e+02     2.37086362e+02     1.22748672e+02   
    5.14000000e+04     1.28500000e+01     1.11192843e+03     2.99267154e+02     2.37042993e+02     1.22348720e+02   
    5.16000000e+04     1.29000000e+01     1.11193143e+03     2.99897174e+02     2.36257483e+02     1.24413935e+02   
    5.18000000e+04     1.29500000e+01     1.11192267e+03     2.98951566e+02     2.35792574e+02     1.22926431e+02   
    5.20000000e+04     1.30000000e+01     1.11192101e+03     2.97773814e+02     2.36565841e+02     1.25125974e+02   
    5.22000000e+04     1.30500000e+01     1.11191588e+03     2.99038898e+02     2.35578653e+02     1.22354802e+02   
    5.24000000e+04     1.31000000e+01     1.11191420e+03     2.96186874e+02     2.35043507e+02     1.22219191e+02   
    5.26000000e+04     1.31500000e+01     1.11190615e+03     2.97090842e+02     2.35675864e+02     1.22904735e+02   
    5.28000000e+04     1.32000000e+01     1.11190835e+03     2.98587436e+02     2.38776662e+02     1.25025080e+02   
    5.30000000e+04     1.32500000e+01     1.11189342e+03     2.99992256e+02     2.33883384e+02     1.19720049e+02   
    5.32000000e+04     1.33000000e+01     1.11191218e+03     3.00620871e+02     2.36512485e+02     1.23196391e+02   
    5.34000000e+04     1.33500000e+01     1.11191097e+03     2.99252105e+02     2.36033152e+02     1.22450413e+02   
    5.36000000e+04     1.34000000e+01     1.11193004e+03     2.98959993e+02     2.39113861e+02     1.25695110e+02   
    5.38000000e+04     1.34500000e+01     1.11193688e+03     2.98606602e+02     2.38609142e+02     1.24627497e+02   
    5.40000000e+04     1.35000000e+01     1.11193542e+03     2.98838388e+02     2.39745875e+02     1.25551489e+02   
    5.42000000e+04     1.35500000e+01     1.11192538e+03     3.00893608e+02     2.36374446e+02     1.22246732e+02   
    5.44000000e+04     1.36000000e+01     1.11193170e+03     2.96403582e+02     2.38617113e+02     1.25788914e+02   
    5.46000000e+04     1.36500000e+01     1.11193678e+03     2.99498687e+02     2.35853256e+02     1.23392032e+02   
    5.48000000e+04     1.37000000e+01     1.11194623e+03     3.01516356e+02     2.35105466e+02     1.22208743e+02   
    5.50000000e+04     1.37500000e+01     1.11194720e+03     2.99551244e+02     2.36125058e+02     1.24025578e+02   
    5.52000000e+04     1.38000000e+01     1.11195480e+03     2.97041372e+02     2.35504425e+02     1.23323462e+02   
    5.54000000e+04     1.38500000e+01     1.11195291e+03     2.99546157e+02     2.35091792e+02     1.23261522e+02   
    5.56000000e+04     1.39000000e+01     1.11194171e+03     3.00827743e+02     2.34070236e+02     1.22376909e+02   
    5.58000000e+04     1.39500000e+01     1.11192802e+03     2.99847352e+02     2.35163239e+02     1.21151920e+02   
    5.60000000e+04     1.40000000e+01     1.11192990e+03     2.97536872e+02     2.34474937e+02     1.21924711e+02   
    5.62000000e+04     1.40500000e+01     1.11192106e+03     2.99892418e+02     2.34857200e+02     1.20917728e+02   
    5.64000000e+04     1.41000000e+01     1.11193100e+03     2.99651058e+02     2.36101575e+02     1.22530902e+02   
    5.66000000e+04     1.41500000e+01     1.11193249e+03     3.01255399e+02     2.36469258e+02     1.22788975e+02   
    5.68000000e+04     1.42000000e+01     1.11193956e+03     2.99700393e+02     2.38396017e+02     1.25142549e+02   
    5.70000000e+04     1.42500000e+01     1.11194364e+03     3.02414126e+02     2.36455987e+02     1.22712059e+02   
    5.72000000e+04     1.43000000e+01     1.11195504e+03     2.99220640e+02     2.37679983e+02     1.23372900e+02   
    5.74000000e+04     1.43500000e+01     1.11194945e+03     2.99165125e+02     2.37511528e+02     1.22933685e+02   
    5.76000000e+04     1.44000000e+01     1.11194677e+03     2.95878358e+02     2.36107089e+02     1.22383264e+02   
    5.78000000e+04     1.44500000e+01     1.11195722e+03     3.00316536e+02     2.39499525e+02     1.24845209e+02   
    5.80000000e+04     1.45000000e+01     1.11194277e+03     2.98901904e+02     2.37421516e+02     1.23108470e+02   
    5.82000000e+04     1.45500000e+01     1.11194210e+03     3.00859481e+02     2.37079900e+02     1.22534435e+02   
    5.84000000e+04     1.46000000e+01     1.11193619e+03     2.98068433e+02     2.34902826e+02     1.21581816e+02   
    5.86000000e+04     1.46500000e+01     1.11192804e+03     2.98257318e+02     2.35047662e+02     1.21040168e+02   
    5.88000000e+04     1.47000000e+01     1.11193910e+03     3.00839304e+02     2.36554006e+02     1.22206083e+02   
    5.90000000e+04     1.47500000e+01     1.11194968e+03     2.98242575e+02     2.36802527e+02     1.23261533e+02   
    5.92000000e+04     1.48000000e+01     1.11195772e+03     2.99193450e+02     2.36889361e+02     1.22237707e+02   
    5.94000000e+04     1.48500000e+01     1.11196819e+03     3.02001895e+02     2.35379923e+02     1.22766922e+02   
    5.96000000e+04     1.49000000e+01     1.11198008e+03     2.99091613e+02     2.35075530e+02     1.22034750e+02   
    5.98000000e+04     1.49500000e+01     1.11199290e+03     2.98615881e+02     2.37067619e+02     1.23880848e+02   
    6.00000000e+04     1.50000000e+01     1.11198803e+03     3.00287159e+02     2.38442303e+02     1.23389076e+02   
    6.02000000e+04     1.50500000e+01     1.11196020e+03     2.99164256e+02     2.35471939e+02     1.22464734e+02   
    6.04000000e+04     1.51000000e+01     1.11196050e+03     3.00271235e+02     2.36980625e+02     1.23356185e+02   
    6.06000000e+04     1.51500000e+01     1.11195687e+03     2.97702288e+02     2.35986460e+02     1.24000945e+02   
    6.08000000e+04     1.52000000e+01     1.11194257e+03     2.99977478e+02     2.34533409e+02     1.20653960e+02   
    6.10000000e+04     1.52500000e+01     1.11194587e+03     2.97054102e+02     2.39236593e+02     1.27831798e+02   
    6.12000000e+04     1.53000000e+01     1.11192554e+03     3.00827613e+02     2.35865616e+02     1.24493132e+02   
    6.14000000e+04     1.53500000e+01     1.11193300e+03     2.96470270e+02     2.35963989e+02     1.24681660e+02   
    6.16000000e+04     1.54000000e+01     1.11193249e+03     2.96432916e+02     2.35434792e+02     1.25083265e+02   
    6.18000000e+04     1.54500000e+01     1.11192867e+03     2.99617394e+02     2.35836760e+02     1.26478842e+02   
    6.20000000e+04     1.55000000e+01     1.11192712e+03     2.98576394e+02     2.35373386e+02     1.25502584e+02   
    6.22000000e+04     1.55500000e+01     1.11193662e+03     3.02255703e+02     2.37277692e+02     1.25980823e+02   
    6.24000000e+04     1.56000000e+01     1.11193584e+03     2.99853466e+02     2.34555299e+02     1.22683781e+02   
    6.26000000e+04     1.56500000e+01     1.11194682e+03     2.96760335e+02     2.34694068e+02     1.23117832e+02   
    6.28000000e+04     1.57000000e+01     1.11195756e+03     2.97945232e+02     2.35036126e+02     1.24776815e+02   
    6.30000000e+04     1.57500000e+01     1.11197413e+03     2.95615287e+02     2.36847290e+02     1.24958528e+02   
    6.32000000e+04     1.58000000e+01     1.11196648e+03     2.97471308e+02     2.34100093e+02     1.22973632e+02   
    6.34000000e+04     1.58500000e+01     1.11196739e+03     2.95963261e+02     2.36254700e+02     1.24178502e+02   
    6.36000000e+04     1.59000000e+01     1.11197076e+03     2.97320033e+02     2.37113696e+02     1.25459510e+02   
    6.38000000e+04     1.59500000e+01     1.11196224e+03     3.00433801e+02     2.35385175e+02     1.24273794e+02   
    6.40000000e+04     1.60000000e+01     1.11195408e+03     2.99592716e+02     2.35885743e+02     1.23356615e+02   
    6.42000000e+04     1.60500000e+01     1.11195075e+03     2.97046351e+02     2.37243290e+02     1.24922780e+02   
    6.44000000e+04     1.61000000e+01     1.11195880e+03     3.00218280e+02     2.36194276e+02     1.25934449e+02   
    6.46000000e+04     1.61500000e+01     1.11196717e+03     2.99760087e+02     2.36438401e+02     1.24737561e+02   
    6.48000000e+04     1.62000000e+01     1.11197581e+03     2.99333105e+02     2.37101921e+02     1.25743599e+02   
    6.50000000e+04     1.62500000e+01     1.11197192e+03     3.01732321e+02     2.35794078e+02     1.23560156e+02   
    6.52000000e+04     1.63000000e+01     1.11196933e+03     2.98507256e+02     2.37009013e+02     1.25910773e+02   
    6.54000000e+04     1.63500000e+01     1.11196498e+03     2.99914789e+02     2.35240165e+02     1.23564453e+02   
    6.56000000e+04     1.64000000e+01     1.11195996e+03     2.96047262e+02     2.34824155e+02     1.23199143e+02   
    6.58000000e+04     1.64500000e+01     1.11196332e+03     3.00656640e+02     2.38059066e+02     1.25506484e+02   
    6.60000000e+04     1.65000000e+01     1.11195580e+03     2.95714247e+02     2.36997388e+02     1.25797728e+02   
    6.62000000e+04     1.65500000e+01     1.11195056e+03     3.00131994e+02     2.39141862e+02     1.27742933e+02   
    6.64000000e+04     1.66000000e+01     1.11194138e+03     3.00896029e+02     2.37001017e+02     1.25012540e+02   
    6.66000000e+04     1.66500000e+01     1.11193627e+03     3.01359334e+02     2.36757909e+02     1.23978925e+02   
    6.68000000e+04     1.67000000e+01     1.11192244e+03     2.99486691e+02     2.34539272e+02     1.21093886e+02   
    6.70000000e+04     1.67500000e+01     1.11192500e+03     2.96824183e+02     2.34369814e+02     1.21698403e+02   
    6.72000000e+04     1.68000000e+01     1.11193835e+03     2.98198572e+02     2.37293467e+02     1.25441207e+02   
    6.74000000e+04     1.68500000e+01     1.11192402e+03     3.00536348e+02     2.35116335e+02     1.22962077e+02   
    6.76000000e+04     1.69000000e+01     1.11192236e+03     3.01191067e+02     2.35786516e+02     1.23704285e+02   
    6.78000000e+04     1.69500000e+01     1.11192148e+03     3.01387927e+02     2.33771852e+02     1.21940062e+02   
    6.80000000e+04     1.70000000e+01     1.11194973e+03     2.99469777e+02     2.35113484e+02     1.23285795e+02   
    6.82000000e+04     1.70500000e+01     1.11196855e+03     2.97055711e+02     2.35978011e+02     1.23906822e+02   
    6.84000000e+04     1.71000000e+01     1.11196832e+03     3.00457448e+02     2.35786239e+02     1.24954483e+02   
    6.86000000e+04     1.71500000e+01     1.11197590e+03     2.99377939e+02     2.36176613e+02     1.26817459e+02   
    6.88000000e+04     1.72000000e+01     1.11197655e+03     3.02744001e+02     2.36195071e+02     1.24675864e+02   
    6.90000000e+04     1.72500000e+01     1.11198096e+03     3.03940396e+02     2.37835325e+02     1.27066661e+02   
    6.92000000e+04     1.73000000e+01     1.11198080e+03     2.99388986e+02     2.36967126e+02     1.24661260e+02   
    6.94000000e+04     1.73500000e+01     1.11196573e+03     2.97794082e+02     2.34941022e+02     1.23065943e+02   
    6.96000000e+04     1.74000000e+01     1.11195504e+03     3.01956615e+02     2.35628632e+02     1.21542045e+02   
    6.98000000e+04     1.74500000e+01     1.11193135e+03     2.98178844e+02     2.34439749e+02     1.22382922e+02   
    7.00000000e+04     1.75000000e+01     1.11192641e+03     2.98329300e+02     2.35902257e+02     1.23520346e+02   
    7.02000000e+04     1.75500000e+01     1.11190359e+03     2.98475678e+02     2.33917534e+02     1.19772138e+02   
    7.04000000e+04     1.76000000e+01     1.11190846e+03     2.98146865e+02     2.34295680e+02     1.22254797e+02   
    7.06000000e+04     1.76500000e+01     1.11191990e+03     2.99319749e+02     2.36093766e+02     1.24329233e+02   
    7.08000000e+04     1.77000000e+01     1.11190862e+03     3.00789356e+02     2.35068412e+02     1.22441279e+02   
    7.10000000e+04     1.77500000e+01     1.11190946e+03     2.97761836e+02     2.33879481e+02     1.22450144e+02   
    7.12000000e+04     1.78000000e+01     1.11192448e+03     3.01471847e+02     2.37471858e+02     1.24014518e+02   
    7.14000000e+04     1.78500000e+01     1.11190950e+03     3.00392541e+02     2.35576786e+02     1.21018978e+02   
    7.16000000e+04     1.79000000e+01     1.11191961e+03     3.03335126e+02     2.37402923e+02     1.23415765e+02   
    7.18000000e+04     1.79500000e+01     1.11191356e+03     2.97849812e+02     2.35461263e+02     1.21103770e+02   
    7.20000000e+04     1.80000000e+01     1.11191541e+03     3.01106444e+02     2.35960077e+02     1.20116263e+02   
    7.22000000e+04     1.80500000e+01     1.11191818e+03     2.99711786e+02     2.36289117e+02     1.20210122e+02   
    7.24000000e+04     1.81000000e+01     1.11192017e+03     2.99319853e+02     2.37138754e+02     1.21305897e+02   
    7.26000000e+04     1.81500000e+01     1.11193130e+03     2.99127886e+02     2.37001391e+02     1.24140959e+02   
    7.28000000e+04     1.82000000e+01     1.11193602e+03     2.99539751e+02     2.35413315e+02     1.23731559e+02   
    7.30000000e+04     1.82500000e+01     1.11194358e+03     3.00069306e+02     2.32848143e+02     1.20179296e+02   
    7.32000000e+04     1.83000000e+01     1.11197010e+03     2.98706512e+02     2.36219604e+02     1.24133124e+02   
    7.34000000e+04     1.83500000e+01     1.11196128e+03     2.97716682e+02     2.34387648e+02     1.23250191e+02   
    7.36000000e+04     1.84000000e+01     1.11197335e+03     3.01625551e+02     2.36989491e+02     1.25732935e+02   
    7.38000000e+04     1.84500000e+01     1.11198080e+03     2.99600740e+02     2.37084610e+02     1.25126443e+02   
    7.40000000e+04     1.85000000e+01     1.11197421e+03     2.98098345e+02     2.34768225e+02     1.23432358e+02   
    7.42000000e+04     1.85500000e+01     1.11197888e+03     3.01014762e+02     2.36743920e+02     1.24569070e+02   
    7.44000000e+04     1.86000000e+01     1.11197269e+03     3.00557229e+02     2.35195500e+02     1.23402310e+02   
    7.46000000e+04     1.86500000e+01     1.11197882e+03     3.00557860e+02     2.36959503e+02     1.22969951e+02   
    7.48000000e+04     1.87000000e+01     1.11198178e+03     3.00524963e+02     2.37629267e+02     1.23759512e+02   
    7.50000000e+04     1.87500000e+01     1.11198909e+03     2.98012724e+02     2.37939938e+02     1.22901217e+02   
    7.52000000e+04     1.88000000e+01     1.11197717e+03     3.01998074e+02     2.36556445e+02     1.21717058e+02   
    7.54000000e+04     1.88500000e+01     1.11198188e+03     3.00233037e+02     2.34662357e+02     1.20594103e+02   
    7.56000000e+04     1.89000000e+01     1.11198957e+03     2.96113159e+02     2.36165843e+02     1.22777586e+02   
    7.58000000e+04     1.89500000e+01     1.11198351e+03     2.97678279e+02     2.34540663e+02     1.22287647e+02   
    7.60000000e+04     1.90000000e+01     1.11198115e+03     3.00327095e+02     2.36814452e+02     1.23691559e+02   
    7.62000000e+04     1.90500000e+01     1.11199119e+03     3.01416870e+02     2.37078288e+02     1.22530978e+02   
    7.64000000e+04     1.91000000e+01     1.11198611e+03     2.97464775e+02     2.36296408e+02     1.20839918e+02   
    7.66000000e+04     1.91500000e+01     1.11198866e+03     3.01526856e+02     2.36598717e+02     1.20911097e+02   
    7.68000000e+04     1.92000000e+01     1.11198789e+03     3.00098207e+02     2.36059912e+02     1.21815453e+02   
    7.70000000e+04     1.92500000e+01     1.11199232e+03     2.98887929e+02     2.35625902e+02     1.21805435e+02   
    7.72000000e+04     1.93000000e+01     1.11199299e+03     3.01757300e+02     2.34622509e+02     1.21615751e+02   
    7.74000000e+04     1.93500000e+01     1.11199213e+03     3.00161571e+02     2.37086335e+02     1.22506448e+02   
    7.76000000e+04     1.94000000e+01     1.11198776e+03     2.96110701e+02     2.34808248e+02     1.21675225e+02   
    7.78000000e+04     1.94500000e+01     1.11200283e+03     2.99685135e+02     2.36220956e+02     1.24059697e+02   
    7.80000000e+04     1.95000000e+01     1.11201565e+03     3.01342803e+02     2.38255551e+02     1.25792732e+02   
    7.82000000e+04     1.95500000e+01     1.11200500e+03     3.00129900e+02     2.34602436e+02     1.22531587e+02   
    7.84000000e+04     1.96000000e+01     1.11201341e+03     2.98571338e+02     2.36306570e+02     1.24692818e+02   
    7.86000000e+04     1.96500000e+01     1.11201864e+03     2.99168887e+02     2.36349372e+02     1.24116440e+02   
    7.88000000e+04     1.97000000e+01     1.11203138e+03     3.01596307e+02     2.36126759e+02     1.25739169e+02   
    7.90000000e+04     1.97500000e+01     1.11202935e+03     3.02490684e+02     2.35780320e+02     1.22788975e+02   
    7.92000000e+04     1.98000000e+01     1.11203871e+03     2.96120681e+02     2.37195107e+02     1.26860687e+02   
    7.94000000e+04     1.98500000e+01     1.11203984e+03     3.00227578e+02     2.36459509e+02     1.24929265e+02   
    7.96000000e+04     1.99000000e+01     1.11203907e+03     2.99307285e+02     2.37389593e+02     1.26427255e+02   
    7.98000000e+04     1.99500000e+01     1.11203137e+03     3.02942694e+02     2.34659985e+02     1.21155733e+02   
    8.00000000e+04     2.00000000e+01     1.11203476e+03     2.97231749e+02     2.35372891e+02     1.23874746e+02   
