# column   1     --> step : The current simulation time step.
# column   2     --> time{picosecond} : The elapsed simulation time.
# column   3     --> conserved{electronvolt} : The value of the conserved energy quantity per bead.
# column   4     --> temperature{kelvin} : The current temperature, as obtained from the MD kinetic energy.
# column   5     --> kinetic_cv{electronvolt} : The centroid-virial quantum kinetic energy of the physical system.
# column   6     --> potential{electronvolt} : The physical system potential energy.
    0.00000000e+00     0.00000000e+00     1.10923040e+03     3.04273373e+02     2.35682711e+02     1.19384640e+02   
    2.00000000e+02     5.00000000e-02     1.10923443e+03     2.97760303e+02     2.36240470e+02     1.21367069e+02   
    4.00000000e+02     1.00000000e-01     1.10923123e+03     3.03389365e+02     2.35796078e+02     1.18194481e+02   
    6.00000000e+02     1.50000000e-01     1.10923213e+03     2.99583458e+02     2.34460501e+02     1.18020949e+02   
    8.00000000e+02     2.00000000e-01     1.10924070e+03     3.00439225e+02     2.37203895e+02     1.20966552e+02   
    1.00000000e+03     2.50000000e-01     1.10923629e+03     3.02236710e+02     2.35318297e+02     1.21089377e+02   
    1.20000000e+03     3.00000000e-01     1.10923872e+03     2.97446043e+02     2.35978406e+02     1.22174909e+02   
    1.40000000e+03     3.50000000e-01     1.10923559e+03     3.01469164e+02     2.37289162e+02     1.22530980e+02   
    1.60000000e+03     4.00000000e-01     1.10922881e+03     2.98814421e+02     2.34632264e+02     1.20568206e+02   
    1.80000000e+03     4.50000000e-01     1.10923286e+03     2.97497205e+02     2.36609431e+02     1.23246093e+02   
    2.00000000e+03     5.00000000e-01     1.10923626e+03     2.97686654e+02     2.37796823e+02     1.24203855e+02   
    2.20000000e+03     5.50000000e-01     1.10924241e+03     2.93849450e+02     2.37645073e+02     1.24133440e+02   
    2.40000000e+03     6.00000000e-01     1.10923735e+03     3.00310927e+02     2.36153028e+02     1.22326055e+02   
    2.60000000e+03     6.50000000e-01     1.10924567e+03     3.00063149e+02     2.36397938e+02     1.21338866e+02   
    2.80000000e+03     7.00000000e-01     1.10925535e+03     3.00658061e+02     2.36661272e+02     1.24231145e+02   
    3.00000000e+03     7.50000000e-01     1.10927401e+03     2.99013044e+02     2.36609339e+02     1.22885382e+02   
    3.20000000e+03     8.00000000e-01     1.10928069e+03     2.99413711e+02     2.34312315e+02     1.21708475e+02   
    3.40000000e+03     8.50000000e-01     1.10929426e+03     3.00598134e+02     2.36975107e+02     1.24183724e+02   
    3.60000000e+03     9.00000000e-01     1.10929052e+03     2.97546447e+02     2.35651224e+02     1.24286253e+02   
    3.80000000e+03     9.50000000e-01     1.10929167e+03     3.00901634e+02     2.35671916e+02     1.23434972e+02   
    4.00000000e+03     1.00000000e+00     1.10928912e+03     2.98925714e+02     2.36564285e+02     1.23681398e+02   
    4.20000000e+03     1.05000000e+00     1.10927277e+03     2.99654588e+02     2.36077937e+02     1.22955268e+02   
    4.40000000e+03     1.10000000e+00     1.10925521e+03     2.97703324e+02     2.35297957e+02     1.21733510e+02   
    4.60000000e+03     1.15000000e+00     1.10924751e+03     2.97365069e+02     2.36789707e+02     1.24769051e+02   
    4.80000000e+03     1.20000000e+00     1.10923619e+03     3.02085901e+02     2.36244533e+02     1.22012556e+02   
    5.00000000e+03     1.25000000e+00     1.10922906e+03     3.00210814e+02     2.34432689e+02     1.21763485e+02   
    5.20000000e+03     1.30000000e+00     1.10923580e+03     3.01487158e+02     2.36419027e+02     1.21990165e+02   
    5.40000000e+03     1.35000000e+00     1.10924305e+03     3.00871287e+02     2.37973034e+02     1.25644564e+02   
    5.60000000e+03     1.40000000e+00     1.10923827e+03     3.01681596e+02     2.35933310e+02     1.23446043e+02   
    5.80000000e+03     1.45000000e+00     1.10923966e+03     2.97762777e+02     2.35227092e+02     1.22631555e+02   
    6.00000000e+03     1.50000000e+00     1.10925949e+03     2.99534483e+02     2.38834522e+02     1.25754813e+02   
    6.20000000e+03     1.55000000e+00     1.10926086e+03     2.97102328e+02     2.36206912e+02     1.22683544e+02   
    6.40000000e+03     1.60000000e+00     1.10925671e+03     2.99601080e+02     2.37975244e+02     1.23790936e+02   
    6.60000000e+03     1.65000000e+00     1.10923517e+03     2.98761566e+02     2.34830354e+02     1.19585450e+02   
    6.80000000e+03     1.70000000e+00     1.10924986e+03     2.98591483e+02     2.38009956e+02     1.25763997e+02   
    7.00000000e+03     1.75000000e+00     1.10924007e+03     3.01008784e+02     2.33028991e+02     1.18420011e+02   
    7.20000000e+03     1.80000000e+00     1.10924818e+03     3.00040097e+02     2.34725035e+02     1.21899600e+02   
    7.40000000e+03     1.85000000e+00     1.10927593e+03     2.97355009e+02     2.36831760e+02     1.22507817e+02   
    7.60000000e+03     1.90000000e+00     1.10927756e+03     3.00369923e+02     2.35821287e+02     1.20674094e+02   
    7.80000000e+03     1.95000000e+00     1.10925992e+03     3.02249822e+02     2.35592728e+02     1.20204614e+02   
    8.00000000e+03     2.00000000e+00     1.10924536e+03     3.00633155e+02     2.35029977e+02     1.21563426e+02   
    8.20000000e+03     2.05000000e+00     1.10923566e+03     2.99287259e+02     2.35920986e+02     1.21450525e+02   
    8.40000000e+03     2.10000000e+00     1.10924269e+03     3.00795816e+02     2.37128260e+02     1.23320335e+02   
    8.60000000e+03     2.15000000e+00     1.10924150e+03     2.97549380e+02     2.35249341e+02     1.20435770e+02   
    8.80000000e+03     2.20000000e+00     1.10926016e+03     2.96430812e+02     2.36680918e+02     1.21983914e+02   
    9.00000000e+03     2.25000000e+00     1.10926283e+03     2.99058550e+02     2.35142011e+02     1.20956695e+02   
    9.20000000e+03     2.30000000e+00     1.10927113e+03     3.01077790e+02     2.36659437e+02     1.21725427e+02   
    9.40000000e+03     2.35000000e+00     1.10926220e+03     2.98281675e+02     2.36352005e+02     1.22698348e+02   
    9.60000000e+03     2.40000000e+00     1.10925324e+03     2.99374350e+02     2.36749491e+02     1.21708114e+02   
    9.80000000e+03     2.45000000e+00     1.10923632e+03     3.01026017e+02     2.34654734e+02     1.20281772e+02   
    1.00000000e+04     2.50000000e+00     1.10923483e+03     3.00072982e+02     2.35227602e+02     1.20034492e+02   
    1.02000000e+04     2.55000000e+00     1.10924228e+03     2.97336991e+02     2.38131603e+02     1.23583249e+02   
    1.04000000e+04     2.60000000e+00     1.10924099e+03     2.98680728e+02     2.36562807e+02     1.21205744e+02   
    1.06000000e+04     2.65000000e+00     1.10925435e+03     3.03372693e+02     2.36897463e+02     1.22124466e+02   
    1.08000000e+04     2.70000000e+00     1.10927384e+03     2.97040410e+02     2.38947650e+02     1.24529476e+02   
    1.10000000e+04     2.75000000e+00     1.10927667e+03     3.03441387e+02     2.36857395e+02     1.22372974e+02   
    1.12000000e+04     2.80000000e+00     1.10928791e+03     3.00691477e+02     2.37356350e+02     1.22111459e+02   
    1.14000000e+04     2.85000000e+00     1.10928540e+03     3.05225162e+02     2.35655597e+02     1.20622220e+02   
    1.16000000e+04     2.90000000e+00     1.10928784e+03     3.02331112e+02     2.36380991e+02     1.21441920e+02   
    1.18000000e+04     2.95000000e+00     1.10928248e+03     2.97931221e+02     2.37057259e+02     1.22926019e+02   
    1.20000000e+04     3.00000000e+00     1.10927081e+03     3.01081928e+02     2.33888172e+02     1.19424287e+02   
    1.22000000e+04     3.05000000e+00     1.10928507e+03     2.99221077e+02     2.36145067e+02     1.21984309e+02   
    1.24000000e+04     3.10000000e+00     1.10926556e+03     3.01695286e+02     2.34932433e+02     1.20755862e+02   
    1.26000000e+04     3.15000000e+00     1.10926540e+03     2.99270782e+02     2.37019909e+02     1.22645682e+02   
    1.28000000e+04     3.20000000e+00     1.10925218e+03     2.96586291e+02     2.36653308e+02     1.21337394e+02   
    1.30000000e+04     3.25000000e+00     1.10925273e+03     3.01605663e+02     2.37258834e+02     1.21248932e+02   
    1.32000000e+04     3.30000000e+00     1.10926102e+03     2.98580165e+02     2.36340635e+02     1.19658671e+02   
    1.34000000e+04     3.35000000e+00     1.10928057e+03     2.97006380e+02     2.38448089e+02     1.22698957e+02   
    1.36000000e+04     3.40000000e+00     1.10928058e+03     3.00361049e+02     2.36309410e+02     1.21217205e+02   
    1.38000000e+04     3.45000000e+00     1.10928637e+03     3.03254230e+02     2.35415769e+02     1.20241852e+02   
    1.40000000e+04     3.50000000e+00     1.10928879e+03     3.01331235e+02     2.35656012e+02     1.20941479e+02   
    1.42000000e+04     3.55000000e+00     1.10929080e+03     3.01886036e+02     2.35796798e+02     1.20039870e+02   
    1.44000000e+04     3.60000000e+00     1.10926976e+03     3.00952875e+02     2.33629361e+02     1.18246535e+02   
    1.46000000e+04     3.65000000e+00     1.10928876e+03     2.97535292e+02     2.36899184e+02     1.21821522e+02   
    1.48000000e+04     3.70000000e+00     1.10929332e+03     3.01079115e+02     2.35489233e+02     1.21197085e+02   
    1.50000000e+04     3.75000000e+00     1.10930092e+03     3.00014835e+02     2.35901257e+02     1.22098981e+02   
    1.52000000e+04     3.80000000e+00     1.10930328e+03     2.99052868e+02     2.36217857e+02     1.22656119e+02   
    1.54000000e+04     3.85000000e+00     1.10929939e+03     2.98067120e+02     2.36932899e+02     1.21032201e+02   
    1.56000000e+04     3.90000000e+00     1.10929157e+03     2.99717516e+02     2.33650486e+02     1.19081338e+02   
    1.58000000e+04     3.95000000e+00     1.10929002e+03     2.98914028e+02     2.35282445e+02     1.19693023e+02   
    1.60000000e+04     4.00000000e+00     1.10929496e+03     2.99487201e+02     2.36657486e+02     1.21066128e+02   
    1.62000000e+04     4.05000000e+00     1.10929709e+03     2.96755970e+02     2.35917628e+02     1.20680980e+02   
    1.64000000e+04     4.10000000e+00     1.10930531e+03     2.99931789e+02     2.37264103e+02     1.22628143e+02   
    1.66000000e+04     4.15000000e+00     1.10930684e+03     2.96042540e+02     2.35649933e+02     1.22486848e+02   
    1.68000000e+04     4.20000000e+00     1.10931302e+03     2.96640555e+02     2.35785324e+02     1.22196604e+02   
    1.70000000e+04     4.25000000e+00     1.10931111e+03     2.95103694e+02     2.35950951e+02     1.21758700e+02   
    1.72000000e+04     4.30000000e+00     1.10931261e+03     2.97410895e+02     2.35818046e+02     1.23673704e+02   
    1.74000000e+04     4.35000000e+00     1.10930351e+03     2.97307214e+02     2.35878831e+02     1.22024581e+02   
    1.76000000e+04     4.40000000e+00     1.10930627e+03     2.96631614e+02     2.36598358e+02     1.23808610e+02   
    1.78000000e+04     4.45000000e+00     1.10931319e+03     2.98173436e+02     2.36673306e+02     1.22809493e+02   
    1.80000000e+04     4.50000000e+00     1.10931141e+03     2.97331875e+02     2.35815172e+02     1.22477335e+02   
    1.82000000e+04     4.55000000e+00     1.10930398e+03     2.99635457e+02     2.35237839e+02     1.20259908e+02   
    1.84000000e+04     4.60000000e+00     1.10928999e+03     2.99595906e+02     2.33897273e+02     1.19445046e+02   
    1.86000000e+04     4.65000000e+00     1.10929763e+03     2.99928444e+02     2.36814400e+02     1.24161235e+02   
    1.88000000e+04     4.70000000e+00     1.10927734e+03     3.01068978e+02     2.35102985e+02     1.20380755e+02   
    1.90000000e+04     4.75000000e+00     1.10929568e+03     2.97116605e+02     2.37336870e+02     1.23532767e+02   
    1.92000000e+04     4.80000000e+00     1.10930035e+03     3.00086137e+02     2.36982227e+02     1.21967164e+02   
    1.94000000e+04     4.85000000e+00     1.10932415e+03     3.00465343e+02     2.38003489e+02     1.24715301e+02   
    1.96000000e+04     4.90000000e+00     1.10932117e+03     2.99181154e+02     2.37377336e+02     1.23136230e+02   
    1.98000000e+04     4.95000000e+00     1.10930974e+03     3.02794819e+02     2.35659636e+02     1.21570229e+02   
    2.00000000e+04     5.00000000e+00     1.10929201e+03     2.97904790e+02     2.35748242e+02     1.20824399e+02   
    2.02000000e+04     5.05000000e+00     1.10929468e+03     3.00195090e+02     2.37053415e+02     1.22325280e+02   
    2.04000000e+04     5.10000000e+00     1.10930281e+03     3.01365482e+02     2.37189276e+02     1.21869484e+02   
    2.06000000e+04     5.15000000e+00     1.10929824e+03     3.00978579e+02     2.35148979e+02     1.20360032e+02   
    2.08000000e+04     5.20000000e+00     1.10930366e+03     3.01512581e+02     2.38017092e+02     1.23167354e+02   
    2.10000000e+04     5.25000000e+00     1.10928366e+03     3.00211857e+02     2.34236999e+02     1.18363357e+02   
    2.12000000e+04     5.30000000e+00     1.10929807e+03     2.99134796e+02     2.36635074e+02     1.22161374e+02   
    2.14000000e+04     5.35000000e+00     1.10929544e+03     3.00574422e+02     2.37006886e+02     1.22248015e+02   
    2.16000000e+04     5.40000000e+00     1.10928605e+03     3.00483121e+02     2.34990853e+02     1.20885748e+02   
    2.18000000e+04     5.45000000e+00     1.10928490e+03     2.97597334e+02     2.35742156e+02     1.20771386e+02   
    2.20000000e+04     5.50000000e+00     1.10929296e+03     2.99431114e+02     2.36948945e+02     1.21556099e+02   
    2.22000000e+04     5.55000000e+00     1.10930940e+03     2.99823931e+02     2.36554853e+02     1.22383082e+02   
    2.24000000e+04     5.60000000e+00     1.10929956e+03     2.96586177e+02     2.34990036e+02     1.20716857e+02   
    2.26000000e+04     5.65000000e+00     1.10928367e+03     2.96126398e+02     2.35317100e+02     1.21014630e+02   
    2.28000000e+04     5.70000000e+00     1.10929660e+03     2.99086990e+02     2.38819167e+02     1.23083980e+02   
    2.30000000e+04     5.75000000e+00     1.10929498e+03     3.02076492e+02     2.38395667e+02     1.23476457e+02   
    2.32000000e+04     5.80000000e+00     1.10929314e+03     2.98837418e+02     2.36852366e+02     1.20869457e+02   
    2.34000000e+04     5.85000000e+00     1.10929495e+03     2.99167480e+02     2.35962143e+02     1.21905199e+02   
    2.36000000e+04     5.90000000e+00     1.10929694e+03     3.02443637e+02     2.36013834e+02     1.20865954e+02   
    2.38000000e+04     5.95000000e+00     1.10930358e+03     2.97385301e+02     2.35613285e+02     1.20144694e+02   
    2.40000000e+04     6.00000000e+00     1.10931282e+03     3.02393173e+02     2.38283527e+02     1.23303737e+02   
    2.42000000e+04     6.05000000e+00     1.10929998e+03     3.01373359e+02     2.35984339e+02     1.19805782e+02   
    2.44000000e+04     6.10000000e+00     1.10929547e+03     3.01391887e+02     2.34608046e+02     1.20004082e+02   
    2.46000000e+04     6.15000000e+00     1.10930013e+03     3.00371698e+02     2.36153603e+02     1.19208306e+02   
    2.48000000e+04     6.20000000e+00     1.10929645e+03     2.98187787e+02     2.34780422e+02     1.19964156e+02   
    2.50000000e+04     6.25000000e+00     1.10931237e+03     2.99125108e+02     2.35834430e+02     1.21798499e+02   
    2.52000000e+04     6.30000000e+00     1.10932442e+03     2.98809349e+02     2.35323330e+02     1.21051845e+02   
    2.54000000e+04     6.35000000e+00     1.10933599e+03     2.95713939e+02     2.37333819e+02     1.24328272e+02   
    2.56000000e+04     6.40000000e+00     1.10933723e+03     3.03062136e+02     2.35678295e+02     1.20846548e+02   
    2.58000000e+04     6.45000000e+00     1.10934367e+03     2.98778528e+02     2.35286501e+02     1.19506171e+02   
    2.60000000e+04     6.50000000e+00     1.10936741e+03     3.00341018e+02     2.38096461e+02     1.22476397e+02   
    2.62000000e+04     6.55000000e+00     1.10937482e+03     2.99631549e+02     2.36306094e+02     1.21512227e+02   
    2.64000000e+04     6.60000000e+00     1.10937681e+03     2.98090571e+02     2.36605085e+02     1.21772927e+02   
    2.66000000e+04     6.65000000e+00     1.10936997e+03     3.00794934e+02     2.35517546e+02     1.21078167e+02   
    2.68000000e+04     6.70000000e+00     1.10937016e+03     3.04135250e+02     2.37242025e+02     1.23796561e+02   
    2.70000000e+04     6.75000000e+00     1.10935572e+03     2.98918853e+02     2.35462630e+02     1.22129616e+02   
    2.72000000e+04     6.80000000e+00     1.10934251e+03     3.00871070e+02     2.35242258e+02     1.20941497e+02   
    2.74000000e+04     6.85000000e+00     1.10934373e+03     2.97396345e+02     2.36323736e+02     1.22632699e+02   
    2.76000000e+04     6.90000000e+00     1.10934330e+03     3.00082334e+02     2.34842315e+02     1.20010549e+02   
    2.78000000e+04     6.95000000e+00     1.10933963e+03     2.99814829e+02     2.36634686e+02     1.21252563e+02   
    2.80000000e+04     7.00000000e+00     1.10933288e+03     3.01122835e+02     2.36585834e+02     1.20813644e+02   
    2.82000000e+04     7.05000000e+00     1.10934301e+03     2.96276144e+02     2.36202619e+02     1.21462956e+02   
    2.84000000e+04     7.10000000e+00     1.10935776e+03     2.99003491e+02     2.36404004e+02     1.21519124e+02   
    2.86000000e+04     7.15000000e+00     1.10936588e+03     3.02499442e+02     2.38239295e+02     1.23225518e+02   
    2.88000000e+04     7.20000000e+00     1.10936035e+03     3.02229967e+02     2.36424433e+02     1.22830034e+02   
    2.90000000e+04     7.25000000e+00     1.10935207e+03     2.98997847e+02     2.35010790e+02     1.22235833e+02   
    2.92000000e+04     7.30000000e+00     1.10934818e+03     2.98472798e+02     2.37371697e+02     1.24216986e+02   
    2.94000000e+04     7.35000000e+00     1.10934171e+03     2.97972931e+02     2.34747887e+02     1.22505653e+02   
    2.96000000e+04     7.40000000e+00     1.10935727e+03     3.02570214e+02     2.37416682e+02     1.24420819e+02   
    2.98000000e+04     7.45000000e+00     1.10936049e+03     2.99422081e+02     2.36414345e+02     1.25371862e+02   
    3.00000000e+04     7.50000000e+00     1.10935541e+03     2.99778672e+02     2.36445290e+02     1.23167022e+02   
    3.02000000e+04     7.55000000e+00     1.10934996e+03     3.01085467e+02     2.36764218e+02     1.24307844e+02   
    3.04000000e+04     7.60000000e+00     1.10934323e+03     2.99919361e+02     2.35435053e+02     1.23233548e+02   
    3.06000000e+04     7.65000000e+00     1.10934545e+03     2.97454420e+02     2.35527148e+02     1.24403644e+02   
    3.08000000e+04     7.70000000e+00     1.10935211e+03     3.01401875e+02     2.36652422e+02     1.25763174e+02   
    3.10000000e+04     7.75000000e+00     1.10934449e+03     2.99530977e+02     2.36279481e+02     1.25530410e+02   
    3.12000000e+04     7.80000000e+00     1.10933633e+03     2.98810984e+02     2.36918598e+02     1.26570023e+02   
    3.14000000e+04     7.85000000e+00     1.10933827e+03     2.96051292e+02     2.36774986e+02     1.26861806e+02   
    3.16000000e+04     7.90000000e+00     1.10932778e+03     3.01580474e+02     2.35643339e+02     1.26269582e+02   
    3.18000000e+04     7.95000000e+00     1.10932660e+03     3.01110839e+02     2.37180627e+02     1.27172393e+02   
    3.20000000e+04     8.00000000e+00     1.10932598e+03     3.03017309e+02     2.37955164e+02     1.26940425e+02   
    3.22000000e+04     8.05000000e+00     1.10933307e+03     2.98926922e+02     2.37751149e+02     1.27596606e+02   
    3.24000000e+04     8.10000000e+00     1.10933420e+03     2.99243980e+02     2.36870017e+02     1.25467020e+02   
    3.26000000e+04     8.15000000e+00     1.10934822e+03     2.98146517e+02     2.37500321e+02     1.26228794e+02   
    3.28000000e+04     8.20000000e+00     1.10934621e+03     3.02456936e+02     2.35512208e+02     1.24205018e+02   
    3.30000000e+04     8.25000000e+00     1.10933904e+03     2.97891027e+02     2.35873650e+02     1.25535747e+02   
    3.32000000e+04     8.30000000e+00     1.10933746e+03     2.97934383e+02     2.36628136e+02     1.26080945e+02   
    3.34000000e+04     8.35000000e+00     1.10933466e+03     2.98850880e+02     2.36579916e+02     1.25827019e+02   
    3.36000000e+04     8.40000000e+00     1.10934226e+03     2.97553578e+02     2.34907646e+02     1.24028928e+02   
    3.38000000e+04     8.45000000e+00     1.10936024e+03     2.97664340e+02     2.37351119e+02     1.27196209e+02   
    3.40000000e+04     8.50000000e+00     1.10936189e+03     2.98979968e+02     2.36118294e+02     1.25313325e+02   
    3.42000000e+04     8.55000000e+00     1.10935414e+03     2.98074750e+02     2.36373905e+02     1.23292708e+02   
    3.44000000e+04     8.60000000e+00     1.10935003e+03     3.00302692e+02     2.36262205e+02     1.23663588e+02   
    3.46000000e+04     8.65000000e+00     1.10934546e+03     3.01776753e+02     2.35001794e+02     1.22073758e+02   
    3.48000000e+04     8.70000000e+00     1.10934864e+03     2.98584095e+02     2.38157023e+02     1.25435282e+02   
    3.50000000e+04     8.75000000e+00     1.10934990e+03     2.98776637e+02     2.38142250e+02     1.26049782e+02   
    3.52000000e+04     8.80000000e+00     1.10934322e+03     2.99934678e+02     2.36190531e+02     1.22059209e+02   
    3.54000000e+04     8.85000000e+00     1.10934783e+03     2.98923321e+02     2.36637213e+02     1.24008297e+02   
    3.56000000e+04     8.90000000e+00     1.10936122e+03     2.99383665e+02     2.38265654e+02     1.23525558e+02   
    3.58000000e+04     8.95000000e+00     1.10935059e+03     3.01056488e+02     2.34694014e+02     1.20702509e+02   
    3.60000000e+04     9.00000000e+00     1.10936845e+03     3.00169405e+02     2.37251078e+02     1.24164735e+02   
    3.62000000e+04     9.05000000e+00     1.10936555e+03     3.02595790e+02     2.36630848e+02     1.22482828e+02   
    3.64000000e+04     9.10000000e+00     1.10936349e+03     3.01025696e+02     2.36468319e+02     1.22558196e+02   
    3.66000000e+04     9.15000000e+00     1.10937677e+03     3.00555595e+02     2.37923425e+02     1.24921656e+02   
    3.68000000e+04     9.20000000e+00     1.10938459e+03     3.00149774e+02     2.37610004e+02     1.24900450e+02   
    3.70000000e+04     9.25000000e+00     1.10937812e+03     2.98590873e+02     2.36966461e+02     1.23851065e+02   
    3.72000000e+04     9.30000000e+00     1.10936706e+03     3.00586624e+02     2.34064987e+02     1.21368222e+02   
    3.74000000e+04     9.35000000e+00     1.10937126e+03     3.03209158e+02     2.35958741e+02     1.22916463e+02   
    3.76000000e+04     9.40000000e+00     1.10937075e+03     3.01663670e+02     2.36381970e+02     1.23429332e+02   
    3.78000000e+04     9.45000000e+00     1.10936448e+03     2.97527551e+02     2.35518611e+02     1.22634835e+02   
    3.80000000e+04     9.50000000e+00     1.10935707e+03     2.99519115e+02     2.35925120e+02     1.22459186e+02   
    3.82000000e+04     9.55000000e+00     1.10935924e+03     2.98858885e+02     2.37032005e+02     1.21564940e+02   
    3.84000000e+04     9.60000000e+00     1.10936832e+03     2.98464409e+02     2.38880345e+02     1.24492373e+02   
    3.86000000e+04     9.65000000e+00     1.10934686e+03     3.00132919e+02     2.34574544e+02     1.19514158e+02   
    3.88000000e+04     9.70000000e+00     1.10934664e+03     3.00135967e+02     2.36256008e+02     1.23002838e+02   
    3.90000000e+04     9.75000000e+00     1.10934626e+03     3.01733199e+02     2.36986099e+02     1.22745760e+02   
    3.92000000e+04     9.80000000e+00     1.10932948e+03     2.98181550e+02     2.34941792e+02     1.20558079e+02   
    3.94000000e+04     9.85000000e+00     1.10932258e+03     2.97698812e+02     2.33384491e+02     1.18239795e+02   
    3.96000000e+04     9.90000000e+00     1.10933321e+03     3.01460466e+02     2.36753747e+02     1.22616543e+02   
    3.98000000e+04     9.95000000e+00     1.10934879e+03     2.98637587e+02     2.36273841e+02     1.22938532e+02   
    4.00000000e+04     1.00000000e+01     1.10936156e+03     2.98546036e+02     2.36821635e+02     1.24211308e+02   
    4.02000000e+04     1.00500000e+01     1.10935745e+03     3.00743367e+02     2.35867694e+02     1.22135990e+02   
    4.04000000e+04     1.01000000e+01     1.10935878e+03     2.98725054e+02     2.37388072e+02     1.23277363e+02   
    4.06000000e+04     1.01500000e+01     1.10935306e+03     2.97584746e+02     2.36941384e+02     1.24137024e+02   
    4.08000000e+04     1.02000000e+01     1.10934602e+03     2.98623626e+02     2.35027432e+02     1.20819847e+02   
    4.10000000e+04     1.02500000e+01     1.10933822e+03     3.00161681e+02     2.36428223e+02     1.22106803e+02   
    4.12000000e+04     1.03000000e+01     1.10934159e+03     2.99702574e+02     2.36872663e+02     1.22370814e+02   
    4.14000000e+04     1.03500000e+01     1.10934099e+03     2.98675531e+02     2.34758422e+02     1.19885211e+02   
    4.16000000e+04     1.04000000e+01     1.10934799e+03     2.99026018e+02     2.34959222e+02     1.21818511e+02   
    4.18000000e+04     1.04500000e+01     1.10936616e+03     2.98834172e+02     2.37174192e+02     1.22597164e+02   
    4.20000000e+04     1.05000000e+01     1.10936455e+03     2.98011674e+02     2.36051172e+02     1.22363589e+02   
    4.22000000e+04     1.05500000e+01     1.10937549e+03     3.02798959e+02     2.35659865e+02     1.20430802e+02   
    4.24000000e+04     1.06000000e+01     1.10938143e+03     3.00459523e+02     2.34783318e+02     1.22384247e+02   
    4.26000000e+04     1.06500000e+01     1.10939521e+03     3.01937593e+02     2.36350740e+02     1.21863926e+02   
    4.28000000e+04     1.07000000e+01     1.10940962e+03     2.98292469e+02     2.39091201e+02     1.23468084e+02   
    4.30000000e+04     1.07500000e+01     1.10938750e+03     2.96057312e+02     2.36507534e+02     1.21605573e+02   
    4.32000000e+04     1.08000000e+01     1.10936959e+03     3.02463324e+02     2.35809847e+02     1.19572352e+02   
    4.34000000e+04     1.08500000e+01     1.10937510e+03     2.98755869e+02     2.36588570e+02     1.24996042e+02   
    4.36000000e+04     1.09000000e+01     1.10937510e+03     3.00519402e+02     2.34821670e+02     1.20471587e+02   
    4.38000000e+04     1.09500000e+01     1.10938261e+03     2.97673039e+02     2.35828081e+02     1.23964987e+02   
    4.40000000e+04     1.10000000e+01     1.10938322e+03     2.99418094e+02     2.36524055e+02     1.23748212e+02   
    4.42000000e+04     1.10500000e+01     1.10937365e+03     3.01451372e+02     2.36289972e+02     1.22703989e+02   
    4.44000000e+04     1.11000000e+01     1.10938147e+03     3.03016418e+02     2.36170166e+02     1.22672424e+02   
    4.46000000e+04     1.11500000e+01     1.10938815e+03     2.99689177e+02     2.35236179e+02     1.22606546e+02   
    4.48000000e+04     1.12000000e+01     1.10940152e+03     2.98944557e+02     2.36025840e+02     1.24102327e+02   
    4.50000000e+04     1.12500000e+01     1.10940937e+03     2.98004737e+02     2.34083230e+02     1.22722780e+02   
    4.52000000e+04     1.13000000e+01     1.10941989e+03     3.01906191e+02     2.37184691e+02     1.25176953e+02   
    4.54000000e+04     1.13500000e+01     1.10940785e+03     2.99243391e+02     2.36967932e+02     1.24425329e+02   
    4.56000000e+04     1.14000000e+01     1.10940399e+03     2.98109331e+02     2.36118263e+02     1.24770256e+02   
    4.58000000e+04     1.14500000e+01     1.10939765e+03     3.01262938e+02     2.37105169e+02     1.24860820e+02   
    4.60000000e+04     1.15000000e+01     1.10939584e+03     2.98707172e+02     2.36388096e+02     1.24666847e+02   
    4.62000000e+04     1.15500000e+01     1.10938177e+03     2.99550673e+02     2.33662810e+02     1.20817148e+02   
    4.64000000e+04     1.16000000e+01     1.10939014e+03     3.00673036e+02     2.35572316e+02     1.23764519e+02   
    4.66000000e+04     1.16500000e+01     1.10939091e+03     3.03112682e+02     2.36718488e+02     1.24497240e+02   
    4.68000000e+04     1.17000000e+01     1.10938388e+03     3.02165716e+02     2.36922758e+02     1.23337107e+02   
    4.70000000e+04     1.17500000e+01     1.10937502e+03     2.97287980e+02     2.36371689e+02     1.23005212e+02   
    4.72000000e+04     1.18000000e+01     1.10937695e+03     2.98123866e+02     2.36374366e+02     1.23445510e+02   
    4.74000000e+04     1.18500000e+01     1.10937661e+03     2.99853133e+02     2.37288381e+02     1.24073554e+02   
    4.76000000e+04     1.19000000e+01     1.10939054e+03     2.99094927e+02     2.37557898e+02     1.23443437e+02   
    4.78000000e+04     1.19500000e+01     1.10939520e+03     3.02944639e+02     2.36633547e+02     1.23981394e+02   
    4.80000000e+04     1.20000000e+01     1.10939744e+03     3.01170966e+02     2.37074023e+02     1.22984052e+02   
    4.82000000e+04     1.20500000e+01     1.10938999e+03     3.00594337e+02     2.36481061e+02     1.23188515e+02   
    4.84000000e+04     1.21000000e+01     1.10939291e+03     2.97033055e+02     2.36021558e+02     1.23801346e+02   
    4.86000000e+04     1.21500000e+01     1.10940436e+03     3.00764964e+02     2.36186565e+02     1.24081288e+02   
    4.88000000e+04     1.22000000e+01     1.10940447e+03     3.03908080e+02     2.35727046e+02     1.23306726e+02   
    4.90000000e+04     1.22500000e+01     1.10941369e+03     3.02698323e+02     2.36970237e+02     1.24022585e+02   
    4.92000000e+04     1.23000000e+01     1.10941207e+03     2.97655122e+02     2.35737371e+02     1.23166805e+02   
    4.94000000e+04     1.23500000e+01     1.10941051e+03     2.99168082e+02     2.34193304e+02     1.22391002e+02   
    4.96000000e+04     1.24000000e+01     1.10941741e+03     2.99867527e+02     2.36950005e+02     1.23254409e+02   
    4.98000000e+04     1.24500000e+01     1.10940265e+03     2.98771472e+02     2.34879577e+02     1.20826603e+02   
    5.00000000e+04     1.25000000e+01     1.10940721e+03     2.99196082e+02     2.34177753e+02     1.22935241e+02   
    5.02000000e+04     1.25500000e+01     1.10941252e+03     2.98266543e+02     2.36599499e+02     1.25036393e+02   
    5.04000000e+04     1.26000000e+01     1.10943126e+03     3.02077171e+02     2.37740475e+02     1.25423608e+02   
    5.06000000e+04     1.26500000e+01     1.10941752e+03     2.98755774e+02     2.34716038e+02     1.21724643e+02   
    5.08000000e+04     1.27000000e+01     1.10942425e+03     3.01351865e+02     2.36105351e+02     1.22153700e+02   
    5.10000000e+04     1.27500000e+01     1.10943435e+03     2.99740289e+02     2.36960588e+02     1.23511713e+02   
    5.12000000e+04     1.28000000e+01     1.10944411e+03     2.99424612e+02     2.37146323e+02     1.22505119e+02   
    5.14000000e+04     1.28500000e+01     1.10943036e+03     3.00343010e+02     2.37195960e+02     1.22160154e+02   
    5.16000000e+04     1.29000000e+01     1.10942208e+03     3.02091173e+02     2.38003048e+02     1.24125398e+02   
    5.18000000e+04     1.29500000e+01     1.10940905e+03     3.01771438e+02     2.35622253e+02     1.20773310e+02   
    5.20000000e+04     1.30000000e+01     1.10942161e+03     3.00220696e+02     2.37530608e+02     1.21399109e+02   
    5.22000000e+04     1.30500000e+01     1.10940959e+03     3.00516968e+02     2.37220540e+02     1.20979505e+02   
    5.24000000e+04     1.31000000e+01     1.10940935e+03     2.99463948e+02     2.35274227e+02     1.19838882e+02   
    5.26000000e+04     1.31500000e+01     1.10943027e+03     2.98415196e+02     2.36478287e+02     1.22467416e+02   
    5.28000000e+04     1.32000000e+01     1.10945836e+03     3.00669510e+02     2.38175632e+02     1.23185696e+02   
    5.30000000e+04     1.32500000e+01     1.10945984e+03     3.00038472e+02     2.35695717e+02     1.21107295e+02   
    5.32000000e+04     1.33000000e+01     1.10945188e+03     3.02778633e+02     2.35391329e+02     1.22145699e+02   
    5.34000000e+04     1.33500000e+01     1.10945038e+03     3.01088255e+02     2.36384092e+02     1.24200452e+02   
    5.36000000e+04     1.34000000e+01     1.10944377e+03     3.02684664e+02     2.38268977e+02     1.24530329e+02   
    5.38000000e+04     1.34500000e+01     1.10945875e+03     2.99215608e+02     2.37830288e+02     1.26359326e+02   
    5.40000000e+04     1.35000000e+01     1.10946101e+03     3.00628490e+02     2.37529199e+02     1.23219551e+02   
    5.42000000e+04     1.35500000e+01     1.10947390e+03     3.03027691e+02     2.37009052e+02     1.23398084e+02   
    5.44000000e+04     1.36000000e+01     1.10948489e+03     3.01012559e+02     2.35859504e+02     1.21680329e+02   
    5.46000000e+04     1.36500000e+01     1.10950401e+03     3.01578155e+02     2.37936195e+02     1.25624320e+02   
    5.48000000e+04     1.37000000e+01     1.10949704e+03     3.02497647e+02     2.34074374e+02     1.20852101e+02   
    5.50000000e+04     1.37500000e+01     1.10950700e+03     3.00803621e+02     2.35456637e+02     1.21683808e+02   
    5.52000000e+04     1.38000000e+01     1.10951721e+03     2.97147775e+02     2.35978106e+02     1.24278445e+02   
    5.54000000e+04     1.38500000e+01     1.10952334e+03     3.00483900e+02     2.37111425e+02     1.24461375e+02   
    5.56000000e+04     1.39000000e+01     1.10951875e+03     3.00574669e+02     2.35447367e+02     1.25003635e+02   
    5.58000000e+04     1.39500000e+01     1.10949121e+03     3.01867487e+02     2.35109164e+02     1.20980310e+02   
    5.60000000e+04     1.40000000e+01     1.10949182e+03     2.98263947e+02     2.35212037e+02     1.24192274e+02   
    5.62000000e+04     1.40500000e+01     1.10948477e+03     3.00335574e+02     2.35508219e+02     1.24058255e+02   
    5.64000000e+04     1.41000000e+01     1.10948729e+03     3.00735335e+02     2.37303937e+02     1.25172190e+02   
    5.66000000e+04     1.41500000e+01     1.10949633e+03     3.02760627e+02     2.36179390e+02     1.23935092e+02   
    5.68000000e+04     1.42000000e+01     1.10948836e+03     3.02468867e+02     2.35774121e+02     1.22670603e+02   
    5.70000000e+04     1.42500000e+01     1.10948734e+03     3.04147408e+02     2.36128921e+02     1.23888997e+02   
    5.72000000e+04     1.43000000e+01     1.10949814e+03     3.02059111e+02     2.37922927e+02     1.23370165e+02   
    5.74000000e+04     1.43500000e+01     1.10949561e+03     3.01473765e+02     2.35782338e+02     1.22600817e+02   
    5.76000000e+04     1.44000000e+01     1.10950160e+03     2.97819012e+02     2.35315901e+02     1.23095212e+02   
    5.78000000e+04     1.44500000e+01     1.10950571e+03     3.01833782e+02     2.38195401e+02     1.26481243e+02   
    5.80000000e+04     1.45000000e+01     1.10949992e+03     3.00900428e+02     2.36154961e+02     1.22233038e+02   
    5.82000000e+04     1.45500000e+01     1.10949922e+03     3.00787930e+02     2.36749720e+02     1.24429731e+02   
    5.84000000e+04     1.46000000e+01     1.10948469e+03     2.99411081e+02     2.35689857e+02     1.24063876e+02   
    5.86000000e+04     1.46500000e+01     1.10948590e+03     2.99033905e+02     2.37322140e+02     1.25869898e+02   
    5.88000000e+04     1.47000000e+01     1.10947646e+03     3.00731333e+02     2.36245745e+02     1.24167490e+02   
    5.90000000e+04     1.47500000e+01     1.10948140e+03     2.98835709e+02     2.37926454e+02     1.25876629e+02   
    5.92000000e+04     1.48000000e+01     1.10949124e+03     3.01417580e+02     2.37740029e+02     1.24484177e+02   
    5.94000000e+04     1.48500000e+01     1.10949304e+03     3.01719968e+02     2.35851994e+02     1.22820335e+02   
    5.96000000e+04     1.49000000e+01     1.10949610e+03     2.99168736e+02     2.35333218e+02     1.23407310e+02   
    5.98000000e+04     1.49500000e+01     1.10952099e+03     2.99663946e+02     2.38032562e+02     1.27639135e+02   
    6.00000000e+04     1.50000000e+01     1.10951624e+03     3.00359278e+02     2.35705701e+02     1.25362614e+02   
    6.02000000e+04     1.50500000e+01     1.10951503e+03     2.99692371e+02     2.34436093e+02     1.22516523e+02   
    6.04000000e+04     1.51000000e+01     1.10952791e+03     3.00046925e+02     2.37086733e+02     1.27606337e+02   
    6.06000000e+04     1.51500000e+01     1.10951530e+03     2.99447183e+02     2.36134085e+02     1.26153943e+02   
    6.08000000e+04     1.52000000e+01     1.10950924e+03     2.99563802e+02     2.34514479e+02     1.24962100e+02   
    6.10000000e+04     1.52500000e+01     1.10952452e+03     2.98205767e+02     2.37332632e+02     1.26835664e+02   
    6.12000000e+04     1.53000000e+01     1.10951741e+03     3.03160700e+02     2.35709954e+02     1.22680272e+02   
    6.14000000e+04     1.53500000e+01     1.10952462e+03     2.98754261e+02     2.35031531e+02     1.23403607e+02   
    6.16000000e+04     1.54000000e+01     1.10952887e+03     2.99496479e+02     2.36952301e+02     1.25081359e+02   
    6.18000000e+04     1.54500000e+01     1.10952935e+03     3.02441144e+02     2.35064284e+02     1.22449713e+02   
    6.20000000e+04     1.55000000e+01     1.10952677e+03     3.01779418e+02     2.34738249e+02     1.22754592e+02   
    6.22000000e+04     1.55500000e+01     1.10953470e+03     3.03784223e+02     2.37973254e+02     1.26334450e+02   
    6.24000000e+04     1.56000000e+01     1.10953067e+03     3.00945423e+02     2.37318910e+02     1.25416651e+02   
    6.26000000e+04     1.56500000e+01     1.10953031e+03     2.97588715e+02     2.37176457e+02     1.24072052e+02   
    6.28000000e+04     1.57000000e+01     1.10954209e+03     3.00581518e+02     2.36651171e+02     1.23471716e+02   
    6.30000000e+04     1.57500000e+01     1.10954841e+03     2.96221632e+02     2.35265357e+02     1.22514317e+02   
    6.32000000e+04     1.58000000e+01     1.10954907e+03     2.98067985e+02     2.35473692e+02     1.23759745e+02   
    6.34000000e+04     1.58500000e+01     1.10954774e+03     2.97767709e+02     2.36242865e+02     1.23223383e+02   
    6.36000000e+04     1.59000000e+01     1.10956290e+03     2.99460959e+02     2.37936228e+02     1.24588404e+02   
    6.38000000e+04     1.59500000e+01     1.10956258e+03     3.01360330e+02     2.35434127e+02     1.22040069e+02   
    6.40000000e+04     1.60000000e+01     1.10957482e+03     3.00304912e+02     2.38431581e+02     1.24426266e+02   
    6.42000000e+04     1.60500000e+01     1.10957078e+03     2.99170940e+02     2.36018711e+02     1.21602261e+02   
    6.44000000e+04     1.61000000e+01     1.10958288e+03     3.02009533e+02     2.36768719e+02     1.23033602e+02   
    6.46000000e+04     1.61500000e+01     1.10959251e+03     3.00893471e+02     2.37542775e+02     1.22715272e+02   
    6.48000000e+04     1.62000000e+01     1.10958795e+03     3.02977075e+02     2.34676841e+02     1.20920985e+02   
    6.50000000e+04     1.62500000e+01     1.10960454e+03     3.01921711e+02     2.37907589e+02     1.24106254e+02   
    6.52000000e+04     1.63000000e+01     1.10960291e+03     2.98204292e+02     2.37379480e+02     1.24841379e+02   
    6.54000000e+04     1.63500000e+01     1.10960986e+03     2.99949888e+02     2.36262732e+02     1.24138231e+02   
    6.56000000e+04     1.64000000e+01     1.10960592e+03     2.96311778e+02     2.36013238e+02     1.23165967e+02   
    6.58000000e+04     1.64500000e+01     1.10960962e+03     3.01154922e+02     2.35810708e+02     1.22889022e+02   
    6.60000000e+04     1.65000000e+01     1.10960482e+03     2.96818331e+02     2.35852714e+02     1.23185443e+02   
    6.62000000e+04     1.65500000e+01     1.10960370e+03     3.00956969e+02     2.37183077e+02     1.24983143e+02   
    6.64000000e+04     1.66000000e+01     1.10960760e+03     2.99967216e+02     2.36577794e+02     1.24773802e+02   
    6.66000000e+04     1.66500000e+01     1.10961934e+03     3.03510885e+02     2.35820231e+02     1.22835271e+02   
    6.68000000e+04     1.67000000e+01     1.10963574e+03     2.99951115e+02     2.36005057e+02     1.24444570e+02   
    6.70000000e+04     1.67500000e+01     1.10963594e+03     2.98426278e+02     2.34294191e+02     1.21313641e+02   
    6.72000000e+04     1.68000000e+01     1.10964083e+03     2.97232865e+02     2.36617733e+02     1.24904564e+02   
    6.74000000e+04     1.68500000e+01     1.10964024e+03     3.00013037e+02     2.34798266e+02     1.21481307e+02   
    6.76000000e+04     1.69000000e+01     1.10964487e+03     2.99236440e+02     2.35395740e+02     1.23539964e+02   
    6.78000000e+04     1.69500000e+01     1.10963949e+03     2.99015259e+02     2.35351867e+02     1.21679761e+02   
    6.80000000e+04     1.70000000e+01     1.10964647e+03     2.99213073e+02     2.33893840e+02     1.20069954e+02   
    6.82000000e+04     1.70500000e+01     1.10967623e+03     2.97284672e+02     2.35518551e+02     1.22575564e+02   
    6.84000000e+04     1.71000000e+01     1.10969363e+03     3.00010317e+02     2.36343563e+02     1.24419736e+02   
    6.86000000e+04     1.71500000e+01     1.10968889e+03     2.98937602e+02     2.36372632e+02     1.25155712e+02   
    6.88000000e+04     1.72000000e+01     1.10968475e+03     3.00982511e+02     2.35600611e+02     1.23559966e+02   
    6.90000000e+04     1.72500000e+01     1.10968653e+03     3.03267075e+02     2.36637041e+02     1.24912191e+02   
    6.92000000e+04     1.73000000e+01     1.10969374e+03     2.98839286e+02     2.36033181e+02     1.25636155e+02   
    6.94000000e+04     1.73500000e+01     1.10969458e+03     2.97590457e+02     2.36747770e+02     1.24885223e+02   
    6.96000000e+04     1.74000000e+01     1.10970374e+03     3.02677857e+02     2.36749009e+02     1.23113423e+02   
    6.98000000e+04     1.74500000e+01     1.10970661e+03     2.98013472e+02     2.35842076e+02     1.24369600e+02   
    7.00000000e+04     1.75000000e+01     1.10970695e+03     2.99651393e+02     2.35563363e+02     1.24018712e+02   
    7.02000000e+04     1.75500000e+01     1.10971576e+03     2.97838949e+02     2.35960692e+02     1.24689088e+02   
    7.04000000e+04     1.76000000e+01     1.10971863e+03     2.99481126e+02     2.35851176e+02     1.24896145e+02   
    7.06000000e+04     1.76500000e+01     1.10973739e+03     2.99891025e+02     2.36532540e+02     1.25631111e+02   
    7.08000000e+04     1.77000000e+01     1.10972544e+03     3.01031718e+02     2.34624992e+02     1.23570474e+02   
    7.10000000e+04     1.77500000e+01     1.10972517e+03     2.97502838e+02     2.35432702e+02     1.24902258e+02   
    7.12000000e+04     1.78000000e+01     1.10973205e+03     3.02342864e+02     2.37465239e+02     1.24842635e+02   
    7.14000000e+04     1.78500000e+01     1.10972188e+03     2.98918743e+02     2.35922932e+02     1.25104593e+02   
    7.16000000e+04     1.79000000e+01     1.10973367e+03     3.03506602e+02     2.38127908e+02     1.26290791e+02   
    7.18000000e+04     1.79500000e+01     1.10972528e+03     3.00087327e+02     2.35545988e+02     1.22284702e+02   
    7.20000000e+04     1.80000000e+01     1.10973157e+03     3.00070952e+02     2.36028165e+02     1.23617915e+02   
    7.22000000e+04     1.80500000e+01     1.10973627e+03     2.98782907e+02     2.36678341e+02     1.23900698e+02   
    7.24000000e+04     1.81000000e+01     1.10973190e+03     3.00397881e+02     2.36946927e+02     1.24037652e+02   
    7.26000000e+04     1.81500000e+01     1.10972515e+03     2.99392802e+02     2.36067601e+02     1.23543508e+02   
    7.28000000e+04     1.82000000e+01     1.10973189e+03     3.00211230e+02     2.35700806e+02     1.23243310e+02   
    7.30000000e+04     1.82500000e+01     1.10971136e+03     3.00877154e+02     2.32854784e+02     1.17754336e+02   
    7.32000000e+04     1.83000000e+01     1.10972250e+03     2.99775318e+02     2.35269715e+02     1.20817838e+02   
    7.34000000e+04     1.83500000e+01     1.10972183e+03     2.99403429e+02     2.35311050e+02     1.22381045e+02   
    7.36000000e+04     1.84000000e+01     1.10972842e+03     3.02358011e+02     2.36150324e+02     1.23883661e+02   
    7.38000000e+04     1.84500000e+01     1.10973629e+03     3.01204110e+02     2.36963310e+02     1.25671982e+02   
    7.40000000e+04     1.85000000e+01     1.10973755e+03     2.99424046e+02     2.35781747e+02     1.23489552e+02   
    7.42000000e+04     1.85500000e+01     1.10974543e+03     3.01209108e+02     2.35744386e+02     1.24165928e+02   
    7.44000000e+04     1.86000000e+01     1.10975265e+03     3.02562784e+02     2.35326301e+02     1.23147171e+02   
    7.46000000e+04     1.86500000e+01     1.10975058e+03     2.98551454e+02     2.36227929e+02     1.23921769e+02   
    7.48000000e+04     1.87000000e+01     1.10975483e+03     3.01259237e+02     2.38213747e+02     1.26060851e+02   
    7.50000000e+04     1.87500000e+01     1.10974708e+03     2.97875758e+02     2.37352302e+02     1.25377489e+02   
    7.52000000e+04     1.88000000e+01     1.10973285e+03     3.01793329e+02     2.35151413e+02     1.23396930e+02   
    7.54000000e+04     1.88500000e+01     1.10973466e+03     2.98874951e+02     2.34329889e+02     1.23998915e+02   
    7.56000000e+04     1.89000000e+01     1.10973113e+03     2.96986647e+02     2.34873850e+02     1.24099446e+02   
    7.58000000e+04     1.89500000e+01     1.10973550e+03     2.98249951e+02     2.34944965e+02     1.24729721e+02   
    7.60000000e+04     1.90000000e+01     1.10974792e+03     2.99791321e+02     2.35822391e+02     1.25965004e+02   
    7.62000000e+04     1.90500000e+01     1.10976267e+03     3.01456886e+02     2.36233212e+02     1.25033676e+02   
    7.64000000e+04     1.91000000e+01     1.10976720e+03     2.97946842e+02     2.36682496e+02     1.23639309e+02   
    7.66000000e+04     1.91500000e+01     1.10975969e+03     3.00891103e+02     2.36049842e+02     1.23404653e+02   
    7.68000000e+04     1.92000000e+01     1.10976813e+03     2.99592585e+02     2.36161250e+02     1.23352739e+02   
    7.70000000e+04     1.92500000e+01     1.10974785e+03     2.98758958e+02     2.35136709e+02     1.22242292e+02   
    7.72000000e+04     1.93000000e+01     1.10974040e+03     3.01758976e+02     2.36240752e+02     1.22433128e+02   
    7.74000000e+04     1.93500000e+01     1.10975430e+03     2.98842345e+02     2.38017208e+02     1.25140819e+02   
    7.76000000e+04     1.94000000e+01     1.10975685e+03     2.97547983e+02     2.36133847e+02     1.24188276e+02   
    7.78000000e+04     1.94500000e+01     1.10977988e+03     3.00287133e+02     2.37223797e+02     1.25524322e+02   
    7.80000000e+04     1.95000000e+01     1.10978938e+03     3.00387392e+02     2.38318227e+02     1.26173651e+02   
    7.82000000e+04     1.95500000e+01     1.10978428e+03     2.99137505e+02     2.36792223e+02     1.24643433e+02   
    7.84000000e+04     1.96000000e+01     1.10977569e+03     2.99395118e+02     2.34560189e+02     1.21293591e+02   
    7.86000000e+04     1.96500000e+01     1.10978459e+03     2.99287060e+02     2.37905675e+02     1.22897580e+02   
    7.88000000e+04     1.97000000e+01     1.10977598e+03     3.00675901e+02     2.34736536e+02     1.22456071e+02   
    7.90000000e+04     1.97500000e+01     1.10977821e+03     3.01857725e+02     2.36293436e+02     1.22207446e+02   
    7.92000000e+04     1.98000000e+01     1.10978274e+03     2.96626100e+02     2.36474719e+02     1.23209091e+02   
    7.94000000e+04     1.98500000e+01     1.10978259e+03     3.00632687e+02     2.36425614e+02     1.21918378e+02   
    7.96000000e+04     1.99000000e+01     1.10977595e+03     2.99868025e+02     2.36089159e+02     1.23061162e+02   
    7.98000000e+04     1.99500000e+01     1.10977626e+03     3.00546673e+02     2.35671961e+02     1.23054954e+02   
    8.00000000e+04     2.00000000e+01     1.10977315e+03     2.99095352e+02     2.35279335e+02     1.21773664e+02   
