# column   1     --> step : The current simulation time step.
# column   2     --> time{picosecond} : The elapsed simulation time.
# column   3     --> conserved{electronvolt} : The value of the conserved energy quantity per bead.
# column   4     --> temperature{kelvin} : The current temperature, as obtained from the MD kinetic energy.
# column   5     --> kinetic_cv{electronvolt} : The centroid-virial quantum kinetic energy of the physical system.
# column   6     --> potential{electronvolt} : The physical system potential energy.
    0.00000000e+00     0.00000000e+00     1.11808848e+03     3.04273373e+02     2.35130664e+02     1.28075677e+02   
    2.00000000e+02     5.00000000e-02     1.11808063e+03     2.98805952e+02     2.35884988e+02     1.26694543e+02   
    4.00000000e+02     1.00000000e-01     1.11807408e+03     3.03421987e+02     2.36408238e+02     1.25390673e+02   
    6.00000000e+02     1.50000000e-01     1.11806587e+03     3.01105843e+02     2.33664469e+02     1.22961110e+02   
    8.00000000e+02     2.00000000e-01     1.11805499e+03     3.02000813e+02     2.35415201e+02     1.26665491e+02   
    1.00000000e+03     2.50000000e-01     1.11804552e+03     3.05448136e+02     2.35262081e+02     1.25997661e+02   
    1.20000000e+03     3.00000000e-01     1.11805582e+03     3.01380195e+02     2.36188419e+02     1.26557489e+02   
    1.40000000e+03     3.50000000e-01     1.11804497e+03     3.03225702e+02     2.35604307e+02     1.25835528e+02   
    1.60000000e+03     4.00000000e-01     1.11804238e+03     2.99366837e+02     2.33883740e+02     1.24126821e+02   
    1.80000000e+03     4.50000000e-01     1.11803933e+03     2.99287815e+02     2.34602009e+02     1.25752891e+02   
    2.00000000e+03     5.00000000e-01     1.11805690e+03     2.99307748e+02     2.36755469e+02     1.24910789e+02   
    2.20000000e+03     5.50000000e-01     1.11805928e+03     2.96295531e+02     2.37828440e+02     1.28428059e+02   
    2.40000000e+03     6.00000000e-01     1.11805710e+03     3.01904093e+02     2.36532750e+02     1.25966113e+02   
    2.60000000e+03     6.50000000e-01     1.11805916e+03     3.01285735e+02     2.37175749e+02     1.26290746e+02   
    2.80000000e+03     7.00000000e-01     1.11807541e+03     3.02801590e+02     2.37717748e+02     1.27461756e+02   
    3.00000000e+03     7.50000000e-01     1.11807366e+03     3.00706762e+02     2.36548829e+02     1.26679930e+02   
    3.20000000e+03     8.00000000e-01     1.11805855e+03     3.01542922e+02     2.34545054e+02     1.24385698e+02   
    3.40000000e+03     8.50000000e-01     1.11805811e+03     3.02094884e+02     2.36230599e+02     1.27426913e+02   
    3.60000000e+03     9.00000000e-01     1.11805583e+03     3.00235388e+02     2.35818002e+02     1.26694444e+02   
    3.80000000e+03     9.50000000e-01     1.11805798e+03     3.03265231e+02     2.37114512e+02     1.27085886e+02   
    4.00000000e+03     1.00000000e+00     1.11806129e+03     3.01866120e+02     2.35314273e+02     1.27365869e+02   
    4.20000000e+03     1.05000000e+00     1.11806429e+03     3.02424544e+02     2.34091332e+02     1.24863983e+02   
    4.40000000e+03     1.10000000e+00     1.11807527e+03     2.98934506e+02     2.35248837e+02     1.26328627e+02   
    4.60000000e+03     1.15000000e+00     1.11807832e+03     3.00339629e+02     2.37546920e+02     1.25866628e+02   
    4.80000000e+03     1.20000000e+00     1.11806941e+03     3.02679651e+02     2.37975000e+02     1.26248309e+02   
    5.00000000e+03     1.25000000e+00     1.11806615e+03     3.02395716e+02     2.34500316e+02     1.24703930e+02   
    5.20000000e+03     1.30000000e+00     1.11807664e+03     3.04211515e+02     2.36173568e+02     1.24779852e+02   
    5.40000000e+03     1.35000000e+00     1.11808677e+03     3.04808338e+02     2.37395292e+02     1.26904064e+02   
    5.60000000e+03     1.40000000e+00     1.11808315e+03     3.03491954e+02     2.36276510e+02     1.24851277e+02   
    5.80000000e+03     1.45000000e+00     1.11809111e+03     3.00425556e+02     2.36664037e+02     1.25617331e+02   
    6.00000000e+03     1.50000000e+00     1.11809360e+03     3.02671027e+02     2.37808063e+02     1.27184683e+02   
    6.20000000e+03     1.55000000e+00     1.11808275e+03     2.98780364e+02     2.36005468e+02     1.26308534e+02   
    6.40000000e+03     1.60000000e+00     1.11808641e+03     3.01696878e+02     2.37420115e+02     1.27823139e+02   
    6.60000000e+03     1.65000000e+00     1.11806688e+03     3.01066949e+02     2.34125624e+02     1.23709134e+02   
    6.80000000e+03     1.70000000e+00     1.11805798e+03     3.02496071e+02     2.35733791e+02     1.23496750e+02   
    7.00000000e+03     1.75000000e+00     1.11805757e+03     3.04427857e+02     2.34677863e+02     1.23233300e+02   
    7.20000000e+03     1.80000000e+00     1.11806305e+03     3.03594225e+02     2.36669932e+02     1.23097951e+02   
    7.40000000e+03     1.85000000e+00     1.11807360e+03     2.98363901e+02     2.37664367e+02     1.25619622e+02   
    7.60000000e+03     1.90000000e+00     1.11806556e+03     3.04917418e+02     2.35783973e+02     1.22963453e+02   
    7.80000000e+03     1.95000000e+00     1.11806623e+03     3.05070855e+02     2.35798872e+02     1.23823348e+02   
    8.00000000e+03     2.00000000e+00     1.11807442e+03     3.03040728e+02     2.36193292e+02     1.24377046e+02   
    8.20000000e+03     2.05000000e+00     1.11807811e+03     2.99875222e+02     2.35442715e+02     1.25035905e+02   
    8.40000000e+03     2.10000000e+00     1.11810744e+03     3.03964139e+02     2.35856664e+02     1.26280061e+02   
    8.60000000e+03     2.15000000e+00     1.11810228e+03     3.01134693e+02     2.35986281e+02     1.24289633e+02   
    8.80000000e+03     2.20000000e+00     1.11809760e+03     2.99398034e+02     2.36897594e+02     1.24060382e+02   
    9.00000000e+03     2.25000000e+00     1.11808467e+03     3.02132266e+02     2.35117428e+02     1.23089274e+02   
    9.20000000e+03     2.30000000e+00     1.11808020e+03     3.05635686e+02     2.34028934e+02     1.23124440e+02   
    9.40000000e+03     2.35000000e+00     1.11808868e+03     3.01282723e+02     2.36869997e+02     1.27977134e+02   
    9.60000000e+03     2.40000000e+00     1.11809153e+03     3.01593513e+02     2.37306116e+02     1.27867659e+02   
    9.80000000e+03     2.45000000e+00     1.11808362e+03     3.04739296e+02     2.35348765e+02     1.25977234e+02   
    1.00000000e+04     2.50000000e+00     1.11808711e+03     3.00259820e+02     2.34477209e+02     1.27057732e+02   
    1.02000000e+04     2.55000000e+00     1.11810578e+03     3.00271764e+02     2.38261472e+02     1.30086330e+02   
    1.04000000e+04     2.60000000e+00     1.11809976e+03     3.01186483e+02     2.36528106e+02     1.29345372e+02   
    1.06000000e+04     2.65000000e+00     1.11808487e+03     3.04249726e+02     2.36181668e+02     1.27004866e+02   
    1.08000000e+04     2.70000000e+00     1.11808860e+03     2.99093774e+02     2.35774335e+02     1.28218093e+02   
    1.10000000e+04     2.75000000e+00     1.11809121e+03     3.05162883e+02     2.37050217e+02     1.28339886e+02   
    1.12000000e+04     2.80000000e+00     1.11810103e+03     3.02371618e+02     2.37630811e+02     1.29951842e+02   
    1.14000000e+04     2.85000000e+00     1.11810248e+03     3.08430138e+02     2.37470157e+02     1.28235782e+02   
    1.16000000e+04     2.90000000e+00     1.11810440e+03     3.05034156e+02     2.35403995e+02     1.27141486e+02   
    1.18000000e+04     2.95000000e+00     1.11810960e+03     3.00775164e+02     2.38386006e+02     1.28628310e+02   
    1.20000000e+04     3.00000000e+00     1.11809547e+03     3.02986915e+02     2.35265998e+02     1.24015784e+02   
    1.22000000e+04     3.05000000e+00     1.11810844e+03     3.03637459e+02     2.36443260e+02     1.25118522e+02   
    1.24000000e+04     3.10000000e+00     1.11811921e+03     3.04757197e+02     2.36065903e+02     1.27202906e+02   
    1.26000000e+04     3.15000000e+00     1.11811853e+03     3.03872599e+02     2.34633958e+02     1.24686412e+02   
    1.28000000e+04     3.20000000e+00     1.11812439e+03     2.98268764e+02     2.37090514e+02     1.26485872e+02   
    1.30000000e+04     3.25000000e+00     1.11812323e+03     3.03130583e+02     2.38647712e+02     1.27402629e+02   
    1.32000000e+04     3.30000000e+00     1.11811674e+03     3.01649376e+02     2.35853446e+02     1.24836514e+02   
    1.34000000e+04     3.35000000e+00     1.11811445e+03     3.01949970e+02     2.36242665e+02     1.25522885e+02   
    1.36000000e+04     3.40000000e+00     1.11811295e+03     3.04736731e+02     2.34156160e+02     1.23501366e+02   
    1.38000000e+04     3.45000000e+00     1.11811760e+03     3.05833444e+02     2.35865655e+02     1.24694919e+02   
    1.40000000e+04     3.50000000e+00     1.11810998e+03     3.04180198e+02     2.37559738e+02     1.25186060e+02   
    1.42000000e+04     3.55000000e+00     1.11809905e+03     3.04697073e+02     2.35052654e+02     1.23252402e+02   
    1.44000000e+04     3.60000000e+00     1.11808372e+03     3.01572912e+02     2.35325303e+02     1.22848690e+02   
    1.46000000e+04     3.65000000e+00     1.11809930e+03     2.99738054e+02     2.36854783e+02     1.27599215e+02   
    1.48000000e+04     3.70000000e+00     1.11809977e+03     3.01682147e+02     2.37702429e+02     1.26005089e+02   
    1.50000000e+04     3.75000000e+00     1.11808960e+03     3.01995774e+02     2.35552139e+02     1.24985451e+02   
    1.52000000e+04     3.80000000e+00     1.11808778e+03     3.01900237e+02     2.36395208e+02     1.26599884e+02   
    1.54000000e+04     3.85000000e+00     1.11810262e+03     3.00690785e+02     2.37841280e+02     1.26919701e+02   
    1.56000000e+04     3.90000000e+00     1.11810675e+03     3.03235305e+02     2.35708224e+02     1.24303871e+02   
    1.58000000e+04     3.95000000e+00     1.11812726e+03     3.01338539e+02     2.37329169e+02     1.26174600e+02   
    1.60000000e+04     4.00000000e+00     1.11811981e+03     3.01156448e+02     2.37279139e+02     1.25264721e+02   
    1.62000000e+04     4.05000000e+00     1.11811844e+03     2.97922360e+02     2.36710579e+02     1.25878176e+02   
    1.64000000e+04     4.10000000e+00     1.11811900e+03     3.01421617e+02     2.36403998e+02     1.26041317e+02   
    1.66000000e+04     4.15000000e+00     1.11812950e+03     2.98182285e+02     2.35450984e+02     1.25497364e+02   
    1.68000000e+04     4.20000000e+00     1.11812101e+03     2.98238442e+02     2.33597000e+02     1.24817300e+02   
    1.70000000e+04     4.25000000e+00     1.11812030e+03     2.96462534e+02     2.34591258e+02     1.25298337e+02   
    1.72000000e+04     4.30000000e+00     1.11812232e+03     2.97954309e+02     2.35301218e+02     1.25592391e+02   
    1.74000000e+04     4.35000000e+00     1.11812515e+03     2.99356269e+02     2.35741724e+02     1.25396178e+02   
    1.76000000e+04     4.40000000e+00     1.11813400e+03     3.00261772e+02     2.35876378e+02     1.23239040e+02   
    1.78000000e+04     4.45000000e+00     1.11813435e+03     2.99181064e+02     2.36660721e+02     1.26123065e+02   
    1.80000000e+04     4.50000000e+00     1.11812045e+03     2.99659101e+02     2.35387343e+02     1.23641998e+02   
    1.82000000e+04     4.55000000e+00     1.11811372e+03     3.01526781e+02     2.35228441e+02     1.21970294e+02   
    1.84000000e+04     4.60000000e+00     1.11811699e+03     3.01155143e+02     2.34288160e+02     1.22830190e+02   
    1.86000000e+04     4.65000000e+00     1.11812827e+03     3.02376063e+02     2.34945088e+02     1.23133163e+02   
    1.88000000e+04     4.70000000e+00     1.11814446e+03     3.02170049e+02     2.36245480e+02     1.25563445e+02   
    1.90000000e+04     4.75000000e+00     1.11814522e+03     3.00295871e+02     2.35848353e+02     1.24260886e+02   
    1.92000000e+04     4.80000000e+00     1.11813569e+03     3.01382245e+02     2.36690974e+02     1.23270947e+02   
    1.94000000e+04     4.85000000e+00     1.11813525e+03     3.03421501e+02     2.36986396e+02     1.22793999e+02   
    1.96000000e+04     4.90000000e+00     1.11813248e+03     3.01604719e+02     2.36630319e+02     1.23295537e+02   
    1.98000000e+04     4.95000000e+00     1.11813458e+03     3.05890067e+02     2.36982524e+02     1.23287388e+02   
    2.00000000e+04     5.00000000e+00     1.11814548e+03     3.00295327e+02     2.36455941e+02     1.24169752e+02   
    2.02000000e+04     5.05000000e+00     1.11814173e+03     3.02116367e+02     2.35628186e+02     1.22600443e+02   
    2.04000000e+04     5.10000000e+00     1.11814713e+03     3.04802878e+02     2.36675104e+02     1.23753381e+02   
    2.06000000e+04     5.15000000e+00     1.11815503e+03     3.01985448e+02     2.35256339e+02     1.24148332e+02   
    2.08000000e+04     5.20000000e+00     1.11816634e+03     3.03547468e+02     2.37788547e+02     1.25533951e+02   
    2.10000000e+04     5.25000000e+00     1.11816070e+03     3.00425935e+02     2.35417381e+02     1.24200849e+02   
    2.12000000e+04     5.30000000e+00     1.11817155e+03     2.99656096e+02     2.36205333e+02     1.25393369e+02   
    2.14000000e+04     5.35000000e+00     1.11818262e+03     3.01960852e+02     2.37216473e+02     1.26856053e+02   
    2.16000000e+04     5.40000000e+00     1.11819541e+03     3.01931637e+02     2.36326839e+02     1.27439186e+02   
    2.18000000e+04     5.45000000e+00     1.11819398e+03     3.00301806e+02     2.35249419e+02     1.25175899e+02   
    2.20000000e+04     5.50000000e+00     1.11819851e+03     3.00847322e+02     2.35718120e+02     1.27048451e+02   
    2.22000000e+04     5.55000000e+00     1.11820016e+03     3.02002418e+02     2.36779778e+02     1.26145821e+02   
    2.24000000e+04     5.60000000e+00     1.11820167e+03     2.99361759e+02     2.35070557e+02     1.26160487e+02   
    2.26000000e+04     5.65000000e+00     1.11819731e+03     2.98620813e+02     2.35349262e+02     1.24519358e+02   
    2.28000000e+04     5.70000000e+00     1.11821310e+03     3.00747340e+02     2.37563794e+02     1.28133351e+02   
    2.30000000e+04     5.75000000e+00     1.11820499e+03     3.06356241e+02     2.36224447e+02     1.26606775e+02   
    2.32000000e+04     5.80000000e+00     1.11820348e+03     3.01360009e+02     2.38260224e+02     1.29454736e+02   
    2.34000000e+04     5.85000000e+00     1.11818385e+03     3.03076801e+02     2.35771952e+02     1.24680031e+02   
    2.36000000e+04     5.90000000e+00     1.11817320e+03     3.06324856e+02     2.35194935e+02     1.23214037e+02   
    2.38000000e+04     5.95000000e+00     1.11817475e+03     2.99639592e+02     2.34954425e+02     1.23703702e+02   
    2.40000000e+04     6.00000000e+00     1.11817570e+03     3.04279839e+02     2.36032700e+02     1.24293417e+02   
    2.42000000e+04     6.05000000e+00     1.11817998e+03     3.02834657e+02     2.37767038e+02     1.25854131e+02   
    2.44000000e+04     6.10000000e+00     1.11815862e+03     3.04348047e+02     2.34785722e+02     1.22026191e+02   
    2.46000000e+04     6.15000000e+00     1.11816657e+03     3.01173242e+02     2.36310001e+02     1.24531505e+02   
    2.48000000e+04     6.20000000e+00     1.11816174e+03     3.00462040e+02     2.35106919e+02     1.23939559e+02   
    2.50000000e+04     6.25000000e+00     1.11818123e+03     3.01579902e+02     2.36171440e+02     1.25721222e+02   
    2.52000000e+04     6.30000000e+00     1.11818829e+03     3.01304982e+02     2.35469778e+02     1.25336083e+02   
    2.54000000e+04     6.35000000e+00     1.11820108e+03     2.97870312e+02     2.37824286e+02     1.27997708e+02   
    2.56000000e+04     6.40000000e+00     1.11819092e+03     3.03652011e+02     2.35594034e+02     1.25897222e+02   
    2.58000000e+04     6.45000000e+00     1.11819089e+03     3.00319318e+02     2.35765772e+02     1.25609521e+02   
    2.60000000e+04     6.50000000e+00     1.11820410e+03     3.00681694e+02     2.37222379e+02     1.27506366e+02   
    2.62000000e+04     6.55000000e+00     1.11820800e+03     3.01886526e+02     2.36276614e+02     1.24841382e+02   
    2.64000000e+04     6.60000000e+00     1.11820041e+03     2.98378088e+02     2.36073344e+02     1.26864775e+02   
    2.66000000e+04     6.65000000e+00     1.11820388e+03     3.02335890e+02     2.37177357e+02     1.25734015e+02   
    2.68000000e+04     6.70000000e+00     1.11819626e+03     3.05589215e+02     2.37348928e+02     1.26076677e+02   
    2.70000000e+04     6.75000000e+00     1.11819237e+03     2.99714065e+02     2.37779002e+02     1.26844360e+02   
    2.72000000e+04     6.80000000e+00     1.11817394e+03     2.99662474e+02     2.35235147e+02     1.24416574e+02   
    2.74000000e+04     6.85000000e+00     1.11819115e+03     2.98864456e+02     2.38026470e+02     1.27763385e+02   
    2.76000000e+04     6.90000000e+00     1.11819244e+03     2.99672744e+02     2.36316338e+02     1.25951282e+02   
    2.78000000e+04     6.95000000e+00     1.11821977e+03     2.97429135e+02     2.37740716e+02     1.29427372e+02   
    2.80000000e+04     7.00000000e+00     1.11823046e+03     3.00459583e+02     2.36495438e+02     1.26127692e+02   
    2.82000000e+04     7.05000000e+00     1.11824509e+03     2.94262235e+02     2.36536649e+02     1.27984799e+02   
    2.84000000e+04     7.10000000e+00     1.11824084e+03     2.98128443e+02     2.37106425e+02     1.26115870e+02   
    2.86000000e+04     7.15000000e+00     1.11823518e+03     3.00956040e+02     2.36499411e+02     1.27252960e+02   
    2.88000000e+04     7.20000000e+00     1.11823156e+03     3.03268028e+02     2.36001005e+02     1.26568736e+02   
    2.90000000e+04     7.25000000e+00     1.11820656e+03     3.01086576e+02     2.33485363e+02     1.24286411e+02   
    2.92000000e+04     7.30000000e+00     1.11821645e+03     2.99834216e+02     2.36011863e+02     1.28060025e+02   
    2.94000000e+04     7.35000000e+00     1.11820650e+03     3.00419991e+02     2.34377899e+02     1.25737814e+02   
    2.96000000e+04     7.40000000e+00     1.11821611e+03     3.02361733e+02     2.38194564e+02     1.29829286e+02   
    2.98000000e+04     7.45000000e+00     1.11819137e+03     3.02674279e+02     2.35951645e+02     1.24331361e+02   
    3.00000000e+04     7.50000000e+00     1.11819241e+03     3.02724122e+02     2.36671963e+02     1.27555115e+02   
    3.02000000e+04     7.55000000e+00     1.11818628e+03     3.03886651e+02     2.36674428e+02     1.27398211e+02   
    3.04000000e+04     7.60000000e+00     1.11818470e+03     3.01758639e+02     2.36233751e+02     1.27765625e+02   
    3.06000000e+04     7.65000000e+00     1.11818103e+03     2.99686800e+02     2.37479526e+02     1.26393179e+02   
    3.08000000e+04     7.70000000e+00     1.11816789e+03     3.05072775e+02     2.37391613e+02     1.26654547e+02   
    3.10000000e+04     7.75000000e+00     1.11816077e+03     3.02138081e+02     2.36725647e+02     1.27053142e+02   
    3.12000000e+04     7.80000000e+00     1.11817168e+03     3.00475470e+02     2.35967068e+02     1.26697452e+02   
    3.14000000e+04     7.85000000e+00     1.11818331e+03     2.99591402e+02     2.37995020e+02     1.27483610e+02   
    3.16000000e+04     7.90000000e+00     1.11817305e+03     3.04027328e+02     2.36131529e+02     1.25381153e+02   
    3.18000000e+04     7.95000000e+00     1.11816348e+03     3.02177969e+02     2.36471377e+02     1.26322614e+02   
    3.20000000e+04     8.00000000e+00     1.11815848e+03     3.03686058e+02     2.36853345e+02     1.25242441e+02   
    3.22000000e+04     8.05000000e+00     1.11816787e+03     3.02701650e+02     2.37135341e+02     1.24509084e+02   
    3.24000000e+04     8.10000000e+00     1.11816533e+03     3.02087523e+02     2.36499634e+02     1.22514696e+02   
    3.26000000e+04     8.15000000e+00     1.11815902e+03     3.01222088e+02     2.36331482e+02     1.24568246e+02   
    3.28000000e+04     8.20000000e+00     1.11816589e+03     3.04057122e+02     2.38127180e+02     1.25562116e+02   
    3.30000000e+04     8.25000000e+00     1.11814416e+03     3.01344036e+02     2.36476837e+02     1.23144390e+02   
    3.32000000e+04     8.30000000e+00     1.11815315e+03     3.01951631e+02     2.35658044e+02     1.22553275e+02   
    3.34000000e+04     8.35000000e+00     1.11817546e+03     3.02400032e+02     2.35825570e+02     1.24331407e+02   
    3.36000000e+04     8.40000000e+00     1.11817776e+03     2.99686654e+02     2.35455013e+02     1.24868309e+02   
    3.38000000e+04     8.45000000e+00     1.11818040e+03     3.00144506e+02     2.36299242e+02     1.24965734e+02   
    3.40000000e+04     8.50000000e+00     1.11816667e+03     3.02222514e+02     2.35775671e+02     1.24491649e+02   
    3.42000000e+04     8.55000000e+00     1.11815776e+03     3.00143606e+02     2.36093823e+02     1.22967257e+02   
    3.44000000e+04     8.60000000e+00     1.11815819e+03     3.00371915e+02     2.35595202e+02     1.22248961e+02   
    3.46000000e+04     8.65000000e+00     1.11815428e+03     3.00920807e+02     2.36122734e+02     1.22834470e+02   
    3.48000000e+04     8.70000000e+00     1.11816216e+03     3.00959276e+02     2.34594245e+02     1.22424580e+02   
    3.50000000e+04     8.75000000e+00     1.11815965e+03     3.00998943e+02     2.36955391e+02     1.25229983e+02   
    3.52000000e+04     8.80000000e+00     1.11816605e+03     2.99815963e+02     2.36357234e+02     1.23960065e+02   
    3.54000000e+04     8.85000000e+00     1.11815581e+03     2.99278567e+02     2.35390245e+02     1.24949510e+02   
    3.56000000e+04     8.90000000e+00     1.11816919e+03     2.97604627e+02     2.38097537e+02     1.27864892e+02   
    3.58000000e+04     8.95000000e+00     1.11815493e+03     3.01803047e+02     2.34836751e+02     1.22465349e+02   
    3.60000000e+04     9.00000000e+00     1.11816784e+03     3.00774887e+02     2.37969775e+02     1.25156171e+02   
    3.62000000e+04     9.05000000e+00     1.11816019e+03     3.03075982e+02     2.37196055e+02     1.23873325e+02   
    3.64000000e+04     9.10000000e+00     1.11816780e+03     3.01641233e+02     2.38197459e+02     1.25446537e+02   
    3.66000000e+04     9.15000000e+00     1.11816641e+03     3.01057778e+02     2.37475490e+02     1.26136987e+02   
    3.68000000e+04     9.20000000e+00     1.11815486e+03     3.02840835e+02     2.36160010e+02     1.23866614e+02   
    3.70000000e+04     9.25000000e+00     1.11814902e+03     3.00062393e+02     2.35245507e+02     1.23405934e+02   
    3.72000000e+04     9.30000000e+00     1.11814723e+03     3.02190549e+02     2.34294483e+02     1.22375276e+02   
    3.74000000e+04     9.35000000e+00     1.11815420e+03     3.04487282e+02     2.34804589e+02     1.23478984e+02   
    3.76000000e+04     9.40000000e+00     1.11815695e+03     3.03682200e+02     2.35893336e+02     1.23349187e+02   
    3.78000000e+04     9.45000000e+00     1.11817284e+03     2.99327701e+02     2.35922448e+02     1.24915932e+02   
    3.80000000e+04     9.50000000e+00     1.11817534e+03     3.02681419e+02     2.35864016e+02     1.23996021e+02   
    3.82000000e+04     9.55000000e+00     1.11819504e+03     2.99594659e+02     2.37510015e+02     1.26273745e+02   
    3.84000000e+04     9.60000000e+00     1.11819594e+03     2.99432082e+02     2.38204909e+02     1.27816835e+02   
    3.86000000e+04     9.65000000e+00     1.11819299e+03     2.98874891e+02     2.35891837e+02     1.27401541e+02   
    3.88000000e+04     9.70000000e+00     1.11819262e+03     2.99554243e+02     2.35648584e+02     1.26668052e+02   
    3.90000000e+04     9.75000000e+00     1.11820514e+03     3.01353354e+02     2.38639866e+02     1.30495264e+02   
    3.92000000e+04     9.80000000e+00     1.11819546e+03     2.97807892e+02     2.36206113e+02     1.26438340e+02   
    3.94000000e+04     9.85000000e+00     1.11819061e+03     2.99599468e+02     2.34202898e+02     1.25140226e+02   
    3.96000000e+04     9.90000000e+00     1.11820456e+03     3.03760177e+02     2.35580897e+02     1.25995301e+02   
    3.98000000e+04     9.95000000e+00     1.11819866e+03     3.00014267e+02     2.34272250e+02     1.25175129e+02   
    4.00000000e+04     1.00000000e+01     1.11821201e+03     2.98418285e+02     2.37687392e+02     1.30860973e+02   
    4.02000000e+04     1.00500000e+01     1.11820140e+03     3.00789854e+02     2.36112442e+02     1.28235116e+02   
    4.04000000e+04     1.01000000e+01     1.11821840e+03     3.00273234e+02     2.36925429e+02     1.28357950e+02   
    4.06000000e+04     1.01500000e+01     1.11822900e+03     2.99315046e+02     2.37955438e+02     1.29043770e+02   
    4.08000000e+04     1.02000000e+01     1.11821921e+03     2.99594985e+02     2.33692628e+02     1.25258474e+02   
    4.10000000e+04     1.02500000e+01     1.11822415e+03     3.02348554e+02     2.34782982e+02     1.25077883e+02   
    4.12000000e+04     1.03000000e+01     1.11821994e+03     3.01618828e+02     2.35871154e+02     1.27021428e+02   
    4.14000000e+04     1.03500000e+01     1.11821799e+03     2.99891215e+02     2.34440445e+02     1.23148015e+02   
    4.16000000e+04     1.04000000e+01     1.11823151e+03     2.99243202e+02     2.35919316e+02     1.26354870e+02   
    4.18000000e+04     1.04500000e+01     1.11823596e+03     3.00650363e+02     2.36431660e+02     1.25108181e+02   
    4.20000000e+04     1.05000000e+01     1.11823341e+03     3.00550561e+02     2.35674812e+02     1.24522956e+02   
    4.22000000e+04     1.05500000e+01     1.11824324e+03     3.03787563e+02     2.36931650e+02     1.25372764e+02   
    4.24000000e+04     1.06000000e+01     1.11824315e+03     3.02334863e+02     2.37364506e+02     1.25361163e+02   
    4.26000000e+04     1.06500000e+01     1.11823124e+03     3.02369054e+02     2.36932066e+02     1.24640896e+02   
    4.28000000e+04     1.07000000e+01     1.11824117e+03     3.00144362e+02     2.37601554e+02     1.24461781e+02   
    4.30000000e+04     1.07500000e+01     1.11823415e+03     2.96856536e+02     2.36592471e+02     1.22901476e+02   
    4.32000000e+04     1.08000000e+01     1.11825174e+03     3.02266124e+02     2.38221809e+02     1.24918693e+02   
    4.34000000e+04     1.08500000e+01     1.11825384e+03     2.99966283e+02     2.36663001e+02     1.24644273e+02   
    4.36000000e+04     1.09000000e+01     1.11825945e+03     3.01925159e+02     2.35787445e+02     1.22873567e+02   
    4.38000000e+04     1.09500000e+01     1.11826078e+03     3.01138833e+02     2.34250305e+02     1.21945292e+02   
    4.40000000e+04     1.10000000e+01     1.11827795e+03     3.01463887e+02     2.35629611e+02     1.22836776e+02   
    4.42000000e+04     1.10500000e+01     1.11828802e+03     3.02850917e+02     2.36299788e+02     1.23357781e+02   
    4.44000000e+04     1.11000000e+01     1.11828223e+03     3.01443955e+02     2.35321600e+02     1.23177350e+02   
    4.46000000e+04     1.11500000e+01     1.11828447e+03     3.00193356e+02     2.34759118e+02     1.22691486e+02   
    4.48000000e+04     1.12000000e+01     1.11829410e+03     2.99765398e+02     2.36250481e+02     1.23406634e+02   
    4.50000000e+04     1.12500000e+01     1.11828524e+03     2.98627731e+02     2.34119261e+02     1.23526238e+02   
    4.52000000e+04     1.13000000e+01     1.11828439e+03     3.02284695e+02     2.38511289e+02     1.27732466e+02   
    4.54000000e+04     1.13500000e+01     1.11827722e+03     2.99297571e+02     2.36406321e+02     1.26178237e+02   
    4.56000000e+04     1.14000000e+01     1.11827359e+03     2.99951574e+02     2.36961837e+02     1.24967393e+02   
    4.58000000e+04     1.14500000e+01     1.11828103e+03     3.01825712e+02     2.36534557e+02     1.24571977e+02   
    4.60000000e+04     1.15000000e+01     1.11829497e+03     3.00080046e+02     2.37750940e+02     1.27810015e+02   
    4.62000000e+04     1.15500000e+01     1.11829592e+03     2.98107784e+02     2.35153400e+02     1.24818753e+02   
    4.64000000e+04     1.16000000e+01     1.11828746e+03     3.00638891e+02     2.36410328e+02     1.25577450e+02   
    4.66000000e+04     1.16500000e+01     1.11827640e+03     3.04120343e+02     2.35929416e+02     1.23813651e+02   
    4.68000000e+04     1.17000000e+01     1.11825453e+03     3.02475339e+02     2.35455369e+02     1.22182744e+02   
    4.70000000e+04     1.17500000e+01     1.11825082e+03     2.99696252e+02     2.35018728e+02     1.22025231e+02   
    4.72000000e+04     1.18000000e+01     1.11826842e+03     3.00914431e+02     2.37503244e+02     1.24299933e+02   
    4.74000000e+04     1.18500000e+01     1.11827248e+03     3.03015401e+02     2.36705600e+02     1.23179932e+02   
    4.76000000e+04     1.19000000e+01     1.11827666e+03     3.02602946e+02     2.36739173e+02     1.23694342e+02   
    4.78000000e+04     1.19500000e+01     1.11827476e+03     3.03827222e+02     2.35455917e+02     1.23420466e+02   
    4.80000000e+04     1.20000000e+01     1.11827647e+03     3.02335463e+02     2.37030132e+02     1.23863493e+02   
    4.82000000e+04     1.20500000e+01     1.11827757e+03     3.03588060e+02     2.36830502e+02     1.24732473e+02   
    4.84000000e+04     1.21000000e+01     1.11826567e+03     2.97518713e+02     2.34131674e+02     1.21002437e+02   
    4.86000000e+04     1.21500000e+01     1.11825526e+03     3.02290386e+02     2.35796675e+02     1.23003976e+02   
    4.88000000e+04     1.22000000e+01     1.11823849e+03     3.03856680e+02     2.35334902e+02     1.21415425e+02   
    4.90000000e+04     1.22500000e+01     1.11822964e+03     3.02813967e+02     2.35396856e+02     1.21192363e+02   
    4.92000000e+04     1.23000000e+01     1.11825016e+03     2.98743052e+02     2.37744452e+02     1.23298590e+02   
    4.94000000e+04     1.23500000e+01     1.11824456e+03     3.00507886e+02     2.35111004e+02     1.20660578e+02   
    4.96000000e+04     1.24000000e+01     1.11826099e+03     2.99884159e+02     2.38486799e+02     1.23028821e+02   
    4.98000000e+04     1.24500000e+01     1.11825076e+03     3.00259409e+02     2.34733105e+02     1.19934793e+02   
    5.00000000e+04     1.25000000e+01     1.11826231e+03     2.99936390e+02     2.34607771e+02     1.20190352e+02   
    5.02000000e+04     1.25500000e+01     1.11827072e+03     2.98714874e+02     2.33524137e+02     1.20729022e+02   
    5.04000000e+04     1.26000000e+01     1.11829296e+03     3.01306753e+02     2.38871476e+02     1.26201294e+02   
    5.06000000e+04     1.26500000e+01     1.11828347e+03     2.97402046e+02     2.36891737e+02     1.24946160e+02   
    5.08000000e+04     1.27000000e+01     1.11826295e+03     3.01696414e+02     2.35856473e+02     1.24089450e+02   
    5.10000000e+04     1.27500000e+01     1.11826510e+03     2.98872515e+02     2.37421760e+02     1.25514682e+02   
    5.12000000e+04     1.28000000e+01     1.11826577e+03     2.98436706e+02     2.36618391e+02     1.24663661e+02   
    5.14000000e+04     1.28500000e+01     1.11827477e+03     3.00141527e+02     2.36937326e+02     1.24451830e+02   
    5.16000000e+04     1.29000000e+01     1.11828197e+03     3.02902016e+02     2.36285674e+02     1.23946592e+02   
    5.18000000e+04     1.29500000e+01     1.11829205e+03     3.02497394e+02     2.36564196e+02     1.23119375e+02   
    5.20000000e+04     1.30000000e+01     1.11831091e+03     2.99581505e+02     2.37949520e+02     1.25685098e+02   
    5.22000000e+04     1.30500000e+01     1.11830477e+03     2.99587886e+02     2.35685719e+02     1.22759183e+02   
    5.24000000e+04     1.31000000e+01     1.11831573e+03     2.96903290e+02     2.35809410e+02     1.25038507e+02   
    5.26000000e+04     1.31500000e+01     1.11833765e+03     2.98619264e+02     2.36368278e+02     1.26599791e+02   
    5.28000000e+04     1.32000000e+01     1.11835587e+03     2.99879096e+02     2.37308167e+02     1.28459967e+02   
    5.30000000e+04     1.32500000e+01     1.11835116e+03     2.99564871e+02     2.34825335e+02     1.24496704e+02   
    5.32000000e+04     1.33000000e+01     1.11836266e+03     3.01674979e+02     2.36107006e+02     1.25895621e+02   
    5.34000000e+04     1.33500000e+01     1.11835107e+03     3.00905126e+02     2.35350134e+02     1.24445464e+02   
    5.36000000e+04     1.34000000e+01     1.11836716e+03     3.00525107e+02     2.39471219e+02     1.28890229e+02   
    5.38000000e+04     1.34500000e+01     1.11835411e+03     3.01553009e+02     2.36787162e+02     1.25462880e+02   
    5.40000000e+04     1.35000000e+01     1.11834485e+03     3.02672922e+02     2.35496256e+02     1.22061501e+02   
    5.42000000e+04     1.35500000e+01     1.11835331e+03     3.02918928e+02     2.37391903e+02     1.25147083e+02   
    5.44000000e+04     1.36000000e+01     1.11835320e+03     2.99764767e+02     2.37696200e+02     1.26632963e+02   
    5.46000000e+04     1.36500000e+01     1.11836939e+03     2.99876638e+02     2.37458871e+02     1.28905397e+02   
    5.48000000e+04     1.37000000e+01     1.11837245e+03     3.02080295e+02     2.37819773e+02     1.27375697e+02   
    5.50000000e+04     1.37500000e+01     1.11837864e+03     3.00892969e+02     2.34562659e+02     1.25634765e+02   
    5.52000000e+04     1.38000000e+01     1.11837856e+03     2.97997061e+02     2.36630391e+02     1.26992587e+02   
    5.54000000e+04     1.38500000e+01     1.11837409e+03     3.00027377e+02     2.36383212e+02     1.28509552e+02   
    5.56000000e+04     1.39000000e+01     1.11836402e+03     3.02069859e+02     2.34476210e+02     1.25746963e+02   
    5.58000000e+04     1.39500000e+01     1.11836455e+03     3.03516636e+02     2.34948082e+02     1.25163327e+02   
    5.60000000e+04     1.40000000e+01     1.11837512e+03     2.99324269e+02     2.35859488e+02     1.25793559e+02   
    5.62000000e+04     1.40500000e+01     1.11836882e+03     3.00533068e+02     2.36458309e+02     1.25410007e+02   
    5.64000000e+04     1.41000000e+01     1.11838668e+03     3.00724124e+02     2.38457206e+02     1.27980898e+02   
    5.66000000e+04     1.41500000e+01     1.11839590e+03     3.01426770e+02     2.36414868e+02     1.26021599e+02   
    5.68000000e+04     1.42000000e+01     1.11841837e+03     3.01890568e+02     2.38304316e+02     1.28335120e+02   
    5.70000000e+04     1.42500000e+01     1.11841103e+03     3.03902433e+02     2.35481737e+02     1.24445403e+02   
    5.72000000e+04     1.43000000e+01     1.11841981e+03     3.01967636e+02     2.37454812e+02     1.25679025e+02   
    5.74000000e+04     1.43500000e+01     1.11840132e+03     3.01661676e+02     2.35727319e+02     1.24449595e+02   
    5.76000000e+04     1.44000000e+01     1.11839924e+03     2.99561436e+02     2.34860868e+02     1.23813672e+02   
    5.78000000e+04     1.44500000e+01     1.11840713e+03     3.02409748e+02     2.37740846e+02     1.26501340e+02   
    5.80000000e+04     1.45000000e+01     1.11840514e+03     3.01890204e+02     2.37026016e+02     1.25593642e+02   
    5.82000000e+04     1.45500000e+01     1.11839443e+03     3.02548560e+02     2.38246364e+02     1.27448559e+02   
    5.84000000e+04     1.46000000e+01     1.11837965e+03     3.01003986e+02     2.36396652e+02     1.24525135e+02   
    5.86000000e+04     1.46500000e+01     1.11838112e+03     3.00698121e+02     2.37006047e+02     1.25674140e+02   
    5.88000000e+04     1.47000000e+01     1.11838143e+03     3.03364737e+02     2.36127249e+02     1.26098284e+02   
    5.90000000e+04     1.47500000e+01     1.11839049e+03     2.99822296e+02     2.38532757e+02     1.29019421e+02   
    5.92000000e+04     1.48000000e+01     1.11838287e+03     3.02258352e+02     2.36126258e+02     1.25015879e+02   
    5.94000000e+04     1.48500000e+01     1.11838506e+03     3.03365491e+02     2.36574304e+02     1.26948086e+02   
    5.96000000e+04     1.49000000e+01     1.11837534e+03     3.01853525e+02     2.35409949e+02     1.23245363e+02   
    5.98000000e+04     1.49500000e+01     1.11837435e+03     3.01574493e+02     2.35780708e+02     1.23857563e+02   
    6.00000000e+04     1.50000000e+01     1.11837089e+03     3.01652943e+02     2.36224476e+02     1.24614958e+02   
    6.02000000e+04     1.50500000e+01     1.11836674e+03     3.00167806e+02     2.34771951e+02     1.23565976e+02   
    6.04000000e+04     1.51000000e+01     1.11838266e+03     3.00575704e+02     2.37062598e+02     1.26201080e+02   
    6.06000000e+04     1.51500000e+01     1.11838006e+03     2.98959686e+02     2.34357471e+02     1.23162653e+02   
    6.08000000e+04     1.52000000e+01     1.11837996e+03     3.01748558e+02     2.35375908e+02     1.24360079e+02   
    6.10000000e+04     1.52500000e+01     1.11838488e+03     2.99445936e+02     2.38200727e+02     1.25995758e+02   
    6.12000000e+04     1.53000000e+01     1.11836978e+03     3.03487784e+02     2.34801986e+02     1.23362926e+02   
    6.14000000e+04     1.53500000e+01     1.11836180e+03     2.98278171e+02     2.36363304e+02     1.23568968e+02   
    6.16000000e+04     1.54000000e+01     1.11837609e+03     2.98784111e+02     2.36698723e+02     1.27200017e+02   
    6.18000000e+04     1.54500000e+01     1.11836611e+03     3.02961623e+02     2.35035247e+02     1.24363566e+02   
    6.20000000e+04     1.55000000e+01     1.11837814e+03     3.01815932e+02     2.35748066e+02     1.26563733e+02   
    6.22000000e+04     1.55500000e+01     1.11837543e+03     3.04948151e+02     2.38158819e+02     1.28853201e+02   
    6.24000000e+04     1.56000000e+01     1.11836302e+03     3.01156424e+02     2.35492129e+02     1.25933581e+02   
    6.26000000e+04     1.56500000e+01     1.11836187e+03     2.99580202e+02     2.35989533e+02     1.26228550e+02   
    6.28000000e+04     1.57000000e+01     1.11837653e+03     3.02437631e+02     2.36313785e+02     1.26737539e+02   
    6.30000000e+04     1.57500000e+01     1.11837168e+03     2.96812807e+02     2.36558187e+02     1.27690090e+02   
    6.32000000e+04     1.58000000e+01     1.11837133e+03     2.98949816e+02     2.35751325e+02     1.26600930e+02   
    6.34000000e+04     1.58500000e+01     1.11837798e+03     2.98774995e+02     2.36155807e+02     1.27599717e+02   
    6.36000000e+04     1.59000000e+01     1.11838139e+03     3.00367571e+02     2.37451091e+02     1.26884168e+02   
    6.38000000e+04     1.59500000e+01     1.11837727e+03     3.01779831e+02     2.35905037e+02     1.24079482e+02   
    6.40000000e+04     1.60000000e+01     1.11838063e+03     3.00942778e+02     2.36676044e+02     1.25579936e+02   
    6.42000000e+04     1.60500000e+01     1.11838415e+03     2.98320788e+02     2.38004954e+02     1.27182643e+02   
    6.44000000e+04     1.61000000e+01     1.11836274e+03     3.02019153e+02     2.35351349e+02     1.24975920e+02   
    6.46000000e+04     1.61500000e+01     1.11836024e+03     3.00911559e+02     2.37238272e+02     1.27659021e+02   
    6.48000000e+04     1.62000000e+01     1.11835737e+03     3.02235511e+02     2.36951043e+02     1.28138061e+02   
    6.50000000e+04     1.62500000e+01     1.11835785e+03     3.02124467e+02     2.36630796e+02     1.27584187e+02   
    6.52000000e+04     1.63000000e+01     1.11836030e+03     2.98602807e+02     2.37908574e+02     1.27913320e+02   
    6.54000000e+04     1.63500000e+01     1.11834854e+03     3.00661502e+02     2.35848194e+02     1.26664663e+02   
    6.56000000e+04     1.64000000e+01     1.11834538e+03     2.97194725e+02     2.35726904e+02     1.24254615e+02   
    6.58000000e+04     1.64500000e+01     1.11836357e+03     3.01136910e+02     2.37910162e+02     1.27433943e+02   
    6.60000000e+04     1.65000000e+01     1.11836475e+03     3.00806600e+02     2.36279731e+02     1.25240739e+02   
    6.62000000e+04     1.65500000e+01     1.11836663e+03     3.01372684e+02     2.37785296e+02     1.28389524e+02   
    6.64000000e+04     1.66000000e+01     1.11836565e+03     3.03114497e+02     2.35255750e+02     1.25652905e+02   
    6.66000000e+04     1.66500000e+01     1.11837366e+03     3.03639799e+02     2.35973400e+02     1.27058398e+02   
    6.68000000e+04     1.67000000e+01     1.11838174e+03     3.01050968e+02     2.36511462e+02     1.26539273e+02   
    6.70000000e+04     1.67500000e+01     1.11838291e+03     2.98319860e+02     2.35224267e+02     1.26460649e+02   
    6.72000000e+04     1.68000000e+01     1.11839566e+03     2.99581485e+02     2.35858124e+02     1.27551516e+02   
    6.74000000e+04     1.68500000e+01     1.11839879e+03     2.99304146e+02     2.34862190e+02     1.25960909e+02   
    6.76000000e+04     1.69000000e+01     1.11840572e+03     3.00506633e+02     2.35838529e+02     1.26017204e+02   
    6.78000000e+04     1.69500000e+01     1.11840834e+03     3.01728128e+02     2.34872017e+02     1.25223793e+02   
    6.80000000e+04     1.70000000e+01     1.11839919e+03     3.01471482e+02     2.34050259e+02     1.22758905e+02   
    6.82000000e+04     1.70500000e+01     1.11841896e+03     2.98305223e+02     2.35590371e+02     1.25109343e+02   
    6.84000000e+04     1.71000000e+01     1.11843024e+03     3.00797428e+02     2.35212168e+02     1.25228145e+02   
    6.86000000e+04     1.71500000e+01     1.11844455e+03     3.00029161e+02     2.37289638e+02     1.26801498e+02   
    6.88000000e+04     1.72000000e+01     1.11844318e+03     3.01980336e+02     2.34530571e+02     1.25672588e+02   
    6.90000000e+04     1.72500000e+01     1.11845848e+03     3.04581459e+02     2.35773439e+02     1.26030913e+02   
    6.92000000e+04     1.73000000e+01     1.11846895e+03     2.99004466e+02     2.36383359e+02     1.29153509e+02   
    6.94000000e+04     1.73500000e+01     1.11846944e+03     2.99286202e+02     2.35163970e+02     1.26038226e+02   
    6.96000000e+04     1.74000000e+01     1.11847624e+03     3.01341166e+02     2.36250592e+02     1.25501399e+02   
    6.98000000e+04     1.74500000e+01     1.11847318e+03     2.99118607e+02     2.34536383e+02     1.24069541e+02   
    7.00000000e+04     1.75000000e+01     1.11846624e+03     2.98684677e+02     2.36066192e+02     1.26996756e+02   
    7.02000000e+04     1.75500000e+01     1.11845069e+03     2.99500741e+02     2.35397494e+02     1.24543529e+02   
    7.04000000e+04     1.76000000e+01     1.11845201e+03     3.01028303e+02     2.34989489e+02     1.25772304e+02   
    7.06000000e+04     1.76500000e+01     1.11845398e+03     3.01702272e+02     2.36608531e+02     1.25998182e+02   
    7.08000000e+04     1.77000000e+01     1.11843615e+03     3.02402606e+02     2.34864774e+02     1.26450717e+02   
    7.10000000e+04     1.77500000e+01     1.11841359e+03     2.99873445e+02     2.33095693e+02     1.21872346e+02   
    7.12000000e+04     1.78000000e+01     1.11843579e+03     3.03510365e+02     2.37667580e+02     1.27542655e+02   
    7.14000000e+04     1.78500000e+01     1.11843007e+03     3.01754699e+02     2.35388791e+02     1.23923345e+02   
    7.16000000e+04     1.79000000e+01     1.11843311e+03     3.02985081e+02     2.37887993e+02     1.29042327e+02   
    7.18000000e+04     1.79500000e+01     1.11842628e+03     2.99572310e+02     2.35921491e+02     1.23796130e+02   
    7.20000000e+04     1.80000000e+01     1.11843407e+03     3.00457863e+02     2.35101873e+02     1.23715984e+02   
    7.22000000e+04     1.80500000e+01     1.11843774e+03     3.00159012e+02     2.34740198e+02     1.21036030e+02   
    7.24000000e+04     1.81000000e+01     1.11842968e+03     3.00209155e+02     2.34514455e+02     1.23083887e+02   
    7.26000000e+04     1.81500000e+01     1.11842945e+03     3.00576844e+02     2.35011135e+02     1.22043590e+02   
    7.28000000e+04     1.82000000e+01     1.11842964e+03     3.01656024e+02     2.36364997e+02     1.23211004e+02   
    7.30000000e+04     1.82500000e+01     1.11841471e+03     3.02398303e+02     2.32698423e+02     1.18836020e+02   
    7.32000000e+04     1.83000000e+01     1.11842887e+03     2.99853731e+02     2.35713161e+02     1.24254131e+02   
    7.34000000e+04     1.83500000e+01     1.11843776e+03     2.98906579e+02     2.36106868e+02     1.25259958e+02   
    7.36000000e+04     1.84000000e+01     1.11844259e+03     3.02880753e+02     2.36310007e+02     1.25687196e+02   
    7.38000000e+04     1.84500000e+01     1.11844519e+03     3.00380872e+02     2.36563973e+02     1.27783001e+02   
    7.40000000e+04     1.85000000e+01     1.11843061e+03     2.98278387e+02     2.35573824e+02     1.25500292e+02   
    7.42000000e+04     1.85500000e+01     1.11843492e+03     3.01573184e+02     2.36945728e+02     1.27345928e+02   
    7.44000000e+04     1.86000000e+01     1.11843589e+03     3.02461644e+02     2.36234194e+02     1.26633525e+02   
    7.46000000e+04     1.86500000e+01     1.11843344e+03     2.99181146e+02     2.36695770e+02     1.26485749e+02   
    7.48000000e+04     1.87000000e+01     1.11843313e+03     3.02094816e+02     2.37143106e+02     1.27316562e+02   
    7.50000000e+04     1.87500000e+01     1.11843730e+03     2.98547197e+02     2.36917677e+02     1.26577882e+02   
    7.52000000e+04     1.88000000e+01     1.11844339e+03     3.02445597e+02     2.36394542e+02     1.26515759e+02   
    7.54000000e+04     1.88500000e+01     1.11844335e+03     3.03171042e+02     2.35456549e+02     1.25071836e+02   
    7.56000000e+04     1.89000000e+01     1.11843816e+03     2.97396111e+02     2.35573655e+02     1.26673681e+02   
    7.58000000e+04     1.89500000e+01     1.11841542e+03     3.00852975e+02     2.33698438e+02     1.22957775e+02   
    7.60000000e+04     1.90000000e+01     1.11841882e+03     3.01995965e+02     2.37158167e+02     1.27009956e+02   
    7.62000000e+04     1.90500000e+01     1.11841222e+03     3.01180200e+02     2.36526418e+02     1.26368730e+02   
    7.64000000e+04     1.91000000e+01     1.11840834e+03     2.98358566e+02     2.35571578e+02     1.25642623e+02   
    7.66000000e+04     1.91500000e+01     1.11842258e+03     3.02986970e+02     2.37187685e+02     1.26551106e+02   
    7.68000000e+04     1.92000000e+01     1.11841128e+03     3.01373614e+02     2.35470394e+02     1.24711669e+02   
    7.70000000e+04     1.92500000e+01     1.11842237e+03     2.99613067e+02     2.36589516e+02     1.24846220e+02   
    7.72000000e+04     1.93000000e+01     1.11842112e+03     3.05411467e+02     2.35603614e+02     1.24972426e+02   
    7.74000000e+04     1.93500000e+01     1.11843165e+03     3.00682472e+02     2.36691947e+02     1.26658299e+02   
    7.76000000e+04     1.94000000e+01     1.11843893e+03     2.97569225e+02     2.35700748e+02     1.27285030e+02   
    7.78000000e+04     1.94500000e+01     1.11845839e+03     3.00924493e+02     2.36568961e+02     1.28683999e+02   
    7.80000000e+04     1.95000000e+01     1.11845414e+03     3.02806758e+02     2.36876656e+02     1.27211645e+02   
    7.82000000e+04     1.95500000e+01     1.11845847e+03     2.98774175e+02     2.36632759e+02     1.29410075e+02   
    7.84000000e+04     1.96000000e+01     1.11845634e+03     2.98406499e+02     2.35961562e+02     1.27430830e+02   
    7.86000000e+04     1.96500000e+01     1.11846869e+03     2.99794899e+02     2.36381215e+02     1.26418676e+02   
    7.88000000e+04     1.97000000e+01     1.11846344e+03     3.01036304e+02     2.33358621e+02     1.25653581e+02   
    7.90000000e+04     1.97500000e+01     1.11846668e+03     3.02296015e+02     2.35391240e+02     1.25148463e+02   
    7.92000000e+04     1.98000000e+01     1.11847759e+03     2.97475479e+02     2.36754640e+02     1.28259330e+02   
    7.94000000e+04     1.98500000e+01     1.11847454e+03     3.01178584e+02     2.36955310e+02     1.25088102e+02   
    7.96000000e+04     1.99000000e+01     1.11849419e+03     3.00375932e+02     2.37554938e+02     1.29647451e+02   
    7.98000000e+04     1.99500000e+01     1.11848603e+03     3.01498320e+02     2.35345429e+02     1.25099709e+02   
    8.00000000e+04     2.00000000e+01     1.11849609e+03     2.98764455e+02     2.34815814e+02     1.26095532e+02   
