# column   1     --> step : The current simulation time step.
# column   2     --> time{picosecond} : The elapsed simulation time.
# column   3     --> conserved{electronvolt} : The value of the conserved energy quantity per bead.
# column   4     --> temperature{kelvin} : The current temperature, as obtained from the MD kinetic energy.
# column   5     --> kinetic_cv{electronvolt} : The centroid-virial quantum kinetic energy of the physical system.
# column   6     --> potential{electronvolt} : The physical system potential energy.
    0.00000000e+00     0.00000000e+00     1.11294965e+03     3.04273373e+02     2.35253352e+02     1.22552910e+02   
    2.00000000e+02     5.00000000e-02     1.11295043e+03     2.97752877e+02     2.37041790e+02     1.25767225e+02   
    4.00000000e+02     1.00000000e-01     1.11294061e+03     3.02804422e+02     2.35804094e+02     1.23637664e+02   
    6.00000000e+02     1.50000000e-01     1.11292640e+03     3.00376629e+02     2.33882288e+02     1.21998043e+02   
    8.00000000e+02     2.00000000e-01     1.11292982e+03     3.01496174e+02     2.37068742e+02     1.23468777e+02   
    1.00000000e+03     2.50000000e-01     1.11292425e+03     3.05005735e+02     2.34039517e+02     1.20134449e+02   
    1.20000000e+03     3.00000000e-01     1.11294400e+03     3.00873304e+02     2.35079788e+02     1.22516084e+02   
    1.40000000e+03     3.50000000e-01     1.11295091e+03     3.02645522e+02     2.35722063e+02     1.21435881e+02   
    1.60000000e+03     4.00000000e-01     1.11296713e+03     3.00093114e+02     2.34710418e+02     1.21069714e+02   
    1.80000000e+03     4.50000000e-01     1.11297906e+03     2.98970863e+02     2.34206979e+02     1.22689044e+02   
    2.00000000e+03     5.00000000e-01     1.11298826e+03     2.98813723e+02     2.37833938e+02     1.25672933e+02   
    2.20000000e+03     5.50000000e-01     1.11297885e+03     2.95127133e+02     2.36344237e+02     1.24847009e+02   
    2.40000000e+03     6.00000000e-01     1.11297877e+03     2.99228028e+02     2.37601661e+02     1.25226240e+02   
    2.60000000e+03     6.50000000e-01     1.11295785e+03     2.98704061e+02     2.33834690e+02     1.23060376e+02   
    2.80000000e+03     7.00000000e-01     1.11297023e+03     3.03213502e+02     2.36540705e+02     1.24450830e+02   
    3.00000000e+03     7.50000000e-01     1.11297359e+03     3.00112853e+02     2.35448864e+02     1.22448217e+02   
    3.20000000e+03     8.00000000e-01     1.11297415e+03     3.00520912e+02     2.35193069e+02     1.21314732e+02   
    3.40000000e+03     8.50000000e-01     1.11298334e+03     3.01458559e+02     2.36445422e+02     1.23076354e+02   
    3.60000000e+03     9.00000000e-01     1.11298357e+03     2.99164245e+02     2.34915479e+02     1.22378809e+02   
    3.80000000e+03     9.50000000e-01     1.11299528e+03     3.01784894e+02     2.36429326e+02     1.23540076e+02   
    4.00000000e+03     1.00000000e+00     1.11299135e+03     3.00121462e+02     2.34612019e+02     1.22928189e+02   
    4.20000000e+03     1.05000000e+00     1.11299474e+03     2.99907069e+02     2.36415065e+02     1.23842221e+02   
    4.40000000e+03     1.10000000e+00     1.11300478e+03     2.96465703e+02     2.35493208e+02     1.24134539e+02   
    4.60000000e+03     1.15000000e+00     1.11302373e+03     2.98810130e+02     2.36168176e+02     1.24895329e+02   
    4.80000000e+03     1.20000000e+00     1.11303883e+03     2.99373527e+02     2.38085925e+02     1.26076613e+02   
    5.00000000e+03     1.25000000e+00     1.11301959e+03     3.01307281e+02     2.34761149e+02     1.22619734e+02   
    5.20000000e+03     1.30000000e+00     1.11301270e+03     3.03267844e+02     2.35187552e+02     1.21736560e+02   
    5.40000000e+03     1.35000000e+00     1.11300991e+03     3.02566707e+02     2.36483157e+02     1.24384375e+02   
    5.60000000e+03     1.40000000e+00     1.11300956e+03     3.02598508e+02     2.36016613e+02     1.21772315e+02   
    5.80000000e+03     1.45000000e+00     1.11301375e+03     2.99174750e+02     2.36343537e+02     1.22557251e+02   
    6.00000000e+03     1.50000000e+00     1.11302937e+03     3.03984883e+02     2.38069956e+02     1.23398419e+02   
    6.20000000e+03     1.55000000e+00     1.11302367e+03     2.99102867e+02     2.36413942e+02     1.22250008e+02   
    6.40000000e+03     1.60000000e+00     1.11300913e+03     3.00508389e+02     2.36912992e+02     1.22374700e+02   
    6.60000000e+03     1.65000000e+00     1.11299293e+03     2.98957872e+02     2.35544301e+02     1.21715638e+02   
    6.80000000e+03     1.70000000e+00     1.11298967e+03     2.99209353e+02     2.37371615e+02     1.23523152e+02   
    7.00000000e+03     1.75000000e+00     1.11298408e+03     3.01976913e+02     2.34210735e+02     1.20520840e+02   
    7.20000000e+03     1.80000000e+00     1.11299417e+03     3.01760971e+02     2.34973860e+02     1.21720251e+02   
    7.40000000e+03     1.85000000e+00     1.11300575e+03     2.97421970e+02     2.37463034e+02     1.23421728e+02   
    7.60000000e+03     1.90000000e+00     1.11299666e+03     3.03113047e+02     2.35957206e+02     1.21718683e+02   
    7.80000000e+03     1.95000000e+00     1.11299808e+03     3.03431986e+02     2.36856476e+02     1.22221111e+02   
    8.00000000e+03     2.00000000e+00     1.11300348e+03     3.00495598e+02     2.36575255e+02     1.24963621e+02   
    8.20000000e+03     2.05000000e+00     1.11299746e+03     3.00117618e+02     2.34693857e+02     1.20933095e+02   
    8.40000000e+03     2.10000000e+00     1.11301151e+03     3.01470316e+02     2.35578885e+02     1.23550671e+02   
    8.60000000e+03     2.15000000e+00     1.11302153e+03     2.99025884e+02     2.36484891e+02     1.22667595e+02   
    8.80000000e+03     2.20000000e+00     1.11302537e+03     2.97761803e+02     2.36043027e+02     1.20744633e+02   
    9.00000000e+03     2.25000000e+00     1.11302123e+03     2.99143239e+02     2.35525148e+02     1.21029912e+02   
    9.20000000e+03     2.30000000e+00     1.11300645e+03     3.02824188e+02     2.36046859e+02     1.20281511e+02   
    9.40000000e+03     2.35000000e+00     1.11299917e+03     2.99640504e+02     2.36114346e+02     1.22139332e+02   
    9.60000000e+03     2.40000000e+00     1.11300111e+03     3.02068278e+02     2.37470889e+02     1.22575997e+02   
    9.80000000e+03     2.45000000e+00     1.11300555e+03     3.02874639e+02     2.35542443e+02     1.21144584e+02   
    1.00000000e+04     2.50000000e+00     1.11299693e+03     3.00381516e+02     2.34296187e+02     1.19485108e+02   
    1.02000000e+04     2.55000000e+00     1.11300951e+03     2.99459003e+02     2.38152320e+02     1.23393001e+02   
    1.04000000e+04     2.60000000e+00     1.11299921e+03     2.99240072e+02     2.36156980e+02     1.20200655e+02   
    1.06000000e+04     2.65000000e+00     1.11301025e+03     3.03439779e+02     2.36283546e+02     1.21123428e+02   
    1.08000000e+04     2.70000000e+00     1.11301319e+03     2.97999872e+02     2.37672264e+02     1.21517343e+02   
    1.10000000e+04     2.75000000e+00     1.11301960e+03     3.04339194e+02     2.37481473e+02     1.21560047e+02   
    1.12000000e+04     2.80000000e+00     1.11302538e+03     3.00579128e+02     2.37669813e+02     1.22506636e+02   
    1.14000000e+04     2.85000000e+00     1.11302368e+03     3.06567381e+02     2.36534035e+02     1.21992531e+02   
    1.16000000e+04     2.90000000e+00     1.11302408e+03     3.02457690e+02     2.35521393e+02     1.20548139e+02   
    1.18000000e+04     2.95000000e+00     1.11301929e+03     2.99845787e+02     2.35779049e+02     1.21018260e+02   
    1.20000000e+04     3.00000000e+00     1.11301246e+03     3.01650762e+02     2.34203937e+02     1.20587564e+02   
    1.22000000e+04     3.05000000e+00     1.11301180e+03     3.00796885e+02     2.35159537e+02     1.19920650e+02   
    1.24000000e+04     3.10000000e+00     1.11300870e+03     3.03613026e+02     2.35224655e+02     1.20500467e+02   
    1.26000000e+04     3.15000000e+00     1.11300705e+03     3.00839104e+02     2.35882682e+02     1.20993813e+02   
    1.28000000e+04     3.20000000e+00     1.11300520e+03     2.97691175e+02     2.36451805e+02     1.20870522e+02   
    1.30000000e+04     3.25000000e+00     1.11301195e+03     3.01488103e+02     2.37546380e+02     1.21289931e+02   
    1.32000000e+04     3.30000000e+00     1.11301442e+03     2.99936629e+02     2.35979884e+02     1.20242087e+02   
    1.34000000e+04     3.35000000e+00     1.11301998e+03     2.97577404e+02     2.37121231e+02     1.24154350e+02   
    1.36000000e+04     3.40000000e+00     1.11301883e+03     3.01348548e+02     2.36789898e+02     1.23484623e+02   
    1.38000000e+04     3.45000000e+00     1.11302030e+03     3.03673090e+02     2.35685771e+02     1.21555005e+02   
    1.40000000e+04     3.50000000e+00     1.11302109e+03     3.02747045e+02     2.35685397e+02     1.21890909e+02   
    1.42000000e+04     3.55000000e+00     1.11302009e+03     3.01611120e+02     2.34696899e+02     1.22067571e+02   
    1.44000000e+04     3.60000000e+00     1.11301342e+03     2.98509375e+02     2.33679320e+02     1.21607272e+02   
    1.46000000e+04     3.65000000e+00     1.11301449e+03     2.98954352e+02     2.35273870e+02     1.25032514e+02   
    1.48000000e+04     3.70000000e+00     1.11301857e+03     3.00603480e+02     2.35895474e+02     1.25257216e+02   
    1.50000000e+04     3.75000000e+00     1.11302369e+03     2.98591312e+02     2.37397427e+02     1.27087141e+02   
    1.52000000e+04     3.80000000e+00     1.11302752e+03     3.00665404e+02     2.37477604e+02     1.26344042e+02   
    1.54000000e+04     3.85000000e+00     1.11303661e+03     2.99434391e+02     2.37940802e+02     1.25622884e+02   
    1.56000000e+04     3.90000000e+00     1.11303013e+03     3.01697951e+02     2.36365932e+02     1.22898079e+02   
    1.58000000e+04     3.95000000e+00     1.11303326e+03     3.01016627e+02     2.36173394e+02     1.22601866e+02   
    1.60000000e+04     4.00000000e+00     1.11303565e+03     3.00585527e+02     2.36789346e+02     1.22556597e+02   
    1.62000000e+04     4.05000000e+00     1.11304451e+03     2.98466895e+02     2.36219625e+02     1.22245685e+02   
    1.64000000e+04     4.10000000e+00     1.11305727e+03     3.00224758e+02     2.37314763e+02     1.24028599e+02   
    1.66000000e+04     4.15000000e+00     1.11306279e+03     2.98463616e+02     2.34595678e+02     1.20620142e+02   
    1.68000000e+04     4.20000000e+00     1.11307755e+03     2.97938257e+02     2.35249984e+02     1.21802078e+02   
    1.70000000e+04     4.25000000e+00     1.11308426e+03     2.96178753e+02     2.36493354e+02     1.21657129e+02   
    1.72000000e+04     4.30000000e+00     1.11307670e+03     2.96246888e+02     2.36585964e+02     1.23745431e+02   
    1.74000000e+04     4.35000000e+00     1.11307509e+03     2.97136984e+02     2.35554319e+02     1.22789568e+02   
    1.76000000e+04     4.40000000e+00     1.11309504e+03     2.97423539e+02     2.37698465e+02     1.26753343e+02   
    1.78000000e+04     4.45000000e+00     1.11310130e+03     2.99539601e+02     2.36918797e+02     1.25378953e+02   
    1.80000000e+04     4.50000000e+00     1.11310786e+03     2.97665492e+02     2.36871336e+02     1.25095932e+02   
    1.82000000e+04     4.55000000e+00     1.11310647e+03     2.99652984e+02     2.37026460e+02     1.25715314e+02   
    1.84000000e+04     4.60000000e+00     1.11308909e+03     3.01297059e+02     2.34023454e+02     1.21612503e+02   
    1.86000000e+04     4.65000000e+00     1.11309789e+03     3.00529263e+02     2.34813410e+02     1.24923773e+02   
    1.88000000e+04     4.70000000e+00     1.11310188e+03     3.01509923e+02     2.36335244e+02     1.24965911e+02   
    1.90000000e+04     4.75000000e+00     1.11310435e+03     2.98259888e+02     2.35641747e+02     1.25293246e+02   
    1.92000000e+04     4.80000000e+00     1.11310138e+03     3.03089765e+02     2.33577823e+02     1.21088791e+02   
    1.94000000e+04     4.85000000e+00     1.11312938e+03     3.01765893e+02     2.37336438e+02     1.25274481e+02   
    1.96000000e+04     4.90000000e+00     1.11312243e+03     3.00545812e+02     2.35272571e+02     1.22912836e+02   
    1.98000000e+04     4.95000000e+00     1.11311355e+03     3.03398662e+02     2.35477175e+02     1.22824172e+02   
    2.00000000e+04     5.00000000e+00     1.11311447e+03     3.00292555e+02     2.36516349e+02     1.23627278e+02   
    2.02000000e+04     5.05000000e+00     1.11313282e+03     3.01510483e+02     2.37646122e+02     1.24096700e+02   
    2.04000000e+04     5.10000000e+00     1.11314725e+03     3.03431230e+02     2.37113855e+02     1.24263928e+02   
    2.06000000e+04     5.15000000e+00     1.11315781e+03     3.01019503e+02     2.35631322e+02     1.23292973e+02   
    2.08000000e+04     5.20000000e+00     1.11317190e+03     3.02352779e+02     2.37886533e+02     1.26402911e+02   
    2.10000000e+04     5.25000000e+00     1.11316592e+03     3.01070425e+02     2.35841272e+02     1.21536444e+02   
    2.12000000e+04     5.30000000e+00     1.11316584e+03     3.01137746e+02     2.34801555e+02     1.21612928e+02   
    2.14000000e+04     5.35000000e+00     1.11317435e+03     3.03052925e+02     2.36611244e+02     1.21134690e+02   
    2.16000000e+04     5.40000000e+00     1.11317901e+03     3.00863618e+02     2.35656717e+02     1.21230102e+02   
    2.18000000e+04     5.45000000e+00     1.11318075e+03     3.00547622e+02     2.36773361e+02     1.21390304e+02   
    2.20000000e+04     5.50000000e+00     1.11319072e+03     3.01655157e+02     2.36306382e+02     1.19557124e+02   
    2.22000000e+04     5.55000000e+00     1.11318280e+03     3.02130646e+02     2.35732055e+02     1.20304143e+02   
    2.24000000e+04     5.60000000e+00     1.11318070e+03     2.99814923e+02     2.34273414e+02     1.19601688e+02   
    2.26000000e+04     5.65000000e+00     1.11318362e+03     2.99106667e+02     2.35335884e+02     1.20660780e+02   
    2.28000000e+04     5.70000000e+00     1.11319838e+03     3.00942997e+02     2.38236434e+02     1.23597724e+02   
    2.30000000e+04     5.75000000e+00     1.11319216e+03     3.04848449e+02     2.37649980e+02     1.22525064e+02   
    2.32000000e+04     5.80000000e+00     1.11318216e+03     3.00282091e+02     2.35916447e+02     1.21782982e+02   
    2.34000000e+04     5.85000000e+00     1.11319094e+03     3.01352716e+02     2.36992784e+02     1.24267748e+02   
    2.36000000e+04     5.90000000e+00     1.11318828e+03     3.03817772e+02     2.35526179e+02     1.21086575e+02   
    2.38000000e+04     5.95000000e+00     1.11318147e+03     2.99495443e+02     2.35547290e+02     1.19712955e+02   
    2.40000000e+04     6.00000000e+00     1.11319176e+03     3.02581622e+02     2.38697627e+02     1.23807203e+02   
    2.42000000e+04     6.05000000e+00     1.11318203e+03     3.01494224e+02     2.36459635e+02     1.20782232e+02   
    2.44000000e+04     6.10000000e+00     1.11317415e+03     3.03562993e+02     2.33464562e+02     1.17981291e+02   
    2.46000000e+04     6.15000000e+00     1.11319505e+03     3.01265584e+02     2.37642726e+02     1.20676634e+02   
    2.48000000e+04     6.20000000e+00     1.11319519e+03     3.00623185e+02     2.37074655e+02     1.21100214e+02   
    2.50000000e+04     6.25000000e+00     1.11321362e+03     2.99629719e+02     2.35870960e+02     1.23248058e+02   
    2.52000000e+04     6.30000000e+00     1.11323335e+03     3.00278668e+02     2.36193334e+02     1.23393615e+02   
    2.54000000e+04     6.35000000e+00     1.11323113e+03     2.96288842e+02     2.35048259e+02     1.23579354e+02   
    2.56000000e+04     6.40000000e+00     1.11322516e+03     3.04129111e+02     2.34236519e+02     1.21641694e+02   
    2.58000000e+04     6.45000000e+00     1.11323758e+03     2.99269265e+02     2.38106772e+02     1.25741405e+02   
    2.60000000e+04     6.50000000e+00     1.11322977e+03     3.01452943e+02     2.37923973e+02     1.23744435e+02   
    2.62000000e+04     6.55000000e+00     1.11322303e+03     3.01195502e+02     2.38128721e+02     1.25099866e+02   
    2.64000000e+04     6.60000000e+00     1.11320981e+03     2.99606941e+02     2.36694937e+02     1.23851043e+02   
    2.66000000e+04     6.65000000e+00     1.11321209e+03     3.01364435e+02     2.37340896e+02     1.24621741e+02   
    2.68000000e+04     6.70000000e+00     1.11320041e+03     3.05049348e+02     2.36608704e+02     1.23027650e+02   
    2.70000000e+04     6.75000000e+00     1.11319458e+03     3.00651089e+02     2.35919464e+02     1.23006068e+02   
    2.72000000e+04     6.80000000e+00     1.11318783e+03     2.98879802e+02     2.35751316e+02     1.24401370e+02   
    2.74000000e+04     6.85000000e+00     1.11317509e+03     2.99194371e+02     2.35129270e+02     1.23526384e+02   
    2.76000000e+04     6.90000000e+00     1.11317797e+03     2.99166416e+02     2.35359607e+02     1.22167472e+02   
    2.78000000e+04     6.95000000e+00     1.11318721e+03     2.99178995e+02     2.37128567e+02     1.24303585e+02   
    2.80000000e+04     7.00000000e+00     1.11317897e+03     3.02027382e+02     2.36963708e+02     1.23131593e+02   
    2.82000000e+04     7.05000000e+00     1.11318710e+03     2.96384965e+02     2.37046058e+02     1.23090754e+02   
    2.84000000e+04     7.10000000e+00     1.11319159e+03     2.99246647e+02     2.36378128e+02     1.22696645e+02   
    2.86000000e+04     7.15000000e+00     1.11321127e+03     3.03825585e+02     2.37491473e+02     1.22354415e+02   
    2.88000000e+04     7.20000000e+00     1.11322212e+03     3.01530825e+02     2.36732370e+02     1.24424982e+02   
    2.90000000e+04     7.25000000e+00     1.11321715e+03     3.00697499e+02     2.34160574e+02     1.20811323e+02   
    2.92000000e+04     7.30000000e+00     1.11324318e+03     2.99532970e+02     2.38315897e+02     1.27041267e+02   
    2.94000000e+04     7.35000000e+00     1.11322520e+03     3.00253894e+02     2.35347026e+02     1.23126607e+02   
    2.96000000e+04     7.40000000e+00     1.11322145e+03     3.03443104e+02     2.37155928e+02     1.26257697e+02   
    2.98000000e+04     7.45000000e+00     1.11320564e+03     3.02457731e+02     2.35812693e+02     1.21514311e+02   
    3.00000000e+04     7.50000000e+00     1.11320466e+03     3.02796033e+02     2.34765918e+02     1.21464931e+02   
    3.02000000e+04     7.55000000e+00     1.11321560e+03     3.04189566e+02     2.36016685e+02     1.23749669e+02   
    3.04000000e+04     7.60000000e+00     1.11322989e+03     3.01098320e+02     2.35925602e+02     1.24109696e+02   
    3.06000000e+04     7.65000000e+00     1.11324186e+03     2.98076782e+02     2.36763229e+02     1.26264179e+02   
    3.08000000e+04     7.70000000e+00     1.11323634e+03     3.03592171e+02     2.36003592e+02     1.25335031e+02   
    3.10000000e+04     7.75000000e+00     1.11325399e+03     2.99763171e+02     2.38369241e+02     1.29540237e+02   
    3.12000000e+04     7.80000000e+00     1.11323833e+03     3.00483207e+02     2.35504272e+02     1.25224918e+02   
    3.14000000e+04     7.85000000e+00     1.11325083e+03     2.96956748e+02     2.37755902e+02     1.28978835e+02   
    3.16000000e+04     7.90000000e+00     1.11325742e+03     3.02981820e+02     2.35580198e+02     1.25861310e+02   
    3.18000000e+04     7.95000000e+00     1.11325389e+03     3.01168983e+02     2.36159633e+02     1.26857263e+02   
    3.20000000e+04     8.00000000e+00     1.11325771e+03     3.04455853e+02     2.37566754e+02     1.26716200e+02   
    3.22000000e+04     8.05000000e+00     1.11325800e+03     3.01025440e+02     2.35856655e+02     1.25097561e+02   
    3.24000000e+04     8.10000000e+00     1.11326588e+03     3.00952486e+02     2.37577508e+02     1.27368869e+02   
    3.26000000e+04     8.15000000e+00     1.11326366e+03     3.00642848e+02     2.37464194e+02     1.26727255e+02   
    3.28000000e+04     8.20000000e+00     1.11326199e+03     3.02852536e+02     2.36676987e+02     1.27714381e+02   
    3.30000000e+04     8.25000000e+00     1.11326509e+03     3.01467746e+02     2.36720307e+02     1.26180557e+02   
    3.32000000e+04     8.30000000e+00     1.11325638e+03     2.99412858e+02     2.35411576e+02     1.24981289e+02   
    3.34000000e+04     8.35000000e+00     1.11326327e+03     3.00481379e+02     2.35670337e+02     1.24699693e+02   
    3.36000000e+04     8.40000000e+00     1.11326556e+03     2.97584938e+02     2.35082455e+02     1.23938416e+02   
    3.38000000e+04     8.45000000e+00     1.11327288e+03     2.99292910e+02     2.37470352e+02     1.27641037e+02   
    3.40000000e+04     8.50000000e+00     1.11326408e+03     3.01744392e+02     2.34724565e+02     1.24239986e+02   
    3.42000000e+04     8.55000000e+00     1.11327472e+03     2.99800385e+02     2.36487303e+02     1.26012716e+02   
    3.44000000e+04     8.60000000e+00     1.11327316e+03     3.02034265e+02     2.35545241e+02     1.24619482e+02   
    3.46000000e+04     8.65000000e+00     1.11328534e+03     3.02198576e+02     2.34875079e+02     1.24630609e+02   
    3.48000000e+04     8.70000000e+00     1.11328092e+03     3.01515785e+02     2.34579869e+02     1.23197883e+02   
    3.50000000e+04     8.75000000e+00     1.11328119e+03     3.03023788e+02     2.37872053e+02     1.26846598e+02   
    3.52000000e+04     8.80000000e+00     1.11327024e+03     3.02207167e+02     2.35435741e+02     1.24753217e+02   
    3.54000000e+04     8.85000000e+00     1.11328018e+03     3.00037065e+02     2.36817005e+02     1.27242051e+02   
    3.56000000e+04     8.90000000e+00     1.11328311e+03     3.00375477e+02     2.36597854e+02     1.28444917e+02   
    3.58000000e+04     8.95000000e+00     1.11329177e+03     3.02776326e+02     2.37036676e+02     1.26641132e+02   
    3.60000000e+04     9.00000000e+00     1.11329328e+03     3.00985603e+02     2.38423421e+02     1.30398271e+02   
    3.62000000e+04     9.05000000e+00     1.11328853e+03     3.01974453e+02     2.39299077e+02     1.29498479e+02   
    3.64000000e+04     9.10000000e+00     1.11327588e+03     3.03046507e+02     2.36805979e+02     1.27372296e+02   
    3.66000000e+04     9.15000000e+00     1.11328564e+03     3.02102618e+02     2.37965352e+02     1.28056465e+02   
    3.68000000e+04     9.20000000e+00     1.11327354e+03     3.03377121e+02     2.37100156e+02     1.27329929e+02   
    3.70000000e+04     9.25000000e+00     1.11328310e+03     3.00655345e+02     2.37136841e+02     1.27543452e+02   
    3.72000000e+04     9.30000000e+00     1.11327957e+03     3.02127703e+02     2.35296644e+02     1.25978208e+02   
    3.74000000e+04     9.35000000e+00     1.11328655e+03     3.06539146e+02     2.34754611e+02     1.26810576e+02   
    3.76000000e+04     9.40000000e+00     1.11330005e+03     3.03614968e+02     2.35882746e+02     1.27011248e+02   
    3.78000000e+04     9.45000000e+00     1.11330480e+03     2.99289183e+02     2.36026873e+02     1.27839211e+02   
    3.80000000e+04     9.50000000e+00     1.11330384e+03     3.02450301e+02     2.36981561e+02     1.28392424e+02   
    3.82000000e+04     9.55000000e+00     1.11329946e+03     3.01672637e+02     2.36769394e+02     1.26779123e+02   
    3.84000000e+04     9.60000000e+00     1.11329367e+03     3.02223988e+02     2.36135095e+02     1.26180602e+02   
    3.86000000e+04     9.65000000e+00     1.11329680e+03     3.02671077e+02     2.34987990e+02     1.25339528e+02   
    3.88000000e+04     9.70000000e+00     1.11330203e+03     3.02973298e+02     2.36994745e+02     1.27493215e+02   
    3.90000000e+04     9.75000000e+00     1.11330039e+03     3.04782182e+02     2.37325580e+02     1.28625486e+02   
    3.92000000e+04     9.80000000e+00     1.11330897e+03     2.98870277e+02     2.37467817e+02     1.27528540e+02   
    3.94000000e+04     9.85000000e+00     1.11330771e+03     3.01235105e+02     2.34954895e+02     1.27046873e+02   
    3.96000000e+04     9.90000000e+00     1.11333117e+03     3.02722695e+02     2.37681635e+02     1.28746759e+02   
    3.98000000e+04     9.95000000e+00     1.11333259e+03     3.00517155e+02     2.37378212e+02     1.27096789e+02   
    4.00000000e+04     1.00000000e+01     1.11334138e+03     3.01331176e+02     2.35913000e+02     1.26194163e+02   
    4.02000000e+04     1.00500000e+01     1.11334387e+03     3.04539807e+02     2.36072771e+02     1.23319639e+02   
    4.04000000e+04     1.01000000e+01     1.11335171e+03     3.01726429e+02     2.37365685e+02     1.25755415e+02   
    4.06000000e+04     1.01500000e+01     1.11335487e+03     3.00824316e+02     2.36306192e+02     1.23907226e+02   
    4.08000000e+04     1.02000000e+01     1.11336999e+03     2.99979952e+02     2.34725213e+02     1.24397740e+02   
    4.10000000e+04     1.02500000e+01     1.11336477e+03     3.04280196e+02     2.34677154e+02     1.23386900e+02   
    4.12000000e+04     1.03000000e+01     1.11335157e+03     3.03091647e+02     2.35043995e+02     1.24676943e+02   
    4.14000000e+04     1.03500000e+01     1.11334128e+03     3.01259269e+02     2.35354375e+02     1.23821977e+02   
    4.16000000e+04     1.04000000e+01     1.11334084e+03     2.99924468e+02     2.37219902e+02     1.27257647e+02   
    4.18000000e+04     1.04500000e+01     1.11333057e+03     3.02024362e+02     2.37359067e+02     1.25930378e+02   
    4.20000000e+04     1.05000000e+01     1.11334224e+03     3.00273624e+02     2.37442736e+02     1.25057689e+02   
    4.22000000e+04     1.05500000e+01     1.11334302e+03     3.03184406e+02     2.35135860e+02     1.23802176e+02   
    4.24000000e+04     1.06000000e+01     1.11334335e+03     3.01784883e+02     2.37167355e+02     1.25091118e+02   
    4.26000000e+04     1.06500000e+01     1.11334587e+03     3.03170873e+02     2.35625065e+02     1.24047768e+02   
    4.28000000e+04     1.07000000e+01     1.11333725e+03     3.01386808e+02     2.37475112e+02     1.24330850e+02   
    4.30000000e+04     1.07500000e+01     1.11332638e+03     2.97690468e+02     2.35333940e+02     1.22184411e+02   
    4.32000000e+04     1.08000000e+01     1.11333157e+03     3.01056054e+02     2.39524721e+02     1.26042510e+02   
    4.34000000e+04     1.08500000e+01     1.11332477e+03     3.01994942e+02     2.36304224e+02     1.21861946e+02   
    4.36000000e+04     1.09000000e+01     1.11333241e+03     3.03997450e+02     2.35020995e+02     1.20366386e+02   
    4.38000000e+04     1.09500000e+01     1.11334809e+03     3.00820546e+02     2.36050133e+02     1.22472892e+02   
    4.40000000e+04     1.10000000e+01     1.11335657e+03     3.00954429e+02     2.36752760e+02     1.22906414e+02   
    4.42000000e+04     1.10500000e+01     1.11335404e+03     3.01611412e+02     2.37124111e+02     1.23525007e+02   
    4.44000000e+04     1.11000000e+01     1.11335467e+03     3.04265701e+02     2.35885349e+02     1.22157688e+02   
    4.46000000e+04     1.11500000e+01     1.11334675e+03     3.00700258e+02     2.34078524e+02     1.21169689e+02   
    4.48000000e+04     1.12000000e+01     1.11335849e+03     3.01010044e+02     2.36980206e+02     1.24191017e+02   
    4.50000000e+04     1.12500000e+01     1.11335022e+03     2.98475623e+02     2.36613569e+02     1.24059780e+02   
    4.52000000e+04     1.13000000e+01     1.11333950e+03     3.02354380e+02     2.36296727e+02     1.21852459e+02   
    4.54000000e+04     1.13500000e+01     1.11334146e+03     2.99097210e+02     2.36753260e+02     1.22922205e+02   
    4.56000000e+04     1.14000000e+01     1.11334160e+03     3.00621889e+02     2.34902313e+02     1.23093800e+02   
    4.58000000e+04     1.14500000e+01     1.11335511e+03     3.00545645e+02     2.37688142e+02     1.24156280e+02   
    4.60000000e+04     1.15000000e+01     1.11337032e+03     2.98674070e+02     2.36866101e+02     1.24892770e+02   
    4.62000000e+04     1.15500000e+01     1.11336553e+03     2.98209390e+02     2.34782332e+02     1.21786045e+02   
    4.64000000e+04     1.16000000e+01     1.11337754e+03     3.01114614e+02     2.37085091e+02     1.24884973e+02   
    4.66000000e+04     1.16500000e+01     1.11337645e+03     3.02210195e+02     2.38076737e+02     1.25521888e+02   
    4.68000000e+04     1.17000000e+01     1.11335900e+03     3.01516082e+02     2.35204862e+02     1.22391070e+02   
    4.70000000e+04     1.17500000e+01     1.11334708e+03     2.98354441e+02     2.35624948e+02     1.23278041e+02   
    4.72000000e+04     1.18000000e+01     1.11335605e+03     3.01361128e+02     2.35946803e+02     1.22213408e+02   
    4.74000000e+04     1.18500000e+01     1.11336786e+03     3.02021949e+02     2.35334804e+02     1.24020120e+02   
    4.76000000e+04     1.19000000e+01     1.11337042e+03     3.01342871e+02     2.36694751e+02     1.24810249e+02   
    4.78000000e+04     1.19500000e+01     1.11336873e+03     3.02322533e+02     2.35974456e+02     1.25007103e+02   
    4.80000000e+04     1.20000000e+01     1.11336224e+03     3.00753052e+02     2.36755310e+02     1.23574771e+02   
    4.82000000e+04     1.20500000e+01     1.11336273e+03     3.04116374e+02     2.37100505e+02     1.23568381e+02   
    4.84000000e+04     1.21000000e+01     1.11336875e+03     2.97073927e+02     2.36351145e+02     1.24508818e+02   
    4.86000000e+04     1.21500000e+01     1.11337642e+03     3.00598132e+02     2.36819354e+02     1.24677354e+02   
    4.88000000e+04     1.22000000e+01     1.11337533e+03     3.04525380e+02     2.35587872e+02     1.22815031e+02   
    4.90000000e+04     1.22500000e+01     1.11338460e+03     3.02798160e+02     2.36014416e+02     1.23458297e+02   
    4.92000000e+04     1.23000000e+01     1.11338373e+03     2.99327630e+02     2.35428691e+02     1.22229723e+02   
    4.94000000e+04     1.23500000e+01     1.11338546e+03     3.00302862e+02     2.37668017e+02     1.26096443e+02   
    4.96000000e+04     1.24000000e+01     1.11337073e+03     3.01919039e+02     2.36328217e+02     1.21919101e+02   
    4.98000000e+04     1.24500000e+01     1.11336007e+03     2.98123708e+02     2.36329501e+02     1.22911871e+02   
    5.00000000e+04     1.25000000e+01     1.11336213e+03     2.97774423e+02     2.36473906e+02     1.24600091e+02   
    5.02000000e+04     1.25500000e+01     1.11336057e+03     2.98047132e+02     2.36689991e+02     1.25416214e+02   
    5.04000000e+04     1.26000000e+01     1.11337491e+03     3.00613606e+02     2.39284404e+02     1.28114621e+02   
    5.06000000e+04     1.26500000e+01     1.11335393e+03     2.97749598e+02     2.36862662e+02     1.25114954e+02   
    5.08000000e+04     1.27000000e+01     1.11335288e+03     2.99302855e+02     2.37183782e+02     1.25010592e+02   
    5.10000000e+04     1.27500000e+01     1.11333331e+03     2.99533859e+02     2.35309108e+02     1.22767268e+02   
    5.12000000e+04     1.28000000e+01     1.11333695e+03     2.97900814e+02     2.37121815e+02     1.23826796e+02   
    5.14000000e+04     1.28500000e+01     1.11332387e+03     3.00511935e+02     2.36048546e+02     1.21572202e+02   
    5.16000000e+04     1.29000000e+01     1.11333590e+03     3.02728523e+02     2.36470404e+02     1.23946749e+02   
    5.18000000e+04     1.29500000e+01     1.11333558e+03     3.00952983e+02     2.36826353e+02     1.23885048e+02   
    5.20000000e+04     1.30000000e+01     1.11333794e+03     3.00896861e+02     2.35752815e+02     1.22867168e+02   
    5.22000000e+04     1.30500000e+01     1.11335139e+03     2.98904665e+02     2.37230908e+02     1.25841796e+02   
    5.24000000e+04     1.31000000e+01     1.11333870e+03     2.97320590e+02     2.35451291e+02     1.22652772e+02   
    5.26000000e+04     1.31500000e+01     1.11333916e+03     2.98731647e+02     2.37202752e+02     1.24011719e+02   
    5.28000000e+04     1.32000000e+01     1.11333904e+03     3.00264452e+02     2.37482954e+02     1.23538762e+02   
    5.30000000e+04     1.32500000e+01     1.11332275e+03     3.00025034e+02     2.35588394e+02     1.22924147e+02   
    5.32000000e+04     1.33000000e+01     1.11331362e+03     3.02798486e+02     2.35114046e+02     1.21342981e+02   
    5.34000000e+04     1.33500000e+01     1.11331733e+03     2.99327420e+02     2.35237924e+02     1.22060294e+02   
    5.36000000e+04     1.34000000e+01     1.11331318e+03     3.00860634e+02     2.36215233e+02     1.21966043e+02   
    5.38000000e+04     1.34500000e+01     1.11332959e+03     2.98417407e+02     2.38271710e+02     1.25672847e+02   
    5.40000000e+04     1.35000000e+01     1.11331231e+03     2.99122590e+02     2.36148940e+02     1.22746783e+02   
    5.42000000e+04     1.35500000e+01     1.11331739e+03     3.01466552e+02     2.38240610e+02     1.23807708e+02   
    5.44000000e+04     1.36000000e+01     1.11331158e+03     2.98461992e+02     2.37259223e+02     1.23924037e+02   
    5.46000000e+04     1.36500000e+01     1.11331844e+03     2.99609584e+02     2.37344267e+02     1.24173041e+02   
    5.48000000e+04     1.37000000e+01     1.11332248e+03     3.01642820e+02     2.36715774e+02     1.22911758e+02   
    5.50000000e+04     1.37500000e+01     1.11332400e+03     2.99346682e+02     2.35755350e+02     1.24666363e+02   
    5.52000000e+04     1.38000000e+01     1.11333416e+03     2.97258589e+02     2.36043539e+02     1.23455655e+02   
    5.54000000e+04     1.38500000e+01     1.11332857e+03     2.99577047e+02     2.34432051e+02     1.21811913e+02   
    5.56000000e+04     1.39000000e+01     1.11332880e+03     3.03195964e+02     2.33788536e+02     1.20609790e+02   
    5.58000000e+04     1.39500000e+01     1.11333114e+03     3.02355553e+02     2.35896485e+02     1.22883067e+02   
    5.60000000e+04     1.40000000e+01     1.11332741e+03     2.97405606e+02     2.34565934e+02     1.22837116e+02   
    5.62000000e+04     1.40500000e+01     1.11332096e+03     3.00604502e+02     2.34427877e+02     1.21267105e+02   
    5.64000000e+04     1.41000000e+01     1.11333492e+03     3.00723552e+02     2.37003230e+02     1.24710516e+02   
    5.66000000e+04     1.41500000e+01     1.11334967e+03     3.01725281e+02     2.37602843e+02     1.24794184e+02   
    5.68000000e+04     1.42000000e+01     1.11335151e+03     3.01714835e+02     2.36541898e+02     1.23013848e+02   
    5.70000000e+04     1.42500000e+01     1.11333613e+03     3.04756514e+02     2.33987540e+02     1.20646782e+02   
    5.72000000e+04     1.43000000e+01     1.11334131e+03     3.00011377e+02     2.36125488e+02     1.24525269e+02   
    5.74000000e+04     1.43500000e+01     1.11333205e+03     3.00141345e+02     2.36708525e+02     1.24482043e+02   
    5.76000000e+04     1.44000000e+01     1.11333000e+03     2.99530443e+02     2.36003455e+02     1.22862949e+02   
    5.78000000e+04     1.44500000e+01     1.11333846e+03     3.01375003e+02     2.37042717e+02     1.24206470e+02   
    5.80000000e+04     1.45000000e+01     1.11333078e+03     3.00020830e+02     2.35810613e+02     1.22847440e+02   
    5.82000000e+04     1.45500000e+01     1.11332721e+03     3.02329184e+02     2.35304693e+02     1.22579439e+02   
    5.84000000e+04     1.46000000e+01     1.11332788e+03     2.98571322e+02     2.36315874e+02     1.23680761e+02   
    5.86000000e+04     1.46500000e+01     1.11331233e+03     2.97902605e+02     2.36648087e+02     1.24413994e+02   
    5.88000000e+04     1.47000000e+01     1.11329980e+03     3.02002671e+02     2.36064979e+02     1.22130125e+02   
    5.90000000e+04     1.47500000e+01     1.11329506e+03     2.98922077e+02     2.37115546e+02     1.25316883e+02   
    5.92000000e+04     1.48000000e+01     1.11328422e+03     2.99279741e+02     2.36802367e+02     1.25442613e+02   
    5.94000000e+04     1.48500000e+01     1.11327581e+03     3.02242961e+02     2.33862957e+02     1.22350823e+02   
    5.96000000e+04     1.49000000e+01     1.11328958e+03     2.99849876e+02     2.36050767e+02     1.22357994e+02   
    5.98000000e+04     1.49500000e+01     1.11330061e+03     3.01344283e+02     2.37161449e+02     1.23128768e+02   
    6.00000000e+04     1.50000000e+01     1.11330468e+03     3.01528486e+02     2.36427112e+02     1.22915330e+02   
    6.02000000e+04     1.50500000e+01     1.11329965e+03     2.99988506e+02     2.35358323e+02     1.23018418e+02   
    6.04000000e+04     1.51000000e+01     1.11329591e+03     3.01198570e+02     2.37117650e+02     1.24129680e+02   
    6.06000000e+04     1.51500000e+01     1.11328528e+03     2.97899840e+02     2.36805877e+02     1.23684011e+02   
    6.08000000e+04     1.52000000e+01     1.11330063e+03     2.98177600e+02     2.36875233e+02     1.26560272e+02   
    6.10000000e+04     1.52500000e+01     1.11331140e+03     2.98503874e+02     2.36719889e+02     1.26953144e+02   
    6.12000000e+04     1.53000000e+01     1.11330103e+03     3.01922124e+02     2.34389471e+02     1.24555821e+02   
    6.14000000e+04     1.53500000e+01     1.11330982e+03     2.98711975e+02     2.37179326e+02     1.23289921e+02   
    6.16000000e+04     1.54000000e+01     1.11330893e+03     2.98129262e+02     2.35728385e+02     1.25165276e+02   
    6.18000000e+04     1.54500000e+01     1.11330333e+03     3.01021372e+02     2.36621784e+02     1.24670108e+02   
    6.20000000e+04     1.55000000e+01     1.11330289e+03     2.99940529e+02     2.36974463e+02     1.26410271e+02   
    6.22000000e+04     1.55500000e+01     1.11331294e+03     3.02994988e+02     2.38588910e+02     1.25647510e+02   
    6.24000000e+04     1.56000000e+01     1.11330861e+03     3.02498403e+02     2.35645226e+02     1.23035200e+02   
    6.26000000e+04     1.56500000e+01     1.11331625e+03     2.98591820e+02     2.36764554e+02     1.25202629e+02   
    6.28000000e+04     1.57000000e+01     1.11333199e+03     3.00136393e+02     2.36813564e+02     1.25165625e+02   
    6.30000000e+04     1.57500000e+01     1.11333690e+03     2.97999642e+02     2.35196044e+02     1.24661094e+02   
    6.32000000e+04     1.58000000e+01     1.11333253e+03     2.97314185e+02     2.34815863e+02     1.24884827e+02   
    6.34000000e+04     1.58500000e+01     1.11334239e+03     2.97923038e+02     2.37288988e+02     1.26446959e+02   
    6.36000000e+04     1.59000000e+01     1.11332914e+03     2.98728739e+02     2.35767946e+02     1.25329755e+02   
    6.38000000e+04     1.59500000e+01     1.11333130e+03     2.99727075e+02     2.36716316e+02     1.24889954e+02   
    6.40000000e+04     1.60000000e+01     1.11333158e+03     2.99375284e+02     2.37432357e+02     1.25061702e+02   
    6.42000000e+04     1.60500000e+01     1.11331951e+03     2.97675226e+02     2.37552298e+02     1.23641247e+02   
    6.44000000e+04     1.61000000e+01     1.11330848e+03     3.00169671e+02     2.36020379e+02     1.24921347e+02   
    6.46000000e+04     1.61500000e+01     1.11330251e+03     3.00762884e+02     2.35383233e+02     1.23539925e+02   
    6.48000000e+04     1.62000000e+01     1.11331857e+03     3.01132379e+02     2.35688835e+02     1.24509713e+02   
    6.50000000e+04     1.62500000e+01     1.11332549e+03     3.01823514e+02     2.36617111e+02     1.24726426e+02   
    6.52000000e+04     1.63000000e+01     1.11333321e+03     2.98714735e+02     2.37852252e+02     1.27345775e+02   
    6.54000000e+04     1.63500000e+01     1.11334028e+03     3.00719669e+02     2.34984199e+02     1.25312713e+02   
    6.56000000e+04     1.64000000e+01     1.11333080e+03     2.95690414e+02     2.35886311e+02     1.24047091e+02   
    6.58000000e+04     1.64500000e+01     1.11333010e+03     3.00744495e+02     2.36267889e+02     1.25006833e+02   
    6.60000000e+04     1.65000000e+01     1.11334583e+03     2.97681712e+02     2.37736226e+02     1.26468778e+02   
    6.62000000e+04     1.65500000e+01     1.11334624e+03     3.01924507e+02     2.37945697e+02     1.25211765e+02   
    6.64000000e+04     1.66000000e+01     1.11334915e+03     3.00985721e+02     2.35942136e+02     1.24427536e+02   
    6.66000000e+04     1.66500000e+01     1.11334708e+03     3.02520562e+02     2.36276225e+02     1.25817175e+02   
    6.68000000e+04     1.67000000e+01     1.11334799e+03     2.99750488e+02     2.36211555e+02     1.24807372e+02   
    6.70000000e+04     1.67500000e+01     1.11335139e+03     2.97301090e+02     2.35363689e+02     1.25822265e+02   
    6.72000000e+04     1.68000000e+01     1.11335766e+03     2.98686827e+02     2.36099038e+02     1.25370758e+02   
    6.74000000e+04     1.68500000e+01     1.11334613e+03     3.00021441e+02     2.34312441e+02     1.24012139e+02   
    6.76000000e+04     1.69000000e+01     1.11336449e+03     3.01138299e+02     2.36418936e+02     1.25536012e+02   
    6.78000000e+04     1.69500000e+01     1.11335724e+03     3.00307047e+02     2.33392276e+02     1.23751503e+02   
    6.80000000e+04     1.70000000e+01     1.11335489e+03     3.00001195e+02     2.34336664e+02     1.23527367e+02   
    6.82000000e+04     1.70500000e+01     1.11336229e+03     2.99430082e+02     2.35484987e+02     1.24808345e+02   
    6.84000000e+04     1.71000000e+01     1.11337411e+03     3.00388298e+02     2.36058483e+02     1.25976809e+02   
    6.86000000e+04     1.71500000e+01     1.11338304e+03     2.99786113e+02     2.36800677e+02     1.25212907e+02   
    6.88000000e+04     1.72000000e+01     1.11337337e+03     3.02646269e+02     2.35186559e+02     1.23803262e+02   
    6.90000000e+04     1.72500000e+01     1.11338067e+03     3.04875076e+02     2.37341697e+02     1.25518935e+02   
    6.92000000e+04     1.73000000e+01     1.11338596e+03     3.00630104e+02     2.37330011e+02     1.26823961e+02   
    6.94000000e+04     1.73500000e+01     1.11338271e+03     2.99056482e+02     2.34908505e+02     1.23472470e+02   
    6.96000000e+04     1.74000000e+01     1.11339052e+03     3.01773852e+02     2.36364458e+02     1.23706071e+02   
    6.98000000e+04     1.74500000e+01     1.11338162e+03     2.99856412e+02     2.36216777e+02     1.23351070e+02   
    7.00000000e+04     1.75000000e+01     1.11336611e+03     3.00976852e+02     2.34320283e+02     1.21980898e+02   
    7.02000000e+04     1.75500000e+01     1.11335993e+03     3.00057611e+02     2.35938893e+02     1.23367388e+02   
    7.04000000e+04     1.76000000e+01     1.11335211e+03     3.01159681e+02     2.36098938e+02     1.25400084e+02   
    7.06000000e+04     1.76500000e+01     1.11334500e+03     3.01480252e+02     2.36884653e+02     1.24270106e+02   
    7.08000000e+04     1.77000000e+01     1.11331251e+03     3.02360893e+02     2.35857603e+02     1.23179645e+02   
    7.10000000e+04     1.77500000e+01     1.11330058e+03     2.98901867e+02     2.35368273e+02     1.23846700e+02   
    7.12000000e+04     1.78000000e+01     1.11329474e+03     3.02241559e+02     2.36795778e+02     1.25279276e+02   
    7.14000000e+04     1.78500000e+01     1.11329628e+03     3.01365423e+02     2.35474204e+02     1.22458902e+02   
    7.16000000e+04     1.79000000e+01     1.11330624e+03     3.04800248e+02     2.37401265e+02     1.25443519e+02   
    7.18000000e+04     1.79500000e+01     1.11330313e+03     2.99595023e+02     2.34879677e+02     1.23158596e+02   
    7.20000000e+04     1.80000000e+01     1.11331617e+03     3.01553830e+02     2.36344535e+02     1.26056308e+02   
    7.22000000e+04     1.80500000e+01     1.11330763e+03     2.99749406e+02     2.36633874e+02     1.27193764e+02   
    7.24000000e+04     1.81000000e+01     1.11329453e+03     3.00473478e+02     2.35304609e+02     1.25577447e+02   
    7.26000000e+04     1.81500000e+01     1.11327948e+03     3.00609233e+02     2.34651091e+02     1.23612718e+02   
    7.28000000e+04     1.82000000e+01     1.11329207e+03     3.00535483e+02     2.36738950e+02     1.25408535e+02   
    7.30000000e+04     1.82500000e+01     1.11327220e+03     3.01024003e+02     2.33308142e+02     1.19924597e+02   
    7.32000000e+04     1.83000000e+01     1.11327726e+03     2.99087517e+02     2.35383162e+02     1.23043763e+02   
    7.34000000e+04     1.83500000e+01     1.11326538e+03     3.00051798e+02     2.36538552e+02     1.21864744e+02   
    7.36000000e+04     1.84000000e+01     1.11326914e+03     3.02362873e+02     2.36712803e+02     1.23437682e+02   
    7.38000000e+04     1.84500000e+01     1.11326231e+03     3.01086298e+02     2.36513882e+02     1.22650545e+02   
    7.40000000e+04     1.85000000e+01     1.11326008e+03     2.98669626e+02     2.35371071e+02     1.21475872e+02   
    7.42000000e+04     1.85500000e+01     1.11327059e+03     3.01856482e+02     2.36658340e+02     1.22241613e+02   
    7.44000000e+04     1.86000000e+01     1.11327027e+03     3.03937079e+02     2.35500270e+02     1.20807966e+02   
    7.46000000e+04     1.86500000e+01     1.11325718e+03     3.00019100e+02     2.34277431e+02     1.20193349e+02   
    7.48000000e+04     1.87000000e+01     1.11326920e+03     3.02982695e+02     2.36113354e+02     1.21347117e+02   
    7.50000000e+04     1.87500000e+01     1.11328071e+03     2.99142760e+02     2.37124544e+02     1.23988130e+02   
    7.52000000e+04     1.88000000e+01     1.11329853e+03     3.02985706e+02     2.36816204e+02     1.23382863e+02   
    7.54000000e+04     1.88500000e+01     1.11330666e+03     3.00805656e+02     2.34632738e+02     1.22675596e+02   
    7.56000000e+04     1.89000000e+01     1.11331203e+03     2.99534281e+02     2.36674119e+02     1.24819247e+02   
    7.58000000e+04     1.89500000e+01     1.11328855e+03     3.00547158e+02     2.35641343e+02     1.22283596e+02   
    7.60000000e+04     1.90000000e+01     1.11328807e+03     3.02267450e+02     2.38173667e+02     1.24594540e+02   
    7.62000000e+04     1.90500000e+01     1.11328493e+03     3.02339842e+02     2.36066991e+02     1.24981665e+02   
    7.64000000e+04     1.91000000e+01     1.11329703e+03     2.97343599e+02     2.37611826e+02     1.26483033e+02   
    7.66000000e+04     1.91500000e+01     1.11330356e+03     3.02701714e+02     2.36817922e+02     1.26125168e+02   
    7.68000000e+04     1.92000000e+01     1.11329668e+03     3.02663091e+02     2.34553854e+02     1.21643591e+02   
    7.70000000e+04     1.92500000e+01     1.11329637e+03     3.00056064e+02     2.35857282e+02     1.23317516e+02   
    7.72000000e+04     1.93000000e+01     1.11327904e+03     3.04085418e+02     2.35896546e+02     1.22369944e+02   
    7.74000000e+04     1.93500000e+01     1.11327600e+03     3.00342183e+02     2.36121777e+02     1.22582815e+02   
    7.76000000e+04     1.94000000e+01     1.11328196e+03     2.97055663e+02     2.36080056e+02     1.22980707e+02   
    7.78000000e+04     1.94500000e+01     1.11328877e+03     3.00779804e+02     2.36674542e+02     1.22842808e+02   
    7.80000000e+04     1.95000000e+01     1.11330180e+03     3.01200745e+02     2.37535218e+02     1.22835770e+02   
    7.82000000e+04     1.95500000e+01     1.11330293e+03     3.00865297e+02     2.33793931e+02     1.19733466e+02   
    7.84000000e+04     1.96000000e+01     1.11331372e+03     2.99936817e+02     2.35095536e+02     1.22203577e+02   
    7.86000000e+04     1.96500000e+01     1.11332559e+03     3.00356069e+02     2.36617776e+02     1.24159717e+02   
    7.88000000e+04     1.97000000e+01     1.11332836e+03     3.03069087e+02     2.34209517e+02     1.21875403e+02   
    7.90000000e+04     1.97500000e+01     1.11332224e+03     3.03432741e+02     2.36200543e+02     1.21454685e+02   
    7.92000000e+04     1.98000000e+01     1.11332274e+03     2.98480338e+02     2.38178271e+02     1.23482667e+02   
    7.94000000e+04     1.98500000e+01     1.11330620e+03     3.01855916e+02     2.35656649e+02     1.21829604e+02   
    7.96000000e+04     1.99000000e+01     1.11330610e+03     3.02607719e+02     2.36453467e+02     1.22909535e+02   
    7.98000000e+04     1.99500000e+01     1.11329372e+03     3.02979702e+02     2.35527867e+02     1.21492753e+02   
    8.00000000e+04     2.00000000e+01     1.11329420e+03     2.99597894e+02     2.36909151e+02     1.22892991e+02   
