# column   1     --> step : The current simulation time step.
# column   2     --> time{picosecond} : The elapsed simulation time.
# column   3     --> conserved{electronvolt} : The value of the conserved energy quantity per bead.
# column   4     --> temperature{kelvin} : The current temperature, as obtained from the MD kinetic energy.
# column   5     --> kinetic_cv{electronvolt} : The centroid-virial quantum kinetic energy of the physical system.
# column   6     --> potential{electronvolt} : The physical system potential energy.
    0.00000000e+00     0.00000000e+00     1.11543939e+03     3.04273373e+02     2.36519599e+02     1.26014739e+02   
    2.00000000e+02     5.00000000e-02     1.11542796e+03     2.99423756e+02     2.35235031e+02     1.24850041e+02   
    4.00000000e+02     1.00000000e-01     1.11541666e+03     3.04597912e+02     2.35781122e+02     1.23590625e+02   
    6.00000000e+02     1.50000000e-01     1.11540620e+03     3.00385304e+02     2.34015804e+02     1.22398111e+02   
    8.00000000e+02     2.00000000e-01     1.11541089e+03     3.01687948e+02     2.37174704e+02     1.25717219e+02   
    1.00000000e+03     2.50000000e-01     1.11541133e+03     3.04452714e+02     2.35879011e+02     1.25382270e+02   
    1.20000000e+03     3.00000000e-01     1.11542105e+03     2.99676259e+02     2.35432930e+02     1.24833203e+02   
    1.40000000e+03     3.50000000e-01     1.11541577e+03     3.02730244e+02     2.35683622e+02     1.22787983e+02   
    1.60000000e+03     4.00000000e-01     1.11541292e+03     2.99167235e+02     2.35982016e+02     1.23955208e+02   
    1.80000000e+03     4.50000000e-01     1.11540662e+03     2.98280154e+02     2.36037623e+02     1.24112757e+02   
    2.00000000e+03     5.00000000e-01     1.11540029e+03     2.98276990e+02     2.37871664e+02     1.26006143e+02   
    2.20000000e+03     5.50000000e-01     1.11538914e+03     2.94764518e+02     2.34571870e+02     1.20466383e+02   
    2.40000000e+03     6.00000000e-01     1.11539797e+03     3.00323405e+02     2.36864554e+02     1.23078936e+02   
    2.60000000e+03     6.50000000e-01     1.11540064e+03     2.99398843e+02     2.37497593e+02     1.24099091e+02   
    2.80000000e+03     7.00000000e-01     1.11539986e+03     3.01581280e+02     2.36712522e+02     1.23977200e+02   
    3.00000000e+03     7.50000000e-01     1.11541735e+03     2.97898322e+02     2.36978662e+02     1.23430539e+02   
    3.20000000e+03     8.00000000e-01     1.11542844e+03     2.99173697e+02     2.35887603e+02     1.21980420e+02   
    3.40000000e+03     8.50000000e-01     1.11545031e+03     3.01640067e+02     2.37772287e+02     1.24245558e+02   
    3.60000000e+03     9.00000000e-01     1.11544492e+03     2.97902537e+02     2.35044437e+02     1.22223483e+02   
    3.80000000e+03     9.50000000e-01     1.11546048e+03     3.00876763e+02     2.37350415e+02     1.24617344e+02   
    4.00000000e+03     1.00000000e+00     1.11547277e+03     2.99813875e+02     2.35866148e+02     1.24930882e+02   
    4.20000000e+03     1.05000000e+00     1.11547368e+03     2.99115041e+02     2.35580259e+02     1.25172699e+02   
    4.40000000e+03     1.10000000e+00     1.11545288e+03     2.97772555e+02     2.35151509e+02     1.23711747e+02   
    4.60000000e+03     1.15000000e+00     1.11544525e+03     2.97908151e+02     2.36597902e+02     1.25793407e+02   
    4.80000000e+03     1.20000000e+00     1.11544356e+03     3.00785205e+02     2.37422283e+02     1.25239898e+02   
    5.00000000e+03     1.25000000e+00     1.11543423e+03     2.99559854e+02     2.34787097e+02     1.23951947e+02   
    5.20000000e+03     1.30000000e+00     1.11543793e+03     3.01597711e+02     2.35647570e+02     1.25257196e+02   
    5.40000000e+03     1.35000000e+00     1.11543855e+03     3.03300513e+02     2.36857333e+02     1.25743212e+02   
    5.60000000e+03     1.40000000e+00     1.11545376e+03     3.02408498e+02     2.36636770e+02     1.26489533e+02   
    5.80000000e+03     1.45000000e+00     1.11544800e+03     2.99386465e+02     2.35671233e+02     1.24620483e+02   
    6.00000000e+03     1.50000000e+00     1.11546704e+03     3.00415555e+02     2.37965051e+02     1.28077993e+02   
    6.20000000e+03     1.55000000e+00     1.11545916e+03     2.97865365e+02     2.35998188e+02     1.25580225e+02   
    6.40000000e+03     1.60000000e+00     1.11545717e+03     2.99889560e+02     2.36894402e+02     1.25755670e+02   
    6.60000000e+03     1.65000000e+00     1.11543626e+03     2.98323899e+02     2.34897958e+02     1.22154727e+02   
    6.80000000e+03     1.70000000e+00     1.11543992e+03     2.99615542e+02     2.37189092e+02     1.24041360e+02   
    7.00000000e+03     1.75000000e+00     1.11542347e+03     3.00822294e+02     2.35037950e+02     1.22335580e+02   
    7.20000000e+03     1.80000000e+00     1.11541846e+03     3.00517670e+02     2.35015753e+02     1.24380960e+02   
    7.40000000e+03     1.85000000e+00     1.11542672e+03     2.96875564e+02     2.36909323e+02     1.25573662e+02   
    7.60000000e+03     1.90000000e+00     1.11542442e+03     3.02163711e+02     2.36387507e+02     1.23791421e+02   
    7.80000000e+03     1.95000000e+00     1.11541331e+03     3.02243628e+02     2.35165905e+02     1.22425974e+02   
    8.00000000e+03     2.00000000e+00     1.11543454e+03     3.00102845e+02     2.35769108e+02     1.24142681e+02   
    8.20000000e+03     2.05000000e+00     1.11545364e+03     2.97911062e+02     2.36681202e+02     1.25235578e+02   
    8.40000000e+03     2.10000000e+00     1.11547005e+03     3.02391016e+02     2.35237522e+02     1.23971139e+02   
    8.60000000e+03     2.15000000e+00     1.11548402e+03     2.97595419e+02     2.36047727e+02     1.24880029e+02   
    8.80000000e+03     2.20000000e+00     1.11547434e+03     2.97433029e+02     2.37143317e+02     1.25364559e+02   
    9.00000000e+03     2.25000000e+00     1.11546946e+03     2.98804171e+02     2.35567661e+02     1.23941971e+02   
    9.20000000e+03     2.30000000e+00     1.11547180e+03     3.02940370e+02     2.36636387e+02     1.23721841e+02   
    9.40000000e+03     2.35000000e+00     1.11547311e+03     3.00788210e+02     2.36447025e+02     1.26080000e+02   
    9.60000000e+03     2.40000000e+00     1.11546750e+03     2.99146723e+02     2.37128154e+02     1.26626993e+02   
    9.80000000e+03     2.45000000e+00     1.11546139e+03     3.01358982e+02     2.35028597e+02     1.25451568e+02   
    1.00000000e+04     2.50000000e+00     1.11546234e+03     2.99777716e+02     2.36639780e+02     1.26345019e+02   
    1.02000000e+04     2.55000000e+00     1.11545831e+03     2.96864138e+02     2.37443205e+02     1.27992687e+02   
    1.04000000e+04     2.60000000e+00     1.11545604e+03     2.99024065e+02     2.36454210e+02     1.24952406e+02   
    1.06000000e+04     2.65000000e+00     1.11545191e+03     3.03450911e+02     2.36356767e+02     1.23912497e+02   
    1.08000000e+04     2.70000000e+00     1.11544569e+03     2.96847143e+02     2.36294952e+02     1.23175171e+02   
    1.10000000e+04     2.75000000e+00     1.11544675e+03     3.03415329e+02     2.37268617e+02     1.24162168e+02   
    1.12000000e+04     2.80000000e+00     1.11545984e+03     3.00416181e+02     2.37875341e+02     1.23923791e+02   
    1.14000000e+04     2.85000000e+00     1.11545868e+03     3.05628757e+02     2.36591935e+02     1.21761750e+02   
    1.16000000e+04     2.90000000e+00     1.11546861e+03     3.00757822e+02     2.36198354e+02     1.24298185e+02   
    1.18000000e+04     2.95000000e+00     1.11546971e+03     2.98890277e+02     2.36060370e+02     1.23206038e+02   
    1.20000000e+04     3.00000000e+00     1.11548209e+03     3.00634920e+02     2.36461700e+02     1.25279210e+02   
    1.22000000e+04     3.05000000e+00     1.11548192e+03     3.00688790e+02     2.35682951e+02     1.22205081e+02   
    1.24000000e+04     3.10000000e+00     1.11550866e+03     3.02077378e+02     2.36736221e+02     1.25937806e+02   
    1.26000000e+04     3.15000000e+00     1.11550307e+03     3.01090092e+02     2.35682396e+02     1.24508771e+02   
    1.28000000e+04     3.20000000e+00     1.11550084e+03     2.96991330e+02     2.37059222e+02     1.26378917e+02   
    1.30000000e+04     3.25000000e+00     1.11550227e+03     3.02732011e+02     2.36612351e+02     1.23659883e+02   
    1.32000000e+04     3.30000000e+00     1.11549932e+03     2.99052485e+02     2.36891595e+02     1.24685239e+02   
    1.34000000e+04     3.35000000e+00     1.11551660e+03     2.98222859e+02     2.37661935e+02     1.27018912e+02   
    1.36000000e+04     3.40000000e+00     1.11551274e+03     3.02403872e+02     2.37584133e+02     1.25443764e+02   
    1.38000000e+04     3.45000000e+00     1.11552005e+03     3.04703952e+02     2.38707743e+02     1.25675488e+02   
    1.40000000e+04     3.50000000e+00     1.11551292e+03     3.04168168e+02     2.36523842e+02     1.23556437e+02   
    1.42000000e+04     3.55000000e+00     1.11552135e+03     3.02325106e+02     2.36183203e+02     1.25364283e+02   
    1.44000000e+04     3.60000000e+00     1.11551295e+03     3.00070776e+02     2.34341707e+02     1.22696468e+02   
    1.46000000e+04     3.65000000e+00     1.11553181e+03     2.98438739e+02     2.37711129e+02     1.26544176e+02   
    1.48000000e+04     3.70000000e+00     1.11553194e+03     3.02766313e+02     2.36721413e+02     1.22735816e+02   
    1.50000000e+04     3.75000000e+00     1.11552649e+03     3.01203639e+02     2.34724572e+02     1.22086669e+02   
    1.52000000e+04     3.80000000e+00     1.11552459e+03     3.01060019e+02     2.36867738e+02     1.23057379e+02   
    1.54000000e+04     3.85000000e+00     1.11552928e+03     3.00593783e+02     2.36833418e+02     1.24776127e+02   
    1.56000000e+04     3.90000000e+00     1.11551324e+03     3.02962971e+02     2.35410380e+02     1.21881223e+02   
    1.58000000e+04     3.95000000e+00     1.11552205e+03     3.01290824e+02     2.38224317e+02     1.25950224e+02   
    1.60000000e+04     4.00000000e+00     1.11551176e+03     3.02004952e+02     2.36084645e+02     1.22681176e+02   
    1.62000000e+04     4.05000000e+00     1.11553450e+03     3.00442634e+02     2.35983684e+02     1.24559891e+02   
    1.64000000e+04     4.10000000e+00     1.11555191e+03     3.03726227e+02     2.34823946e+02     1.23619791e+02   
    1.66000000e+04     4.15000000e+00     1.11556759e+03     2.99999866e+02     2.34944683e+02     1.22531581e+02   
    1.68000000e+04     4.20000000e+00     1.11557697e+03     2.99658675e+02     2.35190690e+02     1.25255327e+02   
    1.70000000e+04     4.25000000e+00     1.11556594e+03     2.98160828e+02     2.34429294e+02     1.21650164e+02   
    1.72000000e+04     4.30000000e+00     1.11557144e+03     2.97952881e+02     2.36546956e+02     1.25350585e+02   
    1.74000000e+04     4.35000000e+00     1.11557312e+03     2.98906035e+02     2.35754976e+02     1.22821575e+02   
    1.76000000e+04     4.40000000e+00     1.11557615e+03     2.97976183e+02     2.37288906e+02     1.26757089e+02   
    1.78000000e+04     4.45000000e+00     1.11556688e+03     2.99638224e+02     2.37670751e+02     1.28456944e+02   
    1.80000000e+04     4.50000000e+00     1.11554929e+03     3.00977693e+02     2.34696285e+02     1.24763722e+02   
    1.82000000e+04     4.55000000e+00     1.11554763e+03     3.00625892e+02     2.34026554e+02     1.23938685e+02   
    1.84000000e+04     4.60000000e+00     1.11554365e+03     3.02134855e+02     2.34589131e+02     1.25245602e+02   
    1.86000000e+04     4.65000000e+00     1.11555599e+03     3.01221499e+02     2.35658918e+02     1.27175903e+02   
    1.88000000e+04     4.70000000e+00     1.11556936e+03     3.02842024e+02     2.37074086e+02     1.27281826e+02   
    1.90000000e+04     4.75000000e+00     1.11557181e+03     3.01167580e+02     2.36414010e+02     1.27721427e+02   
    1.92000000e+04     4.80000000e+00     1.11556083e+03     3.01825781e+02     2.36402964e+02     1.26202575e+02   
    1.94000000e+04     4.85000000e+00     1.11556189e+03     3.02864268e+02     2.36351853e+02     1.26277668e+02   
    1.96000000e+04     4.90000000e+00     1.11554916e+03     3.01809146e+02     2.35799375e+02     1.24293981e+02   
    1.98000000e+04     4.95000000e+00     1.11555681e+03     3.04829560e+02     2.36543715e+02     1.23906182e+02   
    2.00000000e+04     5.00000000e+00     1.11556660e+03     3.00695965e+02     2.36918754e+02     1.25627798e+02   
    2.02000000e+04     5.05000000e+00     1.11555382e+03     3.02377391e+02     2.35923775e+02     1.23881611e+02   
    2.04000000e+04     5.10000000e+00     1.11556786e+03     3.04268197e+02     2.38013152e+02     1.26560342e+02   
    2.06000000e+04     5.15000000e+00     1.11555237e+03     3.03369730e+02     2.34846294e+02     1.22700513e+02   
    2.08000000e+04     5.20000000e+00     1.11556987e+03     3.04934414e+02     2.37528860e+02     1.25943237e+02   
    2.10000000e+04     5.25000000e+00     1.11557501e+03     3.01199120e+02     2.35853799e+02     1.24444449e+02   
    2.12000000e+04     5.30000000e+00     1.11558308e+03     3.01465830e+02     2.35027295e+02     1.24906164e+02   
    2.14000000e+04     5.35000000e+00     1.11558737e+03     3.01954043e+02     2.35084474e+02     1.24242533e+02   
    2.16000000e+04     5.40000000e+00     1.11558685e+03     3.00805438e+02     2.35105191e+02     1.26263286e+02   
    2.18000000e+04     5.45000000e+00     1.11559710e+03     3.01259467e+02     2.35963285e+02     1.25088723e+02   
    2.20000000e+04     5.50000000e+00     1.11559076e+03     3.00251909e+02     2.36096218e+02     1.26283185e+02   
    2.22000000e+04     5.55000000e+00     1.11559232e+03     3.02579825e+02     2.36089414e+02     1.24585041e+02   
    2.24000000e+04     5.60000000e+00     1.11559347e+03     2.99009719e+02     2.36585838e+02     1.25326631e+02   
    2.26000000e+04     5.65000000e+00     1.11560209e+03     2.96954494e+02     2.36981210e+02     1.26473777e+02   
    2.28000000e+04     5.70000000e+00     1.11560483e+03     3.00638891e+02     2.37765532e+02     1.28142834e+02   
    2.30000000e+04     5.75000000e+00     1.11560587e+03     3.03740541e+02     2.36970913e+02     1.28550301e+02   
    2.32000000e+04     5.80000000e+00     1.11561181e+03     3.00473734e+02     2.38128776e+02     1.28410583e+02   
    2.34000000e+04     5.85000000e+00     1.11559496e+03     3.02369961e+02     2.34936162e+02     1.25123865e+02   
    2.36000000e+04     5.90000000e+00     1.11559101e+03     3.04921601e+02     2.35969065e+02     1.24594641e+02   
    2.38000000e+04     5.95000000e+00     1.11557708e+03     2.98646644e+02     2.34126354e+02     1.23653038e+02   
    2.40000000e+04     6.00000000e+00     1.11557303e+03     3.02607012e+02     2.36134314e+02     1.24350362e+02   
    2.42000000e+04     6.05000000e+00     1.11558161e+03     3.02671194e+02     2.38149027e+02     1.26241091e+02   
    2.44000000e+04     6.10000000e+00     1.11559327e+03     3.01816528e+02     2.36478356e+02     1.26114345e+02   
    2.46000000e+04     6.15000000e+00     1.11560072e+03     3.00692272e+02     2.37970663e+02     1.26727154e+02   
    2.48000000e+04     6.20000000e+00     1.11560307e+03     3.01986951e+02     2.35946276e+02     1.23294892e+02   
    2.50000000e+04     6.25000000e+00     1.11561189e+03     3.00264188e+02     2.36910432e+02     1.27058401e+02   
    2.52000000e+04     6.30000000e+00     1.11559918e+03     2.99445845e+02     2.35232769e+02     1.24802750e+02   
    2.54000000e+04     6.35000000e+00     1.11559486e+03     2.96297843e+02     2.36145843e+02     1.25099399e+02   
    2.56000000e+04     6.40000000e+00     1.11559305e+03     3.00698111e+02     2.35542250e+02     1.23909757e+02   
    2.58000000e+04     6.45000000e+00     1.11559004e+03     3.00456518e+02     2.36367599e+02     1.23578094e+02   
    2.60000000e+04     6.50000000e+00     1.11559706e+03     3.00784192e+02     2.38854388e+02     1.27175329e+02   
    2.62000000e+04     6.55000000e+00     1.11558918e+03     2.98744302e+02     2.36456524e+02     1.25443340e+02   
    2.64000000e+04     6.60000000e+00     1.11558887e+03     2.98207066e+02     2.35761969e+02     1.25378022e+02   
    2.66000000e+04     6.65000000e+00     1.11560392e+03     3.00679847e+02     2.36572715e+02     1.23737988e+02   
    2.68000000e+04     6.70000000e+00     1.11561104e+03     3.03012568e+02     2.37839325e+02     1.25862676e+02   
    2.70000000e+04     6.75000000e+00     1.11562309e+03     2.97448852e+02     2.36422710e+02     1.26808883e+02   
    2.72000000e+04     6.80000000e+00     1.11563394e+03     2.99626290e+02     2.35882930e+02     1.26080905e+02   
    2.74000000e+04     6.85000000e+00     1.11564540e+03     2.98203615e+02     2.38952091e+02     1.27958853e+02   
    2.76000000e+04     6.90000000e+00     1.11561936e+03     2.98346700e+02     2.35448393e+02     1.23554755e+02   
    2.78000000e+04     6.95000000e+00     1.11562395e+03     2.99214898e+02     2.38229085e+02     1.26376949e+02   
    2.80000000e+04     7.00000000e+00     1.11561046e+03     2.99907754e+02     2.36908395e+02     1.26048209e+02   
    2.82000000e+04     7.05000000e+00     1.11560737e+03     2.97646704e+02     2.36178178e+02     1.24166675e+02   
    2.84000000e+04     7.10000000e+00     1.11559694e+03     2.99357981e+02     2.35659336e+02     1.23555183e+02   
    2.86000000e+04     7.15000000e+00     1.11559977e+03     3.02736593e+02     2.39640779e+02     1.27839184e+02   
    2.88000000e+04     7.20000000e+00     1.11557614e+03     3.03834148e+02     2.35387053e+02     1.23959830e+02   
    2.90000000e+04     7.25000000e+00     1.11556063e+03     3.00872602e+02     2.34948612e+02     1.23843098e+02   
    2.92000000e+04     7.30000000e+00     1.11556052e+03     2.99977424e+02     2.37160557e+02     1.27582719e+02   
    2.94000000e+04     7.35000000e+00     1.11555602e+03     2.98296624e+02     2.36846797e+02     1.26952444e+02   
    2.96000000e+04     7.40000000e+00     1.11555314e+03     3.02423857e+02     2.37355259e+02     1.26373174e+02   
    2.98000000e+04     7.45000000e+00     1.11553720e+03     3.02098594e+02     2.35288752e+02     1.23519129e+02   
    3.00000000e+04     7.50000000e+00     1.11553739e+03     3.02333490e+02     2.36498451e+02     1.24501728e+02   
    3.02000000e+04     7.55000000e+00     1.11552824e+03     3.04790283e+02     2.37101944e+02     1.25092430e+02   
    3.04000000e+04     7.60000000e+00     1.11552478e+03     3.01313812e+02     2.37523777e+02     1.25953690e+02   
    3.06000000e+04     7.65000000e+00     1.11552117e+03     3.00513585e+02     2.37630199e+02     1.26096366e+02   
    3.08000000e+04     7.70000000e+00     1.11552147e+03     3.03082467e+02     2.37818934e+02     1.25822927e+02   
    3.10000000e+04     7.75000000e+00     1.11552679e+03     3.02537812e+02     2.38210455e+02     1.25047702e+02   
    3.12000000e+04     7.80000000e+00     1.11551124e+03     3.01731358e+02     2.36438841e+02     1.25019081e+02   
    3.14000000e+04     7.85000000e+00     1.11551794e+03     2.99150048e+02     2.37116885e+02     1.25031990e+02   
    3.16000000e+04     7.90000000e+00     1.11551563e+03     3.04296616e+02     2.34271477e+02     1.22883133e+02   
    3.18000000e+04     7.95000000e+00     1.11552799e+03     3.02150914e+02     2.35986836e+02     1.23250889e+02   
    3.20000000e+04     8.00000000e+00     1.11553162e+03     3.06333984e+02     2.37055790e+02     1.23579877e+02   
    3.22000000e+04     8.05000000e+00     1.11553547e+03     3.01506885e+02     2.36670804e+02     1.22414607e+02   
    3.24000000e+04     8.10000000e+00     1.11554152e+03     3.01460734e+02     2.37406947e+02     1.24188090e+02   
    3.26000000e+04     8.15000000e+00     1.11554300e+03     3.00720541e+02     2.38561368e+02     1.24080987e+02   
    3.28000000e+04     8.20000000e+00     1.11553159e+03     3.04330055e+02     2.36367769e+02     1.21196335e+02   
    3.30000000e+04     8.25000000e+00     1.11553094e+03     3.00860548e+02     2.36081830e+02     1.21319681e+02   
    3.32000000e+04     8.30000000e+00     1.11552697e+03     3.02205477e+02     2.34898112e+02     1.20659359e+02   
    3.34000000e+04     8.35000000e+00     1.11553395e+03     3.01599141e+02     2.37069033e+02     1.23692553e+02   
    3.36000000e+04     8.40000000e+00     1.11553257e+03     2.98244364e+02     2.35460403e+02     1.22284463e+02   
    3.38000000e+04     8.45000000e+00     1.11552717e+03     2.99717312e+02     2.36778271e+02     1.23118070e+02   
    3.40000000e+04     8.50000000e+00     1.11551782e+03     3.01207364e+02     2.35020724e+02     1.21742088e+02   
    3.42000000e+04     8.55000000e+00     1.11550705e+03     2.99185599e+02     2.36231634e+02     1.19978377e+02   
    3.44000000e+04     8.60000000e+00     1.11549985e+03     3.00072204e+02     2.36317017e+02     1.21606773e+02   
    3.46000000e+04     8.65000000e+00     1.11550034e+03     3.01015692e+02     2.36246179e+02     1.20708219e+02   
    3.48000000e+04     8.70000000e+00     1.11550622e+03     2.99233940e+02     2.35700697e+02     1.21587455e+02   
    3.50000000e+04     8.75000000e+00     1.11551638e+03     2.99890471e+02     2.37335081e+02     1.23491754e+02   
    3.52000000e+04     8.80000000e+00     1.11550940e+03     3.00749620e+02     2.35717214e+02     1.21816261e+02   
    3.54000000e+04     8.85000000e+00     1.11553586e+03     3.00148474e+02     2.36779464e+02     1.23617389e+02   
    3.56000000e+04     8.90000000e+00     1.11554735e+03     2.98846235e+02     2.37295205e+02     1.24858036e+02   
    3.58000000e+04     8.95000000e+00     1.11554063e+03     3.01569430e+02     2.35312825e+02     1.23757236e+02   
    3.60000000e+04     9.00000000e+00     1.11555607e+03     3.00368964e+02     2.39300061e+02     1.26752611e+02   
    3.62000000e+04     9.05000000e+00     1.11554264e+03     3.02638289e+02     2.37497149e+02     1.23484700e+02   
    3.64000000e+04     9.10000000e+00     1.11553040e+03     3.02976396e+02     2.36231765e+02     1.22219408e+02   
    3.66000000e+04     9.15000000e+00     1.11554721e+03     3.00484321e+02     2.38475468e+02     1.26086281e+02   
    3.68000000e+04     9.20000000e+00     1.11554479e+03     2.99877287e+02     2.37779692e+02     1.24730634e+02   
    3.70000000e+04     9.25000000e+00     1.11554802e+03     2.99826163e+02     2.36600728e+02     1.24408339e+02   
    3.72000000e+04     9.30000000e+00     1.11553687e+03     3.01672277e+02     2.34187874e+02     1.21615477e+02   
    3.74000000e+04     9.35000000e+00     1.11555749e+03     3.03959082e+02     2.36324439e+02     1.25638894e+02   
    3.76000000e+04     9.40000000e+00     1.11553762e+03     3.03164984e+02     2.37268404e+02     1.24582117e+02   
    3.78000000e+04     9.45000000e+00     1.11552974e+03     2.99206348e+02     2.36160234e+02     1.25189028e+02   
    3.80000000e+04     9.50000000e+00     1.11552387e+03     3.05085636e+02     2.35644224e+02     1.23257807e+02   
    3.82000000e+04     9.55000000e+00     1.11552925e+03     3.00383659e+02     2.37234417e+02     1.27603003e+02   
    3.84000000e+04     9.60000000e+00     1.11552548e+03     3.00193916e+02     2.36641109e+02     1.28314260e+02   
    3.86000000e+04     9.65000000e+00     1.11552181e+03     3.02047247e+02     2.37007827e+02     1.26523856e+02   
    3.88000000e+04     9.70000000e+00     1.11551374e+03     3.01466623e+02     2.35573318e+02     1.25245895e+02   
    3.90000000e+04     9.75000000e+00     1.11552383e+03     3.03197947e+02     2.37267346e+02     1.27181590e+02   
    3.92000000e+04     9.80000000e+00     1.11551698e+03     2.98919363e+02     2.35933205e+02     1.25803094e+02   
    3.94000000e+04     9.85000000e+00     1.11551779e+03     2.99308470e+02     2.34871658e+02     1.25103038e+02   
    3.96000000e+04     9.90000000e+00     1.11553588e+03     3.04529311e+02     2.36477435e+02     1.26997782e+02   
    3.98000000e+04     9.95000000e+00     1.11554682e+03     2.98223034e+02     2.37174138e+02     1.28829598e+02   
    4.00000000e+04     1.00000000e+01     1.11556956e+03     2.99464811e+02     2.37451727e+02     1.29526178e+02   
    4.02000000e+04     1.00500000e+01     1.11556073e+03     3.02342272e+02     2.36495696e+02     1.26630118e+02   
    4.04000000e+04     1.01000000e+01     1.11555117e+03     3.01765600e+02     2.36618901e+02     1.25523327e+02   
    4.06000000e+04     1.01500000e+01     1.11556090e+03     3.00537074e+02     2.38494044e+02     1.28898012e+02   
    4.08000000e+04     1.02000000e+01     1.11555126e+03     2.99810235e+02     2.35425953e+02     1.25901160e+02   
    4.10000000e+04     1.02500000e+01     1.11555527e+03     3.01827149e+02     2.36767235e+02     1.26197281e+02   
    4.12000000e+04     1.03000000e+01     1.11556040e+03     3.02797841e+02     2.37386701e+02     1.26778991e+02   
    4.14000000e+04     1.03500000e+01     1.11554657e+03     3.00046893e+02     2.34728126e+02     1.23234988e+02   
    4.16000000e+04     1.04000000e+01     1.11555506e+03     2.99996277e+02     2.35931251e+02     1.25579448e+02   
    4.18000000e+04     1.04500000e+01     1.11556375e+03     3.00079848e+02     2.36708135e+02     1.26264201e+02   
    4.20000000e+04     1.05000000e+01     1.11557619e+03     2.99647235e+02     2.35652583e+02     1.26700533e+02   
    4.22000000e+04     1.05500000e+01     1.11558193e+03     3.01825443e+02     2.37256545e+02     1.29035696e+02   
    4.24000000e+04     1.06000000e+01     1.11556580e+03     3.02334827e+02     2.36280906e+02     1.26228442e+02   
    4.26000000e+04     1.06500000e+01     1.11556171e+03     3.02878435e+02     2.36386572e+02     1.24566040e+02   
    4.28000000e+04     1.07000000e+01     1.11556639e+03     3.00284693e+02     2.37756512e+02     1.26728540e+02   
    4.30000000e+04     1.07500000e+01     1.11556592e+03     2.97556955e+02     2.36590715e+02     1.24584055e+02   
    4.32000000e+04     1.08000000e+01     1.11556714e+03     3.01858944e+02     2.36395053e+02     1.25352903e+02   
    4.34000000e+04     1.08500000e+01     1.11555893e+03     3.02970097e+02     2.35375157e+02     1.23130193e+02   
    4.36000000e+04     1.09000000e+01     1.11556093e+03     3.03371179e+02     2.34737376e+02     1.23412197e+02   
    4.38000000e+04     1.09500000e+01     1.11556012e+03     2.99769482e+02     2.35977444e+02     1.25454523e+02   
    4.40000000e+04     1.10000000e+01     1.11556753e+03     3.01812987e+02     2.37064662e+02     1.25612171e+02   
    4.42000000e+04     1.10500000e+01     1.11557344e+03     3.01133124e+02     2.37383713e+02     1.26889908e+02   
    4.44000000e+04     1.11000000e+01     1.11556639e+03     3.01736603e+02     2.36379700e+02     1.25742011e+02   
    4.46000000e+04     1.11500000e+01     1.11554551e+03     2.98735242e+02     2.34286650e+02     1.23452155e+02   
    4.48000000e+04     1.12000000e+01     1.11553967e+03     2.98317363e+02     2.36976722e+02     1.26565335e+02   
    4.50000000e+04     1.12500000e+01     1.11551035e+03     2.99064508e+02     2.32366301e+02     1.18895396e+02   
    4.52000000e+04     1.13000000e+01     1.11551394e+03     3.02380662e+02     2.36267974e+02     1.23871829e+02   
    4.54000000e+04     1.13500000e+01     1.11551885e+03     3.00128768e+02     2.37680450e+02     1.25183435e+02   
    4.56000000e+04     1.14000000e+01     1.11550675e+03     3.00167637e+02     2.35535571e+02     1.24546443e+02   
    4.58000000e+04     1.14500000e+01     1.11552215e+03     3.00892493e+02     2.37278090e+02     1.25006046e+02   
    4.60000000e+04     1.15000000e+01     1.11552213e+03     2.99787365e+02     2.36825775e+02     1.26469152e+02   
    4.62000000e+04     1.15500000e+01     1.11552046e+03     2.98485451e+02     2.34606587e+02     1.23635541e+02   
    4.64000000e+04     1.16000000e+01     1.11552320e+03     3.01194018e+02     2.36486580e+02     1.25270082e+02   
    4.66000000e+04     1.16500000e+01     1.11552950e+03     3.02890406e+02     2.37731483e+02     1.27141810e+02   
    4.68000000e+04     1.17000000e+01     1.11553226e+03     3.01946100e+02     2.36656169e+02     1.24220813e+02   
    4.70000000e+04     1.17500000e+01     1.11553519e+03     2.98729005e+02     2.35297867e+02     1.24154749e+02   
    4.72000000e+04     1.18000000e+01     1.11554402e+03     3.01202184e+02     2.36314977e+02     1.24073115e+02   
    4.74000000e+04     1.18500000e+01     1.11554818e+03     3.02404688e+02     2.37002420e+02     1.24899879e+02   
    4.76000000e+04     1.19000000e+01     1.11555631e+03     3.00479233e+02     2.37407327e+02     1.25458887e+02   
    4.78000000e+04     1.19500000e+01     1.11555412e+03     3.02165679e+02     2.36076246e+02     1.24918489e+02   
    4.80000000e+04     1.20000000e+01     1.11555851e+03     3.01347689e+02     2.35052710e+02     1.22497640e+02   
    4.82000000e+04     1.20500000e+01     1.11557931e+03     3.02620233e+02     2.38103998e+02     1.26758964e+02   
    4.84000000e+04     1.21000000e+01     1.11558220e+03     2.97859327e+02     2.37430679e+02     1.24299012e+02   
    4.86000000e+04     1.21500000e+01     1.11559061e+03     3.02483207e+02     2.36669474e+02     1.25802864e+02   
    4.88000000e+04     1.22000000e+01     1.11558483e+03     3.04793812e+02     2.36156281e+02     1.23517819e+02   
    4.90000000e+04     1.22500000e+01     1.11558483e+03     3.03061575e+02     2.35140884e+02     1.22669128e+02   
    4.92000000e+04     1.23000000e+01     1.11559105e+03     2.98503863e+02     2.37118251e+02     1.24899428e+02   
    4.94000000e+04     1.23500000e+01     1.11558592e+03     3.01297923e+02     2.36157426e+02     1.24497944e+02   
    4.96000000e+04     1.24000000e+01     1.11559599e+03     3.00145546e+02     2.37760043e+02     1.24973716e+02   
    4.98000000e+04     1.24500000e+01     1.11558522e+03     2.99088698e+02     2.34857038e+02     1.22730853e+02   
    5.00000000e+04     1.25000000e+01     1.11559164e+03     2.99757059e+02     2.35307354e+02     1.21736831e+02   
    5.02000000e+04     1.25500000e+01     1.11559798e+03     2.99049707e+02     2.35903592e+02     1.24293840e+02   
    5.04000000e+04     1.26000000e+01     1.11562356e+03     3.02887704e+02     2.39049423e+02     1.27484878e+02   
    5.06000000e+04     1.26500000e+01     1.11561105e+03     2.96897180e+02     2.36382475e+02     1.26085278e+02   
    5.08000000e+04     1.27000000e+01     1.11561249e+03     3.02123700e+02     2.36988802e+02     1.25027277e+02   
    5.10000000e+04     1.27500000e+01     1.11561295e+03     3.00868119e+02     2.35095533e+02     1.22440059e+02   
    5.12000000e+04     1.28000000e+01     1.11561909e+03     2.99533265e+02     2.35773780e+02     1.24979581e+02   
    5.14000000e+04     1.28500000e+01     1.11561365e+03     3.01582042e+02     2.36268137e+02     1.23067122e+02   
    5.16000000e+04     1.29000000e+01     1.11560852e+03     3.02831405e+02     2.37207542e+02     1.26140850e+02   
    5.18000000e+04     1.29500000e+01     1.11559332e+03     3.01386757e+02     2.36294976e+02     1.23926692e+02   
    5.20000000e+04     1.30000000e+01     1.11559914e+03     2.99483316e+02     2.36928791e+02     1.25089376e+02   
    5.22000000e+04     1.30500000e+01     1.11559629e+03     2.99049356e+02     2.36611255e+02     1.25216213e+02   
    5.24000000e+04     1.31000000e+01     1.11560142e+03     2.97493453e+02     2.36871595e+02     1.27708353e+02   
    5.26000000e+04     1.31500000e+01     1.11561009e+03     2.97626072e+02     2.37114333e+02     1.27025619e+02   
    5.28000000e+04     1.32000000e+01     1.11560971e+03     3.00339578e+02     2.37567850e+02     1.28886883e+02   
    5.30000000e+04     1.32500000e+01     1.11558623e+03     3.00590214e+02     2.34560631e+02     1.23495504e+02   
    5.32000000e+04     1.33000000e+01     1.11558002e+03     3.04471568e+02     2.35928018e+02     1.24955724e+02   
    5.34000000e+04     1.33500000e+01     1.11557605e+03     3.01562645e+02     2.35934262e+02     1.25832753e+02   
    5.36000000e+04     1.34000000e+01     1.11557019e+03     3.01243163e+02     2.37530601e+02     1.27396905e+02   
    5.38000000e+04     1.34500000e+01     1.11556273e+03     3.00613021e+02     2.38571170e+02     1.28465475e+02   
    5.40000000e+04     1.35000000e+01     1.11554127e+03     3.01708820e+02     2.35939174e+02     1.24064718e+02   
    5.42000000e+04     1.35500000e+01     1.11555390e+03     3.02677003e+02     2.37196214e+02     1.26952906e+02   
    5.44000000e+04     1.36000000e+01     1.11555599e+03     2.98183499e+02     2.38056681e+02     1.27279713e+02   
    5.46000000e+04     1.36500000e+01     1.11554936e+03     3.01175350e+02     2.36395742e+02     1.26603738e+02   
    5.48000000e+04     1.37000000e+01     1.11554020e+03     3.03260903e+02     2.35945846e+02     1.24673498e+02   
    5.50000000e+04     1.37500000e+01     1.11552521e+03     3.00721189e+02     2.34540172e+02     1.24939132e+02   
    5.52000000e+04     1.38000000e+01     1.11551916e+03     2.98699794e+02     2.35613025e+02     1.24652640e+02   
    5.54000000e+04     1.38500000e+01     1.11552716e+03     3.01804972e+02     2.36025149e+02     1.25683837e+02   
    5.56000000e+04     1.39000000e+01     1.11551879e+03     3.03729256e+02     2.34078872e+02     1.23246972e+02   
    5.58000000e+04     1.39500000e+01     1.11551790e+03     3.02087808e+02     2.34824790e+02     1.23551459e+02   
    5.60000000e+04     1.40000000e+01     1.11551412e+03     2.99336310e+02     2.34020324e+02     1.23599501e+02   
    5.62000000e+04     1.40500000e+01     1.11551592e+03     3.00944389e+02     2.36296706e+02     1.24942888e+02   
    5.64000000e+04     1.41000000e+01     1.11551808e+03     3.01489108e+02     2.37387034e+02     1.25383193e+02   
    5.66000000e+04     1.41500000e+01     1.11552929e+03     3.03615304e+02     2.37361080e+02     1.25538997e+02   
    5.68000000e+04     1.42000000e+01     1.11553087e+03     3.02187400e+02     2.37844100e+02     1.25605020e+02   
    5.70000000e+04     1.42500000e+01     1.11551523e+03     3.04068823e+02     2.35935027e+02     1.23836376e+02   
    5.72000000e+04     1.43000000e+01     1.11552165e+03     3.00574297e+02     2.36367641e+02     1.24348473e+02   
    5.74000000e+04     1.43500000e+01     1.11552452e+03     3.00891912e+02     2.38241228e+02     1.24406483e+02   
    5.76000000e+04     1.44000000e+01     1.11553174e+03     2.97387396e+02     2.35840474e+02     1.24764513e+02   
    5.78000000e+04     1.44500000e+01     1.11554170e+03     3.01397972e+02     2.38548740e+02     1.27334376e+02   
    5.80000000e+04     1.45000000e+01     1.11554174e+03     2.99540701e+02     2.36014465e+02     1.24117418e+02   
    5.82000000e+04     1.45500000e+01     1.11555208e+03     3.03610847e+02     2.35839037e+02     1.22405175e+02   
    5.84000000e+04     1.46000000e+01     1.11556756e+03     3.00423192e+02     2.36644144e+02     1.24378752e+02   
    5.86000000e+04     1.46500000e+01     1.11557544e+03     2.98583807e+02     2.37358190e+02     1.25276162e+02   
    5.88000000e+04     1.47000000e+01     1.11558443e+03     3.00884799e+02     2.36132172e+02     1.25048639e+02   
    5.90000000e+04     1.47500000e+01     1.11559930e+03     3.00422154e+02     2.37328765e+02     1.25506126e+02   
    5.92000000e+04     1.48000000e+01     1.11559186e+03     3.01457032e+02     2.37027093e+02     1.24682285e+02   
    5.94000000e+04     1.48500000e+01     1.11559983e+03     3.01011417e+02     2.36399224e+02     1.24713482e+02   
    5.96000000e+04     1.49000000e+01     1.11558517e+03     3.00227135e+02     2.35730099e+02     1.23354382e+02   
    5.98000000e+04     1.49500000e+01     1.11559267e+03     3.01025537e+02     2.36414055e+02     1.25136838e+02   
    6.00000000e+04     1.50000000e+01     1.11559923e+03     3.01570325e+02     2.36947479e+02     1.25210520e+02   
    6.02000000e+04     1.50500000e+01     1.11558432e+03     2.99571565e+02     2.34812455e+02     1.22169358e+02   
    6.04000000e+04     1.51000000e+01     1.11560463e+03     3.00356011e+02     2.36620234e+02     1.24150872e+02   
    6.06000000e+04     1.51500000e+01     1.11560594e+03     2.99276689e+02     2.35888347e+02     1.23760017e+02   
    6.08000000e+04     1.52000000e+01     1.11560227e+03     3.00182182e+02     2.36455184e+02     1.23854429e+02   
    6.10000000e+04     1.52500000e+01     1.11560769e+03     3.01163147e+02     2.36927204e+02     1.23749503e+02   
    6.12000000e+04     1.53000000e+01     1.11558549e+03     3.03174303e+02     2.34963199e+02     1.22852217e+02   
    6.14000000e+04     1.53500000e+01     1.11558464e+03     2.98204981e+02     2.35289506e+02     1.23661767e+02   
    6.16000000e+04     1.54000000e+01     1.11559113e+03     2.99440582e+02     2.35520439e+02     1.24386990e+02   
    6.18000000e+04     1.54500000e+01     1.11560388e+03     3.03096297e+02     2.34951953e+02     1.22443118e+02   
    6.20000000e+04     1.55000000e+01     1.11562655e+03     3.02144003e+02     2.34333475e+02     1.21957827e+02   
    6.22000000e+04     1.55500000e+01     1.11564586e+03     3.04518569e+02     2.38082071e+02     1.25680974e+02   
    6.24000000e+04     1.56000000e+01     1.11565024e+03     3.01958406e+02     2.36503343e+02     1.24133057e+02   
    6.26000000e+04     1.56500000e+01     1.11566201e+03     3.00511699e+02     2.37613744e+02     1.24693255e+02   
    6.28000000e+04     1.57000000e+01     1.11566607e+03     3.00985029e+02     2.36463557e+02     1.25367784e+02   
    6.30000000e+04     1.57500000e+01     1.11565489e+03     2.98055391e+02     2.35811886e+02     1.23568796e+02   
    6.32000000e+04     1.58000000e+01     1.11564679e+03     2.98452771e+02     2.35312424e+02     1.24538545e+02   
    6.34000000e+04     1.58500000e+01     1.11563661e+03     2.99569858e+02     2.36173788e+02     1.22221097e+02   
    6.36000000e+04     1.59000000e+01     1.11565726e+03     2.99920862e+02     2.38253549e+02     1.25856859e+02   
    6.38000000e+04     1.59500000e+01     1.11564973e+03     3.02035855e+02     2.33981984e+02     1.20518187e+02   
    6.40000000e+04     1.60000000e+01     1.11565562e+03     3.01700420e+02     2.36605415e+02     1.23948762e+02   
    6.42000000e+04     1.60500000e+01     1.11566003e+03     2.97534402e+02     2.36678916e+02     1.25678514e+02   
    6.44000000e+04     1.61000000e+01     1.11566590e+03     3.03008873e+02     2.36948229e+02     1.24510720e+02   
    6.46000000e+04     1.61500000e+01     1.11566926e+03     3.01259620e+02     2.36815627e+02     1.25174998e+02   
    6.48000000e+04     1.62000000e+01     1.11567284e+03     3.01566926e+02     2.34981272e+02     1.22577891e+02   
    6.50000000e+04     1.62500000e+01     1.11567446e+03     3.01532999e+02     2.37558188e+02     1.25504645e+02   
    6.52000000e+04     1.63000000e+01     1.11566017e+03     2.99466486e+02     2.37928655e+02     1.26445489e+02   
    6.54000000e+04     1.63500000e+01     1.11565010e+03     2.99689759e+02     2.38829180e+02     1.27504101e+02   
    6.56000000e+04     1.64000000e+01     1.11563643e+03     2.96863441e+02     2.36792908e+02     1.25014726e+02   
    6.58000000e+04     1.64500000e+01     1.11562664e+03     3.02838570e+02     2.36906020e+02     1.25054123e+02   
    6.60000000e+04     1.65000000e+01     1.11562477e+03     2.98471747e+02     2.35828485e+02     1.25053682e+02   
    6.62000000e+04     1.65500000e+01     1.11563833e+03     3.01634664e+02     2.37885740e+02     1.27141418e+02   
    6.64000000e+04     1.66000000e+01     1.11562833e+03     3.02590715e+02     2.34321603e+02     1.22769509e+02   
    6.66000000e+04     1.66500000e+01     1.11564550e+03     3.03767883e+02     2.35461756e+02     1.24999957e+02   
    6.68000000e+04     1.67000000e+01     1.11564780e+03     3.00402044e+02     2.38167598e+02     1.28274258e+02   
    6.70000000e+04     1.67500000e+01     1.11563123e+03     2.99649809e+02     2.34301272e+02     1.24563826e+02   
    6.72000000e+04     1.68000000e+01     1.11564452e+03     3.00635391e+02     2.37392657e+02     1.28128506e+02   
    6.74000000e+04     1.68500000e+01     1.11563078e+03     3.00132831e+02     2.35393603e+02     1.25397222e+02   
    6.76000000e+04     1.69000000e+01     1.11563344e+03     3.01323146e+02     2.35146261e+02     1.25086784e+02   
    6.78000000e+04     1.69500000e+01     1.11565267e+03     3.01789411e+02     2.35142678e+02     1.25279644e+02   
    6.80000000e+04     1.70000000e+01     1.11567381e+03     3.00877139e+02     2.35140171e+02     1.24928650e+02   
    6.82000000e+04     1.70500000e+01     1.11568399e+03     2.99721967e+02     2.35616721e+02     1.25478120e+02   
    6.84000000e+04     1.71000000e+01     1.11568323e+03     3.02195144e+02     2.36572060e+02     1.26720257e+02   
    6.86000000e+04     1.71500000e+01     1.11567402e+03     3.01645664e+02     2.36584778e+02     1.27451627e+02   
    6.88000000e+04     1.72000000e+01     1.11565654e+03     3.03546483e+02     2.34845635e+02     1.24691874e+02   
    6.90000000e+04     1.72500000e+01     1.11565043e+03     3.05740352e+02     2.35858459e+02     1.25398448e+02   
    6.92000000e+04     1.73000000e+01     1.11566006e+03     3.00987153e+02     2.35425122e+02     1.24583277e+02   
    6.94000000e+04     1.73500000e+01     1.11567215e+03     2.99629983e+02     2.36720300e+02     1.25158847e+02   
    6.96000000e+04     1.74000000e+01     1.11567730e+03     3.02435945e+02     2.36054740e+02     1.25130850e+02   
    6.98000000e+04     1.74500000e+01     1.11568026e+03     2.99539934e+02     2.36292653e+02     1.26269166e+02   
    7.00000000e+04     1.75000000e+01     1.11570014e+03     2.98348981e+02     2.36439886e+02     1.27676795e+02   
    7.02000000e+04     1.75500000e+01     1.11569619e+03     3.00050086e+02     2.35641050e+02     1.25204222e+02   
    7.04000000e+04     1.76000000e+01     1.11570185e+03     3.00356583e+02     2.36375120e+02     1.25793295e+02   
    7.06000000e+04     1.76500000e+01     1.11571139e+03     3.01617371e+02     2.36009607e+02     1.26239822e+02   
    7.08000000e+04     1.77000000e+01     1.11571083e+03     3.02727997e+02     2.33937628e+02     1.21031413e+02   
    7.10000000e+04     1.77500000e+01     1.11570816e+03     2.98706069e+02     2.33887309e+02     1.22944141e+02   
    7.12000000e+04     1.78000000e+01     1.11572151e+03     3.03005729e+02     2.38831790e+02     1.25963388e+02   
    7.14000000e+04     1.78500000e+01     1.11571945e+03     3.00743540e+02     2.36965444e+02     1.25919059e+02   
    7.16000000e+04     1.79000000e+01     1.11570987e+03     3.04519622e+02     2.37723522e+02     1.26736495e+02   
    7.18000000e+04     1.79500000e+01     1.11570134e+03     3.00612915e+02     2.34908018e+02     1.23284077e+02   
    7.20000000e+04     1.80000000e+01     1.11569587e+03     3.01754221e+02     2.35501734e+02     1.22502803e+02   
    7.22000000e+04     1.80500000e+01     1.11569973e+03     2.99586290e+02     2.36514188e+02     1.25550858e+02   
    7.24000000e+04     1.81000000e+01     1.11570309e+03     3.00440642e+02     2.37486240e+02     1.26139262e+02   
    7.26000000e+04     1.81500000e+01     1.11571090e+03     3.00244317e+02     2.36584454e+02     1.26069763e+02   
    7.28000000e+04     1.82000000e+01     1.11572384e+03     3.01143858e+02     2.36351830e+02     1.24570755e+02   
    7.30000000e+04     1.82500000e+01     1.11570485e+03     3.02124855e+02     2.32817460e+02     1.21853123e+02   
    7.32000000e+04     1.83000000e+01     1.11572599e+03     3.00148981e+02     2.35935024e+02     1.24490648e+02   
    7.34000000e+04     1.83500000e+01     1.11572898e+03     2.99411054e+02     2.35709370e+02     1.26300332e+02   
    7.36000000e+04     1.84000000e+01     1.11573537e+03     3.02685923e+02     2.34946160e+02     1.24598024e+02   
    7.38000000e+04     1.84500000e+01     1.11574352e+03     3.02741755e+02     2.35427498e+02     1.25833712e+02   
    7.40000000e+04     1.85000000e+01     1.11574856e+03     3.00191984e+02     2.35131831e+02     1.24840626e+02   
    7.42000000e+04     1.85500000e+01     1.11575497e+03     3.01844324e+02     2.36600222e+02     1.27057976e+02   
    7.44000000e+04     1.86000000e+01     1.11576508e+03     3.03246633e+02     2.37827082e+02     1.26620994e+02   
    7.46000000e+04     1.86500000e+01     1.11576261e+03     3.00583707e+02     2.36599388e+02     1.24175227e+02   
    7.48000000e+04     1.87000000e+01     1.11577685e+03     3.02205068e+02     2.39075136e+02     1.26556378e+02   
    7.50000000e+04     1.87500000e+01     1.11576738e+03     2.98345920e+02     2.36917907e+02     1.25247880e+02   
    7.52000000e+04     1.88000000e+01     1.11577882e+03     3.02292274e+02     2.37201813e+02     1.26883473e+02   
    7.54000000e+04     1.88500000e+01     1.11578608e+03     3.01510471e+02     2.34829267e+02     1.24584461e+02   
    7.56000000e+04     1.89000000e+01     1.11578926e+03     2.98456465e+02     2.35691528e+02     1.24847893e+02   
    7.58000000e+04     1.89500000e+01     1.11578524e+03     2.99191460e+02     2.34975658e+02     1.23628598e+02   
    7.60000000e+04     1.90000000e+01     1.11578499e+03     3.01170778e+02     2.35973839e+02     1.25466366e+02   
    7.62000000e+04     1.90500000e+01     1.11579004e+03     3.03402814e+02     2.35504828e+02     1.24539981e+02   
    7.64000000e+04     1.91000000e+01     1.11579595e+03     2.98687965e+02     2.37553102e+02     1.25863299e+02   
    7.66000000e+04     1.91500000e+01     1.11578380e+03     3.02053039e+02     2.37182096e+02     1.27640391e+02   
    7.68000000e+04     1.92000000e+01     1.11577460e+03     3.01725430e+02     2.35877540e+02     1.25578059e+02   
    7.70000000e+04     1.92500000e+01     1.11577460e+03     3.00148471e+02     2.35290903e+02     1.26259268e+02   
    7.72000000e+04     1.93000000e+01     1.11578061e+03     3.02904042e+02     2.35930617e+02     1.25181389e+02   
    7.74000000e+04     1.93500000e+01     1.11579944e+03     2.99220589e+02     2.37852357e+02     1.29331585e+02   
    7.76000000e+04     1.94000000e+01     1.11579481e+03     2.96704086e+02     2.34554643e+02     1.26846035e+02   
    7.78000000e+04     1.94500000e+01     1.11580484e+03     3.02887519e+02     2.36816457e+02     1.27125294e+02   
    7.80000000e+04     1.95000000e+01     1.11582040e+03     3.01258159e+02     2.36682716e+02     1.28360458e+02   
    7.82000000e+04     1.95500000e+01     1.11581672e+03     3.01618249e+02     2.35263147e+02     1.25798521e+02   
    7.84000000e+04     1.96000000e+01     1.11582762e+03     2.99512676e+02     2.36429128e+02     1.28202570e+02   
    7.86000000e+04     1.96500000e+01     1.11582926e+03     3.00228587e+02     2.37211237e+02     1.26236491e+02   
    7.88000000e+04     1.97000000e+01     1.11582794e+03     3.00402132e+02     2.35492602e+02     1.27366686e+02   
    7.90000000e+04     1.97500000e+01     1.11582204e+03     3.02537832e+02     2.36227930e+02     1.25262613e+02   
    7.92000000e+04     1.98000000e+01     1.11582476e+03     2.97546403e+02     2.37355935e+02     1.27469061e+02   
    7.94000000e+04     1.98500000e+01     1.11581803e+03     3.00687288e+02     2.37269531e+02     1.26192657e+02   
    7.96000000e+04     1.99000000e+01     1.11581445e+03     2.99847020e+02     2.37529131e+02     1.26607091e+02   
    7.98000000e+04     1.99500000e+01     1.11580733e+03     3.02218965e+02     2.36584634e+02     1.26069504e+02   
    8.00000000e+04     2.00000000e+01     1.11580757e+03     2.98538926e+02     2.35886406e+02     1.26127276e+02   
