# column   1     --> step : The current simulation time step.
# column   2     --> time{picosecond} : The elapsed simulation time.
# column   3     --> conserved{electronvolt} : The value of the conserved energy quantity per bead.
# column   4     --> temperature{kelvin} : The current temperature, as obtained from the MD kinetic energy.
# column   5     --> kinetic_cv{electronvolt} : The centroid-virial quantum kinetic energy of the physical system.
# column   6     --> potential{electronvolt} : The physical system potential energy.
    0.00000000e+00     0.00000000e+00     1.11528619e+03     3.04273373e+02     2.36130545e+02     1.25970443e+02   
    2.00000000e+02     5.00000000e-02     1.11528101e+03     2.98260491e+02     2.37110285e+02     1.26427093e+02   
    4.00000000e+02     1.00000000e-01     1.11527195e+03     3.03949550e+02     2.36186697e+02     1.22520846e+02   
    6.00000000e+02     1.50000000e-01     1.11527116e+03     3.02135271e+02     2.33654462e+02     1.20589140e+02   
    8.00000000e+02     2.00000000e-01     1.11529438e+03     3.01316283e+02     2.35549721e+02     1.24204067e+02   
    1.00000000e+03     2.50000000e-01     1.11531126e+03     3.05624956e+02     2.36044188e+02     1.22628953e+02   
    1.20000000e+03     3.00000000e-01     1.11531890e+03     3.01023249e+02     2.35928893e+02     1.22688611e+02   
    1.40000000e+03     3.50000000e-01     1.11533326e+03     3.03247525e+02     2.36987376e+02     1.23905512e+02   
    1.60000000e+03     4.00000000e-01     1.11533437e+03     3.00196963e+02     2.35750925e+02     1.23310226e+02   
    1.80000000e+03     4.50000000e-01     1.11534044e+03     3.00856482e+02     2.35789753e+02     1.22971733e+02   
    2.00000000e+03     5.00000000e-01     1.11534381e+03     3.00095915e+02     2.35887226e+02     1.23932463e+02   
    2.20000000e+03     5.50000000e-01     1.11534901e+03     2.96781003e+02     2.37685121e+02     1.25426817e+02   
    2.40000000e+03     6.00000000e-01     1.11534191e+03     3.02067610e+02     2.37106993e+02     1.24847304e+02   
    2.60000000e+03     6.50000000e-01     1.11533384e+03     3.01594385e+02     2.36219948e+02     1.21851544e+02   
    2.80000000e+03     7.00000000e-01     1.11534087e+03     3.04513116e+02     2.37220915e+02     1.24499039e+02   
    3.00000000e+03     7.50000000e-01     1.11534943e+03     2.99821365e+02     2.36951609e+02     1.24032109e+02   
    3.20000000e+03     8.00000000e-01     1.11535045e+03     3.01107997e+02     2.35253233e+02     1.23167775e+02   
    3.40000000e+03     8.50000000e-01     1.11537079e+03     3.00750878e+02     2.37118902e+02     1.26229813e+02   
    3.60000000e+03     9.00000000e-01     1.11537901e+03     2.99641588e+02     2.34943525e+02     1.23766642e+02   
    3.80000000e+03     9.50000000e-01     1.11540178e+03     3.01633496e+02     2.37217379e+02     1.26969214e+02   
    4.00000000e+03     1.00000000e+00     1.11540450e+03     3.00401026e+02     2.36317952e+02     1.25570360e+02   
    4.20000000e+03     1.05000000e+00     1.11541101e+03     2.99602037e+02     2.36872131e+02     1.26243928e+02   
    4.40000000e+03     1.10000000e+00     1.11539949e+03     2.98483581e+02     2.35207303e+02     1.24642700e+02   
    4.60000000e+03     1.15000000e+00     1.11539412e+03     3.00991386e+02     2.34500251e+02     1.22520742e+02   
    4.80000000e+03     1.20000000e+00     1.11539366e+03     3.01256153e+02     2.36967636e+02     1.23734827e+02   
    5.00000000e+03     1.25000000e+00     1.11539400e+03     3.01377849e+02     2.35338674e+02     1.23003887e+02   
    5.20000000e+03     1.30000000e+00     1.11540728e+03     3.02346066e+02     2.35817496e+02     1.23951801e+02   
    5.40000000e+03     1.35000000e+00     1.11541783e+03     3.02928448e+02     2.36569019e+02     1.25851353e+02   
    5.60000000e+03     1.40000000e+00     1.11541777e+03     3.02352337e+02     2.36187552e+02     1.25621853e+02   
    5.80000000e+03     1.45000000e+00     1.11541004e+03     2.97993763e+02     2.35289964e+02     1.26027140e+02   
    6.00000000e+03     1.50000000e+00     1.11542334e+03     3.01530561e+02     2.38284636e+02     1.27778106e+02   
    6.20000000e+03     1.55000000e+00     1.11543259e+03     2.96519596e+02     2.38637139e+02     1.27421277e+02   
    6.40000000e+03     1.60000000e+00     1.11543208e+03     3.00809723e+02     2.35689562e+02     1.23578577e+02   
    6.60000000e+03     1.65000000e+00     1.11543401e+03     3.00337163e+02     2.35204236e+02     1.22313248e+02   
    6.80000000e+03     1.70000000e+00     1.11544537e+03     3.00425751e+02     2.36572648e+02     1.24106396e+02   
    7.00000000e+03     1.75000000e+00     1.11544795e+03     3.00919486e+02     2.35426894e+02     1.22670325e+02   
    7.20000000e+03     1.80000000e+00     1.11545227e+03     2.99774363e+02     2.35585289e+02     1.24773330e+02   
    7.40000000e+03     1.85000000e+00     1.11546849e+03     2.96593013e+02     2.38564760e+02     1.28230160e+02   
    7.60000000e+03     1.90000000e+00     1.11545319e+03     3.02101642e+02     2.34124252e+02     1.23047494e+02   
    7.80000000e+03     1.95000000e+00     1.11546159e+03     3.01964309e+02     2.36421842e+02     1.24848042e+02   
    8.00000000e+03     2.00000000e+00     1.11545460e+03     3.00858518e+02     2.35740720e+02     1.24489094e+02   
    8.20000000e+03     2.05000000e+00     1.11544923e+03     2.96983120e+02     2.36963617e+02     1.25994172e+02   
    8.40000000e+03     2.10000000e+00     1.11544612e+03     3.01290121e+02     2.36043933e+02     1.25462114e+02   
    8.60000000e+03     2.15000000e+00     1.11543464e+03     2.98598286e+02     2.35582355e+02     1.24257223e+02   
    8.80000000e+03     2.20000000e+00     1.11542849e+03     2.97201423e+02     2.36916065e+02     1.25402051e+02   
    9.00000000e+03     2.25000000e+00     1.11542928e+03     2.99464016e+02     2.35262363e+02     1.24609545e+02   
    9.20000000e+03     2.30000000e+00     1.11544224e+03     3.02268713e+02     2.35660332e+02     1.25759332e+02   
    9.40000000e+03     2.35000000e+00     1.11544711e+03     3.01253054e+02     2.36605743e+02     1.25200808e+02   
    9.60000000e+03     2.40000000e+00     1.11544381e+03     3.00705832e+02     2.35963773e+02     1.24206162e+02   
    9.80000000e+03     2.45000000e+00     1.11542919e+03     3.01719035e+02     2.34146311e+02     1.24382618e+02   
    1.00000000e+04     2.50000000e+00     1.11542369e+03     2.99471765e+02     2.34383156e+02     1.24983190e+02   
    1.02000000e+04     2.55000000e+00     1.11544178e+03     2.98152379e+02     2.38977510e+02     1.30222788e+02   
    1.04000000e+04     2.60000000e+00     1.11544301e+03     2.98406638e+02     2.38586599e+02     1.30504750e+02   
    1.06000000e+04     2.65000000e+00     1.11544450e+03     3.02919065e+02     2.36415476e+02     1.27853866e+02   
    1.08000000e+04     2.70000000e+00     1.11545266e+03     2.96934798e+02     2.36420949e+02     1.27947842e+02   
    1.10000000e+04     2.75000000e+00     1.11546457e+03     3.03527980e+02     2.38209501e+02     1.27986198e+02   
    1.12000000e+04     2.80000000e+00     1.11546662e+03     2.99036394e+02     2.37871306e+02     1.28562911e+02   
    1.14000000e+04     2.85000000e+00     1.11546326e+03     3.04371259e+02     2.36652513e+02     1.26898369e+02   
    1.16000000e+04     2.90000000e+00     1.11545288e+03     3.01315742e+02     2.36590265e+02     1.27465298e+02   
    1.18000000e+04     2.95000000e+00     1.11545692e+03     2.98421248e+02     2.37506501e+02     1.26892440e+02   
    1.20000000e+04     3.00000000e+00     1.11544353e+03     3.00958330e+02     2.34130704e+02     1.23452996e+02   
    1.22000000e+04     3.05000000e+00     1.11544396e+03     3.00772466e+02     2.35495444e+02     1.23981479e+02   
    1.24000000e+04     3.10000000e+00     1.11545102e+03     3.02839928e+02     2.35081257e+02     1.25020366e+02   
    1.26000000e+04     3.15000000e+00     1.11545191e+03     3.01277070e+02     2.35577634e+02     1.25380171e+02   
    1.28000000e+04     3.20000000e+00     1.11544903e+03     2.97008427e+02     2.36612216e+02     1.26548732e+02   
    1.30000000e+04     3.25000000e+00     1.11544059e+03     3.01213798e+02     2.36668366e+02     1.24856780e+02   
    1.32000000e+04     3.30000000e+00     1.11544080e+03     2.99184835e+02     2.36697351e+02     1.26012576e+02   
    1.34000000e+04     3.35000000e+00     1.11544178e+03     2.98232442e+02     2.37254519e+02     1.25723531e+02   
    1.36000000e+04     3.40000000e+00     1.11543778e+03     3.01526263e+02     2.35673494e+02     1.23796911e+02   
    1.38000000e+04     3.45000000e+00     1.11543433e+03     3.04128954e+02     2.36634335e+02     1.24586852e+02   
    1.40000000e+04     3.50000000e+00     1.11541389e+03     3.01808653e+02     2.34989349e+02     1.24111946e+02   
    1.42000000e+04     3.55000000e+00     1.11541037e+03     3.01955368e+02     2.34379455e+02     1.23811689e+02   
    1.44000000e+04     3.60000000e+00     1.11541573e+03     2.98941047e+02     2.35006145e+02     1.24122433e+02   
    1.46000000e+04     3.65000000e+00     1.11543422e+03     2.99052723e+02     2.36318506e+02     1.26876201e+02   
    1.48000000e+04     3.70000000e+00     1.11543114e+03     3.00656563e+02     2.36648457e+02     1.26404076e+02   
    1.50000000e+04     3.75000000e+00     1.11542251e+03     3.01533138e+02     2.35540308e+02     1.26191397e+02   
    1.52000000e+04     3.80000000e+00     1.11541501e+03     3.00168434e+02     2.35927072e+02     1.24225263e+02   
    1.54000000e+04     3.85000000e+00     1.11540908e+03     2.99862464e+02     2.36822543e+02     1.25353511e+02   
    1.56000000e+04     3.90000000e+00     1.11539102e+03     3.01886203e+02     2.33039941e+02     1.21397755e+02   
    1.58000000e+04     3.95000000e+00     1.11541034e+03     2.99279691e+02     2.37168110e+02     1.26615123e+02   
    1.60000000e+04     4.00000000e+00     1.11541746e+03     3.00286603e+02     2.37180854e+02     1.25365747e+02   
    1.62000000e+04     4.05000000e+00     1.11542963e+03     2.98672708e+02     2.36088580e+02     1.24927825e+02   
    1.64000000e+04     4.10000000e+00     1.11543880e+03     3.02703710e+02     2.36453660e+02     1.24358882e+02   
    1.66000000e+04     4.15000000e+00     1.11543903e+03     2.98310423e+02     2.34435448e+02     1.25002777e+02   
    1.68000000e+04     4.20000000e+00     1.11545546e+03     2.97581843e+02     2.35104665e+02     1.25847403e+02   
    1.70000000e+04     4.25000000e+00     1.11546630e+03     2.94581896e+02     2.37623769e+02     1.28004879e+02   
    1.72000000e+04     4.30000000e+00     1.11546305e+03     2.98486801e+02     2.35797174e+02     1.25684955e+02   
    1.74000000e+04     4.35000000e+00     1.11545985e+03     2.99074345e+02     2.35268809e+02     1.24212919e+02   
    1.76000000e+04     4.40000000e+00     1.11547324e+03     2.99729368e+02     2.36641040e+02     1.26751353e+02   
    1.78000000e+04     4.45000000e+00     1.11548378e+03     3.01719273e+02     2.34815605e+02     1.24451948e+02   
    1.80000000e+04     4.50000000e+00     1.11549791e+03     2.99680438e+02     2.37365947e+02     1.26281398e+02   
    1.82000000e+04     4.55000000e+00     1.11548723e+03     3.00750819e+02     2.35279800e+02     1.23991993e+02   
    1.84000000e+04     4.60000000e+00     1.11548680e+03     3.01776515e+02     2.34611606e+02     1.23635420e+02   
    1.86000000e+04     4.65000000e+00     1.11549444e+03     3.02220665e+02     2.35642420e+02     1.26092388e+02   
    1.88000000e+04     4.70000000e+00     1.11548987e+03     3.04433907e+02     2.33994336e+02     1.24392693e+02   
    1.90000000e+04     4.75000000e+00     1.11550859e+03     3.01455895e+02     2.38438979e+02     1.29872262e+02   
    1.92000000e+04     4.80000000e+00     1.11549484e+03     3.04694958e+02     2.35440439e+02     1.24481559e+02   
    1.94000000e+04     4.85000000e+00     1.11550006e+03     3.03217519e+02     2.36038330e+02     1.25249580e+02   
    1.96000000e+04     4.90000000e+00     1.11549936e+03     3.03892376e+02     2.35727885e+02     1.24753642e+02   
    1.98000000e+04     4.95000000e+00     1.11550759e+03     3.05173269e+02     2.36659522e+02     1.27115811e+02   
    2.00000000e+04     5.00000000e+00     1.11552063e+03     3.01158003e+02     2.37589102e+02     1.27721536e+02   
    2.02000000e+04     5.05000000e+00     1.11551076e+03     3.03054305e+02     2.35325690e+02     1.26001881e+02   
    2.04000000e+04     5.10000000e+00     1.11552612e+03     3.05405741e+02     2.36646343e+02     1.25897902e+02   
    2.06000000e+04     5.15000000e+00     1.11552660e+03     3.02086768e+02     2.35155159e+02     1.26307835e+02   
    2.08000000e+04     5.20000000e+00     1.11554472e+03     3.04657112e+02     2.36729943e+02     1.25929868e+02   
    2.10000000e+04     5.25000000e+00     1.11554761e+03     3.01638082e+02     2.35233558e+02     1.25107571e+02   
    2.12000000e+04     5.30000000e+00     1.11554032e+03     3.02865159e+02     2.35211557e+02     1.22922058e+02   
    2.14000000e+04     5.35000000e+00     1.11556253e+03     3.04052796e+02     2.37025333e+02     1.25214303e+02   
    2.16000000e+04     5.40000000e+00     1.11556415e+03     3.02719347e+02     2.36515825e+02     1.25180083e+02   
    2.18000000e+04     5.45000000e+00     1.11556874e+03     3.01277623e+02     2.37217000e+02     1.25976906e+02   
    2.20000000e+04     5.50000000e+00     1.11556046e+03     3.01600468e+02     2.32878043e+02     1.23374052e+02   
    2.22000000e+04     5.55000000e+00     1.11556826e+03     3.03355203e+02     2.36250784e+02     1.25750675e+02   
    2.24000000e+04     5.60000000e+00     1.11555961e+03     3.00897729e+02     2.34579356e+02     1.25000467e+02   
    2.26000000e+04     5.65000000e+00     1.11557061e+03     2.96714171e+02     2.36820608e+02     1.27577857e+02   
    2.28000000e+04     5.70000000e+00     1.11557267e+03     3.02226700e+02     2.37345420e+02     1.28304009e+02   
    2.30000000e+04     5.75000000e+00     1.11557249e+03     3.03044835e+02     2.37859947e+02     1.29482731e+02   
    2.32000000e+04     5.80000000e+00     1.11556843e+03     3.01489409e+02     2.37647622e+02     1.27299235e+02   
    2.34000000e+04     5.85000000e+00     1.11555022e+03     3.02365729e+02     2.34781413e+02     1.26127853e+02   
    2.36000000e+04     5.90000000e+00     1.11555220e+03     3.04698814e+02     2.36778389e+02     1.25934102e+02   
    2.38000000e+04     5.95000000e+00     1.11554985e+03     2.98314231e+02     2.35781808e+02     1.24801554e+02   
    2.40000000e+04     6.00000000e+00     1.11555664e+03     3.01979668e+02     2.37415629e+02     1.26703690e+02   
    2.42000000e+04     6.05000000e+00     1.11556054e+03     3.02811499e+02     2.34872359e+02     1.25302372e+02   
    2.44000000e+04     6.10000000e+00     1.11556011e+03     3.03475280e+02     2.33729614e+02     1.22678024e+02   
    2.46000000e+04     6.15000000e+00     1.11558041e+03     2.99927145e+02     2.36817457e+02     1.26571919e+02   
    2.48000000e+04     6.20000000e+00     1.11558619e+03     3.01325607e+02     2.37181191e+02     1.25470062e+02   
    2.50000000e+04     6.25000000e+00     1.11560341e+03     3.00601249e+02     2.36300042e+02     1.26624525e+02   
    2.52000000e+04     6.30000000e+00     1.11559757e+03     2.99778977e+02     2.35746201e+02     1.24524723e+02   
    2.54000000e+04     6.35000000e+00     1.11560584e+03     2.96422886e+02     2.36356839e+02     1.26685923e+02   
    2.56000000e+04     6.40000000e+00     1.11560969e+03     3.02052071e+02     2.36087132e+02     1.25888254e+02   
    2.58000000e+04     6.45000000e+00     1.11561544e+03     3.00907894e+02     2.36193100e+02     1.25064304e+02   
    2.60000000e+04     6.50000000e+00     1.11562541e+03     3.00321813e+02     2.37295468e+02     1.26760904e+02   
    2.62000000e+04     6.55000000e+00     1.11562589e+03     2.99645799e+02     2.37644397e+02     1.26186892e+02   
    2.64000000e+04     6.60000000e+00     1.11562371e+03     2.98383749e+02     2.35939653e+02     1.25238456e+02   
    2.66000000e+04     6.65000000e+00     1.11563359e+03     3.00237926e+02     2.36861665e+02     1.26789152e+02   
    2.68000000e+04     6.70000000e+00     1.11563432e+03     3.04032050e+02     2.35907545e+02     1.25046515e+02   
    2.70000000e+04     6.75000000e+00     1.11565135e+03     2.99111718e+02     2.36978498e+02     1.27811598e+02   
    2.72000000e+04     6.80000000e+00     1.11565301e+03     3.00457263e+02     2.36272738e+02     1.26448954e+02   
    2.74000000e+04     6.85000000e+00     1.11564977e+03     2.97698932e+02     2.36624135e+02     1.28631470e+02   
    2.76000000e+04     6.90000000e+00     1.11564269e+03     2.99969804e+02     2.37088585e+02     1.26368592e+02   
    2.78000000e+04     6.95000000e+00     1.11564587e+03     2.98886642e+02     2.37866489e+02     1.28592981e+02   
    2.80000000e+04     7.00000000e+00     1.11563041e+03     3.01441738e+02     2.35458161e+02     1.23885601e+02   
    2.82000000e+04     7.05000000e+00     1.11563380e+03     2.95148250e+02     2.37371935e+02     1.27919373e+02   
    2.84000000e+04     7.10000000e+00     1.11562345e+03     2.98342911e+02     2.37001868e+02     1.26095357e+02   
    2.86000000e+04     7.15000000e+00     1.11561202e+03     3.02037324e+02     2.36647842e+02     1.26453264e+02   
    2.88000000e+04     7.20000000e+00     1.11561635e+03     3.02131656e+02     2.34525549e+02     1.25733312e+02   
    2.90000000e+04     7.25000000e+00     1.11561267e+03     2.99553181e+02     2.35389060e+02     1.25675737e+02   
    2.92000000e+04     7.30000000e+00     1.11562084e+03     2.98859748e+02     2.35884662e+02     1.26536450e+02   
    2.94000000e+04     7.35000000e+00     1.11562616e+03     3.00579151e+02     2.36031394e+02     1.25392567e+02   
    2.96000000e+04     7.40000000e+00     1.11562830e+03     3.01287146e+02     2.38582257e+02     1.29032529e+02   
    2.98000000e+04     7.45000000e+00     1.11561189e+03     3.01961310e+02     2.36305519e+02     1.24784347e+02   
    3.00000000e+04     7.50000000e+00     1.11562030e+03     3.01870477e+02     2.38293098e+02     1.28032091e+02   
    3.02000000e+04     7.55000000e+00     1.11562361e+03     3.03468676e+02     2.36359305e+02     1.25392841e+02   
    3.04000000e+04     7.60000000e+00     1.11564127e+03     3.01450025e+02     2.34721215e+02     1.24837059e+02   
    3.06000000e+04     7.65000000e+00     1.11566539e+03     2.99887835e+02     2.36718872e+02     1.27080629e+02   
    3.08000000e+04     7.70000000e+00     1.11566433e+03     3.04421192e+02     2.35473953e+02     1.24375039e+02   
    3.10000000e+04     7.75000000e+00     1.11567874e+03     3.00850240e+02     2.37789770e+02     1.27663930e+02   
    3.12000000e+04     7.80000000e+00     1.11567618e+03     3.00127106e+02     2.38140975e+02     1.27669811e+02   
    3.14000000e+04     7.85000000e+00     1.11567827e+03     2.99385865e+02     2.36739556e+02     1.28478515e+02   
    3.16000000e+04     7.90000000e+00     1.11566761e+03     3.04253134e+02     2.35289276e+02     1.26453550e+02   
    3.18000000e+04     7.95000000e+00     1.11567165e+03     3.02355461e+02     2.36097540e+02     1.28048489e+02   
    3.20000000e+04     8.00000000e+00     1.11566033e+03     3.03937198e+02     2.37484192e+02     1.27254156e+02   
    3.22000000e+04     8.05000000e+00     1.11566421e+03     3.01658940e+02     2.38260349e+02     1.28647444e+02   
    3.24000000e+04     8.10000000e+00     1.11566078e+03     3.02272826e+02     2.37295630e+02     1.26904296e+02   
    3.26000000e+04     8.15000000e+00     1.11566962e+03     3.01184685e+02     2.38207727e+02     1.27702820e+02   
    3.28000000e+04     8.20000000e+00     1.11566828e+03     3.03516825e+02     2.36354290e+02     1.26632552e+02   
    3.30000000e+04     8.25000000e+00     1.11567813e+03     2.99968516e+02     2.36352022e+02     1.27208486e+02   
    3.32000000e+04     8.30000000e+00     1.11566126e+03     3.00787826e+02     2.33384793e+02     1.23403186e+02   
    3.34000000e+04     8.35000000e+00     1.11568946e+03     3.00483677e+02     2.36636516e+02     1.27313426e+02   
    3.36000000e+04     8.40000000e+00     1.11568485e+03     2.98653373e+02     2.35380708e+02     1.25781504e+02   
    3.38000000e+04     8.45000000e+00     1.11568811e+03     2.98877132e+02     2.35458595e+02     1.26688384e+02   
    3.40000000e+04     8.50000000e+00     1.11569074e+03     2.99535351e+02     2.35942039e+02     1.27277107e+02   
    3.42000000e+04     8.55000000e+00     1.11566399e+03     3.00034017e+02     2.34967093e+02     1.23741069e+02   
    3.44000000e+04     8.60000000e+00     1.11566379e+03     2.99602069e+02     2.37264874e+02     1.26348135e+02   
    3.46000000e+04     8.65000000e+00     1.11565877e+03     2.98913502e+02     2.35701945e+02     1.25425547e+02   
    3.48000000e+04     8.70000000e+00     1.11565502e+03     2.97932166e+02     2.36513519e+02     1.25842639e+02   
    3.50000000e+04     8.75000000e+00     1.11565279e+03     3.00373236e+02     2.37927199e+02     1.26121457e+02   
    3.52000000e+04     8.80000000e+00     1.11564191e+03     3.01546660e+02     2.36747169e+02     1.24944934e+02   
    3.54000000e+04     8.85000000e+00     1.11565191e+03     2.98088706e+02     2.36180378e+02     1.27007085e+02   
    3.56000000e+04     8.90000000e+00     1.11567900e+03     2.99075194e+02     2.39377007e+02     1.30438692e+02   
    3.58000000e+04     8.95000000e+00     1.11565906e+03     3.00553818e+02     2.35002076e+02     1.25943503e+02   
    3.60000000e+04     9.00000000e+00     1.11566834e+03     3.00708193e+02     2.38204388e+02     1.27627123e+02   
    3.62000000e+04     9.05000000e+00     1.11566429e+03     3.01652186e+02     2.35055215e+02     1.24936770e+02   
    3.64000000e+04     9.10000000e+00     1.11567350e+03     3.00551141e+02     2.36982067e+02     1.25349409e+02   
    3.66000000e+04     9.15000000e+00     1.11568231e+03     3.00798896e+02     2.37161398e+02     1.27387098e+02   
    3.68000000e+04     9.20000000e+00     1.11567271e+03     3.01606903e+02     2.36046314e+02     1.23238870e+02   
    3.70000000e+04     9.25000000e+00     1.11568412e+03     2.99222564e+02     2.38620074e+02     1.27433180e+02   
    3.72000000e+04     9.30000000e+00     1.11566442e+03     3.01238360e+02     2.34424108e+02     1.22141779e+02   
    3.74000000e+04     9.35000000e+00     1.11567098e+03     3.04455241e+02     2.36294951e+02     1.25633828e+02   
    3.76000000e+04     9.40000000e+00     1.11566309e+03     3.01934297e+02     2.36442115e+02     1.24147181e+02   
    3.78000000e+04     9.45000000e+00     1.11566414e+03     2.98514862e+02     2.36701124e+02     1.26391593e+02   
    3.80000000e+04     9.50000000e+00     1.11565369e+03     3.02111316e+02     2.35066932e+02     1.23721873e+02   
    3.82000000e+04     9.55000000e+00     1.11566837e+03     2.99524919e+02     2.36723509e+02     1.25576785e+02   
    3.84000000e+04     9.60000000e+00     1.11568550e+03     3.00560550e+02     2.37124362e+02     1.24294007e+02   
    3.86000000e+04     9.65000000e+00     1.11569001e+03     2.99924364e+02     2.36723148e+02     1.25976487e+02   
    3.88000000e+04     9.70000000e+00     1.11569737e+03     2.99745359e+02     2.35721940e+02     1.26740886e+02   
    3.90000000e+04     9.75000000e+00     1.11571158e+03     3.02980273e+02     2.37689381e+02     1.29330120e+02   
    3.92000000e+04     9.80000000e+00     1.11571243e+03     2.98401419e+02     2.36884645e+02     1.27613163e+02   
    3.94000000e+04     9.85000000e+00     1.11571301e+03     2.98789440e+02     2.34566362e+02     1.26224476e+02   
    3.96000000e+04     9.90000000e+00     1.11572659e+03     3.03575567e+02     2.35223210e+02     1.26569121e+02   
    3.98000000e+04     9.95000000e+00     1.11572922e+03     2.99008814e+02     2.36229948e+02     1.27348626e+02   
    4.00000000e+04     1.00000000e+01     1.11573651e+03     3.00392124e+02     2.37226302e+02     1.28742473e+02   
    4.02000000e+04     1.00500000e+01     1.11573081e+03     3.00773301e+02     2.35689299e+02     1.26535146e+02   
    4.04000000e+04     1.01000000e+01     1.11573020e+03     3.00050306e+02     2.36600856e+02     1.28395537e+02   
    4.06000000e+04     1.01500000e+01     1.11572894e+03     2.98697598e+02     2.36994355e+02     1.28169854e+02   
    4.08000000e+04     1.02000000e+01     1.11573256e+03     2.98003237e+02     2.36499870e+02     1.28546972e+02   
    4.10000000e+04     1.02500000e+01     1.11573800e+03     3.00856807e+02     2.36604136e+02     1.27655809e+02   
    4.12000000e+04     1.03000000e+01     1.11574268e+03     3.01779350e+02     2.36976037e+02     1.28320995e+02   
    4.14000000e+04     1.03500000e+01     1.11574648e+03     2.99663180e+02     2.34774784e+02     1.23572087e+02   
    4.16000000e+04     1.04000000e+01     1.11575739e+03     3.00662643e+02     2.36382360e+02     1.24127230e+02   
    4.18000000e+04     1.04500000e+01     1.11576332e+03     2.99749620e+02     2.34918662e+02     1.24539834e+02   
    4.20000000e+04     1.05000000e+01     1.11576557e+03     2.98197566e+02     2.38142842e+02     1.27247787e+02   
    4.22000000e+04     1.05500000e+01     1.11576168e+03     3.02653411e+02     2.36845810e+02     1.26421408e+02   
    4.24000000e+04     1.06000000e+01     1.11575860e+03     3.02042845e+02     2.35711976e+02     1.23908321e+02   
    4.26000000e+04     1.06500000e+01     1.11575488e+03     3.02348218e+02     2.36159139e+02     1.23934729e+02   
    4.28000000e+04     1.07000000e+01     1.11575787e+03     3.01227719e+02     2.36686189e+02     1.24002322e+02   
    4.30000000e+04     1.07500000e+01     1.11575726e+03     2.98203589e+02     2.35488516e+02     1.20875241e+02   
    4.32000000e+04     1.08000000e+01     1.11576949e+03     3.01343427e+02     2.36919654e+02     1.22691307e+02   
    4.34000000e+04     1.08500000e+01     1.11577820e+03     3.00237388e+02     2.37638490e+02     1.25153539e+02   
    4.36000000e+04     1.09000000e+01     1.11577111e+03     3.01940190e+02     2.34830712e+02     1.23526088e+02   
    4.38000000e+04     1.09500000e+01     1.11577724e+03     3.00038935e+02     2.36265248e+02     1.26417644e+02   
    4.40000000e+04     1.10000000e+01     1.11578485e+03     2.99715258e+02     2.37128314e+02     1.28133980e+02   
    4.42000000e+04     1.10500000e+01     1.11578540e+03     3.00412975e+02     2.36717921e+02     1.27974786e+02   
    4.44000000e+04     1.11000000e+01     1.11578249e+03     3.01081631e+02     2.36645883e+02     1.27712741e+02   
    4.46000000e+04     1.11500000e+01     1.11577733e+03     2.99938945e+02     2.35172902e+02     1.25193448e+02   
    4.48000000e+04     1.12000000e+01     1.11578894e+03     2.98660991e+02     2.36554613e+02     1.27413037e+02   
    4.50000000e+04     1.12500000e+01     1.11577992e+03     2.98071487e+02     2.34235830e+02     1.24706873e+02   
    4.52000000e+04     1.13000000e+01     1.11579866e+03     3.00806268e+02     2.38196927e+02     1.28706581e+02   
    4.54000000e+04     1.13500000e+01     1.11580186e+03     2.98080667e+02     2.36848175e+02     1.27983216e+02   
    4.56000000e+04     1.14000000e+01     1.11579037e+03     3.00363816e+02     2.35292527e+02     1.26009847e+02   
    4.58000000e+04     1.14500000e+01     1.11579949e+03     3.00060052e+02     2.36966620e+02     1.27244337e+02   
    4.60000000e+04     1.15000000e+01     1.11579499e+03     2.98924512e+02     2.35959171e+02     1.26582430e+02   
    4.62000000e+04     1.15500000e+01     1.11579864e+03     2.97900134e+02     2.33249007e+02     1.23626833e+02   
    4.64000000e+04     1.16000000e+01     1.11581283e+03     3.00027857e+02     2.36388214e+02     1.27554757e+02   
    4.66000000e+04     1.16500000e+01     1.11581843e+03     3.04058458e+02     2.36937756e+02     1.24976887e+02   
    4.68000000e+04     1.17000000e+01     1.11581609e+03     3.01719714e+02     2.35774702e+02     1.24072124e+02   
    4.70000000e+04     1.17500000e+01     1.11581138e+03     2.99857385e+02     2.35903323e+02     1.23880773e+02   
    4.72000000e+04     1.18000000e+01     1.11580474e+03     3.01298451e+02     2.36356788e+02     1.25176755e+02   
    4.74000000e+04     1.18500000e+01     1.11579669e+03     3.02009531e+02     2.36301444e+02     1.25138233e+02   
    4.76000000e+04     1.19000000e+01     1.11579983e+03     3.02317212e+02     2.38661819e+02     1.25746197e+02   
    4.78000000e+04     1.19500000e+01     1.11578947e+03     3.04409973e+02     2.36417655e+02     1.24899091e+02   
    4.80000000e+04     1.20000000e+01     1.11579807e+03     3.03381484e+02     2.36777748e+02     1.24930494e+02   
    4.82000000e+04     1.20500000e+01     1.11581352e+03     3.02501972e+02     2.37212541e+02     1.27463409e+02   
    4.84000000e+04     1.21000000e+01     1.11581573e+03     2.97821434e+02     2.35777934e+02     1.25618227e+02   
    4.86000000e+04     1.21500000e+01     1.11582761e+03     3.02592961e+02     2.36725026e+02     1.25778939e+02   
    4.88000000e+04     1.22000000e+01     1.11582374e+03     3.05382489e+02     2.35828062e+02     1.23315536e+02   
    4.90000000e+04     1.22500000e+01     1.11582176e+03     3.04348676e+02     2.37036933e+02     1.25263247e+02   
    4.92000000e+04     1.23000000e+01     1.11580734e+03     3.01646878e+02     2.35307752e+02     1.23171523e+02   
    4.94000000e+04     1.23500000e+01     1.11580554e+03     3.00497991e+02     2.35788894e+02     1.26146680e+02   
    4.96000000e+04     1.24000000e+01     1.11580796e+03     3.01780291e+02     2.36382693e+02     1.24051592e+02   
    4.98000000e+04     1.24500000e+01     1.11578610e+03     3.01082749e+02     2.36340618e+02     1.24177522e+02   
    5.00000000e+04     1.25000000e+01     1.11578407e+03     2.99296657e+02     2.35978554e+02     1.24925777e+02   
    5.02000000e+04     1.25500000e+01     1.11578502e+03     2.98782052e+02     2.36078511e+02     1.26371797e+02   
    5.04000000e+04     1.26000000e+01     1.11579501e+03     3.00986921e+02     2.39201453e+02     1.29741277e+02   
    5.06000000e+04     1.26500000e+01     1.11578304e+03     2.97055051e+02     2.35945668e+02     1.24705744e+02   
    5.08000000e+04     1.27000000e+01     1.11578423e+03     3.01336070e+02     2.36011185e+02     1.26652640e+02   
    5.10000000e+04     1.27500000e+01     1.11578447e+03     2.99657659e+02     2.35927308e+02     1.25198319e+02   
    5.12000000e+04     1.28000000e+01     1.11579663e+03     2.98476395e+02     2.35484980e+02     1.25411487e+02   
    5.14000000e+04     1.28500000e+01     1.11580500e+03     2.99902618e+02     2.36625613e+02     1.24555566e+02   
    5.16000000e+04     1.29000000e+01     1.11580387e+03     3.02446006e+02     2.36065645e+02     1.24961211e+02   
    5.18000000e+04     1.29500000e+01     1.11579483e+03     3.01151985e+02     2.36288309e+02     1.26010184e+02   
    5.20000000e+04     1.30000000e+01     1.11579619e+03     3.00206843e+02     2.36346097e+02     1.25676160e+02   
    5.22000000e+04     1.30500000e+01     1.11579454e+03     2.99117747e+02     2.35468856e+02     1.25782740e+02   
    5.24000000e+04     1.31000000e+01     1.11579430e+03     2.97512315e+02     2.35807810e+02     1.26484434e+02   
    5.26000000e+04     1.31500000e+01     1.11579474e+03     2.98035446e+02     2.36376400e+02     1.28098043e+02   
    5.28000000e+04     1.32000000e+01     1.11578993e+03     2.99788455e+02     2.37931858e+02     1.28309750e+02   
    5.30000000e+04     1.32500000e+01     1.11576572e+03     3.00380559e+02     2.35895164e+02     1.25365535e+02   
    5.32000000e+04     1.33000000e+01     1.11576233e+03     3.03971225e+02     2.36150766e+02     1.24809174e+02   
    5.34000000e+04     1.33500000e+01     1.11576370e+03     3.01356876e+02     2.36651932e+02     1.26660849e+02   
    5.36000000e+04     1.34000000e+01     1.11575661e+03     3.01099728e+02     2.37531869e+02     1.27034227e+02   
    5.38000000e+04     1.34500000e+01     1.11576015e+03     3.01651516e+02     2.37239478e+02     1.26319483e+02   
    5.40000000e+04     1.35000000e+01     1.11577073e+03     3.01034402e+02     2.38650140e+02     1.25615218e+02   
    5.42000000e+04     1.35500000e+01     1.11577174e+03     3.02901382e+02     2.35861222e+02     1.23846593e+02   
    5.44000000e+04     1.36000000e+01     1.11578458e+03     3.01643745e+02     2.38116198e+02     1.26875995e+02   
    5.46000000e+04     1.36500000e+01     1.11580110e+03     3.00606905e+02     2.38285968e+02     1.30127227e+02   
    5.48000000e+04     1.37000000e+01     1.11578846e+03     3.02944437e+02     2.34286876e+02     1.25112319e+02   
    5.50000000e+04     1.37500000e+01     1.11579440e+03     3.02104702e+02     2.35561722e+02     1.26990509e+02   
    5.52000000e+04     1.38000000e+01     1.11579346e+03     2.97685941e+02     2.35479779e+02     1.24931130e+02   
    5.54000000e+04     1.38500000e+01     1.11580505e+03     3.01485513e+02     2.34239425e+02     1.25677881e+02   
    5.56000000e+04     1.39000000e+01     1.11579824e+03     3.03327283e+02     2.33947901e+02     1.24660467e+02   
    5.58000000e+04     1.39500000e+01     1.11579245e+03     3.02628353e+02     2.35473804e+02     1.25743674e+02   
    5.60000000e+04     1.40000000e+01     1.11578275e+03     2.99895529e+02     2.35262902e+02     1.26615071e+02   
    5.62000000e+04     1.40500000e+01     1.11578770e+03     3.02182440e+02     2.36605486e+02     1.26119384e+02   
    5.64000000e+04     1.41000000e+01     1.11578820e+03     3.01409585e+02     2.36540071e+02     1.26667934e+02   
    5.66000000e+04     1.41500000e+01     1.11579121e+03     3.02890791e+02     2.37048856e+02     1.26266744e+02   
    5.68000000e+04     1.42000000e+01     1.11577594e+03     3.00975659e+02     2.36454535e+02     1.28117471e+02   
    5.70000000e+04     1.42500000e+01     1.11576301e+03     3.02857597e+02     2.35112089e+02     1.24886545e+02   
    5.72000000e+04     1.43000000e+01     1.11577431e+03     2.99941084e+02     2.38088119e+02     1.29277952e+02   
    5.74000000e+04     1.43500000e+01     1.11575647e+03     3.00598979e+02     2.36056296e+02     1.25541335e+02   
    5.76000000e+04     1.44000000e+01     1.11575983e+03     2.98452488e+02     2.35381617e+02     1.27189484e+02   
    5.78000000e+04     1.44500000e+01     1.11576594e+03     3.02487007e+02     2.38804504e+02     1.29899827e+02   
    5.80000000e+04     1.45000000e+01     1.11575124e+03     3.01731442e+02     2.36755326e+02     1.25916297e+02   
    5.82000000e+04     1.45500000e+01     1.11575815e+03     3.02841412e+02     2.37313452e+02     1.27160432e+02   
    5.84000000e+04     1.46000000e+01     1.11574825e+03     3.01582377e+02     2.36164410e+02     1.24157087e+02   
    5.86000000e+04     1.46500000e+01     1.11574999e+03     2.99675819e+02     2.35845327e+02     1.26528008e+02   
    5.88000000e+04     1.47000000e+01     1.11576315e+03     3.03013105e+02     2.36526659e+02     1.26131713e+02   
    5.90000000e+04     1.47500000e+01     1.11577729e+03     2.99753088e+02     2.37125535e+02     1.27721523e+02   
    5.92000000e+04     1.48000000e+01     1.11577574e+03     3.03852741e+02     2.37529652e+02     1.24952381e+02   
    5.94000000e+04     1.48500000e+01     1.11578471e+03     3.04537550e+02     2.34490501e+02     1.24073176e+02   
    5.96000000e+04     1.49000000e+01     1.11579440e+03     3.01298883e+02     2.36279343e+02     1.24748571e+02   
    5.98000000e+04     1.49500000e+01     1.11580051e+03     3.00196011e+02     2.37579164e+02     1.26524896e+02   
    6.00000000e+04     1.50000000e+01     1.11580141e+03     3.01600823e+02     2.36945750e+02     1.25166040e+02   
    6.02000000e+04     1.50500000e+01     1.11580068e+03     3.01199471e+02     2.35933158e+02     1.25223097e+02   
    6.04000000e+04     1.51000000e+01     1.11580284e+03     3.00167142e+02     2.36920452e+02     1.26416752e+02   
    6.06000000e+04     1.51500000e+01     1.11579725e+03     2.99222317e+02     2.35357235e+02     1.24451490e+02   
    6.08000000e+04     1.52000000e+01     1.11579108e+03     3.00163118e+02     2.33077622e+02     1.23274508e+02   
    6.10000000e+04     1.52500000e+01     1.11581146e+03     2.97393189e+02     2.38363112e+02     1.29309064e+02   
    6.12000000e+04     1.53000000e+01     1.11580287e+03     3.00811352e+02     2.34875630e+02     1.25771934e+02   
    6.14000000e+04     1.53500000e+01     1.11579748e+03     2.98889651e+02     2.34772094e+02     1.25677807e+02   
    6.16000000e+04     1.54000000e+01     1.11580834e+03     2.99292771e+02     2.35944710e+02     1.28606649e+02   
    6.18000000e+04     1.54500000e+01     1.11580421e+03     3.02333183e+02     2.36486931e+02     1.27858762e+02   
    6.20000000e+04     1.55000000e+01     1.11581319e+03     3.01492217e+02     2.35820443e+02     1.28134719e+02   
    6.22000000e+04     1.55500000e+01     1.11581054e+03     3.04506502e+02     2.37149179e+02     1.28715054e+02   
    6.24000000e+04     1.56000000e+01     1.11580335e+03     3.01653510e+02     2.35751231e+02     1.26334687e+02   
    6.26000000e+04     1.56500000e+01     1.11580105e+03     2.98689073e+02     2.36306912e+02     1.25876422e+02   
    6.28000000e+04     1.57000000e+01     1.11581366e+03     2.99604184e+02     2.37140496e+02     1.28416403e+02   
    6.30000000e+04     1.57500000e+01     1.11581930e+03     2.96779324e+02     2.36441769e+02     1.27680902e+02   
    6.32000000e+04     1.58000000e+01     1.11582939e+03     2.96356105e+02     2.37112900e+02     1.28334915e+02   
    6.34000000e+04     1.58500000e+01     1.11582717e+03     2.99441010e+02     2.35383149e+02     1.26226226e+02   
    6.36000000e+04     1.59000000e+01     1.11584034e+03     2.98448747e+02     2.37771867e+02     1.30508670e+02   
    6.38000000e+04     1.59500000e+01     1.11583602e+03     2.99946190e+02     2.35237759e+02     1.27153801e+02   
    6.40000000e+04     1.60000000e+01     1.11585803e+03     2.99395799e+02     2.40257137e+02     1.33334176e+02   
    6.42000000e+04     1.60500000e+01     1.11583228e+03     2.98023524e+02     2.36098510e+02     1.28551786e+02   
    6.44000000e+04     1.61000000e+01     1.11583073e+03     3.00154032e+02     2.37981707e+02     1.30309461e+02   
    6.46000000e+04     1.61500000e+01     1.11580942e+03     3.01967331e+02     2.37013280e+02     1.26822922e+02   
    6.48000000e+04     1.62000000e+01     1.11580311e+03     3.00862003e+02     2.35372458e+02     1.26224118e+02   
    6.50000000e+04     1.62500000e+01     1.11581710e+03     3.02063316e+02     2.37472717e+02     1.28377808e+02   
    6.52000000e+04     1.63000000e+01     1.11582906e+03     3.00109874e+02     2.36753211e+02     1.29051407e+02   
    6.54000000e+04     1.63500000e+01     1.11582727e+03     3.01085939e+02     2.36193863e+02     1.26278541e+02   
    6.56000000e+04     1.64000000e+01     1.11583545e+03     2.96227733e+02     2.35202534e+02     1.24988700e+02   
    6.58000000e+04     1.64500000e+01     1.11583757e+03     3.00667808e+02     2.35897690e+02     1.26515828e+02   
    6.60000000e+04     1.65000000e+01     1.11585256e+03     2.96418055e+02     2.36794988e+02     1.28135610e+02   
    6.62000000e+04     1.65500000e+01     1.11584601e+03     3.00323128e+02     2.36762587e+02     1.28351054e+02   
    6.64000000e+04     1.66000000e+01     1.11584306e+03     3.01060456e+02     2.36005416e+02     1.26926456e+02   
    6.66000000e+04     1.66500000e+01     1.11584250e+03     3.02923346e+02     2.35512623e+02     1.26153924e+02   
    6.68000000e+04     1.67000000e+01     1.11584733e+03     2.99608407e+02     2.35765924e+02     1.26993204e+02   
    6.70000000e+04     1.67500000e+01     1.11584003e+03     2.97918611e+02     2.35129392e+02     1.26013448e+02   
    6.72000000e+04     1.68000000e+01     1.11584639e+03     2.98378609e+02     2.35673271e+02     1.27064569e+02   
    6.74000000e+04     1.68500000e+01     1.11583373e+03     2.99016551e+02     2.34967801e+02     1.25726455e+02   
    6.76000000e+04     1.69000000e+01     1.11584112e+03     2.98452975e+02     2.36838093e+02     1.28803723e+02   
    6.78000000e+04     1.69500000e+01     1.11583801e+03     3.00306652e+02     2.35407928e+02     1.25536173e+02   
    6.80000000e+04     1.70000000e+01     1.11583903e+03     2.99632621e+02     2.35102852e+02     1.24254842e+02   
    6.82000000e+04     1.70500000e+01     1.11584103e+03     2.97658784e+02     2.36005800e+02     1.25065348e+02   
    6.84000000e+04     1.71000000e+01     1.11584149e+03     3.00368385e+02     2.36783058e+02     1.26587584e+02   
    6.86000000e+04     1.71500000e+01     1.11583723e+03     2.98220751e+02     2.37119354e+02     1.26920204e+02   
    6.88000000e+04     1.72000000e+01     1.11583115e+03     3.00488247e+02     2.35912857e+02     1.24845061e+02   
    6.90000000e+04     1.72500000e+01     1.11583617e+03     3.04229338e+02     2.37898603e+02     1.26807267e+02   
    6.92000000e+04     1.73000000e+01     1.11583991e+03     2.99152804e+02     2.34851755e+02     1.26271929e+02   
    6.94000000e+04     1.73500000e+01     1.11584040e+03     2.95314868e+02     2.37464131e+02     1.29206275e+02   
    6.96000000e+04     1.74000000e+01     1.11584894e+03     2.98571290e+02     2.38220919e+02     1.28412824e+02   
    6.98000000e+04     1.74500000e+01     1.11584025e+03     2.97738246e+02     2.35340089e+02     1.25178418e+02   
    7.00000000e+04     1.75000000e+01     1.11584055e+03     2.99013620e+02     2.35409785e+02     1.24196858e+02   
    7.02000000e+04     1.75500000e+01     1.11584711e+03     2.98957962e+02     2.37505741e+02     1.25722157e+02   
    7.04000000e+04     1.76000000e+01     1.11583372e+03     2.99896187e+02     2.35660370e+02     1.23943866e+02   
    7.06000000e+04     1.76500000e+01     1.11583089e+03     3.00600160e+02     2.35174717e+02     1.21607115e+02   
    7.08000000e+04     1.77000000e+01     1.11583111e+03     3.02263072e+02     2.33977546e+02     1.21493444e+02   
    7.10000000e+04     1.77500000e+01     1.11583136e+03     2.98572513e+02     2.34747639e+02     1.21566470e+02   
    7.12000000e+04     1.78000000e+01     1.11582551e+03     3.02090190e+02     2.36920066e+02     1.24044574e+02   
    7.14000000e+04     1.78500000e+01     1.11581496e+03     3.00862906e+02     2.34245326e+02     1.21449741e+02   
    7.16000000e+04     1.79000000e+01     1.11583163e+03     3.05037166e+02     2.36765841e+02     1.23085018e+02   
    7.18000000e+04     1.79500000e+01     1.11582506e+03     2.97939415e+02     2.36226172e+02     1.21704042e+02   
    7.20000000e+04     1.80000000e+01     1.11581905e+03     3.01020012e+02     2.35467254e+02     1.20198592e+02   
    7.22000000e+04     1.80500000e+01     1.11581503e+03     2.98201842e+02     2.35197238e+02     1.22275394e+02   
    7.24000000e+04     1.81000000e+01     1.11582789e+03     2.99344615e+02     2.38442134e+02     1.24448381e+02   
    7.26000000e+04     1.81500000e+01     1.11582717e+03     2.98542095e+02     2.36455553e+02     1.23550920e+02   
    7.28000000e+04     1.82000000e+01     1.11582627e+03     3.01260681e+02     2.36274070e+02     1.23265759e+02   
    7.30000000e+04     1.82500000e+01     1.11583106e+03     2.99789771e+02     2.35249035e+02     1.23500767e+02   
    7.32000000e+04     1.83000000e+01     1.11583937e+03     2.99299681e+02     2.35625387e+02     1.21931891e+02   
    7.34000000e+04     1.83500000e+01     1.11585265e+03     2.99264896e+02     2.36762295e+02     1.23846313e+02   
    7.36000000e+04     1.84000000e+01     1.11585890e+03     3.01764969e+02     2.35730779e+02     1.25038084e+02   
    7.38000000e+04     1.84500000e+01     1.11585688e+03     3.00894012e+02     2.35503884e+02     1.24282081e+02   
    7.40000000e+04     1.85000000e+01     1.11585657e+03     2.97875790e+02     2.36184934e+02     1.26631553e+02   
    7.42000000e+04     1.85500000e+01     1.11585518e+03     3.01760908e+02     2.36807254e+02     1.23633945e+02   
    7.44000000e+04     1.86000000e+01     1.11585993e+03     3.01900538e+02     2.35869270e+02     1.26400557e+02   
    7.46000000e+04     1.86500000e+01     1.11586030e+03     2.99117979e+02     2.36713431e+02     1.24533755e+02   
    7.48000000e+04     1.87000000e+01     1.11585783e+03     3.00022341e+02     2.36792752e+02     1.26156776e+02   
    7.50000000e+04     1.87500000e+01     1.11586080e+03     2.99510965e+02     2.37167610e+02     1.23795386e+02   
    7.52000000e+04     1.88000000e+01     1.11587103e+03     3.01499029e+02     2.38492059e+02     1.26149854e+02   
    7.54000000e+04     1.88500000e+01     1.11585836e+03     3.01168103e+02     2.34563907e+02     1.22028146e+02   
    7.56000000e+04     1.89000000e+01     1.11585540e+03     2.96995296e+02     2.36052451e+02     1.24484446e+02   
    7.58000000e+04     1.89500000e+01     1.11584585e+03     2.98822262e+02     2.34476393e+02     1.22472589e+02   
    7.60000000e+04     1.90000000e+01     1.11586642e+03     3.03245444e+02     2.37779844e+02     1.24342066e+02   
    7.62000000e+04     1.90500000e+01     1.11587529e+03     3.03303463e+02     2.35956615e+02     1.24340828e+02   
    7.64000000e+04     1.91000000e+01     1.11588837e+03     2.98269275e+02     2.36906061e+02     1.24855533e+02   
    7.66000000e+04     1.91500000e+01     1.11589928e+03     3.02173733e+02     2.36403928e+02     1.25060226e+02   
    7.68000000e+04     1.92000000e+01     1.11589180e+03     3.01624712e+02     2.36347233e+02     1.21642248e+02   
    7.70000000e+04     1.92500000e+01     1.11588134e+03     3.01360424e+02     2.34003066e+02     1.20850223e+02   
    7.72000000e+04     1.93000000e+01     1.11587049e+03     3.04780249e+02     2.34331848e+02     1.22007646e+02   
    7.74000000e+04     1.93500000e+01     1.11588388e+03     3.00217309e+02     2.36546357e+02     1.26198398e+02   
    7.76000000e+04     1.94000000e+01     1.11588476e+03     2.97629144e+02     2.35390594e+02     1.24798284e+02   
    7.78000000e+04     1.94500000e+01     1.11588856e+03     3.03599152e+02     2.36685200e+02     1.26348196e+02   
    7.80000000e+04     1.95000000e+01     1.11589578e+03     3.03225752e+02     2.35801438e+02     1.25155753e+02   
    7.82000000e+04     1.95500000e+01     1.11589717e+03     3.00562236e+02     2.36392230e+02     1.26296705e+02   
    7.84000000e+04     1.96000000e+01     1.11588605e+03     3.00965331e+02     2.34991105e+02     1.25479030e+02   
    7.86000000e+04     1.96500000e+01     1.11589189e+03     3.02270306e+02     2.36462715e+02     1.25207586e+02   
    7.88000000e+04     1.97000000e+01     1.11588737e+03     3.02096961e+02     2.35496663e+02     1.23794292e+02   
    7.90000000e+04     1.97500000e+01     1.11588017e+03     3.01832157e+02     2.37004547e+02     1.26612310e+02   
    7.92000000e+04     1.98000000e+01     1.11588225e+03     2.97944195e+02     2.36269372e+02     1.25267716e+02   
    7.94000000e+04     1.98500000e+01     1.11587983e+03     3.01128372e+02     2.36010851e+02     1.23735471e+02   
    7.96000000e+04     1.99000000e+01     1.11587855e+03     3.01589529e+02     2.37054620e+02     1.26470745e+02   
    7.98000000e+04     1.99500000e+01     1.11588211e+03     3.00666731e+02     2.36521865e+02     1.26446723e+02   
    8.00000000e+04     2.00000000e+01     1.11588520e+03     2.98763281e+02     2.35652501e+02     1.26147378e+02   
