# column   1     --> step : The current simulation time step.
# column   2     --> time{picosecond} : The elapsed simulation time.
# column   3     --> conserved{electronvolt} : The value of the conserved energy quantity per bead.
# column   4     --> temperature{kelvin} : The current temperature, as obtained from the MD kinetic energy.
# column   5     --> kinetic_cv{electronvolt} : The centroid-virial quantum kinetic energy of the physical system.
# column   6     --> potential{electronvolt} : The physical system potential energy.
    0.00000000e+00     0.00000000e+00     1.11576870e+03     3.04273373e+02     2.35638926e+02     1.27006788e+02   
    2.00000000e+02     5.00000000e-02     1.11575428e+03     2.99432033e+02     2.35927023e+02     1.26033669e+02   
    4.00000000e+02     1.00000000e-01     1.11574490e+03     3.05281943e+02     2.35003220e+02     1.24723377e+02   
    6.00000000e+02     1.50000000e-01     1.11574129e+03     3.02000593e+02     2.34788694e+02     1.22883954e+02   
    8.00000000e+02     2.00000000e-01     1.11574905e+03     3.01935649e+02     2.36719250e+02     1.27459039e+02   
    1.00000000e+03     2.50000000e-01     1.11573910e+03     3.05735149e+02     2.36629028e+02     1.26455068e+02   
    1.20000000e+03     3.00000000e-01     1.11573676e+03     2.99717586e+02     2.35359141e+02     1.27440709e+02   
    1.40000000e+03     3.50000000e-01     1.11574381e+03     3.03986554e+02     2.36101721e+02     1.24776026e+02   
    1.60000000e+03     4.00000000e-01     1.11574401e+03     3.00646492e+02     2.33960053e+02     1.25866570e+02   
    1.80000000e+03     4.50000000e-01     1.11574915e+03     3.00837705e+02     2.35097736e+02     1.25800800e+02   
    2.00000000e+03     5.00000000e-01     1.11574134e+03     2.99150808e+02     2.36197526e+02     1.26884725e+02   
    2.20000000e+03     5.50000000e-01     1.11572262e+03     2.96143107e+02     2.35269723e+02     1.24988668e+02   
    2.40000000e+03     6.00000000e-01     1.11573873e+03     3.01300484e+02     2.38869460e+02     1.28772976e+02   
    2.60000000e+03     6.50000000e-01     1.11572663e+03     3.01656557e+02     2.36556415e+02     1.24911616e+02   
    2.80000000e+03     7.00000000e-01     1.11573370e+03     3.02337504e+02     2.36227728e+02     1.26677993e+02   
    3.00000000e+03     7.50000000e-01     1.11574078e+03     2.99311383e+02     2.37197286e+02     1.26248886e+02   
    3.20000000e+03     8.00000000e-01     1.11573028e+03     2.99965300e+02     2.35767244e+02     1.26362397e+02   
    3.40000000e+03     8.50000000e-01     1.11572594e+03     3.01733525e+02     2.35661647e+02     1.26127359e+02   
    3.60000000e+03     9.00000000e-01     1.11572912e+03     2.99879336e+02     2.35933019e+02     1.27124925e+02   
    3.80000000e+03     9.50000000e-01     1.11574081e+03     3.01470052e+02     2.36913489e+02     1.28671471e+02   
    4.00000000e+03     1.00000000e+00     1.11574771e+03     2.99762598e+02     2.36481862e+02     1.29163284e+02   
    4.20000000e+03     1.05000000e+00     1.11574227e+03     3.00171766e+02     2.36786778e+02     1.29941313e+02   
    4.40000000e+03     1.10000000e+00     1.11574446e+03     2.98534004e+02     2.37223935e+02     1.28902943e+02   
    4.60000000e+03     1.15000000e+00     1.11573392e+03     3.00338426e+02     2.36228201e+02     1.27659094e+02   
    4.80000000e+03     1.20000000e+00     1.11573911e+03     3.01224499e+02     2.38401733e+02     1.29655810e+02   
    5.00000000e+03     1.25000000e+00     1.11574556e+03     3.01223900e+02     2.35282267e+02     1.28159063e+02   
    5.20000000e+03     1.30000000e+00     1.11574286e+03     3.03475947e+02     2.35441724e+02     1.26724689e+02   
    5.40000000e+03     1.35000000e+00     1.11575543e+03     3.02471733e+02     2.36672019e+02     1.28733649e+02   
    5.60000000e+03     1.40000000e+00     1.11575738e+03     3.02184529e+02     2.37719745e+02     1.29026215e+02   
    5.80000000e+03     1.45000000e+00     1.11575415e+03     3.00667283e+02     2.35621948e+02     1.27875234e+02   
    6.00000000e+03     1.50000000e+00     1.11576526e+03     3.02808483e+02     2.37160195e+02     1.29019791e+02   
    6.20000000e+03     1.55000000e+00     1.11577374e+03     2.98627653e+02     2.36585466e+02     1.29323064e+02   
    6.40000000e+03     1.60000000e+00     1.11577439e+03     3.01942781e+02     2.36225413e+02     1.26588811e+02   
    6.60000000e+03     1.65000000e+00     1.11576663e+03     3.00350978e+02     2.35761561e+02     1.26479253e+02   
    6.80000000e+03     1.70000000e+00     1.11575632e+03     3.01996205e+02     2.36126661e+02     1.26119794e+02   
    7.00000000e+03     1.75000000e+00     1.11575359e+03     3.03631674e+02     2.35132272e+02     1.22968855e+02   
    7.20000000e+03     1.80000000e+00     1.11575430e+03     3.03636900e+02     2.35332942e+02     1.24669693e+02   
    7.40000000e+03     1.85000000e+00     1.11577514e+03     2.98837417e+02     2.38383708e+02     1.28012450e+02   
    7.60000000e+03     1.90000000e+00     1.11577033e+03     3.04302033e+02     2.37106052e+02     1.24844236e+02   
    7.80000000e+03     1.95000000e+00     1.11576494e+03     3.06117427e+02     2.36352122e+02     1.22970505e+02   
    8.00000000e+03     2.00000000e+00     1.11576052e+03     3.02460883e+02     2.36892612e+02     1.24423796e+02   
    8.20000000e+03     2.05000000e+00     1.11575255e+03     3.01073162e+02     2.34716276e+02     1.24212548e+02   
    8.40000000e+03     2.10000000e+00     1.11574928e+03     3.03450674e+02     2.35849430e+02     1.26042414e+02   
    8.60000000e+03     2.15000000e+00     1.11572719e+03     3.00893222e+02     2.36272068e+02     1.23832165e+02   
    8.80000000e+03     2.20000000e+00     1.11571522e+03     2.99358286e+02     2.35553467e+02     1.22547283e+02   
    9.00000000e+03     2.25000000e+00     1.11571586e+03     3.02277989e+02     2.34058675e+02     1.21467481e+02   
    9.20000000e+03     2.30000000e+00     1.11574850e+03     3.04116327e+02     2.37959550e+02     1.25896884e+02   
    9.40000000e+03     2.35000000e+00     1.11573754e+03     3.01132392e+02     2.36077512e+02     1.26236442e+02   
    9.60000000e+03     2.40000000e+00     1.11572818e+03     3.03408679e+02     2.36540524e+02     1.23948174e+02   
    9.80000000e+03     2.45000000e+00     1.11570798e+03     3.05349743e+02     2.32155506e+02     1.20368562e+02   
    1.00000000e+04     2.50000000e+00     1.11571863e+03     3.02166100e+02     2.33363733e+02     1.22401258e+02   
    1.02000000e+04     2.55000000e+00     1.11574160e+03     3.00327521e+02     2.37399749e+02     1.28434214e+02   
    1.04000000e+04     2.60000000e+00     1.11574680e+03     3.01714006e+02     2.37621162e+02     1.27598166e+02   
    1.06000000e+04     2.65000000e+00     1.11574983e+03     3.04245348e+02     2.36537058e+02     1.26742207e+02   
    1.08000000e+04     2.70000000e+00     1.11575541e+03     2.99657379e+02     2.36819669e+02     1.26554702e+02   
    1.10000000e+04     2.75000000e+00     1.11575878e+03     3.05074514e+02     2.36775973e+02     1.27235991e+02   
    1.12000000e+04     2.80000000e+00     1.11575998e+03     3.01559912e+02     2.36676905e+02     1.28151533e+02   
    1.14000000e+04     2.85000000e+00     1.11576374e+03     3.07117135e+02     2.36175438e+02     1.27791401e+02   
    1.16000000e+04     2.90000000e+00     1.11577779e+03     3.02430080e+02     2.35921562e+02     1.28121110e+02   
    1.18000000e+04     2.95000000e+00     1.11577850e+03     3.00147196e+02     2.36488767e+02     1.27709633e+02   
    1.20000000e+04     3.00000000e+00     1.11576938e+03     3.01337992e+02     2.35672023e+02     1.27159399e+02   
    1.22000000e+04     3.05000000e+00     1.11576857e+03     3.00616024e+02     2.35616716e+02     1.27126691e+02   
    1.24000000e+04     3.10000000e+00     1.11579133e+03     3.02358922e+02     2.35962069e+02     1.27243836e+02   
    1.26000000e+04     3.15000000e+00     1.11579655e+03     3.03106857e+02     2.36067065e+02     1.25667553e+02   
    1.28000000e+04     3.20000000e+00     1.11579451e+03     2.98574289e+02     2.34881365e+02     1.26081430e+02   
    1.30000000e+04     3.25000000e+00     1.11578740e+03     3.02384832e+02     2.37729710e+02     1.27867009e+02   
    1.32000000e+04     3.30000000e+00     1.11577491e+03     3.00645868e+02     2.36295398e+02     1.25930358e+02   
    1.34000000e+04     3.35000000e+00     1.11578019e+03     2.99282231e+02     2.37561705e+02     1.27074372e+02   
    1.36000000e+04     3.40000000e+00     1.11579207e+03     3.01955345e+02     2.37570994e+02     1.27562054e+02   
    1.38000000e+04     3.45000000e+00     1.11579482e+03     3.06885253e+02     2.37013721e+02     1.26558213e+02   
    1.40000000e+04     3.50000000e+00     1.11579774e+03     3.03739000e+02     2.37192159e+02     1.26060379e+02   
    1.42000000e+04     3.55000000e+00     1.11579767e+03     3.03278507e+02     2.35774391e+02     1.24018504e+02   
    1.44000000e+04     3.60000000e+00     1.11577917e+03     3.01606513e+02     2.32585516e+02     1.22527685e+02   
    1.46000000e+04     3.65000000e+00     1.11580412e+03     2.99220389e+02     2.36676445e+02     1.29195662e+02   
    1.48000000e+04     3.70000000e+00     1.11580259e+03     3.01453918e+02     2.36778782e+02     1.28772343e+02   
    1.50000000e+04     3.75000000e+00     1.11581361e+03     3.03086272e+02     2.37645132e+02     1.28875077e+02   
    1.52000000e+04     3.80000000e+00     1.11582017e+03     3.03434646e+02     2.38138206e+02     1.28266144e+02   
    1.54000000e+04     3.85000000e+00     1.11583422e+03     3.01025020e+02     2.37813870e+02     1.29352524e+02   
    1.56000000e+04     3.90000000e+00     1.11582173e+03     3.03072222e+02     2.34996000e+02     1.26969770e+02   
    1.58000000e+04     3.95000000e+00     1.11582235e+03     3.00454024e+02     2.36920096e+02     1.29616987e+02   
    1.60000000e+04     4.00000000e+00     1.11580652e+03     3.01925913e+02     2.36057787e+02     1.26972182e+02   
    1.62000000e+04     4.05000000e+00     1.11580552e+03     3.00092900e+02     2.36386250e+02     1.27089862e+02   
    1.64000000e+04     4.10000000e+00     1.11581984e+03     3.01935460e+02     2.37962304e+02     1.29752797e+02   
    1.66000000e+04     4.15000000e+00     1.11581850e+03     2.99095195e+02     2.35347032e+02     1.28006644e+02   
    1.68000000e+04     4.20000000e+00     1.11582415e+03     3.00502928e+02     2.33331421e+02     1.25787248e+02   
    1.70000000e+04     4.25000000e+00     1.11583465e+03     2.98212258e+02     2.35362150e+02     1.26627249e+02   
    1.72000000e+04     4.30000000e+00     1.11584009e+03     2.97885648e+02     2.37961428e+02     1.31442773e+02   
    1.74000000e+04     4.35000000e+00     1.11582040e+03     3.00324802e+02     2.35331101e+02     1.26140637e+02   
    1.76000000e+04     4.40000000e+00     1.11583112e+03     2.99443135e+02     2.36907758e+02     1.27087864e+02   
    1.78000000e+04     4.45000000e+00     1.11583536e+03     3.00846046e+02     2.36585730e+02     1.27869070e+02   
    1.80000000e+04     4.50000000e+00     1.11582844e+03     3.01148758e+02     2.34713857e+02     1.26847823e+02   
    1.82000000e+04     4.55000000e+00     1.11582123e+03     3.01310624e+02     2.34927152e+02     1.24966629e+02   
    1.84000000e+04     4.60000000e+00     1.11582361e+03     3.01654382e+02     2.35549676e+02     1.24880725e+02   
    1.86000000e+04     4.65000000e+00     1.11582686e+03     3.02930403e+02     2.36871343e+02     1.26379210e+02   
    1.88000000e+04     4.70000000e+00     1.11582775e+03     3.04617600e+02     2.35207409e+02     1.25590815e+02   
    1.90000000e+04     4.75000000e+00     1.11583680e+03     3.00952538e+02     2.36290417e+02     1.28120911e+02   
    1.92000000e+04     4.80000000e+00     1.11583180e+03     3.03975613e+02     2.36617510e+02     1.25918410e+02   
    1.94000000e+04     4.85000000e+00     1.11584195e+03     3.03419586e+02     2.37103436e+02     1.25730899e+02   
    1.96000000e+04     4.90000000e+00     1.11583505e+03     3.02733954e+02     2.36100065e+02     1.25483506e+02   
    1.98000000e+04     4.95000000e+00     1.11584988e+03     3.05553679e+02     2.36909249e+02     1.25602405e+02   
    2.00000000e+04     5.00000000e+00     1.11586293e+03     3.02435417e+02     2.34473754e+02     1.24272107e+02   
    2.02000000e+04     5.05000000e+00     1.11586892e+03     3.03423844e+02     2.35439852e+02     1.23169967e+02   
    2.04000000e+04     5.10000000e+00     1.11588154e+03     3.05156527e+02     2.38327348e+02     1.26419773e+02   
    2.06000000e+04     5.15000000e+00     1.11587427e+03     3.04060821e+02     2.34840723e+02     1.22396097e+02   
    2.08000000e+04     5.20000000e+00     1.11590127e+03     3.03969974e+02     2.39481552e+02     1.28709506e+02   
    2.10000000e+04     5.25000000e+00     1.11588594e+03     3.01222402e+02     2.36197860e+02     1.26317933e+02   
    2.12000000e+04     5.30000000e+00     1.11589137e+03     3.00654996e+02     2.36300082e+02     1.27217738e+02   
    2.14000000e+04     5.35000000e+00     1.11588290e+03     3.03782382e+02     2.36326452e+02     1.25151716e+02   
    2.16000000e+04     5.40000000e+00     1.11588561e+03     3.01865534e+02     2.35733480e+02     1.26465946e+02   
    2.18000000e+04     5.45000000e+00     1.11588602e+03     2.99603119e+02     2.36052476e+02     1.27551027e+02   
    2.20000000e+04     5.50000000e+00     1.11588312e+03     3.00936648e+02     2.35600915e+02     1.28331255e+02   
    2.22000000e+04     5.55000000e+00     1.11588030e+03     3.02312964e+02     2.37244545e+02     1.29327407e+02   
    2.24000000e+04     5.60000000e+00     1.11586462e+03     2.98683034e+02     2.34693734e+02     1.25736335e+02   
    2.26000000e+04     5.65000000e+00     1.11587601e+03     2.98580058e+02     2.35304304e+02     1.26397217e+02   
    2.28000000e+04     5.70000000e+00     1.11590481e+03     3.01415632e+02     2.37231905e+02     1.28317557e+02   
    2.30000000e+04     5.75000000e+00     1.11591434e+03     3.03521106e+02     2.36842599e+02     1.28695291e+02   
    2.32000000e+04     5.80000000e+00     1.11591222e+03     3.01623882e+02     2.36092065e+02     1.28167369e+02   
    2.34000000e+04     5.85000000e+00     1.11591415e+03     3.02054188e+02     2.33859391e+02     1.27272619e+02   
    2.36000000e+04     5.90000000e+00     1.11591242e+03     3.04854522e+02     2.34130260e+02     1.24728757e+02   
    2.38000000e+04     5.95000000e+00     1.11593009e+03     2.99650793e+02     2.35453160e+02     1.27959094e+02   
    2.40000000e+04     6.00000000e+00     1.11593862e+03     3.05154807e+02     2.36687813e+02     1.28051919e+02   
    2.42000000e+04     6.05000000e+00     1.11593738e+03     3.04146892e+02     2.36765751e+02     1.27960764e+02   
    2.44000000e+04     6.10000000e+00     1.11593010e+03     3.04839979e+02     2.35567811e+02     1.26013917e+02   
    2.46000000e+04     6.15000000e+00     1.11592147e+03     3.03741600e+02     2.37242649e+02     1.27397247e+02   
    2.48000000e+04     6.20000000e+00     1.11592299e+03     3.02654116e+02     2.35232829e+02     1.24828050e+02   
    2.50000000e+04     6.25000000e+00     1.11594113e+03     3.01936160e+02     2.36744809e+02     1.27632648e+02   
    2.52000000e+04     6.30000000e+00     1.11593328e+03     3.02561865e+02     2.35465763e+02     1.24438759e+02   
    2.54000000e+04     6.35000000e+00     1.11592412e+03     2.99937612e+02     2.36711197e+02     1.26635910e+02   
    2.56000000e+04     6.40000000e+00     1.11590779e+03     3.03809762e+02     2.35008330e+02     1.22914742e+02   
    2.58000000e+04     6.45000000e+00     1.11590281e+03     3.00966104e+02     2.36462685e+02     1.24203977e+02   
    2.60000000e+04     6.50000000e+00     1.11590412e+03     3.05419187e+02     2.36898677e+02     1.23873428e+02   
    2.62000000e+04     6.55000000e+00     1.11592172e+03     3.02296482e+02     2.38543169e+02     1.27498373e+02   
    2.64000000e+04     6.60000000e+00     1.11591720e+03     3.01707306e+02     2.35025240e+02     1.23452410e+02   
    2.66000000e+04     6.65000000e+00     1.11591765e+03     3.02428420e+02     2.36865680e+02     1.25831001e+02   
    2.68000000e+04     6.70000000e+00     1.11591201e+03     3.08160380e+02     2.34902267e+02     1.22935269e+02   
    2.70000000e+04     6.75000000e+00     1.11593969e+03     3.02553194e+02     2.34416901e+02     1.24779605e+02   
    2.72000000e+04     6.80000000e+00     1.11597026e+03     3.02736467e+02     2.35192216e+02     1.25101508e+02   
    2.74000000e+04     6.85000000e+00     1.11599287e+03     2.99753017e+02     2.37397820e+02     1.28049599e+02   
    2.76000000e+04     6.90000000e+00     1.11599308e+03     3.00172507e+02     2.35521758e+02     1.27899603e+02   
    2.78000000e+04     6.95000000e+00     1.11600071e+03     3.00744820e+02     2.36833887e+02     1.28985571e+02   
    2.80000000e+04     7.00000000e+00     1.11599862e+03     3.01522109e+02     2.36377961e+02     1.27110295e+02   
    2.82000000e+04     7.05000000e+00     1.11599633e+03     2.96263481e+02     2.35223174e+02     1.28281820e+02   
    2.84000000e+04     7.10000000e+00     1.11599642e+03     2.99361086e+02     2.36234012e+02     1.28153659e+02   
    2.86000000e+04     7.15000000e+00     1.11599428e+03     3.01234200e+02     2.36163957e+02     1.29185324e+02   
    2.88000000e+04     7.20000000e+00     1.11600307e+03     3.02130264e+02     2.37205567e+02     1.28981177e+02   
    2.90000000e+04     7.25000000e+00     1.11600032e+03     2.98807268e+02     2.35323011e+02     1.29846626e+02   
    2.92000000e+04     7.30000000e+00     1.11599928e+03     2.98830754e+02     2.36314888e+02     1.29673670e+02   
    2.94000000e+04     7.35000000e+00     1.11600295e+03     2.99659115e+02     2.34856877e+02     1.29553000e+02   
    2.96000000e+04     7.40000000e+00     1.11600897e+03     3.02454369e+02     2.36213672e+02     1.29472051e+02   
    2.98000000e+04     7.45000000e+00     1.11600499e+03     3.03343068e+02     2.36159923e+02     1.28667202e+02   
    3.00000000e+04     7.50000000e+00     1.11600071e+03     3.02143757e+02     2.36791750e+02     1.29394619e+02   
    3.02000000e+04     7.55000000e+00     1.11599138e+03     3.03799221e+02     2.36559182e+02     1.27613761e+02   
    3.04000000e+04     7.60000000e+00     1.11599060e+03     3.02612130e+02     2.35694037e+02     1.27457972e+02   
    3.06000000e+04     7.65000000e+00     1.11599525e+03     3.00409282e+02     2.36978303e+02     1.24958691e+02   
    3.08000000e+04     7.70000000e+00     1.11599656e+03     3.03785273e+02     2.36005609e+02     1.26608492e+02   
    3.10000000e+04     7.75000000e+00     1.11598837e+03     3.03298744e+02     2.34958522e+02     1.23462873e+02   
    3.12000000e+04     7.80000000e+00     1.11602098e+03     3.00173838e+02     2.36395714e+02     1.27763308e+02   
    3.14000000e+04     7.85000000e+00     1.11602806e+03     2.99022841e+02     2.38552476e+02     1.28630481e+02   
    3.16000000e+04     7.90000000e+00     1.11602409e+03     3.04948615e+02     2.35934159e+02     1.27321364e+02   
    3.18000000e+04     7.95000000e+00     1.11602652e+03     3.02674232e+02     2.36684206e+02     1.28068757e+02   
    3.20000000e+04     8.00000000e+00     1.11601818e+03     3.05026598e+02     2.36609583e+02     1.26489702e+02   
    3.22000000e+04     8.05000000e+00     1.11602185e+03     3.04299295e+02     2.37748663e+02     1.27693840e+02   
    3.24000000e+04     8.10000000e+00     1.11600620e+03     3.03651087e+02     2.35495419e+02     1.26075379e+02   
    3.26000000e+04     8.15000000e+00     1.11602347e+03     3.00417823e+02     2.37986154e+02     1.29739897e+02   
    3.28000000e+04     8.20000000e+00     1.11602231e+03     3.04193281e+02     2.37144282e+02     1.29193755e+02   
    3.30000000e+04     8.25000000e+00     1.11601867e+03     3.02045859e+02     2.37221104e+02     1.27951651e+02   
    3.32000000e+04     8.30000000e+00     1.11602495e+03     3.00631810e+02     2.35888799e+02     1.28014587e+02   
    3.34000000e+04     8.35000000e+00     1.11603804e+03     3.02927099e+02     2.37500228e+02     1.29425527e+02   
    3.36000000e+04     8.40000000e+00     1.11602326e+03     2.98161502e+02     2.36505418e+02     1.29851731e+02   
    3.38000000e+04     8.45000000e+00     1.11602818e+03     2.99337259e+02     2.36140498e+02     1.28461783e+02   
    3.40000000e+04     8.50000000e+00     1.11602611e+03     3.01956707e+02     2.34981285e+02     1.26876232e+02   
    3.42000000e+04     8.55000000e+00     1.11603574e+03     3.00759174e+02     2.36725238e+02     1.27753621e+02   
    3.44000000e+04     8.60000000e+00     1.11605164e+03     3.00892087e+02     2.37091664e+02     1.27543397e+02   
    3.46000000e+04     8.65000000e+00     1.11604130e+03     3.00170455e+02     2.36180877e+02     1.26266370e+02   
    3.48000000e+04     8.70000000e+00     1.11605308e+03     3.00250795e+02     2.36704399e+02     1.25741037e+02   
    3.50000000e+04     8.75000000e+00     1.11606048e+03     3.01260722e+02     2.37893304e+02     1.26842982e+02   
    3.52000000e+04     8.80000000e+00     1.11606300e+03     3.02264244e+02     2.36055142e+02     1.23549319e+02   
    3.54000000e+04     8.85000000e+00     1.11606982e+03     3.02446267e+02     2.36622204e+02     1.24195547e+02   
    3.56000000e+04     8.90000000e+00     1.11607114e+03     3.00587294e+02     2.36823873e+02     1.25933843e+02   
    3.58000000e+04     8.95000000e+00     1.11606619e+03     3.02324013e+02     2.36751855e+02     1.25842171e+02   
    3.60000000e+04     9.00000000e+00     1.11606413e+03     3.03926316e+02     2.37574470e+02     1.24604486e+02   
    3.62000000e+04     9.05000000e+00     1.11606480e+03     3.05459035e+02     2.36640241e+02     1.23628243e+02   
    3.64000000e+04     9.10000000e+00     1.11607177e+03     3.02195881e+02     2.38728933e+02     1.25890391e+02   
    3.66000000e+04     9.15000000e+00     1.11606997e+03     3.03042422e+02     2.37813838e+02     1.25590035e+02   
    3.68000000e+04     9.20000000e+00     1.11605856e+03     3.02897895e+02     2.35770562e+02     1.22592972e+02   
    3.70000000e+04     9.25000000e+00     1.11606878e+03     3.01225987e+02     2.37961764e+02     1.25285928e+02   
    3.72000000e+04     9.30000000e+00     1.11604933e+03     3.04791239e+02     2.33107454e+02     1.18659364e+02   
    3.74000000e+04     9.35000000e+00     1.11608046e+03     3.05520881e+02     2.36799133e+02     1.25928963e+02   
    3.76000000e+04     9.40000000e+00     1.11607542e+03     3.03942914e+02     2.36488354e+02     1.23276080e+02   
    3.78000000e+04     9.45000000e+00     1.11608962e+03     2.98672011e+02     2.35678602e+02     1.26221489e+02   
    3.80000000e+04     9.50000000e+00     1.11608895e+03     3.04576964e+02     2.35237526e+02     1.23030946e+02   
    3.82000000e+04     9.55000000e+00     1.11610426e+03     2.99761048e+02     2.36694283e+02     1.27074989e+02   
    3.84000000e+04     9.60000000e+00     1.11610520e+03     3.01423965e+02     2.38076234e+02     1.26724046e+02   
    3.86000000e+04     9.65000000e+00     1.11609598e+03     3.02046730e+02     2.34517538e+02     1.25286099e+02   
    3.88000000e+04     9.70000000e+00     1.11610052e+03     3.00675830e+02     2.35890188e+02     1.26775918e+02   
    3.90000000e+04     9.75000000e+00     1.11611223e+03     3.01687887e+02     2.38535794e+02     1.30535452e+02   
    3.92000000e+04     9.80000000e+00     1.11609466e+03     2.97283152e+02     2.36658136e+02     1.27426819e+02   
    3.94000000e+04     9.85000000e+00     1.11609783e+03     2.99369201e+02     2.35007675e+02     1.25276226e+02   
    3.96000000e+04     9.90000000e+00     1.11611891e+03     3.01520893e+02     2.36353017e+02     1.30131776e+02   
    3.98000000e+04     9.95000000e+00     1.11612692e+03     2.97616935e+02     2.36651638e+02     1.30125201e+02   
    4.00000000e+04     1.00000000e+01     1.11615369e+03     2.97179975e+02     2.37736149e+02     1.33453219e+02   
    4.02000000e+04     1.00500000e+01     1.11613731e+03     3.01428573e+02     2.35827640e+02     1.27203490e+02   
    4.04000000e+04     1.01000000e+01     1.11614367e+03     2.99831898e+02     2.37638960e+02     1.29280050e+02   
    4.06000000e+04     1.01500000e+01     1.11613922e+03     2.98707620e+02     2.36232310e+02     1.28749370e+02   
    4.08000000e+04     1.02000000e+01     1.11613791e+03     2.99423180e+02     2.33757396e+02     1.24124087e+02   
    4.10000000e+04     1.02500000e+01     1.11614025e+03     3.01390691e+02     2.34999292e+02     1.27174759e+02   
    4.12000000e+04     1.03000000e+01     1.11615242e+03     3.01340117e+02     2.37421149e+02     1.27856712e+02   
    4.14000000e+04     1.03500000e+01     1.11613108e+03     2.99317837e+02     2.33809518e+02     1.23987003e+02   
    4.16000000e+04     1.04000000e+01     1.11613932e+03     3.00189630e+02     2.35656814e+02     1.25605610e+02   
    4.18000000e+04     1.04500000e+01     1.11614922e+03     2.99480709e+02     2.37416726e+02     1.28247497e+02   
    4.20000000e+04     1.05000000e+01     1.11613804e+03     2.99795063e+02     2.36036958e+02     1.25244728e+02   
    4.22000000e+04     1.05500000e+01     1.11614247e+03     3.02827169e+02     2.36913282e+02     1.27618834e+02   
    4.24000000e+04     1.06000000e+01     1.11612848e+03     3.01727536e+02     2.37049929e+02     1.25566936e+02   
    4.26000000e+04     1.06500000e+01     1.11612550e+03     3.03319915e+02     2.35966560e+02     1.24007506e+02   
    4.28000000e+04     1.07000000e+01     1.11614382e+03     2.99752544e+02     2.37227185e+02     1.26972318e+02   
    4.30000000e+04     1.07500000e+01     1.11613865e+03     2.97443413e+02     2.36256648e+02     1.24129559e+02   
    4.32000000e+04     1.08000000e+01     1.11614086e+03     3.02237201e+02     2.35119018e+02     1.24510356e+02   
    4.34000000e+04     1.08500000e+01     1.11614720e+03     3.02176033e+02     2.37055127e+02     1.25791241e+02   
    4.36000000e+04     1.09000000e+01     1.11614760e+03     3.01466512e+02     2.36177354e+02     1.25900506e+02   
    4.38000000e+04     1.09500000e+01     1.11614747e+03     3.00619747e+02     2.35336342e+02     1.24990773e+02   
    4.40000000e+04     1.10000000e+01     1.11616018e+03     3.01720398e+02     2.35202623e+02     1.24894709e+02   
    4.42000000e+04     1.10500000e+01     1.11616974e+03     3.02635042e+02     2.35234199e+02     1.24938106e+02   
    4.44000000e+04     1.11000000e+01     1.11616728e+03     3.01611054e+02     2.35919972e+02     1.26155824e+02   
    4.46000000e+04     1.11500000e+01     1.11615603e+03     3.00450932e+02     2.36701268e+02     1.26079541e+02   
    4.48000000e+04     1.12000000e+01     1.11615209e+03     2.99828763e+02     2.36818554e+02     1.25972791e+02   
    4.50000000e+04     1.12500000e+01     1.11615714e+03     2.96986629e+02     2.35970276e+02     1.27247363e+02   
    4.52000000e+04     1.13000000e+01     1.11616044e+03     3.00421762e+02     2.37342529e+02     1.29146031e+02   
    4.54000000e+04     1.13500000e+01     1.11615489e+03     2.99181071e+02     2.36575336e+02     1.27537864e+02   
    4.56000000e+04     1.14000000e+01     1.11615157e+03     3.01000596e+02     2.35232211e+02     1.26030291e+02   
    4.58000000e+04     1.14500000e+01     1.11616155e+03     3.00422492e+02     2.36771263e+02     1.27834165e+02   
    4.60000000e+04     1.15000000e+01     1.11615441e+03     3.00083788e+02     2.37135605e+02     1.28538094e+02   
    4.62000000e+04     1.15500000e+01     1.11614259e+03     2.98460252e+02     2.34395812e+02     1.26063618e+02   
    4.64000000e+04     1.16000000e+01     1.11615197e+03     3.01428934e+02     2.37040149e+02     1.27957802e+02   
    4.66000000e+04     1.16500000e+01     1.11616573e+03     3.02906876e+02     2.36342696e+02     1.26769765e+02   
    4.68000000e+04     1.17000000e+01     1.11616746e+03     3.01062369e+02     2.36041418e+02     1.23872467e+02   
    4.70000000e+04     1.17500000e+01     1.11616660e+03     2.98012202e+02     2.34850970e+02     1.24088626e+02   
    4.72000000e+04     1.18000000e+01     1.11616847e+03     3.01316832e+02     2.36841931e+02     1.24156094e+02   
    4.74000000e+04     1.18500000e+01     1.11615316e+03     3.02512441e+02     2.35129135e+02     1.23027666e+02   
    4.76000000e+04     1.19000000e+01     1.11614991e+03     3.01378896e+02     2.37527051e+02     1.25268152e+02   
    4.78000000e+04     1.19500000e+01     1.11613938e+03     3.04453416e+02     2.36313574e+02     1.23475698e+02   
    4.80000000e+04     1.20000000e+01     1.11614249e+03     3.02532945e+02     2.35436534e+02     1.23776807e+02   
    4.82000000e+04     1.20500000e+01     1.11615429e+03     3.03384711e+02     2.36121054e+02     1.25913066e+02   
    4.84000000e+04     1.21000000e+01     1.11615865e+03     2.96210980e+02     2.36479115e+02     1.27362762e+02   
    4.86000000e+04     1.21500000e+01     1.11614786e+03     3.02665558e+02     2.37633069e+02     1.25849178e+02   
    4.88000000e+04     1.22000000e+01     1.11611936e+03     3.06535009e+02     2.33548376e+02     1.21734108e+02   
    4.90000000e+04     1.22500000e+01     1.11613030e+03     3.04754560e+02     2.37190718e+02     1.24008494e+02   
    4.92000000e+04     1.23000000e+01     1.11612792e+03     2.98960676e+02     2.35541316e+02     1.24797349e+02   
    4.94000000e+04     1.23500000e+01     1.11612511e+03     3.01251322e+02     2.34932324e+02     1.23824046e+02   
    4.96000000e+04     1.24000000e+01     1.11612635e+03     3.02019262e+02     2.35487004e+02     1.25094695e+02   
    4.98000000e+04     1.24500000e+01     1.11611284e+03     2.99619166e+02     2.35258314e+02     1.25099596e+02   
    5.00000000e+04     1.25000000e+01     1.11609643e+03     3.01196489e+02     2.34663985e+02     1.24003891e+02   
    5.02000000e+04     1.25500000e+01     1.11609402e+03     3.00514308e+02     2.34859875e+02     1.23686865e+02   
    5.04000000e+04     1.26000000e+01     1.11611081e+03     3.03081235e+02     2.37475112e+02     1.27981775e+02   
    5.06000000e+04     1.26500000e+01     1.11610753e+03     2.96791652e+02     2.36888044e+02     1.27592928e+02   
    5.08000000e+04     1.27000000e+01     1.11609724e+03     3.02186366e+02     2.35622138e+02     1.27061717e+02   
    5.10000000e+04     1.27500000e+01     1.11610316e+03     3.01201306e+02     2.37469205e+02     1.26813430e+02   
    5.12000000e+04     1.28000000e+01     1.11610841e+03     3.00055313e+02     2.37086008e+02     1.27198227e+02   
    5.14000000e+04     1.28500000e+01     1.11611199e+03     3.00515371e+02     2.36067968e+02     1.26067759e+02   
    5.16000000e+04     1.29000000e+01     1.11612614e+03     3.02376714e+02     2.38941966e+02     1.29565400e+02   
    5.18000000e+04     1.29500000e+01     1.11611213e+03     3.00462535e+02     2.37191727e+02     1.25324714e+02   
    5.20000000e+04     1.30000000e+01     1.11611724e+03     3.01092946e+02     2.38154166e+02     1.26206469e+02   
    5.22000000e+04     1.30500000e+01     1.11610020e+03     3.01456125e+02     2.35721171e+02     1.23394653e+02   
    5.24000000e+04     1.31000000e+01     1.11608989e+03     2.98873627e+02     2.35524798e+02     1.24156814e+02   
    5.26000000e+04     1.31500000e+01     1.11607835e+03     2.98949459e+02     2.36020298e+02     1.24176012e+02   
    5.28000000e+04     1.32000000e+01     1.11607360e+03     3.02072104e+02     2.37022804e+02     1.25764952e+02   
    5.30000000e+04     1.32500000e+01     1.11606653e+03     3.02107614e+02     2.35075514e+02     1.23466150e+02   
    5.32000000e+04     1.33000000e+01     1.11606421e+03     3.03545319e+02     2.35484157e+02     1.23741940e+02   
    5.34000000e+04     1.33500000e+01     1.11607645e+03     3.00835478e+02     2.36737257e+02     1.26319436e+02   
    5.36000000e+04     1.34000000e+01     1.11608007e+03     3.01723834e+02     2.38122363e+02     1.26888363e+02   
    5.38000000e+04     1.34500000e+01     1.11608048e+03     3.01523016e+02     2.36637153e+02     1.27650880e+02   
    5.40000000e+04     1.35000000e+01     1.11607136e+03     3.01673812e+02     2.36686070e+02     1.25516161e+02   
    5.42000000e+04     1.35500000e+01     1.11606485e+03     3.02721388e+02     2.36141991e+02     1.27902928e+02   
    5.44000000e+04     1.36000000e+01     1.11606046e+03     2.98357728e+02     2.37523044e+02     1.27279323e+02   
    5.46000000e+04     1.36500000e+01     1.11607052e+03     3.00927316e+02     2.36932348e+02     1.29343402e+02   
    5.48000000e+04     1.37000000e+01     1.11605330e+03     3.03419721e+02     2.34474513e+02     1.24937248e+02   
    5.50000000e+04     1.37500000e+01     1.11606272e+03     3.01190068e+02     2.34658107e+02     1.25993318e+02   
    5.52000000e+04     1.38000000e+01     1.11606757e+03     2.97498089e+02     2.35989450e+02     1.26269760e+02   
    5.54000000e+04     1.38500000e+01     1.11608469e+03     3.00431127e+02     2.35465193e+02     1.27576547e+02   
    5.56000000e+04     1.39000000e+01     1.11607764e+03     3.03449260e+02     2.33843380e+02     1.23786513e+02   
    5.58000000e+04     1.39500000e+01     1.11609367e+03     3.03623336e+02     2.35704942e+02     1.25332852e+02   
    5.60000000e+04     1.40000000e+01     1.11610023e+03     2.99045206e+02     2.37567601e+02     1.26235288e+02   
    5.62000000e+04     1.40500000e+01     1.11609366e+03     3.00343249e+02     2.35370121e+02     1.24683451e+02   
    5.64000000e+04     1.41000000e+01     1.11610278e+03     3.01894517e+02     2.36654116e+02     1.24913243e+02   
    5.66000000e+04     1.41500000e+01     1.11613169e+03     3.01917616e+02     2.37481041e+02     1.27275839e+02   
    5.68000000e+04     1.42000000e+01     1.11613967e+03     3.02606714e+02     2.35113377e+02     1.28139650e+02   
    5.70000000e+04     1.42500000e+01     1.11613429e+03     3.03571191e+02     2.34977436e+02     1.26439746e+02   
    5.72000000e+04     1.43000000e+01     1.11613950e+03     3.00505855e+02     2.36957465e+02     1.29249289e+02   
    5.74000000e+04     1.43500000e+01     1.11611556e+03     3.01435924e+02     2.37311249e+02     1.24584900e+02   
    5.76000000e+04     1.44000000e+01     1.11611356e+03     2.98566797e+02     2.36306487e+02     1.25320026e+02   
    5.78000000e+04     1.44500000e+01     1.11611441e+03     3.03489282e+02     2.36896212e+02     1.25357791e+02   
    5.80000000e+04     1.45000000e+01     1.11611245e+03     2.99954347e+02     2.35611728e+02     1.24124245e+02   
    5.82000000e+04     1.45500000e+01     1.11612225e+03     3.02495093e+02     2.37537773e+02     1.25950918e+02   
    5.84000000e+04     1.46000000e+01     1.11610227e+03     3.01062234e+02     2.34792032e+02     1.23073469e+02   
    5.86000000e+04     1.46500000e+01     1.11611380e+03     3.00604466e+02     2.37506296e+02     1.26658003e+02   
    5.88000000e+04     1.47000000e+01     1.11612600e+03     3.03467421e+02     2.35537578e+02     1.24935350e+02   
    5.90000000e+04     1.47500000e+01     1.11614242e+03     3.00827720e+02     2.38915819e+02     1.27806962e+02   
    5.92000000e+04     1.48000000e+01     1.11613366e+03     3.03032287e+02     2.36733972e+02     1.23811683e+02   
    5.94000000e+04     1.48500000e+01     1.11613792e+03     3.03981703e+02     2.36355197e+02     1.24231818e+02   
    5.96000000e+04     1.49000000e+01     1.11613222e+03     3.01261255e+02     2.36565733e+02     1.24230811e+02   
    5.98000000e+04     1.49500000e+01     1.11613806e+03     3.02928262e+02     2.38144394e+02     1.25159443e+02   
    6.00000000e+04     1.50000000e+01     1.11613052e+03     3.00803985e+02     2.37931975e+02     1.27283024e+02   
    6.02000000e+04     1.50500000e+01     1.11612069e+03     3.03314398e+02     2.34476196e+02     1.20608980e+02   
    6.04000000e+04     1.51000000e+01     1.11613735e+03     3.02503087e+02     2.36691835e+02     1.25423908e+02   
    6.06000000e+04     1.51500000e+01     1.11613348e+03     3.00559397e+02     2.36744278e+02     1.23949560e+02   
    6.08000000e+04     1.52000000e+01     1.11615072e+03     3.00692899e+02     2.36046011e+02     1.26341375e+02   
    6.10000000e+04     1.52500000e+01     1.11615107e+03     3.00472327e+02     2.36800659e+02     1.26557946e+02   
    6.12000000e+04     1.53000000e+01     1.11616486e+03     3.04896921e+02     2.35377118e+02     1.25311573e+02   
    6.14000000e+04     1.53500000e+01     1.11617278e+03     3.00772393e+02     2.35755434e+02     1.23445151e+02   
    6.16000000e+04     1.54000000e+01     1.11618179e+03     3.01561434e+02     2.37332330e+02     1.25499371e+02   
    6.18000000e+04     1.54500000e+01     1.11616699e+03     3.04554783e+02     2.34580453e+02     1.23152477e+02   
    6.20000000e+04     1.55000000e+01     1.11616946e+03     3.03546559e+02     2.35025024e+02     1.25225714e+02   
    6.22000000e+04     1.55500000e+01     1.11617432e+03     3.04252415e+02     2.37919120e+02     1.28834658e+02   
    6.24000000e+04     1.56000000e+01     1.11617989e+03     3.03027422e+02     2.35696984e+02     1.25615896e+02   
    6.26000000e+04     1.56500000e+01     1.11618170e+03     2.99962405e+02     2.34804256e+02     1.25726596e+02   
    6.28000000e+04     1.57000000e+01     1.11618943e+03     3.00581058e+02     2.35656932e+02     1.27317080e+02   
    6.30000000e+04     1.57500000e+01     1.11619416e+03     2.97330852e+02     2.36339126e+02     1.29105026e+02   
    6.32000000e+04     1.58000000e+01     1.11617804e+03     2.99059487e+02     2.35556018e+02     1.27404609e+02   
    6.34000000e+04     1.58500000e+01     1.11617853e+03     2.98023415e+02     2.35108819e+02     1.27085166e+02   
    6.36000000e+04     1.59000000e+01     1.11619579e+03     3.00526200e+02     2.36506950e+02     1.27283099e+02   
    6.38000000e+04     1.59500000e+01     1.11619568e+03     3.02408849e+02     2.35829652e+02     1.25837170e+02   
    6.40000000e+04     1.60000000e+01     1.11619657e+03     3.01178774e+02     2.36608490e+02     1.26326405e+02   
    6.42000000e+04     1.60500000e+01     1.11620606e+03     2.97842302e+02     2.38248157e+02     1.28855640e+02   
    6.44000000e+04     1.61000000e+01     1.11619811e+03     3.02666632e+02     2.36895594e+02     1.25490064e+02   
    6.46000000e+04     1.61500000e+01     1.11620316e+03     3.01878331e+02     2.36378210e+02     1.25317359e+02   
    6.48000000e+04     1.62000000e+01     1.11619716e+03     3.04369945e+02     2.35972447e+02     1.23877267e+02   
    6.50000000e+04     1.62500000e+01     1.11620208e+03     3.02563001e+02     2.37811416e+02     1.27142262e+02   
    6.52000000e+04     1.63000000e+01     1.11621964e+03     2.99949369e+02     2.39617341e+02     1.28490002e+02   
    6.54000000e+04     1.63500000e+01     1.11621325e+03     3.00759731e+02     2.35806722e+02     1.25652946e+02   
    6.56000000e+04     1.64000000e+01     1.11621525e+03     2.97521532e+02     2.37306912e+02     1.27003680e+02   
    6.58000000e+04     1.64500000e+01     1.11621547e+03     3.01515119e+02     2.35881346e+02     1.25133766e+02   
    6.60000000e+04     1.65000000e+01     1.11621135e+03     2.98380485e+02     2.36146810e+02     1.25538688e+02   
    6.62000000e+04     1.65500000e+01     1.11621585e+03     3.03180822e+02     2.38193284e+02     1.26296228e+02   
    6.64000000e+04     1.66000000e+01     1.11621457e+03     3.03258859e+02     2.37119475e+02     1.25619751e+02   
    6.66000000e+04     1.66500000e+01     1.11622105e+03     3.02064415e+02     2.37996350e+02     1.28236772e+02   
    6.68000000e+04     1.67000000e+01     1.11620581e+03     3.01611370e+02     2.34379356e+02     1.22829090e+02   
    6.70000000e+04     1.67500000e+01     1.11619628e+03     2.99006787e+02     2.34715272e+02     1.22861188e+02   
    6.72000000e+04     1.68000000e+01     1.11620412e+03     2.99592901e+02     2.36523167e+02     1.26339122e+02   
    6.74000000e+04     1.68500000e+01     1.11620297e+03     2.99319760e+02     2.34589771e+02     1.27546098e+02   
    6.76000000e+04     1.69000000e+01     1.11620509e+03     3.00724639e+02     2.36131498e+02     1.28651245e+02   
    6.78000000e+04     1.69500000e+01     1.11620648e+03     3.02091883e+02     2.34957663e+02     1.24583357e+02   
    6.80000000e+04     1.70000000e+01     1.11620649e+03     3.00990574e+02     2.35269442e+02     1.24604631e+02   
    6.82000000e+04     1.70500000e+01     1.11620819e+03     2.99358086e+02     2.37894388e+02     1.28082689e+02   
    6.84000000e+04     1.71000000e+01     1.11618930e+03     3.02627216e+02     2.35262538e+02     1.26259590e+02   
    6.86000000e+04     1.71500000e+01     1.11621116e+03     3.01411566e+02     2.37809115e+02     1.29588822e+02   
    6.88000000e+04     1.72000000e+01     1.11618858e+03     3.05944656e+02     2.35859181e+02     1.25653597e+02   
    6.90000000e+04     1.72500000e+01     1.11619087e+03     3.06380982e+02     2.36516459e+02     1.27369596e+02   
    6.92000000e+04     1.73000000e+01     1.11618751e+03     3.02486391e+02     2.35865968e+02     1.27225179e+02   
    6.94000000e+04     1.73500000e+01     1.11618665e+03     2.99796764e+02     2.37108675e+02     1.28781926e+02   
    6.96000000e+04     1.74000000e+01     1.11619697e+03     3.03521063e+02     2.37523551e+02     1.28295152e+02   
    6.98000000e+04     1.74500000e+01     1.11619038e+03     3.00084000e+02     2.35614216e+02     1.26528883e+02   
    7.00000000e+04     1.75000000e+01     1.11619874e+03     3.00494130e+02     2.36221352e+02     1.28472760e+02   
    7.02000000e+04     1.75500000e+01     1.11619532e+03     3.00325989e+02     2.37148197e+02     1.28341095e+02   
    7.04000000e+04     1.76000000e+01     1.11619949e+03     3.01231308e+02     2.35757718e+02     1.27476712e+02   
    7.06000000e+04     1.76500000e+01     1.11621574e+03     3.03305077e+02     2.38160740e+02     1.29134262e+02   
    7.08000000e+04     1.77000000e+01     1.11619147e+03     3.05264438e+02     2.33630771e+02     1.22612511e+02   
    7.10000000e+04     1.77500000e+01     1.11618077e+03     3.00949820e+02     2.34800102e+02     1.23183745e+02   
    7.12000000e+04     1.78000000e+01     1.11619617e+03     3.03411867e+02     2.37283099e+02     1.25550444e+02   
    7.14000000e+04     1.78500000e+01     1.11619325e+03     3.02361305e+02     2.36262413e+02     1.23792195e+02   
    7.16000000e+04     1.79000000e+01     1.11621006e+03     3.04780361e+02     2.38887382e+02     1.29127717e+02   
    7.18000000e+04     1.79500000e+01     1.11619169e+03     2.99440518e+02     2.35759925e+02     1.23289986e+02   
    7.20000000e+04     1.80000000e+01     1.11619197e+03     3.00983542e+02     2.35794230e+02     1.25873137e+02   
    7.22000000e+04     1.80500000e+01     1.11618550e+03     3.01563558e+02     2.35510706e+02     1.22639364e+02   
    7.24000000e+04     1.81000000e+01     1.11618781e+03     3.01151976e+02     2.38152364e+02     1.26598149e+02   
    7.26000000e+04     1.81500000e+01     1.11618940e+03     2.99617713e+02     2.36913797e+02     1.25559173e+02   
    7.28000000e+04     1.82000000e+01     1.11617096e+03     3.01494629e+02     2.35419886e+02     1.24304469e+02   
    7.30000000e+04     1.82500000e+01     1.11614626e+03     3.02269950e+02     2.33707940e+02     1.21125773e+02   
    7.32000000e+04     1.83000000e+01     1.11614765e+03     3.01444364e+02     2.36192419e+02     1.22063102e+02   
    7.34000000e+04     1.83500000e+01     1.11614969e+03     3.00681970e+02     2.35927078e+02     1.22319562e+02   
    7.36000000e+04     1.84000000e+01     1.11615501e+03     3.02350850e+02     2.35153339e+02     1.22497537e+02   
    7.38000000e+04     1.84500000e+01     1.11615433e+03     3.00585746e+02     2.34571438e+02     1.24075427e+02   
    7.40000000e+04     1.85000000e+01     1.11616459e+03     2.98566449e+02     2.35932104e+02     1.25137401e+02   
    7.42000000e+04     1.85500000e+01     1.11617343e+03     3.01891097e+02     2.36450300e+02     1.25242113e+02   
    7.44000000e+04     1.86000000e+01     1.11618884e+03     3.01822198e+02     2.36584442e+02     1.27532529e+02   
    7.46000000e+04     1.86500000e+01     1.11618679e+03     2.98976598e+02     2.35072619e+02     1.25749188e+02   
    7.48000000e+04     1.87000000e+01     1.11619661e+03     3.01192816e+02     2.36585704e+02     1.27152699e+02   
    7.50000000e+04     1.87500000e+01     1.11620329e+03     2.99386677e+02     2.36455715e+02     1.24724838e+02   
    7.52000000e+04     1.88000000e+01     1.11619705e+03     3.02560546e+02     2.36306027e+02     1.24202565e+02   
    7.54000000e+04     1.88500000e+01     1.11619213e+03     3.00937612e+02     2.34962836e+02     1.22980902e+02   
    7.56000000e+04     1.89000000e+01     1.11620275e+03     2.97388230e+02     2.35484840e+02     1.25358099e+02   
    7.58000000e+04     1.89500000e+01     1.11619951e+03     2.99576010e+02     2.34373811e+02     1.23783963e+02   
    7.60000000e+04     1.90000000e+01     1.11619118e+03     3.01824844e+02     2.35949014e+02     1.24407231e+02   
    7.62000000e+04     1.90500000e+01     1.11620121e+03     3.01847950e+02     2.37208736e+02     1.26432263e+02   
    7.64000000e+04     1.91000000e+01     1.11618732e+03     3.00389968e+02     2.36313595e+02     1.24205839e+02   
    7.66000000e+04     1.91500000e+01     1.11620584e+03     3.02709459e+02     2.37627961e+02     1.28898684e+02   
    7.68000000e+04     1.92000000e+01     1.11619564e+03     3.02709190e+02     2.36448174e+02     1.26751922e+02   
    7.70000000e+04     1.92500000e+01     1.11619932e+03     3.00083269e+02     2.37385758e+02     1.29737490e+02   
    7.72000000e+04     1.93000000e+01     1.11619023e+03     3.04334730e+02     2.36232746e+02     1.25486887e+02   
    7.74000000e+04     1.93500000e+01     1.11619710e+03     3.00223054e+02     2.37415971e+02     1.29169116e+02   
    7.76000000e+04     1.94000000e+01     1.11618874e+03     2.98064328e+02     2.35871408e+02     1.26525739e+02   
    7.78000000e+04     1.94500000e+01     1.11619117e+03     3.02162958e+02     2.35829208e+02     1.28153121e+02   
    7.80000000e+04     1.95000000e+01     1.11619319e+03     3.01375946e+02     2.38055024e+02     1.29039777e+02   
    7.82000000e+04     1.95500000e+01     1.11619434e+03     3.00695456e+02     2.36163339e+02     1.28253065e+02   
    7.84000000e+04     1.96000000e+01     1.11619046e+03     2.99602137e+02     2.34996497e+02     1.25668577e+02   
    7.86000000e+04     1.96500000e+01     1.11619321e+03     3.00003470e+02     2.36389282e+02     1.28598549e+02   
    7.88000000e+04     1.97000000e+01     1.11620045e+03     3.00402608e+02     2.35866026e+02     1.29090925e+02   
    7.90000000e+04     1.97500000e+01     1.11619851e+03     3.02305128e+02     2.37190583e+02     1.28833230e+02   
    7.92000000e+04     1.98000000e+01     1.11619508e+03     2.97906778e+02     2.36611997e+02     1.28485123e+02   
    7.94000000e+04     1.98500000e+01     1.11618858e+03     3.02005783e+02     2.34324906e+02     1.26207276e+02   
    7.96000000e+04     1.99000000e+01     1.11620622e+03     3.00097770e+02     2.39387270e+02     1.30127987e+02   
    7.98000000e+04     1.99500000e+01     1.11619655e+03     3.01253205e+02     2.34933275e+02     1.26897192e+02   
    8.00000000e+04     2.00000000e+01     1.11619851e+03     2.97747385e+02     2.34421869e+02     1.28251743e+02   
