# column   1     --> step : The current simulation time step.
# column   2     --> time{picosecond} : The elapsed simulation time.
# column   3     --> conserved{electronvolt} : The value of the conserved energy quantity per bead.
# column   4     --> temperature{kelvin} : The current temperature, as obtained from the MD kinetic energy.
# column   5     --> kinetic_cv{electronvolt} : The centroid-virial quantum kinetic energy of the physical system.
# column   6     --> potential{electronvolt} : The physical system potential energy.
    0.00000000e+00     0.00000000e+00     1.11983754e+03     3.04273373e+02     2.34607008e+02     1.30043684e+02   
    2.00000000e+02     5.00000000e-02     1.11983762e+03     3.00018791e+02     2.36786411e+02     1.30120362e+02   
    4.00000000e+02     1.00000000e-01     1.11983222e+03     3.03424138e+02     2.36819468e+02     1.30032049e+02   
    6.00000000e+02     1.50000000e-01     1.11981551e+03     3.01972387e+02     2.33517211e+02     1.26008878e+02   
    8.00000000e+02     2.00000000e-01     1.11982623e+03     3.01112289e+02     2.36487337e+02     1.30315685e+02   
    1.00000000e+03     2.50000000e-01     1.11983557e+03     3.04964917e+02     2.36279787e+02     1.29086640e+02   
    1.20000000e+03     3.00000000e-01     1.11983258e+03     2.99561008e+02     2.36264752e+02     1.29570899e+02   
    1.40000000e+03     3.50000000e-01     1.11982414e+03     3.03322349e+02     2.34393887e+02     1.25823903e+02   
    1.60000000e+03     4.00000000e-01     1.11982848e+03     3.01340433e+02     2.34823469e+02     1.26431921e+02   
    1.80000000e+03     4.50000000e-01     1.11983418e+03     3.01449141e+02     2.35003469e+02     1.27177285e+02   
    2.00000000e+03     5.00000000e-01     1.11985092e+03     3.01177292e+02     2.37075986e+02     1.29397148e+02   
    2.20000000e+03     5.50000000e-01     1.11984295e+03     2.97603386e+02     2.35514525e+02     1.26880833e+02   
    2.40000000e+03     6.00000000e-01     1.11983999e+03     3.01213935e+02     2.36712834e+02     1.27104325e+02   
    2.60000000e+03     6.50000000e-01     1.11982548e+03     3.02302622e+02     2.36012345e+02     1.25022690e+02   
    2.80000000e+03     7.00000000e-01     1.11982183e+03     3.03706740e+02     2.37935741e+02     1.26660746e+02   
    3.00000000e+03     7.50000000e-01     1.11981717e+03     3.01716172e+02     2.36957605e+02     1.25058490e+02   
    3.20000000e+03     8.00000000e-01     1.11980383e+03     3.01715259e+02     2.34586235e+02     1.22581901e+02   
    3.40000000e+03     8.50000000e-01     1.11981615e+03     3.02989174e+02     2.36257522e+02     1.23588016e+02   
    3.60000000e+03     9.00000000e-01     1.11982436e+03     3.01687585e+02     2.35523452e+02     1.23923999e+02   
    3.80000000e+03     9.50000000e-01     1.11983465e+03     3.04566410e+02     2.37395545e+02     1.27542752e+02   
    4.00000000e+03     1.00000000e+00     1.11983931e+03     3.01608323e+02     2.35052568e+02     1.27415572e+02   
    4.20000000e+03     1.05000000e+00     1.11984835e+03     3.00185342e+02     2.36023257e+02     1.28863215e+02   
    4.40000000e+03     1.10000000e+00     1.11984799e+03     2.98630063e+02     2.36477957e+02     1.29002925e+02   
    4.60000000e+03     1.15000000e+00     1.11986104e+03     3.01363120e+02     2.37025484e+02     1.27579454e+02   
    4.80000000e+03     1.20000000e+00     1.11987726e+03     3.04358743e+02     2.37479289e+02     1.27658261e+02   
    5.00000000e+03     1.25000000e+00     1.11989039e+03     3.02920540e+02     2.34233426e+02     1.25332965e+02   
    5.20000000e+03     1.30000000e+00     1.11990266e+03     3.04840297e+02     2.35961612e+02     1.25315759e+02   
    5.40000000e+03     1.35000000e+00     1.11991646e+03     3.04361277e+02     2.37218551e+02     1.27469955e+02   
    5.60000000e+03     1.40000000e+00     1.11992374e+03     3.02990727e+02     2.36662287e+02     1.26367506e+02   
    5.80000000e+03     1.45000000e+00     1.11993812e+03     2.99256540e+02     2.37083261e+02     1.27422235e+02   
    6.00000000e+03     1.50000000e+00     1.11992957e+03     3.02132361e+02     2.37666074e+02     1.27440480e+02   
    6.20000000e+03     1.55000000e+00     1.11993269e+03     2.98179518e+02     2.35823508e+02     1.26642510e+02   
    6.40000000e+03     1.60000000e+00     1.11993153e+03     3.01918785e+02     2.35880477e+02     1.26010902e+02   
    6.60000000e+03     1.65000000e+00     1.11993350e+03     3.01283110e+02     2.36053490e+02     1.24896650e+02   
    6.80000000e+03     1.70000000e+00     1.11992212e+03     3.02891514e+02     2.36018853e+02     1.23745001e+02   
    7.00000000e+03     1.75000000e+00     1.11992005e+03     3.03025542e+02     2.35141563e+02     1.23511515e+02   
    7.20000000e+03     1.80000000e+00     1.11993068e+03     3.02244371e+02     2.36507072e+02     1.26510105e+02   
    7.40000000e+03     1.85000000e+00     1.11993097e+03     2.99387046e+02     2.38161394e+02     1.28070531e+02   
    7.60000000e+03     1.90000000e+00     1.11991225e+03     3.04885385e+02     2.35242983e+02     1.23044051e+02   
    7.80000000e+03     1.95000000e+00     1.11991096e+03     3.03655685e+02     2.38015934e+02     1.27525098e+02   
    8.00000000e+03     2.00000000e+00     1.11991673e+03     3.01538063e+02     2.36417994e+02     1.26698333e+02   
    8.20000000e+03     2.05000000e+00     1.11992850e+03     2.99612840e+02     2.37974998e+02     1.28623949e+02   
    8.40000000e+03     2.10000000e+00     1.11993917e+03     3.04201846e+02     2.36338863e+02     1.26315525e+02   
    8.60000000e+03     2.15000000e+00     1.11994551e+03     3.02141165e+02     2.35363228e+02     1.24628980e+02   
    8.80000000e+03     2.20000000e+00     1.11995475e+03     2.99336067e+02     2.35758826e+02     1.24667772e+02   
    9.00000000e+03     2.25000000e+00     1.11996191e+03     3.00493618e+02     2.36203296e+02     1.25075997e+02   
    9.20000000e+03     2.30000000e+00     1.11997284e+03     3.03250349e+02     2.37433832e+02     1.28215811e+02   
    9.40000000e+03     2.35000000e+00     1.11996386e+03     3.01572791e+02     2.35053206e+02     1.26325019e+02   
    9.60000000e+03     2.40000000e+00     1.11997554e+03     3.00675440e+02     2.38723846e+02     1.30772301e+02   
    9.80000000e+03     2.45000000e+00     1.11993808e+03     3.02768948e+02     2.34561998e+02     1.24561594e+02   
    1.00000000e+04     2.50000000e+00     1.11994079e+03     2.99418876e+02     2.34815024e+02     1.26127039e+02   
    1.02000000e+04     2.55000000e+00     1.11995199e+03     2.98257484e+02     2.36503775e+02     1.28087836e+02   
    1.04000000e+04     2.60000000e+00     1.11995754e+03     2.98167025e+02     2.36386501e+02     1.28717405e+02   
    1.06000000e+04     2.65000000e+00     1.11996768e+03     3.02657414e+02     2.37735593e+02     1.29357102e+02   
    1.08000000e+04     2.70000000e+00     1.11996570e+03     2.97360663e+02     2.37281798e+02     1.30020562e+02   
    1.10000000e+04     2.75000000e+00     1.11995763e+03     3.02671402e+02     2.37819145e+02     1.30606167e+02   
    1.12000000e+04     2.80000000e+00     1.11994671e+03     2.99615358e+02     2.37200289e+02     1.29171926e+02   
    1.14000000e+04     2.85000000e+00     1.11994746e+03     3.04801314e+02     2.36456141e+02     1.28898982e+02   
    1.16000000e+04     2.90000000e+00     1.11993777e+03     3.01646591e+02     2.35503895e+02     1.28548240e+02   
    1.18000000e+04     2.95000000e+00     1.11993492e+03     2.98510537e+02     2.35506440e+02     1.26979386e+02   
    1.20000000e+04     3.00000000e+00     1.11993885e+03     2.99947012e+02     2.36403679e+02     1.26684548e+02   
    1.22000000e+04     3.05000000e+00     1.11993204e+03     3.01011541e+02     2.35640414e+02     1.24762176e+02   
    1.24000000e+04     3.10000000e+00     1.11993888e+03     3.01487387e+02     2.35388862e+02     1.27115900e+02   
    1.26000000e+04     3.15000000e+00     1.11992770e+03     3.01838442e+02     2.34862671e+02     1.24853654e+02   
    1.28000000e+04     3.20000000e+00     1.11993645e+03     2.96648882e+02     2.36583117e+02     1.27725329e+02   
    1.30000000e+04     3.25000000e+00     1.11992879e+03     3.02840598e+02     2.35854161e+02     1.24146523e+02   
    1.32000000e+04     3.30000000e+00     1.11992937e+03     3.00379164e+02     2.35877568e+02     1.23992873e+02   
    1.34000000e+04     3.35000000e+00     1.11993657e+03     2.99647012e+02     2.36970146e+02     1.25741508e+02   
    1.36000000e+04     3.40000000e+00     1.11993355e+03     3.02162000e+02     2.34620254e+02     1.22899971e+02   
    1.38000000e+04     3.45000000e+00     1.11994085e+03     3.05814811e+02     2.35838861e+02     1.23900671e+02   
    1.40000000e+04     3.50000000e+00     1.11993161e+03     3.05004985e+02     2.36250542e+02     1.22428953e+02   
    1.42000000e+04     3.55000000e+00     1.11992215e+03     3.03811658e+02     2.34304624e+02     1.23426568e+02   
    1.44000000e+04     3.60000000e+00     1.11991046e+03     3.02377912e+02     2.33579876e+02     1.20607897e+02   
    1.46000000e+04     3.65000000e+00     1.11993798e+03     2.99628731e+02     2.36909481e+02     1.28855990e+02   
    1.48000000e+04     3.70000000e+00     1.11992789e+03     3.03054587e+02     2.36934953e+02     1.27028262e+02   
    1.50000000e+04     3.75000000e+00     1.11991755e+03     3.00388181e+02     2.36631865e+02     1.27704273e+02   
    1.52000000e+04     3.80000000e+00     1.11991689e+03     3.01527052e+02     2.37405561e+02     1.24972314e+02   
    1.54000000e+04     3.85000000e+00     1.11992428e+03     3.00998810e+02     2.36057623e+02     1.24961341e+02   
    1.56000000e+04     3.90000000e+00     1.11992972e+03     3.02314766e+02     2.36194750e+02     1.24815900e+02   
    1.58000000e+04     3.95000000e+00     1.11993760e+03     3.01009892e+02     2.36188466e+02     1.27548294e+02   
    1.60000000e+04     4.00000000e+00     1.11993071e+03     3.02899445e+02     2.36522856e+02     1.24866916e+02   
    1.62000000e+04     4.05000000e+00     1.11994915e+03     2.99103890e+02     2.36978018e+02     1.27637790e+02   
    1.64000000e+04     4.10000000e+00     1.11996179e+03     3.02239401e+02     2.37522487e+02     1.28709697e+02   
    1.66000000e+04     4.15000000e+00     1.11996161e+03     2.98917511e+02     2.35394269e+02     1.27401127e+02   
    1.68000000e+04     4.20000000e+00     1.11996840e+03     2.99170789e+02     2.35506581e+02     1.28016639e+02   
    1.70000000e+04     4.25000000e+00     1.11996271e+03     2.97232015e+02     2.36801817e+02     1.27677995e+02   
    1.72000000e+04     4.30000000e+00     1.11996736e+03     2.98105204e+02     2.37175286e+02     1.28843669e+02   
    1.74000000e+04     4.35000000e+00     1.11995936e+03     3.00663316e+02     2.35370395e+02     1.24142659e+02   
    1.76000000e+04     4.40000000e+00     1.11998450e+03     2.98340266e+02     2.36497512e+02     1.26384377e+02   
    1.78000000e+04     4.45000000e+00     1.11999661e+03     3.00698107e+02     2.36356567e+02     1.24843624e+02   
    1.80000000e+04     4.50000000e+00     1.11999982e+03     3.00690356e+02     2.35438786e+02     1.24832515e+02   
    1.82000000e+04     4.55000000e+00     1.11999775e+03     3.01218959e+02     2.36707299e+02     1.24754721e+02   
    1.84000000e+04     4.60000000e+00     1.11999307e+03     3.02668544e+02     2.35197786e+02     1.23899295e+02   
    1.86000000e+04     4.65000000e+00     1.11999676e+03     3.02959239e+02     2.36316961e+02     1.26614817e+02   
    1.88000000e+04     4.70000000e+00     1.11997989e+03     3.04787952e+02     2.35528938e+02     1.24920720e+02   
    1.90000000e+04     4.75000000e+00     1.11998097e+03     3.01757313e+02     2.35654523e+02     1.26442504e+02   
    1.92000000e+04     4.80000000e+00     1.11996150e+03     3.03616614e+02     2.36630931e+02     1.24335375e+02   
    1.94000000e+04     4.85000000e+00     1.11996041e+03     3.05476795e+02     2.35527098e+02     1.25138006e+02   
    1.96000000e+04     4.90000000e+00     1.11996088e+03     3.03614209e+02     2.37518435e+02     1.25277548e+02   
    1.98000000e+04     4.95000000e+00     1.11995803e+03     3.07063596e+02     2.36788815e+02     1.24720671e+02   
    2.00000000e+04     5.00000000e+00     1.11995807e+03     3.01107084e+02     2.37385491e+02     1.26227134e+02   
    2.02000000e+04     5.05000000e+00     1.11996475e+03     3.02022302e+02     2.36422776e+02     1.25647679e+02   
    2.04000000e+04     5.10000000e+00     1.11996395e+03     3.05486354e+02     2.37144037e+02     1.25501029e+02   
    2.06000000e+04     5.15000000e+00     1.11995169e+03     3.03057993e+02     2.35988175e+02     1.25564349e+02   
    2.08000000e+04     5.20000000e+00     1.11995749e+03     3.05360385e+02     2.38126398e+02     1.28561309e+02   
    2.10000000e+04     5.25000000e+00     1.11995901e+03     3.01480672e+02     2.36144175e+02     1.27896684e+02   
    2.12000000e+04     5.30000000e+00     1.11995720e+03     3.02292204e+02     2.33247748e+02     1.25788862e+02   
    2.14000000e+04     5.35000000e+00     1.11996506e+03     3.03286546e+02     2.37690429e+02     1.29119756e+02   
    2.16000000e+04     5.40000000e+00     1.11996962e+03     3.01600327e+02     2.36318169e+02     1.28347213e+02   
    2.18000000e+04     5.45000000e+00     1.11997789e+03     3.00550732e+02     2.35657437e+02     1.27171540e+02   
    2.20000000e+04     5.50000000e+00     1.11999293e+03     3.00307205e+02     2.36040453e+02     1.28079574e+02   
    2.22000000e+04     5.55000000e+00     1.11999247e+03     3.03081798e+02     2.35460151e+02     1.25836176e+02   
    2.24000000e+04     5.60000000e+00     1.11999333e+03     3.00178015e+02     2.36469455e+02     1.27651305e+02   
    2.26000000e+04     5.65000000e+00     1.11997307e+03     2.99923213e+02     2.34471475e+02     1.23837583e+02   
    2.28000000e+04     5.70000000e+00     1.11998650e+03     3.01078256e+02     2.37655492e+02     1.29471733e+02   
    2.30000000e+04     5.75000000e+00     1.11997480e+03     3.04173623e+02     2.36444836e+02     1.27477974e+02   
    2.32000000e+04     5.80000000e+00     1.11998474e+03     3.01681588e+02     2.37583672e+02     1.30305748e+02   
    2.34000000e+04     5.85000000e+00     1.11997469e+03     3.03006911e+02     2.34480239e+02     1.25803093e+02   
    2.36000000e+04     5.90000000e+00     1.11997870e+03     3.05092780e+02     2.35983189e+02     1.25140270e+02   
    2.38000000e+04     5.95000000e+00     1.11998466e+03     3.00321710e+02     2.36866406e+02     1.26093692e+02   
    2.40000000e+04     6.00000000e+00     1.11998249e+03     3.04263024e+02     2.36421911e+02     1.24913448e+02   
    2.42000000e+04     6.05000000e+00     1.11998601e+03     3.03644585e+02     2.36115733e+02     1.24335900e+02   
    2.44000000e+04     6.10000000e+00     1.11996734e+03     3.04964593e+02     2.34768283e+02     1.21846255e+02   
    2.46000000e+04     6.15000000e+00     1.11997222e+03     3.02046200e+02     2.37169077e+02     1.25138706e+02   
    2.48000000e+04     6.20000000e+00     1.11996272e+03     3.03176117e+02     2.36566589e+02     1.23628975e+02   
    2.50000000e+04     6.25000000e+00     1.11996154e+03     3.00935277e+02     2.35642540e+02     1.24768833e+02   
    2.52000000e+04     6.30000000e+00     1.11996319e+03     3.01453171e+02     2.35576117e+02     1.23380840e+02   
    2.54000000e+04     6.35000000e+00     1.11996242e+03     2.97183848e+02     2.37097915e+02     1.26267368e+02   
    2.56000000e+04     6.40000000e+00     1.11995823e+03     3.03835174e+02     2.35807473e+02     1.23825916e+02   
    2.58000000e+04     6.45000000e+00     1.11997427e+03     3.00146521e+02     2.37418475e+02     1.25122561e+02   
    2.60000000e+04     6.50000000e+00     1.11998372e+03     3.02592933e+02     2.36869185e+02     1.24746050e+02   
    2.62000000e+04     6.55000000e+00     1.11999570e+03     3.00212918e+02     2.37342725e+02     1.25465426e+02   
    2.64000000e+04     6.60000000e+00     1.12000506e+03     3.00191460e+02     2.37483685e+02     1.24484371e+02   
    2.66000000e+04     6.65000000e+00     1.12000673e+03     3.01120467e+02     2.36544748e+02     1.24898177e+02   
    2.68000000e+04     6.70000000e+00     1.12001140e+03     3.07063978e+02     2.35543155e+02     1.23652856e+02   
    2.70000000e+04     6.75000000e+00     1.12002519e+03     3.00021316e+02     2.35568743e+02     1.25821616e+02   
    2.72000000e+04     6.80000000e+00     1.12002340e+03     3.01265495e+02     2.35540052e+02     1.25673805e+02   
    2.74000000e+04     6.85000000e+00     1.12002983e+03     3.00493964e+02     2.35729672e+02     1.26548154e+02   
    2.76000000e+04     6.90000000e+00     1.12003374e+03     2.99436752e+02     2.36839044e+02     1.27125550e+02   
    2.78000000e+04     6.95000000e+00     1.12003480e+03     2.98970460e+02     2.38679192e+02     1.29415593e+02   
    2.80000000e+04     7.00000000e+00     1.12002420e+03     3.00676664e+02     2.36260235e+02     1.27134367e+02   
    2.82000000e+04     7.05000000e+00     1.12003346e+03     2.94906072e+02     2.35821594e+02     1.28239880e+02   
    2.84000000e+04     7.10000000e+00     1.12003211e+03     2.97395940e+02     2.36923864e+02     1.29375081e+02   
    2.86000000e+04     7.15000000e+00     1.12003378e+03     3.02058056e+02     2.36713542e+02     1.28400731e+02   
    2.88000000e+04     7.20000000e+00     1.12001950e+03     3.03091122e+02     2.36105429e+02     1.27735721e+02   
    2.90000000e+04     7.25000000e+00     1.12002037e+03     3.00469477e+02     2.34874363e+02     1.26092694e+02   
    2.92000000e+04     7.30000000e+00     1.12004087e+03     3.00015123e+02     2.36293384e+02     1.29878026e+02   
    2.94000000e+04     7.35000000e+00     1.12004987e+03     3.01066306e+02     2.36605251e+02     1.28785036e+02   
    2.96000000e+04     7.40000000e+00     1.12005664e+03     3.02720846e+02     2.37724373e+02     1.29286263e+02   
    2.98000000e+04     7.45000000e+00     1.12003979e+03     3.03497740e+02     2.35662513e+02     1.24433858e+02   
    3.00000000e+04     7.50000000e+00     1.12005372e+03     3.02094293e+02     2.38544142e+02     1.29508709e+02   
    3.02000000e+04     7.55000000e+00     1.12004748e+03     3.04173447e+02     2.36290724e+02     1.27130747e+02   
    3.04000000e+04     7.60000000e+00     1.12006482e+03     3.01449533e+02     2.35970366e+02     1.29227201e+02   
    3.06000000e+04     7.65000000e+00     1.12007097e+03     3.01115376e+02     2.36191219e+02     1.27985782e+02   
    3.08000000e+04     7.70000000e+00     1.12007784e+03     3.03507157e+02     2.36892309e+02     1.29419131e+02   
    3.10000000e+04     7.75000000e+00     1.12005903e+03     3.03316835e+02     2.36345256e+02     1.27491992e+02   
    3.12000000e+04     7.80000000e+00     1.12004812e+03     3.02600428e+02     2.36886125e+02     1.28799364e+02   
    3.14000000e+04     7.85000000e+00     1.12004436e+03     3.00346110e+02     2.38383086e+02     1.29720248e+02   
    3.16000000e+04     7.90000000e+00     1.12003333e+03     3.04845353e+02     2.35130926e+02     1.28063611e+02   
    3.18000000e+04     7.95000000e+00     1.12003938e+03     3.04918466e+02     2.35920527e+02     1.28682125e+02   
    3.20000000e+04     8.00000000e+00     1.12005046e+03     3.05906648e+02     2.36857939e+02     1.28436476e+02   
    3.22000000e+04     8.05000000e+00     1.12006686e+03     3.03624684e+02     2.36139874e+02     1.27936141e+02   
    3.24000000e+04     8.10000000e+00     1.12007939e+03     3.02389426e+02     2.35449172e+02     1.29801535e+02   
    3.26000000e+04     8.15000000e+00     1.12007554e+03     2.99948611e+02     2.38163306e+02     1.33860466e+02   
    3.28000000e+04     8.20000000e+00     1.12005535e+03     3.05399360e+02     2.36180958e+02     1.31804703e+02   
    3.30000000e+04     8.25000000e+00     1.12004970e+03     3.02749656e+02     2.35924068e+02     1.30304105e+02   
    3.32000000e+04     8.30000000e+00     1.12003693e+03     3.02210440e+02     2.35898720e+02     1.29786685e+02   
    3.34000000e+04     8.35000000e+00     1.12005205e+03     3.02246872e+02     2.36855469e+02     1.32798314e+02   
    3.36000000e+04     8.40000000e+00     1.12005290e+03     2.98163417e+02     2.35821847e+02     1.32220333e+02   
    3.38000000e+04     8.45000000e+00     1.12007284e+03     3.00787521e+02     2.36767433e+02     1.33123924e+02   
    3.40000000e+04     8.50000000e+00     1.12007007e+03     3.02477690e+02     2.35349671e+02     1.30656172e+02   
    3.42000000e+04     8.55000000e+00     1.12006091e+03     3.01179646e+02     2.36395716e+02     1.31186788e+02   
    3.44000000e+04     8.60000000e+00     1.12005731e+03     3.01045936e+02     2.36647980e+02     1.30999876e+02   
    3.46000000e+04     8.65000000e+00     1.12005542e+03     3.02250875e+02     2.37655119e+02     1.31555795e+02   
    3.48000000e+04     8.70000000e+00     1.12003893e+03     3.00238614e+02     2.36343243e+02     1.31712200e+02   
    3.50000000e+04     8.75000000e+00     1.12002476e+03     3.01573987e+02     2.37317668e+02     1.29012055e+02   
    3.52000000e+04     8.80000000e+00     1.12001608e+03     3.01039059e+02     2.35638766e+02     1.29167222e+02   
    3.54000000e+04     8.85000000e+00     1.12001669e+03     3.01610187e+02     2.36100982e+02     1.27958976e+02   
    3.56000000e+04     8.90000000e+00     1.12003334e+03     3.01000751e+02     2.39133318e+02     1.32536789e+02   
    3.58000000e+04     8.95000000e+00     1.12001939e+03     3.02716981e+02     2.35683671e+02     1.28733336e+02   
    3.60000000e+04     9.00000000e+00     1.12002190e+03     3.03964628e+02     2.37572627e+02     1.29665534e+02   
    3.62000000e+04     9.05000000e+00     1.12002446e+03     3.04368443e+02     2.36788268e+02     1.29284071e+02   
    3.64000000e+04     9.10000000e+00     1.12001824e+03     3.04147449e+02     2.36717141e+02     1.26948726e+02   
    3.66000000e+04     9.15000000e+00     1.12003395e+03     3.04435363e+02     2.36061524e+02     1.28080424e+02   
    3.68000000e+04     9.20000000e+00     1.12002194e+03     3.03510392e+02     2.35677927e+02     1.26098327e+02   
    3.70000000e+04     9.25000000e+00     1.12003598e+03     3.00889469e+02     2.37642847e+02     1.30358470e+02   
    3.72000000e+04     9.30000000e+00     1.12001319e+03     3.03253283e+02     2.34372842e+02     1.24478945e+02   
    3.74000000e+04     9.35000000e+00     1.12001958e+03     3.05885906e+02     2.35778964e+02     1.26178127e+02   
    3.76000000e+04     9.40000000e+00     1.12002019e+03     3.03025748e+02     2.36253122e+02     1.26866467e+02   
    3.78000000e+04     9.45000000e+00     1.12004214e+03     2.98872678e+02     2.35843268e+02     1.29723328e+02   
    3.80000000e+04     9.50000000e+00     1.12005251e+03     3.03916028e+02     2.35588465e+02     1.27733305e+02   
    3.82000000e+04     9.55000000e+00     1.12006475e+03     3.00336614e+02     2.37508711e+02     1.28850732e+02   
    3.84000000e+04     9.60000000e+00     1.12005907e+03     3.02638588e+02     2.37802194e+02     1.27853500e+02   
    3.86000000e+04     9.65000000e+00     1.12006539e+03     3.01607029e+02     2.36799496e+02     1.27924000e+02   
    3.88000000e+04     9.70000000e+00     1.12006442e+03     3.01303954e+02     2.34797907e+02     1.28963088e+02   
    3.90000000e+04     9.75000000e+00     1.12007458e+03     3.02479188e+02     2.37858254e+02     1.30615994e+02   
    3.92000000e+04     9.80000000e+00     1.12006035e+03     2.98805060e+02     2.35967165e+02     1.28267073e+02   
    3.94000000e+04     9.85000000e+00     1.12005521e+03     2.99917612e+02     2.34761142e+02     1.25909842e+02   
    3.96000000e+04     9.90000000e+00     1.12006897e+03     3.03883538e+02     2.36530969e+02     1.28854097e+02   
    3.98000000e+04     9.95000000e+00     1.12005839e+03     3.01746104e+02     2.36060990e+02     1.29082204e+02   
    4.00000000e+04     1.00000000e+01     1.12005879e+03     3.00998856e+02     2.35597447e+02     1.30326381e+02   
    4.02000000e+04     1.00500000e+01     1.12004267e+03     3.03314792e+02     2.34486405e+02     1.27718016e+02   
    4.04000000e+04     1.01000000e+01     1.12005897e+03     3.01947619e+02     2.36337984e+02     1.29424397e+02   
    4.06000000e+04     1.01500000e+01     1.12007915e+03     3.00828245e+02     2.37043486e+02     1.29633909e+02   
    4.08000000e+04     1.02000000e+01     1.12008279e+03     2.99622984e+02     2.35810935e+02     1.28923379e+02   
    4.10000000e+04     1.02500000e+01     1.12009363e+03     3.03298979e+02     2.35730379e+02     1.27503616e+02   
    4.12000000e+04     1.03000000e+01     1.12009571e+03     3.03967836e+02     2.36983018e+02     1.28300459e+02   
    4.14000000e+04     1.03500000e+01     1.12007879e+03     3.01689193e+02     2.34174330e+02     1.23308961e+02   
    4.16000000e+04     1.04000000e+01     1.12008114e+03     3.02077714e+02     2.36490747e+02     1.26163539e+02   
    4.18000000e+04     1.04500000e+01     1.12008371e+03     3.03139231e+02     2.37570733e+02     1.27422896e+02   
    4.20000000e+04     1.05000000e+01     1.12008513e+03     3.02509827e+02     2.37085228e+02     1.26847621e+02   
    4.22000000e+04     1.05500000e+01     1.12007289e+03     3.04159911e+02     2.36264088e+02     1.27091242e+02   
    4.24000000e+04     1.06000000e+01     1.12006573e+03     3.04672034e+02     2.37026137e+02     1.25415073e+02   
    4.26000000e+04     1.06500000e+01     1.12006542e+03     3.04361613e+02     2.37047618e+02     1.26713498e+02   
    4.28000000e+04     1.07000000e+01     1.12006886e+03     3.03415055e+02     2.36098572e+02     1.25722676e+02   
    4.30000000e+04     1.07500000e+01     1.12007737e+03     2.98543967e+02     2.37252129e+02     1.27045620e+02   
    4.32000000e+04     1.08000000e+01     1.12007714e+03     3.02601577e+02     2.36784542e+02     1.25984390e+02   
    4.34000000e+04     1.08500000e+01     1.12007644e+03     3.02066504e+02     2.37347193e+02     1.26810773e+02   
    4.36000000e+04     1.09000000e+01     1.12008099e+03     3.02803603e+02     2.35850904e+02     1.24748153e+02   
    4.38000000e+04     1.09500000e+01     1.12008370e+03     3.00425336e+02     2.36064628e+02     1.26311910e+02   
    4.40000000e+04     1.10000000e+01     1.12008847e+03     3.02492732e+02     2.36248379e+02     1.27984334e+02   
    4.42000000e+04     1.10500000e+01     1.12008791e+03     3.01366686e+02     2.35739549e+02     1.28938855e+02   
    4.44000000e+04     1.11000000e+01     1.12008191e+03     3.03337243e+02     2.35565197e+02     1.28838662e+02   
    4.46000000e+04     1.11500000e+01     1.12007120e+03     3.01281353e+02     2.35321311e+02     1.28702146e+02   
    4.48000000e+04     1.12000000e+01     1.12006730e+03     3.00181900e+02     2.36442749e+02     1.28238220e+02   
    4.50000000e+04     1.12500000e+01     1.12004940e+03     2.99068102e+02     2.33601195e+02     1.25724312e+02   
    4.52000000e+04     1.13000000e+01     1.12005567e+03     3.04247798e+02     2.37619514e+02     1.28459861e+02   
    4.54000000e+04     1.13500000e+01     1.12005670e+03     2.99715893e+02     2.36998696e+02     1.29423603e+02   
    4.56000000e+04     1.14000000e+01     1.12005595e+03     3.01225328e+02     2.35843909e+02     1.25060561e+02   
    4.58000000e+04     1.14500000e+01     1.12006599e+03     3.02036590e+02     2.37779881e+02     1.26659975e+02   
    4.60000000e+04     1.15000000e+01     1.12007444e+03     3.00748654e+02     2.37154495e+02     1.27364356e+02   
    4.62000000e+04     1.15500000e+01     1.12008253e+03     2.98843570e+02     2.33751821e+02     1.26017978e+02   
    4.64000000e+04     1.16000000e+01     1.12010125e+03     3.03793394e+02     2.36327428e+02     1.26112039e+02   
    4.66000000e+04     1.16500000e+01     1.12010347e+03     3.05695202e+02     2.37256845e+02     1.26644201e+02   
    4.68000000e+04     1.17000000e+01     1.12008790e+03     3.05735503e+02     2.34630982e+02     1.23108777e+02   
    4.70000000e+04     1.17500000e+01     1.12007744e+03     3.01012298e+02     2.34016528e+02     1.23832426e+02   
    4.72000000e+04     1.18000000e+01     1.12009103e+03     3.03176176e+02     2.37176171e+02     1.26244880e+02   
    4.74000000e+04     1.18500000e+01     1.12009837e+03     3.04093207e+02     2.36573978e+02     1.26021395e+02   
    4.76000000e+04     1.19000000e+01     1.12009444e+03     3.03703825e+02     2.38076699e+02     1.26717588e+02   
    4.78000000e+04     1.19500000e+01     1.12008252e+03     3.06654497e+02     2.35312876e+02     1.23036191e+02   
    4.80000000e+04     1.20000000e+01     1.12008029e+03     3.05533857e+02     2.35353814e+02     1.22297228e+02   
    4.82000000e+04     1.20500000e+01     1.12008143e+03     3.04632286e+02     2.36714138e+02     1.24335155e+02   
    4.84000000e+04     1.21000000e+01     1.12008293e+03     2.98820233e+02     2.35167592e+02     1.24675730e+02   
    4.86000000e+04     1.21500000e+01     1.12008445e+03     3.04021733e+02     2.37934859e+02     1.26984837e+02   
    4.88000000e+04     1.22000000e+01     1.12006914e+03     3.05849672e+02     2.35235482e+02     1.23435835e+02   
    4.90000000e+04     1.22500000e+01     1.12006822e+03     3.04933408e+02     2.34634359e+02     1.22236085e+02   
    4.92000000e+04     1.23000000e+01     1.12007365e+03     3.00350020e+02     2.35957198e+02     1.24133316e+02   
    4.94000000e+04     1.23500000e+01     1.12007302e+03     3.01734829e+02     2.36526342e+02     1.25613361e+02   
    4.96000000e+04     1.24000000e+01     1.12007738e+03     3.02083178e+02     2.35931714e+02     1.25218603e+02   
    4.98000000e+04     1.24500000e+01     1.12006542e+03     3.00173120e+02     2.35100507e+02     1.23341987e+02   
    5.00000000e+04     1.25000000e+01     1.12005653e+03     3.01203401e+02     2.35112876e+02     1.24209993e+02   
    5.02000000e+04     1.25500000e+01     1.12005483e+03     2.98991238e+02     2.35487473e+02     1.25676791e+02   
    5.04000000e+04     1.26000000e+01     1.12007007e+03     3.01953365e+02     2.38361080e+02     1.31898557e+02   
    5.06000000e+04     1.26500000e+01     1.12006171e+03     2.98676715e+02     2.35266821e+02     1.27122390e+02   
    5.08000000e+04     1.27000000e+01     1.12008177e+03     3.02486902e+02     2.36548142e+02     1.29303872e+02   
    5.10000000e+04     1.27500000e+01     1.12007282e+03     3.01116353e+02     2.37518591e+02     1.28445669e+02   
    5.12000000e+04     1.28000000e+01     1.12006662e+03     2.99161760e+02     2.36593602e+02     1.29109562e+02   
    5.14000000e+04     1.28500000e+01     1.12006705e+03     3.00220613e+02     2.37786055e+02     1.28624472e+02   
    5.16000000e+04     1.29000000e+01     1.12007815e+03     3.02577745e+02     2.37691193e+02     1.29258211e+02   
    5.18000000e+04     1.29500000e+01     1.12006610e+03     3.01127948e+02     2.36449187e+02     1.27025847e+02   
    5.20000000e+04     1.30000000e+01     1.12007709e+03     3.00176368e+02     2.36296996e+02     1.27301053e+02   
    5.22000000e+04     1.30500000e+01     1.12007762e+03     3.00466334e+02     2.34701927e+02     1.24992108e+02   
    5.24000000e+04     1.31000000e+01     1.12009827e+03     2.98187648e+02     2.36344133e+02     1.27334064e+02   
    5.26000000e+04     1.31500000e+01     1.12010306e+03     2.98393794e+02     2.36379247e+02     1.28003760e+02   
    5.28000000e+04     1.32000000e+01     1.12010862e+03     3.01957581e+02     2.35473795e+02     1.26652839e+02   
    5.30000000e+04     1.32500000e+01     1.12009888e+03     3.01949177e+02     2.33607976e+02     1.22916610e+02   
    5.32000000e+04     1.33000000e+01     1.12011443e+03     3.04839901e+02     2.35730701e+02     1.24636966e+02   
    5.34000000e+04     1.33500000e+01     1.12010669e+03     3.00427138e+02     2.35511978e+02     1.25429577e+02   
    5.36000000e+04     1.34000000e+01     1.12011002e+03     3.02784421e+02     2.38203699e+02     1.27194716e+02   
    5.38000000e+04     1.34500000e+01     1.12009449e+03     3.02428276e+02     2.37029280e+02     1.27436224e+02   
    5.40000000e+04     1.35000000e+01     1.12008690e+03     3.02387682e+02     2.37078844e+02     1.26293840e+02   
    5.42000000e+04     1.35500000e+01     1.12009549e+03     3.03789878e+02     2.36083418e+02     1.26914072e+02   
    5.44000000e+04     1.36000000e+01     1.12009758e+03     3.00519568e+02     2.36994476e+02     1.27139547e+02   
    5.46000000e+04     1.36500000e+01     1.12010177e+03     3.02884843e+02     2.36422931e+02     1.27862395e+02   
    5.48000000e+04     1.37000000e+01     1.12009645e+03     3.02618349e+02     2.35202960e+02     1.26771927e+02   
    5.50000000e+04     1.37500000e+01     1.12011939e+03     3.00765788e+02     2.35951772e+02     1.29480186e+02   
    5.52000000e+04     1.38000000e+01     1.12011500e+03     2.98554050e+02     2.36834395e+02     1.27607202e+02   
    5.54000000e+04     1.38500000e+01     1.12012374e+03     2.99957366e+02     2.36075891e+02     1.27472306e+02   
    5.56000000e+04     1.39000000e+01     1.12010924e+03     3.02899227e+02     2.35561629e+02     1.27869633e+02   
    5.58000000e+04     1.39500000e+01     1.12009946e+03     3.02110034e+02     2.34862254e+02     1.28813724e+02   
    5.60000000e+04     1.40000000e+01     1.12009383e+03     2.99401091e+02     2.34703945e+02     1.26819892e+02   
    5.62000000e+04     1.40500000e+01     1.12009002e+03     3.00211325e+02     2.36231689e+02     1.29147438e+02   
    5.64000000e+04     1.41000000e+01     1.12009704e+03     2.99799743e+02     2.37466052e+02     1.30893185e+02   
    5.66000000e+04     1.41500000e+01     1.12011373e+03     3.00590338e+02     2.37154819e+02     1.30946297e+02   
    5.68000000e+04     1.42000000e+01     1.12011747e+03     3.02181926e+02     2.36119872e+02     1.29791382e+02   
    5.70000000e+04     1.42500000e+01     1.12011779e+03     3.04204912e+02     2.35089482e+02     1.28338492e+02   
    5.72000000e+04     1.43000000e+01     1.12013329e+03     3.01944695e+02     2.35907144e+02     1.29324921e+02   
    5.74000000e+04     1.43500000e+01     1.12013051e+03     3.00802328e+02     2.36798474e+02     1.30036199e+02   
    5.76000000e+04     1.44000000e+01     1.12012938e+03     3.00235715e+02     2.36921638e+02     1.28715836e+02   
    5.78000000e+04     1.44500000e+01     1.12013622e+03     3.03327875e+02     2.38446044e+02     1.30677513e+02   
    5.80000000e+04     1.45000000e+01     1.12012816e+03     3.02320847e+02     2.35401490e+02     1.28299261e+02   
    5.82000000e+04     1.45500000e+01     1.12012869e+03     3.03841715e+02     2.36454869e+02     1.27795699e+02   
    5.84000000e+04     1.46000000e+01     1.12012847e+03     3.01441251e+02     2.36274794e+02     1.26056840e+02   
    5.86000000e+04     1.46500000e+01     1.12012729e+03     3.00578713e+02     2.36445535e+02     1.26663477e+02   
    5.88000000e+04     1.47000000e+01     1.12012653e+03     3.02519128e+02     2.38350892e+02     1.29348690e+02   
    5.90000000e+04     1.47500000e+01     1.12011146e+03     3.01240678e+02     2.37569267e+02     1.28622136e+02   
    5.92000000e+04     1.48000000e+01     1.12009861e+03     3.03372611e+02     2.36608102e+02     1.25511519e+02   
    5.94000000e+04     1.48500000e+01     1.12009060e+03     3.03922855e+02     2.34403930e+02     1.24780059e+02   
    5.96000000e+04     1.49000000e+01     1.12009569e+03     3.01144413e+02     2.35432273e+02     1.24650788e+02   
    5.98000000e+04     1.49500000e+01     1.12010257e+03     3.03208662e+02     2.36005705e+02     1.25072357e+02   
    6.00000000e+04     1.50000000e+01     1.12011010e+03     3.00447759e+02     2.38087109e+02     1.27485657e+02   
    6.02000000e+04     1.50500000e+01     1.12009418e+03     3.01407203e+02     2.34450575e+02     1.22279875e+02   
    6.04000000e+04     1.51000000e+01     1.12010529e+03     3.03338035e+02     2.35906772e+02     1.23377836e+02   
    6.06000000e+04     1.51500000e+01     1.12010941e+03     3.00533359e+02     2.35751643e+02     1.25009402e+02   
    6.08000000e+04     1.52000000e+01     1.12011362e+03     2.99431334e+02     2.36298026e+02     1.26409856e+02   
    6.10000000e+04     1.52500000e+01     1.12011799e+03     2.99263617e+02     2.36155476e+02     1.28231563e+02   
    6.12000000e+04     1.53000000e+01     1.12013428e+03     3.02328743e+02     2.35323162e+02     1.27061847e+02   
    6.14000000e+04     1.53500000e+01     1.12013530e+03     3.00419669e+02     2.34984078e+02     1.25199782e+02   
    6.16000000e+04     1.54000000e+01     1.12014769e+03     2.99846710e+02     2.37498050e+02     1.28754202e+02   
    6.18000000e+04     1.54500000e+01     1.12013178e+03     3.03394622e+02     2.34518610e+02     1.24774744e+02   
    6.20000000e+04     1.55000000e+01     1.12014462e+03     3.01602643e+02     2.36089724e+02     1.27910431e+02   
    6.22000000e+04     1.55500000e+01     1.12013595e+03     3.06161575e+02     2.37015836e+02     1.27095501e+02   
    6.24000000e+04     1.56000000e+01     1.12013097e+03     3.01266999e+02     2.36144551e+02     1.26879364e+02   
    6.26000000e+04     1.56500000e+01     1.12011369e+03     3.00164366e+02     2.35298185e+02     1.25896385e+02   
    6.28000000e+04     1.57000000e+01     1.12011807e+03     2.99757427e+02     2.36791577e+02     1.30139551e+02   
    6.30000000e+04     1.57500000e+01     1.12011352e+03     2.95991127e+02     2.36229897e+02     1.29383286e+02   
    6.32000000e+04     1.58000000e+01     1.12010226e+03     2.98473003e+02     2.34374161e+02     1.27551441e+02   
    6.34000000e+04     1.58500000e+01     1.12010615e+03     2.98059455e+02     2.36165643e+02     1.29605200e+02   
    6.36000000e+04     1.59000000e+01     1.12011173e+03     3.00271804e+02     2.36430568e+02     1.28661220e+02   
    6.38000000e+04     1.59500000e+01     1.12011466e+03     3.01842664e+02     2.35158267e+02     1.26154733e+02   
    6.40000000e+04     1.60000000e+01     1.12012091e+03     3.01499643e+02     2.35068199e+02     1.26040872e+02   
    6.42000000e+04     1.60500000e+01     1.12015187e+03     2.94665790e+02     2.40102427e+02     1.34741090e+02   
    6.44000000e+04     1.61000000e+01     1.12012930e+03     3.01238910e+02     2.36114854e+02     1.28959544e+02   
    6.46000000e+04     1.61500000e+01     1.12012501e+03     3.02020296e+02     2.35737723e+02     1.27085807e+02   
    6.48000000e+04     1.62000000e+01     1.12012628e+03     3.02309490e+02     2.36091205e+02     1.26666790e+02   
    6.50000000e+04     1.62500000e+01     1.12014250e+03     3.00913442e+02     2.37492200e+02     1.31958848e+02   
    6.52000000e+04     1.63000000e+01     1.12013897e+03     2.99526828e+02     2.37003383e+02     1.28709606e+02   
    6.54000000e+04     1.63500000e+01     1.12014153e+03     3.00727351e+02     2.35652572e+02     1.28310191e+02   
    6.56000000e+04     1.64000000e+01     1.12013819e+03     2.97419438e+02     2.34881068e+02     1.26617094e+02   
    6.58000000e+04     1.64500000e+01     1.12015274e+03     3.00582686e+02     2.36783031e+02     1.29148021e+02   
    6.60000000e+04     1.65000000e+01     1.12015907e+03     2.98258165e+02     2.36708170e+02     1.27890198e+02   
    6.62000000e+04     1.65500000e+01     1.12017486e+03     3.01644400e+02     2.37841497e+02     1.30440886e+02   
    6.64000000e+04     1.66000000e+01     1.12018288e+03     3.02393008e+02     2.36504958e+02     1.27484394e+02   
    6.66000000e+04     1.66500000e+01     1.12019863e+03     3.01965594e+02     2.37038814e+02     1.29726048e+02   
    6.68000000e+04     1.67000000e+01     1.12021947e+03     2.99820204e+02     2.37069742e+02     1.29343701e+02   
    6.70000000e+04     1.67500000e+01     1.12021055e+03     2.97408848e+02     2.34749151e+02     1.27535393e+02   
    6.72000000e+04     1.68000000e+01     1.12020901e+03     2.98501004e+02     2.34479004e+02     1.27697634e+02   
    6.74000000e+04     1.68500000e+01     1.12020657e+03     2.99019730e+02     2.34474908e+02     1.28703247e+02   
    6.76000000e+04     1.69000000e+01     1.12022365e+03     2.99964442e+02     2.37736937e+02     1.29113359e+02   
    6.78000000e+04     1.69500000e+01     1.12021831e+03     3.00762118e+02     2.35399719e+02     1.28441301e+02   
    6.80000000e+04     1.70000000e+01     1.12019910e+03     3.02022900e+02     2.35866067e+02     1.27577396e+02   
    6.82000000e+04     1.70500000e+01     1.12021178e+03     2.98150252e+02     2.36120390e+02     1.30306113e+02   
    6.84000000e+04     1.71000000e+01     1.12019861e+03     2.99649280e+02     2.34904020e+02     1.27317272e+02   
    6.86000000e+04     1.71500000e+01     1.12021032e+03     2.99614017e+02     2.37556352e+02     1.29900750e+02   
    6.88000000e+04     1.72000000e+01     1.12020432e+03     3.02355018e+02     2.36047908e+02     1.29100474e+02   
    6.90000000e+04     1.72500000e+01     1.12021378e+03     3.03690730e+02     2.35583037e+02     1.27644107e+02   
    6.92000000e+04     1.73000000e+01     1.12024094e+03     2.98133496e+02     2.35872804e+02     1.29656281e+02   
    6.94000000e+04     1.73500000e+01     1.12024037e+03     2.97003068e+02     2.36375178e+02     1.29157656e+02   
    6.96000000e+04     1.74000000e+01     1.12024189e+03     3.00198793e+02     2.36548776e+02     1.28908711e+02   
    6.98000000e+04     1.74500000e+01     1.12022282e+03     2.97905109e+02     2.34964715e+02     1.25735600e+02   
    7.00000000e+04     1.75000000e+01     1.12021672e+03     2.99284708e+02     2.34547705e+02     1.25629284e+02   
    7.02000000e+04     1.75500000e+01     1.12021585e+03     2.99654566e+02     2.36699865e+02     1.24885677e+02   
    7.04000000e+04     1.76000000e+01     1.12021338e+03     3.00753738e+02     2.35249873e+02     1.26102767e+02   
    7.06000000e+04     1.76500000e+01     1.12020594e+03     3.02226354e+02     2.36198292e+02     1.26335266e+02   
    7.08000000e+04     1.77000000e+01     1.12019020e+03     3.02472381e+02     2.34279140e+02     1.23736727e+02   
    7.10000000e+04     1.77500000e+01     1.12017832e+03     2.99266773e+02     2.35296629e+02     1.22321182e+02   
    7.12000000e+04     1.78000000e+01     1.12019329e+03     3.02723114e+02     2.38320281e+02     1.27537182e+02   
    7.14000000e+04     1.78500000e+01     1.12018078e+03     3.00578586e+02     2.35105322e+02     1.25058299e+02   
    7.16000000e+04     1.79000000e+01     1.12019293e+03     3.04203682e+02     2.36976247e+02     1.27778978e+02   
    7.18000000e+04     1.79500000e+01     1.12019468e+03     3.00440066e+02     2.35909854e+02     1.24677631e+02   
    7.20000000e+04     1.80000000e+01     1.12020541e+03     3.01786322e+02     2.37062297e+02     1.26947381e+02   
    7.22000000e+04     1.80500000e+01     1.12020647e+03     3.01355678e+02     2.37289393e+02     1.26900430e+02   
    7.24000000e+04     1.81000000e+01     1.12018219e+03     3.01560466e+02     2.35342138e+02     1.23981128e+02   
    7.26000000e+04     1.81500000e+01     1.12019531e+03     3.01248484e+02     2.36074430e+02     1.25448665e+02   
    7.28000000e+04     1.82000000e+01     1.12018932e+03     3.02454368e+02     2.35800606e+02     1.25159919e+02   
    7.30000000e+04     1.82500000e+01     1.12017886e+03     3.02124063e+02     2.34664953e+02     1.22668143e+02   
    7.32000000e+04     1.83000000e+01     1.12018575e+03     3.00781182e+02     2.34946608e+02     1.22508069e+02   
    7.34000000e+04     1.83500000e+01     1.12020548e+03     3.00220916e+02     2.37029507e+02     1.26141099e+02   
    7.36000000e+04     1.84000000e+01     1.12020843e+03     3.03397756e+02     2.35278279e+02     1.25161570e+02   
    7.38000000e+04     1.84500000e+01     1.12020552e+03     3.01673132e+02     2.36297537e+02     1.26130263e+02   
    7.40000000e+04     1.85000000e+01     1.12018614e+03     3.00182446e+02     2.34639490e+02     1.24990334e+02   
    7.42000000e+04     1.85500000e+01     1.12018855e+03     3.02171871e+02     2.36879421e+02     1.26832083e+02   
    7.44000000e+04     1.86000000e+01     1.12019412e+03     3.03926661e+02     2.36672624e+02     1.27521796e+02   
    7.46000000e+04     1.86500000e+01     1.12019142e+03     3.01128350e+02     2.35079274e+02     1.24928172e+02   
    7.48000000e+04     1.87000000e+01     1.12019551e+03     3.01919955e+02     2.37556603e+02     1.30328441e+02   
    7.50000000e+04     1.87500000e+01     1.12019039e+03     2.99743316e+02     2.36479023e+02     1.27822775e+02   
    7.52000000e+04     1.88000000e+01     1.12018920e+03     3.01887696e+02     2.36937932e+02     1.28551688e+02   
    7.54000000e+04     1.88500000e+01     1.12018242e+03     3.01931846e+02     2.35469051e+02     1.27178067e+02   
    7.56000000e+04     1.89000000e+01     1.12017319e+03     2.98546658e+02     2.34610964e+02     1.28410228e+02   
    7.58000000e+04     1.89500000e+01     1.12018028e+03     2.99854121e+02     2.35925243e+02     1.29220069e+02   
    7.60000000e+04     1.90000000e+01     1.12017677e+03     3.02171069e+02     2.36584988e+02     1.27752458e+02   
    7.62000000e+04     1.90500000e+01     1.12017415e+03     3.03000456e+02     2.36777052e+02     1.28428024e+02   
    7.64000000e+04     1.91000000e+01     1.12016573e+03     3.00156854e+02     2.36543634e+02     1.26079620e+02   
    7.66000000e+04     1.91500000e+01     1.12017353e+03     3.03127975e+02     2.36065951e+02     1.27316346e+02   
    7.68000000e+04     1.92000000e+01     1.12016455e+03     3.01679495e+02     2.36166560e+02     1.25640340e+02   
    7.70000000e+04     1.92500000e+01     1.12017349e+03     3.01228512e+02     2.36002503e+02     1.27342836e+02   
    7.72000000e+04     1.93000000e+01     1.12016227e+03     3.05773582e+02     2.36275556e+02     1.24014642e+02   
    7.74000000e+04     1.93500000e+01     1.12017311e+03     3.00457192e+02     2.37306561e+02     1.29056841e+02   
    7.76000000e+04     1.94000000e+01     1.12015539e+03     2.98765304e+02     2.36676096e+02     1.26312891e+02   
    7.78000000e+04     1.94500000e+01     1.12015399e+03     3.02993193e+02     2.35906566e+02     1.27724021e+02   
    7.80000000e+04     1.95000000e+01     1.12015570e+03     3.03129508e+02     2.36487129e+02     1.26595347e+02   
    7.82000000e+04     1.95500000e+01     1.12016450e+03     3.01615782e+02     2.37643164e+02     1.27844270e+02   
    7.84000000e+04     1.96000000e+01     1.12015192e+03     3.00949595e+02     2.34830296e+02     1.27216821e+02   
    7.86000000e+04     1.96500000e+01     1.12014897e+03     3.03636417e+02     2.34761394e+02     1.26474504e+02   
    7.88000000e+04     1.97000000e+01     1.12017901e+03     3.00717519e+02     2.36961926e+02     1.31165394e+02   
    7.90000000e+04     1.97500000e+01     1.12016062e+03     3.02623925e+02     2.36467557e+02     1.28644727e+02   
    7.92000000e+04     1.98000000e+01     1.12016470e+03     2.97853114e+02     2.36432433e+02     1.30395806e+02   
    7.94000000e+04     1.98500000e+01     1.12016450e+03     3.01130364e+02     2.36174854e+02     1.28746714e+02   
    7.96000000e+04     1.99000000e+01     1.12018194e+03     3.01097535e+02     2.37170149e+02     1.30274731e+02   
    7.98000000e+04     1.99500000e+01     1.12017708e+03     3.02743422e+02     2.35628949e+02     1.29834591e+02   
    8.00000000e+04     2.00000000e+01     1.12019453e+03     2.98845430e+02     2.35128998e+02     1.31155226e+02   
