# column   1     --> step : The current simulation time step.
# column   2     --> time{picosecond} : The elapsed simulation time.
# column   3     --> conserved{electronvolt} : The value of the conserved energy quantity per bead.
# column   4     --> temperature{kelvin} : The current temperature, as obtained from the MD kinetic energy.
# column   5     --> kinetic_cv{electronvolt} : The centroid-virial quantum kinetic energy of the physical system.
# column   6     --> potential{electronvolt} : The physical system potential energy.
    0.00000000e+00     0.00000000e+00     1.11728461e+03     3.04273373e+02     2.35736151e+02     1.29310990e+02   
    2.00000000e+02     5.00000000e-02     1.11727419e+03     2.99465159e+02     2.35373528e+02     1.27829818e+02   
    4.00000000e+02     1.00000000e-01     1.11728279e+03     3.02444175e+02     2.36707780e+02     1.28867022e+02   
    6.00000000e+02     1.50000000e-01     1.11727120e+03     3.01974369e+02     2.32971051e+02     1.23090205e+02   
    8.00000000e+02     2.00000000e-01     1.11727387e+03     3.02803591e+02     2.34850256e+02     1.25689569e+02   
    1.00000000e+03     2.50000000e-01     1.11727839e+03     3.05399408e+02     2.34638840e+02     1.24240701e+02   
    1.20000000e+03     3.00000000e-01     1.11728079e+03     3.01461786e+02     2.35798959e+02     1.27319575e+02   
    1.40000000e+03     3.50000000e-01     1.11728251e+03     3.04251678e+02     2.35716804e+02     1.25268274e+02   
    1.60000000e+03     4.00000000e-01     1.11729250e+03     3.00752120e+02     2.36743691e+02     1.27594137e+02   
    1.80000000e+03     4.50000000e-01     1.11728787e+03     3.00926394e+02     2.36377837e+02     1.27354158e+02   
    2.00000000e+03     5.00000000e-01     1.11727103e+03     3.00585368e+02     2.37041103e+02     1.29291748e+02   
    2.20000000e+03     5.50000000e-01     1.11725879e+03     2.98060178e+02     2.36422020e+02     1.26437063e+02   
    2.40000000e+03     6.00000000e-01     1.11724849e+03     3.03266872e+02     2.36263711e+02     1.27154933e+02   
    2.60000000e+03     6.50000000e-01     1.11726064e+03     3.02439640e+02     2.36745069e+02     1.25643104e+02   
    2.80000000e+03     7.00000000e-01     1.11726972e+03     3.03825278e+02     2.36765911e+02     1.27230478e+02   
    3.00000000e+03     7.50000000e-01     1.11727189e+03     3.01727822e+02     2.35755224e+02     1.25903747e+02   
    3.20000000e+03     8.00000000e-01     1.11727992e+03     3.02025342e+02     2.35323337e+02     1.26326852e+02   
    3.40000000e+03     8.50000000e-01     1.11727839e+03     3.01633437e+02     2.36110384e+02     1.28347427e+02   
    3.60000000e+03     9.00000000e-01     1.11726188e+03     3.01151291e+02     2.35331901e+02     1.25024566e+02   
    3.80000000e+03     9.50000000e-01     1.11726675e+03     3.00894729e+02     2.37144960e+02     1.28065864e+02   
    4.00000000e+03     1.00000000e+00     1.11726226e+03     3.00572391e+02     2.34879070e+02     1.26599935e+02   
    4.20000000e+03     1.05000000e+00     1.11726774e+03     3.01530082e+02     2.35413091e+02     1.27984823e+02   
    4.40000000e+03     1.10000000e+00     1.11726630e+03     2.99568602e+02     2.34517166e+02     1.24817812e+02   
    4.60000000e+03     1.15000000e+00     1.11727072e+03     3.01358271e+02     2.35487182e+02     1.25146265e+02   
    4.80000000e+03     1.20000000e+00     1.11727465e+03     3.02798179e+02     2.38241146e+02     1.28644442e+02   
    5.00000000e+03     1.25000000e+00     1.11726590e+03     3.02227134e+02     2.35341061e+02     1.26828366e+02   
    5.20000000e+03     1.30000000e+00     1.11726484e+03     3.03502828e+02     2.36545514e+02     1.28932242e+02   
    5.40000000e+03     1.35000000e+00     1.11726123e+03     3.04261903e+02     2.37472293e+02     1.29155390e+02   
    5.60000000e+03     1.40000000e+00     1.11724414e+03     3.03542957e+02     2.36570247e+02     1.26622478e+02   
    5.80000000e+03     1.45000000e+00     1.11723922e+03     3.00525040e+02     2.35909051e+02     1.27312808e+02   
    6.00000000e+03     1.50000000e+00     1.11724754e+03     3.02060195e+02     2.39211705e+02     1.30410100e+02   
    6.20000000e+03     1.55000000e+00     1.11725054e+03     2.97949788e+02     2.37302691e+02     1.29686838e+02   
    6.40000000e+03     1.60000000e+00     1.11724743e+03     3.02977542e+02     2.35979905e+02     1.25684123e+02   
    6.60000000e+03     1.65000000e+00     1.11725835e+03     3.00128280e+02     2.36149358e+02     1.25572204e+02   
    6.80000000e+03     1.70000000e+00     1.11726280e+03     3.02097050e+02     2.37704185e+02     1.26349259e+02   
    7.00000000e+03     1.75000000e+00     1.11726493e+03     3.03290730e+02     2.36622093e+02     1.25331417e+02   
    7.20000000e+03     1.80000000e+00     1.11727618e+03     3.03618220e+02     2.36237779e+02     1.24707964e+02   
    7.40000000e+03     1.85000000e+00     1.11728377e+03     3.00693337e+02     2.37783137e+02     1.26862477e+02   
    7.60000000e+03     1.90000000e+00     1.11726792e+03     3.06282585e+02     2.35184219e+02     1.22479112e+02   
    7.80000000e+03     1.95000000e+00     1.11727524e+03     3.06753498e+02     2.37166478e+02     1.24921525e+02   
    8.00000000e+03     2.00000000e+00     1.11728258e+03     3.04503518e+02     2.36885030e+02     1.24904914e+02   
    8.20000000e+03     2.05000000e+00     1.11729381e+03     3.01011056e+02     2.38459799e+02     1.27759742e+02   
    8.40000000e+03     2.10000000e+00     1.11728789e+03     3.04267094e+02     2.36236751e+02     1.26565571e+02   
    8.60000000e+03     2.15000000e+00     1.11728245e+03     3.02136941e+02     2.36341671e+02     1.24794668e+02   
    8.80000000e+03     2.20000000e+00     1.11728001e+03     2.99370620e+02     2.36754037e+02     1.26562530e+02   
    9.00000000e+03     2.25000000e+00     1.11728101e+03     3.01546555e+02     2.37012616e+02     1.26420068e+02   
    9.20000000e+03     2.30000000e+00     1.11730166e+03     3.04437135e+02     2.37817505e+02     1.28271255e+02   
    9.40000000e+03     2.35000000e+00     1.11731058e+03     3.02185259e+02     2.36163959e+02     1.25441984e+02   
    9.60000000e+03     2.40000000e+00     1.11732923e+03     3.02797827e+02     2.37446281e+02     1.27460226e+02   
    9.80000000e+03     2.45000000e+00     1.11732963e+03     3.04016849e+02     2.34772596e+02     1.25279633e+02   
    1.00000000e+04     2.50000000e+00     1.11733969e+03     3.02076178e+02     2.34431135e+02     1.25348746e+02   
    1.02000000e+04     2.55000000e+00     1.11735222e+03     2.99246885e+02     2.36740345e+02     1.28460142e+02   
    1.04000000e+04     2.60000000e+00     1.11735355e+03     3.00354265e+02     2.37143215e+02     1.28048628e+02   
    1.06000000e+04     2.65000000e+00     1.11735258e+03     3.04363605e+02     2.36010888e+02     1.27637442e+02   
    1.08000000e+04     2.70000000e+00     1.11735329e+03     2.99090553e+02     2.36277652e+02     1.26389729e+02   
    1.10000000e+04     2.75000000e+00     1.11736427e+03     3.04432646e+02     2.38281199e+02     1.28534093e+02   
    1.12000000e+04     2.80000000e+00     1.11736589e+03     3.01512425e+02     2.37277123e+02     1.27293331e+02   
    1.14000000e+04     2.85000000e+00     1.11736411e+03     3.07125866e+02     2.35907342e+02     1.25478226e+02   
    1.16000000e+04     2.90000000e+00     1.11737523e+03     3.03543910e+02     2.36475796e+02     1.28066110e+02   
    1.18000000e+04     2.95000000e+00     1.11735932e+03     3.00373295e+02     2.36565521e+02     1.27042565e+02   
    1.20000000e+04     3.00000000e+00     1.11735924e+03     3.02376532e+02     2.36552015e+02     1.28023932e+02   
    1.22000000e+04     3.05000000e+00     1.11734673e+03     3.02412666e+02     2.36198833e+02     1.26502788e+02   
    1.24000000e+04     3.10000000e+00     1.11734868e+03     3.02233552e+02     2.36255317e+02     1.29715349e+02   
    1.26000000e+04     3.15000000e+00     1.11734379e+03     3.01893666e+02     2.35206739e+02     1.26646354e+02   
    1.28000000e+04     3.20000000e+00     1.11734935e+03     2.98284402e+02     2.37283964e+02     1.29680539e+02   
    1.30000000e+04     3.25000000e+00     1.11733294e+03     3.03877605e+02     2.37096505e+02     1.27037574e+02   
    1.32000000e+04     3.30000000e+00     1.11732643e+03     3.00931897e+02     2.37714494e+02     1.26981144e+02   
    1.34000000e+04     3.35000000e+00     1.11732739e+03     3.01135857e+02     2.37535769e+02     1.28353268e+02   
    1.36000000e+04     3.40000000e+00     1.11731149e+03     3.05554140e+02     2.36190312e+02     1.24276804e+02   
    1.38000000e+04     3.45000000e+00     1.11732316e+03     3.05721920e+02     2.36544892e+02     1.27798067e+02   
    1.40000000e+04     3.50000000e+00     1.11732485e+03     3.06461490e+02     2.35528359e+02     1.24126952e+02   
    1.42000000e+04     3.55000000e+00     1.11733779e+03     3.04488534e+02     2.34191479e+02     1.25323024e+02   
    1.44000000e+04     3.60000000e+00     1.11733018e+03     3.00570248e+02     2.32981487e+02     1.24874120e+02   
    1.46000000e+04     3.65000000e+00     1.11734100e+03     2.99848097e+02     2.36482228e+02     1.30226606e+02   
    1.48000000e+04     3.70000000e+00     1.11733137e+03     3.02924806e+02     2.36118812e+02     1.27239994e+02   
    1.50000000e+04     3.75000000e+00     1.11733125e+03     3.03097037e+02     2.35643965e+02     1.26516248e+02   
    1.52000000e+04     3.80000000e+00     1.11733520e+03     3.02071609e+02     2.37389674e+02     1.28875089e+02   
    1.54000000e+04     3.85000000e+00     1.11734204e+03     3.00597449e+02     2.37249043e+02     1.28105069e+02   
    1.56000000e+04     3.90000000e+00     1.11733763e+03     3.01405483e+02     2.35225593e+02     1.28149705e+02   
    1.58000000e+04     3.95000000e+00     1.11734540e+03     3.01566788e+02     2.36027286e+02     1.29094284e+02   
    1.60000000e+04     4.00000000e+00     1.11733186e+03     3.02728588e+02     2.35717224e+02     1.28685329e+02   
    1.62000000e+04     4.05000000e+00     1.11734002e+03     2.99449448e+02     2.37432324e+02     1.31885055e+02   
    1.64000000e+04     4.10000000e+00     1.11733166e+03     3.03297184e+02     2.37164718e+02     1.29399878e+02   
    1.66000000e+04     4.15000000e+00     1.11732045e+03     3.00034691e+02     2.34545441e+02     1.28724494e+02   
    1.68000000e+04     4.20000000e+00     1.11732677e+03     3.00055530e+02     2.34525834e+02     1.28570368e+02   
    1.70000000e+04     4.25000000e+00     1.11732283e+03     2.97554362e+02     2.36318307e+02     1.29377788e+02   
    1.72000000e+04     4.30000000e+00     1.11731806e+03     2.99596856e+02     2.34795947e+02     1.28154091e+02   
    1.74000000e+04     4.35000000e+00     1.11731097e+03     3.00499370e+02     2.35982643e+02     1.26691245e+02   
    1.76000000e+04     4.40000000e+00     1.11730319e+03     3.00677534e+02     2.36460120e+02     1.26635947e+02   
    1.78000000e+04     4.45000000e+00     1.11729641e+03     3.03036578e+02     2.35860200e+02     1.26505543e+02   
    1.80000000e+04     4.50000000e+00     1.11729810e+03     3.01165326e+02     2.35482465e+02     1.25856205e+02   
    1.82000000e+04     4.55000000e+00     1.11730869e+03     3.02174079e+02     2.36392228e+02     1.25289305e+02   
    1.84000000e+04     4.60000000e+00     1.11731155e+03     3.04646243e+02     2.34891151e+02     1.23199081e+02   
    1.86000000e+04     4.65000000e+00     1.11732535e+03     3.04219089e+02     2.35822361e+02     1.24767849e+02   
    1.88000000e+04     4.70000000e+00     1.11732726e+03     3.05451443e+02     2.36158718e+02     1.25882501e+02   
    1.90000000e+04     4.75000000e+00     1.11733074e+03     3.02822682e+02     2.35918871e+02     1.24691168e+02   
    1.92000000e+04     4.80000000e+00     1.11732353e+03     3.04448583e+02     2.34858049e+02     1.22885745e+02   
    1.94000000e+04     4.85000000e+00     1.11732966e+03     3.04906724e+02     2.37424695e+02     1.24504048e+02   
    1.96000000e+04     4.90000000e+00     1.11732045e+03     3.02010559e+02     2.36595571e+02     1.24470621e+02   
    1.98000000e+04     4.95000000e+00     1.11732128e+03     3.06857628e+02     2.35500600e+02     1.23230293e+02   
    2.00000000e+04     5.00000000e+00     1.11732708e+03     3.03384918e+02     2.36126129e+02     1.24594738e+02   
    2.02000000e+04     5.05000000e+00     1.11733926e+03     3.03765621e+02     2.37527067e+02     1.25291950e+02   
    2.04000000e+04     5.10000000e+00     1.11734485e+03     3.06011245e+02     2.37223018e+02     1.26267376e+02   
    2.06000000e+04     5.15000000e+00     1.11734576e+03     3.04668434e+02     2.35823611e+02     1.23599185e+02   
    2.08000000e+04     5.20000000e+00     1.11736488e+03     3.05619310e+02     2.38276035e+02     1.26941765e+02   
    2.10000000e+04     5.25000000e+00     1.11735135e+03     3.02962777e+02     2.35418358e+02     1.23863790e+02   
    2.12000000e+04     5.30000000e+00     1.11736960e+03     3.00408293e+02     2.35673895e+02     1.27023482e+02   
    2.14000000e+04     5.35000000e+00     1.11736011e+03     3.04279110e+02     2.34453215e+02     1.23320878e+02   
    2.16000000e+04     5.40000000e+00     1.11739272e+03     2.99592247e+02     2.37561815e+02     1.28098537e+02   
    2.18000000e+04     5.45000000e+00     1.11739387e+03     3.01018225e+02     2.36980710e+02     1.27416232e+02   
    2.20000000e+04     5.50000000e+00     1.11739003e+03     3.00285630e+02     2.34778913e+02     1.27011424e+02   
    2.22000000e+04     5.55000000e+00     1.11739333e+03     3.00496047e+02     2.37985734e+02     1.28712639e+02   
    2.24000000e+04     5.60000000e+00     1.11738465e+03     2.99370866e+02     2.35437103e+02     1.26577324e+02   
    2.26000000e+04     5.65000000e+00     1.11738074e+03     2.97757805e+02     2.36666784e+02     1.26452195e+02   
    2.28000000e+04     5.70000000e+00     1.11737872e+03     3.01056370e+02     2.36805875e+02     1.28617811e+02   
    2.30000000e+04     5.75000000e+00     1.11738453e+03     3.04640838e+02     2.38069224e+02     1.29246364e+02   
    2.32000000e+04     5.80000000e+00     1.11737936e+03     3.01640579e+02     2.35820858e+02     1.28134378e+02   
    2.34000000e+04     5.85000000e+00     1.11738314e+03     3.03127374e+02     2.34904242e+02     1.25011553e+02   
    2.36000000e+04     5.90000000e+00     1.11737873e+03     3.05803855e+02     2.35548045e+02     1.24289955e+02   
    2.38000000e+04     5.95000000e+00     1.11737745e+03     3.00222975e+02     2.35572812e+02     1.24518106e+02   
    2.40000000e+04     6.00000000e+00     1.11737805e+03     3.03790164e+02     2.37190184e+02     1.25554030e+02   
    2.42000000e+04     6.05000000e+00     1.11737692e+03     3.02924456e+02     2.35713117e+02     1.24605097e+02   
    2.44000000e+04     6.10000000e+00     1.11737126e+03     3.03691390e+02     2.34704089e+02     1.22397980e+02   
    2.46000000e+04     6.15000000e+00     1.11738944e+03     3.01603957e+02     2.36174760e+02     1.25109354e+02   
    2.48000000e+04     6.20000000e+00     1.11739512e+03     3.01163140e+02     2.35243766e+02     1.23948964e+02   
    2.50000000e+04     6.25000000e+00     1.11740211e+03     3.00775482e+02     2.35004043e+02     1.25497090e+02   
    2.52000000e+04     6.30000000e+00     1.11740681e+03     3.00162298e+02     2.37082277e+02     1.24887841e+02   
    2.54000000e+04     6.35000000e+00     1.11740241e+03     2.98462553e+02     2.38482639e+02     1.27592207e+02   
    2.56000000e+04     6.40000000e+00     1.11739088e+03     3.03292802e+02     2.36759276e+02     1.24666151e+02   
    2.58000000e+04     6.45000000e+00     1.11739738e+03     3.02484038e+02     2.36370770e+02     1.23793670e+02   
    2.60000000e+04     6.50000000e+00     1.11740751e+03     3.04508341e+02     2.37456051e+02     1.26044520e+02   
    2.62000000e+04     6.55000000e+00     1.11740735e+03     3.02962634e+02     2.38240860e+02     1.26522271e+02   
    2.64000000e+04     6.60000000e+00     1.11740481e+03     3.00931125e+02     2.38071534e+02     1.27821168e+02   
    2.66000000e+04     6.65000000e+00     1.11740261e+03     3.01769926e+02     2.38280347e+02     1.28975195e+02   
    2.68000000e+04     6.70000000e+00     1.11739713e+03     3.06943566e+02     2.36388820e+02     1.26050773e+02   
    2.70000000e+04     6.75000000e+00     1.11739975e+03     3.01426133e+02     2.34773658e+02     1.24981634e+02   
    2.72000000e+04     6.80000000e+00     1.11739933e+03     3.02815745e+02     2.35444466e+02     1.25438029e+02   
    2.74000000e+04     6.85000000e+00     1.11741442e+03     2.98903627e+02     2.37538531e+02     1.29356634e+02   
    2.76000000e+04     6.90000000e+00     1.11740938e+03     3.00359046e+02     2.35679271e+02     1.27257544e+02   
    2.78000000e+04     6.95000000e+00     1.11743041e+03     3.00098955e+02     2.38414633e+02     1.30462033e+02   
    2.80000000e+04     7.00000000e+00     1.11741237e+03     3.00296515e+02     2.37031505e+02     1.28730833e+02   
    2.82000000e+04     7.05000000e+00     1.11739194e+03     2.96539589e+02     2.36039719e+02     1.27581084e+02   
    2.84000000e+04     7.10000000e+00     1.11737898e+03     2.99875062e+02     2.34904370e+02     1.24564262e+02   
    2.86000000e+04     7.15000000e+00     1.11737586e+03     3.03513406e+02     2.37863714e+02     1.28633993e+02   
    2.88000000e+04     7.20000000e+00     1.11736288e+03     3.03773554e+02     2.36352280e+02     1.25532604e+02   
    2.90000000e+04     7.25000000e+00     1.11735226e+03     3.01672786e+02     2.33626394e+02     1.24122814e+02   
    2.92000000e+04     7.30000000e+00     1.11736154e+03     3.01280469e+02     2.34934028e+02     1.25636592e+02   
    2.94000000e+04     7.35000000e+00     1.11735290e+03     3.00698890e+02     2.35099179e+02     1.26382449e+02   
    2.96000000e+04     7.40000000e+00     1.11735381e+03     3.03086074e+02     2.37448801e+02     1.28207705e+02   
    2.98000000e+04     7.45000000e+00     1.11734393e+03     3.02949290e+02     2.36238753e+02     1.25571790e+02   
    3.00000000e+04     7.50000000e+00     1.11735558e+03     3.02332294e+02     2.38291602e+02     1.28984737e+02   
    3.02000000e+04     7.55000000e+00     1.11735034e+03     3.04669169e+02     2.37270553e+02     1.26780415e+02   
    3.04000000e+04     7.60000000e+00     1.11735247e+03     3.01485111e+02     2.37308374e+02     1.27822882e+02   
    3.06000000e+04     7.65000000e+00     1.11734553e+03     3.01165959e+02     2.36750784e+02     1.24769500e+02   
    3.08000000e+04     7.70000000e+00     1.11735119e+03     3.04862783e+02     2.35852240e+02     1.24545198e+02   
    3.10000000e+04     7.75000000e+00     1.11734333e+03     3.02878726e+02     2.35917094e+02     1.22883140e+02   
    3.12000000e+04     7.80000000e+00     1.11735679e+03     3.02446255e+02     2.35778389e+02     1.23379788e+02   
    3.14000000e+04     7.85000000e+00     1.11735559e+03     3.00856802e+02     2.37651995e+02     1.25109410e+02   
    3.16000000e+04     7.90000000e+00     1.11735252e+03     3.06078451e+02     2.35452872e+02     1.23443237e+02   
    3.18000000e+04     7.95000000e+00     1.11734887e+03     3.03735178e+02     2.36143649e+02     1.24546306e+02   
    3.20000000e+04     8.00000000e+00     1.11735860e+03     3.06506181e+02     2.37103415e+02     1.24477209e+02   
    3.22000000e+04     8.05000000e+00     1.11736810e+03     3.03963254e+02     2.36147805e+02     1.23566215e+02   
    3.24000000e+04     8.10000000e+00     1.11737919e+03     3.02020817e+02     2.36235403e+02     1.26402243e+02   
    3.26000000e+04     8.15000000e+00     1.11739000e+03     3.02355870e+02     2.37706439e+02     1.26091801e+02   
    3.28000000e+04     8.20000000e+00     1.11739229e+03     3.05587437e+02     2.37124026e+02     1.25147986e+02   
    3.30000000e+04     8.25000000e+00     1.11738981e+03     3.01433308e+02     2.36119751e+02     1.23828866e+02   
    3.32000000e+04     8.30000000e+00     1.11740729e+03     3.02102089e+02     2.36690059e+02     1.25433511e+02   
    3.34000000e+04     8.35000000e+00     1.11742371e+03     3.02478601e+02     2.36341726e+02     1.27305205e+02   
    3.36000000e+04     8.40000000e+00     1.11742024e+03     3.00305225e+02     2.36179955e+02     1.26089107e+02   
    3.38000000e+04     8.45000000e+00     1.11741964e+03     3.01629154e+02     2.36620592e+02     1.26553152e+02   
    3.40000000e+04     8.50000000e+00     1.11740874e+03     3.02133632e+02     2.36465752e+02     1.25265717e+02   
    3.42000000e+04     8.55000000e+00     1.11739435e+03     3.01485353e+02     2.34776708e+02     1.23157191e+02   
    3.44000000e+04     8.60000000e+00     1.11741167e+03     3.01414425e+02     2.36977326e+02     1.25700460e+02   
    3.46000000e+04     8.65000000e+00     1.11740079e+03     3.02502529e+02     2.36696272e+02     1.26312184e+02   
    3.48000000e+04     8.70000000e+00     1.11740605e+03     3.01301959e+02     2.36323339e+02     1.26892981e+02   
    3.50000000e+04     8.75000000e+00     1.11741685e+03     3.01840632e+02     2.38415123e+02     1.28794445e+02   
    3.52000000e+04     8.80000000e+00     1.11740061e+03     3.02665216e+02     2.34834099e+02     1.25310377e+02   
    3.54000000e+04     8.85000000e+00     1.11740298e+03     3.02007175e+02     2.36509648e+02     1.25523363e+02   
    3.56000000e+04     8.90000000e+00     1.11740967e+03     3.00277516e+02     2.38523170e+02     1.28293950e+02   
    3.58000000e+04     8.95000000e+00     1.11740839e+03     3.02162756e+02     2.36100545e+02     1.26574853e+02   
    3.60000000e+04     9.00000000e+00     1.11742098e+03     3.03356181e+02     2.37589806e+02     1.27101048e+02   
    3.62000000e+04     9.05000000e+00     1.11741715e+03     3.05078203e+02     2.36342328e+02     1.25623672e+02   
    3.64000000e+04     9.10000000e+00     1.11741270e+03     3.04502597e+02     2.36045999e+02     1.23111159e+02   
    3.66000000e+04     9.15000000e+00     1.11742614e+03     3.02343539e+02     2.37061861e+02     1.27259026e+02   
    3.68000000e+04     9.20000000e+00     1.11742358e+03     3.03356907e+02     2.35905462e+02     1.24411815e+02   
    3.70000000e+04     9.25000000e+00     1.11742660e+03     3.00602374e+02     2.36601000e+02     1.26212223e+02   
    3.72000000e+04     9.30000000e+00     1.11741067e+03     3.05159358e+02     2.35160838e+02     1.21350451e+02   
    3.74000000e+04     9.35000000e+00     1.11740557e+03     3.07138351e+02     2.34891062e+02     1.23546621e+02   
    3.76000000e+04     9.40000000e+00     1.11740321e+03     3.04751641e+02     2.34874473e+02     1.22689093e+02   
    3.78000000e+04     9.45000000e+00     1.11742306e+03     3.00337419e+02     2.35223652e+02     1.24329149e+02   
    3.80000000e+04     9.50000000e+00     1.11742858e+03     3.03446103e+02     2.36451107e+02     1.25839697e+02   
    3.82000000e+04     9.55000000e+00     1.11744738e+03     3.00191734e+02     2.37319842e+02     1.28645034e+02   
    3.84000000e+04     9.60000000e+00     1.11746051e+03     3.00264123e+02     2.39007303e+02     1.29327431e+02   
    3.86000000e+04     9.65000000e+00     1.11746841e+03     3.02862899e+02     2.37586785e+02     1.27026626e+02   
    3.88000000e+04     9.70000000e+00     1.11747809e+03     3.01627945e+02     2.37007538e+02     1.27491934e+02   
    3.90000000e+04     9.75000000e+00     1.11748158e+03     3.04115070e+02     2.36926143e+02     1.27888194e+02   
    3.92000000e+04     9.80000000e+00     1.11747789e+03     2.99940209e+02     2.36304119e+02     1.25408413e+02   
    3.94000000e+04     9.85000000e+00     1.11746336e+03     3.01075759e+02     2.33764061e+02     1.23039203e+02   
    3.96000000e+04     9.90000000e+00     1.11747720e+03     3.04454240e+02     2.36433939e+02     1.27108777e+02   
    3.98000000e+04     9.95000000e+00     1.11745916e+03     2.99823083e+02     2.36039470e+02     1.27354548e+02   
    4.00000000e+04     1.00000000e+01     1.11746277e+03     3.00573359e+02     2.36970938e+02     1.29469359e+02   
    4.02000000e+04     1.00500000e+01     1.11744594e+03     3.02909774e+02     2.35582675e+02     1.26210243e+02   
    4.04000000e+04     1.01000000e+01     1.11745351e+03     2.98949381e+02     2.38096704e+02     1.28636471e+02   
    4.06000000e+04     1.01500000e+01     1.11743814e+03     2.99169680e+02     2.37252953e+02     1.28032113e+02   
    4.08000000e+04     1.02000000e+01     1.11744047e+03     2.99705327e+02     2.35273454e+02     1.25868846e+02   
    4.10000000e+04     1.02500000e+01     1.11743295e+03     3.03100764e+02     2.34992717e+02     1.24847457e+02   
    4.12000000e+04     1.03000000e+01     1.11743480e+03     3.01693513e+02     2.36891236e+02     1.27208971e+02   
    4.14000000e+04     1.03500000e+01     1.11743353e+03     3.00380165e+02     2.34971292e+02     1.24066716e+02   
    4.16000000e+04     1.04000000e+01     1.11743905e+03     3.01844833e+02     2.37103006e+02     1.26313204e+02   
    4.18000000e+04     1.04500000e+01     1.11744578e+03     3.01182413e+02     2.36033616e+02     1.25268994e+02   
    4.20000000e+04     1.05000000e+01     1.11744951e+03     3.01566230e+02     2.35136748e+02     1.25171454e+02   
    4.22000000e+04     1.05500000e+01     1.11744962e+03     3.03348411e+02     2.35775683e+02     1.26053918e+02   
    4.24000000e+04     1.06000000e+01     1.11744747e+03     3.04958569e+02     2.35230641e+02     1.23206881e+02   
    4.26000000e+04     1.06500000e+01     1.11745733e+03     3.04529931e+02     2.35935510e+02     1.26350595e+02   
    4.28000000e+04     1.07000000e+01     1.11747466e+03     3.01556234e+02     2.37551569e+02     1.26934970e+02   
    4.30000000e+04     1.07500000e+01     1.11748000e+03     2.97256099e+02     2.36170430e+02     1.26325778e+02   
    4.32000000e+04     1.08000000e+01     1.11748926e+03     3.02727435e+02     2.38322614e+02     1.28100761e+02   
    4.34000000e+04     1.08500000e+01     1.11748224e+03     3.03681644e+02     2.35774570e+02     1.25032845e+02   
    4.36000000e+04     1.09000000e+01     1.11747958e+03     3.04569226e+02     2.35690808e+02     1.25192845e+02   
    4.38000000e+04     1.09500000e+01     1.11749199e+03     3.01822432e+02     2.35592775e+02     1.24277666e+02   
    4.40000000e+04     1.10000000e+01     1.11749373e+03     3.02359140e+02     2.35911286e+02     1.26289502e+02   
    4.42000000e+04     1.10500000e+01     1.11748297e+03     3.03007900e+02     2.37067780e+02     1.26126718e+02   
    4.44000000e+04     1.11000000e+01     1.11747432e+03     3.03704371e+02     2.36837794e+02     1.29186497e+02   
    4.46000000e+04     1.11500000e+01     1.11745934e+03     3.03767674e+02     2.35947741e+02     1.25100986e+02   
    4.48000000e+04     1.12000000e+01     1.11747322e+03     3.00013766e+02     2.37732021e+02     1.28957444e+02   
    4.50000000e+04     1.12500000e+01     1.11747149e+03     2.99360359e+02     2.35358918e+02     1.26664799e+02   
    4.52000000e+04     1.13000000e+01     1.11748297e+03     3.05788571e+02     2.36896507e+02     1.27007592e+02   
    4.54000000e+04     1.13500000e+01     1.11747774e+03     3.00911006e+02     2.37207837e+02     1.28083630e+02   
    4.56000000e+04     1.14000000e+01     1.11745863e+03     3.02897161e+02     2.34519196e+02     1.24183711e+02   
    4.58000000e+04     1.14500000e+01     1.11747804e+03     3.02782225e+02     2.37178216e+02     1.28188923e+02   
    4.60000000e+04     1.15000000e+01     1.11748091e+03     3.00078246e+02     2.37288741e+02     1.27926669e+02   
    4.62000000e+04     1.15500000e+01     1.11749258e+03     2.99552192e+02     2.33863345e+02     1.26476580e+02   
    4.64000000e+04     1.16000000e+01     1.11750316e+03     3.03742246e+02     2.34933651e+02     1.24887943e+02   
    4.66000000e+04     1.16500000e+01     1.11752479e+03     3.04848801e+02     2.37506418e+02     1.28547205e+02   
    4.68000000e+04     1.17000000e+01     1.11751980e+03     3.04073122e+02     2.35756287e+02     1.25132620e+02   
    4.70000000e+04     1.17500000e+01     1.11751611e+03     3.00085436e+02     2.34037942e+02     1.25332732e+02   
    4.72000000e+04     1.18000000e+01     1.11752907e+03     3.01779032e+02     2.36431166e+02     1.28038368e+02   
    4.74000000e+04     1.18500000e+01     1.11752971e+03     3.03090499e+02     2.35537539e+02     1.28152028e+02   
    4.76000000e+04     1.19000000e+01     1.11754184e+03     3.02183968e+02     2.38501781e+02     1.29826830e+02   
    4.78000000e+04     1.19500000e+01     1.11753525e+03     3.05804573e+02     2.35584888e+02     1.25692981e+02   
    4.80000000e+04     1.20000000e+01     1.11753692e+03     3.02542123e+02     2.37127380e+02     1.28654100e+02   
    4.82000000e+04     1.20500000e+01     1.11752741e+03     3.04392920e+02     2.36645299e+02     1.28685288e+02   
    4.84000000e+04     1.21000000e+01     1.11752158e+03     2.98785881e+02     2.36183116e+02     1.28610271e+02   
    4.86000000e+04     1.21500000e+01     1.11752346e+03     3.04485726e+02     2.35954741e+02     1.27349761e+02   
    4.88000000e+04     1.22000000e+01     1.11751762e+03     3.07731337e+02     2.34760450e+02     1.24989316e+02   
    4.90000000e+04     1.22500000e+01     1.11752701e+03     3.04758575e+02     2.36884369e+02     1.26744308e+02   
    4.92000000e+04     1.23000000e+01     1.11753844e+03     3.00935676e+02     2.36397739e+02     1.26369884e+02   
    4.94000000e+04     1.23500000e+01     1.11754935e+03     3.02671486e+02     2.36706215e+02     1.27047231e+02   
    4.96000000e+04     1.24000000e+01     1.11756171e+03     3.01009201e+02     2.38656389e+02     1.28682437e+02   
    4.98000000e+04     1.24500000e+01     1.11756202e+03     3.02078111e+02     2.36314466e+02     1.24824615e+02   
    5.00000000e+04     1.25000000e+01     1.11757283e+03     3.02659558e+02     2.35115047e+02     1.25724894e+02   
    5.02000000e+04     1.25500000e+01     1.11757798e+03     3.01243438e+02     2.35460833e+02     1.27572139e+02   
    5.04000000e+04     1.26000000e+01     1.11759651e+03     3.05444849e+02     2.37671270e+02     1.30627448e+02   
    5.06000000e+04     1.26500000e+01     1.11759012e+03     2.99738117e+02     2.35031210e+02     1.28036177e+02   
    5.08000000e+04     1.27000000e+01     1.11759290e+03     3.04311115e+02     2.36385782e+02     1.30073017e+02   
    5.10000000e+04     1.27500000e+01     1.11759532e+03     3.01984918e+02     2.36958864e+02     1.29678349e+02   
    5.12000000e+04     1.28000000e+01     1.11759450e+03     3.00923037e+02     2.36166549e+02     1.29336797e+02   
    5.14000000e+04     1.28500000e+01     1.11760466e+03     3.01082202e+02     2.37390312e+02     1.30923563e+02   
    5.16000000e+04     1.29000000e+01     1.11760346e+03     3.03857638e+02     2.36297814e+02     1.30595566e+02   
    5.18000000e+04     1.29500000e+01     1.11758053e+03     3.03738154e+02     2.33718728e+02     1.25508308e+02   
    5.20000000e+04     1.30000000e+01     1.11759812e+03     3.01833719e+02     2.37887195e+02     1.29877939e+02   
    5.22000000e+04     1.30500000e+01     1.11759293e+03     3.02811826e+02     2.35065932e+02     1.26503999e+02   
    5.24000000e+04     1.31000000e+01     1.11759355e+03     3.00373799e+02     2.36609397e+02     1.28573039e+02   
    5.26000000e+04     1.31500000e+01     1.11757876e+03     3.01103800e+02     2.36178133e+02     1.27082426e+02   
    5.28000000e+04     1.32000000e+01     1.11758010e+03     3.03361107e+02     2.36925693e+02     1.27667776e+02   
    5.30000000e+04     1.32500000e+01     1.11757305e+03     3.02459277e+02     2.34091627e+02     1.24946938e+02   
    5.32000000e+04     1.33000000e+01     1.11758675e+03     3.04085891e+02     2.36351195e+02     1.27745597e+02   
    5.34000000e+04     1.33500000e+01     1.11758614e+03     3.02801479e+02     2.35411644e+02     1.27977377e+02   
    5.36000000e+04     1.34000000e+01     1.11758998e+03     3.03458425e+02     2.37810349e+02     1.30196837e+02   
    5.38000000e+04     1.34500000e+01     1.11759360e+03     3.01233542e+02     2.37913964e+02     1.30814066e+02   
    5.40000000e+04     1.35000000e+01     1.11757485e+03     3.02937297e+02     2.36064388e+02     1.26865182e+02   
    5.42000000e+04     1.35500000e+01     1.11757714e+03     3.04956006e+02     2.36086049e+02     1.26871107e+02   
    5.44000000e+04     1.36000000e+01     1.11758851e+03     3.01594101e+02     2.38548296e+02     1.29852199e+02   
    5.46000000e+04     1.36500000e+01     1.11759244e+03     3.03041648e+02     2.37139956e+02     1.29109355e+02   
    5.48000000e+04     1.37000000e+01     1.11758201e+03     3.04261278e+02     2.33950323e+02     1.25989789e+02   
    5.50000000e+04     1.37500000e+01     1.11759269e+03     3.02163724e+02     2.35179940e+02     1.27383127e+02   
    5.52000000e+04     1.38000000e+01     1.11758333e+03     2.98893813e+02     2.36142140e+02     1.27849523e+02   
    5.54000000e+04     1.38500000e+01     1.11759399e+03     3.00533719e+02     2.36477998e+02     1.28613347e+02   
    5.56000000e+04     1.39000000e+01     1.11759900e+03     3.04160304e+02     2.34817106e+02     1.26880753e+02   
    5.58000000e+04     1.39500000e+01     1.11760124e+03     3.03485321e+02     2.35580658e+02     1.27478676e+02   
    5.60000000e+04     1.40000000e+01     1.11759669e+03     3.00055160e+02     2.35941853e+02     1.28827223e+02   
    5.62000000e+04     1.40500000e+01     1.11759351e+03     3.02789643e+02     2.36288001e+02     1.27668699e+02   
    5.64000000e+04     1.41000000e+01     1.11757936e+03     3.01801539e+02     2.35744474e+02     1.27968084e+02   
    5.66000000e+04     1.41500000e+01     1.11759876e+03     3.03837000e+02     2.37310385e+02     1.30471495e+02   
    5.68000000e+04     1.42000000e+01     1.11759225e+03     3.02273316e+02     2.36720255e+02     1.30080297e+02   
    5.70000000e+04     1.42500000e+01     1.11759604e+03     3.05323314e+02     2.36231443e+02     1.27520890e+02   
    5.72000000e+04     1.43000000e+01     1.11759065e+03     3.02901381e+02     2.35900557e+02     1.26590261e+02   
    5.74000000e+04     1.43500000e+01     1.11758501e+03     3.01737490e+02     2.36517875e+02     1.25752446e+02   
    5.76000000e+04     1.44000000e+01     1.11758454e+03     3.00986569e+02     2.34327209e+02     1.23755824e+02   
    5.78000000e+04     1.44500000e+01     1.11758915e+03     3.05014316e+02     2.37377873e+02     1.26805906e+02   
    5.80000000e+04     1.45000000e+01     1.11758475e+03     3.03740371e+02     2.35034376e+02     1.24073107e+02   
    5.82000000e+04     1.45500000e+01     1.11758633e+03     3.04650384e+02     2.36853059e+02     1.25847681e+02   
    5.84000000e+04     1.46000000e+01     1.11757074e+03     3.03252691e+02     2.35005994e+02     1.23701928e+02   
    5.86000000e+04     1.46500000e+01     1.11756815e+03     3.00696216e+02     2.36428246e+02     1.26021786e+02   
    5.88000000e+04     1.47000000e+01     1.11755521e+03     3.03155316e+02     2.35924471e+02     1.25270690e+02   
    5.90000000e+04     1.47500000e+01     1.11756878e+03     3.01651799e+02     2.38676101e+02     1.28135775e+02   
    5.92000000e+04     1.48000000e+01     1.11756294e+03     3.03146565e+02     2.37168232e+02     1.24729558e+02   
    5.94000000e+04     1.48500000e+01     1.11755718e+03     3.05934668e+02     2.35287678e+02     1.23546057e+02   
    5.96000000e+04     1.49000000e+01     1.11755329e+03     3.02474802e+02     2.35924279e+02     1.24051156e+02   
    5.98000000e+04     1.49500000e+01     1.11757195e+03     3.02485284e+02     2.38404625e+02     1.26698974e+02   
    6.00000000e+04     1.50000000e+01     1.11756199e+03     3.01765074e+02     2.37430574e+02     1.26508527e+02   
    6.02000000e+04     1.50500000e+01     1.11754935e+03     3.00898300e+02     2.35047864e+02     1.24486608e+02   
    6.04000000e+04     1.51000000e+01     1.11755354e+03     3.01707534e+02     2.37593460e+02     1.27132838e+02   
    6.06000000e+04     1.51500000e+01     1.11756596e+03     3.00048776e+02     2.38379846e+02     1.27229552e+02   
    6.08000000e+04     1.52000000e+01     1.11756229e+03     3.01313943e+02     2.35203705e+02     1.25542753e+02   
    6.10000000e+04     1.52500000e+01     1.11756783e+03     3.01124364e+02     2.37603902e+02     1.27922228e+02   
    6.12000000e+04     1.53000000e+01     1.11754824e+03     3.04035067e+02     2.33014813e+02     1.24807948e+02   
    6.14000000e+04     1.53500000e+01     1.11754945e+03     3.00961567e+02     2.35040595e+02     1.25191749e+02   
    6.16000000e+04     1.54000000e+01     1.11756293e+03     3.00090210e+02     2.34592688e+02     1.26673278e+02   
    6.18000000e+04     1.54500000e+01     1.11756987e+03     3.02931036e+02     2.35315196e+02     1.25701781e+02   
    6.20000000e+04     1.55000000e+01     1.11756914e+03     3.01443522e+02     2.35290262e+02     1.28164976e+02   
    6.22000000e+04     1.55500000e+01     1.11757831e+03     3.05325153e+02     2.39259918e+02     1.29714172e+02   
    6.24000000e+04     1.56000000e+01     1.11756624e+03     3.02473117e+02     2.36550917e+02     1.26724022e+02   
    6.26000000e+04     1.56500000e+01     1.11755219e+03     2.99613970e+02     2.34424104e+02     1.24975009e+02   
    6.28000000e+04     1.57000000e+01     1.11757623e+03     2.99645643e+02     2.37397289e+02     1.30391704e+02   
    6.30000000e+04     1.57500000e+01     1.11757427e+03     2.97502541e+02     2.36281736e+02     1.29627737e+02   
    6.32000000e+04     1.58000000e+01     1.11758089e+03     2.99459781e+02     2.34659243e+02     1.28228305e+02   
    6.34000000e+04     1.58500000e+01     1.11757987e+03     2.97122460e+02     2.35624787e+02     1.29839141e+02   
    6.36000000e+04     1.59000000e+01     1.11757349e+03     3.00370033e+02     2.36664725e+02     1.27899621e+02   
    6.38000000e+04     1.59500000e+01     1.11755974e+03     3.01895570e+02     2.35743788e+02     1.28342268e+02   
    6.40000000e+04     1.60000000e+01     1.11755724e+03     3.02870121e+02     2.36667776e+02     1.27542925e+02   
    6.42000000e+04     1.60500000e+01     1.11755724e+03     2.99286772e+02     2.36152138e+02     1.30347968e+02   
    6.44000000e+04     1.61000000e+01     1.11754645e+03     3.04281154e+02     2.35525184e+02     1.26656842e+02   
    6.46000000e+04     1.61500000e+01     1.11754262e+03     3.03916239e+02     2.34916406e+02     1.26134839e+02   
    6.48000000e+04     1.62000000e+01     1.11754225e+03     3.03770847e+02     2.37016722e+02     1.26365056e+02   
    6.50000000e+04     1.62500000e+01     1.11753788e+03     3.04280779e+02     2.36955671e+02     1.28131063e+02   
    6.52000000e+04     1.63000000e+01     1.11753630e+03     3.02657269e+02     2.38050539e+02     1.27205865e+02   
    6.54000000e+04     1.63500000e+01     1.11753730e+03     3.03983492e+02     2.35374325e+02     1.25912768e+02   
    6.56000000e+04     1.64000000e+01     1.11753799e+03     2.99014663e+02     2.36131100e+02     1.26772665e+02   
    6.58000000e+04     1.64500000e+01     1.11753006e+03     3.05362357e+02     2.34407362e+02     1.24444621e+02   
    6.60000000e+04     1.65000000e+01     1.11756059e+03     2.99205845e+02     2.37927773e+02     1.28250290e+02   
    6.62000000e+04     1.65500000e+01     1.11757004e+03     3.04196731e+02     2.37631795e+02     1.27795142e+02   
    6.64000000e+04     1.66000000e+01     1.11758455e+03     3.04065417e+02     2.36452606e+02     1.27353479e+02   
    6.66000000e+04     1.66500000e+01     1.11759018e+03     3.04506602e+02     2.35889833e+02     1.26023448e+02   
    6.68000000e+04     1.67000000e+01     1.11758885e+03     3.02095036e+02     2.36200984e+02     1.25053611e+02   
    6.70000000e+04     1.67500000e+01     1.11759099e+03     3.00107488e+02     2.35274852e+02     1.24467644e+02   
    6.72000000e+04     1.68000000e+01     1.11758908e+03     3.00768334e+02     2.36031621e+02     1.25970141e+02   
    6.74000000e+04     1.68500000e+01     1.11757564e+03     3.03277364e+02     2.33756334e+02     1.24288238e+02   
    6.76000000e+04     1.69000000e+01     1.11758601e+03     3.01495818e+02     2.37492891e+02     1.28549413e+02   
    6.78000000e+04     1.69500000e+01     1.11756583e+03     3.03806316e+02     2.34901958e+02     1.24878338e+02   
    6.80000000e+04     1.70000000e+01     1.11755335e+03     3.02285654e+02     2.35257478e+02     1.25142380e+02   
    6.82000000e+04     1.70500000e+01     1.11757109e+03     2.99787703e+02     2.36578104e+02     1.28326346e+02   
    6.84000000e+04     1.71000000e+01     1.11757036e+03     3.02013752e+02     2.36045558e+02     1.28226685e+02   
    6.86000000e+04     1.71500000e+01     1.11758113e+03     3.01275633e+02     2.38376486e+02     1.28470858e+02   
    6.88000000e+04     1.72000000e+01     1.11757369e+03     3.04793527e+02     2.35293060e+02     1.24837649e+02   
    6.90000000e+04     1.72500000e+01     1.11758523e+03     3.06290985e+02     2.37993531e+02     1.27833425e+02   
    6.92000000e+04     1.73000000e+01     1.11758294e+03     3.03622404e+02     2.36549457e+02     1.28183137e+02   
    6.94000000e+04     1.73500000e+01     1.11757769e+03     2.99895267e+02     2.37484134e+02     1.28949281e+02   
    6.96000000e+04     1.74000000e+01     1.11758406e+03     3.02869786e+02     2.36261286e+02     1.26777779e+02   
    6.98000000e+04     1.74500000e+01     1.11758077e+03     3.00713114e+02     2.33977459e+02     1.25162177e+02   
    7.00000000e+04     1.75000000e+01     1.11759135e+03     3.01622383e+02     2.35239355e+02     1.27252058e+02   
    7.02000000e+04     1.75500000e+01     1.11757639e+03     3.00751991e+02     2.37070289e+02     1.26757382e+02   
    7.04000000e+04     1.76000000e+01     1.11756914e+03     3.02055181e+02     2.36386264e+02     1.28348133e+02   
    7.06000000e+04     1.76500000e+01     1.11755296e+03     3.01847010e+02     2.36600506e+02     1.26827286e+02   
    7.08000000e+04     1.77000000e+01     1.11754448e+03     3.02873932e+02     2.33922254e+02     1.24734256e+02   
    7.10000000e+04     1.77500000e+01     1.11753611e+03     3.02524562e+02     2.33318161e+02     1.21305765e+02   
    7.12000000e+04     1.78000000e+01     1.11754733e+03     3.04763438e+02     2.37601558e+02     1.28740606e+02   
    7.14000000e+04     1.78500000e+01     1.11754536e+03     3.02484224e+02     2.36016545e+02     1.26818007e+02   
    7.16000000e+04     1.79000000e+01     1.11756193e+03     3.04935973e+02     2.38770422e+02     1.32522094e+02   
    7.18000000e+04     1.79500000e+01     1.11756200e+03     3.01336367e+02     2.36069385e+02     1.28432342e+02   
    7.20000000e+04     1.80000000e+01     1.11756246e+03     3.02641162e+02     2.35453568e+02     1.27712146e+02   
    7.22000000e+04     1.80500000e+01     1.11756971e+03     3.01046364e+02     2.36686012e+02     1.29105313e+02   
    7.24000000e+04     1.81000000e+01     1.11755976e+03     3.03086615e+02     2.35049974e+02     1.26177137e+02   
    7.26000000e+04     1.81500000e+01     1.11756636e+03     3.02639042e+02     2.35274578e+02     1.28084509e+02   
    7.28000000e+04     1.82000000e+01     1.11756565e+03     3.02309541e+02     2.35375634e+02     1.28089523e+02   
    7.30000000e+04     1.82500000e+01     1.11755374e+03     3.03586338e+02     2.33915925e+02     1.24776770e+02   
    7.32000000e+04     1.83000000e+01     1.11756497e+03     3.01720008e+02     2.35951252e+02     1.26869422e+02   
    7.34000000e+04     1.83500000e+01     1.11754839e+03     3.02288870e+02     2.34811232e+02     1.25278770e+02   
    7.36000000e+04     1.84000000e+01     1.11755346e+03     3.01695969e+02     2.36606251e+02     1.28728457e+02   
    7.38000000e+04     1.84500000e+01     1.11754283e+03     3.02909695e+02     2.35407644e+02     1.26107586e+02   
    7.40000000e+04     1.85000000e+01     1.11755811e+03     3.00656872e+02     2.36935266e+02     1.27589565e+02   
    7.42000000e+04     1.85500000e+01     1.11755510e+03     3.05214894e+02     2.35864472e+02     1.26753479e+02   
    7.44000000e+04     1.86000000e+01     1.11756256e+03     3.04020557e+02     2.36811798e+02     1.28376936e+02   
    7.46000000e+04     1.86500000e+01     1.11755292e+03     3.00577784e+02     2.35862630e+02     1.27215629e+02   
    7.48000000e+04     1.87000000e+01     1.11757142e+03     3.03723135e+02     2.37128079e+02     1.28548636e+02   
    7.50000000e+04     1.87500000e+01     1.11757018e+03     3.00220510e+02     2.36527837e+02     1.27506334e+02   
    7.52000000e+04     1.88000000e+01     1.11756276e+03     3.05049354e+02     2.37096227e+02     1.26725942e+02   
    7.54000000e+04     1.88500000e+01     1.11755378e+03     3.03470540e+02     2.35201396e+02     1.26639270e+02   
    7.56000000e+04     1.89000000e+01     1.11755116e+03     3.00266717e+02     2.34447343e+02     1.25662451e+02   
    7.58000000e+04     1.89500000e+01     1.11755165e+03     3.00072230e+02     2.36031038e+02     1.27994529e+02   
    7.60000000e+04     1.90000000e+01     1.11754781e+03     3.02829602e+02     2.36942722e+02     1.26849319e+02   
    7.62000000e+04     1.90500000e+01     1.11754592e+03     3.02767794e+02     2.35235730e+02     1.27110116e+02   
    7.64000000e+04     1.91000000e+01     1.11755051e+03     2.99971021e+02     2.38939753e+02     1.28992052e+02   
    7.66000000e+04     1.91500000e+01     1.11756387e+03     3.03770772e+02     2.36767262e+02     1.29327588e+02   
    7.68000000e+04     1.92000000e+01     1.11755170e+03     3.01751475e+02     2.36213137e+02     1.27045716e+02   
    7.70000000e+04     1.92500000e+01     1.11755041e+03     3.01827141e+02     2.36274406e+02     1.28291903e+02   
    7.72000000e+04     1.93000000e+01     1.11753754e+03     3.06330733e+02     2.34518707e+02     1.24102426e+02   
    7.74000000e+04     1.93500000e+01     1.11754999e+03     3.02730107e+02     2.35724425e+02     1.24986008e+02   
    7.76000000e+04     1.94000000e+01     1.11755603e+03     3.00137452e+02     2.35934308e+02     1.25609364e+02   
    7.78000000e+04     1.94500000e+01     1.11757360e+03     3.04774357e+02     2.35679238e+02     1.26808020e+02   
    7.80000000e+04     1.95000000e+01     1.11758310e+03     3.02185589e+02     2.37886563e+02     1.29295602e+02   
    7.82000000e+04     1.95500000e+01     1.11756633e+03     3.01283044e+02     2.35088945e+02     1.26948741e+02   
    7.84000000e+04     1.96000000e+01     1.11756537e+03     3.00626261e+02     2.35688730e+02     1.27922010e+02   
    7.86000000e+04     1.96500000e+01     1.11755980e+03     3.01997892e+02     2.36291130e+02     1.26600940e+02   
    7.88000000e+04     1.97000000e+01     1.11756507e+03     3.01893744e+02     2.35949163e+02     1.28326421e+02   
    7.90000000e+04     1.97500000e+01     1.11755332e+03     3.03222287e+02     2.36899089e+02     1.28349514e+02   
    7.92000000e+04     1.98000000e+01     1.11756066e+03     2.97992519e+02     2.36999627e+02     1.29714446e+02   
    7.94000000e+04     1.98500000e+01     1.11755136e+03     3.00998163e+02     2.34704910e+02     1.26625652e+02   
    7.96000000e+04     1.99000000e+01     1.11756677e+03     3.02120624e+02     2.38103026e+02     1.28961120e+02   
    7.98000000e+04     1.99500000e+01     1.11757158e+03     3.01443002e+02     2.37648988e+02     1.30621455e+02   
    8.00000000e+04     2.00000000e+01     1.11756733e+03     2.99171022e+02     2.36362521e+02     1.28494062e+02   
