# column   1     --> step : The current simulation time step.
# column   2     --> time{picosecond} : The elapsed simulation time.
# column   3     --> conserved{electronvolt} : The value of the conserved energy quantity per bead.
# column   4     --> temperature{kelvin} : The current temperature, as obtained from the MD kinetic energy.
# column   5     --> kinetic_cv{electronvolt} : The centroid-virial quantum kinetic energy of the physical system.
# column   6     --> potential{electronvolt} : The physical system potential energy.
    0.00000000e+00     0.00000000e+00     1.10995627e+03     3.04273373e+02     2.35658093e+02     1.22705022e+02   
    2.00000000e+02     5.00000000e-02     1.10995047e+03     2.97835344e+02     2.35883194e+02     1.23343607e+02   
    4.00000000e+02     1.00000000e-01     1.10994484e+03     3.02506637e+02     2.35867406e+02     1.22560357e+02   
    6.00000000e+02     1.50000000e-01     1.10994015e+03     2.99811729e+02     2.35330985e+02     1.22537830e+02   
    8.00000000e+02     2.00000000e-01     1.10994669e+03     3.00880195e+02     2.37076570e+02     1.24570874e+02   
    1.00000000e+03     2.50000000e-01     1.10993336e+03     3.04495394e+02     2.35161191e+02     1.22560967e+02   
    1.20000000e+03     3.00000000e-01     1.10993458e+03     2.99677293e+02     2.36450774e+02     1.25654362e+02   
    1.40000000e+03     3.50000000e-01     1.10991381e+03     3.02835235e+02     2.34110016e+02     1.20843410e+02   
    1.60000000e+03     4.00000000e-01     1.10991906e+03     2.98319655e+02     2.35395373e+02     1.25029337e+02   
    1.80000000e+03     4.50000000e-01     1.10990950e+03     2.99291316e+02     2.35025043e+02     1.23452026e+02   
    2.00000000e+03     5.00000000e-01     1.10991531e+03     2.98190900e+02     2.37402697e+02     1.25919851e+02   
    2.20000000e+03     5.50000000e-01     1.10990362e+03     2.96141233e+02     2.35741689e+02     1.23210745e+02   
    2.40000000e+03     6.00000000e-01     1.10991790e+03     3.01443407e+02     2.37111095e+02     1.25124990e+02   
    2.60000000e+03     6.50000000e-01     1.10991429e+03     2.98788320e+02     2.35369134e+02     1.23598321e+02   
    2.80000000e+03     7.00000000e-01     1.10991407e+03     3.00806113e+02     2.35568197e+02     1.24835892e+02   
    3.00000000e+03     7.50000000e-01     1.10992344e+03     2.98568453e+02     2.36481756e+02     1.25842787e+02   
    3.20000000e+03     8.00000000e-01     1.10991349e+03     2.99686693e+02     2.35966249e+02     1.23984424e+02   
    3.40000000e+03     8.50000000e-01     1.10992287e+03     3.00382263e+02     2.37717770e+02     1.26148438e+02   
    3.60000000e+03     9.00000000e-01     1.10991374e+03     2.98225055e+02     2.35338567e+02     1.23761494e+02   
    3.80000000e+03     9.50000000e-01     1.10993299e+03     3.02176752e+02     2.38657877e+02     1.24887035e+02   
    4.00000000e+03     1.00000000e+00     1.10993215e+03     2.98016936e+02     2.35617694e+02     1.24339307e+02   
    4.20000000e+03     1.05000000e+00     1.10993403e+03     3.01390692e+02     2.35834347e+02     1.21952433e+02   
    4.40000000e+03     1.10000000e+00     1.10993938e+03     2.97884064e+02     2.35632767e+02     1.22449860e+02   
    4.60000000e+03     1.15000000e+00     1.10995644e+03     2.99655625e+02     2.36765607e+02     1.23794079e+02   
    4.80000000e+03     1.20000000e+00     1.10995003e+03     3.01365228e+02     2.37317883e+02     1.23316198e+02   
    5.00000000e+03     1.25000000e+00     1.10995023e+03     3.00781606e+02     2.35718018e+02     1.20845986e+02   
    5.20000000e+03     1.30000000e+00     1.10995871e+03     3.03194598e+02     2.36067150e+02     1.20281792e+02   
    5.40000000e+03     1.35000000e+00     1.10996183e+03     3.04366505e+02     2.37351393e+02     1.21341235e+02   
    5.60000000e+03     1.40000000e+00     1.10996698e+03     3.01280783e+02     2.37085145e+02     1.22776119e+02   
    5.80000000e+03     1.45000000e+00     1.10996205e+03     2.98301297e+02     2.36428322e+02     1.21658879e+02   
    6.00000000e+03     1.50000000e+00     1.10996305e+03     3.01810500e+02     2.37783028e+02     1.21859200e+02   
    6.20000000e+03     1.55000000e+00     1.10993807e+03     2.98423928e+02     2.37218193e+02     1.21794652e+02   
    6.40000000e+03     1.60000000e+00     1.10993087e+03     3.00823312e+02     2.35922771e+02     1.21165140e+02   
    6.60000000e+03     1.65000000e+00     1.10993029e+03     2.99161318e+02     2.35693372e+02     1.19647614e+02   
    6.80000000e+03     1.70000000e+00     1.10992684e+03     3.00947350e+02     2.35504273e+02     1.19923158e+02   
    7.00000000e+03     1.75000000e+00     1.10992528e+03     3.02445334e+02     2.34642862e+02     1.18423202e+02   
    7.20000000e+03     1.80000000e+00     1.10993398e+03     2.99994874e+02     2.36231393e+02     1.23116441e+02   
    7.40000000e+03     1.85000000e+00     1.10993789e+03     2.97073812e+02     2.37437591e+02     1.23262673e+02   
    7.60000000e+03     1.90000000e+00     1.10993481e+03     3.02467028e+02     2.37296933e+02     1.23131270e+02   
    7.80000000e+03     1.95000000e+00     1.10992661e+03     3.03687986e+02     2.36472824e+02     1.20753491e+02   
    8.00000000e+03     2.00000000e+00     1.10992030e+03     3.00858822e+02     2.35089327e+02     1.21128217e+02   
    8.20000000e+03     2.05000000e+00     1.10992308e+03     2.98132163e+02     2.35728263e+02     1.21136072e+02   
    8.40000000e+03     2.10000000e+00     1.10993625e+03     3.01350156e+02     2.36110825e+02     1.21136070e+02   
    8.60000000e+03     2.15000000e+00     1.10994701e+03     2.98720075e+02     2.35799684e+02     1.20196759e+02   
    8.80000000e+03     2.20000000e+00     1.10995751e+03     2.96679896e+02     2.37295159e+02     1.21604183e+02   
    9.00000000e+03     2.25000000e+00     1.10997004e+03     2.99516211e+02     2.35028895e+02     1.21289927e+02   
    9.20000000e+03     2.30000000e+00     1.10997681e+03     3.02643124e+02     2.36240778e+02     1.20193390e+02   
    9.40000000e+03     2.35000000e+00     1.10998324e+03     2.99640058e+02     2.36910296e+02     1.22122084e+02   
    9.60000000e+03     2.40000000e+00     1.10998576e+03     3.01849860e+02     2.37288695e+02     1.20502700e+02   
    9.80000000e+03     2.45000000e+00     1.10998200e+03     3.01656924e+02     2.34566043e+02     1.20743343e+02   
    1.00000000e+04     2.50000000e+00     1.10997453e+03     2.98560856e+02     2.35202739e+02     1.20466316e+02   
    1.02000000e+04     2.55000000e+00     1.10998317e+03     2.97756431e+02     2.36820243e+02     1.22021244e+02   
    1.04000000e+04     2.60000000e+00     1.10998447e+03     2.98133982e+02     2.38380271e+02     1.22521926e+02   
    1.06000000e+04     2.65000000e+00     1.10999643e+03     3.01966806e+02     2.36693207e+02     1.21633204e+02   
    1.08000000e+04     2.70000000e+00     1.11000329e+03     2.96522611e+02     2.38145384e+02     1.22484538e+02   
    1.10000000e+04     2.75000000e+00     1.11000482e+03     3.02890043e+02     2.37223015e+02     1.20801812e+02   
    1.12000000e+04     2.80000000e+00     1.11001161e+03     3.00140692e+02     2.37138091e+02     1.22177767e+02   
    1.14000000e+04     2.85000000e+00     1.10999685e+03     3.05304513e+02     2.34565853e+02     1.19007020e+02   
    1.16000000e+04     2.90000000e+00     1.11001309e+03     2.99832054e+02     2.37564547e+02     1.24401421e+02   
    1.18000000e+04     2.95000000e+00     1.11000642e+03     2.97974408e+02     2.37291325e+02     1.23380055e+02   
    1.20000000e+04     3.00000000e+00     1.10999102e+03     2.99866561e+02     2.35905774e+02     1.22381774e+02   
    1.22000000e+04     3.05000000e+00     1.10998285e+03     3.00415459e+02     2.35887003e+02     1.22689840e+02   
    1.24000000e+04     3.10000000e+00     1.10997430e+03     3.01803324e+02     2.34837018e+02     1.22634267e+02   
    1.26000000e+04     3.15000000e+00     1.10998219e+03     2.99228215e+02     2.37028231e+02     1.24079341e+02   
    1.28000000e+04     3.20000000e+00     1.10997841e+03     2.95954609e+02     2.35924212e+02     1.22295521e+02   
    1.30000000e+04     3.25000000e+00     1.10999439e+03     3.00050243e+02     2.37442632e+02     1.24520865e+02   
    1.32000000e+04     3.30000000e+00     1.10998804e+03     2.98752885e+02     2.35337249e+02     1.22727272e+02   
    1.34000000e+04     3.35000000e+00     1.11000460e+03     2.96595780e+02     2.37817147e+02     1.24721758e+02   
    1.36000000e+04     3.40000000e+00     1.10998750e+03     3.01133376e+02     2.34770218e+02     1.20620383e+02   
    1.38000000e+04     3.45000000e+00     1.10999827e+03     3.03988278e+02     2.36704898e+02     1.22918571e+02   
    1.40000000e+04     3.50000000e+00     1.11000923e+03     3.01098140e+02     2.36454494e+02     1.23076611e+02   
    1.42000000e+04     3.55000000e+00     1.11002864e+03     3.02724326e+02     2.37252115e+02     1.23818983e+02   
    1.44000000e+04     3.60000000e+00     1.11002945e+03     2.98808323e+02     2.34539177e+02     1.21081314e+02   
    1.46000000e+04     3.65000000e+00     1.11003856e+03     2.98140344e+02     2.36321599e+02     1.22812388e+02   
    1.48000000e+04     3.70000000e+00     1.11004149e+03     3.00239678e+02     2.36514560e+02     1.24164007e+02   
    1.50000000e+04     3.75000000e+00     1.11003680e+03     3.00618641e+02     2.36147572e+02     1.22816441e+02   
    1.52000000e+04     3.80000000e+00     1.11003557e+03     2.99573894e+02     2.36972496e+02     1.23233161e+02   
    1.54000000e+04     3.85000000e+00     1.11002528e+03     2.99700970e+02     2.36452800e+02     1.21006834e+02   
    1.56000000e+04     3.90000000e+00     1.11001144e+03     3.00365311e+02     2.34043884e+02     1.20682702e+02   
    1.58000000e+04     3.95000000e+00     1.11002249e+03     2.99142038e+02     2.35547030e+02     1.21889130e+02   
    1.60000000e+04     4.00000000e+00     1.11004046e+03     3.00483262e+02     2.37044899e+02     1.23744634e+02   
    1.62000000e+04     4.05000000e+00     1.11004973e+03     2.96537959e+02     2.34598941e+02     1.22122303e+02   
    1.64000000e+04     4.10000000e+00     1.11004902e+03     3.00517857e+02     2.35952427e+02     1.20931344e+02   
    1.66000000e+04     4.15000000e+00     1.11004412e+03     2.98195057e+02     2.34501706e+02     1.20594708e+02   
    1.68000000e+04     4.20000000e+00     1.11004084e+03     2.98749723e+02     2.34133253e+02     1.19935078e+02   
    1.70000000e+04     4.25000000e+00     1.11003875e+03     2.96292057e+02     2.35586505e+02     1.20961348e+02   
    1.72000000e+04     4.30000000e+00     1.11004599e+03     2.97008153e+02     2.38264401e+02     1.22934855e+02   
    1.74000000e+04     4.35000000e+00     1.11003568e+03     2.97654936e+02     2.35608513e+02     1.22006054e+02   
    1.76000000e+04     4.40000000e+00     1.11003993e+03     2.97342222e+02     2.36111468e+02     1.22102333e+02   
    1.78000000e+04     4.45000000e+00     1.11005451e+03     3.00107219e+02     2.36557722e+02     1.23130915e+02   
    1.80000000e+04     4.50000000e+00     1.11006825e+03     2.98648141e+02     2.36537838e+02     1.22265393e+02   
    1.82000000e+04     4.55000000e+00     1.11008494e+03     2.98345619e+02     2.37625403e+02     1.23009642e+02   
    1.84000000e+04     4.60000000e+00     1.11009200e+03     3.00788139e+02     2.35299163e+02     1.21795179e+02   
    1.86000000e+04     4.65000000e+00     1.11009944e+03     3.00983519e+02     2.35116713e+02     1.21464690e+02   
    1.88000000e+04     4.70000000e+00     1.11012420e+03     3.01978216e+02     2.36546897e+02     1.23023632e+02   
    1.90000000e+04     4.75000000e+00     1.11012793e+03     2.98434323e+02     2.38009241e+02     1.24522747e+02   
    1.92000000e+04     4.80000000e+00     1.11010873e+03     3.02158116e+02     2.34778931e+02     1.19795641e+02   
    1.94000000e+04     4.85000000e+00     1.11012071e+03     3.03415972e+02     2.35573163e+02     1.19332656e+02   
    1.96000000e+04     4.90000000e+00     1.11012012e+03     3.01775509e+02     2.35756287e+02     1.19973529e+02   
    1.98000000e+04     4.95000000e+00     1.11012286e+03     3.04144448e+02     2.36484507e+02     1.22005412e+02   
    2.00000000e+04     5.00000000e+00     1.11012603e+03     2.99913934e+02     2.35807529e+02     1.20689039e+02   
    2.02000000e+04     5.05000000e+00     1.11012393e+03     2.99434182e+02     2.36672758e+02     1.22204408e+02   
    2.04000000e+04     5.10000000e+00     1.11011589e+03     3.02564616e+02     2.35801640e+02     1.20841348e+02   
    2.06000000e+04     5.15000000e+00     1.11011716e+03     3.00451113e+02     2.36273721e+02     1.22741544e+02   
    2.08000000e+04     5.20000000e+00     1.11011355e+03     3.02475884e+02     2.38121494e+02     1.24485992e+02   
    2.10000000e+04     5.25000000e+00     1.11010502e+03     3.00169295e+02     2.35904635e+02     1.21045212e+02   
    2.12000000e+04     5.30000000e+00     1.11009687e+03     3.00228244e+02     2.34581874e+02     1.20067674e+02   
    2.14000000e+04     5.35000000e+00     1.11011469e+03     3.00673291e+02     2.35895841e+02     1.19931657e+02   
    2.16000000e+04     5.40000000e+00     1.11012420e+03     2.99040914e+02     2.35788501e+02     1.22936554e+02   
    2.18000000e+04     5.45000000e+00     1.11012206e+03     2.98061227e+02     2.35966052e+02     1.22400228e+02   
    2.20000000e+04     5.50000000e+00     1.11013535e+03     3.00108986e+02     2.36551961e+02     1.22194885e+02   
    2.22000000e+04     5.55000000e+00     1.11014770e+03     3.00214108e+02     2.36280107e+02     1.22687638e+02   
    2.24000000e+04     5.60000000e+00     1.11016422e+03     2.96631625e+02     2.36844609e+02     1.23472419e+02   
    2.26000000e+04     5.65000000e+00     1.11017669e+03     2.95849710e+02     2.35941421e+02     1.23036684e+02   
    2.28000000e+04     5.70000000e+00     1.11019548e+03     2.99813772e+02     2.37250288e+02     1.24895896e+02   
    2.30000000e+04     5.75000000e+00     1.11018905e+03     3.03329430e+02     2.38152285e+02     1.24540530e+02   
    2.32000000e+04     5.80000000e+00     1.11017552e+03     2.98814114e+02     2.37046428e+02     1.24450609e+02   
    2.34000000e+04     5.85000000e+00     1.11015779e+03     2.99939008e+02     2.34486665e+02     1.20075480e+02   
    2.36000000e+04     5.90000000e+00     1.11017571e+03     3.01689758e+02     2.37019208e+02     1.22929423e+02   
    2.38000000e+04     5.95000000e+00     1.11018095e+03     2.97270030e+02     2.34267574e+02     1.21015461e+02   
    2.40000000e+04     6.00000000e+00     1.11019348e+03     3.01752200e+02     2.35307888e+02     1.21109232e+02   
    2.42000000e+04     6.05000000e+00     1.11020783e+03     3.00372199e+02     2.35841690e+02     1.20998526e+02   
    2.44000000e+04     6.10000000e+00     1.11021097e+03     3.00942118e+02     2.35033747e+02     1.21612082e+02   
    2.46000000e+04     6.15000000e+00     1.11021077e+03     2.98451239e+02     2.36674626e+02     1.23781649e+02   
    2.48000000e+04     6.20000000e+00     1.11020275e+03     2.98662433e+02     2.36159408e+02     1.23039831e+02   
    2.50000000e+04     6.25000000e+00     1.11019624e+03     2.97442369e+02     2.36020103e+02     1.24887633e+02   
    2.52000000e+04     6.30000000e+00     1.11019598e+03     2.96769227e+02     2.35316941e+02     1.24667762e+02   
    2.54000000e+04     6.35000000e+00     1.11019038e+03     2.94755902e+02     2.37125478e+02     1.25956847e+02   
    2.56000000e+04     6.40000000e+00     1.11018396e+03     2.99924470e+02     2.35651076e+02     1.25336708e+02   
    2.58000000e+04     6.45000000e+00     1.11017943e+03     2.96989611e+02     2.35920711e+02     1.24497115e+02   
    2.60000000e+04     6.50000000e+00     1.11017418e+03     2.99761625e+02     2.37345789e+02     1.25389878e+02   
    2.62000000e+04     6.55000000e+00     1.11018326e+03     2.97343485e+02     2.38435305e+02     1.26177673e+02   
    2.64000000e+04     6.60000000e+00     1.11017855e+03     2.98734396e+02     2.35063353e+02     1.22939588e+02   
    2.66000000e+04     6.65000000e+00     1.11018076e+03     2.98197198e+02     2.37139810e+02     1.25950934e+02   
    2.68000000e+04     6.70000000e+00     1.11017752e+03     3.02051463e+02     2.38649490e+02     1.26903753e+02   
    2.70000000e+04     6.75000000e+00     1.11017208e+03     2.98816396e+02     2.35252527e+02     1.23067882e+02   
    2.72000000e+04     6.80000000e+00     1.11017592e+03     2.99566528e+02     2.34240877e+02     1.21609859e+02   
    2.74000000e+04     6.85000000e+00     1.11017911e+03     2.98108626e+02     2.35504985e+02     1.22425627e+02   
    2.76000000e+04     6.90000000e+00     1.11018564e+03     2.98278654e+02     2.36551939e+02     1.23372113e+02   
    2.78000000e+04     6.95000000e+00     1.11019165e+03     2.97494618e+02     2.37203556e+02     1.24434188e+02   
    2.80000000e+04     7.00000000e+00     1.11018279e+03     2.98321077e+02     2.34975070e+02     1.22340006e+02   
    2.82000000e+04     7.05000000e+00     1.11019447e+03     2.94421398e+02     2.36864626e+02     1.24267828e+02   
    2.84000000e+04     7.10000000e+00     1.11018130e+03     2.98183276e+02     2.35822298e+02     1.23461925e+02   
    2.86000000e+04     7.15000000e+00     1.11019166e+03     3.01115734e+02     2.35800370e+02     1.25574452e+02   
    2.88000000e+04     7.20000000e+00     1.11021457e+03     3.01178048e+02     2.36542295e+02     1.25988360e+02   
    2.90000000e+04     7.25000000e+00     1.11021281e+03     2.97133281e+02     2.36861585e+02     1.28331590e+02   
    2.92000000e+04     7.30000000e+00     1.11022829e+03     2.97885639e+02     2.37503567e+02     1.27381575e+02   
    2.94000000e+04     7.35000000e+00     1.11022616e+03     3.00409089e+02     2.35193906e+02     1.23274255e+02   
    2.96000000e+04     7.40000000e+00     1.11023892e+03     3.00001567e+02     2.37874608e+02     1.27222735e+02   
    2.98000000e+04     7.45000000e+00     1.11022872e+03     2.99546875e+02     2.35174832e+02     1.24803414e+02   
    3.00000000e+04     7.50000000e+00     1.11023849e+03     3.00413312e+02     2.34999924e+02     1.25400257e+02   
    3.02000000e+04     7.55000000e+00     1.11025071e+03     3.00489824e+02     2.36719912e+02     1.25968728e+02   
    3.04000000e+04     7.60000000e+00     1.11025687e+03     2.98533713e+02     2.38217431e+02     1.27620628e+02   
    3.06000000e+04     7.65000000e+00     1.11025327e+03     2.98003006e+02     2.37284572e+02     1.26476969e+02   
    3.08000000e+04     7.70000000e+00     1.11026118e+03     3.01464813e+02     2.38020027e+02     1.28431475e+02   
    3.10000000e+04     7.75000000e+00     1.11025717e+03     2.99621906e+02     2.36407779e+02     1.25549272e+02   
    3.12000000e+04     7.80000000e+00     1.11025835e+03     2.99202659e+02     2.37083754e+02     1.25730552e+02   
    3.14000000e+04     7.85000000e+00     1.11027301e+03     2.96774407e+02     2.38028395e+02     1.25959224e+02   
    3.16000000e+04     7.90000000e+00     1.11025822e+03     3.02889325e+02     2.35852028e+02     1.23533725e+02   
    3.18000000e+04     7.95000000e+00     1.11026701e+03     3.00096637e+02     2.37037393e+02     1.25767666e+02   
    3.20000000e+04     8.00000000e+00     1.11025912e+03     3.03141425e+02     2.37731415e+02     1.23701418e+02   
    3.22000000e+04     8.05000000e+00     1.11025526e+03     2.99252423e+02     2.37680105e+02     1.23945065e+02   
    3.24000000e+04     8.10000000e+00     1.11023372e+03     3.01162877e+02     2.36370300e+02     1.21302550e+02   
    3.26000000e+04     8.15000000e+00     1.11022039e+03     2.98755904e+02     2.36022917e+02     1.23373422e+02   
    3.28000000e+04     8.20000000e+00     1.11023628e+03     3.01351110e+02     2.37930024e+02     1.23779361e+02   
    3.30000000e+04     8.25000000e+00     1.11023398e+03     2.99538844e+02     2.38143046e+02     1.25253758e+02   
    3.32000000e+04     8.30000000e+00     1.11023024e+03     2.97504550e+02     2.35068766e+02     1.23100090e+02   
    3.34000000e+04     8.35000000e+00     1.11023571e+03     3.00142489e+02     2.36117457e+02     1.22795538e+02   
    3.36000000e+04     8.40000000e+00     1.11024434e+03     2.96718149e+02     2.36177055e+02     1.24046989e+02   
    3.38000000e+04     8.45000000e+00     1.11024412e+03     2.98858612e+02     2.35911814e+02     1.22302223e+02   
    3.40000000e+04     8.50000000e+00     1.11025250e+03     2.98666483e+02     2.36255046e+02     1.23469566e+02   
    3.42000000e+04     8.55000000e+00     1.11024365e+03     2.98802889e+02     2.34538931e+02     1.20037082e+02   
    3.44000000e+04     8.60000000e+00     1.11025176e+03     2.99387332e+02     2.34924296e+02     1.20614553e+02   
    3.46000000e+04     8.65000000e+00     1.11026213e+03     3.00290623e+02     2.36263796e+02     1.21464827e+02   
    3.48000000e+04     8.70000000e+00     1.11026944e+03     2.99455017e+02     2.35909178e+02     1.21341018e+02   
    3.50000000e+04     8.75000000e+00     1.11026655e+03     2.99991131e+02     2.36375734e+02     1.22741589e+02   
    3.52000000e+04     8.80000000e+00     1.11025546e+03     3.00199669e+02     2.36538561e+02     1.23149079e+02   
    3.54000000e+04     8.85000000e+00     1.11025764e+03     2.97925155e+02     2.36959232e+02     1.23007929e+02   
    3.56000000e+04     8.90000000e+00     1.11025567e+03     2.97945728e+02     2.38055833e+02     1.25074220e+02   
    3.58000000e+04     8.95000000e+00     1.11023148e+03     3.00716835e+02     2.35679090e+02     1.22680882e+02   
    3.60000000e+04     9.00000000e+00     1.11022752e+03     3.00794713e+02     2.36188208e+02     1.23217200e+02   
    3.62000000e+04     9.05000000e+00     1.11023426e+03     3.01324537e+02     2.37574802e+02     1.23785740e+02   
    3.64000000e+04     9.10000000e+00     1.11023170e+03     3.00155989e+02     2.36427261e+02     1.22930479e+02   
    3.66000000e+04     9.15000000e+00     1.11024619e+03     3.01565246e+02     2.37248290e+02     1.23457313e+02   
    3.68000000e+04     9.20000000e+00     1.11024582e+03     3.00906418e+02     2.36047642e+02     1.22251835e+02   
    3.70000000e+04     9.25000000e+00     1.11024740e+03     2.98218735e+02     2.37058115e+02     1.24633955e+02   
    3.72000000e+04     9.30000000e+00     1.11025051e+03     2.99883172e+02     2.34496719e+02     1.23818191e+02   
    3.74000000e+04     9.35000000e+00     1.11026632e+03     3.03146229e+02     2.36101773e+02     1.25089895e+02   
    3.76000000e+04     9.40000000e+00     1.11026004e+03     3.00548226e+02     2.35829886e+02     1.24269796e+02   
    3.78000000e+04     9.45000000e+00     1.11026886e+03     2.97512811e+02     2.36500976e+02     1.25622113e+02   
    3.80000000e+04     9.50000000e+00     1.11027228e+03     3.02094868e+02     2.36230187e+02     1.24881061e+02   
    3.82000000e+04     9.55000000e+00     1.11028380e+03     2.99257802e+02     2.36268577e+02     1.26628393e+02   
    3.84000000e+04     9.60000000e+00     1.11029408e+03     2.98690032e+02     2.37513624e+02     1.26577169e+02   
    3.86000000e+04     9.65000000e+00     1.11029180e+03     2.99675847e+02     2.35753516e+02     1.23904822e+02   
    3.88000000e+04     9.70000000e+00     1.11029770e+03     2.99781932e+02     2.37609449e+02     1.26549594e+02   
    3.90000000e+04     9.75000000e+00     1.11029464e+03     3.02882897e+02     2.38675030e+02     1.26481404e+02   
    3.92000000e+04     9.80000000e+00     1.11029486e+03     2.96783203e+02     2.37967158e+02     1.25676499e+02   
    3.94000000e+04     9.85000000e+00     1.11027274e+03     2.98511153e+02     2.32925285e+02     1.21239967e+02   
    3.96000000e+04     9.90000000e+00     1.11028853e+03     3.03018115e+02     2.36637511e+02     1.25500244e+02   
    3.98000000e+04     9.95000000e+00     1.11027427e+03     2.98882218e+02     2.35403595e+02     1.24410224e+02   
    4.00000000e+04     1.00000000e+01     1.11027993e+03     2.99928200e+02     2.36744384e+02     1.26117575e+02   
    4.02000000e+04     1.00500000e+01     1.11029069e+03     2.99992853e+02     2.36263577e+02     1.25549924e+02   
    4.04000000e+04     1.01000000e+01     1.11027790e+03     2.98895947e+02     2.36757801e+02     1.26083978e+02   
    4.06000000e+04     1.01500000e+01     1.11026119e+03     2.97594124e+02     2.36696017e+02     1.26711128e+02   
    4.08000000e+04     1.02000000e+01     1.11023453e+03     2.98475226e+02     2.34924619e+02     1.21905962e+02   
    4.10000000e+04     1.02500000e+01     1.11022676e+03     3.00293340e+02     2.35413220e+02     1.22462765e+02   
    4.12000000e+04     1.03000000e+01     1.11022985e+03     3.00306750e+02     2.37134737e+02     1.22212662e+02   
    4.14000000e+04     1.03500000e+01     1.11023616e+03     2.97970062e+02     2.34033019e+02     1.20479261e+02   
    4.16000000e+04     1.04000000e+01     1.11026617e+03     2.98089380e+02     2.36916251e+02     1.24102435e+02   
    4.18000000e+04     1.04500000e+01     1.11027763e+03     2.98250441e+02     2.37228371e+02     1.24841001e+02   
    4.20000000e+04     1.05000000e+01     1.11028423e+03     2.97107174e+02     2.37309406e+02     1.25109156e+02   
    4.22000000e+04     1.05500000e+01     1.11027585e+03     2.99236347e+02     2.36557598e+02     1.25708904e+02   
    4.24000000e+04     1.06000000e+01     1.11027080e+03     2.99480248e+02     2.36598012e+02     1.24289343e+02   
    4.26000000e+04     1.06500000e+01     1.11026453e+03     3.00068156e+02     2.36468812e+02     1.24523441e+02   
    4.28000000e+04     1.07000000e+01     1.11025464e+03     2.98089977e+02     2.37086932e+02     1.25887149e+02   
    4.30000000e+04     1.07500000e+01     1.11024866e+03     2.95127154e+02     2.36321283e+02     1.22469958e+02   
    4.32000000e+04     1.08000000e+01     1.11024086e+03     2.99084704e+02     2.37085611e+02     1.23822854e+02   
    4.34000000e+04     1.08500000e+01     1.11023191e+03     2.98736056e+02     2.36039288e+02     1.21557558e+02   
    4.36000000e+04     1.09000000e+01     1.11022571e+03     2.99296841e+02     2.35546120e+02     1.21888554e+02   
    4.38000000e+04     1.09500000e+01     1.11022566e+03     2.98410155e+02     2.34655330e+02     1.19744594e+02   
    4.40000000e+04     1.10000000e+01     1.11023519e+03     2.99664973e+02     2.35429231e+02     1.21863134e+02   
    4.42000000e+04     1.10500000e+01     1.11025235e+03     3.01318442e+02     2.36135217e+02     1.21607005e+02   
    4.44000000e+04     1.11000000e+01     1.11025859e+03     3.01206638e+02     2.36201887e+02     1.23033591e+02   
    4.46000000e+04     1.11500000e+01     1.11025525e+03     2.99488568e+02     2.36555452e+02     1.23495073e+02   
    4.48000000e+04     1.12000000e+01     1.11024853e+03     2.99532655e+02     2.35262685e+02     1.21725174e+02   
    4.50000000e+04     1.12500000e+01     1.11024682e+03     2.96887168e+02     2.35090673e+02     1.22405615e+02   
    4.52000000e+04     1.13000000e+01     1.11024714e+03     3.01679709e+02     2.36179100e+02     1.24330614e+02   
    4.54000000e+04     1.13500000e+01     1.11024281e+03     2.98597213e+02     2.37238457e+02     1.26303778e+02   
    4.56000000e+04     1.14000000e+01     1.11023852e+03     2.99451985e+02     2.36064220e+02     1.25992582e+02   
    4.58000000e+04     1.14500000e+01     1.11025304e+03     2.99368907e+02     2.36782237e+02     1.25779570e+02   
    4.60000000e+04     1.15000000e+01     1.11025692e+03     2.98182790e+02     2.35943886e+02     1.25654233e+02   
    4.62000000e+04     1.15500000e+01     1.11024714e+03     2.97352421e+02     2.33931550e+02     1.22118395e+02   
    4.64000000e+04     1.16000000e+01     1.11025896e+03     3.00683652e+02     2.37380699e+02     1.25503526e+02   
    4.66000000e+04     1.16500000e+01     1.11025378e+03     3.03653511e+02     2.35342959e+02     1.21441805e+02   
    4.68000000e+04     1.17000000e+01     1.11026007e+03     3.00870543e+02     2.36011849e+02     1.23587279e+02   
    4.70000000e+04     1.17500000e+01     1.11025695e+03     2.98125335e+02     2.34532316e+02     1.21958440e+02   
    4.72000000e+04     1.18000000e+01     1.11027014e+03     2.98047992e+02     2.37745204e+02     1.26093853e+02   
    4.74000000e+04     1.18500000e+01     1.11026992e+03     2.99715673e+02     2.36601420e+02     1.25085128e+02   
    4.76000000e+04     1.19000000e+01     1.11026840e+03     2.99606344e+02     2.37399215e+02     1.26212491e+02   
    4.78000000e+04     1.19500000e+01     1.11026105e+03     3.01135363e+02     2.35378849e+02     1.24117942e+02   
    4.80000000e+04     1.20000000e+01     1.11025896e+03     3.01125076e+02     2.36179734e+02     1.23863729e+02   
    4.82000000e+04     1.20500000e+01     1.11026398e+03     3.01533801e+02     2.37797902e+02     1.27172107e+02   
    4.84000000e+04     1.21000000e+01     1.11024566e+03     2.95856320e+02     2.35669971e+02     1.24912543e+02   
    4.86000000e+04     1.21500000e+01     1.11024899e+03     3.01416770e+02     2.36927931e+02     1.25438341e+02   
    4.88000000e+04     1.22000000e+01     1.11022579e+03     3.03706280e+02     2.33036260e+02     1.20089253e+02   
    4.90000000e+04     1.22500000e+01     1.11024715e+03     3.01584943e+02     2.36210936e+02     1.24999417e+02   
    4.92000000e+04     1.23000000e+01     1.11024362e+03     2.97526504e+02     2.35131561e+02     1.22946087e+02   
    4.94000000e+04     1.23500000e+01     1.11024803e+03     2.99100608e+02     2.36478297e+02     1.25184944e+02   
    4.96000000e+04     1.24000000e+01     1.11024298e+03     3.00217201e+02     2.36363611e+02     1.23335138e+02   
    4.98000000e+04     1.24500000e+01     1.11025335e+03     2.98215233e+02     2.35215415e+02     1.22941479e+02   
    5.00000000e+04     1.25000000e+01     1.11024909e+03     2.99573149e+02     2.33823131e+02     1.20507418e+02   
    5.02000000e+04     1.25500000e+01     1.11025546e+03     2.99565239e+02     2.35163006e+02     1.22301282e+02   
    5.04000000e+04     1.26000000e+01     1.11026282e+03     3.01541261e+02     2.39111274e+02     1.25654513e+02   
    5.06000000e+04     1.26500000e+01     1.11024329e+03     2.96920956e+02     2.36012906e+02     1.22848875e+02   
    5.08000000e+04     1.27000000e+01     1.11024434e+03     3.01880250e+02     2.37358282e+02     1.25581310e+02   
    5.10000000e+04     1.27500000e+01     1.11024314e+03     3.00079329e+02     2.37020246e+02     1.25338425e+02   
    5.12000000e+04     1.28000000e+01     1.11023948e+03     2.98737783e+02     2.36060931e+02     1.24668367e+02   
    5.14000000e+04     1.28500000e+01     1.11025301e+03     3.00470838e+02     2.38699356e+02     1.26696310e+02   
    5.16000000e+04     1.29000000e+01     1.11025698e+03     3.01807896e+02     2.38595597e+02     1.26600322e+02   
    5.18000000e+04     1.29500000e+01     1.11023728e+03     3.00639447e+02     2.36074344e+02     1.24461328e+02   
    5.20000000e+04     1.30000000e+01     1.11022898e+03     2.99870193e+02     2.36402533e+02     1.24604256e+02   
    5.22000000e+04     1.30500000e+01     1.11022896e+03     2.98662967e+02     2.35806238e+02     1.24571538e+02   
    5.24000000e+04     1.31000000e+01     1.11021296e+03     2.97017223e+02     2.35375370e+02     1.24526468e+02   
    5.26000000e+04     1.31500000e+01     1.11021251e+03     2.97862938e+02     2.35849545e+02     1.24835789e+02   
    5.28000000e+04     1.32000000e+01     1.11022523e+03     2.99471793e+02     2.37287609e+02     1.24977504e+02   
    5.30000000e+04     1.32500000e+01     1.11022746e+03     2.99593917e+02     2.36416108e+02     1.24618246e+02   
    5.32000000e+04     1.33000000e+01     1.11022643e+03     3.01083463e+02     2.35902859e+02     1.24450698e+02   
    5.34000000e+04     1.33500000e+01     1.11023241e+03     2.99422981e+02     2.35942824e+02     1.23999309e+02   
    5.36000000e+04     1.34000000e+01     1.11023791e+03     3.00990178e+02     2.38204528e+02     1.25786134e+02   
    5.38000000e+04     1.34500000e+01     1.11023857e+03     2.99727034e+02     2.36478656e+02     1.24371721e+02   
    5.40000000e+04     1.35000000e+01     1.11024282e+03     3.00723047e+02     2.37222843e+02     1.24555959e+02   
    5.42000000e+04     1.35500000e+01     1.11024284e+03     3.02515436e+02     2.36247850e+02     1.24785119e+02   
    5.44000000e+04     1.36000000e+01     1.11025053e+03     2.97820143e+02     2.37242054e+02     1.25383150e+02   
    5.46000000e+04     1.36500000e+01     1.11026198e+03     2.99442687e+02     2.37681676e+02     1.25852915e+02   
    5.48000000e+04     1.37000000e+01     1.11025263e+03     3.01992042e+02     2.35772261e+02     1.24333746e+02   
    5.50000000e+04     1.37500000e+01     1.11025170e+03     2.99934219e+02     2.36317528e+02     1.24769333e+02   
    5.52000000e+04     1.38000000e+01     1.11025091e+03     2.95714923e+02     2.37532764e+02     1.26227028e+02   
    5.54000000e+04     1.38500000e+01     1.11025630e+03     2.99734155e+02     2.36888892e+02     1.25503586e+02   
    5.56000000e+04     1.39000000e+01     1.11023961e+03     3.01852145e+02     2.33928822e+02     1.23620403e+02   
    5.58000000e+04     1.39500000e+01     1.11023615e+03     3.00679945e+02     2.35264880e+02     1.23668241e+02   
    5.60000000e+04     1.40000000e+01     1.11023985e+03     2.98935271e+02     2.34186895e+02     1.24190009e+02   
    5.62000000e+04     1.40500000e+01     1.11024048e+03     2.99490509e+02     2.35206969e+02     1.23762274e+02   
    5.64000000e+04     1.41000000e+01     1.11024674e+03     3.00731747e+02     2.35001236e+02     1.24239540e+02   
    5.66000000e+04     1.41500000e+01     1.11026374e+03     3.01709385e+02     2.38344485e+02     1.27573612e+02   
    5.68000000e+04     1.42000000e+01     1.11025789e+03     3.03659749e+02     2.35756116e+02     1.24639004e+02   
    5.70000000e+04     1.42500000e+01     1.11024814e+03     3.03884485e+02     2.35982630e+02     1.23146006e+02   
    5.72000000e+04     1.43000000e+01     1.11025452e+03     3.00537835e+02     2.36111042e+02     1.24145468e+02   
    5.74000000e+04     1.43500000e+01     1.11022696e+03     3.00388255e+02     2.34629409e+02     1.20576371e+02   
    5.76000000e+04     1.44000000e+01     1.11023986e+03     2.98248763e+02     2.35390345e+02     1.22477087e+02   
    5.78000000e+04     1.44500000e+01     1.11026276e+03     3.02555452e+02     2.38277008e+02     1.24910226e+02   
    5.80000000e+04     1.45000000e+01     1.11025210e+03     3.00213542e+02     2.36278098e+02     1.22066642e+02   
    5.82000000e+04     1.45500000e+01     1.11025258e+03     3.02269808e+02     2.36081334e+02     1.23439282e+02   
    5.84000000e+04     1.46000000e+01     1.11025704e+03     2.97855620e+02     2.36278316e+02     1.24519123e+02   
    5.86000000e+04     1.46500000e+01     1.11026994e+03     2.98358746e+02     2.37412046e+02     1.26337936e+02   
    5.88000000e+04     1.47000000e+01     1.11027824e+03     3.00698953e+02     2.36028877e+02     1.25406340e+02   
    5.90000000e+04     1.47500000e+01     1.11030231e+03     2.97922436e+02     2.38968077e+02     1.26327349e+02   
    5.92000000e+04     1.48000000e+01     1.11029767e+03     3.01239216e+02     2.37256771e+02     1.25360965e+02   
    5.94000000e+04     1.48500000e+01     1.11028778e+03     3.02743128e+02     2.36402085e+02     1.22704007e+02   
    5.96000000e+04     1.49000000e+01     1.11029253e+03     2.98843857e+02     2.36987792e+02     1.25296131e+02   
    5.98000000e+04     1.49500000e+01     1.11030493e+03     3.01086014e+02     2.36429324e+02     1.23876244e+02   
    6.00000000e+04     1.50000000e+01     1.11031346e+03     2.99750177e+02     2.37554906e+02     1.25835862e+02   
    6.02000000e+04     1.50500000e+01     1.11029772e+03     2.99029280e+02     2.35007236e+02     1.23436810e+02   
    6.04000000e+04     1.51000000e+01     1.11032776e+03     3.00735779e+02     2.37450713e+02     1.26728203e+02   
    6.06000000e+04     1.51500000e+01     1.11032753e+03     2.98981143e+02     2.34689471e+02     1.25346413e+02   
    6.08000000e+04     1.52000000e+01     1.11033989e+03     2.99465857e+02     2.35697994e+02     1.25071613e+02   
    6.10000000e+04     1.52500000e+01     1.11034830e+03     2.98024004e+02     2.36629775e+02     1.26555737e+02   
    6.12000000e+04     1.53000000e+01     1.11034306e+03     3.02172758e+02     2.34476090e+02     1.23904679e+02   
    6.14000000e+04     1.53500000e+01     1.11035249e+03     2.99110825e+02     2.36906961e+02     1.25543953e+02   
    6.16000000e+04     1.54000000e+01     1.11035799e+03     3.00107438e+02     2.36661859e+02     1.26165133e+02   
    6.18000000e+04     1.54500000e+01     1.11035271e+03     3.02035345e+02     2.34993645e+02     1.23482476e+02   
    6.20000000e+04     1.55000000e+01     1.11034669e+03     3.02328009e+02     2.35157626e+02     1.23337896e+02   
    6.22000000e+04     1.55500000e+01     1.11035595e+03     3.03032192e+02     2.38591987e+02     1.27440818e+02   
    6.24000000e+04     1.56000000e+01     1.11033765e+03     3.01057050e+02     2.36067299e+02     1.24413985e+02   
    6.26000000e+04     1.56500000e+01     1.11033853e+03     2.98249779e+02     2.35194552e+02     1.24665678e+02   
    6.28000000e+04     1.57000000e+01     1.11033837e+03     2.99801014e+02     2.36949375e+02     1.25611596e+02   
    6.30000000e+04     1.57500000e+01     1.11033782e+03     2.97190496e+02     2.36669379e+02     1.25763970e+02   
    6.32000000e+04     1.58000000e+01     1.11034834e+03     2.98540523e+02     2.37460235e+02     1.26335293e+02   
    6.34000000e+04     1.58500000e+01     1.11036201e+03     2.96242905e+02     2.37900809e+02     1.26390229e+02   
    6.36000000e+04     1.59000000e+01     1.11035563e+03     2.99276542e+02     2.36045727e+02     1.22828321e+02   
    6.38000000e+04     1.59500000e+01     1.11035888e+03     3.00954239e+02     2.35694263e+02     1.22936541e+02   
    6.40000000e+04     1.60000000e+01     1.11035303e+03     2.98823031e+02     2.36544446e+02     1.23534056e+02   
    6.42000000e+04     1.60500000e+01     1.11035183e+03     2.96687338e+02     2.37350189e+02     1.24329311e+02   
    6.44000000e+04     1.61000000e+01     1.11034384e+03     3.01456298e+02     2.36625589e+02     1.22396052e+02   
    6.46000000e+04     1.61500000e+01     1.11034789e+03     3.00498230e+02     2.36368308e+02     1.23538804e+02   
    6.48000000e+04     1.62000000e+01     1.11033703e+03     3.00943023e+02     2.34364509e+02     1.21715015e+02   
    6.50000000e+04     1.62500000e+01     1.11034541e+03     3.00054648e+02     2.36557334e+02     1.25105591e+02   
    6.52000000e+04     1.63000000e+01     1.11034152e+03     2.98177435e+02     2.36362517e+02     1.24054606e+02   
    6.54000000e+04     1.63500000e+01     1.11034599e+03     2.98953249e+02     2.35736776e+02     1.24511659e+02   
    6.56000000e+04     1.64000000e+01     1.11033339e+03     2.95700051e+02     2.37062475e+02     1.22970572e+02   
    6.58000000e+04     1.64500000e+01     1.11033507e+03     3.00575024e+02     2.37863742e+02     1.23764524e+02   
    6.60000000e+04     1.65000000e+01     1.11033489e+03     2.95958812e+02     2.36738356e+02     1.23761914e+02   
    6.62000000e+04     1.65500000e+01     1.11035069e+03     3.01360513e+02     2.38770781e+02     1.25944536e+02   
    6.64000000e+04     1.66000000e+01     1.11035102e+03     3.00321311e+02     2.36474330e+02     1.25032006e+02   
    6.66000000e+04     1.66500000e+01     1.11036030e+03     3.00918028e+02     2.37726951e+02     1.26052146e+02   
    6.68000000e+04     1.67000000e+01     1.11035840e+03     2.99212100e+02     2.35665650e+02     1.24025675e+02   
    6.70000000e+04     1.67500000e+01     1.11036661e+03     2.96277433e+02     2.36936951e+02     1.24686396e+02   
    6.72000000e+04     1.68000000e+01     1.11037458e+03     2.98109855e+02     2.36657664e+02     1.24812784e+02   
    6.74000000e+04     1.68500000e+01     1.11036754e+03     3.00143784e+02     2.34253027e+02     1.20964062e+02   
    6.76000000e+04     1.69000000e+01     1.11037435e+03     2.98060143e+02     2.36018381e+02     1.24863194e+02   
    6.78000000e+04     1.69500000e+01     1.11036490e+03     2.99650799e+02     2.34550568e+02     1.22921790e+02   
    6.80000000e+04     1.70000000e+01     1.11037634e+03     2.99694254e+02     2.36177600e+02     1.25363969e+02   
    6.82000000e+04     1.70500000e+01     1.11037613e+03     2.97095704e+02     2.36822234e+02     1.25695258e+02   
    6.84000000e+04     1.71000000e+01     1.11037041e+03     2.99591188e+02     2.35411182e+02     1.23747980e+02   
    6.86000000e+04     1.71500000e+01     1.11037322e+03     2.99379279e+02     2.36690026e+02     1.25911366e+02   
    6.88000000e+04     1.72000000e+01     1.11035354e+03     3.01019253e+02     2.36544149e+02     1.23914457e+02   
    6.90000000e+04     1.72500000e+01     1.11034022e+03     3.02814139e+02     2.36671800e+02     1.24899142e+02   
    6.92000000e+04     1.73000000e+01     1.11034023e+03     2.99496772e+02     2.36527474e+02     1.24806180e+02   
    6.94000000e+04     1.73500000e+01     1.11033586e+03     2.98981683e+02     2.34872850e+02     1.24638387e+02   
    6.96000000e+04     1.74000000e+01     1.11032903e+03     3.00751324e+02     2.36865976e+02     1.23786263e+02   
    6.98000000e+04     1.74500000e+01     1.11033114e+03     2.98762460e+02     2.35852266e+02     1.22336771e+02   
    7.00000000e+04     1.75000000e+01     1.11034621e+03     3.01014264e+02     2.35029119e+02     1.22504339e+02   
    7.02000000e+04     1.75500000e+01     1.11036105e+03     3.00197207e+02     2.35997307e+02     1.22792712e+02   
    7.04000000e+04     1.76000000e+01     1.11035882e+03     3.01950438e+02     2.35427248e+02     1.22986351e+02   
    7.06000000e+04     1.76500000e+01     1.11037497e+03     2.99034975e+02     2.36853183e+02     1.23743100e+02   
    7.08000000e+04     1.77000000e+01     1.11035459e+03     3.00864484e+02     2.34879745e+02     1.20253306e+02   
    7.10000000e+04     1.77500000e+01     1.11034836e+03     2.97880633e+02     2.34555972e+02     1.20360690e+02   
    7.12000000e+04     1.78000000e+01     1.11036053e+03     3.02307729e+02     2.37949797e+02     1.23836791e+02   
    7.14000000e+04     1.78500000e+01     1.11036810e+03     2.99250900e+02     2.36806661e+02     1.24081213e+02   
    7.16000000e+04     1.79000000e+01     1.11036287e+03     3.03821496e+02     2.38155202e+02     1.23387648e+02   
    7.18000000e+04     1.79500000e+01     1.11035345e+03     2.97593107e+02     2.36191771e+02     1.22877622e+02   
    7.20000000e+04     1.80000000e+01     1.11035252e+03     2.99859058e+02     2.36297489e+02     1.22041421e+02   
    7.22000000e+04     1.80500000e+01     1.11035192e+03     2.98246505e+02     2.36223075e+02     1.23204738e+02   
    7.24000000e+04     1.81000000e+01     1.11034343e+03     2.99824194e+02     2.35341805e+02     1.21440911e+02   
    7.26000000e+04     1.81500000e+01     1.11034354e+03     2.98260541e+02     2.35706131e+02     1.22326446e+02   
    7.28000000e+04     1.82000000e+01     1.11035102e+03     2.99367985e+02     2.35959454e+02     1.23295872e+02   
    7.30000000e+04     1.82500000e+01     1.11033444e+03     3.00160498e+02     2.33062581e+02     1.19626379e+02   
    7.32000000e+04     1.83000000e+01     1.11034193e+03     3.00342975e+02     2.35464230e+02     1.20211690e+02   
    7.34000000e+04     1.83500000e+01     1.11033288e+03     2.99136122e+02     2.34468988e+02     1.20862566e+02   
    7.36000000e+04     1.84000000e+01     1.11034371e+03     3.02362994e+02     2.37312250e+02     1.23648914e+02   
    7.38000000e+04     1.84500000e+01     1.11033546e+03     3.01244166e+02     2.36716566e+02     1.23485466e+02   
    7.40000000e+04     1.85000000e+01     1.11032118e+03     2.99469767e+02     2.34677825e+02     1.22311206e+02   
    7.42000000e+04     1.85500000e+01     1.11032282e+03     3.02537543e+02     2.35978026e+02     1.22216098e+02   
    7.44000000e+04     1.86000000e+01     1.11032588e+03     3.01977987e+02     2.35397265e+02     1.22479214e+02   
    7.46000000e+04     1.86500000e+01     1.11032700e+03     2.99021797e+02     2.36518221e+02     1.23368959e+02   
    7.48000000e+04     1.87000000e+01     1.11032779e+03     2.99933953e+02     2.37069916e+02     1.24470796e+02   
    7.50000000e+04     1.87500000e+01     1.11033586e+03     2.97704561e+02     2.38282845e+02     1.25030197e+02   
    7.52000000e+04     1.88000000e+01     1.11033670e+03     3.01600616e+02     2.35648570e+02     1.22468372e+02   
    7.54000000e+04     1.88500000e+01     1.11034463e+03     2.99281831e+02     2.34797075e+02     1.22661014e+02   
    7.56000000e+04     1.89000000e+01     1.11034684e+03     2.97034149e+02     2.36179891e+02     1.23337398e+02   
    7.58000000e+04     1.89500000e+01     1.11032458e+03     3.00239892e+02     2.35026111e+02     1.21012673e+02   
    7.60000000e+04     1.90000000e+01     1.11031711e+03     2.99128835e+02     2.35150025e+02     1.22251509e+02   
    7.62000000e+04     1.90500000e+01     1.11031329e+03     3.00254290e+02     2.35809629e+02     1.23027156e+02   
    7.64000000e+04     1.91000000e+01     1.11031302e+03     2.97078857e+02     2.36597363e+02     1.24153408e+02   
    7.66000000e+04     1.91500000e+01     1.11030950e+03     2.99818053e+02     2.36822489e+02     1.24174437e+02   
    7.68000000e+04     1.92000000e+01     1.11030287e+03     2.99280149e+02     2.34933093e+02     1.21650423e+02   
    7.70000000e+04     1.92500000e+01     1.11030899e+03     2.96903402e+02     2.34190700e+02     1.23437641e+02   
    7.72000000e+04     1.93000000e+01     1.11032077e+03     3.02219020e+02     2.35428865e+02     1.22768579e+02   
    7.74000000e+04     1.93500000e+01     1.11031287e+03     2.99691626e+02     2.35675073e+02     1.23501769e+02   
    7.76000000e+04     1.94000000e+01     1.11030747e+03     2.97030616e+02     2.34314735e+02     1.21266119e+02   
    7.78000000e+04     1.94500000e+01     1.11031135e+03     3.01296208e+02     2.36787720e+02     1.23867347e+02   
    7.80000000e+04     1.95000000e+01     1.11031349e+03     3.01253789e+02     2.36703945e+02     1.22145792e+02   
    7.82000000e+04     1.95500000e+01     1.11030358e+03     2.98613433e+02     2.35479396e+02     1.23595317e+02   
    7.84000000e+04     1.96000000e+01     1.11029759e+03     2.98950607e+02     2.35804955e+02     1.23271023e+02   
    7.86000000e+04     1.96500000e+01     1.11030709e+03     2.98005647e+02     2.37607568e+02     1.26897873e+02   
    7.88000000e+04     1.97000000e+01     1.11029268e+03     2.99853168e+02     2.35018375e+02     1.24757433e+02   
    7.90000000e+04     1.97500000e+01     1.11029417e+03     3.00735804e+02     2.35028873e+02     1.23143406e+02   
    7.92000000e+04     1.98000000e+01     1.11029297e+03     2.94832893e+02     2.37084370e+02     1.24800912e+02   
    7.94000000e+04     1.98500000e+01     1.11027322e+03     2.99678984e+02     2.34124858e+02     1.19580154e+02   
    7.96000000e+04     1.99000000e+01     1.11028599e+03     2.98987251e+02     2.37225143e+02     1.24692868e+02   
    7.98000000e+04     1.99500000e+01     1.11028693e+03     3.00713935e+02     2.36097942e+02     1.23517996e+02   
    8.00000000e+04     2.00000000e+01     1.11030249e+03     2.98075172e+02     2.35253344e+02     1.22552898e+02   
