# column   1     --> step : The current simulation time step.
# column   2     --> time{picosecond} : The elapsed simulation time.
# column   3     --> conserved{electronvolt} : The value of the conserved energy quantity per bead.
# column   4     --> temperature{kelvin} : The current temperature, as obtained from the MD kinetic energy.
# column   5     --> kinetic_cv{electronvolt} : The centroid-virial quantum kinetic energy of the physical system.
# column   6     --> potential{electronvolt} : The physical system potential energy.
    0.00000000e+00     0.00000000e+00     1.11687639e+03     3.04273373e+02     2.35811669e+02     1.26290658e+02   
    2.00000000e+02     5.00000000e-02     1.11687607e+03     2.99180558e+02     2.37333977e+02     1.26580358e+02   
    4.00000000e+02     1.00000000e-01     1.11686647e+03     3.04646219e+02     2.35382870e+02     1.23639792e+02   
    6.00000000e+02     1.50000000e-01     1.11687008e+03     3.02241737e+02     2.32993958e+02     1.21725170e+02   
    8.00000000e+02     2.00000000e-01     1.11688468e+03     3.01829726e+02     2.36438702e+02     1.24664960e+02   
    1.00000000e+03     2.50000000e-01     1.11689033e+03     3.04722551e+02     2.35333018e+02     1.23844952e+02   
    1.20000000e+03     3.00000000e-01     1.11690185e+03     2.99525896e+02     2.36773360e+02     1.26880986e+02   
    1.40000000e+03     3.50000000e-01     1.11689267e+03     3.02926881e+02     2.35308320e+02     1.23821396e+02   
    1.60000000e+03     4.00000000e-01     1.11690913e+03     3.00170666e+02     2.35295917e+02     1.24323533e+02   
    1.80000000e+03     4.50000000e-01     1.11691030e+03     3.01186638e+02     2.35434112e+02     1.24888749e+02   
    2.00000000e+03     5.00000000e-01     1.11692186e+03     3.00973542e+02     2.36757068e+02     1.25428875e+02   
    2.20000000e+03     5.50000000e-01     1.11692056e+03     2.96797573e+02     2.35413689e+02     1.25320701e+02   
    2.40000000e+03     6.00000000e-01     1.11693477e+03     3.01373665e+02     2.37547697e+02     1.26347600e+02   
    2.60000000e+03     6.50000000e-01     1.11693643e+03     2.99740541e+02     2.38471497e+02     1.26163084e+02   
    2.80000000e+03     7.00000000e-01     1.11692237e+03     3.02974236e+02     2.34660253e+02     1.22698216e+02   
    3.00000000e+03     7.50000000e-01     1.11693769e+03     2.99210574e+02     2.36805174e+02     1.25849388e+02   
    3.20000000e+03     8.00000000e-01     1.11692424e+03     3.00671192e+02     2.34093452e+02     1.21567363e+02   
    3.40000000e+03     8.50000000e-01     1.11694291e+03     3.01822834e+02     2.37075230e+02     1.24781934e+02   
    3.60000000e+03     9.00000000e-01     1.11692499e+03     2.99487423e+02     2.34704944e+02     1.20625452e+02   
    3.80000000e+03     9.50000000e-01     1.11692399e+03     3.01447551e+02     2.36133683e+02     1.24976360e+02   
    4.00000000e+03     1.00000000e+00     1.11693704e+03     2.98694307e+02     2.37096253e+02     1.26233477e+02   
    4.20000000e+03     1.05000000e+00     1.11691988e+03     3.00371475e+02     2.35082590e+02     1.23709445e+02   
    4.40000000e+03     1.10000000e+00     1.11690531e+03     2.99207166e+02     2.33341104e+02     1.21060140e+02   
    4.60000000e+03     1.15000000e+00     1.11690418e+03     3.00128399e+02     2.35666051e+02     1.22890300e+02   
    4.80000000e+03     1.20000000e+00     1.11690443e+03     3.01295077e+02     2.37904429e+02     1.25637899e+02   
    5.00000000e+03     1.25000000e+00     1.11691044e+03     2.99987752e+02     2.37201488e+02     1.25138815e+02   
    5.20000000e+03     1.30000000e+00     1.11690869e+03     3.02720418e+02     2.36294548e+02     1.24580504e+02   
    5.40000000e+03     1.35000000e+00     1.11692060e+03     3.02109169e+02     2.37871139e+02     1.27133219e+02   
    5.60000000e+03     1.40000000e+00     1.11692468e+03     3.00925940e+02     2.37137498e+02     1.27288401e+02   
    5.80000000e+03     1.45000000e+00     1.11692273e+03     2.98614518e+02     2.36344193e+02     1.27004186e+02   
    6.00000000e+03     1.50000000e+00     1.11692095e+03     3.00177446e+02     2.37660477e+02     1.28006633e+02   
    6.20000000e+03     1.55000000e+00     1.11691998e+03     2.97235722e+02     2.36056104e+02     1.26909851e+02   
    6.40000000e+03     1.60000000e+00     1.11691996e+03     3.00239008e+02     2.36618841e+02     1.26465670e+02   
    6.60000000e+03     1.65000000e+00     1.11692424e+03     2.99502793e+02     2.36251589e+02     1.23324459e+02   
    6.80000000e+03     1.70000000e+00     1.11692954e+03     3.00031782e+02     2.37698382e+02     1.24945695e+02   
    7.00000000e+03     1.75000000e+00     1.11691192e+03     3.03583553e+02     2.33814881e+02     1.19978735e+02   
    7.20000000e+03     1.80000000e+00     1.11692105e+03     3.02294952e+02     2.35196043e+02     1.23304183e+02   
    7.40000000e+03     1.85000000e+00     1.11692286e+03     2.99093618e+02     2.37344487e+02     1.23756180e+02   
    7.60000000e+03     1.90000000e+00     1.11692223e+03     3.03466021e+02     2.35901620e+02     1.21573116e+02   
    7.80000000e+03     1.95000000e+00     1.11691747e+03     3.03745249e+02     2.36212686e+02     1.22329094e+02   
    8.00000000e+03     2.00000000e+00     1.11691636e+03     3.02941184e+02     2.35569021e+02     1.21574589e+02   
    8.20000000e+03     2.05000000e+00     1.11692213e+03     3.00373868e+02     2.36280731e+02     1.23367203e+02   
    8.40000000e+03     2.10000000e+00     1.11692692e+03     3.03589058e+02     2.35197438e+02     1.22980332e+02   
    8.60000000e+03     2.15000000e+00     1.11692351e+03     2.99797784e+02     2.35348519e+02     1.23622697e+02   
    8.80000000e+03     2.20000000e+00     1.11691737e+03     2.98351146e+02     2.37101459e+02     1.22864185e+02   
    9.00000000e+03     2.25000000e+00     1.11690136e+03     3.00514258e+02     2.34927016e+02     1.21260877e+02   
    9.20000000e+03     2.30000000e+00     1.11690922e+03     3.02748876e+02     2.36298370e+02     1.23069495e+02   
    9.40000000e+03     2.35000000e+00     1.11690284e+03     3.01561726e+02     2.35326095e+02     1.22766395e+02   
    9.60000000e+03     2.40000000e+00     1.11691023e+03     3.02367251e+02     2.37502268e+02     1.24640190e+02   
    9.80000000e+03     2.45000000e+00     1.11690257e+03     3.03003877e+02     2.34696906e+02     1.22565606e+02   
    1.00000000e+04     2.50000000e+00     1.11690497e+03     3.00655109e+02     2.35337315e+02     1.24379096e+02   
    1.02000000e+04     2.55000000e+00     1.11690138e+03     2.97411619e+02     2.36538023e+02     1.27152457e+02   
    1.04000000e+04     2.60000000e+00     1.11690295e+03     2.98114798e+02     2.38561011e+02     1.28555403e+02   
    1.06000000e+04     2.65000000e+00     1.11687862e+03     3.01967836e+02     2.35453631e+02     1.24651647e+02   
    1.08000000e+04     2.70000000e+00     1.11687487e+03     2.98257222e+02     2.38720444e+02     1.25716113e+02   
    1.10000000e+04     2.75000000e+00     1.11685991e+03     3.02025225e+02     2.37391858e+02     1.25945315e+02   
    1.12000000e+04     2.80000000e+00     1.11684972e+03     2.99228035e+02     2.36513947e+02     1.24818498e+02   
    1.14000000e+04     2.85000000e+00     1.11685459e+03     3.04869144e+02     2.36206296e+02     1.24358301e+02   
    1.16000000e+04     2.90000000e+00     1.11686994e+03     2.99787640e+02     2.37605562e+02     1.26991009e+02   
    1.18000000e+04     2.95000000e+00     1.11687440e+03     2.97676908e+02     2.36327591e+02     1.25711440e+02   
    1.20000000e+04     3.00000000e+00     1.11686943e+03     3.00108052e+02     2.33730347e+02     1.22425960e+02   
    1.22000000e+04     3.05000000e+00     1.11688056e+03     2.98952784e+02     2.35355906e+02     1.24138443e+02   
    1.24000000e+04     3.10000000e+00     1.11689946e+03     3.01201987e+02     2.35566978e+02     1.24150464e+02   
    1.26000000e+04     3.15000000e+00     1.11690675e+03     3.00247452e+02     2.36435663e+02     1.24676638e+02   
    1.28000000e+04     3.20000000e+00     1.11691603e+03     2.96372217e+02     2.36690032e+02     1.25346107e+02   
    1.30000000e+04     3.25000000e+00     1.11690206e+03     3.01722983e+02     2.37025399e+02     1.25054693e+02   
    1.32000000e+04     3.30000000e+00     1.11687485e+03     2.99655564e+02     2.34572289e+02     1.23132859e+02   
    1.34000000e+04     3.35000000e+00     1.11687358e+03     2.96756957e+02     2.37074006e+02     1.26127127e+02   
    1.36000000e+04     3.40000000e+00     1.11686929e+03     3.00773841e+02     2.36489407e+02     1.25540545e+02   
    1.38000000e+04     3.45000000e+00     1.11687046e+03     3.04047717e+02     2.35860699e+02     1.23577980e+02   
    1.40000000e+04     3.50000000e+00     1.11685980e+03     3.02168650e+02     2.36399039e+02     1.25617629e+02   
    1.42000000e+04     3.55000000e+00     1.11685648e+03     3.03549506e+02     2.34926723e+02     1.24409178e+02   
    1.44000000e+04     3.60000000e+00     1.11684598e+03     2.99744050e+02     2.33841039e+02     1.24711891e+02   
    1.46000000e+04     3.65000000e+00     1.11686216e+03     3.00189808e+02     2.36825363e+02     1.27904828e+02   
    1.48000000e+04     3.70000000e+00     1.11685794e+03     3.00936057e+02     2.36544807e+02     1.26747352e+02   
    1.50000000e+04     3.75000000e+00     1.11685970e+03     3.00388030e+02     2.35049908e+02     1.26939606e+02   
    1.52000000e+04     3.80000000e+00     1.11685900e+03     3.00204123e+02     2.36817745e+02     1.27818857e+02   
    1.54000000e+04     3.85000000e+00     1.11685924e+03     2.98897996e+02     2.37320467e+02     1.27216612e+02   
    1.56000000e+04     3.90000000e+00     1.11685696e+03     3.01847444e+02     2.34916873e+02     1.25007796e+02   
    1.58000000e+04     3.95000000e+00     1.11686528e+03     2.99796887e+02     2.37120545e+02     1.25718761e+02   
    1.60000000e+04     4.00000000e+00     1.11686588e+03     3.00904030e+02     2.36320631e+02     1.25346904e+02   
    1.62000000e+04     4.05000000e+00     1.11687349e+03     2.98675094e+02     2.36890186e+02     1.25744799e+02   
    1.64000000e+04     4.10000000e+00     1.11688367e+03     3.00565297e+02     2.38076780e+02     1.28241681e+02   
    1.66000000e+04     4.15000000e+00     1.11686957e+03     2.98036367e+02     2.33891052e+02     1.24181783e+02   
    1.68000000e+04     4.20000000e+00     1.11688213e+03     2.95774468e+02     2.34644056e+02     1.28482803e+02   
    1.70000000e+04     4.25000000e+00     1.11687729e+03     2.94868264e+02     2.37312585e+02     1.27648237e+02   
    1.72000000e+04     4.30000000e+00     1.11686106e+03     2.96073079e+02     2.35010694e+02     1.24924240e+02   
    1.74000000e+04     4.35000000e+00     1.11686778e+03     2.98644341e+02     2.36794599e+02     1.25244232e+02   
    1.76000000e+04     4.40000000e+00     1.11686924e+03     2.97170574e+02     2.36756913e+02     1.25213865e+02   
    1.78000000e+04     4.45000000e+00     1.11686646e+03     2.99901880e+02     2.35729584e+02     1.25230613e+02   
    1.80000000e+04     4.50000000e+00     1.11685971e+03     3.00909038e+02     2.36915656e+02     1.24871932e+02   
    1.82000000e+04     4.55000000e+00     1.11684438e+03     3.00069378e+02     2.34873945e+02     1.23535460e+02   
    1.84000000e+04     4.60000000e+00     1.11683711e+03     3.02395128e+02     2.33636971e+02     1.21610376e+02   
    1.86000000e+04     4.65000000e+00     1.11684825e+03     3.01867626e+02     2.35735576e+02     1.23629106e+02   
    1.88000000e+04     4.70000000e+00     1.11685312e+03     3.03483521e+02     2.35638939e+02     1.23476328e+02   
    1.90000000e+04     4.75000000e+00     1.11687344e+03     2.99778776e+02     2.38250127e+02     1.28730453e+02   
    1.92000000e+04     4.80000000e+00     1.11685804e+03     3.03479780e+02     2.35703244e+02     1.24984590e+02   
    1.94000000e+04     4.85000000e+00     1.11687256e+03     3.02455414e+02     2.37066087e+02     1.26167516e+02   
    1.96000000e+04     4.90000000e+00     1.11686754e+03     3.02169242e+02     2.36493481e+02     1.25087901e+02   
    1.98000000e+04     4.95000000e+00     1.11685124e+03     3.04715335e+02     2.35626829e+02     1.24185014e+02   
    2.00000000e+04     5.00000000e+00     1.11685998e+03     3.00880238e+02     2.35313619e+02     1.24477535e+02   
    2.02000000e+04     5.05000000e+00     1.11687422e+03     3.02058182e+02     2.37194884e+02     1.25652955e+02   
    2.04000000e+04     5.10000000e+00     1.11688389e+03     3.04039594e+02     2.38529574e+02     1.26638129e+02   
    2.06000000e+04     5.15000000e+00     1.11688084e+03     3.01561936e+02     2.35103646e+02     1.25119458e+02   
    2.08000000e+04     5.20000000e+00     1.11689664e+03     3.04038578e+02     2.37330026e+02     1.26969875e+02   
    2.10000000e+04     5.25000000e+00     1.11690271e+03     3.01714013e+02     2.36457817e+02     1.25017794e+02   
    2.12000000e+04     5.30000000e+00     1.11690303e+03     3.01457074e+02     2.35233290e+02     1.23202521e+02   
    2.14000000e+04     5.35000000e+00     1.11690512e+03     3.01873185e+02     2.35862313e+02     1.25254995e+02   
    2.16000000e+04     5.40000000e+00     1.11690760e+03     3.01117143e+02     2.37067649e+02     1.25374048e+02   
    2.18000000e+04     5.45000000e+00     1.11691416e+03     2.99394000e+02     2.36223505e+02     1.25970471e+02   
    2.20000000e+04     5.50000000e+00     1.11693016e+03     3.02286830e+02     2.35424871e+02     1.25568558e+02   
    2.22000000e+04     5.55000000e+00     1.11692681e+03     3.00787465e+02     2.35332521e+02     1.26142657e+02   
    2.24000000e+04     5.60000000e+00     1.11693009e+03     2.98762888e+02     2.36038138e+02     1.25550427e+02   
    2.26000000e+04     5.65000000e+00     1.11692787e+03     2.97431494e+02     2.36779832e+02     1.25849809e+02   
    2.28000000e+04     5.70000000e+00     1.11692595e+03     3.00343483e+02     2.37633033e+02     1.27228236e+02   
    2.30000000e+04     5.75000000e+00     1.11691932e+03     3.04144902e+02     2.37714536e+02     1.25518036e+02   
    2.32000000e+04     5.80000000e+00     1.11691570e+03     2.99606074e+02     2.38382050e+02     1.26039721e+02   
    2.34000000e+04     5.85000000e+00     1.11689600e+03     3.01613918e+02     2.35198390e+02     1.21667183e+02   
    2.36000000e+04     5.90000000e+00     1.11690186e+03     3.04761259e+02     2.35625933e+02     1.21049904e+02   
    2.38000000e+04     5.95000000e+00     1.11691847e+03     2.97575657e+02     2.37140020e+02     1.24782935e+02   
    2.40000000e+04     6.00000000e+00     1.11692455e+03     3.03521867e+02     2.36644580e+02     1.24872924e+02   
    2.42000000e+04     6.05000000e+00     1.11692842e+03     3.02561094e+02     2.37216312e+02     1.24640224e+02   
    2.44000000e+04     6.10000000e+00     1.11692525e+03     3.04192567e+02     2.33057975e+02     1.20036943e+02   
    2.46000000e+04     6.15000000e+00     1.11694974e+03     3.01403224e+02     2.36263060e+02     1.23088533e+02   
    2.48000000e+04     6.20000000e+00     1.11694848e+03     3.01414642e+02     2.36430235e+02     1.22776561e+02   
    2.50000000e+04     6.25000000e+00     1.11694956e+03     3.02155637e+02     2.34775168e+02     1.19642840e+02   
    2.52000000e+04     6.30000000e+00     1.11695283e+03     2.99936192e+02     2.35264216e+02     1.21844417e+02   
    2.54000000e+04     6.35000000e+00     1.11697068e+03     2.96033888e+02     2.38018894e+02     1.25493627e+02   
    2.56000000e+04     6.40000000e+00     1.11694821e+03     3.02798805e+02     2.34344589e+02     1.20698518e+02   
    2.58000000e+04     6.45000000e+00     1.11696683e+03     2.98071900e+02     2.36538257e+02     1.23809789e+02   
    2.60000000e+04     6.50000000e+00     1.11697577e+03     3.00986364e+02     2.36916918e+02     1.24754119e+02   
    2.62000000e+04     6.55000000e+00     1.11698008e+03     2.97405793e+02     2.38164827e+02     1.28629741e+02   
    2.64000000e+04     6.60000000e+00     1.11697125e+03     2.97263206e+02     2.37109406e+02     1.25956243e+02   
    2.66000000e+04     6.65000000e+00     1.11696931e+03     2.99893931e+02     2.37111940e+02     1.24048629e+02   
    2.68000000e+04     6.70000000e+00     1.11696486e+03     3.04311303e+02     2.37096429e+02     1.25059743e+02   
    2.70000000e+04     6.75000000e+00     1.11696174e+03     2.98068100e+02     2.36813452e+02     1.26597088e+02   
    2.72000000e+04     6.80000000e+00     1.11695625e+03     2.98809749e+02     2.36493303e+02     1.27355390e+02   
    2.74000000e+04     6.85000000e+00     1.11695116e+03     2.98422397e+02     2.36333298e+02     1.25872497e+02   
    2.76000000e+04     6.90000000e+00     1.11693931e+03     2.97713176e+02     2.36068233e+02     1.26279346e+02   
    2.78000000e+04     6.95000000e+00     1.11694797e+03     2.98101632e+02     2.40290010e+02     1.29783421e+02   
    2.80000000e+04     7.00000000e+00     1.11692602e+03     2.99519136e+02     2.36688940e+02     1.27243978e+02   
    2.82000000e+04     7.05000000e+00     1.11692917e+03     2.95235644e+02     2.37770504e+02     1.26790331e+02   
    2.84000000e+04     7.10000000e+00     1.11693261e+03     2.97466753e+02     2.35843926e+02     1.24732509e+02   
    2.86000000e+04     7.15000000e+00     1.11694439e+03     3.00599803e+02     2.37583890e+02     1.26436350e+02   
    2.88000000e+04     7.20000000e+00     1.11695524e+03     3.00933773e+02     2.36333491e+02     1.24822189e+02   
    2.90000000e+04     7.25000000e+00     1.11694146e+03     2.97854479e+02     2.34399523e+02     1.23307042e+02   
    2.92000000e+04     7.30000000e+00     1.11696472e+03     2.98256656e+02     2.36520117e+02     1.26308621e+02   
    2.94000000e+04     7.35000000e+00     1.11698295e+03     2.98841180e+02     2.37069087e+02     1.27752808e+02   
    2.96000000e+04     7.40000000e+00     1.11698961e+03     3.00047084e+02     2.37891113e+02     1.27550768e+02   
    2.98000000e+04     7.45000000e+00     1.11698337e+03     2.99971531e+02     2.36243671e+02     1.24274034e+02   
    3.00000000e+04     7.50000000e+00     1.11699082e+03     2.99335077e+02     2.37879771e+02     1.26401769e+02   
    3.02000000e+04     7.55000000e+00     1.11699836e+03     3.01385677e+02     2.39127391e+02     1.26631620e+02   
    3.04000000e+04     7.60000000e+00     1.11698151e+03     2.99115159e+02     2.37057207e+02     1.24139546e+02   
    3.06000000e+04     7.65000000e+00     1.11698419e+03     2.97300405e+02     2.37522865e+02     1.25173583e+02   
    3.08000000e+04     7.70000000e+00     1.11700347e+03     3.00816447e+02     2.37220644e+02     1.26005908e+02   
    3.10000000e+04     7.75000000e+00     1.11701126e+03     3.00268480e+02     2.37466692e+02     1.27088299e+02   
    3.12000000e+04     7.80000000e+00     1.11700894e+03     2.99358652e+02     2.36708538e+02     1.24783686e+02   
    3.14000000e+04     7.85000000e+00     1.11701881e+03     2.96000826e+02     2.36845740e+02     1.27287890e+02   
    3.16000000e+04     7.90000000e+00     1.11702062e+03     3.02862297e+02     2.34928349e+02     1.23444148e+02   
    3.18000000e+04     7.95000000e+00     1.11702349e+03     3.01117558e+02     2.38051437e+02     1.27413369e+02   
    3.20000000e+04     8.00000000e+00     1.11701418e+03     3.03242374e+02     2.38057062e+02     1.26027373e+02   
    3.22000000e+04     8.05000000e+00     1.11700968e+03     2.99327053e+02     2.37610107e+02     1.26863861e+02   
    3.24000000e+04     8.10000000e+00     1.11700495e+03     2.99109839e+02     2.36779758e+02     1.24598280e+02   
    3.26000000e+04     8.15000000e+00     1.11700470e+03     2.99335719e+02     2.37222999e+02     1.26405709e+02   
    3.28000000e+04     8.20000000e+00     1.11699570e+03     3.01869805e+02     2.37091718e+02     1.26915599e+02   
    3.30000000e+04     8.25000000e+00     1.11697848e+03     2.99839182e+02     2.36584572e+02     1.24988429e+02   
    3.32000000e+04     8.30000000e+00     1.11697255e+03     2.99393191e+02     2.35704970e+02     1.23205397e+02   
    3.34000000e+04     8.35000000e+00     1.11698199e+03     3.00309643e+02     2.35652908e+02     1.23389876e+02   
    3.36000000e+04     8.40000000e+00     1.11698532e+03     2.96302070e+02     2.37800154e+02     1.26782181e+02   
    3.38000000e+04     8.45000000e+00     1.11697977e+03     2.97516321e+02     2.34845541e+02     1.22528285e+02   
    3.40000000e+04     8.50000000e+00     1.11699305e+03     2.99887308e+02     2.36228682e+02     1.23924335e+02   
    3.42000000e+04     8.55000000e+00     1.11699154e+03     3.00028138e+02     2.35636993e+02     1.23035575e+02   
    3.44000000e+04     8.60000000e+00     1.11699658e+03     2.98290255e+02     2.36970337e+02     1.25007337e+02   
    3.46000000e+04     8.65000000e+00     1.11698254e+03     2.99368703e+02     2.36531582e+02     1.24280090e+02   
    3.48000000e+04     8.70000000e+00     1.11696539e+03     2.99203153e+02     2.34170021e+02     1.21399034e+02   
    3.50000000e+04     8.75000000e+00     1.11697480e+03     3.01379242e+02     2.37033088e+02     1.25197930e+02   
    3.52000000e+04     8.80000000e+00     1.11697402e+03     3.00782456e+02     2.34945469e+02     1.22993182e+02   
    3.54000000e+04     8.85000000e+00     1.11697188e+03     2.99432583e+02     2.34422249e+02     1.22934525e+02   
    3.56000000e+04     8.90000000e+00     1.11699133e+03     3.00262704e+02     2.37915701e+02     1.26271116e+02   
    3.58000000e+04     8.95000000e+00     1.11697270e+03     3.01147288e+02     2.35503019e+02     1.24134711e+02   
    3.60000000e+04     9.00000000e+00     1.11696882e+03     3.01880754e+02     2.37313893e+02     1.24774394e+02   
    3.62000000e+04     9.05000000e+00     1.11696744e+03     3.02601453e+02     2.36325709e+02     1.25057818e+02   
    3.64000000e+04     9.10000000e+00     1.11697606e+03     3.01721171e+02     2.37902320e+02     1.24071788e+02   
    3.66000000e+04     9.15000000e+00     1.11698583e+03     3.00237734e+02     2.37938594e+02     1.26154232e+02   
    3.68000000e+04     9.20000000e+00     1.11699012e+03     3.00351205e+02     2.37471133e+02     1.24165050e+02   
    3.70000000e+04     9.25000000e+00     1.11699029e+03     2.99626429e+02     2.36780077e+02     1.23868377e+02   
    3.72000000e+04     9.30000000e+00     1.11698645e+03     3.02398350e+02     2.34266784e+02     1.19875212e+02   
    3.74000000e+04     9.35000000e+00     1.11701152e+03     3.03587994e+02     2.36421314e+02     1.24491404e+02   
    3.76000000e+04     9.40000000e+00     1.11701062e+03     3.00238591e+02     2.35829710e+02     1.23678793e+02   
    3.78000000e+04     9.45000000e+00     1.11703119e+03     2.97243722e+02     2.37579133e+02     1.27909424e+02   
    3.80000000e+04     9.50000000e+00     1.11702786e+03     3.00479667e+02     2.36879788e+02     1.27504035e+02   
    3.82000000e+04     9.55000000e+00     1.11701898e+03     2.98724214e+02     2.35607430e+02     1.26457344e+02   
    3.84000000e+04     9.60000000e+00     1.11702406e+03     2.97740491e+02     2.36414466e+02     1.27983647e+02   
    3.86000000e+04     9.65000000e+00     1.11701531e+03     3.01245680e+02     2.35484277e+02     1.25367599e+02   
    3.88000000e+04     9.70000000e+00     1.11701955e+03     2.99848952e+02     2.35646930e+02     1.27908330e+02   
    3.90000000e+04     9.75000000e+00     1.11703035e+03     3.03706970e+02     2.36689806e+02     1.26891037e+02   
    3.92000000e+04     9.80000000e+00     1.11702757e+03     2.98680567e+02     2.36090597e+02     1.25182988e+02   
    3.94000000e+04     9.85000000e+00     1.11702318e+03     2.99900595e+02     2.33229053e+02     1.24089895e+02   
    3.96000000e+04     9.90000000e+00     1.11703581e+03     3.01002076e+02     2.37632129e+02     1.30404514e+02   
    3.98000000e+04     9.95000000e+00     1.11701969e+03     2.98556499e+02     2.36162977e+02     1.28048445e+02   
    4.00000000e+04     1.00000000e+01     1.11703098e+03     2.99266049e+02     2.36393344e+02     1.29618812e+02   
    4.02000000e+04     1.00500000e+01     1.11701632e+03     3.00849593e+02     2.34615706e+02     1.26949560e+02   
    4.04000000e+04     1.01000000e+01     1.11704474e+03     2.99577361e+02     2.37000961e+02     1.29466989e+02   
    4.06000000e+04     1.01500000e+01     1.11704364e+03     2.97451489e+02     2.37325932e+02     1.30511526e+02   
    4.08000000e+04     1.02000000e+01     1.11702822e+03     2.98253560e+02     2.35889954e+02     1.26773407e+02   
    4.10000000e+04     1.02500000e+01     1.11701827e+03     3.00320338e+02     2.35369180e+02     1.27082565e+02   
    4.12000000e+04     1.03000000e+01     1.11702847e+03     2.99332115e+02     2.36978197e+02     1.27523077e+02   
    4.14000000e+04     1.03500000e+01     1.11701451e+03     2.98819526e+02     2.34368035e+02     1.23346543e+02   
    4.16000000e+04     1.04000000e+01     1.11702703e+03     2.99012758e+02     2.36608757e+02     1.26311355e+02   
    4.18000000e+04     1.04500000e+01     1.11703926e+03     2.99005914e+02     2.37196982e+02     1.25826568e+02   
    4.20000000e+04     1.05000000e+01     1.11703997e+03     2.99260962e+02     2.36409341e+02     1.25026391e+02   
    4.22000000e+04     1.05500000e+01     1.11704357e+03     3.02026757e+02     2.37751886e+02     1.25770670e+02   
    4.24000000e+04     1.06000000e+01     1.11703784e+03     3.02214315e+02     2.35858257e+02     1.23686477e+02   
    4.26000000e+04     1.06500000e+01     1.11705338e+03     3.02911766e+02     2.35508096e+02     1.23441126e+02   
    4.28000000e+04     1.07000000e+01     1.11706930e+03     2.99637360e+02     2.37708117e+02     1.26416577e+02   
    4.30000000e+04     1.07500000e+01     1.11706845e+03     2.96540070e+02     2.35411677e+02     1.24017931e+02   
    4.32000000e+04     1.08000000e+01     1.11707008e+03     3.00848805e+02     2.35440861e+02     1.21967774e+02   
    4.34000000e+04     1.08500000e+01     1.11706281e+03     3.01591298e+02     2.35913310e+02     1.22892441e+02   
    4.36000000e+04     1.09000000e+01     1.11705240e+03     3.00682155e+02     2.34679587e+02     1.20838716e+02   
    4.38000000e+04     1.09500000e+01     1.11703594e+03     3.00378946e+02     2.33979538e+02     1.21458393e+02   
    4.40000000e+04     1.10000000e+01     1.11703568e+03     2.99605472e+02     2.35495360e+02     1.22507523e+02   
    4.42000000e+04     1.10500000e+01     1.11702907e+03     3.01668163e+02     2.36090239e+02     1.23621523e+02   
    4.44000000e+04     1.11000000e+01     1.11702060e+03     3.00115784e+02     2.34788298e+02     1.24478701e+02   
    4.46000000e+04     1.11500000e+01     1.11701483e+03     2.99250437e+02     2.34498163e+02     1.24052340e+02   
    4.48000000e+04     1.12000000e+01     1.11702605e+03     2.97886006e+02     2.34947937e+02     1.25055756e+02   
    4.50000000e+04     1.12500000e+01     1.11703242e+03     2.97125447e+02     2.34882451e+02     1.25025193e+02   
    4.52000000e+04     1.13000000e+01     1.11703669e+03     3.01669500e+02     2.35064173e+02     1.24512734e+02   
    4.54000000e+04     1.13500000e+01     1.11706031e+03     2.96536358e+02     2.38202466e+02     1.28473797e+02   
    4.56000000e+04     1.14000000e+01     1.11706372e+03     2.99766582e+02     2.35386640e+02     1.23533020e+02   
    4.58000000e+04     1.14500000e+01     1.11708561e+03     3.00344276e+02     2.38690414e+02     1.26087051e+02   
    4.60000000e+04     1.15000000e+01     1.11708586e+03     2.98841948e+02     2.36712507e+02     1.24952379e+02   
    4.62000000e+04     1.15500000e+01     1.11709845e+03     2.96832347e+02     2.33738832e+02     1.22935063e+02   
    4.64000000e+04     1.16000000e+01     1.11710417e+03     3.01641378e+02     2.35759977e+02     1.22190838e+02   
    4.66000000e+04     1.16500000e+01     1.11710708e+03     3.02702196e+02     2.36729303e+02     1.23674037e+02   
    4.68000000e+04     1.17000000e+01     1.11710016e+03     3.01510167e+02     2.35029001e+02     1.20282839e+02   
    4.70000000e+04     1.17500000e+01     1.11709368e+03     2.98405868e+02     2.34413768e+02     1.21382205e+02   
    4.72000000e+04     1.18000000e+01     1.11711639e+03     3.01270535e+02     2.36729334e+02     1.21904424e+02   
    4.74000000e+04     1.18500000e+01     1.11711221e+03     3.02014766e+02     2.36109023e+02     1.21255251e+02   
    4.76000000e+04     1.19000000e+01     1.11710998e+03     3.02039647e+02     2.37809500e+02     1.23793801e+02   
    4.78000000e+04     1.19500000e+01     1.11709215e+03     3.05132838e+02     2.35997078e+02     1.21443691e+02   
    4.80000000e+04     1.20000000e+01     1.11709639e+03     3.02109686e+02     2.34861229e+02     1.22282531e+02   
    4.82000000e+04     1.20500000e+01     1.11709568e+03     3.02870841e+02     2.34532413e+02     1.23536254e+02   
    4.84000000e+04     1.21000000e+01     1.11710270e+03     2.97609155e+02     2.37487472e+02     1.25639493e+02   
    4.86000000e+04     1.21500000e+01     1.11710841e+03     3.01870719e+02     2.37766397e+02     1.24661173e+02   
    4.88000000e+04     1.22000000e+01     1.11709688e+03     3.03864976e+02     2.35591569e+02     1.21859229e+02   
    4.90000000e+04     1.22500000e+01     1.11709660e+03     3.02131365e+02     2.36642828e+02     1.23221465e+02   
    4.92000000e+04     1.23000000e+01     1.11710846e+03     2.98823887e+02     2.37869189e+02     1.25233335e+02   
    4.94000000e+04     1.23500000e+01     1.11710178e+03     3.01243810e+02     2.37104858e+02     1.22777285e+02   
    4.96000000e+04     1.24000000e+01     1.11709673e+03     3.01905936e+02     2.37309672e+02     1.23073402e+02   
    4.98000000e+04     1.24500000e+01     1.11708207e+03     2.99337213e+02     2.34866308e+02     1.20051624e+02   
    5.00000000e+04     1.25000000e+01     1.11707115e+03     3.00380506e+02     2.34915756e+02     1.21653099e+02   
    5.02000000e+04     1.25500000e+01     1.11706540e+03     2.98604103e+02     2.36743508e+02     1.24282100e+02   
    5.04000000e+04     1.26000000e+01     1.11706613e+03     3.01433367e+02     2.36469384e+02     1.25398205e+02   
    5.06000000e+04     1.26500000e+01     1.11706977e+03     2.97400396e+02     2.35014808e+02     1.25819100e+02   
    5.08000000e+04     1.27000000e+01     1.11707234e+03     3.00791203e+02     2.35235869e+02     1.24970455e+02   
    5.10000000e+04     1.27500000e+01     1.11709934e+03     2.99460165e+02     2.38235557e+02     1.27197371e+02   
    5.12000000e+04     1.28000000e+01     1.11711130e+03     2.96998254e+02     2.36088273e+02     1.26579260e+02   
    5.14000000e+04     1.28500000e+01     1.11712660e+03     2.98150170e+02     2.39383897e+02     1.26532729e+02   
    5.16000000e+04     1.29000000e+01     1.11712959e+03     3.01948863e+02     2.37851001e+02     1.26055213e+02   
    5.18000000e+04     1.29500000e+01     1.11712065e+03     2.99624975e+02     2.36557881e+02     1.24361407e+02   
    5.20000000e+04     1.30000000e+01     1.11712813e+03     2.98149302e+02     2.36673639e+02     1.24438968e+02   
    5.22000000e+04     1.30500000e+01     1.11713349e+03     2.99506445e+02     2.35233159e+02     1.22841013e+02   
    5.24000000e+04     1.31000000e+01     1.11714906e+03     2.94961260e+02     2.35746494e+02     1.25709881e+02   
    5.26000000e+04     1.31500000e+01     1.11715167e+03     2.96987407e+02     2.36150746e+02     1.25149354e+02   
    5.28000000e+04     1.32000000e+01     1.11715622e+03     2.99919871e+02     2.38602899e+02     1.27870363e+02   
    5.30000000e+04     1.32500000e+01     1.11714288e+03     2.99229622e+02     2.36810447e+02     1.24072178e+02   
    5.32000000e+04     1.33000000e+01     1.11713765e+03     3.02314472e+02     2.35092454e+02     1.23002640e+02   
    5.34000000e+04     1.33500000e+01     1.11714802e+03     3.00229674e+02     2.38274381e+02     1.25081105e+02   
    5.36000000e+04     1.34000000e+01     1.11713742e+03     3.02984164e+02     2.34210705e+02     1.20107146e+02   
    5.38000000e+04     1.34500000e+01     1.11715768e+03     3.01008258e+02     2.37291119e+02     1.24421178e+02   
    5.40000000e+04     1.35000000e+01     1.11715175e+03     3.00380794e+02     2.36558809e+02     1.23329209e+02   
    5.42000000e+04     1.35500000e+01     1.11714645e+03     3.01667760e+02     2.36283943e+02     1.24824344e+02   
    5.44000000e+04     1.36000000e+01     1.11715014e+03     2.98092368e+02     2.36303896e+02     1.25421747e+02   
    5.46000000e+04     1.36500000e+01     1.11716089e+03     3.00256729e+02     2.35631487e+02     1.24596504e+02   
    5.48000000e+04     1.37000000e+01     1.11716259e+03     3.00851961e+02     2.35711742e+02     1.25446201e+02   
    5.50000000e+04     1.37500000e+01     1.11718713e+03     2.99624684e+02     2.37414489e+02     1.28462172e+02   
    5.52000000e+04     1.38000000e+01     1.11719801e+03     2.96601194e+02     2.36607765e+02     1.25780243e+02   
    5.54000000e+04     1.38500000e+01     1.11721377e+03     2.99490567e+02     2.37176118e+02     1.26406722e+02   
    5.56000000e+04     1.39000000e+01     1.11720166e+03     3.02352658e+02     2.34269068e+02     1.24070923e+02   
    5.58000000e+04     1.39500000e+01     1.11719733e+03     3.00895782e+02     2.36363166e+02     1.25535999e+02   
    5.60000000e+04     1.40000000e+01     1.11719477e+03     2.98860915e+02     2.34012676e+02     1.23731824e+02   
    5.62000000e+04     1.40500000e+01     1.11719541e+03     3.00014825e+02     2.35624606e+02     1.23883451e+02   
    5.64000000e+04     1.41000000e+01     1.11720426e+03     3.00768890e+02     2.37198366e+02     1.27031321e+02   
    5.66000000e+04     1.41500000e+01     1.11721860e+03     3.01347286e+02     2.37216017e+02     1.26364879e+02   
    5.68000000e+04     1.42000000e+01     1.11722002e+03     3.00958083e+02     2.37415348e+02     1.26174684e+02   
    5.70000000e+04     1.42500000e+01     1.11721069e+03     3.04112864e+02     2.34904102e+02     1.21912348e+02   
    5.72000000e+04     1.43000000e+01     1.11721766e+03     3.00284007e+02     2.36331220e+02     1.25287756e+02   
    5.74000000e+04     1.43500000e+01     1.11721141e+03     2.99956926e+02     2.37819773e+02     1.25617947e+02   
    5.76000000e+04     1.44000000e+01     1.11720847e+03     2.98305802e+02     2.35034674e+02     1.22950523e+02   
    5.78000000e+04     1.44500000e+01     1.11721539e+03     3.02009642e+02     2.38013322e+02     1.26258752e+02   
    5.80000000e+04     1.45000000e+01     1.11721024e+03     3.01235656e+02     2.35299595e+02     1.22410846e+02   
    5.82000000e+04     1.45500000e+01     1.11721068e+03     3.01111402e+02     2.37063805e+02     1.23990107e+02   
    5.84000000e+04     1.46000000e+01     1.11720594e+03     3.00342690e+02     2.36289580e+02     1.22852163e+02   
    5.86000000e+04     1.46500000e+01     1.11720462e+03     3.00074910e+02     2.36156367e+02     1.23711667e+02   
    5.88000000e+04     1.47000000e+01     1.11719816e+03     3.03217990e+02     2.34270381e+02     1.19598852e+02   
    5.90000000e+04     1.47500000e+01     1.11721245e+03     3.00552697e+02     2.37416148e+02     1.24439438e+02   
    5.92000000e+04     1.48000000e+01     1.11721313e+03     3.01805413e+02     2.37064937e+02     1.22503129e+02   
    5.94000000e+04     1.48500000e+01     1.11720572e+03     3.04624807e+02     2.35305548e+02     1.20229705e+02   
    5.96000000e+04     1.49000000e+01     1.11721465e+03     3.01507282e+02     2.36183052e+02     1.21187389e+02   
    5.98000000e+04     1.49500000e+01     1.11722782e+03     3.03316680e+02     2.36145776e+02     1.21902012e+02   
    6.00000000e+04     1.50000000e+01     1.11722774e+03     3.03521400e+02     2.35632559e+02     1.23646343e+02   
    6.02000000e+04     1.50500000e+01     1.11721651e+03     3.01956959e+02     2.35267434e+02     1.21838850e+02   
    6.04000000e+04     1.51000000e+01     1.11721843e+03     3.01181372e+02     2.38131842e+02     1.25557519e+02   
    6.06000000e+04     1.51500000e+01     1.11719866e+03     2.99681992e+02     2.35904611e+02     1.23285340e+02   
    6.08000000e+04     1.52000000e+01     1.11719438e+03     3.00619057e+02     2.35243579e+02     1.23606200e+02   
    6.10000000e+04     1.52500000e+01     1.11719436e+03     2.99798931e+02     2.36273522e+02     1.25317838e+02   
    6.12000000e+04     1.53000000e+01     1.11719593e+03     3.01301581e+02     2.34946143e+02     1.22958970e+02   
    6.14000000e+04     1.53500000e+01     1.11720077e+03     2.99699903e+02     2.34862577e+02     1.24073231e+02   
    6.16000000e+04     1.54000000e+01     1.11721528e+03     2.99554246e+02     2.37155893e+02     1.26702008e+02   
    6.18000000e+04     1.54500000e+01     1.11720819e+03     3.02026401e+02     2.35383939e+02     1.25050492e+02   
    6.20000000e+04     1.55000000e+01     1.11720398e+03     3.00771040e+02     2.35084705e+02     1.25130918e+02   
    6.22000000e+04     1.55500000e+01     1.11721790e+03     3.03821281e+02     2.37852938e+02     1.26838296e+02   
    6.24000000e+04     1.56000000e+01     1.11721287e+03     3.00770261e+02     2.35497414e+02     1.24079253e+02   
    6.26000000e+04     1.56500000e+01     1.11721704e+03     2.98773420e+02     2.36036043e+02     1.22993176e+02   
    6.28000000e+04     1.57000000e+01     1.11721860e+03     2.99940646e+02     2.36044499e+02     1.24966151e+02   
    6.30000000e+04     1.57500000e+01     1.11722782e+03     2.96612636e+02     2.36093671e+02     1.25336619e+02   
    6.32000000e+04     1.58000000e+01     1.11723488e+03     2.98889634e+02     2.34758266e+02     1.24485429e+02   
    6.34000000e+04     1.58500000e+01     1.11724925e+03     2.98937463e+02     2.35744985e+02     1.25549649e+02   
    6.36000000e+04     1.59000000e+01     1.11726303e+03     2.99674476e+02     2.36659432e+02     1.26566159e+02   
    6.38000000e+04     1.59500000e+01     1.11725635e+03     3.00247159e+02     2.35328905e+02     1.26893446e+02   
    6.40000000e+04     1.60000000e+01     1.11724973e+03     3.01082309e+02     2.36281494e+02     1.26255916e+02   
    6.42000000e+04     1.60500000e+01     1.11725398e+03     2.97021303e+02     2.37730851e+02     1.27901808e+02   
    6.44000000e+04     1.61000000e+01     1.11724189e+03     3.00158435e+02     2.37927577e+02     1.28445691e+02   
    6.46000000e+04     1.61500000e+01     1.11722929e+03     3.01420752e+02     2.35005796e+02     1.24443274e+02   
    6.48000000e+04     1.62000000e+01     1.11724511e+03     3.02148754e+02     2.35917484e+02     1.23779223e+02   
    6.50000000e+04     1.62500000e+01     1.11724995e+03     3.01390649e+02     2.37277756e+02     1.25510749e+02   
    6.52000000e+04     1.63000000e+01     1.11726444e+03     2.98822486e+02     2.38233550e+02     1.27675007e+02   
    6.54000000e+04     1.63500000e+01     1.11727817e+03     3.00341792e+02     2.37213496e+02     1.27621606e+02   
    6.56000000e+04     1.64000000e+01     1.11727675e+03     2.96423018e+02     2.34646459e+02     1.23485428e+02   
    6.58000000e+04     1.64500000e+01     1.11730252e+03     3.00870446e+02     2.36268482e+02     1.25570883e+02   
    6.60000000e+04     1.65000000e+01     1.11730875e+03     2.97961359e+02     2.36576176e+02     1.26691463e+02   
    6.62000000e+04     1.65500000e+01     1.11730405e+03     3.01793809e+02     2.36582482e+02     1.27085918e+02   
    6.64000000e+04     1.66000000e+01     1.11731505e+03     3.01639961e+02     2.36101921e+02     1.25431363e+02   
    6.66000000e+04     1.66500000e+01     1.11731330e+03     3.03535748e+02     2.35562003e+02     1.25055136e+02   
    6.68000000e+04     1.67000000e+01     1.11732152e+03     2.99998722e+02     2.37491134e+02     1.25925136e+02   
    6.70000000e+04     1.67500000e+01     1.11731346e+03     2.97510799e+02     2.34426500e+02     1.24478021e+02   
    6.72000000e+04     1.68000000e+01     1.11732014e+03     2.98647589e+02     2.37253084e+02     1.26454709e+02   
    6.74000000e+04     1.68500000e+01     1.11733052e+03     3.00331946e+02     2.35670921e+02     1.24416828e+02   
    6.76000000e+04     1.69000000e+01     1.11734317e+03     2.99473095e+02     2.35850900e+02     1.24635257e+02   
    6.78000000e+04     1.69500000e+01     1.11735464e+03     3.00834235e+02     2.34888202e+02     1.24266065e+02   
    6.80000000e+04     1.70000000e+01     1.11734901e+03     3.01421229e+02     2.34423755e+02     1.24354129e+02   
    6.82000000e+04     1.70500000e+01     1.11736170e+03     2.97942881e+02     2.36478517e+02     1.27739434e+02   
    6.84000000e+04     1.71000000e+01     1.11734616e+03     3.01057713e+02     2.35276219e+02     1.25117090e+02   
    6.86000000e+04     1.71500000e+01     1.11735639e+03     2.99722588e+02     2.36223731e+02     1.26965943e+02   
    6.88000000e+04     1.72000000e+01     1.11734803e+03     3.03393607e+02     2.35642232e+02     1.25283993e+02   
    6.90000000e+04     1.72500000e+01     1.11734874e+03     3.04532911e+02     2.36963234e+02     1.26629718e+02   
    6.92000000e+04     1.73000000e+01     1.11734985e+03     2.99652189e+02     2.36728278e+02     1.25811909e+02   
    6.94000000e+04     1.73500000e+01     1.11735586e+03     2.97470770e+02     2.36925625e+02     1.26497238e+02   
    6.96000000e+04     1.74000000e+01     1.11735957e+03     3.01734185e+02     2.37572115e+02     1.24833512e+02   
    6.98000000e+04     1.74500000e+01     1.11733694e+03     2.98191515e+02     2.35311640e+02     1.24715557e+02   
    7.00000000e+04     1.75000000e+01     1.11732247e+03     3.00447963e+02     2.34210628e+02     1.21760492e+02   
    7.02000000e+04     1.75500000e+01     1.11733094e+03     3.00077704e+02     2.36647542e+02     1.23910063e+02   
    7.04000000e+04     1.76000000e+01     1.11732516e+03     3.01258016e+02     2.34213538e+02     1.22564905e+02   
    7.06000000e+04     1.76500000e+01     1.11734421e+03     3.01182949e+02     2.37054225e+02     1.25731954e+02   
    7.08000000e+04     1.77000000e+01     1.11733558e+03     3.02177265e+02     2.35392138e+02     1.21871912e+02   
    7.10000000e+04     1.77500000e+01     1.11733714e+03     2.99983079e+02     2.34351245e+02     1.20027577e+02   
    7.12000000e+04     1.78000000e+01     1.11735421e+03     3.02283652e+02     2.37826703e+02     1.23926783e+02   
    7.14000000e+04     1.78500000e+01     1.11736391e+03     3.01635519e+02     2.36699650e+02     1.24257567e+02   
    7.16000000e+04     1.79000000e+01     1.11737962e+03     3.04710161e+02     2.38029518e+02     1.27004628e+02   
    7.18000000e+04     1.79500000e+01     1.11736285e+03     2.98700225e+02     2.35651415e+02     1.25488446e+02   
    7.20000000e+04     1.80000000e+01     1.11736623e+03     3.00713968e+02     2.36606585e+02     1.26137398e+02   
    7.22000000e+04     1.80500000e+01     1.11735901e+03     2.99566046e+02     2.36130031e+02     1.26014189e+02   
    7.24000000e+04     1.81000000e+01     1.11735929e+03     3.00336895e+02     2.36934806e+02     1.25852976e+02   
    7.26000000e+04     1.81500000e+01     1.11735861e+03     3.00473273e+02     2.36327138e+02     1.24406951e+02   
    7.28000000e+04     1.82000000e+01     1.11735042e+03     3.02900165e+02     2.35606380e+02     1.23220055e+02   
    7.30000000e+04     1.82500000e+01     1.11733162e+03     3.01710016e+02     2.33605819e+02     1.20430887e+02   
    7.32000000e+04     1.83000000e+01     1.11734841e+03     2.98591701e+02     2.36086933e+02     1.25102396e+02   
    7.34000000e+04     1.83500000e+01     1.11736060e+03     2.99735166e+02     2.37122099e+02     1.25810795e+02   
    7.36000000e+04     1.84000000e+01     1.11737022e+03     3.02466934e+02     2.35826005e+02     1.26775278e+02   
    7.38000000e+04     1.84500000e+01     1.11737338e+03     3.01071945e+02     2.36014329e+02     1.28084748e+02   
    7.40000000e+04     1.85000000e+01     1.11737998e+03     2.98590239e+02     2.36065929e+02     1.26920424e+02   
    7.42000000e+04     1.85500000e+01     1.11738643e+03     3.02563138e+02     2.35809055e+02     1.25921652e+02   
    7.44000000e+04     1.86000000e+01     1.11739363e+03     3.02393290e+02     2.37391852e+02     1.26518158e+02   
    7.46000000e+04     1.86500000e+01     1.11738210e+03     2.99263221e+02     2.35663497e+02     1.25962457e+02   
    7.48000000e+04     1.87000000e+01     1.11739216e+03     3.02121046e+02     2.37319875e+02     1.27052203e+02   
    7.50000000e+04     1.87500000e+01     1.11738788e+03     2.98103624e+02     2.37231306e+02     1.26469068e+02   
    7.52000000e+04     1.88000000e+01     1.11738642e+03     3.02600715e+02     2.37110527e+02     1.24412295e+02   
    7.54000000e+04     1.88500000e+01     1.11738209e+03     3.01335780e+02     2.34708903e+02     1.23866674e+02   
    7.56000000e+04     1.89000000e+01     1.11738752e+03     2.98125548e+02     2.35875507e+02     1.24755697e+02   
    7.58000000e+04     1.89500000e+01     1.11738671e+03     2.98958412e+02     2.35198199e+02     1.23464051e+02   
    7.60000000e+04     1.90000000e+01     1.11738372e+03     3.02785467e+02     2.35760169e+02     1.22659667e+02   
    7.62000000e+04     1.90500000e+01     1.11740278e+03     3.01853464e+02     2.35806441e+02     1.22950427e+02   
    7.64000000e+04     1.91000000e+01     1.11740404e+03     2.99214275e+02     2.35641099e+02     1.21100550e+02   
    7.66000000e+04     1.91500000e+01     1.11740127e+03     3.02860931e+02     2.36494751e+02     1.23987564e+02   
    7.68000000e+04     1.92000000e+01     1.11740293e+03     3.00670327e+02     2.37101665e+02     1.23357066e+02   
    7.70000000e+04     1.92500000e+01     1.11741107e+03     3.00927266e+02     2.36090972e+02     1.23686939e+02   
    7.72000000e+04     1.93000000e+01     1.11741412e+03     3.04230615e+02     2.36667745e+02     1.21993980e+02   
    7.74000000e+04     1.93500000e+01     1.11742205e+03     3.00029850e+02     2.35813521e+02     1.22694146e+02   
    7.76000000e+04     1.94000000e+01     1.11742328e+03     2.97906914e+02     2.35267754e+02     1.22869435e+02   
    7.78000000e+04     1.94500000e+01     1.11744103e+03     3.01051157e+02     2.37009203e+02     1.25631073e+02   
    7.80000000e+04     1.95000000e+01     1.11743538e+03     3.01219871e+02     2.37276202e+02     1.25811523e+02   
    7.82000000e+04     1.95500000e+01     1.11742219e+03     2.99278892e+02     2.36808145e+02     1.24789746e+02   
    7.84000000e+04     1.96000000e+01     1.11741611e+03     2.99834534e+02     2.36556157e+02     1.26820589e+02   
    7.86000000e+04     1.96500000e+01     1.11741455e+03     3.00140645e+02     2.37516052e+02     1.26407008e+02   
    7.88000000e+04     1.97000000e+01     1.11740405e+03     3.00294867e+02     2.35382593e+02     1.27373423e+02   
    7.90000000e+04     1.97500000e+01     1.11741026e+03     3.00878922e+02     2.36568026e+02     1.27062120e+02   
    7.92000000e+04     1.98000000e+01     1.11741033e+03     2.96226114e+02     2.37645312e+02     1.28173328e+02   
    7.94000000e+04     1.98500000e+01     1.11741185e+03     3.00533416e+02     2.35185244e+02     1.24084303e+02   
    7.96000000e+04     1.99000000e+01     1.11741572e+03     3.01163747e+02     2.36843745e+02     1.25156381e+02   
    7.98000000e+04     1.99500000e+01     1.11741643e+03     3.00566955e+02     2.35676553e+02     1.23895409e+02   
    8.00000000e+04     2.00000000e+01     1.11742076e+03     2.96936503e+02     2.34167695e+02     1.24802016e+02   
