# column   1     --> step : The current simulation time step.
# column   2     --> time{picosecond} : The elapsed simulation time.
# column   3     --> conserved{electronvolt} : The value of the conserved energy quantity per bead.
# column   4     --> temperature{kelvin} : The current temperature, as obtained from the MD kinetic energy.
# column   5     --> kinetic_cv{electronvolt} : The centroid-virial quantum kinetic energy of the physical system.
# column   6     --> potential{electronvolt} : The physical system potential energy.
    0.00000000e+00     0.00000000e+00    -6.89328495e+01     2.97440751e+02     1.52165030e+02    -2.19774171e+02   
    2.00000000e+02     1.00000000e-01    -6.86990930e+01     2.58305855e+02     1.52165030e+02    -1.33333179e+02   
    4.00000000e+02     2.00000000e-01    -6.86300207e+01     2.86917834e+02     1.52165030e+02    -1.11476668e+02   
    6.00000000e+02     3.00000000e-01    -6.86134649e+01     2.82000955e+02     1.52165030e+02    -9.94381889e+01   
    8.00000000e+02     4.00000000e-01    -6.86227616e+01     2.99074248e+02     1.52165030e+02    -9.54282843e+01   
    1.00000000e+03     5.00000000e-01    -6.85627490e+01     2.97751552e+02     1.52165030e+02    -8.80344865e+01   
    1.20000000e+03     6.00000000e-01    -6.85483143e+01     3.00634188e+02     1.52165030e+02    -8.70633786e+01   
    1.40000000e+03     7.00000000e-01    -6.85354471e+01     2.98923706e+02     1.52165030e+02    -8.69796995e+01   
    1.60000000e+03     8.00000000e-01    -6.85559759e+01     3.02554416e+02     1.52165030e+02    -8.91004981e+01   
    1.80000000e+03     9.00000000e-01    -6.85422973e+01     2.98141490e+02     1.52165030e+02    -9.09258200e+01   
    2.00000000e+03     1.00000000e+00    -6.85516521e+01     3.05954576e+02     1.52165030e+02    -8.93047004e+01   
    2.20000000e+03     1.10000000e+00    -6.85135885e+01     3.00402865e+02     1.52165030e+02    -8.82071254e+01   
    2.40000000e+03     1.20000000e+00    -6.85423879e+01     3.02778166e+02     1.52165030e+02    -8.55099984e+01   
    2.60000000e+03     1.30000000e+00    -6.85517632e+01     3.05072543e+02     1.52165030e+02    -8.85949482e+01   
    2.80000000e+03     1.40000000e+00    -6.85197765e+01     3.03004997e+02     1.52165030e+02    -8.67700142e+01   
    3.00000000e+03     1.50000000e+00    -6.85293279e+01     3.03384354e+02     1.52165030e+02    -8.35714220e+01   
    3.20000000e+03     1.60000000e+00    -6.85409504e+01     3.01138703e+02     1.52165030e+02    -8.64097798e+01   
    3.40000000e+03     1.70000000e+00    -6.85366490e+01     3.04139765e+02     1.52165030e+02    -8.59377089e+01   
    3.60000000e+03     1.80000000e+00    -6.85475098e+01     3.05635712e+02     1.52165030e+02    -8.57252766e+01   
    3.80000000e+03     1.90000000e+00    -6.85398538e+01     2.96625048e+02     1.52165030e+02    -8.70355279e+01   
    4.00000000e+03     2.00000000e+00    -6.85584192e+01     3.01280805e+02     1.52165030e+02    -8.68015358e+01   
    4.20000000e+03     2.10000000e+00    -6.85553055e+01     2.97811442e+02     1.52165030e+02    -8.77590582e+01   
    4.40000000e+03     2.20000000e+00    -6.85624338e+01     3.02866035e+02     1.52165030e+02    -8.88620463e+01   
    4.60000000e+03     2.30000000e+00    -6.85553719e+01     2.94955212e+02     1.52165030e+02    -9.01866477e+01   
    4.80000000e+03     2.40000000e+00    -6.85416629e+01     3.01279681e+02     1.52165030e+02    -8.81599811e+01   
    5.00000000e+03     2.50000000e+00    -6.85495261e+01     2.93801531e+02     1.52165030e+02    -8.89462891e+01   
    5.20000000e+03     2.60000000e+00    -6.85498920e+01     2.95384744e+02     1.52165030e+02    -8.85810064e+01   
    5.40000000e+03     2.70000000e+00    -6.85488248e+01     3.02313186e+02     1.52165030e+02    -8.82317945e+01   
    5.60000000e+03     2.80000000e+00    -6.85466453e+01     2.97404467e+02     1.52165030e+02    -8.70893289e+01   
    5.80000000e+03     2.90000000e+00    -6.85460275e+01     2.99811959e+02     1.52165030e+02    -8.77471851e+01   
    6.00000000e+03     3.00000000e+00    -6.85525370e+01     3.03419246e+02     1.52165030e+02    -8.93334846e+01   
    6.20000000e+03     3.10000000e+00    -6.85415367e+01     3.02701102e+02     1.52165030e+02    -8.98284809e+01   
    6.40000000e+03     3.20000000e+00    -6.85464754e+01     2.97956550e+02     1.52165030e+02    -8.82462864e+01   
    6.60000000e+03     3.30000000e+00    -6.85747819e+01     2.94535848e+02     1.52165030e+02    -8.79861158e+01   
    6.80000000e+03     3.40000000e+00    -6.85693654e+01     3.03383495e+02     1.52165030e+02    -8.74484979e+01   
    7.00000000e+03     3.50000000e+00    -6.85620175e+01     3.07491500e+02     1.52165030e+02    -8.60472911e+01   
    7.20000000e+03     3.60000000e+00    -6.85609310e+01     3.06604149e+02     1.52165030e+02    -8.46577969e+01   
    7.40000000e+03     3.70000000e+00    -6.85672096e+01     3.09304843e+02     1.52165030e+02    -8.58912580e+01   
    7.60000000e+03     3.80000000e+00    -6.85748022e+01     3.05329514e+02     1.52165030e+02    -8.83548960e+01   
    7.80000000e+03     3.90000000e+00    -6.85634410e+01     3.02531578e+02     1.52165030e+02    -8.93584611e+01   
    8.00000000e+03     4.00000000e+00    -6.85500064e+01     3.02750836e+02     1.52165030e+02    -8.84334036e+01   
    8.20000000e+03     4.10000000e+00    -6.85438080e+01     2.99645108e+02     1.52165030e+02    -8.62591923e+01   
    8.40000000e+03     4.20000000e+00    -6.85421399e+01     2.98135916e+02     1.52165030e+02    -8.80258166e+01   
    8.60000000e+03     4.30000000e+00    -6.85544030e+01     3.00207556e+02     1.52165030e+02    -8.86172542e+01   
    8.80000000e+03     4.40000000e+00    -6.85564814e+01     2.94492975e+02     1.52165030e+02    -8.86387745e+01   
    9.00000000e+03     4.50000000e+00    -6.85720447e+01     2.98550957e+02     1.52165030e+02    -8.72422861e+01   
    9.20000000e+03     4.60000000e+00    -6.85853497e+01     2.92023671e+02     1.52165030e+02    -9.04631255e+01   
    9.40000000e+03     4.70000000e+00    -6.85837974e+01     2.95195220e+02     1.52165030e+02    -8.98523233e+01   
    9.60000000e+03     4.80000000e+00    -6.85840036e+01     3.00392184e+02     1.52165030e+02    -8.65413026e+01   
    9.80000000e+03     4.90000000e+00    -6.85489935e+01     3.06328325e+02     1.52165030e+02    -8.58054053e+01   
    1.00000000e+04     5.00000000e+00    -6.85547032e+01     3.04021508e+02     1.52165030e+02    -8.59671905e+01   
    1.02000000e+04     5.10000000e+00    -6.85632845e+01     3.04319513e+02     1.52165030e+02    -8.57582258e+01   
    1.04000000e+04     5.20000000e+00    -6.85895060e+01     3.06242805e+02     1.52165030e+02    -8.61825726e+01   
    1.06000000e+04     5.30000000e+00    -6.85827887e+01     3.00054081e+02     1.52165030e+02    -8.48586731e+01   
    1.08000000e+04     5.40000000e+00    -6.85642971e+01     3.03566303e+02     1.52165030e+02    -8.83489713e+01   
    1.10000000e+04     5.50000000e+00    -6.85932774e+01     3.01343237e+02     1.52165030e+02    -8.63314753e+01   
    1.12000000e+04     5.60000000e+00    -6.85739984e+01     2.97265116e+02     1.52165030e+02    -8.52484963e+01   
    1.14000000e+04     5.70000000e+00    -6.85563520e+01     2.95383582e+02     1.52165030e+02    -8.75261522e+01   
    1.16000000e+04     5.80000000e+00    -6.85608390e+01     2.88921332e+02     1.52165030e+02    -8.80756276e+01   
    1.18000000e+04     5.90000000e+00    -6.85652940e+01     2.99634629e+02     1.52165030e+02    -8.72350986e+01   
    1.20000000e+04     6.00000000e+00    -6.85640148e+01     3.00523924e+02     1.52165030e+02    -8.73809006e+01   
    1.22000000e+04     6.10000000e+00    -6.85887573e+01     2.98170751e+02     1.52165030e+02    -9.00865005e+01   
    1.24000000e+04     6.20000000e+00    -6.85731193e+01     3.08423122e+02     1.52165030e+02    -8.80111614e+01   
    1.26000000e+04     6.30000000e+00    -6.85803678e+01     3.08714422e+02     1.52165030e+02    -8.76790500e+01   
    1.28000000e+04     6.40000000e+00    -6.86004969e+01     2.93822822e+02     1.52165030e+02    -8.99332335e+01   
    1.30000000e+04     6.50000000e+00    -6.85631531e+01     3.02029601e+02     1.52165030e+02    -8.71115646e+01   
    1.32000000e+04     6.60000000e+00    -6.85560480e+01     3.01409092e+02     1.52165030e+02    -8.68899454e+01   
    1.34000000e+04     6.70000000e+00    -6.85547087e+01     3.04860200e+02     1.52165030e+02    -8.70555701e+01   
    1.36000000e+04     6.80000000e+00    -6.85583735e+01     2.94562037e+02     1.52165030e+02    -8.74933297e+01   
    1.38000000e+04     6.90000000e+00    -6.85638996e+01     2.94788671e+02     1.52165030e+02    -8.84475653e+01   
    1.40000000e+04     7.00000000e+00    -6.85810006e+01     2.98615622e+02     1.52165030e+02    -8.67301530e+01   
    1.42000000e+04     7.10000000e+00    -6.85604083e+01     2.98755826e+02     1.52165030e+02    -8.59530940e+01   
    1.44000000e+04     7.20000000e+00    -6.85576045e+01     2.97653905e+02     1.52165030e+02    -8.81236164e+01   
    1.46000000e+04     7.30000000e+00    -6.85640252e+01     2.97712454e+02     1.52165030e+02    -8.61315468e+01   
    1.48000000e+04     7.40000000e+00    -6.85653917e+01     3.02781019e+02     1.52165030e+02    -8.53883622e+01   
    1.50000000e+04     7.50000000e+00    -6.85693368e+01     3.02687367e+02     1.52165030e+02    -8.66558401e+01   
    1.52000000e+04     7.60000000e+00    -6.85614494e+01     3.04192087e+02     1.52165030e+02    -8.62701163e+01   
    1.54000000e+04     7.70000000e+00    -6.85350202e+01     3.01141909e+02     1.52165030e+02    -8.81232865e+01   
    1.56000000e+04     7.80000000e+00    -6.85595894e+01     2.96585034e+02     1.52165030e+02    -8.64188283e+01   
    1.58000000e+04     7.90000000e+00    -6.85549357e+01     3.01790402e+02     1.52165030e+02    -8.61768066e+01   
    1.60000000e+04     8.00000000e+00    -6.85653963e+01     3.01445912e+02     1.52165030e+02    -8.73182247e+01   
    1.62000000e+04     8.10000000e+00    -6.85930790e+01     3.08528566e+02     1.52165030e+02    -8.88217385e+01   
    1.64000000e+04     8.20000000e+00    -6.85793668e+01     3.13781700e+02     1.52165030e+02    -8.65908841e+01   
    1.66000000e+04     8.30000000e+00    -6.85452575e+01     3.11375865e+02     1.52165030e+02    -8.39635696e+01   
    1.68000000e+04     8.40000000e+00    -6.85407656e+01     3.05336393e+02     1.52165030e+02    -8.29439676e+01   
    1.70000000e+04     8.50000000e+00    -6.85779521e+01     3.02517093e+02     1.52165030e+02    -8.57395490e+01   
    1.72000000e+04     8.60000000e+00    -6.85687202e+01     2.98987224e+02     1.52165030e+02    -8.74613863e+01   
    1.74000000e+04     8.70000000e+00    -6.85492141e+01     2.99217624e+02     1.52165030e+02    -8.43711702e+01   
    1.76000000e+04     8.80000000e+00    -6.85589294e+01     3.02015643e+02     1.52165030e+02    -8.90085699e+01   
    1.78000000e+04     8.90000000e+00    -6.85442544e+01     3.00005228e+02     1.52165030e+02    -8.74192689e+01   
    1.80000000e+04     9.00000000e+00    -6.85521558e+01     2.93718784e+02     1.52165030e+02    -8.62026049e+01   
    1.82000000e+04     9.10000000e+00    -6.85413998e+01     2.97390670e+02     1.52165030e+02    -8.75090530e+01   
    1.84000000e+04     9.20000000e+00    -6.85294980e+01     3.01324680e+02     1.52165030e+02    -8.63709771e+01   
    1.86000000e+04     9.30000000e+00    -6.85255328e+01     3.05117768e+02     1.52165030e+02    -8.81454433e+01   
    1.88000000e+04     9.40000000e+00    -6.85438779e+01     2.99687443e+02     1.52165030e+02    -8.80401115e+01   
    1.90000000e+04     9.50000000e+00    -6.85479380e+01     3.04705026e+02     1.52165030e+02    -8.64399470e+01   
    1.92000000e+04     9.60000000e+00    -6.85594395e+01     3.08644379e+02     1.52165030e+02    -8.69635646e+01   
    1.94000000e+04     9.70000000e+00    -6.85411780e+01     2.99488364e+02     1.52165030e+02    -8.53579694e+01   
    1.96000000e+04     9.80000000e+00    -6.85591201e+01     3.02407306e+02     1.52165030e+02    -8.42001735e+01   
    1.98000000e+04     9.90000000e+00    -6.85798856e+01     2.96871126e+02     1.52165030e+02    -8.61720533e+01   
    2.00000000e+04     1.00000000e+01    -6.85555136e+01     2.98584521e+02     1.52165030e+02    -8.44914953e+01   
    2.02000000e+04     1.01000000e+01    -6.85535678e+01     3.02740889e+02     1.52165030e+02    -8.48982400e+01   
    2.04000000e+04     1.02000000e+01    -6.85649488e+01     2.95221827e+02     1.52165030e+02    -8.59496137e+01   
    2.06000000e+04     1.03000000e+01    -6.85724259e+01     2.88966377e+02     1.52165030e+02    -8.65394349e+01   
    2.08000000e+04     1.04000000e+01    -6.85554514e+01     2.98574808e+02     1.52165030e+02    -8.74218667e+01   
    2.10000000e+04     1.05000000e+01    -6.85659293e+01     3.01574535e+02     1.52165030e+02    -8.75090641e+01   
    2.12000000e+04     1.06000000e+01    -6.85758225e+01     3.05034230e+02     1.52165030e+02    -8.45327768e+01   
    2.14000000e+04     1.07000000e+01    -6.85650452e+01     2.96487906e+02     1.52165030e+02    -8.50220888e+01   
    2.16000000e+04     1.08000000e+01    -6.85604789e+01     3.04092949e+02     1.52165030e+02    -8.66123511e+01   
    2.18000000e+04     1.09000000e+01    -6.85465607e+01     3.03542069e+02     1.52165030e+02    -8.70087616e+01   
    2.20000000e+04     1.10000000e+01    -6.85912724e+01     3.05565666e+02     1.52165030e+02    -8.92391326e+01   
    2.22000000e+04     1.11000000e+01    -6.85589162e+01     2.97989015e+02     1.52165030e+02    -8.59176668e+01   
    2.24000000e+04     1.12000000e+01    -6.85736936e+01     2.97455249e+02     1.52165030e+02    -8.58764718e+01   
    2.26000000e+04     1.13000000e+01    -6.85622827e+01     3.07159806e+02     1.52165030e+02    -8.48811841e+01   
    2.28000000e+04     1.14000000e+01    -6.85848989e+01     3.03163752e+02     1.52165030e+02    -8.66524800e+01   
    2.30000000e+04     1.15000000e+01    -6.85658016e+01     2.96936307e+02     1.52165030e+02    -8.39327695e+01   
    2.32000000e+04     1.16000000e+01    -6.85823751e+01     3.03433306e+02     1.52165030e+02    -9.03532753e+01   
    2.34000000e+04     1.17000000e+01    -6.85616292e+01     3.01118797e+02     1.52165030e+02    -8.53179724e+01   
    2.36000000e+04     1.18000000e+01    -6.85769553e+01     3.02172794e+02     1.52165030e+02    -8.45766379e+01   
    2.38000000e+04     1.19000000e+01    -6.85896294e+01     3.02226439e+02     1.52165030e+02    -8.72169957e+01   
    2.40000000e+04     1.20000000e+01    -6.85846924e+01     3.05346940e+02     1.52165030e+02    -8.95179117e+01   
    2.42000000e+04     1.21000000e+01    -6.85795656e+01     2.98360571e+02     1.52165030e+02    -8.81237153e+01   
    2.44000000e+04     1.22000000e+01    -6.85721147e+01     2.99020035e+02     1.52165030e+02    -8.69475336e+01   
    2.46000000e+04     1.23000000e+01    -6.85694916e+01     3.02810824e+02     1.52165030e+02    -8.87378091e+01   
    2.48000000e+04     1.24000000e+01    -6.85678010e+01     3.02639130e+02     1.52165030e+02    -8.68917890e+01   
    2.50000000e+04     1.25000000e+01    -6.85658552e+01     2.95213469e+02     1.52165030e+02    -8.85160701e+01   
    2.52000000e+04     1.26000000e+01    -6.85760688e+01     2.89134005e+02     1.52165030e+02    -8.83712913e+01   
    2.54000000e+04     1.27000000e+01    -6.85395384e+01     3.01296473e+02     1.52165030e+02    -8.67491009e+01   
    2.56000000e+04     1.28000000e+01    -6.85807145e+01     2.97135263e+02     1.52165030e+02    -8.59392017e+01   
    2.58000000e+04     1.29000000e+01    -6.85823634e+01     3.02034499e+02     1.52165030e+02    -8.94273306e+01   
    2.60000000e+04     1.30000000e+01    -6.85747013e+01     3.05160555e+02     1.52165030e+02    -9.11519386e+01   
    2.62000000e+04     1.31000000e+01    -6.85736343e+01     3.00174588e+02     1.52165030e+02    -8.83782009e+01   
    2.64000000e+04     1.32000000e+01    -6.85838969e+01     2.98083008e+02     1.52165030e+02    -8.90154995e+01   
    2.66000000e+04     1.33000000e+01    -6.85876820e+01     3.00815009e+02     1.52165030e+02    -8.76234986e+01   
    2.68000000e+04     1.34000000e+01    -6.85991749e+01     3.02354356e+02     1.52165030e+02    -8.94963740e+01   
    2.70000000e+04     1.35000000e+01    -6.85854541e+01     3.03315402e+02     1.52165030e+02    -8.64632053e+01   
    2.72000000e+04     1.36000000e+01    -6.85804124e+01     3.00707758e+02     1.52165030e+02    -8.76380602e+01   
    2.74000000e+04     1.37000000e+01    -6.86191431e+01     3.03485658e+02     1.52165030e+02    -9.05258405e+01   
    2.76000000e+04     1.38000000e+01    -6.85771489e+01     3.02558922e+02     1.52165030e+02    -8.67498858e+01   
    2.78000000e+04     1.39000000e+01    -6.85800147e+01     2.94789746e+02     1.52165030e+02    -8.79342684e+01   
    2.80000000e+04     1.40000000e+01    -6.85864988e+01     2.91491459e+02     1.52165030e+02    -8.62107778e+01   
    2.82000000e+04     1.41000000e+01    -6.85629533e+01     3.00153910e+02     1.52165030e+02    -8.47781226e+01   
    2.84000000e+04     1.42000000e+01    -6.85716206e+01     3.02842688e+02     1.52165030e+02    -8.79091720e+01   
    2.86000000e+04     1.43000000e+01    -6.85761652e+01     2.99596621e+02     1.52165030e+02    -8.82492964e+01   
    2.88000000e+04     1.44000000e+01    -6.85967373e+01     2.97318170e+02     1.52165030e+02    -8.78170196e+01   
    2.90000000e+04     1.45000000e+01    -6.85757404e+01     2.97506594e+02     1.52165030e+02    -8.80740380e+01   
    2.92000000e+04     1.46000000e+01    -6.86053689e+01     2.94125117e+02     1.52165030e+02    -8.91623960e+01   
    2.94000000e+04     1.47000000e+01    -6.85705700e+01     2.97336709e+02     1.52165030e+02    -8.82215048e+01   
    2.96000000e+04     1.48000000e+01    -6.85662628e+01     2.91306138e+02     1.52165030e+02    -8.83125090e+01   
    2.98000000e+04     1.49000000e+01    -6.85890986e+01     3.03098241e+02     1.52165030e+02    -8.91143197e+01   
    3.00000000e+04     1.50000000e+01    -6.85664406e+01     2.99662600e+02     1.52165030e+02    -8.65011260e+01   
    3.02000000e+04     1.51000000e+01    -6.85748274e+01     2.99004718e+02     1.52165030e+02    -8.74150395e+01   
    3.04000000e+04     1.52000000e+01    -6.85674496e+01     2.97356709e+02     1.52165030e+02    -8.61432610e+01   
    3.06000000e+04     1.53000000e+01    -6.85664762e+01     3.05786089e+02     1.52165030e+02    -8.83629654e+01   
    3.08000000e+04     1.54000000e+01    -6.85954702e+01     3.02968556e+02     1.52165030e+02    -8.93433866e+01   
    3.10000000e+04     1.55000000e+01    -6.85863097e+01     2.97446154e+02     1.52165030e+02    -8.86626191e+01   
    3.12000000e+04     1.56000000e+01    -6.85889854e+01     2.94262866e+02     1.52165030e+02    -8.98093894e+01   
    3.14000000e+04     1.57000000e+01    -6.85840601e+01     2.96264584e+02     1.52165030e+02    -8.85343657e+01   
    3.16000000e+04     1.58000000e+01    -6.85983603e+01     2.93895536e+02     1.52165030e+02    -9.02471355e+01   
    3.18000000e+04     1.59000000e+01    -6.85898876e+01     3.00348831e+02     1.52165030e+02    -8.97136663e+01   
    3.20000000e+04     1.60000000e+01    -6.85631857e+01     2.94906898e+02     1.52165030e+02    -8.74634115e+01   
    3.22000000e+04     1.61000000e+01    -6.85585983e+01     2.92124732e+02     1.52165030e+02    -8.67907429e+01   
    3.24000000e+04     1.62000000e+01    -6.85949530e+01     2.98866395e+02     1.52165030e+02    -8.61914576e+01   
    3.26000000e+04     1.63000000e+01    -6.85970274e+01     2.98659742e+02     1.52165030e+02    -8.70073143e+01   
    3.28000000e+04     1.64000000e+01    -6.86049336e+01     3.03562241e+02     1.52165030e+02    -8.84909962e+01   
    3.30000000e+04     1.65000000e+01    -6.86185525e+01     2.99491829e+02     1.52165030e+02    -8.77127479e+01   
    3.32000000e+04     1.66000000e+01    -6.86095615e+01     3.07180915e+02     1.52165030e+02    -8.95429696e+01   
    3.34000000e+04     1.67000000e+01    -6.85911039e+01     3.00025006e+02     1.52165030e+02    -8.64621307e+01   
    3.36000000e+04     1.68000000e+01    -6.85854990e+01     2.98308594e+02     1.52165030e+02    -8.69379764e+01   
    3.38000000e+04     1.69000000e+01    -6.85854358e+01     3.06538912e+02     1.52165030e+02    -8.98496149e+01   
    3.40000000e+04     1.70000000e+01    -6.85868333e+01     3.01554489e+02     1.52165030e+02    -8.43946366e+01   
    3.42000000e+04     1.71000000e+01    -6.86116245e+01     3.07280124e+02     1.52165030e+02    -8.70284054e+01   
    3.44000000e+04     1.72000000e+01    -6.85705578e+01     2.99515355e+02     1.52165030e+02    -8.60653778e+01   
    3.46000000e+04     1.73000000e+01    -6.85866591e+01     2.97381190e+02     1.52165030e+02    -8.68983255e+01   
    3.48000000e+04     1.74000000e+01    -6.86018439e+01     2.95434656e+02     1.52165030e+02    -8.95345657e+01   
    3.50000000e+04     1.75000000e+01    -6.86046924e+01     3.01233883e+02     1.52165030e+02    -9.11298969e+01   
    3.52000000e+04     1.76000000e+01    -6.85740031e+01     2.93828997e+02     1.52165030e+02    -8.94379363e+01   
    3.54000000e+04     1.77000000e+01    -6.86017615e+01     2.94872227e+02     1.52165030e+02    -8.83468538e+01   
    3.56000000e+04     1.78000000e+01    -6.85871491e+01     3.03254984e+02     1.52165030e+02    -8.43143186e+01   
    3.58000000e+04     1.79000000e+01    -6.85926628e+01     3.06115577e+02     1.52165030e+02    -8.87540915e+01   
    3.60000000e+04     1.80000000e+01    -6.85809293e+01     3.01041509e+02     1.52165030e+02    -8.92079164e+01   
    3.62000000e+04     1.81000000e+01    -6.85691609e+01     2.98258463e+02     1.52165030e+02    -8.82313555e+01   
    3.64000000e+04     1.82000000e+01    -6.85727168e+01     2.95026021e+02     1.52165030e+02    -8.61431969e+01   
    3.66000000e+04     1.83000000e+01    -6.85794548e+01     2.89299351e+02     1.52165030e+02    -8.59433649e+01   
    3.68000000e+04     1.84000000e+01    -6.85778644e+01     2.95388442e+02     1.52165030e+02    -8.75436714e+01   
    3.70000000e+04     1.85000000e+01    -6.85615245e+01     2.98265442e+02     1.52165030e+02    -8.83611445e+01   
    3.72000000e+04     1.86000000e+01    -6.85953884e+01     3.02431269e+02     1.52165030e+02    -8.74826056e+01   
    3.74000000e+04     1.87000000e+01    -6.85904307e+01     3.07617426e+02     1.52165030e+02    -8.87328590e+01   
    3.76000000e+04     1.88000000e+01    -6.85765011e+01     3.07504517e+02     1.52165030e+02    -8.62013527e+01   
    3.78000000e+04     1.89000000e+01    -6.85824241e+01     3.05699457e+02     1.52165030e+02    -8.53991850e+01   
    3.80000000e+04     1.90000000e+01    -6.85799053e+01     3.11313735e+02     1.52165030e+02    -8.77205926e+01   
    3.82000000e+04     1.91000000e+01    -6.85847972e+01     3.01232357e+02     1.52165030e+02    -8.68691090e+01   
    3.84000000e+04     1.92000000e+01    -6.85766268e+01     2.96809258e+02     1.52165030e+02    -8.56418332e+01   
    3.86000000e+04     1.93000000e+01    -6.85829360e+01     3.00057968e+02     1.52165030e+02    -8.63075773e+01   
    3.88000000e+04     1.94000000e+01    -6.85979150e+01     3.01036975e+02     1.52165030e+02    -8.58933912e+01   
    3.90000000e+04     1.95000000e+01    -6.85768915e+01     3.04473738e+02     1.52165030e+02    -8.76044948e+01   
    3.92000000e+04     1.96000000e+01    -6.85953716e+01     2.98877954e+02     1.52165030e+02    -8.86068354e+01   
    3.94000000e+04     1.97000000e+01    -6.86187165e+01     3.06056719e+02     1.52165030e+02    -8.67682342e+01   
    3.96000000e+04     1.98000000e+01    -6.85922814e+01     2.99804569e+02     1.52165030e+02    -8.66603120e+01   
    3.98000000e+04     1.99000000e+01    -6.86137943e+01     3.02750512e+02     1.52165030e+02    -8.90297755e+01   
    4.00000000e+04     2.00000000e+01    -6.85955368e+01     2.99356997e+02     1.52165030e+02    -8.46110882e+01   
