# column   1     --> step : The current simulation time step.
# column   2     --> time{picosecond} : The elapsed simulation time.
# column   3     --> conserved{electronvolt} : The value of the conserved energy quantity per bead.
# column   4     --> temperature{kelvin} : The current temperature, as obtained from the MD kinetic energy.
# column   5     --> kinetic_cv{electronvolt} : The centroid-virial quantum kinetic energy of the physical system.
# column   6     --> potential{electronvolt} : The physical system potential energy.
    0.00000000e+00     0.00000000e+00    -2.61766472e+02     3.04213422e+02     6.08660119e+02    -8.79096696e+02   
    2.00000000e+02     1.00000000e-01    -2.60782658e+02     2.60537836e+02     6.08660119e+02    -5.35703859e+02   
    4.00000000e+02     2.00000000e-01    -2.60568589e+02     2.85487492e+02     6.08660119e+02    -4.51906791e+02   
    6.00000000e+02     3.00000000e-01    -2.60429685e+02     2.91330241e+02     6.08660119e+02    -4.08225286e+02   
    8.00000000e+02     4.00000000e-01    -2.60400587e+02     2.94192110e+02     6.08660119e+02    -3.89670764e+02   
    1.00000000e+03     5.00000000e-01    -2.60346725e+02     2.96951755e+02     6.08660119e+02    -3.76814309e+02   
    1.20000000e+03     6.00000000e-01    -2.60358817e+02     2.99679578e+02     6.08660119e+02    -3.67978941e+02   
    1.40000000e+03     7.00000000e-01    -2.60335839e+02     2.96639166e+02     6.08660119e+02    -3.70639976e+02   
    1.60000000e+03     8.00000000e-01    -2.60337863e+02     2.99280107e+02     6.08660119e+02    -3.66270560e+02   
    1.80000000e+03     9.00000000e-01    -2.60317940e+02     3.02397351e+02     6.08660119e+02    -3.56131941e+02   
    2.00000000e+03     1.00000000e+00    -2.60315537e+02     2.98331548e+02     6.08660119e+02    -3.53650397e+02   
    2.20000000e+03     1.10000000e+00    -2.60265769e+02     2.94046070e+02     6.08660119e+02    -3.48495232e+02   
    2.40000000e+03     1.20000000e+00    -2.60240435e+02     2.98849551e+02     6.08660119e+02    -3.48648314e+02   
    2.60000000e+03     1.30000000e+00    -2.60262021e+02     3.01740998e+02     6.08660119e+02    -3.49597932e+02   
    2.80000000e+03     1.40000000e+00    -2.60266092e+02     3.01041393e+02     6.08660119e+02    -3.50051367e+02   
    3.00000000e+03     1.50000000e+00    -2.60266400e+02     2.99223626e+02     6.08660119e+02    -3.47554953e+02   
    3.20000000e+03     1.60000000e+00    -2.60283475e+02     2.99689054e+02     6.08660119e+02    -3.45951591e+02   
    3.40000000e+03     1.70000000e+00    -2.60312310e+02     3.02376072e+02     6.08660119e+02    -3.46682753e+02   
    3.60000000e+03     1.80000000e+00    -2.60298632e+02     2.98500635e+02     6.08660119e+02    -3.47243085e+02   
    3.80000000e+03     1.90000000e+00    -2.60282390e+02     3.05543403e+02     6.08660119e+02    -3.48764535e+02   
    4.00000000e+03     2.00000000e+00    -2.60343807e+02     3.01582225e+02     6.08660119e+02    -3.39860408e+02   
    4.20000000e+03     2.10000000e+00    -2.60273521e+02     2.99245732e+02     6.08660119e+02    -3.42397409e+02   
    4.40000000e+03     2.20000000e+00    -2.60292391e+02     2.99659973e+02     6.08660119e+02    -3.46152938e+02   
    4.60000000e+03     2.30000000e+00    -2.60308531e+02     2.99052163e+02     6.08660119e+02    -3.40568261e+02   
    4.80000000e+03     2.40000000e+00    -2.60304157e+02     2.99857773e+02     6.08660119e+02    -3.46610340e+02   
    5.00000000e+03     2.50000000e+00    -2.60284095e+02     2.98705184e+02     6.08660119e+02    -3.46503740e+02   
    5.20000000e+03     2.60000000e+00    -2.60288288e+02     2.99384309e+02     6.08660119e+02    -3.50326727e+02   
    5.40000000e+03     2.70000000e+00    -2.60264424e+02     2.98478409e+02     6.08660119e+02    -3.50181272e+02   
    5.60000000e+03     2.80000000e+00    -2.60298509e+02     2.97737133e+02     6.08660119e+02    -3.47109177e+02   
    5.80000000e+03     2.90000000e+00    -2.60281372e+02     2.99352655e+02     6.08660119e+02    -3.44955402e+02   
    6.00000000e+03     3.00000000e+00    -2.60262522e+02     3.02311389e+02     6.08660119e+02    -3.50160013e+02   
    6.20000000e+03     3.10000000e+00    -2.60277834e+02     2.95459816e+02     6.08660119e+02    -3.48259023e+02   
    6.40000000e+03     3.20000000e+00    -2.60279755e+02     3.00536082e+02     6.08660119e+02    -3.50679721e+02   
    6.60000000e+03     3.30000000e+00    -2.60260711e+02     2.96735291e+02     6.08660119e+02    -3.52930690e+02   
    6.80000000e+03     3.40000000e+00    -2.60228435e+02     2.98779895e+02     6.08660119e+02    -3.46305135e+02   
    7.00000000e+03     3.50000000e+00    -2.60267748e+02     3.03800373e+02     6.08660119e+02    -3.48777119e+02   
    7.20000000e+03     3.60000000e+00    -2.60253389e+02     3.00012161e+02     6.08660119e+02    -3.49164724e+02   
    7.40000000e+03     3.70000000e+00    -2.60216905e+02     3.00317265e+02     6.08660119e+02    -3.47890840e+02   
    7.60000000e+03     3.80000000e+00    -2.60271550e+02     2.98016744e+02     6.08660119e+02    -3.43163213e+02   
    7.80000000e+03     3.90000000e+00    -2.60287332e+02     3.01227242e+02     6.08660119e+02    -3.41827283e+02   
    8.00000000e+03     4.00000000e+00    -2.60291691e+02     2.99841352e+02     6.08660119e+02    -3.49977499e+02   
    8.20000000e+03     4.10000000e+00    -2.60255784e+02     2.99884250e+02     6.08660119e+02    -3.44746240e+02   
    8.40000000e+03     4.20000000e+00    -2.60290226e+02     3.00698550e+02     6.08660119e+02    -3.46247726e+02   
    8.60000000e+03     4.30000000e+00    -2.60290530e+02     3.03466629e+02     6.08660119e+02    -3.47766155e+02   
    8.80000000e+03     4.40000000e+00    -2.60248875e+02     3.00855162e+02     6.08660119e+02    -3.47051790e+02   
    9.00000000e+03     4.50000000e+00    -2.60229808e+02     3.03313814e+02     6.08660119e+02    -3.48171496e+02   
    9.20000000e+03     4.60000000e+00    -2.60271723e+02     3.00854940e+02     6.08660119e+02    -3.47239041e+02   
    9.40000000e+03     4.70000000e+00    -2.60289310e+02     3.03095934e+02     6.08660119e+02    -3.48102951e+02   
    9.60000000e+03     4.80000000e+00    -2.60280000e+02     3.00262094e+02     6.08660119e+02    -3.46318835e+02   
    9.80000000e+03     4.90000000e+00    -2.60240681e+02     2.97999372e+02     6.08660119e+02    -3.44532608e+02   
    1.00000000e+04     5.00000000e+00    -2.60279883e+02     2.99645818e+02     6.08660119e+02    -3.50831754e+02   
    1.02000000e+04     5.10000000e+00    -2.60260416e+02     2.99167375e+02     6.08660119e+02    -3.51797316e+02   
    1.04000000e+04     5.20000000e+00    -2.60253949e+02     3.00636337e+02     6.08660119e+02    -3.48404932e+02   
    1.06000000e+04     5.30000000e+00    -2.60293331e+02     2.96661966e+02     6.08660119e+02    -3.50693900e+02   
    1.08000000e+04     5.40000000e+00    -2.60297902e+02     3.00922454e+02     6.08660119e+02    -3.47761257e+02   
    1.10000000e+04     5.50000000e+00    -2.60270799e+02     3.00478568e+02     6.08660119e+02    -3.49173068e+02   
    1.12000000e+04     5.60000000e+00    -2.60261404e+02     3.01303184e+02     6.08660119e+02    -3.47603585e+02   
    1.14000000e+04     5.70000000e+00    -2.60290559e+02     3.01148087e+02     6.08660119e+02    -3.47780313e+02   
    1.16000000e+04     5.80000000e+00    -2.60293449e+02     3.00053097e+02     6.08660119e+02    -3.49830784e+02   
    1.18000000e+04     5.90000000e+00    -2.60288292e+02     3.00415760e+02     6.08660119e+02    -3.49654504e+02   
    1.20000000e+04     6.00000000e+00    -2.60249022e+02     3.01219630e+02     6.08660119e+02    -3.53756273e+02   
    1.22000000e+04     6.10000000e+00    -2.60260063e+02     2.96493927e+02     6.08660119e+02    -3.47936965e+02   
    1.24000000e+04     6.20000000e+00    -2.60277084e+02     3.01683057e+02     6.08660119e+02    -3.52126993e+02   
    1.26000000e+04     6.30000000e+00    -2.60244301e+02     2.98077707e+02     6.08660119e+02    -3.53808189e+02   
    1.28000000e+04     6.40000000e+00    -2.60267943e+02     2.95640640e+02     6.08660119e+02    -3.51997394e+02   
    1.30000000e+04     6.50000000e+00    -2.60270488e+02     2.98992935e+02     6.08660119e+02    -3.57583508e+02   
    1.32000000e+04     6.60000000e+00    -2.60284574e+02     2.99111363e+02     6.08660119e+02    -3.51822014e+02   
    1.34000000e+04     6.70000000e+00    -2.60332379e+02     2.99535914e+02     6.08660119e+02    -3.51724632e+02   
    1.36000000e+04     6.80000000e+00    -2.60318293e+02     3.01968147e+02     6.08660119e+02    -3.50900601e+02   
    1.38000000e+04     6.90000000e+00    -2.60288910e+02     3.00686813e+02     6.08660119e+02    -3.51225970e+02   
    1.40000000e+04     7.00000000e+00    -2.60310741e+02     2.97168069e+02     6.08660119e+02    -3.53517563e+02   
    1.42000000e+04     7.10000000e+00    -2.60328727e+02     2.97341587e+02     6.08660119e+02    -3.53813582e+02   
    1.44000000e+04     7.20000000e+00    -2.60249528e+02     3.01390725e+02     6.08660119e+02    -3.49691001e+02   
    1.46000000e+04     7.30000000e+00    -2.60273400e+02     2.98858577e+02     6.08660119e+02    -3.49526811e+02   
    1.48000000e+04     7.40000000e+00    -2.60255017e+02     3.03243323e+02     6.08660119e+02    -3.47143207e+02   
    1.50000000e+04     7.50000000e+00    -2.60317356e+02     3.01770211e+02     6.08660119e+02    -3.49063597e+02   
    1.52000000e+04     7.60000000e+00    -2.60280007e+02     3.02392852e+02     6.08660119e+02    -3.44473890e+02   
    1.54000000e+04     7.70000000e+00    -2.60288470e+02     3.00342852e+02     6.08660119e+02    -3.48298352e+02   
    1.56000000e+04     7.80000000e+00    -2.60344118e+02     3.01519035e+02     6.08660119e+02    -3.46535624e+02   
    1.58000000e+04     7.90000000e+00    -2.60337824e+02     3.01427232e+02     6.08660119e+02    -3.47058795e+02   
    1.60000000e+04     8.00000000e+00    -2.60320394e+02     3.00948698e+02     6.08660119e+02    -3.50024777e+02   
    1.62000000e+04     8.10000000e+00    -2.60286331e+02     3.01763516e+02     6.08660119e+02    -3.49376049e+02   
    1.64000000e+04     8.20000000e+00    -2.60218834e+02     3.01387783e+02     6.08660119e+02    -3.43746501e+02   
    1.66000000e+04     8.30000000e+00    -2.60258003e+02     3.02486155e+02     6.08660119e+02    -3.44557367e+02   
    1.68000000e+04     8.40000000e+00    -2.60270961e+02     3.03461981e+02     6.08660119e+02    -3.42385856e+02   
    1.70000000e+04     8.50000000e+00    -2.60254013e+02     3.01775942e+02     6.08660119e+02    -3.43739793e+02   
    1.72000000e+04     8.60000000e+00    -2.60275789e+02     2.98550986e+02     6.08660119e+02    -3.46365327e+02   
    1.74000000e+04     8.70000000e+00    -2.60314225e+02     3.04432537e+02     6.08660119e+02    -3.46007810e+02   
    1.76000000e+04     8.80000000e+00    -2.60250836e+02     3.00410141e+02     6.08660119e+02    -3.48810928e+02   
    1.78000000e+04     8.90000000e+00    -2.60273257e+02     2.99111225e+02     6.08660119e+02    -3.45093720e+02   
    1.80000000e+04     9.00000000e+00    -2.60274320e+02     2.99856466e+02     6.08660119e+02    -3.51026607e+02   
    1.82000000e+04     9.10000000e+00    -2.60241329e+02     3.01033442e+02     6.08660119e+02    -3.42380448e+02   
    1.84000000e+04     9.20000000e+00    -2.60221936e+02     2.96558559e+02     6.08660119e+02    -3.42378079e+02   
    1.86000000e+04     9.30000000e+00    -2.60263528e+02     3.00282784e+02     6.08660119e+02    -3.50772917e+02   
    1.88000000e+04     9.40000000e+00    -2.60273977e+02     2.96994560e+02     6.08660119e+02    -3.46228498e+02   
    1.90000000e+04     9.50000000e+00    -2.60299139e+02     2.99409331e+02     6.08660119e+02    -3.52101020e+02   
    1.92000000e+04     9.60000000e+00    -2.60308482e+02     3.01216388e+02     6.08660119e+02    -3.54280458e+02   
    1.94000000e+04     9.70000000e+00    -2.60233678e+02     3.01115358e+02     6.08660119e+02    -3.52487647e+02   
    1.96000000e+04     9.80000000e+00    -2.60274635e+02     2.99029020e+02     6.08660119e+02    -3.50840527e+02   
    1.98000000e+04     9.90000000e+00    -2.60270299e+02     3.01809748e+02     6.08660119e+02    -3.56029277e+02   
    2.00000000e+04     1.00000000e+01    -2.60236582e+02     2.99305117e+02     6.08660119e+02    -3.43361314e+02   
    2.02000000e+04     1.01000000e+01    -2.60247111e+02     3.04130624e+02     6.08660119e+02    -3.50032406e+02   
    2.04000000e+04     1.02000000e+01    -2.60283484e+02     2.96510627e+02     6.08660119e+02    -3.48493187e+02   
    2.06000000e+04     1.03000000e+01    -2.60256211e+02     2.99851960e+02     6.08660119e+02    -3.47221351e+02   
    2.08000000e+04     1.04000000e+01    -2.60258628e+02     3.02292236e+02     6.08660119e+02    -3.41724536e+02   
    2.10000000e+04     1.05000000e+01    -2.60248884e+02     3.02357733e+02     6.08660119e+02    -3.39732716e+02   
    2.12000000e+04     1.06000000e+01    -2.60317081e+02     3.00109692e+02     6.08660119e+02    -3.49629013e+02   
    2.14000000e+04     1.07000000e+01    -2.60273786e+02     3.02107896e+02     6.08660119e+02    -3.43773897e+02   
    2.16000000e+04     1.08000000e+01    -2.60238605e+02     3.00062338e+02     6.08660119e+02    -3.48093780e+02   
    2.18000000e+04     1.09000000e+01    -2.60234987e+02     3.03263316e+02     6.08660119e+02    -3.45822190e+02   
    2.20000000e+04     1.10000000e+01    -2.60239290e+02     2.97379014e+02     6.08660119e+02    -3.40235316e+02   
    2.22000000e+04     1.11000000e+01    -2.60276839e+02     2.99655857e+02     6.08660119e+02    -3.49577806e+02   
    2.24000000e+04     1.12000000e+01    -2.60251668e+02     2.96852538e+02     6.08660119e+02    -3.50729980e+02   
    2.26000000e+04     1.13000000e+01    -2.60235193e+02     3.01550285e+02     6.08660119e+02    -3.52456315e+02   
    2.28000000e+04     1.14000000e+01    -2.60273941e+02     2.97589912e+02     6.08660119e+02    -3.47993586e+02   
    2.30000000e+04     1.15000000e+01    -2.60272493e+02     3.00424974e+02     6.08660119e+02    -3.48670450e+02   
    2.32000000e+04     1.16000000e+01    -2.60276550e+02     3.01866674e+02     6.08660119e+02    -3.54686248e+02   
    2.34000000e+04     1.17000000e+01    -2.60255040e+02     3.01099126e+02     6.08660119e+02    -3.53165296e+02   
    2.36000000e+04     1.18000000e+01    -2.60243799e+02     2.97783009e+02     6.08660119e+02    -3.50611008e+02   
    2.38000000e+04     1.19000000e+01    -2.60209122e+02     2.99626350e+02     6.08660119e+02    -3.49767649e+02   
    2.40000000e+04     1.20000000e+01    -2.60221401e+02     2.99300927e+02     6.08660119e+02    -3.48406914e+02   
    2.42000000e+04     1.21000000e+01    -2.60208397e+02     2.98522910e+02     6.08660119e+02    -3.46373247e+02   
    2.44000000e+04     1.22000000e+01    -2.60230359e+02     3.02177104e+02     6.08660119e+02    -3.55638113e+02   
    2.46000000e+04     1.23000000e+01    -2.60252343e+02     3.00640483e+02     6.08660119e+02    -3.51219297e+02   
    2.48000000e+04     1.24000000e+01    -2.60253092e+02     2.98365575e+02     6.08660119e+02    -3.53112979e+02   
    2.50000000e+04     1.25000000e+01    -2.60259325e+02     2.99363767e+02     6.08660119e+02    -3.49832379e+02   
    2.52000000e+04     1.26000000e+01    -2.60245592e+02     2.98471295e+02     6.08660119e+02    -3.47475519e+02   
    2.54000000e+04     1.27000000e+01    -2.60248725e+02     3.00116532e+02     6.08660119e+02    -3.46036754e+02   
    2.56000000e+04     1.28000000e+01    -2.60193434e+02     2.98634930e+02     6.08660119e+02    -3.45282793e+02   
    2.58000000e+04     1.29000000e+01    -2.60238417e+02     3.01048049e+02     6.08660119e+02    -3.52590047e+02   
    2.60000000e+04     1.30000000e+01    -2.60201423e+02     3.00429822e+02     6.08660119e+02    -3.52888956e+02   
    2.62000000e+04     1.31000000e+01    -2.60196992e+02     2.99285679e+02     6.08660119e+02    -3.42154650e+02   
    2.64000000e+04     1.32000000e+01    -2.60205593e+02     3.01965788e+02     6.08660119e+02    -3.47315289e+02   
    2.66000000e+04     1.33000000e+01    -2.60187589e+02     3.00770976e+02     6.08660119e+02    -3.41355835e+02   
    2.68000000e+04     1.34000000e+01    -2.60164448e+02     3.00983409e+02     6.08660119e+02    -3.44121700e+02   
    2.70000000e+04     1.35000000e+01    -2.60204308e+02     3.00703669e+02     6.08660119e+02    -3.46905038e+02   
    2.72000000e+04     1.36000000e+01    -2.60257156e+02     2.99917907e+02     6.08660119e+02    -3.51619644e+02   
    2.74000000e+04     1.37000000e+01    -2.60257471e+02     3.00330071e+02     6.08660119e+02    -3.46753381e+02   
    2.76000000e+04     1.38000000e+01    -2.60252218e+02     3.00075784e+02     6.08660119e+02    -3.49274571e+02   
    2.78000000e+04     1.39000000e+01    -2.60248203e+02     3.00119633e+02     6.08660119e+02    -3.49175524e+02   
    2.80000000e+04     1.40000000e+01    -2.60258513e+02     3.00298554e+02     6.08660119e+02    -3.47969949e+02   
    2.82000000e+04     1.41000000e+01    -2.60263215e+02     3.01399614e+02     6.08660119e+02    -3.51156738e+02   
    2.84000000e+04     1.42000000e+01    -2.60206309e+02     3.03637858e+02     6.08660119e+02    -3.44373952e+02   
    2.86000000e+04     1.43000000e+01    -2.60218559e+02     3.02213449e+02     6.08660119e+02    -3.43850109e+02   
    2.88000000e+04     1.44000000e+01    -2.60229227e+02     2.99190037e+02     6.08660119e+02    -3.44271898e+02   
    2.90000000e+04     1.45000000e+01    -2.60314031e+02     3.02864900e+02     6.08660119e+02    -3.53501990e+02   
    2.92000000e+04     1.46000000e+01    -2.60233407e+02     3.01600730e+02     6.08660119e+02    -3.46176325e+02   
    2.94000000e+04     1.47000000e+01    -2.60235227e+02     3.01703129e+02     6.08660119e+02    -3.48526080e+02   
    2.96000000e+04     1.48000000e+01    -2.60208546e+02     3.00022902e+02     6.08660119e+02    -3.49182788e+02   
    2.98000000e+04     1.49000000e+01    -2.60245726e+02     3.03935730e+02     6.08660119e+02    -3.46627866e+02   
    3.00000000e+04     1.50000000e+01    -2.60236861e+02     3.02991478e+02     6.08660119e+02    -3.48607811e+02   
    3.02000000e+04     1.51000000e+01    -2.60240340e+02     3.02021105e+02     6.08660119e+02    -3.51307942e+02   
    3.04000000e+04     1.52000000e+01    -2.60220304e+02     3.00145415e+02     6.08660119e+02    -3.56884518e+02   
    3.06000000e+04     1.53000000e+01    -2.60211428e+02     3.00481677e+02     6.08660119e+02    -3.53421147e+02   
    3.08000000e+04     1.54000000e+01    -2.60187733e+02     3.01658813e+02     6.08660119e+02    -3.45691262e+02   
    3.10000000e+04     1.55000000e+01    -2.60212210e+02     2.95949236e+02     6.08660119e+02    -3.46253045e+02   
    3.12000000e+04     1.56000000e+01    -2.60205809e+02     2.96714449e+02     6.08660119e+02    -3.48014763e+02   
    3.14000000e+04     1.57000000e+01    -2.60241847e+02     2.99534667e+02     6.08660119e+02    -3.51368913e+02   
    3.16000000e+04     1.58000000e+01    -2.60250323e+02     2.97628452e+02     6.08660119e+02    -3.49672378e+02   
    3.18000000e+04     1.59000000e+01    -2.60272956e+02     3.00740443e+02     6.08660119e+02    -3.47345541e+02   
    3.20000000e+04     1.60000000e+01    -2.60186873e+02     2.97974449e+02     6.08660119e+02    -3.46763524e+02   
    3.22000000e+04     1.61000000e+01    -2.60223284e+02     2.99202867e+02     6.08660119e+02    -3.46472556e+02   
    3.24000000e+04     1.62000000e+01    -2.60232391e+02     3.00892321e+02     6.08660119e+02    -3.47090725e+02   
    3.26000000e+04     1.63000000e+01    -2.60221792e+02     3.02719811e+02     6.08660119e+02    -3.46995797e+02   
    3.28000000e+04     1.64000000e+01    -2.60237583e+02     3.02777020e+02     6.08660119e+02    -3.47947742e+02   
    3.30000000e+04     1.65000000e+01    -2.60239468e+02     2.98917196e+02     6.08660119e+02    -3.47450250e+02   
    3.32000000e+04     1.66000000e+01    -2.60280096e+02     2.96837970e+02     6.08660119e+02    -3.55802683e+02   
    3.34000000e+04     1.67000000e+01    -2.60289830e+02     2.97104699e+02     6.08660119e+02    -3.53575247e+02   
    3.36000000e+04     1.68000000e+01    -2.60220768e+02     3.00080256e+02     6.08660119e+02    -3.48896419e+02   
    3.38000000e+04     1.69000000e+01    -2.60200599e+02     2.99423229e+02     6.08660119e+02    -3.43330158e+02   
    3.40000000e+04     1.70000000e+01    -2.60228280e+02     3.00134508e+02     6.08660119e+02    -3.50168648e+02   
    3.42000000e+04     1.71000000e+01    -2.60213937e+02     2.99417447e+02     6.08660119e+02    -3.49796775e+02   
    3.44000000e+04     1.72000000e+01    -2.60246173e+02     3.02539909e+02     6.08660119e+02    -3.50306381e+02   
    3.46000000e+04     1.73000000e+01    -2.60236024e+02     2.99611516e+02     6.08660119e+02    -3.49678712e+02   
    3.48000000e+04     1.74000000e+01    -2.60208119e+02     3.01417041e+02     6.08660119e+02    -3.54101175e+02   
    3.50000000e+04     1.75000000e+01    -2.60167082e+02     3.02026774e+02     6.08660119e+02    -3.42833405e+02   
    3.52000000e+04     1.76000000e+01    -2.60192137e+02     2.99526261e+02     6.08660119e+02    -3.47225174e+02   
    3.54000000e+04     1.77000000e+01    -2.60204673e+02     3.02090038e+02     6.08660119e+02    -3.46547038e+02   
    3.56000000e+04     1.78000000e+01    -2.60251830e+02     2.96698802e+02     6.08660119e+02    -3.53013416e+02   
    3.58000000e+04     1.79000000e+01    -2.60194007e+02     2.96969695e+02     6.08660119e+02    -3.53536469e+02   
    3.60000000e+04     1.80000000e+01    -2.60250746e+02     2.98881117e+02     6.08660119e+02    -3.55516451e+02   
    3.62000000e+04     1.81000000e+01    -2.60254393e+02     3.03689062e+02     6.08660119e+02    -3.55232962e+02   
    3.64000000e+04     1.82000000e+01    -2.60226710e+02     3.03547237e+02     6.08660119e+02    -3.47540932e+02   
    3.66000000e+04     1.83000000e+01    -2.60258197e+02     3.05013275e+02     6.08660119e+02    -3.57104111e+02   
    3.68000000e+04     1.84000000e+01    -2.60265042e+02     3.00947520e+02     6.08660119e+02    -3.49783446e+02   
    3.70000000e+04     1.85000000e+01    -2.60287301e+02     3.01802296e+02     6.08660119e+02    -3.56042083e+02   
    3.72000000e+04     1.86000000e+01    -2.60223236e+02     3.01240151e+02     6.08660119e+02    -3.52923061e+02   
    3.74000000e+04     1.87000000e+01    -2.60208541e+02     3.00638362e+02     6.08660119e+02    -3.50836737e+02   
    3.76000000e+04     1.88000000e+01    -2.60233341e+02     3.04034650e+02     6.08660119e+02    -3.53534448e+02   
    3.78000000e+04     1.89000000e+01    -2.60212226e+02     3.02142418e+02     6.08660119e+02    -3.50906445e+02   
    3.80000000e+04     1.90000000e+01    -2.60216902e+02     3.00086907e+02     6.08660119e+02    -3.49170816e+02   
    3.82000000e+04     1.91000000e+01    -2.60257836e+02     3.00177981e+02     6.08660119e+02    -3.49548224e+02   
    3.84000000e+04     1.92000000e+01    -2.60230238e+02     3.02343420e+02     6.08660119e+02    -3.51149289e+02   
    3.86000000e+04     1.93000000e+01    -2.60275203e+02     3.00039565e+02     6.08660119e+02    -3.48307527e+02   
    3.88000000e+04     1.94000000e+01    -2.60212240e+02     3.01725608e+02     6.08660119e+02    -3.52182995e+02   
    3.90000000e+04     1.95000000e+01    -2.60214360e+02     3.02059160e+02     6.08660119e+02    -3.44399520e+02   
    3.92000000e+04     1.96000000e+01    -2.60215942e+02     3.00733425e+02     6.08660119e+02    -3.46989769e+02   
    3.94000000e+04     1.97000000e+01    -2.60218772e+02     3.01922932e+02     6.08660119e+02    -3.45417999e+02   
    3.96000000e+04     1.98000000e+01    -2.60236359e+02     3.05325790e+02     6.08660119e+02    -3.54351424e+02   
    3.98000000e+04     1.99000000e+01    -2.60235512e+02     3.01586460e+02     6.08660119e+02    -3.52919423e+02   
    4.00000000e+04     2.00000000e+01    -2.60220455e+02     2.98331192e+02     6.08660119e+02    -3.46786622e+02   
