# column   1     --> step : The current simulation time step.
# column   2     --> time{picosecond} : The elapsed simulation time.
# column   3     --> conserved{electronvolt} : The value of the conserved energy quantity per bead.
# column   4     --> temperature{kelvin} : The current temperature, as obtained from the MD kinetic energy.
# column   5     --> kinetic_cv{electronvolt} : The centroid-virial quantum kinetic energy of the physical system.
# column   6     --> potential{electronvolt} : The physical system potential energy.
    0.00000000e+00     0.00000000e+00    -6.89329767e+01     2.97440751e+02     1.52165030e+02    -2.19774299e+02   
    2.00000000e+02     1.00000000e-01    -6.87009357e+01     2.58597149e+02     1.52165030e+02    -1.33494353e+02   
    4.00000000e+02     2.00000000e-01    -6.86300359e+01     2.86407641e+02     1.52165030e+02    -1.11592944e+02   
    6.00000000e+02     3.00000000e-01    -6.86147323e+01     2.81272781e+02     1.52165030e+02    -9.95141171e+01   
    8.00000000e+02     4.00000000e-01    -6.86185408e+01     2.98802357e+02     1.52165030e+02    -9.52395100e+01   
    1.00000000e+03     5.00000000e-01    -6.85632187e+01     2.97540238e+02     1.52165030e+02    -8.81482765e+01   
    1.20000000e+03     6.00000000e-01    -6.85511643e+01     3.00930291e+02     1.52165030e+02    -8.72766932e+01   
    1.40000000e+03     7.00000000e-01    -6.85357348e+01     2.98514016e+02     1.52165030e+02    -8.70746719e+01   
    1.60000000e+03     8.00000000e-01    -6.85553218e+01     3.02331193e+02     1.52165030e+02    -8.89555778e+01   
    1.80000000e+03     9.00000000e-01    -6.85421309e+01     2.98141814e+02     1.52165030e+02    -9.09226900e+01   
    2.00000000e+03     1.00000000e+00    -6.85549694e+01     3.05786018e+02     1.52165030e+02    -8.94821204e+01   
    2.20000000e+03     1.10000000e+00    -6.85149460e+01     3.00113355e+02     1.52165030e+02    -8.82402900e+01   
    2.40000000e+03     1.20000000e+00    -6.85416863e+01     3.02596558e+02     1.52165030e+02    -8.54988321e+01   
    2.60000000e+03     1.30000000e+00    -6.85486754e+01     3.04717518e+02     1.52165030e+02    -8.85372548e+01   
    2.80000000e+03     1.40000000e+00    -6.85223778e+01     3.03523317e+02     1.52165030e+02    -8.70369733e+01   
    3.00000000e+03     1.50000000e+00    -6.85259860e+01     3.03140230e+02     1.52165030e+02    -8.34784131e+01   
    3.20000000e+03     1.60000000e+00    -6.85360386e+01     3.01151921e+02     1.52165030e+02    -8.62780377e+01   
    3.40000000e+03     1.70000000e+00    -6.85338929e+01     3.04015973e+02     1.52165030e+02    -8.59278112e+01   
    3.60000000e+03     1.80000000e+00    -6.85439071e+01     3.05259726e+02     1.52165030e+02    -8.55572313e+01   
    3.80000000e+03     1.90000000e+00    -6.85415725e+01     2.96646331e+02     1.52165030e+02    -8.70432194e+01   
    4.00000000e+03     2.00000000e+00    -6.85577058e+01     3.01329755e+02     1.52165030e+02    -8.70858416e+01   
    4.20000000e+03     2.10000000e+00    -6.85544229e+01     2.97990762e+02     1.52165030e+02    -8.77639016e+01   
    4.40000000e+03     2.20000000e+00    -6.85671658e+01     3.02919098e+02     1.52165030e+02    -8.90033777e+01   
    4.60000000e+03     2.30000000e+00    -6.85559750e+01     2.95188896e+02     1.52165030e+02    -9.02845355e+01   
    4.80000000e+03     2.40000000e+00    -6.85428039e+01     3.01263232e+02     1.52165030e+02    -8.81174460e+01   
    5.00000000e+03     2.50000000e+00    -6.85467379e+01     2.93676598e+02     1.52165030e+02    -8.88788267e+01   
    5.20000000e+03     2.60000000e+00    -6.85479079e+01     2.95194111e+02     1.52165030e+02    -8.82014906e+01   
    5.40000000e+03     2.70000000e+00    -6.85405060e+01     3.02237228e+02     1.52165030e+02    -8.78143451e+01   
    5.60000000e+03     2.80000000e+00    -6.85531594e+01     2.97733378e+02     1.52165030e+02    -8.72604535e+01   
    5.80000000e+03     2.90000000e+00    -6.85455369e+01     2.99870435e+02     1.52165030e+02    -8.77886892e+01   
    6.00000000e+03     3.00000000e+00    -6.85550227e+01     3.02050463e+02     1.52165030e+02    -8.82288883e+01   
    6.20000000e+03     3.10000000e+00    -6.85462862e+01     3.03248012e+02     1.52165030e+02    -8.94078589e+01   
    6.40000000e+03     3.20000000e+00    -6.85563374e+01     2.99088309e+02     1.52165030e+02    -8.80070224e+01   
    6.60000000e+03     3.30000000e+00    -6.85731467e+01     2.95227961e+02     1.52165030e+02    -8.80736528e+01   
    6.80000000e+03     3.40000000e+00    -6.85595691e+01     3.02055054e+02     1.52165030e+02    -8.70700523e+01   
    7.00000000e+03     3.50000000e+00    -6.85585057e+01     3.08812380e+02     1.52165030e+02    -8.61718652e+01   
    7.20000000e+03     3.60000000e+00    -6.85476447e+01     3.06383670e+02     1.52165030e+02    -8.48188614e+01   
    7.40000000e+03     3.70000000e+00    -6.85579951e+01     3.10358240e+02     1.52165030e+02    -8.48849984e+01   
    7.60000000e+03     3.80000000e+00    -6.85693712e+01     3.07169052e+02     1.52165030e+02    -8.75592485e+01   
    7.80000000e+03     3.90000000e+00    -6.85687422e+01     3.02214414e+02     1.52165030e+02    -8.91632570e+01   
    8.00000000e+03     4.00000000e+00    -6.85679908e+01     3.01546378e+02     1.52165030e+02    -8.82523986e+01   
    8.20000000e+03     4.10000000e+00    -6.85576372e+01     3.03219977e+02     1.52165030e+02    -8.71339334e+01   
    8.40000000e+03     4.20000000e+00    -6.85320146e+01     2.97231330e+02     1.52165030e+02    -8.63620474e+01   
    8.60000000e+03     4.30000000e+00    -6.85544528e+01     3.03372232e+02     1.52165030e+02    -8.87511095e+01   
    8.80000000e+03     4.40000000e+00    -6.85477860e+01     2.96394893e+02     1.52165030e+02    -8.89775701e+01   
    9.00000000e+03     4.50000000e+00    -6.85610909e+01     3.01373225e+02     1.52165030e+02    -8.77462670e+01   
    9.20000000e+03     4.60000000e+00    -6.85712023e+01     2.91203457e+02     1.52165030e+02    -9.12886618e+01   
    9.40000000e+03     4.70000000e+00    -6.85844493e+01     2.94160682e+02     1.52165030e+02    -9.08906698e+01   
    9.60000000e+03     4.80000000e+00    -6.85842979e+01     2.96703737e+02     1.52165030e+02    -8.54585036e+01   
    9.80000000e+03     4.90000000e+00    -6.85515848e+01     3.07776120e+02     1.52165030e+02    -8.87605404e+01   
    1.00000000e+04     5.00000000e+00    -6.85456590e+01     3.00671056e+02     1.52165030e+02    -8.72379128e+01   
    1.02000000e+04     5.10000000e+00    -6.85603437e+01     3.04793973e+02     1.52165030e+02    -8.87993023e+01   
    1.04000000e+04     5.20000000e+00    -6.85542799e+01     3.06360086e+02     1.52165030e+02    -8.68361336e+01   
    1.06000000e+04     5.30000000e+00    -6.85596816e+01     3.02631502e+02     1.52165030e+02    -8.60576022e+01   
    1.08000000e+04     5.40000000e+00    -6.85572329e+01     3.01539991e+02     1.52165030e+02    -8.81498238e+01   
    1.10000000e+04     5.50000000e+00    -6.85880803e+01     2.96938289e+02     1.52165030e+02    -8.85540993e+01   
    1.12000000e+04     5.60000000e+00    -6.85541324e+01     2.97976670e+02     1.52165030e+02    -8.63528882e+01   
    1.14000000e+04     5.70000000e+00    -6.85375233e+01     2.99195454e+02     1.52165030e+02    -8.58397183e+01   
    1.16000000e+04     5.80000000e+00    -6.85582985e+01     2.98913337e+02     1.52165030e+02    -8.95360740e+01   
    1.18000000e+04     5.90000000e+00    -6.85453579e+01     3.02325474e+02     1.52165030e+02    -8.84456061e+01   
    1.20000000e+04     6.00000000e+00    -6.85323202e+01     3.01610545e+02     1.52165030e+02    -8.70219770e+01   
    1.22000000e+04     6.10000000e+00    -6.85310559e+01     2.96340104e+02     1.52165030e+02    -8.70242114e+01   
    1.24000000e+04     6.20000000e+00    -6.85819118e+01     3.02740697e+02     1.52165030e+02    -9.15111310e+01   
    1.26000000e+04     6.30000000e+00    -6.85831317e+01     3.00927186e+02     1.52165030e+02    -8.96475657e+01   
    1.28000000e+04     6.40000000e+00    -6.85854233e+01     2.96274291e+02     1.52165030e+02    -9.16900215e+01   
    1.30000000e+04     6.50000000e+00    -6.85771913e+01     2.99431237e+02     1.52165030e+02    -8.80454874e+01   
    1.32000000e+04     6.60000000e+00    -6.85724554e+01     3.02176316e+02     1.52165030e+02    -8.79425481e+01   
    1.34000000e+04     6.70000000e+00    -6.85617026e+01     3.01340558e+02     1.52165030e+02    -8.96976095e+01   
    1.36000000e+04     6.80000000e+00    -6.85545024e+01     2.92004798e+02     1.52165030e+02    -8.69624071e+01   
    1.38000000e+04     6.90000000e+00    -6.85779889e+01     2.93060250e+02     1.52165030e+02    -8.68668508e+01   
    1.40000000e+04     7.00000000e+00    -6.85792643e+01     3.00097349e+02     1.52165030e+02    -8.69272790e+01   
    1.42000000e+04     7.10000000e+00    -6.85685540e+01     2.98212657e+02     1.52165030e+02    -8.48027928e+01   
    1.44000000e+04     7.20000000e+00    -6.85527487e+01     3.00299863e+02     1.52165030e+02    -8.63170092e+01   
    1.46000000e+04     7.30000000e+00    -6.85853343e+01     2.98909163e+02     1.52165030e+02    -8.63752915e+01   
    1.48000000e+04     7.40000000e+00    -6.85954406e+01     3.06046792e+02     1.52165030e+02    -8.57389370e+01   
    1.50000000e+04     7.50000000e+00    -6.86068179e+01     3.08341010e+02     1.52165030e+02    -8.84555175e+01   
    1.52000000e+04     7.60000000e+00    -6.85623496e+01     3.03273477e+02     1.52165030e+02    -8.75054312e+01   
    1.54000000e+04     7.70000000e+00    -6.85629216e+01     3.05316193e+02     1.52165030e+02    -8.78425622e+01   
    1.56000000e+04     7.80000000e+00    -6.85573670e+01     2.99967545e+02     1.52165030e+02    -8.68324871e+01   
    1.58000000e+04     7.90000000e+00    -6.85552904e+01     3.02683580e+02     1.52165030e+02    -8.76994670e+01   
    1.60000000e+04     8.00000000e+00    -6.85420897e+01     2.99552652e+02     1.52165030e+02    -8.58150003e+01   
    1.62000000e+04     8.10000000e+00    -6.85707180e+01     3.01475943e+02     1.52165030e+02    -8.83803577e+01   
    1.64000000e+04     8.20000000e+00    -6.85718770e+01     3.01814914e+02     1.52165030e+02    -8.74357555e+01   
    1.66000000e+04     8.30000000e+00    -6.85699038e+01     3.08854488e+02     1.52165030e+02    -8.80048506e+01   
    1.68000000e+04     8.40000000e+00    -6.85889797e+01     2.99469375e+02     1.52165030e+02    -8.60615180e+01   
    1.70000000e+04     8.50000000e+00    -6.85528003e+01     2.96693071e+02     1.52165030e+02    -8.69952900e+01   
    1.72000000e+04     8.60000000e+00    -6.85678243e+01     2.98685900e+02     1.52165030e+02    -8.62015901e+01   
    1.74000000e+04     8.70000000e+00    -6.85493636e+01     2.98290345e+02     1.52165030e+02    -8.56449434e+01   
    1.76000000e+04     8.80000000e+00    -6.85435998e+01     3.01052060e+02     1.52165030e+02    -8.39227923e+01   
    1.78000000e+04     8.90000000e+00    -6.85578849e+01     2.97295412e+02     1.52165030e+02    -8.54712578e+01   
    1.80000000e+04     9.00000000e+00    -6.85624237e+01     2.96941827e+02     1.52165030e+02    -8.58398817e+01   
    1.82000000e+04     9.10000000e+00    -6.85348739e+01     2.96958367e+02     1.52165030e+02    -8.61372947e+01   
    1.84000000e+04     9.20000000e+00    -6.85529635e+01     2.98195177e+02     1.52165030e+02    -8.58248514e+01   
    1.86000000e+04     9.30000000e+00    -6.85459110e+01     3.09192005e+02     1.52165030e+02    -8.59819585e+01   
    1.88000000e+04     9.40000000e+00    -6.85454231e+01     3.03355833e+02     1.52165030e+02    -8.45362185e+01   
    1.90000000e+04     9.50000000e+00    -6.85606768e+01     3.07148829e+02     1.52165030e+02    -8.90656620e+01   
    1.92000000e+04     9.60000000e+00    -6.85491729e+01     3.07999045e+02     1.52165030e+02    -8.57092100e+01   
    1.94000000e+04     9.70000000e+00    -6.85381145e+01     2.99755371e+02     1.52165030e+02    -8.33060986e+01   
    1.96000000e+04     9.80000000e+00    -6.85406100e+01     2.99129736e+02     1.52165030e+02    -8.39803405e+01   
    1.98000000e+04     9.90000000e+00    -6.85513182e+01     2.93313857e+02     1.52165030e+02    -8.48785894e+01   
    2.00000000e+04     1.00000000e+01    -6.85575045e+01     2.96792368e+02     1.52165030e+02    -8.53372444e+01   
    2.02000000e+04     1.01000000e+01    -6.85763359e+01     2.98206086e+02     1.52165030e+02    -8.63840374e+01   
    2.04000000e+04     1.02000000e+01    -6.85569645e+01     2.96437579e+02     1.52165030e+02    -8.52771053e+01   
    2.06000000e+04     1.03000000e+01    -6.85528108e+01     2.96365354e+02     1.52165030e+02    -8.70362521e+01   
    2.08000000e+04     1.04000000e+01    -6.85479093e+01     3.01699119e+02     1.52165030e+02    -8.63721093e+01   
    2.10000000e+04     1.05000000e+01    -6.85608733e+01     3.05170232e+02     1.52165030e+02    -8.70252694e+01   
    2.12000000e+04     1.06000000e+01    -6.85840253e+01     3.03423440e+02     1.52165030e+02    -8.68577777e+01   
    2.14000000e+04     1.07000000e+01    -6.85676832e+01     2.96836725e+02     1.52165030e+02    -8.59058266e+01   
    2.16000000e+04     1.08000000e+01    -6.85405307e+01     3.01755203e+02     1.52165030e+02    -8.61793932e+01   
    2.18000000e+04     1.09000000e+01    -6.85459316e+01     2.99050499e+02     1.52165030e+02    -8.51015097e+01   
    2.20000000e+04     1.10000000e+01    -6.85480750e+01     3.00664545e+02     1.52165030e+02    -8.63278253e+01   
    2.22000000e+04     1.11000000e+01    -6.85613349e+01     2.99923290e+02     1.52165030e+02    -8.55452232e+01   
    2.24000000e+04     1.12000000e+01    -6.85390152e+01     2.99456723e+02     1.52165030e+02    -8.57908241e+01   
    2.26000000e+04     1.13000000e+01    -6.85278038e+01     3.03044797e+02     1.52165030e+02    -8.67626704e+01   
    2.28000000e+04     1.14000000e+01    -6.85441565e+01     2.97156441e+02     1.52165030e+02    -8.90943501e+01   
    2.30000000e+04     1.15000000e+01    -6.85620686e+01     2.97671418e+02     1.52165030e+02    -8.46689448e+01   
    2.32000000e+04     1.16000000e+01    -6.85892473e+01     3.02916266e+02     1.52165030e+02    -8.59220248e+01   
    2.34000000e+04     1.17000000e+01    -6.85500372e+01     3.01169079e+02     1.52165030e+02    -8.65392910e+01   
    2.36000000e+04     1.18000000e+01    -6.85518390e+01     3.01587160e+02     1.52165030e+02    -8.67888842e+01   
    2.38000000e+04     1.19000000e+01    -6.85618142e+01     3.02418428e+02     1.52165030e+02    -8.71425773e+01   
    2.40000000e+04     1.20000000e+01    -6.85789260e+01     3.01824837e+02     1.52165030e+02    -8.97673584e+01   
    2.42000000e+04     1.21000000e+01    -6.85716862e+01     2.99581095e+02     1.52165030e+02    -8.53000074e+01   
    2.44000000e+04     1.22000000e+01    -6.85602346e+01     2.97830328e+02     1.52165030e+02    -8.83742041e+01   
    2.46000000e+04     1.23000000e+01    -6.85388744e+01     2.98264345e+02     1.52165030e+02    -8.63461459e+01   
    2.48000000e+04     1.24000000e+01    -6.85104431e+01     2.98220301e+02     1.52165030e+02    -8.39606856e+01   
    2.50000000e+04     1.25000000e+01    -6.85219171e+01     3.05431235e+02     1.52165030e+02    -8.79442828e+01   
    2.52000000e+04     1.26000000e+01    -6.85474855e+01     2.91594253e+02     1.52165030e+02    -8.74447914e+01   
    2.54000000e+04     1.27000000e+01    -6.85318866e+01     2.95012448e+02     1.52165030e+02    -8.54980052e+01   
    2.56000000e+04     1.28000000e+01    -6.85307908e+01     2.93341314e+02     1.52165030e+02    -8.68716187e+01   
    2.58000000e+04     1.29000000e+01    -6.85504845e+01     2.94700019e+02     1.52165030e+02    -9.13746979e+01   
    2.60000000e+04     1.30000000e+01    -6.85614116e+01     3.01135724e+02     1.52165030e+02    -9.23000099e+01   
    2.62000000e+04     1.31000000e+01    -6.85407230e+01     3.00821203e+02     1.52165030e+02    -8.95887956e+01   
    2.64000000e+04     1.32000000e+01    -6.85280161e+01     2.94828167e+02     1.52165030e+02    -8.77745381e+01   
    2.66000000e+04     1.33000000e+01    -6.85196873e+01     3.04536568e+02     1.52165030e+02    -8.64022001e+01   
    2.68000000e+04     1.34000000e+01    -6.85405438e+01     3.04660714e+02     1.52165030e+02    -8.72427717e+01   
    2.70000000e+04     1.35000000e+01    -6.85599883e+01     3.02944573e+02     1.52165030e+02    -8.75642477e+01   
    2.72000000e+04     1.36000000e+01    -6.85684476e+01     3.06392544e+02     1.52165030e+02    -8.49819891e+01   
    2.74000000e+04     1.37000000e+01    -6.85647437e+01     2.99804394e+02     1.52165030e+02    -8.71679887e+01   
    2.76000000e+04     1.38000000e+01    -6.85539043e+01     2.98581736e+02     1.52165030e+02    -8.61792085e+01   
    2.78000000e+04     1.39000000e+01    -6.85401831e+01     2.93040899e+02     1.52165030e+02    -8.71929602e+01   
    2.80000000e+04     1.40000000e+01    -6.85231987e+01     2.94046567e+02     1.52165030e+02    -8.72311291e+01   
    2.82000000e+04     1.41000000e+01    -6.85459827e+01     2.93113092e+02     1.52165030e+02    -8.82554102e+01   
    2.84000000e+04     1.42000000e+01    -6.85702255e+01     2.99280598e+02     1.52165030e+02    -8.86062946e+01   
    2.86000000e+04     1.43000000e+01    -6.85540330e+01     2.96459140e+02     1.52165030e+02    -8.89521632e+01   
    2.88000000e+04     1.44000000e+01    -6.85622137e+01     3.00670012e+02     1.52165030e+02    -8.81529084e+01   
    2.90000000e+04     1.45000000e+01    -6.85597701e+01     2.96579892e+02     1.52165030e+02    -8.68459096e+01   
    2.92000000e+04     1.46000000e+01    -6.85579445e+01     2.90795180e+02     1.52165030e+02    -8.85834997e+01   
    2.94000000e+04     1.47000000e+01    -6.85505858e+01     2.94088043e+02     1.52165030e+02    -8.88457873e+01   
    2.96000000e+04     1.48000000e+01    -6.85560413e+01     3.01238643e+02     1.52165030e+02    -8.73284888e+01   
    2.98000000e+04     1.49000000e+01    -6.85382660e+01     3.04540075e+02     1.52165030e+02    -8.65691530e+01   
    3.00000000e+04     1.50000000e+01    -6.85517128e+01     3.04431455e+02     1.52165030e+02    -8.86319233e+01   
    3.02000000e+04     1.51000000e+01    -6.85379810e+01     3.03246494e+02     1.52165030e+02    -8.65414909e+01   
    3.04000000e+04     1.52000000e+01    -6.85535213e+01     2.94044816e+02     1.52165030e+02    -8.68643292e+01   
    3.06000000e+04     1.53000000e+01    -6.85265702e+01     2.97403368e+02     1.52165030e+02    -8.41993246e+01   
    3.08000000e+04     1.54000000e+01    -6.85458951e+01     2.98511289e+02     1.52165030e+02    -8.74080947e+01   
    3.10000000e+04     1.55000000e+01    -6.85799748e+01     3.01394960e+02     1.52165030e+02    -8.94298203e+01   
    3.12000000e+04     1.56000000e+01    -6.85406686e+01     2.94673646e+02     1.52165030e+02    -8.76065022e+01   
    3.14000000e+04     1.57000000e+01    -6.85566181e+01     3.01923415e+02     1.52165030e+02    -8.88986231e+01   
    3.16000000e+04     1.58000000e+01    -6.85735844e+01     2.97338784e+02     1.52165030e+02    -8.96481072e+01   
    3.18000000e+04     1.59000000e+01    -6.85503509e+01     2.99990196e+02     1.52165030e+02    -8.80010072e+01   
    3.20000000e+04     1.60000000e+01    -6.85253096e+01     2.98040504e+02     1.52165030e+02    -8.60632257e+01   
    3.22000000e+04     1.61000000e+01    -6.85129490e+01     2.92755887e+02     1.52165030e+02    -8.59958455e+01   
    3.24000000e+04     1.62000000e+01    -6.85211576e+01     3.01212626e+02     1.52165030e+02    -8.64896559e+01   
    3.26000000e+04     1.63000000e+01    -6.85125827e+01     3.01915092e+02     1.52165030e+02    -8.54668991e+01   
    3.28000000e+04     1.64000000e+01    -6.85051429e+01     3.05069943e+02     1.52165030e+02    -8.73554606e+01   
    3.30000000e+04     1.65000000e+01    -6.85185740e+01     2.97139971e+02     1.52165030e+02    -8.58045374e+01   
    3.32000000e+04     1.66000000e+01    -6.85301637e+01     3.03738832e+02     1.52165030e+02    -8.63868693e+01   
    3.34000000e+04     1.67000000e+01    -6.85316298e+01     3.01087524e+02     1.52165030e+02    -8.71969273e+01   
    3.36000000e+04     1.68000000e+01    -6.84959353e+01     2.95950443e+02     1.52165030e+02    -8.41150693e+01   
    3.38000000e+04     1.69000000e+01    -6.84971881e+01     3.06713408e+02     1.52165030e+02    -8.63370927e+01   
    3.40000000e+04     1.70000000e+01    -6.85044051e+01     2.94353278e+02     1.52165030e+02    -8.35412912e+01   
    3.42000000e+04     1.71000000e+01    -6.85028968e+01     3.00643868e+02     1.52165030e+02    -8.26882690e+01   
    3.44000000e+04     1.72000000e+01    -6.85057218e+01     2.98652156e+02     1.52165030e+02    -8.25220188e+01   
    3.46000000e+04     1.73000000e+01    -6.84914490e+01     3.02103354e+02     1.52165030e+02    -8.79720462e+01   
    3.48000000e+04     1.74000000e+01    -6.84763163e+01     2.94371150e+02     1.52165030e+02    -8.75053071e+01   
    3.50000000e+04     1.75000000e+01    -6.84818494e+01     2.95171619e+02     1.52165030e+02    -8.77383956e+01   
    3.52000000e+04     1.76000000e+01    -6.84980512e+01     2.97104325e+02     1.52165030e+02    -8.67378907e+01   
    3.54000000e+04     1.77000000e+01    -6.85081561e+01     3.00024001e+02     1.52165030e+02    -8.65495097e+01   
    3.56000000e+04     1.78000000e+01    -6.85109087e+01     3.04198616e+02     1.52165030e+02    -8.48151233e+01   
    3.58000000e+04     1.79000000e+01    -6.85252166e+01     3.03145399e+02     1.52165030e+02    -8.88014273e+01   
    3.60000000e+04     1.80000000e+01    -6.85239910e+01     3.02538082e+02     1.52165030e+02    -8.70864360e+01   
    3.62000000e+04     1.81000000e+01    -6.85491842e+01     2.99684226e+02     1.52165030e+02    -8.85883550e+01   
    3.64000000e+04     1.82000000e+01    -6.85208474e+01     2.99184257e+02     1.52165030e+02    -8.62609515e+01   
    3.66000000e+04     1.83000000e+01    -6.85502474e+01     2.91703338e+02     1.52165030e+02    -8.55802062e+01   
    3.68000000e+04     1.84000000e+01    -6.85487027e+01     3.02652942e+02     1.52165030e+02    -8.76662771e+01   
    3.70000000e+04     1.85000000e+01    -6.85085511e+01     3.03934871e+02     1.52165030e+02    -8.62895192e+01   
    3.72000000e+04     1.86000000e+01    -6.85017418e+01     3.04189326e+02     1.52165030e+02    -8.64023989e+01   
    3.74000000e+04     1.87000000e+01    -6.85241616e+01     3.00742663e+02     1.52165030e+02    -8.87513019e+01   
    3.76000000e+04     1.88000000e+01    -6.85040644e+01     3.07236886e+02     1.52165030e+02    -8.60747160e+01   
    3.78000000e+04     1.89000000e+01    -6.85232737e+01     3.02349491e+02     1.52165030e+02    -8.46460390e+01   
    3.80000000e+04     1.90000000e+01    -6.85180584e+01     3.07589246e+02     1.52165030e+02    -8.63416441e+01   
    3.82000000e+04     1.91000000e+01    -6.85076858e+01     3.01301710e+02     1.52165030e+02    -8.63024548e+01   
    3.84000000e+04     1.92000000e+01    -6.85308581e+01     2.98873835e+02     1.52165030e+02    -8.63307685e+01   
    3.86000000e+04     1.93000000e+01    -6.85348759e+01     3.06820956e+02     1.52165030e+02    -8.74749700e+01   
    3.88000000e+04     1.94000000e+01    -6.85037037e+01     3.03869916e+02     1.52165030e+02    -8.84709956e+01   
    3.90000000e+04     1.95000000e+01    -6.85077632e+01     2.97161841e+02     1.52165030e+02    -8.71441494e+01   
    3.92000000e+04     1.96000000e+01    -6.85259379e+01     2.93954549e+02     1.52165030e+02    -8.82770582e+01   
    3.94000000e+04     1.97000000e+01    -6.85028236e+01     3.00196201e+02     1.52165030e+02    -8.65090945e+01   
    3.96000000e+04     1.98000000e+01    -6.85021719e+01     3.11424543e+02     1.52165030e+02    -8.79527888e+01   
    3.98000000e+04     1.99000000e+01    -6.85175281e+01     2.99018848e+02     1.52165030e+02    -8.69501427e+01   
    4.00000000e+04     2.00000000e+01    -6.85457825e+01     2.97166758e+02     1.52165030e+02    -8.78163696e+01   
