# column   1     --> step : The current simulation time step.
# column   2     --> time{picosecond} : The elapsed simulation time.
# column   3     --> conserved{electronvolt} : The value of the conserved energy quantity per bead.
# column   4     --> temperature{kelvin} : The current temperature, as obtained from the MD kinetic energy.
# column   5     --> kinetic_cv{electronvolt} : The centroid-virial quantum kinetic energy of the physical system.
# column   6     --> potential{electronvolt} : The physical system potential energy.
    0.00000000e+00     0.00000000e+00    -6.89285228e+01     2.97440751e+02     1.52165030e+02    -2.19769845e+02   
    2.00000000e+02     1.00000000e-01    -6.86963045e+01     2.58450455e+02     1.52165030e+02    -1.33479840e+02   
    4.00000000e+02     2.00000000e-01    -6.86264643e+01     2.86457276e+02     1.52165030e+02    -1.11548308e+02   
    6.00000000e+02     3.00000000e-01    -6.86098726e+01     2.81372429e+02     1.52165030e+02    -9.95839931e+01   
    8.00000000e+02     4.00000000e-01    -6.86156226e+01     2.98882178e+02     1.52165030e+02    -9.52297740e+01   
    1.00000000e+03     5.00000000e-01    -6.85597716e+01     2.97509304e+02     1.52165030e+02    -8.82331446e+01   
    1.20000000e+03     6.00000000e-01    -6.85450368e+01     3.00901128e+02     1.52165030e+02    -8.72398566e+01   
    1.40000000e+03     7.00000000e-01    -6.85331725e+01     2.98505896e+02     1.52165030e+02    -8.70983991e+01   
    1.60000000e+03     8.00000000e-01    -6.85534395e+01     3.02335026e+02     1.52165030e+02    -8.90504074e+01   
    1.80000000e+03     9.00000000e-01    -6.85385925e+01     2.98027334e+02     1.52165030e+02    -9.08709180e+01   
    2.00000000e+03     1.00000000e+00    -6.85516314e+01     3.05594334e+02     1.52165030e+02    -8.95671339e+01   
    2.20000000e+03     1.10000000e+00    -6.85097884e+01     3.00047996e+02     1.52165030e+02    -8.81742660e+01   
    2.40000000e+03     1.20000000e+00    -6.85397241e+01     3.02801540e+02     1.52165030e+02    -8.56664441e+01   
    2.60000000e+03     1.30000000e+00    -6.85456358e+01     3.04733785e+02     1.52165030e+02    -8.85783917e+01   
    2.80000000e+03     1.40000000e+00    -6.85179240e+01     3.03742698e+02     1.52165030e+02    -8.70618732e+01   
    3.00000000e+03     1.50000000e+00    -6.85210206e+01     3.02853858e+02     1.52165030e+02    -8.33244172e+01   
    3.20000000e+03     1.60000000e+00    -6.85351427e+01     3.01112415e+02     1.52165030e+02    -8.63852429e+01   
    3.40000000e+03     1.70000000e+00    -6.85277899e+01     3.03865766e+02     1.52165030e+02    -8.59659372e+01   
    3.60000000e+03     1.80000000e+00    -6.85392558e+01     3.05018901e+02     1.52165030e+02    -8.55611760e+01   
    3.80000000e+03     1.90000000e+00    -6.85378193e+01     2.96704933e+02     1.52165030e+02    -8.71065617e+01   
    4.00000000e+03     2.00000000e+00    -6.85525842e+01     3.01369114e+02     1.52165030e+02    -8.71902918e+01   
    4.20000000e+03     2.10000000e+00    -6.85512598e+01     2.97618070e+02     1.52165030e+02    -8.77028827e+01   
    4.40000000e+03     2.20000000e+00    -6.85600450e+01     3.03037312e+02     1.52165030e+02    -8.90906418e+01   
    4.60000000e+03     2.30000000e+00    -6.85529916e+01     2.94904156e+02     1.52165030e+02    -9.00905680e+01   
    4.80000000e+03     2.40000000e+00    -6.85395444e+01     3.01197543e+02     1.52165030e+02    -8.79724065e+01   
    5.00000000e+03     2.50000000e+00    -6.85441758e+01     2.94048710e+02     1.52165030e+02    -8.86888131e+01   
    5.20000000e+03     2.60000000e+00    -6.85433289e+01     2.95667987e+02     1.52165030e+02    -8.81288098e+01   
    5.40000000e+03     2.70000000e+00    -6.85400022e+01     3.02369590e+02     1.52165030e+02    -8.78048121e+01   
    5.60000000e+03     2.80000000e+00    -6.85380460e+01     2.97364698e+02     1.52165030e+02    -8.72576553e+01   
    5.80000000e+03     2.90000000e+00    -6.85423030e+01     3.00297913e+02     1.52165030e+02    -8.79834172e+01   
    6.00000000e+03     3.00000000e+00    -6.85470503e+01     3.02802065e+02     1.52165030e+02    -8.89245711e+01   
    6.20000000e+03     3.10000000e+00    -6.85343654e+01     3.02661356e+02     1.52165030e+02    -8.92538867e+01   
    6.40000000e+03     3.20000000e+00    -6.85412311e+01     2.98617482e+02     1.52165030e+02    -8.79724881e+01   
    6.60000000e+03     3.30000000e+00    -6.85591864e+01     2.95229162e+02     1.52165030e+02    -8.76490605e+01   
    6.80000000e+03     3.40000000e+00    -6.85573293e+01     3.03221592e+02     1.52165030e+02    -8.71481910e+01   
    7.00000000e+03     3.50000000e+00    -6.85474792e+01     3.08856717e+02     1.52165030e+02    -8.59519487e+01   
    7.20000000e+03     3.60000000e+00    -6.85420183e+01     3.07003766e+02     1.52165030e+02    -8.41733098e+01   
    7.40000000e+03     3.70000000e+00    -6.85493792e+01     3.09374287e+02     1.52165030e+02    -8.49459569e+01   
    7.60000000e+03     3.80000000e+00    -6.85588245e+01     3.07699976e+02     1.52165030e+02    -8.78666123e+01   
    7.80000000e+03     3.90000000e+00    -6.85382260e+01     3.03037977e+02     1.52165030e+02    -9.02133605e+01   
    8.00000000e+03     4.00000000e+00    -6.85465969e+01     2.99725688e+02     1.52165030e+02    -8.79210554e+01   
    8.20000000e+03     4.10000000e+00    -6.85358730e+01     3.02257029e+02     1.52165030e+02    -8.63405209e+01   
    8.40000000e+03     4.20000000e+00    -6.85421604e+01     2.99180294e+02     1.52165030e+02    -8.69148195e+01   
    8.60000000e+03     4.30000000e+00    -6.85512796e+01     3.02845660e+02     1.52165030e+02    -8.85967195e+01   
    8.80000000e+03     4.40000000e+00    -6.85414308e+01     2.96623174e+02     1.52165030e+02    -8.85308368e+01   
    9.00000000e+03     4.50000000e+00    -6.85789795e+01     3.01033917e+02     1.52165030e+02    -8.98279914e+01   
    9.20000000e+03     4.60000000e+00    -6.85823610e+01     2.94410350e+02     1.52165030e+02    -9.21259245e+01   
    9.40000000e+03     4.70000000e+00    -6.85851827e+01     2.96069674e+02     1.52165030e+02    -9.12099609e+01   
    9.60000000e+03     4.80000000e+00    -6.85869198e+01     2.99184504e+02     1.52165030e+02    -8.69351033e+01   
    9.80000000e+03     4.90000000e+00    -6.85666542e+01     3.07688345e+02     1.52165030e+02    -8.75926078e+01   
    1.00000000e+04     5.00000000e+00    -6.85665771e+01     3.00276693e+02     1.52165030e+02    -8.75743903e+01   
    1.02000000e+04     5.10000000e+00    -6.85624435e+01     3.02019612e+02     1.52165030e+02    -8.87068986e+01   
    1.04000000e+04     5.20000000e+00    -6.85517014e+01     3.05770768e+02     1.52165030e+02    -8.53505721e+01   
    1.06000000e+04     5.30000000e+00    -6.85522105e+01     3.04530741e+02     1.52165030e+02    -8.35024797e+01   
    1.08000000e+04     5.40000000e+00    -6.85496361e+01     3.02533709e+02     1.52165030e+02    -8.70090873e+01   
    1.10000000e+04     5.50000000e+00    -6.85592947e+01     2.98554095e+02     1.52165030e+02    -8.79307613e+01   
    1.12000000e+04     5.60000000e+00    -6.85436853e+01     2.92010413e+02     1.52165030e+02    -8.46578361e+01   
    1.14000000e+04     5.70000000e+00    -6.85606054e+01     3.03693439e+02     1.52165030e+02    -8.76638552e+01   
    1.16000000e+04     5.80000000e+00    -6.85865319e+01     2.99396054e+02     1.52165030e+02    -9.19376330e+01   
    1.18000000e+04     5.90000000e+00    -6.85644902e+01     2.99766130e+02     1.52165030e+02    -8.67707617e+01   
    1.20000000e+04     6.00000000e+00    -6.85712468e+01     2.98933702e+02     1.52165030e+02    -8.50490918e+01   
    1.22000000e+04     6.10000000e+00    -6.85630623e+01     2.95328632e+02     1.52165030e+02    -8.84444580e+01   
    1.24000000e+04     6.20000000e+00    -6.85879246e+01     3.04099959e+02     1.52165030e+02    -8.88144011e+01   
    1.26000000e+04     6.30000000e+00    -6.85704317e+01     3.06501120e+02     1.52165030e+02    -8.82617180e+01   
    1.28000000e+04     6.40000000e+00    -6.85799212e+01     2.94069576e+02     1.52165030e+02    -8.91174290e+01   
    1.30000000e+04     6.50000000e+00    -6.85785942e+01     2.99984850e+02     1.52165030e+02    -8.76427835e+01   
    1.32000000e+04     6.60000000e+00    -6.85874677e+01     3.02561337e+02     1.52165030e+02    -8.87137399e+01   
    1.34000000e+04     6.70000000e+00    -6.85557262e+01     3.01878501e+02     1.52165030e+02    -8.93162100e+01   
    1.36000000e+04     6.80000000e+00    -6.85610457e+01     2.94796535e+02     1.52165030e+02    -8.82432539e+01   
    1.38000000e+04     6.90000000e+00    -6.85725435e+01     2.98033071e+02     1.52165030e+02    -8.91773228e+01   
    1.40000000e+04     7.00000000e+00    -6.85688282e+01     3.01433884e+02     1.52165030e+02    -8.80376894e+01   
    1.42000000e+04     7.10000000e+00    -6.85635388e+01     2.98824340e+02     1.52165030e+02    -8.87849687e+01   
    1.44000000e+04     7.20000000e+00    -6.85770302e+01     2.94065770e+02     1.52165030e+02    -8.93650454e+01   
    1.46000000e+04     7.30000000e+00    -6.85604048e+01     2.97544862e+02     1.52165030e+02    -8.40392704e+01   
    1.48000000e+04     7.40000000e+00    -6.85772750e+01     3.02487641e+02     1.52165030e+02    -8.69674377e+01   
    1.50000000e+04     7.50000000e+00    -6.85625905e+01     3.05967581e+02     1.52165030e+02    -8.72795624e+01   
    1.52000000e+04     7.60000000e+00    -6.85782880e+01     3.02125449e+02     1.52165030e+02    -8.58961561e+01   
    1.54000000e+04     7.70000000e+00    -6.85823686e+01     3.01441021e+02     1.52165030e+02    -8.63761094e+01   
    1.56000000e+04     7.80000000e+00    -6.85582540e+01     2.98484584e+02     1.52165030e+02    -8.88147809e+01   
    1.58000000e+04     7.90000000e+00    -6.85684864e+01     3.01482054e+02     1.52165030e+02    -8.79699839e+01   
    1.60000000e+04     8.00000000e+00    -6.85995699e+01     3.00992552e+02     1.52165030e+02    -8.81487071e+01   
    1.62000000e+04     8.10000000e+00    -6.85982871e+01     3.06859783e+02     1.52165030e+02    -8.94994287e+01   
    1.64000000e+04     8.20000000e+00    -6.85639887e+01     3.06705089e+02     1.52165030e+02    -8.52013139e+01   
    1.66000000e+04     8.30000000e+00    -6.85753618e+01     3.03789347e+02     1.52165030e+02    -8.67608350e+01   
    1.68000000e+04     8.40000000e+00    -6.85698260e+01     2.96871364e+02     1.52165030e+02    -8.30940918e+01   
    1.70000000e+04     8.50000000e+00    -6.85751334e+01     3.00815145e+02     1.52165030e+02    -8.20946485e+01   
    1.72000000e+04     8.60000000e+00    -6.85816700e+01     3.06055496e+02     1.52165030e+02    -8.63689922e+01   
    1.74000000e+04     8.70000000e+00    -6.85733503e+01     2.99466668e+02     1.52165030e+02    -8.57450166e+01   
    1.76000000e+04     8.80000000e+00    -6.85700408e+01     3.00243415e+02     1.52165030e+02    -8.62274552e+01   
    1.78000000e+04     8.90000000e+00    -6.85486836e+01     3.00295393e+02     1.52165030e+02    -8.48123572e+01   
    1.80000000e+04     9.00000000e+00    -6.85457697e+01     2.97510604e+02     1.52165030e+02    -8.37050652e+01   
    1.82000000e+04     9.10000000e+00    -6.85481767e+01     2.98720331e+02     1.52165030e+02    -8.55345596e+01   
    1.84000000e+04     9.20000000e+00    -6.85713453e+01     3.06055887e+02     1.52165030e+02    -8.89668956e+01   
    1.86000000e+04     9.30000000e+00    -6.85713651e+01     3.03117127e+02     1.52165030e+02    -8.56411526e+01   
    1.88000000e+04     9.40000000e+00    -6.85618564e+01     2.96985685e+02     1.52165030e+02    -8.48998821e+01   
    1.90000000e+04     9.50000000e+00    -6.85720660e+01     3.02456992e+02     1.52165030e+02    -8.61159975e+01   
    1.92000000e+04     9.60000000e+00    -6.85786666e+01     3.00785496e+02     1.52165030e+02    -8.42373841e+01   
    1.94000000e+04     9.70000000e+00    -6.85915576e+01     3.02474996e+02     1.52165030e+02    -8.60562335e+01   
    1.96000000e+04     9.80000000e+00    -6.85654382e+01     3.01507876e+02     1.52165030e+02    -8.45414524e+01   
    1.98000000e+04     9.90000000e+00    -6.85769476e+01     2.98783944e+02     1.52165030e+02    -8.65338441e+01   
    2.00000000e+04     1.00000000e+01    -6.85749930e+01     3.01327658e+02     1.52165030e+02    -8.55206565e+01   
    2.02000000e+04     1.01000000e+01    -6.85711186e+01     3.05600116e+02     1.52165030e+02    -8.74922054e+01   
    2.04000000e+04     1.02000000e+01    -6.85449575e+01     3.04545602e+02     1.52165030e+02    -8.47589630e+01   
    2.06000000e+04     1.03000000e+01    -6.85582482e+01     2.96513345e+02     1.52165030e+02    -8.52286611e+01   
    2.08000000e+04     1.04000000e+01    -6.85651977e+01     3.08216338e+02     1.52165030e+02    -8.71623481e+01   
    2.10000000e+04     1.05000000e+01    -6.85624194e+01     3.04139890e+02     1.52165030e+02    -8.62025445e+01   
    2.12000000e+04     1.06000000e+01    -6.85705364e+01     3.05851868e+02     1.52165030e+02    -8.81871430e+01   
    2.14000000e+04     1.07000000e+01    -6.85604832e+01     2.96325910e+02     1.52165030e+02    -8.28651754e+01   
    2.16000000e+04     1.08000000e+01    -6.85550283e+01     3.00663325e+02     1.52165030e+02    -8.62884881e+01   
    2.18000000e+04     1.09000000e+01    -6.85372687e+01     3.00127810e+02     1.52165030e+02    -8.51660094e+01   
    2.20000000e+04     1.10000000e+01    -6.85706281e+01     3.03991043e+02     1.52165030e+02    -8.86953299e+01   
    2.22000000e+04     1.11000000e+01    -6.85676314e+01     3.04088340e+02     1.52165030e+02    -8.89825626e+01   
    2.24000000e+04     1.12000000e+01    -6.85648198e+01     2.92143660e+02     1.52165030e+02    -8.81225323e+01   
    2.26000000e+04     1.13000000e+01    -6.85557548e+01     3.03600769e+02     1.52165030e+02    -8.98481548e+01   
    2.28000000e+04     1.14000000e+01    -6.85698471e+01     2.98099808e+02     1.52165030e+02    -8.81041405e+01   
    2.30000000e+04     1.15000000e+01    -6.85764373e+01     2.94624281e+02     1.52165030e+02    -8.18347440e+01   
    2.32000000e+04     1.16000000e+01    -6.85606069e+01     3.02973742e+02     1.52165030e+02    -8.36710080e+01   
    2.34000000e+04     1.17000000e+01    -6.85588566e+01     3.07944429e+02     1.52165030e+02    -8.84468720e+01   
    2.36000000e+04     1.18000000e+01    -6.85542257e+01     3.02533922e+02     1.52165030e+02    -8.75666379e+01   
    2.38000000e+04     1.19000000e+01    -6.85657362e+01     3.06155248e+02     1.52165030e+02    -8.68730830e+01   
    2.40000000e+04     1.20000000e+01    -6.85715282e+01     3.04900032e+02     1.52165030e+02    -9.11613936e+01   
    2.42000000e+04     1.21000000e+01    -6.85805769e+01     3.00880153e+02     1.52165030e+02    -8.94397370e+01   
    2.44000000e+04     1.22000000e+01    -6.85704843e+01     2.97263589e+02     1.52165030e+02    -8.85734613e+01   
    2.46000000e+04     1.23000000e+01    -6.85748796e+01     2.96329990e+02     1.52165030e+02    -8.78443578e+01   
    2.48000000e+04     1.24000000e+01    -6.85628571e+01     2.95707831e+02     1.52165030e+02    -8.84646382e+01   
    2.50000000e+04     1.25000000e+01    -6.85671647e+01     3.01094641e+02     1.52165030e+02    -8.78026956e+01   
    2.52000000e+04     1.26000000e+01    -6.85517951e+01     2.98599941e+02     1.52165030e+02    -8.92345300e+01   
    2.54000000e+04     1.27000000e+01    -6.85658183e+01     2.99693161e+02     1.52165030e+02    -8.74245048e+01   
    2.56000000e+04     1.28000000e+01    -6.85829260e+01     2.99541705e+02     1.52165030e+02    -8.53364736e+01   
    2.58000000e+04     1.29000000e+01    -6.85630827e+01     3.00223942e+02     1.52165030e+02    -8.72599470e+01   
    2.60000000e+04     1.30000000e+01    -6.85643723e+01     3.06150097e+02     1.52165030e+02    -8.86397651e+01   
    2.62000000e+04     1.31000000e+01    -6.85500693e+01     3.03145587e+02     1.52165030e+02    -8.71320428e+01   
    2.64000000e+04     1.32000000e+01    -6.85341167e+01     2.97159891e+02     1.52165030e+02    -8.69845872e+01   
    2.66000000e+04     1.33000000e+01    -6.85377106e+01     3.04116790e+02     1.52165030e+02    -8.58437032e+01   
    2.68000000e+04     1.34000000e+01    -6.85392759e+01     3.03853135e+02     1.52165030e+02    -8.68069888e+01   
    2.70000000e+04     1.35000000e+01    -6.85510074e+01     3.00452761e+02     1.52165030e+02    -8.65225448e+01   
    2.72000000e+04     1.36000000e+01    -6.85473038e+01     3.05900108e+02     1.52165030e+02    -8.51020479e+01   
    2.74000000e+04     1.37000000e+01    -6.85536276e+01     3.04260562e+02     1.52165030e+02    -8.62623111e+01   
    2.76000000e+04     1.38000000e+01    -6.85357674e+01     3.05184128e+02     1.52165030e+02    -8.72647311e+01   
    2.78000000e+04     1.39000000e+01    -6.85140658e+01     2.97223805e+02     1.52165030e+02    -8.56202347e+01   
    2.80000000e+04     1.40000000e+01    -6.85316477e+01     2.96718535e+02     1.52165030e+02    -8.78333450e+01   
    2.82000000e+04     1.41000000e+01    -6.85622670e+01     2.90867427e+02     1.52165030e+02    -8.63116760e+01   
    2.84000000e+04     1.42000000e+01    -6.85575396e+01     2.97484312e+02     1.52165030e+02    -8.72210693e+01   
    2.86000000e+04     1.43000000e+01    -6.85748808e+01     3.01113726e+02     1.52165030e+02    -8.72021391e+01   
    2.88000000e+04     1.44000000e+01    -6.85808797e+01     2.99615151e+02     1.52165030e+02    -8.81252269e+01   
    2.90000000e+04     1.45000000e+01    -6.85554845e+01     2.98732750e+02     1.52165030e+02    -8.73546856e+01   
    2.92000000e+04     1.46000000e+01    -6.85719606e+01     2.90667023e+02     1.52165030e+02    -8.77111381e+01   
    2.94000000e+04     1.47000000e+01    -6.85444970e+01     2.96361660e+02     1.52165030e+02    -8.55333259e+01   
    2.96000000e+04     1.48000000e+01    -6.85403015e+01     2.93813207e+02     1.52165030e+02    -8.76527714e+01   
    2.98000000e+04     1.49000000e+01    -6.85306956e+01     2.97751231e+02     1.52165030e+02    -8.68495188e+01   
    3.00000000e+04     1.50000000e+01    -6.85609069e+01     2.96744618e+02     1.52165030e+02    -8.61485322e+01   
    3.02000000e+04     1.51000000e+01    -6.85636474e+01     3.02064688e+02     1.52165030e+02    -8.67048510e+01   
    3.04000000e+04     1.52000000e+01    -6.85563775e+01     3.04110927e+02     1.52165030e+02    -8.34262712e+01   
    3.06000000e+04     1.53000000e+01    -6.85686715e+01     3.00967178e+02     1.52165030e+02    -8.48176215e+01   
    3.08000000e+04     1.54000000e+01    -6.85551923e+01     3.02641415e+02     1.52165030e+02    -8.75716459e+01   
    3.10000000e+04     1.55000000e+01    -6.85739924e+01     2.99160301e+02     1.52165030e+02    -8.81067076e+01   
    3.12000000e+04     1.56000000e+01    -6.85643027e+01     3.01399614e+02     1.52165030e+02    -8.76734152e+01   
    3.14000000e+04     1.57000000e+01    -6.85615667e+01     3.03476109e+02     1.52165030e+02    -8.82360434e+01   
    3.16000000e+04     1.58000000e+01    -6.85554818e+01     2.95980410e+02     1.52165030e+02    -8.68163273e+01   
    3.18000000e+04     1.59000000e+01    -6.85294240e+01     2.98220478e+02     1.52165030e+02    -8.54653068e+01   
    3.20000000e+04     1.60000000e+01    -6.85250613e+01     2.94750684e+02     1.52165030e+02    -8.79816640e+01   
    3.22000000e+04     1.61000000e+01    -6.84963813e+01     2.90546845e+02     1.52165030e+02    -8.61196350e+01   
    3.24000000e+04     1.62000000e+01    -6.85420471e+01     2.97871665e+02     1.52165030e+02    -8.49087856e+01   
    3.26000000e+04     1.63000000e+01    -6.85613804e+01     3.00629961e+02     1.52165030e+02    -8.87122383e+01   
    3.28000000e+04     1.64000000e+01    -6.85670211e+01     2.99814981e+02     1.52165030e+02    -8.86275491e+01   
    3.30000000e+04     1.65000000e+01    -6.85728304e+01     2.98730053e+02     1.52165030e+02    -8.86113971e+01   
    3.32000000e+04     1.66000000e+01    -6.85778904e+01     3.03578527e+02     1.52165030e+02    -8.88335386e+01   
    3.34000000e+04     1.67000000e+01    -6.85523350e+01     3.01198024e+02     1.52165030e+02    -8.83369137e+01   
    3.36000000e+04     1.68000000e+01    -6.85477117e+01     3.01661873e+02     1.52165030e+02    -8.65417615e+01   
    3.38000000e+04     1.69000000e+01    -6.85773978e+01     3.07109299e+02     1.52165030e+02    -8.86717991e+01   
    3.40000000e+04     1.70000000e+01    -6.85567251e+01     2.97984316e+02     1.52165030e+02    -8.58388215e+01   
    3.42000000e+04     1.71000000e+01    -6.85500017e+01     3.01158502e+02     1.52165030e+02    -8.55315674e+01   
    3.44000000e+04     1.72000000e+01    -6.85417494e+01     3.02344035e+02     1.52165030e+02    -8.53235207e+01   
    3.46000000e+04     1.73000000e+01    -6.85623912e+01     2.97393460e+02     1.52165030e+02    -8.58991037e+01   
    3.48000000e+04     1.74000000e+01    -6.85698498e+01     3.01585267e+02     1.52165030e+02    -9.05656697e+01   
    3.50000000e+04     1.75000000e+01    -6.85883626e+01     2.97156087e+02     1.52165030e+02    -9.24896308e+01   
    3.52000000e+04     1.76000000e+01    -6.85469895e+01     2.94801405e+02     1.52165030e+02    -8.77919767e+01   
    3.54000000e+04     1.77000000e+01    -6.85662782e+01     3.01070021e+02     1.52165030e+02    -8.77511050e+01   
    3.56000000e+04     1.78000000e+01    -6.85192038e+01     3.03642067e+02     1.52165030e+02    -8.29369399e+01   
    3.58000000e+04     1.79000000e+01    -6.85650011e+01     3.06489076e+02     1.52165030e+02    -8.82393404e+01   
    3.60000000e+04     1.80000000e+01    -6.85710578e+01     2.99844132e+02     1.52165030e+02    -8.85273264e+01   
    3.62000000e+04     1.81000000e+01    -6.85870905e+01     2.95105798e+02     1.52165030e+02    -9.16989297e+01   
    3.64000000e+04     1.82000000e+01    -6.85658372e+01     3.03597562e+02     1.52165030e+02    -8.72065059e+01   
    3.66000000e+04     1.83000000e+01    -6.85642751e+01     3.01436365e+02     1.52165030e+02    -8.93185632e+01   
    3.68000000e+04     1.84000000e+01    -6.85571349e+01     2.98315499e+02     1.52165030e+02    -8.51420416e+01   
    3.70000000e+04     1.85000000e+01    -6.85486430e+01     3.02624556e+02     1.52165030e+02    -8.74261468e+01   
    3.72000000e+04     1.86000000e+01    -6.85797533e+01     3.06026565e+02     1.52165030e+02    -8.93320744e+01   
    3.74000000e+04     1.87000000e+01    -6.85648518e+01     3.02548721e+02     1.52165030e+02    -8.89734538e+01   
    3.76000000e+04     1.88000000e+01    -6.85451974e+01     3.07071854e+02     1.52165030e+02    -8.57998164e+01   
    3.78000000e+04     1.89000000e+01    -6.85332066e+01     3.06815509e+02     1.52165030e+02    -8.40390614e+01   
    3.80000000e+04     1.90000000e+01    -6.85258623e+01     3.05257490e+02     1.52165030e+02    -8.40427559e+01   
    3.82000000e+04     1.91000000e+01    -6.85082265e+01     3.01349966e+02     1.52165030e+02    -8.43909356e+01   
    3.84000000e+04     1.92000000e+01    -6.85107339e+01     2.93308683e+02     1.52165030e+02    -8.43158854e+01   
    3.86000000e+04     1.93000000e+01    -6.85607029e+01     3.04817265e+02     1.52165030e+02    -8.74308693e+01   
    3.88000000e+04     1.94000000e+01    -6.85527770e+01     2.98807391e+02     1.52165030e+02    -8.71428568e+01   
    3.90000000e+04     1.95000000e+01    -6.85552964e+01     3.00282569e+02     1.52165030e+02    -8.76801293e+01   
    3.92000000e+04     1.96000000e+01    -6.85525674e+01     2.96574735e+02     1.52165030e+02    -8.78949491e+01   
    3.94000000e+04     1.97000000e+01    -6.85496557e+01     2.97912596e+02     1.52165030e+02    -8.64028671e+01   
    3.96000000e+04     1.98000000e+01    -6.85289725e+01     3.03168827e+02     1.52165030e+02    -8.80200823e+01   
    3.98000000e+04     1.99000000e+01    -6.85459463e+01     2.97132683e+02     1.52165030e+02    -8.93146118e+01   
    4.00000000e+04     2.00000000e+01    -6.85553802e+01     2.99146470e+02     1.52165030e+02    -8.59263971e+01   
