# column   1     --> step : The current simulation time step.
# column   2     --> time{picosecond} : The elapsed simulation time.
# column   3     --> conserved{electronvolt} : The value of the conserved energy quantity per bead.
# column   4     --> temperature{kelvin} : The current temperature, as obtained from the MD kinetic energy.
# column   5     --> kinetic_cv{electronvolt} : The centroid-virial quantum kinetic energy of the physical system.
# column   6     --> potential{electronvolt} : The physical system potential energy.
    0.00000000e+00     0.00000000e+00     4.85387614e+02     3.04428649e+02     1.50807798e+02    -1.26761752e+02   
    2.00000000e+02     5.00000000e-02     4.85631151e+02     2.90177988e+02     2.33127378e+02    -8.34121996e+00   
    4.00000000e+02     1.00000000e-01     4.85617094e+02     2.93323127e+02     2.31921415e+02     3.67371301e+00   
    6.00000000e+02     1.50000000e-01     4.85639792e+02     2.95149415e+02     2.33045649e+02     1.49124592e+01   
    8.00000000e+02     2.00000000e-01     4.85664625e+02     2.96364498e+02     2.32059659e+02     2.20212428e+01   
    1.00000000e+03     2.50000000e-01     4.85697271e+02     3.00101716e+02     2.31293705e+02     2.32549940e+01   
    1.20000000e+03     3.00000000e-01     4.85746305e+02     2.96999575e+02     2.32349271e+02     4.12740136e+01   
    1.40000000e+03     3.50000000e-01     4.85772685e+02     3.04851927e+02     2.32802741e+02     4.03749196e+01   
    1.60000000e+03     4.00000000e-01     4.85797134e+02     2.98223124e+02     2.31767065e+02     4.29748342e+01   
    1.80000000e+03     4.50000000e-01     4.85830308e+02     2.99464029e+02     2.34151694e+02     4.64442179e+01   
    2.00000000e+03     5.00000000e-01     4.85849093e+02     3.02671417e+02     2.33295979e+02     5.05164093e+01   
    2.20000000e+03     5.50000000e-01     4.85859190e+02     2.98749822e+02     2.29581188e+02     5.55857469e+01   
    2.40000000e+03     6.00000000e-01     4.85905647e+02     3.00226780e+02     2.32465723e+02     5.80451483e+01   
    2.60000000e+03     6.50000000e-01     4.85940599e+02     2.98473872e+02     2.31547678e+02     6.18256912e+01   
    2.80000000e+03     7.00000000e-01     4.85986456e+02     3.00059768e+02     2.32366592e+02     6.52025647e+01   
    3.00000000e+03     7.50000000e-01     4.86010987e+02     2.96509049e+02     2.31038349e+02     6.89375048e+01   
    3.20000000e+03     8.00000000e-01     4.86037803e+02     3.00759322e+02     2.31266174e+02     7.18184382e+01   
    3.40000000e+03     8.50000000e-01     4.86069264e+02     3.02020775e+02     2.32472294e+02     7.40084659e+01   
    3.60000000e+03     9.00000000e-01     4.86104224e+02     3.00797600e+02     2.30781635e+02     7.43396997e+01   
    3.80000000e+03     9.50000000e-01     4.86148572e+02     2.97190831e+02     2.32378607e+02     8.03181338e+01   
    4.00000000e+03     1.00000000e+00     4.86187551e+02     2.98088108e+02     2.32893098e+02     8.19804979e+01   
    4.20000000e+03     1.05000000e+00     4.86211421e+02     3.00091975e+02     2.31000899e+02     8.07609033e+01   
    4.40000000e+03     1.10000000e+00     4.86239550e+02     2.99036869e+02     2.31701967e+02     8.09038655e+01   
    4.60000000e+03     1.15000000e+00     4.86270302e+02     2.95177179e+02     2.32333017e+02     8.47583776e+01   
    4.80000000e+03     1.20000000e+00     4.86293163e+02     2.97463005e+02     2.31706846e+02     8.51712490e+01   
    5.00000000e+03     1.25000000e+00     4.86319925e+02     2.96553660e+02     2.32611898e+02     8.51366024e+01   
    5.20000000e+03     1.30000000e+00     4.86336249e+02     2.97757596e+02     2.32024997e+02     8.56745646e+01   
    5.40000000e+03     1.35000000e+00     4.86357324e+02     2.99577483e+02     2.30381898e+02     8.65045668e+01   
    5.60000000e+03     1.40000000e+00     4.86390268e+02     2.94662385e+02     2.32485272e+02     8.98180357e+01   
    5.80000000e+03     1.45000000e+00     4.86399948e+02     2.96436353e+02     2.31967488e+02     8.84812021e+01   
    6.00000000e+03     1.50000000e+00     4.86408294e+02     2.97411027e+02     2.32950261e+02     9.08830470e+01   
    6.20000000e+03     1.55000000e+00     4.86430033e+02     2.96864197e+02     2.33608914e+02     9.16228379e+01   
    6.40000000e+03     1.60000000e+00     4.86431454e+02     2.99378661e+02     2.30267265e+02     8.91214702e+01   
    6.60000000e+03     1.65000000e+00     4.86457580e+02     3.02879143e+02     2.33151846e+02     9.43831408e+01   
    6.80000000e+03     1.70000000e+00     4.86468344e+02     3.01709436e+02     2.32639510e+02     9.40505434e+01   
    7.00000000e+03     1.75000000e+00     4.86477407e+02     2.99106885e+02     2.32000376e+02     9.52327390e+01   
    7.20000000e+03     1.80000000e+00     4.86489766e+02     2.97521057e+02     2.33393642e+02     9.58109498e+01   
    7.40000000e+03     1.85000000e+00     4.86492050e+02     2.97194816e+02     2.30866877e+02     9.58448756e+01   
    7.60000000e+03     1.90000000e+00     4.86495185e+02     2.99713610e+02     2.30323303e+02     9.26514539e+01   
    7.80000000e+03     1.95000000e+00     4.86514703e+02     2.98589321e+02     2.34613939e+02     9.78730575e+01   
    8.00000000e+03     2.00000000e+00     4.86512004e+02     3.00228109e+02     2.32606531e+02     9.47215795e+01   
    8.20000000e+03     2.05000000e+00     4.86513804e+02     3.00135329e+02     2.31262620e+02     9.31273890e+01   
    8.40000000e+03     2.10000000e+00     4.86515451e+02     2.98649729e+02     2.33202158e+02     9.53225354e+01   
    8.60000000e+03     2.15000000e+00     4.86518367e+02     2.97168864e+02     2.31177098e+02     9.40775141e+01   
    8.80000000e+03     2.20000000e+00     4.86526506e+02     2.99074653e+02     2.32374668e+02     9.68540443e+01   
    9.00000000e+03     2.25000000e+00     4.86530203e+02     2.99554830e+02     2.31111980e+02     9.66668876e+01   
    9.20000000e+03     2.30000000e+00     4.86555195e+02     3.01405050e+02     2.32468916e+02     9.70031571e+01   
    9.40000000e+03     2.35000000e+00     4.86576293e+02     3.00477242e+02     2.31390743e+02     9.74066342e+01   
    9.60000000e+03     2.40000000e+00     4.86571931e+02     3.00998576e+02     2.29808150e+02     9.59529887e+01   
    9.80000000e+03     2.45000000e+00     4.86589261e+02     3.00069178e+02     2.30589795e+02     9.66967602e+01   
    1.00000000e+04     2.50000000e+00     4.86595389e+02     3.00079205e+02     2.32007453e+02     9.77616136e+01   
    1.02000000e+04     2.55000000e+00     4.86603722e+02     3.00778161e+02     2.33629556e+02     9.89139122e+01   
    1.04000000e+04     2.60000000e+00     4.86607245e+02     3.01854701e+02     2.33002440e+02     1.00146879e+02   
    1.06000000e+04     2.65000000e+00     4.86626319e+02     2.98672674e+02     2.32407295e+02     9.93012060e+01   
    1.08000000e+04     2.70000000e+00     4.86630100e+02     2.97966730e+02     2.32701141e+02     1.00471984e+02   
    1.10000000e+04     2.75000000e+00     4.86640676e+02     3.01958932e+02     2.30794577e+02     9.97619913e+01   
    1.12000000e+04     2.80000000e+00     4.86643624e+02     2.99287400e+02     2.32952855e+02     1.02970641e+02   
    1.14000000e+04     2.85000000e+00     4.86653521e+02     3.00258628e+02     2.31923610e+02     1.02824856e+02   
    1.16000000e+04     2.90000000e+00     4.86656201e+02     2.97281554e+02     2.32248421e+02     1.01098614e+02   
    1.18000000e+04     2.95000000e+00     4.86674333e+02     3.01996417e+02     2.32392748e+02     1.04508744e+02   
    1.20000000e+04     3.00000000e+00     4.86675871e+02     3.02545207e+02     2.32370226e+02     1.03572735e+02   
    1.22000000e+04     3.05000000e+00     4.86698449e+02     2.98958594e+02     2.33770295e+02     1.07268612e+02   
    1.24000000e+04     3.10000000e+00     4.86701989e+02     2.98202713e+02     2.31844712e+02     1.04202688e+02   
    1.26000000e+04     3.15000000e+00     4.86713439e+02     2.98668180e+02     2.32518005e+02     1.03306777e+02   
    1.28000000e+04     3.20000000e+00     4.86721647e+02     2.95358726e+02     2.33467565e+02     1.05349218e+02   
    1.30000000e+04     3.25000000e+00     4.86710195e+02     2.97370520e+02     2.31941947e+02     1.03729209e+02   
    1.32000000e+04     3.30000000e+00     4.86718464e+02     2.99906113e+02     2.33406594e+02     1.04498592e+02   
    1.34000000e+04     3.35000000e+00     4.86716605e+02     2.99048308e+02     2.32076883e+02     1.03109702e+02   
    1.36000000e+04     3.40000000e+00     4.86719500e+02     2.98230508e+02     2.31148295e+02     1.02349579e+02   
    1.38000000e+04     3.45000000e+00     4.86718366e+02     2.96607681e+02     2.33130801e+02     1.05825780e+02   
    1.40000000e+04     3.50000000e+00     4.86712127e+02     2.99700773e+02     2.32361448e+02     1.05319098e+02   
    1.42000000e+04     3.55000000e+00     4.86711856e+02     2.97452550e+02     2.30790807e+02     1.04262069e+02   
    1.44000000e+04     3.60000000e+00     4.86719497e+02     3.00275929e+02     2.32678301e+02     1.05327869e+02   
    1.46000000e+04     3.65000000e+00     4.86718838e+02     2.99480050e+02     2.32003161e+02     1.04780495e+02   
    1.48000000e+04     3.70000000e+00     4.86720153e+02     3.01435728e+02     2.31083007e+02     1.05260283e+02   
    1.50000000e+04     3.75000000e+00     4.86734096e+02     2.97038989e+02     2.31973364e+02     1.05165555e+02   
    1.52000000e+04     3.80000000e+00     4.86728106e+02     2.99087861e+02     2.28845266e+02     1.01016277e+02   
    1.54000000e+04     3.85000000e+00     4.86756542e+02     2.98200558e+02     2.31780880e+02     1.03239604e+02   
    1.56000000e+04     3.90000000e+00     4.86774149e+02     3.00711512e+02     2.31471831e+02     1.03515617e+02   
    1.58000000e+04     3.95000000e+00     4.86787049e+02     3.00584373e+02     2.32133155e+02     1.05516220e+02   
    1.60000000e+04     4.00000000e+00     4.86795400e+02     3.02616559e+02     2.32305533e+02     1.03967541e+02   
    1.62000000e+04     4.05000000e+00     4.86799805e+02     3.00868944e+02     2.32726012e+02     1.05198199e+02   
    1.64000000e+04     4.10000000e+00     4.86807054e+02     2.98776201e+02     2.31467056e+02     1.05114049e+02   
    1.66000000e+04     4.15000000e+00     4.86818581e+02     2.99080702e+02     2.30650205e+02     1.04129227e+02   
    1.68000000e+04     4.20000000e+00     4.86822100e+02     2.98833346e+02     2.32403970e+02     1.06498060e+02   
    1.70000000e+04     4.25000000e+00     4.86803347e+02     3.00713544e+02     2.29758721e+02     1.04373103e+02   
    1.72000000e+04     4.30000000e+00     4.86804423e+02     3.00427582e+02     2.30563308e+02     1.06730618e+02   
    1.74000000e+04     4.35000000e+00     4.86804313e+02     2.96197088e+02     2.30758562e+02     1.05756914e+02   
    1.76000000e+04     4.40000000e+00     4.86814595e+02     3.00768466e+02     2.32191689e+02     1.05499413e+02   
    1.78000000e+04     4.45000000e+00     4.86809082e+02     3.02132401e+02     2.30362912e+02     1.04577832e+02   
    1.80000000e+04     4.50000000e+00     4.86813207e+02     2.97226436e+02     2.30248239e+02     1.02825199e+02   
    1.82000000e+04     4.55000000e+00     4.86827995e+02     3.01697019e+02     2.32777021e+02     1.06408917e+02   
    1.84000000e+04     4.60000000e+00     4.86836269e+02     2.97848430e+02     2.33970431e+02     1.06566484e+02   
    1.86000000e+04     4.65000000e+00     4.86825842e+02     3.00081270e+02     2.31700809e+02     1.05409782e+02   
    1.88000000e+04     4.70000000e+00     4.86814380e+02     2.99635582e+02     2.31563013e+02     1.04229419e+02   
    1.90000000e+04     4.75000000e+00     4.86814619e+02     2.96930626e+02     2.32644340e+02     1.07248217e+02   
    1.92000000e+04     4.80000000e+00     4.86802386e+02     3.00097459e+02     2.30141265e+02     1.03201646e+02   
    1.94000000e+04     4.85000000e+00     4.86797331e+02     3.01465119e+02     2.31342729e+02     1.06211740e+02   
    1.96000000e+04     4.90000000e+00     4.86791361e+02     2.99945405e+02     2.32132638e+02     1.06533709e+02   
    1.98000000e+04     4.95000000e+00     4.86803844e+02     2.98058637e+02     2.33762349e+02     1.09302219e+02   
    2.00000000e+04     5.00000000e+00     4.86806434e+02     2.99856390e+02     2.33241911e+02     1.10241451e+02   
    2.02000000e+04     5.05000000e+00     4.86798335e+02     2.99118684e+02     2.30301280e+02     1.05284133e+02   
    2.04000000e+04     5.10000000e+00     4.86804538e+02     2.98786401e+02     2.31381146e+02     1.08279508e+02   
    2.06000000e+04     5.15000000e+00     4.86808557e+02     2.96431120e+02     2.32278803e+02     1.09121950e+02   
    2.08000000e+04     5.20000000e+00     4.86807042e+02     2.96694967e+02     2.31843999e+02     1.10005402e+02   
    2.10000000e+04     5.25000000e+00     4.86797257e+02     2.97904296e+02     2.32100588e+02     1.07668655e+02   
    2.12000000e+04     5.30000000e+00     4.86797417e+02     3.01244140e+02     2.30911531e+02     1.05806627e+02   
    2.14000000e+04     5.35000000e+00     4.86815678e+02     2.99111962e+02     2.33718711e+02     1.09980972e+02   
    2.16000000e+04     5.40000000e+00     4.86808489e+02     2.99314345e+02     2.29578194e+02     1.06055215e+02   
    2.18000000e+04     5.45000000e+00     4.86804671e+02     2.99242131e+02     2.31239076e+02     1.07176723e+02   
    2.20000000e+04     5.50000000e+00     4.86797928e+02     2.98290148e+02     2.29972987e+02     1.07601081e+02   
    2.22000000e+04     5.55000000e+00     4.86812169e+02     2.96917791e+02     2.31977491e+02     1.07326782e+02   
    2.24000000e+04     5.60000000e+00     4.86818233e+02     2.99450549e+02     2.31946228e+02     1.09025415e+02   
    2.26000000e+04     5.65000000e+00     4.86816106e+02     3.02592292e+02     2.32766903e+02     1.09779322e+02   
    2.28000000e+04     5.70000000e+00     4.86816260e+02     2.98510438e+02     2.32602290e+02     1.10045219e+02   
    2.30000000e+04     5.75000000e+00     4.86821261e+02     3.02122903e+02     2.32970204e+02     1.11198652e+02   
    2.32000000e+04     5.80000000e+00     4.86810173e+02     3.02132792e+02     2.30745096e+02     1.06692183e+02   
    2.34000000e+04     5.85000000e+00     4.86796901e+02     2.98314696e+02     2.29940955e+02     1.06932823e+02   
    2.36000000e+04     5.90000000e+00     4.86801517e+02     2.98893743e+02     2.32248199e+02     1.09498938e+02   
    2.38000000e+04     5.95000000e+00     4.86806069e+02     3.00565629e+02     2.31966753e+02     1.08292843e+02   
    2.40000000e+04     6.00000000e+00     4.86821574e+02     2.98675844e+02     2.33304025e+02     1.09617662e+02   
    2.42000000e+04     6.05000000e+00     4.86813861e+02     2.99916411e+02     2.33615175e+02     1.11118955e+02   
    2.44000000e+04     6.10000000e+00     4.86809888e+02     2.99144762e+02     2.31971547e+02     1.09321009e+02   
    2.46000000e+04     6.15000000e+00     4.86806823e+02     3.01147479e+02     2.31540515e+02     1.09662764e+02   
    2.48000000e+04     6.20000000e+00     4.86810979e+02     3.00455468e+02     2.30971725e+02     1.08213471e+02   
    2.50000000e+04     6.25000000e+00     4.86812898e+02     3.02605782e+02     2.30850041e+02     1.11088748e+02   
    2.52000000e+04     6.30000000e+00     4.86826728e+02     3.01841883e+02     2.32162367e+02     1.12392363e+02   
    2.54000000e+04     6.35000000e+00     4.86811249e+02     3.02153298e+02     2.30010648e+02     1.09204868e+02   
    2.56000000e+04     6.40000000e+00     4.86812713e+02     3.00882398e+02     2.31002493e+02     1.09478901e+02   
    2.58000000e+04     6.45000000e+00     4.86803999e+02     3.02005263e+02     2.31418105e+02     1.08390569e+02   
    2.60000000e+04     6.50000000e+00     4.86810805e+02     3.00726743e+02     2.33268507e+02     1.11363926e+02   
    2.62000000e+04     6.55000000e+00     4.86815282e+02     3.03729630e+02     2.33372126e+02     1.12012785e+02   
    2.64000000e+04     6.60000000e+00     4.86814299e+02     3.00143217e+02     2.32089951e+02     1.11394965e+02   
    2.66000000e+04     6.65000000e+00     4.86811764e+02     3.00263792e+02     2.31122531e+02     1.09640882e+02   
    2.68000000e+04     6.70000000e+00     4.86817664e+02     3.01000451e+02     2.31704660e+02     1.11007370e+02   
    2.70000000e+04     6.75000000e+00     4.86824066e+02     2.98762223e+02     2.32259062e+02     1.12534229e+02   
    2.72000000e+04     6.80000000e+00     4.86838622e+02     2.98463867e+02     2.32460683e+02     1.11921613e+02   
    2.74000000e+04     6.85000000e+00     4.86842991e+02     2.99841359e+02     2.31348577e+02     1.11686920e+02   
    2.76000000e+04     6.90000000e+00     4.86837721e+02     3.00504603e+02     2.30960910e+02     1.10304433e+02   
    2.78000000e+04     6.95000000e+00     4.86835602e+02     3.01519459e+02     2.31707809e+02     1.11531582e+02   
    2.80000000e+04     7.00000000e+00     4.86834216e+02     3.00593228e+02     2.31105586e+02     1.09763812e+02   
    2.82000000e+04     7.05000000e+00     4.86832459e+02     2.96027508e+02     2.30540402e+02     1.10924445e+02   
    2.84000000e+04     7.10000000e+00     4.86828081e+02     2.95513881e+02     2.32200816e+02     1.11173465e+02   
    2.86000000e+04     7.15000000e+00     4.86832993e+02     2.96082172e+02     2.33648238e+02     1.13162207e+02   
    2.88000000e+04     7.20000000e+00     4.86835114e+02     2.98404776e+02     2.34085111e+02     1.13599407e+02   
    2.90000000e+04     7.25000000e+00     4.86819427e+02     2.99459446e+02     2.31428939e+02     1.09580552e+02   
    2.92000000e+04     7.30000000e+00     4.86815666e+02     3.02383449e+02     2.31452894e+02     1.10804530e+02   
    2.94000000e+04     7.35000000e+00     4.86821237e+02     3.00020104e+02     2.31766544e+02     1.10002490e+02   
    2.96000000e+04     7.40000000e+00     4.86836173e+02     3.00913734e+02     2.32380446e+02     1.12445552e+02   
    2.98000000e+04     7.45000000e+00     4.86832692e+02     3.01503755e+02     2.30851139e+02     1.10270876e+02   
    3.00000000e+04     7.50000000e+00     4.86836587e+02     2.97832592e+02     2.30763978e+02     1.10516299e+02   
    3.02000000e+04     7.55000000e+00     4.86846574e+02     2.98761210e+02     2.31879666e+02     1.13575740e+02   
    3.04000000e+04     7.60000000e+00     4.86848924e+02     2.98502509e+02     2.32463574e+02     1.13786268e+02   
    3.06000000e+04     7.65000000e+00     4.86830586e+02     2.97835050e+02     2.31107166e+02     1.11285321e+02   
    3.08000000e+04     7.70000000e+00     4.86839802e+02     3.02890661e+02     2.33209075e+02     1.14372225e+02   
    3.10000000e+04     7.75000000e+00     4.86835928e+02     3.01878356e+02     2.32691520e+02     1.11978426e+02   
    3.12000000e+04     7.80000000e+00     4.86838664e+02     3.03159218e+02     2.31751143e+02     1.12442892e+02   
    3.14000000e+04     7.85000000e+00     4.86846382e+02     3.02203234e+02     2.32934102e+02     1.11621053e+02   
    3.16000000e+04     7.90000000e+00     4.86850128e+02     3.01940333e+02     2.29523039e+02     1.09830310e+02   
    3.18000000e+04     7.95000000e+00     4.86866227e+02     2.98975897e+02     2.31240309e+02     1.11330526e+02   
    3.20000000e+04     8.00000000e+00     4.86878595e+02     2.98845960e+02     2.32592729e+02     1.13703459e+02   
    3.22000000e+04     8.05000000e+00     4.86881053e+02     3.02684920e+02     2.33165631e+02     1.14535081e+02   
    3.24000000e+04     8.10000000e+00     4.86871805e+02     3.05536569e+02     2.31232036e+02     1.12586256e+02   
    3.26000000e+04     8.15000000e+00     4.86878412e+02     3.00003440e+02     2.33051296e+02     1.14380929e+02   
    3.28000000e+04     8.20000000e+00     4.86885812e+02     2.98742031e+02     2.33602399e+02     1.14096651e+02   
    3.30000000e+04     8.25000000e+00     4.86887836e+02     3.02841364e+02     2.31244738e+02     1.12125037e+02   
    3.32000000e+04     8.30000000e+00     4.86913124e+02     3.01378930e+02     2.32481586e+02     1.16576195e+02   
    3.34000000e+04     8.35000000e+00     4.86928289e+02     3.02311484e+02     2.31358378e+02     1.12107778e+02   
    3.36000000e+04     8.40000000e+00     4.86949859e+02     3.02199803e+02     2.33367646e+02     1.16807220e+02   
    3.38000000e+04     8.45000000e+00     4.86935952e+02     3.00525507e+02     2.30910187e+02     1.12297057e+02   
    3.40000000e+04     8.50000000e+00     4.86934411e+02     2.99457299e+02     2.29865024e+02     1.13253844e+02   
    3.42000000e+04     8.55000000e+00     4.86940282e+02     2.99726697e+02     2.32132857e+02     1.12669368e+02   
    3.44000000e+04     8.60000000e+00     4.86936820e+02     3.00351326e+02     2.31563762e+02     1.13531745e+02   
    3.46000000e+04     8.65000000e+00     4.86935900e+02     3.02633421e+02     2.31670710e+02     1.14470334e+02   
    3.48000000e+04     8.70000000e+00     4.86929854e+02     2.98718976e+02     2.32838855e+02     1.15212089e+02   
    3.50000000e+04     8.75000000e+00     4.86914388e+02     2.98667968e+02     2.30831303e+02     1.13408260e+02   
    3.52000000e+04     8.80000000e+00     4.86921860e+02     3.01667292e+02     2.30986119e+02     1.13668062e+02   
    3.54000000e+04     8.85000000e+00     4.86927284e+02     3.01463142e+02     2.31308295e+02     1.15394146e+02   
    3.56000000e+04     8.90000000e+00     4.86925329e+02     2.99619317e+02     2.31003143e+02     1.14345223e+02   
    3.58000000e+04     8.95000000e+00     4.86936222e+02     2.97065072e+02     2.31188041e+02     1.13508530e+02   
    3.60000000e+04     9.00000000e+00     4.86947621e+02     2.98741280e+02     2.32517427e+02     1.15295436e+02   
    3.62000000e+04     9.05000000e+00     4.86950268e+02     2.96347988e+02     2.31190718e+02     1.13350653e+02   
    3.64000000e+04     9.10000000e+00     4.86951175e+02     2.98097285e+02     2.31466719e+02     1.14491093e+02   
    3.66000000e+04     9.15000000e+00     4.86951870e+02     2.97677992e+02     2.29933834e+02     1.11660172e+02   
    3.68000000e+04     9.20000000e+00     4.86972882e+02     2.99484039e+02     2.30699172e+02     1.14791251e+02   
    3.70000000e+04     9.25000000e+00     4.86971872e+02     3.01896575e+02     2.30472370e+02     1.13379640e+02   
    3.72000000e+04     9.30000000e+00     4.86991941e+02     3.01555748e+02     2.30739079e+02     1.15693682e+02   
    3.74000000e+04     9.35000000e+00     4.86990655e+02     2.97930420e+02     2.31075252e+02     1.15957081e+02   
    3.76000000e+04     9.40000000e+00     4.86995836e+02     2.98954532e+02     2.34405059e+02     1.18804760e+02   
    3.78000000e+04     9.45000000e+00     4.86995973e+02     2.99661019e+02     2.31876926e+02     1.16743093e+02   
    3.80000000e+04     9.50000000e+00     4.87003240e+02     2.97398198e+02     2.33606970e+02     1.18300363e+02   
    3.82000000e+04     9.55000000e+00     4.86995862e+02     2.98323023e+02     2.30898057e+02     1.16210701e+02   
    3.84000000e+04     9.60000000e+00     4.87010700e+02     3.02064232e+02     2.33087710e+02     1.16289236e+02   
    3.86000000e+04     9.65000000e+00     4.87014566e+02     2.98745787e+02     2.31090704e+02     1.15926834e+02   
    3.88000000e+04     9.70000000e+00     4.87031906e+02     2.99401249e+02     2.33242112e+02     1.19361392e+02   
    3.90000000e+04     9.75000000e+00     4.87044681e+02     3.02100654e+02     2.33871210e+02     1.20309613e+02   
    3.92000000e+04     9.80000000e+00     4.87052381e+02     3.04412912e+02     2.32010998e+02     1.16030937e+02   
    3.94000000e+04     9.85000000e+00     4.87040112e+02     3.01223990e+02     2.29478496e+02     1.15152780e+02   
    3.96000000e+04     9.90000000e+00     4.87044368e+02     3.05032352e+02     2.30866836e+02     1.15491780e+02   
    3.98000000e+04     9.95000000e+00     4.87059137e+02     3.00221649e+02     2.31428982e+02     1.14948665e+02   
    4.00000000e+04     1.00000000e+01     4.87067435e+02     3.02753019e+02     2.33983083e+02     1.16602570e+02   
    4.02000000e+04     1.00500000e+01     4.87058544e+02     3.00710675e+02     2.31089527e+02     1.13209556e+02   
    4.04000000e+04     1.01000000e+01     4.87048759e+02     3.00669903e+02     2.30366712e+02     1.13060397e+02   
    4.06000000e+04     1.01500000e+01     4.87053553e+02     2.99361906e+02     2.33876921e+02     1.17147389e+02   
    4.08000000e+04     1.02000000e+01     4.87060726e+02     3.02166468e+02     2.31645405e+02     1.15636932e+02   
    4.10000000e+04     1.02500000e+01     4.87056512e+02     3.01265814e+02     2.31207825e+02     1.15611230e+02   
    4.12000000e+04     1.03000000e+01     4.87055637e+02     3.01874949e+02     2.31461685e+02     1.14445470e+02   
    4.14000000e+04     1.03500000e+01     4.87052447e+02     2.98528320e+02     2.30619204e+02     1.14254591e+02   
    4.16000000e+04     1.04000000e+01     4.87062743e+02     2.99184510e+02     2.32584483e+02     1.17039296e+02   
    4.18000000e+04     1.04500000e+01     4.87069339e+02     2.99245644e+02     2.32817390e+02     1.15750067e+02   
    4.20000000e+04     1.05000000e+01     4.87072675e+02     2.99729997e+02     2.31474825e+02     1.17520094e+02   
    4.22000000e+04     1.05500000e+01     4.87077361e+02     2.96644923e+02     2.31741937e+02     1.17107788e+02   
    4.24000000e+04     1.06000000e+01     4.87083371e+02     2.95889106e+02     2.32146242e+02     1.17659206e+02   
    4.26000000e+04     1.06500000e+01     4.87078146e+02     3.00850944e+02     2.32616495e+02     1.15742650e+02   
    4.28000000e+04     1.07000000e+01     4.87080226e+02     3.00320852e+02     2.31769777e+02     1.16314124e+02   
    4.30000000e+04     1.07500000e+01     4.87069685e+02     2.99939766e+02     2.31194615e+02     1.15002402e+02   
    4.32000000e+04     1.08000000e+01     4.87070045e+02     3.00712363e+02     2.31504663e+02     1.16062146e+02   
    4.34000000e+04     1.08500000e+01     4.87062349e+02     3.01453356e+02     2.31569992e+02     1.15810551e+02   
    4.36000000e+04     1.09000000e+01     4.87054325e+02     2.99312676e+02     2.31495781e+02     1.16229723e+02   
    4.38000000e+04     1.09500000e+01     4.87060904e+02     3.00465710e+02     2.31818555e+02     1.18901043e+02   
    4.40000000e+04     1.10000000e+01     4.87065206e+02     3.01158610e+02     2.32410785e+02     1.20146043e+02   
    4.42000000e+04     1.10500000e+01     4.87067333e+02     2.99350499e+02     2.32439573e+02     1.21426102e+02   
    4.44000000e+04     1.11000000e+01     4.87073511e+02     3.01783345e+02     2.31771005e+02     1.19606687e+02   
    4.46000000e+04     1.11500000e+01     4.87069197e+02     2.98105524e+02     2.30609594e+02     1.17831539e+02   
    4.48000000e+04     1.12000000e+01     4.87070928e+02     3.01165071e+02     2.30896580e+02     1.18732698e+02   
    4.50000000e+04     1.12500000e+01     4.87070900e+02     3.01790716e+02     2.32767015e+02     1.18029989e+02   
    4.52000000e+04     1.13000000e+01     4.87083834e+02     3.00490370e+02     2.31952749e+02     1.16706400e+02   
    4.54000000e+04     1.13500000e+01     4.87094827e+02     3.01505655e+02     2.30335436e+02     1.15377557e+02   
    4.56000000e+04     1.14000000e+01     4.87099483e+02     3.01934899e+02     2.30644867e+02     1.15659156e+02   
    4.58000000e+04     1.14500000e+01     4.87099478e+02     2.99970159e+02     2.32901481e+02     1.18600046e+02   
    4.60000000e+04     1.15000000e+01     4.87095332e+02     2.96060685e+02     2.32142051e+02     1.17789600e+02   
    4.62000000e+04     1.15500000e+01     4.87091865e+02     2.98039760e+02     2.31297811e+02     1.17484081e+02   
    4.64000000e+04     1.16000000e+01     4.87112128e+02     3.03966636e+02     2.32564082e+02     1.16216039e+02   
    4.66000000e+04     1.16500000e+01     4.87120429e+02     2.98063734e+02     2.31589233e+02     1.17616672e+02   
    4.68000000e+04     1.17000000e+01     4.87134084e+02     2.99538123e+02     2.32355274e+02     1.18426545e+02   
    4.70000000e+04     1.17500000e+01     4.87132967e+02     2.98229989e+02     2.32874037e+02     1.18018650e+02   
    4.72000000e+04     1.18000000e+01     4.87135496e+02     3.01624908e+02     2.31642533e+02     1.16937895e+02   
    4.74000000e+04     1.18500000e+01     4.87139291e+02     2.97886920e+02     2.32281644e+02     1.18027937e+02   
    4.76000000e+04     1.19000000e+01     4.87134425e+02     3.03144735e+02     2.31515519e+02     1.17251933e+02   
    4.78000000e+04     1.19500000e+01     4.87126493e+02     2.99613017e+02     2.30818564e+02     1.15201852e+02   
    4.80000000e+04     1.20000000e+01     4.87149228e+02     3.01051721e+02     2.33965216e+02     1.19356473e+02   
    4.82000000e+04     1.20500000e+01     4.87137920e+02     3.00970202e+02     2.29189726e+02     1.16675765e+02   
    4.84000000e+04     1.21000000e+01     4.87147277e+02     2.99494436e+02     2.32117498e+02     1.19141036e+02   
    4.86000000e+04     1.21500000e+01     4.87142084e+02     3.00121733e+02     2.30530471e+02     1.18527609e+02   
    4.88000000e+04     1.22000000e+01     4.87149774e+02     2.99241139e+02     2.31145923e+02     1.18403657e+02   
    4.90000000e+04     1.22500000e+01     4.87155165e+02     3.00266858e+02     2.31197250e+02     1.17354252e+02   
    4.92000000e+04     1.23000000e+01     4.87153772e+02     3.01932980e+02     2.31065039e+02     1.17718152e+02   
    4.94000000e+04     1.23500000e+01     4.87151442e+02     3.00679400e+02     2.32054658e+02     1.18430254e+02   
    4.96000000e+04     1.24000000e+01     4.87146267e+02     3.00680332e+02     2.31198860e+02     1.18435332e+02   
    4.98000000e+04     1.24500000e+01     4.87138379e+02     3.02917869e+02     2.31374423e+02     1.15534827e+02   
    5.00000000e+04     1.25000000e+01     4.87152386e+02     2.96225459e+02     2.33342008e+02     1.17007359e+02   
    5.02000000e+04     1.25500000e+01     4.87158549e+02     2.99931556e+02     2.31466340e+02     1.15778439e+02   
    5.04000000e+04     1.26000000e+01     4.87162398e+02     3.00232722e+02     2.32074690e+02     1.17488625e+02   
    5.06000000e+04     1.26500000e+01     4.87168326e+02     3.00636859e+02     2.31871382e+02     1.18045437e+02   
    5.08000000e+04     1.27000000e+01     4.87187562e+02     2.99346736e+02     2.32117510e+02     1.16617689e+02   
    5.10000000e+04     1.27500000e+01     4.87191817e+02     2.99734969e+02     2.31201077e+02     1.17215315e+02   
    5.12000000e+04     1.28000000e+01     4.87196367e+02     3.00555072e+02     2.32169304e+02     1.16446495e+02   
    5.14000000e+04     1.28500000e+01     4.87202910e+02     3.02152083e+02     2.32262100e+02     1.18569623e+02   
    5.16000000e+04     1.29000000e+01     4.87197542e+02     3.02632120e+02     2.30203745e+02     1.14458974e+02   
    5.18000000e+04     1.29500000e+01     4.87206215e+02     2.99391437e+02     2.30443855e+02     1.14472560e+02   
    5.20000000e+04     1.30000000e+01     4.87222503e+02     2.96717109e+02     2.33450120e+02     1.18345505e+02   
    5.22000000e+04     1.30500000e+01     4.87222762e+02     3.01039195e+02     2.31443483e+02     1.16377492e+02   
    5.24000000e+04     1.31000000e+01     4.87220439e+02     2.98685059e+02     2.30456490e+02     1.13621745e+02   
    5.26000000e+04     1.31500000e+01     4.87228314e+02     2.97635441e+02     2.32650317e+02     1.17796167e+02   
    5.28000000e+04     1.32000000e+01     4.87221834e+02     3.03050747e+02     2.31858177e+02     1.17091369e+02   
    5.30000000e+04     1.32500000e+01     4.87217786e+02     2.97193939e+02     2.31082819e+02     1.15425935e+02   
    5.32000000e+04     1.33000000e+01     4.87228058e+02     2.98154287e+02     2.32727332e+02     1.16500281e+02   
    5.34000000e+04     1.33500000e+01     4.87222788e+02     3.03571941e+02     2.30235621e+02     1.14260086e+02   
    5.36000000e+04     1.34000000e+01     4.87234636e+02     3.01933498e+02     2.32479176e+02     1.16626143e+02   
    5.38000000e+04     1.34500000e+01     4.87225848e+02     2.99691197e+02     2.29784907e+02     1.14196884e+02   
    5.40000000e+04     1.35000000e+01     4.87222695e+02     3.01284054e+02     2.31029188e+02     1.14921045e+02   
    5.42000000e+04     1.35500000e+01     4.87217201e+02     3.02100951e+02     2.31113478e+02     1.15359221e+02   
    5.44000000e+04     1.36000000e+01     4.87220875e+02     2.98406578e+02     2.32947508e+02     1.18699850e+02   
    5.46000000e+04     1.36500000e+01     4.87211644e+02     2.98573597e+02     2.31416155e+02     1.15948375e+02   
    5.48000000e+04     1.37000000e+01     4.87216852e+02     2.99434282e+02     2.31014559e+02     1.16107212e+02   
    5.50000000e+04     1.37500000e+01     4.87225387e+02     3.01267157e+02     2.31158240e+02     1.14796392e+02   
    5.52000000e+04     1.38000000e+01     4.87222553e+02     2.97393520e+02     2.31458120e+02     1.14925260e+02   
    5.54000000e+04     1.38500000e+01     4.87223926e+02     2.99478128e+02     2.33172006e+02     1.15671279e+02   
    5.56000000e+04     1.39000000e+01     4.87216962e+02     3.03491238e+02     2.33074446e+02     1.16549088e+02   
    5.58000000e+04     1.39500000e+01     4.87215585e+02     3.00531475e+02     2.32723543e+02     1.15525460e+02   
    5.60000000e+04     1.40000000e+01     4.87219790e+02     3.00890181e+02     2.32611365e+02     1.14776256e+02   
    5.62000000e+04     1.40500000e+01     4.87219376e+02     3.02569451e+02     2.30447148e+02     1.13253450e+02   
    5.64000000e+04     1.41000000e+01     4.87212486e+02     3.01766478e+02     2.32181081e+02     1.16101089e+02   
    5.66000000e+04     1.41500000e+01     4.87208913e+02     2.98471101e+02     2.31676673e+02     1.14271786e+02   
    5.68000000e+04     1.42000000e+01     4.87201520e+02     3.00144271e+02     2.31187235e+02     1.13465277e+02   
    5.70000000e+04     1.42500000e+01     4.87215927e+02     2.97906468e+02     2.33021622e+02     1.14822891e+02   
    5.72000000e+04     1.43000000e+01     4.87216618e+02     2.98449210e+02     2.31375214e+02     1.12569214e+02   
    5.74000000e+04     1.43500000e+01     4.87217163e+02     3.00811647e+02     2.30286907e+02     1.10958870e+02   
    5.76000000e+04     1.44000000e+01     4.87215948e+02     2.97801046e+02     2.33064184e+02     1.15398711e+02   
    5.78000000e+04     1.44500000e+01     4.87217827e+02     2.96635320e+02     2.33177127e+02     1.15100291e+02   
    5.80000000e+04     1.45000000e+01     4.87200753e+02     2.98435044e+02     2.31152011e+02     1.16606328e+02   
    5.82000000e+04     1.45500000e+01     4.87188318e+02     2.98255225e+02     2.30541284e+02     1.14145268e+02   
    5.84000000e+04     1.46000000e+01     4.87181121e+02     2.98686631e+02     2.32912955e+02     1.16541061e+02   
    5.86000000e+04     1.46500000e+01     4.87157314e+02     3.01572488e+02     2.29980772e+02     1.13408240e+02   
    5.88000000e+04     1.47000000e+01     4.87144804e+02     2.97513055e+02     2.31085892e+02     1.14331593e+02   
    5.90000000e+04     1.47500000e+01     4.87148227e+02     2.99952059e+02     2.31828254e+02     1.14397244e+02   
    5.92000000e+04     1.48000000e+01     4.87152672e+02     2.97512563e+02     2.32100053e+02     1.14553900e+02   
    5.94000000e+04     1.48500000e+01     4.87171396e+02     2.95390169e+02     2.32576116e+02     1.17127771e+02   
    5.96000000e+04     1.49000000e+01     4.87168564e+02     3.03696652e+02     2.30800750e+02     1.14489373e+02   
    5.98000000e+04     1.49500000e+01     4.87178117e+02     3.01421629e+02     2.32173504e+02     1.17996725e+02   
    6.00000000e+04     1.50000000e+01     4.87186986e+02     3.02076668e+02     2.33206909e+02     1.17764178e+02   
    6.02000000e+04     1.50500000e+01     4.87184894e+02     3.00456611e+02     2.30577117e+02     1.15113119e+02   
    6.04000000e+04     1.51000000e+01     4.87173178e+02     3.01235931e+02     2.29962094e+02     1.15061618e+02   
    6.06000000e+04     1.51500000e+01     4.87172068e+02     3.01249705e+02     2.32162211e+02     1.15839912e+02   
    6.08000000e+04     1.52000000e+01     4.87164783e+02     3.01122019e+02     2.31126662e+02     1.14797256e+02   
    6.10000000e+04     1.52500000e+01     4.87164631e+02     2.98986800e+02     2.30454745e+02     1.14351545e+02   
    6.12000000e+04     1.53000000e+01     4.87167182e+02     2.98434838e+02     2.32713261e+02     1.17958875e+02   
    6.14000000e+04     1.53500000e+01     4.87155189e+02     2.99752939e+02     2.32058034e+02     1.18490527e+02   
    6.16000000e+04     1.54000000e+01     4.87143647e+02     3.00264895e+02     2.30221718e+02     1.16451685e+02   
    6.18000000e+04     1.54500000e+01     4.87151973e+02     3.00983169e+02     2.31755399e+02     1.19739658e+02   
    6.20000000e+04     1.55000000e+01     4.87163253e+02     3.05657949e+02     2.30795336e+02     1.17824028e+02   
    6.22000000e+04     1.55500000e+01     4.87181972e+02     3.02198693e+02     2.33445468e+02     1.22943672e+02   
    6.24000000e+04     1.56000000e+01     4.87174241e+02     3.07084338e+02     2.31078034e+02     1.19371497e+02   
    6.26000000e+04     1.56500000e+01     4.87175793e+02     3.02796325e+02     2.31325215e+02     1.18126369e+02   
    6.28000000e+04     1.57000000e+01     4.87160351e+02     3.00805138e+02     2.31399681e+02     1.16980417e+02   
    6.30000000e+04     1.57500000e+01     4.87160828e+02     3.03247725e+02     2.33263256e+02     1.18923184e+02   
    6.32000000e+04     1.58000000e+01     4.87144312e+02     3.02490613e+02     2.32628156e+02     1.17776682e+02   
    6.34000000e+04     1.58500000e+01     4.87132760e+02     3.03003477e+02     2.30548348e+02     1.16350757e+02   
    6.36000000e+04     1.59000000e+01     4.87140605e+02     3.02375774e+02     2.32223011e+02     1.17529352e+02   
    6.38000000e+04     1.59500000e+01     4.87134818e+02     2.98926743e+02     2.30719871e+02     1.15522302e+02   
    6.40000000e+04     1.60000000e+01     4.87146926e+02     2.99510164e+02     2.31548354e+02     1.17361868e+02   
    6.42000000e+04     1.60500000e+01     4.87156261e+02     3.00984135e+02     2.31756461e+02     1.17044517e+02   
    6.44000000e+04     1.61000000e+01     4.87162134e+02     3.04716372e+02     2.31430024e+02     1.19122452e+02   
    6.46000000e+04     1.61500000e+01     4.87167563e+02     3.01729187e+02     2.31782553e+02     1.18442954e+02   
    6.48000000e+04     1.62000000e+01     4.87167459e+02     3.02592281e+02     2.32212830e+02     1.19934153e+02   
    6.50000000e+04     1.62500000e+01     4.87174571e+02     3.01874352e+02     2.31917685e+02     1.18499146e+02   
    6.52000000e+04     1.63000000e+01     4.87180064e+02     2.99151366e+02     2.32813146e+02     1.19881332e+02   
    6.54000000e+04     1.63500000e+01     4.87176275e+02     2.96899712e+02     2.31018364e+02     1.17991855e+02   
    6.56000000e+04     1.64000000e+01     4.87188832e+02     3.04346623e+02     2.32108441e+02     1.19250538e+02   
    6.58000000e+04     1.64500000e+01     4.87194983e+02     3.01559847e+02     2.32268724e+02     1.18847337e+02   
    6.60000000e+04     1.65000000e+01     4.87186509e+02     2.98633382e+02     2.32081450e+02     1.17567625e+02   
    6.62000000e+04     1.65500000e+01     4.87190524e+02     3.02056188e+02     2.33548116e+02     1.20699405e+02   
    6.64000000e+04     1.66000000e+01     4.87169890e+02     3.01190446e+02     2.30431013e+02     1.16806529e+02   
    6.66000000e+04     1.66500000e+01     4.87166650e+02     3.00755156e+02     2.30978679e+02     1.15476891e+02   
    6.68000000e+04     1.67000000e+01     4.87149491e+02     2.98101271e+02     2.31107322e+02     1.15349532e+02   
    6.70000000e+04     1.67500000e+01     4.87134726e+02     2.99900825e+02     2.31671389e+02     1.15958218e+02   
    6.72000000e+04     1.68000000e+01     4.87121948e+02     2.97468776e+02     2.30115416e+02     1.14924866e+02   
    6.74000000e+04     1.68500000e+01     4.87129060e+02     2.98177869e+02     2.32699427e+02     1.16898062e+02   
    6.76000000e+04     1.69000000e+01     4.87131324e+02     3.00864855e+02     2.30369723e+02     1.15606436e+02   
    6.78000000e+04     1.69500000e+01     4.87151511e+02     3.01603878e+02     2.33632707e+02     1.21843756e+02   
    6.80000000e+04     1.70000000e+01     4.87145732e+02     3.01959735e+02     2.31303398e+02     1.17621892e+02   
    6.82000000e+04     1.70500000e+01     4.87149072e+02     2.96791336e+02     2.32575666e+02     1.18224725e+02   
    6.84000000e+04     1.71000000e+01     4.87147333e+02     3.04053710e+02     2.31283341e+02     1.17064843e+02   
    6.86000000e+04     1.71500000e+01     4.87153375e+02     2.98632401e+02     2.32637417e+02     1.18979266e+02   
    6.88000000e+04     1.72000000e+01     4.87155619e+02     3.02347532e+02     2.32385684e+02     1.17226268e+02   
    6.90000000e+04     1.72500000e+01     4.87136548e+02     3.04626153e+02     2.31203357e+02     1.16007132e+02   
    6.92000000e+04     1.73000000e+01     4.87134490e+02     3.01414381e+02     2.29797662e+02     1.14998811e+02   
    6.94000000e+04     1.73500000e+01     4.87133602e+02     2.99517201e+02     2.31655163e+02     1.17716217e+02   
    6.96000000e+04     1.74000000e+01     4.87118379e+02     2.96640076e+02     2.29486916e+02     1.13369696e+02   
    6.98000000e+04     1.74500000e+01     4.87131688e+02     2.99965632e+02     2.31327275e+02     1.15315835e+02   
    7.00000000e+04     1.75000000e+01     4.87135552e+02     3.00392789e+02     2.30519451e+02     1.15930352e+02   
    7.02000000e+04     1.75500000e+01     4.87147123e+02     2.98815399e+02     2.31518566e+02     1.18182018e+02   
    7.04000000e+04     1.76000000e+01     4.87161653e+02     2.99839768e+02     2.30622274e+02     1.16951802e+02   
    7.06000000e+04     1.76500000e+01     4.87164649e+02     3.00534659e+02     2.31178807e+02     1.18400312e+02   
    7.08000000e+04     1.77000000e+01     4.87164500e+02     3.01909106e+02     2.28922073e+02     1.14582981e+02   
    7.10000000e+04     1.77500000e+01     4.87166617e+02     3.00316345e+02     2.30211338e+02     1.15251732e+02   
    7.12000000e+04     1.78000000e+01     4.87176689e+02     2.99798712e+02     2.31688222e+02     1.15413076e+02   
    7.14000000e+04     1.78500000e+01     4.87183508e+02     3.01033232e+02     2.30317975e+02     1.15335478e+02   
    7.16000000e+04     1.79000000e+01     4.87184271e+02     3.00913382e+02     2.29770570e+02     1.13512728e+02   
    7.18000000e+04     1.79500000e+01     4.87186394e+02     2.96940433e+02     2.30809704e+02     1.15727347e+02   
    7.20000000e+04     1.80000000e+01     4.87199048e+02     2.98567520e+02     2.32731017e+02     1.16535923e+02   
    7.22000000e+04     1.80500000e+01     4.87204600e+02     2.96081861e+02     2.33060587e+02     1.17502275e+02   
    7.24000000e+04     1.81000000e+01     4.87186105e+02     2.96513466e+02     2.30256295e+02     1.15830955e+02   
    7.26000000e+04     1.81500000e+01     4.87183278e+02     2.97628507e+02     2.32681300e+02     1.16103942e+02   
    7.28000000e+04     1.82000000e+01     4.87164185e+02     2.98927451e+02     2.30283819e+02     1.14168040e+02   
    7.30000000e+04     1.82500000e+01     4.87162692e+02     3.02571801e+02     2.30848701e+02     1.13689435e+02   
    7.32000000e+04     1.83000000e+01     4.87171357e+02     2.98942774e+02     2.32323485e+02     1.14512312e+02   
    7.34000000e+04     1.83500000e+01     4.87186830e+02     2.99469466e+02     2.33168728e+02     1.14766536e+02   
    7.36000000e+04     1.84000000e+01     4.87190821e+02     2.98956951e+02     2.31137165e+02     1.13766518e+02   
    7.38000000e+04     1.84500000e+01     4.87194888e+02     2.98314464e+02     2.31767205e+02     1.13668291e+02   
    7.40000000e+04     1.85000000e+01     4.87200576e+02     3.00877646e+02     2.32461316e+02     1.15197948e+02   
    7.42000000e+04     1.85500000e+01     4.87210835e+02     2.98341251e+02     2.33341728e+02     1.15230006e+02   
    7.44000000e+04     1.86000000e+01     4.87204151e+02     3.01359341e+02     2.32016185e+02     1.14931742e+02   
    7.46000000e+04     1.86500000e+01     4.87209744e+02     3.00608415e+02     2.30355138e+02     1.13510502e+02   
    7.48000000e+04     1.87000000e+01     4.87228727e+02     3.01304830e+02     2.30875989e+02     1.14933524e+02   
    7.50000000e+04     1.87500000e+01     4.87240191e+02     2.99446260e+02     2.31377808e+02     1.15070062e+02   
    7.52000000e+04     1.88000000e+01     4.87235237e+02     2.98481580e+02     2.31199808e+02     1.15453748e+02   
    7.54000000e+04     1.88500000e+01     4.87228873e+02     2.99846459e+02     2.29980662e+02     1.13682948e+02   
    7.56000000e+04     1.89000000e+01     4.87222502e+02     3.00219415e+02     2.30990049e+02     1.15590082e+02   
    7.58000000e+04     1.89500000e+01     4.87218605e+02     2.98682051e+02     2.31865299e+02     1.16167990e+02   
    7.60000000e+04     1.90000000e+01     4.87214173e+02     3.01715224e+02     2.31831282e+02     1.15809834e+02   
    7.62000000e+04     1.90500000e+01     4.87209978e+02     3.02352942e+02     2.32288917e+02     1.13375276e+02   
    7.64000000e+04     1.91000000e+01     4.87195449e+02     3.03170421e+02     2.29188726e+02     1.11207609e+02   
    7.66000000e+04     1.91500000e+01     4.87195534e+02     2.99517939e+02     2.31495047e+02     1.13747968e+02   
    7.68000000e+04     1.92000000e+01     4.87209064e+02     3.00224671e+02     2.33986584e+02     1.17033418e+02   
    7.70000000e+04     1.92500000e+01     4.87189358e+02     3.01078840e+02     2.31332617e+02     1.14469211e+02   
    7.72000000e+04     1.93000000e+01     4.87187902e+02     3.01615335e+02     2.32332455e+02     1.14953850e+02   
    7.74000000e+04     1.93500000e+01     4.87179744e+02     2.99435974e+02     2.32091459e+02     1.17015827e+02   
    7.76000000e+04     1.94000000e+01     4.87192127e+02     2.97940702e+02     2.31741162e+02     1.15119336e+02   
    7.78000000e+04     1.94500000e+01     4.87202682e+02     2.96162455e+02     2.30385387e+02     1.13725091e+02   
    7.80000000e+04     1.95000000e+01     4.87220763e+02     2.99501600e+02     2.32973622e+02     1.18045194e+02   
    7.82000000e+04     1.95500000e+01     4.87227322e+02     3.01844501e+02     2.32297585e+02     1.16960814e+02   
    7.84000000e+04     1.96000000e+01     4.87229272e+02     3.01783222e+02     2.33340110e+02     1.17391535e+02   
    7.86000000e+04     1.96500000e+01     4.87217846e+02     2.99395981e+02     2.31367131e+02     1.14955456e+02   
    7.88000000e+04     1.97000000e+01     4.87215850e+02     2.99510970e+02     2.31582630e+02     1.17412566e+02   
    7.90000000e+04     1.97500000e+01     4.87213479e+02     3.00414115e+02     2.31504902e+02     1.16559068e+02   
    7.92000000e+04     1.98000000e+01     4.87202042e+02     3.02495910e+02     2.30662273e+02     1.13968114e+02   
    7.94000000e+04     1.98500000e+01     4.87199640e+02     3.00649860e+02     2.31736972e+02     1.16287366e+02   
    7.96000000e+04     1.99000000e+01     4.87200525e+02     3.00454310e+02     2.31896380e+02     1.18310915e+02   
    7.98000000e+04     1.99500000e+01     4.87190744e+02     2.99420764e+02     2.29887531e+02     1.16288639e+02   
    8.00000000e+04     2.00000000e+01     4.87186834e+02     2.99416188e+02     2.30667143e+02     1.15394182e+02   
