# column   1     --> step : The current simulation time step.
# column   2     --> time{picosecond} : The elapsed simulation time.
# column   3     --> conserved{electronvolt} : The value of the conserved energy quantity per bead.
# column   4     --> temperature{kelvin} : The current temperature, as obtained from the MD kinetic energy.
# column   5     --> kinetic_cv{electronvolt} : The centroid-virial quantum kinetic energy of the physical system.
# column   6     --> potential{electronvolt} : The physical system potential energy.
    0.00000000e+00     0.00000000e+00     1.10577527e+03     3.04428649e+02     2.33601862e+02     1.22038455e+02   
    2.00000000e+02     5.00000000e-02     1.10577819e+03     2.98659368e+02     2.31277547e+02     1.19620682e+02   
    4.00000000e+02     1.00000000e-01     1.10579148e+03     3.00418203e+02     2.32497190e+02     1.18879444e+02   
    6.00000000e+02     1.50000000e-01     1.10580682e+03     2.98298948e+02     2.32862342e+02     1.20686271e+02   
    8.00000000e+02     2.00000000e-01     1.10579443e+03     2.98443524e+02     2.31186022e+02     1.19293756e+02   
    1.00000000e+03     2.50000000e-01     1.10578911e+03     2.99005718e+02     2.31243402e+02     1.18175563e+02   
    1.20000000e+03     3.00000000e-01     1.10579697e+03     3.00743162e+02     2.32173900e+02     1.17468202e+02   
    1.40000000e+03     3.50000000e-01     1.10579587e+03     3.03145755e+02     2.33778940e+02     1.19426865e+02   
    1.60000000e+03     4.00000000e-01     1.10578305e+03     2.95698009e+02     2.30998126e+02     1.17326303e+02   
    1.80000000e+03     4.50000000e-01     1.10576068e+03     2.98365112e+02     2.29159246e+02     1.15664104e+02   
    2.00000000e+03     5.00000000e-01     1.10577130e+03     3.02161591e+02     2.31376733e+02     1.18295813e+02   
    2.20000000e+03     5.50000000e-01     1.10576608e+03     2.98245765e+02     2.32135783e+02     1.19329965e+02   
    2.40000000e+03     6.00000000e-01     1.10576479e+03     2.97785996e+02     2.32328409e+02     1.19326579e+02   
    2.60000000e+03     6.50000000e-01     1.10575070e+03     2.97749126e+02     2.31759173e+02     1.19193088e+02   
    2.80000000e+03     7.00000000e-01     1.10574331e+03     3.00200367e+02     2.31953316e+02     1.18653327e+02   
    3.00000000e+03     7.50000000e-01     1.10574346e+03     2.99674285e+02     2.32166084e+02     1.19067587e+02   
    3.20000000e+03     8.00000000e-01     1.10573154e+03     3.00742915e+02     2.30608697e+02     1.16156140e+02   
    3.40000000e+03     8.50000000e-01     1.10573770e+03     3.01388249e+02     2.33670740e+02     1.20434779e+02   
    3.60000000e+03     9.00000000e-01     1.10573562e+03     3.00769407e+02     2.31453753e+02     1.16860516e+02   
    3.80000000e+03     9.50000000e-01     1.10573770e+03     2.98855460e+02     2.31337219e+02     1.16707159e+02   
    4.00000000e+03     1.00000000e+00     1.10573702e+03     2.98320999e+02     2.33190090e+02     1.20997896e+02   
    4.20000000e+03     1.05000000e+00     1.10573507e+03     3.00342242e+02     2.32355733e+02     1.18373752e+02   
    4.40000000e+03     1.10000000e+00     1.10573901e+03     2.98665144e+02     2.31305710e+02     1.18088426e+02   
    4.60000000e+03     1.15000000e+00     1.10576054e+03     2.96222902e+02     2.34190963e+02     1.20346969e+02   
    4.80000000e+03     1.20000000e+00     1.10576041e+03     2.98598464e+02     2.31834897e+02     1.20121868e+02   
    5.00000000e+03     1.25000000e+00     1.10576225e+03     2.99260330e+02     2.32131083e+02     1.19225915e+02   
    5.20000000e+03     1.30000000e+00     1.10577285e+03     3.00511827e+02     2.31344242e+02     1.18531104e+02   
    5.40000000e+03     1.35000000e+00     1.10576841e+03     3.01711765e+02     2.30929604e+02     1.16911765e+02   
    5.60000000e+03     1.40000000e+00     1.10576008e+03     2.98664860e+02     2.29643765e+02     1.15095043e+02   
    5.80000000e+03     1.45000000e+00     1.10576614e+03     2.98762538e+02     2.31457275e+02     1.17538555e+02   
    6.00000000e+03     1.50000000e+00     1.10576774e+03     2.99426959e+02     2.31255834e+02     1.17965156e+02   
    6.20000000e+03     1.55000000e+00     1.10577116e+03     3.00604232e+02     2.30098324e+02     1.17475866e+02   
    6.40000000e+03     1.60000000e+00     1.10576196e+03     3.00411433e+02     2.28369511e+02     1.15626219e+02   
    6.60000000e+03     1.65000000e+00     1.10577463e+03     3.04200269e+02     2.33832338e+02     1.21517881e+02   
    6.80000000e+03     1.70000000e+00     1.10576669e+03     3.01682166e+02     2.32602621e+02     1.20144483e+02   
    7.00000000e+03     1.75000000e+00     1.10575305e+03     3.00961251e+02     2.30911812e+02     1.17172793e+02   
    7.20000000e+03     1.80000000e+00     1.10575433e+03     2.99817377e+02     2.30802473e+02     1.18333967e+02   
    7.40000000e+03     1.85000000e+00     1.10575272e+03     2.99282934e+02     2.32251934e+02     1.18801705e+02   
    7.60000000e+03     1.90000000e+00     1.10575967e+03     2.97526805e+02     2.30127986e+02     1.18660290e+02   
    7.80000000e+03     1.95000000e+00     1.10577239e+03     3.00717933e+02     2.32875347e+02     1.19055416e+02   
    8.00000000e+03     2.00000000e+00     1.10577877e+03     3.01412894e+02     2.33475355e+02     1.19634878e+02   
    8.20000000e+03     2.05000000e+00     1.10576577e+03     3.02262973e+02     2.29947232e+02     1.15367533e+02   
    8.40000000e+03     2.10000000e+00     1.10576159e+03     3.01810089e+02     2.31213738e+02     1.18148367e+02   
    8.60000000e+03     2.15000000e+00     1.10574820e+03     2.97750855e+02     2.31856185e+02     1.19937970e+02   
    8.80000000e+03     2.20000000e+00     1.10573601e+03     3.00135938e+02     2.31523856e+02     1.18492220e+02   
    9.00000000e+03     2.25000000e+00     1.10573518e+03     3.00002553e+02     2.31821719e+02     1.19853585e+02   
    9.20000000e+03     2.30000000e+00     1.10573869e+03     2.99889096e+02     2.34033681e+02     1.21748711e+02   
    9.40000000e+03     2.35000000e+00     1.10572036e+03     2.99405977e+02     2.30264673e+02     1.17998631e+02   
    9.60000000e+03     2.40000000e+00     1.10572411e+03     2.98564710e+02     2.31091343e+02     1.18071403e+02   
    9.80000000e+03     2.45000000e+00     1.10573179e+03     3.00827894e+02     2.30769413e+02     1.18554566e+02   
    1.00000000e+04     2.50000000e+00     1.10574243e+03     2.97543334e+02     2.32892860e+02     1.19677993e+02   
    1.02000000e+04     2.55000000e+00     1.10573445e+03     2.97533432e+02     2.31227685e+02     1.19296218e+02   
    1.04000000e+04     2.60000000e+00     1.10573609e+03     3.00467424e+02     2.31802121e+02     1.19061111e+02   
    1.06000000e+04     2.65000000e+00     1.10573596e+03     2.98253948e+02     2.33671557e+02     1.20929664e+02   
    1.08000000e+04     2.70000000e+00     1.10572884e+03     2.98023150e+02     2.31677397e+02     1.20506892e+02   
    1.10000000e+04     2.75000000e+00     1.10572698e+03     2.99088196e+02     2.31122793e+02     1.20304137e+02   
    1.12000000e+04     2.80000000e+00     1.10572849e+03     2.98620125e+02     2.31132700e+02     1.19237497e+02   
    1.14000000e+04     2.85000000e+00     1.10573148e+03     2.99421291e+02     2.30519316e+02     1.18055660e+02   
    1.16000000e+04     2.90000000e+00     1.10573240e+03     2.95076555e+02     2.31196045e+02     1.19088801e+02   
    1.18000000e+04     2.95000000e+00     1.10574092e+03     3.02482175e+02     2.32123262e+02     1.19562043e+02   
    1.20000000e+04     3.00000000e+00     1.10573918e+03     2.99750814e+02     2.32781326e+02     1.21160321e+02   
    1.22000000e+04     3.05000000e+00     1.10573894e+03     2.97745935e+02     2.31350871e+02     1.20122815e+02   
    1.24000000e+04     3.10000000e+00     1.10573622e+03     2.97394435e+02     2.32344576e+02     1.20587529e+02   
    1.26000000e+04     3.15000000e+00     1.10573829e+03     2.98323307e+02     2.31542704e+02     1.18857541e+02   
    1.28000000e+04     3.20000000e+00     1.10573056e+03     2.95474027e+02     2.31482908e+02     1.19073725e+02   
    1.30000000e+04     3.25000000e+00     1.10572925e+03     2.96295943e+02     2.31035843e+02     1.18284431e+02   
    1.32000000e+04     3.30000000e+00     1.10574262e+03     2.99184209e+02     2.31275193e+02     1.17993021e+02   
    1.34000000e+04     3.35000000e+00     1.10574298e+03     2.97795830e+02     2.30076734e+02     1.17178120e+02   
    1.36000000e+04     3.40000000e+00     1.10575597e+03     2.99369802e+02     2.30824741e+02     1.17926965e+02   
    1.38000000e+04     3.45000000e+00     1.10575729e+03     2.97626829e+02     2.31186847e+02     1.19360142e+02   
    1.40000000e+04     3.50000000e+00     1.10576168e+03     2.98720864e+02     2.31245455e+02     1.19064124e+02   
    1.42000000e+04     3.55000000e+00     1.10577203e+03     2.96809717e+02     2.32109520e+02     1.19406136e+02   
    1.44000000e+04     3.60000000e+00     1.10576755e+03     2.97668191e+02     2.32081035e+02     1.19516985e+02   
    1.46000000e+04     3.65000000e+00     1.10576145e+03     2.97123352e+02     2.30811910e+02     1.19453332e+02   
    1.48000000e+04     3.70000000e+00     1.10576013e+03     2.98836763e+02     2.30649493e+02     1.19594273e+02   
    1.50000000e+04     3.75000000e+00     1.10576605e+03     2.97282065e+02     2.31591953e+02     1.20099916e+02   
    1.52000000e+04     3.80000000e+00     1.10576026e+03     2.99410449e+02     2.30196078e+02     1.18692871e+02   
    1.54000000e+04     3.85000000e+00     1.10575303e+03     2.97709142e+02     2.31373705e+02     1.18296463e+02   
    1.56000000e+04     3.90000000e+00     1.10574710e+03     2.99318422e+02     2.31865629e+02     1.20507764e+02   
    1.58000000e+04     3.95000000e+00     1.10575163e+03     2.98332659e+02     2.32247910e+02     1.20768548e+02   
    1.60000000e+04     4.00000000e+00     1.10575605e+03     3.00821042e+02     2.33718074e+02     1.21803755e+02   
    1.62000000e+04     4.05000000e+00     1.10575247e+03     2.98474063e+02     2.33454216e+02     1.20782490e+02   
    1.64000000e+04     4.10000000e+00     1.10575307e+03     2.99329211e+02     2.32288924e+02     1.19289338e+02   
    1.66000000e+04     4.15000000e+00     1.10574026e+03     2.98910204e+02     2.29705614e+02     1.16996587e+02   
    1.68000000e+04     4.20000000e+00     1.10575501e+03     2.98990764e+02     2.31342622e+02     1.16473878e+02   
    1.70000000e+04     4.25000000e+00     1.10575071e+03     3.00439015e+02     2.31204934e+02     1.17169749e+02   
    1.72000000e+04     4.30000000e+00     1.10575100e+03     2.99778594e+02     2.30420195e+02     1.17113791e+02   
    1.74000000e+04     4.35000000e+00     1.10575696e+03     2.95643480e+02     2.31499782e+02     1.20135389e+02   
    1.76000000e+04     4.40000000e+00     1.10576431e+03     3.00247470e+02     2.32586737e+02     1.19541908e+02   
    1.78000000e+04     4.45000000e+00     1.10576938e+03     3.02483693e+02     2.31039085e+02     1.18667827e+02   
    1.80000000e+04     4.50000000e+00     1.10577056e+03     2.98410100e+02     2.30413126e+02     1.17328100e+02   
    1.82000000e+04     4.55000000e+00     1.10577890e+03     3.03178611e+02     2.32731162e+02     1.19086240e+02   
    1.84000000e+04     4.60000000e+00     1.10579212e+03     2.97611414e+02     2.34090225e+02     1.20382207e+02   
    1.86000000e+04     4.65000000e+00     1.10578619e+03     3.00661042e+02     2.32511563e+02     1.17318484e+02   
    1.88000000e+04     4.70000000e+00     1.10579090e+03     2.97816224e+02     2.31051538e+02     1.19478569e+02   
    1.90000000e+04     4.75000000e+00     1.10579536e+03     2.95704020e+02     2.32429097e+02     1.19492518e+02   
    1.92000000e+04     4.80000000e+00     1.10579307e+03     2.96356249e+02     2.30711022e+02     1.18376897e+02   
    1.94000000e+04     4.85000000e+00     1.10579103e+03     2.99599388e+02     2.31712777e+02     1.18656743e+02   
    1.96000000e+04     4.90000000e+00     1.10578597e+03     2.97972545e+02     2.31715429e+02     1.18424837e+02   
    1.98000000e+04     4.95000000e+00     1.10578195e+03     2.95407148e+02     2.30983044e+02     1.17687468e+02   
    2.00000000e+04     5.00000000e+00     1.10580038e+03     2.98810704e+02     2.33036328e+02     1.20424149e+02   
    2.02000000e+04     5.05000000e+00     1.10579086e+03     2.96765714e+02     2.30304699e+02     1.16650726e+02   
    2.04000000e+04     5.10000000e+00     1.10580500e+03     2.97174333e+02     2.31871483e+02     1.19434216e+02   
    2.06000000e+04     5.15000000e+00     1.10580484e+03     2.95643906e+02     2.32780185e+02     1.19433091e+02   
    2.08000000e+04     5.20000000e+00     1.10579933e+03     2.97482895e+02     2.32439213e+02     1.18021984e+02   
    2.10000000e+04     5.25000000e+00     1.10579328e+03     2.98176941e+02     2.31387137e+02     1.16657838e+02   
    2.12000000e+04     5.30000000e+00     1.10578440e+03     3.00320558e+02     2.31646531e+02     1.16463545e+02   
    2.14000000e+04     5.35000000e+00     1.10579098e+03     2.99382926e+02     2.31392055e+02     1.16724613e+02   
    2.16000000e+04     5.40000000e+00     1.10580061e+03     2.99295734e+02     2.30938073e+02     1.17055852e+02   
    2.18000000e+04     5.45000000e+00     1.10581784e+03     2.98908904e+02     2.31755522e+02     1.17486130e+02   
    2.20000000e+04     5.50000000e+00     1.10581351e+03     2.98026905e+02     2.30664876e+02     1.17960881e+02   
    2.22000000e+04     5.55000000e+00     1.10581121e+03     2.95569809e+02     2.31802318e+02     1.19013121e+02   
    2.24000000e+04     5.60000000e+00     1.10579913e+03     2.99683889e+02     2.30930804e+02     1.17960752e+02   
    2.26000000e+04     5.65000000e+00     1.10579745e+03     2.99186905e+02     2.32329130e+02     1.19983017e+02   
    2.28000000e+04     5.70000000e+00     1.10578586e+03     2.96812011e+02     2.31937898e+02     1.19981962e+02   
    2.30000000e+04     5.75000000e+00     1.10577839e+03     2.99351392e+02     2.33631988e+02     1.19625720e+02   
    2.32000000e+04     5.80000000e+00     1.10576683e+03     2.99086860e+02     2.31557443e+02     1.17610093e+02   
    2.34000000e+04     5.85000000e+00     1.10576053e+03     2.97106423e+02     2.29631970e+02     1.16539499e+02   
    2.36000000e+04     5.90000000e+00     1.10578081e+03     2.96395209e+02     2.32954908e+02     1.20647656e+02   
    2.38000000e+04     5.95000000e+00     1.10577290e+03     2.98061775e+02     2.30750401e+02     1.17471019e+02   
    2.40000000e+04     6.00000000e+00     1.10578252e+03     2.97183798e+02     2.31313035e+02     1.19648505e+02   
    2.42000000e+04     6.05000000e+00     1.10578513e+03     2.97450753e+02     2.30592633e+02     1.18150974e+02   
    2.44000000e+04     6.10000000e+00     1.10579607e+03     2.95672353e+02     2.31600710e+02     1.19495602e+02   
    2.46000000e+04     6.15000000e+00     1.10580803e+03     2.97848114e+02     2.33445768e+02     1.20852149e+02   
    2.48000000e+04     6.20000000e+00     1.10580077e+03     2.97425521e+02     2.30043376e+02     1.17972146e+02   
    2.50000000e+04     6.25000000e+00     1.10581861e+03     2.99124877e+02     2.32482996e+02     1.20415486e+02   
    2.52000000e+04     6.30000000e+00     1.10582257e+03     2.97466346e+02     2.30498597e+02     1.21559129e+02   
    2.54000000e+04     6.35000000e+00     1.10583054e+03     2.97978081e+02     2.32151923e+02     1.20551302e+02   
    2.56000000e+04     6.40000000e+00     1.10584401e+03     2.98054748e+02     2.32010613e+02     1.22624461e+02   
    2.58000000e+04     6.45000000e+00     1.10583518e+03     2.98210909e+02     2.31137043e+02     1.18314796e+02   
    2.60000000e+04     6.50000000e+00     1.10584198e+03     2.97438798e+02     2.32258744e+02     1.20543200e+02   
    2.62000000e+04     6.55000000e+00     1.10585034e+03     2.99620538e+02     2.32682802e+02     1.20196479e+02   
    2.64000000e+04     6.60000000e+00     1.10585387e+03     2.99594270e+02     2.32154244e+02     1.19447160e+02   
    2.66000000e+04     6.65000000e+00     1.10585595e+03     2.98996020e+02     2.30537176e+02     1.18051074e+02   
    2.68000000e+04     6.70000000e+00     1.10587071e+03     2.99561671e+02     2.33408411e+02     1.20833131e+02   
    2.70000000e+04     6.75000000e+00     1.10586622e+03     2.96576860e+02     2.29924799e+02     1.20382800e+02   
    2.72000000e+04     6.80000000e+00     1.10587995e+03     2.96706647e+02     2.32888365e+02     1.21948890e+02   
    2.74000000e+04     6.85000000e+00     1.10587251e+03     2.99498788e+02     2.31195854e+02     1.18966658e+02   
    2.76000000e+04     6.90000000e+00     1.10586793e+03     2.97338790e+02     2.30630639e+02     1.18935510e+02   
    2.78000000e+04     6.95000000e+00     1.10587536e+03     2.99353117e+02     2.32303380e+02     1.20788056e+02   
    2.80000000e+04     7.00000000e+00     1.10587705e+03     2.96631598e+02     2.31254154e+02     1.20919726e+02   
    2.82000000e+04     7.05000000e+00     1.10587956e+03     2.95153102e+02     2.33412334e+02     1.21353881e+02   
    2.84000000e+04     7.10000000e+00     1.10587788e+03     2.94460648e+02     2.32114678e+02     1.22489123e+02   
    2.86000000e+04     7.15000000e+00     1.10586190e+03     2.96729246e+02     2.30435993e+02     1.18905908e+02   
    2.88000000e+04     7.20000000e+00     1.10586366e+03     2.98379677e+02     2.32945667e+02     1.21785652e+02   
    2.90000000e+04     7.25000000e+00     1.10585512e+03     2.99285566e+02     2.32077747e+02     1.19120492e+02   
    2.92000000e+04     7.30000000e+00     1.10586624e+03     3.01955661e+02     2.32543988e+02     1.20154317e+02   
    2.94000000e+04     7.35000000e+00     1.10584801e+03     3.00106662e+02     2.30489796e+02     1.19899905e+02   
    2.96000000e+04     7.40000000e+00     1.10584760e+03     3.00434524e+02     2.31884534e+02     1.19611118e+02   
    2.98000000e+04     7.45000000e+00     1.10585133e+03     3.00873521e+02     2.31822823e+02     1.20524033e+02   
    3.00000000e+04     7.50000000e+00     1.10585357e+03     2.96672116e+02     2.32133643e+02     1.19564931e+02   
    3.02000000e+04     7.55000000e+00     1.10586092e+03     2.99598257e+02     2.31895235e+02     1.19419855e+02   
    3.04000000e+04     7.60000000e+00     1.10584461e+03     2.98662888e+02     2.30795120e+02     1.17946688e+02   
    3.06000000e+04     7.65000000e+00     1.10583837e+03     2.97070597e+02     2.30202806e+02     1.15952824e+02   
    3.08000000e+04     7.70000000e+00     1.10583116e+03     3.00965965e+02     2.30658645e+02     1.17187977e+02   
    3.10000000e+04     7.75000000e+00     1.10582554e+03     3.01523547e+02     2.30631498e+02     1.16790530e+02   
    3.12000000e+04     7.80000000e+00     1.10583243e+03     3.00022101e+02     2.32770672e+02     1.20160580e+02   
    3.14000000e+04     7.85000000e+00     1.10583856e+03     3.00906237e+02     2.34474237e+02     1.21832361e+02   
    3.16000000e+04     7.90000000e+00     1.10582235e+03     2.98955465e+02     2.30033631e+02     1.17595137e+02   
    3.18000000e+04     7.95000000e+00     1.10582599e+03     2.97447813e+02     2.29002830e+02     1.16468823e+02   
    3.20000000e+04     8.00000000e+00     1.10585287e+03     2.96971027e+02     2.32947874e+02     1.19921505e+02   
    3.22000000e+04     8.05000000e+00     1.10585497e+03     3.01329891e+02     2.33003398e+02     1.19298632e+02   
    3.24000000e+04     8.10000000e+00     1.10585987e+03     3.02785384e+02     2.32275733e+02     1.20815376e+02   
    3.26000000e+04     8.15000000e+00     1.10586179e+03     2.99154341e+02     2.32532927e+02     1.20399433e+02   
    3.28000000e+04     8.20000000e+00     1.10585965e+03     2.98795661e+02     2.32059045e+02     1.19310458e+02   
    3.30000000e+04     8.25000000e+00     1.10585029e+03     3.01898330e+02     2.30631670e+02     1.17390550e+02   
    3.32000000e+04     8.30000000e+00     1.10585452e+03     3.00358916e+02     2.31972724e+02     1.19059003e+02   
    3.34000000e+04     8.35000000e+00     1.10586766e+03     3.02442690e+02     2.32959466e+02     1.20530020e+02   
    3.36000000e+04     8.40000000e+00     1.10587117e+03     3.01596664e+02     2.32252894e+02     1.20462821e+02   
    3.38000000e+04     8.45000000e+00     1.10587233e+03     2.98961051e+02     2.29810098e+02     1.17266409e+02   
    3.40000000e+04     8.50000000e+00     1.10588671e+03     2.99019829e+02     2.31271815e+02     1.18385975e+02   
    3.42000000e+04     8.55000000e+00     1.10588582e+03     3.00167442e+02     2.32079655e+02     1.18037087e+02   
    3.44000000e+04     8.60000000e+00     1.10590582e+03     2.98511189e+02     2.32772332e+02     1.20365497e+02   
    3.46000000e+04     8.65000000e+00     1.10590769e+03     3.01999342e+02     2.32603567e+02     1.19217924e+02   
    3.48000000e+04     8.70000000e+00     1.10591707e+03     2.99308212e+02     2.33189457e+02     1.20600266e+02   
    3.50000000e+04     8.75000000e+00     1.10592029e+03     2.98771597e+02     2.32080344e+02     1.20155362e+02   
    3.52000000e+04     8.80000000e+00     1.10591751e+03     3.00443362e+02     2.32355696e+02     1.20003396e+02   
    3.54000000e+04     8.85000000e+00     1.10590708e+03     3.00877399e+02     2.30700419e+02     1.17747986e+02   
    3.56000000e+04     8.90000000e+00     1.10591382e+03     2.98851493e+02     2.31435180e+02     1.17037996e+02   
    3.58000000e+04     8.95000000e+00     1.10592495e+03     2.97828849e+02     2.31671674e+02     1.17575754e+02   
    3.60000000e+04     9.00000000e+00     1.10593684e+03     3.00303693e+02     2.32690160e+02     1.17710497e+02   
    3.62000000e+04     9.05000000e+00     1.10593874e+03     2.96881279e+02     2.31818478e+02     1.17613552e+02   
    3.64000000e+04     9.10000000e+00     1.10594150e+03     3.01467597e+02     2.31168079e+02     1.16738585e+02   
    3.66000000e+04     9.15000000e+00     1.10593813e+03     2.99149501e+02     2.29156515e+02     1.15731429e+02   
    3.68000000e+04     9.20000000e+00     1.10596183e+03     3.00324883e+02     2.33506673e+02     1.19547390e+02   
    3.70000000e+04     9.25000000e+00     1.10595401e+03     3.01263145e+02     2.31915068e+02     1.18935682e+02   
    3.72000000e+04     9.30000000e+00     1.10592837e+03     3.01238458e+02     2.29016499e+02     1.14813797e+02   
    3.74000000e+04     9.35000000e+00     1.10593074e+03     2.98132312e+02     2.32293402e+02     1.16556081e+02   
    3.76000000e+04     9.40000000e+00     1.10592711e+03     2.98973610e+02     2.33060413e+02     1.17426483e+02   
    3.78000000e+04     9.45000000e+00     1.10593067e+03     3.01189538e+02     2.32904602e+02     1.17291489e+02   
    3.80000000e+04     9.50000000e+00     1.10592566e+03     2.99332913e+02     2.32350769e+02     1.17915657e+02   
    3.82000000e+04     9.55000000e+00     1.10592803e+03     2.99038173e+02     2.31343955e+02     1.16868238e+02   
    3.84000000e+04     9.60000000e+00     1.10593660e+03     3.03136859e+02     2.31511373e+02     1.17625609e+02   
    3.86000000e+04     9.65000000e+00     1.10594198e+03     2.96949145e+02     2.31048797e+02     1.19507071e+02   
    3.88000000e+04     9.70000000e+00     1.10593225e+03     2.98153440e+02     2.30708662e+02     1.17844595e+02   
    3.90000000e+04     9.75000000e+00     1.10592762e+03     3.01365913e+02     2.32614150e+02     1.19754653e+02   
    3.92000000e+04     9.80000000e+00     1.10593228e+03     3.02698038e+02     2.33696348e+02     1.18763344e+02   
    3.94000000e+04     9.85000000e+00     1.10592090e+03     2.98758492e+02     2.31023222e+02     1.18540666e+02   
    3.96000000e+04     9.90000000e+00     1.10592060e+03     3.03001521e+02     2.30796956e+02     1.16008856e+02   
    3.98000000e+04     9.95000000e+00     1.10593337e+03     2.97090022e+02     2.31613590e+02     1.18927909e+02   
    4.00000000e+04     1.00000000e+01     1.10593653e+03     3.01305371e+02     2.32921842e+02     1.19769511e+02   
    4.02000000e+04     1.00500000e+01     1.10593182e+03     2.99877681e+02     2.31138109e+02     1.18358768e+02   
    4.04000000e+04     1.01000000e+01     1.10591895e+03     2.99514392e+02     2.30897348e+02     1.16887554e+02   
    4.06000000e+04     1.01500000e+01     1.10592375e+03     3.00151775e+02     2.32054632e+02     1.18509803e+02   
    4.08000000e+04     1.02000000e+01     1.10592188e+03     2.98914229e+02     2.31735957e+02     1.18688497e+02   
    4.10000000e+04     1.02500000e+01     1.10591462e+03     2.96408615e+02     2.31512751e+02     1.16581455e+02   
    4.12000000e+04     1.03000000e+01     1.10591560e+03     2.99005272e+02     2.31852587e+02     1.17708625e+02   
    4.14000000e+04     1.03500000e+01     1.10591106e+03     2.97557478e+02     2.31339672e+02     1.15835453e+02   
    4.16000000e+04     1.04000000e+01     1.10591940e+03     2.99895705e+02     2.33772608e+02     1.18440261e+02   
    4.18000000e+04     1.04500000e+01     1.10590386e+03     3.00324295e+02     2.32944420e+02     1.17776148e+02   
    4.20000000e+04     1.05000000e+01     1.10589274e+03     3.01506888e+02     2.30937054e+02     1.15591430e+02   
    4.22000000e+04     1.05500000e+01     1.10589142e+03     2.97943758e+02     2.31238887e+02     1.16694104e+02   
    4.24000000e+04     1.06000000e+01     1.10589479e+03     3.00089248e+02     2.31523220e+02     1.17595978e+02   
    4.26000000e+04     1.06500000e+01     1.10590337e+03     3.01376595e+02     2.31540923e+02     1.18773257e+02   
    4.28000000e+04     1.07000000e+01     1.10591163e+03     3.01780296e+02     2.31140457e+02     1.17544786e+02   
    4.30000000e+04     1.07500000e+01     1.10590944e+03     2.98187570e+02     2.31588182e+02     1.17644815e+02   
    4.32000000e+04     1.08000000e+01     1.10590830e+03     3.00206085e+02     2.31913352e+02     1.18066400e+02   
    4.34000000e+04     1.08500000e+01     1.10589224e+03     3.00362130e+02     2.31089593e+02     1.17170898e+02   
    4.36000000e+04     1.09000000e+01     1.10589712e+03     2.95156676e+02     2.31906075e+02     1.19181681e+02   
    4.38000000e+04     1.09500000e+01     1.10589297e+03     2.97952846e+02     2.32643949e+02     1.18121994e+02   
    4.40000000e+04     1.10000000e+01     1.10589050e+03     2.96017885e+02     2.33260218e+02     1.20102640e+02   
    4.42000000e+04     1.10500000e+01     1.10587262e+03     2.98775995e+02     2.31469686e+02     1.17449839e+02   
    4.44000000e+04     1.11000000e+01     1.10588160e+03     2.99971296e+02     2.33508699e+02     1.19149237e+02   
    4.46000000e+04     1.11500000e+01     1.10587792e+03     2.95727589e+02     2.31280905e+02     1.17606264e+02   
    4.48000000e+04     1.12000000e+01     1.10588003e+03     3.00117446e+02     2.31062248e+02     1.16873080e+02   
    4.50000000e+04     1.12500000e+01     1.10589037e+03     2.99572997e+02     2.30762702e+02     1.17801030e+02   
    4.52000000e+04     1.13000000e+01     1.10588395e+03     3.00023974e+02     2.31079667e+02     1.16397705e+02   
    4.54000000e+04     1.13500000e+01     1.10588550e+03     2.98471604e+02     2.31902960e+02     1.17729097e+02   
    4.56000000e+04     1.14000000e+01     1.10588143e+03     2.98901610e+02     2.31740520e+02     1.16092162e+02   
    4.58000000e+04     1.14500000e+01     1.10588520e+03     2.98943880e+02     2.31860456e+02     1.17409629e+02   
    4.60000000e+04     1.15000000e+01     1.10586874e+03     2.96307806e+02     2.29106681e+02     1.14659208e+02   
    4.62000000e+04     1.15500000e+01     1.10587609e+03     2.98462913e+02     2.30121275e+02     1.15296963e+02   
    4.64000000e+04     1.16000000e+01     1.10588839e+03     3.01308852e+02     2.32269920e+02     1.18622311e+02   
    4.66000000e+04     1.16500000e+01     1.10587994e+03     2.97522066e+02     2.31689044e+02     1.16998424e+02   
    4.68000000e+04     1.17000000e+01     1.10587011e+03     2.99220580e+02     2.31245714e+02     1.17101604e+02   
    4.70000000e+04     1.17500000e+01     1.10586280e+03     3.01075397e+02     2.31741531e+02     1.16857134e+02   
    4.72000000e+04     1.18000000e+01     1.10586074e+03     3.00447722e+02     2.31863848e+02     1.17234314e+02   
    4.74000000e+04     1.18500000e+01     1.10584634e+03     2.97907332e+02     2.31075487e+02     1.17140625e+02   
    4.76000000e+04     1.19000000e+01     1.10583211e+03     3.02412756e+02     2.30849159e+02     1.16665196e+02   
    4.78000000e+04     1.19500000e+01     1.10583346e+03     2.98776304e+02     2.30311606e+02     1.15892074e+02   
    4.80000000e+04     1.20000000e+01     1.10584799e+03     2.98395883e+02     2.32929177e+02     1.19184036e+02   
    4.82000000e+04     1.20500000e+01     1.10584134e+03     3.00489476e+02     2.29151718e+02     1.14675717e+02   
    4.84000000e+04     1.21000000e+01     1.10586380e+03     2.97191699e+02     2.33057662e+02     1.18126250e+02   
    4.86000000e+04     1.21500000e+01     1.10586405e+03     2.97320489e+02     2.31444549e+02     1.18328865e+02   
    4.88000000e+04     1.22000000e+01     1.10585910e+03     2.96150717e+02     2.30213455e+02     1.16969121e+02   
    4.90000000e+04     1.22500000e+01     1.10584664e+03     2.96357158e+02     2.29213272e+02     1.17640926e+02   
    4.92000000e+04     1.23000000e+01     1.10583950e+03     2.97787983e+02     2.31644967e+02     1.19259503e+02   
    4.94000000e+04     1.23500000e+01     1.10582919e+03     2.95957913e+02     2.32609625e+02     1.20076831e+02   
    4.96000000e+04     1.24000000e+01     1.10582488e+03     2.97429763e+02     2.31121087e+02     1.18858010e+02   
    4.98000000e+04     1.24500000e+01     1.10583165e+03     2.98198945e+02     2.32773815e+02     1.20395057e+02   
    5.00000000e+04     1.25000000e+01     1.10584374e+03     2.94114455e+02     2.32859488e+02     1.20318857e+02   
    5.02000000e+04     1.25500000e+01     1.10586039e+03     2.97703901e+02     2.32300525e+02     1.19458808e+02   
    5.04000000e+04     1.26000000e+01     1.10587011e+03     2.98464294e+02     2.33475462e+02     1.19918637e+02   
    5.06000000e+04     1.26500000e+01     1.10588799e+03     2.98567426e+02     2.31419900e+02     1.17732043e+02   
    5.08000000e+04     1.27000000e+01     1.10590678e+03     2.96908465e+02     2.31566710e+02     1.17753235e+02   
    5.10000000e+04     1.27500000e+01     1.10590070e+03     2.99275944e+02     2.30101844e+02     1.16282521e+02   
    5.12000000e+04     1.28000000e+01     1.10589682e+03     2.97757025e+02     2.29971585e+02     1.16450220e+02   
    5.14000000e+04     1.28500000e+01     1.10588925e+03     2.98143892e+02     2.31002605e+02     1.16530780e+02   
    5.16000000e+04     1.29000000e+01     1.10588976e+03     2.98962838e+02     2.31283117e+02     1.16642364e+02   
    5.18000000e+04     1.29500000e+01     1.10590590e+03     2.97053565e+02     2.33526863e+02     1.19420176e+02   
    5.20000000e+04     1.30000000e+01     1.10589899e+03     2.97060326e+02     2.31286560e+02     1.15086404e+02   
    5.22000000e+04     1.30500000e+01     1.10589943e+03     2.98078180e+02     2.32141754e+02     1.18198232e+02   
    5.24000000e+04     1.31000000e+01     1.10590286e+03     2.98520416e+02     2.32123029e+02     1.16506453e+02   
    5.26000000e+04     1.31500000e+01     1.10590248e+03     2.93839697e+02     2.33630212e+02     1.19726647e+02   
    5.28000000e+04     1.32000000e+01     1.10589647e+03     3.00927669e+02     2.33219357e+02     1.16988194e+02   
    5.30000000e+04     1.32500000e+01     1.10588963e+03     2.97097379e+02     2.31053025e+02     1.17785297e+02   
    5.32000000e+04     1.33000000e+01     1.10589386e+03     2.97914755e+02     2.32305141e+02     1.17759164e+02   
    5.34000000e+04     1.33500000e+01     1.10588963e+03     2.99969538e+02     2.30396498e+02     1.17614234e+02   
    5.36000000e+04     1.34000000e+01     1.10589963e+03     2.99712579e+02     2.32386146e+02     1.17849579e+02   
    5.38000000e+04     1.34500000e+01     1.10589880e+03     2.97682271e+02     2.31177880e+02     1.15882672e+02   
    5.40000000e+04     1.35000000e+01     1.10590350e+03     2.99951726e+02     2.30557456e+02     1.15249661e+02   
    5.42000000e+04     1.35500000e+01     1.10590760e+03     3.00465932e+02     2.30546245e+02     1.15337620e+02   
    5.44000000e+04     1.36000000e+01     1.10592340e+03     2.98868356e+02     2.33727884e+02     1.18484613e+02   
    5.46000000e+04     1.36500000e+01     1.10592620e+03     2.96389908e+02     2.32432311e+02     1.16898199e+02   
    5.48000000e+04     1.37000000e+01     1.10593301e+03     2.99171558e+02     2.32311748e+02     1.15785634e+02   
    5.50000000e+04     1.37500000e+01     1.10594118e+03     3.00546843e+02     2.30757831e+02     1.15027070e+02   
    5.52000000e+04     1.38000000e+01     1.10594595e+03     2.97488398e+02     2.31190658e+02     1.14994213e+02   
    5.54000000e+04     1.38500000e+01     1.10594083e+03     2.97089679e+02     2.31879625e+02     1.16282653e+02   
    5.56000000e+04     1.39000000e+01     1.10592680e+03     3.03312568e+02     2.31754823e+02     1.17081933e+02   
    5.58000000e+04     1.39500000e+01     1.10592566e+03     2.98790969e+02     2.33247504e+02     1.17788882e+02   
    5.60000000e+04     1.40000000e+01     1.10592036e+03     2.99358268e+02     2.32402610e+02     1.17178856e+02   
    5.62000000e+04     1.40500000e+01     1.10591907e+03     2.98310394e+02     2.31673058e+02     1.17475464e+02   
    5.64000000e+04     1.41000000e+01     1.10591924e+03     2.99960325e+02     2.31633333e+02     1.18274328e+02   
    5.66000000e+04     1.41500000e+01     1.10591929e+03     2.98856260e+02     2.30365501e+02     1.17655762e+02   
    5.68000000e+04     1.42000000e+01     1.10591739e+03     2.99151674e+02     2.31338036e+02     1.16076977e+02   
    5.70000000e+04     1.42500000e+01     1.10592376e+03     2.98379958e+02     2.31353008e+02     1.18434217e+02   
    5.72000000e+04     1.43000000e+01     1.10592288e+03     2.99738118e+02     2.31840411e+02     1.16811892e+02   
    5.74000000e+04     1.43500000e+01     1.10592794e+03     2.99589862e+02     2.32479993e+02     1.18676829e+02   
    5.76000000e+04     1.44000000e+01     1.10592605e+03     2.98301993e+02     2.32681843e+02     1.17374526e+02   
    5.78000000e+04     1.44500000e+01     1.10592491e+03     2.98211475e+02     2.32154711e+02     1.17597261e+02   
    5.80000000e+04     1.45000000e+01     1.10592108e+03     2.95564798e+02     2.30982313e+02     1.18075871e+02   
    5.82000000e+04     1.45500000e+01     1.10593211e+03     2.97422675e+02     2.31099717e+02     1.17508284e+02   
    5.84000000e+04     1.46000000e+01     1.10593283e+03     2.97805624e+02     2.33184823e+02     1.19193347e+02   
    5.86000000e+04     1.46500000e+01     1.10593237e+03     2.98953691e+02     2.31758230e+02     1.18835919e+02   
    5.88000000e+04     1.47000000e+01     1.10592243e+03     2.98392124e+02     2.29962598e+02     1.16340052e+02   
    5.90000000e+04     1.47500000e+01     1.10592961e+03     3.00336918e+02     2.30289091e+02     1.16887822e+02   
    5.92000000e+04     1.48000000e+01     1.10594421e+03     2.96230873e+02     2.32781941e+02     1.20479869e+02   
    5.94000000e+04     1.48500000e+01     1.10594166e+03     2.94659460e+02     2.33351877e+02     1.19579020e+02   
    5.96000000e+04     1.49000000e+01     1.10593764e+03     3.02485154e+02     2.30685218e+02     1.16729780e+02   
    5.98000000e+04     1.49500000e+01     1.10594594e+03     2.99791209e+02     2.31857257e+02     1.19423896e+02   
    6.00000000e+04     1.50000000e+01     1.10595199e+03     3.00284676e+02     2.32661609e+02     1.19575431e+02   
    6.02000000e+04     1.50500000e+01     1.10594504e+03     2.99546775e+02     2.30948362e+02     1.15999066e+02   
    6.04000000e+04     1.51000000e+01     1.10595260e+03     3.00689350e+02     2.31373960e+02     1.17543262e+02   
    6.06000000e+04     1.51500000e+01     1.10595047e+03     2.99971766e+02     2.31566529e+02     1.17241375e+02   
    6.08000000e+04     1.52000000e+01     1.10594800e+03     3.00129137e+02     2.30517119e+02     1.16301301e+02   
    6.10000000e+04     1.52500000e+01     1.10595015e+03     2.99028439e+02     2.31600028e+02     1.17040564e+02   
    6.12000000e+04     1.53000000e+01     1.10594976e+03     3.00020935e+02     2.32848624e+02     1.17129125e+02   
    6.14000000e+04     1.53500000e+01     1.10593913e+03     3.00067817e+02     2.31834688e+02     1.16650367e+02   
    6.16000000e+04     1.54000000e+01     1.10593587e+03     3.00057213e+02     2.30738795e+02     1.15391268e+02   
    6.18000000e+04     1.54500000e+01     1.10594257e+03     2.99903935e+02     2.32182799e+02     1.17462818e+02   
    6.20000000e+04     1.55000000e+01     1.10594060e+03     3.04786739e+02     2.30890158e+02     1.15954902e+02   
    6.22000000e+04     1.55500000e+01     1.10593955e+03     3.00787073e+02     2.32234199e+02     1.17161117e+02   
    6.24000000e+04     1.56000000e+01     1.10593654e+03     3.02320303e+02     2.31735957e+02     1.16641061e+02   
    6.26000000e+04     1.56500000e+01     1.10594188e+03     2.98912522e+02     2.32213715e+02     1.18470471e+02   
    6.28000000e+04     1.57000000e+01     1.10593698e+03     2.98280083e+02     2.30732113e+02     1.17228103e+02   
    6.30000000e+04     1.57500000e+01     1.10594753e+03     3.00489390e+02     2.31471997e+02     1.17207534e+02   
    6.32000000e+04     1.58000000e+01     1.10594057e+03     3.03652747e+02     2.30266404e+02     1.14386693e+02   
    6.34000000e+04     1.58500000e+01     1.10593554e+03     3.01332789e+02     2.29721797e+02     1.14003121e+02   
    6.36000000e+04     1.59000000e+01     1.10594546e+03     3.00301089e+02     2.31632359e+02     1.16605358e+02   
    6.38000000e+04     1.59500000e+01     1.10594552e+03     2.98709655e+02     2.31513761e+02     1.16290895e+02   
    6.40000000e+04     1.60000000e+01     1.10595877e+03     2.99411680e+02     2.33096427e+02     1.16892748e+02   
    6.42000000e+04     1.60500000e+01     1.10595042e+03     2.97478079e+02     2.32827963e+02     1.17291928e+02   
    6.44000000e+04     1.61000000e+01     1.10592489e+03     3.04153491e+02     2.31117863e+02     1.14340254e+02   
    6.46000000e+04     1.61500000e+01     1.10592910e+03     2.99312310e+02     2.32436499e+02     1.16894387e+02   
    6.48000000e+04     1.62000000e+01     1.10594164e+03     3.01915673e+02     2.33573073e+02     1.18926891e+02   
    6.50000000e+04     1.62500000e+01     1.10594665e+03     2.98699529e+02     2.32956964e+02     1.19076115e+02   
    6.52000000e+04     1.63000000e+01     1.10594340e+03     2.97816634e+02     2.31944411e+02     1.16083678e+02   
    6.54000000e+04     1.63500000e+01     1.10593368e+03     2.95941655e+02     2.31896666e+02     1.16964722e+02   
    6.56000000e+04     1.64000000e+01     1.10593269e+03     3.03156748e+02     2.32287421e+02     1.15828090e+02   
    6.58000000e+04     1.64500000e+01     1.10593109e+03     3.00904254e+02     2.31949969e+02     1.17726466e+02   
    6.60000000e+04     1.65000000e+01     1.10592247e+03     2.99982303e+02     2.29854605e+02     1.15496890e+02   
    6.62000000e+04     1.65500000e+01     1.10593337e+03     3.01522546e+02     2.32397035e+02     1.17632992e+02   
    6.64000000e+04     1.66000000e+01     1.10592028e+03     3.01627345e+02     2.30987422e+02     1.16226336e+02   
    6.66000000e+04     1.66500000e+01     1.10593167e+03     3.00266808e+02     2.31587456e+02     1.17616246e+02   
    6.68000000e+04     1.67000000e+01     1.10593368e+03     2.98170652e+02     2.30597992e+02     1.18253857e+02   
    6.70000000e+04     1.67500000e+01     1.10594711e+03     2.99600567e+02     2.31491495e+02     1.19033147e+02   
    6.72000000e+04     1.68000000e+01     1.10595629e+03     2.97292113e+02     2.32576253e+02     1.18395186e+02   
    6.74000000e+04     1.68500000e+01     1.10596332e+03     2.97024722e+02     2.31108591e+02     1.17464297e+02   
    6.76000000e+04     1.69000000e+01     1.10597916e+03     2.97964049e+02     2.31788912e+02     1.19165140e+02   
    6.78000000e+04     1.69500000e+01     1.10598739e+03     3.00609012e+02     2.33582811e+02     1.19865847e+02   
    6.80000000e+04     1.70000000e+01     1.10597379e+03     2.99435035e+02     2.31366012e+02     1.18995516e+02   
    6.82000000e+04     1.70500000e+01     1.10596964e+03     2.96288709e+02     2.29719581e+02     1.17686605e+02   
    6.84000000e+04     1.71000000e+01     1.10597581e+03     3.00441672e+02     2.32780982e+02     1.20635370e+02   
    6.86000000e+04     1.71500000e+01     1.10596233e+03     2.98046266e+02     2.32266014e+02     1.19877003e+02   
    6.88000000e+04     1.72000000e+01     1.10597518e+03     2.97773021e+02     2.34575746e+02     1.23231067e+02   
    6.90000000e+04     1.72500000e+01     1.10595870e+03     3.01952866e+02     2.30726983e+02     1.17894489e+02   
    6.92000000e+04     1.73000000e+01     1.10596092e+03     2.98032418e+02     2.30961885e+02     1.18102697e+02   
    6.94000000e+04     1.73500000e+01     1.10596431e+03     2.99851001e+02     2.30171794e+02     1.17309437e+02   
    6.96000000e+04     1.74000000e+01     1.10597295e+03     2.93931747e+02     2.30105908e+02     1.17250703e+02   
    6.98000000e+04     1.74500000e+01     1.10598576e+03     2.98065301e+02     2.32551896e+02     1.19407412e+02   
    7.00000000e+04     1.75000000e+01     1.10599561e+03     2.97664424e+02     2.32489038e+02     1.18953985e+02   
    7.02000000e+04     1.75500000e+01     1.10599907e+03     2.99177842e+02     2.31912909e+02     1.17796540e+02   
    7.04000000e+04     1.76000000e+01     1.10599960e+03     3.00599933e+02     2.31648110e+02     1.17785518e+02   
    7.06000000e+04     1.76500000e+01     1.10599468e+03     3.01710669e+02     2.30824130e+02     1.17181264e+02   
    7.08000000e+04     1.77000000e+01     1.10597987e+03     3.00383316e+02     2.31324123e+02     1.18063175e+02   
    7.10000000e+04     1.77500000e+01     1.10597497e+03     2.98462251e+02     2.32006215e+02     1.17133241e+02   
    7.12000000e+04     1.78000000e+01     1.10598762e+03     2.98733507e+02     2.33022412e+02     1.19800345e+02   
    7.14000000e+04     1.78500000e+01     1.10599468e+03     2.99771025e+02     2.31086809e+02     1.16605980e+02   
    7.16000000e+04     1.79000000e+01     1.10601932e+03     3.01001544e+02     2.32046852e+02     1.19826583e+02   
    7.18000000e+04     1.79500000e+01     1.10601274e+03     2.96607575e+02     2.29876974e+02     1.16252019e+02   
    7.20000000e+04     1.80000000e+01     1.10600756e+03     3.00740929e+02     2.31474149e+02     1.17978704e+02   
    7.22000000e+04     1.80500000e+01     1.10600482e+03     2.97422228e+02     2.32841343e+02     1.18596311e+02   
    7.24000000e+04     1.81000000e+01     1.10598025e+03     2.99042456e+02     2.29371901e+02     1.15740567e+02   
    7.26000000e+04     1.81500000e+01     1.10600079e+03     2.98290461e+02     2.33036739e+02     1.19158350e+02   
    7.28000000e+04     1.82000000e+01     1.10598545e+03     2.99120755e+02     2.31876256e+02     1.18243446e+02   
    7.30000000e+04     1.82500000e+01     1.10598619e+03     3.00064895e+02     2.30964709e+02     1.17564063e+02   
    7.32000000e+04     1.83000000e+01     1.10599195e+03     2.99872269e+02     2.31170458e+02     1.18204764e+02   
    7.34000000e+04     1.83500000e+01     1.10599493e+03     2.98607542e+02     2.32393567e+02     1.19118257e+02   
    7.36000000e+04     1.84000000e+01     1.10597682e+03     2.98573327e+02     2.31249777e+02     1.18188411e+02   
    7.38000000e+04     1.84500000e+01     1.10597109e+03     2.97586870e+02     2.31814074e+02     1.18194773e+02   
    7.40000000e+04     1.85000000e+01     1.10596573e+03     3.00690825e+02     2.31822606e+02     1.18155393e+02   
    7.42000000e+04     1.85500000e+01     1.10597178e+03     2.99080455e+02     2.33323797e+02     1.20167454e+02   
    7.44000000e+04     1.86000000e+01     1.10596753e+03     3.01412357e+02     2.31273406e+02     1.19252470e+02   
    7.46000000e+04     1.86500000e+01     1.10597477e+03     2.99786104e+02     2.31234697e+02     1.19293162e+02   
    7.48000000e+04     1.87000000e+01     1.10597671e+03     3.01384404e+02     2.33827445e+02     1.20945705e+02   
    7.50000000e+04     1.87500000e+01     1.10595709e+03     2.98224486e+02     2.31321595e+02     1.19289506e+02   
    7.52000000e+04     1.88000000e+01     1.10594359e+03     2.98109149e+02     2.31385674e+02     1.17555255e+02   
    7.54000000e+04     1.88500000e+01     1.10593260e+03     2.98454275e+02     2.29923951e+02     1.17919540e+02   
    7.56000000e+04     1.89000000e+01     1.10593172e+03     2.98200552e+02     2.31473779e+02     1.16986327e+02   
    7.58000000e+04     1.89500000e+01     1.10594520e+03     2.98239711e+02     2.32717810e+02     1.18266376e+02   
    7.60000000e+04     1.90000000e+01     1.10595115e+03     2.99676471e+02     2.33156105e+02     1.19808385e+02   
    7.62000000e+04     1.90500000e+01     1.10596069e+03     3.01060126e+02     2.33525870e+02     1.19942127e+02   
    7.64000000e+04     1.91000000e+01     1.10594802e+03     2.99574108e+02     2.30308724e+02     1.16749683e+02   
    7.66000000e+04     1.91500000e+01     1.10593485e+03     2.99166292e+02     2.30756112e+02     1.17733542e+02   
    7.68000000e+04     1.92000000e+01     1.10594513e+03     2.98440907e+02     2.32522987e+02     1.18606914e+02   
    7.70000000e+04     1.92500000e+01     1.10593614e+03     2.97008183e+02     2.32125326e+02     1.18962334e+02   
    7.72000000e+04     1.93000000e+01     1.10594962e+03     2.98312556e+02     2.35330726e+02     1.20675371e+02   
    7.74000000e+04     1.93500000e+01     1.10593323e+03     2.96866978e+02     2.32943300e+02     1.17690300e+02   
    7.76000000e+04     1.94000000e+01     1.10592528e+03     2.97662988e+02     2.31397676e+02     1.16132044e+02   
    7.78000000e+04     1.94500000e+01     1.10592177e+03     2.95244867e+02     2.31577491e+02     1.15234417e+02   
    7.80000000e+04     1.95000000e+01     1.10592111e+03     2.98779746e+02     2.30716763e+02     1.16273126e+02   
    7.82000000e+04     1.95500000e+01     1.10592876e+03     3.00953777e+02     2.31432139e+02     1.15368654e+02   
    7.84000000e+04     1.96000000e+01     1.10591780e+03     3.00938593e+02     2.30919910e+02     1.15643254e+02   
    7.86000000e+04     1.96500000e+01     1.10591338e+03     2.96923099e+02     2.32238272e+02     1.15881988e+02   
    7.88000000e+04     1.97000000e+01     1.10591768e+03     2.99260270e+02     2.30298620e+02     1.15190159e+02   
    7.90000000e+04     1.97500000e+01     1.10593856e+03     2.99195927e+02     2.33089616e+02     1.18117267e+02   
    7.92000000e+04     1.98000000e+01     1.10592706e+03     3.00565943e+02     2.29879920e+02     1.14032949e+02   
    7.94000000e+04     1.98500000e+01     1.10594729e+03     2.99635867e+02     2.31445566e+02     1.17646599e+02   
    7.96000000e+04     1.99000000e+01     1.10594010e+03     3.00470077e+02     2.29643019e+02     1.15269061e+02   
    7.98000000e+04     1.99500000e+01     1.10594778e+03     2.98356241e+02     2.30936931e+02     1.15662516e+02   
    8.00000000e+04     2.00000000e+01     1.10593348e+03     2.97217596e+02     2.30567889e+02     1.15128035e+02   
