# column   1     --> step : The current simulation time step.
# column   2     --> time{picosecond} : The elapsed simulation time.
# column   3     --> conserved{electronvolt} : The value of the conserved energy quantity per bead.
# column   4     --> temperature{kelvin} : The current temperature, as obtained from the MD kinetic energy.
# column   5     --> kinetic_cv{electronvolt} : The centroid-virial quantum kinetic energy of the physical system.
# column   6     --> potential{electronvolt} : The physical system potential energy.
    0.00000000e+00     0.00000000e+00     1.10310034e+03     3.04428649e+02     2.31585283e+02     1.18911709e+02   
    2.00000000e+02     5.00000000e-02     1.10310295e+03     2.99053000e+02     2.33681240e+02     1.21594145e+02   
    4.00000000e+02     1.00000000e-01     1.10309586e+03     2.99268904e+02     2.31890065e+02     1.19017097e+02   
    6.00000000e+02     1.50000000e-01     1.10309039e+03     2.99917788e+02     2.31354622e+02     1.18018959e+02   
    8.00000000e+02     2.00000000e-01     1.10310283e+03     2.98435726e+02     2.32999602e+02     1.19289805e+02   
    1.00000000e+03     2.50000000e-01     1.10311914e+03     2.99512679e+02     2.33082246e+02     1.18615869e+02   
    1.20000000e+03     3.00000000e-01     1.10312690e+03     3.01203246e+02     2.31511575e+02     1.18328609e+02   
    1.40000000e+03     3.50000000e-01     1.10312614e+03     3.04045249e+02     2.32722950e+02     1.19590693e+02   
    1.60000000e+03     4.00000000e-01     1.10311602e+03     2.95138216e+02     2.30823311e+02     1.19008796e+02   
    1.80000000e+03     4.50000000e-01     1.10312522e+03     2.98125845e+02     2.32207129e+02     1.19430889e+02   
    2.00000000e+03     5.00000000e-01     1.10312620e+03     2.99917393e+02     2.32016281e+02     1.21073595e+02   
    2.20000000e+03     5.50000000e-01     1.10311181e+03     2.99949940e+02     2.29970603e+02     1.17643716e+02   
    2.40000000e+03     6.00000000e-01     1.10312130e+03     2.97518656e+02     2.32772884e+02     1.21133653e+02   
    2.60000000e+03     6.50000000e-01     1.10309627e+03     2.98804322e+02     2.29993341e+02     1.17769368e+02   
    2.80000000e+03     7.00000000e-01     1.10310792e+03     2.99099730e+02     2.32466878e+02     1.20683050e+02   
    3.00000000e+03     7.50000000e-01     1.10311244e+03     2.97500909e+02     2.31679725e+02     1.21232481e+02   
    3.20000000e+03     8.00000000e-01     1.10311740e+03     2.99718781e+02     2.32187729e+02     1.23488055e+02   
    3.40000000e+03     8.50000000e-01     1.10312191e+03     3.01545940e+02     2.33540278e+02     1.22814823e+02   
    3.60000000e+03     9.00000000e-01     1.10311413e+03     2.99494132e+02     2.31519408e+02     1.19131234e+02   
    3.80000000e+03     9.50000000e-01     1.10312082e+03     2.98016868e+02     2.31229597e+02     1.19580347e+02   
    4.00000000e+03     1.00000000e+00     1.10314055e+03     2.97291520e+02     2.33988912e+02     1.22535169e+02   
    4.20000000e+03     1.05000000e+00     1.10313791e+03     3.00795444e+02     2.30166731e+02     1.18872226e+02   
    4.40000000e+03     1.10000000e+00     1.10315517e+03     2.98416066e+02     2.32187035e+02     1.20653082e+02   
    4.60000000e+03     1.15000000e+00     1.10315209e+03     2.97727183e+02     2.30116359e+02     1.20769285e+02   
    4.80000000e+03     1.20000000e+00     1.10316818e+03     2.98782347e+02     2.31441098e+02     1.23018928e+02   
    5.00000000e+03     1.25000000e+00     1.10316585e+03     2.97919597e+02     2.30595089e+02     1.22813803e+02   
    5.20000000e+03     1.30000000e+00     1.10316479e+03     3.01814193e+02     2.31134169e+02     1.20440794e+02   
    5.40000000e+03     1.35000000e+00     1.10316372e+03     3.01528303e+02     2.30662246e+02     1.22083576e+02   
    5.60000000e+03     1.40000000e+00     1.10315178e+03     2.97931878e+02     2.32806006e+02     1.23139388e+02   
    5.80000000e+03     1.45000000e+00     1.10314369e+03     2.97958541e+02     2.31944641e+02     1.22410091e+02   
    6.00000000e+03     1.50000000e+00     1.10313864e+03     3.00690365e+02     2.32920838e+02     1.21433852e+02   
    6.20000000e+03     1.55000000e+00     1.10313618e+03     3.00346453e+02     2.32057431e+02     1.21552810e+02   
    6.40000000e+03     1.60000000e+00     1.10312701e+03     3.00774030e+02     2.30914539e+02     1.19050617e+02   
    6.60000000e+03     1.65000000e+00     1.10313032e+03     3.05212948e+02     2.32622183e+02     1.20813713e+02   
    6.80000000e+03     1.70000000e+00     1.10313874e+03     3.02611573e+02     2.31980283e+02     1.20606786e+02   
    7.00000000e+03     1.75000000e+00     1.10315229e+03     2.99711637e+02     2.31497404e+02     1.21546983e+02   
    7.20000000e+03     1.80000000e+00     1.10316677e+03     2.96925863e+02     2.30940836e+02     1.21856339e+02   
    7.40000000e+03     1.85000000e+00     1.10316742e+03     2.99185087e+02     2.31942644e+02     1.20977173e+02   
    7.60000000e+03     1.90000000e+00     1.10316290e+03     2.99853840e+02     2.30390110e+02     1.18178410e+02   
    7.80000000e+03     1.95000000e+00     1.10317597e+03     2.99596992e+02     2.33401407e+02     1.20856030e+02   
    8.00000000e+03     2.00000000e+00     1.10316802e+03     3.00792482e+02     2.31811780e+02     1.19872666e+02   
    8.20000000e+03     2.05000000e+00     1.10316293e+03     3.01493061e+02     2.30289435e+02     1.18553792e+02   
    8.40000000e+03     2.10000000e+00     1.10317754e+03     3.01891549e+02     2.31857850e+02     1.19171238e+02   
    8.60000000e+03     2.15000000e+00     1.10318132e+03     2.99284818e+02     2.31785581e+02     1.20346592e+02   
    8.80000000e+03     2.20000000e+00     1.10318790e+03     2.98963657e+02     2.31849618e+02     1.22246057e+02   
    9.00000000e+03     2.25000000e+00     1.10318322e+03     2.99823886e+02     2.30844006e+02     1.19644559e+02   
    9.20000000e+03     2.30000000e+00     1.10318557e+03     3.02270494e+02     2.32958981e+02     1.20246988e+02   
    9.40000000e+03     2.35000000e+00     1.10316714e+03     2.99730472e+02     2.31579680e+02     1.18614066e+02   
    9.60000000e+03     2.40000000e+00     1.10316025e+03     3.00239225e+02     2.31296100e+02     1.18609538e+02   
    9.80000000e+03     2.45000000e+00     1.10316416e+03     3.01232177e+02     2.31468588e+02     1.17356493e+02   
    1.00000000e+04     2.50000000e+00     1.10317144e+03     3.00885790e+02     2.31734205e+02     1.19389537e+02   
    1.02000000e+04     2.55000000e+00     1.10317518e+03     3.00262691e+02     2.32307856e+02     1.20159107e+02   
    1.04000000e+04     2.60000000e+00     1.10317502e+03     3.02411061e+02     2.32759909e+02     1.21754738e+02   
    1.06000000e+04     2.65000000e+00     1.10317101e+03     2.99102667e+02     2.32209724e+02     1.21500445e+02   
    1.08000000e+04     2.70000000e+00     1.10317890e+03     2.99699636e+02     2.32572407e+02     1.21697490e+02   
    1.10000000e+04     2.75000000e+00     1.10318755e+03     3.02450149e+02     2.29879267e+02     1.18642249e+02   
    1.12000000e+04     2.80000000e+00     1.10319698e+03     2.99241452e+02     2.31352109e+02     1.19982765e+02   
    1.14000000e+04     2.85000000e+00     1.10320102e+03     3.01231080e+02     2.32596390e+02     1.20107252e+02   
    1.16000000e+04     2.90000000e+00     1.10318602e+03     2.99143789e+02     2.28968471e+02     1.14757367e+02   
    1.18000000e+04     2.95000000e+00     1.10319482e+03     3.01823081e+02     2.32742247e+02     1.19725069e+02   
    1.20000000e+04     3.00000000e+00     1.10319090e+03     3.01136569e+02     2.33561672e+02     1.20987943e+02   
    1.22000000e+04     3.05000000e+00     1.10318351e+03     3.01013001e+02     2.32391574e+02     1.19432235e+02   
    1.24000000e+04     3.10000000e+00     1.10318683e+03     2.98234847e+02     2.33326034e+02     1.20377164e+02   
    1.26000000e+04     3.15000000e+00     1.10318242e+03     2.98825258e+02     2.31918307e+02     1.20575023e+02   
    1.28000000e+04     3.20000000e+00     1.10317558e+03     2.96301276e+02     2.31550149e+02     1.20286144e+02   
    1.30000000e+04     3.25000000e+00     1.10317702e+03     2.97488637e+02     2.31490528e+02     1.19164250e+02   
    1.32000000e+04     3.30000000e+00     1.10317170e+03     2.98855859e+02     2.32714840e+02     1.21320433e+02   
    1.34000000e+04     3.35000000e+00     1.10316315e+03     2.98976991e+02     2.32246075e+02     1.19846573e+02   
    1.36000000e+04     3.40000000e+00     1.10316637e+03     2.99592218e+02     2.31577157e+02     1.20303689e+02   
    1.38000000e+04     3.45000000e+00     1.10315955e+03     3.00401987e+02     2.30550463e+02     1.18550761e+02   
    1.40000000e+04     3.50000000e+00     1.10316268e+03     3.01646273e+02     2.32060341e+02     1.19910890e+02   
    1.42000000e+04     3.55000000e+00     1.10316396e+03     2.97141722e+02     2.32021936e+02     1.21795182e+02   
    1.44000000e+04     3.60000000e+00     1.10314865e+03     2.99365889e+02     2.31242362e+02     1.19785705e+02   
    1.46000000e+04     3.65000000e+00     1.10312945e+03     2.99927935e+02     2.30002583e+02     1.17331467e+02   
    1.48000000e+04     3.70000000e+00     1.10313787e+03     3.02112331e+02     2.31784485e+02     1.19763909e+02   
    1.50000000e+04     3.75000000e+00     1.10314257e+03     2.97264331e+02     2.32650745e+02     1.20801710e+02   
    1.52000000e+04     3.80000000e+00     1.10313651e+03     3.01166409e+02     2.30273903e+02     1.17700323e+02   
    1.54000000e+04     3.85000000e+00     1.10313880e+03     3.00499168e+02     2.30806485e+02     1.16998423e+02   
    1.56000000e+04     3.90000000e+00     1.10314125e+03     3.01736133e+02     2.30700814e+02     1.17357948e+02   
    1.58000000e+04     3.95000000e+00     1.10315335e+03     3.00511057e+02     2.32015831e+02     1.18035178e+02   
    1.60000000e+04     4.00000000e+00     1.10316734e+03     3.01081943e+02     2.32525347e+02     1.19694892e+02   
    1.62000000e+04     4.05000000e+00     1.10316966e+03     3.01025564e+02     2.33288147e+02     1.18779164e+02   
    1.64000000e+04     4.10000000e+00     1.10315799e+03     3.01055754e+02     2.29902823e+02     1.16617862e+02   
    1.66000000e+04     4.15000000e+00     1.10316234e+03     3.00019739e+02     2.30562598e+02     1.16584020e+02   
    1.68000000e+04     4.20000000e+00     1.10316152e+03     2.99994627e+02     2.31047869e+02     1.18555746e+02   
    1.70000000e+04     4.25000000e+00     1.10316098e+03     3.01495707e+02     2.31446745e+02     1.17783183e+02   
    1.72000000e+04     4.30000000e+00     1.10315584e+03     2.98825714e+02     2.31329528e+02     1.17989015e+02   
    1.74000000e+04     4.35000000e+00     1.10316257e+03     2.96507763e+02     2.31551598e+02     1.17249335e+02   
    1.76000000e+04     4.40000000e+00     1.10316078e+03     3.01392003e+02     2.31881299e+02     1.17687909e+02   
    1.78000000e+04     4.45000000e+00     1.10316121e+03     3.01869353e+02     2.32476092e+02     1.18416604e+02   
    1.80000000e+04     4.50000000e+00     1.10315766e+03     2.98339936e+02     2.33055705e+02     1.19508525e+02   
    1.82000000e+04     4.55000000e+00     1.10314637e+03     3.04045548e+02     2.31774343e+02     1.19082595e+02   
    1.84000000e+04     4.60000000e+00     1.10316015e+03     3.00135869e+02     2.32302457e+02     1.19076807e+02   
    1.86000000e+04     4.65000000e+00     1.10316263e+03     3.01688090e+02     2.31432150e+02     1.19272155e+02   
    1.88000000e+04     4.70000000e+00     1.10316868e+03     2.99059610e+02     2.31504921e+02     1.17996729e+02   
    1.90000000e+04     4.75000000e+00     1.10317946e+03     2.97650376e+02     2.32686304e+02     1.17795587e+02   
    1.92000000e+04     4.80000000e+00     1.10318133e+03     2.99408536e+02     2.31642856e+02     1.17135802e+02   
    1.94000000e+04     4.85000000e+00     1.10319783e+03     3.00287703e+02     2.31908435e+02     1.19031765e+02   
    1.96000000e+04     4.90000000e+00     1.10320589e+03     2.99950674e+02     2.31347769e+02     1.18687144e+02   
    1.98000000e+04     4.95000000e+00     1.10322293e+03     2.95740230e+02     2.32123427e+02     1.20200546e+02   
    2.00000000e+04     5.00000000e+00     1.10322096e+03     2.99537193e+02     2.31068573e+02     1.18051518e+02   
    2.02000000e+04     5.05000000e+00     1.10320755e+03     2.97765177e+02     2.30669713e+02     1.17325291e+02   
    2.04000000e+04     5.10000000e+00     1.10320505e+03     2.99181518e+02     2.31428595e+02     1.17575208e+02   
    2.06000000e+04     5.15000000e+00     1.10319701e+03     2.96308677e+02     2.33062651e+02     1.19326300e+02   
    2.08000000e+04     5.20000000e+00     1.10318072e+03     2.97850780e+02     2.32690942e+02     1.18491660e+02   
    2.10000000e+04     5.25000000e+00     1.10317401e+03     2.98803212e+02     2.33004755e+02     1.19191293e+02   
    2.12000000e+04     5.30000000e+00     1.10316219e+03     2.98977810e+02     2.31597845e+02     1.19347922e+02   
    2.14000000e+04     5.35000000e+00     1.10316633e+03     3.00088483e+02     2.32597869e+02     1.17926136e+02   
    2.16000000e+04     5.40000000e+00     1.10316033e+03     3.00206326e+02     2.30295338e+02     1.15423152e+02   
    2.18000000e+04     5.45000000e+00     1.10316723e+03     2.99501694e+02     2.31786485e+02     1.18253617e+02   
    2.20000000e+04     5.50000000e+00     1.10317594e+03     3.01367584e+02     2.32540459e+02     1.18819548e+02   
    2.22000000e+04     5.55000000e+00     1.10316822e+03     2.97031231e+02     2.31706521e+02     1.16863735e+02   
    2.24000000e+04     5.60000000e+00     1.10316206e+03     3.02779043e+02     2.32576587e+02     1.17722844e+02   
    2.26000000e+04     5.65000000e+00     1.10316906e+03     3.02997612e+02     2.32427622e+02     1.19751275e+02   
    2.28000000e+04     5.70000000e+00     1.10317646e+03     2.99384493e+02     2.32523070e+02     1.19299885e+02   
    2.30000000e+04     5.75000000e+00     1.10317671e+03     3.01441850e+02     2.31602174e+02     1.17662378e+02   
    2.32000000e+04     5.80000000e+00     1.10318532e+03     3.02830451e+02     2.31056475e+02     1.16856238e+02   
    2.34000000e+04     5.85000000e+00     1.10317819e+03     3.00694685e+02     2.30746516e+02     1.16485167e+02   
    2.36000000e+04     5.90000000e+00     1.10319454e+03     3.00981809e+02     2.32524987e+02     1.19050596e+02   
    2.38000000e+04     5.95000000e+00     1.10320641e+03     3.01617352e+02     2.32493968e+02     1.17321249e+02   
    2.40000000e+04     6.00000000e+00     1.10320995e+03     3.00568791e+02     2.32632007e+02     1.18850414e+02   
    2.42000000e+04     6.05000000e+00     1.10320235e+03     3.01334421e+02     2.30988689e+02     1.15222757e+02   
    2.44000000e+04     6.10000000e+00     1.10320738e+03     2.98409450e+02     2.32561483e+02     1.19049204e+02   
    2.46000000e+04     6.15000000e+00     1.10319937e+03     3.01512231e+02     2.30815080e+02     1.15595711e+02   
    2.48000000e+04     6.20000000e+00     1.10319629e+03     2.99513108e+02     2.31108891e+02     1.15741937e+02   
    2.50000000e+04     6.25000000e+00     1.10321001e+03     3.01139123e+02     2.31764539e+02     1.18082427e+02   
    2.52000000e+04     6.30000000e+00     1.10322712e+03     2.99382725e+02     2.30880003e+02     1.17217016e+02   
    2.54000000e+04     6.35000000e+00     1.10323478e+03     3.00777359e+02     2.31881671e+02     1.18543132e+02   
    2.56000000e+04     6.40000000e+00     1.10323924e+03     2.99820072e+02     2.31774537e+02     1.19079446e+02   
    2.58000000e+04     6.45000000e+00     1.10323623e+03     2.99339870e+02     2.31697028e+02     1.19144005e+02   
    2.60000000e+04     6.50000000e+00     1.10322812e+03     2.99593667e+02     2.30261017e+02     1.17736310e+02   
    2.62000000e+04     6.55000000e+00     1.10324035e+03     3.01793098e+02     2.33093127e+02     1.18308555e+02   
    2.64000000e+04     6.60000000e+00     1.10325780e+03     2.98907910e+02     2.33690694e+02     1.19766821e+02   
    2.66000000e+04     6.65000000e+00     1.10326406e+03     2.98904695e+02     2.32547347e+02     1.18824461e+02   
    2.68000000e+04     6.70000000e+00     1.10328637e+03     3.00128796e+02     2.33907385e+02     1.19964932e+02   
    2.70000000e+04     6.75000000e+00     1.10328822e+03     2.97556716e+02     2.32825899e+02     1.20074436e+02   
    2.72000000e+04     6.80000000e+00     1.10328902e+03     2.99297107e+02     2.30588744e+02     1.16636336e+02   
    2.74000000e+04     6.85000000e+00     1.10329708e+03     2.99419424e+02     2.32507206e+02     1.19356084e+02   
    2.76000000e+04     6.90000000e+00     1.10329340e+03     2.99864519e+02     2.32618834e+02     1.17570651e+02   
    2.78000000e+04     6.95000000e+00     1.10327950e+03     3.00098311e+02     2.31242662e+02     1.17092124e+02   
    2.80000000e+04     7.00000000e+00     1.10326895e+03     2.98499810e+02     2.31308838e+02     1.18462080e+02   
    2.82000000e+04     7.05000000e+00     1.10326205e+03     2.97635917e+02     2.30188760e+02     1.17394017e+02   
    2.84000000e+04     7.10000000e+00     1.10328149e+03     2.96364879e+02     2.33206820e+02     1.20275210e+02   
    2.86000000e+04     7.15000000e+00     1.10327782e+03     2.98707595e+02     2.30518752e+02     1.17399586e+02   
    2.88000000e+04     7.20000000e+00     1.10328682e+03     2.99649046e+02     2.32545497e+02     1.20687938e+02   
    2.90000000e+04     7.25000000e+00     1.10329029e+03     3.00185053e+02     2.31960166e+02     1.19055852e+02   
    2.92000000e+04     7.30000000e+00     1.10329870e+03     3.01410951e+02     2.32258806e+02     1.20483633e+02   
    2.94000000e+04     7.35000000e+00     1.10329151e+03     3.02004913e+02     2.31609171e+02     1.18601036e+02   
    2.96000000e+04     7.40000000e+00     1.10329244e+03     3.00884125e+02     2.30973740e+02     1.18275939e+02   
    2.98000000e+04     7.45000000e+00     1.10328777e+03     3.02612995e+02     2.29587555e+02     1.15855688e+02   
    3.00000000e+04     7.50000000e+00     1.10328353e+03     2.97105397e+02     2.30754023e+02     1.17312984e+02   
    3.02000000e+04     7.55000000e+00     1.10329533e+03     2.99921756e+02     2.31467999e+02     1.17959431e+02   
    3.04000000e+04     7.60000000e+00     1.10330283e+03     2.98221942e+02     2.31794579e+02     1.19139620e+02   
    3.06000000e+04     7.65000000e+00     1.10330718e+03     2.98172122e+02     2.30679455e+02     1.18945114e+02   
    3.08000000e+04     7.70000000e+00     1.10331162e+03     3.00561806e+02     2.31775318e+02     1.20498599e+02   
    3.10000000e+04     7.75000000e+00     1.10330734e+03     3.00361358e+02     2.30097332e+02     1.17172879e+02   
    3.12000000e+04     7.80000000e+00     1.10329747e+03     3.00392612e+02     2.31315433e+02     1.17894624e+02   
    3.14000000e+04     7.85000000e+00     1.10328652e+03     3.01300708e+02     2.32305925e+02     1.19537289e+02   
    3.16000000e+04     7.90000000e+00     1.10328150e+03     3.00487258e+02     2.30951834e+02     1.18738067e+02   
    3.18000000e+04     7.95000000e+00     1.10326278e+03     2.99069356e+02     2.29059389e+02     1.14003152e+02   
    3.20000000e+04     8.00000000e+00     1.10328001e+03     2.98865397e+02     2.34006791e+02     1.18820453e+02   
    3.22000000e+04     8.05000000e+00     1.10328211e+03     3.01070920e+02     2.31894343e+02     1.18182969e+02   
    3.24000000e+04     8.10000000e+00     1.10329263e+03     3.04375166e+02     2.32046140e+02     1.17533116e+02   
    3.26000000e+04     8.15000000e+00     1.10329636e+03     3.00656628e+02     2.33175432e+02     1.17861091e+02   
    3.28000000e+04     8.20000000e+00     1.10329750e+03     2.98555263e+02     2.33597532e+02     1.18737227e+02   
    3.30000000e+04     8.25000000e+00     1.10328823e+03     3.01566310e+02     2.31967584e+02     1.17563549e+02   
    3.32000000e+04     8.30000000e+00     1.10329241e+03     3.02217082e+02     2.31542833e+02     1.16999976e+02   
    3.34000000e+04     8.35000000e+00     1.10329955e+03     3.02639462e+02     2.31357053e+02     1.16528501e+02   
    3.36000000e+04     8.40000000e+00     1.10330686e+03     3.02547680e+02     2.33765038e+02     1.18559934e+02   
    3.38000000e+04     8.45000000e+00     1.10329377e+03     2.99670212e+02     2.29746715e+02     1.14798785e+02   
    3.40000000e+04     8.50000000e+00     1.10330516e+03     3.01241361e+02     2.33013849e+02     1.16947984e+02   
    3.42000000e+04     8.55000000e+00     1.10329764e+03     3.00686152e+02     2.31233558e+02     1.17152128e+02   
    3.44000000e+04     8.60000000e+00     1.10328891e+03     3.00963284e+02     2.31311896e+02     1.16926902e+02   
    3.46000000e+04     8.65000000e+00     1.10328113e+03     3.03018045e+02     2.30796881e+02     1.14709737e+02   
    3.48000000e+04     8.70000000e+00     1.10329778e+03     2.98875889e+02     2.33577676e+02     1.17500065e+02   
    3.50000000e+04     8.75000000e+00     1.10330425e+03     2.97610127e+02     2.33048219e+02     1.18639837e+02   
    3.52000000e+04     8.80000000e+00     1.10330487e+03     3.01681077e+02     2.31643756e+02     1.16382562e+02   
    3.54000000e+04     8.85000000e+00     1.10330126e+03     3.01002691e+02     2.31244253e+02     1.16830816e+02   
    3.56000000e+04     8.90000000e+00     1.10329740e+03     2.99651135e+02     2.31535147e+02     1.17182634e+02   
    3.58000000e+04     8.95000000e+00     1.10331063e+03     2.96400611e+02     2.32181692e+02     1.18814271e+02   
    3.60000000e+04     9.00000000e+00     1.10331459e+03     2.98450774e+02     2.34186839e+02     1.20123086e+02   
    3.62000000e+04     9.05000000e+00     1.10331197e+03     2.96682203e+02     2.31978341e+02     1.18735390e+02   
    3.64000000e+04     9.10000000e+00     1.10330477e+03     3.00904743e+02     2.31754393e+02     1.17737649e+02   
    3.66000000e+04     9.15000000e+00     1.10330290e+03     2.99992958e+02     2.29587188e+02     1.16203871e+02   
    3.68000000e+04     9.20000000e+00     1.10331396e+03     3.02085800e+02     2.31697786e+02     1.17834499e+02   
    3.70000000e+04     9.25000000e+00     1.10330365e+03     3.02012166e+02     2.29763083e+02     1.16024787e+02   
    3.72000000e+04     9.30000000e+00     1.10329286e+03     3.02639466e+02     2.29456106e+02     1.15162046e+02   
    3.74000000e+04     9.35000000e+00     1.10329773e+03     2.97481736e+02     2.31136613e+02     1.17436628e+02   
    3.76000000e+04     9.40000000e+00     1.10330627e+03     2.99992508e+02     2.33575223e+02     1.20570031e+02   
    3.78000000e+04     9.45000000e+00     1.10329739e+03     3.00563399e+02     2.32121933e+02     1.20181798e+02   
    3.80000000e+04     9.50000000e+00     1.10329980e+03     2.99598727e+02     2.32641091e+02     1.19938547e+02   
    3.82000000e+04     9.55000000e+00     1.10330731e+03     3.00747466e+02     2.32653000e+02     1.18971586e+02   
    3.84000000e+04     9.60000000e+00     1.10330526e+03     3.04705956e+02     2.32052392e+02     1.18116943e+02   
    3.86000000e+04     9.65000000e+00     1.10331228e+03     2.99455922e+02     2.30356462e+02     1.17412145e+02   
    3.88000000e+04     9.70000000e+00     1.10331474e+03     3.01059442e+02     2.31749910e+02     1.18409168e+02   
    3.90000000e+04     9.75000000e+00     1.10332021e+03     3.02785816e+02     2.33329882e+02     1.20034480e+02   
    3.92000000e+04     9.80000000e+00     1.10331636e+03     3.03269118e+02     2.31062525e+02     1.17812509e+02   
    3.94000000e+04     9.85000000e+00     1.10330982e+03     2.99116952e+02     2.31011787e+02     1.18580759e+02   
    3.96000000e+04     9.90000000e+00     1.10329941e+03     3.04073448e+02     2.30736576e+02     1.16729754e+02   
    3.98000000e+04     9.95000000e+00     1.10329466e+03     2.99040561e+02     2.31483364e+02     1.18201558e+02   
    4.00000000e+04     1.00000000e+01     1.10328803e+03     3.04221440e+02     2.32108986e+02     1.18589772e+02   
    4.02000000e+04     1.00500000e+01     1.10329216e+03     3.02385839e+02     2.32851960e+02     1.20104757e+02   
    4.04000000e+04     1.01000000e+01     1.10328845e+03     3.02418826e+02     2.29838599e+02     1.14648674e+02   
    4.06000000e+04     1.01500000e+01     1.10331251e+03     3.02763965e+02     2.33155105e+02     1.19317679e+02   
    4.08000000e+04     1.02000000e+01     1.10331602e+03     3.03366090e+02     2.31701154e+02     1.16214731e+02   
    4.10000000e+04     1.02500000e+01     1.10332529e+03     3.00222646e+02     2.31482192e+02     1.17540445e+02   
    4.12000000e+04     1.03000000e+01     1.10334618e+03     3.02249933e+02     2.33386436e+02     1.20039971e+02   
    4.14000000e+04     1.03500000e+01     1.10334641e+03     2.99875236e+02     2.30949785e+02     1.17166897e+02   
    4.16000000e+04     1.04000000e+01     1.10333491e+03     3.01088073e+02     2.31576829e+02     1.17740981e+02   
    4.18000000e+04     1.04500000e+01     1.10332325e+03     3.02589702e+02     2.30798307e+02     1.17964055e+02   
    4.20000000e+04     1.05000000e+01     1.10330899e+03     3.03516832e+02     2.30241675e+02     1.16916460e+02   
    4.22000000e+04     1.05500000e+01     1.10331662e+03     3.00348515e+02     2.31368169e+02     1.15843941e+02   
    4.24000000e+04     1.06000000e+01     1.10332972e+03     3.01423900e+02     2.31268685e+02     1.17829352e+02   
    4.26000000e+04     1.06500000e+01     1.10334134e+03     3.03021594e+02     2.31921748e+02     1.18156490e+02   
    4.28000000e+04     1.07000000e+01     1.10335394e+03     3.02587254e+02     2.31977962e+02     1.18695107e+02   
    4.30000000e+04     1.07500000e+01     1.10333898e+03     3.00552691e+02     2.31589890e+02     1.17554026e+02   
    4.32000000e+04     1.08000000e+01     1.10333847e+03     3.03264433e+02     2.30891876e+02     1.16067042e+02   
    4.34000000e+04     1.08500000e+01     1.10333810e+03     3.02507180e+02     2.30943214e+02     1.17491918e+02   
    4.36000000e+04     1.09000000e+01     1.10334596e+03     2.99427204e+02     2.31053036e+02     1.16415421e+02   
    4.38000000e+04     1.09500000e+01     1.10335802e+03     3.00397834e+02     2.33089459e+02     1.18757420e+02   
    4.40000000e+04     1.10000000e+01     1.10335458e+03     3.00392022e+02     2.32721987e+02     1.20055906e+02   
    4.42000000e+04     1.10500000e+01     1.10336019e+03     2.99873699e+02     2.31451461e+02     1.19148978e+02   
    4.44000000e+04     1.11000000e+01     1.10336400e+03     3.03056611e+02     2.30972297e+02     1.18580460e+02   
    4.46000000e+04     1.11500000e+01     1.10336547e+03     2.99173510e+02     2.29986105e+02     1.17047542e+02   
    4.48000000e+04     1.12000000e+01     1.10336665e+03     3.02828189e+02     2.29812542e+02     1.16843194e+02   
    4.50000000e+04     1.12500000e+01     1.10337526e+03     3.03175501e+02     2.33526510e+02     1.19745592e+02   
    4.52000000e+04     1.13000000e+01     1.10338024e+03     3.03641414e+02     2.32398733e+02     1.17697135e+02   
    4.54000000e+04     1.13500000e+01     1.10337406e+03     3.02176842e+02     2.32352382e+02     1.17737683e+02   
    4.56000000e+04     1.14000000e+01     1.10335307e+03     3.02615471e+02     2.29975712e+02     1.15849570e+02   
    4.58000000e+04     1.14500000e+01     1.10337061e+03     3.00540322e+02     2.32546125e+02     1.19079610e+02   
    4.60000000e+04     1.15000000e+01     1.10337424e+03     2.97210941e+02     2.31236402e+02     1.17950772e+02   
    4.62000000e+04     1.15500000e+01     1.10338142e+03     2.99086292e+02     2.31689785e+02     1.17590284e+02   
    4.64000000e+04     1.16000000e+01     1.10338417e+03     3.04266174e+02     2.31724032e+02     1.18991517e+02   
    4.66000000e+04     1.16500000e+01     1.10337785e+03     3.00548735e+02     2.30700155e+02     1.16600872e+02   
    4.68000000e+04     1.17000000e+01     1.10338147e+03     3.01914040e+02     2.30591034e+02     1.17524453e+02   
    4.70000000e+04     1.17500000e+01     1.10339204e+03     3.01245380e+02     2.33056138e+02     1.18483671e+02   
    4.72000000e+04     1.18000000e+01     1.10337947e+03     3.02773213e+02     2.31932776e+02     1.17408430e+02   
    4.74000000e+04     1.18500000e+01     1.10337682e+03     2.99121857e+02     2.31612721e+02     1.18377695e+02   
    4.76000000e+04     1.19000000e+01     1.10336449e+03     3.03820490e+02     2.30174369e+02     1.17472023e+02   
    4.78000000e+04     1.19500000e+01     1.10336730e+03     2.99391472e+02     2.31637687e+02     1.18245164e+02   
    4.80000000e+04     1.20000000e+01     1.10337681e+03     3.00158625e+02     2.32811903e+02     1.20083015e+02   
    4.82000000e+04     1.20500000e+01     1.10339795e+03     3.00161549e+02     2.32398944e+02     1.19437565e+02   
    4.84000000e+04     1.21000000e+01     1.10340221e+03     2.98762820e+02     2.31044622e+02     1.17775879e+02   
    4.86000000e+04     1.21500000e+01     1.10341495e+03     2.99863921e+02     2.29816242e+02     1.17533161e+02   
    4.88000000e+04     1.22000000e+01     1.10341944e+03     2.99429920e+02     2.30438807e+02     1.18216442e+02   
    4.90000000e+04     1.22500000e+01     1.10341891e+03     2.97256584e+02     2.30842696e+02     1.19766283e+02   
    4.92000000e+04     1.23000000e+01     1.10342366e+03     2.99774307e+02     2.31330632e+02     1.20521397e+02   
    4.94000000e+04     1.23500000e+01     1.10343326e+03     2.98773156e+02     2.32900589e+02     1.23318494e+02   
    4.96000000e+04     1.24000000e+01     1.10342024e+03     3.00243641e+02     2.30671547e+02     1.20217279e+02   
    4.98000000e+04     1.24500000e+01     1.10342450e+03     3.01505358e+02     2.31864176e+02     1.21450006e+02   
    5.00000000e+04     1.25000000e+01     1.10341816e+03     2.96857622e+02     2.31104912e+02     1.20075066e+02   
    5.02000000e+04     1.25500000e+01     1.10342231e+03     3.00000409e+02     2.31244127e+02     1.20070435e+02   
    5.04000000e+04     1.26000000e+01     1.10342984e+03     3.00053125e+02     2.32744310e+02     1.21843088e+02   
    5.06000000e+04     1.26500000e+01     1.10342902e+03     2.99946347e+02     2.31034321e+02     1.19238421e+02   
    5.08000000e+04     1.27000000e+01     1.10342140e+03     2.98355874e+02     2.29192994e+02     1.17707985e+02   
    5.10000000e+04     1.27500000e+01     1.10342908e+03     3.01394728e+02     2.31560064e+02     1.19820600e+02   
    5.12000000e+04     1.28000000e+01     1.10341521e+03     2.99984998e+02     2.30260301e+02     1.19622456e+02   
    5.14000000e+04     1.28500000e+01     1.10342385e+03     2.99623682e+02     2.33971594e+02     1.22998733e+02   
    5.16000000e+04     1.29000000e+01     1.10341376e+03     3.01070553e+02     2.31194561e+02     1.21102516e+02   
    5.18000000e+04     1.29500000e+01     1.10341550e+03     3.00228652e+02     2.32184345e+02     1.21141785e+02   
    5.20000000e+04     1.30000000e+01     1.10340909e+03     2.98101089e+02     2.31882153e+02     1.19776120e+02   
    5.22000000e+04     1.30500000e+01     1.10341561e+03     3.01768350e+02     2.31434944e+02     1.20657936e+02   
    5.24000000e+04     1.31000000e+01     1.10340902e+03     3.00634822e+02     2.31177306e+02     1.19979478e+02   
    5.26000000e+04     1.31500000e+01     1.10340967e+03     2.98432084e+02     2.31351147e+02     1.19657733e+02   
    5.28000000e+04     1.32000000e+01     1.10341331e+03     3.02810458e+02     2.31433132e+02     1.20386239e+02   
    5.30000000e+04     1.32500000e+01     1.10341417e+03     2.98950135e+02     2.30706443e+02     1.19237417e+02   
    5.32000000e+04     1.33000000e+01     1.10342407e+03     3.00541362e+02     2.32480625e+02     1.21268956e+02   
    5.34000000e+04     1.33500000e+01     1.10341399e+03     3.02082409e+02     2.29484101e+02     1.16742205e+02   
    5.36000000e+04     1.34000000e+01     1.10343927e+03     3.02303485e+02     2.32911558e+02     1.19437338e+02   
    5.38000000e+04     1.34500000e+01     1.10344089e+03     3.01108462e+02     2.31526191e+02     1.18337540e+02   
    5.40000000e+04     1.35000000e+01     1.10342928e+03     3.02340466e+02     2.31699785e+02     1.18884004e+02   
    5.42000000e+04     1.35500000e+01     1.10343096e+03     3.01968609e+02     2.31085520e+02     1.18884666e+02   
    5.44000000e+04     1.36000000e+01     1.10344512e+03     3.00231679e+02     2.33427807e+02     1.21322751e+02   
    5.46000000e+04     1.36500000e+01     1.10344531e+03     2.98944542e+02     2.30737046e+02     1.19385261e+02   
    5.48000000e+04     1.37000000e+01     1.10345285e+03     3.01825753e+02     2.32246672e+02     1.18240828e+02   
    5.50000000e+04     1.37500000e+01     1.10346833e+03     3.03180686e+02     2.31509573e+02     1.19731800e+02   
    5.52000000e+04     1.38000000e+01     1.10347230e+03     3.00257621e+02     2.31624093e+02     1.18512185e+02   
    5.54000000e+04     1.38500000e+01     1.10347476e+03     2.98013404e+02     2.32601001e+02     1.21543294e+02   
    5.56000000e+04     1.39000000e+01     1.10346206e+03     3.05575245e+02     2.32608933e+02     1.20022880e+02   
    5.58000000e+04     1.39500000e+01     1.10345017e+03     3.01383794e+02     2.32221410e+02     1.19382640e+02   
    5.60000000e+04     1.40000000e+01     1.10345028e+03     3.03036021e+02     2.32342742e+02     1.19088041e+02   
    5.62000000e+04     1.40500000e+01     1.10344601e+03     3.01570663e+02     2.31436172e+02     1.18305606e+02   
    5.64000000e+04     1.41000000e+01     1.10344443e+03     3.02327603e+02     2.32699065e+02     1.19261960e+02   
    5.66000000e+04     1.41500000e+01     1.10345402e+03     3.00644289e+02     2.32762246e+02     1.20226984e+02   
    5.68000000e+04     1.42000000e+01     1.10345067e+03     3.01371152e+02     2.32249997e+02     1.19088984e+02   
    5.70000000e+04     1.42500000e+01     1.10345366e+03     3.00574191e+02     2.32000022e+02     1.19150903e+02   
    5.72000000e+04     1.43000000e+01     1.10346077e+03     3.00892118e+02     2.32671035e+02     1.19967355e+02   
    5.74000000e+04     1.43500000e+01     1.10344902e+03     3.01451130e+02     2.31668495e+02     1.18754902e+02   
    5.76000000e+04     1.44000000e+01     1.10345570e+03     3.00633853e+02     2.31822083e+02     1.18315666e+02   
    5.78000000e+04     1.44500000e+01     1.10345634e+03     3.01700135e+02     2.31561137e+02     1.17949817e+02   
    5.80000000e+04     1.45000000e+01     1.10344947e+03     3.00204003e+02     2.30392991e+02     1.17869497e+02   
    5.82000000e+04     1.45500000e+01     1.10345641e+03     2.98943886e+02     2.31930896e+02     1.19503681e+02   
    5.84000000e+04     1.46000000e+01     1.10346260e+03     3.01440175e+02     2.32435276e+02     1.19126893e+02   
    5.86000000e+04     1.46500000e+01     1.10346760e+03     3.03650344e+02     2.32059374e+02     1.19818186e+02   
    5.88000000e+04     1.47000000e+01     1.10346284e+03     3.00178192e+02     2.31918087e+02     1.19112612e+02   
    5.90000000e+04     1.47500000e+01     1.10345738e+03     3.01565418e+02     2.32202264e+02     1.20008639e+02   
    5.92000000e+04     1.48000000e+01     1.10346556e+03     3.00737878e+02     2.32979883e+02     1.19707567e+02   
    5.94000000e+04     1.48500000e+01     1.10346030e+03     2.99475121e+02     2.31035424e+02     1.18504010e+02   
    5.96000000e+04     1.49000000e+01     1.10345710e+03     3.04089607e+02     2.32531425e+02     1.19765332e+02   
    5.98000000e+04     1.49500000e+01     1.10345519e+03     3.04559343e+02     2.32795518e+02     1.19709286e+02   
    6.00000000e+04     1.50000000e+01     1.10344744e+03     3.01492626e+02     2.31865786e+02     1.18215527e+02   
    6.02000000e+04     1.50500000e+01     1.10344971e+03     3.00378793e+02     2.30080888e+02     1.16507388e+02   
    6.04000000e+04     1.51000000e+01     1.10345598e+03     3.02722731e+02     2.30120856e+02     1.17084759e+02   
    6.06000000e+04     1.51500000e+01     1.10346506e+03     3.02934049e+02     2.30789597e+02     1.17513936e+02   
    6.08000000e+04     1.52000000e+01     1.10346754e+03     3.02400019e+02     2.30524042e+02     1.17105215e+02   
    6.10000000e+04     1.52500000e+01     1.10348306e+03     3.01009647e+02     2.30951196e+02     1.17917105e+02   
    6.12000000e+04     1.53000000e+01     1.10349817e+03     3.00449215e+02     2.33370438e+02     1.20218668e+02   
    6.14000000e+04     1.53500000e+01     1.10348703e+03     3.00462163e+02     2.32152561e+02     1.17554868e+02   
    6.16000000e+04     1.54000000e+01     1.10349813e+03     3.00641417e+02     2.33388028e+02     1.19024471e+02   
    6.18000000e+04     1.54500000e+01     1.10349801e+03     3.00442679e+02     2.30374070e+02     1.15458562e+02   
    6.20000000e+04     1.55000000e+01     1.10350814e+03     3.05285088e+02     2.30202615e+02     1.16556427e+02   
    6.22000000e+04     1.55500000e+01     1.10351074e+03     3.04290784e+02     2.31933432e+02     1.17191559e+02   
    6.24000000e+04     1.56000000e+01     1.10349704e+03     3.04798564e+02     2.30397837e+02     1.16924755e+02   
    6.26000000e+04     1.56500000e+01     1.10349715e+03     3.01934845e+02     2.32284573e+02     1.17382959e+02   
    6.28000000e+04     1.57000000e+01     1.10348897e+03     3.01208429e+02     2.30495693e+02     1.17718310e+02   
    6.30000000e+04     1.57500000e+01     1.10349941e+03     3.04723818e+02     2.32622687e+02     1.16841435e+02   
    6.32000000e+04     1.58000000e+01     1.10349704e+03     3.04779526e+02     2.31128781e+02     1.16043452e+02   
    6.34000000e+04     1.58500000e+01     1.10350211e+03     3.02752170e+02     2.32011020e+02     1.16741249e+02   
    6.36000000e+04     1.59000000e+01     1.10350383e+03     3.01662696e+02     2.31929096e+02     1.18514672e+02   
    6.38000000e+04     1.59500000e+01     1.10350501e+03     3.00562569e+02     2.31273044e+02     1.17122167e+02   
    6.40000000e+04     1.60000000e+01     1.10349712e+03     3.00947212e+02     2.31485951e+02     1.17224999e+02   
    6.42000000e+04     1.60500000e+01     1.10349249e+03     2.99474036e+02     2.31699744e+02     1.17199362e+02   
    6.44000000e+04     1.61000000e+01     1.10348130e+03     3.05535276e+02     2.31117192e+02     1.17008717e+02   
    6.46000000e+04     1.61500000e+01     1.10348074e+03     3.01476175e+02     2.30433603e+02     1.15883498e+02   
    6.48000000e+04     1.62000000e+01     1.10349911e+03     3.03699031e+02     2.34634734e+02     1.21704082e+02   
    6.50000000e+04     1.62500000e+01     1.10348592e+03     3.00627770e+02     2.31570465e+02     1.19744753e+02   
    6.52000000e+04     1.63000000e+01     1.10348264e+03     2.99971719e+02     2.31705028e+02     1.19683179e+02   
    6.54000000e+04     1.63500000e+01     1.10348454e+03     2.99374242e+02     2.30839208e+02     1.16963315e+02   
    6.56000000e+04     1.64000000e+01     1.10348976e+03     3.05495553e+02     2.32211815e+02     1.18544596e+02   
    6.58000000e+04     1.64500000e+01     1.10349415e+03     3.04244298e+02     2.31223913e+02     1.17376603e+02   
    6.60000000e+04     1.65000000e+01     1.10350531e+03     3.00765019e+02     2.31575754e+02     1.18236864e+02   
    6.62000000e+04     1.65500000e+01     1.10351338e+03     3.02186847e+02     2.33351634e+02     1.20693259e+02   
    6.64000000e+04     1.66000000e+01     1.10351280e+03     3.00003179e+02     2.31916469e+02     1.19602407e+02   
    6.66000000e+04     1.66500000e+01     1.10352132e+03     3.01442077e+02     2.32819533e+02     1.20296673e+02   
    6.68000000e+04     1.67000000e+01     1.10352342e+03     2.98734097e+02     2.31868276e+02     1.19011684e+02   
    6.70000000e+04     1.67500000e+01     1.10352733e+03     3.02100377e+02     2.31473396e+02     1.18908805e+02   
    6.72000000e+04     1.68000000e+01     1.10352245e+03     2.97315398e+02     2.30613039e+02     1.18761348e+02   
    6.74000000e+04     1.68500000e+01     1.10353324e+03     2.99169842e+02     2.30926554e+02     1.18020416e+02   
    6.76000000e+04     1.69000000e+01     1.10353845e+03     3.00198559e+02     2.30170288e+02     1.17167597e+02   
    6.78000000e+04     1.69500000e+01     1.10354560e+03     3.01779117e+02     2.31610567e+02     1.18075613e+02   
    6.80000000e+04     1.70000000e+01     1.10354698e+03     3.00448059e+02     2.32632675e+02     1.19197455e+02   
    6.82000000e+04     1.70500000e+01     1.10354037e+03     2.95758400e+02     2.34333972e+02     1.22118195e+02   
    6.84000000e+04     1.71000000e+01     1.10353879e+03     3.01888057e+02     2.32194358e+02     1.19082366e+02   
    6.86000000e+04     1.71500000e+01     1.10352715e+03     2.97944625e+02     2.31357059e+02     1.19368683e+02   
    6.88000000e+04     1.72000000e+01     1.10352640e+03     3.00015803e+02     2.30297235e+02     1.18440008e+02   
    6.90000000e+04     1.72500000e+01     1.10353725e+03     3.01336326e+02     2.32618307e+02     1.20374527e+02   
    6.92000000e+04     1.73000000e+01     1.10353296e+03     2.99199392e+02     2.31538039e+02     1.18196429e+02   
    6.94000000e+04     1.73500000e+01     1.10352699e+03     2.99428476e+02     2.32401006e+02     1.17752330e+02   
    6.96000000e+04     1.74000000e+01     1.10353261e+03     2.95648853e+02     2.29742951e+02     1.16936245e+02   
    6.98000000e+04     1.74500000e+01     1.10353488e+03     2.99656768e+02     2.31435236e+02     1.17619905e+02   
    7.00000000e+04     1.75000000e+01     1.10355113e+03     2.99363137e+02     2.31718282e+02     1.17725745e+02   
    7.02000000e+04     1.75500000e+01     1.10356656e+03     2.99776938e+02     2.33009139e+02     1.20200904e+02   
    7.04000000e+04     1.76000000e+01     1.10356819e+03     2.99807308e+02     2.31248399e+02     1.18209048e+02   
    7.06000000e+04     1.76500000e+01     1.10357645e+03     3.01263837e+02     2.31535793e+02     1.19579507e+02   
    7.08000000e+04     1.77000000e+01     1.10357442e+03     3.00081920e+02     2.31341157e+02     1.19163271e+02   
    7.10000000e+04     1.77500000e+01     1.10358475e+03     2.99857847e+02     2.31617125e+02     1.19237023e+02   
    7.12000000e+04     1.78000000e+01     1.10359381e+03     2.99312778e+02     2.33103718e+02     1.19933708e+02   
    7.14000000e+04     1.78500000e+01     1.10360010e+03     3.00752583e+02     2.31802019e+02     1.17954363e+02   
    7.16000000e+04     1.79000000e+01     1.10359712e+03     3.01818915e+02     2.31250830e+02     1.17929520e+02   
    7.18000000e+04     1.79500000e+01     1.10359999e+03     2.96687044e+02     2.29838184e+02     1.17796558e+02   
    7.20000000e+04     1.80000000e+01     1.10359842e+03     3.01742359e+02     2.31293239e+02     1.18104939e+02   
    7.22000000e+04     1.80500000e+01     1.10359631e+03     2.98701351e+02     2.32608862e+02     1.19200231e+02   
    7.24000000e+04     1.81000000e+01     1.10357692e+03     3.00558879e+02     2.30131847e+02     1.15880275e+02   
    7.26000000e+04     1.81500000e+01     1.10359492e+03     2.99482644e+02     2.33110207e+02     1.20488308e+02   
    7.28000000e+04     1.82000000e+01     1.10358652e+03     3.00286013e+02     2.30880974e+02     1.17433039e+02   
    7.30000000e+04     1.82500000e+01     1.10359219e+03     3.03183443e+02     2.32121344e+02     1.18291349e+02   
    7.32000000e+04     1.83000000e+01     1.10359239e+03     3.00587603e+02     2.33032829e+02     1.21252941e+02   
    7.34000000e+04     1.83500000e+01     1.10358503e+03     2.99371921e+02     2.32810890e+02     1.21165520e+02   
    7.36000000e+04     1.84000000e+01     1.10358677e+03     3.00287634e+02     2.32444705e+02     1.20691194e+02   
    7.38000000e+04     1.84500000e+01     1.10359062e+03     2.98925378e+02     2.31381955e+02     1.19214727e+02   
    7.40000000e+04     1.85000000e+01     1.10360198e+03     2.99926615e+02     2.33037449e+02     1.21680178e+02   
    7.42000000e+04     1.85500000e+01     1.10360586e+03     3.00398783e+02     2.31790777e+02     1.20041406e+02   
    7.44000000e+04     1.86000000e+01     1.10360970e+03     3.02005650e+02     2.31136302e+02     1.20026641e+02   
    7.46000000e+04     1.86500000e+01     1.10360337e+03     3.01185258e+02     2.31716138e+02     1.18903521e+02   
    7.48000000e+04     1.87000000e+01     1.10360436e+03     3.02257858e+02     2.31206472e+02     1.19500459e+02   
    7.50000000e+04     1.87500000e+01     1.10360498e+03     3.01081936e+02     2.30736788e+02     1.17507138e+02   
    7.52000000e+04     1.88000000e+01     1.10360243e+03     3.00282991e+02     2.29137094e+02     1.17954452e+02   
    7.54000000e+04     1.88500000e+01     1.10360781e+03     3.00792232e+02     2.30389848e+02     1.18265226e+02   
    7.56000000e+04     1.89000000e+01     1.10361332e+03     3.01252725e+02     2.31104123e+02     1.20835527e+02   
    7.58000000e+04     1.89500000e+01     1.10362059e+03     2.98919012e+02     2.32029047e+02     1.23159305e+02   
    7.60000000e+04     1.90000000e+01     1.10362289e+03     3.01435637e+02     2.32636790e+02     1.23048388e+02   
    7.62000000e+04     1.90500000e+01     1.10362397e+03     3.01252736e+02     2.32813493e+02     1.24634444e+02   
    7.64000000e+04     1.91000000e+01     1.10360093e+03     3.02075353e+02     2.29220306e+02     1.19453848e+02   
    7.66000000e+04     1.91500000e+01     1.10360100e+03     3.00870476e+02     2.32569096e+02     1.22463160e+02   
    7.68000000e+04     1.92000000e+01     1.10359655e+03     3.01581618e+02     2.31722670e+02     1.19590801e+02   
    7.70000000e+04     1.92500000e+01     1.10359827e+03     2.99917213e+02     2.30633031e+02     1.18754239e+02   
    7.72000000e+04     1.93000000e+01     1.10360833e+03     3.02205575e+02     2.32904284e+02     1.20937541e+02   
    7.74000000e+04     1.93500000e+01     1.10360437e+03     2.99193776e+02     2.33288474e+02     1.21251616e+02   
    7.76000000e+04     1.94000000e+01     1.10360394e+03     2.99382631e+02     2.31744563e+02     1.19297838e+02   
    7.78000000e+04     1.94500000e+01     1.10360597e+03     2.95665624e+02     2.31274198e+02     1.19644377e+02   
    7.80000000e+04     1.95000000e+01     1.10359719e+03     3.01427549e+02     2.31961224e+02     1.20310282e+02   
    7.82000000e+04     1.95500000e+01     1.10359076e+03     3.02535196e+02     2.32610286e+02     1.19714131e+02   
    7.84000000e+04     1.96000000e+01     1.10358407e+03     3.01840035e+02     2.32651746e+02     1.19683736e+02   
    7.86000000e+04     1.96500000e+01     1.10357932e+03     2.98644082e+02     2.32535504e+02     1.19953944e+02   
    7.88000000e+04     1.97000000e+01     1.10356984e+03     2.99790282e+02     2.30424974e+02     1.19652200e+02   
    7.90000000e+04     1.97500000e+01     1.10356913e+03     3.01074043e+02     2.32035670e+02     1.21625135e+02   
    7.92000000e+04     1.98000000e+01     1.10357604e+03     3.00313135e+02     2.31423255e+02     1.20674301e+02   
    7.94000000e+04     1.98500000e+01     1.10357326e+03     3.01917218e+02     2.31397747e+02     1.19596680e+02   
    7.96000000e+04     1.99000000e+01     1.10356608e+03     3.01388538e+02     2.30147399e+02     1.19036987e+02   
    7.98000000e+04     1.99500000e+01     1.10356556e+03     3.00916115e+02     2.31210100e+02     1.19427249e+02   
    8.00000000e+04     2.00000000e+01     1.10358220e+03     2.98593829e+02     2.32099993e+02     1.21574085e+02   
