# column   1     --> step : The current simulation time step.
# column   2     --> time{picosecond} : The elapsed simulation time.
# column   3     --> conserved{electronvolt} : The value of the conserved energy quantity per bead.
# column   4     --> temperature{kelvin} : The current temperature, as obtained from the MD kinetic energy.
# column   5     --> kinetic_cv{electronvolt} : The centroid-virial quantum kinetic energy of the physical system.
# column   6     --> potential{electronvolt} : The physical system potential energy.
    0.00000000e+00     0.00000000e+00     1.10453856e+03     3.04428649e+02     2.32588244e+02     1.19844016e+02   
    2.00000000e+02     5.00000000e-02     1.10453770e+03     3.00134480e+02     2.32995507e+02     1.20097793e+02   
    4.00000000e+02     1.00000000e-01     1.10454087e+03     2.98610144e+02     2.33144967e+02     1.19591306e+02   
    6.00000000e+02     1.50000000e-01     1.10455135e+03     2.98843724e+02     2.31795441e+02     1.18292526e+02   
    8.00000000e+02     2.00000000e-01     1.10456008e+03     2.98717081e+02     2.32141675e+02     1.18732551e+02   
    1.00000000e+03     2.50000000e-01     1.10457132e+03     2.99149548e+02     2.31263285e+02     1.19028692e+02   
    1.20000000e+03     3.00000000e-01     1.10458307e+03     3.01127206e+02     2.32540923e+02     1.19689272e+02   
    1.40000000e+03     3.50000000e-01     1.10459219e+03     3.03175019e+02     2.33691931e+02     1.21464935e+02   
    1.60000000e+03     4.00000000e-01     1.10458368e+03     2.95800694e+02     2.31270680e+02     1.18981449e+02   
    1.80000000e+03     4.50000000e-01     1.10458488e+03     2.98179735e+02     2.32038984e+02     1.19447897e+02   
    2.00000000e+03     5.00000000e-01     1.10459803e+03     3.01191855e+02     2.32338835e+02     1.19618626e+02   
    2.20000000e+03     5.50000000e-01     1.10459992e+03     2.98958608e+02     2.31039435e+02     1.18096599e+02   
    2.40000000e+03     6.00000000e-01     1.10460627e+03     2.98595951e+02     2.31547159e+02     1.18041412e+02   
    2.60000000e+03     6.50000000e-01     1.10460909e+03     2.97988300e+02     2.31650401e+02     1.17982368e+02   
    2.80000000e+03     7.00000000e-01     1.10461640e+03     3.00234063e+02     2.31418934e+02     1.18247301e+02   
    3.00000000e+03     7.50000000e-01     1.10461459e+03     2.98737936e+02     2.30522675e+02     1.17606560e+02   
    3.20000000e+03     8.00000000e-01     1.10462210e+03     3.01212781e+02     2.30407613e+02     1.18104256e+02   
    3.40000000e+03     8.50000000e-01     1.10463448e+03     3.03725262e+02     2.33017118e+02     1.20771213e+02   
    3.60000000e+03     9.00000000e-01     1.10463215e+03     2.98672344e+02     2.31361306e+02     1.18277651e+02   
    3.80000000e+03     9.50000000e-01     1.10463466e+03     2.97394244e+02     2.30605888e+02     1.16617953e+02   
    4.00000000e+03     1.00000000e+00     1.10462751e+03     2.99045482e+02     2.30240996e+02     1.17892592e+02   
    4.20000000e+03     1.05000000e+00     1.10461083e+03     3.00237374e+02     2.30671197e+02     1.18919905e+02   
    4.40000000e+03     1.10000000e+00     1.10461444e+03     2.98697998e+02     2.32052310e+02     1.20332850e+02   
    4.60000000e+03     1.15000000e+00     1.10459485e+03     2.98574743e+02     2.31629196e+02     1.18874564e+02   
    4.80000000e+03     1.20000000e+00     1.10459825e+03     2.99525537e+02     2.32600257e+02     1.20415481e+02   
    5.00000000e+03     1.25000000e+00     1.10461624e+03     2.99318457e+02     2.33877565e+02     1.22967145e+02   
    5.20000000e+03     1.30000000e+00     1.10461470e+03     3.00388008e+02     2.31635691e+02     1.21557170e+02   
    5.40000000e+03     1.35000000e+00     1.10461892e+03     3.02229532e+02     2.30254621e+02     1.20545922e+02   
    5.60000000e+03     1.40000000e+00     1.10461835e+03     2.99438979e+02     2.31213703e+02     1.21109563e+02   
    5.80000000e+03     1.45000000e+00     1.10461471e+03     2.99277065e+02     2.32315877e+02     1.22795962e+02   
    6.00000000e+03     1.50000000e+00     1.10460500e+03     3.00932703e+02     2.31322114e+02     1.22434353e+02   
    6.20000000e+03     1.55000000e+00     1.10460840e+03     3.00501684e+02     2.31939408e+02     1.21955448e+02   
    6.40000000e+03     1.60000000e+00     1.10461561e+03     3.00744347e+02     2.31122104e+02     1.21726866e+02   
    6.60000000e+03     1.65000000e+00     1.10462309e+03     3.05728808e+02     2.32296860e+02     1.21734893e+02   
    6.80000000e+03     1.70000000e+00     1.10463023e+03     3.01605008e+02     2.31642425e+02     1.23395461e+02   
    7.00000000e+03     1.75000000e+00     1.10462587e+03     2.99907599e+02     2.31008288e+02     1.21636928e+02   
    7.20000000e+03     1.80000000e+00     1.10463022e+03     2.97349179e+02     2.33642284e+02     1.24593788e+02   
    7.40000000e+03     1.85000000e+00     1.10462978e+03     2.98549290e+02     2.31145022e+02     1.20762293e+02   
    7.60000000e+03     1.90000000e+00     1.10462974e+03     2.98257572e+02     2.30526305e+02     1.20638552e+02   
    7.80000000e+03     1.95000000e+00     1.10463150e+03     2.99068774e+02     2.32512676e+02     1.22700988e+02   
    8.00000000e+03     2.00000000e+00     1.10462171e+03     3.01183307e+02     2.32203250e+02     1.23053808e+02   
    8.20000000e+03     2.05000000e+00     1.10461846e+03     3.00051651e+02     2.30802370e+02     1.21042595e+02   
    8.40000000e+03     2.10000000e+00     1.10461722e+03     3.02123118e+02     2.30273371e+02     1.18400922e+02   
    8.60000000e+03     2.15000000e+00     1.10461794e+03     2.98145670e+02     2.30891638e+02     1.20356193e+02   
    8.80000000e+03     2.20000000e+00     1.10463013e+03     2.99625591e+02     2.32500152e+02     1.21463388e+02   
    9.00000000e+03     2.25000000e+00     1.10463107e+03     3.00216650e+02     2.32083483e+02     1.21844307e+02   
    9.20000000e+03     2.30000000e+00     1.10464244e+03     3.01625327e+02     2.32288523e+02     1.20251139e+02   
    9.40000000e+03     2.35000000e+00     1.10464475e+03     2.99725935e+02     2.32072866e+02     1.20911995e+02   
    9.60000000e+03     2.40000000e+00     1.10463999e+03     3.00258393e+02     2.30661608e+02     1.19601461e+02   
    9.80000000e+03     2.45000000e+00     1.10465142e+03     2.99963166e+02     2.32554954e+02     1.20100690e+02   
    1.00000000e+04     2.50000000e+00     1.10464094e+03     2.99638101e+02     2.31535780e+02     1.19003575e+02   
    1.02000000e+04     2.55000000e+00     1.10464820e+03     2.99293726e+02     2.32295237e+02     1.19778194e+02   
    1.04000000e+04     2.60000000e+00     1.10465080e+03     3.02439915e+02     2.31658886e+02     1.20378869e+02   
    1.06000000e+04     2.65000000e+00     1.10466488e+03     2.98978433e+02     2.31240948e+02     1.19401556e+02   
    1.08000000e+04     2.70000000e+00     1.10466083e+03     3.00249339e+02     2.30609412e+02     1.19065423e+02   
    1.10000000e+04     2.75000000e+00     1.10466785e+03     3.01748122e+02     2.30801275e+02     1.18403408e+02   
    1.12000000e+04     2.80000000e+00     1.10466890e+03     2.98519037e+02     2.32074803e+02     1.19838982e+02   
    1.14000000e+04     2.85000000e+00     1.10466453e+03     2.99807265e+02     2.32994302e+02     1.20583998e+02   
    1.16000000e+04     2.90000000e+00     1.10464787e+03     2.97864152e+02     2.30331091e+02     1.17294442e+02   
    1.18000000e+04     2.95000000e+00     1.10465332e+03     3.00814513e+02     2.31474494e+02     1.19627765e+02   
    1.20000000e+04     3.00000000e+00     1.10465365e+03     2.99959284e+02     2.33134902e+02     1.20999248e+02   
    1.22000000e+04     3.05000000e+00     1.10464865e+03     2.99643468e+02     2.32843821e+02     1.20515389e+02   
    1.24000000e+04     3.10000000e+00     1.10463811e+03     2.97327254e+02     2.31904445e+02     1.19058786e+02   
    1.26000000e+04     3.15000000e+00     1.10464419e+03     2.98491421e+02     2.32703045e+02     1.21541361e+02   
    1.28000000e+04     3.20000000e+00     1.10464277e+03     2.96178146e+02     2.34240896e+02     1.21099602e+02   
    1.30000000e+04     3.25000000e+00     1.10463221e+03     2.96211915e+02     2.30041426e+02     1.18246519e+02   
    1.32000000e+04     3.30000000e+00     1.10464369e+03     2.99764509e+02     2.33702316e+02     1.20755807e+02   
    1.34000000e+04     3.35000000e+00     1.10463669e+03     2.98176876e+02     2.31624534e+02     1.19725812e+02   
    1.36000000e+04     3.40000000e+00     1.10464660e+03     3.01431266e+02     2.32262867e+02     1.20652513e+02   
    1.38000000e+04     3.45000000e+00     1.10464678e+03     2.98891339e+02     2.30535521e+02     1.21193345e+02   
    1.40000000e+04     3.50000000e+00     1.10464840e+03     3.00989205e+02     2.31128277e+02     1.18433203e+02   
    1.42000000e+04     3.55000000e+00     1.10466163e+03     2.96771953e+02     2.31517859e+02     1.18696345e+02   
    1.44000000e+04     3.60000000e+00     1.10466627e+03     2.99423080e+02     2.31697323e+02     1.18592160e+02   
    1.46000000e+04     3.65000000e+00     1.10466822e+03     2.99225118e+02     2.30218550e+02     1.17608910e+02   
    1.48000000e+04     3.70000000e+00     1.10467310e+03     3.01071664e+02     2.32720571e+02     1.19006087e+02   
    1.50000000e+04     3.75000000e+00     1.10466109e+03     2.96494698e+02     2.31854924e+02     1.19147053e+02   
    1.52000000e+04     3.80000000e+00     1.10465316e+03     3.00338961e+02     2.29200169e+02     1.16674972e+02   
    1.54000000e+04     3.85000000e+00     1.10465680e+03     2.99462848e+02     2.31187945e+02     1.19879276e+02   
    1.56000000e+04     3.90000000e+00     1.10465950e+03     3.01580896e+02     2.32879857e+02     1.19581438e+02   
    1.58000000e+04     3.95000000e+00     1.10465705e+03     3.01312947e+02     2.31139021e+02     1.19395954e+02   
    1.60000000e+04     4.00000000e+00     1.10468423e+03     3.01005363e+02     2.32842515e+02     1.23276470e+02   
    1.62000000e+04     4.05000000e+00     1.10469735e+03     3.00291891e+02     2.33694009e+02     1.22830842e+02   
    1.64000000e+04     4.10000000e+00     1.10470366e+03     3.00524198e+02     2.30387399e+02     1.20164920e+02   
    1.66000000e+04     4.15000000e+00     1.10471285e+03     2.98936715e+02     2.30429640e+02     1.20725079e+02   
    1.68000000e+04     4.20000000e+00     1.10472434e+03     2.98493563e+02     2.31644282e+02     1.22902239e+02   
    1.70000000e+04     4.25000000e+00     1.10473409e+03     3.00361139e+02     2.31916490e+02     1.21524789e+02   
    1.72000000e+04     4.30000000e+00     1.10473228e+03     3.00220662e+02     2.30536993e+02     1.20120758e+02   
    1.74000000e+04     4.35000000e+00     1.10474625e+03     2.95913979e+02     2.29630765e+02     1.20831169e+02   
    1.76000000e+04     4.40000000e+00     1.10475224e+03     2.99784936e+02     2.31842697e+02     1.23465902e+02   
    1.78000000e+04     4.45000000e+00     1.10475472e+03     3.01447599e+02     2.32360418e+02     1.22780010e+02   
    1.80000000e+04     4.50000000e+00     1.10475340e+03     2.97603440e+02     2.31263161e+02     1.20191969e+02   
    1.82000000e+04     4.55000000e+00     1.10474761e+03     3.01445667e+02     2.32660093e+02     1.24245161e+02   
    1.84000000e+04     4.60000000e+00     1.10474989e+03     2.97690281e+02     2.32840204e+02     1.22293297e+02   
    1.86000000e+04     4.65000000e+00     1.10475109e+03     3.01250371e+02     2.32338535e+02     1.21073950e+02   
    1.88000000e+04     4.70000000e+00     1.10474988e+03     2.99374790e+02     2.30181820e+02     1.18814649e+02   
    1.90000000e+04     4.75000000e+00     1.10475504e+03     2.95770756e+02     2.31708978e+02     1.20715668e+02   
    1.92000000e+04     4.80000000e+00     1.10474340e+03     2.96976783e+02     2.30395026e+02     1.20428998e+02   
    1.94000000e+04     4.85000000e+00     1.10474975e+03     3.00118109e+02     2.30855798e+02     1.19014629e+02   
    1.96000000e+04     4.90000000e+00     1.10475758e+03     2.97017897e+02     2.31334856e+02     1.20322254e+02   
    1.98000000e+04     4.95000000e+00     1.10476404e+03     2.96161399e+02     2.32707941e+02     1.22750808e+02   
    2.00000000e+04     5.00000000e+00     1.10475219e+03     2.97388643e+02     2.32203955e+02     1.21944975e+02   
    2.02000000e+04     5.05000000e+00     1.10474412e+03     2.97423270e+02     2.30171841e+02     1.19237941e+02   
    2.04000000e+04     5.10000000e+00     1.10476465e+03     2.98278928e+02     2.32003665e+02     1.21538478e+02   
    2.06000000e+04     5.15000000e+00     1.10478077e+03     2.95530901e+02     2.33656658e+02     1.23475447e+02   
    2.08000000e+04     5.20000000e+00     1.10477289e+03     2.98210887e+02     2.32059663e+02     1.20998883e+02   
    2.10000000e+04     5.25000000e+00     1.10476925e+03     2.98194259e+02     2.31852928e+02     1.19261874e+02   
    2.12000000e+04     5.30000000e+00     1.10477622e+03     2.98294442e+02     2.32801242e+02     1.20475148e+02   
    2.14000000e+04     5.35000000e+00     1.10477553e+03     2.99623040e+02     2.31240882e+02     1.17676777e+02   
    2.16000000e+04     5.40000000e+00     1.10476918e+03     2.99832359e+02     2.31210816e+02     1.18524378e+02   
    2.18000000e+04     5.45000000e+00     1.10477559e+03     2.98438783e+02     2.32293791e+02     1.18968798e+02   
    2.20000000e+04     5.50000000e+00     1.10477142e+03     2.98912725e+02     2.32267991e+02     1.21046713e+02   
    2.22000000e+04     5.55000000e+00     1.10476574e+03     2.97260038e+02     2.29919271e+02     1.18084318e+02   
    2.24000000e+04     5.60000000e+00     1.10477947e+03     3.00027081e+02     2.31778267e+02     1.20095160e+02   
    2.26000000e+04     5.65000000e+00     1.10479123e+03     3.01732872e+02     2.32090795e+02     1.19750926e+02   
    2.28000000e+04     5.70000000e+00     1.10479295e+03     2.98884792e+02     2.31027226e+02     1.19330312e+02   
    2.30000000e+04     5.75000000e+00     1.10480062e+03     3.00371087e+02     2.31833382e+02     1.20862220e+02   
    2.32000000e+04     5.80000000e+00     1.10479713e+03     3.01336593e+02     2.31941640e+02     1.20928243e+02   
    2.34000000e+04     5.85000000e+00     1.10479099e+03     2.99111410e+02     2.30696653e+02     1.17988933e+02   
    2.36000000e+04     5.90000000e+00     1.10478677e+03     3.00011729e+02     2.31705620e+02     1.19832951e+02   
    2.38000000e+04     5.95000000e+00     1.10479556e+03     3.01344703e+02     2.33842250e+02     1.20692570e+02   
    2.40000000e+04     6.00000000e+00     1.10479826e+03     2.99221469e+02     2.32472107e+02     1.21809932e+02   
    2.42000000e+04     6.05000000e+00     1.10480046e+03     2.99999928e+02     2.31729585e+02     1.20395858e+02   
    2.44000000e+04     6.10000000e+00     1.10481014e+03     2.97601731e+02     2.32480514e+02     1.22667779e+02   
    2.46000000e+04     6.15000000e+00     1.10481101e+03     2.98854012e+02     2.31696256e+02     1.21738298e+02   
    2.48000000e+04     6.20000000e+00     1.10481040e+03     2.98172585e+02     2.30825325e+02     1.20048078e+02   
    2.50000000e+04     6.25000000e+00     1.10482149e+03     3.00222244e+02     2.31844576e+02     1.20676954e+02   
    2.52000000e+04     6.30000000e+00     1.10481425e+03     2.99479377e+02     2.30347372e+02     1.19650077e+02   
    2.54000000e+04     6.35000000e+00     1.10481175e+03     3.00193601e+02     2.30462175e+02     1.20684459e+02   
    2.56000000e+04     6.40000000e+00     1.10480549e+03     2.99288945e+02     2.31023358e+02     1.20355034e+02   
    2.58000000e+04     6.45000000e+00     1.10483245e+03     2.99090059e+02     2.31802642e+02     1.21391598e+02   
    2.60000000e+04     6.50000000e+00     1.10483003e+03     2.99450426e+02     2.31298243e+02     1.20162091e+02   
    2.62000000e+04     6.55000000e+00     1.10483774e+03     2.98522943e+02     2.33017161e+02     1.21844078e+02   
    2.64000000e+04     6.60000000e+00     1.10483814e+03     2.97400295e+02     2.33334038e+02     1.22489854e+02   
    2.66000000e+04     6.65000000e+00     1.10483089e+03     2.97836671e+02     2.30884970e+02     1.19799214e+02   
    2.68000000e+04     6.70000000e+00     1.10482519e+03     2.99112053e+02     2.31449071e+02     1.20377604e+02   
    2.70000000e+04     6.75000000e+00     1.10483240e+03     2.98327159e+02     2.31557095e+02     1.20581578e+02   
    2.72000000e+04     6.80000000e+00     1.10482859e+03     2.96006856e+02     2.33410552e+02     1.21611234e+02   
    2.74000000e+04     6.85000000e+00     1.10481274e+03     2.99004091e+02     2.31162386e+02     1.20635561e+02   
    2.76000000e+04     6.90000000e+00     1.10480699e+03     2.98581223e+02     2.31903636e+02     1.19786658e+02   
    2.78000000e+04     6.95000000e+00     1.10481377e+03     2.97201343e+02     2.33608545e+02     1.23005627e+02   
    2.80000000e+04     7.00000000e+00     1.10479628e+03     2.97887285e+02     2.31585749e+02     1.18811234e+02   
    2.82000000e+04     7.05000000e+00     1.10479374e+03     2.96137741e+02     2.31122085e+02     1.18619800e+02   
    2.84000000e+04     7.10000000e+00     1.10481048e+03     2.95504571e+02     2.32104104e+02     1.18391881e+02   
    2.86000000e+04     7.15000000e+00     1.10481715e+03     2.97065291e+02     2.32512483e+02     1.20165505e+02   
    2.88000000e+04     7.20000000e+00     1.10482647e+03     3.00470906e+02     2.32273586e+02     1.19344646e+02   
    2.90000000e+04     7.25000000e+00     1.10481930e+03     2.99749030e+02     2.31196279e+02     1.18208110e+02   
    2.92000000e+04     7.30000000e+00     1.10481169e+03     3.01801791e+02     2.30980361e+02     1.17256792e+02   
    2.94000000e+04     7.35000000e+00     1.10480021e+03     3.01309140e+02     2.29984651e+02     1.17297854e+02   
    2.96000000e+04     7.40000000e+00     1.10480672e+03     3.00382839e+02     2.32723156e+02     1.20673938e+02   
    2.98000000e+04     7.45000000e+00     1.10481214e+03     3.00595663e+02     2.32026080e+02     1.19590423e+02   
    3.00000000e+04     7.50000000e+00     1.10479924e+03     2.99158650e+02     2.30155244e+02     1.17951037e+02   
    3.02000000e+04     7.55000000e+00     1.10480409e+03     3.00271828e+02     2.31406502e+02     1.18667704e+02   
    3.04000000e+04     7.60000000e+00     1.10481439e+03     2.97438111e+02     2.31594526e+02     1.19725371e+02   
    3.06000000e+04     7.65000000e+00     1.10480742e+03     2.97394573e+02     2.31276872e+02     1.17790798e+02   
    3.08000000e+04     7.70000000e+00     1.10481433e+03     3.01423367e+02     2.32221917e+02     1.19519334e+02   
    3.10000000e+04     7.75000000e+00     1.10480936e+03     3.01450529e+02     2.32066288e+02     1.18389319e+02   
    3.12000000e+04     7.80000000e+00     1.10480731e+03     3.01683634e+02     2.32084403e+02     1.19730442e+02   
    3.14000000e+04     7.85000000e+00     1.10480798e+03     3.02660478e+02     2.32933697e+02     1.19719590e+02   
    3.16000000e+04     7.90000000e+00     1.10479823e+03     3.01517007e+02     2.30073901e+02     1.17628229e+02   
    3.18000000e+04     7.95000000e+00     1.10480020e+03     2.99292549e+02     2.31167323e+02     1.17914596e+02   
    3.20000000e+04     8.00000000e+00     1.10478990e+03     2.99070655e+02     2.33422054e+02     1.20144222e+02   
    3.22000000e+04     8.05000000e+00     1.10478297e+03     3.01473220e+02     2.34027473e+02     1.19825818e+02   
    3.24000000e+04     8.10000000e+00     1.10478185e+03     3.02371480e+02     2.32665312e+02     1.19160775e+02   
    3.26000000e+04     8.15000000e+00     1.10479033e+03     3.00690579e+02     2.31833827e+02     1.19027118e+02   
    3.28000000e+04     8.20000000e+00     1.10478538e+03     2.99443616e+02     2.33219057e+02     1.20147060e+02   
    3.30000000e+04     8.25000000e+00     1.10476605e+03     3.01327871e+02     2.31157815e+02     1.16686777e+02   
    3.32000000e+04     8.30000000e+00     1.10476058e+03     3.00734249e+02     2.31385774e+02     1.17864426e+02   
    3.34000000e+04     8.35000000e+00     1.10476067e+03     3.02677263e+02     2.30860372e+02     1.17288488e+02   
    3.36000000e+04     8.40000000e+00     1.10477815e+03     3.00959528e+02     2.34135830e+02     1.21578284e+02   
    3.38000000e+04     8.45000000e+00     1.10478188e+03     2.97599768e+02     2.32502231e+02     1.21151704e+02   
    3.40000000e+04     8.50000000e+00     1.10477335e+03     2.97895479e+02     2.31092614e+02     1.19697821e+02   
    3.42000000e+04     8.55000000e+00     1.10476368e+03     2.99412668e+02     2.31445404e+02     1.19856255e+02   
    3.44000000e+04     8.60000000e+00     1.10476676e+03     2.99186549e+02     2.32861339e+02     1.20942873e+02   
    3.46000000e+04     8.65000000e+00     1.10477237e+03     3.00042639e+02     2.33542061e+02     1.22056660e+02   
    3.48000000e+04     8.70000000e+00     1.10476130e+03     2.98450661e+02     2.32521839e+02     1.20198766e+02   
    3.50000000e+04     8.75000000e+00     1.10478207e+03     2.95856589e+02     2.34032017e+02     1.23309098e+02   
    3.52000000e+04     8.80000000e+00     1.10478361e+03     3.00235703e+02     2.32049155e+02     1.18389029e+02   
    3.54000000e+04     8.85000000e+00     1.10478845e+03     2.99694546e+02     2.31061897e+02     1.18350992e+02   
    3.56000000e+04     8.90000000e+00     1.10479160e+03     2.97834173e+02     2.32655248e+02     1.18770723e+02   
    3.58000000e+04     8.95000000e+00     1.10478310e+03     2.96066659e+02     2.31254204e+02     1.18603236e+02   
    3.60000000e+04     9.00000000e+00     1.10480329e+03     2.96928517e+02     2.33596280e+02     1.20229633e+02   
    3.62000000e+04     9.05000000e+00     1.10478115e+03     2.95979703e+02     2.30418972e+02     1.15690947e+02   
    3.64000000e+04     9.10000000e+00     1.10479575e+03     2.99283159e+02     2.31531916e+02     1.18194901e+02   
    3.66000000e+04     9.15000000e+00     1.10479449e+03     2.96831341e+02     2.31995571e+02     1.18410014e+02   
    3.68000000e+04     9.20000000e+00     1.10478834e+03     3.00014878e+02     2.31275015e+02     1.18345134e+02   
    3.70000000e+04     9.25000000e+00     1.10479181e+03     3.00835226e+02     2.31317674e+02     1.16987002e+02   
    3.72000000e+04     9.30000000e+00     1.10478004e+03     3.00974810e+02     2.28695954e+02     1.14260199e+02   
    3.74000000e+04     9.35000000e+00     1.10478742e+03     2.96977771e+02     2.32952742e+02     1.19477204e+02   
    3.76000000e+04     9.40000000e+00     1.10477917e+03     2.97980950e+02     2.33721411e+02     1.19370201e+02   
    3.78000000e+04     9.45000000e+00     1.10477839e+03     3.00711475e+02     2.32280499e+02     1.19260276e+02   
    3.80000000e+04     9.50000000e+00     1.10479769e+03     2.98183673e+02     2.32760102e+02     1.19376023e+02   
    3.82000000e+04     9.55000000e+00     1.10480781e+03     2.98349877e+02     2.31550686e+02     1.19358788e+02   
    3.84000000e+04     9.60000000e+00     1.10482333e+03     3.02470243e+02     2.33002629e+02     1.19411429e+02   
    3.86000000e+04     9.65000000e+00     1.10481941e+03     2.99247232e+02     2.30698427e+02     1.16357442e+02   
    3.88000000e+04     9.70000000e+00     1.10481660e+03     3.00051748e+02     2.31262646e+02     1.17780691e+02   
    3.90000000e+04     9.75000000e+00     1.10483360e+03     3.03021486e+02     2.32553614e+02     1.17398858e+02   
    3.92000000e+04     9.80000000e+00     1.10483289e+03     3.02287186e+02     2.32163217e+02     1.18300558e+02   
    3.94000000e+04     9.85000000e+00     1.10482824e+03     3.00435332e+02     2.30774919e+02     1.14877510e+02   
    3.96000000e+04     9.90000000e+00     1.10483225e+03     3.02972562e+02     2.30962867e+02     1.17054460e+02   
    3.98000000e+04     9.95000000e+00     1.10483389e+03     2.98829810e+02     2.31174733e+02     1.16932115e+02   
    4.00000000e+04     1.00000000e+01     1.10482361e+03     3.01907665e+02     2.31856201e+02     1.18502270e+02   
    4.02000000e+04     1.00500000e+01     1.10483746e+03     3.00342354e+02     2.32870478e+02     1.19296203e+02   
    4.04000000e+04     1.01000000e+01     1.10484402e+03     3.00481804e+02     2.30753738e+02     1.17124254e+02   
    4.06000000e+04     1.01500000e+01     1.10486484e+03     3.00300791e+02     2.31305164e+02     1.19201645e+02   
    4.08000000e+04     1.02000000e+01     1.10485914e+03     3.00264351e+02     2.31434084e+02     1.19996581e+02   
    4.10000000e+04     1.02500000e+01     1.10484655e+03     2.98014114e+02     2.30827686e+02     1.18499310e+02   
    4.12000000e+04     1.03000000e+01     1.10483269e+03     3.01734769e+02     2.31103385e+02     1.17784823e+02   
    4.14000000e+04     1.03500000e+01     1.10482624e+03     2.98027237e+02     2.30568633e+02     1.16735059e+02   
    4.16000000e+04     1.04000000e+01     1.10482141e+03     3.00245850e+02     2.30710081e+02     1.17734315e+02   
    4.18000000e+04     1.04500000e+01     1.10482079e+03     3.00779592e+02     2.32165691e+02     1.19353420e+02   
    4.20000000e+04     1.05000000e+01     1.10481893e+03     3.02581084e+02     2.31994646e+02     1.18751874e+02   
    4.22000000e+04     1.05500000e+01     1.10481387e+03     2.98261400e+02     2.30933274e+02     1.17103281e+02   
    4.24000000e+04     1.06000000e+01     1.10483023e+03     2.98883920e+02     2.31975481e+02     1.19536684e+02   
    4.26000000e+04     1.06500000e+01     1.10482217e+03     3.00692310e+02     2.32603446e+02     1.18732629e+02   
    4.28000000e+04     1.07000000e+01     1.10481495e+03     3.01084061e+02     2.31443948e+02     1.18392745e+02   
    4.30000000e+04     1.07500000e+01     1.10481441e+03     2.99932439e+02     2.30594154e+02     1.17159486e+02   
    4.32000000e+04     1.08000000e+01     1.10482669e+03     3.02732995e+02     2.31005785e+02     1.16614203e+02   
    4.34000000e+04     1.08500000e+01     1.10482626e+03     3.02116024e+02     2.30779043e+02     1.15255874e+02   
    4.36000000e+04     1.09000000e+01     1.10483920e+03     2.96607811e+02     2.32038940e+02     1.17190860e+02   
    4.38000000e+04     1.09500000e+01     1.10485515e+03     2.99183943e+02     2.33377193e+02     1.18050909e+02   
    4.40000000e+04     1.10000000e+01     1.10484688e+03     3.00126448e+02     2.32203043e+02     1.15139629e+02   
    4.42000000e+04     1.10500000e+01     1.10484505e+03     3.00351849e+02     2.32257161e+02     1.17437028e+02   
    4.44000000e+04     1.11000000e+01     1.10484973e+03     3.02073131e+02     2.31944158e+02     1.18456721e+02   
    4.46000000e+04     1.11500000e+01     1.10484942e+03     2.95999133e+02     2.31797245e+02     1.18006405e+02   
    4.48000000e+04     1.12000000e+01     1.10484595e+03     3.02049662e+02     2.33145473e+02     1.17785802e+02   
    4.50000000e+04     1.12500000e+01     1.10483817e+03     3.02707528e+02     2.33141063e+02     1.18473501e+02   
    4.52000000e+04     1.13000000e+01     1.10481678e+03     3.01140903e+02     2.30657725e+02     1.18272145e+02   
    4.54000000e+04     1.13500000e+01     1.10482619e+03     3.00276038e+02     2.32279106e+02     1.18615211e+02   
    4.56000000e+04     1.14000000e+01     1.10481701e+03     3.01501126e+02     2.31628381e+02     1.18356711e+02   
    4.58000000e+04     1.14500000e+01     1.10482056e+03     3.01485968e+02     2.31322081e+02     1.17174437e+02   
    4.60000000e+04     1.15000000e+01     1.10482440e+03     2.97005295e+02     2.31450671e+02     1.17621321e+02   
    4.62000000e+04     1.15500000e+01     1.10482070e+03     2.99114869e+02     2.30982820e+02     1.16962732e+02   
    4.64000000e+04     1.16000000e+01     1.10482343e+03     3.03087584e+02     2.31496179e+02     1.14182181e+02   
    4.66000000e+04     1.16500000e+01     1.10482723e+03     2.97859650e+02     2.31595615e+02     1.16132687e+02   
    4.68000000e+04     1.17000000e+01     1.10483223e+03     3.01104858e+02     2.32109336e+02     1.17934208e+02   
    4.70000000e+04     1.17500000e+01     1.10483672e+03     3.00109122e+02     2.32192907e+02     1.17787019e+02   
    4.72000000e+04     1.18000000e+01     1.10483737e+03     3.01294496e+02     2.32721333e+02     1.17691183e+02   
    4.74000000e+04     1.18500000e+01     1.10482526e+03     2.99256406e+02     2.31970149e+02     1.16121375e+02   
    4.76000000e+04     1.19000000e+01     1.10481727e+03     3.03782255e+02     2.32224190e+02     1.16935647e+02   
    4.78000000e+04     1.19500000e+01     1.10479690e+03     2.99768353e+02     2.29479287e+02     1.13237953e+02   
    4.80000000e+04     1.20000000e+01     1.10481636e+03     2.99540709e+02     2.32351917e+02     1.18137892e+02   
    4.82000000e+04     1.20500000e+01     1.10481529e+03     3.00022220e+02     2.29493536e+02     1.15534016e+02   
    4.84000000e+04     1.21000000e+01     1.10483335e+03     2.97089390e+02     2.33244046e+02     1.20110358e+02   
    4.86000000e+04     1.21500000e+01     1.10484419e+03     2.98592460e+02     2.32239142e+02     1.19418852e+02   
    4.88000000e+04     1.22000000e+01     1.10484305e+03     2.96287511e+02     2.31801857e+02     1.18936026e+02   
    4.90000000e+04     1.22500000e+01     1.10483351e+03     2.96820768e+02     2.29504886e+02     1.16346480e+02   
    4.92000000e+04     1.23000000e+01     1.10483003e+03     2.98232346e+02     2.30883836e+02     1.17132945e+02   
    4.94000000e+04     1.23500000e+01     1.10483730e+03     2.96682280e+02     2.31633192e+02     1.18418315e+02   
    4.96000000e+04     1.24000000e+01     1.10483303e+03     2.98009984e+02     2.30427772e+02     1.17906402e+02   
    4.98000000e+04     1.24500000e+01     1.10483225e+03     2.99717118e+02     2.31829167e+02     1.18541159e+02   
    5.00000000e+04     1.25000000e+01     1.10483279e+03     2.96036878e+02     2.31958800e+02     1.17425031e+02   
    5.02000000e+04     1.25500000e+01     1.10483108e+03     2.99811272e+02     2.31906110e+02     1.17930070e+02   
    5.04000000e+04     1.26000000e+01     1.10483183e+03     2.98765032e+02     2.33810596e+02     1.19757031e+02   
    5.06000000e+04     1.26500000e+01     1.10483415e+03     2.98627860e+02     2.33822905e+02     1.21025919e+02   
    5.08000000e+04     1.27000000e+01     1.10481685e+03     2.97370169e+02     2.31162265e+02     1.18083247e+02   
    5.10000000e+04     1.27500000e+01     1.10481839e+03     2.97595718e+02     2.31530543e+02     1.19420057e+02   
    5.12000000e+04     1.28000000e+01     1.10481672e+03     2.98705630e+02     2.31406489e+02     1.18531793e+02   
    5.14000000e+04     1.28500000e+01     1.10481707e+03     2.98115889e+02     2.31575361e+02     1.18762307e+02   
    5.16000000e+04     1.29000000e+01     1.10481641e+03     2.99540093e+02     2.30112380e+02     1.16683584e+02   
    5.18000000e+04     1.29500000e+01     1.10482825e+03     2.98714376e+02     2.32550056e+02     1.20717031e+02   
    5.20000000e+04     1.30000000e+01     1.10482506e+03     2.95040353e+02     2.30366866e+02     1.18702568e+02   
    5.22000000e+04     1.30500000e+01     1.10483634e+03     3.01111292e+02     2.32397691e+02     1.18881476e+02   
    5.24000000e+04     1.31000000e+01     1.10483796e+03     2.98442662e+02     2.31073568e+02     1.18888414e+02   
    5.26000000e+04     1.31500000e+01     1.10484005e+03     2.97317659e+02     2.33238714e+02     1.20057222e+02   
    5.28000000e+04     1.32000000e+01     1.10483866e+03     3.00432387e+02     2.33145737e+02     1.21570345e+02   
    5.30000000e+04     1.32500000e+01     1.10483697e+03     2.97985523e+02     2.30291826e+02     1.18326494e+02   
    5.32000000e+04     1.33000000e+01     1.10484248e+03     2.96952171e+02     2.32072449e+02     1.19935905e+02   
    5.34000000e+04     1.33500000e+01     1.10482694e+03     2.99756117e+02     2.32562536e+02     1.19614845e+02   
    5.36000000e+04     1.34000000e+01     1.10481494e+03     2.98100708e+02     2.31201641e+02     1.19277312e+02   
    5.38000000e+04     1.34500000e+01     1.10481835e+03     2.97249371e+02     2.31291102e+02     1.19350932e+02   
    5.40000000e+04     1.35000000e+01     1.10483131e+03     3.00440965e+02     2.30962742e+02     1.18758704e+02   
    5.42000000e+04     1.35500000e+01     1.10484572e+03     2.99374006e+02     2.30909413e+02     1.19461563e+02   
    5.44000000e+04     1.36000000e+01     1.10485589e+03     2.98190135e+02     2.32190174e+02     1.20420397e+02   
    5.46000000e+04     1.36500000e+01     1.10484709e+03     2.97484745e+02     2.31090804e+02     1.17741249e+02   
    5.48000000e+04     1.37000000e+01     1.10484982e+03     2.99672094e+02     2.32133678e+02     1.17454558e+02   
    5.50000000e+04     1.37500000e+01     1.10485907e+03     3.00968981e+02     2.32473707e+02     1.20406683e+02   
    5.52000000e+04     1.38000000e+01     1.10485526e+03     2.97445139e+02     2.31493278e+02     1.19542970e+02   
    5.54000000e+04     1.38500000e+01     1.10484844e+03     2.98481143e+02     2.31675162e+02     1.18963803e+02   
    5.56000000e+04     1.39000000e+01     1.10484632e+03     3.04527949e+02     2.32471758e+02     1.19667551e+02   
    5.58000000e+04     1.39500000e+01     1.10483892e+03     2.99274555e+02     2.31789914e+02     1.20462412e+02   
    5.60000000e+04     1.40000000e+01     1.10481394e+03     3.00231625e+02     2.31814471e+02     1.19960342e+02   
    5.62000000e+04     1.40500000e+01     1.10480026e+03     2.98965174e+02     2.33226294e+02     1.21158215e+02   
    5.64000000e+04     1.41000000e+01     1.10477594e+03     3.01042518e+02     2.30948909e+02     1.18482469e+02   
    5.66000000e+04     1.41500000e+01     1.10478561e+03     2.99577306e+02     2.33205831e+02     1.22439906e+02   
    5.68000000e+04     1.42000000e+01     1.10479466e+03     3.01006410e+02     2.32050404e+02     1.20240559e+02   
    5.70000000e+04     1.42500000e+01     1.10480071e+03     2.98925513e+02     2.32048644e+02     1.22213619e+02   
    5.72000000e+04     1.43000000e+01     1.10480240e+03     2.99476030e+02     2.31880695e+02     1.21195976e+02   
    5.74000000e+04     1.43500000e+01     1.10480860e+03     3.00247151e+02     2.32501958e+02     1.21431335e+02   
    5.76000000e+04     1.44000000e+01     1.10481012e+03     2.98681773e+02     2.33196294e+02     1.21829202e+02   
    5.78000000e+04     1.44500000e+01     1.10480912e+03     2.98536578e+02     2.32049139e+02     1.19993888e+02   
    5.80000000e+04     1.45000000e+01     1.10480065e+03     2.98510061e+02     2.29843783e+02     1.17055014e+02   
    5.82000000e+04     1.45500000e+01     1.10480849e+03     3.00086548e+02     2.30512960e+02     1.16188142e+02   
    5.84000000e+04     1.46000000e+01     1.10482136e+03     2.99926435e+02     2.32119074e+02     1.18893378e+02   
    5.86000000e+04     1.46500000e+01     1.10481548e+03     3.01105825e+02     2.32235273e+02     1.20598638e+02   
    5.88000000e+04     1.47000000e+01     1.10480170e+03     2.99873815e+02     2.29595499e+02     1.17663968e+02   
    5.90000000e+04     1.47500000e+01     1.10480213e+03     3.00429324e+02     2.31041959e+02     1.18503433e+02   
    5.92000000e+04     1.48000000e+01     1.10481245e+03     2.97103069e+02     2.32273422e+02     1.20569781e+02   
    5.94000000e+04     1.48500000e+01     1.10481682e+03     2.96770494e+02     2.31708658e+02     1.19799265e+02   
    5.96000000e+04     1.49000000e+01     1.10481766e+03     3.01224716e+02     2.31002805e+02     1.19608016e+02   
    5.98000000e+04     1.49500000e+01     1.10482761e+03     3.01258671e+02     2.32938912e+02     1.19965710e+02   
    6.00000000e+04     1.50000000e+01     1.10482330e+03     2.99362071e+02     2.30573140e+02     1.19586653e+02   
    6.02000000e+04     1.50500000e+01     1.10482371e+03     2.99753503e+02     2.29945122e+02     1.18505450e+02   
    6.04000000e+04     1.51000000e+01     1.10483068e+03     3.01508115e+02     2.30674848e+02     1.18956728e+02   
    6.06000000e+04     1.51500000e+01     1.10483012e+03     3.02133271e+02     2.31909041e+02     1.20399501e+02   
    6.08000000e+04     1.52000000e+01     1.10481715e+03     3.00770580e+02     2.29728638e+02     1.15916635e+02   
    6.10000000e+04     1.52500000e+01     1.10483743e+03     2.98513518e+02     2.31845202e+02     1.18572524e+02   
    6.12000000e+04     1.53000000e+01     1.10483363e+03     2.99432842e+02     2.32957334e+02     1.19407578e+02   
    6.14000000e+04     1.53500000e+01     1.10481884e+03     2.99548417e+02     2.32947072e+02     1.18163640e+02   
    6.16000000e+04     1.54000000e+01     1.10481345e+03     2.99196772e+02     2.31596875e+02     1.17730601e+02   
    6.18000000e+04     1.54500000e+01     1.10482556e+03     2.98610121e+02     2.30944966e+02     1.16948234e+02   
    6.20000000e+04     1.55000000e+01     1.10484541e+03     3.02987131e+02     2.32524072e+02     1.20403629e+02   
    6.22000000e+04     1.55500000e+01     1.10486397e+03     3.01358415e+02     2.33488093e+02     1.20905191e+02   
    6.24000000e+04     1.56000000e+01     1.10485707e+03     3.02399975e+02     2.31918762e+02     1.19750675e+02   
    6.26000000e+04     1.56500000e+01     1.10485574e+03     3.00060899e+02     2.31318268e+02     1.17792501e+02   
    6.28000000e+04     1.57000000e+01     1.10486171e+03     2.99840102e+02     2.31911101e+02     1.18886960e+02   
    6.30000000e+04     1.57500000e+01     1.10486805e+03     3.01595896e+02     2.30872664e+02     1.17161413e+02   
    6.32000000e+04     1.58000000e+01     1.10486585e+03     3.03264515e+02     2.29245393e+02     1.15627978e+02   
    6.34000000e+04     1.58500000e+01     1.10488084e+03     3.01512239e+02     2.31397347e+02     1.17520494e+02   
    6.36000000e+04     1.59000000e+01     1.10488430e+03     3.01042663e+02     2.31528039e+02     1.18108148e+02   
    6.38000000e+04     1.59500000e+01     1.10489306e+03     2.98528693e+02     2.32525602e+02     1.21061135e+02   
    6.40000000e+04     1.60000000e+01     1.10488832e+03     3.00970440e+02     2.32577866e+02     1.19539500e+02   
    6.42000000e+04     1.60500000e+01     1.10488924e+03     2.97887769e+02     2.31999527e+02     1.19908153e+02   
    6.44000000e+04     1.61000000e+01     1.10488485e+03     3.03941679e+02     2.30815823e+02     1.18530760e+02   
    6.46000000e+04     1.61500000e+01     1.10487517e+03     2.99611312e+02     2.30714731e+02     1.19295813e+02   
    6.48000000e+04     1.62000000e+01     1.10488124e+03     3.03862890e+02     2.32166790e+02     1.19717484e+02   
    6.50000000e+04     1.62500000e+01     1.10487428e+03     3.00980366e+02     2.32210155e+02     1.20458141e+02   
    6.52000000e+04     1.63000000e+01     1.10486029e+03     2.99825228e+02     2.32088230e+02     1.19583908e+02   
    6.54000000e+04     1.63500000e+01     1.10485032e+03     2.97048329e+02     2.29736194e+02     1.18227613e+02   
    6.56000000e+04     1.64000000e+01     1.10486227e+03     3.04765183e+02     2.31583180e+02     1.18584434e+02   
    6.58000000e+04     1.64500000e+01     1.10486880e+03     3.03684693e+02     2.31434783e+02     1.18998262e+02   
    6.60000000e+04     1.65000000e+01     1.10486889e+03     3.00112323e+02     2.29612856e+02     1.15990585e+02   
    6.62000000e+04     1.65500000e+01     1.10487460e+03     3.03240131e+02     2.32078182e+02     1.17489141e+02   
    6.64000000e+04     1.66000000e+01     1.10486592e+03     3.00315965e+02     2.32803622e+02     1.18502988e+02   
    6.66000000e+04     1.66500000e+01     1.10486657e+03     2.99926436e+02     2.32539712e+02     1.18418382e+02   
    6.68000000e+04     1.67000000e+01     1.10486325e+03     2.97656197e+02     2.32263105e+02     1.19362377e+02   
    6.70000000e+04     1.67500000e+01     1.10486150e+03     3.00371421e+02     2.31350349e+02     1.18970520e+02   
    6.72000000e+04     1.68000000e+01     1.10485862e+03     2.96297623e+02     2.30709680e+02     1.19570326e+02   
    6.74000000e+04     1.68500000e+01     1.10487086e+03     2.97918061e+02     2.31737023e+02     1.19550180e+02   
    6.76000000e+04     1.69000000e+01     1.10487935e+03     2.98698527e+02     2.31983049e+02     1.19970360e+02   
    6.78000000e+04     1.69500000e+01     1.10489260e+03     3.01284039e+02     2.33220343e+02     1.19434233e+02   
    6.80000000e+04     1.70000000e+01     1.10489779e+03     2.99636402e+02     2.32093019e+02     1.19262158e+02   
    6.82000000e+04     1.70500000e+01     1.10490156e+03     2.95448145e+02     2.32145517e+02     1.17927688e+02   
    6.84000000e+04     1.71000000e+01     1.10490333e+03     3.01777301e+02     2.33701786e+02     1.20061784e+02   
    6.86000000e+04     1.71500000e+01     1.10489259e+03     2.99964413e+02     2.32136371e+02     1.18960329e+02   
    6.88000000e+04     1.72000000e+01     1.10489572e+03     3.00727292e+02     2.33408030e+02     1.20867836e+02   
    6.90000000e+04     1.72500000e+01     1.10489020e+03     3.01465585e+02     2.32055204e+02     1.21286001e+02   
    6.92000000e+04     1.73000000e+01     1.10489176e+03     3.00593705e+02     2.29827622e+02     1.18251180e+02   
    6.94000000e+04     1.73500000e+01     1.10490308e+03     3.01488111e+02     2.31100086e+02     1.19685258e+02   
    6.96000000e+04     1.74000000e+01     1.10489191e+03     2.97367583e+02     2.31136181e+02     1.19694954e+02   
    6.98000000e+04     1.74500000e+01     1.10490236e+03     3.01343771e+02     2.31287184e+02     1.18046669e+02   
    7.00000000e+04     1.75000000e+01     1.10491408e+03     3.00328777e+02     2.33303460e+02     1.19583196e+02   
    7.02000000e+04     1.75500000e+01     1.10491535e+03     3.00209406e+02     2.32697865e+02     1.19087352e+02   
    7.04000000e+04     1.76000000e+01     1.10491940e+03     3.01400410e+02     2.31348690e+02     1.17971267e+02   
    7.06000000e+04     1.76500000e+01     1.10492984e+03     3.01921476e+02     2.32835492e+02     1.20485459e+02   
    7.08000000e+04     1.77000000e+01     1.10492196e+03     3.01218236e+02     2.30366546e+02     1.17330444e+02   
    7.10000000e+04     1.77500000e+01     1.10493443e+03     2.99857838e+02     2.30791896e+02     1.17956816e+02   
    7.12000000e+04     1.78000000e+01     1.10493836e+03     2.99634025e+02     2.31152175e+02     1.17741973e+02   
    7.14000000e+04     1.78500000e+01     1.10493858e+03     3.00395156e+02     2.31151002e+02     1.17606008e+02   
    7.16000000e+04     1.79000000e+01     1.10493176e+03     3.00956550e+02     2.32337146e+02     1.18286014e+02   
    7.18000000e+04     1.79500000e+01     1.10491216e+03     2.96703876e+02     2.31550278e+02     1.17407338e+02   
    7.20000000e+04     1.80000000e+01     1.10491254e+03     3.00999910e+02     2.32692671e+02     1.19429212e+02   
    7.22000000e+04     1.80500000e+01     1.10490772e+03     2.97050418e+02     2.32038281e+02     1.17646057e+02   
    7.24000000e+04     1.81000000e+01     1.10490365e+03     2.98345820e+02     2.31142357e+02     1.16990051e+02   
    7.26000000e+04     1.81500000e+01     1.10490787e+03     2.97036904e+02     2.32173771e+02     1.18354062e+02   
    7.28000000e+04     1.82000000e+01     1.10489950e+03     2.98970389e+02     2.30437325e+02     1.15956229e+02   
    7.30000000e+04     1.82500000e+01     1.10491524e+03     3.00999340e+02     2.30848439e+02     1.16155085e+02   
    7.32000000e+04     1.83000000e+01     1.10492863e+03     2.99623266e+02     2.30653176e+02     1.15276266e+02   
    7.34000000e+04     1.83500000e+01     1.10495284e+03     2.97856793e+02     2.33613393e+02     1.20244297e+02   
    7.36000000e+04     1.84000000e+01     1.10495624e+03     2.98232550e+02     2.31457731e+02     1.16674667e+02   
    7.38000000e+04     1.84500000e+01     1.10496429e+03     2.97061822e+02     2.30246414e+02     1.16668861e+02   
    7.40000000e+04     1.85000000e+01     1.10497173e+03     3.00841713e+02     2.32482212e+02     1.16556628e+02   
    7.42000000e+04     1.85500000e+01     1.10497383e+03     2.99209100e+02     2.30763981e+02     1.17338900e+02   
    7.44000000e+04     1.86000000e+01     1.10496438e+03     3.00929788e+02     2.31234363e+02     1.17101918e+02   
    7.46000000e+04     1.86500000e+01     1.10497661e+03     3.00800557e+02     2.30839331e+02     1.16845015e+02   
    7.48000000e+04     1.87000000e+01     1.10496848e+03     3.01723306e+02     2.32315005e+02     1.19479615e+02   
    7.50000000e+04     1.87500000e+01     1.10496556e+03     2.98496362e+02     2.32040782e+02     1.18920195e+02   
    7.52000000e+04     1.88000000e+01     1.10495942e+03     2.98135420e+02     2.30099502e+02     1.18126767e+02   
    7.54000000e+04     1.88500000e+01     1.10495081e+03     2.99819129e+02     2.30988747e+02     1.18862732e+02   
    7.56000000e+04     1.89000000e+01     1.10495088e+03     2.99207115e+02     2.31651415e+02     1.19279532e+02   
    7.58000000e+04     1.89500000e+01     1.10494581e+03     2.99089261e+02     2.30682622e+02     1.19289280e+02   
    7.60000000e+04     1.90000000e+01     1.10495478e+03     2.99878575e+02     2.32649134e+02     1.20109533e+02   
    7.62000000e+04     1.90500000e+01     1.10496615e+03     3.00755570e+02     2.34016116e+02     1.21412702e+02   
    7.64000000e+04     1.91000000e+01     1.10494891e+03     3.02123695e+02     2.29721196e+02     1.16602883e+02   
    7.66000000e+04     1.91500000e+01     1.10495216e+03     3.01636148e+02     2.30929620e+02     1.16620772e+02   
    7.68000000e+04     1.92000000e+01     1.10495479e+03     3.01789379e+02     2.32898943e+02     1.18554366e+02   
    7.70000000e+04     1.92500000e+01     1.10495610e+03     3.00467814e+02     2.31505423e+02     1.17139959e+02   
    7.72000000e+04     1.93000000e+01     1.10496025e+03     3.00723859e+02     2.32238393e+02     1.19398510e+02   
    7.74000000e+04     1.93500000e+01     1.10495679e+03     3.00380582e+02     2.31984466e+02     1.17670200e+02   
    7.76000000e+04     1.94000000e+01     1.10495812e+03     3.00160227e+02     2.30296582e+02     1.17102641e+02   
    7.78000000e+04     1.94500000e+01     1.10496274e+03     2.96964555e+02     2.30338502e+02     1.17351548e+02   
    7.80000000e+04     1.95000000e+01     1.10496634e+03     3.01661155e+02     2.32951353e+02     1.18614378e+02   
    7.82000000e+04     1.95500000e+01     1.10495735e+03     3.02955021e+02     2.31223524e+02     1.18355206e+02   
    7.84000000e+04     1.96000000e+01     1.10496156e+03     3.03292530e+02     2.32175044e+02     1.16954929e+02   
    7.86000000e+04     1.96500000e+01     1.10495578e+03     2.98035925e+02     2.30365611e+02     1.18441627e+02   
    7.88000000e+04     1.97000000e+01     1.10496319e+03     3.00218103e+02     2.30119741e+02     1.16413779e+02   
    7.90000000e+04     1.97500000e+01     1.10496835e+03     3.02052472e+02     2.30538706e+02     1.17499535e+02   
    7.92000000e+04     1.98000000e+01     1.10495815e+03     3.00377419e+02     2.28697581e+02     1.14450429e+02   
    7.94000000e+04     1.98500000e+01     1.10496558e+03     3.01509787e+02     2.30590816e+02     1.16950221e+02   
    7.96000000e+04     1.99000000e+01     1.10495382e+03     3.00522478e+02     2.31035165e+02     1.17589574e+02   
    7.98000000e+04     1.99500000e+01     1.10495706e+03     2.99298356e+02     2.31107464e+02     1.14943974e+02   
    8.00000000e+04     2.00000000e+01     1.10496701e+03     2.98371774e+02     2.31999339e+02     1.18476604e+02   
