# column   1     --> step : The current simulation time step.
# column   2     --> time{picosecond} : The elapsed simulation time.
# column   3     --> conserved{electronvolt} : The value of the conserved energy quantity per bead.
# column   4     --> temperature{kelvin} : The current temperature, as obtained from the MD kinetic energy.
# column   5     --> kinetic_cv{electronvolt} : The centroid-virial quantum kinetic energy of the physical system.
# column   6     --> potential{electronvolt} : The physical system potential energy.
    0.00000000e+00     0.00000000e+00     1.10534764e+03     3.04428649e+02     2.31848121e+02     1.19754335e+02   
    2.00000000e+02     5.00000000e-02     1.10534975e+03     2.99961027e+02     2.30862366e+02     1.18630111e+02   
    4.00000000e+02     1.00000000e-01     1.10535143e+03     2.99215305e+02     2.31525157e+02     1.20447797e+02   
    6.00000000e+02     1.50000000e-01     1.10535191e+03     2.98394502e+02     2.31823929e+02     1.19110132e+02   
    8.00000000e+02     2.00000000e-01     1.10535705e+03     2.96338284e+02     2.32728502e+02     1.22685170e+02   
    1.00000000e+03     2.50000000e-01     1.10536417e+03     2.98536380e+02     2.33195970e+02     1.21814660e+02   
    1.20000000e+03     3.00000000e-01     1.10536784e+03     3.00079031e+02     2.32801006e+02     1.20325572e+02   
    1.40000000e+03     3.50000000e-01     1.10535792e+03     3.03592590e+02     2.32857375e+02     1.18950684e+02   
    1.60000000e+03     4.00000000e-01     1.10535857e+03     2.95730529e+02     2.31613887e+02     1.17422115e+02   
    1.80000000e+03     4.50000000e-01     1.10537786e+03     2.95849241e+02     2.33340795e+02     1.19383282e+02   
    2.00000000e+03     5.00000000e-01     1.10539346e+03     3.00855613e+02     2.32158070e+02     1.18000149e+02   
    2.20000000e+03     5.50000000e-01     1.10539259e+03     2.99708770e+02     2.30321744e+02     1.16133131e+02   
    2.40000000e+03     6.00000000e-01     1.10540165e+03     2.96701923e+02     2.32523147e+02     1.19119394e+02   
    2.60000000e+03     6.50000000e-01     1.10540338e+03     2.97903417e+02     2.29951074e+02     1.16754741e+02   
    2.80000000e+03     7.00000000e-01     1.10541069e+03     3.00635984e+02     2.31818469e+02     1.19130312e+02   
    3.00000000e+03     7.50000000e-01     1.10541712e+03     2.97983284e+02     2.31516657e+02     1.18830046e+02   
    3.20000000e+03     8.00000000e-01     1.10541868e+03     3.00667006e+02     2.31742046e+02     1.18446825e+02   
    3.40000000e+03     8.50000000e-01     1.10542984e+03     3.01581675e+02     2.31956354e+02     1.18780804e+02   
    3.60000000e+03     9.00000000e-01     1.10543680e+03     2.99387347e+02     2.32668336e+02     1.19164103e+02   
    3.80000000e+03     9.50000000e-01     1.10543290e+03     2.96336947e+02     2.31477096e+02     1.18637558e+02   
    4.00000000e+03     1.00000000e+00     1.10542669e+03     2.98493776e+02     2.30916358e+02     1.17638630e+02   
    4.20000000e+03     1.05000000e+00     1.10541707e+03     2.99984536e+02     2.30674151e+02     1.18199640e+02   
    4.40000000e+03     1.10000000e+00     1.10542017e+03     3.00326685e+02     2.31439919e+02     1.17989293e+02   
    4.60000000e+03     1.15000000e+00     1.10542855e+03     2.97631557e+02     2.32473409e+02     1.18831583e+02   
    4.80000000e+03     1.20000000e+00     1.10542800e+03     2.99292459e+02     2.31816219e+02     1.19009951e+02   
    5.00000000e+03     1.25000000e+00     1.10542111e+03     3.01007465e+02     2.30311301e+02     1.18004321e+02   
    5.20000000e+03     1.30000000e+00     1.10541515e+03     3.01607761e+02     2.29675645e+02     1.16944590e+02   
    5.40000000e+03     1.35000000e+00     1.10541496e+03     3.02455288e+02     2.31819206e+02     1.16947725e+02   
    5.60000000e+03     1.40000000e+00     1.10540990e+03     2.98964431e+02     2.29631071e+02     1.17069031e+02   
    5.80000000e+03     1.45000000e+00     1.10540287e+03     2.98316631e+02     2.30479199e+02     1.16128435e+02   
    6.00000000e+03     1.50000000e+00     1.10540647e+03     2.99976304e+02     2.33144265e+02     1.21193137e+02   
    6.20000000e+03     1.55000000e+00     1.10540216e+03     3.01005253e+02     2.30823445e+02     1.16333272e+02   
    6.40000000e+03     1.60000000e+00     1.10539758e+03     3.00333678e+02     2.30503274e+02     1.16235533e+02   
    6.60000000e+03     1.65000000e+00     1.10541032e+03     3.04887866e+02     2.31881634e+02     1.17709203e+02   
    6.80000000e+03     1.70000000e+00     1.10542278e+03     3.02042854e+02     2.29130339e+02     1.15859932e+02   
    7.00000000e+03     1.75000000e+00     1.10544941e+03     3.00464194e+02     2.32046105e+02     1.18934425e+02   
    7.20000000e+03     1.80000000e+00     1.10546184e+03     2.97910238e+02     2.33698974e+02     1.20634584e+02   
    7.40000000e+03     1.85000000e+00     1.10545026e+03     2.99325505e+02     2.30184311e+02     1.17264478e+02   
    7.60000000e+03     1.90000000e+00     1.10545857e+03     2.98999306e+02     2.30257777e+02     1.17486951e+02   
    7.80000000e+03     1.95000000e+00     1.10545754e+03     2.99438082e+02     2.32460369e+02     1.19850160e+02   
    8.00000000e+03     2.00000000e+00     1.10544581e+03     3.01614028e+02     2.30687419e+02     1.19313125e+02   
    8.20000000e+03     2.05000000e+00     1.10544651e+03     3.00186042e+02     2.30126954e+02     1.18658718e+02   
    8.40000000e+03     2.10000000e+00     1.10544632e+03     3.00311228e+02     2.31389073e+02     1.21789756e+02   
    8.60000000e+03     2.15000000e+00     1.10545863e+03     2.98077271e+02     2.32099054e+02     1.20891329e+02   
    8.80000000e+03     2.20000000e+00     1.10546031e+03     2.97289087e+02     2.31981175e+02     1.22626302e+02   
    9.00000000e+03     2.25000000e+00     1.10546188e+03     3.00447252e+02     2.31234595e+02     1.20234914e+02   
    9.20000000e+03     2.30000000e+00     1.10545910e+03     3.00185991e+02     2.31968110e+02     1.21537793e+02   
    9.40000000e+03     2.35000000e+00     1.10545565e+03     3.00290075e+02     2.31160052e+02     1.20122294e+02   
    9.60000000e+03     2.40000000e+00     1.10545733e+03     3.02265222e+02     2.31438388e+02     1.19955166e+02   
    9.80000000e+03     2.45000000e+00     1.10547065e+03     3.01672160e+02     2.31396604e+02     1.21834138e+02   
    1.00000000e+04     2.50000000e+00     1.10545916e+03     3.01577909e+02     2.30366007e+02     1.18578870e+02   
    1.02000000e+04     2.55000000e+00     1.10546688e+03     3.00641800e+02     2.31110436e+02     1.20879439e+02   
    1.04000000e+04     2.60000000e+00     1.10546873e+03     3.04946466e+02     2.32872014e+02     1.21595305e+02   
    1.06000000e+04     2.65000000e+00     1.10546670e+03     3.00942083e+02     2.31246629e+02     1.21337058e+02   
    1.08000000e+04     2.70000000e+00     1.10546615e+03     3.01261227e+02     2.30806701e+02     1.20159210e+02   
    1.10000000e+04     2.75000000e+00     1.10546082e+03     3.03920334e+02     2.29719726e+02     1.18880928e+02   
    1.12000000e+04     2.80000000e+00     1.10546637e+03     3.00061254e+02     2.31888239e+02     1.20222514e+02   
    1.14000000e+04     2.85000000e+00     1.10545747e+03     3.01875411e+02     2.31011350e+02     1.19104469e+02   
    1.16000000e+04     2.90000000e+00     1.10545370e+03     2.97178153e+02     2.31351038e+02     1.19952150e+02   
    1.18000000e+04     2.95000000e+00     1.10544397e+03     3.02194996e+02     2.31398668e+02     1.20294656e+02   
    1.20000000e+04     3.00000000e+00     1.10545318e+03     3.01820062e+02     2.32188781e+02     1.21021433e+02   
    1.22000000e+04     3.05000000e+00     1.10545856e+03     3.01095715e+02     2.32176906e+02     1.21636117e+02   
    1.24000000e+04     3.10000000e+00     1.10547308e+03     2.98606551e+02     2.32301363e+02     1.21424604e+02   
    1.26000000e+04     3.15000000e+00     1.10547572e+03     2.99869198e+02     2.32257646e+02     1.22865026e+02   
    1.28000000e+04     3.20000000e+00     1.10548272e+03     2.97388889e+02     2.31637040e+02     1.22419527e+02   
    1.30000000e+04     3.25000000e+00     1.10547502e+03     2.99310652e+02     2.30089887e+02     1.20011874e+02   
    1.32000000e+04     3.30000000e+00     1.10547569e+03     3.00597782e+02     2.33902356e+02     1.21597605e+02   
    1.34000000e+04     3.35000000e+00     1.10546036e+03     3.00964251e+02     2.32611971e+02     1.19889989e+02   
    1.36000000e+04     3.40000000e+00     1.10546381e+03     3.00928369e+02     2.32257602e+02     1.18730183e+02   
    1.38000000e+04     3.45000000e+00     1.10548064e+03     2.99909507e+02     2.31674799e+02     1.18879129e+02   
    1.40000000e+04     3.50000000e+00     1.10548563e+03     3.00422380e+02     2.31227440e+02     1.18880055e+02   
    1.42000000e+04     3.55000000e+00     1.10548186e+03     2.98277261e+02     2.30001857e+02     1.18598208e+02   
    1.44000000e+04     3.60000000e+00     1.10548546e+03     2.99981879e+02     2.31452794e+02     1.18509952e+02   
    1.46000000e+04     3.65000000e+00     1.10549545e+03     2.99716112e+02     2.30499472e+02     1.16184947e+02   
    1.48000000e+04     3.70000000e+00     1.10549710e+03     3.01938174e+02     2.31464855e+02     1.17732926e+02   
    1.50000000e+04     3.75000000e+00     1.10550658e+03     2.98302577e+02     2.32202032e+02     1.18635869e+02   
    1.52000000e+04     3.80000000e+00     1.10550350e+03     3.01712747e+02     2.30746078e+02     1.16928065e+02   
    1.54000000e+04     3.85000000e+00     1.10551765e+03     3.02595192e+02     2.32145240e+02     1.18431832e+02   
    1.56000000e+04     3.90000000e+00     1.10551562e+03     3.01701376e+02     2.30733585e+02     1.18861065e+02   
    1.58000000e+04     3.95000000e+00     1.10552269e+03     3.00993024e+02     2.32654825e+02     1.20791221e+02   
    1.60000000e+04     4.00000000e+00     1.10551672e+03     3.03290066e+02     2.32138436e+02     1.20029564e+02   
    1.62000000e+04     4.05000000e+00     1.10551091e+03     3.01218655e+02     2.33608912e+02     1.20624218e+02   
    1.64000000e+04     4.10000000e+00     1.10549413e+03     3.01218809e+02     2.32953696e+02     1.20218101e+02   
    1.66000000e+04     4.15000000e+00     1.10547879e+03     3.00825626e+02     2.30506376e+02     1.18872024e+02   
    1.68000000e+04     4.20000000e+00     1.10548052e+03     3.01455909e+02     2.32349473e+02     1.19937826e+02   
    1.70000000e+04     4.25000000e+00     1.10547172e+03     3.02117338e+02     2.30948559e+02     1.19784177e+02   
    1.72000000e+04     4.30000000e+00     1.10546776e+03     3.01216347e+02     2.30078838e+02     1.17401451e+02   
    1.74000000e+04     4.35000000e+00     1.10548355e+03     2.97021922e+02     2.30351421e+02     1.18406814e+02   
    1.76000000e+04     4.40000000e+00     1.10550001e+03     3.01099759e+02     2.31433300e+02     1.19429433e+02   
    1.78000000e+04     4.45000000e+00     1.10551298e+03     3.02240108e+02     2.32996787e+02     1.19922003e+02   
    1.80000000e+04     4.50000000e+00     1.10551215e+03     2.98404032e+02     2.30845831e+02     1.19448867e+02   
    1.82000000e+04     4.55000000e+00     1.10552089e+03     3.04263202e+02     2.31605315e+02     1.19219746e+02   
    1.84000000e+04     4.60000000e+00     1.10551683e+03     3.00810251e+02     2.32413698e+02     1.20334644e+02   
    1.86000000e+04     4.65000000e+00     1.10551819e+03     3.03480137e+02     2.31823397e+02     1.19324423e+02   
    1.88000000e+04     4.70000000e+00     1.10550108e+03     3.00725033e+02     2.29747528e+02     1.17918186e+02   
    1.90000000e+04     4.75000000e+00     1.10549389e+03     2.98085370e+02     2.31617881e+02     1.19480855e+02   
    1.92000000e+04     4.80000000e+00     1.10550947e+03     2.99936238e+02     2.31692829e+02     1.19140775e+02   
    1.94000000e+04     4.85000000e+00     1.10552249e+03     3.00492135e+02     2.31893095e+02     1.20523903e+02   
    1.96000000e+04     4.90000000e+00     1.10553326e+03     2.98557133e+02     2.31628833e+02     1.19998033e+02   
    1.98000000e+04     4.95000000e+00     1.10553574e+03     2.95252831e+02     2.32437400e+02     1.21462811e+02   
    2.00000000e+04     5.00000000e+00     1.10553127e+03     2.99814204e+02     2.32786991e+02     1.20827671e+02   
    2.02000000e+04     5.05000000e+00     1.10552920e+03     2.98690560e+02     2.30294258e+02     1.19524036e+02   
    2.04000000e+04     5.10000000e+00     1.10554827e+03     3.00872230e+02     2.32545725e+02     1.19203880e+02   
    2.06000000e+04     5.15000000e+00     1.10555242e+03     2.97711859e+02     2.31304358e+02     1.19045120e+02   
    2.08000000e+04     5.20000000e+00     1.10555222e+03     2.99015404e+02     2.31670206e+02     1.18914393e+02   
    2.10000000e+04     5.25000000e+00     1.10556186e+03     2.99392814e+02     2.31879841e+02     1.19059486e+02   
    2.12000000e+04     5.30000000e+00     1.10555188e+03     3.02204517e+02     2.31081319e+02     1.18320716e+02   
    2.14000000e+04     5.35000000e+00     1.10555753e+03     3.01412243e+02     2.33805790e+02     1.19531493e+02   
    2.16000000e+04     5.40000000e+00     1.10554460e+03     3.02372561e+02     2.31304124e+02     1.17752559e+02   
    2.18000000e+04     5.45000000e+00     1.10555091e+03     3.01047327e+02     2.32222485e+02     1.20030812e+02   
    2.20000000e+04     5.50000000e+00     1.10555778e+03     3.02224115e+02     2.32211643e+02     1.19150612e+02   
    2.22000000e+04     5.55000000e+00     1.10556698e+03     2.97753368e+02     2.31960369e+02     1.17019084e+02   
    2.24000000e+04     5.60000000e+00     1.10556596e+03     3.01054684e+02     2.31196454e+02     1.18090727e+02   
    2.26000000e+04     5.65000000e+00     1.10556540e+03     3.01458855e+02     2.32512754e+02     1.20219178e+02   
    2.28000000e+04     5.70000000e+00     1.10556611e+03     2.99802801e+02     2.32558975e+02     1.20217626e+02   
    2.30000000e+04     5.75000000e+00     1.10554735e+03     3.02874810e+02     2.31429417e+02     1.17738538e+02   
    2.32000000e+04     5.80000000e+00     1.10553810e+03     3.02682524e+02     2.29938677e+02     1.16828219e+02   
    2.34000000e+04     5.85000000e+00     1.10553952e+03     2.99566931e+02     2.30814629e+02     1.18555034e+02   
    2.36000000e+04     5.90000000e+00     1.10554913e+03     2.99544653e+02     2.33127588e+02     1.21004237e+02   
    2.38000000e+04     5.95000000e+00     1.10554510e+03     3.01011892e+02     2.31902811e+02     1.19443488e+02   
    2.40000000e+04     6.00000000e+00     1.10554797e+03     3.01104243e+02     2.32539917e+02     1.19247927e+02   
    2.42000000e+04     6.05000000e+00     1.10555170e+03     2.99823278e+02     2.32293521e+02     1.20425954e+02   
    2.44000000e+04     6.10000000e+00     1.10554876e+03     2.99457489e+02     2.31583670e+02     1.20173421e+02   
    2.46000000e+04     6.15000000e+00     1.10553575e+03     3.00807395e+02     2.30931053e+02     1.19307241e+02   
    2.48000000e+04     6.20000000e+00     1.10552527e+03     3.00456167e+02     2.30689634e+02     1.18061824e+02   
    2.50000000e+04     6.25000000e+00     1.10553573e+03     3.02534599e+02     2.32605979e+02     1.19135111e+02   
    2.52000000e+04     6.30000000e+00     1.10553054e+03     3.00794604e+02     2.29671151e+02     1.18261028e+02   
    2.54000000e+04     6.35000000e+00     1.10552617e+03     3.02303927e+02     2.30165688e+02     1.18095837e+02   
    2.56000000e+04     6.40000000e+00     1.10551968e+03     3.00879925e+02     2.32000431e+02     1.20881396e+02   
    2.58000000e+04     6.45000000e+00     1.10553294e+03     3.00370571e+02     2.32767084e+02     1.19902580e+02   
    2.60000000e+04     6.50000000e+00     1.10552682e+03     3.01818566e+02     2.31033377e+02     1.19409588e+02   
    2.62000000e+04     6.55000000e+00     1.10553993e+03     3.00875315e+02     2.32408358e+02     1.22646780e+02   
    2.64000000e+04     6.60000000e+00     1.10553369e+03     3.00804694e+02     2.33910490e+02     1.22022785e+02   
    2.66000000e+04     6.65000000e+00     1.10551815e+03     3.00450134e+02     2.30804093e+02     1.18699483e+02   
    2.68000000e+04     6.70000000e+00     1.10552956e+03     3.01364646e+02     2.31672810e+02     1.20443094e+02   
    2.70000000e+04     6.75000000e+00     1.10553904e+03     2.99486235e+02     2.32521204e+02     1.23513698e+02   
    2.72000000e+04     6.80000000e+00     1.10554470e+03     3.00148270e+02     2.32804794e+02     1.20750294e+02   
    2.74000000e+04     6.85000000e+00     1.10552441e+03     2.99875863e+02     2.32650841e+02     1.20378407e+02   
    2.76000000e+04     6.90000000e+00     1.10552423e+03     3.00858490e+02     2.31227873e+02     1.18285928e+02   
    2.78000000e+04     6.95000000e+00     1.10553308e+03     3.01210005e+02     2.32017015e+02     1.19567795e+02   
    2.80000000e+04     7.00000000e+00     1.10552056e+03     3.00155714e+02     2.30521824e+02     1.18832534e+02   
    2.82000000e+04     7.05000000e+00     1.10551588e+03     2.98886803e+02     2.31317489e+02     1.18105453e+02   
    2.84000000e+04     7.10000000e+00     1.10552309e+03     2.97733124e+02     2.31838676e+02     1.17949262e+02   
    2.86000000e+04     7.15000000e+00     1.10552611e+03     2.99360535e+02     2.31360543e+02     1.18831440e+02   
    2.88000000e+04     7.20000000e+00     1.10553517e+03     3.00563535e+02     2.33176986e+02     1.21770232e+02   
    2.90000000e+04     7.25000000e+00     1.10554358e+03     3.00184706e+02     2.31797138e+02     1.19926264e+02   
    2.92000000e+04     7.30000000e+00     1.10555287e+03     3.02613628e+02     2.33038292e+02     1.20781940e+02   
    2.94000000e+04     7.35000000e+00     1.10556301e+03     3.01749786e+02     2.31568437e+02     1.20226194e+02   
    2.96000000e+04     7.40000000e+00     1.10557013e+03     3.02832699e+02     2.31370631e+02     1.20702434e+02   
    2.98000000e+04     7.45000000e+00     1.10558412e+03     3.03117664e+02     2.31197870e+02     1.19156307e+02   
    3.00000000e+04     7.50000000e+00     1.10558637e+03     3.00961342e+02     2.30600552e+02     1.17175894e+02   
    3.02000000e+04     7.55000000e+00     1.10558638e+03     3.02706928e+02     2.31593592e+02     1.18006064e+02   
    3.04000000e+04     7.60000000e+00     1.10558256e+03     3.00310486e+02     2.31612327e+02     1.19254996e+02   
    3.06000000e+04     7.65000000e+00     1.10557154e+03     2.98606120e+02     2.30090329e+02     1.17270159e+02   
    3.08000000e+04     7.70000000e+00     1.10557205e+03     3.02506589e+02     2.31831681e+02     1.19432938e+02   
    3.10000000e+04     7.75000000e+00     1.10556929e+03     3.02187596e+02     2.30630146e+02     1.17507344e+02   
    3.12000000e+04     7.80000000e+00     1.10557367e+03     3.02751695e+02     2.31733195e+02     1.19117384e+02   
    3.14000000e+04     7.85000000e+00     1.10558126e+03     3.02171008e+02     2.34309248e+02     1.21692550e+02   
    3.16000000e+04     7.90000000e+00     1.10556519e+03     3.02094826e+02     2.31869750e+02     1.19378086e+02   
    3.18000000e+04     7.95000000e+00     1.10554531e+03     2.99189923e+02     2.29964911e+02     1.16931036e+02   
    3.20000000e+04     8.00000000e+00     1.10554037e+03     2.99448957e+02     2.29778941e+02     1.17546422e+02   
    3.22000000e+04     8.05000000e+00     1.10555560e+03     3.01786756e+02     2.33746939e+02     1.22161715e+02   
    3.24000000e+04     8.10000000e+00     1.10554610e+03     3.05801812e+02     2.31275154e+02     1.18422073e+02   
    3.26000000e+04     8.15000000e+00     1.10553468e+03     3.01878327e+02     2.32388305e+02     1.19140650e+02   
    3.28000000e+04     8.20000000e+00     1.10553404e+03     2.99486682e+02     2.31955270e+02     1.18787870e+02   
    3.30000000e+04     8.25000000e+00     1.10553188e+03     3.01175595e+02     2.31192826e+02     1.18252605e+02   
    3.32000000e+04     8.30000000e+00     1.10553154e+03     3.01472672e+02     2.32404285e+02     1.19346274e+02   
    3.34000000e+04     8.35000000e+00     1.10552127e+03     3.03326348e+02     2.30311465e+02     1.16402207e+02   
    3.36000000e+04     8.40000000e+00     1.10553015e+03     3.01304498e+02     2.32689311e+02     1.20042049e+02   
    3.38000000e+04     8.45000000e+00     1.10551641e+03     2.98629810e+02     2.30383881e+02     1.17605386e+02   
    3.40000000e+04     8.50000000e+00     1.10552467e+03     3.00131485e+02     2.30982652e+02     1.16844951e+02   
    3.42000000e+04     8.55000000e+00     1.10553193e+03     3.00730970e+02     2.31821981e+02     1.18844552e+02   
    3.44000000e+04     8.60000000e+00     1.10553241e+03     3.00930623e+02     2.31640430e+02     1.17815441e+02   
    3.46000000e+04     8.65000000e+00     1.10552651e+03     3.01307228e+02     2.33693117e+02     1.19501992e+02   
    3.48000000e+04     8.70000000e+00     1.10551766e+03     2.99030457e+02     2.32493290e+02     1.18315210e+02   
    3.50000000e+04     8.75000000e+00     1.10551364e+03     2.98296985e+02     2.32521218e+02     1.19417253e+02   
    3.52000000e+04     8.80000000e+00     1.10550635e+03     3.02771779e+02     2.33107113e+02     1.20378831e+02   
    3.54000000e+04     8.85000000e+00     1.10547729e+03     3.02306843e+02     2.30092206e+02     1.16667447e+02   
    3.56000000e+04     8.90000000e+00     1.10548696e+03     2.99274589e+02     2.31574963e+02     1.19856215e+02   
    3.58000000e+04     8.95000000e+00     1.10549582e+03     2.98081466e+02     2.29890592e+02     1.16643801e+02   
    3.60000000e+04     9.00000000e+00     1.10552055e+03     2.97405825e+02     2.33272479e+02     1.20741222e+02   
    3.62000000e+04     9.05000000e+00     1.10552845e+03     2.98133842e+02     2.31982936e+02     1.17238646e+02   
    3.64000000e+04     9.10000000e+00     1.10554175e+03     2.99373888e+02     2.32630639e+02     1.17980750e+02   
    3.66000000e+04     9.15000000e+00     1.10553220e+03     2.98583823e+02     2.28954738e+02     1.14109004e+02   
    3.68000000e+04     9.20000000e+00     1.10554289e+03     3.02427851e+02     2.32799001e+02     1.16599334e+02   
    3.70000000e+04     9.25000000e+00     1.10553398e+03     2.99912632e+02     2.29407968e+02     1.15215741e+02   
    3.72000000e+04     9.30000000e+00     1.10553715e+03     3.01291477e+02     2.31298861e+02     1.16486356e+02   
    3.74000000e+04     9.35000000e+00     1.10554275e+03     2.97488293e+02     2.33043359e+02     1.19897088e+02   
    3.76000000e+04     9.40000000e+00     1.10552777e+03     3.00129538e+02     2.31505871e+02     1.16357775e+02   
    3.78000000e+04     9.45000000e+00     1.10553653e+03     3.01383707e+02     2.32713859e+02     1.18080656e+02   
    3.80000000e+04     9.50000000e+00     1.10553903e+03     2.97404464e+02     2.34211542e+02     1.19162714e+02   
    3.82000000e+04     9.55000000e+00     1.10551778e+03     2.98593519e+02     2.30851465e+02     1.15775326e+02   
    3.84000000e+04     9.60000000e+00     1.10552075e+03     3.01648826e+02     2.31410069e+02     1.17314126e+02   
    3.86000000e+04     9.65000000e+00     1.10551823e+03     2.98378750e+02     2.31546294e+02     1.17095271e+02   
    3.88000000e+04     9.70000000e+00     1.10551432e+03     2.97862366e+02     2.30686008e+02     1.16775158e+02   
    3.90000000e+04     9.75000000e+00     1.10552818e+03     3.00408413e+02     2.32954611e+02     1.20075824e+02   
    3.92000000e+04     9.80000000e+00     1.10553444e+03     3.00491347e+02     2.33449675e+02     1.18951340e+02   
    3.94000000e+04     9.85000000e+00     1.10552558e+03     2.99123320e+02     2.31497381e+02     1.16731844e+02   
    3.96000000e+04     9.90000000e+00     1.10553676e+03     3.01833722e+02     2.31710306e+02     1.18069518e+02   
    3.98000000e+04     9.95000000e+00     1.10553572e+03     2.98708841e+02     2.30682078e+02     1.16578070e+02   
    4.00000000e+04     1.00000000e+01     1.10555171e+03     3.01012154e+02     2.32729482e+02     1.20225770e+02   
    4.02000000e+04     1.00500000e+01     1.10556499e+03     2.99394439e+02     2.33474901e+02     1.19737243e+02   
    4.04000000e+04     1.01000000e+01     1.10555951e+03     2.99590074e+02     2.30694346e+02     1.17024758e+02   
    4.06000000e+04     1.01500000e+01     1.10556672e+03     3.00109927e+02     2.32256476e+02     1.19404184e+02   
    4.08000000e+04     1.02000000e+01     1.10556473e+03     2.99992341e+02     2.31671359e+02     1.19358399e+02   
    4.10000000e+04     1.02500000e+01     1.10556353e+03     2.97594533e+02     2.31515633e+02     1.18696898e+02   
    4.12000000e+04     1.03000000e+01     1.10555989e+03     3.00420232e+02     2.32097143e+02     1.17798475e+02   
    4.14000000e+04     1.03500000e+01     1.10556543e+03     2.97937473e+02     2.32086129e+02     1.18350210e+02   
    4.16000000e+04     1.04000000e+01     1.10555791e+03     2.98892739e+02     2.32076672e+02     1.18643252e+02   
    4.18000000e+04     1.04500000e+01     1.10556515e+03     2.98443727e+02     2.32359734e+02     1.20526752e+02   
    4.20000000e+04     1.05000000e+01     1.10556241e+03     2.99373235e+02     2.32568300e+02     1.21288417e+02   
    4.22000000e+04     1.05500000e+01     1.10556145e+03     2.96170651e+02     2.31382013e+02     1.19719658e+02   
    4.24000000e+04     1.06000000e+01     1.10556024e+03     2.97534356e+02     2.31582146e+02     1.19851506e+02   
    4.26000000e+04     1.06500000e+01     1.10555749e+03     3.00651228e+02     2.32170959e+02     1.19734048e+02   
    4.28000000e+04     1.07000000e+01     1.10555347e+03     3.00917385e+02     2.31675437e+02     1.18594519e+02   
    4.30000000e+04     1.07500000e+01     1.10555298e+03     2.98021862e+02     2.31580518e+02     1.17815945e+02   
    4.32000000e+04     1.08000000e+01     1.10554481e+03     3.00763478e+02     2.31761645e+02     1.18703127e+02   
    4.34000000e+04     1.08500000e+01     1.10553951e+03     3.00791654e+02     2.30528665e+02     1.18652617e+02   
    4.36000000e+04     1.09000000e+01     1.10553710e+03     2.96073688e+02     2.31846563e+02     1.19178471e+02   
    4.38000000e+04     1.09500000e+01     1.10553432e+03     2.98057439e+02     2.32016183e+02     1.18465114e+02   
    4.40000000e+04     1.10000000e+01     1.10554126e+03     2.97709960e+02     2.33773862e+02     1.20772328e+02   
    4.42000000e+04     1.10500000e+01     1.10554097e+03     2.99623571e+02     2.31332702e+02     1.16946674e+02   
    4.44000000e+04     1.11000000e+01     1.10556265e+03     2.99698322e+02     2.31665212e+02     1.18656803e+02   
    4.46000000e+04     1.11500000e+01     1.10557103e+03     2.96498110e+02     2.31560421e+02     1.15734915e+02   
    4.48000000e+04     1.12000000e+01     1.10557435e+03     3.01497379e+02     2.32055583e+02     1.17402945e+02   
    4.50000000e+04     1.12500000e+01     1.10556355e+03     3.01884149e+02     2.33271144e+02     1.17922967e+02   
    4.52000000e+04     1.13000000e+01     1.10555548e+03     3.00658344e+02     2.31585781e+02     1.17651423e+02   
    4.54000000e+04     1.13500000e+01     1.10555292e+03     2.98840589e+02     2.32228959e+02     1.17686051e+02   
    4.56000000e+04     1.14000000e+01     1.10555440e+03     2.99778534e+02     2.30902828e+02     1.16942059e+02   
    4.58000000e+04     1.14500000e+01     1.10558048e+03     2.99063375e+02     2.32385191e+02     1.19965642e+02   
    4.60000000e+04     1.15000000e+01     1.10558519e+03     2.95976471e+02     2.31393534e+02     1.18608469e+02   
    4.62000000e+04     1.15500000e+01     1.10559890e+03     2.96401612e+02     2.32420391e+02     1.19552350e+02   
    4.64000000e+04     1.16000000e+01     1.10559737e+03     3.01947666e+02     2.31252988e+02     1.18214256e+02   
    4.66000000e+04     1.16500000e+01     1.10560924e+03     2.96799343e+02     2.31944191e+02     1.19614958e+02   
    4.68000000e+04     1.17000000e+01     1.10561450e+03     2.99319342e+02     2.30146092e+02     1.18540596e+02   
    4.70000000e+04     1.17500000e+01     1.10562564e+03     3.00302160e+02     2.32466833e+02     1.20551476e+02   
    4.72000000e+04     1.18000000e+01     1.10562864e+03     3.01040729e+02     2.32224185e+02     1.20121032e+02   
    4.74000000e+04     1.18500000e+01     1.10562371e+03     2.97745851e+02     2.32081058e+02     1.20822176e+02   
    4.76000000e+04     1.19000000e+01     1.10562254e+03     3.02781612e+02     2.32131137e+02     1.19843700e+02   
    4.78000000e+04     1.19500000e+01     1.10561961e+03     2.99232787e+02     2.30979368e+02     1.18562541e+02   
    4.80000000e+04     1.20000000e+01     1.10563977e+03     2.99984972e+02     2.33136073e+02     1.20438609e+02   
    4.82000000e+04     1.20500000e+01     1.10563047e+03     3.00322073e+02     2.29651338e+02     1.17870945e+02   
    4.84000000e+04     1.21000000e+01     1.10564440e+03     2.97861639e+02     2.30988726e+02     1.20134991e+02   
    4.86000000e+04     1.21500000e+01     1.10564610e+03     2.99056750e+02     2.31718618e+02     1.20421270e+02   
    4.88000000e+04     1.22000000e+01     1.10563534e+03     2.97917205e+02     2.30803311e+02     1.18733115e+02   
    4.90000000e+04     1.22500000e+01     1.10562880e+03     2.97395856e+02     2.31005811e+02     1.17797430e+02   
    4.92000000e+04     1.23000000e+01     1.10562788e+03     3.00952804e+02     2.31476482e+02     1.20498206e+02   
    4.94000000e+04     1.23500000e+01     1.10561891e+03     2.97362219e+02     2.31726487e+02     1.21142736e+02   
    4.96000000e+04     1.24000000e+01     1.10560862e+03     2.99308893e+02     2.27672868e+02     1.15771912e+02   
    4.98000000e+04     1.24500000e+01     1.10561467e+03     2.99992892e+02     2.31782159e+02     1.19283175e+02   
    5.00000000e+04     1.25000000e+01     1.10560941e+03     2.95440334e+02     2.31693857e+02     1.17919063e+02   
    5.02000000e+04     1.25500000e+01     1.10560392e+03     2.98336606e+02     2.32557114e+02     1.19575344e+02   
    5.04000000e+04     1.26000000e+01     1.10560294e+03     2.97198528e+02     2.34497250e+02     1.22544940e+02   
    5.06000000e+04     1.26500000e+01     1.10561055e+03     2.97716782e+02     2.32231814e+02     1.21001448e+02   
    5.08000000e+04     1.27000000e+01     1.10561661e+03     2.97640856e+02     2.31479041e+02     1.19851091e+02   
    5.10000000e+04     1.27500000e+01     1.10562725e+03     2.98977141e+02     2.32081250e+02     1.20338533e+02   
    5.12000000e+04     1.28000000e+01     1.10563402e+03     2.98594169e+02     2.30550813e+02     1.19596166e+02   
    5.14000000e+04     1.28500000e+01     1.10564402e+03     2.99720690e+02     2.32862459e+02     1.20800120e+02   
    5.16000000e+04     1.29000000e+01     1.10562849e+03     2.99536357e+02     2.30718944e+02     1.17900919e+02   
    5.18000000e+04     1.29500000e+01     1.10563839e+03     2.98797399e+02     2.31680046e+02     1.20302607e+02   
    5.20000000e+04     1.30000000e+01     1.10565233e+03     2.96832188e+02     2.33025008e+02     1.20847854e+02   
    5.22000000e+04     1.30500000e+01     1.10564539e+03     2.99415578e+02     2.30863206e+02     1.19140738e+02   
    5.24000000e+04     1.31000000e+01     1.10565001e+03     3.00634298e+02     2.30683211e+02     1.18929919e+02   
    5.26000000e+04     1.31500000e+01     1.10564804e+03     2.97585012e+02     2.32580688e+02     1.21588514e+02   
    5.28000000e+04     1.32000000e+01     1.10564064e+03     3.02463193e+02     2.31560520e+02     1.18276133e+02   
    5.30000000e+04     1.32500000e+01     1.10563333e+03     2.98000657e+02     2.30449202e+02     1.18825550e+02   
    5.32000000e+04     1.33000000e+01     1.10562713e+03     2.99535260e+02     2.31951659e+02     1.20970068e+02   
    5.34000000e+04     1.33500000e+01     1.10561194e+03     3.02656463e+02     2.29735567e+02     1.19462994e+02   
    5.36000000e+04     1.34000000e+01     1.10562072e+03     3.02385383e+02     2.32300174e+02     1.20975683e+02   
    5.38000000e+04     1.34500000e+01     1.10562586e+03     3.00112940e+02     2.30888661e+02     1.21310462e+02   
    5.40000000e+04     1.35000000e+01     1.10561822e+03     3.00750554e+02     2.29432245e+02     1.18695029e+02   
    5.42000000e+04     1.35500000e+01     1.10564036e+03     3.00323134e+02     2.33013786e+02     1.22282696e+02   
    5.44000000e+04     1.36000000e+01     1.10564543e+03     2.99058323e+02     2.31799974e+02     1.20052187e+02   
    5.46000000e+04     1.36500000e+01     1.10566113e+03     2.97996838e+02     2.31494623e+02     1.19829921e+02   
    5.48000000e+04     1.37000000e+01     1.10567304e+03     2.98855748e+02     2.33213865e+02     1.21169399e+02   
    5.50000000e+04     1.37500000e+01     1.10568942e+03     3.01302377e+02     2.33866286e+02     1.21991909e+02   
    5.52000000e+04     1.38000000e+01     1.10568318e+03     2.99002174e+02     2.30934996e+02     1.18752654e+02   
    5.54000000e+04     1.38500000e+01     1.10568437e+03     2.99422155e+02     2.32357066e+02     1.20222087e+02   
    5.56000000e+04     1.39000000e+01     1.10567138e+03     3.04126382e+02     2.32177922e+02     1.20078513e+02   
    5.58000000e+04     1.39500000e+01     1.10565899e+03     2.99785344e+02     2.32652465e+02     1.21683865e+02   
    5.60000000e+04     1.40000000e+01     1.10564793e+03     3.00050708e+02     2.32614634e+02     1.20386502e+02   
    5.62000000e+04     1.40500000e+01     1.10563050e+03     2.99469887e+02     2.31262586e+02     1.19842496e+02   
    5.64000000e+04     1.41000000e+01     1.10563141e+03     3.01492005e+02     2.31511297e+02     1.20097628e+02   
    5.66000000e+04     1.41500000e+01     1.10561552e+03     2.99735289e+02     2.30316079e+02     1.19464918e+02   
    5.68000000e+04     1.42000000e+01     1.10561066e+03     3.00097876e+02     2.30956030e+02     1.18188409e+02   
    5.70000000e+04     1.42500000e+01     1.10560705e+03     2.99433197e+02     2.32723246e+02     1.20419257e+02   
    5.72000000e+04     1.43000000e+01     1.10559134e+03     3.00162409e+02     2.31394422e+02     1.18205465e+02   
    5.74000000e+04     1.43500000e+01     1.10558993e+03     3.00483120e+02     2.31242067e+02     1.16979107e+02   
    5.76000000e+04     1.44000000e+01     1.10558333e+03     2.97816193e+02     2.33051658e+02     1.20615086e+02   
    5.78000000e+04     1.44500000e+01     1.10556487e+03     2.98816745e+02     2.32374959e+02     1.19327348e+02   
    5.80000000e+04     1.45000000e+01     1.10555063e+03     2.97421456e+02     2.29924042e+02     1.17637407e+02   
    5.82000000e+04     1.45500000e+01     1.10556355e+03     2.98371021e+02     2.30525044e+02     1.17203739e+02   
    5.84000000e+04     1.46000000e+01     1.10556515e+03     2.99192725e+02     2.30807009e+02     1.19595676e+02   
    5.86000000e+04     1.46500000e+01     1.10556286e+03     3.02277531e+02     2.31448940e+02     1.19640602e+02   
    5.88000000e+04     1.47000000e+01     1.10555293e+03     2.98171889e+02     2.30772032e+02     1.19526253e+02   
    5.90000000e+04     1.47500000e+01     1.10555099e+03     3.01364541e+02     2.31314254e+02     1.17581886e+02   
    5.92000000e+04     1.48000000e+01     1.10554899e+03     2.97315921e+02     2.31584985e+02     1.18618374e+02   
    5.94000000e+04     1.48500000e+01     1.10556370e+03     2.95898067e+02     2.32844427e+02     1.20590182e+02   
    5.96000000e+04     1.49000000e+01     1.10555790e+03     3.01909492e+02     2.31947935e+02     1.20009729e+02   
    5.98000000e+04     1.49500000e+01     1.10555597e+03     3.00820568e+02     2.31231356e+02     1.18210923e+02   
    6.00000000e+04     1.50000000e+01     1.10556585e+03     3.00061168e+02     2.33507494e+02     1.21219841e+02   
    6.02000000e+04     1.50500000e+01     1.10555636e+03     3.01616759e+02     2.29839191e+02     1.17920303e+02   
    6.04000000e+04     1.51000000e+01     1.10555356e+03     3.02010174e+02     2.31298362e+02     1.19709914e+02   
    6.06000000e+04     1.51500000e+01     1.10554851e+03     3.02984270e+02     2.31476909e+02     1.18168798e+02   
    6.08000000e+04     1.52000000e+01     1.10554581e+03     3.02097111e+02     2.29549991e+02     1.15847219e+02   
    6.10000000e+04     1.52500000e+01     1.10556267e+03     3.00642209e+02     2.31797402e+02     1.19742018e+02   
    6.12000000e+04     1.53000000e+01     1.10556540e+03     3.00886029e+02     2.33337150e+02     1.20304397e+02   
    6.14000000e+04     1.53500000e+01     1.10555798e+03     3.00618366e+02     2.32297435e+02     1.20128154e+02   
    6.16000000e+04     1.54000000e+01     1.10555250e+03     3.00261544e+02     2.30935260e+02     1.16719348e+02   
    6.18000000e+04     1.54500000e+01     1.10555383e+03     2.98889748e+02     2.30032170e+02     1.17834210e+02   
    6.20000000e+04     1.55000000e+01     1.10555652e+03     3.04322250e+02     2.32234407e+02     1.18088582e+02   
    6.22000000e+04     1.55500000e+01     1.10555664e+03     3.02660634e+02     2.32339258e+02     1.18664403e+02   
    6.24000000e+04     1.56000000e+01     1.10555584e+03     3.04629421e+02     2.31722580e+02     1.18228589e+02   
    6.26000000e+04     1.56500000e+01     1.10557452e+03     3.00760197e+02     2.32185814e+02     1.20560166e+02   
    6.28000000e+04     1.57000000e+01     1.10557167e+03     3.00278264e+02     2.32491167e+02     1.20830226e+02   
    6.30000000e+04     1.57500000e+01     1.10558135e+03     3.01220559e+02     2.32379258e+02     1.19172320e+02   
    6.32000000e+04     1.58000000e+01     1.10557885e+03     3.03313417e+02     2.30593081e+02     1.16111666e+02   
    6.34000000e+04     1.58500000e+01     1.10558870e+03     3.03621130e+02     2.32314439e+02     1.18553868e+02   
    6.36000000e+04     1.59000000e+01     1.10559135e+03     3.01609319e+02     2.31001748e+02     1.17892212e+02   
    6.38000000e+04     1.59500000e+01     1.10560119e+03     2.97268213e+02     2.32743347e+02     1.20744465e+02   
    6.40000000e+04     1.60000000e+01     1.10559827e+03     3.00770089e+02     2.30656510e+02     1.18371643e+02   
    6.42000000e+04     1.60500000e+01     1.10560873e+03     2.97767433e+02     2.30852327e+02     1.19276499e+02   
    6.44000000e+04     1.61000000e+01     1.10561440e+03     3.04544374e+02     2.32222928e+02     1.20121866e+02   
    6.46000000e+04     1.61500000e+01     1.10561666e+03     2.98626681e+02     2.31542245e+02     1.21032176e+02   
    6.48000000e+04     1.62000000e+01     1.10561653e+03     3.02061771e+02     2.34178645e+02     1.22718655e+02   
    6.50000000e+04     1.62500000e+01     1.10561616e+03     2.98327861e+02     2.32331008e+02     1.22635396e+02   
    6.52000000e+04     1.63000000e+01     1.10562421e+03     2.97478380e+02     2.33947749e+02     1.23660610e+02   
    6.54000000e+04     1.63500000e+01     1.10560520e+03     2.96050053e+02     2.31475768e+02     1.20671812e+02   
    6.56000000e+04     1.64000000e+01     1.10558374e+03     3.00788537e+02     2.32458662e+02     1.21272898e+02   
    6.58000000e+04     1.64500000e+01     1.10556612e+03     2.99945404e+02     2.31449408e+02     1.18148368e+02   
    6.60000000e+04     1.65000000e+01     1.10555354e+03     2.99024591e+02     2.29705948e+02     1.19139774e+02   
    6.62000000e+04     1.65500000e+01     1.10555507e+03     3.00401437e+02     2.34552871e+02     1.22026146e+02   
    6.64000000e+04     1.66000000e+01     1.10554526e+03     3.00055131e+02     2.31422545e+02     1.19766228e+02   
    6.66000000e+04     1.66500000e+01     1.10552713e+03     3.02465148e+02     2.29291930e+02     1.14965768e+02   
    6.68000000e+04     1.67000000e+01     1.10554164e+03     2.98749114e+02     2.30753827e+02     1.17904973e+02   
    6.70000000e+04     1.67500000e+01     1.10554958e+03     3.00522321e+02     2.30565423e+02     1.19192953e+02   
    6.72000000e+04     1.68000000e+01     1.10554681e+03     2.97145400e+02     2.30456002e+02     1.18170781e+02   
    6.74000000e+04     1.68500000e+01     1.10555612e+03     2.97417871e+02     2.32139792e+02     1.20919244e+02   
    6.76000000e+04     1.69000000e+01     1.10554757e+03     2.99064796e+02     2.32184412e+02     1.19454415e+02   
    6.78000000e+04     1.69500000e+01     1.10554391e+03     3.00948480e+02     2.31380157e+02     1.19779540e+02   
    6.80000000e+04     1.70000000e+01     1.10554304e+03     2.98855989e+02     2.31948050e+02     1.21561590e+02   
    6.82000000e+04     1.70500000e+01     1.10554546e+03     2.97395990e+02     2.31853011e+02     1.20622309e+02   
    6.84000000e+04     1.71000000e+01     1.10555516e+03     3.01892023e+02     2.33189694e+02     1.22441645e+02   
    6.86000000e+04     1.71500000e+01     1.10555670e+03     2.99098362e+02     2.30460220e+02     1.20121239e+02   
    6.88000000e+04     1.72000000e+01     1.10556874e+03     2.99546348e+02     2.33161806e+02     1.22326757e+02   
    6.90000000e+04     1.72500000e+01     1.10555921e+03     3.03048323e+02     2.31324706e+02     1.19852582e+02   
    6.92000000e+04     1.73000000e+01     1.10556238e+03     2.98766985e+02     2.31243260e+02     1.20752349e+02   
    6.94000000e+04     1.73500000e+01     1.10555577e+03     3.00514823e+02     2.30728103e+02     1.19044760e+02   
    6.96000000e+04     1.74000000e+01     1.10554969e+03     2.96529200e+02     2.30203685e+02     1.17867156e+02   
    6.98000000e+04     1.74500000e+01     1.10555667e+03     2.99736203e+02     2.31595218e+02     1.21189212e+02   
    7.00000000e+04     1.75000000e+01     1.10555942e+03     2.99529532e+02     2.32017780e+02     1.20069828e+02   
    7.02000000e+04     1.75500000e+01     1.10556022e+03     2.98153345e+02     2.30853649e+02     1.19668884e+02   
    7.04000000e+04     1.76000000e+01     1.10556211e+03     2.99495432e+02     2.31694379e+02     1.18803370e+02   
    7.06000000e+04     1.76500000e+01     1.10556438e+03     3.01337857e+02     2.31943712e+02     1.19769072e+02   
    7.08000000e+04     1.77000000e+01     1.10555834e+03     2.98846718e+02     2.29911553e+02     1.17701833e+02   
    7.10000000e+04     1.77500000e+01     1.10556559e+03     2.98145184e+02     2.31707404e+02     1.20383597e+02   
    7.12000000e+04     1.78000000e+01     1.10556302e+03     2.99391051e+02     2.30954885e+02     1.17838445e+02   
    7.14000000e+04     1.78500000e+01     1.10556250e+03     3.00337374e+02     2.32630755e+02     1.19370181e+02   
    7.16000000e+04     1.79000000e+01     1.10556365e+03     3.00812048e+02     2.31550649e+02     1.18859692e+02   
    7.18000000e+04     1.79500000e+01     1.10556503e+03     2.97250907e+02     2.31027721e+02     1.18186187e+02   
    7.20000000e+04     1.80000000e+01     1.10556820e+03     3.01231708e+02     2.31983647e+02     1.19250045e+02   
    7.22000000e+04     1.80500000e+01     1.10557022e+03     2.97753759e+02     2.31844007e+02     1.18210202e+02   
    7.24000000e+04     1.81000000e+01     1.10556814e+03     2.98925653e+02     2.30930946e+02     1.17449886e+02   
    7.26000000e+04     1.81500000e+01     1.10556008e+03     2.99310186e+02     2.32529185e+02     1.17238376e+02   
    7.28000000e+04     1.82000000e+01     1.10555756e+03     2.98612879e+02     2.31914101e+02     1.18537790e+02   
    7.30000000e+04     1.82500000e+01     1.10555917e+03     3.00240153e+02     2.32335957e+02     1.17589784e+02   
    7.32000000e+04     1.83000000e+01     1.10554471e+03     2.99895801e+02     2.30711988e+02     1.15910035e+02   
    7.34000000e+04     1.83500000e+01     1.10555711e+03     2.99248069e+02     2.34449133e+02     1.20239545e+02   
    7.36000000e+04     1.84000000e+01     1.10555253e+03     3.00112282e+02     2.31671096e+02     1.18897300e+02   
    7.38000000e+04     1.84500000e+01     1.10553841e+03     2.98155006e+02     2.30851675e+02     1.16253564e+02   
    7.40000000e+04     1.85000000e+01     1.10554851e+03     2.99246651e+02     2.31788207e+02     1.18101368e+02   
    7.42000000e+04     1.85500000e+01     1.10556441e+03     2.99173250e+02     2.32733779e+02     1.18642251e+02   
    7.44000000e+04     1.86000000e+01     1.10556983e+03     2.99418840e+02     2.32544038e+02     1.20050319e+02   
    7.46000000e+04     1.86500000e+01     1.10557057e+03     3.00284451e+02     2.31381387e+02     1.18007692e+02   
    7.48000000e+04     1.87000000e+01     1.10557812e+03     3.01857796e+02     2.31574722e+02     1.19704921e+02   
    7.50000000e+04     1.87500000e+01     1.10558648e+03     2.97994414e+02     2.32061693e+02     1.19513513e+02   
    7.52000000e+04     1.88000000e+01     1.10558080e+03     2.99330537e+02     2.31250729e+02     1.19652710e+02   
    7.54000000e+04     1.88500000e+01     1.10557596e+03     2.99477376e+02     2.29832858e+02     1.17405697e+02   
    7.56000000e+04     1.89000000e+01     1.10558541e+03     3.00656428e+02     2.32286909e+02     1.20209495e+02   
    7.58000000e+04     1.89500000e+01     1.10557363e+03     2.99607214e+02     2.30099001e+02     1.18062851e+02   
    7.60000000e+04     1.90000000e+01     1.10557884e+03     3.02758011e+02     2.31562444e+02     1.20637228e+02   
    7.62000000e+04     1.90500000e+01     1.10557956e+03     3.00861062e+02     2.31950483e+02     1.19812985e+02   
    7.64000000e+04     1.91000000e+01     1.10558391e+03     3.00544982e+02     2.29981057e+02     1.17664460e+02   
    7.66000000e+04     1.91500000e+01     1.10559299e+03     3.00367847e+02     2.30671819e+02     1.17816852e+02   
    7.68000000e+04     1.92000000e+01     1.10561549e+03     2.98506683e+02     2.32827533e+02     1.21440934e+02   
    7.70000000e+04     1.92500000e+01     1.10561301e+03     2.98747021e+02     2.32321755e+02     1.19900315e+02   
    7.72000000e+04     1.93000000e+01     1.10561781e+03     3.01397867e+02     2.32060197e+02     1.21065546e+02   
    7.74000000e+04     1.93500000e+01     1.10561796e+03     3.00217167e+02     2.33409414e+02     1.21584315e+02   
    7.76000000e+04     1.94000000e+01     1.10562126e+03     2.99636738e+02     2.33336821e+02     1.21051390e+02   
    7.78000000e+04     1.94500000e+01     1.10560908e+03     2.97030191e+02     2.31222243e+02     1.18482760e+02   
    7.80000000e+04     1.95000000e+01     1.10559943e+03     3.01665132e+02     2.31942823e+02     1.19885911e+02   
    7.82000000e+04     1.95500000e+01     1.10558584e+03     3.03371503e+02     2.31778962e+02     1.19575526e+02   
    7.84000000e+04     1.96000000e+01     1.10558057e+03     3.03584118e+02     2.31677711e+02     1.19177544e+02   
    7.86000000e+04     1.96500000e+01     1.10557368e+03     2.98286697e+02     2.32747669e+02     1.20212917e+02   
    7.88000000e+04     1.97000000e+01     1.10555983e+03     2.98416000e+02     2.30369755e+02     1.19162214e+02   
    7.90000000e+04     1.97500000e+01     1.10556788e+03     3.01721755e+02     2.31821292e+02     1.19628539e+02   
    7.92000000e+04     1.98000000e+01     1.10557406e+03     2.98669571e+02     2.30462768e+02     1.19117704e+02   
    7.94000000e+04     1.98500000e+01     1.10557661e+03     3.02102892e+02     2.31443334e+02     1.18152216e+02   
    7.96000000e+04     1.99000000e+01     1.10557950e+03     3.01292662e+02     2.30141944e+02     1.18302666e+02   
    7.98000000e+04     1.99500000e+01     1.10559381e+03     2.99428721e+02     2.31056685e+02     1.18892040e+02   
    8.00000000e+04     2.00000000e+01     1.10559477e+03     2.98672061e+02     2.32130024e+02     1.19588581e+02   
