# column   1     --> step : The current simulation time step.
# column   2     --> time{picosecond} : The elapsed simulation time.
# column   3     --> conserved{electronvolt} : The value of the conserved energy quantity per bead.
# column   4     --> temperature{kelvin} : The current temperature, as obtained from the MD kinetic energy.
# column   5     --> kinetic_cv{electronvolt} : The centroid-virial quantum kinetic energy of the physical system.
# column   6     --> potential{electronvolt} : The physical system potential energy.
    0.00000000e+00     0.00000000e+00     1.10295633e+03     3.04428649e+02     2.30520835e+02     1.17934077e+02   
    2.00000000e+02     5.00000000e-02     1.10298113e+03     2.99590887e+02     2.33563000e+02     1.20472741e+02   
    4.00000000e+02     1.00000000e-01     1.10298102e+03     2.99470367e+02     2.33002332e+02     1.20305386e+02   
    6.00000000e+02     1.50000000e-01     1.10298661e+03     2.99527601e+02     2.33013984e+02     1.19582446e+02   
    8.00000000e+02     2.00000000e-01     1.10298177e+03     2.96913024e+02     2.31662846e+02     1.19594137e+02   
    1.00000000e+03     2.50000000e-01     1.10297660e+03     2.99825224e+02     2.31635750e+02     1.18042661e+02   
    1.20000000e+03     3.00000000e-01     1.10298923e+03     3.00422001e+02     2.31717254e+02     1.20105940e+02   
    1.40000000e+03     3.50000000e-01     1.10299206e+03     3.03606900e+02     2.32124425e+02     1.18858556e+02   
    1.60000000e+03     4.00000000e-01     1.10299035e+03     2.96120968e+02     2.32003671e+02     1.18226928e+02   
    1.80000000e+03     4.50000000e-01     1.10298749e+03     2.98442048e+02     2.31115796e+02     1.16770941e+02   
    2.00000000e+03     5.00000000e-01     1.10298766e+03     3.01040634e+02     2.34701784e+02     1.21137680e+02   
    2.20000000e+03     5.50000000e-01     1.10297297e+03     3.00217304e+02     2.31607370e+02     1.17603084e+02   
    2.40000000e+03     6.00000000e-01     1.10298089e+03     2.97620824e+02     2.32755213e+02     1.20078469e+02   
    2.60000000e+03     6.50000000e-01     1.10298692e+03     2.99084204e+02     2.30645955e+02     1.17962440e+02   
    2.80000000e+03     7.00000000e-01     1.10300365e+03     3.00616902e+02     2.33435560e+02     1.19897628e+02   
    3.00000000e+03     7.50000000e-01     1.10299813e+03     2.99928786e+02     2.32069595e+02     1.17995955e+02   
    3.20000000e+03     8.00000000e-01     1.10300763e+03     3.02138481e+02     2.31508975e+02     1.18646428e+02   
    3.40000000e+03     8.50000000e-01     1.10301685e+03     3.01962403e+02     2.32889144e+02     1.20717847e+02   
    3.60000000e+03     9.00000000e-01     1.10302018e+03     3.00423956e+02     2.31862814e+02     1.18804935e+02   
    3.80000000e+03     9.50000000e-01     1.10302752e+03     2.97130848e+02     2.32235862e+02     1.17758222e+02   
    4.00000000e+03     1.00000000e+00     1.10304060e+03     2.99169924e+02     2.31839865e+02     1.17135697e+02   
    4.20000000e+03     1.05000000e+00     1.10304933e+03     3.01260578e+02     2.31989262e+02     1.16236886e+02   
    4.40000000e+03     1.10000000e+00     1.10304795e+03     2.99110624e+02     2.31646763e+02     1.17084203e+02   
    4.60000000e+03     1.15000000e+00     1.10304949e+03     2.97612099e+02     2.31215822e+02     1.17401574e+02   
    4.80000000e+03     1.20000000e+00     1.10306054e+03     2.97681929e+02     2.32555983e+02     1.18858144e+02   
    5.00000000e+03     1.25000000e+00     1.10305883e+03     2.98134895e+02     2.30693355e+02     1.17764849e+02   
    5.20000000e+03     1.30000000e+00     1.10305413e+03     2.99135906e+02     2.29912798e+02     1.17794607e+02   
    5.40000000e+03     1.35000000e+00     1.10305372e+03     3.00747883e+02     2.29703758e+02     1.16454364e+02   
    5.60000000e+03     1.40000000e+00     1.10305961e+03     2.98330767e+02     2.32454517e+02     1.19074789e+02   
    5.80000000e+03     1.45000000e+00     1.10306299e+03     2.97311352e+02     2.30923099e+02     1.18299191e+02   
    6.00000000e+03     1.50000000e+00     1.10306646e+03     3.00531130e+02     2.33258994e+02     1.20030295e+02   
    6.20000000e+03     1.55000000e+00     1.10307088e+03     2.98498237e+02     2.31605570e+02     1.19692001e+02   
    6.40000000e+03     1.60000000e+00     1.10306824e+03     2.97800017e+02     2.30088072e+02     1.18787789e+02   
    6.60000000e+03     1.65000000e+00     1.10307584e+03     3.02002241e+02     2.33306416e+02     1.21839752e+02   
    6.80000000e+03     1.70000000e+00     1.10305405e+03     3.00875816e+02     2.30966851e+02     1.17691649e+02   
    7.00000000e+03     1.75000000e+00     1.10305000e+03     3.00125187e+02     2.31217064e+02     1.16902099e+02   
    7.20000000e+03     1.80000000e+00     1.10305868e+03     2.98763386e+02     2.33865009e+02     1.19398010e+02   
    7.40000000e+03     1.85000000e+00     1.10305674e+03     2.99633871e+02     2.31334446e+02     1.16640716e+02   
    7.60000000e+03     1.90000000e+00     1.10306230e+03     2.99344547e+02     2.30608139e+02     1.16022405e+02   
    7.80000000e+03     1.95000000e+00     1.10307285e+03     3.00618649e+02     2.30178180e+02     1.16075221e+02   
    8.00000000e+03     2.00000000e+00     1.10307089e+03     3.02637651e+02     2.30568422e+02     1.17569306e+02   
    8.20000000e+03     2.05000000e+00     1.10306725e+03     3.02226859e+02     2.30332689e+02     1.15828108e+02   
    8.40000000e+03     2.10000000e+00     1.10308236e+03     2.99834480e+02     2.31938617e+02     1.20044863e+02   
    8.60000000e+03     2.15000000e+00     1.10307878e+03     2.98667492e+02     2.30851372e+02     1.17195221e+02   
    8.80000000e+03     2.20000000e+00     1.10308263e+03     2.99393729e+02     2.31274860e+02     1.18711530e+02   
    9.00000000e+03     2.25000000e+00     1.10308981e+03     3.00530834e+02     2.32319769e+02     1.18073766e+02   
    9.20000000e+03     2.30000000e+00     1.10308989e+03     3.01402436e+02     2.33249229e+02     1.20031308e+02   
    9.40000000e+03     2.35000000e+00     1.10309282e+03     3.00430645e+02     2.30486453e+02     1.16753246e+02   
    9.60000000e+03     2.40000000e+00     1.10310033e+03     3.00353725e+02     2.31796740e+02     1.18697000e+02   
    9.80000000e+03     2.45000000e+00     1.10311275e+03     3.01114216e+02     2.30543152e+02     1.18096643e+02   
    1.00000000e+04     2.50000000e+00     1.10311611e+03     3.00257616e+02     2.32385138e+02     1.19349933e+02   
    1.02000000e+04     2.55000000e+00     1.10311995e+03     2.98960235e+02     2.32345385e+02     1.20423786e+02   
    1.04000000e+04     2.60000000e+00     1.10312648e+03     3.02122956e+02     2.33456059e+02     1.18719498e+02   
    1.06000000e+04     2.65000000e+00     1.10312235e+03     3.00967574e+02     2.31591567e+02     1.17714024e+02   
    1.08000000e+04     2.70000000e+00     1.10311862e+03     2.99971563e+02     2.30668066e+02     1.19479091e+02   
    1.10000000e+04     2.75000000e+00     1.10311863e+03     3.01516973e+02     2.31545362e+02     1.20682071e+02   
    1.12000000e+04     2.80000000e+00     1.10312002e+03     2.98381063e+02     2.31741548e+02     1.20779161e+02   
    1.14000000e+04     2.85000000e+00     1.10311316e+03     3.00034681e+02     2.32262614e+02     1.19861338e+02   
    1.16000000e+04     2.90000000e+00     1.10311432e+03     2.97149908e+02     2.31361638e+02     1.19151340e+02   
    1.18000000e+04     2.95000000e+00     1.10309995e+03     3.02040251e+02     2.32383266e+02     1.18451487e+02   
    1.20000000e+04     3.00000000e+00     1.10309504e+03     3.02077923e+02     2.32521051e+02     1.17378381e+02   
    1.22000000e+04     3.05000000e+00     1.10309428e+03     2.99809724e+02     2.31933226e+02     1.18737818e+02   
    1.24000000e+04     3.10000000e+00     1.10309795e+03     2.96749217e+02     2.30930221e+02     1.18990635e+02   
    1.26000000e+04     3.15000000e+00     1.10310298e+03     3.00576394e+02     2.29994014e+02     1.16525166e+02   
    1.28000000e+04     3.20000000e+00     1.10312228e+03     2.97115047e+02     2.32796794e+02     1.19477013e+02   
    1.30000000e+04     3.25000000e+00     1.10311510e+03     2.97917429e+02     2.31285810e+02     1.17928234e+02   
    1.32000000e+04     3.30000000e+00     1.10312076e+03     2.98888336e+02     2.32541815e+02     1.20429894e+02   
    1.34000000e+04     3.35000000e+00     1.10312192e+03     2.98126591e+02     2.33508295e+02     1.20924560e+02   
    1.36000000e+04     3.40000000e+00     1.10311479e+03     2.98529193e+02     2.33073140e+02     1.20038360e+02   
    1.38000000e+04     3.45000000e+00     1.10309364e+03     2.99592799e+02     2.30947600e+02     1.17207003e+02   
    1.40000000e+04     3.50000000e+00     1.10310504e+03     2.99458949e+02     2.33175048e+02     1.19803996e+02   
    1.42000000e+04     3.55000000e+00     1.10309545e+03     2.96687998e+02     2.30625167e+02     1.18720603e+02   
    1.44000000e+04     3.60000000e+00     1.10310439e+03     2.98758423e+02     2.32547771e+02     1.19455437e+02   
    1.46000000e+04     3.65000000e+00     1.10309261e+03     2.99195527e+02     2.29981475e+02     1.17294009e+02   
    1.48000000e+04     3.70000000e+00     1.10310660e+03     3.00730831e+02     2.32042635e+02     1.18894239e+02   
    1.50000000e+04     3.75000000e+00     1.10310727e+03     2.96761309e+02     2.32408543e+02     1.18905166e+02   
    1.52000000e+04     3.80000000e+00     1.10310042e+03     2.99618132e+02     2.31125162e+02     1.17204837e+02   
    1.54000000e+04     3.85000000e+00     1.10310126e+03     3.00165131e+02     2.32314983e+02     1.17609015e+02   
    1.56000000e+04     3.90000000e+00     1.10308956e+03     3.01169713e+02     2.30203026e+02     1.14911663e+02   
    1.58000000e+04     3.95000000e+00     1.10309916e+03     2.98622392e+02     2.32620392e+02     1.18708070e+02   
    1.60000000e+04     4.00000000e+00     1.10310009e+03     3.00011227e+02     2.33294822e+02     1.20270880e+02   
    1.62000000e+04     4.05000000e+00     1.10311222e+03     2.98143671e+02     2.34821709e+02     1.21096021e+02   
    1.64000000e+04     4.10000000e+00     1.10310828e+03     2.99621800e+02     2.31787898e+02     1.17272152e+02   
    1.66000000e+04     4.15000000e+00     1.10310824e+03     2.97592693e+02     2.29582738e+02     1.17028549e+02   
    1.68000000e+04     4.20000000e+00     1.10311372e+03     2.99501999e+02     2.29329355e+02     1.15348565e+02   
    1.70000000e+04     4.25000000e+00     1.10312703e+03     3.00257733e+02     2.33114329e+02     1.18422084e+02   
    1.72000000e+04     4.30000000e+00     1.10311823e+03     2.99666003e+02     2.31023702e+02     1.16589392e+02   
    1.74000000e+04     4.35000000e+00     1.10312102e+03     2.96237157e+02     2.30629675e+02     1.17801218e+02   
    1.76000000e+04     4.40000000e+00     1.10312760e+03     3.01164416e+02     2.31424344e+02     1.17255586e+02   
    1.78000000e+04     4.45000000e+00     1.10314917e+03     3.02681060e+02     2.31858671e+02     1.17916064e+02   
    1.80000000e+04     4.50000000e+00     1.10316534e+03     2.99297702e+02     2.31134853e+02     1.17959997e+02   
    1.82000000e+04     4.55000000e+00     1.10317767e+03     3.05030092e+02     2.32481752e+02     1.19899323e+02   
    1.84000000e+04     4.60000000e+00     1.10317687e+03     3.00078671e+02     2.31659947e+02     1.19818809e+02   
    1.86000000e+04     4.65000000e+00     1.10318668e+03     3.02078221e+02     2.31601092e+02     1.20003705e+02   
    1.88000000e+04     4.70000000e+00     1.10319973e+03     2.98431856e+02     2.32453779e+02     1.20976259e+02   
    1.90000000e+04     4.75000000e+00     1.10319607e+03     2.95740286e+02     2.32025064e+02     1.20728522e+02   
    1.92000000e+04     4.80000000e+00     1.10319041e+03     2.97700596e+02     2.30310223e+02     1.17951751e+02   
    1.94000000e+04     4.85000000e+00     1.10319020e+03     3.00955011e+02     2.30507577e+02     1.17507529e+02   
    1.96000000e+04     4.90000000e+00     1.10320564e+03     2.98115912e+02     2.33495451e+02     1.20971354e+02   
    1.98000000e+04     4.95000000e+00     1.10320239e+03     2.96777450e+02     2.32955030e+02     1.19558960e+02   
    2.00000000e+04     5.00000000e+00     1.10320002e+03     3.00262781e+02     2.32292339e+02     1.19511089e+02   
    2.02000000e+04     5.05000000e+00     1.10319180e+03     2.98625198e+02     2.29933473e+02     1.19102256e+02   
    2.04000000e+04     5.10000000e+00     1.10320476e+03     2.97994769e+02     2.31494009e+02     1.20388807e+02   
    2.06000000e+04     5.15000000e+00     1.10320881e+03     2.96024433e+02     2.32530508e+02     1.22869271e+02   
    2.08000000e+04     5.20000000e+00     1.10320777e+03     2.97217206e+02     2.32532165e+02     1.20920029e+02   
    2.10000000e+04     5.25000000e+00     1.10320707e+03     2.98414657e+02     2.31195778e+02     1.20252211e+02   
    2.12000000e+04     5.30000000e+00     1.10320481e+03     3.00790161e+02     2.31955195e+02     1.19398397e+02   
    2.14000000e+04     5.35000000e+00     1.10320098e+03     2.99671164e+02     2.32064469e+02     1.18951623e+02   
    2.16000000e+04     5.40000000e+00     1.10320408e+03     2.99505949e+02     2.32267364e+02     1.17956677e+02   
    2.18000000e+04     5.45000000e+00     1.10319135e+03     3.00009177e+02     2.30215279e+02     1.17037446e+02   
    2.20000000e+04     5.50000000e+00     1.10320233e+03     3.00402520e+02     2.31726229e+02     1.19298376e+02   
    2.22000000e+04     5.55000000e+00     1.10320592e+03     2.96242885e+02     2.32720182e+02     1.21643876e+02   
    2.24000000e+04     5.60000000e+00     1.10319691e+03     3.00480577e+02     2.32153778e+02     1.22029128e+02   
    2.26000000e+04     5.65000000e+00     1.10319320e+03     3.01557660e+02     2.32915294e+02     1.22481561e+02   
    2.28000000e+04     5.70000000e+00     1.10319588e+03     2.97714453e+02     2.32177889e+02     1.22134327e+02   
    2.30000000e+04     5.75000000e+00     1.10319687e+03     2.99292383e+02     2.32029585e+02     1.21534858e+02   
    2.32000000e+04     5.80000000e+00     1.10319635e+03     3.00179305e+02     2.30062836e+02     1.19245177e+02   
    2.34000000e+04     5.85000000e+00     1.10318972e+03     2.99155209e+02     2.30750659e+02     1.18620383e+02   
    2.36000000e+04     5.90000000e+00     1.10320953e+03     2.99671676e+02     2.33148672e+02     1.21249886e+02   
    2.38000000e+04     5.95000000e+00     1.10320874e+03     2.99665796e+02     2.31183810e+02     1.20346883e+02   
    2.40000000e+04     6.00000000e+00     1.10322443e+03     2.98293154e+02     2.32860108e+02     1.21233018e+02   
    2.42000000e+04     6.05000000e+00     1.10322463e+03     2.98367626e+02     2.31260312e+02     1.18922526e+02   
    2.44000000e+04     6.10000000e+00     1.10323593e+03     2.97735062e+02     2.31113985e+02     1.19888746e+02   
    2.46000000e+04     6.15000000e+00     1.10324484e+03     2.98151670e+02     2.32992376e+02     1.21834849e+02   
    2.48000000e+04     6.20000000e+00     1.10322375e+03     2.98337235e+02     2.31140723e+02     1.19361240e+02   
    2.50000000e+04     6.25000000e+00     1.10323068e+03     2.99430107e+02     2.33313416e+02     1.23012721e+02   
    2.52000000e+04     6.30000000e+00     1.10321135e+03     3.00827031e+02     2.30766583e+02     1.19532186e+02   
    2.54000000e+04     6.35000000e+00     1.10320449e+03     2.99562074e+02     2.31668478e+02     1.20594003e+02   
    2.56000000e+04     6.40000000e+00     1.10319585e+03     2.99709920e+02     2.31821610e+02     1.19621934e+02   
    2.58000000e+04     6.45000000e+00     1.10319570e+03     2.99762338e+02     2.31304339e+02     1.21224611e+02   
    2.60000000e+04     6.50000000e+00     1.10319180e+03     3.00337422e+02     2.32174663e+02     1.18886496e+02   
    2.62000000e+04     6.55000000e+00     1.10320083e+03     3.00390544e+02     2.32206915e+02     1.20262545e+02   
    2.64000000e+04     6.60000000e+00     1.10320403e+03     3.00490826e+02     2.32644748e+02     1.20706339e+02   
    2.66000000e+04     6.65000000e+00     1.10321123e+03     2.98255473e+02     2.30621743e+02     1.20351187e+02   
    2.68000000e+04     6.70000000e+00     1.10320519e+03     3.01815526e+02     2.31148829e+02     1.20116162e+02   
    2.70000000e+04     6.75000000e+00     1.10321043e+03     2.96848206e+02     2.31843240e+02     1.21509941e+02   
    2.72000000e+04     6.80000000e+00     1.10321574e+03     2.97688760e+02     2.32835922e+02     1.21479729e+02   
    2.74000000e+04     6.85000000e+00     1.10321710e+03     2.99876811e+02     2.32097433e+02     1.20097550e+02   
    2.76000000e+04     6.90000000e+00     1.10322192e+03     2.99273695e+02     2.30756808e+02     1.16879388e+02   
    2.78000000e+04     6.95000000e+00     1.10323379e+03     3.00623874e+02     2.32347902e+02     1.17670715e+02   
    2.80000000e+04     7.00000000e+00     1.10324308e+03     2.99234230e+02     2.31749899e+02     1.18152550e+02   
    2.82000000e+04     7.05000000e+00     1.10323959e+03     2.97692026e+02     2.31047859e+02     1.16668849e+02   
    2.84000000e+04     7.10000000e+00     1.10322741e+03     2.96267860e+02     2.30608910e+02     1.17884737e+02   
    2.86000000e+04     7.15000000e+00     1.10323475e+03     2.97789431e+02     2.32812099e+02     1.20940303e+02   
    2.88000000e+04     7.20000000e+00     1.10323553e+03     3.00592127e+02     2.33107402e+02     1.20924841e+02   
    2.90000000e+04     7.25000000e+00     1.10322487e+03     2.99669258e+02     2.30716693e+02     1.17774068e+02   
    2.92000000e+04     7.30000000e+00     1.10322403e+03     3.01653622e+02     2.32212181e+02     1.19867373e+02   
    2.94000000e+04     7.35000000e+00     1.10320784e+03     3.00207109e+02     2.30250163e+02     1.18228095e+02   
    2.96000000e+04     7.40000000e+00     1.10321443e+03     3.01834109e+02     2.32338794e+02     1.18956062e+02   
    2.98000000e+04     7.45000000e+00     1.10321967e+03     3.01747273e+02     2.32307804e+02     1.20424049e+02   
    3.00000000e+04     7.50000000e+00     1.10321374e+03     2.96888908e+02     2.31003870e+02     1.18583873e+02   
    3.02000000e+04     7.55000000e+00     1.10323040e+03     3.00958750e+02     2.31001307e+02     1.19307671e+02   
    3.04000000e+04     7.60000000e+00     1.10324015e+03     2.98227895e+02     2.32897269e+02     1.20067540e+02   
    3.06000000e+04     7.65000000e+00     1.10323562e+03     2.97238113e+02     2.30733020e+02     1.17885148e+02   
    3.08000000e+04     7.70000000e+00     1.10323350e+03     3.01672174e+02     2.31418050e+02     1.17693195e+02   
    3.10000000e+04     7.75000000e+00     1.10322941e+03     3.00705284e+02     2.30888614e+02     1.17433552e+02   
    3.12000000e+04     7.80000000e+00     1.10323589e+03     3.01075486e+02     2.32393153e+02     1.19213714e+02   
    3.14000000e+04     7.85000000e+00     1.10323972e+03     3.01438460e+02     2.31513573e+02     1.18645153e+02   
    3.16000000e+04     7.90000000e+00     1.10325094e+03     3.01491212e+02     2.30336643e+02     1.16750953e+02   
    3.18000000e+04     7.95000000e+00     1.10326553e+03     2.99247207e+02     2.30149675e+02     1.15939613e+02   
    3.20000000e+04     8.00000000e+00     1.10328877e+03     2.97674328e+02     2.34080994e+02     1.20614108e+02   
    3.22000000e+04     8.05000000e+00     1.10328498e+03     3.00928594e+02     2.33345536e+02     1.20650671e+02   
    3.24000000e+04     8.10000000e+00     1.10327144e+03     3.04048335e+02     2.30783428e+02     1.17779192e+02   
    3.26000000e+04     8.15000000e+00     1.10327067e+03     3.00773427e+02     2.31356400e+02     1.19183859e+02   
    3.28000000e+04     8.20000000e+00     1.10327141e+03     2.99056547e+02     2.33982707e+02     1.20024610e+02   
    3.30000000e+04     8.25000000e+00     1.10327198e+03     3.02383215e+02     2.31071848e+02     1.17380704e+02   
    3.32000000e+04     8.30000000e+00     1.10327823e+03     3.02027214e+02     2.32480192e+02     1.17577369e+02   
    3.34000000e+04     8.35000000e+00     1.10327585e+03     3.03031432e+02     2.31476548e+02     1.17659883e+02   
    3.36000000e+04     8.40000000e+00     1.10328068e+03     3.02864524e+02     2.31396128e+02     1.17783399e+02   
    3.38000000e+04     8.45000000e+00     1.10328896e+03     2.99909951e+02     2.31050554e+02     1.17945488e+02   
    3.40000000e+04     8.50000000e+00     1.10329451e+03     3.00861533e+02     2.31225124e+02     1.18905624e+02   
    3.42000000e+04     8.55000000e+00     1.10330389e+03     3.00805721e+02     2.33641167e+02     1.21938090e+02   
    3.44000000e+04     8.60000000e+00     1.10329987e+03     3.00173411e+02     2.32573619e+02     1.20981217e+02   
    3.46000000e+04     8.65000000e+00     1.10329573e+03     3.02641484e+02     2.31386621e+02     1.20374792e+02   
    3.48000000e+04     8.70000000e+00     1.10331948e+03     2.99326704e+02     2.33129642e+02     1.21858126e+02   
    3.50000000e+04     8.75000000e+00     1.10331754e+03     2.98876701e+02     2.31953117e+02     1.19592204e+02   
    3.52000000e+04     8.80000000e+00     1.10331898e+03     3.02034713e+02     2.31230887e+02     1.19896915e+02   
    3.54000000e+04     8.85000000e+00     1.10331136e+03     2.99722863e+02     2.31463832e+02     1.19194147e+02   
    3.56000000e+04     8.90000000e+00     1.10331178e+03     2.99486607e+02     2.31567295e+02     1.19051785e+02   
    3.58000000e+04     8.95000000e+00     1.10331346e+03     2.98408145e+02     2.31544775e+02     1.17523822e+02   
    3.60000000e+04     9.00000000e+00     1.10330782e+03     2.98404788e+02     2.32239189e+02     1.19910829e+02   
    3.62000000e+04     9.05000000e+00     1.10331249e+03     2.96780864e+02     2.31925768e+02     1.20264958e+02   
    3.64000000e+04     9.10000000e+00     1.10331554e+03     3.01076280e+02     2.31427886e+02     1.18597158e+02   
    3.66000000e+04     9.15000000e+00     1.10331830e+03     3.00154738e+02     2.29825267e+02     1.15902527e+02   
    3.68000000e+04     9.20000000e+00     1.10333135e+03     3.02216768e+02     2.32523937e+02     1.19375798e+02   
    3.70000000e+04     9.25000000e+00     1.10332017e+03     3.00415408e+02     2.30099663e+02     1.17394709e+02   
    3.72000000e+04     9.30000000e+00     1.10331187e+03     3.02491235e+02     2.28528144e+02     1.16117577e+02   
    3.74000000e+04     9.35000000e+00     1.10332374e+03     2.97847656e+02     2.32432737e+02     1.18682167e+02   
    3.76000000e+04     9.40000000e+00     1.10332392e+03     3.00936083e+02     2.32570997e+02     1.18798205e+02   
    3.78000000e+04     9.45000000e+00     1.10333005e+03     3.01877396e+02     2.33374131e+02     1.22207163e+02   
    3.80000000e+04     9.50000000e+00     1.10334290e+03     2.97822208e+02     2.34047875e+02     1.23362225e+02   
    3.82000000e+04     9.55000000e+00     1.10335028e+03     3.01022334e+02     2.32235442e+02     1.19673874e+02   
    3.84000000e+04     9.60000000e+00     1.10335716e+03     3.03676719e+02     2.32365428e+02     1.19797813e+02   
    3.86000000e+04     9.65000000e+00     1.10334659e+03     2.99670937e+02     2.31545273e+02     1.19524541e+02   
    3.88000000e+04     9.70000000e+00     1.10334402e+03     2.99792305e+02     2.32780157e+02     1.21948249e+02   
    3.90000000e+04     9.75000000e+00     1.10335048e+03     3.02877742e+02     2.33482513e+02     1.21865713e+02   
    3.92000000e+04     9.80000000e+00     1.10335478e+03     3.02936293e+02     2.31600815e+02     1.20030643e+02   
    3.94000000e+04     9.85000000e+00     1.10335275e+03     3.01919268e+02     2.31240151e+02     1.18792149e+02   
    3.96000000e+04     9.90000000e+00     1.10335414e+03     3.02483417e+02     2.31745458e+02     1.21839112e+02   
    3.98000000e+04     9.95000000e+00     1.10335584e+03     3.00103089e+02     2.32202826e+02     1.20772396e+02   
    4.00000000e+04     1.00000000e+01     1.10335542e+03     3.03203358e+02     2.33523027e+02     1.22095547e+02   
    4.02000000e+04     1.00500000e+01     1.10336174e+03     3.01218627e+02     2.34363547e+02     1.21638532e+02   
    4.04000000e+04     1.01000000e+01     1.10335916e+03     3.01119968e+02     2.30766237e+02     1.18608610e+02   
    4.06000000e+04     1.01500000e+01     1.10337667e+03     3.02333056e+02     2.32011740e+02     1.19470067e+02   
    4.08000000e+04     1.02000000e+01     1.10339463e+03     3.02147869e+02     2.32753724e+02     1.20895889e+02   
    4.10000000e+04     1.02500000e+01     1.10338227e+03     3.00191913e+02     2.30516938e+02     1.16207285e+02   
    4.12000000e+04     1.03000000e+01     1.10338577e+03     3.01355265e+02     2.31347045e+02     1.18001532e+02   
    4.14000000e+04     1.03500000e+01     1.10339002e+03     2.99142196e+02     2.29742557e+02     1.16169720e+02   
    4.16000000e+04     1.04000000e+01     1.10338508e+03     3.01610952e+02     2.31190321e+02     1.18242530e+02   
    4.18000000e+04     1.04500000e+01     1.10338818e+03     3.00845442e+02     2.33394979e+02     1.20196707e+02   
    4.20000000e+04     1.05000000e+01     1.10338382e+03     3.04639213e+02     2.32359958e+02     1.20256341e+02   
    4.22000000e+04     1.05500000e+01     1.10338335e+03     2.99565705e+02     2.32578758e+02     1.19964145e+02   
    4.24000000e+04     1.06000000e+01     1.10337365e+03     3.00743325e+02     2.32066677e+02     1.20676907e+02   
    4.26000000e+04     1.06500000e+01     1.10338294e+03     3.02185233e+02     2.32935961e+02     1.21623364e+02   
    4.28000000e+04     1.07000000e+01     1.10338358e+03     3.03045766e+02     2.32533862e+02     1.20778027e+02   
    4.30000000e+04     1.07500000e+01     1.10337325e+03     3.00234275e+02     2.31301198e+02     1.19716411e+02   
    4.32000000e+04     1.08000000e+01     1.10338910e+03     3.01504264e+02     2.31718202e+02     1.19769697e+02   
    4.34000000e+04     1.08500000e+01     1.10338412e+03     3.04572550e+02     2.30287069e+02     1.17451852e+02   
    4.36000000e+04     1.09000000e+01     1.10339706e+03     2.99477782e+02     2.30275933e+02     1.18102185e+02   
    4.38000000e+04     1.09500000e+01     1.10340862e+03     3.01845087e+02     2.31985835e+02     1.19235446e+02   
    4.40000000e+04     1.10000000e+01     1.10341420e+03     3.01395491e+02     2.32749593e+02     1.21541443e+02   
    4.42000000e+04     1.10500000e+01     1.10340943e+03     3.02355635e+02     2.31720323e+02     1.20751593e+02   
    4.44000000e+04     1.11000000e+01     1.10340715e+03     3.02343646e+02     2.30978816e+02     1.19226950e+02   
    4.46000000e+04     1.11500000e+01     1.10340963e+03     2.98513954e+02     2.30929148e+02     1.20006325e+02   
    4.48000000e+04     1.12000000e+01     1.10341324e+03     3.02323854e+02     2.32148738e+02     1.20558715e+02   
    4.50000000e+04     1.12500000e+01     1.10340835e+03     3.02463439e+02     2.32469331e+02     1.20886206e+02   
    4.52000000e+04     1.13000000e+01     1.10340778e+03     3.02020460e+02     2.32021164e+02     1.19629629e+02   
    4.54000000e+04     1.13500000e+01     1.10340252e+03     3.00774450e+02     2.30607751e+02     1.18999413e+02   
    4.56000000e+04     1.14000000e+01     1.10340253e+03     3.02121365e+02     2.30956452e+02     1.18405895e+02   
    4.58000000e+04     1.14500000e+01     1.10340670e+03     3.00372006e+02     2.33990650e+02     1.21535447e+02   
    4.60000000e+04     1.15000000e+01     1.10340852e+03     2.97140592e+02     2.29928317e+02     1.17493305e+02   
    4.62000000e+04     1.15500000e+01     1.10340661e+03     2.97602268e+02     2.32530891e+02     1.19298227e+02   
    4.64000000e+04     1.16000000e+01     1.10340810e+03     3.03731244e+02     2.32497224e+02     1.19228639e+02   
    4.66000000e+04     1.16500000e+01     1.10339744e+03     2.97948352e+02     2.32108784e+02     1.19879716e+02   
    4.68000000e+04     1.17000000e+01     1.10338700e+03     3.01612909e+02     2.31024934e+02     1.18459224e+02   
    4.70000000e+04     1.17500000e+01     1.10338611e+03     3.01048724e+02     2.32884495e+02     1.20471868e+02   
    4.72000000e+04     1.18000000e+01     1.10338306e+03     3.01922214e+02     2.31026946e+02     1.19229731e+02   
    4.74000000e+04     1.18500000e+01     1.10339068e+03     2.99230504e+02     2.30954272e+02     1.20479733e+02   
    4.76000000e+04     1.19000000e+01     1.10340192e+03     3.04477305e+02     2.31793146e+02     1.19986033e+02   
    4.78000000e+04     1.19500000e+01     1.10341037e+03     2.99205373e+02     2.31800217e+02     1.20384348e+02   
    4.80000000e+04     1.20000000e+01     1.10342289e+03     2.99359689e+02     2.33172084e+02     1.19818452e+02   
    4.82000000e+04     1.20500000e+01     1.10340508e+03     3.01558104e+02     2.30386975e+02     1.17617782e+02   
    4.84000000e+04     1.21000000e+01     1.10340548e+03     2.99183524e+02     2.31542757e+02     1.18559408e+02   
    4.86000000e+04     1.21500000e+01     1.10339526e+03     3.00253827e+02     2.29910465e+02     1.17609657e+02   
    4.88000000e+04     1.22000000e+01     1.10339759e+03     2.98101392e+02     2.31245769e+02     1.17965076e+02   
    4.90000000e+04     1.22500000e+01     1.10340557e+03     2.99341609e+02     2.30378062e+02     1.16813112e+02   
    4.92000000e+04     1.23000000e+01     1.10341997e+03     3.00722727e+02     2.32293508e+02     1.19032836e+02   
    4.94000000e+04     1.23500000e+01     1.10344855e+03     2.98766370e+02     2.32889432e+02     1.21347685e+02   
    4.96000000e+04     1.24000000e+01     1.10345026e+03     3.00503986e+02     2.29643722e+02     1.17014246e+02   
    4.98000000e+04     1.24500000e+01     1.10347153e+03     3.01056011e+02     2.31621262e+02     1.18403704e+02   
    5.00000000e+04     1.25000000e+01     1.10347736e+03     2.96452120e+02     2.31612609e+02     1.19744914e+02   
    5.02000000e+04     1.25500000e+01     1.10348265e+03     2.99859292e+02     2.32117468e+02     1.19737112e+02   
    5.04000000e+04     1.26000000e+01     1.10348533e+03     2.98823661e+02     2.32262415e+02     1.20616370e+02   
    5.06000000e+04     1.26500000e+01     1.10348901e+03     3.00241498e+02     2.31922955e+02     1.18988087e+02   
    5.08000000e+04     1.27000000e+01     1.10348848e+03     2.97200568e+02     2.33171023e+02     1.21988645e+02   
    5.10000000e+04     1.27500000e+01     1.10349544e+03     2.99328956e+02     2.32438077e+02     1.19385533e+02   
    5.12000000e+04     1.28000000e+01     1.10350973e+03     2.99749442e+02     2.32324137e+02     1.20006006e+02   
    5.14000000e+04     1.28500000e+01     1.10350258e+03     3.00596455e+02     2.32335439e+02     1.19282450e+02   
    5.16000000e+04     1.29000000e+01     1.10351113e+03     3.01884139e+02     2.31458033e+02     1.19769105e+02   
    5.18000000e+04     1.29500000e+01     1.10351312e+03     3.00965839e+02     2.31547068e+02     1.19721521e+02   
    5.20000000e+04     1.30000000e+01     1.10351088e+03     2.98007537e+02     2.32520934e+02     1.20173647e+02   
    5.22000000e+04     1.30500000e+01     1.10350272e+03     3.03332987e+02     2.31565283e+02     1.18539522e+02   
    5.24000000e+04     1.31000000e+01     1.10349691e+03     3.00857691e+02     2.30518486e+02     1.18008487e+02   
    5.26000000e+04     1.31500000e+01     1.10349406e+03     2.98692047e+02     2.32355060e+02     1.19113639e+02   
    5.28000000e+04     1.32000000e+01     1.10347726e+03     3.03320576e+02     2.33111591e+02     1.21649178e+02   
    5.30000000e+04     1.32500000e+01     1.10346270e+03     2.99316668e+02     2.30815305e+02     1.19565303e+02   
    5.32000000e+04     1.33000000e+01     1.10345957e+03     3.01277288e+02     2.31302140e+02     1.19897351e+02   
    5.34000000e+04     1.33500000e+01     1.10344713e+03     3.01935262e+02     2.29678086e+02     1.19533831e+02   
    5.36000000e+04     1.34000000e+01     1.10345629e+03     3.00489828e+02     2.32183556e+02     1.23258121e+02   
    5.38000000e+04     1.34500000e+01     1.10344575e+03     3.01249065e+02     2.31058479e+02     1.21382942e+02   
    5.40000000e+04     1.35000000e+01     1.10343203e+03     3.02095872e+02     2.30948760e+02     1.19000822e+02   
    5.42000000e+04     1.35500000e+01     1.10343229e+03     3.03270950e+02     2.30996921e+02     1.19679734e+02   
    5.44000000e+04     1.36000000e+01     1.10345164e+03     3.01058367e+02     2.31840279e+02     1.21194121e+02   
    5.46000000e+04     1.36500000e+01     1.10345703e+03     2.98993953e+02     2.31942382e+02     1.20644611e+02   
    5.48000000e+04     1.37000000e+01     1.10345212e+03     2.99305045e+02     2.31728993e+02     1.21758992e+02   
    5.50000000e+04     1.37500000e+01     1.10346203e+03     3.01564831e+02     2.32094397e+02     1.21693234e+02   
    5.52000000e+04     1.38000000e+01     1.10345388e+03     2.97757046e+02     2.31397627e+02     1.20983309e+02   
    5.54000000e+04     1.38500000e+01     1.10344411e+03     2.99173657e+02     2.31008034e+02     1.18699590e+02   
    5.56000000e+04     1.39000000e+01     1.10343785e+03     3.03360968e+02     2.31546390e+02     1.21808758e+02   
    5.58000000e+04     1.39500000e+01     1.10342909e+03     3.01158359e+02     2.31379638e+02     1.21137151e+02   
    5.60000000e+04     1.40000000e+01     1.10342368e+03     3.00144697e+02     2.32398080e+02     1.22346514e+02   
    5.62000000e+04     1.40500000e+01     1.10342528e+03     3.01824591e+02     2.31717131e+02     1.21301755e+02   
    5.64000000e+04     1.41000000e+01     1.10343323e+03     3.01246775e+02     2.31118302e+02     1.20605368e+02   
    5.66000000e+04     1.41500000e+01     1.10343585e+03     3.00829013e+02     2.31733977e+02     1.21677289e+02   
    5.68000000e+04     1.42000000e+01     1.10344152e+03     2.98703309e+02     2.33189317e+02     1.22555917e+02   
    5.70000000e+04     1.42500000e+01     1.10343736e+03     2.99863445e+02     2.32201262e+02     1.22176940e+02   
    5.72000000e+04     1.43000000e+01     1.10342787e+03     3.01717624e+02     2.31621146e+02     1.19618573e+02   
    5.74000000e+04     1.43500000e+01     1.10343575e+03     3.01455252e+02     2.31963078e+02     1.21049806e+02   
    5.76000000e+04     1.44000000e+01     1.10344503e+03     2.99838092e+02     2.33109224e+02     1.21189104e+02   
    5.78000000e+04     1.44500000e+01     1.10346051e+03     2.99008828e+02     2.32704425e+02     1.21423727e+02   
    5.80000000e+04     1.45000000e+01     1.10345153e+03     2.98830203e+02     2.30985907e+02     1.19797771e+02   
    5.82000000e+04     1.45500000e+01     1.10345918e+03     2.97947176e+02     2.31696477e+02     1.20414645e+02   
    5.84000000e+04     1.46000000e+01     1.10346852e+03     2.99913722e+02     2.33185340e+02     1.21290802e+02   
    5.86000000e+04     1.46500000e+01     1.10346753e+03     3.02090837e+02     2.33035903e+02     1.20557527e+02   
    5.88000000e+04     1.47000000e+01     1.10346773e+03     2.98495121e+02     2.31578087e+02     1.19626017e+02   
    5.90000000e+04     1.47500000e+01     1.10345639e+03     3.01157483e+02     2.30576239e+02     1.18234249e+02   
    5.92000000e+04     1.48000000e+01     1.10345219e+03     2.96977413e+02     2.32196865e+02     1.21019446e+02   
    5.94000000e+04     1.48500000e+01     1.10345290e+03     2.96018596e+02     2.31896661e+02     1.21482402e+02   
    5.96000000e+04     1.49000000e+01     1.10344844e+03     3.02287311e+02     2.31410397e+02     1.20582312e+02   
    5.98000000e+04     1.49500000e+01     1.10345522e+03     3.01210877e+02     2.33041163e+02     1.21679606e+02   
    6.00000000e+04     1.50000000e+01     1.10344265e+03     3.00928520e+02     2.31784628e+02     1.20971098e+02   
    6.02000000e+04     1.50500000e+01     1.10342325e+03     3.00038435e+02     2.29675259e+02     1.17342613e+02   
    6.04000000e+04     1.51000000e+01     1.10344580e+03     2.99758219e+02     2.31820844e+02     1.21168932e+02   
    6.06000000e+04     1.51500000e+01     1.10345165e+03     3.01385400e+02     2.31305847e+02     1.20141059e+02   
    6.08000000e+04     1.52000000e+01     1.10345829e+03     3.02239613e+02     2.30586368e+02     1.17928917e+02   
    6.10000000e+04     1.52500000e+01     1.10347261e+03     2.98713840e+02     2.31366024e+02     1.20159051e+02   
    6.12000000e+04     1.53000000e+01     1.10348484e+03     2.99515711e+02     2.32524680e+02     1.20553844e+02   
    6.14000000e+04     1.53500000e+01     1.10348357e+03     2.99674003e+02     2.32911084e+02     1.20805036e+02   
    6.16000000e+04     1.54000000e+01     1.10348575e+03     2.99749306e+02     2.32645346e+02     1.21100432e+02   
    6.18000000e+04     1.54500000e+01     1.10347639e+03     2.98645507e+02     2.31648174e+02     1.20299059e+02   
    6.20000000e+04     1.55000000e+01     1.10346828e+03     3.03720309e+02     2.31173001e+02     1.20379953e+02   
    6.22000000e+04     1.55500000e+01     1.10345715e+03     3.02383801e+02     2.32765001e+02     1.20415577e+02   
    6.24000000e+04     1.56000000e+01     1.10344444e+03     3.02790360e+02     2.32408736e+02     1.20153850e+02   
    6.26000000e+04     1.56500000e+01     1.10344602e+03     3.01179089e+02     2.33038923e+02     1.20065891e+02   
    6.28000000e+04     1.57000000e+01     1.10343196e+03     3.01200993e+02     2.31266457e+02     1.16625927e+02   
    6.30000000e+04     1.57500000e+01     1.10344327e+03     3.01712612e+02     2.32484909e+02     1.19005778e+02   
    6.32000000e+04     1.58000000e+01     1.10344369e+03     3.03959129e+02     2.30600795e+02     1.16524253e+02   
    6.34000000e+04     1.58500000e+01     1.10344661e+03     3.01232608e+02     2.29779204e+02     1.17173731e+02   
    6.36000000e+04     1.59000000e+01     1.10345472e+03     3.01860359e+02     2.31210950e+02     1.18442951e+02   
    6.38000000e+04     1.59500000e+01     1.10345514e+03     2.98999657e+02     2.30527713e+02     1.17258009e+02   
    6.40000000e+04     1.60000000e+01     1.10346259e+03     3.00788745e+02     2.31154025e+02     1.17933720e+02   
    6.42000000e+04     1.60500000e+01     1.10346553e+03     2.99234382e+02     2.32323318e+02     1.19742175e+02   
    6.44000000e+04     1.61000000e+01     1.10344972e+03     3.03457349e+02     2.30866912e+02     1.18476339e+02   
    6.46000000e+04     1.61500000e+01     1.10345276e+03     3.00217690e+02     2.31898976e+02     1.18171815e+02   
    6.48000000e+04     1.62000000e+01     1.10345972e+03     3.02787013e+02     2.34783524e+02     1.22426585e+02   
    6.50000000e+04     1.62500000e+01     1.10344516e+03     2.99834347e+02     2.32105768e+02     1.18857806e+02   
    6.52000000e+04     1.63000000e+01     1.10344420e+03     2.99558650e+02     2.32409435e+02     1.19064713e+02   
    6.54000000e+04     1.63500000e+01     1.10344756e+03     2.98094383e+02     2.31411839e+02     1.18926693e+02   
    6.56000000e+04     1.64000000e+01     1.10345131e+03     3.03797933e+02     2.32483093e+02     1.20265579e+02   
    6.58000000e+04     1.64500000e+01     1.10346226e+03     3.02052729e+02     2.31454603e+02     1.20568177e+02   
    6.60000000e+04     1.65000000e+01     1.10346789e+03     3.01496859e+02     2.31141881e+02     1.18924834e+02   
    6.62000000e+04     1.65500000e+01     1.10346033e+03     3.00427605e+02     2.31484913e+02     1.20222900e+02   
    6.64000000e+04     1.66000000e+01     1.10346165e+03     3.00716618e+02     2.32405345e+02     1.20202011e+02   
    6.66000000e+04     1.66500000e+01     1.10345841e+03     2.99169993e+02     2.32505912e+02     1.21708888e+02   
    6.68000000e+04     1.67000000e+01     1.10344077e+03     2.97709001e+02     2.30080583e+02     1.18929501e+02   
    6.70000000e+04     1.67500000e+01     1.10344184e+03     3.00538001e+02     2.30082362e+02     1.17957702e+02   
    6.72000000e+04     1.68000000e+01     1.10345377e+03     2.98595523e+02     2.31860015e+02     1.18757059e+02   
    6.74000000e+04     1.68500000e+01     1.10346130e+03     2.98338323e+02     2.30349367e+02     1.18453151e+02   
    6.76000000e+04     1.69000000e+01     1.10347287e+03     2.99075035e+02     2.32307410e+02     1.20889862e+02   
    6.78000000e+04     1.69500000e+01     1.10346894e+03     3.01373999e+02     2.32891221e+02     1.19777376e+02   
    6.80000000e+04     1.70000000e+01     1.10346129e+03     3.00706427e+02     2.31532008e+02     1.18795497e+02   
    6.82000000e+04     1.70500000e+01     1.10346588e+03     2.97939620e+02     2.32268262e+02     1.19274086e+02   
    6.84000000e+04     1.71000000e+01     1.10347745e+03     3.02613889e+02     2.32848069e+02     1.20174995e+02   
    6.86000000e+04     1.71500000e+01     1.10348032e+03     3.00395492e+02     2.31276559e+02     1.19539668e+02   
    6.88000000e+04     1.72000000e+01     1.10349399e+03     3.01698818e+02     2.33645570e+02     1.21194049e+02   
    6.90000000e+04     1.72500000e+01     1.10349703e+03     3.02740250e+02     2.31750139e+02     1.20827281e+02   
    6.92000000e+04     1.73000000e+01     1.10350776e+03     2.99796610e+02     2.31211688e+02     1.18733589e+02   
    6.94000000e+04     1.73500000e+01     1.10351105e+03     3.02163613e+02     2.29970360e+02     1.18047553e+02   
    6.96000000e+04     1.74000000e+01     1.10351176e+03     2.97055316e+02     2.29327816e+02     1.17967023e+02   
    6.98000000e+04     1.74500000e+01     1.10352226e+03     3.02009666e+02     2.31028898e+02     1.19199945e+02   
    7.00000000e+04     1.75000000e+01     1.10352409e+03     2.98654623e+02     2.31552523e+02     1.20169602e+02   
    7.02000000e+04     1.75500000e+01     1.10352310e+03     2.99244037e+02     2.32952029e+02     1.21102198e+02   
    7.04000000e+04     1.76000000e+01     1.10351586e+03     2.99099691e+02     2.32310268e+02     1.22091674e+02   
    7.06000000e+04     1.76500000e+01     1.10349534e+03     3.03714852e+02     2.30341664e+02     1.18531422e+02   
    7.08000000e+04     1.77000000e+01     1.10348806e+03     3.00663364e+02     2.31207630e+02     1.19788647e+02   
    7.10000000e+04     1.77500000e+01     1.10348457e+03     2.98565958e+02     2.32342835e+02     1.20651123e+02   
    7.12000000e+04     1.78000000e+01     1.10349109e+03     2.99185663e+02     2.32580382e+02     1.19417467e+02   
    7.14000000e+04     1.78500000e+01     1.10349096e+03     3.01140484e+02     2.31753069e+02     1.18924409e+02   
    7.16000000e+04     1.79000000e+01     1.10348633e+03     3.01101487e+02     2.32097524e+02     1.18299037e+02   
    7.18000000e+04     1.79500000e+01     1.10347927e+03     2.96928714e+02     2.31153177e+02     1.19008912e+02   
    7.20000000e+04     1.80000000e+01     1.10347620e+03     3.00022185e+02     2.32509161e+02     1.19722600e+02   
    7.22000000e+04     1.80500000e+01     1.10347278e+03     2.97536216e+02     2.33045866e+02     1.19018813e+02   
    7.24000000e+04     1.81000000e+01     1.10346029e+03     3.00010960e+02     2.29457653e+02     1.14108735e+02   
    7.26000000e+04     1.81500000e+01     1.10349096e+03     2.98486634e+02     2.32959761e+02     1.20292024e+02   
    7.28000000e+04     1.82000000e+01     1.10350798e+03     2.99052290e+02     2.32352182e+02     1.18225035e+02   
    7.30000000e+04     1.82500000e+01     1.10351293e+03     3.02289155e+02     2.30600512e+02     1.17219841e+02   
    7.32000000e+04     1.83000000e+01     1.10352584e+03     3.00052430e+02     2.32168100e+02     1.18280923e+02   
    7.34000000e+04     1.83500000e+01     1.10351610e+03     2.98932388e+02     2.34781096e+02     1.20965455e+02   
    7.36000000e+04     1.84000000e+01     1.10349292e+03     3.00100072e+02     2.30621374e+02     1.16391813e+02   
    7.38000000e+04     1.84500000e+01     1.10349334e+03     2.98401837e+02     2.31229054e+02     1.16101329e+02   
    7.40000000e+04     1.85000000e+01     1.10349799e+03     3.01608455e+02     2.32728688e+02     1.18482390e+02   
    7.42000000e+04     1.85500000e+01     1.10349380e+03     3.00519288e+02     2.31529883e+02     1.16504816e+02   
    7.44000000e+04     1.86000000e+01     1.10349302e+03     3.02605990e+02     2.31884623e+02     1.16464182e+02   
    7.46000000e+04     1.86500000e+01     1.10349566e+03     3.01806190e+02     2.31758451e+02     1.15823881e+02   
    7.48000000e+04     1.87000000e+01     1.10348605e+03     3.02421515e+02     2.32232162e+02     1.16924109e+02   
    7.50000000e+04     1.87500000e+01     1.10348947e+03     3.00035436e+02     2.30842352e+02     1.15629343e+02   
    7.52000000e+04     1.88000000e+01     1.10349546e+03     2.99353241e+02     2.30495361e+02     1.15404677e+02   
    7.54000000e+04     1.88500000e+01     1.10350228e+03     3.00296243e+02     2.31714932e+02     1.16686776e+02   
    7.56000000e+04     1.89000000e+01     1.10350633e+03     2.99188783e+02     2.30473990e+02     1.16428041e+02   
    7.58000000e+04     1.89500000e+01     1.10350547e+03     3.00637675e+02     2.30400626e+02     1.15126279e+02   
    7.60000000e+04     1.90000000e+01     1.10350850e+03     3.02094613e+02     2.31268699e+02     1.17104087e+02   
    7.62000000e+04     1.90500000e+01     1.10351299e+03     3.01636569e+02     2.33507076e+02     1.19096279e+02   
    7.64000000e+04     1.91000000e+01     1.10350448e+03     3.02506047e+02     2.29945170e+02     1.16797151e+02   
    7.66000000e+04     1.91500000e+01     1.10351976e+03     3.00459709e+02     2.32307677e+02     1.18864774e+02   
    7.68000000e+04     1.92000000e+01     1.10352557e+03     3.00456288e+02     2.32938127e+02     1.20157587e+02   
    7.70000000e+04     1.92500000e+01     1.10352841e+03     2.99231105e+02     2.33337219e+02     1.20369519e+02   
    7.72000000e+04     1.93000000e+01     1.10353068e+03     3.01504120e+02     2.33367308e+02     1.18589320e+02   
    7.74000000e+04     1.93500000e+01     1.10352738e+03     2.99840200e+02     2.32700307e+02     1.18088893e+02   
    7.76000000e+04     1.94000000e+01     1.10352169e+03     3.00466896e+02     2.30333720e+02     1.16736870e+02   
    7.78000000e+04     1.94500000e+01     1.10352385e+03     2.96906435e+02     2.31501871e+02     1.18425315e+02   
    7.80000000e+04     1.95000000e+01     1.10352805e+03     3.01730884e+02     2.31311768e+02     1.17397751e+02   
    7.82000000e+04     1.95500000e+01     1.10352236e+03     3.01613317e+02     2.29961838e+02     1.15654447e+02   
    7.84000000e+04     1.96000000e+01     1.10352922e+03     3.03321836e+02     2.31946762e+02     1.16686033e+02   
    7.86000000e+04     1.96500000e+01     1.10353008e+03     2.99230394e+02     2.30335982e+02     1.16707723e+02   
    7.88000000e+04     1.97000000e+01     1.10352501e+03     2.99375713e+02     2.30912349e+02     1.16036718e+02   
    7.90000000e+04     1.97500000e+01     1.10353919e+03     3.00199839e+02     2.32783152e+02     1.20161263e+02   
    7.92000000e+04     1.98000000e+01     1.10352301e+03     3.01042098e+02     2.31687695e+02     1.17696124e+02   
    7.94000000e+04     1.98500000e+01     1.10351424e+03     3.01583904e+02     2.31216862e+02     1.17280938e+02   
    7.96000000e+04     1.99000000e+01     1.10350886e+03     3.01559671e+02     2.32338911e+02     1.18435177e+02   
    7.98000000e+04     1.99500000e+01     1.10349450e+03     2.99628191e+02     2.29867234e+02     1.15276401e+02   
    8.00000000e+04     2.00000000e+01     1.10350238e+03     2.99219323e+02     2.31339917e+02     1.17075560e+02   
