# column   1     --> step : The current simulation time step.
# column   2     --> time{picosecond} : The elapsed simulation time.
# column   3     --> conserved{electronvolt} : The value of the conserved energy quantity per bead.
# column   4     --> temperature{kelvin} : The current temperature, as obtained from the MD kinetic energy.
# column   5     --> kinetic_cv{electronvolt} : The centroid-virial quantum kinetic energy of the physical system.
# column   6     --> potential{electronvolt} : The physical system potential energy.
    0.00000000e+00     0.00000000e+00     1.10204913e+03     3.04428649e+02     2.31999334e+02     1.18476608e+02   
    2.00000000e+02     5.00000000e-02     1.10204524e+03     2.98957181e+02     2.31113528e+02     1.16918976e+02   
    4.00000000e+02     1.00000000e-01     1.10203157e+03     2.99981025e+02     2.31422213e+02     1.18751850e+02   
    6.00000000e+02     1.50000000e-01     1.10203909e+03     3.00176375e+02     2.31923655e+02     1.18516033e+02   
    8.00000000e+02     2.00000000e-01     1.10203770e+03     2.97732590e+02     2.32759813e+02     1.19780575e+02   
    1.00000000e+03     2.50000000e-01     1.10203127e+03     2.99108834e+02     2.31733689e+02     1.18823474e+02   
    1.20000000e+03     3.00000000e-01     1.10203655e+03     3.00288669e+02     2.30797245e+02     1.19944386e+02   
    1.40000000e+03     3.50000000e-01     1.10205503e+03     3.03434605e+02     2.32219115e+02     1.19405849e+02   
    1.60000000e+03     4.00000000e-01     1.10206861e+03     2.95852817e+02     2.30847462e+02     1.17524155e+02   
    1.80000000e+03     4.50000000e-01     1.10207082e+03     2.98286611e+02     2.32038993e+02     1.17136838e+02   
    2.00000000e+03     5.00000000e-01     1.10208606e+03     3.00295205e+02     2.32993279e+02     1.19382463e+02   
    2.20000000e+03     5.50000000e-01     1.10209490e+03     2.98678426e+02     2.31102420e+02     1.17558115e+02   
    2.40000000e+03     6.00000000e-01     1.10211444e+03     2.98219263e+02     2.33352373e+02     1.20102440e+02   
    2.60000000e+03     6.50000000e-01     1.10211130e+03     2.97055262e+02     2.30992586e+02     1.18251034e+02   
    2.80000000e+03     7.00000000e-01     1.10211349e+03     2.99529720e+02     2.32126319e+02     1.18368704e+02   
    3.00000000e+03     7.50000000e-01     1.10210835e+03     2.97888048e+02     2.31937301e+02     1.18122930e+02   
    3.20000000e+03     8.00000000e-01     1.10210357e+03     3.01106886e+02     2.30767215e+02     1.16084976e+02   
    3.40000000e+03     8.50000000e-01     1.10211142e+03     3.00752894e+02     2.33122449e+02     1.19008436e+02   
    3.60000000e+03     9.00000000e-01     1.10210966e+03     2.99524361e+02     2.31330115e+02     1.16964830e+02   
    3.80000000e+03     9.50000000e-01     1.10211163e+03     2.96702943e+02     2.31644030e+02     1.17029353e+02   
    4.00000000e+03     1.00000000e+00     1.10211894e+03     2.97401626e+02     2.31719714e+02     1.18436599e+02   
    4.20000000e+03     1.05000000e+00     1.10211674e+03     2.99061728e+02     2.30388355e+02     1.16838627e+02   
    4.40000000e+03     1.10000000e+00     1.10213270e+03     2.97177564e+02     2.31512863e+02     1.18285671e+02   
    4.60000000e+03     1.15000000e+00     1.10213436e+03     2.96012685e+02     2.32329968e+02     1.18592167e+02   
    4.80000000e+03     1.20000000e+00     1.10214576e+03     2.98270961e+02     2.32297326e+02     1.18142855e+02   
    5.00000000e+03     1.25000000e+00     1.10215073e+03     2.96152902e+02     2.32379189e+02     1.19047701e+02   
    5.20000000e+03     1.30000000e+00     1.10214578e+03     2.98408804e+02     2.32055608e+02     1.18129603e+02   
    5.40000000e+03     1.35000000e+00     1.10214676e+03     2.99511461e+02     2.31732359e+02     1.19254940e+02   
    5.60000000e+03     1.40000000e+00     1.10215092e+03     2.96633362e+02     2.32607104e+02     1.19178036e+02   
    5.80000000e+03     1.45000000e+00     1.10213582e+03     2.98173712e+02     2.29794984e+02     1.16739178e+02   
    6.00000000e+03     1.50000000e+00     1.10213904e+03     2.97882042e+02     2.31393093e+02     1.17837288e+02   
    6.20000000e+03     1.55000000e+00     1.10214873e+03     3.00051253e+02     2.30042771e+02     1.17263230e+02   
    6.40000000e+03     1.60000000e+00     1.10215894e+03     2.98762283e+02     2.31457807e+02     1.18398368e+02   
    6.60000000e+03     1.65000000e+00     1.10216953e+03     3.04196651e+02     2.31221632e+02     1.18622208e+02   
    6.80000000e+03     1.70000000e+00     1.10217344e+03     2.99189628e+02     2.31058651e+02     1.19395000e+02   
    7.00000000e+03     1.75000000e+00     1.10217802e+03     2.98309935e+02     2.32200446e+02     1.19080658e+02   
    7.20000000e+03     1.80000000e+00     1.10219871e+03     2.96408489e+02     2.34093316e+02     1.22646179e+02   
    7.40000000e+03     1.85000000e+00     1.10220615e+03     2.97555281e+02     2.33462553e+02     1.20549569e+02   
    7.60000000e+03     1.90000000e+00     1.10220028e+03     2.98041664e+02     2.31177839e+02     1.18788707e+02   
    7.80000000e+03     1.95000000e+00     1.10220038e+03     2.98855924e+02     2.33043346e+02     1.19778838e+02   
    8.00000000e+03     2.00000000e+00     1.10219169e+03     3.00693461e+02     2.32886822e+02     1.19892521e+02   
    8.20000000e+03     2.05000000e+00     1.10217308e+03     3.00841300e+02     2.31691527e+02     1.16897795e+02   
    8.40000000e+03     2.10000000e+00     1.10217187e+03     3.01295852e+02     2.31198285e+02     1.17478489e+02   
    8.60000000e+03     2.15000000e+00     1.10217022e+03     2.97422090e+02     2.30733544e+02     1.17533875e+02   
    8.80000000e+03     2.20000000e+00     1.10217069e+03     3.00053884e+02     2.30650232e+02     1.17121504e+02   
    9.00000000e+03     2.25000000e+00     1.10220115e+03     2.97006520e+02     2.32541948e+02     1.20917450e+02   
    9.20000000e+03     2.30000000e+00     1.10219666e+03     2.98200132e+02     2.32035189e+02     1.19685160e+02   
    9.40000000e+03     2.35000000e+00     1.10219177e+03     2.98677165e+02     2.32071163e+02     1.19836754e+02   
    9.60000000e+03     2.40000000e+00     1.10218987e+03     2.97801755e+02     2.31418532e+02     1.19253014e+02   
    9.80000000e+03     2.45000000e+00     1.10218403e+03     3.00428916e+02     2.31020153e+02     1.19039789e+02   
    1.00000000e+04     2.50000000e+00     1.10217435e+03     2.96661088e+02     2.31378066e+02     1.20180159e+02   
    1.02000000e+04     2.55000000e+00     1.10217898e+03     2.98360768e+02     2.32618758e+02     1.19652940e+02   
    1.04000000e+04     2.60000000e+00     1.10218752e+03     3.00789819e+02     2.32554260e+02     1.21681281e+02   
    1.06000000e+04     2.65000000e+00     1.10218077e+03     2.97816348e+02     2.32499580e+02     1.20119009e+02   
    1.08000000e+04     2.70000000e+00     1.10217936e+03     2.98688103e+02     2.31807671e+02     1.21276354e+02   
    1.10000000e+04     2.75000000e+00     1.10217721e+03     3.00864522e+02     2.31857410e+02     1.19426821e+02   
    1.12000000e+04     2.80000000e+00     1.10217313e+03     2.96311279e+02     2.32767670e+02     1.20959868e+02   
    1.14000000e+04     2.85000000e+00     1.10216519e+03     2.99614246e+02     2.31258523e+02     1.19129654e+02   
    1.16000000e+04     2.90000000e+00     1.10217447e+03     2.95670553e+02     2.31269812e+02     1.19221878e+02   
    1.18000000e+04     2.95000000e+00     1.10219368e+03     3.02175742e+02     2.31936530e+02     1.20186086e+02   
    1.20000000e+04     3.00000000e+00     1.10219891e+03     3.01299457e+02     2.31886737e+02     1.20714818e+02   
    1.22000000e+04     3.05000000e+00     1.10220343e+03     2.97978935e+02     2.32850539e+02     1.20487041e+02   
    1.24000000e+04     3.10000000e+00     1.10221210e+03     2.96592771e+02     2.33139125e+02     1.20927897e+02   
    1.26000000e+04     3.15000000e+00     1.10220796e+03     2.98626598e+02     2.31515208e+02     1.19283432e+02   
    1.28000000e+04     3.20000000e+00     1.10221230e+03     2.95151690e+02     2.33259177e+02     1.21564903e+02   
    1.30000000e+04     3.25000000e+00     1.10221999e+03     2.96515699e+02     2.32223503e+02     1.21306026e+02   
    1.32000000e+04     3.30000000e+00     1.10222315e+03     2.99034560e+02     2.32255821e+02     1.19577067e+02   
    1.34000000e+04     3.35000000e+00     1.10223523e+03     2.99349083e+02     2.31761819e+02     1.19048829e+02   
    1.36000000e+04     3.40000000e+00     1.10224575e+03     3.00019257e+02     2.31437037e+02     1.19851113e+02   
    1.38000000e+04     3.45000000e+00     1.10226343e+03     2.98745917e+02     2.32736936e+02     1.20938750e+02   
    1.40000000e+04     3.50000000e+00     1.10226484e+03     2.99969657e+02     2.32551471e+02     1.20113068e+02   
    1.42000000e+04     3.55000000e+00     1.10225650e+03     2.96495926e+02     2.30426769e+02     1.18662464e+02   
    1.44000000e+04     3.60000000e+00     1.10223620e+03     2.99498280e+02     2.30287287e+02     1.17631533e+02   
    1.46000000e+04     3.65000000e+00     1.10222221e+03     2.97337788e+02     2.30775970e+02     1.18777793e+02   
    1.48000000e+04     3.70000000e+00     1.10222007e+03     2.99860712e+02     2.31937667e+02     1.18993395e+02   
    1.50000000e+04     3.75000000e+00     1.10222132e+03     2.96722556e+02     2.30651996e+02     1.19187012e+02   
    1.52000000e+04     3.80000000e+00     1.10220919e+03     2.99531100e+02     2.30537127e+02     1.16915060e+02   
    1.54000000e+04     3.85000000e+00     1.10221687e+03     2.98621070e+02     2.32046886e+02     1.18163985e+02   
    1.56000000e+04     3.90000000e+00     1.10220565e+03     3.00336595e+02     2.30077575e+02     1.16945002e+02   
    1.58000000e+04     3.95000000e+00     1.10221395e+03     2.99188154e+02     2.33279614e+02     1.19297476e+02   
    1.60000000e+04     4.00000000e+00     1.10220914e+03     3.02446649e+02     2.32334176e+02     1.19055699e+02   
    1.62000000e+04     4.05000000e+00     1.10221064e+03     2.99488672e+02     2.34146518e+02     1.19650968e+02   
    1.64000000e+04     4.10000000e+00     1.10221705e+03     2.99709990e+02     2.32163711e+02     1.18568123e+02   
    1.66000000e+04     4.15000000e+00     1.10222433e+03     3.00077228e+02     2.30111187e+02     1.17440760e+02   
    1.68000000e+04     4.20000000e+00     1.10223092e+03     3.00291108e+02     2.30753718e+02     1.18592278e+02   
    1.70000000e+04     4.25000000e+00     1.10224210e+03     2.99975924e+02     2.32241002e+02     1.20137277e+02   
    1.72000000e+04     4.30000000e+00     1.10225008e+03     2.98999403e+02     2.30657613e+02     1.18394118e+02   
    1.74000000e+04     4.35000000e+00     1.10225343e+03     2.97974607e+02     2.29825345e+02     1.15881627e+02   
    1.76000000e+04     4.40000000e+00     1.10225718e+03     3.01781974e+02     2.31411659e+02     1.18332138e+02   
    1.78000000e+04     4.45000000e+00     1.10224544e+03     3.03667203e+02     2.30848776e+02     1.17879683e+02   
    1.80000000e+04     4.50000000e+00     1.10224858e+03     2.98924772e+02     2.31115905e+02     1.17432706e+02   
    1.82000000e+04     4.55000000e+00     1.10225241e+03     3.03592458e+02     2.31360117e+02     1.18189438e+02   
    1.84000000e+04     4.60000000e+00     1.10224955e+03     2.98582040e+02     2.32127400e+02     1.19319556e+02   
    1.86000000e+04     4.65000000e+00     1.10223562e+03     3.00001964e+02     2.31470153e+02     1.18863905e+02   
    1.88000000e+04     4.70000000e+00     1.10223000e+03     2.99098434e+02     2.32180497e+02     1.19502196e+02   
    1.90000000e+04     4.75000000e+00     1.10223133e+03     2.96855641e+02     2.33886337e+02     1.19135619e+02   
    1.92000000e+04     4.80000000e+00     1.10223785e+03     2.97212753e+02     2.31663755e+02     1.17759610e+02   
    1.94000000e+04     4.85000000e+00     1.10223498e+03     3.00422427e+02     2.30734971e+02     1.16589672e+02   
    1.96000000e+04     4.90000000e+00     1.10224987e+03     2.98116549e+02     2.32329713e+02     1.19609222e+02   
    1.98000000e+04     4.95000000e+00     1.10225233e+03     2.97353642e+02     2.32568692e+02     1.18420809e+02   
    2.00000000e+04     5.00000000e+00     1.10226972e+03     2.99867766e+02     2.32375549e+02     1.19176955e+02   
    2.02000000e+04     5.05000000e+00     1.10226176e+03     2.97187911e+02     2.29550924e+02     1.18208814e+02   
    2.04000000e+04     5.10000000e+00     1.10227447e+03     2.96584731e+02     2.32666152e+02     1.20745230e+02   
    2.06000000e+04     5.15000000e+00     1.10227400e+03     2.96655708e+02     2.32229510e+02     1.20893833e+02   
    2.08000000e+04     5.20000000e+00     1.10227216e+03     2.97742122e+02     2.31514714e+02     1.18649717e+02   
    2.10000000e+04     5.25000000e+00     1.10228128e+03     2.97007683e+02     2.32637650e+02     1.20485280e+02   
    2.12000000e+04     5.30000000e+00     1.10229019e+03     2.99422666e+02     2.32183854e+02     1.19436690e+02   
    2.14000000e+04     5.35000000e+00     1.10229294e+03     2.98665633e+02     2.30385389e+02     1.16183313e+02   
    2.16000000e+04     5.40000000e+00     1.10229877e+03     2.99234362e+02     2.30586828e+02     1.16182960e+02   
    2.18000000e+04     5.45000000e+00     1.10231800e+03     2.99284159e+02     2.32679111e+02     1.17101288e+02   
    2.20000000e+04     5.50000000e+00     1.10231890e+03     2.99634910e+02     2.32802079e+02     1.19049733e+02   
    2.22000000e+04     5.55000000e+00     1.10231431e+03     2.95292750e+02     2.31463036e+02     1.16018556e+02   
    2.24000000e+04     5.60000000e+00     1.10230716e+03     3.01125299e+02     2.30736610e+02     1.16126285e+02   
    2.26000000e+04     5.65000000e+00     1.10231452e+03     3.02037781e+02     2.33470632e+02     1.17309168e+02   
    2.28000000e+04     5.70000000e+00     1.10228511e+03     2.99599519e+02     2.29954259e+02     1.12446579e+02   
    2.30000000e+04     5.75000000e+00     1.10228761e+03     3.00648241e+02     2.31742871e+02     1.14790744e+02   
    2.32000000e+04     5.80000000e+00     1.10228291e+03     3.01769695e+02     2.31708920e+02     1.13852458e+02   
    2.34000000e+04     5.85000000e+00     1.10226857e+03     2.97928159e+02     2.31137821e+02     1.14297723e+02   
    2.36000000e+04     5.90000000e+00     1.10228612e+03     3.00069148e+02     2.32060714e+02     1.16077356e+02   
    2.38000000e+04     5.95000000e+00     1.10227972e+03     3.00089587e+02     2.32341187e+02     1.16919581e+02   
    2.40000000e+04     6.00000000e+00     1.10227917e+03     2.97325457e+02     2.33074374e+02     1.19149135e+02   
    2.42000000e+04     6.05000000e+00     1.10228990e+03     2.98786510e+02     2.32885940e+02     1.19242930e+02   
    2.44000000e+04     6.10000000e+00     1.10229875e+03     2.97456740e+02     2.31664905e+02     1.16484080e+02   
    2.46000000e+04     6.15000000e+00     1.10232021e+03     2.98924545e+02     2.32744379e+02     1.17928256e+02   
    2.48000000e+04     6.20000000e+00     1.10231452e+03     2.98849838e+02     2.30310974e+02     1.15368170e+02   
    2.50000000e+04     6.25000000e+00     1.10232860e+03     3.01255991e+02     2.32908179e+02     1.17971131e+02   
    2.52000000e+04     6.30000000e+00     1.10232133e+03     2.99333717e+02     2.30902226e+02     1.16397210e+02   
    2.54000000e+04     6.35000000e+00     1.10232249e+03     3.00594616e+02     2.30896818e+02     1.16365445e+02   
    2.56000000e+04     6.40000000e+00     1.10232810e+03     3.00002604e+02     2.30492261e+02     1.16885100e+02   
    2.58000000e+04     6.45000000e+00     1.10234448e+03     3.00297059e+02     2.30748151e+02     1.17909792e+02   
    2.60000000e+04     6.50000000e+00     1.10235630e+03     2.98932069e+02     2.32161355e+02     1.18732080e+02   
    2.62000000e+04     6.55000000e+00     1.10238132e+03     3.00325747e+02     2.34062736e+02     1.20547653e+02   
    2.64000000e+04     6.60000000e+00     1.10237252e+03     2.98660160e+02     2.33232772e+02     1.20228672e+02   
    2.66000000e+04     6.65000000e+00     1.10235465e+03     2.98770489e+02     2.31364064e+02     1.18682120e+02   
    2.68000000e+04     6.70000000e+00     1.10236064e+03     3.00024449e+02     2.33310083e+02     1.21011839e+02   
    2.70000000e+04     6.75000000e+00     1.10234362e+03     2.98221281e+02     2.32271526e+02     1.19729650e+02   
    2.72000000e+04     6.80000000e+00     1.10233344e+03     2.97543141e+02     2.32654495e+02     1.21226729e+02   
    2.74000000e+04     6.85000000e+00     1.10231652e+03     2.97695862e+02     2.33141850e+02     1.20943822e+02   
    2.76000000e+04     6.90000000e+00     1.10229976e+03     2.98533602e+02     2.30952123e+02     1.17847625e+02   
    2.78000000e+04     6.95000000e+00     1.10230662e+03     2.99060570e+02     2.31878211e+02     1.16755649e+02   
    2.80000000e+04     7.00000000e+00     1.10230569e+03     2.97968768e+02     2.31660328e+02     1.17070426e+02   
    2.82000000e+04     7.05000000e+00     1.10230612e+03     2.95213907e+02     2.32035228e+02     1.18233294e+02   
    2.84000000e+04     7.10000000e+00     1.10232132e+03     2.96149127e+02     2.31854495e+02     1.17699427e+02   
    2.86000000e+04     7.15000000e+00     1.10232353e+03     2.97134009e+02     2.31362240e+02     1.16506613e+02   
    2.88000000e+04     7.20000000e+00     1.10234030e+03     2.99681976e+02     2.34196373e+02     1.20157528e+02   
    2.90000000e+04     7.25000000e+00     1.10234400e+03     2.99728143e+02     2.30214448e+02     1.16588540e+02   
    2.92000000e+04     7.30000000e+00     1.10236469e+03     3.01661200e+02     2.31740794e+02     1.17408928e+02   
    2.94000000e+04     7.35000000e+00     1.10236310e+03     3.00082388e+02     2.30801516e+02     1.16747491e+02   
    2.96000000e+04     7.40000000e+00     1.10236915e+03     3.01415308e+02     2.32743066e+02     1.17459899e+02   
    2.98000000e+04     7.45000000e+00     1.10235869e+03     3.01231564e+02     2.32260552e+02     1.18322563e+02   
    3.00000000e+04     7.50000000e+00     1.10234830e+03     2.99634174e+02     2.29445161e+02     1.15197358e+02   
    3.02000000e+04     7.55000000e+00     1.10235229e+03     3.00592605e+02     2.31480026e+02     1.17832123e+02   
    3.04000000e+04     7.60000000e+00     1.10235548e+03     3.00235502e+02     2.32222772e+02     1.17408702e+02   
    3.06000000e+04     7.65000000e+00     1.10234606e+03     2.98089841e+02     2.30784047e+02     1.17605099e+02   
    3.08000000e+04     7.70000000e+00     1.10234825e+03     3.02049343e+02     2.31404251e+02     1.18221654e+02   
    3.10000000e+04     7.75000000e+00     1.10236030e+03     2.99497017e+02     2.32396516e+02     1.20128069e+02   
    3.12000000e+04     7.80000000e+00     1.10236690e+03     3.02320053e+02     2.30415391e+02     1.18541502e+02   
    3.14000000e+04     7.85000000e+00     1.10238602e+03     3.01907661e+02     2.32583846e+02     1.21631316e+02   
    3.16000000e+04     7.90000000e+00     1.10238686e+03     3.01600322e+02     2.29537448e+02     1.18958899e+02   
    3.18000000e+04     7.95000000e+00     1.10239156e+03     2.98531711e+02     2.29178414e+02     1.17716289e+02   
    3.20000000e+04     8.00000000e+00     1.10240568e+03     2.99004536e+02     2.31391373e+02     1.20515793e+02   
    3.22000000e+04     8.05000000e+00     1.10240145e+03     3.03469911e+02     2.33382509e+02     1.20162388e+02   
    3.24000000e+04     8.10000000e+00     1.10239021e+03     3.04669671e+02     2.31947975e+02     1.19805058e+02   
    3.26000000e+04     8.15000000e+00     1.10239025e+03     3.01141023e+02     2.31745724e+02     1.18759216e+02   
    3.28000000e+04     8.20000000e+00     1.10240318e+03     2.99521389e+02     2.32553481e+02     1.20878693e+02   
    3.30000000e+04     8.25000000e+00     1.10242686e+03     3.02460351e+02     2.31651010e+02     1.19576876e+02   
    3.32000000e+04     8.30000000e+00     1.10242119e+03     3.01807249e+02     2.30954565e+02     1.18949361e+02   
    3.34000000e+04     8.35000000e+00     1.10242323e+03     3.02952797e+02     2.31347264e+02     1.19717503e+02   
    3.36000000e+04     8.40000000e+00     1.10243509e+03     3.03018366e+02     2.33512875e+02     1.22155637e+02   
    3.38000000e+04     8.45000000e+00     1.10243555e+03     3.00547058e+02     2.30214395e+02     1.19454136e+02   
    3.40000000e+04     8.50000000e+00     1.10244139e+03     3.02087174e+02     2.29373790e+02     1.18976055e+02   
    3.42000000e+04     8.55000000e+00     1.10246345e+03     3.03503293e+02     2.30699003e+02     1.21621417e+02   
    3.44000000e+04     8.60000000e+00     1.10247762e+03     3.01076726e+02     2.32378145e+02     1.25152587e+02   
    3.46000000e+04     8.65000000e+00     1.10248133e+03     3.00793983e+02     2.31931042e+02     1.26639577e+02   
    3.48000000e+04     8.70000000e+00     1.10247457e+03     3.00192965e+02     2.32110340e+02     1.25003293e+02   
    3.50000000e+04     8.75000000e+00     1.10246424e+03     2.99393260e+02     2.32376351e+02     1.24994499e+02   
    3.52000000e+04     8.80000000e+00     1.10245651e+03     3.02020381e+02     2.31947664e+02     1.23990983e+02   
    3.54000000e+04     8.85000000e+00     1.10245860e+03     3.01863319e+02     2.31861377e+02     1.23837167e+02   
    3.56000000e+04     8.90000000e+00     1.10245427e+03     2.99492486e+02     2.31855939e+02     1.22485060e+02   
    3.58000000e+04     8.95000000e+00     1.10245061e+03     2.99187932e+02     2.30523348e+02     1.21275346e+02   
    3.60000000e+04     9.00000000e+00     1.10246884e+03     2.98387081e+02     2.32383213e+02     1.24378712e+02   
    3.62000000e+04     9.05000000e+00     1.10246794e+03     2.96576825e+02     2.31423842e+02     1.21791620e+02   
    3.64000000e+04     9.10000000e+00     1.10246669e+03     2.98938050e+02     2.32087482e+02     1.21401749e+02   
    3.66000000e+04     9.15000000e+00     1.10246126e+03     2.99948346e+02     2.30168167e+02     1.17752811e+02   
    3.68000000e+04     9.20000000e+00     1.10246459e+03     3.01713008e+02     2.32308660e+02     1.20268076e+02   
    3.70000000e+04     9.25000000e+00     1.10246615e+03     3.00925501e+02     2.29772670e+02     1.19192499e+02   
    3.72000000e+04     9.30000000e+00     1.10248087e+03     3.01890857e+02     2.29449730e+02     1.18574731e+02   
    3.74000000e+04     9.35000000e+00     1.10248805e+03     2.97991387e+02     2.31690175e+02     1.20156665e+02   
    3.76000000e+04     9.40000000e+00     1.10249341e+03     3.00508558e+02     2.32927150e+02     1.21139564e+02   
    3.78000000e+04     9.45000000e+00     1.10249799e+03     3.02038250e+02     2.32653409e+02     1.22035320e+02   
    3.80000000e+04     9.50000000e+00     1.10250192e+03     2.98507619e+02     2.33258433e+02     1.22463638e+02   
    3.82000000e+04     9.55000000e+00     1.10248525e+03     3.00861816e+02     2.30578505e+02     1.19540796e+02   
    3.84000000e+04     9.60000000e+00     1.10250015e+03     3.02523553e+02     2.32357789e+02     1.21012241e+02   
    3.86000000e+04     9.65000000e+00     1.10248714e+03     3.02326343e+02     2.30539506e+02     1.18990135e+02   
    3.88000000e+04     9.70000000e+00     1.10249869e+03     3.01423745e+02     2.30725147e+02     1.20333824e+02   
    3.90000000e+04     9.75000000e+00     1.10251424e+03     3.02975689e+02     2.32304654e+02     1.22070872e+02   
    3.92000000e+04     9.80000000e+00     1.10251541e+03     3.04692629e+02     2.32177943e+02     1.22548462e+02   
    3.94000000e+04     9.85000000e+00     1.10251637e+03     3.01396869e+02     2.32548796e+02     1.22183551e+02   
    3.96000000e+04     9.90000000e+00     1.10250765e+03     3.04912077e+02     2.31690421e+02     1.21265083e+02   
    3.98000000e+04     9.95000000e+00     1.10251111e+03     2.99098567e+02     2.30971082e+02     1.21071273e+02   
    4.00000000e+04     1.00000000e+01     1.10251608e+03     3.01437010e+02     2.32459719e+02     1.23253644e+02   
    4.02000000e+04     1.00500000e+01     1.10251271e+03     3.00291149e+02     2.31108099e+02     1.22117744e+02   
    4.04000000e+04     1.01000000e+01     1.10251049e+03     3.00332665e+02     2.30848151e+02     1.19819684e+02   
    4.06000000e+04     1.01500000e+01     1.10251808e+03     2.99811660e+02     2.34082797e+02     1.23252428e+02   
    4.08000000e+04     1.02000000e+01     1.10251835e+03     3.01355534e+02     2.32856111e+02     1.20906346e+02   
    4.10000000e+04     1.02500000e+01     1.10250787e+03     2.98543762e+02     2.30629811e+02     1.20245725e+02   
    4.12000000e+04     1.03000000e+01     1.10251575e+03     3.01029209e+02     2.32044580e+02     1.20247828e+02   
    4.14000000e+04     1.03500000e+01     1.10251814e+03     2.98622003e+02     2.30164725e+02     1.18845613e+02   
    4.16000000e+04     1.04000000e+01     1.10252806e+03     3.00472987e+02     2.31932345e+02     1.19633544e+02   
    4.18000000e+04     1.04500000e+01     1.10254155e+03     3.00471734e+02     2.33510817e+02     1.22142434e+02   
    4.20000000e+04     1.05000000e+01     1.10254499e+03     3.02654145e+02     2.30770739e+02     1.20606774e+02   
    4.22000000e+04     1.05500000e+01     1.10255997e+03     2.97979155e+02     2.31973283e+02     1.21324080e+02   
    4.24000000e+04     1.06000000e+01     1.10255814e+03     2.99625384e+02     2.31899223e+02     1.22101476e+02   
    4.26000000e+04     1.06500000e+01     1.10256156e+03     3.02042283e+02     2.33082274e+02     1.21224032e+02   
    4.28000000e+04     1.07000000e+01     1.10255760e+03     3.02451585e+02     2.31230077e+02     1.20873173e+02   
    4.30000000e+04     1.07500000e+01     1.10256083e+03     3.00176224e+02     2.31434634e+02     1.19843937e+02   
    4.32000000e+04     1.08000000e+01     1.10256523e+03     2.99863191e+02     2.30815220e+02     1.20379801e+02   
    4.34000000e+04     1.08500000e+01     1.10257465e+03     3.01251653e+02     2.31482587e+02     1.20780083e+02   
    4.36000000e+04     1.09000000e+01     1.10257519e+03     2.98579752e+02     2.30067333e+02     1.18812893e+02   
    4.38000000e+04     1.09500000e+01     1.10257458e+03     2.99826816e+02     2.30462350e+02     1.18563505e+02   
    4.40000000e+04     1.10000000e+01     1.10258648e+03     2.98895808e+02     2.32387912e+02     1.22999880e+02   
    4.42000000e+04     1.10500000e+01     1.10258107e+03     2.99102617e+02     2.32087579e+02     1.21932585e+02   
    4.44000000e+04     1.11000000e+01     1.10258094e+03     3.00668391e+02     2.31986067e+02     1.21159878e+02   
    4.46000000e+04     1.11500000e+01     1.10258337e+03     2.98627068e+02     2.29572778e+02     1.17462106e+02   
    4.48000000e+04     1.12000000e+01     1.10260650e+03     3.02097768e+02     2.31219807e+02     1.19751752e+02   
    4.50000000e+04     1.12500000e+01     1.10261668e+03     3.03630523e+02     2.32580735e+02     1.20233799e+02   
    4.52000000e+04     1.13000000e+01     1.10261265e+03     3.02246680e+02     2.32965270e+02     1.19960858e+02   
    4.54000000e+04     1.13500000e+01     1.10260015e+03     3.01726157e+02     2.31934019e+02     1.19651041e+02   
    4.56000000e+04     1.14000000e+01     1.10260138e+03     3.02240749e+02     2.31628389e+02     1.19223660e+02   
    4.58000000e+04     1.14500000e+01     1.10260562e+03     3.01501062e+02     2.31456125e+02     1.20471043e+02   
    4.60000000e+04     1.15000000e+01     1.10260420e+03     2.98432996e+02     2.31012484e+02     1.19519601e+02   
    4.62000000e+04     1.15500000e+01     1.10261045e+03     2.98417758e+02     2.31331527e+02     1.21021643e+02   
    4.64000000e+04     1.16000000e+01     1.10261858e+03     3.03405230e+02     2.31449917e+02     1.21334231e+02   
    4.66000000e+04     1.16500000e+01     1.10262919e+03     2.98940190e+02     2.31100431e+02     1.22180954e+02   
    4.68000000e+04     1.17000000e+01     1.10263808e+03     3.01738867e+02     2.33039787e+02     1.23066766e+02   
    4.70000000e+04     1.17500000e+01     1.10262728e+03     3.01396607e+02     2.32486507e+02     1.22825676e+02   
    4.72000000e+04     1.18000000e+01     1.10262084e+03     3.02914928e+02     2.31696210e+02     1.21458393e+02   
    4.74000000e+04     1.18500000e+01     1.10263128e+03     2.99301718e+02     2.33576455e+02     1.21337961e+02   
    4.76000000e+04     1.19000000e+01     1.10261844e+03     3.04585138e+02     2.31423007e+02     1.19262495e+02   
    4.78000000e+04     1.19500000e+01     1.10262307e+03     2.98850445e+02     2.31401869e+02     1.19659597e+02   
    4.80000000e+04     1.20000000e+01     1.10263338e+03     3.00952976e+02     2.31603366e+02     1.19593350e+02   
    4.82000000e+04     1.20500000e+01     1.10263155e+03     3.02187678e+02     2.31535269e+02     1.18935954e+02   
    4.84000000e+04     1.21000000e+01     1.10263269e+03     3.00201454e+02     2.32223995e+02     1.18277087e+02   
    4.86000000e+04     1.21500000e+01     1.10264594e+03     3.00328265e+02     2.32065377e+02     1.20455529e+02   
    4.88000000e+04     1.22000000e+01     1.10265172e+03     2.99081928e+02     2.31689636e+02     1.19805545e+02   
    4.90000000e+04     1.22500000e+01     1.10265345e+03     2.98664720e+02     2.29985329e+02     1.20326190e+02   
    4.92000000e+04     1.23000000e+01     1.10266585e+03     3.01112439e+02     2.32019232e+02     1.23648703e+02   
    4.94000000e+04     1.23500000e+01     1.10266868e+03     2.99521411e+02     2.31966675e+02     1.22518619e+02   
    4.96000000e+04     1.24000000e+01     1.10266918e+03     3.00945548e+02     2.29900554e+02     1.19410782e+02   
    4.98000000e+04     1.24500000e+01     1.10268198e+03     3.01873783e+02     2.32423188e+02     1.20926127e+02   
    5.00000000e+04     1.25000000e+01     1.10270152e+03     2.96514745e+02     2.34047279e+02     1.23926562e+02   
    5.02000000e+04     1.25500000e+01     1.10269905e+03     3.01654088e+02     2.31457266e+02     1.21097494e+02   
    5.04000000e+04     1.26000000e+01     1.10270018e+03     3.00677670e+02     2.30620459e+02     1.20523686e+02   
    5.06000000e+04     1.26500000e+01     1.10271697e+03     3.00712182e+02     2.32853956e+02     1.22992632e+02   
    5.08000000e+04     1.27000000e+01     1.10270431e+03     2.99177188e+02     2.31475419e+02     1.22634579e+02   
    5.10000000e+04     1.27500000e+01     1.10271189e+03     3.00847975e+02     2.31386541e+02     1.21703218e+02   
    5.12000000e+04     1.28000000e+01     1.10269802e+03     3.00490643e+02     2.30577517e+02     1.19346498e+02   
    5.14000000e+04     1.28500000e+01     1.10270615e+03     3.01792231e+02     2.32171159e+02     1.20587499e+02   
    5.16000000e+04     1.29000000e+01     1.10270116e+03     3.01059101e+02     2.31743677e+02     1.22009073e+02   
    5.18000000e+04     1.29500000e+01     1.10270745e+03     3.02227958e+02     2.32101284e+02     1.22133747e+02   
    5.20000000e+04     1.30000000e+01     1.10270997e+03     2.97336097e+02     2.32243164e+02     1.23581540e+02   
    5.22000000e+04     1.30500000e+01     1.10270155e+03     3.02415132e+02     2.31929151e+02     1.21710713e+02   
    5.24000000e+04     1.31000000e+01     1.10270541e+03     3.01040511e+02     2.31679645e+02     1.22177924e+02   
    5.26000000e+04     1.31500000e+01     1.10271647e+03     2.99008317e+02     2.32282863e+02     1.21213867e+02   
    5.28000000e+04     1.32000000e+01     1.10272725e+03     3.02250811e+02     2.32648138e+02     1.23047234e+02   
    5.30000000e+04     1.32500000e+01     1.10272838e+03     2.99235282e+02     2.31822286e+02     1.19777863e+02   
    5.32000000e+04     1.33000000e+01     1.10272480e+03     2.99365090e+02     2.33456192e+02     1.22846108e+02   
    5.34000000e+04     1.33500000e+01     1.10270808e+03     3.03104106e+02     2.31118577e+02     1.19401219e+02   
    5.36000000e+04     1.34000000e+01     1.10271515e+03     3.00716370e+02     2.33127854e+02     1.21842818e+02   
    5.38000000e+04     1.34500000e+01     1.10270724e+03     2.99455813e+02     2.33023798e+02     1.19933432e+02   
    5.40000000e+04     1.35000000e+01     1.10269902e+03     3.02814449e+02     2.30286013e+02     1.19037465e+02   
    5.42000000e+04     1.35500000e+01     1.10270612e+03     3.02891510e+02     2.31704817e+02     1.19311122e+02   
    5.44000000e+04     1.36000000e+01     1.10270526e+03     3.01522823e+02     2.31998326e+02     1.19168787e+02   
    5.46000000e+04     1.36500000e+01     1.10269946e+03     3.00425960e+02     2.30980873e+02     1.17782196e+02   
    5.48000000e+04     1.37000000e+01     1.10269960e+03     3.03219006e+02     2.31646474e+02     1.17668367e+02   
    5.50000000e+04     1.37500000e+01     1.10270412e+03     3.01697571e+02     2.31792546e+02     1.20932615e+02   
    5.52000000e+04     1.38000000e+01     1.10271687e+03     3.01610417e+02     2.33005235e+02     1.19407533e+02   
    5.54000000e+04     1.38500000e+01     1.10269930e+03     2.99649613e+02     2.32116382e+02     1.19246518e+02   
    5.56000000e+04     1.39000000e+01     1.10269676e+03     3.07521602e+02     2.31917022e+02     1.17029649e+02   
    5.58000000e+04     1.39500000e+01     1.10270213e+03     3.03144407e+02     2.32043267e+02     1.18157251e+02   
    5.60000000e+04     1.40000000e+01     1.10270965e+03     3.02982620e+02     2.32575466e+02     1.20139052e+02   
    5.62000000e+04     1.40500000e+01     1.10270210e+03     3.02620197e+02     2.29897591e+02     1.17157582e+02   
    5.64000000e+04     1.41000000e+01     1.10270938e+03     3.04176158e+02     2.30874774e+02     1.18570621e+02   
    5.66000000e+04     1.41500000e+01     1.10273672e+03     3.01809687e+02     2.31648230e+02     1.20915417e+02   
    5.68000000e+04     1.42000000e+01     1.10273952e+03     3.00614938e+02     2.31679030e+02     1.21558407e+02   
    5.70000000e+04     1.42500000e+01     1.10273863e+03     3.00743500e+02     2.31080019e+02     1.20597721e+02   
    5.72000000e+04     1.43000000e+01     1.10275295e+03     3.01303760e+02     2.31963425e+02     1.22463648e+02   
    5.74000000e+04     1.43500000e+01     1.10276340e+03     3.02808305e+02     2.32838305e+02     1.22361099e+02   
    5.76000000e+04     1.44000000e+01     1.10275936e+03     3.00566171e+02     2.34184536e+02     1.22314863e+02   
    5.78000000e+04     1.44500000e+01     1.10276680e+03     2.99498760e+02     2.33878584e+02     1.22306789e+02   
    5.80000000e+04     1.45000000e+01     1.10274917e+03     2.99848992e+02     2.30671389e+02     1.17845480e+02   
    5.82000000e+04     1.45500000e+01     1.10275515e+03     2.98824796e+02     2.31238543e+02     1.19820979e+02   
    5.84000000e+04     1.46000000e+01     1.10275917e+03     3.01943499e+02     2.31858554e+02     1.20832061e+02   
    5.86000000e+04     1.46500000e+01     1.10276426e+03     3.02785537e+02     2.30956756e+02     1.19803412e+02   
    5.88000000e+04     1.47000000e+01     1.10276515e+03     3.00307693e+02     2.31308249e+02     1.19760982e+02   
    5.90000000e+04     1.47500000e+01     1.10277742e+03     3.01070215e+02     2.31225071e+02     1.20942903e+02   
    5.92000000e+04     1.48000000e+01     1.10279198e+03     2.99248140e+02     2.32588572e+02     1.21551980e+02   
    5.94000000e+04     1.48500000e+01     1.10280854e+03     2.97760812e+02     2.33200661e+02     1.22207986e+02   
    5.96000000e+04     1.49000000e+01     1.10282062e+03     3.03185121e+02     2.31982163e+02     1.20701103e+02   
    5.98000000e+04     1.49500000e+01     1.10282253e+03     3.02982679e+02     2.31530752e+02     1.19468055e+02   
    6.00000000e+04     1.50000000e+01     1.10283638e+03     2.99930239e+02     2.32163395e+02     1.21277127e+02   
    6.02000000e+04     1.50500000e+01     1.10284945e+03     2.99866689e+02     2.30696995e+02     1.18906430e+02   
    6.04000000e+04     1.51000000e+01     1.10284997e+03     3.00926730e+02     2.31298459e+02     1.19871163e+02   
    6.06000000e+04     1.51500000e+01     1.10284679e+03     3.02733140e+02     2.31322514e+02     1.19715768e+02   
    6.08000000e+04     1.52000000e+01     1.10283996e+03     3.01207722e+02     2.30811318e+02     1.19473083e+02   
    6.10000000e+04     1.52500000e+01     1.10284171e+03     2.99169158e+02     2.31584755e+02     1.20440852e+02   
    6.12000000e+04     1.53000000e+01     1.10284721e+03     3.01262949e+02     2.33561785e+02     1.20621878e+02   
    6.14000000e+04     1.53500000e+01     1.10284898e+03     3.00710972e+02     2.33045116e+02     1.20788858e+02   
    6.16000000e+04     1.54000000e+01     1.10284441e+03     3.00315197e+02     2.32881164e+02     1.21684434e+02   
    6.18000000e+04     1.54500000e+01     1.10284305e+03     2.99295917e+02     2.31207215e+02     1.21355348e+02   
    6.20000000e+04     1.55000000e+01     1.10284676e+03     3.06427554e+02     2.30729941e+02     1.20354388e+02   
    6.22000000e+04     1.55500000e+01     1.10287119e+03     3.02553479e+02     2.34447892e+02     1.24336725e+02   
    6.24000000e+04     1.56000000e+01     1.10286509e+03     3.03477430e+02     2.31798801e+02     1.22440699e+02   
    6.26000000e+04     1.56500000e+01     1.10286628e+03     3.00820696e+02     2.30953594e+02     1.20745265e+02   
    6.28000000e+04     1.57000000e+01     1.10286891e+03     3.00290415e+02     2.32505377e+02     1.20422096e+02   
    6.30000000e+04     1.57500000e+01     1.10286750e+03     3.02607050e+02     2.31599749e+02     1.19102308e+02   
    6.32000000e+04     1.58000000e+01     1.10286526e+03     3.03888526e+02     2.30358813e+02     1.19507937e+02   
    6.34000000e+04     1.58500000e+01     1.10286377e+03     3.02898149e+02     2.30455290e+02     1.19057772e+02   
    6.36000000e+04     1.59000000e+01     1.10286645e+03     3.03354244e+02     2.31877760e+02     1.19861598e+02   
    6.38000000e+04     1.59500000e+01     1.10286579e+03     2.98935939e+02     2.31919205e+02     1.21911694e+02   
    6.40000000e+04     1.60000000e+01     1.10285661e+03     3.01569649e+02     2.32027597e+02     1.19922657e+02   
    6.42000000e+04     1.60500000e+01     1.10284754e+03     2.99498501e+02     2.31501993e+02     1.19455330e+02   
    6.44000000e+04     1.61000000e+01     1.10285573e+03     3.06077823e+02     2.32184754e+02     1.17983129e+02   
    6.46000000e+04     1.61500000e+01     1.10286112e+03     3.00295814e+02     2.32723123e+02     1.20379104e+02   
    6.48000000e+04     1.62000000e+01     1.10286410e+03     3.03696559e+02     2.34247026e+02     1.21621726e+02   
    6.50000000e+04     1.62500000e+01     1.10284725e+03     3.00124135e+02     2.31860565e+02     1.19468749e+02   
    6.52000000e+04     1.63000000e+01     1.10284516e+03     3.00213350e+02     2.33205991e+02     1.19315258e+02   
    6.54000000e+04     1.63500000e+01     1.10284172e+03     2.97802820e+02     2.30599101e+02     1.18329417e+02   
    6.56000000e+04     1.64000000e+01     1.10284013e+03     3.04329876e+02     2.32325705e+02     1.19495842e+02   
    6.58000000e+04     1.64500000e+01     1.10284050e+03     3.04002396e+02     2.31084480e+02     1.18873247e+02   
    6.60000000e+04     1.65000000e+01     1.10283729e+03     3.00803208e+02     2.30721041e+02     1.19340590e+02   
    6.62000000e+04     1.65500000e+01     1.10284326e+03     3.02598297e+02     2.33230133e+02     1.23181724e+02   
    6.64000000e+04     1.66000000e+01     1.10284099e+03     3.01435662e+02     2.32751220e+02     1.22316852e+02   
    6.66000000e+04     1.66500000e+01     1.10284439e+03     3.01421887e+02     2.32145330e+02     1.22082342e+02   
    6.68000000e+04     1.67000000e+01     1.10284097e+03     3.00696721e+02     2.30959795e+02     1.19310371e+02   
    6.70000000e+04     1.67500000e+01     1.10285575e+03     3.01379923e+02     2.30341001e+02     1.18862571e+02   
    6.72000000e+04     1.68000000e+01     1.10286134e+03     3.00180001e+02     2.29058745e+02     1.16517213e+02   
    6.74000000e+04     1.68500000e+01     1.10288886e+03     2.98670109e+02     2.33613101e+02     1.22687402e+02   
    6.76000000e+04     1.69000000e+01     1.10288984e+03     3.00043422e+02     2.31761848e+02     1.20005820e+02   
    6.78000000e+04     1.69500000e+01     1.10290677e+03     3.03035030e+02     2.32102806e+02     1.20494959e+02   
    6.80000000e+04     1.70000000e+01     1.10289703e+03     3.02203149e+02     2.30946129e+02     1.17888192e+02   
    6.82000000e+04     1.70500000e+01     1.10290266e+03     2.98047663e+02     2.32267895e+02     1.19189842e+02   
    6.84000000e+04     1.71000000e+01     1.10290303e+03     3.02862251e+02     2.33066822e+02     1.20357602e+02   
    6.86000000e+04     1.71500000e+01     1.10290406e+03     3.00711976e+02     2.31607909e+02     1.19629232e+02   
    6.88000000e+04     1.72000000e+01     1.10291443e+03     3.01675966e+02     2.31814131e+02     1.21039236e+02   
    6.90000000e+04     1.72500000e+01     1.10292636e+03     3.04622059e+02     2.32098374e+02     1.21639326e+02   
    6.92000000e+04     1.73000000e+01     1.10292386e+03     3.01345322e+02     2.30101473e+02     1.20119361e+02   
    6.94000000e+04     1.73500000e+01     1.10291380e+03     3.03743351e+02     2.32131301e+02     1.20891152e+02   
    6.96000000e+04     1.74000000e+01     1.10290556e+03     2.97371920e+02     2.31538262e+02     1.20576411e+02   
    6.98000000e+04     1.74500000e+01     1.10290329e+03     3.02142653e+02     2.31194076e+02     1.19589009e+02   
    7.00000000e+04     1.75000000e+01     1.10289549e+03     3.02074686e+02     2.31185461e+02     1.18300332e+02   
    7.02000000e+04     1.75500000e+01     1.10290708e+03     3.01904734e+02     2.31784541e+02     1.20063216e+02   
    7.04000000e+04     1.76000000e+01     1.10291986e+03     3.02268945e+02     2.32114843e+02     1.20627201e+02   
    7.06000000e+04     1.76500000e+01     1.10292431e+03     3.03661215e+02     2.31856801e+02     1.21568119e+02   
    7.08000000e+04     1.77000000e+01     1.10292853e+03     3.02126058e+02     2.31557747e+02     1.20570494e+02   
    7.10000000e+04     1.77500000e+01     1.10293302e+03     3.01167319e+02     2.31369925e+02     1.20834434e+02   
    7.12000000e+04     1.78000000e+01     1.10293955e+03     3.01180299e+02     2.30045117e+02     1.18882647e+02   
    7.14000000e+04     1.78500000e+01     1.10294194e+03     3.02364668e+02     2.30826768e+02     1.19206209e+02   
    7.16000000e+04     1.79000000e+01     1.10296269e+03     3.02351197e+02     2.32375791e+02     1.22206209e+02   
    7.18000000e+04     1.79500000e+01     1.10296075e+03     2.98368554e+02     2.31522727e+02     1.20543999e+02   
    7.20000000e+04     1.80000000e+01     1.10297124e+03     3.02492200e+02     2.32564416e+02     1.21832070e+02   
    7.22000000e+04     1.80500000e+01     1.10296734e+03     2.99318098e+02     2.31123806e+02     1.19467803e+02   
    7.24000000e+04     1.81000000e+01     1.10296311e+03     2.99976783e+02     2.29949924e+02     1.19739432e+02   
    7.26000000e+04     1.81500000e+01     1.10297102e+03     2.97775685e+02     2.33275095e+02     1.23593796e+02   
    7.28000000e+04     1.82000000e+01     1.10294766e+03     3.00352779e+02     2.29988713e+02     1.17509907e+02   
    7.30000000e+04     1.82500000e+01     1.10294829e+03     3.02534425e+02     2.32070563e+02     1.20165248e+02   
    7.32000000e+04     1.83000000e+01     1.10294121e+03     3.02482246e+02     2.31225968e+02     1.21193756e+02   
    7.34000000e+04     1.83500000e+01     1.10296705e+03     2.99165662e+02     2.34989434e+02     1.25158791e+02   
    7.36000000e+04     1.84000000e+01     1.10295768e+03     3.00421110e+02     2.30795218e+02     1.20148320e+02   
    7.38000000e+04     1.84500000e+01     1.10295606e+03     3.00828457e+02     2.29398136e+02     1.17528963e+02   
    7.40000000e+04     1.85000000e+01     1.10297061e+03     3.01487196e+02     2.32158018e+02     1.21973272e+02   
    7.42000000e+04     1.85500000e+01     1.10298380e+03     3.00469577e+02     2.33038637e+02     1.21943858e+02   
    7.44000000e+04     1.86000000e+01     1.10297228e+03     3.03818444e+02     2.30435887e+02     1.20254634e+02   
    7.46000000e+04     1.86500000e+01     1.10297111e+03     3.01841828e+02     2.31625645e+02     1.21937071e+02   
    7.48000000e+04     1.87000000e+01     1.10295864e+03     3.02680695e+02     2.31474163e+02     1.22681823e+02   
    7.50000000e+04     1.87500000e+01     1.10295044e+03     3.00320726e+02     2.31905898e+02     1.22523173e+02   
    7.52000000e+04     1.88000000e+01     1.10294205e+03     2.99057481e+02     2.31308779e+02     1.21960174e+02   
    7.54000000e+04     1.88500000e+01     1.10294156e+03     3.00771803e+02     2.31654187e+02     1.21706980e+02   
    7.56000000e+04     1.89000000e+01     1.10293990e+03     3.01353698e+02     2.31864482e+02     1.21813135e+02   
    7.58000000e+04     1.89500000e+01     1.10293918e+03     3.00822131e+02     2.29904780e+02     1.20639309e+02   
    7.60000000e+04     1.90000000e+01     1.10294646e+03     3.02105136e+02     2.32363101e+02     1.23171923e+02   
    7.62000000e+04     1.90500000e+01     1.10294593e+03     3.04484143e+02     2.32460742e+02     1.23684818e+02   
    7.64000000e+04     1.91000000e+01     1.10293847e+03     3.02971258e+02     2.30141356e+02     1.20967265e+02   
    7.66000000e+04     1.91500000e+01     1.10293465e+03     3.01726263e+02     2.31378217e+02     1.21035722e+02   
    7.68000000e+04     1.92000000e+01     1.10295441e+03     3.02689303e+02     2.33182123e+02     1.21962531e+02   
    7.70000000e+04     1.92500000e+01     1.10294539e+03     3.01584467e+02     2.32403038e+02     1.20618871e+02   
    7.72000000e+04     1.93000000e+01     1.10295684e+03     3.03640775e+02     2.33777419e+02     1.21176576e+02   
    7.74000000e+04     1.93500000e+01     1.10295953e+03     3.03400233e+02     2.32858520e+02     1.19248114e+02   
    7.76000000e+04     1.94000000e+01     1.10295831e+03     3.02377908e+02     2.30328935e+02     1.16969957e+02   
    7.78000000e+04     1.94500000e+01     1.10296791e+03     2.98417957e+02     2.31531701e+02     1.17388501e+02   
    7.80000000e+04     1.95000000e+01     1.10297961e+03     3.02783408e+02     2.33260326e+02     1.19773097e+02   
    7.82000000e+04     1.95500000e+01     1.10296537e+03     3.05069527e+02     2.32241036e+02     1.19110234e+02   
    7.84000000e+04     1.96000000e+01     1.10295316e+03     3.03216673e+02     2.31599716e+02     1.19578224e+02   
    7.86000000e+04     1.96500000e+01     1.10293897e+03     2.99410800e+02     2.31833852e+02     1.17406639e+02   
    7.88000000e+04     1.97000000e+01     1.10292320e+03     3.02352602e+02     2.29559824e+02     1.15531337e+02   
    7.90000000e+04     1.97500000e+01     1.10292365e+03     3.03142846e+02     2.30912501e+02     1.16206549e+02   
    7.92000000e+04     1.98000000e+01     1.10293134e+03     3.01297515e+02     2.30289658e+02     1.16069483e+02   
    7.94000000e+04     1.98500000e+01     1.10295311e+03     3.02967528e+02     2.31065052e+02     1.16923941e+02   
    7.96000000e+04     1.99000000e+01     1.10297782e+03     3.01909987e+02     2.32478063e+02     1.19809344e+02   
    7.98000000e+04     1.99500000e+01     1.10297416e+03     3.00745629e+02     2.29160127e+02     1.16984680e+02   
    8.00000000e+04     2.00000000e+01     1.10297257e+03     2.99080126e+02     2.32508274e+02     1.20061417e+02   
