# column   1     --> step : The current simulation time step.
# column   2     --> time{picosecond} : The elapsed simulation time.
# column   3     --> conserved{electronvolt} : The value of the conserved energy quantity per bead.
# column   4     --> temperature{kelvin} : The current temperature, as obtained from the MD kinetic energy.
# column   5     --> kinetic_cv{electronvolt} : The centroid-virial quantum kinetic energy of the physical system.
# column   6     --> potential{electronvolt} : The physical system potential energy.
    0.00000000e+00     0.00000000e+00     1.10214796e+03     3.04428649e+02     2.30393871e+02     1.18106828e+02   
    2.00000000e+02     5.00000000e-02     1.10215702e+03     3.00247781e+02     2.32198354e+02     1.18397654e+02   
    4.00000000e+02     1.00000000e-01     1.10217525e+03     3.00540533e+02     2.33433797e+02     1.19330115e+02   
    6.00000000e+02     1.50000000e-01     1.10216731e+03     2.99675838e+02     2.31084345e+02     1.18939637e+02   
    8.00000000e+02     2.00000000e-01     1.10217590e+03     2.98872655e+02     2.31618072e+02     1.18577781e+02   
    1.00000000e+03     2.50000000e-01     1.10218726e+03     2.99600373e+02     2.33009560e+02     1.19910742e+02   
    1.20000000e+03     3.00000000e-01     1.10218599e+03     3.01005227e+02     2.32610619e+02     1.17220185e+02   
    1.40000000e+03     3.50000000e-01     1.10218893e+03     3.03273633e+02     2.32579155e+02     1.18454086e+02   
    1.60000000e+03     4.00000000e-01     1.10219362e+03     2.97225212e+02     2.31656846e+02     1.17731173e+02   
    1.80000000e+03     4.50000000e-01     1.10220549e+03     2.98204666e+02     2.30932138e+02     1.17690574e+02   
    2.00000000e+03     5.00000000e-01     1.10221451e+03     3.01589913e+02     2.32661508e+02     1.17644901e+02   
    2.20000000e+03     5.50000000e-01     1.10220867e+03     3.00043389e+02     2.29601647e+02     1.16541541e+02   
    2.40000000e+03     6.00000000e-01     1.10221524e+03     2.98401483e+02     2.32623413e+02     1.19294936e+02   
    2.60000000e+03     6.50000000e-01     1.10220864e+03     2.98550924e+02     2.30854068e+02     1.16968276e+02   
    2.80000000e+03     7.00000000e-01     1.10221452e+03     3.00842311e+02     2.31618801e+02     1.17055136e+02   
    3.00000000e+03     7.50000000e-01     1.10223268e+03     2.99019701e+02     2.33387105e+02     1.18887058e+02   
    3.20000000e+03     8.00000000e-01     1.10223654e+03     3.00589016e+02     2.31424511e+02     1.19707506e+02   
    3.40000000e+03     8.50000000e-01     1.10223686e+03     3.02322077e+02     2.32896089e+02     1.20341168e+02   
    3.60000000e+03     9.00000000e-01     1.10222921e+03     2.99934245e+02     2.31797154e+02     1.20275804e+02   
    3.80000000e+03     9.50000000e-01     1.10220764e+03     2.96609126e+02     2.31104379e+02     1.19159604e+02   
    4.00000000e+03     1.00000000e+00     1.10221163e+03     2.97194088e+02     2.31764864e+02     1.19430988e+02   
    4.20000000e+03     1.05000000e+00     1.10220615e+03     3.00968274e+02     2.30579046e+02     1.15647589e+02   
    4.40000000e+03     1.10000000e+00     1.10220703e+03     2.99581130e+02     2.31090701e+02     1.16484200e+02   
    4.60000000e+03     1.15000000e+00     1.10222085e+03     2.98620915e+02     2.31885241e+02     1.16482275e+02   
    4.80000000e+03     1.20000000e+00     1.10222618e+03     3.00051277e+02     2.32150809e+02     1.17657942e+02   
    5.00000000e+03     1.25000000e+00     1.10222769e+03     2.99164697e+02     2.32378132e+02     1.18972272e+02   
    5.20000000e+03     1.30000000e+00     1.10223012e+03     2.99856395e+02     2.31323892e+02     1.19377554e+02   
    5.40000000e+03     1.35000000e+00     1.10222267e+03     3.02191383e+02     2.30621022e+02     1.17619041e+02   
    5.60000000e+03     1.40000000e+00     1.10223488e+03     2.98840435e+02     2.32666503e+02     1.19673649e+02   
    5.80000000e+03     1.45000000e+00     1.10223070e+03     3.00407897e+02     2.29998626e+02     1.15622640e+02   
    6.00000000e+03     1.50000000e+00     1.10222135e+03     3.00998238e+02     2.31452462e+02     1.18324187e+02   
    6.20000000e+03     1.55000000e+00     1.10222376e+03     3.01899990e+02     2.31901954e+02     1.17804144e+02   
    6.40000000e+03     1.60000000e+00     1.10223796e+03     2.98828323e+02     2.31057472e+02     1.19047226e+02   
    6.60000000e+03     1.65000000e+00     1.10224256e+03     3.05733243e+02     2.31979774e+02     1.18211217e+02   
    6.80000000e+03     1.70000000e+00     1.10223751e+03     3.03667140e+02     2.30750317e+02     1.17719169e+02   
    7.00000000e+03     1.75000000e+00     1.10223259e+03     3.01203761e+02     2.33968253e+02     1.19243943e+02   
    7.20000000e+03     1.80000000e+00     1.10222844e+03     2.98505968e+02     2.33480729e+02     1.20223810e+02   
    7.40000000e+03     1.85000000e+00     1.10222636e+03     3.00059958e+02     2.31581338e+02     1.17364946e+02   
    7.60000000e+03     1.90000000e+00     1.10221525e+03     3.01037414e+02     2.30880837e+02     1.15924542e+02   
    7.80000000e+03     1.95000000e+00     1.10221082e+03     3.00781480e+02     2.33303489e+02     1.19146097e+02   
    8.00000000e+03     2.00000000e+00     1.10219130e+03     3.02550386e+02     2.31929134e+02     1.18743639e+02   
    8.20000000e+03     2.05000000e+00     1.10218746e+03     3.01171001e+02     2.31952464e+02     1.19320576e+02   
    8.40000000e+03     2.10000000e+00     1.10218445e+03     3.02166737e+02     2.31382356e+02     1.18977654e+02   
    8.60000000e+03     2.15000000e+00     1.10217684e+03     2.99982415e+02     2.29779399e+02     1.18735132e+02   
    8.80000000e+03     2.20000000e+00     1.10218727e+03     2.99318830e+02     2.33006529e+02     1.21640516e+02   
    9.00000000e+03     2.25000000e+00     1.10218231e+03     2.99260169e+02     2.31725971e+02     1.20461851e+02   
    9.20000000e+03     2.30000000e+00     1.10219546e+03     3.02235378e+02     2.33614903e+02     1.19872076e+02   
    9.40000000e+03     2.35000000e+00     1.10218285e+03     3.00290899e+02     2.29263645e+02     1.16510542e+02   
    9.60000000e+03     2.40000000e+00     1.10218880e+03     3.01257937e+02     2.31426917e+02     1.18390098e+02   
    9.80000000e+03     2.45000000e+00     1.10218461e+03     3.00566713e+02     2.30399796e+02     1.18749768e+02   
    1.00000000e+04     2.50000000e+00     1.10218906e+03     2.99184202e+02     2.32073115e+02     1.19832350e+02   
    1.02000000e+04     2.55000000e+00     1.10219968e+03     2.98873560e+02     2.33165049e+02     1.21404893e+02   
    1.04000000e+04     2.60000000e+00     1.10220609e+03     3.02647455e+02     2.33396167e+02     1.21776523e+02   
    1.06000000e+04     2.65000000e+00     1.10220887e+03     2.98991900e+02     2.32891627e+02     1.21560792e+02   
    1.08000000e+04     2.70000000e+00     1.10220361e+03     2.99615543e+02     2.31360278e+02     1.19726714e+02   
    1.10000000e+04     2.75000000e+00     1.10220542e+03     3.02176364e+02     2.29261169e+02     1.17519299e+02   
    1.12000000e+04     2.80000000e+00     1.10221449e+03     2.99427460e+02     2.31836300e+02     1.19686081e+02   
    1.14000000e+04     2.85000000e+00     1.10222712e+03     2.99907249e+02     2.32107912e+02     1.19613103e+02   
    1.16000000e+04     2.90000000e+00     1.10221483e+03     2.97275124e+02     2.31263228e+02     1.16992615e+02   
    1.18000000e+04     2.95000000e+00     1.10221595e+03     3.01052137e+02     2.33218831e+02     1.21434276e+02   
    1.20000000e+04     3.00000000e+00     1.10220087e+03     3.01810968e+02     2.32078206e+02     1.20141421e+02   
    1.22000000e+04     3.05000000e+00     1.10217644e+03     2.99870928e+02     2.32608543e+02     1.21031417e+02   
    1.24000000e+04     3.10000000e+00     1.10216677e+03     2.97216602e+02     2.33800871e+02     1.21929158e+02   
    1.26000000e+04     3.15000000e+00     1.10216128e+03     2.98041016e+02     2.31888804e+02     1.19439978e+02   
    1.28000000e+04     3.20000000e+00     1.10216817e+03     2.95935741e+02     2.32768356e+02     1.21460478e+02   
    1.30000000e+04     3.25000000e+00     1.10215581e+03     2.98125670e+02     2.30459155e+02     1.18134740e+02   
    1.32000000e+04     3.30000000e+00     1.10215226e+03     2.99299371e+02     2.31548234e+02     1.18691033e+02   
    1.34000000e+04     3.35000000e+00     1.10215655e+03     2.98680630e+02     2.31569728e+02     1.18236602e+02   
    1.36000000e+04     3.40000000e+00     1.10214887e+03     3.02099053e+02     2.30017266e+02     1.16104379e+02   
    1.38000000e+04     3.45000000e+00     1.10216258e+03     2.97753059e+02     2.31217922e+02     1.19872462e+02   
    1.40000000e+04     3.50000000e+00     1.10216025e+03     3.00067573e+02     2.31942675e+02     1.18520274e+02   
    1.42000000e+04     3.55000000e+00     1.10215623e+03     2.97499872e+02     2.31501731e+02     1.19387508e+02   
    1.44000000e+04     3.60000000e+00     1.10214744e+03     2.98507945e+02     2.32438392e+02     1.19027993e+02   
    1.46000000e+04     3.65000000e+00     1.10213227e+03     3.01210278e+02     2.30404782e+02     1.16014376e+02   
    1.48000000e+04     3.70000000e+00     1.10213206e+03     3.01575594e+02     2.30139794e+02     1.16798571e+02   
    1.50000000e+04     3.75000000e+00     1.10212761e+03     3.00074665e+02     2.31657833e+02     1.15243544e+02   
    1.52000000e+04     3.80000000e+00     1.10212461e+03     3.00858221e+02     2.32310020e+02     1.17579255e+02   
    1.54000000e+04     3.85000000e+00     1.10211259e+03     3.01302005e+02     2.30734221e+02     1.14466487e+02   
    1.56000000e+04     3.90000000e+00     1.10210966e+03     3.02833112e+02     2.30246268e+02     1.15059226e+02   
    1.58000000e+04     3.95000000e+00     1.10212190e+03     3.00546217e+02     2.33065899e+02     1.18319023e+02   
    1.60000000e+04     4.00000000e+00     1.10212472e+03     3.03894577e+02     2.32686877e+02     1.16451914e+02   
    1.62000000e+04     4.05000000e+00     1.10214426e+03     3.00559720e+02     2.33811970e+02     1.19313230e+02   
    1.64000000e+04     4.10000000e+00     1.10213544e+03     3.02816919e+02     2.30115084e+02     1.14154069e+02   
    1.66000000e+04     4.15000000e+00     1.10212838e+03     3.01409088e+02     2.30868670e+02     1.16909677e+02   
    1.68000000e+04     4.20000000e+00     1.10212658e+03     3.00709319e+02     2.32074771e+02     1.17239505e+02   
    1.70000000e+04     4.25000000e+00     1.10211909e+03     3.01705419e+02     2.31425620e+02     1.16764545e+02   
    1.72000000e+04     4.30000000e+00     1.10212139e+03     3.00731493e+02     2.31363289e+02     1.17595614e+02   
    1.74000000e+04     4.35000000e+00     1.10211365e+03     2.96806318e+02     2.31186539e+02     1.16797604e+02   
    1.76000000e+04     4.40000000e+00     1.10211048e+03     3.02594582e+02     2.31665866e+02     1.16837528e+02   
    1.78000000e+04     4.45000000e+00     1.10211450e+03     3.02066405e+02     2.32156185e+02     1.18673924e+02   
    1.80000000e+04     4.50000000e+00     1.10212212e+03     3.01013022e+02     2.30151405e+02     1.15949679e+02   
    1.82000000e+04     4.55000000e+00     1.10213188e+03     3.04678800e+02     2.30609723e+02     1.15720489e+02   
    1.84000000e+04     4.60000000e+00     1.10215664e+03     2.99347453e+02     2.33110391e+02     1.19016952e+02   
    1.86000000e+04     4.65000000e+00     1.10216786e+03     3.02840676e+02     2.31813437e+02     1.17542977e+02   
    1.88000000e+04     4.70000000e+00     1.10217068e+03     2.99839996e+02     2.31018498e+02     1.19183777e+02   
    1.90000000e+04     4.75000000e+00     1.10217235e+03     2.96896901e+02     2.31173563e+02     1.17258244e+02   
    1.92000000e+04     4.80000000e+00     1.10216748e+03     2.99632706e+02     2.30738230e+02     1.17757632e+02   
    1.94000000e+04     4.85000000e+00     1.10214913e+03     3.01939700e+02     2.30937404e+02     1.17096053e+02   
    1.96000000e+04     4.90000000e+00     1.10214243e+03     2.99068944e+02     2.32674175e+02     1.20403891e+02   
    1.98000000e+04     4.95000000e+00     1.10214454e+03     2.98093702e+02     2.32558800e+02     1.20199867e+02   
    2.00000000e+04     5.00000000e+00     1.10214631e+03     3.00393319e+02     2.31066500e+02     1.19146656e+02   
    2.02000000e+04     5.05000000e+00     1.10214912e+03     2.98828132e+02     2.30684489e+02     1.18890669e+02   
    2.04000000e+04     5.10000000e+00     1.10215684e+03     2.98667951e+02     2.30946225e+02     1.18855471e+02   
    2.06000000e+04     5.15000000e+00     1.10215158e+03     2.97535207e+02     2.30699571e+02     1.18701284e+02   
    2.08000000e+04     5.20000000e+00     1.10213899e+03     2.99072362e+02     2.30750161e+02     1.16653642e+02   
    2.10000000e+04     5.25000000e+00     1.10213640e+03     2.99669756e+02     2.31086916e+02     1.18046430e+02   
    2.12000000e+04     5.30000000e+00     1.10214373e+03     3.01131680e+02     2.32229738e+02     1.21020728e+02   
    2.14000000e+04     5.35000000e+00     1.10214578e+03     2.99901428e+02     2.31733768e+02     1.19081377e+02   
    2.16000000e+04     5.40000000e+00     1.10216256e+03     2.98925857e+02     2.31476514e+02     1.19020361e+02   
    2.18000000e+04     5.45000000e+00     1.10218146e+03     2.98566284e+02     2.33444731e+02     1.19111210e+02   
    2.20000000e+04     5.50000000e+00     1.10218941e+03     3.00364321e+02     2.32814066e+02     1.20497320e+02   
    2.22000000e+04     5.55000000e+00     1.10218514e+03     2.96027801e+02     2.30975628e+02     1.18439208e+02   
    2.24000000e+04     5.60000000e+00     1.10218604e+03     3.00600572e+02     2.30795322e+02     1.18707942e+02   
    2.26000000e+04     5.65000000e+00     1.10218325e+03     2.99898714e+02     2.31475801e+02     1.19187308e+02   
    2.28000000e+04     5.70000000e+00     1.10218128e+03     2.98038406e+02     2.32091941e+02     1.20379026e+02   
    2.30000000e+04     5.75000000e+00     1.10217326e+03     3.00309275e+02     2.31516797e+02     1.19016391e+02   
    2.32000000e+04     5.80000000e+00     1.10216302e+03     3.00879028e+02     2.31554263e+02     1.18017397e+02   
    2.34000000e+04     5.85000000e+00     1.10215315e+03     2.98719960e+02     2.29400660e+02     1.16299244e+02   
    2.36000000e+04     5.90000000e+00     1.10216228e+03     3.01115537e+02     2.31163068e+02     1.15914774e+02   
    2.38000000e+04     5.95000000e+00     1.10219201e+03     3.00161196e+02     2.31785564e+02     1.18566982e+02   
    2.40000000e+04     6.00000000e+00     1.10220843e+03     2.98728055e+02     2.34550735e+02     1.21399408e+02   
    2.42000000e+04     6.05000000e+00     1.10218223e+03     3.00388137e+02     2.31075463e+02     1.18744905e+02   
    2.44000000e+04     6.10000000e+00     1.10218280e+03     2.99191577e+02     2.32203964e+02     1.18946581e+02   
    2.46000000e+04     6.15000000e+00     1.10218726e+03     2.99488012e+02     2.32917760e+02     1.20560338e+02   
    2.48000000e+04     6.20000000e+00     1.10217987e+03     2.99741727e+02     2.31133493e+02     1.18219014e+02   
    2.50000000e+04     6.25000000e+00     1.10217574e+03     3.01756750e+02     2.32375737e+02     1.17477707e+02   
    2.52000000e+04     6.30000000e+00     1.10217159e+03     2.99988340e+02     2.32002665e+02     1.17825221e+02   
    2.54000000e+04     6.35000000e+00     1.10215692e+03     3.02925741e+02     2.30437239e+02     1.14496343e+02   
    2.56000000e+04     6.40000000e+00     1.10216157e+03     3.00316005e+02     2.31396741e+02     1.17476726e+02   
    2.58000000e+04     6.45000000e+00     1.10216791e+03     2.99949496e+02     2.33193190e+02     1.17457382e+02   
    2.60000000e+04     6.50000000e+00     1.10215723e+03     3.01232889e+02     2.30870339e+02     1.16626002e+02   
    2.62000000e+04     6.55000000e+00     1.10215212e+03     3.01190955e+02     2.32726458e+02     1.17696154e+02   
    2.64000000e+04     6.60000000e+00     1.10214614e+03     3.00919783e+02     2.33524943e+02     1.18069981e+02   
    2.66000000e+04     6.65000000e+00     1.10212436e+03     2.99632075e+02     2.30288908e+02     1.13957249e+02   
    2.68000000e+04     6.70000000e+00     1.10212183e+03     3.00926439e+02     2.32282729e+02     1.16285245e+02   
    2.70000000e+04     6.75000000e+00     1.10212525e+03     2.99164334e+02     2.31080072e+02     1.15665982e+02   
    2.72000000e+04     6.80000000e+00     1.10214192e+03     2.96567610e+02     2.33811615e+02     1.18495182e+02   
    2.74000000e+04     6.85000000e+00     1.10212913e+03     2.99634401e+02     2.32116878e+02     1.15234241e+02   
    2.76000000e+04     6.90000000e+00     1.10213203e+03     2.98521727e+02     2.31241378e+02     1.16962425e+02   
    2.78000000e+04     6.95000000e+00     1.10214002e+03     3.00121691e+02     2.31620581e+02     1.16532234e+02   
    2.80000000e+04     7.00000000e+00     1.10214029e+03     2.99681523e+02     2.30662632e+02     1.16358397e+02   
    2.82000000e+04     7.05000000e+00     1.10214573e+03     2.97637819e+02     2.31384414e+02     1.16213668e+02   
    2.84000000e+04     7.10000000e+00     1.10215298e+03     2.96385416e+02     2.31291961e+02     1.16465488e+02   
    2.86000000e+04     7.15000000e+00     1.10214872e+03     2.96674080e+02     2.31745950e+02     1.17868137e+02   
    2.88000000e+04     7.20000000e+00     1.10214984e+03     3.01019801e+02     2.32625976e+02     1.18107723e+02   
    2.90000000e+04     7.25000000e+00     1.10213955e+03     2.99600057e+02     2.30743689e+02     1.16706377e+02   
    2.92000000e+04     7.30000000e+00     1.10214755e+03     3.01057271e+02     2.32715350e+02     1.18118643e+02   
    2.94000000e+04     7.35000000e+00     1.10214542e+03     3.01255667e+02     2.31090244e+02     1.17808033e+02   
    2.96000000e+04     7.40000000e+00     1.10215587e+03     2.99835813e+02     2.31782638e+02     1.19138104e+02   
    2.98000000e+04     7.45000000e+00     1.10216137e+03     3.01445826e+02     2.30608427e+02     1.17404404e+02   
    3.00000000e+04     7.50000000e+00     1.10215825e+03     2.98206895e+02     2.31085157e+02     1.19895889e+02   
    3.02000000e+04     7.55000000e+00     1.10216244e+03     3.01002627e+02     2.31043653e+02     1.17448545e+02   
    3.04000000e+04     7.60000000e+00     1.10217806e+03     2.98387315e+02     2.32537658e+02     1.20489826e+02   
    3.06000000e+04     7.65000000e+00     1.10217555e+03     2.97337529e+02     2.31636982e+02     1.18652161e+02   
    3.08000000e+04     7.70000000e+00     1.10217815e+03     3.01550680e+02     2.32039346e+02     1.20849999e+02   
    3.10000000e+04     7.75000000e+00     1.10217071e+03     3.01430748e+02     2.30431490e+02     1.17848748e+02   
    3.12000000e+04     7.80000000e+00     1.10216894e+03     3.02229693e+02     2.31424597e+02     1.17459349e+02   
    3.14000000e+04     7.85000000e+00     1.10216410e+03     3.02678358e+02     2.32743316e+02     1.19816338e+02   
    3.16000000e+04     7.90000000e+00     1.10215677e+03     3.01396143e+02     2.30454499e+02     1.17157587e+02   
    3.18000000e+04     7.95000000e+00     1.10215375e+03     2.98563734e+02     2.30257076e+02     1.16302038e+02   
    3.20000000e+04     8.00000000e+00     1.10217207e+03     2.99748431e+02     2.31030674e+02     1.18514348e+02   
    3.22000000e+04     8.05000000e+00     1.10217737e+03     3.02066803e+02     2.32884892e+02     1.20892964e+02   
    3.24000000e+04     8.10000000e+00     1.10217452e+03     3.05486708e+02     2.30309938e+02     1.17993496e+02   
    3.26000000e+04     8.15000000e+00     1.10218968e+03     3.02110114e+02     2.31607668e+02     1.18771546e+02   
    3.28000000e+04     8.20000000e+00     1.10220271e+03     3.00398417e+02     2.32419281e+02     1.18463362e+02   
    3.30000000e+04     8.25000000e+00     1.10220914e+03     3.01998237e+02     2.31161506e+02     1.19198967e+02   
    3.32000000e+04     8.30000000e+00     1.10220883e+03     3.01866716e+02     2.31915989e+02     1.18725774e+02   
    3.34000000e+04     8.35000000e+00     1.10219211e+03     3.03503460e+02     2.30838782e+02     1.17208477e+02   
    3.36000000e+04     8.40000000e+00     1.10218716e+03     3.02689615e+02     2.30784895e+02     1.17760264e+02   
    3.38000000e+04     8.45000000e+00     1.10218047e+03     3.00240914e+02     2.29355641e+02     1.16744725e+02   
    3.40000000e+04     8.50000000e+00     1.10218678e+03     3.00738809e+02     2.31236678e+02     1.20223079e+02   
    3.42000000e+04     8.55000000e+00     1.10219588e+03     3.02039149e+02     2.32353026e+02     1.20625644e+02   
    3.44000000e+04     8.60000000e+00     1.10220456e+03     3.01490094e+02     2.32516228e+02     1.20071494e+02   
    3.46000000e+04     8.65000000e+00     1.10221281e+03     3.02418884e+02     2.31542796e+02     1.19113251e+02   
    3.48000000e+04     8.70000000e+00     1.10223210e+03     2.99604312e+02     2.33755551e+02     1.21676755e+02   
    3.50000000e+04     8.75000000e+00     1.10223496e+03     2.99595982e+02     2.31136417e+02     1.19082242e+02   
    3.52000000e+04     8.80000000e+00     1.10223568e+03     3.02771907e+02     2.30375597e+02     1.19111928e+02   
    3.54000000e+04     8.85000000e+00     1.10224119e+03     3.00706467e+02     2.31238522e+02     1.21285629e+02   
    3.56000000e+04     8.90000000e+00     1.10222746e+03     2.99971665e+02     2.30964122e+02     1.19883079e+02   
    3.58000000e+04     8.95000000e+00     1.10222443e+03     2.98321625e+02     2.30952506e+02     1.19830376e+02   
    3.60000000e+04     9.00000000e+00     1.10222366e+03     2.99046912e+02     2.32550062e+02     1.20787271e+02   
    3.62000000e+04     9.05000000e+00     1.10222144e+03     2.96630333e+02     2.31640572e+02     1.20066696e+02   
    3.64000000e+04     9.10000000e+00     1.10222255e+03     3.01236979e+02     2.30551499e+02     1.17881231e+02   
    3.66000000e+04     9.15000000e+00     1.10223223e+03     2.98963124e+02     2.31470451e+02     1.17967523e+02   
    3.68000000e+04     9.20000000e+00     1.10223944e+03     3.01564803e+02     2.31846045e+02     1.19638149e+02   
    3.70000000e+04     9.25000000e+00     1.10224410e+03     3.00919700e+02     2.31027551e+02     1.17921661e+02   
    3.72000000e+04     9.30000000e+00     1.10224040e+03     3.01633607e+02     2.29769507e+02     1.16246487e+02   
    3.74000000e+04     9.35000000e+00     1.10224505e+03     2.97739788e+02     2.31203653e+02     1.17647585e+02   
    3.76000000e+04     9.40000000e+00     1.10225641e+03     3.00926832e+02     2.32236105e+02     1.18746655e+02   
    3.78000000e+04     9.45000000e+00     1.10225472e+03     3.02296221e+02     2.31588019e+02     1.18425258e+02   
    3.80000000e+04     9.50000000e+00     1.10224640e+03     2.99181375e+02     2.32850681e+02     1.19325847e+02   
    3.82000000e+04     9.55000000e+00     1.10223957e+03     2.99964002e+02     2.31678798e+02     1.19483450e+02   
    3.84000000e+04     9.60000000e+00     1.10223983e+03     3.02720132e+02     2.32691632e+02     1.20560825e+02   
    3.86000000e+04     9.65000000e+00     1.10222800e+03     2.98495576e+02     2.31384675e+02     1.19095647e+02   
    3.88000000e+04     9.70000000e+00     1.10222632e+03     2.99922926e+02     2.30829725e+02     1.18895312e+02   
    3.90000000e+04     9.75000000e+00     1.10222803e+03     3.01220353e+02     2.32517107e+02     1.19605083e+02   
    3.92000000e+04     9.80000000e+00     1.10223018e+03     3.01988728e+02     2.32162034e+02     1.19448824e+02   
    3.94000000e+04     9.85000000e+00     1.10222683e+03     3.01021819e+02     2.31494145e+02     1.17777966e+02   
    3.96000000e+04     9.90000000e+00     1.10221540e+03     3.02614007e+02     2.30493511e+02     1.16637793e+02   
    3.98000000e+04     9.95000000e+00     1.10221309e+03     2.97738511e+02     2.32539398e+02     1.17984433e+02   
    4.00000000e+04     1.00000000e+01     1.10221639e+03     3.01986849e+02     2.32134354e+02     1.18836757e+02   
    4.02000000e+04     1.00500000e+01     1.10222246e+03     3.00065197e+02     2.32804133e+02     1.20645266e+02   
    4.04000000e+04     1.01000000e+01     1.10221402e+03     3.00653018e+02     2.31196439e+02     1.18712990e+02   
    4.06000000e+04     1.01500000e+01     1.10221336e+03     3.00253540e+02     2.33469783e+02     1.21103103e+02   
    4.08000000e+04     1.02000000e+01     1.10220607e+03     3.01771154e+02     2.33724622e+02     1.20872131e+02   
    4.10000000e+04     1.02500000e+01     1.10218431e+03     2.98956254e+02     2.31225613e+02     1.17959780e+02   
    4.12000000e+04     1.03000000e+01     1.10217942e+03     3.02117821e+02     2.31999634e+02     1.18084563e+02   
    4.14000000e+04     1.03500000e+01     1.10218554e+03     2.98219762e+02     2.30887708e+02     1.17654143e+02   
    4.16000000e+04     1.04000000e+01     1.10221161e+03     3.00483040e+02     2.32662566e+02     1.19275662e+02   
    4.18000000e+04     1.04500000e+01     1.10221396e+03     3.01211238e+02     2.31925340e+02     1.18084923e+02   
    4.20000000e+04     1.05000000e+01     1.10221292e+03     3.02498781e+02     2.31118898e+02     1.16923916e+02   
    4.22000000e+04     1.05500000e+01     1.10221226e+03     2.98575479e+02     2.31264734e+02     1.17876425e+02   
    4.24000000e+04     1.06000000e+01     1.10220285e+03     3.01036799e+02     2.32619439e+02     1.19567508e+02   
    4.26000000e+04     1.06500000e+01     1.10220185e+03     3.03428946e+02     2.31644552e+02     1.18785088e+02   
    4.28000000e+04     1.07000000e+01     1.10219186e+03     3.01625508e+02     2.31325206e+02     1.18875449e+02   
    4.30000000e+04     1.07500000e+01     1.10218932e+03     3.00457380e+02     2.30530347e+02     1.18082931e+02   
    4.32000000e+04     1.08000000e+01     1.10220162e+03     3.01096661e+02     2.32201398e+02     1.19523784e+02   
    4.34000000e+04     1.08500000e+01     1.10218853e+03     3.01338175e+02     2.31376899e+02     1.17674667e+02   
    4.36000000e+04     1.09000000e+01     1.10218313e+03     2.98289341e+02     2.32856652e+02     1.18776183e+02   
    4.38000000e+04     1.09500000e+01     1.10219141e+03     3.01012465e+02     2.31453752e+02     1.15815108e+02   
    4.40000000e+04     1.10000000e+01     1.10219785e+03     3.00748137e+02     2.32165814e+02     1.18417035e+02   
    4.42000000e+04     1.10500000e+01     1.10220475e+03     3.00760734e+02     2.32640076e+02     1.18484668e+02   
    4.44000000e+04     1.11000000e+01     1.10221745e+03     3.01846781e+02     2.33136994e+02     1.20993883e+02   
    4.46000000e+04     1.11500000e+01     1.10222460e+03     2.98965804e+02     2.30343576e+02     1.16206957e+02   
    4.48000000e+04     1.12000000e+01     1.10224153e+03     3.01372938e+02     2.32274108e+02     1.19722566e+02   
    4.50000000e+04     1.12500000e+01     1.10225306e+03     3.02373816e+02     2.32716134e+02     1.20824295e+02   
    4.52000000e+04     1.13000000e+01     1.10225392e+03     3.01826435e+02     2.31743135e+02     1.17805554e+02   
    4.54000000e+04     1.13500000e+01     1.10224567e+03     3.01134609e+02     2.30068889e+02     1.15717302e+02   
    4.56000000e+04     1.14000000e+01     1.10224498e+03     3.02194576e+02     2.31647293e+02     1.16083428e+02   
    4.58000000e+04     1.14500000e+01     1.10224816e+03     3.00998126e+02     2.30902595e+02     1.16151329e+02   
    4.60000000e+04     1.15000000e+01     1.10224420e+03     2.97622192e+02     2.31111269e+02     1.15878260e+02   
    4.62000000e+04     1.15500000e+01     1.10223356e+03     2.98190239e+02     2.29976774e+02     1.14970342e+02   
    4.64000000e+04     1.16000000e+01     1.10223776e+03     3.02961475e+02     2.31016749e+02     1.17013359e+02   
    4.66000000e+04     1.16500000e+01     1.10224635e+03     2.98278422e+02     2.31624961e+02     1.17998799e+02   
    4.68000000e+04     1.17000000e+01     1.10224186e+03     3.01991053e+02     2.30453270e+02     1.15939579e+02   
    4.70000000e+04     1.17500000e+01     1.10224320e+03     3.00702242e+02     2.30804499e+02     1.16746498e+02   
    4.72000000e+04     1.18000000e+01     1.10224199e+03     3.00867377e+02     2.31759202e+02     1.16519397e+02   
    4.74000000e+04     1.18500000e+01     1.10224256e+03     2.97774214e+02     2.31691772e+02     1.17119040e+02   
    4.76000000e+04     1.19000000e+01     1.10224895e+03     3.03063575e+02     2.32360908e+02     1.18005981e+02   
    4.78000000e+04     1.19500000e+01     1.10224244e+03     2.98437620e+02     2.31759258e+02     1.18240062e+02   
    4.80000000e+04     1.20000000e+01     1.10223687e+03     2.99924643e+02     2.31946479e+02     1.18256558e+02   
    4.82000000e+04     1.20500000e+01     1.10222966e+03     2.98822899e+02     2.30488834e+02     1.17352808e+02   
    4.84000000e+04     1.21000000e+01     1.10224179e+03     2.98179695e+02     2.31674881e+02     1.18537024e+02   
    4.86000000e+04     1.21500000e+01     1.10224147e+03     2.98728423e+02     2.31291956e+02     1.17542375e+02   
    4.88000000e+04     1.22000000e+01     1.10223696e+03     2.96832913e+02     2.29902602e+02     1.15783421e+02   
    4.90000000e+04     1.22500000e+01     1.10224495e+03     2.95496761e+02     2.30788085e+02     1.18644840e+02   
    4.92000000e+04     1.23000000e+01     1.10224228e+03     2.99098050e+02     2.30533720e+02     1.17884201e+02   
    4.94000000e+04     1.23500000e+01     1.10224933e+03     2.98208981e+02     2.32857565e+02     1.20576902e+02   
    4.96000000e+04     1.24000000e+01     1.10223407e+03     2.99287074e+02     2.29603242e+02     1.15925318e+02   
    4.98000000e+04     1.24500000e+01     1.10225245e+03     3.00121326e+02     2.31806117e+02     1.19049219e+02   
    5.00000000e+04     1.25000000e+01     1.10225293e+03     2.94378312e+02     2.31245137e+02     1.18663041e+02   
    5.02000000e+04     1.25500000e+01     1.10226108e+03     2.99125928e+02     2.33207272e+02     1.21208010e+02   
    5.04000000e+04     1.26000000e+01     1.10225579e+03     2.99044006e+02     2.33069032e+02     1.20460024e+02   
    5.06000000e+04     1.26500000e+01     1.10226635e+03     2.98775736e+02     2.33162289e+02     1.21666399e+02   
    5.08000000e+04     1.27000000e+01     1.10227129e+03     2.98470418e+02     2.30924043e+02     1.19745638e+02   
    5.10000000e+04     1.27500000e+01     1.10228326e+03     2.99803617e+02     2.31249708e+02     1.19899893e+02   
    5.12000000e+04     1.28000000e+01     1.10229096e+03     2.98784930e+02     2.32713111e+02     1.20111166e+02   
    5.14000000e+04     1.28500000e+01     1.10228409e+03     3.01452776e+02     2.30020711e+02     1.18641957e+02   
    5.16000000e+04     1.29000000e+01     1.10227326e+03     3.00052789e+02     2.30595614e+02     1.18960819e+02   
    5.18000000e+04     1.29500000e+01     1.10227692e+03     3.00452153e+02     2.31005498e+02     1.20285042e+02   
    5.20000000e+04     1.30000000e+01     1.10227138e+03     2.97062824e+02     2.31992221e+02     1.19656254e+02   
    5.22000000e+04     1.30500000e+01     1.10226260e+03     3.02371719e+02     2.31900928e+02     1.18946346e+02   
    5.24000000e+04     1.31000000e+01     1.10225547e+03     2.98615447e+02     2.31760246e+02     1.18785587e+02   
    5.26000000e+04     1.31500000e+01     1.10225267e+03     2.98238942e+02     2.31986129e+02     1.19229495e+02   
    5.28000000e+04     1.32000000e+01     1.10225010e+03     3.03876714e+02     2.31681326e+02     1.17090315e+02   
    5.30000000e+04     1.32500000e+01     1.10225027e+03     3.00809080e+02     2.30403539e+02     1.14703979e+02   
    5.32000000e+04     1.33000000e+01     1.10226195e+03     3.01018386e+02     2.31223347e+02     1.18261509e+02   
    5.34000000e+04     1.33500000e+01     1.10226240e+03     3.03189787e+02     2.29131360e+02     1.15428470e+02   
    5.36000000e+04     1.34000000e+01     1.10227095e+03     2.99954581e+02     2.32123839e+02     1.20027929e+02   
    5.38000000e+04     1.34500000e+01     1.10226960e+03     3.00623503e+02     2.31478932e+02     1.19215930e+02   
    5.40000000e+04     1.35000000e+01     1.10226790e+03     3.01444562e+02     2.30463981e+02     1.19898870e+02   
    5.42000000e+04     1.35500000e+01     1.10226324e+03     3.03097528e+02     2.30377985e+02     1.18067113e+02   
    5.44000000e+04     1.36000000e+01     1.10227163e+03     3.00481757e+02     2.31782464e+02     1.20810350e+02   
    5.46000000e+04     1.36500000e+01     1.10227437e+03     2.99437895e+02     2.32295043e+02     1.19610803e+02   
    5.48000000e+04     1.37000000e+01     1.10226312e+03     3.00821531e+02     2.32529793e+02     1.20789086e+02   
    5.50000000e+04     1.37500000e+01     1.10226174e+03     3.03417735e+02     2.31583852e+02     1.19199431e+02   
    5.52000000e+04     1.38000000e+01     1.10226420e+03     3.00254433e+02     2.30435081e+02     1.17933059e+02   
    5.54000000e+04     1.38500000e+01     1.10227610e+03     2.99152366e+02     2.31608496e+02     1.19657517e+02   
    5.56000000e+04     1.39000000e+01     1.10227972e+03     3.04697803e+02     2.31437297e+02     1.19767097e+02   
    5.58000000e+04     1.39500000e+01     1.10227372e+03     3.00940112e+02     2.30370228e+02     1.19300040e+02   
    5.60000000e+04     1.40000000e+01     1.10228825e+03     3.00786827e+02     2.33185798e+02     1.21630151e+02   
    5.62000000e+04     1.40500000e+01     1.10228432e+03     3.00984982e+02     2.31746455e+02     1.19976340e+02   
    5.64000000e+04     1.41000000e+01     1.10229036e+03     3.00389362e+02     2.31843940e+02     1.20575093e+02   
    5.66000000e+04     1.41500000e+01     1.10228739e+03     3.00400701e+02     2.30241373e+02     1.19236110e+02   
    5.68000000e+04     1.42000000e+01     1.10229982e+03     2.99441368e+02     2.32352532e+02     1.22797497e+02   
    5.70000000e+04     1.42500000e+01     1.10230287e+03     2.98666167e+02     2.33626141e+02     1.22322164e+02   
    5.72000000e+04     1.43000000e+01     1.10229232e+03     2.99241547e+02     2.31904954e+02     1.21906343e+02   
    5.74000000e+04     1.43500000e+01     1.10228533e+03     3.00212916e+02     2.32819382e+02     1.19986007e+02   
    5.76000000e+04     1.44000000e+01     1.10228182e+03     2.98235237e+02     2.32375347e+02     1.20825021e+02   
    5.78000000e+04     1.44500000e+01     1.10230313e+03     2.98481437e+02     2.34637242e+02     1.21502693e+02   
    5.80000000e+04     1.45000000e+01     1.10229798e+03     2.97878993e+02     2.30687577e+02     1.17434639e+02   
    5.82000000e+04     1.45500000e+01     1.10229316e+03     2.97117223e+02     2.30532558e+02     1.18848241e+02   
    5.84000000e+04     1.46000000e+01     1.10229475e+03     3.01514106e+02     2.32327763e+02     1.18942144e+02   
    5.86000000e+04     1.46500000e+01     1.10229764e+03     3.02727582e+02     2.31280411e+02     1.19244962e+02   
    5.88000000e+04     1.47000000e+01     1.10228622e+03     2.98480295e+02     2.31709215e+02     1.20471296e+02   
    5.90000000e+04     1.47500000e+01     1.10228565e+03     2.99944634e+02     2.31479910e+02     1.20745950e+02   
    5.92000000e+04     1.48000000e+01     1.10226619e+03     2.97566626e+02     2.30600858e+02     1.18084903e+02   
    5.94000000e+04     1.48500000e+01     1.10226547e+03     2.96694092e+02     2.32091327e+02     1.19159994e+02   
    5.96000000e+04     1.49000000e+01     1.10225874e+03     3.03233804e+02     2.30852900e+02     1.18455609e+02   
    5.98000000e+04     1.49500000e+01     1.10227183e+03     3.00444922e+02     2.34176684e+02     1.21287582e+02   
    6.00000000e+04     1.50000000e+01     1.10226709e+03     3.00000012e+02     2.31921798e+02     1.19598142e+02   
    6.02000000e+04     1.50500000e+01     1.10226988e+03     3.01948311e+02     2.31352227e+02     1.17147391e+02   
    6.04000000e+04     1.51000000e+01     1.10226985e+03     3.00064074e+02     2.32230286e+02     1.19627941e+02   
    6.06000000e+04     1.51500000e+01     1.10226161e+03     3.00279356e+02     2.30777918e+02     1.20542389e+02   
    6.08000000e+04     1.52000000e+01     1.10225627e+03     3.00438685e+02     2.29474726e+02     1.18588540e+02   
    6.10000000e+04     1.52500000e+01     1.10226902e+03     2.98096542e+02     2.29934895e+02     1.19242130e+02   
    6.12000000e+04     1.53000000e+01     1.10227875e+03     2.99788200e+02     2.34528627e+02     1.21796458e+02   
    6.14000000e+04     1.53500000e+01     1.10226416e+03     2.99784569e+02     2.31241855e+02     1.19133384e+02   
    6.16000000e+04     1.54000000e+01     1.10227247e+03     3.00083652e+02     2.31478987e+02     1.19109302e+02   
    6.18000000e+04     1.54500000e+01     1.10226813e+03     2.98873297e+02     2.31256153e+02     1.20714460e+02   
    6.20000000e+04     1.55000000e+01     1.10226084e+03     3.04276755e+02     2.30894939e+02     1.17852873e+02   
    6.22000000e+04     1.55500000e+01     1.10224816e+03     3.01135554e+02     2.32574075e+02     1.21123955e+02   
    6.24000000e+04     1.56000000e+01     1.10223622e+03     3.02635978e+02     2.31821254e+02     1.21357100e+02   
    6.26000000e+04     1.56500000e+01     1.10224249e+03     3.00460832e+02     2.30707436e+02     1.18924869e+02   
    6.28000000e+04     1.57000000e+01     1.10225012e+03     2.98812563e+02     2.31837340e+02     1.19831267e+02   
    6.30000000e+04     1.57500000e+01     1.10225498e+03     3.01298492e+02     2.32310447e+02     1.19153898e+02   
    6.32000000e+04     1.58000000e+01     1.10226101e+03     3.02604855e+02     2.30799285e+02     1.19246241e+02   
    6.34000000e+04     1.58500000e+01     1.10226469e+03     3.01122482e+02     2.31804010e+02     1.19364311e+02   
    6.36000000e+04     1.59000000e+01     1.10226957e+03     3.02050400e+02     2.32363293e+02     1.18816209e+02   
    6.38000000e+04     1.59500000e+01     1.10225987e+03     2.98987370e+02     2.30568322e+02     1.17881283e+02   
    6.40000000e+04     1.60000000e+01     1.10226884e+03     2.99819883e+02     2.32503136e+02     1.20590898e+02   
    6.42000000e+04     1.60500000e+01     1.10226437e+03     2.98894985e+02     2.32458860e+02     1.19246872e+02   
    6.44000000e+04     1.61000000e+01     1.10225517e+03     3.02922323e+02     2.32204437e+02     1.17423137e+02   
    6.46000000e+04     1.61500000e+01     1.10223604e+03     2.99505110e+02     2.31388510e+02     1.16191505e+02   
    6.48000000e+04     1.62000000e+01     1.10223980e+03     3.02116492e+02     2.33490312e+02     1.21277930e+02   
    6.50000000e+04     1.62500000e+01     1.10221904e+03     3.01495415e+02     2.31036074e+02     1.19479275e+02   
    6.52000000e+04     1.63000000e+01     1.10222632e+03     2.99252625e+02     2.31631531e+02     1.18476056e+02   
    6.54000000e+04     1.63500000e+01     1.10223018e+03     2.98506536e+02     2.31327760e+02     1.17573915e+02   
    6.56000000e+04     1.64000000e+01     1.10223861e+03     3.03283888e+02     2.32191604e+02     1.20330959e+02   
    6.58000000e+04     1.64500000e+01     1.10224946e+03     3.01857329e+02     2.31214211e+02     1.19622242e+02   
    6.60000000e+04     1.65000000e+01     1.10225408e+03     2.99273816e+02     2.30861884e+02     1.18813348e+02   
    6.62000000e+04     1.65500000e+01     1.10225473e+03     3.02772634e+02     2.31713452e+02     1.18618034e+02   
    6.64000000e+04     1.66000000e+01     1.10225430e+03     3.00464828e+02     2.31953712e+02     1.19863806e+02   
    6.66000000e+04     1.66500000e+01     1.10226253e+03     3.01070365e+02     2.32399968e+02     1.20068266e+02   
    6.68000000e+04     1.67000000e+01     1.10226361e+03     3.00300887e+02     2.32485464e+02     1.17310771e+02   
    6.70000000e+04     1.67500000e+01     1.10226183e+03     3.00347775e+02     2.30464039e+02     1.17986802e+02   
    6.72000000e+04     1.68000000e+01     1.10225307e+03     2.96802883e+02     2.29910462e+02     1.16744175e+02   
    6.74000000e+04     1.68500000e+01     1.10226527e+03     2.98338366e+02     2.31573815e+02     1.19610843e+02   
    6.76000000e+04     1.69000000e+01     1.10226679e+03     2.99343676e+02     2.30458666e+02     1.18156629e+02   
    6.78000000e+04     1.69500000e+01     1.10228420e+03     3.00698714e+02     2.33766289e+02     1.21958879e+02   
    6.80000000e+04     1.70000000e+01     1.10228808e+03     2.98490649e+02     2.32560132e+02     1.21773896e+02   
    6.82000000e+04     1.70500000e+01     1.10228519e+03     2.96492279e+02     2.32045211e+02     1.19777996e+02   
    6.84000000e+04     1.71000000e+01     1.10229168e+03     3.02057847e+02     2.32361472e+02     1.19146412e+02   
    6.86000000e+04     1.71500000e+01     1.10228746e+03     2.99967571e+02     2.31424944e+02     1.18121366e+02   
    6.88000000e+04     1.72000000e+01     1.10230444e+03     2.99425775e+02     2.33847763e+02     1.21736020e+02   
    6.90000000e+04     1.72500000e+01     1.10230079e+03     3.04893242e+02     2.32508508e+02     1.19778699e+02   
    6.92000000e+04     1.73000000e+01     1.10230364e+03     3.01217579e+02     2.30207470e+02     1.18831447e+02   
    6.94000000e+04     1.73500000e+01     1.10231396e+03     3.00735913e+02     2.33509302e+02     1.21455010e+02   
    6.96000000e+04     1.74000000e+01     1.10231071e+03     2.96953336e+02     2.30299051e+02     1.18051969e+02   
    6.98000000e+04     1.74500000e+01     1.10231802e+03     3.00712769e+02     2.32037945e+02     1.19114980e+02   
    7.00000000e+04     1.75000000e+01     1.10231465e+03     2.98445221e+02     2.31113067e+02     1.18040932e+02   
    7.02000000e+04     1.75500000e+01     1.10232410e+03     2.99009824e+02     2.32240137e+02     1.18800525e+02   
    7.04000000e+04     1.76000000e+01     1.10231686e+03     2.99365252e+02     2.31534372e+02     1.17271885e+02   
    7.06000000e+04     1.76500000e+01     1.10232973e+03     3.02425145e+02     2.32792224e+02     1.17020424e+02   
    7.08000000e+04     1.77000000e+01     1.10231914e+03     3.00221028e+02     2.30371740e+02     1.14175809e+02   
    7.10000000e+04     1.77500000e+01     1.10233527e+03     2.99164205e+02     2.32052096e+02     1.16404992e+02   
    7.12000000e+04     1.78000000e+01     1.10235396e+03     2.99263486e+02     2.33257409e+02     1.18161643e+02   
    7.14000000e+04     1.78500000e+01     1.10234963e+03     3.01955742e+02     2.32000401e+02     1.15225984e+02   
    7.16000000e+04     1.79000000e+01     1.10235072e+03     3.03405213e+02     2.30512285e+02     1.14262210e+02   
    7.18000000e+04     1.79500000e+01     1.10234586e+03     2.98240596e+02     2.30616107e+02     1.15030971e+02   
    7.20000000e+04     1.80000000e+01     1.10234914e+03     3.00951453e+02     2.31800017e+02     1.16803291e+02   
    7.22000000e+04     1.80500000e+01     1.10235499e+03     2.97348773e+02     2.32857813e+02     1.18216243e+02   
    7.24000000e+04     1.81000000e+01     1.10233980e+03     3.00478493e+02     2.30751047e+02     1.15373168e+02   
    7.26000000e+04     1.81500000e+01     1.10234054e+03     2.97188720e+02     2.33362454e+02     1.19870133e+02   
    7.28000000e+04     1.82000000e+01     1.10232058e+03     2.99913196e+02     2.31749290e+02     1.17641270e+02   
    7.30000000e+04     1.82500000e+01     1.10231351e+03     3.00452543e+02     2.30548601e+02     1.16969944e+02   
    7.32000000e+04     1.83000000e+01     1.10232199e+03     3.00307785e+02     2.31074871e+02     1.16345794e+02   
    7.34000000e+04     1.83500000e+01     1.10233291e+03     2.98304105e+02     2.33721054e+02     1.20517509e+02   
    7.36000000e+04     1.84000000e+01     1.10231638e+03     2.99031832e+02     2.31275061e+02     1.18431512e+02   
    7.38000000e+04     1.84500000e+01     1.10231153e+03     2.98699914e+02     2.30703001e+02     1.17210594e+02   
    7.40000000e+04     1.85000000e+01     1.10231877e+03     2.99382998e+02     2.32147814e+02     1.18442236e+02   
    7.42000000e+04     1.85500000e+01     1.10231287e+03     2.99768841e+02     2.31808755e+02     1.17976811e+02   
    7.44000000e+04     1.86000000e+01     1.10231477e+03     3.01030760e+02     2.31749670e+02     1.17757430e+02   
    7.46000000e+04     1.86500000e+01     1.10232455e+03     3.00874821e+02     2.31502456e+02     1.18308049e+02   
    7.48000000e+04     1.87000000e+01     1.10232024e+03     3.01365698e+02     2.31858874e+02     1.18421281e+02   
    7.50000000e+04     1.87500000e+01     1.10231888e+03     2.98240264e+02     2.31520766e+02     1.17771991e+02   
    7.52000000e+04     1.88000000e+01     1.10232379e+03     2.99491208e+02     2.30581861e+02     1.16859343e+02   
    7.54000000e+04     1.88500000e+01     1.10233226e+03     3.00443133e+02     2.30893264e+02     1.16487430e+02   
    7.56000000e+04     1.89000000e+01     1.10234276e+03     2.99734054e+02     2.30430178e+02     1.16586286e+02   
    7.58000000e+04     1.89500000e+01     1.10235629e+03     3.00754386e+02     2.31485528e+02     1.17279270e+02   
    7.60000000e+04     1.90000000e+01     1.10236768e+03     3.00638957e+02     2.32941111e+02     1.19723565e+02   
    7.62000000e+04     1.90500000e+01     1.10236498e+03     3.01976841e+02     2.33009115e+02     1.19097001e+02   
    7.64000000e+04     1.91000000e+01     1.10235678e+03     3.02110242e+02     2.31589965e+02     1.17393009e+02   
    7.66000000e+04     1.91500000e+01     1.10234783e+03     3.00700711e+02     2.31045791e+02     1.16870881e+02   
    7.68000000e+04     1.92000000e+01     1.10235146e+03     3.00982658e+02     2.33690478e+02     1.18187618e+02   
    7.70000000e+04     1.92500000e+01     1.10234704e+03     3.00457611e+02     2.31891311e+02     1.17128923e+02   
    7.72000000e+04     1.93000000e+01     1.10235744e+03     3.01385041e+02     2.33571494e+02     1.18490792e+02   
    7.74000000e+04     1.93500000e+01     1.10236577e+03     3.00566528e+02     2.32094701e+02     1.18163490e+02   
    7.76000000e+04     1.94000000e+01     1.10237296e+03     3.00096029e+02     2.30091534e+02     1.17599476e+02   
    7.78000000e+04     1.94500000e+01     1.10237421e+03     2.97018047e+02     2.29731258e+02     1.16363150e+02   
    7.80000000e+04     1.95000000e+01     1.10239046e+03     3.01037128e+02     2.33119019e+02     1.20946737e+02   
    7.82000000e+04     1.95500000e+01     1.10238323e+03     3.02495533e+02     2.32375163e+02     1.19486954e+02   
    7.84000000e+04     1.96000000e+01     1.10237190e+03     3.03026671e+02     2.31818776e+02     1.19044175e+02   
    7.86000000e+04     1.96500000e+01     1.10237976e+03     2.97571127e+02     2.32197398e+02     1.19283606e+02   
    7.88000000e+04     1.97000000e+01     1.10238735e+03     3.00054866e+02     2.31047811e+02     1.19777644e+02   
    7.90000000e+04     1.97500000e+01     1.10239859e+03     3.01655672e+02     2.31581800e+02     1.21744277e+02   
    7.92000000e+04     1.98000000e+01     1.10241036e+03     2.99075657e+02     2.31601680e+02     1.21044413e+02   
    7.94000000e+04     1.98500000e+01     1.10242887e+03     3.00109438e+02     2.31844171e+02     1.20762264e+02   
    7.96000000e+04     1.99000000e+01     1.10241791e+03     3.01362144e+02     2.31204032e+02     1.18745958e+02   
    7.98000000e+04     1.99500000e+01     1.10240732e+03     2.97822937e+02     2.31014333e+02     1.19834108e+02   
    8.00000000e+04     2.00000000e+01     1.10239773e+03     2.99573690e+02     2.31268975e+02     1.18725133e+02   
