# column   1     --> step : The current simulation time step.
# column   2     --> time{picosecond} : The elapsed simulation time.
# column   3     --> conserved{electronvolt} : The value of the conserved energy quantity per bead.
# column   4     --> temperature{kelvin} : The current temperature, as obtained from the MD kinetic energy.
# column   5     --> kinetic_cv{electronvolt} : The centroid-virial quantum kinetic energy of the physical system.
# column   6     --> potential{electronvolt} : The physical system potential energy.
    0.00000000e+00     0.00000000e+00     1.10009788e+03     3.04428649e+02     2.31516806e+02     1.17096898e+02   
    2.00000000e+02     5.00000000e-02     1.10009367e+03     2.99490875e+02     2.30960396e+02     1.17607003e+02   
    4.00000000e+02     1.00000000e-01     1.10009816e+03     3.01202669e+02     2.32158589e+02     1.17075135e+02   
    6.00000000e+02     1.50000000e-01     1.10011312e+03     2.99824921e+02     2.31560834e+02     1.16924630e+02   
    8.00000000e+02     2.00000000e-01     1.10011669e+03     2.98448921e+02     2.32266475e+02     1.15964140e+02   
    1.00000000e+03     2.50000000e-01     1.10011512e+03     2.98767248e+02     2.31379700e+02     1.16048374e+02   
    1.20000000e+03     3.00000000e-01     1.10012791e+03     3.00540051e+02     2.32016610e+02     1.16905310e+02   
    1.40000000e+03     3.50000000e-01     1.10012694e+03     3.02928265e+02     2.33319905e+02     1.20167884e+02   
    1.60000000e+03     4.00000000e-01     1.10013583e+03     2.96679583e+02     2.30679579e+02     1.18800423e+02   
    1.80000000e+03     4.50000000e-01     1.10014920e+03     2.98095095e+02     2.31315469e+02     1.19448352e+02   
    2.00000000e+03     5.00000000e-01     1.10015782e+03     3.00890633e+02     2.32743177e+02     1.22022516e+02   
    2.20000000e+03     5.50000000e-01     1.10015165e+03     2.99256817e+02     2.31205081e+02     1.19410503e+02   
    2.40000000e+03     6.00000000e-01     1.10016211e+03     2.97912131e+02     2.32717931e+02     1.20084106e+02   
    2.60000000e+03     6.50000000e-01     1.10015767e+03     2.97653295e+02     2.30348137e+02     1.17950974e+02   
    2.80000000e+03     7.00000000e-01     1.10016237e+03     3.00837658e+02     2.31599519e+02     1.18097930e+02   
    3.00000000e+03     7.50000000e-01     1.10016359e+03     2.98720700e+02     2.32192923e+02     1.18436838e+02   
    3.20000000e+03     8.00000000e-01     1.10016589e+03     2.99878367e+02     2.32295604e+02     1.19003807e+02   
    3.40000000e+03     8.50000000e-01     1.10017088e+03     3.01454755e+02     2.34371794e+02     1.22244832e+02   
    3.60000000e+03     9.00000000e-01     1.10015951e+03     3.00419824e+02     2.32158657e+02     1.17263931e+02   
    3.80000000e+03     9.50000000e-01     1.10015320e+03     2.97543625e+02     2.32069166e+02     1.17077171e+02   
    4.00000000e+03     1.00000000e+00     1.10014090e+03     2.98017173e+02     2.30979948e+02     1.16613702e+02   
    4.20000000e+03     1.05000000e+00     1.10013092e+03     3.01166072e+02     2.30601107e+02     1.15837242e+02   
    4.40000000e+03     1.10000000e+00     1.10013629e+03     2.99164206e+02     2.31617570e+02     1.16123181e+02   
    4.60000000e+03     1.15000000e+00     1.10013675e+03     2.99242808e+02     2.33289191e+02     1.16901994e+02   
    4.80000000e+03     1.20000000e+00     1.10013635e+03     3.00664482e+02     2.31528031e+02     1.16271349e+02   
    5.00000000e+03     1.25000000e+00     1.10015228e+03     2.98657056e+02     2.32364848e+02     1.17856680e+02   
    5.20000000e+03     1.30000000e+00     1.10016314e+03     3.01416699e+02     2.31181232e+02     1.15969204e+02   
    5.40000000e+03     1.35000000e+00     1.10017142e+03     3.02393416e+02     2.30929129e+02     1.15822937e+02   
    5.60000000e+03     1.40000000e+00     1.10018056e+03     2.98323159e+02     2.31139768e+02     1.17423804e+02   
    5.80000000e+03     1.45000000e+00     1.10018119e+03     2.98107081e+02     2.32278425e+02     1.18936150e+02   
    6.00000000e+03     1.50000000e+00     1.10017969e+03     3.00482875e+02     2.31574668e+02     1.16828888e+02   
    6.20000000e+03     1.55000000e+00     1.10018999e+03     3.00296706e+02     2.33036007e+02     1.17604490e+02   
    6.40000000e+03     1.60000000e+00     1.10017971e+03     3.00891785e+02     2.30265441e+02     1.14684147e+02   
    6.60000000e+03     1.65000000e+00     1.10019029e+03     3.04966211e+02     2.32403738e+02     1.15427699e+02   
    6.80000000e+03     1.70000000e+00     1.10018500e+03     3.01323597e+02     2.31241084e+02     1.16488386e+02   
    7.00000000e+03     1.75000000e+00     1.10019545e+03     2.99365469e+02     2.31080905e+02     1.16371230e+02   
    7.20000000e+03     1.80000000e+00     1.10019665e+03     2.98557022e+02     2.32324701e+02     1.17836759e+02   
    7.40000000e+03     1.85000000e+00     1.10019788e+03     2.98155791e+02     2.33101306e+02     1.19535472e+02   
    7.60000000e+03     1.90000000e+00     1.10019039e+03     2.99731254e+02     2.30187865e+02     1.15969042e+02   
    7.80000000e+03     1.95000000e+00     1.10020731e+03     2.99381402e+02     2.31951572e+02     1.19128137e+02   
    8.00000000e+03     2.00000000e+00     1.10021857e+03     3.02188456e+02     2.33169923e+02     1.17888368e+02   
    8.20000000e+03     2.05000000e+00     1.10022297e+03     3.00642639e+02     2.31209631e+02     1.17847055e+02   
    8.40000000e+03     2.10000000e+00     1.10022303e+03     2.99894409e+02     2.31914252e+02     1.18348104e+02   
    8.60000000e+03     2.15000000e+00     1.10022505e+03     2.97455805e+02     2.30766515e+02     1.18606828e+02   
    8.80000000e+03     2.20000000e+00     1.10023246e+03     2.96666425e+02     2.32056317e+02     1.20721030e+02   
    9.00000000e+03     2.25000000e+00     1.10022747e+03     2.98305431e+02     2.31152091e+02     1.17585339e+02   
    9.20000000e+03     2.30000000e+00     1.10022568e+03     2.97675780e+02     2.31940347e+02     1.19554354e+02   
    9.40000000e+03     2.35000000e+00     1.10020794e+03     2.97447705e+02     2.29841249e+02     1.17022466e+02   
    9.60000000e+03     2.40000000e+00     1.10020439e+03     2.98651830e+02     2.31006547e+02     1.18207950e+02   
    9.80000000e+03     2.45000000e+00     1.10020075e+03     2.99257015e+02     2.31511440e+02     1.19376249e+02   
    1.00000000e+04     2.50000000e+00     1.10019602e+03     2.99399912e+02     2.31559791e+02     1.17136544e+02   
    1.02000000e+04     2.55000000e+00     1.10019121e+03     2.97286281e+02     2.32286631e+02     1.19427676e+02   
    1.04000000e+04     2.60000000e+00     1.10019503e+03     3.01027100e+02     2.33268026e+02     1.19700690e+02   
    1.06000000e+04     2.65000000e+00     1.10019733e+03     2.99247915e+02     2.32378298e+02     1.19289485e+02   
    1.08000000e+04     2.70000000e+00     1.10021024e+03     2.99610252e+02     2.31329706e+02     1.18297192e+02   
    1.10000000e+04     2.75000000e+00     1.10021327e+03     3.01358715e+02     2.30875892e+02     1.17816840e+02   
    1.12000000e+04     2.80000000e+00     1.10021791e+03     2.96044408e+02     2.32345484e+02     1.20737966e+02   
    1.14000000e+04     2.85000000e+00     1.10021429e+03     2.98942302e+02     2.32363046e+02     1.20170415e+02   
    1.16000000e+04     2.90000000e+00     1.10020917e+03     2.97282922e+02     2.30404930e+02     1.17975381e+02   
    1.18000000e+04     2.95000000e+00     1.10021043e+03     3.01127929e+02     2.32849271e+02     1.19698145e+02   
    1.20000000e+04     3.00000000e+00     1.10020046e+03     3.00135736e+02     2.31995824e+02     1.19119679e+02   
    1.22000000e+04     3.05000000e+00     1.10021088e+03     2.97233809e+02     2.31833958e+02     1.20189886e+02   
    1.24000000e+04     3.10000000e+00     1.10021023e+03     2.95845268e+02     2.32491450e+02     1.18864759e+02   
    1.26000000e+04     3.15000000e+00     1.10022417e+03     2.98448243e+02     2.31759091e+02     1.17020245e+02   
    1.28000000e+04     3.20000000e+00     1.10023928e+03     2.95343636e+02     2.32150294e+02     1.18631611e+02   
    1.30000000e+04     3.25000000e+00     1.10024914e+03     2.96270071e+02     2.32951562e+02     1.19138920e+02   
    1.32000000e+04     3.30000000e+00     1.10025030e+03     2.97438661e+02     2.33142979e+02     1.20965715e+02   
    1.34000000e+04     3.35000000e+00     1.10025335e+03     2.98101211e+02     2.32009822e+02     1.18268734e+02   
    1.36000000e+04     3.40000000e+00     1.10026082e+03     2.99633024e+02     2.30853458e+02     1.17216508e+02   
    1.38000000e+04     3.45000000e+00     1.10026588e+03     2.97594002e+02     2.31415773e+02     1.17990379e+02   
    1.40000000e+04     3.50000000e+00     1.10026195e+03     2.99576810e+02     2.32166373e+02     1.17945786e+02   
    1.42000000e+04     3.55000000e+00     1.10026163e+03     2.97386997e+02     2.31837632e+02     1.18569922e+02   
    1.44000000e+04     3.60000000e+00     1.10024993e+03     2.97856211e+02     2.31606282e+02     1.17358804e+02   
    1.46000000e+04     3.65000000e+00     1.10025172e+03     2.97481518e+02     2.31806762e+02     1.18904624e+02   
    1.48000000e+04     3.70000000e+00     1.10024567e+03     3.00909734e+02     2.32384933e+02     1.16787616e+02   
    1.50000000e+04     3.75000000e+00     1.10024436e+03     2.97136964e+02     2.32038031e+02     1.16813037e+02   
    1.52000000e+04     3.80000000e+00     1.10024505e+03     2.99815961e+02     2.30529500e+02     1.15754343e+02   
    1.54000000e+04     3.85000000e+00     1.10024553e+03     2.97010000e+02     2.33171246e+02     1.18420448e+02   
    1.56000000e+04     3.90000000e+00     1.10025025e+03     3.00120000e+02     2.31247784e+02     1.16468392e+02   
    1.58000000e+04     3.95000000e+00     1.10026546e+03     2.99741184e+02     2.31604269e+02     1.17627109e+02   
    1.60000000e+04     4.00000000e+00     1.10027795e+03     3.01387648e+02     2.32619290e+02     1.17576387e+02   
    1.62000000e+04     4.05000000e+00     1.10028544e+03     2.99137292e+02     2.33921562e+02     1.19953749e+02   
    1.64000000e+04     4.10000000e+00     1.10028386e+03     3.01403809e+02     2.31719433e+02     1.16524839e+02   
    1.66000000e+04     4.15000000e+00     1.10028095e+03     2.99238460e+02     2.30583510e+02     1.16385335e+02   
    1.68000000e+04     4.20000000e+00     1.10028728e+03     2.99986374e+02     2.31565365e+02     1.18182294e+02   
    1.70000000e+04     4.25000000e+00     1.10029203e+03     2.99859526e+02     2.31878920e+02     1.18825705e+02   
    1.72000000e+04     4.30000000e+00     1.10029156e+03     2.98881796e+02     2.31307830e+02     1.18844310e+02   
    1.74000000e+04     4.35000000e+00     1.10028451e+03     2.94280961e+02     2.30179630e+02     1.16818888e+02   
    1.76000000e+04     4.40000000e+00     1.10027754e+03     2.99038265e+02     2.32109497e+02     1.19550020e+02   
    1.78000000e+04     4.45000000e+00     1.10028188e+03     3.00289788e+02     2.31939497e+02     1.19355646e+02   
    1.80000000e+04     4.50000000e+00     1.10028070e+03     2.97503724e+02     2.30412692e+02     1.18428991e+02   
    1.82000000e+04     4.55000000e+00     1.10029205e+03     3.02203598e+02     2.32913715e+02     1.19755370e+02   
    1.84000000e+04     4.60000000e+00     1.10030252e+03     2.98992991e+02     2.31679008e+02     1.19143952e+02   
    1.86000000e+04     4.65000000e+00     1.10031132e+03     3.00793775e+02     2.32370713e+02     1.19796877e+02   
    1.88000000e+04     4.70000000e+00     1.10031361e+03     2.97615030e+02     2.32010603e+02     1.19873418e+02   
    1.90000000e+04     4.75000000e+00     1.10031394e+03     2.96625063e+02     2.31364945e+02     1.18121035e+02   
    1.92000000e+04     4.80000000e+00     1.10032006e+03     2.98098616e+02     2.30812836e+02     1.17134699e+02   
    1.94000000e+04     4.85000000e+00     1.10033259e+03     2.99394182e+02     2.31090463e+02     1.18421073e+02   
    1.96000000e+04     4.90000000e+00     1.10033892e+03     2.99142576e+02     2.32347884e+02     1.19460880e+02   
    1.98000000e+04     4.95000000e+00     1.10034707e+03     2.94357011e+02     2.34202860e+02     1.22158764e+02   
    2.00000000e+04     5.00000000e+00     1.10032518e+03     2.99225816e+02     2.30753714e+02     1.17184800e+02   
    2.02000000e+04     5.05000000e+00     1.10031917e+03     2.95929311e+02     2.31186899e+02     1.19721390e+02   
    2.04000000e+04     5.10000000e+00     1.10030980e+03     2.99185931e+02     2.31375237e+02     1.18454875e+02   
    2.06000000e+04     5.15000000e+00     1.10031265e+03     2.97032621e+02     2.32042977e+02     1.18613775e+02   
    2.08000000e+04     5.20000000e+00     1.10031592e+03     2.96810109e+02     2.32175058e+02     1.18009034e+02   
    2.10000000e+04     5.25000000e+00     1.10032169e+03     2.99655876e+02     2.30436059e+02     1.16224738e+02   
    2.12000000e+04     5.30000000e+00     1.10033933e+03     2.99860604e+02     2.31379509e+02     1.18200462e+02   
    2.14000000e+04     5.35000000e+00     1.10033978e+03     2.99742796e+02     2.30617147e+02     1.16410024e+02   
    2.16000000e+04     5.40000000e+00     1.10035228e+03     2.98283327e+02     2.32038933e+02     1.18357628e+02   
    2.18000000e+04     5.45000000e+00     1.10035175e+03     3.00121397e+02     2.30776519e+02     1.15711290e+02   
    2.20000000e+04     5.50000000e+00     1.10035082e+03     2.99439604e+02     2.31807605e+02     1.18053678e+02   
    2.22000000e+04     5.55000000e+00     1.10034434e+03     2.96051556e+02     2.30217618e+02     1.16458719e+02   
    2.24000000e+04     5.60000000e+00     1.10034436e+03     3.02371159e+02     2.33016349e+02     1.16818206e+02   
    2.26000000e+04     5.65000000e+00     1.10033469e+03     3.01705868e+02     2.33540117e+02     1.17934637e+02   
    2.28000000e+04     5.70000000e+00     1.10032260e+03     2.98553889e+02     2.31234834e+02     1.14662270e+02   
    2.30000000e+04     5.75000000e+00     1.10033386e+03     3.00748729e+02     2.32337681e+02     1.18207768e+02   
    2.32000000e+04     5.80000000e+00     1.10032811e+03     3.02886464e+02     2.29943705e+02     1.14032984e+02   
    2.34000000e+04     5.85000000e+00     1.10033772e+03     2.99085575e+02     2.31968764e+02     1.16348834e+02   
    2.36000000e+04     5.90000000e+00     1.10034488e+03     2.99765186e+02     2.33464498e+02     1.17594040e+02   
    2.38000000e+04     5.95000000e+00     1.10034686e+03     3.00410470e+02     2.31521924e+02     1.16226725e+02   
    2.40000000e+04     6.00000000e+00     1.10036467e+03     2.98948485e+02     2.31932296e+02     1.19383720e+02   
    2.42000000e+04     6.05000000e+00     1.10035934e+03     3.01241410e+02     2.30919851e+02     1.15431137e+02   
    2.44000000e+04     6.10000000e+00     1.10036501e+03     2.96943887e+02     2.32816642e+02     1.19392724e+02   
    2.46000000e+04     6.15000000e+00     1.10036180e+03     2.99589853e+02     2.31712645e+02     1.15863568e+02   
    2.48000000e+04     6.20000000e+00     1.10037656e+03     2.98442452e+02     2.32649622e+02     1.18829517e+02   
    2.50000000e+04     6.25000000e+00     1.10037699e+03     3.01524311e+02     2.31591357e+02     1.18031060e+02   
    2.52000000e+04     6.30000000e+00     1.10038241e+03     2.99164732e+02     2.31925156e+02     1.19016746e+02   
    2.54000000e+04     6.35000000e+00     1.10037008e+03     3.00303770e+02     2.30917963e+02     1.17796122e+02   
    2.56000000e+04     6.40000000e+00     1.10037241e+03     2.99507967e+02     2.31857621e+02     1.18049595e+02   
    2.58000000e+04     6.45000000e+00     1.10038012e+03     2.98159990e+02     2.32695448e+02     1.19731799e+02   
    2.60000000e+04     6.50000000e+00     1.10037839e+03     2.99103801e+02     2.32040534e+02     1.18076146e+02   
    2.62000000e+04     6.55000000e+00     1.10039899e+03     3.00727035e+02     2.33074922e+02     1.20107484e+02   
    2.64000000e+04     6.60000000e+00     1.10041398e+03     2.99782062e+02     2.32947634e+02     1.19537513e+02   
    2.66000000e+04     6.65000000e+00     1.10041094e+03     2.99474437e+02     2.30550264e+02     1.16229388e+02   
    2.68000000e+04     6.70000000e+00     1.10041706e+03     3.00682824e+02     2.32044581e+02     1.18307901e+02   
    2.70000000e+04     6.75000000e+00     1.10041419e+03     2.98389233e+02     2.31787251e+02     1.18165819e+02   
    2.72000000e+04     6.80000000e+00     1.10041763e+03     2.97628287e+02     2.32032543e+02     1.17963107e+02   
    2.74000000e+04     6.85000000e+00     1.10039896e+03     2.99287188e+02     2.31893146e+02     1.17482241e+02   
    2.76000000e+04     6.90000000e+00     1.10038690e+03     2.98615333e+02     2.32317864e+02     1.18660482e+02   
    2.78000000e+04     6.95000000e+00     1.10037973e+03     2.99817724e+02     2.31936088e+02     1.18253405e+02   
    2.80000000e+04     7.00000000e+00     1.10039205e+03     2.97856515e+02     2.31998040e+02     1.20854218e+02   
    2.82000000e+04     7.05000000e+00     1.10039886e+03     2.96638094e+02     2.32789129e+02     1.21065913e+02   
    2.84000000e+04     7.10000000e+00     1.10039745e+03     2.94361612e+02     2.30963128e+02     1.19371346e+02   
    2.86000000e+04     7.15000000e+00     1.10039465e+03     2.96545321e+02     2.30814026e+02     1.17292814e+02   
    2.88000000e+04     7.20000000e+00     1.10040513e+03     2.99572652e+02     2.32987494e+02     1.20010701e+02   
    2.90000000e+04     7.25000000e+00     1.10041561e+03     2.98681615e+02     2.32004189e+02     1.18296653e+02   
    2.92000000e+04     7.30000000e+00     1.10042052e+03     3.01107607e+02     2.32531774e+02     1.19605240e+02   
    2.94000000e+04     7.35000000e+00     1.10041666e+03     2.99759964e+02     2.31671138e+02     1.20085109e+02   
    2.96000000e+04     7.40000000e+00     1.10041858e+03     3.00874853e+02     2.33560563e+02     1.22747062e+02   
    2.98000000e+04     7.45000000e+00     1.10040388e+03     3.00403551e+02     2.31546442e+02     1.20381915e+02   
    3.00000000e+04     7.50000000e+00     1.10039521e+03     2.98844230e+02     2.31436106e+02     1.19171951e+02   
    3.02000000e+04     7.55000000e+00     1.10040150e+03     2.99382893e+02     2.32168758e+02     1.21060075e+02   
    3.04000000e+04     7.60000000e+00     1.10039720e+03     2.97015186e+02     2.32362487e+02     1.20549739e+02   
    3.06000000e+04     7.65000000e+00     1.10039587e+03     2.96914876e+02     2.31435914e+02     1.19450699e+02   
    3.08000000e+04     7.70000000e+00     1.10038927e+03     3.00481945e+02     2.31903805e+02     1.20040963e+02   
    3.10000000e+04     7.75000000e+00     1.10037023e+03     3.00158659e+02     2.30945606e+02     1.16792232e+02   
    3.12000000e+04     7.80000000e+00     1.10036544e+03     3.01851095e+02     2.31699558e+02     1.20440799e+02   
    3.14000000e+04     7.85000000e+00     1.10036235e+03     3.01495004e+02     2.32965846e+02     1.19557335e+02   
    3.16000000e+04     7.90000000e+00     1.10036282e+03     3.00775609e+02     2.31848165e+02     1.18617030e+02   
    3.18000000e+04     7.95000000e+00     1.10035791e+03     2.98220446e+02     2.31098084e+02     1.19221212e+02   
    3.20000000e+04     8.00000000e+00     1.10036268e+03     2.98355563e+02     2.32112690e+02     1.19919508e+02   
    3.22000000e+04     8.05000000e+00     1.10036297e+03     3.01173976e+02     2.33678526e+02     1.21000623e+02   
    3.24000000e+04     8.10000000e+00     1.10035466e+03     3.04996941e+02     2.31388193e+02     1.19684457e+02   
    3.26000000e+04     8.15000000e+00     1.10037214e+03     3.00256786e+02     2.32536642e+02     1.20943248e+02   
    3.28000000e+04     8.20000000e+00     1.10036565e+03     2.98449172e+02     2.31940029e+02     1.20161441e+02   
    3.30000000e+04     8.25000000e+00     1.10036342e+03     3.01690354e+02     2.31214802e+02     1.18710648e+02   
    3.32000000e+04     8.30000000e+00     1.10036778e+03     3.00529815e+02     2.30618226e+02     1.18575672e+02   
    3.34000000e+04     8.35000000e+00     1.10037033e+03     3.01659926e+02     2.30745342e+02     1.19887457e+02   
    3.36000000e+04     8.40000000e+00     1.10037322e+03     3.01120196e+02     2.33193839e+02     1.21552046e+02   
    3.38000000e+04     8.45000000e+00     1.10036881e+03     2.99809471e+02     2.31709840e+02     1.18989229e+02   
    3.40000000e+04     8.50000000e+00     1.10036161e+03     3.00337474e+02     2.31157289e+02     1.18352431e+02   
    3.42000000e+04     8.55000000e+00     1.10037031e+03     3.00676964e+02     2.31521448e+02     1.18723449e+02   
    3.44000000e+04     8.60000000e+00     1.10036952e+03     3.00207501e+02     2.33588473e+02     1.21750152e+02   
    3.46000000e+04     8.65000000e+00     1.10037242e+03     3.00829163e+02     2.31483615e+02     1.20487591e+02   
    3.48000000e+04     8.70000000e+00     1.10038021e+03     2.97467767e+02     2.32941332e+02     1.23863189e+02   
    3.50000000e+04     8.75000000e+00     1.10037817e+03     2.96484138e+02     2.33263452e+02     1.23744291e+02   
    3.52000000e+04     8.80000000e+00     1.10037380e+03     3.00101039e+02     2.32066116e+02     1.22617165e+02   
    3.54000000e+04     8.85000000e+00     1.10036931e+03     3.00386768e+02     2.32674236e+02     1.21798138e+02   
    3.56000000e+04     8.90000000e+00     1.10035829e+03     2.98131401e+02     2.31428389e+02     1.20862094e+02   
    3.58000000e+04     8.95000000e+00     1.10036262e+03     2.98207815e+02     2.30981075e+02     1.19724577e+02   
    3.60000000e+04     9.00000000e+00     1.10036116e+03     2.99291039e+02     2.32893496e+02     1.20799934e+02   
    3.62000000e+04     9.05000000e+00     1.10034587e+03     2.96997744e+02     2.30370805e+02     1.19163002e+02   
    3.64000000e+04     9.10000000e+00     1.10035331e+03     2.99570352e+02     2.31725986e+02     1.20793062e+02   
    3.66000000e+04     9.15000000e+00     1.10034242e+03     2.97514902e+02     2.29828695e+02     1.17991032e+02   
    3.68000000e+04     9.20000000e+00     1.10036016e+03     3.00522569e+02     2.34451473e+02     1.23315875e+02   
    3.70000000e+04     9.25000000e+00     1.10034697e+03     3.00318539e+02     2.29537987e+02     1.18150728e+02   
    3.72000000e+04     9.30000000e+00     1.10033315e+03     3.02157022e+02     2.28825725e+02     1.16783715e+02   
    3.74000000e+04     9.35000000e+00     1.10035730e+03     2.97930771e+02     2.33966777e+02     1.19937525e+02   
    3.76000000e+04     9.40000000e+00     1.10037580e+03     2.98253118e+02     2.35275645e+02     1.23322969e+02   
    3.78000000e+04     9.45000000e+00     1.10036707e+03     3.02037419e+02     2.32754928e+02     1.20480484e+02   
    3.80000000e+04     9.50000000e+00     1.10036960e+03     2.98349586e+02     2.34237706e+02     1.21789931e+02   
    3.82000000e+04     9.55000000e+00     1.10035759e+03     2.99673084e+02     2.30876420e+02     1.18719393e+02   
    3.84000000e+04     9.60000000e+00     1.10036901e+03     3.02885394e+02     2.31990570e+02     1.19803149e+02   
    3.86000000e+04     9.65000000e+00     1.10037211e+03     2.99358253e+02     2.32527763e+02     1.20992537e+02   
    3.88000000e+04     9.70000000e+00     1.10036887e+03     3.00280692e+02     2.31406535e+02     1.20123998e+02   
    3.90000000e+04     9.75000000e+00     1.10036392e+03     3.03427151e+02     2.32088362e+02     1.19716410e+02   
    3.92000000e+04     9.80000000e+00     1.10035324e+03     3.04194731e+02     2.30757461e+02     1.18508623e+02   
    3.94000000e+04     9.85000000e+00     1.10035175e+03     3.00904029e+02     2.30774637e+02     1.19103536e+02   
    3.96000000e+04     9.90000000e+00     1.10035326e+03     3.04229342e+02     2.31170981e+02     1.19796501e+02   
    3.98000000e+04     9.95000000e+00     1.10035139e+03     3.00413751e+02     2.30640583e+02     1.17859998e+02   
    4.00000000e+04     1.00000000e+01     1.10036442e+03     3.02761692e+02     2.33215684e+02     1.20759655e+02   
    4.02000000e+04     1.00500000e+01     1.10037366e+03     3.00663608e+02     2.32762709e+02     1.19881867e+02   
    4.04000000e+04     1.01000000e+01     1.10038512e+03     2.99563792e+02     2.31717003e+02     1.20505367e+02   
    4.06000000e+04     1.01500000e+01     1.10040728e+03     3.00985274e+02     2.34861201e+02     1.22752421e+02   
    4.08000000e+04     1.02000000e+01     1.10039870e+03     3.01785368e+02     2.31812169e+02     1.18826259e+02   
    4.10000000e+04     1.02500000e+01     1.10039577e+03     3.00781897e+02     2.30644707e+02     1.18122050e+02   
    4.12000000e+04     1.03000000e+01     1.10039606e+03     3.02696580e+02     2.31759027e+02     1.18958769e+02   
    4.14000000e+04     1.03500000e+01     1.10039047e+03     2.99432226e+02     2.30669126e+02     1.19112977e+02   
    4.16000000e+04     1.04000000e+01     1.10039672e+03     3.02714604e+02     2.32041985e+02     1.18451599e+02   
    4.18000000e+04     1.04500000e+01     1.10039435e+03     3.01906341e+02     2.31568663e+02     1.19670397e+02   
    4.20000000e+04     1.05000000e+01     1.10040542e+03     3.02693303e+02     2.31990436e+02     1.20183824e+02   
    4.22000000e+04     1.05500000e+01     1.10040496e+03     3.00118565e+02     2.30637983e+02     1.18104018e+02   
    4.24000000e+04     1.06000000e+01     1.10041577e+03     3.00904993e+02     2.32084137e+02     1.20811651e+02   
    4.26000000e+04     1.06500000e+01     1.10041208e+03     3.03672990e+02     2.32484083e+02     1.20239825e+02   
    4.28000000e+04     1.07000000e+01     1.10040722e+03     3.01718026e+02     2.31405148e+02     1.21177602e+02   
    4.30000000e+04     1.07500000e+01     1.10040878e+03     2.99889837e+02     2.30524768e+02     1.19098324e+02   
    4.32000000e+04     1.08000000e+01     1.10042757e+03     3.02393016e+02     2.32233263e+02     1.21070188e+02   
    4.34000000e+04     1.08500000e+01     1.10041328e+03     3.01887167e+02     2.30564727e+02     1.18260107e+02   
    4.36000000e+04     1.09000000e+01     1.10040875e+03     2.98654282e+02     2.32376423e+02     1.19233532e+02   
    4.38000000e+04     1.09500000e+01     1.10040532e+03     3.00743898e+02     2.31651452e+02     1.17903703e+02   
    4.40000000e+04     1.10000000e+01     1.10041617e+03     3.01170144e+02     2.32269296e+02     1.17649533e+02   
    4.42000000e+04     1.10500000e+01     1.10042269e+03     3.00998493e+02     2.31637220e+02     1.18732383e+02   
    4.44000000e+04     1.11000000e+01     1.10042341e+03     3.02489586e+02     2.32304386e+02     1.18769858e+02   
    4.46000000e+04     1.11500000e+01     1.10042291e+03     3.00117053e+02     2.30344498e+02     1.15394018e+02   
    4.48000000e+04     1.12000000e+01     1.10042173e+03     3.01505826e+02     2.30244602e+02     1.17503426e+02   
    4.50000000e+04     1.12500000e+01     1.10042594e+03     3.03259171e+02     2.32639824e+02     1.19973720e+02   
    4.52000000e+04     1.13000000e+01     1.10041303e+03     3.03079620e+02     2.30448002e+02     1.17587094e+02   
    4.54000000e+04     1.13500000e+01     1.10041058e+03     3.01894451e+02     2.31861469e+02     1.16824876e+02   
    4.56000000e+04     1.14000000e+01     1.10040810e+03     3.02760323e+02     2.31521550e+02     1.16490285e+02   
    4.58000000e+04     1.14500000e+01     1.10041629e+03     3.00992126e+02     2.32510198e+02     1.18469674e+02   
    4.60000000e+04     1.15000000e+01     1.10039515e+03     2.99084115e+02     2.29629335e+02     1.14681650e+02   
    4.62000000e+04     1.15500000e+01     1.10039649e+03     2.98201642e+02     2.30660258e+02     1.17841867e+02   
    4.64000000e+04     1.16000000e+01     1.10039690e+03     3.03954339e+02     2.32301551e+02     1.18133313e+02   
    4.66000000e+04     1.16500000e+01     1.10040509e+03     2.99231218e+02     2.32705391e+02     1.20105672e+02   
    4.68000000e+04     1.17000000e+01     1.10040232e+03     3.03160399e+02     2.31428264e+02     1.18360789e+02   
    4.70000000e+04     1.17500000e+01     1.10040630e+03     3.02378943e+02     2.31805892e+02     1.18367417e+02   
    4.72000000e+04     1.18000000e+01     1.10041695e+03     3.02315682e+02     2.32809068e+02     1.20244219e+02   
    4.74000000e+04     1.18500000e+01     1.10040178e+03     3.01526339e+02     2.29807799e+02     1.17103627e+02   
    4.76000000e+04     1.19000000e+01     1.10040663e+03     3.03524692e+02     2.32172834e+02     1.20111134e+02   
    4.78000000e+04     1.19500000e+01     1.10040194e+03     2.99934340e+02     2.31388424e+02     1.18544374e+02   
    4.80000000e+04     1.20000000e+01     1.10040900e+03     2.99425235e+02     2.32205546e+02     1.20339741e+02   
    4.82000000e+04     1.20500000e+01     1.10040262e+03     3.01047348e+02     2.30553990e+02     1.16785585e+02   
    4.84000000e+04     1.21000000e+01     1.10040447e+03     2.99291652e+02     2.32267308e+02     1.18542737e+02   
    4.86000000e+04     1.21500000e+01     1.10040230e+03     2.98480296e+02     2.33486245e+02     1.19562617e+02   
    4.88000000e+04     1.22000000e+01     1.10039580e+03     2.98323463e+02     2.30759859e+02     1.14551132e+02   
    4.90000000e+04     1.22500000e+01     1.10039579e+03     2.98197720e+02     2.30260137e+02     1.16297440e+02   
    4.92000000e+04     1.23000000e+01     1.10039575e+03     3.01163643e+02     2.31741938e+02     1.17395529e+02   
    4.94000000e+04     1.23500000e+01     1.10040013e+03     2.99460988e+02     2.31921884e+02     1.18297025e+02   
    4.96000000e+04     1.24000000e+01     1.10040445e+03     3.01069209e+02     2.31153425e+02     1.16463449e+02   
    4.98000000e+04     1.24500000e+01     1.10041539e+03     3.01575318e+02     2.32241507e+02     1.17911117e+02   
    5.00000000e+04     1.25000000e+01     1.10041308e+03     2.97008325e+02     2.33306636e+02     1.17397961e+02   
    5.02000000e+04     1.25500000e+01     1.10041545e+03     3.01686473e+02     2.31934346e+02     1.17398520e+02   
    5.04000000e+04     1.26000000e+01     1.10041819e+03     3.00545081e+02     2.31847612e+02     1.17569284e+02   
    5.06000000e+04     1.26500000e+01     1.10041524e+03     3.00971651e+02     2.32275245e+02     1.17354324e+02   
    5.08000000e+04     1.27000000e+01     1.10042130e+03     2.98480538e+02     2.31321382e+02     1.16633553e+02   
    5.10000000e+04     1.27500000e+01     1.10042952e+03     2.99195719e+02     2.32160106e+02     1.19410273e+02   
    5.12000000e+04     1.28000000e+01     1.10042564e+03     3.00157540e+02     2.30655684e+02     1.16729378e+02   
    5.14000000e+04     1.28500000e+01     1.10042398e+03     3.00539087e+02     2.30763642e+02     1.18048237e+02   
    5.16000000e+04     1.29000000e+01     1.10042146e+03     3.00303519e+02     2.31434315e+02     1.18010152e+02   
    5.18000000e+04     1.29500000e+01     1.10040456e+03     3.00924851e+02     2.29864033e+02     1.17314980e+02   
    5.20000000e+04     1.30000000e+01     1.10041554e+03     2.99058462e+02     2.32763314e+02     1.17547570e+02   
    5.22000000e+04     1.30500000e+01     1.10041708e+03     3.01312823e+02     2.31361501e+02     1.18444410e+02   
    5.24000000e+04     1.31000000e+01     1.10041430e+03     3.00669468e+02     2.32251490e+02     1.19518992e+02   
    5.26000000e+04     1.31500000e+01     1.10042131e+03     2.98280612e+02     2.30739931e+02     1.18863493e+02   
    5.28000000e+04     1.32000000e+01     1.10043799e+03     3.02980190e+02     2.34031601e+02     1.20463104e+02   
    5.30000000e+04     1.32500000e+01     1.10042540e+03     3.00064170e+02     2.29610731e+02     1.15706433e+02   
    5.32000000e+04     1.33000000e+01     1.10043313e+03     2.99324318e+02     2.32556241e+02     1.20807793e+02   
    5.34000000e+04     1.33500000e+01     1.10043835e+03     3.01106587e+02     2.31061479e+02     1.19488525e+02   
    5.36000000e+04     1.34000000e+01     1.10046003e+03     3.00063041e+02     2.33336942e+02     1.21005131e+02   
    5.38000000e+04     1.34500000e+01     1.10047264e+03     2.98793296e+02     2.31819707e+02     1.20779487e+02   
    5.40000000e+04     1.35000000e+01     1.10047948e+03     3.00911588e+02     2.30801166e+02     1.20318879e+02   
    5.42000000e+04     1.35500000e+01     1.10050140e+03     3.00574621e+02     2.32560211e+02     1.22242063e+02   
    5.44000000e+04     1.36000000e+01     1.10049825e+03     2.99720953e+02     2.31582619e+02     1.19943782e+02   
    5.46000000e+04     1.36500000e+01     1.10049910e+03     2.97570820e+02     2.31064571e+02     1.18938575e+02   
    5.48000000e+04     1.37000000e+01     1.10049431e+03     3.00339312e+02     2.31346046e+02     1.20067713e+02   
    5.50000000e+04     1.37500000e+01     1.10050458e+03     3.01293446e+02     2.31762927e+02     1.20912674e+02   
    5.52000000e+04     1.38000000e+01     1.10050621e+03     2.97519499e+02     2.31296505e+02     1.20881202e+02   
    5.54000000e+04     1.38500000e+01     1.10051611e+03     2.99245747e+02     2.31804033e+02     1.19743136e+02   
    5.56000000e+04     1.39000000e+01     1.10052972e+03     3.03509553e+02     2.32751016e+02     1.22001735e+02   
    5.58000000e+04     1.39500000e+01     1.10054077e+03     3.01256678e+02     2.32029781e+02     1.21819183e+02   
    5.60000000e+04     1.40000000e+01     1.10054556e+03     3.01862112e+02     2.32421719e+02     1.22358659e+02   
    5.62000000e+04     1.40500000e+01     1.10054126e+03     3.00708929e+02     2.30736324e+02     1.20709375e+02   
    5.64000000e+04     1.41000000e+01     1.10053221e+03     3.03353228e+02     2.30166544e+02     1.20326216e+02   
    5.66000000e+04     1.41500000e+01     1.10053502e+03     2.99906454e+02     2.33011579e+02     1.23062158e+02   
    5.68000000e+04     1.42000000e+01     1.10052936e+03     3.00519008e+02     2.32802846e+02     1.21949062e+02   
    5.70000000e+04     1.42500000e+01     1.10052017e+03     3.01564208e+02     2.32079721e+02     1.20660772e+02   
    5.72000000e+04     1.43000000e+01     1.10052306e+03     3.01859846e+02     2.32337173e+02     1.20949811e+02   
    5.74000000e+04     1.43500000e+01     1.10051020e+03     3.02232729e+02     2.30162347e+02     1.18865197e+02   
    5.76000000e+04     1.44000000e+01     1.10050692e+03     3.00676584e+02     2.30874070e+02     1.20838638e+02   
    5.78000000e+04     1.44500000e+01     1.10051145e+03     2.99874807e+02     2.31729466e+02     1.22644391e+02   
    5.80000000e+04     1.45000000e+01     1.10051457e+03     2.98285361e+02     2.30198359e+02     1.20363332e+02   
    5.82000000e+04     1.45500000e+01     1.10051824e+03     2.97346459e+02     2.32114325e+02     1.23117497e+02   
    5.84000000e+04     1.46000000e+01     1.10051725e+03     2.99165251e+02     2.34222560e+02     1.23507094e+02   
    5.86000000e+04     1.46500000e+01     1.10050452e+03     3.01804035e+02     2.30980582e+02     1.20766337e+02   
    5.88000000e+04     1.47000000e+01     1.10050207e+03     3.00544958e+02     2.31367370e+02     1.20089515e+02   
    5.90000000e+04     1.47500000e+01     1.10050014e+03     3.00161088e+02     2.30640376e+02     1.19399568e+02   
    5.92000000e+04     1.48000000e+01     1.10050802e+03     2.98588858e+02     2.32419441e+02     1.21672197e+02   
    5.94000000e+04     1.48500000e+01     1.10050617e+03     2.96799158e+02     2.33414847e+02     1.22722881e+02   
    5.96000000e+04     1.49000000e+01     1.10050553e+03     3.01594153e+02     2.32334650e+02     1.22433276e+02   
    5.98000000e+04     1.49500000e+01     1.10050891e+03     3.00800878e+02     2.32451832e+02     1.22442642e+02   
    6.00000000e+04     1.50000000e+01     1.10051110e+03     2.99640438e+02     2.33629531e+02     1.25270898e+02   
    6.02000000e+04     1.50500000e+01     1.10050271e+03     2.97993314e+02     2.30061909e+02     1.22606353e+02   
    6.04000000e+04     1.51000000e+01     1.10050523e+03     3.00637370e+02     2.32334029e+02     1.22313020e+02   
    6.06000000e+04     1.51500000e+01     1.10049966e+03     3.02149880e+02     2.31473261e+02     1.20049614e+02   
    6.08000000e+04     1.52000000e+01     1.10048896e+03     3.02411142e+02     2.30685594e+02     1.18126142e+02   
    6.10000000e+04     1.52500000e+01     1.10049246e+03     2.98544252e+02     2.31635704e+02     1.20536253e+02   
    6.12000000e+04     1.53000000e+01     1.10048980e+03     2.99432353e+02     2.33083263e+02     1.21939434e+02   
    6.14000000e+04     1.53500000e+01     1.10048686e+03     3.01249063e+02     2.32878130e+02     1.19040070e+02   
    6.16000000e+04     1.54000000e+01     1.10047790e+03     2.99784895e+02     2.31279545e+02     1.18637548e+02   
    6.18000000e+04     1.54500000e+01     1.10047930e+03     2.99457774e+02     2.31923661e+02     1.18322503e+02   
    6.20000000e+04     1.55000000e+01     1.10047414e+03     3.03194672e+02     2.31225305e+02     1.18495910e+02   
    6.22000000e+04     1.55500000e+01     1.10048319e+03     3.02260129e+02     2.32424147e+02     1.18648539e+02   
    6.24000000e+04     1.56000000e+01     1.10047121e+03     3.04402003e+02     2.31238589e+02     1.16066229e+02   
    6.26000000e+04     1.56500000e+01     1.10047779e+03     3.01065830e+02     2.31107464e+02     1.16479119e+02   
    6.28000000e+04     1.57000000e+01     1.10048286e+03     3.00779224e+02     2.32742328e+02     1.18080289e+02   
    6.30000000e+04     1.57500000e+01     1.10048255e+03     3.02428901e+02     2.32020345e+02     1.18078062e+02   
    6.32000000e+04     1.58000000e+01     1.10047973e+03     3.03790627e+02     2.31563429e+02     1.17068828e+02   
    6.34000000e+04     1.58500000e+01     1.10048608e+03     3.02260185e+02     2.31191549e+02     1.16445541e+02   
    6.36000000e+04     1.59000000e+01     1.10050140e+03     3.01178244e+02     2.32288625e+02     1.18574071e+02   
    6.38000000e+04     1.59500000e+01     1.10050136e+03     2.99613746e+02     2.31187496e+02     1.16571178e+02   
    6.40000000e+04     1.60000000e+01     1.10051702e+03     3.01744724e+02     2.31684783e+02     1.17478188e+02   
    6.42000000e+04     1.60500000e+01     1.10052911e+03     2.99558346e+02     2.33134120e+02     1.19285007e+02   
    6.44000000e+04     1.61000000e+01     1.10052582e+03     3.02951632e+02     2.31122128e+02     1.17802049e+02   
    6.46000000e+04     1.61500000e+01     1.10052794e+03     2.99823065e+02     2.31307344e+02     1.15834363e+02   
    6.48000000e+04     1.62000000e+01     1.10053164e+03     3.04464446e+02     2.33515504e+02     1.16337334e+02   
    6.50000000e+04     1.62500000e+01     1.10053179e+03     3.01237187e+02     2.32000772e+02     1.15385190e+02   
    6.52000000e+04     1.63000000e+01     1.10055163e+03     2.99155291e+02     2.34167961e+02     1.19623843e+02   
    6.54000000e+04     1.63500000e+01     1.10054319e+03     2.97731639e+02     2.30790457e+02     1.15569245e+02   
    6.56000000e+04     1.64000000e+01     1.10055102e+03     3.04526049e+02     2.32515824e+02     1.16142146e+02   
    6.58000000e+04     1.64500000e+01     1.10055683e+03     3.03047904e+02     2.31861844e+02     1.17234159e+02   
    6.60000000e+04     1.65000000e+01     1.10056857e+03     3.00516325e+02     2.32488240e+02     1.19187010e+02   
    6.62000000e+04     1.65500000e+01     1.10057576e+03     3.02086932e+02     2.33649795e+02     1.20374791e+02   
    6.64000000e+04     1.66000000e+01     1.10057666e+03     3.02542874e+02     2.32155017e+02     1.18674197e+02   
    6.66000000e+04     1.66500000e+01     1.10057067e+03     3.02645448e+02     2.30803458e+02     1.15310879e+02   
    6.68000000e+04     1.67000000e+01     1.10055692e+03     2.98049928e+02     2.31110181e+02     1.17496319e+02   
    6.70000000e+04     1.67500000e+01     1.10054893e+03     3.03161870e+02     2.30551490e+02     1.15080735e+02   
    6.72000000e+04     1.68000000e+01     1.10056256e+03     2.98156174e+02     2.30906732e+02     1.17043354e+02   
    6.74000000e+04     1.68500000e+01     1.10057532e+03     2.98320322e+02     2.32514838e+02     1.18273767e+02   
    6.76000000e+04     1.69000000e+01     1.10057155e+03     2.99097261e+02     2.29881659e+02     1.18097924e+02   
    6.78000000e+04     1.69500000e+01     1.10056759e+03     3.02749286e+02     2.32157211e+02     1.19478654e+02   
    6.80000000e+04     1.70000000e+01     1.10056153e+03     3.01995095e+02     2.31105187e+02     1.17747211e+02   
    6.82000000e+04     1.70500000e+01     1.10056497e+03     2.97164325e+02     2.32150800e+02     1.19576035e+02   
    6.84000000e+04     1.71000000e+01     1.10056093e+03     3.00281695e+02     2.31314284e+02     1.18852837e+02   
    6.86000000e+04     1.71500000e+01     1.10056130e+03     2.99235120e+02     2.30773796e+02     1.17340745e+02   
    6.88000000e+04     1.72000000e+01     1.10057580e+03     3.01071361e+02     2.31880684e+02     1.18039038e+02   
    6.90000000e+04     1.72500000e+01     1.10057093e+03     3.03580602e+02     2.31459178e+02     1.19088497e+02   
    6.92000000e+04     1.73000000e+01     1.10058401e+03     3.00262854e+02     2.29536991e+02     1.16423697e+02   
    6.94000000e+04     1.73500000e+01     1.10059393e+03     3.01439245e+02     2.31431037e+02     1.18022747e+02   
    6.96000000e+04     1.74000000e+01     1.10059965e+03     2.95479794e+02     2.30305061e+02     1.17665852e+02   
    6.98000000e+04     1.74500000e+01     1.10060153e+03     3.00463990e+02     2.31240336e+02     1.19084062e+02   
    7.00000000e+04     1.75000000e+01     1.10061033e+03     2.99562413e+02     2.31505105e+02     1.19064481e+02   
    7.02000000e+04     1.75500000e+01     1.10061375e+03     2.99394962e+02     2.31459131e+02     1.18975012e+02   
    7.04000000e+04     1.76000000e+01     1.10060908e+03     3.01192357e+02     2.30317586e+02     1.18073209e+02   
    7.06000000e+04     1.76500000e+01     1.10060998e+03     3.01341053e+02     2.31568951e+02     1.19135207e+02   
    7.08000000e+04     1.77000000e+01     1.10060868e+03     2.99422746e+02     2.31679602e+02     1.19240071e+02   
    7.10000000e+04     1.77500000e+01     1.10061361e+03     2.97602579e+02     2.32290368e+02     1.19298058e+02   
    7.12000000e+04     1.78000000e+01     1.10061451e+03     2.97007345e+02     2.33482221e+02     1.21259619e+02   
    7.14000000e+04     1.78500000e+01     1.10060516e+03     3.00488855e+02     2.32245404e+02     1.20606977e+02   
    7.16000000e+04     1.79000000e+01     1.10060959e+03     2.99806325e+02     2.33413736e+02     1.21204696e+02   
    7.18000000e+04     1.79500000e+01     1.10059970e+03     2.96396936e+02     2.30012425e+02     1.17786351e+02   
    7.20000000e+04     1.80000000e+01     1.10059976e+03     3.01418981e+02     2.30304542e+02     1.17562434e+02   
    7.22000000e+04     1.80500000e+01     1.10061473e+03     2.96247461e+02     2.33221177e+02     1.21650731e+02   
    7.24000000e+04     1.81000000e+01     1.10060828e+03     2.98973265e+02     2.31316017e+02     1.19689209e+02   
    7.26000000e+04     1.81500000e+01     1.10061506e+03     2.98030564e+02     2.32101154e+02     1.19694408e+02   
    7.28000000e+04     1.82000000e+01     1.10059729e+03     2.99631572e+02     2.30372207e+02     1.18373398e+02   
    7.30000000e+04     1.82500000e+01     1.10059834e+03     3.01986399e+02     2.30071850e+02     1.17312780e+02   
    7.32000000e+04     1.83000000e+01     1.10059473e+03     3.00441150e+02     2.31503772e+02     1.18091712e+02   
    7.34000000e+04     1.83500000e+01     1.10060015e+03     2.98938063e+02     2.33797081e+02     1.20770472e+02   
    7.36000000e+04     1.84000000e+01     1.10058897e+03     2.99524018e+02     2.30579303e+02     1.19240883e+02   
    7.38000000e+04     1.84500000e+01     1.10057779e+03     2.96324488e+02     2.30939146e+02     1.19489076e+02   
    7.40000000e+04     1.85000000e+01     1.10057588e+03     2.98696006e+02     2.30923985e+02     1.19983028e+02   
    7.42000000e+04     1.85500000e+01     1.10058202e+03     3.00487813e+02     2.30523077e+02     1.18762941e+02   
    7.44000000e+04     1.86000000e+01     1.10059124e+03     3.00564985e+02     2.32067903e+02     1.20664700e+02   
    7.46000000e+04     1.86500000e+01     1.10059708e+03     2.98681254e+02     2.31775295e+02     1.20167988e+02   
    7.48000000e+04     1.87000000e+01     1.10059730e+03     3.01745300e+02     2.32485873e+02     1.20012449e+02   
    7.50000000e+04     1.87500000e+01     1.10059282e+03     2.99476492e+02     2.30845775e+02     1.18425911e+02   
    7.52000000e+04     1.88000000e+01     1.10058786e+03     2.97527320e+02     2.29679904e+02     1.19152901e+02   
    7.54000000e+04     1.88500000e+01     1.10060420e+03     2.98432903e+02     2.31704826e+02     1.21833096e+02   
    7.56000000e+04     1.89000000e+01     1.10061640e+03     2.97668688e+02     2.32456135e+02     1.22262024e+02   
    7.58000000e+04     1.89500000e+01     1.10061827e+03     2.99287495e+02     2.32009847e+02     1.20930994e+02   
    7.60000000e+04     1.90000000e+01     1.10063563e+03     3.00279914e+02     2.34012183e+02     1.22981858e+02   
    7.62000000e+04     1.90500000e+01     1.10062272e+03     3.00425510e+02     2.32791802e+02     1.21256226e+02   
    7.64000000e+04     1.91000000e+01     1.10060168e+03     3.00416310e+02     2.30636636e+02     1.19953925e+02   
    7.66000000e+04     1.91500000e+01     1.10059764e+03     3.01351865e+02     2.31674095e+02     1.20573804e+02   
    7.68000000e+04     1.92000000e+01     1.10060071e+03     3.00314988e+02     2.32976571e+02     1.22916797e+02   
    7.70000000e+04     1.92500000e+01     1.10059924e+03     2.99149195e+02     2.32275265e+02     1.21372992e+02   
    7.72000000e+04     1.93000000e+01     1.10060447e+03     3.01051666e+02     2.33238704e+02     1.21264007e+02   
    7.74000000e+04     1.93500000e+01     1.10060134e+03     2.99222353e+02     2.31693462e+02     1.20809843e+02   
    7.76000000e+04     1.94000000e+01     1.10059696e+03     2.98997314e+02     2.31310097e+02     1.18447007e+02   
    7.78000000e+04     1.94500000e+01     1.10060092e+03     2.96563030e+02     2.30919698e+02     1.18241307e+02   
    7.80000000e+04     1.95000000e+01     1.10059493e+03     3.00789337e+02     2.32247087e+02     1.18978468e+02   
    7.82000000e+04     1.95500000e+01     1.10058688e+03     3.02087673e+02     2.31145407e+02     1.18340237e+02   
    7.84000000e+04     1.96000000e+01     1.10057877e+03     3.01620895e+02     2.32643513e+02     1.19181199e+02   
    7.86000000e+04     1.96500000e+01     1.10057910e+03     2.96692127e+02     2.33508753e+02     1.20055718e+02   
    7.88000000e+04     1.97000000e+01     1.10056862e+03     2.99259941e+02     2.30691030e+02     1.17983454e+02   
    7.90000000e+04     1.97500000e+01     1.10057606e+03     3.01016685e+02     2.32846885e+02     1.21683852e+02   
    7.92000000e+04     1.98000000e+01     1.10056300e+03     3.01794042e+02     2.30714750e+02     1.17379957e+02   
    7.94000000e+04     1.98500000e+01     1.10057662e+03     3.01118381e+02     2.32189685e+02     1.19439772e+02   
    7.96000000e+04     1.99000000e+01     1.10056920e+03     3.00899194e+02     2.30532046e+02     1.18721583e+02   
    7.98000000e+04     1.99500000e+01     1.10055838e+03     2.99594707e+02     2.29468475e+02     1.16028334e+02   
    8.00000000e+04     2.00000000e+01     1.10056336e+03     2.97495266e+02     2.31848125e+02     1.19754334e+02   
