# column   1     --> step : The current simulation time step.
# column   2     --> time{picosecond} : The elapsed simulation time.
# column   3     --> conserved{electronvolt} : The value of the conserved energy quantity per bead.
# column   4     --> temperature{kelvin} : The current temperature, as obtained from the MD kinetic energy.
# column   5     --> kinetic_cv{electronvolt} : The centroid-virial quantum kinetic energy of the physical system.
# column   6     --> potential{electronvolt} : The physical system potential energy.
    0.00000000e+00     0.00000000e+00     1.10584221e+03     3.04428649e+02     2.31615738e+02     1.21038133e+02   
    2.00000000e+02     5.00000000e-02     1.10584677e+03     2.99480292e+02     2.33134786e+02     1.23521497e+02   
    4.00000000e+02     1.00000000e-01     1.10583833e+03     2.99585880e+02     2.31439753e+02     1.19645311e+02   
    6.00000000e+02     1.50000000e-01     1.10584088e+03     2.99910612e+02     2.30925779e+02     1.20890483e+02   
    8.00000000e+02     2.00000000e-01     1.10584622e+03     2.98589109e+02     2.30409292e+02     1.20170173e+02   
    1.00000000e+03     2.50000000e-01     1.10585483e+03     2.99230261e+02     2.32805525e+02     1.21313239e+02   
    1.20000000e+03     3.00000000e-01     1.10585705e+03     3.00619345e+02     2.32437394e+02     1.22277038e+02   
    1.40000000e+03     3.50000000e-01     1.10585030e+03     3.04021672e+02     2.31437313e+02     1.18752355e+02   
    1.60000000e+03     4.00000000e-01     1.10584734e+03     2.97300501e+02     2.31575432e+02     1.18487489e+02   
    1.80000000e+03     4.50000000e-01     1.10584006e+03     2.97949114e+02     2.31730300e+02     1.17670125e+02   
    2.00000000e+03     5.00000000e-01     1.10585261e+03     3.01474958e+02     2.33326681e+02     1.20257388e+02   
    2.20000000e+03     5.50000000e-01     1.10585037e+03     2.99009275e+02     2.31312265e+02     1.19406408e+02   
    2.40000000e+03     6.00000000e-01     1.10585745e+03     2.98909754e+02     2.31142440e+02     1.18059286e+02   
    2.60000000e+03     6.50000000e-01     1.10586616e+03     2.99029122e+02     2.31323008e+02     1.19821419e+02   
    2.80000000e+03     7.00000000e-01     1.10586315e+03     3.03185771e+02     2.30207718e+02     1.15946445e+02   
    3.00000000e+03     7.50000000e-01     1.10589756e+03     2.98480323e+02     2.32145378e+02     1.19890396e+02   
    3.20000000e+03     8.00000000e-01     1.10589861e+03     3.01052175e+02     2.31936588e+02     1.17121637e+02   
    3.40000000e+03     8.50000000e-01     1.10591427e+03     3.02714058e+02     2.33969515e+02     1.20292967e+02   
    3.60000000e+03     9.00000000e-01     1.10589005e+03     3.00762528e+02     2.31684616e+02     1.16544508e+02   
    3.80000000e+03     9.50000000e-01     1.10587929e+03     2.96684549e+02     2.32843789e+02     1.18878038e+02   
    4.00000000e+03     1.00000000e+00     1.10587308e+03     2.99062999e+02     2.30111594e+02     1.15972012e+02   
    4.20000000e+03     1.05000000e+00     1.10588226e+03     3.00309286e+02     2.30968192e+02     1.18186249e+02   
    4.40000000e+03     1.10000000e+00     1.10588543e+03     2.99127900e+02     2.31163890e+02     1.18286980e+02   
    4.60000000e+03     1.15000000e+00     1.10590165e+03     2.97035447e+02     2.33271411e+02     1.20406715e+02   
    4.80000000e+03     1.20000000e+00     1.10589946e+03     2.98450916e+02     2.30718188e+02     1.19396403e+02   
    5.00000000e+03     1.25000000e+00     1.10591771e+03     2.98420516e+02     2.33734976e+02     1.21627412e+02   
    5.20000000e+03     1.30000000e+00     1.10590124e+03     2.99510971e+02     2.30250711e+02     1.17952500e+02   
    5.40000000e+03     1.35000000e+00     1.10590532e+03     3.00500059e+02     2.32154306e+02     1.20094345e+02   
    5.60000000e+03     1.40000000e+00     1.10590450e+03     2.96097024e+02     2.33801905e+02     1.23521794e+02   
    5.80000000e+03     1.45000000e+00     1.10589306e+03     2.97844139e+02     2.30248605e+02     1.20060351e+02   
    6.00000000e+03     1.50000000e+00     1.10589541e+03     2.98482123e+02     2.32220412e+02     1.21933192e+02   
    6.20000000e+03     1.55000000e+00     1.10589565e+03     2.98528098e+02     2.31491236e+02     1.21337467e+02   
    6.40000000e+03     1.60000000e+00     1.10590541e+03     2.97949393e+02     2.31352500e+02     1.21930496e+02   
    6.60000000e+03     1.65000000e+00     1.10590212e+03     3.03173414e+02     2.32111844e+02     1.22156087e+02   
    6.80000000e+03     1.70000000e+00     1.10589430e+03     3.02930152e+02     2.28536875e+02     1.17228113e+02   
    7.00000000e+03     1.75000000e+00     1.10591857e+03     2.98987719e+02     2.32131727e+02     1.22573687e+02   
    7.20000000e+03     1.80000000e+00     1.10591247e+03     2.96606688e+02     2.31634348e+02     1.20863256e+02   
    7.40000000e+03     1.85000000e+00     1.10591844e+03     2.97999905e+02     2.32663479e+02     1.22264662e+02   
    7.60000000e+03     1.90000000e+00     1.10591590e+03     2.97678996e+02     2.31903333e+02     1.21763682e+02   
    7.80000000e+03     1.95000000e+00     1.10591666e+03     2.99144819e+02     2.32115192e+02     1.22672215e+02   
    8.00000000e+03     2.00000000e+00     1.10592611e+03     2.99934217e+02     2.33464126e+02     1.24590543e+02   
    8.20000000e+03     2.05000000e+00     1.10592258e+03     3.00009211e+02     2.31355383e+02     1.21109892e+02   
    8.40000000e+03     2.10000000e+00     1.10592447e+03     3.01604072e+02     2.31178783e+02     1.21140740e+02   
    8.60000000e+03     2.15000000e+00     1.10591739e+03     2.98199452e+02     2.30888915e+02     1.19207735e+02   
    8.80000000e+03     2.20000000e+00     1.10592049e+03     2.99355881e+02     2.31549686e+02     1.20621101e+02   
    9.00000000e+03     2.25000000e+00     1.10593512e+03     3.00300630e+02     2.32875251e+02     1.22156785e+02   
    9.20000000e+03     2.30000000e+00     1.10592140e+03     3.01209756e+02     2.32317485e+02     1.20959939e+02   
    9.40000000e+03     2.35000000e+00     1.10590744e+03     3.01399709e+02     2.30263930e+02     1.17448039e+02   
    9.60000000e+03     2.40000000e+00     1.10589134e+03     3.01024850e+02     2.29888982e+02     1.17141272e+02   
    9.80000000e+03     2.45000000e+00     1.10589835e+03     3.00846142e+02     2.31553651e+02     1.19917554e+02   
    1.00000000e+04     2.50000000e+00     1.10589571e+03     3.00356400e+02     2.29693560e+02     1.18172724e+02   
    1.02000000e+04     2.55000000e+00     1.10590289e+03     2.99910033e+02     2.32368909e+02     1.21003593e+02   
    1.04000000e+04     2.60000000e+00     1.10589471e+03     3.03257757e+02     2.32311875e+02     1.17993957e+02   
    1.06000000e+04     2.65000000e+00     1.10588970e+03     3.00292329e+02     2.32858253e+02     1.20301552e+02   
    1.08000000e+04     2.70000000e+00     1.10588117e+03     3.01725867e+02     2.30907427e+02     1.15782365e+02   
    1.10000000e+04     2.75000000e+00     1.10588350e+03     3.02986381e+02     2.29684561e+02     1.15477510e+02   
    1.12000000e+04     2.80000000e+00     1.10590659e+03     2.99037051e+02     2.33378033e+02     1.18720792e+02   
    1.14000000e+04     2.85000000e+00     1.10590012e+03     3.01067673e+02     2.31437101e+02     1.18548977e+02   
    1.16000000e+04     2.90000000e+00     1.10589054e+03     2.98029788e+02     2.29567913e+02     1.15586442e+02   
    1.18000000e+04     2.95000000e+00     1.10588825e+03     3.01649945e+02     2.33229927e+02     1.19260749e+02   
    1.20000000e+04     3.00000000e+00     1.10588557e+03     3.01884417e+02     2.32336277e+02     1.17292175e+02   
    1.22000000e+04     3.05000000e+00     1.10589026e+03     3.00044690e+02     2.32846339e+02     1.18320051e+02   
    1.24000000e+04     3.10000000e+00     1.10588347e+03     2.97869113e+02     2.32585898e+02     1.17385854e+02   
    1.26000000e+04     3.15000000e+00     1.10587740e+03     2.99981032e+02     2.32672853e+02     1.16098455e+02   
    1.28000000e+04     3.20000000e+00     1.10588448e+03     2.96020663e+02     2.33157969e+02     1.18600001e+02   
    1.30000000e+04     3.25000000e+00     1.10587765e+03     2.97977854e+02     2.29778899e+02     1.15569193e+02   
    1.32000000e+04     3.30000000e+00     1.10589126e+03     3.00635623e+02     2.33934075e+02     1.19471121e+02   
    1.34000000e+04     3.35000000e+00     1.10587861e+03     2.99531094e+02     2.30872131e+02     1.16527969e+02   
    1.36000000e+04     3.40000000e+00     1.10589705e+03     3.00609162e+02     2.31966375e+02     1.17733011e+02   
    1.38000000e+04     3.45000000e+00     1.10589326e+03     2.99836944e+02     2.31471862e+02     1.16741516e+02   
    1.40000000e+04     3.50000000e+00     1.10588838e+03     3.01552710e+02     2.31895655e+02     1.15802940e+02   
    1.42000000e+04     3.55000000e+00     1.10588247e+03     2.98822349e+02     2.31141203e+02     1.16523637e+02   
    1.44000000e+04     3.60000000e+00     1.10588167e+03     2.99391199e+02     2.31457298e+02     1.17162973e+02   
    1.46000000e+04     3.65000000e+00     1.10587716e+03     2.99198782e+02     2.29966813e+02     1.16855451e+02   
    1.48000000e+04     3.70000000e+00     1.10589014e+03     3.01364175e+02     2.31713455e+02     1.16837718e+02   
    1.50000000e+04     3.75000000e+00     1.10588802e+03     2.97264719e+02     2.30950390e+02     1.17034357e+02   
    1.52000000e+04     3.80000000e+00     1.10588393e+03     3.00374642e+02     2.30332655e+02     1.15867523e+02   
    1.54000000e+04     3.85000000e+00     1.10588583e+03     3.01101942e+02     2.32054788e+02     1.17458839e+02   
    1.56000000e+04     3.90000000e+00     1.10588737e+03     3.01419065e+02     2.31818107e+02     1.15435426e+02   
    1.58000000e+04     3.95000000e+00     1.10589259e+03     2.99330480e+02     2.32291633e+02     1.17653424e+02   
    1.60000000e+04     4.00000000e+00     1.10589664e+03     3.01708466e+02     2.32577572e+02     1.19682387e+02   
    1.62000000e+04     4.05000000e+00     1.10591183e+03     2.98831887e+02     2.34277510e+02     1.20758805e+02   
    1.64000000e+04     4.10000000e+00     1.10591578e+03     2.99962774e+02     2.31659366e+02     1.18008709e+02   
    1.66000000e+04     4.15000000e+00     1.10592617e+03     2.99854048e+02     2.29430650e+02     1.16081800e+02   
    1.68000000e+04     4.20000000e+00     1.10593677e+03     2.99574796e+02     2.29185013e+02     1.18035728e+02   
    1.70000000e+04     4.25000000e+00     1.10593247e+03     3.00837777e+02     2.32781798e+02     1.18865413e+02   
    1.72000000e+04     4.30000000e+00     1.10592504e+03     2.99483276e+02     2.31378302e+02     1.18440329e+02   
    1.74000000e+04     4.35000000e+00     1.10591624e+03     2.96160410e+02     2.30020814e+02     1.16619965e+02   
    1.76000000e+04     4.40000000e+00     1.10594203e+03     3.01496174e+02     2.33174694e+02     1.20288607e+02   
    1.78000000e+04     4.45000000e+00     1.10594680e+03     3.02032813e+02     2.30755967e+02     1.17938812e+02   
    1.80000000e+04     4.50000000e+00     1.10595693e+03     3.00081008e+02     2.30281840e+02     1.17094238e+02   
    1.82000000e+04     4.55000000e+00     1.10597838e+03     3.03268295e+02     2.32887481e+02     1.20793391e+02   
    1.84000000e+04     4.60000000e+00     1.10598522e+03     2.98646461e+02     2.32188045e+02     1.19011070e+02   
    1.86000000e+04     4.65000000e+00     1.10598430e+03     2.99790313e+02     2.32651759e+02     1.20025797e+02   
    1.88000000e+04     4.70000000e+00     1.10598428e+03     2.99288685e+02     2.32873100e+02     1.20049381e+02   
    1.90000000e+04     4.75000000e+00     1.10597705e+03     2.96420193e+02     2.32793218e+02     1.20973801e+02   
    1.92000000e+04     4.80000000e+00     1.10596105e+03     2.97922550e+02     2.30848654e+02     1.20234490e+02   
    1.94000000e+04     4.85000000e+00     1.10595965e+03     2.99408790e+02     2.32034027e+02     1.21129839e+02   
    1.96000000e+04     4.90000000e+00     1.10596001e+03     2.96346806e+02     2.32929058e+02     1.22933628e+02   
    1.98000000e+04     4.95000000e+00     1.10596824e+03     2.95853113e+02     2.33791369e+02     1.23799540e+02   
    2.00000000e+04     5.00000000e+00     1.10596047e+03     2.99462321e+02     2.32631620e+02     1.20840031e+02   
    2.02000000e+04     5.05000000e+00     1.10595911e+03     2.98648832e+02     2.30921386e+02     1.18869406e+02   
    2.04000000e+04     5.10000000e+00     1.10596417e+03     3.00658275e+02     2.31421221e+02     1.18627679e+02   
    2.06000000e+04     5.15000000e+00     1.10596423e+03     2.98083459e+02     2.31561613e+02     1.21310717e+02   
    2.08000000e+04     5.20000000e+00     1.10596225e+03     2.99471727e+02     2.30643396e+02     1.19051444e+02   
    2.10000000e+04     5.25000000e+00     1.10597838e+03     2.98723437e+02     2.32539302e+02     1.21195507e+02   
    2.12000000e+04     5.30000000e+00     1.10596080e+03     3.03366572e+02     2.29672826e+02     1.16313426e+02   
    2.14000000e+04     5.35000000e+00     1.10596918e+03     3.00871693e+02     2.32225093e+02     1.19375793e+02   
    2.16000000e+04     5.40000000e+00     1.10596597e+03     3.02158782e+02     2.33111763e+02     1.17671955e+02   
    2.18000000e+04     5.45000000e+00     1.10596220e+03     2.99180217e+02     2.32118799e+02     1.19479249e+02   
    2.20000000e+04     5.50000000e+00     1.10595588e+03     3.00819136e+02     2.32545491e+02     1.19028438e+02   
    2.22000000e+04     5.55000000e+00     1.10593559e+03     2.96947670e+02     2.29745976e+02     1.16070550e+02   
    2.24000000e+04     5.60000000e+00     1.10593160e+03     3.01692648e+02     2.30198194e+02     1.14363468e+02   
    2.26000000e+04     5.65000000e+00     1.10593514e+03     3.02386456e+02     2.32177198e+02     1.16659513e+02   
    2.28000000e+04     5.70000000e+00     1.10593219e+03     2.99623384e+02     2.31745017e+02     1.15199389e+02   
    2.30000000e+04     5.75000000e+00     1.10592907e+03     3.01996453e+02     2.31098267e+02     1.15684004e+02   
    2.32000000e+04     5.80000000e+00     1.10592689e+03     3.02373743e+02     2.31787736e+02     1.15445938e+02   
    2.34000000e+04     5.85000000e+00     1.10592376e+03     2.98637886e+02     2.30907613e+02     1.15214216e+02   
    2.36000000e+04     5.90000000e+00     1.10592302e+03     3.00118712e+02     2.33311214e+02     1.18199424e+02   
    2.38000000e+04     5.95000000e+00     1.10590970e+03     3.01409185e+02     2.33012823e+02     1.17704065e+02   
    2.40000000e+04     6.00000000e+00     1.10590418e+03     2.99619899e+02     2.31846287e+02     1.16777789e+02   
    2.42000000e+04     6.05000000e+00     1.10591628e+03     2.99815254e+02     2.32139997e+02     1.16914802e+02   
    2.44000000e+04     6.10000000e+00     1.10591779e+03     2.98852562e+02     2.30333924e+02     1.16154887e+02   
    2.46000000e+04     6.15000000e+00     1.10592234e+03     3.00426665e+02     2.31153048e+02     1.16576030e+02   
    2.48000000e+04     6.20000000e+00     1.10591734e+03     2.99478043e+02     2.30455581e+02     1.14616979e+02   
    2.50000000e+04     6.25000000e+00     1.10591378e+03     3.00882319e+02     2.31052806e+02     1.15587523e+02   
    2.52000000e+04     6.30000000e+00     1.10591966e+03     3.00112379e+02     2.31962981e+02     1.15670947e+02   
    2.54000000e+04     6.35000000e+00     1.10591852e+03     3.01650758e+02     2.31755579e+02     1.16228727e+02   
    2.56000000e+04     6.40000000e+00     1.10591221e+03     3.01158154e+02     2.30791763e+02     1.15074291e+02   
    2.58000000e+04     6.45000000e+00     1.10592195e+03     3.00063857e+02     2.31296847e+02     1.16755965e+02   
    2.60000000e+04     6.50000000e+00     1.10593125e+03     3.00183059e+02     2.31434216e+02     1.16146933e+02   
    2.62000000e+04     6.55000000e+00     1.10594785e+03     3.00875659e+02     2.33352386e+02     1.18027415e+02   
    2.64000000e+04     6.60000000e+00     1.10595366e+03     2.99925369e+02     2.31759952e+02     1.17979387e+02   
    2.66000000e+04     6.65000000e+00     1.10596772e+03     2.97889336e+02     2.31759358e+02     1.18100838e+02   
    2.68000000e+04     6.70000000e+00     1.10597572e+03     3.02336449e+02     2.32360281e+02     1.17266908e+02   
    2.70000000e+04     6.75000000e+00     1.10599068e+03     2.96951948e+02     2.33235867e+02     1.18951578e+02   
    2.72000000e+04     6.80000000e+00     1.10598757e+03     2.97175179e+02     2.33340440e+02     1.18364769e+02   
    2.74000000e+04     6.85000000e+00     1.10599152e+03     2.97880130e+02     2.32316251e+02     1.18161066e+02   
    2.76000000e+04     6.90000000e+00     1.10598352e+03     2.98352214e+02     2.31810703e+02     1.17474156e+02   
    2.78000000e+04     6.95000000e+00     1.10598689e+03     3.00088819e+02     2.33648036e+02     1.18277829e+02   
    2.80000000e+04     7.00000000e+00     1.10597685e+03     2.98261138e+02     2.31356982e+02     1.17235572e+02   
    2.82000000e+04     7.05000000e+00     1.10596724e+03     2.96403253e+02     2.32160661e+02     1.18373500e+02   
    2.84000000e+04     7.10000000e+00     1.10596567e+03     2.95702293e+02     2.31425012e+02     1.18296668e+02   
    2.86000000e+04     7.15000000e+00     1.10596647e+03     2.96687241e+02     2.32323155e+02     1.18277355e+02   
    2.88000000e+04     7.20000000e+00     1.10596439e+03     2.98554121e+02     2.33176204e+02     1.19929965e+02   
    2.90000000e+04     7.25000000e+00     1.10596091e+03     2.97764091e+02     2.33374244e+02     1.19439340e+02   
    2.92000000e+04     7.30000000e+00     1.10595672e+03     3.01228492e+02     2.31878421e+02     1.18756934e+02   
    2.94000000e+04     7.35000000e+00     1.10596380e+03     2.98938886e+02     2.32159901e+02     1.17160699e+02   
    2.96000000e+04     7.40000000e+00     1.10596976e+03     3.02256687e+02     2.31093490e+02     1.17314611e+02   
    2.98000000e+04     7.45000000e+00     1.10597225e+03     3.01143006e+02     2.31802596e+02     1.15736575e+02   
    3.00000000e+04     7.50000000e+00     1.10595607e+03     2.98692515e+02     2.31010409e+02     1.15168293e+02   
    3.02000000e+04     7.55000000e+00     1.10597863e+03     2.97529571e+02     2.33042151e+02     1.19511797e+02   
    3.04000000e+04     7.60000000e+00     1.10597109e+03     2.96748969e+02     2.32997716e+02     1.17678763e+02   
    3.06000000e+04     7.65000000e+00     1.10596492e+03     2.96001664e+02     2.30538581e+02     1.16618547e+02   
    3.08000000e+04     7.70000000e+00     1.10597605e+03     3.00239951e+02     2.33353124e+02     1.19734157e+02   
    3.10000000e+04     7.75000000e+00     1.10597252e+03     2.98545621e+02     2.32626153e+02     1.18450524e+02   
    3.12000000e+04     7.80000000e+00     1.10597918e+03     3.00665993e+02     2.31355703e+02     1.18141165e+02   
    3.14000000e+04     7.85000000e+00     1.10599148e+03     3.01099024e+02     2.32598794e+02     1.17897942e+02   
    3.16000000e+04     7.90000000e+00     1.10598751e+03     2.99940636e+02     2.30429926e+02     1.17473282e+02   
    3.18000000e+04     7.95000000e+00     1.10599530e+03     2.98672353e+02     2.29801904e+02     1.14808719e+02   
    3.20000000e+04     8.00000000e+00     1.10602717e+03     2.98615981e+02     2.32055297e+02     1.17195137e+02   
    3.22000000e+04     8.05000000e+00     1.10604452e+03     3.01704803e+02     2.35552252e+02     1.20405386e+02   
    3.24000000e+04     8.10000000e+00     1.10602976e+03     3.02791331e+02     2.32288274e+02     1.18058520e+02   
    3.26000000e+04     8.15000000e+00     1.10602520e+03     3.00577319e+02     2.32249977e+02     1.17838938e+02   
    3.28000000e+04     8.20000000e+00     1.10601941e+03     2.96502861e+02     2.33794587e+02     1.20223775e+02   
    3.30000000e+04     8.25000000e+00     1.10600844e+03     3.01837071e+02     2.32144872e+02     1.17190478e+02   
    3.32000000e+04     8.30000000e+00     1.10599327e+03     3.00432186e+02     2.31380665e+02     1.17752777e+02   
    3.34000000e+04     8.35000000e+00     1.10600099e+03     3.02019709e+02     2.32035224e+02     1.17300904e+02   
    3.36000000e+04     8.40000000e+00     1.10601787e+03     3.02238788e+02     2.33710986e+02     1.19513316e+02   
    3.38000000e+04     8.45000000e+00     1.10601823e+03     2.97705573e+02     2.31005664e+02     1.16558324e+02   
    3.40000000e+04     8.50000000e+00     1.10601420e+03     3.01005486e+02     2.31310220e+02     1.16863549e+02   
    3.42000000e+04     8.55000000e+00     1.10601022e+03     3.00314192e+02     2.31591312e+02     1.16321407e+02   
    3.44000000e+04     8.60000000e+00     1.10603215e+03     3.01861239e+02     2.33473200e+02     1.19085375e+02   
    3.46000000e+04     8.65000000e+00     1.10602086e+03     3.02240860e+02     2.29966169e+02     1.15954861e+02   
    3.48000000e+04     8.70000000e+00     1.10604392e+03     2.98226265e+02     2.33519566e+02     1.18895088e+02   
    3.50000000e+04     8.75000000e+00     1.10605620e+03     2.97612678e+02     2.35257368e+02     1.22030395e+02   
    3.52000000e+04     8.80000000e+00     1.10604385e+03     3.02170348e+02     2.29997189e+02     1.15346537e+02   
    3.54000000e+04     8.85000000e+00     1.10604176e+03     3.01429351e+02     2.30786787e+02     1.16242763e+02   
    3.56000000e+04     8.90000000e+00     1.10605000e+03     2.98164711e+02     2.31441390e+02     1.17611448e+02   
    3.58000000e+04     8.95000000e+00     1.10605296e+03     2.97189719e+02     2.31110339e+02     1.17383916e+02   
    3.60000000e+04     9.00000000e+00     1.10606283e+03     2.98467518e+02     2.31606173e+02     1.18622226e+02   
    3.62000000e+04     9.05000000e+00     1.10606106e+03     2.96086951e+02     2.31489438e+02     1.19064259e+02   
    3.64000000e+04     9.10000000e+00     1.10606948e+03     3.01010523e+02     2.32468376e+02     1.19225070e+02   
    3.66000000e+04     9.15000000e+00     1.10606750e+03     2.99635904e+02     2.30484729e+02     1.17103964e+02   
    3.68000000e+04     9.20000000e+00     1.10607699e+03     3.01595526e+02     2.31206246e+02     1.17456096e+02   
    3.70000000e+04     9.25000000e+00     1.10608270e+03     3.00486091e+02     2.29814099e+02     1.17134878e+02   
    3.72000000e+04     9.30000000e+00     1.10608225e+03     3.01936253e+02     2.29544703e+02     1.16207409e+02   
    3.74000000e+04     9.35000000e+00     1.10608606e+03     2.97739134e+02     2.31340615e+02     1.17060933e+02   
    3.76000000e+04     9.40000000e+00     1.10609695e+03     2.99318529e+02     2.33507665e+02     1.20546417e+02   
    3.78000000e+04     9.45000000e+00     1.10607460e+03     3.01517569e+02     2.31965465e+02     1.19173362e+02   
    3.80000000e+04     9.50000000e+00     1.10607428e+03     2.97740603e+02     2.32568640e+02     1.20035299e+02   
    3.82000000e+04     9.55000000e+00     1.10606863e+03     3.00801943e+02     2.29985028e+02     1.16559812e+02   
    3.84000000e+04     9.60000000e+00     1.10607655e+03     3.01882630e+02     2.31668305e+02     1.18744062e+02   
    3.86000000e+04     9.65000000e+00     1.10607978e+03     2.98234506e+02     2.31424819e+02     1.18864698e+02   
    3.88000000e+04     9.70000000e+00     1.10609339e+03     2.98591425e+02     2.33482785e+02     1.21214817e+02   
    3.90000000e+04     9.75000000e+00     1.10610245e+03     3.01549153e+02     2.33771418e+02     1.20453430e+02   
    3.92000000e+04     9.80000000e+00     1.10611392e+03     3.02100361e+02     2.32646243e+02     1.19295336e+02   
    3.94000000e+04     9.85000000e+00     1.10610235e+03     2.99719698e+02     2.31432621e+02     1.17807809e+02   
    3.96000000e+04     9.90000000e+00     1.10610699e+03     3.01709635e+02     2.31109904e+02     1.17805195e+02   
    3.98000000e+04     9.95000000e+00     1.10612013e+03     2.97315754e+02     2.32115153e+02     1.19776990e+02   
    4.00000000e+04     1.00000000e+01     1.10611754e+03     3.01009410e+02     2.31330675e+02     1.20129528e+02   
    4.02000000e+04     1.00500000e+01     1.10611727e+03     2.99295617e+02     2.31764610e+02     1.19692742e+02   
    4.04000000e+04     1.01000000e+01     1.10611908e+03     3.00418666e+02     2.31366524e+02     1.19741752e+02   
    4.06000000e+04     1.01500000e+01     1.10613055e+03     2.98668981e+02     2.32804243e+02     1.21296198e+02   
    4.08000000e+04     1.02000000e+01     1.10613490e+03     3.00227347e+02     2.32087745e+02     1.19508315e+02   
    4.10000000e+04     1.02500000e+01     1.10613273e+03     2.97768641e+02     2.30316145e+02     1.18241201e+02   
    4.12000000e+04     1.03000000e+01     1.10614079e+03     2.99218157e+02     2.32503187e+02     1.19186010e+02   
    4.14000000e+04     1.03500000e+01     1.10616190e+03     2.97860077e+02     2.31089170e+02     1.17418199e+02   
    4.16000000e+04     1.04000000e+01     1.10616538e+03     3.00368141e+02     2.32217351e+02     1.19168611e+02   
    4.18000000e+04     1.04500000e+01     1.10617011e+03     2.99348918e+02     2.32174882e+02     1.21268250e+02   
    4.20000000e+04     1.05000000e+01     1.10616666e+03     3.01105910e+02     2.31535444e+02     1.20887731e+02   
    4.22000000e+04     1.05500000e+01     1.10615959e+03     2.99300119e+02     2.30443290e+02     1.18617254e+02   
    4.24000000e+04     1.06000000e+01     1.10616368e+03     2.98888501e+02     2.32380976e+02     1.21056825e+02   
    4.26000000e+04     1.06500000e+01     1.10616438e+03     3.01874161e+02     2.33794281e+02     1.21543713e+02   
    4.28000000e+04     1.07000000e+01     1.10614850e+03     3.02533992e+02     2.31144052e+02     1.19422631e+02   
    4.30000000e+04     1.07500000e+01     1.10613651e+03     2.98462698e+02     2.31856526e+02     1.19660132e+02   
    4.32000000e+04     1.08000000e+01     1.10613183e+03     2.99260648e+02     2.31637759e+02     1.20201488e+02   
    4.34000000e+04     1.08500000e+01     1.10613305e+03     3.00832441e+02     2.30994481e+02     1.19617098e+02   
    4.36000000e+04     1.09000000e+01     1.10614420e+03     2.97504911e+02     2.33027693e+02     1.22578507e+02   
    4.38000000e+04     1.09500000e+01     1.10615470e+03     2.98135208e+02     2.32391451e+02     1.22539108e+02   
    4.40000000e+04     1.10000000e+01     1.10615456e+03     2.98151223e+02     2.32403592e+02     1.20700592e+02   
    4.42000000e+04     1.10500000e+01     1.10614697e+03     2.99444344e+02     2.30757679e+02     1.19681005e+02   
    4.44000000e+04     1.11000000e+01     1.10614083e+03     3.01581430e+02     2.30750001e+02     1.18184916e+02   
    4.46000000e+04     1.11500000e+01     1.10613070e+03     2.96925073e+02     2.29146113e+02     1.18451026e+02   
    4.48000000e+04     1.12000000e+01     1.10613911e+03     2.99815113e+02     2.32037488e+02     1.20508291e+02   
    4.50000000e+04     1.12500000e+01     1.10614336e+03     3.01101984e+02     2.32255942e+02     1.20584747e+02   
    4.52000000e+04     1.13000000e+01     1.10613922e+03     3.01223673e+02     2.32045298e+02     1.20021775e+02   
    4.54000000e+04     1.13500000e+01     1.10612701e+03     2.99549485e+02     2.32011364e+02     1.20316178e+02   
    4.56000000e+04     1.14000000e+01     1.10611937e+03     2.98487142e+02     2.30669176e+02     1.19552575e+02   
    4.58000000e+04     1.14500000e+01     1.10612907e+03     2.99055503e+02     2.32040534e+02     1.20480399e+02   
    4.60000000e+04     1.15000000e+01     1.10612304e+03     2.95216958e+02     2.29660356e+02     1.18277567e+02   
    4.62000000e+04     1.15500000e+01     1.10612863e+03     2.96438139e+02     2.32820232e+02     1.20266757e+02   
    4.64000000e+04     1.16000000e+01     1.10612681e+03     3.01298020e+02     2.31601427e+02     1.18666151e+02   
    4.66000000e+04     1.16500000e+01     1.10613029e+03     2.97088631e+02     2.32194860e+02     1.19572441e+02   
    4.68000000e+04     1.17000000e+01     1.10613407e+03     2.99393092e+02     2.32417168e+02     1.19781526e+02   
    4.70000000e+04     1.17500000e+01     1.10613709e+03     2.99637952e+02     2.31103191e+02     1.18672655e+02   
    4.72000000e+04     1.18000000e+01     1.10613558e+03     2.99916893e+02     2.30621115e+02     1.17241421e+02   
    4.74000000e+04     1.18500000e+01     1.10613484e+03     2.98297050e+02     2.30948695e+02     1.15287649e+02   
    4.76000000e+04     1.19000000e+01     1.10612233e+03     3.01107313e+02     2.31835403e+02     1.18643147e+02   
    4.78000000e+04     1.19500000e+01     1.10611108e+03     2.97667807e+02     2.30108608e+02     1.17242255e+02   
    4.80000000e+04     1.20000000e+01     1.10611448e+03     2.98114243e+02     2.32941798e+02     1.19885840e+02   
    4.82000000e+04     1.20500000e+01     1.10611505e+03     2.97808243e+02     2.31260276e+02     1.18711701e+02   
    4.84000000e+04     1.21000000e+01     1.10612611e+03     2.96417052e+02     2.31213614e+02     1.18246277e+02   
    4.86000000e+04     1.21500000e+01     1.10613344e+03     2.97601358e+02     2.31358772e+02     1.18876010e+02   
    4.88000000e+04     1.22000000e+01     1.10614107e+03     2.96804896e+02     2.31916149e+02     1.18529367e+02   
    4.90000000e+04     1.22500000e+01     1.10613093e+03     2.97256088e+02     2.29591172e+02     1.16722897e+02   
    4.92000000e+04     1.23000000e+01     1.10613634e+03     3.00079170e+02     2.31529161e+02     1.17214790e+02   
    4.94000000e+04     1.23500000e+01     1.10613810e+03     2.98643793e+02     2.32128324e+02     1.19358278e+02   
    4.96000000e+04     1.24000000e+01     1.10614177e+03     2.98849645e+02     2.30640901e+02     1.16379856e+02   
    4.98000000e+04     1.24500000e+01     1.10615577e+03     2.98880145e+02     2.32199243e+02     1.19582097e+02   
    5.00000000e+04     1.25000000e+01     1.10616381e+03     2.94418513e+02     2.32120057e+02     1.18551493e+02   
    5.02000000e+04     1.25500000e+01     1.10616259e+03     2.98502709e+02     2.32344862e+02     1.18646294e+02   
    5.04000000e+04     1.26000000e+01     1.10617875e+03     2.98434982e+02     2.35141924e+02     1.22112643e+02   
    5.06000000e+04     1.26500000e+01     1.10616105e+03     2.99299189e+02     2.31003447e+02     1.19586259e+02   
    5.08000000e+04     1.27000000e+01     1.10617306e+03     2.96968652e+02     2.31952641e+02     1.20375403e+02   
    5.10000000e+04     1.27500000e+01     1.10616493e+03     2.99579754e+02     2.30859622e+02     1.19443531e+02   
    5.12000000e+04     1.28000000e+01     1.10615751e+03     2.98759691e+02     2.30749429e+02     1.17918520e+02   
    5.14000000e+04     1.28500000e+01     1.10614749e+03     2.99605285e+02     2.30114084e+02     1.17243323e+02   
    5.16000000e+04     1.29000000e+01     1.10614734e+03     3.00136739e+02     2.30294241e+02     1.16631743e+02   
    5.18000000e+04     1.29500000e+01     1.10616442e+03     2.99418498e+02     2.32619192e+02     1.19511474e+02   
    5.20000000e+04     1.30000000e+01     1.10616617e+03     2.96498751e+02     2.33374197e+02     1.19161813e+02   
    5.22000000e+04     1.30500000e+01     1.10616242e+03     3.00913833e+02     2.32419577e+02     1.17321504e+02   
    5.24000000e+04     1.31000000e+01     1.10615866e+03     2.99827225e+02     2.29522176e+02     1.15761476e+02   
    5.26000000e+04     1.31500000e+01     1.10618313e+03     2.98083342e+02     2.31901255e+02     1.17767918e+02   
    5.28000000e+04     1.32000000e+01     1.10617498e+03     3.02794596e+02     2.31836142e+02     1.18962302e+02   
    5.30000000e+04     1.32500000e+01     1.10617193e+03     2.98095118e+02     2.31749561e+02     1.17723011e+02   
    5.32000000e+04     1.33000000e+01     1.10616998e+03     3.00838892e+02     2.32361138e+02     1.20077534e+02   
    5.34000000e+04     1.33500000e+01     1.10616948e+03     3.01657500e+02     2.30630630e+02     1.17605217e+02   
    5.36000000e+04     1.34000000e+01     1.10617778e+03     2.99332610e+02     2.33733303e+02     1.21633837e+02   
    5.38000000e+04     1.34500000e+01     1.10617338e+03     2.99406396e+02     2.31801271e+02     1.18167588e+02   
    5.40000000e+04     1.35000000e+01     1.10617432e+03     3.00124099e+02     2.31190867e+02     1.18298019e+02   
    5.42000000e+04     1.35500000e+01     1.10617085e+03     3.01267077e+02     2.30819566e+02     1.16571548e+02   
    5.44000000e+04     1.36000000e+01     1.10617323e+03     2.98301882e+02     2.32082905e+02     1.18723410e+02   
    5.46000000e+04     1.36500000e+01     1.10616675e+03     2.94913286e+02     2.32412296e+02     1.19443254e+02   
    5.48000000e+04     1.37000000e+01     1.10615345e+03     2.97952106e+02     2.31650366e+02     1.18820926e+02   
    5.50000000e+04     1.37500000e+01     1.10615108e+03     3.00079860e+02     2.32073382e+02     1.17554518e+02   
    5.52000000e+04     1.38000000e+01     1.10616048e+03     2.96911650e+02     2.32927099e+02     1.19126173e+02   
    5.54000000e+04     1.38500000e+01     1.10616028e+03     2.98191488e+02     2.31991177e+02     1.17038781e+02   
    5.56000000e+04     1.39000000e+01     1.10617103e+03     3.02389615e+02     2.31376188e+02     1.16713546e+02   
    5.58000000e+04     1.39500000e+01     1.10617852e+03     2.98537566e+02     2.33516051e+02     1.18842741e+02   
    5.60000000e+04     1.40000000e+01     1.10618434e+03     3.00719233e+02     2.32290559e+02     1.18662064e+02   
    5.62000000e+04     1.40500000e+01     1.10618036e+03     2.99202561e+02     2.32120355e+02     1.19944507e+02   
    5.64000000e+04     1.41000000e+01     1.10619005e+03     3.00110834e+02     2.30948309e+02     1.18709918e+02   
    5.66000000e+04     1.41500000e+01     1.10620459e+03     2.99060923e+02     2.32933302e+02     1.20220551e+02   
    5.68000000e+04     1.42000000e+01     1.10620678e+03     2.99218455e+02     2.31630234e+02     1.18393259e+02   
    5.70000000e+04     1.42500000e+01     1.10621150e+03     2.99899919e+02     2.31238158e+02     1.18903339e+02   
    5.72000000e+04     1.43000000e+01     1.10622451e+03     2.99613388e+02     2.32631969e+02     1.19883006e+02   
    5.74000000e+04     1.43500000e+01     1.10621388e+03     2.99338061e+02     2.31102323e+02     1.18720800e+02   
    5.76000000e+04     1.44000000e+01     1.10620202e+03     2.97404108e+02     2.31785442e+02     1.18006037e+02   
    5.78000000e+04     1.44500000e+01     1.10619164e+03     2.97290868e+02     2.33758182e+02     1.20992986e+02   
    5.80000000e+04     1.45000000e+01     1.10617692e+03     2.98891550e+02     2.30943919e+02     1.17429792e+02   
    5.82000000e+04     1.45500000e+01     1.10617550e+03     2.97368474e+02     2.32068343e+02     1.19745101e+02   
    5.84000000e+04     1.46000000e+01     1.10616598e+03     2.99470399e+02     2.32154722e+02     1.17213860e+02   
    5.86000000e+04     1.46500000e+01     1.10617450e+03     3.01505213e+02     2.32530829e+02     1.17075774e+02   
    5.88000000e+04     1.47000000e+01     1.10618066e+03     2.97058663e+02     2.31333776e+02     1.18062463e+02   
    5.90000000e+04     1.47500000e+01     1.10618494e+03     2.98818038e+02     2.31802485e+02     1.20513724e+02   
    5.92000000e+04     1.48000000e+01     1.10619088e+03     2.95144159e+02     2.32189595e+02     1.20565342e+02   
    5.94000000e+04     1.48500000e+01     1.10619148e+03     2.95182952e+02     2.32268357e+02     1.21212838e+02   
    5.96000000e+04     1.49000000e+01     1.10618912e+03     3.01267405e+02     2.31357491e+02     1.20517921e+02   
    5.98000000e+04     1.49500000e+01     1.10618799e+03     3.00081972e+02     2.32060294e+02     1.21438484e+02   
    6.00000000e+04     1.50000000e+01     1.10618933e+03     2.99473939e+02     2.31894557e+02     1.19442402e+02   
    6.02000000e+04     1.50500000e+01     1.10618118e+03     2.97809530e+02     2.30870069e+02     1.18300232e+02   
    6.04000000e+04     1.51000000e+01     1.10617301e+03     2.99578050e+02     2.31455469e+02     1.18227202e+02   
    6.06000000e+04     1.51500000e+01     1.10617260e+03     3.00004712e+02     2.31908618e+02     1.19892014e+02   
    6.08000000e+04     1.52000000e+01     1.10616779e+03     2.99656999e+02     2.30336356e+02     1.17266352e+02   
    6.10000000e+04     1.52500000e+01     1.10618439e+03     2.97752113e+02     2.32963047e+02     1.20706922e+02   
    6.12000000e+04     1.53000000e+01     1.10618442e+03     2.98766834e+02     2.33078268e+02     1.21102398e+02   
    6.14000000e+04     1.53500000e+01     1.10617794e+03     2.99962105e+02     2.32396632e+02     1.20871334e+02   
    6.16000000e+04     1.54000000e+01     1.10616489e+03     2.98831229e+02     2.31151346e+02     1.19122007e+02   
    6.18000000e+04     1.54500000e+01     1.10617823e+03     2.98627659e+02     2.32075037e+02     1.21917952e+02   
    6.20000000e+04     1.55000000e+01     1.10618549e+03     3.04722801e+02     2.30690299e+02     1.18635793e+02   
    6.22000000e+04     1.55500000e+01     1.10619475e+03     3.01572353e+02     2.31264380e+02     1.19937654e+02   
    6.24000000e+04     1.56000000e+01     1.10620293e+03     3.02905352e+02     2.32301537e+02     1.19257170e+02   
    6.26000000e+04     1.56500000e+01     1.10621079e+03     2.99270180e+02     2.31534524e+02     1.18978079e+02   
    6.28000000e+04     1.57000000e+01     1.10620887e+03     2.99820504e+02     2.31890256e+02     1.18763593e+02   
    6.30000000e+04     1.57500000e+01     1.10620416e+03     3.00840029e+02     2.31976837e+02     1.18643471e+02   
    6.32000000e+04     1.58000000e+01     1.10619382e+03     3.00548161e+02     2.32406157e+02     1.19552288e+02   
    6.34000000e+04     1.58500000e+01     1.10617985e+03     3.01979314e+02     2.30975736e+02     1.16794736e+02   
    6.36000000e+04     1.59000000e+01     1.10617990e+03     2.99961682e+02     2.32509878e+02     1.19232866e+02   
    6.38000000e+04     1.59500000e+01     1.10618179e+03     2.97574701e+02     2.31738046e+02     1.19436093e+02   
    6.40000000e+04     1.60000000e+01     1.10616812e+03     2.99717113e+02     2.30432685e+02     1.18638269e+02   
    6.42000000e+04     1.60500000e+01     1.10615889e+03     2.99226543e+02     2.29690404e+02     1.16901287e+02   
    6.44000000e+04     1.61000000e+01     1.10615946e+03     3.04672068e+02     2.31368511e+02     1.18570336e+02   
    6.46000000e+04     1.61500000e+01     1.10615986e+03     2.99887670e+02     2.31818151e+02     1.19582316e+02   
    6.48000000e+04     1.62000000e+01     1.10618667e+03     3.02095070e+02     2.34120301e+02     1.22726729e+02   
    6.50000000e+04     1.62500000e+01     1.10616991e+03     2.98840211e+02     2.32580676e+02     1.22154980e+02   
    6.52000000e+04     1.63000000e+01     1.10615830e+03     2.98903489e+02     2.32964955e+02     1.18739743e+02   
    6.54000000e+04     1.63500000e+01     1.10613507e+03     2.98067500e+02     2.29826523e+02     1.16402623e+02   
    6.56000000e+04     1.64000000e+01     1.10612156e+03     3.04374798e+02     2.31049433e+02     1.16516006e+02   
    6.58000000e+04     1.64500000e+01     1.10611181e+03     3.01360172e+02     2.30883673e+02     1.16453578e+02   
    6.60000000e+04     1.65000000e+01     1.10611502e+03     3.01491260e+02     2.30205739e+02     1.15117115e+02   
    6.62000000e+04     1.65500000e+01     1.10612645e+03     3.02031503e+02     2.32581283e+02     1.19085469e+02   
    6.64000000e+04     1.66000000e+01     1.10612818e+03     3.01188723e+02     2.33471195e+02     1.19710658e+02   
    6.66000000e+04     1.66500000e+01     1.10611527e+03     3.00370491e+02     2.32011984e+02     1.17236489e+02   
    6.68000000e+04     1.67000000e+01     1.10610304e+03     2.99320973e+02     2.31020652e+02     1.16387869e+02   
    6.70000000e+04     1.67500000e+01     1.10608978e+03     2.99938920e+02     2.30618950e+02     1.16040134e+02   
    6.72000000e+04     1.68000000e+01     1.10608012e+03     2.96834010e+02     2.30832925e+02     1.16406370e+02   
    6.74000000e+04     1.68500000e+01     1.10607820e+03     2.97378467e+02     2.31082973e+02     1.17042184e+02   
    6.76000000e+04     1.69000000e+01     1.10609069e+03     2.99847015e+02     2.33581402e+02     1.18996541e+02   
    6.78000000e+04     1.69500000e+01     1.10609056e+03     3.01720564e+02     2.32696124e+02     1.18285253e+02   
    6.80000000e+04     1.70000000e+01     1.10608863e+03     3.00785901e+02     2.32166671e+02     1.17205950e+02   
    6.82000000e+04     1.70500000e+01     1.10609721e+03     2.96218835e+02     2.32220501e+02     1.18657364e+02   
    6.84000000e+04     1.71000000e+01     1.10610487e+03     3.02142714e+02     2.31295177e+02     1.17457700e+02   
    6.86000000e+04     1.71500000e+01     1.10610576e+03     2.99049151e+02     2.30863731e+02     1.18277652e+02   
    6.88000000e+04     1.72000000e+01     1.10611781e+03     3.00621023e+02     2.32478605e+02     1.19859755e+02   
    6.90000000e+04     1.72500000e+01     1.10610919e+03     3.01467933e+02     2.31542548e+02     1.20142490e+02   
    6.92000000e+04     1.73000000e+01     1.10608281e+03     2.99707665e+02     2.29853198e+02     1.18328855e+02   
    6.94000000e+04     1.73500000e+01     1.10607877e+03     2.98650421e+02     2.32069008e+02     1.20461377e+02   
    6.96000000e+04     1.74000000e+01     1.10607257e+03     2.94769584e+02     2.30569511e+02     1.18612454e+02   
    6.98000000e+04     1.74500000e+01     1.10608450e+03     2.99107370e+02     2.31285336e+02     1.18394688e+02   
    7.00000000e+04     1.75000000e+01     1.10607211e+03     2.96672918e+02     2.30710659e+02     1.18725231e+02   
    7.02000000e+04     1.75500000e+01     1.10608852e+03     2.97625043e+02     2.32599081e+02     1.19759852e+02   
    7.04000000e+04     1.76000000e+01     1.10610905e+03     2.99109488e+02     2.32587535e+02     1.19729986e+02   
    7.06000000e+04     1.76500000e+01     1.10611153e+03     3.01984772e+02     2.31085099e+02     1.17530295e+02   
    7.08000000e+04     1.77000000e+01     1.10610150e+03     2.99412180e+02     2.30729240e+02     1.18276403e+02   
    7.10000000e+04     1.77500000e+01     1.10610345e+03     2.98320615e+02     2.31924026e+02     1.18646429e+02   
    7.12000000e+04     1.78000000e+01     1.10610176e+03     2.98494802e+02     2.31699105e+02     1.18539923e+02   
    7.14000000e+04     1.78500000e+01     1.10611093e+03     2.99986309e+02     2.31482276e+02     1.18316464e+02   
    7.16000000e+04     1.79000000e+01     1.10611270e+03     2.99994988e+02     2.30235430e+02     1.16251794e+02   
    7.18000000e+04     1.79500000e+01     1.10612927e+03     2.96988414e+02     2.32415072e+02     1.19428570e+02   
    7.20000000e+04     1.80000000e+01     1.10612436e+03     2.99324360e+02     2.33255897e+02     1.20374256e+02   
    7.22000000e+04     1.80500000e+01     1.10612169e+03     2.94968995e+02     2.32126725e+02     1.18382042e+02   
    7.24000000e+04     1.81000000e+01     1.10611775e+03     2.98286637e+02     2.31063808e+02     1.17241426e+02   
    7.26000000e+04     1.81500000e+01     1.10611567e+03     2.97569364e+02     2.31228978e+02     1.17966141e+02   
    7.28000000e+04     1.82000000e+01     1.10609859e+03     2.98810017e+02     2.30736108e+02     1.16214010e+02   
    7.30000000e+04     1.82500000e+01     1.10609358e+03     2.99478203e+02     2.31169731e+02     1.18679407e+02   
    7.32000000e+04     1.83000000e+01     1.10608570e+03     2.98929957e+02     2.31664122e+02     1.16887023e+02   
    7.34000000e+04     1.83500000e+01     1.10609371e+03     2.96945586e+02     2.35108462e+02     1.21878195e+02   
    7.36000000e+04     1.84000000e+01     1.10608765e+03     2.99516359e+02     2.32795855e+02     1.18178518e+02   
    7.38000000e+04     1.84500000e+01     1.10608586e+03     2.96661754e+02     2.31465167e+02     1.17569231e+02   
    7.40000000e+04     1.85000000e+01     1.10609763e+03     3.00886674e+02     2.33136827e+02     1.18021346e+02   
    7.42000000e+04     1.85500000e+01     1.10608795e+03     2.98521835e+02     2.31884793e+02     1.17192067e+02   
    7.44000000e+04     1.86000000e+01     1.10607546e+03     3.01089187e+02     2.30611701e+02     1.16038861e+02   
    7.46000000e+04     1.86500000e+01     1.10609193e+03     2.98540522e+02     2.32519887e+02     1.18918524e+02   
    7.48000000e+04     1.87000000e+01     1.10608924e+03     2.99734207e+02     2.32473381e+02     1.17493564e+02   
    7.50000000e+04     1.87500000e+01     1.10609876e+03     2.98291402e+02     2.30933406e+02     1.16170964e+02   
    7.52000000e+04     1.88000000e+01     1.10610366e+03     2.99546326e+02     2.30816752e+02     1.14936754e+02   
    7.54000000e+04     1.88500000e+01     1.10609295e+03     3.00505853e+02     2.30227545e+02     1.13414259e+02   
    7.56000000e+04     1.89000000e+01     1.10609646e+03     2.99911895e+02     2.31127332e+02     1.14788252e+02   
    7.58000000e+04     1.89500000e+01     1.10610641e+03     2.98650264e+02     2.32450272e+02     1.17366248e+02   
    7.60000000e+04     1.90000000e+01     1.10610078e+03     3.01446710e+02     2.31996484e+02     1.16214183e+02   
    7.62000000e+04     1.90500000e+01     1.10609558e+03     3.02656663e+02     2.32553156e+02     1.16820873e+02   
    7.64000000e+04     1.91000000e+01     1.10608377e+03     3.01792842e+02     2.30691677e+02     1.15582267e+02   
    7.66000000e+04     1.91500000e+01     1.10608790e+03     3.01044009e+02     2.31207545e+02     1.16004293e+02   
    7.68000000e+04     1.92000000e+01     1.10609411e+03     3.00848831e+02     2.33244327e+02     1.18597011e+02   
    7.70000000e+04     1.92500000e+01     1.10609202e+03     3.00091854e+02     2.30929749e+02     1.16442804e+02   
    7.72000000e+04     1.93000000e+01     1.10611550e+03     3.01218220e+02     2.32858020e+02     1.17341808e+02   
    7.74000000e+04     1.93500000e+01     1.10611879e+03     2.99930307e+02     2.31022241e+02     1.18306513e+02   
    7.76000000e+04     1.94000000e+01     1.10612832e+03     2.99601710e+02     2.31492954e+02     1.17648432e+02   
    7.78000000e+04     1.94500000e+01     1.10613376e+03     2.95543296e+02     2.32401062e+02     1.18643427e+02   
    7.80000000e+04     1.95000000e+01     1.10613001e+03     3.02442880e+02     2.31227306e+02     1.16544524e+02   
    7.82000000e+04     1.95500000e+01     1.10611832e+03     3.03236310e+02     2.32635789e+02     1.17441602e+02   
    7.84000000e+04     1.96000000e+01     1.10611032e+03     3.03557581e+02     2.31331985e+02     1.15983232e+02   
    7.86000000e+04     1.96500000e+01     1.10611761e+03     3.00754270e+02     2.30939162e+02     1.14950683e+02   
    7.88000000e+04     1.97000000e+01     1.10614663e+03     2.99644019e+02     2.33660365e+02     1.18763984e+02   
    7.90000000e+04     1.97500000e+01     1.10614386e+03     3.02189191e+02     2.32064105e+02     1.17119717e+02   
    7.92000000e+04     1.98000000e+01     1.10614941e+03     3.00260024e+02     2.30968971e+02     1.16997333e+02   
    7.94000000e+04     1.98500000e+01     1.10614529e+03     3.01789887e+02     2.30463802e+02     1.16729737e+02   
    7.96000000e+04     1.99000000e+01     1.10614785e+03     3.01000554e+02     2.31214205e+02     1.17483928e+02   
    7.98000000e+04     1.99500000e+01     1.10614949e+03     2.99155201e+02     2.30912952e+02     1.17182095e+02   
    8.00000000e+04     2.00000000e+01     1.10615461e+03     2.99465030e+02     2.32217791e+02     1.17879885e+02   
