# column   1     --> step : The current simulation time step.
# column   2     --> time{picosecond} : The elapsed simulation time.
# column   3     --> conserved{electronvolt} : The value of the conserved energy quantity per bead.
# column   4     --> temperature{kelvin} : The current temperature, as obtained from the MD kinetic energy.
# column   5     --> kinetic_cv{electronvolt} : The centroid-virial quantum kinetic energy of the physical system.
# column   6     --> potential{electronvolt} : The physical system potential energy.
    0.00000000e+00     0.00000000e+00     1.10109011e+03     3.04428649e+02     2.31773540e+02     1.16884741e+02   
    2.00000000e+02     5.00000000e-02     1.10108013e+03     2.99937410e+02     2.31366588e+02     1.17398146e+02   
    4.00000000e+02     1.00000000e-01     1.10108047e+03     2.99947193e+02     2.32511465e+02     1.17454451e+02   
    6.00000000e+02     1.50000000e-01     1.10108749e+03     2.99279744e+02     2.32121145e+02     1.17312601e+02   
    8.00000000e+02     2.00000000e-01     1.10110031e+03     2.96339872e+02     2.32568656e+02     1.19213251e+02   
    1.00000000e+03     2.50000000e-01     1.10109193e+03     2.99446595e+02     2.32668609e+02     1.16727739e+02   
    1.20000000e+03     3.00000000e-01     1.10108980e+03     2.99699490e+02     2.33222731e+02     1.16610818e+02   
    1.40000000e+03     3.50000000e-01     1.10109288e+03     3.02914889e+02     2.32070721e+02     1.15205253e+02   
    1.60000000e+03     4.00000000e-01     1.10109154e+03     2.96050505e+02     2.31517500e+02     1.14890094e+02   
    1.80000000e+03     4.50000000e-01     1.10110090e+03     2.97663083e+02     2.30844250e+02     1.14747936e+02   
    2.00000000e+03     5.00000000e-01     1.10111151e+03     3.00599316e+02     2.32819714e+02     1.16731624e+02   
    2.20000000e+03     5.50000000e-01     1.10110127e+03     2.97809947e+02     2.30964526e+02     1.14399645e+02   
    2.40000000e+03     6.00000000e-01     1.10110899e+03     2.97014216e+02     2.31418328e+02     1.14870795e+02   
    2.60000000e+03     6.50000000e-01     1.10111999e+03     2.96725614e+02     2.30658574e+02     1.14870848e+02   
    2.80000000e+03     7.00000000e-01     1.10112165e+03     2.99652979e+02     2.30815289e+02     1.14839337e+02   
    3.00000000e+03     7.50000000e-01     1.10113157e+03     2.97516967e+02     2.31246485e+02     1.15304756e+02   
    3.20000000e+03     8.00000000e-01     1.10114217e+03     2.99637585e+02     2.31422412e+02     1.16864377e+02   
    3.40000000e+03     8.50000000e-01     1.10114922e+03     3.02120360e+02     2.33618857e+02     1.18305098e+02   
    3.60000000e+03     9.00000000e-01     1.10114421e+03     2.99511154e+02     2.31415403e+02     1.16092364e+02   
    3.80000000e+03     9.50000000e-01     1.10112445e+03     2.96678772e+02     2.31122651e+02     1.15734141e+02   
    4.00000000e+03     1.00000000e+00     1.10112424e+03     2.98349116e+02     2.31597761e+02     1.16783318e+02   
    4.20000000e+03     1.05000000e+00     1.10112010e+03     2.98672107e+02     2.31952620e+02     1.17211357e+02   
    4.40000000e+03     1.10000000e+00     1.10110904e+03     2.98086260e+02     2.30759096e+02     1.14914481e+02   
    4.60000000e+03     1.15000000e+00     1.10111867e+03     2.97850142e+02     2.33447452e+02     1.18536543e+02   
    4.80000000e+03     1.20000000e+00     1.10112537e+03     2.98325259e+02     2.31045740e+02     1.14972039e+02   
    5.00000000e+03     1.25000000e+00     1.10114602e+03     2.99839703e+02     2.30900726e+02     1.14316310e+02   
    5.20000000e+03     1.30000000e+00     1.10116489e+03     3.00447219e+02     2.31789929e+02     1.15191172e+02   
    5.40000000e+03     1.35000000e+00     1.10116937e+03     3.00443361e+02     2.31167366e+02     1.14812274e+02   
    5.60000000e+03     1.40000000e+00     1.10116926e+03     2.97347405e+02     2.32285265e+02     1.16724422e+02   
    5.80000000e+03     1.45000000e+00     1.10115537e+03     2.95999474e+02     2.30439009e+02     1.15666165e+02   
    6.00000000e+03     1.50000000e+00     1.10115872e+03     2.98785426e+02     2.33031404e+02     1.17367432e+02   
    6.20000000e+03     1.55000000e+00     1.10115081e+03     3.00086867e+02     2.30628975e+02     1.14594449e+02   
    6.40000000e+03     1.60000000e+00     1.10116005e+03     2.99792657e+02     2.31721190e+02     1.15139108e+02   
    6.60000000e+03     1.65000000e+00     1.10115803e+03     3.04661416e+02     2.33035626e+02     1.16512255e+02   
    6.80000000e+03     1.70000000e+00     1.10116580e+03     3.00985265e+02     2.33017280e+02     1.15372941e+02   
    7.00000000e+03     1.75000000e+00     1.10116815e+03     2.99342671e+02     2.31056938e+02     1.15621931e+02   
    7.20000000e+03     1.80000000e+00     1.10116216e+03     2.97713275e+02     2.32405264e+02     1.16894137e+02   
    7.40000000e+03     1.85000000e+00     1.10114225e+03     2.99176749e+02     2.31602462e+02     1.15933731e+02   
    7.60000000e+03     1.90000000e+00     1.10113165e+03     2.98030053e+02     2.31238382e+02     1.15284657e+02   
    7.80000000e+03     1.95000000e+00     1.10112725e+03     2.98696538e+02     2.33472807e+02     1.18394120e+02   
    8.00000000e+03     2.00000000e+00     1.10112258e+03     3.02508721e+02     2.33035770e+02     1.17104912e+02   
    8.20000000e+03     2.05000000e+00     1.10111703e+03     3.01926018e+02     2.31896303e+02     1.14843494e+02   
    8.40000000e+03     2.10000000e+00     1.10111179e+03     3.01266740e+02     2.31408433e+02     1.15090639e+02   
    8.60000000e+03     2.15000000e+00     1.10110353e+03     2.98757816e+02     2.32180854e+02     1.16730540e+02   
    8.80000000e+03     2.20000000e+00     1.10110779e+03     2.99892412e+02     2.32483900e+02     1.18225456e+02   
    9.00000000e+03     2.25000000e+00     1.10110955e+03     3.00613728e+02     2.30732261e+02     1.16641985e+02   
    9.20000000e+03     2.30000000e+00     1.10112547e+03     3.00937474e+02     2.32842528e+02     1.18138511e+02   
    9.40000000e+03     2.35000000e+00     1.10112870e+03     3.00983997e+02     2.30659959e+02     1.15716398e+02   
    9.60000000e+03     2.40000000e+00     1.10114055e+03     2.99208188e+02     2.32149227e+02     1.19321461e+02   
    9.80000000e+03     2.45000000e+00     1.10114723e+03     3.00125044e+02     2.32432267e+02     1.18985740e+02   
    1.00000000e+04     2.50000000e+00     1.10114108e+03     3.01008286e+02     2.31373488e+02     1.16617945e+02   
    1.02000000e+04     2.55000000e+00     1.10114399e+03     3.00966747e+02     2.32606620e+02     1.18153738e+02   
    1.04000000e+04     2.60000000e+00     1.10115544e+03     3.03076065e+02     2.32819403e+02     1.19237624e+02   
    1.06000000e+04     2.65000000e+00     1.10116234e+03     2.99991283e+02     2.31852730e+02     1.17685317e+02   
    1.08000000e+04     2.70000000e+00     1.10116854e+03     3.00047249e+02     2.31099758e+02     1.18598107e+02   
    1.10000000e+04     2.75000000e+00     1.10117510e+03     3.02362117e+02     2.30290820e+02     1.17795433e+02   
    1.12000000e+04     2.80000000e+00     1.10118402e+03     2.99744880e+02     2.31683924e+02     1.17616544e+02   
    1.14000000e+04     2.85000000e+00     1.10119150e+03     2.98999539e+02     2.32457541e+02     1.19746881e+02   
    1.16000000e+04     2.90000000e+00     1.10118728e+03     2.97385439e+02     2.31586603e+02     1.18485563e+02   
    1.18000000e+04     2.95000000e+00     1.10118477e+03     3.01805262e+02     2.33827199e+02     1.21076235e+02   
    1.20000000e+04     3.00000000e+00     1.10118170e+03     3.01334253e+02     2.32481230e+02     1.19837008e+02   
    1.22000000e+04     3.05000000e+00     1.10118404e+03     2.99720746e+02     2.31186305e+02     1.18977185e+02   
    1.24000000e+04     3.10000000e+00     1.10118384e+03     2.97504735e+02     2.31867651e+02     1.18898189e+02   
    1.26000000e+04     3.15000000e+00     1.10118737e+03     2.98448604e+02     2.32999591e+02     1.20065610e+02   
    1.28000000e+04     3.20000000e+00     1.10119996e+03     2.96152183e+02     2.33205649e+02     1.19816275e+02   
    1.30000000e+04     3.25000000e+00     1.10119514e+03     2.97932277e+02     2.31780772e+02     1.20173158e+02   
    1.32000000e+04     3.30000000e+00     1.10119534e+03     2.99225634e+02     2.33554276e+02     1.21659497e+02   
    1.34000000e+04     3.35000000e+00     1.10118170e+03     2.98370403e+02     2.31312633e+02     1.18507970e+02   
    1.36000000e+04     3.40000000e+00     1.10119739e+03     3.01626876e+02     2.31148299e+02     1.17772625e+02   
    1.38000000e+04     3.45000000e+00     1.10119585e+03     2.98719685e+02     2.32747433e+02     1.19862561e+02   
    1.40000000e+04     3.50000000e+00     1.10118092e+03     2.99893448e+02     2.32349732e+02     1.20179472e+02   
    1.42000000e+04     3.55000000e+00     1.10116988e+03     2.99217537e+02     2.31496158e+02     1.16702577e+02   
    1.44000000e+04     3.60000000e+00     1.10116751e+03     2.98848466e+02     2.31573927e+02     1.17788693e+02   
    1.46000000e+04     3.65000000e+00     1.10117040e+03     2.99942483e+02     2.31280633e+02     1.16598796e+02   
    1.48000000e+04     3.70000000e+00     1.10117552e+03     3.00847731e+02     2.32103657e+02     1.18124398e+02   
    1.50000000e+04     3.75000000e+00     1.10116187e+03     2.98693048e+02     2.31432225e+02     1.17746542e+02   
    1.52000000e+04     3.80000000e+00     1.10115182e+03     3.00022970e+02     2.30033196e+02     1.17355037e+02   
    1.54000000e+04     3.85000000e+00     1.10115229e+03     3.01670538e+02     2.31801672e+02     1.17046493e+02   
    1.56000000e+04     3.90000000e+00     1.10114252e+03     3.01710089e+02     2.28940807e+02     1.15750873e+02   
    1.58000000e+04     3.95000000e+00     1.10115226e+03     3.00406124e+02     2.33357496e+02     1.19056071e+02   
    1.60000000e+04     4.00000000e+00     1.10114768e+03     3.03181371e+02     2.32062524e+02     1.18115066e+02   
    1.62000000e+04     4.05000000e+00     1.10115223e+03     3.00933826e+02     2.33657314e+02     1.18151925e+02   
    1.64000000e+04     4.10000000e+00     1.10114159e+03     3.01441134e+02     2.31187353e+02     1.17062378e+02   
    1.66000000e+04     4.15000000e+00     1.10114444e+03     3.00507000e+02     2.30429188e+02     1.15662798e+02   
    1.68000000e+04     4.20000000e+00     1.10114647e+03     2.99677321e+02     2.30176259e+02     1.16241029e+02   
    1.70000000e+04     4.25000000e+00     1.10114603e+03     3.02135674e+02     2.31168960e+02     1.16463833e+02   
    1.72000000e+04     4.30000000e+00     1.10115909e+03     3.00450391e+02     2.32367373e+02     1.18653671e+02   
    1.74000000e+04     4.35000000e+00     1.10116621e+03     2.95540132e+02     2.30234636e+02     1.17151293e+02   
    1.76000000e+04     4.40000000e+00     1.10118574e+03     3.00042444e+02     2.31511142e+02     1.18927507e+02   
    1.78000000e+04     4.45000000e+00     1.10119407e+03     3.01783354e+02     2.31841671e+02     1.18829430e+02   
    1.80000000e+04     4.50000000e+00     1.10118466e+03     2.99643799e+02     2.29539842e+02     1.16759143e+02   
    1.82000000e+04     4.55000000e+00     1.10119430e+03     3.04787937e+02     2.32279198e+02     1.17931939e+02   
    1.84000000e+04     4.60000000e+00     1.10119970e+03     2.99976881e+02     2.33465277e+02     1.19961888e+02   
    1.86000000e+04     4.65000000e+00     1.10120233e+03     3.01462511e+02     2.32732239e+02     1.18260605e+02   
    1.88000000e+04     4.70000000e+00     1.10119616e+03     3.00387450e+02     2.29160099e+02     1.15919343e+02   
    1.90000000e+04     4.75000000e+00     1.10121862e+03     2.96837743e+02     2.31855848e+02     1.17932313e+02   
    1.92000000e+04     4.80000000e+00     1.10122696e+03     2.99377733e+02     2.31462868e+02     1.18672062e+02   
    1.94000000e+04     4.85000000e+00     1.10122740e+03     3.01147631e+02     2.32076001e+02     1.19736804e+02   
    1.96000000e+04     4.90000000e+00     1.10122982e+03     2.98374539e+02     2.33181405e+02     1.22392030e+02   
    1.98000000e+04     4.95000000e+00     1.10122562e+03     2.97214083e+02     2.31793620e+02     1.19710465e+02   
    2.00000000e+04     5.00000000e+00     1.10123221e+03     3.00816606e+02     2.32248722e+02     1.19760916e+02   
    2.02000000e+04     5.05000000e+00     1.10122551e+03     2.97738166e+02     2.30474800e+02     1.16535248e+02   
    2.04000000e+04     5.10000000e+00     1.10125795e+03     2.98317420e+02     2.32933103e+02     1.20175548e+02   
    2.06000000e+04     5.15000000e+00     1.10126531e+03     2.98237392e+02     2.33595693e+02     1.20209473e+02   
    2.08000000e+04     5.20000000e+00     1.10125710e+03     2.99723364e+02     2.30369724e+02     1.14682797e+02   
    2.10000000e+04     5.25000000e+00     1.10127517e+03     3.00253722e+02     2.32505638e+02     1.18673745e+02   
    2.12000000e+04     5.30000000e+00     1.10126498e+03     3.02884811e+02     2.32158146e+02     1.16584163e+02   
    2.14000000e+04     5.35000000e+00     1.10125715e+03     2.99758225e+02     2.30792360e+02     1.16200012e+02   
    2.16000000e+04     5.40000000e+00     1.10126065e+03     3.00693082e+02     2.31616738e+02     1.16406203e+02   
    2.18000000e+04     5.45000000e+00     1.10126976e+03     2.98850368e+02     2.31315582e+02     1.16301349e+02   
    2.20000000e+04     5.50000000e+00     1.10127750e+03     3.00247861e+02     2.31426966e+02     1.16470943e+02   
    2.22000000e+04     5.55000000e+00     1.10128446e+03     2.95079541e+02     2.30213158e+02     1.14953541e+02   
    2.24000000e+04     5.60000000e+00     1.10130717e+03     2.99349305e+02     2.31882998e+02     1.19208326e+02   
    2.26000000e+04     5.65000000e+00     1.10130790e+03     3.00929590e+02     2.32486259e+02     1.16924660e+02   
    2.28000000e+04     5.70000000e+00     1.10130873e+03     2.98233659e+02     2.31914675e+02     1.17142262e+02   
    2.30000000e+04     5.75000000e+00     1.10130469e+03     3.00205153e+02     2.31976386e+02     1.17001694e+02   
    2.32000000e+04     5.80000000e+00     1.10130647e+03     3.00378316e+02     2.30928928e+02     1.16526807e+02   
    2.34000000e+04     5.85000000e+00     1.10131375e+03     2.97589393e+02     2.29490732e+02     1.15721511e+02   
    2.36000000e+04     5.90000000e+00     1.10132311e+03     2.99335279e+02     2.33753324e+02     1.18838148e+02   
    2.38000000e+04     5.95000000e+00     1.10132230e+03     3.00242175e+02     2.30712037e+02     1.17550934e+02   
    2.40000000e+04     6.00000000e+00     1.10132543e+03     2.97259704e+02     2.31459058e+02     1.20172713e+02   
    2.42000000e+04     6.05000000e+00     1.10132713e+03     2.98915646e+02     2.31728954e+02     1.19844660e+02   
    2.44000000e+04     6.10000000e+00     1.10132261e+03     2.96416615e+02     2.32205046e+02     1.19987495e+02   
    2.46000000e+04     6.15000000e+00     1.10131176e+03     2.98704667e+02     2.30370226e+02     1.18849350e+02   
    2.48000000e+04     6.20000000e+00     1.10131366e+03     2.98310464e+02     2.32014247e+02     1.18735898e+02   
    2.50000000e+04     6.25000000e+00     1.10132343e+03     3.01467482e+02     2.30955718e+02     1.17954403e+02   
    2.52000000e+04     6.30000000e+00     1.10134829e+03     3.00194539e+02     2.32084252e+02     1.19020903e+02   
    2.54000000e+04     6.35000000e+00     1.10133963e+03     3.00806150e+02     2.30365570e+02     1.16047040e+02   
    2.56000000e+04     6.40000000e+00     1.10134951e+03     3.00272218e+02     2.31731320e+02     1.18726148e+02   
    2.58000000e+04     6.45000000e+00     1.10135868e+03     2.99212965e+02     2.31139745e+02     1.17163006e+02   
    2.60000000e+04     6.50000000e+00     1.10136385e+03     2.97790232e+02     2.31831371e+02     1.18901943e+02   
    2.62000000e+04     6.55000000e+00     1.10136677e+03     3.01052690e+02     2.32398767e+02     1.19525434e+02   
    2.64000000e+04     6.60000000e+00     1.10134927e+03     2.98234580e+02     2.31400394e+02     1.20321823e+02   
    2.66000000e+04     6.65000000e+00     1.10134800e+03     2.97318371e+02     2.31986679e+02     1.19319433e+02   
    2.68000000e+04     6.70000000e+00     1.10136286e+03     2.97976334e+02     2.33010956e+02     1.20140205e+02   
    2.70000000e+04     6.75000000e+00     1.10135666e+03     2.98494384e+02     2.30733211e+02     1.17401327e+02   
    2.72000000e+04     6.80000000e+00     1.10136774e+03     2.97141314e+02     2.32931989e+02     1.18979429e+02   
    2.74000000e+04     6.85000000e+00     1.10135657e+03     2.97619478e+02     2.30903448e+02     1.16784880e+02   
    2.76000000e+04     6.90000000e+00     1.10135813e+03     2.96156813e+02     2.32535116e+02     1.18223524e+02   
    2.78000000e+04     6.95000000e+00     1.10135736e+03     2.98354838e+02     2.32865536e+02     1.18907096e+02   
    2.80000000e+04     7.00000000e+00     1.10135130e+03     2.97118582e+02     2.31174869e+02     1.17988129e+02   
    2.82000000e+04     7.05000000e+00     1.10134181e+03     2.94610759e+02     2.30461324e+02     1.16783354e+02   
    2.84000000e+04     7.10000000e+00     1.10135298e+03     2.94906932e+02     2.32021602e+02     1.18439487e+02   
    2.86000000e+04     7.15000000e+00     1.10136780e+03     2.96476882e+02     2.31942207e+02     1.18172264e+02   
    2.88000000e+04     7.20000000e+00     1.10138273e+03     2.98427686e+02     2.33261078e+02     1.20004308e+02   
    2.90000000e+04     7.25000000e+00     1.10138244e+03     2.96661046e+02     2.31653324e+02     1.19021296e+02   
    2.92000000e+04     7.30000000e+00     1.10139460e+03     3.01131325e+02     2.31991716e+02     1.17728563e+02   
    2.94000000e+04     7.35000000e+00     1.10138532e+03     2.98825205e+02     2.31511929e+02     1.17759163e+02   
    2.96000000e+04     7.40000000e+00     1.10139382e+03     2.99492406e+02     2.32358911e+02     1.19252742e+02   
    2.98000000e+04     7.45000000e+00     1.10138128e+03     2.97413816e+02     2.31515370e+02     1.20453599e+02   
    3.00000000e+04     7.50000000e+00     1.10136493e+03     2.96592968e+02     2.29771538e+02     1.17524413e+02   
    3.02000000e+04     7.55000000e+00     1.10137124e+03     2.98380591e+02     2.33070395e+02     1.20421648e+02   
    3.04000000e+04     7.60000000e+00     1.10136480e+03     2.98528178e+02     2.31513127e+02     1.18961333e+02   
    3.06000000e+04     7.65000000e+00     1.10135584e+03     2.97249948e+02     2.30581201e+02     1.19306161e+02   
    3.08000000e+04     7.70000000e+00     1.10135389e+03     3.00383864e+02     2.31430430e+02     1.21108288e+02   
    3.10000000e+04     7.75000000e+00     1.10134809e+03     3.00094694e+02     2.31522391e+02     1.20075939e+02   
    3.12000000e+04     7.80000000e+00     1.10135122e+03     2.99362921e+02     2.32809475e+02     1.20393475e+02   
    3.14000000e+04     7.85000000e+00     1.10134371e+03     3.00530219e+02     2.34205669e+02     1.22115464e+02   
    3.16000000e+04     7.90000000e+00     1.10133977e+03     2.99827377e+02     2.31513348e+02     1.20518753e+02   
    3.18000000e+04     7.95000000e+00     1.10135180e+03     2.96483687e+02     2.31312860e+02     1.19617223e+02   
    3.20000000e+04     8.00000000e+00     1.10135452e+03     2.96168465e+02     2.31889183e+02     1.19880767e+02   
    3.22000000e+04     8.05000000e+00     1.10135594e+03     3.01155903e+02     2.33430357e+02     1.22107082e+02   
    3.24000000e+04     8.10000000e+00     1.10134432e+03     3.02347324e+02     2.32798320e+02     1.21385202e+02   
    3.26000000e+04     8.15000000e+00     1.10134265e+03     2.98724322e+02     2.31794547e+02     1.21234816e+02   
    3.28000000e+04     8.20000000e+00     1.10134041e+03     2.98365684e+02     2.33034819e+02     1.19558098e+02   
    3.30000000e+04     8.25000000e+00     1.10133510e+03     3.01349172e+02     2.30150215e+02     1.16406719e+02   
    3.32000000e+04     8.30000000e+00     1.10134885e+03     2.98566502e+02     2.32581370e+02     1.21777456e+02   
    3.34000000e+04     8.35000000e+00     1.10133205e+03     3.01151864e+02     2.32161647e+02     1.19985194e+02   
    3.36000000e+04     8.40000000e+00     1.10132977e+03     3.01025600e+02     2.33011663e+02     1.21134420e+02   
    3.38000000e+04     8.45000000e+00     1.10131604e+03     2.99977800e+02     2.29470602e+02     1.15899823e+02   
    3.40000000e+04     8.50000000e+00     1.10131398e+03     2.98716324e+02     2.30364921e+02     1.18550136e+02   
    3.42000000e+04     8.55000000e+00     1.10131972e+03     3.01387733e+02     2.31910171e+02     1.18007403e+02   
    3.44000000e+04     8.60000000e+00     1.10132493e+03     3.00137584e+02     2.32382836e+02     1.19583808e+02   
    3.46000000e+04     8.65000000e+00     1.10133333e+03     3.00298142e+02     2.32604553e+02     1.18803282e+02   
    3.48000000e+04     8.70000000e+00     1.10134817e+03     2.97910515e+02     2.32856039e+02     1.21201963e+02   
    3.50000000e+04     8.75000000e+00     1.10134666e+03     2.97567018e+02     2.32867012e+02     1.21221997e+02   
    3.52000000e+04     8.80000000e+00     1.10132692e+03     3.03014224e+02     2.31002492e+02     1.17687678e+02   
    3.54000000e+04     8.85000000e+00     1.10133091e+03     3.01485495e+02     2.31695472e+02     1.19969056e+02   
    3.56000000e+04     8.90000000e+00     1.10133174e+03     3.00168876e+02     2.31388759e+02     1.19093636e+02   
    3.58000000e+04     8.95000000e+00     1.10132780e+03     2.97113290e+02     2.31541622e+02     1.20667278e+02   
    3.60000000e+04     9.00000000e+00     1.10132924e+03     2.98821185e+02     2.33127222e+02     1.20979528e+02   
    3.62000000e+04     9.05000000e+00     1.10131786e+03     2.97351921e+02     2.30188342e+02     1.18707480e+02   
    3.64000000e+04     9.10000000e+00     1.10131984e+03     3.00630098e+02     2.32939697e+02     1.20175498e+02   
    3.66000000e+04     9.15000000e+00     1.10129784e+03     2.99818772e+02     2.30977348e+02     1.18142581e+02   
    3.68000000e+04     9.20000000e+00     1.10128362e+03     3.01783247e+02     2.32429007e+02     1.18823029e+02   
    3.70000000e+04     9.25000000e+00     1.10126599e+03     3.01221894e+02     2.31205201e+02     1.16348935e+02   
    3.72000000e+04     9.30000000e+00     1.10126209e+03     3.03384249e+02     2.29787125e+02     1.15537782e+02   
    3.74000000e+04     9.35000000e+00     1.10126442e+03     2.99577211e+02     2.30934303e+02     1.14860143e+02   
    3.76000000e+04     9.40000000e+00     1.10128537e+03     2.99909263e+02     2.32904479e+02     1.19032370e+02   
    3.78000000e+04     9.45000000e+00     1.10128507e+03     3.03734789e+02     2.31091234e+02     1.15136569e+02   
    3.80000000e+04     9.50000000e+00     1.10129728e+03     2.98566559e+02     2.33593146e+02     1.19184826e+02   
    3.82000000e+04     9.55000000e+00     1.10128364e+03     3.00394936e+02     2.31277344e+02     1.17595908e+02   
    3.84000000e+04     9.60000000e+00     1.10127875e+03     3.04066015e+02     2.31184881e+02     1.17176872e+02   
    3.86000000e+04     9.65000000e+00     1.10126949e+03     3.00327662e+02     2.31010081e+02     1.17134045e+02   
    3.88000000e+04     9.70000000e+00     1.10125929e+03     3.01036909e+02     2.32412216e+02     1.18341076e+02   
    3.90000000e+04     9.75000000e+00     1.10125222e+03     3.03418122e+02     2.32685048e+02     1.18187793e+02   
    3.92000000e+04     9.80000000e+00     1.10124098e+03     3.03088870e+02     2.33148394e+02     1.19070001e+02   
    3.94000000e+04     9.85000000e+00     1.10121974e+03     3.00812529e+02     2.31502888e+02     1.15322526e+02   
    3.96000000e+04     9.90000000e+00     1.10122370e+03     3.03987128e+02     2.31649334e+02     1.16089990e+02   
    3.98000000e+04     9.95000000e+00     1.10122558e+03     3.01112964e+02     2.31612189e+02     1.15006527e+02   
    4.00000000e+04     1.00000000e+01     1.10122355e+03     3.03806841e+02     2.31110795e+02     1.15866237e+02   
    4.02000000e+04     1.00500000e+01     1.10122690e+03     3.01620902e+02     2.31813713e+02     1.15736200e+02   
    4.04000000e+04     1.01000000e+01     1.10123700e+03     3.00811848e+02     2.31519297e+02     1.17904437e+02   
    4.06000000e+04     1.01500000e+01     1.10123920e+03     3.00515216e+02     2.32976088e+02     1.19988524e+02   
    4.08000000e+04     1.02000000e+01     1.10123381e+03     3.01307190e+02     2.32012264e+02     1.19672458e+02   
    4.10000000e+04     1.02500000e+01     1.10122679e+03     2.98459929e+02     2.29675267e+02     1.17611345e+02   
    4.12000000e+04     1.03000000e+01     1.10123628e+03     3.01136125e+02     2.31001066e+02     1.16396148e+02   
    4.14000000e+04     1.03500000e+01     1.10124972e+03     2.98231364e+02     2.31603844e+02     1.17077101e+02   
    4.16000000e+04     1.04000000e+01     1.10125021e+03     3.00726943e+02     2.31882322e+02     1.16498330e+02   
    4.18000000e+04     1.04500000e+01     1.10126424e+03     3.00476404e+02     2.33781748e+02     1.19715094e+02   
    4.20000000e+04     1.05000000e+01     1.10126671e+03     3.02254732e+02     2.31227984e+02     1.15057291e+02   
    4.22000000e+04     1.05500000e+01     1.10128362e+03     2.98493625e+02     2.32004777e+02     1.17857420e+02   
    4.24000000e+04     1.06000000e+01     1.10127724e+03     3.00068546e+02     2.31777949e+02     1.15507203e+02   
    4.26000000e+04     1.06500000e+01     1.10127995e+03     3.01763361e+02     2.32546649e+02     1.18743651e+02   
    4.28000000e+04     1.07000000e+01     1.10127151e+03     3.02739698e+02     2.30855830e+02     1.16829618e+02   
    4.30000000e+04     1.07500000e+01     1.10127238e+03     2.98644521e+02     2.31479961e+02     1.17712278e+02   
    4.32000000e+04     1.08000000e+01     1.10127637e+03     3.01574568e+02     2.31727370e+02     1.16424316e+02   
    4.34000000e+04     1.08500000e+01     1.10127699e+03     3.01712635e+02     2.30933067e+02     1.16587253e+02   
    4.36000000e+04     1.09000000e+01     1.10127953e+03     2.99506189e+02     2.31004440e+02     1.17048110e+02   
    4.38000000e+04     1.09500000e+01     1.10128411e+03     3.01000648e+02     2.32667327e+02     1.18658181e+02   
    4.40000000e+04     1.10000000e+01     1.10127563e+03     3.01066283e+02     2.31817933e+02     1.18764000e+02   
    4.42000000e+04     1.10500000e+01     1.10128549e+03     3.01138614e+02     2.31506441e+02     1.18852805e+02   
    4.44000000e+04     1.11000000e+01     1.10128998e+03     3.02001923e+02     2.31354725e+02     1.19408911e+02   
    4.46000000e+04     1.11500000e+01     1.10130296e+03     2.97215712e+02     2.31629820e+02     1.20682878e+02   
    4.48000000e+04     1.12000000e+01     1.10130371e+03     3.02604100e+02     2.31078692e+02     1.19300482e+02   
    4.50000000e+04     1.12500000e+01     1.10130457e+03     3.02297352e+02     2.31652234e+02     1.19652634e+02   
    4.52000000e+04     1.13000000e+01     1.10130459e+03     3.02488227e+02     2.30816390e+02     1.19068367e+02   
    4.54000000e+04     1.13500000e+01     1.10130832e+03     3.00263937e+02     2.31362959e+02     1.20368136e+02   
    4.56000000e+04     1.14000000e+01     1.10130289e+03     3.02096620e+02     2.30732723e+02     1.19515874e+02   
    4.58000000e+04     1.14500000e+01     1.10129716e+03     3.01487718e+02     2.31022681e+02     1.19873242e+02   
    4.60000000e+04     1.15000000e+01     1.10129421e+03     2.98218589e+02     2.30744569e+02     1.19223784e+02   
    4.62000000e+04     1.15500000e+01     1.10128771e+03     2.98129287e+02     2.32352513e+02     1.21838639e+02   
    4.64000000e+04     1.16000000e+01     1.10127646e+03     3.04024435e+02     2.31646383e+02     1.19465234e+02   
    4.66000000e+04     1.16500000e+01     1.10127367e+03     2.98726842e+02     2.31085630e+02     1.19125415e+02   
    4.68000000e+04     1.17000000e+01     1.10127153e+03     3.01700876e+02     2.29466004e+02     1.17183345e+02   
    4.70000000e+04     1.17500000e+01     1.10127301e+03     3.00655908e+02     2.30770771e+02     1.18817424e+02   
    4.72000000e+04     1.18000000e+01     1.10126929e+03     3.02486695e+02     2.28899673e+02     1.16524398e+02   
    4.74000000e+04     1.18500000e+01     1.10127737e+03     2.98235466e+02     2.31598562e+02     1.20902272e+02   
    4.76000000e+04     1.19000000e+01     1.10128268e+03     3.03663175e+02     2.32054266e+02     1.19667916e+02   
    4.78000000e+04     1.19500000e+01     1.10127254e+03     3.00425431e+02     2.29993622e+02     1.16856617e+02   
    4.80000000e+04     1.20000000e+01     1.10128649e+03     3.00480628e+02     2.32644613e+02     1.18942061e+02   
    4.82000000e+04     1.20500000e+01     1.10127804e+03     3.00676267e+02     2.30405703e+02     1.17173820e+02   
    4.84000000e+04     1.21000000e+01     1.10128654e+03     2.98703141e+02     2.32684671e+02     1.17368018e+02   
    4.86000000e+04     1.21500000e+01     1.10128635e+03     2.99655746e+02     2.31395519e+02     1.16086735e+02   
    4.88000000e+04     1.22000000e+01     1.10128925e+03     2.97984294e+02     2.31640245e+02     1.16978461e+02   
    4.90000000e+04     1.22500000e+01     1.10128646e+03     2.97613030e+02     2.30925426e+02     1.16768908e+02   
    4.92000000e+04     1.23000000e+01     1.10126866e+03     3.00802607e+02     2.31556829e+02     1.17240088e+02   
    4.94000000e+04     1.23500000e+01     1.10127159e+03     2.97661515e+02     2.32911373e+02     1.18776524e+02   
    4.96000000e+04     1.24000000e+01     1.10125500e+03     2.98848318e+02     2.30535925e+02     1.15886688e+02   
    4.98000000e+04     1.24500000e+01     1.10125994e+03     2.99441130e+02     2.32683986e+02     1.18398011e+02   
    5.00000000e+04     1.25000000e+01     1.10126026e+03     2.94834235e+02     2.31657282e+02     1.16334853e+02   
    5.02000000e+04     1.25500000e+01     1.10127665e+03     3.00142942e+02     2.32870301e+02     1.17620217e+02   
    5.04000000e+04     1.26000000e+01     1.10127964e+03     2.97671497e+02     2.32815887e+02     1.17620747e+02   
    5.06000000e+04     1.26500000e+01     1.10127924e+03     3.01202696e+02     2.30688647e+02     1.14803401e+02   
    5.08000000e+04     1.27000000e+01     1.10128583e+03     2.96808445e+02     2.31984785e+02     1.17687021e+02   
    5.10000000e+04     1.27500000e+01     1.10127742e+03     2.99392325e+02     2.31327031e+02     1.16538652e+02   
    5.12000000e+04     1.28000000e+01     1.10127440e+03     2.97134252e+02     2.31339913e+02     1.19873835e+02   
    5.14000000e+04     1.28500000e+01     1.10129084e+03     2.98444195e+02     2.33210788e+02     1.20634954e+02   
    5.16000000e+04     1.29000000e+01     1.10129534e+03     3.01473071e+02     2.31531334e+02     1.19826138e+02   
    5.18000000e+04     1.29500000e+01     1.10129655e+03     3.00509951e+02     2.31899293e+02     1.19906185e+02   
    5.20000000e+04     1.30000000e+01     1.10129625e+03     2.96918079e+02     2.31597453e+02     1.20634098e+02   
    5.22000000e+04     1.30500000e+01     1.10129816e+03     3.00666360e+02     2.32116066e+02     1.19285659e+02   
    5.24000000e+04     1.31000000e+01     1.10129330e+03     3.01010623e+02     2.30878155e+02     1.17568372e+02   
    5.26000000e+04     1.31500000e+01     1.10129595e+03     2.98817846e+02     2.31019161e+02     1.16879079e+02   
    5.28000000e+04     1.32000000e+01     1.10131427e+03     3.02748965e+02     2.33328148e+02     1.21175012e+02   
    5.30000000e+04     1.32500000e+01     1.10132180e+03     2.97770420e+02     2.31830235e+02     1.20568236e+02   
    5.32000000e+04     1.33000000e+01     1.10132176e+03     2.99870323e+02     2.31015705e+02     1.18616369e+02   
    5.34000000e+04     1.33500000e+01     1.10131694e+03     3.02609548e+02     2.30514851e+02     1.18022469e+02   
    5.36000000e+04     1.34000000e+01     1.10131445e+03     3.00907459e+02     2.33294134e+02     1.20423001e+02   
    5.38000000e+04     1.34500000e+01     1.10130171e+03     2.99311934e+02     2.32250135e+02     1.20477625e+02   
    5.40000000e+04     1.35000000e+01     1.10129143e+03     3.01549829e+02     2.31045268e+02     1.18619635e+02   
    5.42000000e+04     1.35500000e+01     1.10128118e+03     3.02759605e+02     2.31002284e+02     1.17563760e+02   
    5.44000000e+04     1.36000000e+01     1.10129653e+03     2.98673899e+02     2.32206488e+02     1.20923317e+02   
    5.46000000e+04     1.36500000e+01     1.10128562e+03     2.95802990e+02     2.32117585e+02     1.19542081e+02   
    5.48000000e+04     1.37000000e+01     1.10128209e+03     2.99176440e+02     2.32640699e+02     1.20999873e+02   
    5.50000000e+04     1.37500000e+01     1.10128636e+03     2.99725354e+02     2.33107911e+02     1.20377058e+02   
    5.52000000e+04     1.38000000e+01     1.10129263e+03     2.98303419e+02     2.31692930e+02     1.19106103e+02   
    5.54000000e+04     1.38500000e+01     1.10127698e+03     2.98271252e+02     2.31783342e+02     1.19201853e+02   
    5.56000000e+04     1.39000000e+01     1.10127537e+03     3.03919274e+02     2.31049383e+02     1.17661380e+02   
    5.58000000e+04     1.39500000e+01     1.10129042e+03     3.00831920e+02     2.33412948e+02     1.19153815e+02   
    5.60000000e+04     1.40000000e+01     1.10128166e+03     3.01025727e+02     2.31462294e+02     1.18016039e+02   
    5.62000000e+04     1.40500000e+01     1.10128345e+03     2.99938041e+02     2.31500858e+02     1.17286636e+02   
    5.64000000e+04     1.41000000e+01     1.10129113e+03     3.01385819e+02     2.31686309e+02     1.17818610e+02   
    5.66000000e+04     1.41500000e+01     1.10129900e+03     3.01045316e+02     2.31130105e+02     1.16860037e+02   
    5.68000000e+04     1.42000000e+01     1.10130274e+03     3.00972380e+02     2.31310678e+02     1.17721188e+02   
    5.70000000e+04     1.42500000e+01     1.10131753e+03     2.99347599e+02     2.32987239e+02     1.19452806e+02   
    5.72000000e+04     1.43000000e+01     1.10132561e+03     3.01324232e+02     2.32069178e+02     1.19148478e+02   
    5.74000000e+04     1.43500000e+01     1.10133258e+03     3.00730665e+02     2.31509767e+02     1.17304007e+02   
    5.76000000e+04     1.44000000e+01     1.10133692e+03     2.99556082e+02     2.32965655e+02     1.18233787e+02   
    5.78000000e+04     1.44500000e+01     1.10134025e+03     2.98402279e+02     2.32927070e+02     1.19060057e+02   
    5.80000000e+04     1.45000000e+01     1.10133638e+03     2.97898836e+02     2.31242097e+02     1.17722668e+02   
    5.82000000e+04     1.45500000e+01     1.10134243e+03     2.98478056e+02     2.31106022e+02     1.16651830e+02   
    5.84000000e+04     1.46000000e+01     1.10136531e+03     2.98767982e+02     2.35083337e+02     1.21566095e+02   
    5.86000000e+04     1.46500000e+01     1.10136356e+03     3.00821825e+02     2.33512854e+02     1.18533171e+02   
    5.88000000e+04     1.47000000e+01     1.10136280e+03     2.97551537e+02     2.30474677e+02     1.18241885e+02   
    5.90000000e+04     1.47500000e+01     1.10135783e+03     3.01493949e+02     2.31147808e+02     1.17348870e+02   
    5.92000000e+04     1.48000000e+01     1.10136384e+03     2.98265576e+02     2.32585838e+02     1.19014822e+02   
    5.94000000e+04     1.48500000e+01     1.10137363e+03     2.95449538e+02     2.34090618e+02     1.21728550e+02   
    5.96000000e+04     1.49000000e+01     1.10136582e+03     3.02739135e+02     2.31765178e+02     1.19211133e+02   
    5.98000000e+04     1.49500000e+01     1.10137217e+03     3.00672206e+02     2.32904159e+02     1.18982757e+02   
    6.00000000e+04     1.50000000e+01     1.10137920e+03     3.00108486e+02     2.31617858e+02     1.18364029e+02   
    6.02000000e+04     1.50500000e+01     1.10139249e+03     2.99562297e+02     2.31019889e+02     1.18266806e+02   
    6.04000000e+04     1.51000000e+01     1.10139174e+03     3.00904979e+02     2.31698596e+02     1.18939047e+02   
    6.06000000e+04     1.51500000e+01     1.10139657e+03     3.02362473e+02     2.31804558e+02     1.19346925e+02   
    6.08000000e+04     1.52000000e+01     1.10139495e+03     3.01427033e+02     2.31091809e+02     1.18326853e+02   
    6.10000000e+04     1.52500000e+01     1.10139532e+03     2.99699922e+02     2.32197796e+02     1.18663680e+02   
    6.12000000e+04     1.53000000e+01     1.10138848e+03     3.00102019e+02     2.33481208e+02     1.20346187e+02   
    6.14000000e+04     1.53500000e+01     1.10137838e+03     3.01485622e+02     2.32046041e+02     1.17974136e+02   
    6.16000000e+04     1.54000000e+01     1.10138202e+03     3.00337244e+02     2.30475468e+02     1.17064254e+02   
    6.18000000e+04     1.54500000e+01     1.10138103e+03     2.99722310e+02     2.29720807e+02     1.16021532e+02   
    6.20000000e+04     1.55000000e+01     1.10139648e+03     3.02321763e+02     2.32131198e+02     1.19785656e+02   
    6.22000000e+04     1.55500000e+01     1.10140876e+03     3.01899233e+02     2.34766483e+02     1.21514845e+02   
    6.24000000e+04     1.56000000e+01     1.10139836e+03     3.03738328e+02     2.32589940e+02     1.19356214e+02   
    6.26000000e+04     1.56500000e+01     1.10139316e+03     3.01786093e+02     2.31592461e+02     1.18397398e+02   
    6.28000000e+04     1.57000000e+01     1.10139430e+03     3.00266644e+02     2.32252052e+02     1.18097109e+02   
    6.30000000e+04     1.57500000e+01     1.10139874e+03     3.02206953e+02     2.32252773e+02     1.17135812e+02   
    6.32000000e+04     1.58000000e+01     1.10138846e+03     3.03724852e+02     2.31429319e+02     1.15632702e+02   
    6.34000000e+04     1.58500000e+01     1.10139148e+03     3.01897565e+02     2.31701043e+02     1.16538362e+02   
    6.36000000e+04     1.59000000e+01     1.10139517e+03     3.01708078e+02     2.32359586e+02     1.18283227e+02   
    6.38000000e+04     1.59500000e+01     1.10138783e+03     2.99726376e+02     2.31696725e+02     1.18446417e+02   
    6.40000000e+04     1.60000000e+01     1.10138370e+03     3.02623111e+02     2.31002160e+02     1.16126561e+02   
    6.42000000e+04     1.60500000e+01     1.10139265e+03     2.99238405e+02     2.33410898e+02     1.19639926e+02   
    6.44000000e+04     1.61000000e+01     1.10137044e+03     3.04109059e+02     2.31305121e+02     1.17144260e+02   
    6.46000000e+04     1.61500000e+01     1.10137451e+03     3.00721919e+02     2.31685748e+02     1.18935077e+02   
    6.48000000e+04     1.62000000e+01     1.10137805e+03     3.04462576e+02     2.32102238e+02     1.17683629e+02   
    6.50000000e+04     1.62500000e+01     1.10138510e+03     3.01298225e+02     2.32149883e+02     1.19247347e+02   
    6.52000000e+04     1.63000000e+01     1.10137766e+03     2.98448726e+02     2.32273067e+02     1.20298790e+02   
    6.54000000e+04     1.63500000e+01     1.10136955e+03     2.96578334e+02     2.30894497e+02     1.18768623e+02   
    6.56000000e+04     1.64000000e+01     1.10137500e+03     3.02960921e+02     2.33054735e+02     1.20415602e+02   
    6.58000000e+04     1.64500000e+01     1.10136146e+03     3.02308242e+02     2.31923878e+02     1.18472661e+02   
    6.60000000e+04     1.65000000e+01     1.10134481e+03     2.99874958e+02     2.30523154e+02     1.18502652e+02   
    6.62000000e+04     1.65500000e+01     1.10135544e+03     3.01980874e+02     2.33548825e+02     1.20231148e+02   
    6.64000000e+04     1.66000000e+01     1.10134044e+03     3.00740549e+02     2.32934281e+02     1.18241284e+02   
    6.66000000e+04     1.66500000e+01     1.10133271e+03     3.00732512e+02     2.31005938e+02     1.16631366e+02   
    6.68000000e+04     1.67000000e+01     1.10132683e+03     2.98605525e+02     2.31043706e+02     1.15868814e+02   
    6.70000000e+04     1.67500000e+01     1.10132834e+03     3.01530738e+02     2.30795797e+02     1.17092175e+02   
    6.72000000e+04     1.68000000e+01     1.10132615e+03     2.97682099e+02     2.30012142e+02     1.14512920e+02   
    6.74000000e+04     1.68500000e+01     1.10134599e+03     2.97814809e+02     2.31569118e+02     1.18151337e+02   
    6.76000000e+04     1.69000000e+01     1.10135400e+03     2.98779641e+02     2.31771788e+02     1.19024990e+02   
    6.78000000e+04     1.69500000e+01     1.10136819e+03     3.01949916e+02     2.31587744e+02     1.17470719e+02   
    6.80000000e+04     1.70000000e+01     1.10138272e+03     2.99996588e+02     2.32894453e+02     1.20567775e+02   
    6.82000000e+04     1.70500000e+01     1.10137866e+03     2.97835337e+02     2.30562786e+02     1.16609147e+02   
    6.84000000e+04     1.71000000e+01     1.10139298e+03     3.01646720e+02     2.30930853e+02     1.19089992e+02   
    6.86000000e+04     1.71500000e+01     1.10138723e+03     3.01021873e+02     2.30288738e+02     1.16527879e+02   
    6.88000000e+04     1.72000000e+01     1.10139828e+03     3.00439611e+02     2.32456780e+02     1.19424396e+02   
    6.90000000e+04     1.72500000e+01     1.10140080e+03     3.03742816e+02     2.32165360e+02     1.20254785e+02   
    6.92000000e+04     1.73000000e+01     1.10140167e+03     3.00377257e+02     2.31118673e+02     1.18684917e+02   
    6.94000000e+04     1.73500000e+01     1.10139832e+03     3.02126635e+02     2.30575779e+02     1.18572305e+02   
    6.96000000e+04     1.74000000e+01     1.10139166e+03     2.95268148e+02     2.28833372e+02     1.16781964e+02   
    6.98000000e+04     1.74500000e+01     1.10140712e+03     3.01195005e+02     2.30931624e+02     1.18970077e+02   
    7.00000000e+04     1.75000000e+01     1.10141822e+03     2.99483094e+02     2.30393762e+02     1.17851123e+02   
    7.02000000e+04     1.75500000e+01     1.10142115e+03     3.00622670e+02     2.31616065e+02     1.19093018e+02   
    7.04000000e+04     1.76000000e+01     1.10142153e+03     3.00625240e+02     2.31100069e+02     1.18225004e+02   
    7.06000000e+04     1.76500000e+01     1.10142005e+03     3.01218722e+02     2.32576245e+02     1.19860896e+02   
    7.08000000e+04     1.77000000e+01     1.10141142e+03     2.99967883e+02     2.31011737e+02     1.17470650e+02   
    7.10000000e+04     1.77500000e+01     1.10141510e+03     2.99159348e+02     2.31146417e+02     1.18236983e+02   
    7.12000000e+04     1.78000000e+01     1.10141690e+03     2.99166288e+02     2.31708176e+02     1.19145558e+02   
    7.14000000e+04     1.78500000e+01     1.10142510e+03     3.00957697e+02     2.31655202e+02     1.18362249e+02   
    7.16000000e+04     1.79000000e+01     1.10142497e+03     3.00310640e+02     2.31016512e+02     1.18854688e+02   
    7.18000000e+04     1.79500000e+01     1.10142744e+03     2.97878957e+02     2.30430925e+02     1.16453264e+02   
    7.20000000e+04     1.80000000e+01     1.10144533e+03     2.99318044e+02     2.32183060e+02     1.21602231e+02   
    7.22000000e+04     1.80500000e+01     1.10143756e+03     2.99264198e+02     2.30064024e+02     1.16743225e+02   
    7.24000000e+04     1.81000000e+01     1.10144426e+03     2.98311834e+02     2.29675137e+02     1.17831288e+02   
    7.26000000e+04     1.81500000e+01     1.10145626e+03     2.97866122e+02     2.33359471e+02     1.20614994e+02   
    7.28000000e+04     1.82000000e+01     1.10145283e+03     2.98423241e+02     2.30882554e+02     1.20536331e+02   
    7.30000000e+04     1.82500000e+01     1.10146246e+03     2.99041475e+02     2.31950544e+02     1.21883584e+02   
    7.32000000e+04     1.83000000e+01     1.10147441e+03     2.99971617e+02     2.30943639e+02     1.19350258e+02   
    7.34000000e+04     1.83500000e+01     1.10147516e+03     2.98326054e+02     2.32670650e+02     1.20478634e+02   
    7.36000000e+04     1.84000000e+01     1.10147129e+03     3.00358704e+02     2.31728297e+02     1.19546279e+02   
    7.38000000e+04     1.84500000e+01     1.10146696e+03     2.98206864e+02     2.30612110e+02     1.18810320e+02   
    7.40000000e+04     1.85000000e+01     1.10147865e+03     3.02253070e+02     2.31149406e+02     1.17782571e+02   
    7.42000000e+04     1.85500000e+01     1.10148801e+03     2.99615494e+02     2.31611123e+02     1.19616788e+02   
    7.44000000e+04     1.86000000e+01     1.10147283e+03     3.00264486e+02     2.31177843e+02     1.18940646e+02   
    7.46000000e+04     1.86500000e+01     1.10147772e+03     3.00368232e+02     2.31121075e+02     1.20270732e+02   
    7.48000000e+04     1.87000000e+01     1.10148749e+03     3.02751499e+02     2.31847704e+02     1.18884649e+02   
    7.50000000e+04     1.87500000e+01     1.10149297e+03     3.00634087e+02     2.31400734e+02     1.18069379e+02   
    7.52000000e+04     1.88000000e+01     1.10149295e+03     3.00576473e+02     2.30463755e+02     1.17868009e+02   
    7.54000000e+04     1.88500000e+01     1.10148232e+03     3.01513716e+02     2.28980129e+02     1.16033918e+02   
    7.56000000e+04     1.89000000e+01     1.10149213e+03     3.01489013e+02     2.29275355e+02     1.16022609e+02   
    7.58000000e+04     1.89500000e+01     1.10149498e+03     3.02618241e+02     2.30239725e+02     1.15840605e+02   
    7.60000000e+04     1.90000000e+01     1.10149516e+03     3.03824984e+02     2.31497143e+02     1.18536497e+02   
    7.62000000e+04     1.90500000e+01     1.10149524e+03     3.02809346e+02     2.31356595e+02     1.18494814e+02   
    7.64000000e+04     1.91000000e+01     1.10148591e+03     3.02768745e+02     2.28769618e+02     1.15201636e+02   
    7.66000000e+04     1.91500000e+01     1.10150754e+03     3.01434861e+02     2.33441658e+02     1.20391045e+02   
    7.68000000e+04     1.92000000e+01     1.10150422e+03     3.02460953e+02     2.31970216e+02     1.18385615e+02   
    7.70000000e+04     1.92500000e+01     1.10150852e+03     3.00611387e+02     2.32847250e+02     1.20763110e+02   
    7.72000000e+04     1.93000000e+01     1.10151618e+03     3.02663840e+02     2.34891494e+02     1.21538710e+02   
    7.74000000e+04     1.93500000e+01     1.10150407e+03     3.00222528e+02     2.32430396e+02     1.20635387e+02   
    7.76000000e+04     1.94000000e+01     1.10148543e+03     3.00958334e+02     2.30304314e+02     1.18482884e+02   
    7.78000000e+04     1.94500000e+01     1.10147304e+03     2.95388605e+02     2.30106077e+02     1.17298842e+02   
    7.80000000e+04     1.95000000e+01     1.10148726e+03     3.01388000e+02     2.32147189e+02     1.18808221e+02   
    7.82000000e+04     1.95500000e+01     1.10149558e+03     3.02153236e+02     2.32310654e+02     1.20720101e+02   
    7.84000000e+04     1.96000000e+01     1.10149779e+03     3.02370625e+02     2.30793508e+02     1.18256627e+02   
    7.86000000e+04     1.96500000e+01     1.10151646e+03     2.97825923e+02     2.32569154e+02     1.20546964e+02   
    7.88000000e+04     1.97000000e+01     1.10151002e+03     3.00234450e+02     2.30868984e+02     1.18487902e+02   
    7.90000000e+04     1.97500000e+01     1.10151703e+03     3.01328796e+02     2.32899748e+02     1.21390799e+02   
    7.92000000e+04     1.98000000e+01     1.10151747e+03     2.99493261e+02     2.31937471e+02     1.20315770e+02   
    7.94000000e+04     1.98500000e+01     1.10152411e+03     3.02014228e+02     2.31378218e+02     1.19101317e+02   
    7.96000000e+04     1.99000000e+01     1.10152031e+03     3.02117173e+02     2.31729924e+02     1.19535860e+02   
    7.98000000e+04     1.99500000e+01     1.10151982e+03     2.99370263e+02     2.30864341e+02     1.18766422e+02   
    8.00000000e+04     2.00000000e+01     1.10152214e+03     2.99457047e+02     2.31585284e+02     1.18911709e+02   
