# column   1     --> step : The current simulation time step.
# column   2     --> time{picosecond} : The elapsed simulation time.
# column   3     --> conserved{electronvolt} : The value of the conserved energy quantity per bead.
# column   4     --> temperature{kelvin} : The current temperature, as obtained from the MD kinetic energy.
# column   5     --> kinetic_cv{electronvolt} : The centroid-virial quantum kinetic energy of the physical system.
# column   6     --> potential{electronvolt} : The physical system potential energy.
    0.00000000e+00     0.00000000e+00     1.10366715e+03     3.04428649e+02     2.32211632e+02     1.19287151e+02   
    2.00000000e+02     5.00000000e-02     1.10366564e+03     2.99305631e+02     2.30949190e+02     1.19347660e+02   
    4.00000000e+02     1.00000000e-01     1.10367091e+03     2.98399961e+02     2.31650492e+02     1.19237185e+02   
    6.00000000e+02     1.50000000e-01     1.10367967e+03     2.99546499e+02     2.33610977e+02     1.21761974e+02   
    8.00000000e+02     2.00000000e-01     1.10367326e+03     2.98002150e+02     2.30955492e+02     1.17553350e+02   
    1.00000000e+03     2.50000000e-01     1.10368378e+03     2.99182172e+02     2.32277846e+02     1.20034120e+02   
    1.20000000e+03     3.00000000e-01     1.10369176e+03     3.00052435e+02     2.32486961e+02     1.20326365e+02   
    1.40000000e+03     3.50000000e-01     1.10369955e+03     3.01959560e+02     2.32403422e+02     1.20124790e+02   
    1.60000000e+03     4.00000000e-01     1.10369146e+03     2.96227829e+02     2.30932610e+02     1.18234673e+02   
    1.80000000e+03     4.50000000e-01     1.10370116e+03     2.97096739e+02     2.31166785e+02     1.19614757e+02   
    2.00000000e+03     5.00000000e-01     1.10370900e+03     3.00121557e+02     2.32248595e+02     1.20346964e+02   
    2.20000000e+03     5.50000000e-01     1.10370759e+03     2.99161411e+02     2.30528628e+02     1.17625485e+02   
    2.40000000e+03     6.00000000e-01     1.10371725e+03     2.97467049e+02     2.32589084e+02     1.19214036e+02   
    2.60000000e+03     6.50000000e-01     1.10371248e+03     2.97299803e+02     2.30824955e+02     1.18565762e+02   
    2.80000000e+03     7.00000000e-01     1.10369506e+03     3.00832522e+02     2.30787733e+02     1.18426952e+02   
    3.00000000e+03     7.50000000e-01     1.10369417e+03     2.98926103e+02     2.32130324e+02     1.19827419e+02   
    3.20000000e+03     8.00000000e-01     1.10369319e+03     3.01245899e+02     2.30769449e+02     1.18833129e+02   
    3.40000000e+03     8.50000000e-01     1.10371250e+03     3.01636452e+02     2.32059032e+02     1.20004580e+02   
    3.60000000e+03     9.00000000e-01     1.10370953e+03     3.00101439e+02     2.31466275e+02     1.18666549e+02   
    3.80000000e+03     9.50000000e-01     1.10369887e+03     2.97439142e+02     2.31732294e+02     1.18762990e+02   
    4.00000000e+03     1.00000000e+00     1.10368884e+03     2.99453603e+02     2.31508414e+02     1.17803343e+02   
    4.20000000e+03     1.05000000e+00     1.10368500e+03     2.98763321e+02     2.29782096e+02     1.15523594e+02   
    4.40000000e+03     1.10000000e+00     1.10369895e+03     2.98601786e+02     2.31655493e+02     1.18355216e+02   
    4.60000000e+03     1.15000000e+00     1.10371405e+03     2.95667226e+02     2.33855716e+02     1.21235711e+02   
    4.80000000e+03     1.20000000e+00     1.10370684e+03     2.97994777e+02     2.30788996e+02     1.18695554e+02   
    5.00000000e+03     1.25000000e+00     1.10371862e+03     2.97146360e+02     2.31818430e+02     1.19154264e+02   
    5.20000000e+03     1.30000000e+00     1.10372242e+03     2.99765851e+02     2.30819133e+02     1.17304821e+02   
    5.40000000e+03     1.35000000e+00     1.10372904e+03     3.01132481e+02     2.31020313e+02     1.17369756e+02   
    5.60000000e+03     1.40000000e+00     1.10374118e+03     2.96243755e+02     2.32521752e+02     1.20151964e+02   
    5.80000000e+03     1.45000000e+00     1.10373217e+03     2.97134135e+02     2.32191466e+02     1.17803627e+02   
    6.00000000e+03     1.50000000e+00     1.10372136e+03     3.00142641e+02     2.32969755e+02     1.19628739e+02   
    6.20000000e+03     1.55000000e+00     1.10371141e+03     2.98616219e+02     2.31882836e+02     1.18643521e+02   
    6.40000000e+03     1.60000000e+00     1.10371478e+03     2.96406946e+02     2.31194693e+02     1.19349952e+02   
    6.60000000e+03     1.65000000e+00     1.10372976e+03     3.03726248e+02     2.33092397e+02     1.20525231e+02   
    6.80000000e+03     1.70000000e+00     1.10373818e+03     2.99586471e+02     2.32552751e+02     1.19851903e+02   
    7.00000000e+03     1.75000000e+00     1.10372444e+03     2.99521669e+02     2.31963154e+02     1.20463865e+02   
    7.20000000e+03     1.80000000e+00     1.10372665e+03     2.95903878e+02     2.33601191e+02     1.22399762e+02   
    7.40000000e+03     1.85000000e+00     1.10372219e+03     2.97591862e+02     2.32633697e+02     1.20772692e+02   
    7.60000000e+03     1.90000000e+00     1.10371406e+03     2.98675896e+02     2.30739751e+02     1.18962221e+02   
    7.80000000e+03     1.95000000e+00     1.10372448e+03     2.98304263e+02     2.32488906e+02     1.21776433e+02   
    8.00000000e+03     2.00000000e+00     1.10372350e+03     2.99693574e+02     2.32786800e+02     1.21945570e+02   
    8.20000000e+03     2.05000000e+00     1.10372468e+03     2.98927577e+02     2.31753285e+02     1.20890839e+02   
    8.40000000e+03     2.10000000e+00     1.10372688e+03     2.99974845e+02     2.30895949e+02     1.19840555e+02   
    8.60000000e+03     2.15000000e+00     1.10372439e+03     2.95904824e+02     2.31284421e+02     1.20987016e+02   
    8.80000000e+03     2.20000000e+00     1.10372912e+03     2.98069779e+02     2.31685315e+02     1.20574669e+02   
    9.00000000e+03     2.25000000e+00     1.10373112e+03     2.98416928e+02     2.32322688e+02     1.19907962e+02   
    9.20000000e+03     2.30000000e+00     1.10373379e+03     3.00371332e+02     2.31554541e+02     1.19648502e+02   
    9.40000000e+03     2.35000000e+00     1.10374009e+03     3.00572216e+02     2.30224198e+02     1.17064640e+02   
    9.60000000e+03     2.40000000e+00     1.10376143e+03     2.99083455e+02     2.31492710e+02     1.17742801e+02   
    9.80000000e+03     2.45000000e+00     1.10375898e+03     3.00998353e+02     2.31313480e+02     1.16384213e+02   
    1.00000000e+04     2.50000000e+00     1.10376523e+03     2.99480377e+02     2.30202458e+02     1.17248735e+02   
    1.02000000e+04     2.55000000e+00     1.10377794e+03     2.98076863e+02     2.30908578e+02     1.18814283e+02   
    1.04000000e+04     2.60000000e+00     1.10380021e+03     3.02657647e+02     2.33160712e+02     1.20570456e+02   
    1.06000000e+04     2.65000000e+00     1.10379505e+03     3.00449041e+02     2.31985373e+02     1.17704679e+02   
    1.08000000e+04     2.70000000e+00     1.10380042e+03     2.99774818e+02     2.32200728e+02     1.19503407e+02   
    1.10000000e+04     2.75000000e+00     1.10379322e+03     3.01310413e+02     2.30246803e+02     1.16552879e+02   
    1.12000000e+04     2.80000000e+00     1.10380110e+03     2.98256502e+02     2.33414845e+02     1.20296019e+02   
    1.14000000e+04     2.85000000e+00     1.10379407e+03     2.99916711e+02     2.31603993e+02     1.18073912e+02   
    1.16000000e+04     2.90000000e+00     1.10379508e+03     2.96231664e+02     2.30827796e+02     1.19413173e+02   
    1.18000000e+04     2.95000000e+00     1.10381199e+03     3.01439925e+02     2.32984015e+02     1.20270069e+02   
    1.20000000e+04     3.00000000e+00     1.10380030e+03     3.00946931e+02     2.33672934e+02     1.20781359e+02   
    1.22000000e+04     3.05000000e+00     1.10378482e+03     3.01139912e+02     2.30995882e+02     1.17413036e+02   
    1.24000000e+04     3.10000000e+00     1.10379398e+03     2.98258839e+02     2.34349512e+02     1.20622425e+02   
    1.26000000e+04     3.15000000e+00     1.10378647e+03     2.99525957e+02     2.30592322e+02     1.18126679e+02   
    1.28000000e+04     3.20000000e+00     1.10379425e+03     2.95987862e+02     2.31927103e+02     1.19568804e+02   
    1.30000000e+04     3.25000000e+00     1.10379069e+03     2.97442755e+02     2.31275969e+02     1.19409804e+02   
    1.32000000e+04     3.30000000e+00     1.10380384e+03     3.00401211e+02     2.32402973e+02     1.20566835e+02   
    1.34000000e+04     3.35000000e+00     1.10379759e+03     2.97984605e+02     2.30514350e+02     1.20182806e+02   
    1.36000000e+04     3.40000000e+00     1.10381308e+03     3.00385798e+02     2.31552403e+02     1.20792144e+02   
    1.38000000e+04     3.45000000e+00     1.10381690e+03     2.99358255e+02     2.32321061e+02     1.21076623e+02   
    1.40000000e+04     3.50000000e+00     1.10380995e+03     3.00999061e+02     2.32296286e+02     1.20072781e+02   
    1.42000000e+04     3.55000000e+00     1.10379816e+03     2.98115030e+02     2.30597528e+02     1.18191699e+02   
    1.44000000e+04     3.60000000e+00     1.10379619e+03     2.98919006e+02     2.30742945e+02     1.18490318e+02   
    1.46000000e+04     3.65000000e+00     1.10379408e+03     3.00830946e+02     2.30249328e+02     1.17797523e+02   
    1.48000000e+04     3.70000000e+00     1.10379603e+03     3.02462201e+02     2.30076579e+02     1.17242934e+02   
    1.50000000e+04     3.75000000e+00     1.10379859e+03     2.98470363e+02     2.32789776e+02     1.20044432e+02   
    1.52000000e+04     3.80000000e+00     1.10379166e+03     3.01689330e+02     2.30976291e+02     1.19622808e+02   
    1.54000000e+04     3.85000000e+00     1.10377495e+03     3.00331552e+02     2.31665804e+02     1.18581911e+02   
    1.56000000e+04     3.90000000e+00     1.10376070e+03     3.02464198e+02     2.31166267e+02     1.18353561e+02   
    1.58000000e+04     3.95000000e+00     1.10377369e+03     3.00572290e+02     2.33817988e+02     1.20024752e+02   
    1.60000000e+04     4.00000000e+00     1.10377021e+03     3.03169511e+02     2.31758975e+02     1.17079955e+02   
    1.62000000e+04     4.05000000e+00     1.10378976e+03     3.01258405e+02     2.34505599e+02     1.19790438e+02   
    1.64000000e+04     4.10000000e+00     1.10378996e+03     3.01398158e+02     2.31420530e+02     1.17180977e+02   
    1.66000000e+04     4.15000000e+00     1.10380052e+03     3.00905006e+02     2.29698681e+02     1.16605912e+02   
    1.68000000e+04     4.20000000e+00     1.10381157e+03     3.00807073e+02     2.31820703e+02     1.19077404e+02   
    1.70000000e+04     4.25000000e+00     1.10381016e+03     3.02432894e+02     2.32238349e+02     1.18421708e+02   
    1.72000000e+04     4.30000000e+00     1.10380589e+03     3.00709655e+02     2.30559057e+02     1.16991352e+02   
    1.74000000e+04     4.35000000e+00     1.10381582e+03     2.98169492e+02     2.30935900e+02     1.16499972e+02   
    1.76000000e+04     4.40000000e+00     1.10381759e+03     3.01220197e+02     2.32108820e+02     1.18508078e+02   
    1.78000000e+04     4.45000000e+00     1.10382640e+03     3.02467330e+02     2.32205045e+02     1.18630190e+02   
    1.80000000e+04     4.50000000e+00     1.10382714e+03     3.00958409e+02     2.30270516e+02     1.16116908e+02   
    1.82000000e+04     4.55000000e+00     1.10383111e+03     3.04272796e+02     2.30633661e+02     1.16940355e+02   
    1.84000000e+04     4.60000000e+00     1.10383600e+03     2.98845120e+02     2.33920364e+02     1.21077325e+02   
    1.86000000e+04     4.65000000e+00     1.10382634e+03     3.00238535e+02     2.31753651e+02     1.20509590e+02   
    1.88000000e+04     4.70000000e+00     1.10383419e+03     2.99488579e+02     2.31568620e+02     1.19335037e+02   
    1.90000000e+04     4.75000000e+00     1.10384224e+03     2.97398160e+02     2.32965008e+02     1.20292117e+02   
    1.92000000e+04     4.80000000e+00     1.10383800e+03     2.98323788e+02     2.31523855e+02     1.18730716e+02   
    1.94000000e+04     4.85000000e+00     1.10382745e+03     3.00060906e+02     2.30619192e+02     1.19821443e+02   
    1.96000000e+04     4.90000000e+00     1.10382776e+03     2.97706538e+02     2.32592346e+02     1.20967426e+02   
    1.98000000e+04     4.95000000e+00     1.10384175e+03     2.95674914e+02     2.34230968e+02     1.23424565e+02   
    2.00000000e+04     5.00000000e+00     1.10384669e+03     2.98658694e+02     2.33346176e+02     1.23604541e+02   
    2.02000000e+04     5.05000000e+00     1.10382447e+03     2.97759844e+02     2.30435035e+02     1.21055173e+02   
    2.04000000e+04     5.10000000e+00     1.10383686e+03     3.00018541e+02     2.33288483e+02     1.22364795e+02   
    2.06000000e+04     5.15000000e+00     1.10384188e+03     2.97092653e+02     2.33864775e+02     1.22490058e+02   
    2.08000000e+04     5.20000000e+00     1.10383098e+03     2.97701507e+02     2.33715597e+02     1.20825540e+02   
    2.10000000e+04     5.25000000e+00     1.10382041e+03     2.99480692e+02     2.30153916e+02     1.18607358e+02   
    2.12000000e+04     5.30000000e+00     1.10381924e+03     3.00195869e+02     2.30659049e+02     1.19886898e+02   
    2.14000000e+04     5.35000000e+00     1.10383001e+03     3.00935046e+02     2.32036705e+02     1.20132671e+02   
    2.16000000e+04     5.40000000e+00     1.10381651e+03     3.00491132e+02     2.31171905e+02     1.17550012e+02   
    2.18000000e+04     5.45000000e+00     1.10381696e+03     2.98749173e+02     2.30966212e+02     1.18599306e+02   
    2.20000000e+04     5.50000000e+00     1.10381896e+03     3.00552562e+02     2.31591117e+02     1.18800294e+02   
    2.22000000e+04     5.55000000e+00     1.10382209e+03     2.95885261e+02     2.30171120e+02     1.17249747e+02   
    2.24000000e+04     5.60000000e+00     1.10382754e+03     3.00884963e+02     2.31286323e+02     1.19015663e+02   
    2.26000000e+04     5.65000000e+00     1.10384986e+03     3.00660526e+02     2.34159831e+02     1.21489731e+02   
    2.28000000e+04     5.70000000e+00     1.10384868e+03     2.98932305e+02     2.31614395e+02     1.19568684e+02   
    2.30000000e+04     5.75000000e+00     1.10384661e+03     3.01134615e+02     2.31111129e+02     1.17716004e+02   
    2.32000000e+04     5.80000000e+00     1.10384979e+03     3.01356819e+02     2.30651855e+02     1.17408058e+02   
    2.34000000e+04     5.85000000e+00     1.10384878e+03     2.99103475e+02     2.30380277e+02     1.16700684e+02   
    2.36000000e+04     5.90000000e+00     1.10385710e+03     2.98638347e+02     2.33472665e+02     1.19756969e+02   
    2.38000000e+04     5.95000000e+00     1.10385827e+03     2.99715799e+02     2.31104382e+02     1.18996091e+02   
    2.40000000e+04     6.00000000e+00     1.10386372e+03     2.98574878e+02     2.32809946e+02     1.20413024e+02   
    2.42000000e+04     6.05000000e+00     1.10386372e+03     2.99875978e+02     2.31083647e+02     1.19326394e+02   
    2.44000000e+04     6.10000000e+00     1.10387646e+03     2.97730523e+02     2.32175841e+02     1.19593083e+02   
    2.46000000e+04     6.15000000e+00     1.10387390e+03     2.97458531e+02     2.32487497e+02     1.20677695e+02   
    2.48000000e+04     6.20000000e+00     1.10386318e+03     2.99865745e+02     2.31213875e+02     1.18444823e+02   
    2.50000000e+04     6.25000000e+00     1.10385799e+03     3.00814427e+02     2.31486465e+02     1.19644197e+02   
    2.52000000e+04     6.30000000e+00     1.10384891e+03     2.99029542e+02     2.31246428e+02     1.19366995e+02   
    2.54000000e+04     6.35000000e+00     1.10384669e+03     2.98877018e+02     2.31441136e+02     1.20175913e+02   
    2.56000000e+04     6.40000000e+00     1.10383764e+03     2.99946508e+02     2.31962206e+02     1.20249477e+02   
    2.58000000e+04     6.45000000e+00     1.10384626e+03     2.97452985e+02     2.32144637e+02     1.20627647e+02   
    2.60000000e+04     6.50000000e+00     1.10385213e+03     2.97831241e+02     2.32615695e+02     1.21161730e+02   
    2.62000000e+04     6.55000000e+00     1.10385470e+03     2.99991207e+02     2.33722990e+02     1.21670916e+02   
    2.64000000e+04     6.60000000e+00     1.10385917e+03     2.97341572e+02     2.34329210e+02     1.23404966e+02   
    2.66000000e+04     6.65000000e+00     1.10383850e+03     2.98470248e+02     2.31301390e+02     1.19581557e+02   
    2.68000000e+04     6.70000000e+00     1.10384204e+03     2.99885318e+02     2.33139969e+02     1.20320562e+02   
    2.70000000e+04     6.75000000e+00     1.10382215e+03     2.97698885e+02     2.31528229e+02     1.19208119e+02   
    2.72000000e+04     6.80000000e+00     1.10382722e+03     2.98741465e+02     2.32358374e+02     1.19301831e+02   
    2.74000000e+04     6.85000000e+00     1.10382696e+03     2.99481095e+02     2.32287271e+02     1.20963505e+02   
    2.76000000e+04     6.90000000e+00     1.10382891e+03     2.99837135e+02     2.31075413e+02     1.17514960e+02   
    2.78000000e+04     6.95000000e+00     1.10383365e+03     3.00010475e+02     2.31427852e+02     1.19068206e+02   
    2.80000000e+04     7.00000000e+00     1.10382465e+03     2.99252087e+02     2.31150263e+02     1.18806739e+02   
    2.82000000e+04     7.05000000e+00     1.10381321e+03     2.97685773e+02     2.30199637e+02     1.20069151e+02   
    2.84000000e+04     7.10000000e+00     1.10382058e+03     2.96429205e+02     2.30470704e+02     1.19449334e+02   
    2.86000000e+04     7.15000000e+00     1.10383586e+03     2.96620758e+02     2.33340757e+02     1.22884733e+02   
    2.88000000e+04     7.20000000e+00     1.10382630e+03     3.00071771e+02     2.32363738e+02     1.20866476e+02   
    2.90000000e+04     7.25000000e+00     1.10383087e+03     2.98229072e+02     2.31771239e+02     1.22200368e+02   
    2.92000000e+04     7.30000000e+00     1.10383850e+03     3.01914610e+02     2.31286445e+02     1.19951811e+02   
    2.94000000e+04     7.35000000e+00     1.10384253e+03     3.01178505e+02     2.30873515e+02     1.18052493e+02   
    2.96000000e+04     7.40000000e+00     1.10383614e+03     3.01563318e+02     2.30632253e+02     1.18390467e+02   
    2.98000000e+04     7.45000000e+00     1.10384124e+03     3.01237993e+02     2.31025953e+02     1.20565825e+02   
    3.00000000e+04     7.50000000e+00     1.10384466e+03     2.98057436e+02     2.31421149e+02     1.21128465e+02   
    3.02000000e+04     7.55000000e+00     1.10384293e+03     2.99281374e+02     2.32194735e+02     1.22383018e+02   
    3.04000000e+04     7.60000000e+00     1.10384225e+03     2.96571037e+02     2.32208023e+02     1.22063319e+02   
    3.06000000e+04     7.65000000e+00     1.10384371e+03     2.96602713e+02     2.31572780e+02     1.19778933e+02   
    3.08000000e+04     7.70000000e+00     1.10385267e+03     2.99542081e+02     2.31996052e+02     1.23194870e+02   
    3.10000000e+04     7.75000000e+00     1.10384470e+03     3.00502787e+02     2.30777266e+02     1.19306877e+02   
    3.12000000e+04     7.80000000e+00     1.10385433e+03     3.00181026e+02     2.32168629e+02     1.22475982e+02   
    3.14000000e+04     7.85000000e+00     1.10385390e+03     3.01848565e+02     2.33445719e+02     1.21927134e+02   
    3.16000000e+04     7.90000000e+00     1.10384481e+03     3.01892583e+02     2.29958875e+02     1.20625608e+02   
    3.18000000e+04     7.95000000e+00     1.10384981e+03     2.96934185e+02     2.30763416e+02     1.20851266e+02   
    3.20000000e+04     8.00000000e+00     1.10385376e+03     2.99149993e+02     2.33235444e+02     1.22530146e+02   
    3.22000000e+04     8.05000000e+00     1.10385022e+03     3.01037729e+02     2.33858704e+02     1.22899486e+02   
    3.24000000e+04     8.10000000e+00     1.10384115e+03     3.04073242e+02     2.30006880e+02     1.19149442e+02   
    3.26000000e+04     8.15000000e+00     1.10384318e+03     3.00689534e+02     2.30880463e+02     1.19398067e+02   
    3.28000000e+04     8.20000000e+00     1.10385245e+03     2.97096735e+02     2.31154853e+02     1.20519503e+02   
    3.30000000e+04     8.25000000e+00     1.10385093e+03     3.01030993e+02     2.31995690e+02     1.19394164e+02   
    3.32000000e+04     8.30000000e+00     1.10386021e+03     2.98864063e+02     2.33242263e+02     1.21664352e+02   
    3.34000000e+04     8.35000000e+00     1.10385184e+03     3.02114265e+02     2.30505913e+02     1.18776982e+02   
    3.36000000e+04     8.40000000e+00     1.10386647e+03     3.01044251e+02     2.33515286e+02     1.21747101e+02   
    3.38000000e+04     8.45000000e+00     1.10386767e+03     2.99122986e+02     2.31064970e+02     1.20276571e+02   
    3.40000000e+04     8.50000000e+00     1.10386436e+03     3.00666673e+02     2.29609519e+02     1.18206990e+02   
    3.42000000e+04     8.55000000e+00     1.10386731e+03     3.00628440e+02     2.31592348e+02     1.20989321e+02   
    3.44000000e+04     8.60000000e+00     1.10387593e+03     2.99685858e+02     2.32745126e+02     1.22739729e+02   
    3.46000000e+04     8.65000000e+00     1.10386220e+03     3.03070000e+02     2.30177026e+02     1.19760782e+02   
    3.48000000e+04     8.70000000e+00     1.10387876e+03     2.97724332e+02     2.33697631e+02     1.26026921e+02   
    3.50000000e+04     8.75000000e+00     1.10387726e+03     2.97875337e+02     2.33447059e+02     1.23867125e+02   
    3.52000000e+04     8.80000000e+00     1.10388291e+03     2.98850238e+02     2.32148171e+02     1.24967894e+02   
    3.54000000e+04     8.85000000e+00     1.10387331e+03     3.00848479e+02     2.31281406e+02     1.21346869e+02   
    3.56000000e+04     8.90000000e+00     1.10386860e+03     2.99077775e+02     2.30624765e+02     1.22013797e+02   
    3.58000000e+04     8.95000000e+00     1.10387458e+03     2.97197596e+02     2.32057347e+02     1.21728571e+02   
    3.60000000e+04     9.00000000e+00     1.10386435e+03     2.99446905e+02     2.31820636e+02     1.19655682e+02   
    3.62000000e+04     9.05000000e+00     1.10387082e+03     2.96765114e+02     2.31025618e+02     1.19504073e+02   
    3.64000000e+04     9.10000000e+00     1.10387148e+03     3.00606152e+02     2.31616430e+02     1.20110031e+02   
    3.66000000e+04     9.15000000e+00     1.10387111e+03     2.98315493e+02     2.30018861e+02     1.18867198e+02   
    3.68000000e+04     9.20000000e+00     1.10387876e+03     3.03021262e+02     2.30811952e+02     1.18478070e+02   
    3.70000000e+04     9.25000000e+00     1.10387846e+03     3.00783516e+02     2.29715400e+02     1.17943463e+02   
    3.72000000e+04     9.30000000e+00     1.10388162e+03     3.02177648e+02     2.28760539e+02     1.16456489e+02   
    3.74000000e+04     9.35000000e+00     1.10388191e+03     2.99421156e+02     2.31977009e+02     1.16861327e+02   
    3.76000000e+04     9.40000000e+00     1.10388612e+03     3.00916458e+02     2.33076371e+02     1.18309167e+02   
    3.78000000e+04     9.45000000e+00     1.10387587e+03     3.02483841e+02     2.32846991e+02     1.18378623e+02   
    3.80000000e+04     9.50000000e+00     1.10387013e+03     2.99692168e+02     2.33030806e+02     1.19854799e+02   
    3.82000000e+04     9.55000000e+00     1.10385751e+03     2.99630465e+02     2.32137516e+02     1.19675745e+02   
    3.84000000e+04     9.60000000e+00     1.10384649e+03     3.02554451e+02     2.30736116e+02     1.19343676e+02   
    3.86000000e+04     9.65000000e+00     1.10384694e+03     3.00107473e+02     2.30551414e+02     1.19573240e+02   
    3.88000000e+04     9.70000000e+00     1.10384903e+03     2.99931170e+02     2.31156658e+02     1.20191870e+02   
    3.90000000e+04     9.75000000e+00     1.10386762e+03     3.02387356e+02     2.33363386e+02     1.22356249e+02   
    3.92000000e+04     9.80000000e+00     1.10385670e+03     3.01794452e+02     2.32801251e+02     1.21298420e+02   
    3.94000000e+04     9.85000000e+00     1.10384033e+03     3.01750907e+02     2.30864217e+02     1.19558628e+02   
    3.96000000e+04     9.90000000e+00     1.10382537e+03     3.04361831e+02     2.30760094e+02     1.17329556e+02   
    3.98000000e+04     9.95000000e+00     1.10381614e+03     2.99421655e+02     2.30050655e+02     1.18359201e+02   
    4.00000000e+04     1.00000000e+01     1.10382016e+03     3.02306916e+02     2.32880505e+02     1.22798493e+02   
    4.02000000e+04     1.00500000e+01     1.10383833e+03     2.99752569e+02     2.32519828e+02     1.21938016e+02   
    4.04000000e+04     1.01000000e+01     1.10382983e+03     2.99911388e+02     2.29777851e+02     1.19843510e+02   
    4.06000000e+04     1.01500000e+01     1.10385209e+03     3.00550692e+02     2.33522341e+02     1.21837185e+02   
    4.08000000e+04     1.02000000e+01     1.10385218e+03     3.00431403e+02     2.31023877e+02     1.21107217e+02   
    4.10000000e+04     1.02500000e+01     1.10384330e+03     2.97356350e+02     2.30728861e+02     1.20547870e+02   
    4.12000000e+04     1.03000000e+01     1.10383643e+03     2.99718622e+02     2.31458168e+02     1.20253601e+02   
    4.14000000e+04     1.03500000e+01     1.10383449e+03     2.96182030e+02     2.29951453e+02     1.19611542e+02   
    4.16000000e+04     1.04000000e+01     1.10384720e+03     2.99340354e+02     2.30711732e+02     1.19626119e+02   
    4.18000000e+04     1.04500000e+01     1.10384831e+03     2.98162137e+02     2.32955512e+02     1.24014777e+02   
    4.20000000e+04     1.05000000e+01     1.10385356e+03     3.00342183e+02     2.32491720e+02     1.22480200e+02   
    4.22000000e+04     1.05500000e+01     1.10386434e+03     2.96201213e+02     2.31227187e+02     1.23792035e+02   
    4.24000000e+04     1.06000000e+01     1.10387616e+03     2.98216369e+02     2.32100256e+02     1.22626865e+02   
    4.26000000e+04     1.06500000e+01     1.10389213e+03     2.99990366e+02     2.35179375e+02     1.25074792e+02   
    4.28000000e+04     1.07000000e+01     1.10387873e+03     3.01659723e+02     2.32981294e+02     1.21870058e+02   
    4.30000000e+04     1.07500000e+01     1.10386862e+03     2.99256686e+02     2.32513745e+02     1.20264336e+02   
    4.32000000e+04     1.08000000e+01     1.10387815e+03     3.00340972e+02     2.32054462e+02     1.21775282e+02   
    4.34000000e+04     1.08500000e+01     1.10388248e+03     2.99882636e+02     2.31322141e+02     1.22020664e+02   
    4.36000000e+04     1.09000000e+01     1.10387467e+03     2.95536213e+02     2.31469829e+02     1.21895792e+02   
    4.38000000e+04     1.09500000e+01     1.10387855e+03     2.99125543e+02     2.32124665e+02     1.20076454e+02   
    4.40000000e+04     1.10000000e+01     1.10388506e+03     2.98725013e+02     2.33039250e+02     1.22950867e+02   
    4.42000000e+04     1.10500000e+01     1.10388091e+03     2.98808027e+02     2.32800394e+02     1.21693056e+02   
    4.44000000e+04     1.11000000e+01     1.10388363e+03     3.00401518e+02     2.31899374e+02     1.20960450e+02   
    4.46000000e+04     1.11500000e+01     1.10387912e+03     2.98725341e+02     2.30817982e+02     1.19153648e+02   
    4.48000000e+04     1.12000000e+01     1.10387271e+03     3.01701697e+02     2.31505301e+02     1.18020317e+02   
    4.50000000e+04     1.12500000e+01     1.10386567e+03     3.02053396e+02     2.31874259e+02     1.17630277e+02   
    4.52000000e+04     1.13000000e+01     1.10386452e+03     3.00945310e+02     2.31966370e+02     1.19114647e+02   
    4.54000000e+04     1.13500000e+01     1.10384500e+03     3.00089110e+02     2.31922869e+02     1.19059435e+02   
    4.56000000e+04     1.14000000e+01     1.10383600e+03     3.00857550e+02     2.30170343e+02     1.15837017e+02   
    4.58000000e+04     1.14500000e+01     1.10383732e+03     2.99940087e+02     2.33622631e+02     1.19492188e+02   
    4.60000000e+04     1.15000000e+01     1.10382716e+03     2.95671214e+02     2.30308361e+02     1.18023263e+02   
    4.62000000e+04     1.15500000e+01     1.10383183e+03     2.97487833e+02     2.31640041e+02     1.18882365e+02   
    4.64000000e+04     1.16000000e+01     1.10384101e+03     3.02704646e+02     2.33925831e+02     1.20938753e+02   
    4.66000000e+04     1.16500000e+01     1.10383166e+03     2.96796155e+02     2.31284827e+02     1.18694623e+02   
    4.68000000e+04     1.17000000e+01     1.10383076e+03     2.99244682e+02     2.30421850e+02     1.17419405e+02   
    4.70000000e+04     1.17500000e+01     1.10383660e+03     3.00678252e+02     2.30342756e+02     1.17102780e+02   
    4.72000000e+04     1.18000000e+01     1.10384784e+03     3.01893469e+02     2.30324069e+02     1.16357873e+02   
    4.74000000e+04     1.18500000e+01     1.10385159e+03     2.99510064e+02     2.31069106e+02     1.18387853e+02   
    4.76000000e+04     1.19000000e+01     1.10385356e+03     3.03121233e+02     2.30794429e+02     1.18803179e+02   
    4.78000000e+04     1.19500000e+01     1.10386419e+03     2.97850653e+02     2.31589115e+02     1.20513540e+02   
    4.80000000e+04     1.20000000e+01     1.10388004e+03     2.97896135e+02     2.34325282e+02     1.24154536e+02   
    4.82000000e+04     1.20500000e+01     1.10385585e+03     2.99914816e+02     2.29264967e+02     1.18148913e+02   
    4.84000000e+04     1.21000000e+01     1.10385442e+03     2.98683685e+02     2.32259399e+02     1.20255705e+02   
    4.86000000e+04     1.21500000e+01     1.10385692e+03     2.98146243e+02     2.32123785e+02     1.20328231e+02   
    4.88000000e+04     1.22000000e+01     1.10385455e+03     2.98453397e+02     2.30458157e+02     1.18143628e+02   
    4.90000000e+04     1.22500000e+01     1.10384793e+03     2.97186026e+02     2.29639809e+02     1.17860452e+02   
    4.92000000e+04     1.23000000e+01     1.10386136e+03     3.00505464e+02     2.33274034e+02     1.19212672e+02   
    4.94000000e+04     1.23500000e+01     1.10385590e+03     2.97083119e+02     2.33488458e+02     1.21547472e+02   
    4.96000000e+04     1.24000000e+01     1.10384514e+03     2.98758269e+02     2.30438825e+02     1.16145797e+02   
    4.98000000e+04     1.24500000e+01     1.10384961e+03     3.00475868e+02     2.31308443e+02     1.18692764e+02   
    5.00000000e+04     1.25000000e+01     1.10384402e+03     2.94780879e+02     2.33279292e+02     1.20171330e+02   
    5.02000000e+04     1.25500000e+01     1.10383993e+03     2.98802682e+02     2.33204440e+02     1.20735764e+02   
    5.04000000e+04     1.26000000e+01     1.10383851e+03     2.98413081e+02     2.33649070e+02     1.19992081e+02   
    5.06000000e+04     1.26500000e+01     1.10383239e+03     2.98346779e+02     2.32616801e+02     1.18764803e+02   
    5.08000000e+04     1.27000000e+01     1.10381580e+03     2.96228585e+02     2.31194530e+02     1.17276396e+02   
    5.10000000e+04     1.27500000e+01     1.10381286e+03     2.99041363e+02     2.30917114e+02     1.16093129e+02   
    5.12000000e+04     1.28000000e+01     1.10382105e+03     2.99431235e+02     2.30801644e+02     1.16558126e+02   
    5.14000000e+04     1.28500000e+01     1.10382221e+03     3.01373147e+02     2.31690108e+02     1.15838527e+02   
    5.16000000e+04     1.29000000e+01     1.10381938e+03     3.00284472e+02     2.31813125e+02     1.17354334e+02   
    5.18000000e+04     1.29500000e+01     1.10382238e+03     2.98565568e+02     2.32861790e+02     1.18604537e+02   
    5.20000000e+04     1.30000000e+01     1.10381442e+03     2.96475605e+02     2.33865364e+02     1.19156761e+02   
    5.22000000e+04     1.30500000e+01     1.10380644e+03     3.01813821e+02     2.31776748e+02     1.16314452e+02   
    5.24000000e+04     1.31000000e+01     1.10380755e+03     2.98739116e+02     2.30542230e+02     1.15130190e+02   
    5.26000000e+04     1.31500000e+01     1.10382420e+03     2.95915289e+02     2.32708551e+02     1.19677350e+02   
    5.28000000e+04     1.32000000e+01     1.10383315e+03     3.01053723e+02     2.32572438e+02     1.18556602e+02   
    5.30000000e+04     1.32500000e+01     1.10382960e+03     2.97478312e+02     2.31184869e+02     1.17627975e+02   
    5.32000000e+04     1.33000000e+01     1.10383129e+03     2.98813118e+02     2.32166803e+02     1.17837792e+02   
    5.34000000e+04     1.33500000e+01     1.10383552e+03     3.00425157e+02     2.29972733e+02     1.16811050e+02   
    5.36000000e+04     1.34000000e+01     1.10384811e+03     2.99026934e+02     2.31890963e+02     1.18904341e+02   
    5.38000000e+04     1.34500000e+01     1.10385354e+03     2.98157155e+02     2.31108596e+02     1.17651629e+02   
    5.40000000e+04     1.35000000e+01     1.10385769e+03     2.99761651e+02     2.31302379e+02     1.17954165e+02   
    5.42000000e+04     1.35500000e+01     1.10386872e+03     2.99626891e+02     2.32272501e+02     1.19726143e+02   
    5.44000000e+04     1.36000000e+01     1.10386693e+03     2.99206759e+02     2.32119900e+02     1.19446072e+02   
    5.46000000e+04     1.36500000e+01     1.10385941e+03     2.96986812e+02     2.32035380e+02     1.18314753e+02   
    5.48000000e+04     1.37000000e+01     1.10385287e+03     2.99835890e+02     2.29766839e+02     1.16264050e+02   
    5.50000000e+04     1.37500000e+01     1.10385859e+03     3.01563144e+02     2.31184517e+02     1.17203983e+02   
    5.52000000e+04     1.38000000e+01     1.10385330e+03     2.98405014e+02     2.31174037e+02     1.17552698e+02   
    5.54000000e+04     1.38500000e+01     1.10385372e+03     2.97956108e+02     2.32274763e+02     1.18417348e+02   
    5.56000000e+04     1.39000000e+01     1.10385426e+03     3.04678378e+02     2.31912353e+02     1.17085180e+02   
    5.58000000e+04     1.39500000e+01     1.10386271e+03     3.00881896e+02     2.32166757e+02     1.17874776e+02   
    5.60000000e+04     1.40000000e+01     1.10386393e+03     3.00439597e+02     2.31704851e+02     1.17867419e+02   
    5.62000000e+04     1.40500000e+01     1.10385969e+03     2.99454665e+02     2.31983868e+02     1.18086935e+02   
    5.64000000e+04     1.41000000e+01     1.10385916e+03     2.99297383e+02     2.32459142e+02     1.18345203e+02   
    5.66000000e+04     1.41500000e+01     1.10385492e+03     2.99377773e+02     2.32174223e+02     1.17727879e+02   
    5.68000000e+04     1.42000000e+01     1.10387656e+03     2.99670811e+02     2.32073399e+02     1.18870172e+02   
    5.70000000e+04     1.42500000e+01     1.10388618e+03     2.99076274e+02     2.31367941e+02     1.18126033e+02   
    5.72000000e+04     1.43000000e+01     1.10391234e+03     2.99948917e+02     2.32080437e+02     1.17030853e+02   
    5.74000000e+04     1.43500000e+01     1.10392205e+03     3.00617228e+02     2.31502971e+02     1.16151008e+02   
    5.76000000e+04     1.44000000e+01     1.10393404e+03     2.99460855e+02     2.32842596e+02     1.18902030e+02   
    5.78000000e+04     1.44500000e+01     1.10394741e+03     2.98941381e+02     2.32542798e+02     1.19136080e+02   
    5.80000000e+04     1.45000000e+01     1.10394310e+03     2.97041227e+02     2.31125686e+02     1.17476623e+02   
    5.82000000e+04     1.45500000e+01     1.10394979e+03     2.97472280e+02     2.32028351e+02     1.18091687e+02   
    5.84000000e+04     1.46000000e+01     1.10393781e+03     2.99251438e+02     2.32016867e+02     1.17639454e+02   
    5.86000000e+04     1.46500000e+01     1.10394088e+03     3.00253968e+02     2.30545735e+02     1.17622049e+02   
    5.88000000e+04     1.47000000e+01     1.10393968e+03     2.97529832e+02     2.31147284e+02     1.18208591e+02   
    5.90000000e+04     1.47500000e+01     1.10393504e+03     2.99985286e+02     2.32542291e+02     1.17346187e+02   
    5.92000000e+04     1.48000000e+01     1.10393420e+03     2.97582329e+02     2.32776945e+02     1.18914556e+02   
    5.94000000e+04     1.48500000e+01     1.10393665e+03     2.95063630e+02     2.32311461e+02     1.20181638e+02   
    5.96000000e+04     1.49000000e+01     1.10394012e+03     3.00602227e+02     2.32516472e+02     1.19252070e+02   
    5.98000000e+04     1.49500000e+01     1.10394666e+03     3.00945314e+02     2.31843200e+02     1.18267065e+02   
    6.00000000e+04     1.50000000e+01     1.10394903e+03     2.99749279e+02     2.32592807e+02     1.19270916e+02   
    6.02000000e+04     1.50500000e+01     1.10393955e+03     2.99647764e+02     2.30809695e+02     1.18085042e+02   
    6.04000000e+04     1.51000000e+01     1.10393933e+03     3.00322374e+02     2.30069066e+02     1.16549074e+02   
    6.06000000e+04     1.51500000e+01     1.10394906e+03     3.01500743e+02     2.32766066e+02     1.18814547e+02   
    6.08000000e+04     1.52000000e+01     1.10393624e+03     3.00644689e+02     2.30882537e+02     1.17405232e+02   
    6.10000000e+04     1.52500000e+01     1.10393308e+03     3.00246525e+02     2.30631387e+02     1.16783969e+02   
    6.12000000e+04     1.53000000e+01     1.10393389e+03     3.00098101e+02     2.31357171e+02     1.19163356e+02   
    6.14000000e+04     1.53500000e+01     1.10392387e+03     3.01331124e+02     2.31195451e+02     1.17884132e+02   
    6.16000000e+04     1.54000000e+01     1.10391849e+03     3.01134954e+02     2.31422418e+02     1.18155565e+02   
    6.18000000e+04     1.54500000e+01     1.10391941e+03     3.00343932e+02     2.31169244e+02     1.18020761e+02   
    6.20000000e+04     1.55000000e+01     1.10394396e+03     3.03359260e+02     2.31293790e+02     1.17993292e+02   
    6.22000000e+04     1.55500000e+01     1.10397278e+03     3.01242814e+02     2.33523754e+02     1.19342543e+02   
    6.24000000e+04     1.56000000e+01     1.10397803e+03     3.04328366e+02     2.30609392e+02     1.16057979e+02   
    6.26000000e+04     1.56500000e+01     1.10399018e+03     3.00052620e+02     2.31447629e+02     1.18212791e+02   
    6.28000000e+04     1.57000000e+01     1.10399856e+03     2.99705056e+02     2.32227108e+02     1.21151200e+02   
    6.30000000e+04     1.57500000e+01     1.10399269e+03     3.01183555e+02     2.32545466e+02     1.19013012e+02   
    6.32000000e+04     1.58000000e+01     1.10398476e+03     3.03890535e+02     2.30236680e+02     1.16066182e+02   
    6.34000000e+04     1.58500000e+01     1.10399759e+03     3.01194580e+02     2.33032067e+02     1.18417466e+02   
    6.36000000e+04     1.59000000e+01     1.10399553e+03     2.99641360e+02     2.32278447e+02     1.19007616e+02   
    6.38000000e+04     1.59500000e+01     1.10399695e+03     2.97725613e+02     2.31476555e+02     1.19226959e+02   
    6.40000000e+04     1.60000000e+01     1.10398481e+03     2.99188574e+02     2.30585001e+02     1.17500017e+02   
    6.42000000e+04     1.60500000e+01     1.10397922e+03     2.97765732e+02     2.31425634e+02     1.19534191e+02   
    6.44000000e+04     1.61000000e+01     1.10397952e+03     3.03937266e+02     2.32167253e+02     1.19159563e+02   
    6.46000000e+04     1.61500000e+01     1.10397434e+03     2.98928931e+02     2.30449287e+02     1.18951246e+02   
    6.48000000e+04     1.62000000e+01     1.10398974e+03     3.02545686e+02     2.34205829e+02     1.21609740e+02   
    6.50000000e+04     1.62500000e+01     1.10398966e+03     2.99409897e+02     2.31686378e+02     1.20571939e+02   
    6.52000000e+04     1.63000000e+01     1.10399672e+03     2.98685190e+02     2.32314902e+02     1.19090278e+02   
    6.54000000e+04     1.63500000e+01     1.10399516e+03     2.95380405e+02     2.30113211e+02     1.18243484e+02   
    6.56000000e+04     1.64000000e+01     1.10401347e+03     3.01569164e+02     2.32500814e+02     1.19865676e+02   
    6.58000000e+04     1.64500000e+01     1.10401568e+03     3.00446967e+02     2.31194062e+02     1.19124389e+02   
    6.60000000e+04     1.65000000e+01     1.10400629e+03     2.97827939e+02     2.30517406e+02     1.16756390e+02   
    6.62000000e+04     1.65500000e+01     1.10400860e+03     3.00568313e+02     2.32781050e+02     1.20249808e+02   
    6.64000000e+04     1.66000000e+01     1.10401192e+03     2.98076393e+02     2.32585235e+02     1.21483549e+02   
    6.66000000e+04     1.66500000e+01     1.10402305e+03     2.98581578e+02     2.31643283e+02     1.20646735e+02   
    6.68000000e+04     1.67000000e+01     1.10403381e+03     2.97022036e+02     2.31490313e+02     1.20635766e+02   
    6.70000000e+04     1.67500000e+01     1.10403653e+03     3.00043209e+02     2.29291362e+02     1.17370188e+02   
    6.72000000e+04     1.68000000e+01     1.10404483e+03     2.95002489e+02     2.31983058e+02     1.20976536e+02   
    6.74000000e+04     1.68500000e+01     1.10403697e+03     2.97858640e+02     2.30263588e+02     1.19214019e+02   
    6.76000000e+04     1.69000000e+01     1.10402738e+03     2.98794260e+02     2.31296739e+02     1.18386700e+02   
    6.78000000e+04     1.69500000e+01     1.10401563e+03     3.00128016e+02     2.33516774e+02     1.21012883e+02   
    6.80000000e+04     1.70000000e+01     1.10400726e+03     2.99969773e+02     2.32571450e+02     1.20960333e+02   
    6.82000000e+04     1.70500000e+01     1.10399600e+03     2.95948501e+02     2.33482262e+02     1.21006271e+02   
    6.84000000e+04     1.71000000e+01     1.10397319e+03     3.00964935e+02     2.31754720e+02     1.19184726e+02   
    6.86000000e+04     1.71500000e+01     1.10396205e+03     2.98273014e+02     2.31221600e+02     1.18467277e+02   
    6.88000000e+04     1.72000000e+01     1.10396766e+03     3.00224824e+02     2.34361403e+02     1.22265009e+02   
    6.90000000e+04     1.72500000e+01     1.10395650e+03     3.01286114e+02     2.33292665e+02     1.22238519e+02   
    6.92000000e+04     1.73000000e+01     1.10395888e+03     2.99295382e+02     2.32295287e+02     1.19731994e+02   
    6.94000000e+04     1.73500000e+01     1.10395421e+03     3.00042520e+02     2.32507004e+02     1.20271534e+02   
    6.96000000e+04     1.74000000e+01     1.10395633e+03     2.93959059e+02     2.31802820e+02     1.20860150e+02   
    6.98000000e+04     1.74500000e+01     1.10395430e+03     2.98750994e+02     2.31189472e+02     1.19947535e+02   
    7.00000000e+04     1.75000000e+01     1.10395985e+03     2.97423119e+02     2.32306798e+02     1.22121256e+02   
    7.02000000e+04     1.75500000e+01     1.10396074e+03     2.99711111e+02     2.31095452e+02     1.20274637e+02   
    7.04000000e+04     1.76000000e+01     1.10395745e+03     2.99391830e+02     2.31292800e+02     1.20364749e+02   
    7.06000000e+04     1.76500000e+01     1.10394222e+03     3.03345919e+02     2.30234032e+02     1.18171594e+02   
    7.08000000e+04     1.77000000e+01     1.10393951e+03     2.99746642e+02     2.32126045e+02     1.19029519e+02   
    7.10000000e+04     1.77500000e+01     1.10395086e+03     2.97887751e+02     2.31450950e+02     1.17688187e+02   
    7.12000000e+04     1.78000000e+01     1.10396135e+03     2.98522575e+02     2.31883984e+02     1.18327252e+02   
    7.14000000e+04     1.78500000e+01     1.10397097e+03     2.99426546e+02     2.32699276e+02     1.20042422e+02   
    7.16000000e+04     1.79000000e+01     1.10396843e+03     3.00832117e+02     2.31828203e+02     1.17702914e+02   
    7.18000000e+04     1.79500000e+01     1.10396798e+03     2.96334472e+02     2.31290440e+02     1.18541304e+02   
    7.20000000e+04     1.80000000e+01     1.10397205e+03     3.00333708e+02     2.31230626e+02     1.17016077e+02   
    7.22000000e+04     1.80500000e+01     1.10398113e+03     2.95985118e+02     2.31404870e+02     1.17315238e+02   
    7.24000000e+04     1.81000000e+01     1.10397686e+03     2.97763711e+02     2.30976864e+02     1.15952961e+02   
    7.26000000e+04     1.81500000e+01     1.10399285e+03     2.96787331e+02     2.33550139e+02     1.19927613e+02   
    7.28000000e+04     1.82000000e+01     1.10397717e+03     2.98880898e+02     2.30205501e+02     1.16399385e+02   
    7.30000000e+04     1.82500000e+01     1.10398576e+03     2.99569524e+02     2.30499932e+02     1.17554259e+02   
    7.32000000e+04     1.83000000e+01     1.10398354e+03     2.98600356e+02     2.31990727e+02     1.17662162e+02   
    7.34000000e+04     1.83500000e+01     1.10399620e+03     2.98129464e+02     2.34102157e+02     1.19127837e+02   
    7.36000000e+04     1.84000000e+01     1.10398809e+03     2.98685066e+02     2.31229574e+02     1.15936602e+02   
    7.38000000e+04     1.84500000e+01     1.10397816e+03     2.97503611e+02     2.30869651e+02     1.13942652e+02   
    7.40000000e+04     1.85000000e+01     1.10398687e+03     3.00050928e+02     2.31400261e+02     1.16156402e+02   
    7.42000000e+04     1.85500000e+01     1.10397917e+03     2.98360971e+02     2.32890910e+02     1.18612229e+02   
    7.44000000e+04     1.86000000e+01     1.10396294e+03     3.01253179e+02     2.31367474e+02     1.17855065e+02   
    7.46000000e+04     1.86500000e+01     1.10395229e+03     3.00231366e+02     2.29917011e+02     1.15354457e+02   
    7.48000000e+04     1.87000000e+01     1.10395372e+03     3.01840829e+02     2.30665312e+02     1.17444877e+02   
    7.50000000e+04     1.87500000e+01     1.10395607e+03     2.97917107e+02     2.31227085e+02     1.15873105e+02   
    7.52000000e+04     1.88000000e+01     1.10395703e+03     2.99939697e+02     2.30066685e+02     1.15116304e+02   
    7.54000000e+04     1.88500000e+01     1.10395736e+03     3.00645200e+02     2.30596444e+02     1.15002742e+02   
    7.56000000e+04     1.89000000e+01     1.10398269e+03     2.99877869e+02     2.30168269e+02     1.17538791e+02   
    7.58000000e+04     1.89500000e+01     1.10400837e+03     2.98737678e+02     2.32584492e+02     1.19969953e+02   
    7.60000000e+04     1.90000000e+01     1.10400259e+03     3.01219325e+02     2.31776473e+02     1.18967440e+02   
    7.62000000e+04     1.90500000e+01     1.10400384e+03     3.01429745e+02     2.33108887e+02     1.20065659e+02   
    7.64000000e+04     1.91000000e+01     1.10398479e+03     3.00261773e+02     2.29578007e+02     1.16813426e+02   
    7.66000000e+04     1.91500000e+01     1.10399891e+03     3.00956342e+02     2.32446720e+02     1.17713726e+02   
    7.68000000e+04     1.92000000e+01     1.10400046e+03     3.00069410e+02     2.32631101e+02     1.16163790e+02   
    7.70000000e+04     1.92500000e+01     1.10400440e+03     2.97276959e+02     2.31815954e+02     1.18319146e+02   
    7.72000000e+04     1.93000000e+01     1.10399858e+03     3.02539040e+02     2.31248541e+02     1.16421052e+02   
    7.74000000e+04     1.93500000e+01     1.10400256e+03     2.99197253e+02     2.32187520e+02     1.18981690e+02   
    7.76000000e+04     1.94000000e+01     1.10398684e+03     2.98768336e+02     2.31397443e+02     1.17447046e+02   
    7.78000000e+04     1.94500000e+01     1.10399240e+03     2.95343936e+02     2.31278429e+02     1.19465984e+02   
    7.80000000e+04     1.95000000e+01     1.10398865e+03     2.99965692e+02     2.31582251e+02     1.19221400e+02   
    7.82000000e+04     1.95500000e+01     1.10400200e+03     3.01235781e+02     2.30699711e+02     1.18485610e+02   
    7.84000000e+04     1.96000000e+01     1.10399320e+03     3.02960539e+02     2.30852800e+02     1.17069749e+02   
    7.86000000e+04     1.96500000e+01     1.10400696e+03     2.96951104e+02     2.31594054e+02     1.18242718e+02   
    7.88000000e+04     1.97000000e+01     1.10401200e+03     2.98081944e+02     2.30182203e+02     1.16990252e+02   
    7.90000000e+04     1.97500000e+01     1.10401354e+03     3.01067584e+02     2.31525556e+02     1.18236941e+02   
    7.92000000e+04     1.98000000e+01     1.10401210e+03     3.00135197e+02     2.30332195e+02     1.15859210e+02   
    7.94000000e+04     1.98500000e+01     1.10402984e+03     2.99535688e+02     2.32638941e+02     1.19335639e+02   
    7.96000000e+04     1.99000000e+01     1.10401411e+03     2.99735583e+02     2.32108200e+02     1.20258350e+02   
    7.98000000e+04     1.99500000e+01     1.10400433e+03     2.98156007e+02     2.31720049e+02     1.19153085e+02   
    8.00000000e+04     2.00000000e+01     1.10399684e+03     2.97142503e+02     2.30393864e+02     1.18106813e+02   
