# column   1     --> step : The current simulation time step.
# column   2     --> time{picosecond} : The elapsed simulation time.
# column   3     --> conserved{electronvolt} : The value of the conserved energy quantity per bead.
# column   4     --> temperature{kelvin} : The current temperature, as obtained from the MD kinetic energy.
# column   5     --> kinetic_cv{electronvolt} : The centroid-virial quantum kinetic energy of the physical system.
# column   6     --> potential{electronvolt} : The physical system potential energy.
    0.00000000e+00     0.00000000e+00     1.10049334e+03     3.04428649e+02     2.29945223e+02     1.15636215e+02   
    2.00000000e+02     5.00000000e-02     1.10050569e+03     2.99769682e+02     2.31552521e+02     1.17586046e+02   
    4.00000000e+02     1.00000000e-01     1.10052838e+03     2.99547790e+02     2.34306267e+02     1.20758092e+02   
    6.00000000e+02     1.50000000e-01     1.10052323e+03     2.99387824e+02     2.32325617e+02     1.17228892e+02   
    8.00000000e+02     2.00000000e-01     1.10051874e+03     2.96957064e+02     2.32841641e+02     1.18395793e+02   
    1.00000000e+03     2.50000000e-01     1.10052919e+03     3.00065693e+02     2.32113262e+02     1.16622589e+02   
    1.20000000e+03     3.00000000e-01     1.10054027e+03     3.00379056e+02     2.32053294e+02     1.16332953e+02   
    1.40000000e+03     3.50000000e-01     1.10054082e+03     3.02683460e+02     2.31475133e+02     1.16310126e+02   
    1.60000000e+03     4.00000000e-01     1.10053650e+03     2.95904159e+02     2.31124005e+02     1.15851631e+02   
    1.80000000e+03     4.50000000e-01     1.10055612e+03     2.97450805e+02     2.31342396e+02     1.17141024e+02   
    2.00000000e+03     5.00000000e-01     1.10056903e+03     3.00657729e+02     2.33323884e+02     1.18334385e+02   
    2.20000000e+03     5.50000000e-01     1.10055997e+03     3.00852455e+02     2.29838264e+02     1.14457363e+02   
    2.40000000e+03     6.00000000e-01     1.10057708e+03     2.99617524e+02     2.30970269e+02     1.17138457e+02   
    2.60000000e+03     6.50000000e-01     1.10058146e+03     2.99592753e+02     2.31448703e+02     1.15837250e+02   
    2.80000000e+03     7.00000000e-01     1.10058463e+03     3.01002962e+02     2.32484385e+02     1.17919486e+02   
    3.00000000e+03     7.50000000e-01     1.10057412e+03     2.99849966e+02     2.31714783e+02     1.16953962e+02   
    3.20000000e+03     8.00000000e-01     1.10056785e+03     3.00290385e+02     2.32336773e+02     1.17664421e+02   
    3.40000000e+03     8.50000000e-01     1.10055708e+03     3.03711577e+02     2.32517884e+02     1.17365392e+02   
    3.60000000e+03     9.00000000e-01     1.10055607e+03     2.99805957e+02     2.32358291e+02     1.17011001e+02   
    3.80000000e+03     9.50000000e-01     1.10055606e+03     2.97961531e+02     2.31817985e+02     1.16278898e+02   
    4.00000000e+03     1.00000000e+00     1.10055740e+03     2.98903980e+02     2.33453574e+02     1.19213435e+02   
    4.20000000e+03     1.05000000e+00     1.10053669e+03     3.01813903e+02     2.30870117e+02     1.15793608e+02   
    4.40000000e+03     1.10000000e+00     1.10053590e+03     3.00236367e+02     2.31919105e+02     1.16296267e+02   
    4.60000000e+03     1.15000000e+00     1.10054034e+03     2.98414768e+02     2.33545929e+02     1.18893672e+02   
    4.80000000e+03     1.20000000e+00     1.10053049e+03     3.00056075e+02     2.30025946e+02     1.16731673e+02   
    5.00000000e+03     1.25000000e+00     1.10053804e+03     2.99581440e+02     2.30948932e+02     1.18424164e+02   
    5.20000000e+03     1.30000000e+00     1.10055330e+03     3.02184001e+02     2.31779999e+02     1.17975160e+02   
    5.40000000e+03     1.35000000e+00     1.10055028e+03     3.01986450e+02     2.31392681e+02     1.17231651e+02   
    5.60000000e+03     1.40000000e+00     1.10055231e+03     2.98279763e+02     2.31758676e+02     1.19433775e+02   
    5.80000000e+03     1.45000000e+00     1.10056882e+03     3.00217086e+02     2.31196514e+02     1.17753037e+02   
    6.00000000e+03     1.50000000e+00     1.10057093e+03     3.00503328e+02     2.31506280e+02     1.18427289e+02   
    6.20000000e+03     1.55000000e+00     1.10058449e+03     3.01086219e+02     2.32987931e+02     1.19443513e+02   
    6.40000000e+03     1.60000000e+00     1.10058330e+03     3.00676318e+02     2.33259517e+02     1.21019697e+02   
    6.60000000e+03     1.65000000e+00     1.10057752e+03     3.05099668e+02     2.32673911e+02     1.20032858e+02   
    6.80000000e+03     1.70000000e+00     1.10057180e+03     3.03888776e+02     2.30053399e+02     1.16881290e+02   
    7.00000000e+03     1.75000000e+00     1.10058572e+03     3.00612622e+02     2.30940685e+02     1.19025750e+02   
    7.20000000e+03     1.80000000e+00     1.10059100e+03     2.99286978e+02     2.32597660e+02     1.20150667e+02   
    7.40000000e+03     1.85000000e+00     1.10059054e+03     2.99757080e+02     2.31942075e+02     1.19354018e+02   
    7.60000000e+03     1.90000000e+00     1.10058500e+03     2.99307483e+02     2.31325290e+02     1.19137043e+02   
    7.80000000e+03     1.95000000e+00     1.10058669e+03     3.00414817e+02     2.32001491e+02     1.18526513e+02   
    8.00000000e+03     2.00000000e+00     1.10058103e+03     3.02157871e+02     2.31648849e+02     1.19085768e+02   
    8.20000000e+03     2.05000000e+00     1.10057190e+03     3.01236693e+02     2.31206354e+02     1.19270494e+02   
    8.40000000e+03     2.10000000e+00     1.10056787e+03     3.02556169e+02     2.30579731e+02     1.20853611e+02   
    8.60000000e+03     2.15000000e+00     1.10057851e+03     2.98651057e+02     2.31980324e+02     1.20571589e+02   
    8.80000000e+03     2.20000000e+00     1.10058807e+03     3.01894178e+02     2.32262428e+02     1.20194330e+02   
    9.00000000e+03     2.25000000e+00     1.10058322e+03     3.01471380e+02     2.32348425e+02     1.19062977e+02   
    9.20000000e+03     2.30000000e+00     1.10057485e+03     3.02439795e+02     2.31403441e+02     1.17434935e+02   
    9.40000000e+03     2.35000000e+00     1.10058258e+03     2.99824805e+02     2.31254455e+02     1.18027540e+02   
    9.60000000e+03     2.40000000e+00     1.10058610e+03     2.99861730e+02     2.31558490e+02     1.17917858e+02   
    9.80000000e+03     2.45000000e+00     1.10059622e+03     3.01584141e+02     2.32158030e+02     1.18329316e+02   
    1.00000000e+04     2.50000000e+00     1.10059222e+03     2.99974522e+02     2.30284395e+02     1.17820748e+02   
    1.02000000e+04     2.55000000e+00     1.10060940e+03     2.99693319e+02     2.32658956e+02     1.19359782e+02   
    1.04000000e+04     2.60000000e+00     1.10062094e+03     3.02624081e+02     2.34315347e+02     1.21530208e+02   
    1.06000000e+04     2.65000000e+00     1.10061891e+03     2.98617942e+02     2.33234758e+02     1.19390012e+02   
    1.08000000e+04     2.70000000e+00     1.10060518e+03     3.00931524e+02     2.30663725e+02     1.17622554e+02   
    1.10000000e+04     2.75000000e+00     1.10061132e+03     3.01878354e+02     2.30922535e+02     1.17414638e+02   
    1.12000000e+04     2.80000000e+00     1.10062248e+03     2.98945673e+02     2.32712271e+02     1.19532590e+02   
    1.14000000e+04     2.85000000e+00     1.10061341e+03     3.00681956e+02     2.31395404e+02     1.17484172e+02   
    1.16000000e+04     2.90000000e+00     1.10060916e+03     2.98498672e+02     2.30989012e+02     1.15825110e+02   
    1.18000000e+04     2.95000000e+00     1.10062167e+03     3.02728796e+02     2.33837564e+02     1.19756632e+02   
    1.20000000e+04     3.00000000e+00     1.10062704e+03     3.01621934e+02     2.34679676e+02     1.20098487e+02   
    1.22000000e+04     3.05000000e+00     1.10062475e+03     3.00195785e+02     2.32301576e+02     1.18048293e+02   
    1.24000000e+04     3.10000000e+00     1.10062114e+03     2.97363042e+02     2.32222723e+02     1.19611195e+02   
    1.26000000e+04     3.15000000e+00     1.10061858e+03     2.99221565e+02     2.33278201e+02     1.19217704e+02   
    1.28000000e+04     3.20000000e+00     1.10062001e+03     2.96150173e+02     2.33618506e+02     1.20026963e+02   
    1.30000000e+04     3.25000000e+00     1.10060550e+03     2.98703621e+02     2.31306373e+02     1.13944230e+02   
    1.32000000e+04     3.30000000e+00     1.10061630e+03     3.00070972e+02     2.32444494e+02     1.16078984e+02   
    1.34000000e+04     3.35000000e+00     1.10063052e+03     3.00047117e+02     2.31559321e+02     1.16103774e+02   
    1.36000000e+04     3.40000000e+00     1.10064137e+03     2.99492691e+02     2.33024746e+02     1.18550347e+02   
    1.38000000e+04     3.45000000e+00     1.10063492e+03     2.99568602e+02     2.30810501e+02     1.17256432e+02   
    1.40000000e+04     3.50000000e+00     1.10062660e+03     3.00512866e+02     2.31478125e+02     1.19190171e+02   
    1.42000000e+04     3.55000000e+00     1.10062341e+03     2.97877883e+02     2.31775464e+02     1.19926026e+02   
    1.44000000e+04     3.60000000e+00     1.10061718e+03     2.98876928e+02     2.31292308e+02     1.19526094e+02   
    1.46000000e+04     3.65000000e+00     1.10062306e+03     2.98915025e+02     2.31952297e+02     1.18986361e+02   
    1.48000000e+04     3.70000000e+00     1.10062773e+03     3.02452680e+02     2.30576541e+02     1.16713787e+02   
    1.50000000e+04     3.75000000e+00     1.10063203e+03     2.97779456e+02     2.32296726e+02     1.20267608e+02   
    1.52000000e+04     3.80000000e+00     1.10062659e+03     2.99174537e+02     2.29638795e+02     1.18285363e+02   
    1.54000000e+04     3.85000000e+00     1.10062982e+03     2.99144307e+02     2.32349498e+02     1.20008412e+02   
    1.56000000e+04     3.90000000e+00     1.10061881e+03     3.00995187e+02     2.31451569e+02     1.19660778e+02   
    1.58000000e+04     3.95000000e+00     1.10061574e+03     2.99972676e+02     2.32681777e+02     1.19893696e+02   
    1.60000000e+04     4.00000000e+00     1.10060470e+03     3.00477125e+02     2.30587437e+02     1.19291804e+02   
    1.62000000e+04     4.05000000e+00     1.10062433e+03     3.00074276e+02     2.34176240e+02     1.20734183e+02   
    1.64000000e+04     4.10000000e+00     1.10060831e+03     3.00165100e+02     2.32255795e+02     1.19951194e+02   
    1.66000000e+04     4.15000000e+00     1.10059176e+03     2.99741456e+02     2.28410356e+02     1.16326498e+02   
    1.68000000e+04     4.20000000e+00     1.10059534e+03     2.98766801e+02     2.32640641e+02     1.21286371e+02   
    1.70000000e+04     4.25000000e+00     1.10058553e+03     2.99632617e+02     2.31572374e+02     1.18682656e+02   
    1.72000000e+04     4.30000000e+00     1.10059879e+03     2.98694548e+02     2.31308526e+02     1.20532934e+02   
    1.74000000e+04     4.35000000e+00     1.10061149e+03     2.96786022e+02     2.30087617e+02     1.17971362e+02   
    1.76000000e+04     4.40000000e+00     1.10062932e+03     3.01453646e+02     2.31451425e+02     1.19286991e+02   
    1.78000000e+04     4.45000000e+00     1.10063886e+03     3.01144864e+02     2.32622662e+02     1.19907008e+02   
    1.80000000e+04     4.50000000e+00     1.10062358e+03     2.99467251e+02     2.29467355e+02     1.16552712e+02   
    1.82000000e+04     4.55000000e+00     1.10063081e+03     3.04292356e+02     2.31652935e+02     1.19767954e+02   
    1.84000000e+04     4.60000000e+00     1.10064057e+03     2.99353104e+02     2.33017709e+02     1.21902056e+02   
    1.86000000e+04     4.65000000e+00     1.10063839e+03     3.00254767e+02     2.32600849e+02     1.21290997e+02   
    1.88000000e+04     4.70000000e+00     1.10063286e+03     2.99313979e+02     2.30500118e+02     1.19074647e+02   
    1.90000000e+04     4.75000000e+00     1.10063346e+03     2.96277767e+02     2.33031995e+02     1.20309401e+02   
    1.92000000e+04     4.80000000e+00     1.10062742e+03     2.97724038e+02     2.31417783e+02     1.19828989e+02   
    1.94000000e+04     4.85000000e+00     1.10061874e+03     3.00488845e+02     2.31160224e+02     1.18654395e+02   
    1.96000000e+04     4.90000000e+00     1.10061703e+03     2.99822340e+02     2.32608530e+02     1.20742225e+02   
    1.98000000e+04     4.95000000e+00     1.10061072e+03     2.97597981e+02     2.31481825e+02     1.18839000e+02   
    2.00000000e+04     5.00000000e+00     1.10061422e+03     2.99675840e+02     2.32347683e+02     1.19789764e+02   
    2.02000000e+04     5.05000000e+00     1.10060919e+03     2.98462843e+02     2.29885725e+02     1.18097861e+02   
    2.04000000e+04     5.10000000e+00     1.10062240e+03     3.00603050e+02     2.32297278e+02     1.21122854e+02   
    2.06000000e+04     5.15000000e+00     1.10062417e+03     2.97695950e+02     2.33649508e+02     1.23897830e+02   
    2.08000000e+04     5.20000000e+00     1.10062627e+03     2.99063532e+02     2.32954949e+02     1.22894750e+02   
    2.10000000e+04     5.25000000e+00     1.10061855e+03     3.01068706e+02     2.31540172e+02     1.21229746e+02   
    2.12000000e+04     5.30000000e+00     1.10061444e+03     3.01903802e+02     2.30937879e+02     1.21612968e+02   
    2.14000000e+04     5.35000000e+00     1.10061805e+03     3.00575985e+02     2.31749007e+02     1.22178525e+02   
    2.16000000e+04     5.40000000e+00     1.10061530e+03     3.00649385e+02     2.31463026e+02     1.21769629e+02   
    2.18000000e+04     5.45000000e+00     1.10060977e+03     3.00213963e+02     2.31675086e+02     1.20035278e+02   
    2.20000000e+04     5.50000000e+00     1.10060956e+03     3.01114203e+02     2.30528008e+02     1.20100926e+02   
    2.22000000e+04     5.55000000e+00     1.10062092e+03     2.96778291e+02     2.31002570e+02     1.21761083e+02   
    2.24000000e+04     5.60000000e+00     1.10062200e+03     3.01718973e+02     2.30377997e+02     1.20934301e+02   
    2.26000000e+04     5.65000000e+00     1.10064740e+03     3.03043090e+02     2.33817585e+02     1.22437263e+02   
    2.28000000e+04     5.70000000e+00     1.10063785e+03     2.99613727e+02     2.30343304e+02     1.18725677e+02   
    2.30000000e+04     5.75000000e+00     1.10064949e+03     3.01195261e+02     2.32559303e+02     1.20794250e+02   
    2.32000000e+04     5.80000000e+00     1.10065058e+03     3.01405089e+02     2.31224009e+02     1.19941581e+02   
    2.34000000e+04     5.85000000e+00     1.10064697e+03     3.00220292e+02     2.29621438e+02     1.17411515e+02   
    2.36000000e+04     5.90000000e+00     1.10065999e+03     3.00195539e+02     2.31735467e+02     1.20589582e+02   
    2.38000000e+04     5.95000000e+00     1.10066063e+03     3.00911977e+02     2.32227822e+02     1.21303845e+02   
    2.40000000e+04     6.00000000e+00     1.10066078e+03     2.97970135e+02     2.32317312e+02     1.22482767e+02   
    2.42000000e+04     6.05000000e+00     1.10065391e+03     2.98871846e+02     2.31671473e+02     1.22640954e+02   
    2.44000000e+04     6.10000000e+00     1.10064992e+03     2.97876194e+02     2.31809460e+02     1.19475705e+02   
    2.46000000e+04     6.15000000e+00     1.10064072e+03     2.98417096e+02     2.32801559e+02     1.20828481e+02   
    2.48000000e+04     6.20000000e+00     1.10063643e+03     2.98632974e+02     2.32531156e+02     1.18737911e+02   
    2.50000000e+04     6.25000000e+00     1.10063489e+03     3.01700096e+02     2.31155903e+02     1.18059477e+02   
    2.52000000e+04     6.30000000e+00     1.10064386e+03     2.99189719e+02     2.32648823e+02     1.19795077e+02   
    2.54000000e+04     6.35000000e+00     1.10063821e+03     3.01217030e+02     2.30289768e+02     1.18548204e+02   
    2.56000000e+04     6.40000000e+00     1.10062790e+03     2.99284521e+02     2.30340900e+02     1.19596010e+02   
    2.58000000e+04     6.45000000e+00     1.10064177e+03     2.98528866e+02     2.33132461e+02     1.21696068e+02   
    2.60000000e+04     6.50000000e+00     1.10063415e+03     2.99463170e+02     2.31743546e+02     1.20467193e+02   
    2.62000000e+04     6.55000000e+00     1.10065267e+03     3.01493716e+02     2.32473591e+02     1.19744683e+02   
    2.64000000e+04     6.60000000e+00     1.10065432e+03     3.01031617e+02     2.31824589e+02     1.21158482e+02   
    2.66000000e+04     6.65000000e+00     1.10066686e+03     2.99908749e+02     2.31610493e+02     1.20365381e+02   
    2.68000000e+04     6.70000000e+00     1.10068108e+03     3.01877534e+02     2.32487052e+02     1.20740290e+02   
    2.70000000e+04     6.75000000e+00     1.10067633e+03     2.99829286e+02     2.32403707e+02     1.20584169e+02   
    2.72000000e+04     6.80000000e+00     1.10066535e+03     2.98657939e+02     2.32996377e+02     1.20559946e+02   
    2.74000000e+04     6.85000000e+00     1.10064995e+03     3.00365553e+02     2.32238099e+02     1.20578120e+02   
    2.76000000e+04     6.90000000e+00     1.10064329e+03     2.99650609e+02     2.31774787e+02     1.18325304e+02   
    2.78000000e+04     6.95000000e+00     1.10063766e+03     3.00755001e+02     2.30610662e+02     1.17470417e+02   
    2.80000000e+04     7.00000000e+00     1.10063149e+03     3.00508799e+02     2.29865576e+02     1.16898194e+02   
    2.82000000e+04     7.05000000e+00     1.10063379e+03     2.96716226e+02     2.31807000e+02     1.19023446e+02   
    2.84000000e+04     7.10000000e+00     1.10064486e+03     2.96843452e+02     2.31794529e+02     1.19419574e+02   
    2.86000000e+04     7.15000000e+00     1.10063269e+03     2.98057272e+02     2.32095274e+02     1.18552320e+02   
    2.88000000e+04     7.20000000e+00     1.10063769e+03     3.00772797e+02     2.33182471e+02     1.20885091e+02   
    2.90000000e+04     7.25000000e+00     1.10063540e+03     2.98783796e+02     2.31918119e+02     1.19030380e+02   
    2.92000000e+04     7.30000000e+00     1.10062395e+03     3.03987006e+02     2.31193318e+02     1.17303680e+02   
    2.94000000e+04     7.35000000e+00     1.10062803e+03     3.01951840e+02     2.31824452e+02     1.18848105e+02   
    2.96000000e+04     7.40000000e+00     1.10062469e+03     3.01582682e+02     2.32230143e+02     1.18913464e+02   
    2.98000000e+04     7.45000000e+00     1.10062686e+03     3.01425135e+02     2.33025628e+02     1.20208971e+02   
    3.00000000e+04     7.50000000e+00     1.10062016e+03     3.00127984e+02     2.31689760e+02     1.17556500e+02   
    3.02000000e+04     7.55000000e+00     1.10062892e+03     3.00302757e+02     2.32509452e+02     1.19322933e+02   
    3.04000000e+04     7.60000000e+00     1.10064262e+03     2.98697395e+02     2.32822351e+02     1.18779461e+02   
    3.06000000e+04     7.65000000e+00     1.10063301e+03     2.99040191e+02     2.32319638e+02     1.16955746e+02   
    3.08000000e+04     7.70000000e+00     1.10063770e+03     3.03056750e+02     2.31987973e+02     1.18080790e+02   
    3.10000000e+04     7.75000000e+00     1.10063129e+03     3.02539969e+02     2.30945529e+02     1.17108027e+02   
    3.12000000e+04     7.80000000e+00     1.10063519e+03     3.03051509e+02     2.32052133e+02     1.19182861e+02   
    3.14000000e+04     7.85000000e+00     1.10062294e+03     3.02834908e+02     2.31297174e+02     1.18742535e+02   
    3.16000000e+04     7.90000000e+00     1.10061952e+03     3.01868037e+02     2.31293039e+02     1.18219299e+02   
    3.18000000e+04     7.95000000e+00     1.10060669e+03     2.99738262e+02     2.30589512e+02     1.18017928e+02   
    3.20000000e+04     8.00000000e+00     1.10062488e+03     3.01033790e+02     2.31969458e+02     1.17728722e+02   
    3.22000000e+04     8.05000000e+00     1.10064605e+03     3.03424038e+02     2.33988270e+02     1.21033199e+02   
    3.24000000e+04     8.10000000e+00     1.10063503e+03     3.05864072e+02     2.31304106e+02     1.16925685e+02   
    3.26000000e+04     8.15000000e+00     1.10064481e+03     3.03889575e+02     2.32928982e+02     1.19219611e+02   
    3.28000000e+04     8.20000000e+00     1.10064878e+03     3.00789555e+02     2.31763828e+02     1.18385514e+02   
    3.30000000e+04     8.25000000e+00     1.10064693e+03     3.03606637e+02     2.31078789e+02     1.16720950e+02   
    3.32000000e+04     8.30000000e+00     1.10065807e+03     3.02948561e+02     2.31498883e+02     1.16975368e+02   
    3.34000000e+04     8.35000000e+00     1.10067303e+03     3.04323033e+02     2.31718772e+02     1.17143983e+02   
    3.36000000e+04     8.40000000e+00     1.10067899e+03     3.02300754e+02     2.33399248e+02     1.19009533e+02   
    3.38000000e+04     8.45000000e+00     1.10067003e+03     3.01358832e+02     2.29237232e+02     1.15355721e+02   
    3.40000000e+04     8.50000000e+00     1.10067315e+03     3.01863468e+02     2.30767811e+02     1.15268922e+02   
    3.42000000e+04     8.55000000e+00     1.10068610e+03     3.00543526e+02     2.32204230e+02     1.17806783e+02   
    3.44000000e+04     8.60000000e+00     1.10068817e+03     3.02570768e+02     2.32140943e+02     1.16486129e+02   
    3.46000000e+04     8.65000000e+00     1.10069428e+03     3.04433546e+02     2.30758519e+02     1.16634203e+02   
    3.48000000e+04     8.70000000e+00     1.10069628e+03     3.00428966e+02     2.32221937e+02     1.16515614e+02   
    3.50000000e+04     8.75000000e+00     1.10070420e+03     2.99881235e+02     2.32205452e+02     1.17428591e+02   
    3.52000000e+04     8.80000000e+00     1.10070450e+03     3.04100687e+02     2.31706830e+02     1.16785457e+02   
    3.54000000e+04     8.85000000e+00     1.10070691e+03     3.01763309e+02     2.32193415e+02     1.20284735e+02   
    3.56000000e+04     8.90000000e+00     1.10070250e+03     2.99604529e+02     2.31278313e+02     1.18829070e+02   
    3.58000000e+04     8.95000000e+00     1.10071598e+03     2.99900691e+02     2.32585972e+02     1.19854613e+02   
    3.60000000e+04     9.00000000e+00     1.10072769e+03     3.01305955e+02     2.32553047e+02     1.21965580e+02   
    3.62000000e+04     9.05000000e+00     1.10073514e+03     2.98383602e+02     2.30537870e+02     1.18532686e+02   
    3.64000000e+04     9.10000000e+00     1.10074495e+03     3.00366308e+02     2.31287166e+02     1.20660049e+02   
    3.66000000e+04     9.15000000e+00     1.10074100e+03     2.99980697e+02     2.30352250e+02     1.18255373e+02   
    3.68000000e+04     9.20000000e+00     1.10076827e+03     2.99947838e+02     2.33995909e+02     1.24111300e+02   
    3.70000000e+04     9.25000000e+00     1.10076542e+03     3.01442743e+02     2.31095462e+02     1.19678919e+02   
    3.72000000e+04     9.30000000e+00     1.10076813e+03     3.01388590e+02     2.30680513e+02     1.18913728e+02   
    3.74000000e+04     9.35000000e+00     1.10077450e+03     2.98032588e+02     2.32352933e+02     1.22741710e+02   
    3.76000000e+04     9.40000000e+00     1.10076584e+03     3.00767532e+02     2.31267501e+02     1.19658781e+02   
    3.78000000e+04     9.45000000e+00     1.10077384e+03     3.00970865e+02     2.33861464e+02     1.23323999e+02   
    3.80000000e+04     9.50000000e+00     1.10077087e+03     3.00189971e+02     2.32369597e+02     1.18151869e+02   
    3.82000000e+04     9.55000000e+00     1.10076848e+03     2.98934200e+02     2.32006332e+02     1.21845857e+02   
    3.84000000e+04     9.60000000e+00     1.10076815e+03     3.03327709e+02     2.32034133e+02     1.20028826e+02   
    3.86000000e+04     9.65000000e+00     1.10076994e+03     2.98266206e+02     2.33398367e+02     1.22173102e+02   
    3.88000000e+04     9.70000000e+00     1.10076813e+03     2.99894281e+02     2.31428248e+02     1.18622025e+02   
    3.90000000e+04     9.75000000e+00     1.10077629e+03     3.01870371e+02     2.32876099e+02     1.20284984e+02   
    3.92000000e+04     9.80000000e+00     1.10077988e+03     3.03159298e+02     2.31730155e+02     1.18479288e+02   
    3.94000000e+04     9.85000000e+00     1.10077821e+03     3.00548719e+02     2.31742725e+02     1.19987795e+02   
    3.96000000e+04     9.90000000e+00     1.10076513e+03     3.05529170e+02     2.30391932e+02     1.16339382e+02   
    3.98000000e+04     9.95000000e+00     1.10076584e+03     2.99798511e+02     2.31670072e+02     1.18880572e+02   
    4.00000000e+04     1.00000000e+01     1.10075868e+03     3.05599246e+02     2.30781929e+02     1.16645504e+02   
    4.02000000e+04     1.00500000e+01     1.10076596e+03     3.02654347e+02     2.32881644e+02     1.19724026e+02   
    4.04000000e+04     1.01000000e+01     1.10077227e+03     3.02046443e+02     2.31439755e+02     1.19109222e+02   
    4.06000000e+04     1.01500000e+01     1.10077323e+03     3.01930678e+02     2.32379803e+02     1.19437885e+02   
    4.08000000e+04     1.02000000e+01     1.10077731e+03     3.02323048e+02     2.31512234e+02     1.19226202e+02   
    4.10000000e+04     1.02500000e+01     1.10078218e+03     2.99103668e+02     2.31220336e+02     1.17578031e+02   
    4.12000000e+04     1.03000000e+01     1.10078428e+03     3.02868058e+02     2.29715590e+02     1.15641122e+02   
    4.14000000e+04     1.03500000e+01     1.10080168e+03     2.99024747e+02     2.30659126e+02     1.17225522e+02   
    4.16000000e+04     1.04000000e+01     1.10081232e+03     3.01126801e+02     2.30735954e+02     1.16857321e+02   
    4.18000000e+04     1.04500000e+01     1.10082885e+03     3.02050115e+02     2.32864138e+02     1.21261235e+02   
    4.20000000e+04     1.05000000e+01     1.10082505e+03     3.03308856e+02     2.31754427e+02     1.18905908e+02   
    4.22000000e+04     1.05500000e+01     1.10082479e+03     2.98830067e+02     2.30690587e+02     1.18914328e+02   
    4.24000000e+04     1.06000000e+01     1.10083057e+03     2.99871935e+02     2.33586186e+02     1.21149312e+02   
    4.26000000e+04     1.06500000e+01     1.10083271e+03     3.01620154e+02     2.33240331e+02     1.21347641e+02   
    4.28000000e+04     1.07000000e+01     1.10082480e+03     3.02974622e+02     2.32317845e+02     1.20360543e+02   
    4.30000000e+04     1.07500000e+01     1.10082074e+03     2.99000282e+02     2.30231617e+02     1.19211323e+02   
    4.32000000e+04     1.08000000e+01     1.10082757e+03     3.02297928e+02     2.31557349e+02     1.20331181e+02   
    4.34000000e+04     1.08500000e+01     1.10082571e+03     3.02117235e+02     2.30889585e+02     1.19355199e+02   
    4.36000000e+04     1.09000000e+01     1.10082676e+03     2.97309717e+02     2.33044122e+02     1.21011211e+02   
    4.38000000e+04     1.09500000e+01     1.10083648e+03     3.00914528e+02     2.32194349e+02     1.19334670e+02   
    4.40000000e+04     1.10000000e+01     1.10084742e+03     2.99515855e+02     2.33393912e+02     1.20935262e+02   
    4.42000000e+04     1.10500000e+01     1.10084166e+03     3.01648936e+02     2.31428682e+02     1.18279245e+02   
    4.44000000e+04     1.11000000e+01     1.10085150e+03     3.03476424e+02     2.31733740e+02     1.19265834e+02   
    4.46000000e+04     1.11500000e+01     1.10086228e+03     2.97426884e+02     2.31689836e+02     1.18683388e+02   
    4.48000000e+04     1.12000000e+01     1.10086867e+03     3.02348541e+02     2.32317719e+02     1.18619505e+02   
    4.50000000e+04     1.12500000e+01     1.10087499e+03     3.03235531e+02     2.34210927e+02     1.20350449e+02   
    4.52000000e+04     1.13000000e+01     1.10087397e+03     3.01955818e+02     2.32055695e+02     1.19066201e+02   
    4.54000000e+04     1.13500000e+01     1.10086484e+03     3.01914482e+02     2.31888028e+02     1.18569596e+02   
    4.56000000e+04     1.14000000e+01     1.10085433e+03     3.03216448e+02     2.29958222e+02     1.16377360e+02   
    4.58000000e+04     1.14500000e+01     1.10085682e+03     3.00248696e+02     2.32538738e+02     1.20534459e+02   
    4.60000000e+04     1.15000000e+01     1.10084920e+03     2.98020673e+02     2.30718166e+02     1.18570922e+02   
    4.62000000e+04     1.15500000e+01     1.10086218e+03     2.99267382e+02     2.32886492e+02     1.20790804e+02   
    4.64000000e+04     1.16000000e+01     1.10086515e+03     3.04476785e+02     2.31625098e+02     1.19335799e+02   
    4.66000000e+04     1.16500000e+01     1.10086945e+03     3.00591565e+02     2.29190194e+02     1.15700017e+02   
    4.68000000e+04     1.17000000e+01     1.10087767e+03     3.01687575e+02     2.31433324e+02     1.18567538e+02   
    4.70000000e+04     1.17500000e+01     1.10087640e+03     3.02380584e+02     2.32055066e+02     1.20357081e+02   
    4.72000000e+04     1.18000000e+01     1.10087814e+03     3.03526771e+02     2.30701868e+02     1.19172998e+02   
    4.74000000e+04     1.18500000e+01     1.10088305e+03     3.00420176e+02     2.31499669e+02     1.19765482e+02   
    4.76000000e+04     1.19000000e+01     1.10088234e+03     3.04924205e+02     2.30879948e+02     1.18142261e+02   
    4.78000000e+04     1.19500000e+01     1.10088736e+03     2.99926869e+02     2.30901613e+02     1.18768403e+02   
    4.80000000e+04     1.20000000e+01     1.10090198e+03     2.99956042e+02     2.33005225e+02     1.20702410e+02   
    4.82000000e+04     1.20500000e+01     1.10090022e+03     3.00968709e+02     2.32878257e+02     1.21343321e+02   
    4.84000000e+04     1.21000000e+01     1.10088920e+03     3.00388344e+02     2.31545956e+02     1.18522468e+02   
    4.86000000e+04     1.21500000e+01     1.10089092e+03     3.00364053e+02     2.32395251e+02     1.20019345e+02   
    4.88000000e+04     1.22000000e+01     1.10088609e+03     2.97768006e+02     2.30840588e+02     1.19034955e+02   
    4.90000000e+04     1.22500000e+01     1.10088638e+03     2.98158861e+02     2.31016959e+02     1.18494066e+02   
    4.92000000e+04     1.23000000e+01     1.10089882e+03     2.99794436e+02     2.33196106e+02     1.21652090e+02   
    4.94000000e+04     1.23500000e+01     1.10089239e+03     2.98971590e+02     2.32374756e+02     1.20760504e+02   
    4.96000000e+04     1.24000000e+01     1.10089153e+03     2.99326681e+02     2.31120350e+02     1.19963120e+02   
    4.98000000e+04     1.24500000e+01     1.10089328e+03     3.00807602e+02     2.31467408e+02     1.20496472e+02   
    5.00000000e+04     1.25000000e+01     1.10090124e+03     2.95041009e+02     2.33922914e+02     1.22971445e+02   
    5.02000000e+04     1.25500000e+01     1.10089674e+03     3.01050521e+02     2.31289126e+02     1.19515405e+02   
    5.04000000e+04     1.26000000e+01     1.10090013e+03     2.99431190e+02     2.32896758e+02     1.21323359e+02   
    5.06000000e+04     1.26500000e+01     1.10089347e+03     3.00188387e+02     2.30999484e+02     1.20554131e+02   
    5.08000000e+04     1.27000000e+01     1.10089970e+03     2.99181469e+02     2.31324621e+02     1.19772153e+02   
    5.10000000e+04     1.27500000e+01     1.10090152e+03     2.98963124e+02     2.32472461e+02     1.21100470e+02   
    5.12000000e+04     1.28000000e+01     1.10088381e+03     2.98623005e+02     2.30801379e+02     1.19081829e+02   
    5.14000000e+04     1.28500000e+01     1.10087669e+03     3.00939594e+02     2.30765789e+02     1.17205937e+02   
    5.16000000e+04     1.29000000e+01     1.10086401e+03     3.01298150e+02     2.29253116e+02     1.15840476e+02   
    5.18000000e+04     1.29500000e+01     1.10088744e+03     3.00636559e+02     2.31654503e+02     1.18450749e+02   
    5.20000000e+04     1.30000000e+01     1.10089801e+03     2.97219236e+02     2.32095961e+02     1.21204912e+02   
    5.22000000e+04     1.30500000e+01     1.10091102e+03     3.01824001e+02     2.32896836e+02     1.20649725e+02   
    5.24000000e+04     1.31000000e+01     1.10090683e+03     3.00347099e+02     2.31154046e+02     1.18960653e+02   
    5.26000000e+04     1.31500000e+01     1.10091434e+03     3.00002395e+02     2.31805322e+02     1.18788552e+02   
    5.28000000e+04     1.32000000e+01     1.10091308e+03     3.03508220e+02     2.32756298e+02     1.19229685e+02   
    5.30000000e+04     1.32500000e+01     1.10091527e+03     2.99088142e+02     2.31559844e+02     1.18478092e+02   
    5.32000000e+04     1.33000000e+01     1.10092838e+03     3.01297559e+02     2.32098325e+02     1.20099893e+02   
    5.34000000e+04     1.33500000e+01     1.10093937e+03     3.03013163e+02     2.31544948e+02     1.19666899e+02   
    5.36000000e+04     1.34000000e+01     1.10095506e+03     3.01987139e+02     2.34085614e+02     1.21867349e+02   
    5.38000000e+04     1.34500000e+01     1.10095882e+03     3.01801917e+02     2.31983567e+02     1.19459973e+02   
    5.40000000e+04     1.35000000e+01     1.10095431e+03     3.02644809e+02     2.31836694e+02     1.20686818e+02   
    5.42000000e+04     1.35500000e+01     1.10094306e+03     3.04321032e+02     2.29906923e+02     1.18777196e+02   
    5.44000000e+04     1.36000000e+01     1.10095161e+03     3.01755853e+02     2.31151983e+02     1.19962354e+02   
    5.46000000e+04     1.36500000e+01     1.10094486e+03     2.99686254e+02     2.30903085e+02     1.18741991e+02   
    5.48000000e+04     1.37000000e+01     1.10096143e+03     3.01528302e+02     2.32996307e+02     1.21111219e+02   
    5.50000000e+04     1.37500000e+01     1.10096536e+03     3.01359136e+02     2.31675784e+02     1.20621934e+02   
    5.52000000e+04     1.38000000e+01     1.10096809e+03     2.99971772e+02     2.30900094e+02     1.18230673e+02   
    5.54000000e+04     1.38500000e+01     1.10096612e+03     3.00927649e+02     2.32661158e+02     1.19394675e+02   
    5.56000000e+04     1.39000000e+01     1.10096376e+03     3.03641537e+02     2.32929426e+02     1.19944844e+02   
    5.58000000e+04     1.39500000e+01     1.10095101e+03     3.01282928e+02     2.32463629e+02     1.18980102e+02   
    5.60000000e+04     1.40000000e+01     1.10094995e+03     3.02096685e+02     2.32780231e+02     1.20186354e+02   
    5.62000000e+04     1.40500000e+01     1.10094088e+03     3.02094811e+02     2.32981621e+02     1.20648435e+02   
    5.64000000e+04     1.41000000e+01     1.10095171e+03     3.00204015e+02     2.33079327e+02     1.24037026e+02   
    5.66000000e+04     1.41500000e+01     1.10093565e+03     3.00820842e+02     2.30460811e+02     1.21396215e+02   
    5.68000000e+04     1.42000000e+01     1.10093428e+03     3.01578640e+02     2.32010791e+02     1.21300594e+02   
    5.70000000e+04     1.42500000e+01     1.10094908e+03     2.99703670e+02     2.33351120e+02     1.22552300e+02   
    5.72000000e+04     1.43000000e+01     1.10096665e+03     3.01785883e+02     2.33332865e+02     1.22638418e+02   
    5.74000000e+04     1.43500000e+01     1.10096984e+03     3.01775481e+02     2.32691318e+02     1.22497154e+02   
    5.76000000e+04     1.44000000e+01     1.10096745e+03     3.00636068e+02     2.32209063e+02     1.20231157e+02   
    5.78000000e+04     1.44500000e+01     1.10096904e+03     3.00524611e+02     2.32883084e+02     1.20663941e+02   
    5.80000000e+04     1.45000000e+01     1.10097180e+03     2.99888261e+02     2.31179944e+02     1.18151504e+02   
    5.82000000e+04     1.45500000e+01     1.10098688e+03     3.00635174e+02     2.32123654e+02     1.18173214e+02   
    5.84000000e+04     1.46000000e+01     1.10098578e+03     3.02270574e+02     2.32477946e+02     1.19810536e+02   
    5.86000000e+04     1.46500000e+01     1.10099201e+03     3.04280199e+02     2.33107936e+02     1.19010607e+02   
    5.88000000e+04     1.47000000e+01     1.10099720e+03     3.01094529e+02     2.33247413e+02     1.20839542e+02   
    5.90000000e+04     1.47500000e+01     1.10100374e+03     3.04098702e+02     2.30383274e+02     1.16846552e+02   
    5.92000000e+04     1.48000000e+01     1.10100939e+03     3.00064398e+02     2.33263611e+02     1.22162656e+02   
    5.94000000e+04     1.48500000e+01     1.10100383e+03     2.97595063e+02     2.33008664e+02     1.20703493e+02   
    5.96000000e+04     1.49000000e+01     1.10098707e+03     3.05825668e+02     2.30825932e+02     1.17838140e+02   
    5.98000000e+04     1.49500000e+01     1.10097457e+03     3.04182883e+02     2.30883699e+02     1.18351573e+02   
    6.00000000e+04     1.50000000e+01     1.10097683e+03     3.03120997e+02     2.32904916e+02     1.19648789e+02   
    6.02000000e+04     1.50500000e+01     1.10096369e+03     3.01207984e+02     2.30823189e+02     1.19960305e+02   
    6.04000000e+04     1.51000000e+01     1.10097038e+03     3.03778593e+02     2.30981070e+02     1.18766372e+02   
    6.06000000e+04     1.51500000e+01     1.10095690e+03     3.04368804e+02     2.29721449e+02     1.18736411e+02   
    6.08000000e+04     1.52000000e+01     1.10095289e+03     3.02070149e+02     2.30947201e+02     1.20298409e+02   
    6.10000000e+04     1.52500000e+01     1.10094197e+03     3.00094791e+02     2.30339123e+02     1.19045363e+02   
    6.12000000e+04     1.53000000e+01     1.10094831e+03     3.01194420e+02     2.32137205e+02     1.21181982e+02   
    6.14000000e+04     1.53500000e+01     1.10093986e+03     3.02267425e+02     2.31753484e+02     1.20532114e+02   
    6.16000000e+04     1.54000000e+01     1.10093252e+03     3.01388843e+02     2.32616652e+02     1.20678988e+02   
    6.18000000e+04     1.54500000e+01     1.10092717e+03     2.99027607e+02     2.31665745e+02     1.21341607e+02   
    6.20000000e+04     1.55000000e+01     1.10092740e+03     3.05511346e+02     2.31650560e+02     1.20370434e+02   
    6.22000000e+04     1.55500000e+01     1.10094422e+03     3.02276169e+02     2.32226671e+02     1.21441302e+02   
    6.24000000e+04     1.56000000e+01     1.10094949e+03     3.06377312e+02     2.31257753e+02     1.19986102e+02   
    6.26000000e+04     1.56500000e+01     1.10096637e+03     3.00975057e+02     2.31059107e+02     1.21306597e+02   
    6.28000000e+04     1.57000000e+01     1.10097635e+03     3.01437158e+02     2.30813847e+02     1.19519939e+02   
    6.30000000e+04     1.57500000e+01     1.10098718e+03     3.03894341e+02     2.30733327e+02     1.21017861e+02   
    6.32000000e+04     1.58000000e+01     1.10099358e+03     3.03303048e+02     2.31783076e+02     1.22338173e+02   
    6.34000000e+04     1.58500000e+01     1.10100177e+03     3.02943790e+02     2.31460571e+02     1.21258333e+02   
    6.36000000e+04     1.59000000e+01     1.10100557e+03     3.03264201e+02     2.32054416e+02     1.20877640e+02   
    6.38000000e+04     1.59500000e+01     1.10099467e+03     3.02084619e+02     2.30978112e+02     1.19108854e+02   
    6.40000000e+04     1.60000000e+01     1.10100179e+03     3.01481584e+02     2.31315406e+02     1.20587068e+02   
    6.42000000e+04     1.60500000e+01     1.10098861e+03     3.01871953e+02     2.31638964e+02     1.17642266e+02   
    6.44000000e+04     1.61000000e+01     1.10098798e+03     3.05952465e+02     2.30550197e+02     1.18391792e+02   
    6.46000000e+04     1.61500000e+01     1.10099547e+03     3.03388364e+02     2.30162417e+02     1.16828582e+02   
    6.48000000e+04     1.62000000e+01     1.10099312e+03     3.04745345e+02     2.33470264e+02     1.22176086e+02   
    6.50000000e+04     1.62500000e+01     1.10098446e+03     3.00962539e+02     2.31378514e+02     1.19684601e+02   
    6.52000000e+04     1.63000000e+01     1.10097330e+03     3.02603096e+02     2.31943863e+02     1.19020257e+02   
    6.54000000e+04     1.63500000e+01     1.10097380e+03     2.98723686e+02     2.31276555e+02     1.17541980e+02   
    6.56000000e+04     1.64000000e+01     1.10098490e+03     3.04870369e+02     2.33107616e+02     1.19626734e+02   
    6.58000000e+04     1.64500000e+01     1.10098393e+03     3.03953282e+02     2.31329097e+02     1.17694914e+02   
    6.60000000e+04     1.65000000e+01     1.10099489e+03     3.01832808e+02     2.32353188e+02     1.18799966e+02   
    6.62000000e+04     1.65500000e+01     1.10099790e+03     3.03472750e+02     2.33228571e+02     1.20118915e+02   
    6.64000000e+04     1.66000000e+01     1.10098053e+03     3.03358357e+02     2.30377151e+02     1.16919935e+02   
    6.66000000e+04     1.66500000e+01     1.10097902e+03     3.02956125e+02     2.32423122e+02     1.19525795e+02   
    6.68000000e+04     1.67000000e+01     1.10097574e+03     3.01387814e+02     2.31957685e+02     1.18579966e+02   
    6.70000000e+04     1.67500000e+01     1.10097745e+03     3.03675730e+02     2.30647075e+02     1.18216920e+02   
    6.72000000e+04     1.68000000e+01     1.10098542e+03     2.99461005e+02     2.30074368e+02     1.18071775e+02   
    6.74000000e+04     1.68500000e+01     1.10099430e+03     3.01210383e+02     2.32235487e+02     1.19804337e+02   
    6.76000000e+04     1.69000000e+01     1.10099324e+03     3.00351173e+02     2.31874938e+02     1.19243189e+02   
    6.78000000e+04     1.69500000e+01     1.10098850e+03     3.02575606e+02     2.32385676e+02     1.19810117e+02   
    6.80000000e+04     1.70000000e+01     1.10098465e+03     3.01558763e+02     2.32742544e+02     1.19326307e+02   
    6.82000000e+04     1.70500000e+01     1.10098565e+03     2.99727873e+02     2.32598968e+02     1.17652893e+02   
    6.84000000e+04     1.71000000e+01     1.10098681e+03     3.04080627e+02     2.31711764e+02     1.17756475e+02   
    6.86000000e+04     1.71500000e+01     1.10098479e+03     3.01809018e+02     2.32066894e+02     1.18525530e+02   
    6.88000000e+04     1.72000000e+01     1.10099962e+03     3.02759083e+02     2.34182853e+02     1.22467296e+02   
    6.90000000e+04     1.72500000e+01     1.10100378e+03     3.06301071e+02     2.31554719e+02     1.18508092e+02   
    6.92000000e+04     1.73000000e+01     1.10100904e+03     3.01208669e+02     2.29067107e+02     1.18647735e+02   
    6.94000000e+04     1.73500000e+01     1.10103026e+03     3.01558227e+02     2.31634768e+02     1.20880835e+02   
    6.96000000e+04     1.74000000e+01     1.10103561e+03     2.97091127e+02     2.30249110e+02     1.20859594e+02   
    6.98000000e+04     1.74500000e+01     1.10104745e+03     3.00807419e+02     2.31954991e+02     1.21672456e+02   
    7.00000000e+04     1.75000000e+01     1.10104920e+03     3.00071696e+02     2.30422048e+02     1.19933683e+02   
    7.02000000e+04     1.75500000e+01     1.10104931e+03     3.01016566e+02     2.32739976e+02     1.20934498e+02   
    7.04000000e+04     1.76000000e+01     1.10105533e+03     3.02736660e+02     2.31256887e+02     1.20171001e+02   
    7.06000000e+04     1.76500000e+01     1.10106404e+03     3.02073376e+02     2.31084519e+02     1.21096406e+02   
    7.08000000e+04     1.77000000e+01     1.10106761e+03     3.00523549e+02     2.30879109e+02     1.21376524e+02   
    7.10000000e+04     1.77500000e+01     1.10106568e+03     2.99219028e+02     2.31746153e+02     1.21245752e+02   
    7.12000000e+04     1.78000000e+01     1.10105868e+03     2.97881749e+02     2.32517145e+02     1.22969622e+02   
    7.14000000e+04     1.78500000e+01     1.10104741e+03     2.99044617e+02     2.32460211e+02     1.21677695e+02   
    7.16000000e+04     1.79000000e+01     1.10105131e+03     3.00695807e+02     2.32250622e+02     1.21551928e+02   
    7.18000000e+04     1.79500000e+01     1.10104589e+03     2.98390539e+02     2.31291390e+02     1.18358360e+02   
    7.20000000e+04     1.80000000e+01     1.10105196e+03     3.02272976e+02     2.32875456e+02     1.20133703e+02   
    7.22000000e+04     1.80500000e+01     1.10105106e+03     2.97845645e+02     2.31496122e+02     1.19749900e+02   
    7.24000000e+04     1.81000000e+01     1.10105954e+03     3.01079846e+02     2.31537918e+02     1.17857666e+02   
    7.26000000e+04     1.81500000e+01     1.10106564e+03     3.00468117e+02     2.33299773e+02     1.20913230e+02   
    7.28000000e+04     1.82000000e+01     1.10105332e+03     3.02558857e+02     2.30313621e+02     1.17377214e+02   
    7.30000000e+04     1.82500000e+01     1.10105678e+03     3.02338664e+02     2.30026670e+02     1.18027495e+02   
    7.32000000e+04     1.83000000e+01     1.10106056e+03     3.00934714e+02     2.32040231e+02     1.19720020e+02   
    7.34000000e+04     1.83500000e+01     1.10105686e+03     2.99583970e+02     2.34633320e+02     1.21558074e+02   
    7.36000000e+04     1.84000000e+01     1.10104348e+03     3.02206607e+02     2.30291701e+02     1.18931840e+02   
    7.38000000e+04     1.84500000e+01     1.10104397e+03     2.99972779e+02     2.31049730e+02     1.18376937e+02   
    7.40000000e+04     1.85000000e+01     1.10105164e+03     3.02684652e+02     2.30492620e+02     1.17986620e+02   
    7.42000000e+04     1.85500000e+01     1.10106605e+03     3.00709019e+02     2.31815574e+02     1.18440558e+02   
    7.44000000e+04     1.86000000e+01     1.10105746e+03     3.03815813e+02     2.29965957e+02     1.17632493e+02   
    7.46000000e+04     1.86500000e+01     1.10106784e+03     3.01448239e+02     2.33204299e+02     1.20345254e+02   
    7.48000000e+04     1.87000000e+01     1.10105234e+03     3.02957483e+02     2.33161886e+02     1.20530586e+02   
    7.50000000e+04     1.87500000e+01     1.10105694e+03     3.00510218e+02     2.31849064e+02     1.18446038e+02   
    7.52000000e+04     1.88000000e+01     1.10104337e+03     3.00313658e+02     2.31073488e+02     1.19456258e+02   
    7.54000000e+04     1.88500000e+01     1.10103231e+03     2.99869229e+02     2.31580771e+02     1.19278783e+02   
    7.56000000e+04     1.89000000e+01     1.10102991e+03     3.01098312e+02     2.32268316e+02     1.19619629e+02   
    7.58000000e+04     1.89500000e+01     1.10103870e+03     3.02661937e+02     2.32840434e+02     1.20619788e+02   
    7.60000000e+04     1.90000000e+01     1.10104307e+03     3.02404773e+02     2.32812032e+02     1.20182907e+02   
    7.62000000e+04     1.90500000e+01     1.10104550e+03     3.02897016e+02     2.31605726e+02     1.20043183e+02   
    7.64000000e+04     1.91000000e+01     1.10103937e+03     3.03451413e+02     2.30123976e+02     1.17991464e+02   
    7.66000000e+04     1.91500000e+01     1.10103218e+03     3.02527073e+02     2.31742233e+02     1.18654848e+02   
    7.68000000e+04     1.92000000e+01     1.10104466e+03     3.00732088e+02     2.34492091e+02     1.22773573e+02   
    7.70000000e+04     1.92500000e+01     1.10103726e+03     3.01023879e+02     2.31970049e+02     1.19575121e+02   
    7.72000000e+04     1.93000000e+01     1.10104795e+03     3.02634781e+02     2.33203798e+02     1.22215359e+02   
    7.74000000e+04     1.93500000e+01     1.10103759e+03     3.01480978e+02     2.31069504e+02     1.18795199e+02   
    7.76000000e+04     1.94000000e+01     1.10103843e+03     3.01873768e+02     2.29883046e+02     1.17269142e+02   
    7.78000000e+04     1.94500000e+01     1.10104554e+03     2.97441361e+02     2.32001653e+02     1.18925322e+02   
    7.80000000e+04     1.95000000e+01     1.10104056e+03     3.02473015e+02     2.31589689e+02     1.18797930e+02   
    7.82000000e+04     1.95500000e+01     1.10103649e+03     3.03985399e+02     2.30628657e+02     1.18025484e+02   
    7.84000000e+04     1.96000000e+01     1.10103814e+03     3.02692265e+02     2.32339938e+02     1.19497218e+02   
    7.86000000e+04     1.96500000e+01     1.10103374e+03     2.99209816e+02     2.31978399e+02     1.19816224e+02   
    7.88000000e+04     1.97000000e+01     1.10104316e+03     3.00241677e+02     2.30380793e+02     1.18490349e+02   
    7.90000000e+04     1.97500000e+01     1.10106585e+03     3.01544623e+02     2.32626305e+02     1.20117278e+02   
    7.92000000e+04     1.98000000e+01     1.10107780e+03     3.01698032e+02     2.31234115e+02     1.17471143e+02   
    7.94000000e+04     1.98500000e+01     1.10106986e+03     3.02389938e+02     2.31055552e+02     1.16515767e+02   
    7.96000000e+04     1.99000000e+01     1.10106521e+03     3.01877993e+02     2.31134727e+02     1.18337067e+02   
    7.98000000e+04     1.99500000e+01     1.10105965e+03     3.00681602e+02     2.31252833e+02     1.18230540e+02   
    8.00000000e+04     2.00000000e+01     1.10105478e+03     2.98974966e+02     2.32588286e+02     1.19844033e+02   
