# column   1     --> step : The current simulation time step.
# column   2     --> time{picosecond} : The elapsed simulation time.
# column   3     --> conserved{electronvolt} : The value of the conserved energy quantity per bead.
# column   4     --> temperature{kelvin} : The current temperature, as obtained from the MD kinetic energy.
# column   5     --> kinetic_cv{electronvolt} : The centroid-virial quantum kinetic energy of the physical system.
# column   6     --> potential{electronvolt} : The physical system potential energy.
    0.00000000e+00     0.00000000e+00     1.10242961e+03     3.04428649e+02     2.31850071e+02     1.18520536e+02   
    2.00000000e+02     5.00000000e-02     1.10242961e+03     2.98745375e+02     2.31836232e+02     1.19248535e+02   
    4.00000000e+02     1.00000000e-01     1.10242749e+03     3.00166878e+02     2.31011132e+02     1.18684658e+02   
    6.00000000e+02     1.50000000e-01     1.10242864e+03     2.99159416e+02     2.31319133e+02     1.20630709e+02   
    8.00000000e+02     2.00000000e-01     1.10243038e+03     2.97484255e+02     2.32084015e+02     1.20341446e+02   
    1.00000000e+03     2.50000000e-01     1.10241899e+03     2.99546989e+02     2.30608356e+02     1.19449774e+02   
    1.20000000e+03     3.00000000e-01     1.10241617e+03     3.00997527e+02     2.32274226e+02     1.20393920e+02   
    1.40000000e+03     3.50000000e-01     1.10241153e+03     3.04015309e+02     2.31069201e+02     1.18982403e+02   
    1.60000000e+03     4.00000000e-01     1.10241509e+03     2.96414344e+02     2.32916857e+02     1.18716883e+02   
    1.80000000e+03     4.50000000e-01     1.10240842e+03     2.97852492e+02     2.31839678e+02     1.18128268e+02   
    2.00000000e+03     5.00000000e-01     1.10241004e+03     3.01238493e+02     2.32732479e+02     1.18413989e+02   
    2.20000000e+03     5.50000000e-01     1.10238983e+03     2.98953199e+02     2.30216830e+02     1.15358529e+02   
    2.40000000e+03     6.00000000e-01     1.10239729e+03     2.96951621e+02     2.31599712e+02     1.18936536e+02   
    2.60000000e+03     6.50000000e-01     1.10239871e+03     2.97820964e+02     2.31657172e+02     1.18234179e+02   
    2.80000000e+03     7.00000000e-01     1.10239771e+03     2.99704956e+02     2.30913857e+02     1.17315607e+02   
    3.00000000e+03     7.50000000e-01     1.10241117e+03     2.99207259e+02     2.32900720e+02     1.18272854e+02   
    3.20000000e+03     8.00000000e-01     1.10239182e+03     2.99668028e+02     2.30629702e+02     1.16375635e+02   
    3.40000000e+03     8.50000000e-01     1.10240367e+03     3.01117130e+02     2.32849887e+02     1.17936761e+02   
    3.60000000e+03     9.00000000e-01     1.10240357e+03     2.99177542e+02     2.31055911e+02     1.17508905e+02   
    3.80000000e+03     9.50000000e-01     1.10239537e+03     2.97225341e+02     2.31290556e+02     1.18650086e+02   
    4.00000000e+03     1.00000000e+00     1.10238258e+03     2.97979781e+02     2.31371997e+02     1.18501133e+02   
    4.20000000e+03     1.05000000e+00     1.10237840e+03     2.99751798e+02     2.30476124e+02     1.17199914e+02   
    4.40000000e+03     1.10000000e+00     1.10239145e+03     2.98310001e+02     2.31630893e+02     1.18903075e+02   
    4.60000000e+03     1.15000000e+00     1.10240593e+03     2.96611868e+02     2.32685449e+02     1.21507155e+02   
    4.80000000e+03     1.20000000e+00     1.10242258e+03     3.00296380e+02     2.31677856e+02     1.18242190e+02   
    5.00000000e+03     1.25000000e+00     1.10243567e+03     2.99676829e+02     2.31195408e+02     1.17459329e+02   
    5.20000000e+03     1.30000000e+00     1.10244153e+03     3.00834079e+02     2.30571555e+02     1.16445882e+02   
    5.40000000e+03     1.35000000e+00     1.10244156e+03     3.01643345e+02     2.29604503e+02     1.15502250e+02   
    5.60000000e+03     1.40000000e+00     1.10246181e+03     2.99253688e+02     2.32108236e+02     1.18349279e+02   
    5.80000000e+03     1.45000000e+00     1.10247697e+03     2.97262874e+02     2.31768853e+02     1.18999699e+02   
    6.00000000e+03     1.50000000e+00     1.10247298e+03     2.99492797e+02     2.31205635e+02     1.18180571e+02   
    6.20000000e+03     1.55000000e+00     1.10247309e+03     2.99973088e+02     2.32207235e+02     1.18991040e+02   
    6.40000000e+03     1.60000000e+00     1.10247253e+03     2.98626429e+02     2.32209080e+02     1.20054421e+02   
    6.60000000e+03     1.65000000e+00     1.10246023e+03     3.05118229e+02     2.30801410e+02     1.16824179e+02   
    6.80000000e+03     1.70000000e+00     1.10246315e+03     3.01001885e+02     2.31167725e+02     1.17171686e+02   
    7.00000000e+03     1.75000000e+00     1.10245705e+03     3.00202594e+02     2.31290399e+02     1.16546074e+02   
    7.20000000e+03     1.80000000e+00     1.10246801e+03     2.97418027e+02     2.31997801e+02     1.18551658e+02   
    7.40000000e+03     1.85000000e+00     1.10247360e+03     2.97856545e+02     2.31959308e+02     1.17132474e+02   
    7.60000000e+03     1.90000000e+00     1.10247250e+03     2.97730893e+02     2.31983561e+02     1.17927657e+02   
    7.80000000e+03     1.95000000e+00     1.10246785e+03     2.99652829e+02     2.32820822e+02     1.19462189e+02   
    8.00000000e+03     2.00000000e+00     1.10246385e+03     3.00686156e+02     2.32207791e+02     1.18697951e+02   
    8.20000000e+03     2.05000000e+00     1.10246146e+03     3.00643373e+02     2.30625886e+02     1.17247942e+02   
    8.40000000e+03     2.10000000e+00     1.10247951e+03     2.99205969e+02     2.33451929e+02     1.21701482e+02   
    8.60000000e+03     2.15000000e+00     1.10247456e+03     2.98237834e+02     2.31070029e+02     1.19185636e+02   
    8.80000000e+03     2.20000000e+00     1.10248552e+03     2.99332386e+02     2.31917894e+02     1.19040981e+02   
    9.00000000e+03     2.25000000e+00     1.10248459e+03     2.99076817e+02     2.32651398e+02     1.20105045e+02   
    9.20000000e+03     2.30000000e+00     1.10248261e+03     2.99658616e+02     2.32146767e+02     1.20073316e+02   
    9.40000000e+03     2.35000000e+00     1.10247674e+03     2.98455372e+02     2.29816738e+02     1.17762648e+02   
    9.60000000e+03     2.40000000e+00     1.10248541e+03     2.99052866e+02     2.30235166e+02     1.18657087e+02   
    9.80000000e+03     2.45000000e+00     1.10249440e+03     2.99676690e+02     2.30247040e+02     1.18900440e+02   
    1.00000000e+04     2.50000000e+00     1.10250565e+03     2.98485719e+02     2.30557691e+02     1.17689699e+02   
    1.02000000e+04     2.55000000e+00     1.10251014e+03     2.98283473e+02     2.32732534e+02     1.21346776e+02   
    1.04000000e+04     2.60000000e+00     1.10251029e+03     3.01378351e+02     2.32528147e+02     1.20516877e+02   
    1.06000000e+04     2.65000000e+00     1.10251270e+03     2.98696688e+02     2.32004441e+02     1.20333012e+02   
    1.08000000e+04     2.70000000e+00     1.10252049e+03     2.99759374e+02     2.31311118e+02     1.19520585e+02   
    1.10000000e+04     2.75000000e+00     1.10252021e+03     3.00437311e+02     2.31977390e+02     1.21004508e+02   
    1.12000000e+04     2.80000000e+00     1.10251722e+03     2.98173801e+02     2.31650147e+02     1.21453625e+02   
    1.14000000e+04     2.85000000e+00     1.10251607e+03     2.99312377e+02     2.31406826e+02     1.20032629e+02   
    1.16000000e+04     2.90000000e+00     1.10251135e+03     2.96074143e+02     2.30897040e+02     1.19675393e+02   
    1.18000000e+04     2.95000000e+00     1.10252494e+03     3.00046774e+02     2.34309489e+02     1.22019017e+02   
    1.20000000e+04     3.00000000e+00     1.10252235e+03     3.00336564e+02     2.32528941e+02     1.21994966e+02   
    1.22000000e+04     3.05000000e+00     1.10251183e+03     3.00085009e+02     2.31387278e+02     1.20795776e+02   
    1.24000000e+04     3.10000000e+00     1.10250845e+03     2.96735855e+02     2.32309065e+02     1.21501507e+02   
    1.26000000e+04     3.15000000e+00     1.10249381e+03     2.98602835e+02     2.32113387e+02     1.20066459e+02   
    1.28000000e+04     3.20000000e+00     1.10248643e+03     2.97388120e+02     2.33386007e+02     1.20553810e+02   
    1.30000000e+04     3.25000000e+00     1.10248275e+03     2.96140830e+02     2.31789853e+02     1.20270644e+02   
    1.32000000e+04     3.30000000e+00     1.10248673e+03     2.99240282e+02     2.32908365e+02     1.20413609e+02   
    1.34000000e+04     3.35000000e+00     1.10248871e+03     2.97722938e+02     2.33019498e+02     1.20642720e+02   
    1.36000000e+04     3.40000000e+00     1.10248016e+03     2.99346198e+02     2.31964137e+02     1.18837094e+02   
    1.38000000e+04     3.45000000e+00     1.10247117e+03     2.97760398e+02     2.31332250e+02     1.16985817e+02   
    1.40000000e+04     3.50000000e+00     1.10246984e+03     2.99488878e+02     2.31667850e+02     1.18035057e+02   
    1.42000000e+04     3.55000000e+00     1.10247451e+03     2.97521375e+02     2.30907634e+02     1.16587101e+02   
    1.44000000e+04     3.60000000e+00     1.10248583e+03     2.98168246e+02     2.32562720e+02     1.19423522e+02   
    1.46000000e+04     3.65000000e+00     1.10248369e+03     2.99570053e+02     2.30120842e+02     1.14595142e+02   
    1.48000000e+04     3.70000000e+00     1.10249444e+03     3.00405095e+02     2.31958984e+02     1.17384522e+02   
    1.50000000e+04     3.75000000e+00     1.10249373e+03     2.96498590e+02     2.32235903e+02     1.18233603e+02   
    1.52000000e+04     3.80000000e+00     1.10250162e+03     2.99974976e+02     2.31102387e+02     1.16051765e+02   
    1.54000000e+04     3.85000000e+00     1.10252025e+03     2.99570249e+02     2.32774258e+02     1.17414829e+02   
    1.56000000e+04     3.90000000e+00     1.10251383e+03     3.01525838e+02     2.29864304e+02     1.16268766e+02   
    1.58000000e+04     3.95000000e+00     1.10253741e+03     2.99253783e+02     2.31944825e+02     1.20169862e+02   
    1.60000000e+04     4.00000000e+00     1.10254737e+03     3.01662581e+02     2.32031988e+02     1.20551456e+02   
    1.62000000e+04     4.05000000e+00     1.10254827e+03     2.99741092e+02     2.32715237e+02     1.18891075e+02   
    1.64000000e+04     4.10000000e+00     1.10254936e+03     2.99989986e+02     2.32426983e+02     1.19627618e+02   
    1.66000000e+04     4.15000000e+00     1.10255346e+03     3.00209455e+02     2.31759608e+02     1.18463860e+02   
    1.68000000e+04     4.20000000e+00     1.10256425e+03     2.99809486e+02     2.31949446e+02     1.19534029e+02   
    1.70000000e+04     4.25000000e+00     1.10256410e+03     2.99797760e+02     2.31612611e+02     1.18650640e+02   
    1.72000000e+04     4.30000000e+00     1.10254503e+03     3.00410594e+02     2.30001830e+02     1.16306859e+02   
    1.74000000e+04     4.35000000e+00     1.10253827e+03     2.96729983e+02     2.29543946e+02     1.15879261e+02   
    1.76000000e+04     4.40000000e+00     1.10254480e+03     2.98758593e+02     2.32563758e+02     1.18846258e+02   
    1.78000000e+04     4.45000000e+00     1.10254300e+03     3.01851923e+02     2.32146001e+02     1.18988630e+02   
    1.80000000e+04     4.50000000e+00     1.10254025e+03     2.99058355e+02     2.31846443e+02     1.18641348e+02   
    1.82000000e+04     4.55000000e+00     1.10253508e+03     3.03010038e+02     2.31418280e+02     1.17438251e+02   
    1.84000000e+04     4.60000000e+00     1.10253266e+03     2.98165040e+02     2.33935362e+02     1.21693195e+02   
    1.86000000e+04     4.65000000e+00     1.10252949e+03     3.00174772e+02     2.30953885e+02     1.19098948e+02   
    1.88000000e+04     4.70000000e+00     1.10254401e+03     2.99349630e+02     2.31990046e+02     1.20157522e+02   
    1.90000000e+04     4.75000000e+00     1.10255233e+03     2.97470659e+02     2.31805112e+02     1.19093605e+02   
    1.92000000e+04     4.80000000e+00     1.10254704e+03     2.97860446e+02     2.30709208e+02     1.18702619e+02   
    1.94000000e+04     4.85000000e+00     1.10254664e+03     2.99447545e+02     2.32937386e+02     1.19659932e+02   
    1.96000000e+04     4.90000000e+00     1.10254468e+03     2.98659083e+02     2.32716913e+02     1.21317346e+02   
    1.98000000e+04     4.95000000e+00     1.10253661e+03     2.96898090e+02     2.32403236e+02     1.19716895e+02   
    2.00000000e+04     5.00000000e+00     1.10252284e+03     3.00182241e+02     2.30435905e+02     1.17683412e+02   
    2.02000000e+04     5.05000000e+00     1.10253148e+03     2.96354012e+02     2.29885796e+02     1.19310623e+02   
    2.04000000e+04     5.10000000e+00     1.10255222e+03     2.99185360e+02     2.30284075e+02     1.19284456e+02   
    2.06000000e+04     5.15000000e+00     1.10256027e+03     2.98271331e+02     2.30603941e+02     1.19183094e+02   
    2.08000000e+04     5.20000000e+00     1.10256559e+03     2.99423464e+02     2.31892716e+02     1.17986344e+02   
    2.10000000e+04     5.25000000e+00     1.10256917e+03     2.99091548e+02     2.32467682e+02     1.20096178e+02   
    2.12000000e+04     5.30000000e+00     1.10257004e+03     3.02063622e+02     2.30900690e+02     1.17516667e+02   
    2.14000000e+04     5.35000000e+00     1.10258438e+03     2.99604610e+02     2.32126231e+02     1.18291162e+02   
    2.16000000e+04     5.40000000e+00     1.10257951e+03     2.98951991e+02     2.30801049e+02     1.17370261e+02   
    2.18000000e+04     5.45000000e+00     1.10258078e+03     2.97034626e+02     2.32541842e+02     1.20916566e+02   
    2.20000000e+04     5.50000000e+00     1.10258849e+03     2.98418216e+02     2.32660336e+02     1.22269020e+02   
    2.22000000e+04     5.55000000e+00     1.10257541e+03     2.94543153e+02     2.31163748e+02     1.20366364e+02   
    2.24000000e+04     5.60000000e+00     1.10256789e+03     2.99515338e+02     2.30966261e+02     1.19507899e+02   
    2.26000000e+04     5.65000000e+00     1.10257274e+03     3.00243691e+02     2.32929866e+02     1.21016074e+02   
    2.28000000e+04     5.70000000e+00     1.10257431e+03     2.97393181e+02     2.32140277e+02     1.19255839e+02   
    2.30000000e+04     5.75000000e+00     1.10256201e+03     3.00735173e+02     2.31620928e+02     1.17405373e+02   
    2.32000000e+04     5.80000000e+00     1.10256235e+03     2.98871368e+02     2.30096435e+02     1.17217126e+02   
    2.34000000e+04     5.85000000e+00     1.10255834e+03     2.98438878e+02     2.29880256e+02     1.15500349e+02   
    2.36000000e+04     5.90000000e+00     1.10256692e+03     2.99193133e+02     2.35390028e+02     1.20768469e+02   
    2.38000000e+04     5.95000000e+00     1.10256171e+03     2.98953437e+02     2.32133206e+02     1.17457815e+02   
    2.40000000e+04     6.00000000e+00     1.10255465e+03     2.97663001e+02     2.32779905e+02     1.19303911e+02   
    2.42000000e+04     6.05000000e+00     1.10254838e+03     2.98734348e+02     2.32508384e+02     1.17794186e+02   
    2.44000000e+04     6.10000000e+00     1.10254580e+03     2.97242421e+02     2.32647239e+02     1.18990187e+02   
    2.46000000e+04     6.15000000e+00     1.10253291e+03     2.98132629e+02     2.32062855e+02     1.18459044e+02   
    2.48000000e+04     6.20000000e+00     1.10253712e+03     2.97776225e+02     2.31983573e+02     1.18337175e+02   
    2.50000000e+04     6.25000000e+00     1.10255878e+03     2.99704372e+02     2.33749325e+02     1.19142882e+02   
    2.52000000e+04     6.30000000e+00     1.10254797e+03     2.99902766e+02     2.31356827e+02     1.16371802e+02   
    2.54000000e+04     6.35000000e+00     1.10254370e+03     2.99901860e+02     2.30599120e+02     1.16473796e+02   
    2.56000000e+04     6.40000000e+00     1.10254330e+03     2.99207845e+02     2.31935828e+02     1.16753862e+02   
    2.58000000e+04     6.45000000e+00     1.10253984e+03     2.99577478e+02     2.31782496e+02     1.17742136e+02   
    2.60000000e+04     6.50000000e+00     1.10253796e+03     2.99221960e+02     2.32314993e+02     1.18140078e+02   
    2.62000000e+04     6.55000000e+00     1.10253204e+03     3.01109397e+02     2.30069481e+02     1.16694180e+02   
    2.64000000e+04     6.60000000e+00     1.10253802e+03     2.98523764e+02     2.32121179e+02     1.18115276e+02   
    2.66000000e+04     6.65000000e+00     1.10254592e+03     3.00045110e+02     2.31332524e+02     1.15557138e+02   
    2.68000000e+04     6.70000000e+00     1.10255795e+03     3.00616470e+02     2.33147144e+02     1.16827913e+02   
    2.70000000e+04     6.75000000e+00     1.10256105e+03     2.97894319e+02     2.31840514e+02     1.17054632e+02   
    2.72000000e+04     6.80000000e+00     1.10257351e+03     2.97986395e+02     2.32106688e+02     1.17284239e+02   
    2.74000000e+04     6.85000000e+00     1.10258084e+03     3.00051298e+02     2.31170186e+02     1.14379967e+02   
    2.76000000e+04     6.90000000e+00     1.10259146e+03     2.99730975e+02     2.32475171e+02     1.15310125e+02   
    2.78000000e+04     6.95000000e+00     1.10259651e+03     2.98586249e+02     2.32332768e+02     1.16245897e+02   
    2.80000000e+04     7.00000000e+00     1.10260868e+03     2.98418814e+02     2.31806577e+02     1.17007864e+02   
    2.82000000e+04     7.05000000e+00     1.10260932e+03     2.97852394e+02     2.32965108e+02     1.17354776e+02   
    2.84000000e+04     7.10000000e+00     1.10260291e+03     2.96180150e+02     2.30542755e+02     1.14553472e+02   
    2.86000000e+04     7.15000000e+00     1.10261543e+03     2.97764234e+02     2.32042151e+02     1.16279265e+02   
    2.88000000e+04     7.20000000e+00     1.10262824e+03     2.99660635e+02     2.33001427e+02     1.17305792e+02   
    2.90000000e+04     7.25000000e+00     1.10263644e+03     3.00166524e+02     2.31328641e+02     1.15056456e+02   
    2.92000000e+04     7.30000000e+00     1.10264949e+03     3.01690699e+02     2.32033860e+02     1.16076207e+02   
    2.94000000e+04     7.35000000e+00     1.10265657e+03     3.01277986e+02     2.31809029e+02     1.15902573e+02   
    2.96000000e+04     7.40000000e+00     1.10266720e+03     3.00787081e+02     2.31350232e+02     1.18499406e+02   
    2.98000000e+04     7.45000000e+00     1.10268202e+03     2.99535337e+02     2.32010795e+02     1.19073313e+02   
    3.00000000e+04     7.50000000e+00     1.10268118e+03     2.98482988e+02     2.30817267e+02     1.17747551e+02   
    3.02000000e+04     7.55000000e+00     1.10269893e+03     2.99268076e+02     2.31505347e+02     1.18470581e+02   
    3.04000000e+04     7.60000000e+00     1.10270297e+03     2.97282118e+02     2.32766263e+02     1.17999942e+02   
    3.06000000e+04     7.65000000e+00     1.10269657e+03     2.95423274e+02     2.31236644e+02     1.17542878e+02   
    3.08000000e+04     7.70000000e+00     1.10268639e+03     3.00690096e+02     2.33130081e+02     1.17185342e+02   
    3.10000000e+04     7.75000000e+00     1.10267564e+03     2.99954709e+02     2.31354200e+02     1.15446081e+02   
    3.12000000e+04     7.80000000e+00     1.10268452e+03     2.99661437e+02     2.32556064e+02     1.18435553e+02   
    3.14000000e+04     7.85000000e+00     1.10268247e+03     3.01211022e+02     2.32454875e+02     1.17510899e+02   
    3.16000000e+04     7.90000000e+00     1.10268434e+03     2.99391890e+02     2.30770660e+02     1.16844499e+02   
    3.18000000e+04     7.95000000e+00     1.10269202e+03     2.98463726e+02     2.29698632e+02     1.14561761e+02   
    3.20000000e+04     8.00000000e+00     1.10271480e+03     2.96754048e+02     2.32674925e+02     1.17598474e+02   
    3.22000000e+04     8.05000000e+00     1.10272661e+03     3.01618214e+02     2.33535946e+02     1.18110427e+02   
    3.24000000e+04     8.10000000e+00     1.10272696e+03     3.04080818e+02     2.31252126e+02     1.16215359e+02   
    3.26000000e+04     8.15000000e+00     1.10272316e+03     3.00024812e+02     2.33399930e+02     1.17351839e+02   
    3.28000000e+04     8.20000000e+00     1.10271568e+03     2.97268839e+02     2.33753038e+02     1.19060981e+02   
    3.30000000e+04     8.25000000e+00     1.10270669e+03     2.99820187e+02     2.31280792e+02     1.17183071e+02   
    3.32000000e+04     8.30000000e+00     1.10269432e+03     3.00795978e+02     2.32033144e+02     1.15573736e+02   
    3.34000000e+04     8.35000000e+00     1.10267275e+03     3.01327050e+02     2.30809568e+02     1.15040945e+02   
    3.36000000e+04     8.40000000e+00     1.10267608e+03     3.02551128e+02     2.32195787e+02     1.16272690e+02   
    3.38000000e+04     8.45000000e+00     1.10269028e+03     2.97270832e+02     2.31880989e+02     1.18934427e+02   
    3.40000000e+04     8.50000000e+00     1.10269169e+03     2.99629010e+02     2.30081691e+02     1.15923839e+02   
    3.42000000e+04     8.55000000e+00     1.10269469e+03     2.98304053e+02     2.31423855e+02     1.19588271e+02   
    3.44000000e+04     8.60000000e+00     1.10269993e+03     2.98507551e+02     2.32449807e+02     1.18180548e+02   
    3.46000000e+04     8.65000000e+00     1.10270666e+03     3.00500305e+02     2.30282447e+02     1.18853402e+02   
    3.48000000e+04     8.70000000e+00     1.10272648e+03     2.97302586e+02     2.33018666e+02     1.18183169e+02   
    3.50000000e+04     8.75000000e+00     1.10273868e+03     2.96003607e+02     2.33717815e+02     1.20055095e+02   
    3.52000000e+04     8.80000000e+00     1.10272768e+03     2.99894556e+02     2.31014903e+02     1.17076107e+02   
    3.54000000e+04     8.85000000e+00     1.10274690e+03     2.99409918e+02     2.33202243e+02     1.21478504e+02   
    3.56000000e+04     8.90000000e+00     1.10273974e+03     2.96595003e+02     2.31902852e+02     1.18419620e+02   
    3.58000000e+04     8.95000000e+00     1.10274864e+03     2.96899419e+02     2.31203020e+02     1.17339979e+02   
    3.60000000e+04     9.00000000e+00     1.10275018e+03     2.97569554e+02     2.31993849e+02     1.17913671e+02   
    3.62000000e+04     9.05000000e+00     1.10273410e+03     2.94892491e+02     2.31082402e+02     1.18751840e+02   
    3.64000000e+04     9.10000000e+00     1.10272739e+03     2.98995976e+02     2.31137132e+02     1.18078782e+02   
    3.66000000e+04     9.15000000e+00     1.10272063e+03     2.97149383e+02     2.32334168e+02     1.18232807e+02   
    3.68000000e+04     9.20000000e+00     1.10271587e+03     2.99488484e+02     2.31582743e+02     1.17403656e+02   
    3.70000000e+04     9.25000000e+00     1.10273322e+03     2.99342348e+02     2.30043287e+02     1.15097396e+02   
    3.72000000e+04     9.30000000e+00     1.10274655e+03     3.00835638e+02     2.28904769e+02     1.14616581e+02   
    3.74000000e+04     9.35000000e+00     1.10275133e+03     2.96024485e+02     2.31508783e+02     1.16220275e+02   
    3.76000000e+04     9.40000000e+00     1.10274832e+03     2.99047187e+02     2.32788330e+02     1.16620156e+02   
    3.78000000e+04     9.45000000e+00     1.10274596e+03     3.02042572e+02     2.32130263e+02     1.16252787e+02   
    3.80000000e+04     9.50000000e+00     1.10276283e+03     2.98096687e+02     2.33414574e+02     1.17838727e+02   
    3.82000000e+04     9.55000000e+00     1.10277404e+03     2.99687348e+02     2.31495546e+02     1.16531665e+02   
    3.84000000e+04     9.60000000e+00     1.10277787e+03     3.01269355e+02     2.30818641e+02     1.15574475e+02   
    3.86000000e+04     9.65000000e+00     1.10278531e+03     2.97387544e+02     2.32017864e+02     1.17261323e+02   
    3.88000000e+04     9.70000000e+00     1.10276501e+03     2.99611855e+02     2.29560163e+02     1.15107440e+02   
    3.90000000e+04     9.75000000e+00     1.10278594e+03     3.02220776e+02     2.32996437e+02     1.18404373e+02   
    3.92000000e+04     9.80000000e+00     1.10279428e+03     3.02742988e+02     2.31182598e+02     1.17474614e+02   
    3.94000000e+04     9.85000000e+00     1.10279887e+03     2.99968271e+02     2.31099825e+02     1.17686070e+02   
    3.96000000e+04     9.90000000e+00     1.10280256e+03     3.02356204e+02     2.31812766e+02     1.19567111e+02   
    3.98000000e+04     9.95000000e+00     1.10281250e+03     2.98291506e+02     2.32997417e+02     1.20834057e+02   
    4.00000000e+04     1.00000000e+01     1.10281935e+03     3.02877954e+02     2.33289149e+02     1.21532236e+02   
    4.02000000e+04     1.00500000e+01     1.10281728e+03     2.99165011e+02     2.31231431e+02     1.20620442e+02   
    4.04000000e+04     1.01000000e+01     1.10281332e+03     2.99192782e+02     2.30916738e+02     1.20823381e+02   
    4.06000000e+04     1.01500000e+01     1.10281219e+03     2.99356421e+02     2.32159567e+02     1.22481777e+02   
    4.08000000e+04     1.02000000e+01     1.10281508e+03     3.01180242e+02     2.30734585e+02     1.19386640e+02   
    4.10000000e+04     1.02500000e+01     1.10282102e+03     2.96822999e+02     2.30998145e+02     1.20137171e+02   
    4.12000000e+04     1.03000000e+01     1.10282178e+03     3.01471632e+02     2.31380803e+02     1.18620025e+02   
    4.14000000e+04     1.03500000e+01     1.10282944e+03     2.96416493e+02     2.31004468e+02     1.20061504e+02   
    4.16000000e+04     1.04000000e+01     1.10282570e+03     3.01025872e+02     2.30478391e+02     1.17709795e+02   
    4.18000000e+04     1.04500000e+01     1.10283603e+03     2.99305856e+02     2.32746399e+02     1.21002881e+02   
    4.20000000e+04     1.05000000e+01     1.10282332e+03     2.99122640e+02     2.30307665e+02     1.19497929e+02   
    4.22000000e+04     1.05500000e+01     1.10282038e+03     2.98170959e+02     2.30807955e+02     1.16397838e+02   
    4.24000000e+04     1.06000000e+01     1.10283890e+03     2.97366047e+02     2.31845915e+02     1.19142774e+02   
    4.26000000e+04     1.06500000e+01     1.10284669e+03     3.00386226e+02     2.32670695e+02     1.18715405e+02   
    4.28000000e+04     1.07000000e+01     1.10284429e+03     3.00952665e+02     2.29131980e+02     1.16842143e+02   
    4.30000000e+04     1.07500000e+01     1.10286506e+03     2.98511889e+02     2.31046820e+02     1.17671299e+02   
    4.32000000e+04     1.08000000e+01     1.10285612e+03     3.01661489e+02     2.30003665e+02     1.16777410e+02   
    4.34000000e+04     1.08500000e+01     1.10285765e+03     3.00868504e+02     2.29631117e+02     1.16164276e+02   
    4.36000000e+04     1.09000000e+01     1.10286153e+03     2.97528449e+02     2.32139488e+02     1.17915477e+02   
    4.38000000e+04     1.09500000e+01     1.10286024e+03     2.98774701e+02     2.33064763e+02     1.19607898e+02   
    4.40000000e+04     1.10000000e+01     1.10284905e+03     2.99078010e+02     2.33757213e+02     1.19935369e+02   
    4.42000000e+04     1.10500000e+01     1.10284225e+03     2.98984465e+02     2.33058246e+02     1.18987791e+02   
    4.44000000e+04     1.11000000e+01     1.10284205e+03     3.01001986e+02     2.32068697e+02     1.18548728e+02   
    4.46000000e+04     1.11500000e+01     1.10284158e+03     2.97172160e+02     2.30294607e+02     1.16933346e+02   
    4.48000000e+04     1.12000000e+01     1.10284593e+03     3.00524409e+02     2.30067747e+02     1.16099006e+02   
    4.50000000e+04     1.12500000e+01     1.10285904e+03     3.02579583e+02     2.32376810e+02     1.17845068e+02   
    4.52000000e+04     1.13000000e+01     1.10285008e+03     3.01084473e+02     2.31335661e+02     1.17742001e+02   
    4.54000000e+04     1.13500000e+01     1.10285685e+03     3.00621978e+02     2.30863511e+02     1.17052387e+02   
    4.56000000e+04     1.14000000e+01     1.10286657e+03     3.00494883e+02     2.29725000e+02     1.14933119e+02   
    4.58000000e+04     1.14500000e+01     1.10289256e+03     2.99566350e+02     2.31729084e+02     1.15977051e+02   
    4.60000000e+04     1.15000000e+01     1.10289134e+03     2.96755273e+02     2.30839168e+02     1.16414053e+02   
    4.62000000e+04     1.15500000e+01     1.10290633e+03     2.96726859e+02     2.29720096e+02     1.15761654e+02   
    4.64000000e+04     1.16000000e+01     1.10291960e+03     3.02170936e+02     2.32846541e+02     1.17955896e+02   
    4.66000000e+04     1.16500000e+01     1.10291866e+03     2.98098909e+02     2.30012264e+02     1.15052973e+02   
    4.68000000e+04     1.17000000e+01     1.10291415e+03     3.00326674e+02     2.30890090e+02     1.15998456e+02   
    4.70000000e+04     1.17500000e+01     1.10291498e+03     3.00473756e+02     2.32236507e+02     1.17215777e+02   
    4.72000000e+04     1.18000000e+01     1.10291321e+03     3.01455539e+02     2.30924826e+02     1.14408936e+02   
    4.74000000e+04     1.18500000e+01     1.10290964e+03     2.98075606e+02     2.32085142e+02     1.15837783e+02   
    4.76000000e+04     1.19000000e+01     1.10290323e+03     3.02833939e+02     2.32041029e+02     1.15633774e+02   
    4.78000000e+04     1.19500000e+01     1.10290295e+03     2.98949135e+02     2.30837971e+02     1.14442350e+02   
    4.80000000e+04     1.20000000e+01     1.10291528e+03     2.98481730e+02     2.31594435e+02     1.16912827e+02   
    4.82000000e+04     1.20500000e+01     1.10292295e+03     2.98140296e+02     2.30528842e+02     1.17435796e+02   
    4.84000000e+04     1.21000000e+01     1.10292361e+03     2.97014912e+02     2.32037297e+02     1.17742136e+02   
    4.86000000e+04     1.21500000e+01     1.10292538e+03     2.97567312e+02     2.30315099e+02     1.17682658e+02   
    4.88000000e+04     1.22000000e+01     1.10292560e+03     2.96215517e+02     2.30677430e+02     1.17614137e+02   
    4.90000000e+04     1.22500000e+01     1.10291720e+03     2.97840873e+02     2.28457677e+02     1.14867870e+02   
    4.92000000e+04     1.23000000e+01     1.10292505e+03     2.98742006e+02     2.32388029e+02     1.17533172e+02   
    4.94000000e+04     1.23500000e+01     1.10292171e+03     2.97228998e+02     2.32938295e+02     1.16799453e+02   
    4.96000000e+04     1.24000000e+01     1.10291949e+03     2.97396949e+02     2.31223291e+02     1.16026442e+02   
    4.98000000e+04     1.24500000e+01     1.10291060e+03     2.99437082e+02     2.31231194e+02     1.14002605e+02   
    5.00000000e+04     1.25000000e+01     1.10291622e+03     2.92949348e+02     2.33171007e+02     1.18368894e+02   
    5.02000000e+04     1.25500000e+01     1.10289460e+03     2.99378399e+02     2.31095038e+02     1.14311882e+02   
    5.04000000e+04     1.26000000e+01     1.10290648e+03     2.97678437e+02     2.34409214e+02     1.19489249e+02   
    5.06000000e+04     1.26500000e+01     1.10289927e+03     2.97534994e+02     2.32414204e+02     1.17235938e+02   
    5.08000000e+04     1.27000000e+01     1.10289360e+03     2.97545016e+02     2.30511647e+02     1.15201883e+02   
    5.10000000e+04     1.27500000e+01     1.10289085e+03     2.98349517e+02     2.32262029e+02     1.15778286e+02   
    5.12000000e+04     1.28000000e+01     1.10286948e+03     2.98330975e+02     2.30652427e+02     1.13291050e+02   
    5.14000000e+04     1.28500000e+01     1.10286079e+03     2.98737515e+02     2.30516035e+02     1.13670751e+02   
    5.16000000e+04     1.29000000e+01     1.10285805e+03     3.00069803e+02     2.30159219e+02     1.14185489e+02   
    5.18000000e+04     1.29500000e+01     1.10287423e+03     2.99735974e+02     2.31633034e+02     1.15415013e+02   
    5.20000000e+04     1.30000000e+01     1.10288406e+03     2.96798745e+02     2.31927417e+02     1.14663138e+02   
    5.22000000e+04     1.30500000e+01     1.10289554e+03     3.01134884e+02     2.32875598e+02     1.15676602e+02   
    5.24000000e+04     1.31000000e+01     1.10290330e+03     2.99023859e+02     2.31218557e+02     1.14519263e+02   
    5.26000000e+04     1.31500000e+01     1.10291631e+03     2.97084313e+02     2.31649068e+02     1.17026776e+02   
    5.28000000e+04     1.32000000e+01     1.10291849e+03     3.01768866e+02     2.32147436e+02     1.17219377e+02   
    5.30000000e+04     1.32500000e+01     1.10291105e+03     2.97516329e+02     2.30676956e+02     1.15955429e+02   
    5.32000000e+04     1.33000000e+01     1.10292061e+03     2.99053442e+02     2.32084163e+02     1.17958352e+02   
    5.34000000e+04     1.33500000e+01     1.10291936e+03     3.00812138e+02     2.30687888e+02     1.16795025e+02   
    5.36000000e+04     1.34000000e+01     1.10293136e+03     2.99332110e+02     2.33152612e+02     1.18761813e+02   
    5.38000000e+04     1.34500000e+01     1.10293387e+03     2.99379573e+02     2.31654684e+02     1.16026253e+02   
    5.40000000e+04     1.35000000e+01     1.10293436e+03     2.99391791e+02     2.30870732e+02     1.16671957e+02   
    5.42000000e+04     1.35500000e+01     1.10293684e+03     3.00955567e+02     2.31131474e+02     1.16625599e+02   
    5.44000000e+04     1.36000000e+01     1.10293680e+03     2.97652093e+02     2.32959703e+02     1.19763449e+02   
    5.46000000e+04     1.36500000e+01     1.10292421e+03     2.96462092e+02     2.31230118e+02     1.16524606e+02   
    5.48000000e+04     1.37000000e+01     1.10291808e+03     2.99338622e+02     2.31562576e+02     1.17804632e+02   
    5.50000000e+04     1.37500000e+01     1.10291728e+03     2.99105460e+02     2.31637065e+02     1.18026125e+02   
    5.52000000e+04     1.38000000e+01     1.10293268e+03     2.96352653e+02     2.32060627e+02     1.18980594e+02   
    5.54000000e+04     1.38500000e+01     1.10294414e+03     2.96803892e+02     2.31630363e+02     1.17011158e+02   
    5.56000000e+04     1.39000000e+01     1.10295492e+03     3.03092256e+02     2.32149832e+02     1.17419259e+02   
    5.58000000e+04     1.39500000e+01     1.10295526e+03     2.99341996e+02     2.32009447e+02     1.18266517e+02   
    5.60000000e+04     1.40000000e+01     1.10296811e+03     2.99447399e+02     2.33679455e+02     1.18356342e+02   
    5.62000000e+04     1.40500000e+01     1.10296501e+03     2.98261727e+02     2.33087707e+02     1.16871495e+02   
    5.64000000e+04     1.41000000e+01     1.10295242e+03     3.00067603e+02     2.31273293e+02     1.15175258e+02   
    5.66000000e+04     1.41500000e+01     1.10295733e+03     2.98310435e+02     2.31826380e+02     1.16501974e+02   
    5.68000000e+04     1.42000000e+01     1.10295486e+03     2.98037844e+02     2.31561140e+02     1.14861753e+02   
    5.70000000e+04     1.42500000e+01     1.10295276e+03     2.98454521e+02     2.32183722e+02     1.16701955e+02   
    5.72000000e+04     1.43000000e+01     1.10294187e+03     2.99981553e+02     2.30249330e+02     1.15290145e+02   
    5.74000000e+04     1.43500000e+01     1.10293967e+03     2.99275788e+02     2.31316654e+02     1.17086343e+02   
    5.76000000e+04     1.44000000e+01     1.10293851e+03     2.98129246e+02     2.32036738e+02     1.17520488e+02   
    5.78000000e+04     1.44500000e+01     1.10294270e+03     2.97434638e+02     2.33759623e+02     1.19133597e+02   
    5.80000000e+04     1.45000000e+01     1.10292837e+03     2.97446334e+02     2.29711628e+02     1.14756744e+02   
    5.82000000e+04     1.45500000e+01     1.10292190e+03     2.96032411e+02     2.30569869e+02     1.14389784e+02   
    5.84000000e+04     1.46000000e+01     1.10291989e+03     2.97373867e+02     2.32821938e+02     1.16455998e+02   
    5.86000000e+04     1.46500000e+01     1.10290998e+03     2.98960223e+02     2.33797220e+02     1.15689099e+02   
    5.88000000e+04     1.47000000e+01     1.10290279e+03     2.97770114e+02     2.31995202e+02     1.15357795e+02   
    5.90000000e+04     1.47500000e+01     1.10290906e+03     2.99994110e+02     2.31790621e+02     1.14620730e+02   
    5.92000000e+04     1.48000000e+01     1.10290985e+03     2.97198468e+02     2.31370310e+02     1.13885363e+02   
    5.94000000e+04     1.48500000e+01     1.10291756e+03     2.94921541e+02     2.31164244e+02     1.14544454e+02   
    5.96000000e+04     1.49000000e+01     1.10291837e+03     3.00534912e+02     2.31013068e+02     1.14537863e+02   
    5.98000000e+04     1.49500000e+01     1.10292746e+03     2.99338775e+02     2.31385197e+02     1.14975673e+02   
    6.00000000e+04     1.50000000e+01     1.10293889e+03     2.99071055e+02     2.32536423e+02     1.16672937e+02   
    6.02000000e+04     1.50500000e+01     1.10293687e+03     2.98904555e+02     2.31169996e+02     1.14452490e+02   
    6.04000000e+04     1.51000000e+01     1.10293597e+03     2.99168755e+02     2.30920690e+02     1.14062165e+02   
    6.06000000e+04     1.51500000e+01     1.10292973e+03     3.00573466e+02     2.31766245e+02     1.15038366e+02   
    6.08000000e+04     1.52000000e+01     1.10291832e+03     3.00863135e+02     2.30236733e+02     1.13716137e+02   
    6.10000000e+04     1.52500000e+01     1.10291590e+03     2.98343928e+02     2.32414505e+02     1.16268560e+02   
    6.12000000e+04     1.53000000e+01     1.10291973e+03     2.99757081e+02     2.33192006e+02     1.17725213e+02   
    6.14000000e+04     1.53500000e+01     1.10291975e+03     2.98401508e+02     2.32086340e+02     1.16710412e+02   
    6.16000000e+04     1.54000000e+01     1.10292813e+03     2.97869097e+02     2.31937891e+02     1.17754457e+02   
    6.18000000e+04     1.54500000e+01     1.10293014e+03     2.99162954e+02     2.30936618e+02     1.14397828e+02   
    6.20000000e+04     1.55000000e+01     1.10293932e+03     3.04302257e+02     2.30396222e+02     1.13972579e+02   
    6.22000000e+04     1.55500000e+01     1.10295807e+03     2.99871214e+02     2.33395619e+02     1.19267853e+02   
    6.24000000e+04     1.56000000e+01     1.10296667e+03     3.02960019e+02     2.32601160e+02     1.17701968e+02   
    6.26000000e+04     1.56500000e+01     1.10297359e+03     2.99857339e+02     2.31274802e+02     1.17397401e+02   
    6.28000000e+04     1.57000000e+01     1.10297685e+03     2.99122433e+02     2.30185362e+02     1.15134946e+02   
    6.30000000e+04     1.57500000e+01     1.10297766e+03     3.01197619e+02     2.30351266e+02     1.17046298e+02   
    6.32000000e+04     1.58000000e+01     1.10298285e+03     3.01781790e+02     2.31020794e+02     1.17543145e+02   
    6.34000000e+04     1.58500000e+01     1.10298563e+03     3.01993208e+02     2.31741130e+02     1.17094709e+02   
    6.36000000e+04     1.59000000e+01     1.10297522e+03     3.01512462e+02     2.29947513e+02     1.15397236e+02   
    6.38000000e+04     1.59500000e+01     1.10298808e+03     2.98511812e+02     2.32018739e+02     1.17122613e+02   
    6.40000000e+04     1.60000000e+01     1.10298939e+03     2.99301926e+02     2.31320422e+02     1.18623821e+02   
    6.42000000e+04     1.60500000e+01     1.10299230e+03     2.98371235e+02     2.31439725e+02     1.17537250e+02   
    6.44000000e+04     1.61000000e+01     1.10299702e+03     3.03526366e+02     2.31752697e+02     1.18680722e+02   
    6.46000000e+04     1.61500000e+01     1.10300501e+03     3.00160240e+02     2.32175822e+02     1.18827179e+02   
    6.48000000e+04     1.62000000e+01     1.10302005e+03     3.02735999e+02     2.33532409e+02     1.20569812e+02   
    6.50000000e+04     1.62500000e+01     1.10302918e+03     2.99204088e+02     2.33553363e+02     1.20099318e+02   
    6.52000000e+04     1.63000000e+01     1.10303275e+03     2.97582900e+02     2.33521580e+02     1.20472130e+02   
    6.54000000e+04     1.63500000e+01     1.10303518e+03     2.96633508e+02     2.30707129e+02     1.18204846e+02   
    6.56000000e+04     1.64000000e+01     1.10304158e+03     3.01237743e+02     2.31118065e+02     1.19799616e+02   
    6.58000000e+04     1.64500000e+01     1.10303988e+03     3.01259170e+02     2.31064179e+02     1.17367909e+02   
    6.60000000e+04     1.65000000e+01     1.10305043e+03     2.99647202e+02     2.31101238e+02     1.18987883e+02   
    6.62000000e+04     1.65500000e+01     1.10305509e+03     3.02524988e+02     2.32205865e+02     1.18011603e+02   
    6.64000000e+04     1.66000000e+01     1.10306523e+03     2.99923879e+02     2.33010298e+02     1.20213398e+02   
    6.66000000e+04     1.66500000e+01     1.10306793e+03     3.00547239e+02     2.31876075e+02     1.16712801e+02   
    6.68000000e+04     1.67000000e+01     1.10306538e+03     2.98898844e+02     2.30623706e+02     1.15662124e+02   
    6.70000000e+04     1.67500000e+01     1.10307653e+03     3.01087997e+02     2.30617666e+02     1.16260112e+02   
    6.72000000e+04     1.68000000e+01     1.10307034e+03     2.97246951e+02     2.30275244e+02     1.15477464e+02   
    6.74000000e+04     1.68500000e+01     1.10305423e+03     2.98107771e+02     2.30989334e+02     1.17654383e+02   
    6.76000000e+04     1.69000000e+01     1.10305164e+03     2.98886684e+02     2.31179652e+02     1.16451250e+02   
    6.78000000e+04     1.69500000e+01     1.10305964e+03     3.00521282e+02     2.31233069e+02     1.19142881e+02   
    6.80000000e+04     1.70000000e+01     1.10306536e+03     2.99858387e+02     2.32278942e+02     1.18405751e+02   
    6.82000000e+04     1.70500000e+01     1.10306744e+03     2.95946966e+02     2.31572954e+02     1.17573053e+02   
    6.84000000e+04     1.71000000e+01     1.10306465e+03     3.00428591e+02     2.32041150e+02     1.18730452e+02   
    6.86000000e+04     1.71500000e+01     1.10306132e+03     2.98170882e+02     2.31862499e+02     1.17984740e+02   
    6.88000000e+04     1.72000000e+01     1.10307001e+03     3.00393150e+02     2.32707330e+02     1.19932746e+02   
    6.90000000e+04     1.72500000e+01     1.10307550e+03     3.01259570e+02     2.32312881e+02     1.19480522e+02   
    6.92000000e+04     1.73000000e+01     1.10309578e+03     2.97881850e+02     2.31306983e+02     1.19847441e+02   
    6.94000000e+04     1.73500000e+01     1.10309898e+03     2.99934116e+02     2.31338799e+02     1.18844515e+02   
    6.96000000e+04     1.74000000e+01     1.10309640e+03     2.96221769e+02     2.30064496e+02     1.17204860e+02   
    6.98000000e+04     1.74500000e+01     1.10310828e+03     2.98578326e+02     2.32315244e+02     1.19244834e+02   
    7.00000000e+04     1.75000000e+01     1.10310881e+03     2.97767330e+02     2.30613227e+02     1.18645093e+02   
    7.02000000e+04     1.75500000e+01     1.10311143e+03     2.99066420e+02     2.31303772e+02     1.19319917e+02   
    7.04000000e+04     1.76000000e+01     1.10310131e+03     3.00915792e+02     2.29882420e+02     1.18714482e+02   
    7.06000000e+04     1.76500000e+01     1.10310297e+03     3.01520358e+02     2.32047177e+02     1.20775991e+02   
    7.08000000e+04     1.77000000e+01     1.10309283e+03     2.99792176e+02     2.31742126e+02     1.21500512e+02   
    7.10000000e+04     1.77500000e+01     1.10308474e+03     2.98685843e+02     2.32309294e+02     1.20292213e+02   
    7.12000000e+04     1.78000000e+01     1.10309222e+03     2.99165212e+02     2.31879702e+02     1.20596515e+02   
    7.14000000e+04     1.78500000e+01     1.10308594e+03     2.99597701e+02     2.32329056e+02     1.19718404e+02   
    7.16000000e+04     1.79000000e+01     1.10308502e+03     2.99063529e+02     2.33714342e+02     1.22501786e+02   
    7.18000000e+04     1.79500000e+01     1.10307479e+03     2.97966084e+02     2.30471863e+02     1.18629855e+02   
    7.20000000e+04     1.80000000e+01     1.10308109e+03     3.00499359e+02     2.32358975e+02     1.20586769e+02   
    7.22000000e+04     1.80500000e+01     1.10307631e+03     2.97550663e+02     2.31111265e+02     1.17541756e+02   
    7.24000000e+04     1.81000000e+01     1.10308209e+03     2.99206974e+02     2.30983486e+02     1.18027466e+02   
    7.26000000e+04     1.81500000e+01     1.10310301e+03     2.97878837e+02     2.32792890e+02     1.20686301e+02   
    7.28000000e+04     1.82000000e+01     1.10310674e+03     2.99824274e+02     2.30947953e+02     1.18225058e+02   
    7.30000000e+04     1.82500000e+01     1.10311310e+03     3.00755110e+02     2.30610440e+02     1.17835163e+02   
    7.32000000e+04     1.83000000e+01     1.10312442e+03     3.00414117e+02     2.31227144e+02     1.16167322e+02   
    7.34000000e+04     1.83500000e+01     1.10313148e+03     2.98602627e+02     2.33622125e+02     1.19605451e+02   
    7.36000000e+04     1.84000000e+01     1.10312248e+03     2.99381173e+02     2.31395817e+02     1.17330627e+02   
    7.38000000e+04     1.84500000e+01     1.10312147e+03     2.97860748e+02     2.30475396e+02     1.16442035e+02   
    7.40000000e+04     1.85000000e+01     1.10312326e+03     3.00766730e+02     2.32490558e+02     1.16964080e+02   
    7.42000000e+04     1.85500000e+01     1.10310723e+03     2.99063692e+02     2.32923971e+02     1.18628850e+02   
    7.44000000e+04     1.86000000e+01     1.10308305e+03     3.01063066e+02     2.31726624e+02     1.17006070e+02   
    7.46000000e+04     1.86500000e+01     1.10306964e+03     2.99940522e+02     2.30628200e+02     1.17386933e+02   
    7.48000000e+04     1.87000000e+01     1.10306935e+03     3.01548180e+02     2.31375355e+02     1.15687296e+02   
    7.50000000e+04     1.87500000e+01     1.10307410e+03     2.98809493e+02     2.32032437e+02     1.17142340e+02   
    7.52000000e+04     1.88000000e+01     1.10307370e+03     2.99810292e+02     2.31903450e+02     1.16127669e+02   
    7.54000000e+04     1.88500000e+01     1.10307363e+03     3.00647316e+02     2.30862849e+02     1.14288264e+02   
    7.56000000e+04     1.89000000e+01     1.10307993e+03     2.99901773e+02     2.30648331e+02     1.13491306e+02   
    7.58000000e+04     1.89500000e+01     1.10308741e+03     2.99061809e+02     2.30579215e+02     1.14837530e+02   
    7.60000000e+04     1.90000000e+01     1.10308540e+03     3.00676084e+02     2.31533389e+02     1.14995368e+02   
    7.62000000e+04     1.90500000e+01     1.10309441e+03     3.01652183e+02     2.33443002e+02     1.17424558e+02   
    7.64000000e+04     1.91000000e+01     1.10306998e+03     3.00412484e+02     2.30440413e+02     1.14508353e+02   
    7.66000000e+04     1.91500000e+01     1.10307951e+03     2.99775192e+02     2.32757298e+02     1.17941706e+02   
    7.68000000e+04     1.92000000e+01     1.10307680e+03     2.98636367e+02     2.32533705e+02     1.18710751e+02   
    7.70000000e+04     1.92500000e+01     1.10307681e+03     2.99088566e+02     2.30928732e+02     1.16795946e+02   
    7.72000000e+04     1.93000000e+01     1.10309057e+03     3.01279764e+02     2.33411887e+02     1.20050404e+02   
    7.74000000e+04     1.93500000e+01     1.10308659e+03     3.00250870e+02     2.30856097e+02     1.16372944e+02   
    7.76000000e+04     1.94000000e+01     1.10309173e+03     2.99165545e+02     2.30364735e+02     1.16943240e+02   
    7.78000000e+04     1.94500000e+01     1.10309388e+03     2.95430574e+02     2.33086168e+02     1.17970476e+02   
    7.80000000e+04     1.95000000e+01     1.10309329e+03     3.01001971e+02     2.32461123e+02     1.17875366e+02   
    7.82000000e+04     1.95500000e+01     1.10308356e+03     3.01442026e+02     2.30886302e+02     1.17942907e+02   
    7.84000000e+04     1.96000000e+01     1.10309435e+03     3.02010242e+02     2.32926278e+02     1.17742908e+02   
    7.86000000e+04     1.96500000e+01     1.10309435e+03     2.98110827e+02     2.32093499e+02     1.17944612e+02   
    7.88000000e+04     1.97000000e+01     1.10310549e+03     3.00320721e+02     2.31230274e+02     1.17105389e+02   
    7.90000000e+04     1.97500000e+01     1.10311525e+03     3.01548587e+02     2.31035512e+02     1.18398848e+02   
    7.92000000e+04     1.98000000e+01     1.10312531e+03     3.00912216e+02     2.31537395e+02     1.17862834e+02   
    7.94000000e+04     1.98500000e+01     1.10312896e+03     3.01135609e+02     2.30654145e+02     1.18210911e+02   
    7.96000000e+04     1.99000000e+01     1.10312776e+03     3.00661362e+02     2.31612505e+02     1.18744918e+02   
    7.98000000e+04     1.99500000e+01     1.10312925e+03     2.98481902e+02     2.32080799e+02     1.18926757e+02   
    8.00000000e+04     2.00000000e+01     1.10312434e+03     2.99936530e+02     2.30826560e+02     1.16683421e+02   
