# column   1     --> step : The current simulation time step.
# column   2     --> time{picosecond} : The elapsed simulation time.
# column   3     --> conserved{electronvolt} : The value of the conserved energy quantity per bead.
# column   4     --> temperature{kelvin} : The current temperature, as obtained from the MD kinetic energy.
# column   5     --> kinetic_cv{electronvolt} : The centroid-virial quantum kinetic energy of the physical system.
# column   6     --> potential{electronvolt} : The physical system potential energy.
    0.00000000e+00     0.00000000e+00     1.10467029e+03     3.04428649e+02     2.31268975e+02     1.18725115e+02   
    2.00000000e+02     5.00000000e-02     1.10467434e+03     2.99893714e+02     2.30874811e+02     1.19474646e+02   
    4.00000000e+02     1.00000000e-01     1.10468215e+03     2.99699648e+02     2.30697124e+02     1.18773254e+02   
    6.00000000e+02     1.50000000e-01     1.10468642e+03     2.97771098e+02     2.32707126e+02     1.20177456e+02   
    8.00000000e+02     2.00000000e-01     1.10469859e+03     2.98217829e+02     2.32526638e+02     1.20940634e+02   
    1.00000000e+03     2.50000000e-01     1.10470196e+03     2.99868453e+02     2.32344829e+02     1.21073330e+02   
    1.20000000e+03     3.00000000e-01     1.10470413e+03     3.00697860e+02     2.33628190e+02     1.22378764e+02   
    1.40000000e+03     3.50000000e-01     1.10468061e+03     3.03342485e+02     2.31230195e+02     1.18425910e+02   
    1.60000000e+03     4.00000000e-01     1.10468540e+03     2.95550925e+02     2.32634243e+02     1.20801201e+02   
    1.80000000e+03     4.50000000e-01     1.10467878e+03     2.99129168e+02     2.31953271e+02     1.19013426e+02   
    2.00000000e+03     5.00000000e-01     1.10467868e+03     3.01622912e+02     2.32601631e+02     1.18720273e+02   
    2.20000000e+03     5.50000000e-01     1.10467196e+03     3.00947233e+02     2.28941431e+02     1.15592737e+02   
    2.40000000e+03     6.00000000e-01     1.10467626e+03     2.98471678e+02     2.32596879e+02     1.18549100e+02   
    2.60000000e+03     6.50000000e-01     1.10467137e+03     2.98535957e+02     2.30849236e+02     1.16700264e+02   
    2.80000000e+03     7.00000000e-01     1.10467636e+03     3.00619420e+02     2.32274350e+02     1.17619051e+02   
    3.00000000e+03     7.50000000e-01     1.10467345e+03     2.98874829e+02     2.31427282e+02     1.16275354e+02   
    3.20000000e+03     8.00000000e-01     1.10467653e+03     3.00953348e+02     2.31676761e+02     1.17328908e+02   
    3.40000000e+03     8.50000000e-01     1.10467000e+03     3.03858601e+02     2.31865747e+02     1.17627563e+02   
    3.60000000e+03     9.00000000e-01     1.10467157e+03     3.01526384e+02     2.30388264e+02     1.16511294e+02   
    3.80000000e+03     9.50000000e-01     1.10468594e+03     2.98130232e+02     2.31612868e+02     1.17253136e+02   
    4.00000000e+03     1.00000000e+00     1.10469893e+03     2.98790759e+02     2.30407414e+02     1.16171582e+02   
    4.20000000e+03     1.05000000e+00     1.10470281e+03     2.98512864e+02     2.31596804e+02     1.17649541e+02   
    4.40000000e+03     1.10000000e+00     1.10470746e+03     2.98904706e+02     2.31167505e+02     1.16860187e+02   
    4.60000000e+03     1.15000000e+00     1.10471516e+03     2.97319082e+02     2.32841440e+02     1.18133164e+02   
    4.80000000e+03     1.20000000e+00     1.10470090e+03     2.97947282e+02     2.31436452e+02     1.16796526e+02   
    5.00000000e+03     1.25000000e+00     1.10469812e+03     2.99804820e+02     2.30599736e+02     1.16016421e+02   
    5.20000000e+03     1.30000000e+00     1.10470652e+03     2.99903415e+02     2.32376493e+02     1.18141140e+02   
    5.40000000e+03     1.35000000e+00     1.10469799e+03     3.02418940e+02     2.31457339e+02     1.17751395e+02   
    5.60000000e+03     1.40000000e+00     1.10470556e+03     2.97367888e+02     2.32931580e+02     1.17532520e+02   
    5.80000000e+03     1.45000000e+00     1.10471027e+03     2.99669607e+02     2.30348698e+02     1.15986573e+02   
    6.00000000e+03     1.50000000e+00     1.10472692e+03     2.98812756e+02     2.32608816e+02     1.18041905e+02   
    6.20000000e+03     1.55000000e+00     1.10471683e+03     2.99119438e+02     2.32276108e+02     1.18142299e+02   
    6.40000000e+03     1.60000000e+00     1.10471034e+03     2.99416475e+02     2.31078497e+02     1.17826891e+02   
    6.60000000e+03     1.65000000e+00     1.10470823e+03     3.04062520e+02     2.31996142e+02     1.19660840e+02   
    6.80000000e+03     1.70000000e+00     1.10469748e+03     3.02188584e+02     2.30372479e+02     1.18161535e+02   
    7.00000000e+03     1.75000000e+00     1.10469391e+03     3.00074069e+02     2.30576269e+02     1.17178031e+02   
    7.20000000e+03     1.80000000e+00     1.10467366e+03     2.98596501e+02     2.31342715e+02     1.17624878e+02   
    7.40000000e+03     1.85000000e+00     1.10467926e+03     2.97939252e+02     2.32170848e+02     1.18154636e+02   
    7.60000000e+03     1.90000000e+00     1.10468413e+03     2.97893668e+02     2.31483150e+02     1.17831529e+02   
    7.80000000e+03     1.95000000e+00     1.10469412e+03     2.99869120e+02     2.32740320e+02     1.17518586e+02   
    8.00000000e+03     2.00000000e+00     1.10469725e+03     3.01905956e+02     2.31102919e+02     1.17550327e+02   
    8.20000000e+03     2.05000000e+00     1.10469873e+03     3.00552883e+02     2.32072270e+02     1.19170823e+02   
    8.40000000e+03     2.10000000e+00     1.10470708e+03     2.99913568e+02     2.33571867e+02     1.22506465e+02   
    8.60000000e+03     2.15000000e+00     1.10469403e+03     2.97396365e+02     2.32008371e+02     1.18346112e+02   
    8.80000000e+03     2.20000000e+00     1.10469947e+03     2.98229670e+02     2.32247261e+02     1.18799566e+02   
    9.00000000e+03     2.25000000e+00     1.10469071e+03     2.99219906e+02     2.30305951e+02     1.17384773e+02   
    9.20000000e+03     2.30000000e+00     1.10469530e+03     2.99682734e+02     2.31248269e+02     1.17415971e+02   
    9.40000000e+03     2.35000000e+00     1.10470525e+03     2.98233702e+02     2.30570897e+02     1.17061282e+02   
    9.60000000e+03     2.40000000e+00     1.10470749e+03     2.99081509e+02     2.29694549e+02     1.14616399e+02   
    9.80000000e+03     2.45000000e+00     1.10470737e+03     3.01695554e+02     2.28967290e+02     1.15453027e+02   
    1.00000000e+04     2.50000000e+00     1.10472060e+03     2.98632950e+02     2.30931053e+02     1.19267656e+02   
    1.02000000e+04     2.55000000e+00     1.10472108e+03     2.99162973e+02     2.32337390e+02     1.20245048e+02   
    1.04000000e+04     2.60000000e+00     1.10472452e+03     3.01113369e+02     2.33188357e+02     1.21057798e+02   
    1.06000000e+04     2.65000000e+00     1.10472437e+03     2.99404721e+02     2.31867106e+02     1.19280208e+02   
    1.08000000e+04     2.70000000e+00     1.10472171e+03     2.99058351e+02     2.32461442e+02     1.20187241e+02   
    1.10000000e+04     2.75000000e+00     1.10472406e+03     3.02113388e+02     2.31481168e+02     1.18713410e+02   
    1.12000000e+04     2.80000000e+00     1.10472119e+03     2.99527032e+02     2.31505194e+02     1.18055569e+02   
    1.14000000e+04     2.85000000e+00     1.10472673e+03     3.00540781e+02     2.31999087e+02     1.19199435e+02   
    1.16000000e+04     2.90000000e+00     1.10472329e+03     2.97075548e+02     2.30492160e+02     1.17553046e+02   
    1.18000000e+04     2.95000000e+00     1.10473528e+03     3.01648931e+02     2.31791377e+02     1.20145758e+02   
    1.20000000e+04     3.00000000e+00     1.10474569e+03     3.01024146e+02     2.34327777e+02     1.21021603e+02   
    1.22000000e+04     3.05000000e+00     1.10474413e+03     2.98190693e+02     2.33639818e+02     1.20928838e+02   
    1.24000000e+04     3.10000000e+00     1.10472826e+03     2.97152939e+02     2.32781998e+02     1.19547191e+02   
    1.26000000e+04     3.15000000e+00     1.10472364e+03     2.97670821e+02     2.32284481e+02     1.20187825e+02   
    1.28000000e+04     3.20000000e+00     1.10471964e+03     2.95794522e+02     2.33610258e+02     1.21788138e+02   
    1.30000000e+04     3.25000000e+00     1.10472770e+03     2.96905349e+02     2.31906880e+02     1.19736403e+02   
    1.32000000e+04     3.30000000e+00     1.10472242e+03     2.98499631e+02     2.33084190e+02     1.20382589e+02   
    1.34000000e+04     3.35000000e+00     1.10471453e+03     2.98429238e+02     2.32234565e+02     1.19861592e+02   
    1.36000000e+04     3.40000000e+00     1.10470057e+03     2.99431344e+02     2.32469497e+02     1.20221167e+02   
    1.38000000e+04     3.45000000e+00     1.10468777e+03     2.98908258e+02     2.31724556e+02     1.18186677e+02   
    1.40000000e+04     3.50000000e+00     1.10468557e+03     2.99452512e+02     2.32016239e+02     1.17622966e+02   
    1.42000000e+04     3.55000000e+00     1.10469045e+03     2.96906453e+02     2.32352558e+02     1.19509983e+02   
    1.44000000e+04     3.60000000e+00     1.10468073e+03     2.97845711e+02     2.31619996e+02     1.17608683e+02   
    1.46000000e+04     3.65000000e+00     1.10469005e+03     2.99721545e+02     2.31746219e+02     1.18784338e+02   
    1.48000000e+04     3.70000000e+00     1.10471116e+03     3.02424302e+02     2.31033644e+02     1.17263630e+02   
    1.50000000e+04     3.75000000e+00     1.10472450e+03     2.96823965e+02     2.30751954e+02     1.19583844e+02   
    1.52000000e+04     3.80000000e+00     1.10471847e+03     3.00942659e+02     2.30843023e+02     1.18492930e+02   
    1.54000000e+04     3.85000000e+00     1.10473021e+03     2.98919796e+02     2.32584298e+02     1.21029536e+02   
    1.56000000e+04     3.90000000e+00     1.10473062e+03     3.02016126e+02     2.31723087e+02     1.20118812e+02   
    1.58000000e+04     3.95000000e+00     1.10473175e+03     3.00397173e+02     2.32783024e+02     1.21328713e+02   
    1.60000000e+04     4.00000000e+00     1.10472784e+03     3.01715418e+02     2.32242119e+02     1.21306455e+02   
    1.62000000e+04     4.05000000e+00     1.10472769e+03     3.01201656e+02     2.33759531e+02     1.21885706e+02   
    1.64000000e+04     4.10000000e+00     1.10471930e+03     3.00162339e+02     2.30853446e+02     1.19168981e+02   
    1.66000000e+04     4.15000000e+00     1.10470563e+03     2.99832882e+02     2.31315664e+02     1.18541508e+02   
    1.68000000e+04     4.20000000e+00     1.10468801e+03     2.99792218e+02     2.31806303e+02     1.18733452e+02   
    1.70000000e+04     4.25000000e+00     1.10467048e+03     3.00434426e+02     2.30538808e+02     1.16892421e+02   
    1.72000000e+04     4.30000000e+00     1.10466921e+03     3.02075389e+02     2.31272518e+02     1.16965826e+02   
    1.74000000e+04     4.35000000e+00     1.10465499e+03     2.98274244e+02     2.30631787e+02     1.15712260e+02   
    1.76000000e+04     4.40000000e+00     1.10465910e+03     3.02224066e+02     2.30993199e+02     1.17114175e+02   
    1.78000000e+04     4.45000000e+00     1.10467092e+03     3.02482106e+02     2.33235047e+02     1.19775846e+02   
    1.80000000e+04     4.50000000e+00     1.10465916e+03     2.98620720e+02     2.31647469e+02     1.18718039e+02   
    1.82000000e+04     4.55000000e+00     1.10465716e+03     3.05016598e+02     2.32783648e+02     1.18892474e+02   
    1.84000000e+04     4.60000000e+00     1.10467578e+03     2.99983608e+02     2.33047068e+02     1.20167508e+02   
    1.86000000e+04     4.65000000e+00     1.10467793e+03     3.03874228e+02     2.31906497e+02     1.18554693e+02   
    1.88000000e+04     4.70000000e+00     1.10468369e+03     3.00045065e+02     2.31356351e+02     1.19770071e+02   
    1.90000000e+04     4.75000000e+00     1.10468670e+03     2.97663240e+02     2.33504293e+02     1.21461117e+02   
    1.92000000e+04     4.80000000e+00     1.10468180e+03     2.99987897e+02     2.31236830e+02     1.18193390e+02   
    1.94000000e+04     4.85000000e+00     1.10469261e+03     3.01494829e+02     2.30927849e+02     1.19313377e+02   
    1.96000000e+04     4.90000000e+00     1.10470438e+03     2.99847834e+02     2.32459123e+02     1.21185299e+02   
    1.98000000e+04     4.95000000e+00     1.10469850e+03     2.98847016e+02     2.32643886e+02     1.21378795e+02   
    2.00000000e+04     5.00000000e+00     1.10470276e+03     2.99618946e+02     2.32684230e+02     1.21604548e+02   
    2.02000000e+04     5.05000000e+00     1.10469701e+03     2.97910548e+02     2.31676831e+02     1.22085523e+02   
    2.04000000e+04     5.10000000e+00     1.10468936e+03     3.00222006e+02     2.29806767e+02     1.19623972e+02   
    2.06000000e+04     5.15000000e+00     1.10469134e+03     2.99033097e+02     2.31067561e+02     1.21492920e+02   
    2.08000000e+04     5.20000000e+00     1.10470789e+03     2.98917164e+02     2.31757455e+02     1.20924012e+02   
    2.10000000e+04     5.25000000e+00     1.10470962e+03     2.99390156e+02     2.31576001e+02     1.19699859e+02   
    2.12000000e+04     5.30000000e+00     1.10472341e+03     3.01935372e+02     2.31127698e+02     1.19544009e+02   
    2.14000000e+04     5.35000000e+00     1.10472752e+03     3.01644504e+02     2.30145008e+02     1.16909255e+02   
    2.16000000e+04     5.40000000e+00     1.10474226e+03     3.02898092e+02     2.30174739e+02     1.16592394e+02   
    2.18000000e+04     5.45000000e+00     1.10475731e+03     2.99526254e+02     2.32334666e+02     1.19340306e+02   
    2.20000000e+04     5.50000000e+00     1.10474829e+03     3.00043950e+02     2.31201682e+02     1.19899602e+02   
    2.22000000e+04     5.55000000e+00     1.10474195e+03     2.98297480e+02     2.32166358e+02     1.18738448e+02   
    2.24000000e+04     5.60000000e+00     1.10474894e+03     3.02629362e+02     2.31350824e+02     1.18890392e+02   
    2.26000000e+04     5.65000000e+00     1.10475647e+03     3.02747605e+02     2.33489876e+02     1.19455972e+02   
    2.28000000e+04     5.70000000e+00     1.10476412e+03     2.99362751e+02     2.32179624e+02     1.18463059e+02   
    2.30000000e+04     5.75000000e+00     1.10476414e+03     3.00147789e+02     2.32952647e+02     1.19719530e+02   
    2.32000000e+04     5.80000000e+00     1.10476938e+03     3.01030708e+02     2.33207746e+02     1.17971375e+02   
    2.34000000e+04     5.85000000e+00     1.10476073e+03     2.97770517e+02     2.29644864e+02     1.16915259e+02   
    2.36000000e+04     5.90000000e+00     1.10476993e+03     2.99884674e+02     2.33497181e+02     1.19732567e+02   
    2.38000000e+04     5.95000000e+00     1.10477605e+03     2.99489079e+02     2.33562702e+02     1.20621996e+02   
    2.40000000e+04     6.00000000e+00     1.10477159e+03     2.99149914e+02     2.32365399e+02     1.19643447e+02   
    2.42000000e+04     6.05000000e+00     1.10476159e+03     3.00581284e+02     2.30421448e+02     1.17504864e+02   
    2.44000000e+04     6.10000000e+00     1.10476702e+03     2.97793065e+02     2.31643580e+02     1.18581840e+02   
    2.46000000e+04     6.15000000e+00     1.10477162e+03     2.98747939e+02     2.32744633e+02     1.19013184e+02   
    2.48000000e+04     6.20000000e+00     1.10476226e+03     2.98930082e+02     2.31210263e+02     1.18447611e+02   
    2.50000000e+04     6.25000000e+00     1.10476614e+03     3.00262956e+02     2.32220115e+02     1.19914992e+02   
    2.52000000e+04     6.30000000e+00     1.10477386e+03     3.00120127e+02     2.32180498e+02     1.19490582e+02   
    2.54000000e+04     6.35000000e+00     1.10477140e+03     3.00190669e+02     2.32004531e+02     1.19490610e+02   
    2.56000000e+04     6.40000000e+00     1.10476045e+03     2.99481489e+02     2.31079651e+02     1.18738066e+02   
    2.58000000e+04     6.45000000e+00     1.10476815e+03     2.99734204e+02     2.32692810e+02     1.19580555e+02   
    2.60000000e+04     6.50000000e+00     1.10477059e+03     2.98885904e+02     2.31569684e+02     1.17897215e+02   
    2.62000000e+04     6.55000000e+00     1.10479132e+03     3.00105959e+02     2.32662631e+02     1.18268058e+02   
    2.64000000e+04     6.60000000e+00     1.10481090e+03     2.99743320e+02     2.32432097e+02     1.19112717e+02   
    2.66000000e+04     6.65000000e+00     1.10481180e+03     3.00303739e+02     2.29875148e+02     1.13845895e+02   
    2.68000000e+04     6.70000000e+00     1.10483370e+03     3.00138390e+02     2.32376200e+02     1.18689274e+02   
    2.70000000e+04     6.75000000e+00     1.10483596e+03     2.99047888e+02     2.32969128e+02     1.17304969e+02   
    2.72000000e+04     6.80000000e+00     1.10483519e+03     2.99602367e+02     2.31542079e+02     1.17132241e+02   
    2.74000000e+04     6.85000000e+00     1.10481623e+03     3.01365801e+02     2.31445742e+02     1.15750646e+02   
    2.76000000e+04     6.90000000e+00     1.10480962e+03     3.00265913e+02     2.30657600e+02     1.15835896e+02   
    2.78000000e+04     6.95000000e+00     1.10480957e+03     3.00840782e+02     2.32689754e+02     1.17470130e+02   
    2.80000000e+04     7.00000000e+00     1.10480962e+03     2.99902740e+02     2.30871637e+02     1.16433047e+02   
    2.82000000e+04     7.05000000e+00     1.10480620e+03     2.97900536e+02     2.32008422e+02     1.17699478e+02   
    2.84000000e+04     7.10000000e+00     1.10481271e+03     2.96013325e+02     2.32320526e+02     1.18390307e+02   
    2.86000000e+04     7.15000000e+00     1.10481640e+03     2.98212263e+02     2.31197357e+02     1.18177509e+02   
    2.88000000e+04     7.20000000e+00     1.10482721e+03     2.98996316e+02     2.35023885e+02     1.22463895e+02   
    2.90000000e+04     7.25000000e+00     1.10480400e+03     3.00404579e+02     2.30468424e+02     1.16738404e+02   
    2.92000000e+04     7.30000000e+00     1.10481106e+03     3.01016548e+02     2.33917817e+02     1.20399141e+02   
    2.94000000e+04     7.35000000e+00     1.10480343e+03     3.00377599e+02     2.31712245e+02     1.18355861e+02   
    2.96000000e+04     7.40000000e+00     1.10480378e+03     3.00661121e+02     2.31720632e+02     1.19326202e+02   
    2.98000000e+04     7.45000000e+00     1.10481165e+03     3.00287603e+02     2.30854887e+02     1.17239573e+02   
    3.00000000e+04     7.50000000e+00     1.10481592e+03     2.98532879e+02     2.29983954e+02     1.17372654e+02   
    3.02000000e+04     7.55000000e+00     1.10481926e+03     2.99769609e+02     2.31153620e+02     1.17461476e+02   
    3.04000000e+04     7.60000000e+00     1.10482204e+03     2.98093616e+02     2.32594837e+02     1.19870017e+02   
    3.06000000e+04     7.65000000e+00     1.10480916e+03     2.95543941e+02     2.30936604e+02     1.17599155e+02   
    3.08000000e+04     7.70000000e+00     1.10482976e+03     3.00811282e+02     2.30734918e+02     1.17384934e+02   
    3.10000000e+04     7.75000000e+00     1.10484858e+03     3.00209216e+02     2.32011440e+02     1.18099801e+02   
    3.12000000e+04     7.80000000e+00     1.10485024e+03     3.02564294e+02     2.30905493e+02     1.16380104e+02   
    3.14000000e+04     7.85000000e+00     1.10485327e+03     3.01376750e+02     2.33266244e+02     1.20852700e+02   
    3.16000000e+04     7.90000000e+00     1.10483976e+03     3.02039936e+02     2.30035958e+02     1.15483309e+02   
    3.18000000e+04     7.95000000e+00     1.10482928e+03     2.98944744e+02     2.29756166e+02     1.13336150e+02   
    3.20000000e+04     8.00000000e+00     1.10484202e+03     2.98436095e+02     2.33186321e+02     1.18870968e+02   
    3.22000000e+04     8.05000000e+00     1.10483664e+03     3.01096084e+02     2.33022730e+02     1.19190782e+02   
    3.24000000e+04     8.10000000e+00     1.10483441e+03     3.03694538e+02     2.32061696e+02     1.19672086e+02   
    3.26000000e+04     8.15000000e+00     1.10483573e+03     3.00679414e+02     2.32789970e+02     1.19570408e+02   
    3.28000000e+04     8.20000000e+00     1.10483420e+03     2.97947095e+02     2.32629901e+02     1.19852528e+02   
    3.30000000e+04     8.25000000e+00     1.10484609e+03     2.99590687e+02     2.32189053e+02     1.18251506e+02   
    3.32000000e+04     8.30000000e+00     1.10485920e+03     3.00688286e+02     2.32577634e+02     1.18547853e+02   
    3.34000000e+04     8.35000000e+00     1.10486365e+03     3.02124736e+02     2.32757416e+02     1.18191256e+02   
    3.36000000e+04     8.40000000e+00     1.10486629e+03     3.02002001e+02     2.32529179e+02     1.17734460e+02   
    3.38000000e+04     8.45000000e+00     1.10485338e+03     2.99862457e+02     2.29611162e+02     1.14390223e+02   
    3.40000000e+04     8.50000000e+00     1.10484512e+03     2.99256166e+02     2.31221855e+02     1.18435349e+02   
    3.42000000e+04     8.55000000e+00     1.10483814e+03     3.01356960e+02     2.31461933e+02     1.16996767e+02   
    3.44000000e+04     8.60000000e+00     1.10483511e+03     3.00859353e+02     2.32702997e+02     1.19584442e+02   
    3.46000000e+04     8.65000000e+00     1.10482938e+03     3.01882606e+02     2.32059104e+02     1.17903923e+02   
    3.48000000e+04     8.70000000e+00     1.10483875e+03     2.98804978e+02     2.33116025e+02     1.20445599e+02   
    3.50000000e+04     8.75000000e+00     1.10484225e+03     2.97389822e+02     2.32696350e+02     1.20087326e+02   
    3.52000000e+04     8.80000000e+00     1.10484298e+03     3.01698778e+02     2.31388399e+02     1.16562436e+02   
    3.54000000e+04     8.85000000e+00     1.10485802e+03     2.98762148e+02     2.32814861e+02     1.19567084e+02   
    3.56000000e+04     8.90000000e+00     1.10485516e+03     2.99554497e+02     2.30747405e+02     1.16368512e+02   
    3.58000000e+04     8.95000000e+00     1.10485525e+03     2.97777941e+02     2.31205805e+02     1.19088007e+02   
    3.60000000e+04     9.00000000e+00     1.10486106e+03     2.98102615e+02     2.33087226e+02     1.19494880e+02   
    3.62000000e+04     9.05000000e+00     1.10485046e+03     2.96089759e+02     2.31661168e+02     1.17577659e+02   
    3.64000000e+04     9.10000000e+00     1.10486236e+03     3.00531099e+02     2.31925146e+02     1.19133107e+02   
    3.66000000e+04     9.15000000e+00     1.10486515e+03     2.98395637e+02     2.30459613e+02     1.15523503e+02   
    3.68000000e+04     9.20000000e+00     1.10485610e+03     3.01470727e+02     2.30950802e+02     1.17882264e+02   
    3.70000000e+04     9.25000000e+00     1.10483883e+03     3.01062887e+02     2.30490778e+02     1.15729227e+02   
    3.72000000e+04     9.30000000e+00     1.10483028e+03     3.02247383e+02     2.30845896e+02     1.17501133e+02   
    3.74000000e+04     9.35000000e+00     1.10483364e+03     2.98166132e+02     2.32292116e+02     1.17129160e+02   
    3.76000000e+04     9.40000000e+00     1.10483132e+03     3.00347673e+02     2.31293940e+02     1.17711785e+02   
    3.78000000e+04     9.45000000e+00     1.10483909e+03     3.02309970e+02     2.34088565e+02     1.19304714e+02   
    3.80000000e+04     9.50000000e+00     1.10485199e+03     2.97897095e+02     2.34480650e+02     1.20830348e+02   
    3.82000000e+04     9.55000000e+00     1.10483432e+03     2.99068044e+02     2.30824589e+02     1.16869318e+02   
    3.84000000e+04     9.60000000e+00     1.10483407e+03     3.02839641e+02     2.31353412e+02     1.18147864e+02   
    3.86000000e+04     9.65000000e+00     1.10483796e+03     2.98955410e+02     2.32040594e+02     1.19882649e+02   
    3.88000000e+04     9.70000000e+00     1.10483647e+03     3.01738251e+02     2.30888934e+02     1.18089685e+02   
    3.90000000e+04     9.75000000e+00     1.10484090e+03     3.02274681e+02     2.33386178e+02     1.20771366e+02   
    3.92000000e+04     9.80000000e+00     1.10484211e+03     3.03650709e+02     2.32567064e+02     1.18241500e+02   
    3.94000000e+04     9.85000000e+00     1.10483527e+03     3.00377770e+02     2.30423687e+02     1.17243510e+02   
    3.96000000e+04     9.90000000e+00     1.10484116e+03     3.03003063e+02     2.31260082e+02     1.16683308e+02   
    3.98000000e+04     9.95000000e+00     1.10485711e+03     2.98085589e+02     2.31802660e+02     1.19234039e+02   
    4.00000000e+04     1.00000000e+01     1.10486198e+03     3.03288473e+02     2.31840362e+02     1.18706567e+02   
    4.02000000e+04     1.00500000e+01     1.10487152e+03     3.00360508e+02     2.32801443e+02     1.20465940e+02   
    4.04000000e+04     1.01000000e+01     1.10487061e+03     2.98945564e+02     2.30141831e+02     1.17231566e+02   
    4.06000000e+04     1.01500000e+01     1.10488541e+03     3.00694309e+02     2.32444109e+02     1.19533920e+02   
    4.08000000e+04     1.02000000e+01     1.10487774e+03     3.01346917e+02     2.33111350e+02     1.19633614e+02   
    4.10000000e+04     1.02500000e+01     1.10485703e+03     2.99954355e+02     2.30864651e+02     1.17876787e+02   
    4.12000000e+04     1.03000000e+01     1.10486069e+03     3.00878315e+02     2.32600312e+02     1.18890679e+02   
    4.14000000e+04     1.03500000e+01     1.10484333e+03     2.98389894e+02     2.30533136e+02     1.15844276e+02   
    4.16000000e+04     1.04000000e+01     1.10484782e+03     3.01884155e+02     2.30760373e+02     1.16848682e+02   
    4.18000000e+04     1.04500000e+01     1.10485107e+03     3.00778611e+02     2.31117573e+02     1.16983545e+02   
    4.20000000e+04     1.05000000e+01     1.10485741e+03     3.01326600e+02     2.30968113e+02     1.17394960e+02   
    4.22000000e+04     1.05500000e+01     1.10486236e+03     2.99098520e+02     2.30896959e+02     1.16581144e+02   
    4.24000000e+04     1.06000000e+01     1.10485900e+03     2.99162105e+02     2.32866807e+02     1.19681806e+02   
    4.26000000e+04     1.06500000e+01     1.10485991e+03     3.01714264e+02     2.32527621e+02     1.19893274e+02   
    4.28000000e+04     1.07000000e+01     1.10487001e+03     3.02415684e+02     2.32138840e+02     1.19242005e+02   
    4.30000000e+04     1.07500000e+01     1.10487562e+03     2.99557933e+02     2.31392717e+02     1.18690424e+02   
    4.32000000e+04     1.08000000e+01     1.10488153e+03     3.01929907e+02     2.31783975e+02     1.17528902e+02   
    4.34000000e+04     1.08500000e+01     1.10487929e+03     3.00998029e+02     2.31587704e+02     1.18509469e+02   
    4.36000000e+04     1.09000000e+01     1.10487468e+03     2.98090315e+02     2.30058148e+02     1.15643454e+02   
    4.38000000e+04     1.09500000e+01     1.10488283e+03     2.99404296e+02     2.31193849e+02     1.18395939e+02   
    4.40000000e+04     1.10000000e+01     1.10489612e+03     2.98726543e+02     2.33800938e+02     1.21071224e+02   
    4.42000000e+04     1.10500000e+01     1.10489686e+03     2.98809677e+02     2.31531133e+02     1.20055442e+02   
    4.44000000e+04     1.11000000e+01     1.10489027e+03     3.01350296e+02     2.28558172e+02     1.17649188e+02   
    4.46000000e+04     1.11500000e+01     1.10489138e+03     2.97426127e+02     2.29837399e+02     1.17042672e+02   
    4.48000000e+04     1.12000000e+01     1.10489618e+03     3.02918373e+02     2.31230084e+02     1.18620954e+02   
    4.50000000e+04     1.12500000e+01     1.10490048e+03     3.03223017e+02     2.31461145e+02     1.16839118e+02   
    4.52000000e+04     1.13000000e+01     1.10492157e+03     3.01285205e+02     2.32076674e+02     1.19027101e+02   
    4.54000000e+04     1.13500000e+01     1.10491502e+03     3.00290648e+02     2.30998717e+02     1.17498039e+02   
    4.56000000e+04     1.14000000e+01     1.10492577e+03     3.00244023e+02     2.32653547e+02     1.19230372e+02   
    4.58000000e+04     1.14500000e+01     1.10491808e+03     3.01659972e+02     2.32167207e+02     1.18788828e+02   
    4.60000000e+04     1.15000000e+01     1.10490143e+03     2.97673380e+02     2.29165854e+02     1.15825999e+02   
    4.62000000e+04     1.15500000e+01     1.10490654e+03     2.99874122e+02     2.32258393e+02     1.18449304e+02   
    4.64000000e+04     1.16000000e+01     1.10491089e+03     3.03839087e+02     2.31514220e+02     1.18804524e+02   
    4.66000000e+04     1.16500000e+01     1.10491210e+03     2.99202844e+02     2.31563727e+02     1.19186123e+02   
    4.68000000e+04     1.17000000e+01     1.10491392e+03     2.99980093e+02     2.30875234e+02     1.19279314e+02   
    4.70000000e+04     1.17500000e+01     1.10491054e+03     3.01750125e+02     2.31968658e+02     1.17256939e+02   
    4.72000000e+04     1.18000000e+01     1.10490121e+03     3.01290289e+02     2.29949608e+02     1.16702297e+02   
    4.74000000e+04     1.18500000e+01     1.10490594e+03     2.98496554e+02     2.32834025e+02     1.18587961e+02   
    4.76000000e+04     1.19000000e+01     1.10489506e+03     3.04117963e+02     2.31780237e+02     1.17943280e+02   
    4.78000000e+04     1.19500000e+01     1.10487962e+03     3.00611758e+02     2.31037434e+02     1.16965900e+02   
    4.80000000e+04     1.20000000e+01     1.10488541e+03     3.00638903e+02     2.33250238e+02     1.20273373e+02   
    4.82000000e+04     1.20500000e+01     1.10488845e+03     2.99864694e+02     2.30593727e+02     1.17751986e+02   
    4.84000000e+04     1.21000000e+01     1.10489549e+03     2.98504400e+02     2.31631837e+02     1.17405134e+02   
    4.86000000e+04     1.21500000e+01     1.10490370e+03     2.99780302e+02     2.30642065e+02     1.16492360e+02   
    4.88000000e+04     1.22000000e+01     1.10491557e+03     2.96909961e+02     2.32175554e+02     1.17918659e+02   
    4.90000000e+04     1.22500000e+01     1.10492023e+03     2.97863688e+02     2.30357157e+02     1.17808870e+02   
    4.92000000e+04     1.23000000e+01     1.10491732e+03     3.01836081e+02     2.32303559e+02     1.17040271e+02   
    4.94000000e+04     1.23500000e+01     1.10492427e+03     2.98602114e+02     2.32203170e+02     1.18827364e+02   
    4.96000000e+04     1.24000000e+01     1.10490846e+03     3.01145414e+02     2.29336556e+02     1.13767822e+02   
    4.98000000e+04     1.24500000e+01     1.10492558e+03     3.00297152e+02     2.32722033e+02     1.18329502e+02   
    5.00000000e+04     1.25000000e+01     1.10492366e+03     2.94997591e+02     2.32635569e+02     1.17662426e+02   
    5.02000000e+04     1.25500000e+01     1.10493265e+03     3.01013002e+02     2.31205681e+02     1.17890761e+02   
    5.04000000e+04     1.26000000e+01     1.10493790e+03     2.98361780e+02     2.33445134e+02     1.17939389e+02   
    5.06000000e+04     1.26500000e+01     1.10493218e+03     3.00770680e+02     2.30882186e+02     1.15739050e+02   
    5.08000000e+04     1.27000000e+01     1.10493585e+03     2.97953308e+02     2.32237390e+02     1.17069248e+02   
    5.10000000e+04     1.27500000e+01     1.10492686e+03     2.99865155e+02     2.30860127e+02     1.15172214e+02   
    5.12000000e+04     1.28000000e+01     1.10493345e+03     2.99198257e+02     2.30633756e+02     1.17595114e+02   
    5.14000000e+04     1.28500000e+01     1.10493533e+03     2.99177255e+02     2.32825624e+02     1.18707115e+02   
    5.16000000e+04     1.29000000e+01     1.10494556e+03     2.98709293e+02     2.32494377e+02     1.19357209e+02   
    5.18000000e+04     1.29500000e+01     1.10494545e+03     2.99032532e+02     2.31560489e+02     1.17424127e+02   
    5.20000000e+04     1.30000000e+01     1.10495209e+03     2.95550338e+02     2.32700955e+02     1.19300425e+02   
    5.22000000e+04     1.30500000e+01     1.10495132e+03     2.99822093e+02     2.30336194e+02     1.16092385e+02   
    5.24000000e+04     1.31000000e+01     1.10495663e+03     2.99320748e+02     2.31041575e+02     1.18231838e+02   
    5.26000000e+04     1.31500000e+01     1.10496320e+03     2.96732360e+02     2.30935935e+02     1.17502677e+02   
    5.28000000e+04     1.32000000e+01     1.10496947e+03     3.01424955e+02     2.31730767e+02     1.19230424e+02   
    5.30000000e+04     1.32500000e+01     1.10497158e+03     2.97261808e+02     2.31046284e+02     1.19411576e+02   
    5.32000000e+04     1.33000000e+01     1.10497314e+03     2.99933754e+02     2.31060605e+02     1.18285437e+02   
    5.34000000e+04     1.33500000e+01     1.10497172e+03     3.01847481e+02     2.30129268e+02     1.16729823e+02   
    5.36000000e+04     1.34000000e+01     1.10499052e+03     3.00240007e+02     2.33304421e+02     1.19358851e+02   
    5.38000000e+04     1.34500000e+01     1.10498717e+03     2.99666576e+02     2.32483708e+02     1.18381803e+02   
    5.40000000e+04     1.35000000e+01     1.10497633e+03     3.02349407e+02     2.29486850e+02     1.16970425e+02   
    5.42000000e+04     1.35500000e+01     1.10499267e+03     3.02952009e+02     2.32171767e+02     1.18436714e+02   
    5.44000000e+04     1.36000000e+01     1.10499465e+03     3.00485085e+02     2.31322691e+02     1.18130656e+02   
    5.46000000e+04     1.36500000e+01     1.10498803e+03     2.97005664e+02     2.32147933e+02     1.18646477e+02   
    5.48000000e+04     1.37000000e+01     1.10497918e+03     2.98897523e+02     2.31357387e+02     1.18280626e+02   
    5.50000000e+04     1.37500000e+01     1.10498119e+03     3.01025147e+02     2.31035101e+02     1.18151674e+02   
    5.52000000e+04     1.38000000e+01     1.10498041e+03     2.97957515e+02     2.32414452e+02     1.19249880e+02   
    5.54000000e+04     1.38500000e+01     1.10497714e+03     2.97831455e+02     2.32054093e+02     1.19011541e+02   
    5.56000000e+04     1.39000000e+01     1.10497666e+03     3.02361226e+02     2.31429028e+02     1.18143510e+02   
    5.58000000e+04     1.39500000e+01     1.10498412e+03     3.00218329e+02     2.32281858e+02     1.19045404e+02   
    5.60000000e+04     1.40000000e+01     1.10499495e+03     3.01034098e+02     2.33728161e+02     1.20334067e+02   
    5.62000000e+04     1.40500000e+01     1.10499422e+03     2.99998604e+02     2.32107786e+02     1.19072365e+02   
    5.64000000e+04     1.41000000e+01     1.10498760e+03     3.02291283e+02     2.29799680e+02     1.16430984e+02   
    5.66000000e+04     1.41500000e+01     1.10499637e+03     3.00595833e+02     2.31275246e+02     1.17420001e+02   
    5.68000000e+04     1.42000000e+01     1.10500689e+03     2.99426896e+02     2.33036209e+02     1.18937073e+02   
    5.70000000e+04     1.42500000e+01     1.10501343e+03     2.99447564e+02     2.33417027e+02     1.19055661e+02   
    5.72000000e+04     1.43000000e+01     1.10500760e+03     3.00575434e+02     2.31838305e+02     1.17565726e+02   
    5.74000000e+04     1.43500000e+01     1.10501196e+03     3.00858463e+02     2.32204551e+02     1.18494622e+02   
    5.76000000e+04     1.44000000e+01     1.10500971e+03     3.00199104e+02     2.31997235e+02     1.17776360e+02   
    5.78000000e+04     1.44500000e+01     1.10501085e+03     2.98894898e+02     2.32133979e+02     1.17946958e+02   
    5.80000000e+04     1.45000000e+01     1.10501900e+03     2.98281185e+02     2.31575238e+02     1.18684467e+02   
    5.82000000e+04     1.45500000e+01     1.10501707e+03     2.99056049e+02     2.30638559e+02     1.17744241e+02   
    5.84000000e+04     1.46000000e+01     1.10502030e+03     3.00023582e+02     2.32164179e+02     1.17707561e+02   
    5.86000000e+04     1.46500000e+01     1.10502368e+03     3.03206765e+02     2.32358979e+02     1.18113154e+02   
    5.88000000e+04     1.47000000e+01     1.10501214e+03     3.00451162e+02     2.31964915e+02     1.17535491e+02   
    5.90000000e+04     1.47500000e+01     1.10502106e+03     3.01980110e+02     2.31622746e+02     1.18220351e+02   
    5.92000000e+04     1.48000000e+01     1.10502049e+03     2.98008764e+02     2.32183849e+02     1.18337075e+02   
    5.94000000e+04     1.48500000e+01     1.10502246e+03     2.98590122e+02     2.31745084e+02     1.18091433e+02   
    5.96000000e+04     1.49000000e+01     1.10501735e+03     3.02335875e+02     2.30842639e+02     1.19814481e+02   
    5.98000000e+04     1.49500000e+01     1.10502249e+03     3.02938028e+02     2.32626008e+02     1.20880054e+02   
    6.00000000e+04     1.50000000e+01     1.10501417e+03     3.01256909e+02     2.32020438e+02     1.20607263e+02   
    6.02000000e+04     1.50500000e+01     1.10502260e+03     3.00918362e+02     2.30677407e+02     1.17967195e+02   
    6.04000000e+04     1.51000000e+01     1.10505430e+03     3.01078490e+02     2.31990203e+02     1.20316484e+02   
    6.06000000e+04     1.51500000e+01     1.10506642e+03     3.02004436e+02     2.31264456e+02     1.20114525e+02   
    6.08000000e+04     1.52000000e+01     1.10506540e+03     3.00325115e+02     2.30551869e+02     1.18806379e+02   
    6.10000000e+04     1.52500000e+01     1.10507098e+03     2.98096855e+02     2.31150769e+02     1.19641723e+02   
    6.12000000e+04     1.53000000e+01     1.10507293e+03     2.99416491e+02     2.33944763e+02     1.22499655e+02   
    6.14000000e+04     1.53500000e+01     1.10505738e+03     3.00675676e+02     2.31115239e+02     1.18985538e+02   
    6.16000000e+04     1.54000000e+01     1.10505514e+03     3.00397425e+02     2.31317463e+02     1.18757504e+02   
    6.18000000e+04     1.54500000e+01     1.10505742e+03     3.00595788e+02     2.31734496e+02     1.18408016e+02   
    6.20000000e+04     1.55000000e+01     1.10506462e+03     3.03680867e+02     2.33246527e+02     1.20649703e+02   
    6.22000000e+04     1.55500000e+01     1.10505838e+03     3.01191982e+02     2.33852155e+02     1.22660126e+02   
    6.24000000e+04     1.56000000e+01     1.10504317e+03     3.03349821e+02     2.32149509e+02     1.20480118e+02   
    6.26000000e+04     1.56500000e+01     1.10503911e+03     2.98959400e+02     2.32172123e+02     1.20236293e+02   
    6.28000000e+04     1.57000000e+01     1.10503399e+03     3.00283399e+02     2.31321291e+02     1.18237562e+02   
    6.30000000e+04     1.57500000e+01     1.10502370e+03     3.01763909e+02     2.30465956e+02     1.17673138e+02   
    6.32000000e+04     1.58000000e+01     1.10503977e+03     3.02072658e+02     2.32165946e+02     1.19829078e+02   
    6.34000000e+04     1.58500000e+01     1.10502941e+03     3.02676438e+02     2.30781852e+02     1.16954740e+02   
    6.36000000e+04     1.59000000e+01     1.10504331e+03     3.02656765e+02     2.31749497e+02     1.18394154e+02   
    6.38000000e+04     1.59500000e+01     1.10504397e+03     3.00635836e+02     2.29919301e+02     1.15747513e+02   
    6.40000000e+04     1.60000000e+01     1.10505535e+03     3.01003299e+02     2.31694447e+02     1.19252891e+02   
    6.42000000e+04     1.60500000e+01     1.10504911e+03     2.98235697e+02     2.31728379e+02     1.19561036e+02   
    6.44000000e+04     1.61000000e+01     1.10502965e+03     3.03884491e+02     2.31796027e+02     1.19104324e+02   
    6.46000000e+04     1.61500000e+01     1.10502038e+03     3.01937769e+02     2.32698329e+02     1.19206359e+02   
    6.48000000e+04     1.62000000e+01     1.10502316e+03     3.03468277e+02     2.34109172e+02     1.19614205e+02   
    6.50000000e+04     1.62500000e+01     1.10501678e+03     3.01164735e+02     2.31609727e+02     1.18769399e+02   
    6.52000000e+04     1.63000000e+01     1.10501773e+03     2.99981573e+02     2.33813768e+02     1.18725607e+02   
    6.54000000e+04     1.63500000e+01     1.10501543e+03     2.99111376e+02     2.32017115e+02     1.17192321e+02   
    6.56000000e+04     1.64000000e+01     1.10501531e+03     3.04713135e+02     2.31384058e+02     1.17074816e+02   
    6.58000000e+04     1.64500000e+01     1.10501610e+03     3.02473591e+02     2.32238270e+02     1.18781111e+02   
    6.60000000e+04     1.65000000e+01     1.10501344e+03     3.01095976e+02     2.29835457e+02     1.16132973e+02   
    6.62000000e+04     1.65500000e+01     1.10502411e+03     3.02404445e+02     2.33448661e+02     1.20980349e+02   
    6.64000000e+04     1.66000000e+01     1.10502335e+03     3.02616254e+02     2.32696104e+02     1.18677459e+02   
    6.66000000e+04     1.66500000e+01     1.10502897e+03     3.02255774e+02     2.32304674e+02     1.19423141e+02   
    6.68000000e+04     1.67000000e+01     1.10503573e+03     3.00800701e+02     2.32230370e+02     1.19277147e+02   
    6.70000000e+04     1.67500000e+01     1.10503420e+03     3.01581942e+02     2.31769657e+02     1.21118706e+02   
    6.72000000e+04     1.68000000e+01     1.10501926e+03     2.99813338e+02     2.29689898e+02     1.16761461e+02   
    6.74000000e+04     1.68500000e+01     1.10503297e+03     2.99722067e+02     2.31499072e+02     1.19659195e+02   
    6.76000000e+04     1.69000000e+01     1.10505161e+03     2.99267623e+02     2.32312543e+02     1.20061048e+02   
    6.78000000e+04     1.69500000e+01     1.10506154e+03     3.00831235e+02     2.32488677e+02     1.20275407e+02   
    6.80000000e+04     1.70000000e+01     1.10505751e+03     3.00279692e+02     2.32188383e+02     1.19596376e+02   
    6.82000000e+04     1.70500000e+01     1.10505099e+03     2.97465740e+02     2.31923168e+02     1.18224597e+02   
    6.84000000e+04     1.71000000e+01     1.10504079e+03     3.00234202e+02     2.32859731e+02     1.20965240e+02   
    6.86000000e+04     1.71500000e+01     1.10502697e+03     2.99246382e+02     2.31268508e+02     1.18642169e+02   
    6.88000000e+04     1.72000000e+01     1.10502338e+03     3.00616194e+02     2.31666948e+02     1.18520301e+02   
    6.90000000e+04     1.72500000e+01     1.10501834e+03     3.04160480e+02     2.31473965e+02     1.16997184e+02   
    6.92000000e+04     1.73000000e+01     1.10501199e+03     3.01088011e+02     2.29067796e+02     1.15664878e+02   
    6.94000000e+04     1.73500000e+01     1.10502980e+03     3.02008483e+02     2.31656671e+02     1.19339248e+02   
    6.96000000e+04     1.74000000e+01     1.10503321e+03     2.96672704e+02     2.30244004e+02     1.17795792e+02   
    6.98000000e+04     1.74500000e+01     1.10504398e+03     3.01375665e+02     2.30440535e+02     1.17555871e+02   
    7.00000000e+04     1.75000000e+01     1.10506137e+03     2.99078736e+02     2.32576098e+02     1.20768042e+02   
    7.02000000e+04     1.75500000e+01     1.10506116e+03     3.00442159e+02     2.30164476e+02     1.17944740e+02   
    7.04000000e+04     1.76000000e+01     1.10507621e+03     3.00772602e+02     2.30560388e+02     1.18809767e+02   
    7.06000000e+04     1.76500000e+01     1.10509019e+03     3.03906895e+02     2.31608137e+02     1.17291715e+02   
    7.08000000e+04     1.77000000e+01     1.10508445e+03     3.02439419e+02     2.31476561e+02     1.18426916e+02   
    7.10000000e+04     1.77500000e+01     1.10506991e+03     3.01757494e+02     2.32382481e+02     1.17600253e+02   
    7.12000000e+04     1.78000000e+01     1.10507080e+03     2.99848036e+02     2.32191052e+02     1.18754559e+02   
    7.14000000e+04     1.78500000e+01     1.10507362e+03     3.01323136e+02     2.32663521e+02     1.19044082e+02   
    7.16000000e+04     1.79000000e+01     1.10506018e+03     3.02519165e+02     2.30943490e+02     1.17351189e+02   
    7.18000000e+04     1.79500000e+01     1.10505210e+03     2.98378554e+02     2.31860320e+02     1.20325894e+02   
    7.20000000e+04     1.80000000e+01     1.10504354e+03     3.02671465e+02     2.32703052e+02     1.20377822e+02   
    7.22000000e+04     1.80500000e+01     1.10503064e+03     2.98790727e+02     2.31843144e+02     1.20474191e+02   
    7.24000000e+04     1.81000000e+01     1.10502671e+03     2.99596625e+02     2.30805931e+02     1.19049224e+02   
    7.26000000e+04     1.81500000e+01     1.10501986e+03     2.98142780e+02     2.31808632e+02     1.21284689e+02   
    7.28000000e+04     1.82000000e+01     1.10500427e+03     3.00418556e+02     2.30383860e+02     1.18996934e+02   
    7.30000000e+04     1.82500000e+01     1.10501705e+03     3.01280161e+02     2.32474070e+02     1.22124606e+02   
    7.32000000e+04     1.83000000e+01     1.10501434e+03     3.00140395e+02     2.32583364e+02     1.21162705e+02   
    7.34000000e+04     1.83500000e+01     1.10500859e+03     2.99297329e+02     2.33903022e+02     1.22453734e+02   
    7.36000000e+04     1.84000000e+01     1.10500684e+03     2.99603370e+02     2.31476406e+02     1.20133027e+02   
    7.38000000e+04     1.84500000e+01     1.10500319e+03     2.99464257e+02     2.30689197e+02     1.18853743e+02   
    7.40000000e+04     1.85000000e+01     1.10500185e+03     3.01541911e+02     2.32064593e+02     1.18995709e+02   
    7.42000000e+04     1.85500000e+01     1.10499150e+03     2.99370808e+02     2.31259325e+02     1.18081914e+02   
    7.44000000e+04     1.86000000e+01     1.10499063e+03     3.00956618e+02     2.31772527e+02     1.20109428e+02   
    7.46000000e+04     1.86500000e+01     1.10500113e+03     3.00254490e+02     2.32791590e+02     1.21027112e+02   
    7.48000000e+04     1.87000000e+01     1.10500387e+03     3.00814616e+02     2.32975242e+02     1.22151929e+02   
    7.50000000e+04     1.87500000e+01     1.10499939e+03     2.99212905e+02     2.33063311e+02     1.20710091e+02   
    7.52000000e+04     1.88000000e+01     1.10498723e+03     2.99261191e+02     2.29781022e+02     1.17403921e+02   
    7.54000000e+04     1.88500000e+01     1.10499646e+03     3.00564763e+02     2.31173781e+02     1.18679635e+02   
    7.56000000e+04     1.89000000e+01     1.10500614e+03     3.01200866e+02     2.31908991e+02     1.19769158e+02   
    7.58000000e+04     1.89500000e+01     1.10502198e+03     3.01349187e+02     2.33782360e+02     1.19960293e+02   
    7.60000000e+04     1.90000000e+01     1.10501891e+03     3.03148393e+02     2.34060952e+02     1.21565844e+02   
    7.62000000e+04     1.90500000e+01     1.10499759e+03     3.02483970e+02     2.32718928e+02     1.20174350e+02   
    7.64000000e+04     1.91000000e+01     1.10496923e+03     3.04291232e+02     2.28731044e+02     1.15079001e+02   
    7.66000000e+04     1.91500000e+01     1.10497921e+03     3.01604815e+02     2.32125644e+02     1.18525259e+02   
    7.68000000e+04     1.92000000e+01     1.10497522e+03     3.01432156e+02     2.32436904e+02     1.20224705e+02   
    7.70000000e+04     1.92500000e+01     1.10496741e+03     2.99928063e+02     2.31445276e+02     1.19568164e+02   
    7.72000000e+04     1.93000000e+01     1.10497061e+03     3.02003751e+02     2.32835785e+02     1.20474424e+02   
    7.74000000e+04     1.93500000e+01     1.10497087e+03     3.01278356e+02     2.33364347e+02     1.20112031e+02   
    7.76000000e+04     1.94000000e+01     1.10497066e+03     3.00458000e+02     2.30919132e+02     1.19126910e+02   
    7.78000000e+04     1.94500000e+01     1.10497807e+03     2.97175329e+02     2.32092880e+02     1.18238120e+02   
    7.80000000e+04     1.95000000e+01     1.10498122e+03     3.03500039e+02     2.31783022e+02     1.18867869e+02   
    7.82000000e+04     1.95500000e+01     1.10497738e+03     3.03431619e+02     2.29805110e+02     1.17097138e+02   
    7.84000000e+04     1.96000000e+01     1.10498170e+03     3.04259712e+02     2.31407138e+02     1.17444731e+02   
    7.86000000e+04     1.96500000e+01     1.10498266e+03     2.98903155e+02     2.31668807e+02     1.18144436e+02   
    7.88000000e+04     1.97000000e+01     1.10498796e+03     3.01380210e+02     2.31717853e+02     1.16457298e+02   
    7.90000000e+04     1.97500000e+01     1.10498143e+03     3.02469696e+02     2.32879030e+02     1.18833432e+02   
    7.92000000e+04     1.98000000e+01     1.10497014e+03     2.99925167e+02     2.30099981e+02     1.16162614e+02   
    7.94000000e+04     1.98500000e+01     1.10498362e+03     3.01977548e+02     2.29939364e+02     1.15745728e+02   
    7.96000000e+04     1.99000000e+01     1.10499461e+03     3.02648555e+02     2.31027591e+02     1.17576425e+02   
    7.98000000e+04     1.99500000e+01     1.10499234e+03     3.01002498e+02     2.29818750e+02     1.15990289e+02   
    8.00000000e+04     2.00000000e+01     1.10499317e+03     3.00914436e+02     2.31838768e+02     1.19569065e+02   
