# column   1     --> step : The current simulation time step.
# column   2     --> time{picosecond} : The elapsed simulation time.
# column   3     --> conserved{electronvolt} : The value of the conserved energy quantity per bead.
# column   4     --> temperature{kelvin} : The current temperature, as obtained from the MD kinetic energy.
# column   5     --> kinetic_cv{electronvolt} : The centroid-virial quantum kinetic energy of the physical system.
# column   6     --> potential{electronvolt} : The physical system potential energy.
    0.00000000e+00     0.00000000e+00     1.10445208e+03     3.04428649e+02     2.31029304e+02     1.19152757e+02   
    2.00000000e+02     5.00000000e-02     1.10446359e+03     2.98923834e+02     2.31975933e+02     1.20096319e+02   
    4.00000000e+02     1.00000000e-01     1.10447044e+03     2.99327826e+02     2.33589599e+02     1.22108846e+02   
    6.00000000e+02     1.50000000e-01     1.10446438e+03     2.98513740e+02     2.32183345e+02     1.20839442e+02   
    8.00000000e+02     2.00000000e-01     1.10445360e+03     2.98349980e+02     2.30902010e+02     1.18014163e+02   
    1.00000000e+03     2.50000000e-01     1.10445684e+03     2.97849629e+02     2.33138786e+02     1.20969589e+02   
    1.20000000e+03     3.00000000e-01     1.10445912e+03     2.99177199e+02     2.32825712e+02     1.20251250e+02   
    1.40000000e+03     3.50000000e-01     1.10445492e+03     3.02872430e+02     2.32526429e+02     1.19371357e+02   
    1.60000000e+03     4.00000000e-01     1.10445399e+03     2.94140624e+02     2.31613926e+02     1.17891127e+02   
    1.80000000e+03     4.50000000e-01     1.10445113e+03     2.97355093e+02     2.31466028e+02     1.17042096e+02   
    2.00000000e+03     5.00000000e-01     1.10445291e+03     3.00778783e+02     2.31649665e+02     1.18058008e+02   
    2.20000000e+03     5.50000000e-01     1.10444942e+03     2.98748130e+02     2.30594682e+02     1.16698517e+02   
    2.40000000e+03     6.00000000e-01     1.10445179e+03     2.96291844e+02     2.31577863e+02     1.18022859e+02   
    2.60000000e+03     6.50000000e-01     1.10444960e+03     2.97246119e+02     2.30558840e+02     1.16619881e+02   
    2.80000000e+03     7.00000000e-01     1.10445515e+03     2.98855993e+02     2.30815774e+02     1.18134800e+02   
    3.00000000e+03     7.50000000e-01     1.10446084e+03     2.98284694e+02     2.30552759e+02     1.18363172e+02   
    3.20000000e+03     8.00000000e-01     1.10446579e+03     3.01107548e+02     2.30477656e+02     1.17705911e+02   
    3.40000000e+03     8.50000000e-01     1.10447550e+03     3.02033672e+02     2.32225978e+02     1.18905930e+02   
    3.60000000e+03     9.00000000e-01     1.10447488e+03     2.99121747e+02     2.31663141e+02     1.18635802e+02   
    3.80000000e+03     9.50000000e-01     1.10448613e+03     2.95552934e+02     2.33567385e+02     1.22133399e+02   
    4.00000000e+03     1.00000000e+00     1.10448785e+03     2.97759086e+02     2.32776031e+02     1.20226551e+02   
    4.20000000e+03     1.05000000e+00     1.10447475e+03     2.99083670e+02     2.30232744e+02     1.19001163e+02   
    4.40000000e+03     1.10000000e+00     1.10447018e+03     2.96949669e+02     2.31261995e+02     1.20096511e+02   
    4.60000000e+03     1.15000000e+00     1.10447360e+03     2.96468193e+02     2.33326777e+02     1.22782589e+02   
    4.80000000e+03     1.20000000e+00     1.10446496e+03     2.98339599e+02     2.32069090e+02     1.19381479e+02   
    5.00000000e+03     1.25000000e+00     1.10446313e+03     2.99745267e+02     2.32148702e+02     1.18985792e+02   
    5.20000000e+03     1.30000000e+00     1.10445785e+03     3.00128799e+02     2.31155516e+02     1.19826240e+02   
    5.40000000e+03     1.35000000e+00     1.10444247e+03     3.02774105e+02     2.28996528e+02     1.16734128e+02   
    5.60000000e+03     1.40000000e+00     1.10445714e+03     2.97104130e+02     2.32914131e+02     1.23091320e+02   
    5.80000000e+03     1.45000000e+00     1.10445664e+03     2.98485713e+02     2.31943216e+02     1.20979102e+02   
    6.00000000e+03     1.50000000e+00     1.10446250e+03     3.00443029e+02     2.31757726e+02     1.20840986e+02   
    6.20000000e+03     1.55000000e+00     1.10445947e+03     2.99155021e+02     2.31458270e+02     1.21533134e+02   
    6.40000000e+03     1.60000000e+00     1.10446499e+03     2.98701249e+02     2.31586664e+02     1.21113170e+02   
    6.60000000e+03     1.65000000e+00     1.10446086e+03     3.04037266e+02     2.30667143e+02     1.19248745e+02   
    6.80000000e+03     1.70000000e+00     1.10446236e+03     3.00962107e+02     2.30778629e+02     1.18906988e+02   
    7.00000000e+03     1.75000000e+00     1.10447226e+03     3.00310966e+02     2.31127485e+02     1.19754365e+02   
    7.20000000e+03     1.80000000e+00     1.10447949e+03     2.98224142e+02     2.34504085e+02     1.23264029e+02   
    7.40000000e+03     1.85000000e+00     1.10447877e+03     3.00207079e+02     2.31741162e+02     1.20676222e+02   
    7.60000000e+03     1.90000000e+00     1.10447329e+03     2.99058923e+02     2.31172782e+02     1.20433415e+02   
    7.80000000e+03     1.95000000e+00     1.10447085e+03     2.98659216e+02     2.32121783e+02     1.21732225e+02   
    8.00000000e+03     2.00000000e+00     1.10448680e+03     3.02922732e+02     2.32461005e+02     1.21211138e+02   
    8.20000000e+03     2.05000000e+00     1.10448557e+03     3.01868014e+02     2.30587006e+02     1.20538535e+02   
    8.40000000e+03     2.10000000e+00     1.10448401e+03     3.01830379e+02     2.32263990e+02     1.21356411e+02   
    8.60000000e+03     2.15000000e+00     1.10448418e+03     2.97563188e+02     2.31909219e+02     1.22428404e+02   
    8.80000000e+03     2.20000000e+00     1.10449029e+03     3.00844183e+02     2.32761757e+02     1.22493220e+02   
    9.00000000e+03     2.25000000e+00     1.10448139e+03     3.00309538e+02     2.30527965e+02     1.20968549e+02   
    9.20000000e+03     2.30000000e+00     1.10447704e+03     3.02553062e+02     2.31787463e+02     1.20255135e+02   
    9.40000000e+03     2.35000000e+00     1.10446746e+03     3.01544800e+02     2.30161563e+02     1.20335984e+02   
    9.60000000e+03     2.40000000e+00     1.10446340e+03     3.02714340e+02     2.30256474e+02     1.19411400e+02   
    9.80000000e+03     2.45000000e+00     1.10446586e+03     3.01814805e+02     2.32256195e+02     1.21323006e+02   
    1.00000000e+04     2.50000000e+00     1.10445459e+03     3.01478854e+02     2.30485526e+02     1.18659189e+02   
    1.02000000e+04     2.55000000e+00     1.10444827e+03     3.00765943e+02     2.31294552e+02     1.19181324e+02   
    1.04000000e+04     2.60000000e+00     1.10445208e+03     3.04044946e+02     2.33039510e+02     1.21023662e+02   
    1.06000000e+04     2.65000000e+00     1.10445438e+03     3.00893362e+02     2.32755738e+02     1.21278082e+02   
    1.08000000e+04     2.70000000e+00     1.10445732e+03     3.00606072e+02     2.31361316e+02     1.20662000e+02   
    1.10000000e+04     2.75000000e+00     1.10448253e+03     3.02371702e+02     2.32199383e+02     1.21406201e+02   
    1.12000000e+04     2.80000000e+00     1.10448711e+03     2.99169094e+02     2.31655513e+02     1.21971075e+02   
    1.14000000e+04     2.85000000e+00     1.10448682e+03     3.01010964e+02     2.31749744e+02     1.19556356e+02   
    1.16000000e+04     2.90000000e+00     1.10448366e+03     2.97370703e+02     2.31126657e+02     1.19492404e+02   
    1.18000000e+04     2.95000000e+00     1.10449180e+03     3.03174244e+02     2.32918856e+02     1.19240914e+02   
    1.20000000e+04     3.00000000e+00     1.10449355e+03     3.02271162e+02     2.33108052e+02     1.20329786e+02   
    1.22000000e+04     3.05000000e+00     1.10449129e+03     3.00217395e+02     2.33401496e+02     1.19319312e+02   
    1.24000000e+04     3.10000000e+00     1.10448940e+03     2.99414026e+02     2.33164426e+02     1.18429370e+02   
    1.26000000e+04     3.15000000e+00     1.10449032e+03     2.99411277e+02     2.31661207e+02     1.19597241e+02   
    1.28000000e+04     3.20000000e+00     1.10449953e+03     2.96990298e+02     2.32847484e+02     1.19897381e+02   
    1.30000000e+04     3.25000000e+00     1.10449995e+03     2.98316178e+02     2.32656112e+02     1.20188275e+02   
    1.32000000e+04     3.30000000e+00     1.10449529e+03     2.98996803e+02     2.32632818e+02     1.20458539e+02   
    1.34000000e+04     3.35000000e+00     1.10448511e+03     2.99108932e+02     2.31998760e+02     1.20346153e+02   
    1.36000000e+04     3.40000000e+00     1.10447452e+03     3.00497792e+02     2.29438146e+02     1.17284305e+02   
    1.38000000e+04     3.45000000e+00     1.10449283e+03     2.98525011e+02     2.31859555e+02     1.21872680e+02   
    1.40000000e+04     3.50000000e+00     1.10447883e+03     3.01998963e+02     2.30639522e+02     1.17932668e+02   
    1.42000000e+04     3.55000000e+00     1.10449296e+03     2.97440429e+02     2.32221639e+02     1.21111509e+02   
    1.44000000e+04     3.60000000e+00     1.10449346e+03     2.99832169e+02     2.30326323e+02     1.18589139e+02   
    1.46000000e+04     3.65000000e+00     1.10450458e+03     3.00011332e+02     2.30542430e+02     1.19143027e+02   
    1.48000000e+04     3.70000000e+00     1.10451031e+03     3.03023182e+02     2.32900198e+02     1.19015043e+02   
    1.50000000e+04     3.75000000e+00     1.10451814e+03     2.99185340e+02     2.32471755e+02     1.18962143e+02   
    1.52000000e+04     3.80000000e+00     1.10452265e+03     3.00767990e+02     2.30572788e+02     1.18614678e+02   
    1.54000000e+04     3.85000000e+00     1.10453274e+03     3.02187151e+02     2.32560163e+02     1.18808907e+02   
    1.56000000e+04     3.90000000e+00     1.10453025e+03     3.04713496e+02     2.31027233e+02     1.17980198e+02   
    1.58000000e+04     3.95000000e+00     1.10453972e+03     3.02627743e+02     2.32091798e+02     1.18849267e+02   
    1.60000000e+04     4.00000000e+00     1.10455504e+03     3.02445693e+02     2.32324478e+02     1.21178399e+02   
    1.62000000e+04     4.05000000e+00     1.10454698e+03     3.02155879e+02     2.31331823e+02     1.18537923e+02   
    1.64000000e+04     4.10000000e+00     1.10454376e+03     3.01226827e+02     2.30842820e+02     1.19687906e+02   
    1.66000000e+04     4.15000000e+00     1.10451927e+03     3.00846980e+02     2.28482743e+02     1.16521268e+02   
    1.68000000e+04     4.20000000e+00     1.10452489e+03     3.00262602e+02     2.31183746e+02     1.17649661e+02   
    1.70000000e+04     4.25000000e+00     1.10450833e+03     3.03108364e+02     2.30156325e+02     1.16330276e+02   
    1.72000000e+04     4.30000000e+00     1.10451238e+03     3.00340875e+02     2.30460859e+02     1.16879478e+02   
    1.74000000e+04     4.35000000e+00     1.10449535e+03     2.97217841e+02     2.29968274e+02     1.16114082e+02   
    1.76000000e+04     4.40000000e+00     1.10450879e+03     3.02150073e+02     2.31444037e+02     1.17864558e+02   
    1.78000000e+04     4.45000000e+00     1.10451273e+03     3.02718313e+02     2.32862957e+02     1.21084855e+02   
    1.80000000e+04     4.50000000e+00     1.10452959e+03     2.99530264e+02     2.31332857e+02     1.19719875e+02   
    1.82000000e+04     4.55000000e+00     1.10453390e+03     3.03716572e+02     2.31231904e+02     1.21055861e+02   
    1.84000000e+04     4.60000000e+00     1.10454169e+03     2.99212105e+02     2.32967471e+02     1.21941484e+02   
    1.86000000e+04     4.65000000e+00     1.10455206e+03     3.02585781e+02     2.32029546e+02     1.21063898e+02   
    1.88000000e+04     4.70000000e+00     1.10455770e+03     3.00811533e+02     2.32202655e+02     1.21788241e+02   
    1.90000000e+04     4.75000000e+00     1.10456022e+03     2.96627287e+02     2.31988018e+02     1.22973876e+02   
    1.92000000e+04     4.80000000e+00     1.10455863e+03     2.99807588e+02     2.31182893e+02     1.21267109e+02   
    1.94000000e+04     4.85000000e+00     1.10456734e+03     3.00581759e+02     2.31731617e+02     1.22347127e+02   
    1.96000000e+04     4.90000000e+00     1.10455592e+03     3.00415665e+02     2.31893405e+02     1.22251564e+02   
    1.98000000e+04     4.95000000e+00     1.10455247e+03     2.97814902e+02     2.32196712e+02     1.22650874e+02   
    2.00000000e+04     5.00000000e+00     1.10455181e+03     2.99554584e+02     2.31880153e+02     1.21503214e+02   
    2.02000000e+04     5.05000000e+00     1.10456157e+03     2.98881335e+02     2.31674546e+02     1.22151597e+02   
    2.04000000e+04     5.10000000e+00     1.10456951e+03     2.98985285e+02     2.32986949e+02     1.23275014e+02   
    2.06000000e+04     5.15000000e+00     1.10458643e+03     2.98744932e+02     2.33145214e+02     1.23526400e+02   
    2.08000000e+04     5.20000000e+00     1.10458167e+03     2.99068385e+02     2.30693134e+02     1.21536747e+02   
    2.10000000e+04     5.25000000e+00     1.10458188e+03     2.99497577e+02     2.31415369e+02     1.21185409e+02   
    2.12000000e+04     5.30000000e+00     1.10457567e+03     3.02366994e+02     2.30446291e+02     1.18717421e+02   
    2.14000000e+04     5.35000000e+00     1.10459005e+03     3.01276930e+02     2.32482290e+02     1.20107412e+02   
    2.16000000e+04     5.40000000e+00     1.10459075e+03     3.00841307e+02     2.32720600e+02     1.19503010e+02   
    2.18000000e+04     5.45000000e+00     1.10459811e+03     2.99021850e+02     2.31618042e+02     1.19225001e+02   
    2.20000000e+04     5.50000000e+00     1.10461243e+03     3.01843294e+02     2.32171598e+02     1.19282562e+02   
    2.22000000e+04     5.55000000e+00     1.10460913e+03     2.97693307e+02     2.29923044e+02     1.18226167e+02   
    2.24000000e+04     5.60000000e+00     1.10461030e+03     3.02071756e+02     2.31861008e+02     1.20918094e+02   
    2.26000000e+04     5.65000000e+00     1.10460140e+03     3.02072978e+02     2.31517778e+02     1.19782840e+02   
    2.28000000e+04     5.70000000e+00     1.10460133e+03     2.99400669e+02     2.31812389e+02     1.19246524e+02   
    2.30000000e+04     5.75000000e+00     1.10458188e+03     3.01497263e+02     2.31592052e+02     1.18140459e+02   
    2.32000000e+04     5.80000000e+00     1.10456523e+03     3.02109214e+02     2.31197001e+02     1.18327889e+02   
    2.34000000e+04     5.85000000e+00     1.10454132e+03     3.00274110e+02     2.29584089e+02     1.15805832e+02   
    2.36000000e+04     5.90000000e+00     1.10452720e+03     3.01291250e+02     2.33491606e+02     1.19409878e+02   
    2.38000000e+04     5.95000000e+00     1.10451448e+03     3.01671430e+02     2.31268485e+02     1.17839402e+02   
    2.40000000e+04     6.00000000e+00     1.10452124e+03     3.00412718e+02     2.33441295e+02     1.21686070e+02   
    2.42000000e+04     6.05000000e+00     1.10451958e+03     3.00619540e+02     2.32004306e+02     1.20742137e+02   
    2.44000000e+04     6.10000000e+00     1.10452330e+03     2.99440915e+02     2.31308484e+02     1.20237883e+02   
    2.46000000e+04     6.15000000e+00     1.10453237e+03     2.98931348e+02     2.31150702e+02     1.21829831e+02   
    2.48000000e+04     6.20000000e+00     1.10454186e+03     3.00823842e+02     2.31914050e+02     1.21031152e+02   
    2.50000000e+04     6.25000000e+00     1.10453985e+03     3.02629050e+02     2.31109481e+02     1.20569975e+02   
    2.52000000e+04     6.30000000e+00     1.10454648e+03     2.99002393e+02     2.32242432e+02     1.22382759e+02   
    2.54000000e+04     6.35000000e+00     1.10454838e+03     3.01105416e+02     2.31550537e+02     1.21287677e+02   
    2.56000000e+04     6.40000000e+00     1.10453946e+03     3.03133621e+02     2.30809803e+02     1.19572656e+02   
    2.58000000e+04     6.45000000e+00     1.10456907e+03     2.99608059e+02     2.33470414e+02     1.23665305e+02   
    2.60000000e+04     6.50000000e+00     1.10456898e+03     3.00004917e+02     2.33005270e+02     1.23319766e+02   
    2.62000000e+04     6.55000000e+00     1.10458502e+03     3.00451855e+02     2.32694881e+02     1.25142900e+02   
    2.64000000e+04     6.60000000e+00     1.10460036e+03     3.01483793e+02     2.31887711e+02     1.22261534e+02   
    2.66000000e+04     6.65000000e+00     1.10460365e+03     2.99445425e+02     2.30749972e+02     1.20571202e+02   
    2.68000000e+04     6.70000000e+00     1.10460834e+03     3.01896054e+02     2.32151251e+02     1.19828217e+02   
    2.70000000e+04     6.75000000e+00     1.10461000e+03     2.97852851e+02     2.32751333e+02     1.23080291e+02   
    2.72000000e+04     6.80000000e+00     1.10461591e+03     2.97014938e+02     2.33874662e+02     1.24287262e+02   
    2.74000000e+04     6.85000000e+00     1.10461562e+03     2.99483000e+02     2.30964221e+02     1.21831846e+02   
    2.76000000e+04     6.90000000e+00     1.10461456e+03     2.99352439e+02     2.31244938e+02     1.21601172e+02   
    2.78000000e+04     6.95000000e+00     1.10461735e+03     3.00914575e+02     2.32274330e+02     1.21614999e+02   
    2.80000000e+04     7.00000000e+00     1.10462152e+03     2.98482692e+02     2.31009077e+02     1.23135328e+02   
    2.82000000e+04     7.05000000e+00     1.10461716e+03     2.97489849e+02     2.31806512e+02     1.21578651e+02   
    2.84000000e+04     7.10000000e+00     1.10461742e+03     2.96770694e+02     2.30532297e+02     1.21601899e+02   
    2.86000000e+04     7.15000000e+00     1.10462153e+03     2.98029191e+02     2.31342126e+02     1.21335011e+02   
    2.88000000e+04     7.20000000e+00     1.10463377e+03     2.99985324e+02     2.33973847e+02     1.23942344e+02   
    2.90000000e+04     7.25000000e+00     1.10462561e+03     2.99159173e+02     2.32591180e+02     1.21978770e+02   
    2.92000000e+04     7.30000000e+00     1.10462864e+03     3.03116928e+02     2.32290445e+02     1.21236935e+02   
    2.94000000e+04     7.35000000e+00     1.10463398e+03     3.02415665e+02     2.30579191e+02     1.20353941e+02   
    2.96000000e+04     7.40000000e+00     1.10463301e+03     3.02052164e+02     2.32612870e+02     1.21635624e+02   
    2.98000000e+04     7.45000000e+00     1.10463745e+03     3.00610216e+02     2.30770517e+02     1.20755489e+02   
    3.00000000e+04     7.50000000e+00     1.10463581e+03     2.99519360e+02     2.29083614e+02     1.18585753e+02   
    3.02000000e+04     7.55000000e+00     1.10465489e+03     3.01191077e+02     2.32098258e+02     1.21496356e+02   
    3.04000000e+04     7.60000000e+00     1.10466494e+03     2.98760682e+02     2.34930339e+02     1.23287097e+02   
    3.06000000e+04     7.65000000e+00     1.10465137e+03     2.98340778e+02     2.30837185e+02     1.18948301e+02   
    3.08000000e+04     7.70000000e+00     1.10464566e+03     3.03106797e+02     2.30515769e+02     1.18504510e+02   
    3.10000000e+04     7.75000000e+00     1.10464112e+03     3.02708882e+02     2.29334160e+02     1.16113094e+02   
    3.12000000e+04     7.80000000e+00     1.10465122e+03     3.02478205e+02     2.30849121e+02     1.18700460e+02   
    3.14000000e+04     7.85000000e+00     1.10466179e+03     3.02365062e+02     2.33569969e+02     1.21010168e+02   
    3.16000000e+04     7.90000000e+00     1.10464706e+03     3.02152082e+02     2.29573595e+02     1.18082849e+02   
    3.18000000e+04     7.95000000e+00     1.10465090e+03     2.97465158e+02     2.29999080e+02     1.17707061e+02   
    3.20000000e+04     8.00000000e+00     1.10468082e+03     2.98598583e+02     2.34321519e+02     1.21573820e+02   
    3.22000000e+04     8.05000000e+00     1.10466721e+03     3.01788365e+02     2.32861991e+02     1.20554194e+02   
    3.24000000e+04     8.10000000e+00     1.10465606e+03     3.05019064e+02     2.32340749e+02     1.19184117e+02   
    3.26000000e+04     8.15000000e+00     1.10464757e+03     3.01276621e+02     2.31933130e+02     1.20478335e+02   
    3.28000000e+04     8.20000000e+00     1.10463997e+03     2.98900278e+02     2.33591315e+02     1.20840098e+02   
    3.30000000e+04     8.25000000e+00     1.10463233e+03     3.01031451e+02     2.31179161e+02     1.19853221e+02   
    3.32000000e+04     8.30000000e+00     1.10463239e+03     3.02916810e+02     2.30983269e+02     1.18575698e+02   
    3.34000000e+04     8.35000000e+00     1.10462721e+03     3.04155640e+02     2.30707071e+02     1.17800338e+02   
    3.36000000e+04     8.40000000e+00     1.10463372e+03     3.03272712e+02     2.31685010e+02     1.19128141e+02   
    3.38000000e+04     8.45000000e+00     1.10463527e+03     2.99747762e+02     2.31181519e+02     1.18474930e+02   
    3.40000000e+04     8.50000000e+00     1.10465174e+03     3.01753555e+02     2.31284507e+02     1.18596852e+02   
    3.42000000e+04     8.55000000e+00     1.10464805e+03     3.02099529e+02     2.30845237e+02     1.18897754e+02   
    3.44000000e+04     8.60000000e+00     1.10466731e+03     3.01944185e+02     2.33088566e+02     1.20312560e+02   
    3.46000000e+04     8.65000000e+00     1.10466212e+03     3.03707166e+02     2.31606455e+02     1.18177467e+02   
    3.48000000e+04     8.70000000e+00     1.10466917e+03     3.00494055e+02     2.33428268e+02     1.21314608e+02   
    3.50000000e+04     8.75000000e+00     1.10464336e+03     3.00691400e+02     2.30676507e+02     1.18325488e+02   
    3.52000000e+04     8.80000000e+00     1.10463450e+03     3.03154742e+02     2.30209488e+02     1.18898811e+02   
    3.54000000e+04     8.85000000e+00     1.10463155e+03     3.02428578e+02     2.32089013e+02     1.19166014e+02   
    3.56000000e+04     8.90000000e+00     1.10462181e+03     3.01156122e+02     2.31983931e+02     1.18825205e+02   
    3.58000000e+04     8.95000000e+00     1.10462283e+03     2.99956209e+02     2.31359996e+02     1.20068207e+02   
    3.60000000e+04     9.00000000e+00     1.10464074e+03     3.01289722e+02     2.32539289e+02     1.19630205e+02   
    3.62000000e+04     9.05000000e+00     1.10464109e+03     2.99232246e+02     2.30836287e+02     1.18610689e+02   
    3.64000000e+04     9.10000000e+00     1.10465122e+03     3.03499128e+02     2.30913994e+02     1.17436069e+02   
    3.66000000e+04     9.15000000e+00     1.10464783e+03     3.01586694e+02     2.28407993e+02     1.14975449e+02   
    3.68000000e+04     9.20000000e+00     1.10466328e+03     3.03957213e+02     2.33862553e+02     1.19380551e+02   
    3.70000000e+04     9.25000000e+00     1.10464246e+03     3.02669126e+02     2.29314976e+02     1.15245426e+02   
    3.72000000e+04     9.30000000e+00     1.10463618e+03     3.04323570e+02     2.30723619e+02     1.16321874e+02   
    3.74000000e+04     9.35000000e+00     1.10464030e+03     3.00913077e+02     2.30945303e+02     1.16926542e+02   
    3.76000000e+04     9.40000000e+00     1.10464162e+03     3.02305315e+02     2.32121604e+02     1.17497233e+02   
    3.78000000e+04     9.45000000e+00     1.10465496e+03     3.05668842e+02     2.33751272e+02     1.19244355e+02   
    3.80000000e+04     9.50000000e+00     1.10465523e+03     3.02278850e+02     2.32627937e+02     1.17210843e+02   
    3.82000000e+04     9.55000000e+00     1.10465098e+03     3.03419958e+02     2.30005806e+02     1.14438567e+02   
    3.84000000e+04     9.60000000e+00     1.10465271e+03     3.06250337e+02     2.31478638e+02     1.16165594e+02   
    3.86000000e+04     9.65000000e+00     1.10465419e+03     3.00823738e+02     2.31301077e+02     1.17233869e+02   
    3.88000000e+04     9.70000000e+00     1.10467309e+03     3.03438528e+02     2.32049539e+02     1.17426466e+02   
    3.90000000e+04     9.75000000e+00     1.10468194e+03     3.04904932e+02     2.31889983e+02     1.17922454e+02   
    3.92000000e+04     9.80000000e+00     1.10467707e+03     3.05389987e+02     2.31061838e+02     1.16980585e+02   
    3.94000000e+04     9.85000000e+00     1.10468261e+03     3.01647156e+02     2.31362789e+02     1.18169579e+02   
    3.96000000e+04     9.90000000e+00     1.10468678e+03     3.05272590e+02     2.31767879e+02     1.17466968e+02   
    3.98000000e+04     9.95000000e+00     1.10468503e+03     3.01409033e+02     2.32021459e+02     1.19097804e+02   
    4.00000000e+04     1.00000000e+01     1.10468512e+03     3.03894226e+02     2.32775229e+02     1.20270408e+02   
    4.02000000e+04     1.00500000e+01     1.10466887e+03     3.02034363e+02     2.31367331e+02     1.18770217e+02   
    4.04000000e+04     1.01000000e+01     1.10467410e+03     3.02135932e+02     2.29390369e+02     1.16428379e+02   
    4.06000000e+04     1.01500000e+01     1.10468690e+03     3.02979744e+02     2.33002865e+02     1.19910321e+02   
    4.08000000e+04     1.02000000e+01     1.10469079e+03     3.03755366e+02     2.30706565e+02     1.16277489e+02   
    4.10000000e+04     1.02500000e+01     1.10470280e+03     2.99023764e+02     2.31146611e+02     1.18738939e+02   
    4.12000000e+04     1.03000000e+01     1.10470838e+03     3.01913286e+02     2.31327625e+02     1.17348528e+02   
    4.14000000e+04     1.03500000e+01     1.10471962e+03     2.98197565e+02     2.31666523e+02     1.19377159e+02   
    4.16000000e+04     1.04000000e+01     1.10471042e+03     3.02629726e+02     2.31269053e+02     1.16518875e+02   
    4.18000000e+04     1.04500000e+01     1.10470369e+03     3.01328871e+02     2.32866893e+02     1.20402363e+02   
    4.20000000e+04     1.05000000e+01     1.10468968e+03     3.02974859e+02     2.30278380e+02     1.16757454e+02   
    4.22000000e+04     1.05500000e+01     1.10468592e+03     2.98858688e+02     2.31136368e+02     1.18655355e+02   
    4.24000000e+04     1.06000000e+01     1.10468828e+03     3.01472060e+02     2.31798879e+02     1.19945465e+02   
    4.26000000e+04     1.06500000e+01     1.10468601e+03     3.03431433e+02     2.31538601e+02     1.19836401e+02   
    4.28000000e+04     1.07000000e+01     1.10469665e+03     3.04229343e+02     2.31686870e+02     1.18938760e+02   
    4.30000000e+04     1.07500000e+01     1.10468388e+03     3.00571000e+02     2.31135761e+02     1.18088401e+02   
    4.32000000e+04     1.08000000e+01     1.10468957e+03     3.03904291e+02     2.31487840e+02     1.18949835e+02   
    4.34000000e+04     1.08500000e+01     1.10467851e+03     3.01712539e+02     2.30609492e+02     1.18024142e+02   
    4.36000000e+04     1.09000000e+01     1.10469004e+03     2.98852868e+02     2.32193830e+02     1.19581068e+02   
    4.38000000e+04     1.09500000e+01     1.10468983e+03     3.00212836e+02     2.31804707e+02     1.18767887e+02   
    4.40000000e+04     1.10000000e+01     1.10469346e+03     3.00443544e+02     2.32718370e+02     1.18197489e+02   
    4.42000000e+04     1.10500000e+01     1.10470303e+03     3.00180366e+02     2.33050423e+02     1.19668817e+02   
    4.44000000e+04     1.11000000e+01     1.10470598e+03     3.01853388e+02     2.31333634e+02     1.18463126e+02   
    4.46000000e+04     1.11500000e+01     1.10470973e+03     2.98510009e+02     2.30363232e+02     1.16931969e+02   
    4.48000000e+04     1.12000000e+01     1.10472246e+03     3.01071298e+02     2.32421357e+02     1.19395596e+02   
    4.50000000e+04     1.12500000e+01     1.10473053e+03     3.01864248e+02     2.31449651e+02     1.18737808e+02   
    4.52000000e+04     1.13000000e+01     1.10473298e+03     3.02124960e+02     2.32101843e+02     1.20470974e+02   
    4.54000000e+04     1.13500000e+01     1.10473838e+03     3.01055330e+02     2.34097738e+02     1.21638523e+02   
    4.56000000e+04     1.14000000e+01     1.10472531e+03     3.01627318e+02     2.30600899e+02     1.18713997e+02   
    4.58000000e+04     1.14500000e+01     1.10474074e+03     3.01038570e+02     2.32144774e+02     1.20642079e+02   
    4.60000000e+04     1.15000000e+01     1.10473106e+03     2.98413311e+02     2.29789904e+02     1.19944199e+02   
    4.62000000e+04     1.15500000e+01     1.10472672e+03     2.99172893e+02     2.30699944e+02     1.19396743e+02   
    4.64000000e+04     1.16000000e+01     1.10471994e+03     3.02521918e+02     2.31743646e+02     1.20839181e+02   
    4.66000000e+04     1.16500000e+01     1.10471582e+03     2.98253687e+02     2.32749498e+02     1.20656015e+02   
    4.68000000e+04     1.17000000e+01     1.10471352e+03     3.02028715e+02     2.30202683e+02     1.18214911e+02   
    4.70000000e+04     1.17500000e+01     1.10472296e+03     3.01709898e+02     2.32172078e+02     1.19946339e+02   
    4.72000000e+04     1.18000000e+01     1.10470985e+03     3.02570756e+02     2.31470762e+02     1.17928942e+02   
    4.74000000e+04     1.18500000e+01     1.10470931e+03     3.00858964e+02     2.31406122e+02     1.16797263e+02   
    4.76000000e+04     1.19000000e+01     1.10470275e+03     3.04613151e+02     2.30819325e+02     1.17360159e+02   
    4.78000000e+04     1.19500000e+01     1.10469920e+03     3.00005700e+02     2.31417438e+02     1.17645531e+02   
    4.80000000e+04     1.20000000e+01     1.10472199e+03     3.00849815e+02     2.33627009e+02     1.22143787e+02   
    4.82000000e+04     1.20500000e+01     1.10471032e+03     3.00775901e+02     2.30825478e+02     1.17440951e+02   
    4.84000000e+04     1.21000000e+01     1.10471287e+03     2.99376543e+02     2.32138185e+02     1.20126833e+02   
    4.86000000e+04     1.21500000e+01     1.10469687e+03     3.00111788e+02     2.30483857e+02     1.17943355e+02   
    4.88000000e+04     1.22000000e+01     1.10469483e+03     2.96634152e+02     2.31166534e+02     1.19251016e+02   
    4.90000000e+04     1.22500000e+01     1.10468478e+03     2.98996094e+02     2.31084254e+02     1.18725956e+02   
    4.92000000e+04     1.23000000e+01     1.10467212e+03     3.02068291e+02     2.30506978e+02     1.16197221e+02   
    4.94000000e+04     1.23500000e+01     1.10466924e+03     3.00513798e+02     2.30297734e+02     1.16712417e+02   
    4.96000000e+04     1.24000000e+01     1.10466919e+03     3.01704008e+02     2.29797292e+02     1.16619702e+02   
    4.98000000e+04     1.24500000e+01     1.10468101e+03     3.00762941e+02     2.31738985e+02     1.19923334e+02   
    5.00000000e+04     1.25000000e+01     1.10468091e+03     2.97598710e+02     2.32210829e+02     1.18827988e+02   
    5.02000000e+04     1.25500000e+01     1.10468365e+03     3.03215120e+02     2.31232569e+02     1.18573761e+02   
    5.04000000e+04     1.26000000e+01     1.10470368e+03     3.01275155e+02     2.33557247e+02     1.19923116e+02   
    5.06000000e+04     1.26500000e+01     1.10472143e+03     3.01581973e+02     2.32338282e+02     1.19381865e+02   
    5.08000000e+04     1.27000000e+01     1.10473279e+03     3.00572267e+02     2.32554023e+02     1.18954049e+02   
    5.10000000e+04     1.27500000e+01     1.10473456e+03     3.01049571e+02     2.31323357e+02     1.18267388e+02   
    5.12000000e+04     1.28000000e+01     1.10474300e+03     3.00592676e+02     2.31524922e+02     1.18611119e+02   
    5.14000000e+04     1.28500000e+01     1.10474290e+03     3.02320833e+02     2.31051160e+02     1.18494002e+02   
    5.16000000e+04     1.29000000e+01     1.10473868e+03     3.01690359e+02     2.30560811e+02     1.18587088e+02   
    5.18000000e+04     1.29500000e+01     1.10473355e+03     3.01451127e+02     2.31590002e+02     1.17961669e+02   
    5.20000000e+04     1.30000000e+01     1.10472842e+03     2.99417584e+02     2.31252432e+02     1.17680043e+02   
    5.22000000e+04     1.30500000e+01     1.10472944e+03     3.03121922e+02     2.31497402e+02     1.16425406e+02   
    5.24000000e+04     1.31000000e+01     1.10473448e+03     3.02021787e+02     2.32090667e+02     1.17377779e+02   
    5.26000000e+04     1.31500000e+01     1.10472943e+03     2.99030133e+02     2.31446543e+02     1.18800027e+02   
    5.28000000e+04     1.32000000e+01     1.10474105e+03     3.05130594e+02     2.32988967e+02     1.18644814e+02   
    5.30000000e+04     1.32500000e+01     1.10474583e+03     2.99189230e+02     2.32404881e+02     1.18965136e+02   
    5.32000000e+04     1.33000000e+01     1.10475228e+03     2.99874649e+02     2.33476774e+02     1.19091730e+02   
    5.34000000e+04     1.33500000e+01     1.10474344e+03     3.02587589e+02     2.30171696e+02     1.17176787e+02   
    5.36000000e+04     1.34000000e+01     1.10473753e+03     3.01696117e+02     2.31472055e+02     1.17371185e+02   
    5.38000000e+04     1.34500000e+01     1.10473820e+03     3.01151983e+02     2.31481640e+02     1.17304605e+02   
    5.40000000e+04     1.35000000e+01     1.10474438e+03     3.01199185e+02     2.32610284e+02     1.19781001e+02   
    5.42000000e+04     1.35500000e+01     1.10474359e+03     3.03436437e+02     2.29487256e+02     1.16847039e+02   
    5.44000000e+04     1.36000000e+01     1.10475788e+03     3.00984617e+02     2.32765468e+02     1.19302655e+02   
    5.46000000e+04     1.36500000e+01     1.10474782e+03     2.99172200e+02     2.32117222e+02     1.18149798e+02   
    5.48000000e+04     1.37000000e+01     1.10475053e+03     3.00805490e+02     2.32138353e+02     1.17929050e+02   
    5.50000000e+04     1.37500000e+01     1.10474789e+03     3.02467865e+02     2.30783053e+02     1.16810265e+02   
    5.52000000e+04     1.38000000e+01     1.10475545e+03     2.99512589e+02     2.30253201e+02     1.16717381e+02   
    5.54000000e+04     1.38500000e+01     1.10477352e+03     2.98183666e+02     2.32482856e+02     1.18831049e+02   
    5.56000000e+04     1.39000000e+01     1.10478270e+03     3.05248152e+02     2.31039859e+02     1.18437290e+02   
    5.58000000e+04     1.39500000e+01     1.10479236e+03     3.00588341e+02     2.32790427e+02     1.18942306e+02   
    5.60000000e+04     1.40000000e+01     1.10478648e+03     3.01546841e+02     2.31997954e+02     1.18662183e+02   
    5.62000000e+04     1.40500000e+01     1.10478352e+03     3.00070313e+02     2.32975055e+02     1.21445336e+02   
    5.64000000e+04     1.41000000e+01     1.10476701e+03     3.02059809e+02     2.31881279e+02     1.19386889e+02   
    5.66000000e+04     1.41500000e+01     1.10475001e+03     3.01540524e+02     2.30257496e+02     1.17334195e+02   
    5.68000000e+04     1.42000000e+01     1.10473650e+03     3.01623348e+02     2.30154933e+02     1.17760935e+02   
    5.70000000e+04     1.42500000e+01     1.10473918e+03     3.01346256e+02     2.32299625e+02     1.19193358e+02   
    5.72000000e+04     1.43000000e+01     1.10474852e+03     3.01610044e+02     2.33865403e+02     1.21930529e+02   
    5.74000000e+04     1.43500000e+01     1.10473822e+03     3.01019573e+02     2.30536491e+02     1.18093019e+02   
    5.76000000e+04     1.44000000e+01     1.10475325e+03     2.98778428e+02     2.32967132e+02     1.19926094e+02   
    5.78000000e+04     1.44500000e+01     1.10476324e+03     2.98770472e+02     2.33914596e+02     1.20354428e+02   
    5.80000000e+04     1.45000000e+01     1.10475233e+03     2.98925188e+02     2.31531135e+02     1.18351358e+02   
    5.82000000e+04     1.45500000e+01     1.10475880e+03     2.99721791e+02     2.31420657e+02     1.16957238e+02   
    5.84000000e+04     1.46000000e+01     1.10477639e+03     2.99403268e+02     2.33599420e+02     1.20287573e+02   
    5.86000000e+04     1.46500000e+01     1.10477465e+03     3.02967463e+02     2.31317602e+02     1.17043152e+02   
    5.88000000e+04     1.47000000e+01     1.10477462e+03     2.99831408e+02     2.31472812e+02     1.17857953e+02   
    5.90000000e+04     1.47500000e+01     1.10475802e+03     3.01151875e+02     2.30808706e+02     1.17133093e+02   
    5.92000000e+04     1.48000000e+01     1.10474543e+03     2.99115913e+02     2.32395334e+02     1.18148410e+02   
    5.94000000e+04     1.48500000e+01     1.10474032e+03     2.96946967e+02     2.30746205e+02     1.17341522e+02   
    5.96000000e+04     1.49000000e+01     1.10473861e+03     3.03251629e+02     2.30391204e+02     1.17240863e+02   
    5.98000000e+04     1.49500000e+01     1.10474564e+03     3.02570890e+02     2.31802751e+02     1.17634989e+02   
    6.00000000e+04     1.50000000e+01     1.10474702e+03     3.01092178e+02     2.32672265e+02     1.17985724e+02   
    6.02000000e+04     1.50500000e+01     1.10475052e+03     3.01449336e+02     2.30954197e+02     1.17128896e+02   
    6.04000000e+04     1.51000000e+01     1.10475137e+03     3.02227479e+02     2.31424200e+02     1.18599002e+02   
    6.06000000e+04     1.51500000e+01     1.10475724e+03     3.03443013e+02     2.32738030e+02     1.19780090e+02   
    6.08000000e+04     1.52000000e+01     1.10475397e+03     3.01313617e+02     2.30276052e+02     1.17828557e+02   
    6.10000000e+04     1.52500000e+01     1.10476700e+03     3.01105032e+02     2.30863299e+02     1.17167402e+02   
    6.12000000e+04     1.53000000e+01     1.10478040e+03     3.01724267e+02     2.33185167e+02     1.20184709e+02   
    6.14000000e+04     1.53500000e+01     1.10477622e+03     3.01556909e+02     2.33068626e+02     1.19451310e+02   
    6.16000000e+04     1.54000000e+01     1.10478051e+03     3.00908923e+02     2.31637203e+02     1.18830580e+02   
    6.18000000e+04     1.54500000e+01     1.10479070e+03     3.01011825e+02     2.33255538e+02     1.18617734e+02   
    6.20000000e+04     1.55000000e+01     1.10478971e+03     3.06058484e+02     2.30297021e+02     1.18124309e+02   
    6.22000000e+04     1.55500000e+01     1.10480511e+03     3.03510239e+02     2.32198918e+02     1.20700596e+02   
    6.24000000e+04     1.56000000e+01     1.10480602e+03     3.04772466e+02     2.31275435e+02     1.18210900e+02   
    6.26000000e+04     1.56500000e+01     1.10480963e+03     3.01121467e+02     2.32614755e+02     1.21895629e+02   
    6.28000000e+04     1.57000000e+01     1.10479086e+03     3.00799340e+02     2.31229753e+02     1.19195569e+02   
    6.30000000e+04     1.57500000e+01     1.10480526e+03     3.02459349e+02     2.32205548e+02     1.20914972e+02   
    6.32000000e+04     1.58000000e+01     1.10479839e+03     3.03588425e+02     2.30050606e+02     1.18520073e+02   
    6.34000000e+04     1.58500000e+01     1.10481233e+03     3.01999466e+02     2.32542027e+02     1.21179203e+02   
    6.36000000e+04     1.59000000e+01     1.10482265e+03     3.02508475e+02     2.32947408e+02     1.22822148e+02   
    6.38000000e+04     1.59500000e+01     1.10482448e+03     2.99936562e+02     2.31625900e+02     1.18464251e+02   
    6.40000000e+04     1.60000000e+01     1.10483126e+03     3.01932439e+02     2.31645883e+02     1.19210445e+02   
    6.42000000e+04     1.60500000e+01     1.10483584e+03     2.99528332e+02     2.32879725e+02     1.20847697e+02   
    6.44000000e+04     1.61000000e+01     1.10482773e+03     3.03965314e+02     2.32441167e+02     1.20329198e+02   
    6.46000000e+04     1.61500000e+01     1.10482595e+03     3.01530484e+02     2.31996733e+02     1.18689791e+02   
    6.48000000e+04     1.62000000e+01     1.10484336e+03     3.04960820e+02     2.33927761e+02     1.20948296e+02   
    6.50000000e+04     1.62500000e+01     1.10484649e+03     3.01645688e+02     2.30755644e+02     1.18835019e+02   
    6.52000000e+04     1.63000000e+01     1.10485652e+03     3.01304506e+02     2.31603556e+02     1.19918101e+02   
    6.54000000e+04     1.63500000e+01     1.10485512e+03     2.98767947e+02     2.30802839e+02     1.17866623e+02   
    6.56000000e+04     1.64000000e+01     1.10486076e+03     3.05662854e+02     2.32526551e+02     1.19760894e+02   
    6.58000000e+04     1.64500000e+01     1.10486927e+03     3.03434847e+02     2.31329805e+02     1.19972891e+02   
    6.60000000e+04     1.65000000e+01     1.10488290e+03     3.00515277e+02     2.32059071e+02     1.20274936e+02   
    6.62000000e+04     1.65500000e+01     1.10488837e+03     3.02025284e+02     2.33806502e+02     1.22098004e+02   
    6.64000000e+04     1.66000000e+01     1.10487336e+03     3.03060218e+02     2.31264775e+02     1.19218278e+02   
    6.66000000e+04     1.66500000e+01     1.10487509e+03     3.01387551e+02     2.30383298e+02     1.17890210e+02   
    6.68000000e+04     1.67000000e+01     1.10487718e+03     3.00206310e+02     2.30664952e+02     1.18278506e+02   
    6.70000000e+04     1.67500000e+01     1.10486745e+03     3.02437411e+02     2.30685762e+02     1.18842980e+02   
    6.72000000e+04     1.68000000e+01     1.10486042e+03     2.98649231e+02     2.31217904e+02     1.19102661e+02   
    6.74000000e+04     1.68500000e+01     1.10486535e+03     2.98891764e+02     2.31986930e+02     1.19241498e+02   
    6.76000000e+04     1.69000000e+01     1.10485887e+03     3.01216365e+02     2.31898295e+02     1.17072594e+02   
    6.78000000e+04     1.69500000e+01     1.10487237e+03     3.01316428e+02     2.33111318e+02     1.20258819e+02   
    6.80000000e+04     1.70000000e+01     1.10487472e+03     3.00567375e+02     2.32883745e+02     1.19282575e+02   
    6.82000000e+04     1.70500000e+01     1.10488380e+03     2.97368159e+02     2.31573659e+02     1.18026433e+02   
    6.84000000e+04     1.71000000e+01     1.10487717e+03     3.01654186e+02     2.31585991e+02     1.19409199e+02   
    6.86000000e+04     1.71500000e+01     1.10486409e+03     3.00148525e+02     2.30309454e+02     1.18409851e+02   
    6.88000000e+04     1.72000000e+01     1.10486211e+03     2.99429065e+02     2.31522467e+02     1.19334160e+02   
    6.90000000e+04     1.72500000e+01     1.10485269e+03     3.02844182e+02     2.31470348e+02     1.20363375e+02   
    6.92000000e+04     1.73000000e+01     1.10485819e+03     3.00048461e+02     2.29972859e+02     1.18049265e+02   
    6.94000000e+04     1.73500000e+01     1.10486530e+03     3.00819642e+02     2.31596244e+02     1.20866878e+02   
    6.96000000e+04     1.74000000e+01     1.10488027e+03     2.96914375e+02     2.31008669e+02     1.19892000e+02   
    6.98000000e+04     1.74500000e+01     1.10488628e+03     3.01028352e+02     2.31773310e+02     1.19477666e+02   
    7.00000000e+04     1.75000000e+01     1.10489462e+03     3.01372410e+02     2.31817212e+02     1.18235978e+02   
    7.02000000e+04     1.75500000e+01     1.10490564e+03     3.00716752e+02     2.31976546e+02     1.18946281e+02   
    7.04000000e+04     1.76000000e+01     1.10491944e+03     3.01855113e+02     2.29301834e+02     1.17470937e+02   
    7.06000000e+04     1.76500000e+01     1.10492594e+03     3.04176541e+02     2.30113672e+02     1.18525324e+02   
    7.08000000e+04     1.77000000e+01     1.10491425e+03     3.01069249e+02     2.31475661e+02     1.19688240e+02   
    7.10000000e+04     1.77500000e+01     1.10490199e+03     2.99556191e+02     2.31760657e+02     1.20063746e+02   
    7.12000000e+04     1.78000000e+01     1.10488252e+03     2.97546440e+02     2.32164477e+02     1.19770081e+02   
    7.14000000e+04     1.78500000e+01     1.10488790e+03     3.00595149e+02     2.31526693e+02     1.16562882e+02   
    7.16000000e+04     1.79000000e+01     1.10489636e+03     3.02337303e+02     2.29707529e+02     1.15795462e+02   
    7.18000000e+04     1.79500000e+01     1.10490801e+03     2.96788676e+02     2.31836867e+02     1.16958270e+02   
    7.20000000e+04     1.80000000e+01     1.10490136e+03     3.00505397e+02     2.32508838e+02     1.19236584e+02   
    7.22000000e+04     1.80500000e+01     1.10490078e+03     2.99031998e+02     2.31446508e+02     1.15375264e+02   
    7.24000000e+04     1.81000000e+01     1.10490152e+03     2.99709465e+02     2.30795810e+02     1.16447603e+02   
    7.26000000e+04     1.81500000e+01     1.10491065e+03     2.98455925e+02     2.32632528e+02     1.18946265e+02   
    7.28000000e+04     1.82000000e+01     1.10490721e+03     2.99287187e+02     2.30044051e+02     1.18221699e+02   
    7.30000000e+04     1.82500000e+01     1.10491540e+03     2.99916221e+02     2.31935297e+02     1.20604878e+02   
    7.32000000e+04     1.83000000e+01     1.10491830e+03     2.99988590e+02     2.32860769e+02     1.21782347e+02   
    7.34000000e+04     1.83500000e+01     1.10492611e+03     2.98537996e+02     2.34165982e+02     1.22785077e+02   
    7.36000000e+04     1.84000000e+01     1.10491725e+03     2.99759953e+02     2.31119768e+02     1.19669079e+02   
    7.38000000e+04     1.84500000e+01     1.10491619e+03     2.98392328e+02     2.31908711e+02     1.20588600e+02   
    7.40000000e+04     1.85000000e+01     1.10493004e+03     3.01241745e+02     2.31780627e+02     1.19909815e+02   
    7.42000000e+04     1.85500000e+01     1.10494361e+03     2.99159056e+02     2.33234567e+02     1.22207782e+02   
    7.44000000e+04     1.86000000e+01     1.10495065e+03     3.00829810e+02     2.31102402e+02     1.19627054e+02   
    7.46000000e+04     1.86500000e+01     1.10497836e+03     2.99877250e+02     2.31692170e+02     1.21556860e+02   
    7.48000000e+04     1.87000000e+01     1.10497831e+03     3.01122000e+02     2.32966167e+02     1.22677896e+02   
    7.50000000e+04     1.87500000e+01     1.10497247e+03     2.99338597e+02     2.30389701e+02     1.19840920e+02   
    7.52000000e+04     1.88000000e+01     1.10496579e+03     3.00652186e+02     2.30043018e+02     1.17375212e+02   
    7.54000000e+04     1.88500000e+01     1.10496332e+03     3.00218630e+02     2.31057900e+02     1.20650454e+02   
    7.56000000e+04     1.89000000e+01     1.10495226e+03     3.00141044e+02     2.31620979e+02     1.19147051e+02   
    7.58000000e+04     1.89500000e+01     1.10494966e+03     2.99867445e+02     2.33061169e+02     1.19428611e+02   
    7.60000000e+04     1.90000000e+01     1.10495216e+03     3.01972872e+02     2.32961111e+02     1.19627967e+02   
    7.62000000e+04     1.90500000e+01     1.10494443e+03     3.02066496e+02     2.33414021e+02     1.20151194e+02   
    7.64000000e+04     1.91000000e+01     1.10494012e+03     3.03316374e+02     2.29998335e+02     1.16582881e+02   
    7.66000000e+04     1.91500000e+01     1.10494167e+03     3.02564035e+02     2.31286436e+02     1.17269367e+02   
    7.68000000e+04     1.92000000e+01     1.10493971e+03     3.01905173e+02     2.32130336e+02     1.18298983e+02   
    7.70000000e+04     1.92500000e+01     1.10493495e+03     3.01300898e+02     2.31275120e+02     1.17084642e+02   
    7.72000000e+04     1.93000000e+01     1.10493855e+03     3.00900793e+02     2.34057192e+02     1.20433455e+02   
    7.74000000e+04     1.93500000e+01     1.10494489e+03     3.01047133e+02     2.33350798e+02     1.20096892e+02   
    7.76000000e+04     1.94000000e+01     1.10494077e+03     3.01359389e+02     2.29725010e+02     1.16529093e+02   
    7.78000000e+04     1.94500000e+01     1.10495479e+03     2.96784427e+02     2.31444027e+02     1.17624406e+02   
    7.80000000e+04     1.95000000e+01     1.10495170e+03     3.02587210e+02     2.31036218e+02     1.17128095e+02   
    7.82000000e+04     1.95500000e+01     1.10496082e+03     3.03583355e+02     2.32126449e+02     1.18152663e+02   
    7.84000000e+04     1.96000000e+01     1.10495138e+03     3.03688528e+02     2.31380049e+02     1.16938206e+02   
    7.86000000e+04     1.96500000e+01     1.10494744e+03     3.00407208e+02     2.30908664e+02     1.16075065e+02   
    7.88000000e+04     1.97000000e+01     1.10494754e+03     2.99427483e+02     2.31963339e+02     1.18807452e+02   
    7.90000000e+04     1.97500000e+01     1.10495193e+03     3.03594520e+02     2.33276309e+02     1.18246654e+02   
    7.92000000e+04     1.98000000e+01     1.10494484e+03     3.02678272e+02     2.30746456e+02     1.16056046e+02   
    7.94000000e+04     1.98500000e+01     1.10494012e+03     3.02041033e+02     2.32096951e+02     1.16442251e+02   
    7.96000000e+04     1.99000000e+01     1.10493240e+03     3.02786566e+02     2.29872430e+02     1.16489188e+02   
    7.98000000e+04     1.99500000e+01     1.10493089e+03     3.00938173e+02     2.29473330e+02     1.14757409e+02   
    8.00000000e+04     2.00000000e+01     1.10494362e+03     3.00723141e+02     2.31773534e+02     1.16884735e+02   
