# column   1     --> step : The current simulation time step.
# column   2     --> time{picosecond} : The elapsed simulation time.
# column   3     --> conserved{electronvolt} : The value of the conserved energy quantity per bead.
# column   4     --> temperature{kelvin} : The current temperature, as obtained from the MD kinetic energy.
# column   5     --> kinetic_cv{electronvolt} : The centroid-virial quantum kinetic energy of the physical system.
# column   6     --> potential{electronvolt} : The physical system potential energy.
    0.00000000e+00     0.00000000e+00     1.10420566e+03     3.04428649e+02     2.32062612e+02     1.20392507e+02   
    2.00000000e+02     5.00000000e-02     1.10419922e+03     3.00541607e+02     2.32456807e+02     1.19990324e+02   
    4.00000000e+02     1.00000000e-01     1.10421655e+03     2.98951076e+02     2.34030614e+02     1.22043895e+02   
    6.00000000e+02     1.50000000e-01     1.10421205e+03     2.99126768e+02     2.32108654e+02     1.21021948e+02   
    8.00000000e+02     2.00000000e-01     1.10421985e+03     2.97956399e+02     2.31215959e+02     1.20810501e+02   
    1.00000000e+03     2.50000000e-01     1.10421676e+03     3.00781653e+02     2.30716975e+02     1.19214177e+02   
    1.20000000e+03     3.00000000e-01     1.10422283e+03     3.01610695e+02     2.32818699e+02     1.19245475e+02   
    1.40000000e+03     3.50000000e-01     1.10420808e+03     3.03572920e+02     2.31158631e+02     1.18228754e+02   
    1.60000000e+03     4.00000000e-01     1.10420271e+03     2.96622884e+02     2.31134687e+02     1.17262403e+02   
    1.80000000e+03     4.50000000e-01     1.10421225e+03     2.98508346e+02     2.33363379e+02     1.19658049e+02   
    2.00000000e+03     5.00000000e-01     1.10419662e+03     3.02321303e+02     2.32243643e+02     1.17679138e+02   
    2.20000000e+03     5.50000000e-01     1.10419332e+03     3.00294966e+02     2.31051479e+02     1.17730142e+02   
    2.40000000e+03     6.00000000e-01     1.10420230e+03     2.99204905e+02     2.31478540e+02     1.18115539e+02   
    2.60000000e+03     6.50000000e-01     1.10421487e+03     2.99204266e+02     2.31876542e+02     1.19341337e+02   
    2.80000000e+03     7.00000000e-01     1.10422693e+03     3.01136416e+02     2.32734060e+02     1.19259769e+02   
    3.00000000e+03     7.50000000e-01     1.10423111e+03     2.98811720e+02     2.31088730e+02     1.18724348e+02   
    3.20000000e+03     8.00000000e-01     1.10423632e+03     3.01050776e+02     2.32617852e+02     1.21024005e+02   
    3.40000000e+03     8.50000000e-01     1.10424395e+03     3.01738506e+02     2.32607811e+02     1.21473061e+02   
    3.60000000e+03     9.00000000e-01     1.10423834e+03     2.99733209e+02     2.31852991e+02     1.21025005e+02   
    3.80000000e+03     9.50000000e-01     1.10423584e+03     2.97738496e+02     2.31738608e+02     1.18526905e+02   
    4.00000000e+03     1.00000000e+00     1.10424562e+03     2.97001034e+02     2.31955681e+02     1.21197324e+02   
    4.20000000e+03     1.05000000e+00     1.10425072e+03     3.01013189e+02     2.30538450e+02     1.16620001e+02   
    4.40000000e+03     1.10000000e+00     1.10427297e+03     2.96799012e+02     2.33364022e+02     1.21735693e+02   
    4.60000000e+03     1.15000000e+00     1.10427880e+03     2.97724713e+02     2.32360068e+02     1.20281535e+02   
    4.80000000e+03     1.20000000e+00     1.10428175e+03     2.99045335e+02     2.31699197e+02     1.19656133e+02   
    5.00000000e+03     1.25000000e+00     1.10428260e+03     2.98381538e+02     2.31262770e+02     1.19397500e+02   
    5.20000000e+03     1.30000000e+00     1.10427657e+03     2.99528210e+02     2.30830909e+02     1.19387603e+02   
    5.40000000e+03     1.35000000e+00     1.10425972e+03     3.01461172e+02     2.29403972e+02     1.17352396e+02   
    5.60000000e+03     1.40000000e+00     1.10425944e+03     2.96416856e+02     2.32368853e+02     1.20525674e+02   
    5.80000000e+03     1.45000000e+00     1.10424804e+03     2.98165329e+02     2.32011170e+02     1.21521788e+02   
    6.00000000e+03     1.50000000e+00     1.10425038e+03     3.00102905e+02     2.32466249e+02     1.21489143e+02   
    6.20000000e+03     1.55000000e+00     1.10425832e+03     2.98592468e+02     2.31114650e+02     1.20391670e+02   
    6.40000000e+03     1.60000000e+00     1.10425947e+03     3.00730077e+02     2.29243136e+02     1.15331540e+02   
    6.60000000e+03     1.65000000e+00     1.10427506e+03     3.03691658e+02     2.32125378e+02     1.19631208e+02   
    6.80000000e+03     1.70000000e+00     1.10427171e+03     3.01506071e+02     2.31220160e+02     1.17255375e+02   
    7.00000000e+03     1.75000000e+00     1.10427991e+03     2.99294869e+02     2.32822259e+02     1.20697519e+02   
    7.20000000e+03     1.80000000e+00     1.10428425e+03     2.98154440e+02     2.32338227e+02     1.20140096e+02   
    7.40000000e+03     1.85000000e+00     1.10427695e+03     2.99183738e+02     2.32064436e+02     1.20600481e+02   
    7.60000000e+03     1.90000000e+00     1.10426577e+03     2.98754508e+02     2.31585389e+02     1.19546874e+02   
    7.80000000e+03     1.95000000e+00     1.10426982e+03     2.99653727e+02     2.32944241e+02     1.21154855e+02   
    8.00000000e+03     2.00000000e+00     1.10427818e+03     3.01725798e+02     2.31989255e+02     1.21956132e+02   
    8.20000000e+03     2.05000000e+00     1.10428253e+03     3.00567538e+02     2.29687591e+02     1.20707108e+02   
    8.40000000e+03     2.10000000e+00     1.10428782e+03     3.00989408e+02     2.32433234e+02     1.22193054e+02   
    8.60000000e+03     2.15000000e+00     1.10427377e+03     2.98217660e+02     2.28939584e+02     1.20175472e+02   
    8.80000000e+03     2.20000000e+00     1.10427929e+03     2.98830312e+02     2.31573843e+02     1.21969004e+02   
    9.00000000e+03     2.25000000e+00     1.10428567e+03     2.98906125e+02     2.31298200e+02     1.22450306e+02   
    9.20000000e+03     2.30000000e+00     1.10428599e+03     3.01119931e+02     2.32099528e+02     1.20469111e+02   
    9.40000000e+03     2.35000000e+00     1.10428667e+03     3.00082671e+02     2.31431023e+02     1.20131252e+02   
    9.60000000e+03     2.40000000e+00     1.10427971e+03     2.99993588e+02     2.29440766e+02     1.18048400e+02   
    9.80000000e+03     2.45000000e+00     1.10429571e+03     2.99830985e+02     2.31674156e+02     1.19738865e+02   
    1.00000000e+04     2.50000000e+00     1.10429198e+03     2.99236074e+02     2.30949236e+02     1.18583993e+02   
    1.02000000e+04     2.55000000e+00     1.10429130e+03     2.98886067e+02     2.32490001e+02     1.20402986e+02   
    1.04000000e+04     2.60000000e+00     1.10429447e+03     3.02066250e+02     2.31891975e+02     1.19647954e+02   
    1.06000000e+04     2.65000000e+00     1.10429143e+03     3.00792056e+02     2.32776745e+02     1.20008946e+02   
    1.08000000e+04     2.70000000e+00     1.10428453e+03     3.00423228e+02     2.31271912e+02     1.19130449e+02   
    1.10000000e+04     2.75000000e+00     1.10428174e+03     3.02441402e+02     2.30794091e+02     1.17629681e+02   
    1.12000000e+04     2.80000000e+00     1.10429710e+03     2.99925564e+02     2.32394314e+02     1.19667566e+02   
    1.14000000e+04     2.85000000e+00     1.10430523e+03     2.98653111e+02     2.32186071e+02     1.19925664e+02   
    1.16000000e+04     2.90000000e+00     1.10430491e+03     2.96431248e+02     2.30102830e+02     1.18257865e+02   
    1.18000000e+04     2.95000000e+00     1.10431149e+03     3.02118586e+02     2.32387193e+02     1.19865177e+02   
    1.20000000e+04     3.00000000e+00     1.10431538e+03     3.01486473e+02     2.33546974e+02     1.20830487e+02   
    1.22000000e+04     3.05000000e+00     1.10431621e+03     3.00633128e+02     2.32028876e+02     1.20015978e+02   
    1.24000000e+04     3.10000000e+00     1.10433159e+03     2.96425844e+02     2.33707581e+02     1.22056244e+02   
    1.26000000e+04     3.15000000e+00     1.10431858e+03     3.00402804e+02     2.30158603e+02     1.17965746e+02   
    1.28000000e+04     3.20000000e+00     1.10433255e+03     2.97756601e+02     2.32156026e+02     1.19901654e+02   
    1.30000000e+04     3.25000000e+00     1.10433551e+03     2.97994558e+02     2.31307992e+02     1.19706094e+02   
    1.32000000e+04     3.30000000e+00     1.10434576e+03     3.00804113e+02     2.33484736e+02     1.22439277e+02   
    1.34000000e+04     3.35000000e+00     1.10434402e+03     2.99884809e+02     2.31077066e+02     1.19539289e+02   
    1.36000000e+04     3.40000000e+00     1.10434847e+03     3.01297435e+02     2.31390777e+02     1.19305792e+02   
    1.38000000e+04     3.45000000e+00     1.10434632e+03     3.00364228e+02     2.30623121e+02     1.18269274e+02   
    1.40000000e+04     3.50000000e+00     1.10436521e+03     3.00559424e+02     2.33211261e+02     1.20933176e+02   
    1.42000000e+04     3.55000000e+00     1.10436289e+03     2.99199269e+02     2.30723264e+02     1.18175373e+02   
    1.44000000e+04     3.60000000e+00     1.10436003e+03     2.98623793e+02     2.32430321e+02     1.21995145e+02   
    1.46000000e+04     3.65000000e+00     1.10434433e+03     3.00479108e+02     2.30828317e+02     1.20307215e+02   
    1.48000000e+04     3.70000000e+00     1.10435446e+03     3.00724233e+02     2.33121671e+02     1.23174102e+02   
    1.50000000e+04     3.75000000e+00     1.10435189e+03     2.97828955e+02     2.31881802e+02     1.22628450e+02   
    1.52000000e+04     3.80000000e+00     1.10434590e+03     2.99408290e+02     2.31988915e+02     1.21487690e+02   
    1.54000000e+04     3.85000000e+00     1.10434454e+03     3.00331909e+02     2.32382480e+02     1.21859245e+02   
    1.56000000e+04     3.90000000e+00     1.10432884e+03     3.01359819e+02     2.31393877e+02     1.19570602e+02   
    1.58000000e+04     3.95000000e+00     1.10434360e+03     3.01513830e+02     2.33022869e+02     1.21368588e+02   
    1.60000000e+04     4.00000000e+00     1.10433933e+03     3.01243707e+02     2.32251350e+02     1.22656448e+02   
    1.62000000e+04     4.05000000e+00     1.10434620e+03     2.99510884e+02     2.34091040e+02     1.24075588e+02   
    1.64000000e+04     4.10000000e+00     1.10433609e+03     3.02078370e+02     2.30479926e+02     1.19176049e+02   
    1.66000000e+04     4.15000000e+00     1.10434537e+03     2.98840971e+02     2.31559540e+02     1.19016771e+02   
    1.68000000e+04     4.20000000e+00     1.10433790e+03     3.00956763e+02     2.29803708e+02     1.18221098e+02   
    1.70000000e+04     4.25000000e+00     1.10435153e+03     3.01247146e+02     2.31893407e+02     1.22095387e+02   
    1.72000000e+04     4.30000000e+00     1.10435516e+03     3.00334839e+02     2.30382724e+02     1.18523177e+02   
    1.74000000e+04     4.35000000e+00     1.10437276e+03     2.96490400e+02     2.31391138e+02     1.18953795e+02   
    1.76000000e+04     4.40000000e+00     1.10436584e+03     3.00280815e+02     2.31543651e+02     1.19485972e+02   
    1.78000000e+04     4.45000000e+00     1.10434817e+03     3.02558685e+02     2.31473351e+02     1.19480405e+02   
    1.80000000e+04     4.50000000e+00     1.10432797e+03     2.99046134e+02     2.29514908e+02     1.17395844e+02   
    1.82000000e+04     4.55000000e+00     1.10433077e+03     3.04240956e+02     2.32356763e+02     1.19855547e+02   
    1.84000000e+04     4.60000000e+00     1.10434145e+03     3.00169608e+02     2.32958579e+02     1.22116559e+02   
    1.86000000e+04     4.65000000e+00     1.10434167e+03     3.00761812e+02     2.32503096e+02     1.21600716e+02   
    1.88000000e+04     4.70000000e+00     1.10433203e+03     2.99229228e+02     2.31290158e+02     1.20444161e+02   
    1.90000000e+04     4.75000000e+00     1.10433934e+03     2.96955196e+02     2.32747520e+02     1.20082133e+02   
    1.92000000e+04     4.80000000e+00     1.10433933e+03     2.98216559e+02     2.29832574e+02     1.18133982e+02   
    1.94000000e+04     4.85000000e+00     1.10434453e+03     3.01338172e+02     2.29786947e+02     1.16530052e+02   
    1.96000000e+04     4.90000000e+00     1.10435925e+03     2.97921370e+02     2.33230548e+02     1.21943216e+02   
    1.98000000e+04     4.95000000e+00     1.10436485e+03     2.96602485e+02     2.32877368e+02     1.20562523e+02   
    2.00000000e+04     5.00000000e+00     1.10436406e+03     3.00855422e+02     2.31641952e+02     1.18878992e+02   
    2.02000000e+04     5.05000000e+00     1.10434681e+03     2.97556324e+02     2.30371540e+02     1.18797745e+02   
    2.04000000e+04     5.10000000e+00     1.10434241e+03     2.99086838e+02     2.31712873e+02     1.20622363e+02   
    2.06000000e+04     5.15000000e+00     1.10434119e+03     2.95795115e+02     2.32752385e+02     1.22159761e+02   
    2.08000000e+04     5.20000000e+00     1.10434732e+03     2.98352931e+02     2.32991358e+02     1.20421591e+02   
    2.10000000e+04     5.25000000e+00     1.10436248e+03     2.98812150e+02     2.31654583e+02     1.19973331e+02   
    2.12000000e+04     5.30000000e+00     1.10436694e+03     3.00188064e+02     2.29816659e+02     1.17986270e+02   
    2.14000000e+04     5.35000000e+00     1.10436820e+03     3.00380501e+02     2.31356331e+02     1.19042912e+02   
    2.16000000e+04     5.40000000e+00     1.10436208e+03     2.99710963e+02     2.31097661e+02     1.18427359e+02   
    2.18000000e+04     5.45000000e+00     1.10436588e+03     2.99691556e+02     2.31154183e+02     1.19174070e+02   
    2.20000000e+04     5.50000000e+00     1.10434908e+03     2.99605629e+02     2.32277711e+02     1.21195590e+02   
    2.22000000e+04     5.55000000e+00     1.10433748e+03     2.95877570e+02     2.30821809e+02     1.19903965e+02   
    2.24000000e+04     5.60000000e+00     1.10433991e+03     3.00632669e+02     2.30999957e+02     1.19025865e+02   
    2.26000000e+04     5.65000000e+00     1.10435256e+03     3.02256864e+02     2.32710716e+02     1.20746688e+02   
    2.28000000e+04     5.70000000e+00     1.10434492e+03     2.98814323e+02     2.31548712e+02     1.18729549e+02   
    2.30000000e+04     5.75000000e+00     1.10434516e+03     3.00282091e+02     2.32187836e+02     1.19229316e+02   
    2.32000000e+04     5.80000000e+00     1.10433523e+03     3.01126817e+02     2.31039343e+02     1.15639958e+02   
    2.34000000e+04     5.85000000e+00     1.10433188e+03     2.99245947e+02     2.31268484e+02     1.16152046e+02   
    2.36000000e+04     5.90000000e+00     1.10433487e+03     3.01450202e+02     2.30942486e+02     1.14981803e+02   
    2.38000000e+04     5.95000000e+00     1.10434209e+03     2.99398995e+02     2.31219068e+02     1.17843555e+02   
    2.40000000e+04     6.00000000e+00     1.10434946e+03     2.99592872e+02     2.33043260e+02     1.19360580e+02   
    2.42000000e+04     6.05000000e+00     1.10435117e+03     2.99519828e+02     2.31003528e+02     1.16614401e+02   
    2.44000000e+04     6.10000000e+00     1.10437292e+03     2.99911180e+02     2.32515770e+02     1.17614885e+02   
    2.46000000e+04     6.15000000e+00     1.10437534e+03     3.00381057e+02     2.30681021e+02     1.15770165e+02   
    2.48000000e+04     6.20000000e+00     1.10438063e+03     2.99087189e+02     2.31673105e+02     1.17035364e+02   
    2.50000000e+04     6.25000000e+00     1.10437174e+03     3.00651497e+02     2.32727682e+02     1.17266919e+02   
    2.52000000e+04     6.30000000e+00     1.10436712e+03     3.00987488e+02     2.32284291e+02     1.17291217e+02   
    2.54000000e+04     6.35000000e+00     1.10434794e+03     3.01400148e+02     2.29548244e+02     1.14760555e+02   
    2.56000000e+04     6.40000000e+00     1.10434819e+03     2.99986660e+02     2.31283216e+02     1.16612418e+02   
    2.58000000e+04     6.45000000e+00     1.10436836e+03     2.99130881e+02     2.33261542e+02     1.18758221e+02   
    2.60000000e+04     6.50000000e+00     1.10437603e+03     2.98755623e+02     2.32364164e+02     1.18413568e+02   
    2.62000000e+04     6.55000000e+00     1.10438683e+03     3.00969980e+02     2.33281806e+02     1.20629587e+02   
    2.64000000e+04     6.60000000e+00     1.10437914e+03     3.00467316e+02     2.31961287e+02     1.18345314e+02   
    2.66000000e+04     6.65000000e+00     1.10437264e+03     3.01034541e+02     2.30629286e+02     1.16707760e+02   
    2.68000000e+04     6.70000000e+00     1.10436575e+03     3.03159519e+02     2.32127668e+02     1.18862938e+02   
    2.70000000e+04     6.75000000e+00     1.10435821e+03     2.99051173e+02     2.32467688e+02     1.21718059e+02   
    2.72000000e+04     6.80000000e+00     1.10436266e+03     2.97694018e+02     2.34614166e+02     1.22352560e+02   
    2.74000000e+04     6.85000000e+00     1.10434505e+03     2.99927389e+02     2.31131063e+02     1.18966022e+02   
    2.76000000e+04     6.90000000e+00     1.10434967e+03     2.99809086e+02     2.31371030e+02     1.19557479e+02   
    2.78000000e+04     6.95000000e+00     1.10436526e+03     3.00529121e+02     2.32137284e+02     1.19682887e+02   
    2.80000000e+04     7.00000000e+00     1.10436760e+03     3.00046488e+02     2.31429400e+02     1.19163002e+02   
    2.82000000e+04     7.05000000e+00     1.10437538e+03     2.99373460e+02     2.31390064e+02     1.16551822e+02   
    2.84000000e+04     7.10000000e+00     1.10439653e+03     2.97398710e+02     2.32049849e+02     1.19764014e+02   
    2.86000000e+04     7.15000000e+00     1.10441078e+03     2.98664897e+02     2.32167833e+02     1.20313142e+02   
    2.88000000e+04     7.20000000e+00     1.10443052e+03     3.01302480e+02     2.33694593e+02     1.23833703e+02   
    2.90000000e+04     7.25000000e+00     1.10443159e+03     2.99725302e+02     2.32558854e+02     1.21848287e+02   
    2.92000000e+04     7.30000000e+00     1.10443188e+03     3.01384688e+02     2.32586646e+02     1.21329048e+02   
    2.94000000e+04     7.35000000e+00     1.10442998e+03     3.01230671e+02     2.30679227e+02     1.21787674e+02   
    2.96000000e+04     7.40000000e+00     1.10443297e+03     3.02263345e+02     2.31655908e+02     1.21407268e+02   
    2.98000000e+04     7.45000000e+00     1.10443182e+03     2.98890398e+02     2.32347203e+02     1.24259751e+02   
    3.00000000e+04     7.50000000e+00     1.10442364e+03     2.98905036e+02     2.30758438e+02     1.20687280e+02   
    3.02000000e+04     7.55000000e+00     1.10443291e+03     3.00723024e+02     2.31883228e+02     1.21262399e+02   
    3.04000000e+04     7.60000000e+00     1.10443043e+03     2.99795120e+02     2.32071261e+02     1.19466328e+02   
    3.06000000e+04     7.65000000e+00     1.10443048e+03     2.96210136e+02     2.32069251e+02     1.20572845e+02   
    3.08000000e+04     7.70000000e+00     1.10442345e+03     3.00532696e+02     2.32459026e+02     1.23039276e+02   
    3.10000000e+04     7.75000000e+00     1.10439786e+03     2.99679400e+02     2.31849656e+02     1.21690322e+02   
    3.12000000e+04     7.80000000e+00     1.10440084e+03     3.01468560e+02     2.33016144e+02     1.22137087e+02   
    3.14000000e+04     7.85000000e+00     1.10440621e+03     3.03646931e+02     2.32397823e+02     1.20655645e+02   
    3.16000000e+04     7.90000000e+00     1.10440762e+03     3.02284292e+02     2.30541586e+02     1.18394482e+02   
    3.18000000e+04     7.95000000e+00     1.10441781e+03     2.99380695e+02     2.30320241e+02     1.18476119e+02   
    3.20000000e+04     8.00000000e+00     1.10442597e+03     2.99905887e+02     2.32043054e+02     1.19864515e+02   
    3.22000000e+04     8.05000000e+00     1.10443653e+03     3.01503520e+02     2.33632522e+02     1.23174210e+02   
    3.24000000e+04     8.10000000e+00     1.10442541e+03     3.03985490e+02     2.31424646e+02     1.20222391e+02   
    3.26000000e+04     8.15000000e+00     1.10441680e+03     3.00283793e+02     2.32309384e+02     1.20843045e+02   
    3.28000000e+04     8.20000000e+00     1.10441521e+03     3.00067704e+02     2.33106345e+02     1.20390195e+02   
    3.30000000e+04     8.25000000e+00     1.10441507e+03     3.01148358e+02     2.31006305e+02     1.18961370e+02   
    3.32000000e+04     8.30000000e+00     1.10441190e+03     3.02432927e+02     2.31343023e+02     1.19000124e+02   
    3.34000000e+04     8.35000000e+00     1.10440281e+03     3.03435886e+02     2.30744549e+02     1.18723931e+02   
    3.36000000e+04     8.40000000e+00     1.10440612e+03     3.02088025e+02     2.31953800e+02     1.20412749e+02   
    3.38000000e+04     8.45000000e+00     1.10440405e+03     2.98252186e+02     2.31803214e+02     1.21555911e+02   
    3.40000000e+04     8.50000000e+00     1.10440141e+03     2.99474216e+02     2.30552356e+02     1.19960215e+02   
    3.42000000e+04     8.55000000e+00     1.10440522e+03     3.01337463e+02     2.31351168e+02     1.20061763e+02   
    3.44000000e+04     8.60000000e+00     1.10441933e+03     2.99334904e+02     2.34002436e+02     1.22368142e+02   
    3.46000000e+04     8.65000000e+00     1.10442929e+03     3.03781302e+02     2.31413800e+02     1.18707515e+02   
    3.48000000e+04     8.70000000e+00     1.10445320e+03     2.98701228e+02     2.34264480e+02     1.23219924e+02   
    3.50000000e+04     8.75000000e+00     1.10446681e+03     3.00282164e+02     2.32270335e+02     1.19919829e+02   
    3.52000000e+04     8.80000000e+00     1.10447260e+03     3.02518092e+02     2.31634704e+02     1.19593158e+02   
    3.54000000e+04     8.85000000e+00     1.10448619e+03     3.00337262e+02     2.34255446e+02     1.21985150e+02   
    3.56000000e+04     8.90000000e+00     1.10447172e+03     2.99286984e+02     2.30992385e+02     1.19613706e+02   
    3.58000000e+04     8.95000000e+00     1.10447682e+03     2.98326748e+02     2.30954546e+02     1.19133641e+02   
    3.60000000e+04     9.00000000e+00     1.10449302e+03     2.99294650e+02     2.32699573e+02     1.20863466e+02   
    3.62000000e+04     9.05000000e+00     1.10448936e+03     2.96695063e+02     2.30996397e+02     1.19015655e+02   
    3.64000000e+04     9.10000000e+00     1.10449752e+03     3.00265510e+02     2.31535728e+02     1.20496901e+02   
    3.66000000e+04     9.15000000e+00     1.10449706e+03     2.98184149e+02     2.31140271e+02     1.19647335e+02   
    3.68000000e+04     9.20000000e+00     1.10451987e+03     3.00669845e+02     2.32119989e+02     1.21808834e+02   
    3.70000000e+04     9.25000000e+00     1.10451606e+03     2.99881925e+02     2.30741275e+02     1.19378534e+02   
    3.72000000e+04     9.30000000e+00     1.10450487e+03     3.02538107e+02     2.28858998e+02     1.18525524e+02   
    3.74000000e+04     9.35000000e+00     1.10452058e+03     2.98901607e+02     2.31939466e+02     1.20230589e+02   
    3.76000000e+04     9.40000000e+00     1.10451401e+03     2.99362991e+02     2.32827123e+02     1.22007432e+02   
    3.78000000e+04     9.45000000e+00     1.10451346e+03     3.00347698e+02     2.32858016e+02     1.22864773e+02   
    3.80000000e+04     9.50000000e+00     1.10450446e+03     2.99014516e+02     2.33241250e+02     1.23219691e+02   
    3.82000000e+04     9.55000000e+00     1.10450104e+03     2.99058850e+02     2.30935135e+02     1.20838628e+02   
    3.84000000e+04     9.60000000e+00     1.10450523e+03     3.01975024e+02     2.31747444e+02     1.21175215e+02   
    3.86000000e+04     9.65000000e+00     1.10451837e+03     2.98300178e+02     2.31983560e+02     1.21381383e+02   
    3.88000000e+04     9.70000000e+00     1.10453554e+03     2.99294038e+02     2.32305280e+02     1.21272704e+02   
    3.90000000e+04     9.75000000e+00     1.10454915e+03     3.01189431e+02     2.33115604e+02     1.22031548e+02   
    3.92000000e+04     9.80000000e+00     1.10454350e+03     3.03336340e+02     2.30203277e+02     1.18191911e+02   
    3.94000000e+04     9.85000000e+00     1.10455337e+03     3.00474101e+02     2.30955758e+02     1.19022179e+02   
    3.96000000e+04     9.90000000e+00     1.10455656e+03     3.02167107e+02     2.31364372e+02     1.20023657e+02   
    3.98000000e+04     9.95000000e+00     1.10456588e+03     2.98765782e+02     2.32641033e+02     1.20873377e+02   
    4.00000000e+04     1.00000000e+01     1.10455878e+03     3.02890818e+02     2.33268204e+02     1.21916268e+02   
    4.02000000e+04     1.00500000e+01     1.10457049e+03     3.00261586e+02     2.32503260e+02     1.22039859e+02   
    4.04000000e+04     1.01000000e+01     1.10456558e+03     2.99799638e+02     2.32201912e+02     1.21840217e+02   
    4.06000000e+04     1.01500000e+01     1.10456148e+03     3.02913974e+02     2.31740397e+02     1.20166188e+02   
    4.08000000e+04     1.02000000e+01     1.10455947e+03     3.01011817e+02     2.32767432e+02     1.21237682e+02   
    4.10000000e+04     1.02500000e+01     1.10454894e+03     2.99611291e+02     2.31643711e+02     1.21288505e+02   
    4.12000000e+04     1.03000000e+01     1.10453527e+03     3.01267957e+02     2.32749812e+02     1.22018661e+02   
    4.14000000e+04     1.03500000e+01     1.10453144e+03     2.99652493e+02     2.31334907e+02     1.19563870e+02   
    4.16000000e+04     1.04000000e+01     1.10453005e+03     3.01019219e+02     2.32373448e+02     1.20522517e+02   
    4.18000000e+04     1.04500000e+01     1.10453639e+03     3.00757419e+02     2.31777081e+02     1.20989478e+02   
    4.20000000e+04     1.05000000e+01     1.10454643e+03     3.01610880e+02     2.32284269e+02     1.23237878e+02   
    4.22000000e+04     1.05500000e+01     1.10453347e+03     2.99214136e+02     2.30354474e+02     1.20991879e+02   
    4.24000000e+04     1.06000000e+01     1.10452339e+03     3.00418437e+02     2.31855109e+02     1.20584509e+02   
    4.26000000e+04     1.06500000e+01     1.10450878e+03     3.01077164e+02     2.32559922e+02     1.22759953e+02   
    4.28000000e+04     1.07000000e+01     1.10451489e+03     3.03521037e+02     2.32860586e+02     1.21134244e+02   
    4.30000000e+04     1.07500000e+01     1.10450960e+03     3.00135132e+02     2.30612325e+02     1.19009039e+02   
    4.32000000e+04     1.08000000e+01     1.10451787e+03     3.02076238e+02     2.31802787e+02     1.19242544e+02   
    4.34000000e+04     1.08500000e+01     1.10452044e+03     3.02531288e+02     2.31746410e+02     1.19725282e+02   
    4.36000000e+04     1.09000000e+01     1.10452084e+03     2.99503559e+02     2.31956993e+02     1.18188370e+02   
    4.38000000e+04     1.09500000e+01     1.10453240e+03     3.00108094e+02     2.32012752e+02     1.19323261e+02   
    4.40000000e+04     1.10000000e+01     1.10454091e+03     2.99824057e+02     2.33555426e+02     1.21520097e+02   
    4.42000000e+04     1.10500000e+01     1.10453215e+03     3.00334684e+02     2.30110890e+02     1.18605798e+02   
    4.44000000e+04     1.11000000e+01     1.10454195e+03     3.01912972e+02     2.30168726e+02     1.18071306e+02   
    4.46000000e+04     1.11500000e+01     1.10454158e+03     2.97454988e+02     2.30213115e+02     1.18946007e+02   
    4.48000000e+04     1.12000000e+01     1.10455093e+03     3.02182950e+02     2.31394880e+02     1.19725936e+02   
    4.50000000e+04     1.12500000e+01     1.10456577e+03     3.01651584e+02     2.32262034e+02     1.20720116e+02   
    4.52000000e+04     1.13000000e+01     1.10457011e+03     3.02401993e+02     2.31228129e+02     1.19225767e+02   
    4.54000000e+04     1.13500000e+01     1.10456646e+03     3.01615429e+02     2.30767832e+02     1.17727966e+02   
    4.56000000e+04     1.14000000e+01     1.10456999e+03     3.00751951e+02     2.31574274e+02     1.19156881e+02   
    4.58000000e+04     1.14500000e+01     1.10457243e+03     3.00729627e+02     2.32399434e+02     1.20680463e+02   
    4.60000000e+04     1.15000000e+01     1.10455852e+03     2.97679687e+02     2.30319777e+02     1.20804825e+02   
    4.62000000e+04     1.15500000e+01     1.10456817e+03     2.98581709e+02     2.32165891e+02     1.20892007e+02   
    4.64000000e+04     1.16000000e+01     1.10457947e+03     3.04108237e+02     2.33267105e+02     1.22113362e+02   
    4.66000000e+04     1.16500000e+01     1.10457637e+03     2.97909436e+02     2.32110920e+02     1.22623563e+02   
    4.68000000e+04     1.17000000e+01     1.10458342e+03     3.00232333e+02     2.31499289e+02     1.22492840e+02   
    4.70000000e+04     1.17500000e+01     1.10459453e+03     2.99248967e+02     2.32043100e+02     1.22808326e+02   
    4.72000000e+04     1.18000000e+01     1.10459819e+03     3.01208531e+02     2.31096862e+02     1.21123881e+02   
    4.74000000e+04     1.18500000e+01     1.10459522e+03     2.99169532e+02     2.31049745e+02     1.21057579e+02   
    4.76000000e+04     1.19000000e+01     1.10459117e+03     3.02067883e+02     2.30262151e+02     1.20018590e+02   
    4.78000000e+04     1.19500000e+01     1.10458633e+03     2.99502423e+02     2.31394927e+02     1.19951989e+02   
    4.80000000e+04     1.20000000e+01     1.10459235e+03     2.99046102e+02     2.33040150e+02     1.21837714e+02   
    4.82000000e+04     1.20500000e+01     1.10458680e+03     2.99592004e+02     2.32267742e+02     1.19543927e+02   
    4.84000000e+04     1.21000000e+01     1.10458423e+03     2.97718688e+02     2.30724308e+02     1.18118420e+02   
    4.86000000e+04     1.21500000e+01     1.10460339e+03     2.99740898e+02     2.31716831e+02     1.19118791e+02   
    4.88000000e+04     1.22000000e+01     1.10461481e+03     2.98063984e+02     2.30815847e+02     1.19151144e+02   
    4.90000000e+04     1.22500000e+01     1.10462124e+03     2.98950196e+02     2.30155761e+02     1.18099263e+02   
    4.92000000e+04     1.23000000e+01     1.10463249e+03     2.99962847e+02     2.32028177e+02     1.20619371e+02   
    4.94000000e+04     1.23500000e+01     1.10463631e+03     2.99642557e+02     2.32555771e+02     1.20309695e+02   
    4.96000000e+04     1.24000000e+01     1.10461618e+03     3.00644655e+02     2.29014444e+02     1.17239864e+02   
    4.98000000e+04     1.24500000e+01     1.10462711e+03     3.00595358e+02     2.33314396e+02     1.22353294e+02   
    5.00000000e+04     1.25000000e+01     1.10461656e+03     2.95893186e+02     2.31636608e+02     1.20433252e+02   
    5.02000000e+04     1.25500000e+01     1.10460852e+03     3.00209908e+02     2.31342419e+02     1.20832365e+02   
    5.04000000e+04     1.26000000e+01     1.10461908e+03     2.99678014e+02     2.34400921e+02     1.22508732e+02   
    5.06000000e+04     1.26500000e+01     1.10462343e+03     3.00429986e+02     2.32920892e+02     1.22217908e+02   
    5.08000000e+04     1.27000000e+01     1.10461745e+03     2.99952979e+02     2.31420901e+02     1.19656049e+02   
    5.10000000e+04     1.27500000e+01     1.10461398e+03     3.00842194e+02     2.31589358e+02     1.19059422e+02   
    5.12000000e+04     1.28000000e+01     1.10461612e+03     2.99777168e+02     2.30211870e+02     1.16250098e+02   
    5.14000000e+04     1.28500000e+01     1.10462495e+03     3.00006894e+02     2.31670944e+02     1.20094579e+02   
    5.16000000e+04     1.29000000e+01     1.10462457e+03     3.01492380e+02     2.30722850e+02     1.18729451e+02   
    5.18000000e+04     1.29500000e+01     1.10462491e+03     3.01052644e+02     2.30214868e+02     1.19619808e+02   
    5.20000000e+04     1.30000000e+01     1.10462557e+03     2.97403216e+02     2.31958197e+02     1.21110999e+02   
    5.22000000e+04     1.30500000e+01     1.10462902e+03     3.01238943e+02     2.33622600e+02     1.23175238e+02   
    5.24000000e+04     1.31000000e+01     1.10462739e+03     3.01863883e+02     2.30657871e+02     1.19165909e+02   
    5.26000000e+04     1.31500000e+01     1.10463246e+03     2.99647489e+02     2.32887838e+02     1.21063012e+02   
    5.28000000e+04     1.32000000e+01     1.10463936e+03     3.02813305e+02     2.34074859e+02     1.22416611e+02   
    5.30000000e+04     1.32500000e+01     1.10462777e+03     2.99905368e+02     2.30528139e+02     1.19380993e+02   
    5.32000000e+04     1.33000000e+01     1.10463905e+03     3.00211186e+02     2.31375487e+02     1.19439747e+02   
    5.34000000e+04     1.33500000e+01     1.10463914e+03     3.03022534e+02     2.29117151e+02     1.18941234e+02   
    5.36000000e+04     1.34000000e+01     1.10465125e+03     3.00624349e+02     2.32133010e+02     1.22275317e+02   
    5.38000000e+04     1.34500000e+01     1.10465142e+03     3.00531682e+02     2.33201899e+02     1.22192742e+02   
    5.40000000e+04     1.35000000e+01     1.10466693e+03     3.02067327e+02     2.31582250e+02     1.20892094e+02   
    5.42000000e+04     1.35500000e+01     1.10466711e+03     3.03359434e+02     2.31283509e+02     1.20808298e+02   
    5.44000000e+04     1.36000000e+01     1.10468416e+03     3.01148942e+02     2.34551270e+02     1.24317834e+02   
    5.46000000e+04     1.36500000e+01     1.10468462e+03     3.00041533e+02     2.33118009e+02     1.20095712e+02   
    5.48000000e+04     1.37000000e+01     1.10468237e+03     3.01058113e+02     2.32959717e+02     1.20309243e+02   
    5.50000000e+04     1.37500000e+01     1.10468410e+03     3.03345816e+02     2.32105323e+02     1.19632933e+02   
    5.52000000e+04     1.38000000e+01     1.10468918e+03     2.98958275e+02     2.32378220e+02     1.20903717e+02   
    5.54000000e+04     1.38500000e+01     1.10468080e+03     2.99099000e+02     2.31304260e+02     1.20064841e+02   
    5.56000000e+04     1.39000000e+01     1.10469028e+03     3.04418714e+02     2.33202054e+02     1.21449123e+02   
    5.58000000e+04     1.39500000e+01     1.10468855e+03     3.01602508e+02     2.31887679e+02     1.18779494e+02   
    5.60000000e+04     1.40000000e+01     1.10469287e+03     3.01471507e+02     2.31401975e+02     1.18562484e+02   
    5.62000000e+04     1.40500000e+01     1.10468954e+03     3.00805242e+02     2.30764921e+02     1.18544726e+02   
    5.64000000e+04     1.41000000e+01     1.10469072e+03     3.01968046e+02     2.31253359e+02     1.18331358e+02   
    5.66000000e+04     1.41500000e+01     1.10469671e+03     3.00804514e+02     2.31265548e+02     1.17713992e+02   
    5.68000000e+04     1.42000000e+01     1.10470464e+03     2.99733022e+02     2.31848081e+02     1.19852249e+02   
    5.70000000e+04     1.42500000e+01     1.10471167e+03     3.00274693e+02     2.31261116e+02     1.20081244e+02   
    5.72000000e+04     1.43000000e+01     1.10471407e+03     2.99783870e+02     2.31262277e+02     1.19731114e+02   
    5.74000000e+04     1.43500000e+01     1.10471806e+03     3.01051904e+02     2.32215990e+02     1.19977238e+02   
    5.76000000e+04     1.44000000e+01     1.10470790e+03     2.99596672e+02     2.31781685e+02     1.18618103e+02   
    5.78000000e+04     1.44500000e+01     1.10471602e+03     2.97847607e+02     2.31937781e+02     1.20697627e+02   
    5.80000000e+04     1.45000000e+01     1.10470946e+03     2.98047241e+02     2.30252129e+02     1.18066737e+02   
    5.82000000e+04     1.45500000e+01     1.10471018e+03     2.98640365e+02     2.31702398e+02     1.18396893e+02   
    5.84000000e+04     1.46000000e+01     1.10471747e+03     2.98723852e+02     2.33398058e+02     1.21271028e+02   
    5.86000000e+04     1.46500000e+01     1.10471620e+03     3.01482271e+02     2.31286632e+02     1.19164944e+02   
    5.88000000e+04     1.47000000e+01     1.10471562e+03     2.98279467e+02     2.29824940e+02     1.20746304e+02   
    5.90000000e+04     1.47500000e+01     1.10473811e+03     3.00633997e+02     2.32913910e+02     1.23539571e+02   
    5.92000000e+04     1.48000000e+01     1.10474007e+03     2.97514834e+02     2.31747529e+02     1.22570417e+02   
    5.94000000e+04     1.48500000e+01     1.10474007e+03     2.97235578e+02     2.31744303e+02     1.22067818e+02   
    5.96000000e+04     1.49000000e+01     1.10472872e+03     3.02778528e+02     2.31448227e+02     1.21118990e+02   
    5.98000000e+04     1.49500000e+01     1.10472539e+03     3.00516049e+02     2.33620645e+02     1.24180306e+02   
    6.00000000e+04     1.50000000e+01     1.10471349e+03     3.00548898e+02     2.33015600e+02     1.23028889e+02   
    6.02000000e+04     1.50500000e+01     1.10470124e+03     2.99570486e+02     2.30637303e+02     1.20513647e+02   
    6.04000000e+04     1.51000000e+01     1.10469293e+03     3.00171925e+02     2.30185379e+02     1.19232716e+02   
    6.06000000e+04     1.51500000e+01     1.10467983e+03     3.01847720e+02     2.29056589e+02     1.18352646e+02   
    6.08000000e+04     1.52000000e+01     1.10468378e+03     3.00809117e+02     2.29140768e+02     1.17599341e+02   
    6.10000000e+04     1.52500000e+01     1.10470392e+03     2.99351761e+02     2.31151731e+02     1.19986733e+02   
    6.12000000e+04     1.53000000e+01     1.10470781e+03     2.99961374e+02     2.32889102e+02     1.21355725e+02   
    6.14000000e+04     1.53500000e+01     1.10473094e+03     2.99573895e+02     2.33370587e+02     1.22150525e+02   
    6.16000000e+04     1.54000000e+01     1.10473513e+03     2.99006352e+02     2.33224582e+02     1.21059631e+02   
    6.18000000e+04     1.54500000e+01     1.10473172e+03     2.99222600e+02     2.31164381e+02     1.19843504e+02   
    6.20000000e+04     1.55000000e+01     1.10473834e+03     3.04081756e+02     2.31708085e+02     1.20380611e+02   
    6.22000000e+04     1.55500000e+01     1.10472978e+03     3.00953713e+02     2.31451220e+02     1.21255096e+02   
    6.24000000e+04     1.56000000e+01     1.10473058e+03     3.05058161e+02     2.29719903e+02     1.17396255e+02   
    6.26000000e+04     1.56500000e+01     1.10472712e+03     3.01544154e+02     2.30192290e+02     1.17371629e+02   
    6.28000000e+04     1.57000000e+01     1.10473453e+03     3.02099660e+02     2.33457069e+02     1.20929786e+02   
    6.30000000e+04     1.57500000e+01     1.10472621e+03     3.02506891e+02     2.32989712e+02     1.20882635e+02   
    6.32000000e+04     1.58000000e+01     1.10472381e+03     3.02937623e+02     2.33216888e+02     1.22127789e+02   
    6.34000000e+04     1.58500000e+01     1.10471798e+03     3.02621587e+02     2.31812078e+02     1.20048720e+02   
    6.36000000e+04     1.59000000e+01     1.10470763e+03     3.00238129e+02     2.30811129e+02     1.19400404e+02   
    6.38000000e+04     1.59500000e+01     1.10471032e+03     2.97665653e+02     2.32044435e+02     1.21654567e+02   
    6.40000000e+04     1.60000000e+01     1.10470874e+03     3.00729057e+02     2.30984195e+02     1.19439880e+02   
    6.42000000e+04     1.60500000e+01     1.10470444e+03     2.97965167e+02     2.32141046e+02     1.20908753e+02   
    6.44000000e+04     1.61000000e+01     1.10470590e+03     3.03055819e+02     2.32166668e+02     1.20129203e+02   
    6.46000000e+04     1.61500000e+01     1.10470841e+03     3.00661807e+02     2.32211121e+02     1.21018039e+02   
    6.48000000e+04     1.62000000e+01     1.10471167e+03     3.01629146e+02     2.34576785e+02     1.23478931e+02   
    6.50000000e+04     1.62500000e+01     1.10471589e+03     2.99936378e+02     2.31273359e+02     1.20322454e+02   
    6.52000000e+04     1.63000000e+01     1.10473529e+03     2.99084053e+02     2.33211328e+02     1.23016652e+02   
    6.54000000e+04     1.63500000e+01     1.10473283e+03     2.97880204e+02     2.30571105e+02     1.20218315e+02   
    6.56000000e+04     1.64000000e+01     1.10475111e+03     3.03035237e+02     2.32852125e+02     1.23039726e+02   
    6.58000000e+04     1.64500000e+01     1.10474878e+03     3.02761135e+02     2.29119711e+02     1.18055322e+02   
    6.60000000e+04     1.65000000e+01     1.10476095e+03     3.00996936e+02     2.30502667e+02     1.18737875e+02   
    6.62000000e+04     1.65500000e+01     1.10476184e+03     3.03672975e+02     2.31106935e+02     1.17859714e+02   
    6.64000000e+04     1.66000000e+01     1.10476399e+03     3.00343761e+02     2.33362525e+02     1.21554377e+02   
    6.66000000e+04     1.66500000e+01     1.10473825e+03     3.00552482e+02     2.31355634e+02     1.18474502e+02   
    6.68000000e+04     1.67000000e+01     1.10473007e+03     2.98890534e+02     2.32590614e+02     1.18947178e+02   
    6.70000000e+04     1.67500000e+01     1.10473882e+03     3.00902638e+02     2.31086304e+02     1.18915237e+02   
    6.72000000e+04     1.68000000e+01     1.10473120e+03     2.96575524e+02     2.30435785e+02     1.18757280e+02   
    6.74000000e+04     1.68500000e+01     1.10473604e+03     2.97795086e+02     2.31555575e+02     1.20300983e+02   
    6.76000000e+04     1.69000000e+01     1.10473994e+03     2.99379789e+02     2.32139771e+02     1.18679466e+02   
    6.78000000e+04     1.69500000e+01     1.10473387e+03     3.00914793e+02     2.32755409e+02     1.19326791e+02   
    6.80000000e+04     1.70000000e+01     1.10472999e+03     2.99147690e+02     2.32602810e+02     1.19791868e+02   
    6.82000000e+04     1.70500000e+01     1.10473427e+03     2.95991294e+02     2.31236387e+02     1.19478639e+02   
    6.84000000e+04     1.71000000e+01     1.10473846e+03     2.99965951e+02     2.32677974e+02     1.20471158e+02   
    6.86000000e+04     1.71500000e+01     1.10473821e+03     3.00117185e+02     2.32687628e+02     1.19063648e+02   
    6.88000000e+04     1.72000000e+01     1.10475100e+03     3.00651788e+02     2.34025663e+02     1.20033013e+02   
    6.90000000e+04     1.72500000e+01     1.10475225e+03     3.03411519e+02     2.32112948e+02     1.18461630e+02   
    6.92000000e+04     1.73000000e+01     1.10475343e+03     2.99726702e+02     2.30137660e+02     1.18393617e+02   
    6.94000000e+04     1.73500000e+01     1.10476221e+03     3.01995767e+02     2.31902188e+02     1.19975734e+02   
    6.96000000e+04     1.74000000e+01     1.10475780e+03     2.95510064e+02     2.30910575e+02     1.19369850e+02   
    6.98000000e+04     1.74500000e+01     1.10475601e+03     3.00477481e+02     2.30699550e+02     1.19640183e+02   
    7.00000000e+04     1.75000000e+01     1.10475812e+03     2.98974530e+02     2.31993792e+02     1.18065604e+02   
    7.02000000e+04     1.75500000e+01     1.10476581e+03     2.98341803e+02     2.32143821e+02     1.20453305e+02   
    7.04000000e+04     1.76000000e+01     1.10477372e+03     2.98830064e+02     2.30460384e+02     1.18659292e+02   
    7.06000000e+04     1.76500000e+01     1.10477069e+03     3.02600956e+02     2.30754663e+02     1.19036495e+02   
    7.08000000e+04     1.77000000e+01     1.10475821e+03     3.00451604e+02     2.31531912e+02     1.19625143e+02   
    7.10000000e+04     1.77500000e+01     1.10475127e+03     2.98869388e+02     2.31294066e+02     1.18415100e+02   
    7.12000000e+04     1.78000000e+01     1.10475005e+03     2.97505011e+02     2.33143793e+02     1.20444148e+02   
    7.14000000e+04     1.78500000e+01     1.10474669e+03     3.01153050e+02     2.30232691e+02     1.16764275e+02   
    7.16000000e+04     1.79000000e+01     1.10476882e+03     2.99014269e+02     2.32346385e+02     1.20134473e+02   
    7.18000000e+04     1.79500000e+01     1.10476740e+03     2.97435103e+02     2.32435437e+02     1.18757841e+02   
    7.20000000e+04     1.80000000e+01     1.10476682e+03     3.00273020e+02     2.31419936e+02     1.18772501e+02   
    7.22000000e+04     1.80500000e+01     1.10476998e+03     2.97905606e+02     2.33028062e+02     1.19552971e+02   
    7.24000000e+04     1.81000000e+01     1.10475008e+03     3.00912134e+02     2.30077856e+02     1.16010641e+02   
    7.26000000e+04     1.81500000e+01     1.10476834e+03     2.98367269e+02     2.33996369e+02     1.21711584e+02   
    7.28000000e+04     1.82000000e+01     1.10475098e+03     3.01292824e+02     2.30473780e+02     1.14709290e+02   
    7.30000000e+04     1.82500000e+01     1.10475835e+03     3.01420518e+02     2.32477300e+02     1.19570176e+02   
    7.32000000e+04     1.83000000e+01     1.10475806e+03     3.00352684e+02     2.31632979e+02     1.18855998e+02   
    7.34000000e+04     1.83500000e+01     1.10476199e+03     2.97529990e+02     2.32432622e+02     1.21258555e+02   
    7.36000000e+04     1.84000000e+01     1.10476025e+03     2.97132538e+02     2.31446312e+02     1.19689972e+02   
    7.38000000e+04     1.84500000e+01     1.10474346e+03     2.97815132e+02     2.30845158e+02     1.18155689e+02   
    7.40000000e+04     1.85000000e+01     1.10473631e+03     2.98053310e+02     2.31568381e+02     1.21498030e+02   
    7.42000000e+04     1.85500000e+01     1.10473255e+03     2.99282068e+02     2.30039299e+02     1.17517352e+02   
    7.44000000e+04     1.86000000e+01     1.10474750e+03     3.00082235e+02     2.32815149e+02     1.20803371e+02   
    7.46000000e+04     1.86500000e+01     1.10475662e+03     2.99476801e+02     2.32246048e+02     1.18995536e+02   
    7.48000000e+04     1.87000000e+01     1.10475724e+03     3.00364128e+02     2.32228076e+02     1.19387707e+02   
    7.50000000e+04     1.87500000e+01     1.10476271e+03     2.98227886e+02     2.31150966e+02     1.16774435e+02   
    7.52000000e+04     1.88000000e+01     1.10476171e+03     2.99180298e+02     2.30842263e+02     1.16754789e+02   
    7.54000000e+04     1.88500000e+01     1.10477301e+03     2.99492473e+02     2.31154196e+02     1.19460817e+02   
    7.56000000e+04     1.89000000e+01     1.10478093e+03     2.98298378e+02     2.31883076e+02     1.20798506e+02   
    7.58000000e+04     1.89500000e+01     1.10477315e+03     2.98799679e+02     2.31410860e+02     1.19586593e+02   
    7.60000000e+04     1.90000000e+01     1.10478643e+03     2.98993622e+02     2.33147282e+02     1.21872856e+02   
    7.62000000e+04     1.90500000e+01     1.10479352e+03     3.01796710e+02     2.32451834e+02     1.20931304e+02   
    7.64000000e+04     1.91000000e+01     1.10477328e+03     3.00568167e+02     2.28721083e+02     1.15782706e+02   
    7.66000000e+04     1.91500000e+01     1.10477337e+03     2.99893908e+02     2.32065856e+02     1.17810615e+02   
    7.68000000e+04     1.92000000e+01     1.10477500e+03     2.98957504e+02     2.32370710e+02     1.19184033e+02   
    7.70000000e+04     1.92500000e+01     1.10476803e+03     2.99813695e+02     2.31154841e+02     1.18399663e+02   
    7.72000000e+04     1.93000000e+01     1.10478237e+03     3.01017778e+02     2.33948036e+02     1.21992062e+02   
    7.74000000e+04     1.93500000e+01     1.10477370e+03     2.99255708e+02     2.32122137e+02     1.19791624e+02   
    7.76000000e+04     1.94000000e+01     1.10477456e+03     2.97908401e+02     2.31390136e+02     1.20324943e+02   
    7.78000000e+04     1.94500000e+01     1.10477470e+03     2.94814530e+02     2.31591945e+02     1.21141949e+02   
    7.80000000e+04     1.95000000e+01     1.10479040e+03     3.00381676e+02     2.32693697e+02     1.21454628e+02   
    7.82000000e+04     1.95500000e+01     1.10480686e+03     3.01251025e+02     2.32621655e+02     1.21367241e+02   
    7.84000000e+04     1.96000000e+01     1.10480948e+03     3.01587271e+02     2.30383213e+02     1.19786453e+02   
    7.86000000e+04     1.96500000e+01     1.10482230e+03     2.97314684e+02     2.32069489e+02     1.21192579e+02   
    7.88000000e+04     1.97000000e+01     1.10482965e+03     2.97284032e+02     2.31685961e+02     1.21758156e+02   
    7.90000000e+04     1.97500000e+01     1.10483270e+03     3.00303432e+02     2.33258752e+02     1.22810304e+02   
    7.92000000e+04     1.98000000e+01     1.10482430e+03     2.98786541e+02     2.30729810e+02     1.18305375e+02   
    7.94000000e+04     1.98500000e+01     1.10483247e+03     2.99784681e+02     2.32204257e+02     1.19648521e+02   
    7.96000000e+04     1.99000000e+01     1.10483950e+03     3.00022767e+02     2.31934655e+02     1.20534800e+02   
    7.98000000e+04     1.99500000e+01     1.10483337e+03     2.99387324e+02     2.29987620e+02     1.18242152e+02   
    8.00000000e+04     2.00000000e+01     1.10483242e+03     2.99571501e+02     2.31543445e+02     1.19654440e+02   
