# column   1     --> step : The current simulation time step.
# column   2     --> time{picosecond} : The elapsed simulation time.
# column   3     --> conserved{electronvolt} : The value of the conserved energy quantity per bead.
# column   4     --> temperature{kelvin} : The current temperature, as obtained from the MD kinetic energy.
# column   5     --> kinetic_cv{electronvolt} : The centroid-virial quantum kinetic energy of the physical system.
# column   6     --> potential{electronvolt} : The physical system potential energy.
    0.00000000e+00     0.00000000e+00     1.10430571e+03     3.04428649e+02     2.32466712e+02     1.18990796e+02   
    2.00000000e+02     5.00000000e-02     1.10432001e+03     2.99478408e+02     2.31455938e+02     1.19323479e+02   
    4.00000000e+02     1.00000000e-01     1.10432891e+03     2.99716634e+02     2.32962472e+02     1.20484323e+02   
    6.00000000e+02     1.50000000e-01     1.10433148e+03     2.98422043e+02     2.32754441e+02     1.21873200e+02   
    8.00000000e+02     2.00000000e-01     1.10432947e+03     2.97600014e+02     2.31036752e+02     1.19556380e+02   
    1.00000000e+03     2.50000000e-01     1.10433355e+03     2.99984917e+02     2.32014232e+02     1.20259763e+02   
    1.20000000e+03     3.00000000e-01     1.10433982e+03     3.00044763e+02     2.31656332e+02     1.21072175e+02   
    1.40000000e+03     3.50000000e-01     1.10433589e+03     3.02777681e+02     2.31454216e+02     1.18262698e+02   
    1.60000000e+03     4.00000000e-01     1.10432327e+03     2.96452670e+02     2.31297427e+02     1.16973136e+02   
    1.80000000e+03     4.50000000e-01     1.10432858e+03     2.99122188e+02     2.32369408e+02     1.17194423e+02   
    2.00000000e+03     5.00000000e-01     1.10432797e+03     3.00717910e+02     2.32218842e+02     1.18680585e+02   
    2.20000000e+03     5.50000000e-01     1.10430715e+03     2.99202406e+02     2.31213657e+02     1.17365797e+02   
    2.40000000e+03     6.00000000e-01     1.10430810e+03     2.98528517e+02     2.32414040e+02     1.19496074e+02   
    2.60000000e+03     6.50000000e-01     1.10429855e+03     2.98750905e+02     2.31011578e+02     1.17386905e+02   
    2.80000000e+03     7.00000000e-01     1.10428994e+03     2.98608858e+02     2.33108497e+02     1.21528532e+02   
    3.00000000e+03     7.50000000e-01     1.10425774e+03     2.99001386e+02     2.30615642e+02     1.18889044e+02   
    3.20000000e+03     8.00000000e-01     1.10424574e+03     3.01379693e+02     2.30609694e+02     1.16993422e+02   
    3.40000000e+03     8.50000000e-01     1.10425086e+03     3.01468944e+02     2.32979170e+02     1.20230197e+02   
    3.60000000e+03     9.00000000e-01     1.10423724e+03     3.01685386e+02     2.31407664e+02     1.17942507e+02   
    3.80000000e+03     9.50000000e-01     1.10424663e+03     2.97083071e+02     2.31255934e+02     1.19339908e+02   
    4.00000000e+03     1.00000000e+00     1.10425233e+03     2.98206660e+02     2.30764795e+02     1.15764751e+02   
    4.20000000e+03     1.05000000e+00     1.10426633e+03     2.99141318e+02     2.32107915e+02     1.18555114e+02   
    4.40000000e+03     1.10000000e+00     1.10426472e+03     2.98174167e+02     2.31774225e+02     1.17285896e+02   
    4.60000000e+03     1.15000000e+00     1.10427187e+03     2.97133365e+02     2.31946611e+02     1.17984541e+02   
    4.80000000e+03     1.20000000e+00     1.10426456e+03     2.99244209e+02     2.31275757e+02     1.16755148e+02   
    5.00000000e+03     1.25000000e+00     1.10425019e+03     2.98960164e+02     2.30146226e+02     1.15850719e+02   
    5.20000000e+03     1.30000000e+00     1.10425845e+03     2.99281515e+02     2.31827650e+02     1.18079885e+02   
    5.40000000e+03     1.35000000e+00     1.10425144e+03     3.01109429e+02     2.30082786e+02     1.17444864e+02   
    5.60000000e+03     1.40000000e+00     1.10425973e+03     2.97839973e+02     2.31711133e+02     1.18680323e+02   
    5.80000000e+03     1.45000000e+00     1.10426522e+03     2.97955561e+02     2.30948987e+02     1.18378649e+02   
    6.00000000e+03     1.50000000e+00     1.10427561e+03     2.98827118e+02     2.32561968e+02     1.20498020e+02   
    6.20000000e+03     1.55000000e+00     1.10427739e+03     2.98515872e+02     2.32145674e+02     1.20584761e+02   
    6.40000000e+03     1.60000000e+00     1.10427295e+03     2.99402710e+02     2.30530057e+02     1.16581589e+02   
    6.60000000e+03     1.65000000e+00     1.10428494e+03     3.03586561e+02     2.33498161e+02     1.18105544e+02   
    6.80000000e+03     1.70000000e+00     1.10428806e+03     3.00605813e+02     2.30812367e+02     1.16386411e+02   
    7.00000000e+03     1.75000000e+00     1.10427903e+03     2.99663303e+02     2.31306601e+02     1.16556951e+02   
    7.20000000e+03     1.80000000e+00     1.10428567e+03     2.97253087e+02     2.33481226e+02     1.19605360e+02   
    7.40000000e+03     1.85000000e+00     1.10429027e+03     2.98192019e+02     2.32519692e+02     1.18635472e+02   
    7.60000000e+03     1.90000000e+00     1.10428618e+03     2.96758230e+02     2.31811108e+02     1.18570738e+02   
    7.80000000e+03     1.95000000e+00     1.10428131e+03     2.98153374e+02     2.31895508e+02     1.17668242e+02   
    8.00000000e+03     2.00000000e+00     1.10427988e+03     2.99506889e+02     2.32135915e+02     1.19809602e+02   
    8.20000000e+03     2.05000000e+00     1.10427644e+03     2.99893080e+02     2.28790095e+02     1.16088866e+02   
    8.40000000e+03     2.10000000e+00     1.10429978e+03     2.98973342e+02     2.32447418e+02     1.20291801e+02   
    8.60000000e+03     2.15000000e+00     1.10429412e+03     2.98152454e+02     2.30300551e+02     1.16220184e+02   
    8.80000000e+03     2.20000000e+00     1.10431752e+03     2.98337945e+02     2.33183037e+02     1.22494141e+02   
    9.00000000e+03     2.25000000e+00     1.10430229e+03     2.98763373e+02     2.30020071e+02     1.18480585e+02   
    9.20000000e+03     2.30000000e+00     1.10431342e+03     2.99229192e+02     2.33438949e+02     1.22005317e+02   
    9.40000000e+03     2.35000000e+00     1.10431969e+03     2.99083479e+02     2.33002253e+02     1.20717225e+02   
    9.60000000e+03     2.40000000e+00     1.10430198e+03     2.98903394e+02     2.31270442e+02     1.18985210e+02   
    9.80000000e+03     2.45000000e+00     1.10430011e+03     3.00380107e+02     2.31055618e+02     1.17638068e+02   
    1.00000000e+04     2.50000000e+00     1.10430853e+03     3.00061748e+02     2.32860212e+02     1.19945666e+02   
    1.02000000e+04     2.55000000e+00     1.10431364e+03     3.00019983e+02     2.32850588e+02     1.18094053e+02   
    1.04000000e+04     2.60000000e+00     1.10430821e+03     3.01719747e+02     2.33089794e+02     1.19999254e+02   
    1.06000000e+04     2.65000000e+00     1.10431471e+03     2.99731806e+02     2.32856170e+02     1.18901645e+02   
    1.08000000e+04     2.70000000e+00     1.10431697e+03     2.99481158e+02     2.31562575e+02     1.18323628e+02   
    1.10000000e+04     2.75000000e+00     1.10430574e+03     3.01606383e+02     2.29431104e+02     1.15775924e+02   
    1.12000000e+04     2.80000000e+00     1.10430698e+03     2.98369877e+02     2.30245506e+02     1.16782656e+02   
    1.14000000e+04     2.85000000e+00     1.10431742e+03     3.00183959e+02     2.32320010e+02     1.18939264e+02   
    1.16000000e+04     2.90000000e+00     1.10430922e+03     2.97059880e+02     2.31405138e+02     1.16740047e+02   
    1.18000000e+04     2.95000000e+00     1.10431057e+03     3.01461240e+02     2.31072145e+02     1.17625444e+02   
    1.20000000e+04     3.00000000e+00     1.10431446e+03     3.00526160e+02     2.31724801e+02     1.16992853e+02   
    1.22000000e+04     3.05000000e+00     1.10431672e+03     2.97923386e+02     2.32852847e+02     1.20448735e+02   
    1.24000000e+04     3.10000000e+00     1.10430666e+03     2.98063096e+02     2.30941295e+02     1.16237713e+02   
    1.26000000e+04     3.15000000e+00     1.10430819e+03     2.98656069e+02     2.32113325e+02     1.17099069e+02   
    1.28000000e+04     3.20000000e+00     1.10430194e+03     2.96188501e+02     2.32147971e+02     1.16625012e+02   
    1.30000000e+04     3.25000000e+00     1.10430786e+03     2.97250270e+02     2.31536324e+02     1.17211112e+02   
    1.32000000e+04     3.30000000e+00     1.10431760e+03     2.99711773e+02     2.32751235e+02     1.18606677e+02   
    1.34000000e+04     3.35000000e+00     1.10431430e+03     2.99852489e+02     2.30040516e+02     1.14182118e+02   
    1.36000000e+04     3.40000000e+00     1.10432319e+03     3.00289099e+02     2.32050224e+02     1.16872455e+02   
    1.38000000e+04     3.45000000e+00     1.10431472e+03     2.99694534e+02     2.31286523e+02     1.16177232e+02   
    1.40000000e+04     3.50000000e+00     1.10432507e+03     3.01165202e+02     2.32816009e+02     1.16627098e+02   
    1.42000000e+04     3.55000000e+00     1.10432756e+03     2.98298926e+02     2.29796463e+02     1.13627322e+02   
    1.44000000e+04     3.60000000e+00     1.10434141e+03     2.99739369e+02     2.31755055e+02     1.16615952e+02   
    1.46000000e+04     3.65000000e+00     1.10434315e+03     2.99581620e+02     2.29506942e+02     1.14093715e+02   
    1.48000000e+04     3.70000000e+00     1.10435192e+03     3.01465058e+02     2.31663806e+02     1.15823279e+02   
    1.50000000e+04     3.75000000e+00     1.10436062e+03     2.99712972e+02     2.32508426e+02     1.16748402e+02   
    1.52000000e+04     3.80000000e+00     1.10436103e+03     3.00794829e+02     2.32241455e+02     1.17463916e+02   
    1.54000000e+04     3.85000000e+00     1.10435230e+03     3.01141868e+02     2.31985667e+02     1.16194758e+02   
    1.56000000e+04     3.90000000e+00     1.10433342e+03     3.02084990e+02     2.30147281e+02     1.13441000e+02   
    1.58000000e+04     3.95000000e+00     1.10434096e+03     3.01488001e+02     2.33678217e+02     1.17512745e+02   
    1.60000000e+04     4.00000000e+00     1.10432462e+03     3.02836983e+02     2.30709819e+02     1.14356702e+02   
    1.62000000e+04     4.05000000e+00     1.10433064e+03     2.98667871e+02     2.33988876e+02     1.18519769e+02   
    1.64000000e+04     4.10000000e+00     1.10431331e+03     3.00977044e+02     2.30767791e+02     1.15336176e+02   
    1.66000000e+04     4.15000000e+00     1.10431922e+03     2.99220268e+02     2.29671186e+02     1.16816256e+02   
    1.68000000e+04     4.20000000e+00     1.10433054e+03     2.99516190e+02     2.30864646e+02     1.16739694e+02   
    1.70000000e+04     4.25000000e+00     1.10433298e+03     2.99922184e+02     2.31300564e+02     1.18053522e+02   
    1.72000000e+04     4.30000000e+00     1.10432665e+03     3.01025245e+02     2.29869690e+02     1.15866085e+02   
    1.74000000e+04     4.35000000e+00     1.10432695e+03     2.96182363e+02     2.30463400e+02     1.16115380e+02   
    1.76000000e+04     4.40000000e+00     1.10433478e+03     3.01508114e+02     2.32088498e+02     1.17770470e+02   
    1.78000000e+04     4.45000000e+00     1.10433503e+03     3.02945957e+02     2.32090066e+02     1.18359318e+02   
    1.80000000e+04     4.50000000e+00     1.10432017e+03     2.99077005e+02     2.30383703e+02     1.18421532e+02   
    1.82000000e+04     4.55000000e+00     1.10431334e+03     3.02954682e+02     2.32435400e+02     1.20413754e+02   
    1.84000000e+04     4.60000000e+00     1.10431342e+03     2.98096328e+02     2.34262170e+02     1.22175271e+02   
    1.86000000e+04     4.65000000e+00     1.10432635e+03     3.00676965e+02     2.33851773e+02     1.19369745e+02   
    1.88000000e+04     4.70000000e+00     1.10431923e+03     2.99045823e+02     2.31486798e+02     1.19251167e+02   
    1.90000000e+04     4.75000000e+00     1.10431747e+03     2.97102780e+02     2.30882342e+02     1.19369194e+02   
    1.92000000e+04     4.80000000e+00     1.10431782e+03     2.98921033e+02     2.31429115e+02     1.18890740e+02   
    1.94000000e+04     4.85000000e+00     1.10431584e+03     3.01250326e+02     2.30236807e+02     1.18036844e+02   
    1.96000000e+04     4.90000000e+00     1.10432191e+03     2.99090210e+02     2.30776426e+02     1.17105772e+02   
    1.98000000e+04     4.95000000e+00     1.10432334e+03     2.96526220e+02     2.31277254e+02     1.18278810e+02   
    2.00000000e+04     5.00000000e+00     1.10432307e+03     2.99340225e+02     2.32774551e+02     1.17770374e+02   
    2.02000000e+04     5.05000000e+00     1.10433731e+03     2.97976561e+02     2.31466706e+02     1.17206517e+02   
    2.04000000e+04     5.10000000e+00     1.10435833e+03     2.99874090e+02     2.32389804e+02     1.18727804e+02   
    2.06000000e+04     5.15000000e+00     1.10436781e+03     2.97263776e+02     2.33015133e+02     1.20444092e+02   
    2.08000000e+04     5.20000000e+00     1.10436517e+03     2.98529030e+02     2.29984636e+02     1.17011514e+02   
    2.10000000e+04     5.25000000e+00     1.10437943e+03     3.00150919e+02     2.31991541e+02     1.17637246e+02   
    2.12000000e+04     5.30000000e+00     1.10437594e+03     3.01650463e+02     2.31619591e+02     1.17281087e+02   
    2.14000000e+04     5.35000000e+00     1.10437867e+03     2.99599108e+02     2.32460766e+02     1.16372091e+02   
    2.16000000e+04     5.40000000e+00     1.10435347e+03     3.01234648e+02     2.29961064e+02     1.14498363e+02   
    2.18000000e+04     5.45000000e+00     1.10436670e+03     2.99114044e+02     2.32384499e+02     1.18367157e+02   
    2.20000000e+04     5.50000000e+00     1.10436543e+03     3.01494256e+02     2.31644990e+02     1.16538568e+02   
    2.22000000e+04     5.55000000e+00     1.10436881e+03     2.97314874e+02     2.32097756e+02     1.17152189e+02   
    2.24000000e+04     5.60000000e+00     1.10437510e+03     3.02303952e+02     2.31400492e+02     1.17494340e+02   
    2.26000000e+04     5.65000000e+00     1.10438564e+03     3.00950214e+02     2.33142360e+02     1.20833539e+02   
    2.28000000e+04     5.70000000e+00     1.10438870e+03     2.98243678e+02     2.31918003e+02     1.19290344e+02   
    2.30000000e+04     5.75000000e+00     1.10438132e+03     3.00341980e+02     2.31679941e+02     1.16694383e+02   
    2.32000000e+04     5.80000000e+00     1.10438294e+03     3.01510513e+02     2.29943865e+02     1.15789027e+02   
    2.34000000e+04     5.85000000e+00     1.10438375e+03     2.99375284e+02     2.30436361e+02     1.15300262e+02   
    2.36000000e+04     5.90000000e+00     1.10438764e+03     3.01048255e+02     2.32947288e+02     1.18318919e+02   
    2.38000000e+04     5.95000000e+00     1.10438088e+03     3.02889212e+02     2.31266623e+02     1.16316566e+02   
    2.40000000e+04     6.00000000e+00     1.10438719e+03     2.99433420e+02     2.33076488e+02     1.19048251e+02   
    2.42000000e+04     6.05000000e+00     1.10437389e+03     2.99312480e+02     2.31208409e+02     1.17518019e+02   
    2.44000000e+04     6.10000000e+00     1.10438501e+03     2.99411404e+02     2.31609288e+02     1.15327433e+02   
    2.46000000e+04     6.15000000e+00     1.10439840e+03     2.99882564e+02     2.32347952e+02     1.16858322e+02   
    2.48000000e+04     6.20000000e+00     1.10438194e+03     3.00972204e+02     2.32970751e+02     1.16823559e+02   
    2.50000000e+04     6.25000000e+00     1.10438477e+03     3.01979415e+02     2.31763975e+02     1.17340880e+02   
    2.52000000e+04     6.30000000e+00     1.10438003e+03     3.01495920e+02     2.32572106e+02     1.17171239e+02   
    2.54000000e+04     6.35000000e+00     1.10437016e+03     3.01579500e+02     2.30086731e+02     1.14276970e+02   
    2.56000000e+04     6.40000000e+00     1.10436810e+03     3.01209602e+02     2.30666838e+02     1.15444069e+02   
    2.58000000e+04     6.45000000e+00     1.10438142e+03     2.99568710e+02     2.32115701e+02     1.17025313e+02   
    2.60000000e+04     6.50000000e+00     1.10439009e+03     3.00129669e+02     2.31774764e+02     1.16367061e+02   
    2.62000000e+04     6.55000000e+00     1.10439684e+03     3.01777436e+02     2.31976943e+02     1.15003920e+02   
    2.64000000e+04     6.60000000e+00     1.10440997e+03     2.99179665e+02     2.33603259e+02     1.16645550e+02   
    2.66000000e+04     6.65000000e+00     1.10441824e+03     2.98517021e+02     2.34010720e+02     1.18146115e+02   
    2.68000000e+04     6.70000000e+00     1.10442690e+03     3.01379879e+02     2.33197826e+02     1.16695694e+02   
    2.70000000e+04     6.75000000e+00     1.10443191e+03     2.97944008e+02     2.32321323e+02     1.16557223e+02   
    2.72000000e+04     6.80000000e+00     1.10445009e+03     2.97240921e+02     2.33252676e+02     1.18165492e+02   
    2.74000000e+04     6.85000000e+00     1.10443419e+03     2.97763456e+02     2.32239440e+02     1.17499747e+02   
    2.76000000e+04     6.90000000e+00     1.10444051e+03     2.98857192e+02     2.32365211e+02     1.14924877e+02   
    2.78000000e+04     6.95000000e+00     1.10443587e+03     2.99601202e+02     2.32282336e+02     1.14064356e+02   
    2.80000000e+04     7.00000000e+00     1.10442003e+03     2.98020232e+02     2.31379864e+02     1.13920812e+02   
    2.82000000e+04     7.05000000e+00     1.10441417e+03     2.96501500e+02     2.30853622e+02     1.12492211e+02   
    2.84000000e+04     7.10000000e+00     1.10441266e+03     2.95074521e+02     2.31307349e+02     1.13643873e+02   
    2.86000000e+04     7.15000000e+00     1.10440842e+03     2.96764443e+02     2.31358576e+02     1.13249629e+02   
    2.88000000e+04     7.20000000e+00     1.10440450e+03     2.99437638e+02     2.32141890e+02     1.14183039e+02   
    2.90000000e+04     7.25000000e+00     1.10440129e+03     2.97924172e+02     2.32749552e+02     1.13848752e+02   
    2.92000000e+04     7.30000000e+00     1.10439133e+03     3.00999320e+02     2.32304593e+02     1.13098129e+02   
    2.94000000e+04     7.35000000e+00     1.10439140e+03     3.00694563e+02     2.31501904e+02     1.13218448e+02   
    2.96000000e+04     7.40000000e+00     1.10440244e+03     3.01947646e+02     2.32158124e+02     1.12962566e+02   
    2.98000000e+04     7.45000000e+00     1.10441496e+03     3.00850658e+02     2.30915020e+02     1.12650104e+02   
    3.00000000e+04     7.50000000e+00     1.10443044e+03     2.97968725e+02     2.31390436e+02     1.14280362e+02   
    3.02000000e+04     7.55000000e+00     1.10443193e+03     2.99926193e+02     2.30998314e+02     1.14085829e+02   
    3.04000000e+04     7.60000000e+00     1.10443799e+03     2.97375290e+02     2.31110836e+02     1.13722529e+02   
    3.06000000e+04     7.65000000e+00     1.10444842e+03     2.97247789e+02     2.31971171e+02     1.13238864e+02   
    3.08000000e+04     7.70000000e+00     1.10445082e+03     3.01246827e+02     2.32269850e+02     1.14901572e+02   
    3.10000000e+04     7.75000000e+00     1.10443886e+03     2.98709299e+02     2.31592777e+02     1.13070995e+02   
    3.12000000e+04     7.80000000e+00     1.10443004e+03     3.00962138e+02     2.31908584e+02     1.14725636e+02   
    3.14000000e+04     7.85000000e+00     1.10442053e+03     3.02550204e+02     2.33602117e+02     1.16430534e+02   
    3.16000000e+04     7.90000000e+00     1.10441417e+03     3.00074665e+02     2.30980631e+02     1.15740651e+02   
    3.18000000e+04     7.95000000e+00     1.10439422e+03     2.97288078e+02     2.29846005e+02     1.13562725e+02   
    3.20000000e+04     8.00000000e+00     1.10439610e+03     2.97664031e+02     2.32984696e+02     1.15930021e+02   
    3.22000000e+04     8.05000000e+00     1.10439817e+03     3.00250535e+02     2.33656137e+02     1.18219312e+02   
    3.24000000e+04     8.10000000e+00     1.10438650e+03     3.01932830e+02     2.31700549e+02     1.16428155e+02   
    3.26000000e+04     8.15000000e+00     1.10439732e+03     2.98314308e+02     2.33211396e+02     1.18722197e+02   
    3.28000000e+04     8.20000000e+00     1.10440157e+03     2.97911742e+02     2.32605206e+02     1.16577645e+02   
    3.30000000e+04     8.25000000e+00     1.10441094e+03     2.98612547e+02     2.30935694e+02     1.16849539e+02   
    3.32000000e+04     8.30000000e+00     1.10442102e+03     2.99795755e+02     2.32376507e+02     1.18900967e+02   
    3.34000000e+04     8.35000000e+00     1.10442356e+03     3.01097790e+02     2.32359247e+02     1.18859751e+02   
    3.36000000e+04     8.40000000e+00     1.10441820e+03     3.01221585e+02     2.32051183e+02     1.17836419e+02   
    3.38000000e+04     8.45000000e+00     1.10440552e+03     2.98536543e+02     2.31039681e+02     1.17353895e+02   
    3.40000000e+04     8.50000000e+00     1.10440509e+03     2.98218352e+02     2.31239607e+02     1.17170520e+02   
    3.42000000e+04     8.55000000e+00     1.10439537e+03     2.98824701e+02     2.30873988e+02     1.15067648e+02   
    3.44000000e+04     8.60000000e+00     1.10440973e+03     2.98303542e+02     2.34060901e+02     1.18497288e+02   
    3.46000000e+04     8.65000000e+00     1.10439434e+03     3.01596346e+02     2.32167096e+02     1.17251156e+02   
    3.48000000e+04     8.70000000e+00     1.10439196e+03     2.97032600e+02     2.33717684e+02     1.20010626e+02   
    3.50000000e+04     8.75000000e+00     1.10438271e+03     2.97351360e+02     2.31854552e+02     1.19124233e+02   
    3.52000000e+04     8.80000000e+00     1.10437438e+03     3.01396513e+02     2.30254925e+02     1.16011476e+02   
    3.54000000e+04     8.85000000e+00     1.10438444e+03     3.00362553e+02     2.30561899e+02     1.18094096e+02   
    3.56000000e+04     8.90000000e+00     1.10439833e+03     2.98747147e+02     2.30949116e+02     1.18044159e+02   
    3.58000000e+04     8.95000000e+00     1.10440457e+03     2.97319140e+02     2.29885588e+02     1.17382082e+02   
    3.60000000e+04     9.00000000e+00     1.10443865e+03     2.98467586e+02     2.32770576e+02     1.19588143e+02   
    3.62000000e+04     9.05000000e+00     1.10445285e+03     2.94820529e+02     2.32284278e+02     1.19835678e+02   
    3.64000000e+04     9.10000000e+00     1.10445181e+03     2.97913030e+02     2.30960730e+02     1.18622056e+02   
    3.66000000e+04     9.15000000e+00     1.10444930e+03     2.97308182e+02     2.30801537e+02     1.18135732e+02   
    3.68000000e+04     9.20000000e+00     1.10445248e+03     3.00037510e+02     2.32951348e+02     1.20329808e+02   
    3.70000000e+04     9.25000000e+00     1.10443648e+03     2.99133720e+02     2.30234306e+02     1.16317621e+02   
    3.72000000e+04     9.30000000e+00     1.10442680e+03     3.00582943e+02     2.29118361e+02     1.15569262e+02   
    3.74000000e+04     9.35000000e+00     1.10443744e+03     2.96120125e+02     2.32949557e+02     1.19325847e+02   
    3.76000000e+04     9.40000000e+00     1.10443821e+03     2.97842179e+02     2.33218851e+02     1.20237294e+02   
    3.78000000e+04     9.45000000e+00     1.10444028e+03     3.00978507e+02     2.32597233e+02     1.18183376e+02   
    3.80000000e+04     9.50000000e+00     1.10445053e+03     2.97911549e+02     2.32709331e+02     1.19823389e+02   
    3.82000000e+04     9.55000000e+00     1.10444635e+03     2.98655081e+02     2.30660254e+02     1.17780505e+02   
    3.84000000e+04     9.60000000e+00     1.10444001e+03     3.02378349e+02     2.32405530e+02     1.19067210e+02   
    3.86000000e+04     9.65000000e+00     1.10443376e+03     2.98161214e+02     2.32315605e+02     1.16758268e+02   
    3.88000000e+04     9.70000000e+00     1.10443501e+03     3.01025952e+02     2.31488489e+02     1.16631133e+02   
    3.90000000e+04     9.75000000e+00     1.10445447e+03     3.02440795e+02     2.33736837e+02     1.18566666e+02   
    3.92000000e+04     9.80000000e+00     1.10446021e+03     3.03237372e+02     2.32475562e+02     1.18151270e+02   
    3.94000000e+04     9.85000000e+00     1.10446457e+03     3.00082036e+02     2.31389606e+02     1.17273937e+02   
    3.96000000e+04     9.90000000e+00     1.10447757e+03     3.03881741e+02     2.32645187e+02     1.17550391e+02   
    3.98000000e+04     9.95000000e+00     1.10448355e+03     2.98113615e+02     2.32425537e+02     1.18646352e+02   
    4.00000000e+04     1.00000000e+01     1.10448383e+03     3.02447291e+02     2.31445109e+02     1.17971815e+02   
    4.02000000e+04     1.00500000e+01     1.10448481e+03     2.99249738e+02     2.32343835e+02     1.18573185e+02   
    4.04000000e+04     1.01000000e+01     1.10448072e+03     2.99341139e+02     2.30840927e+02     1.17458319e+02   
    4.06000000e+04     1.01500000e+01     1.10449321e+03     3.01572347e+02     2.33760087e+02     1.18201777e+02   
    4.08000000e+04     1.02000000e+01     1.10449075e+03     2.99788541e+02     2.30653243e+02     1.17628915e+02   
    4.10000000e+04     1.02500000e+01     1.10449002e+03     2.98946630e+02     2.31800278e+02     1.18599547e+02   
    4.12000000e+04     1.03000000e+01     1.10448587e+03     2.99978192e+02     2.31604706e+02     1.19210004e+02   
    4.14000000e+04     1.03500000e+01     1.10447773e+03     2.96877837e+02     2.29821365e+02     1.17636639e+02   
    4.16000000e+04     1.04000000e+01     1.10448829e+03     2.99654535e+02     2.31789606e+02     1.19372766e+02   
    4.18000000e+04     1.04500000e+01     1.10449582e+03     3.00969284e+02     2.32006038e+02     1.18657038e+02   
    4.20000000e+04     1.05000000e+01     1.10449563e+03     3.01304930e+02     2.31395844e+02     1.18799818e+02   
    4.22000000e+04     1.05500000e+01     1.10450284e+03     2.98668859e+02     2.31763402e+02     1.17585481e+02   
    4.24000000e+04     1.06000000e+01     1.10450313e+03     2.98815433e+02     2.31470111e+02     1.18150956e+02   
    4.26000000e+04     1.06500000e+01     1.10451583e+03     3.02379653e+02     2.31735609e+02     1.17191332e+02   
    4.28000000e+04     1.07000000e+01     1.10451889e+03     3.02286149e+02     2.31748663e+02     1.19657023e+02   
    4.30000000e+04     1.07500000e+01     1.10452982e+03     2.99555936e+02     2.31568472e+02     1.17884606e+02   
    4.32000000e+04     1.08000000e+01     1.10453476e+03     3.01578866e+02     2.32001980e+02     1.17580394e+02   
    4.34000000e+04     1.08500000e+01     1.10452223e+03     3.02170595e+02     2.30418021e+02     1.16082160e+02   
    4.36000000e+04     1.09000000e+01     1.10451473e+03     2.95818548e+02     2.32446204e+02     1.18177518e+02   
    4.38000000e+04     1.09500000e+01     1.10451045e+03     2.98006377e+02     2.33177021e+02     1.19461943e+02   
    4.40000000e+04     1.10000000e+01     1.10449088e+03     2.98669129e+02     2.31247459e+02     1.17698444e+02   
    4.42000000e+04     1.10500000e+01     1.10449496e+03     2.99233671e+02     2.32646683e+02     1.18867769e+02   
    4.44000000e+04     1.11000000e+01     1.10448853e+03     3.00132455e+02     2.31967271e+02     1.18993135e+02   
    4.46000000e+04     1.11500000e+01     1.10447730e+03     2.97475506e+02     2.30779285e+02     1.16915667e+02   
    4.48000000e+04     1.12000000e+01     1.10448130e+03     3.00275278e+02     2.32489058e+02     1.19883566e+02   
    4.50000000e+04     1.12500000e+01     1.10448178e+03     3.03553313e+02     2.32533233e+02     1.17657485e+02   
    4.52000000e+04     1.13000000e+01     1.10448129e+03     3.00403465e+02     2.31633407e+02     1.18919104e+02   
    4.54000000e+04     1.13500000e+01     1.10449393e+03     3.00438012e+02     2.31441109e+02     1.17706441e+02   
    4.56000000e+04     1.14000000e+01     1.10451321e+03     2.99504453e+02     2.32808037e+02     1.21929534e+02   
    4.58000000e+04     1.14500000e+01     1.10451931e+03     2.99992907e+02     2.31172239e+02     1.18567618e+02   
    4.60000000e+04     1.15000000e+01     1.10450761e+03     2.96034207e+02     2.31303474e+02     1.17345931e+02   
    4.62000000e+04     1.15500000e+01     1.10449964e+03     2.97377622e+02     2.30359933e+02     1.16958833e+02   
    4.64000000e+04     1.16000000e+01     1.10449939e+03     3.01902245e+02     2.31412458e+02     1.20056909e+02   
    4.66000000e+04     1.16500000e+01     1.10449024e+03     2.97906950e+02     2.32060241e+02     1.19511862e+02   
    4.68000000e+04     1.17000000e+01     1.10448987e+03     3.00060684e+02     2.32634906e+02     1.21102420e+02   
    4.70000000e+04     1.17500000e+01     1.10448476e+03     3.00157777e+02     2.33126105e+02     1.19532843e+02   
    4.72000000e+04     1.18000000e+01     1.10447665e+03     3.02114673e+02     2.30579754e+02     1.16099119e+02   
    4.74000000e+04     1.18500000e+01     1.10448314e+03     2.97227468e+02     2.32574104e+02     1.19292733e+02   
    4.76000000e+04     1.19000000e+01     1.10448775e+03     3.02031550e+02     2.31626548e+02     1.20236270e+02   
    4.78000000e+04     1.19500000e+01     1.10449879e+03     2.97870796e+02     2.32371017e+02     1.19517188e+02   
    4.80000000e+04     1.20000000e+01     1.10451614e+03     2.98984407e+02     2.33551527e+02     1.21524575e+02   
    4.82000000e+04     1.20500000e+01     1.10452663e+03     2.99218826e+02     2.29852587e+02     1.17931270e+02   
    4.84000000e+04     1.21000000e+01     1.10454820e+03     2.96848504e+02     2.31779788e+02     1.21163175e+02   
    4.86000000e+04     1.21500000e+01     1.10455560e+03     2.98991048e+02     2.32449578e+02     1.19390764e+02   
    4.88000000e+04     1.22000000e+01     1.10456703e+03     2.97146016e+02     2.30629396e+02     1.17546283e+02   
    4.90000000e+04     1.22500000e+01     1.10458095e+03     2.97255967e+02     2.31576151e+02     1.19232308e+02   
    4.92000000e+04     1.23000000e+01     1.10457742e+03     2.99837518e+02     2.32696047e+02     1.20784584e+02   
    4.94000000e+04     1.23500000e+01     1.10456764e+03     2.98178942e+02     2.30701115e+02     1.17512201e+02   
    4.96000000e+04     1.24000000e+01     1.10454579e+03     3.00671796e+02     2.29450309e+02     1.15230101e+02   
    4.98000000e+04     1.24500000e+01     1.10453489e+03     3.02443614e+02     2.31074278e+02     1.15916611e+02   
    5.00000000e+04     1.25000000e+01     1.10453518e+03     2.96394206e+02     2.32429566e+02     1.16774903e+02   
    5.02000000e+04     1.25500000e+01     1.10453738e+03     2.99060414e+02     2.33660228e+02     1.19484277e+02   
    5.04000000e+04     1.26000000e+01     1.10453819e+03     2.97977339e+02     2.33637726e+02     1.19631680e+02   
    5.06000000e+04     1.26500000e+01     1.10453360e+03     3.00227808e+02     2.32289340e+02     1.17061350e+02   
    5.08000000e+04     1.27000000e+01     1.10453886e+03     2.98400640e+02     2.32062902e+02     1.17760298e+02   
    5.10000000e+04     1.27500000e+01     1.10453447e+03     2.99107547e+02     2.30935070e+02     1.17103594e+02   
    5.12000000e+04     1.28000000e+01     1.10453481e+03     2.99157964e+02     2.30544450e+02     1.17512819e+02   
    5.14000000e+04     1.28500000e+01     1.10455301e+03     3.00120990e+02     2.32445181e+02     1.18885757e+02   
    5.16000000e+04     1.29000000e+01     1.10456103e+03     3.01070479e+02     2.30703123e+02     1.19156433e+02   
    5.18000000e+04     1.29500000e+01     1.10457020e+03     2.99304941e+02     2.32277099e+02     1.20801359e+02   
    5.20000000e+04     1.30000000e+01     1.10456344e+03     2.96393294e+02     2.30779610e+02     1.18650996e+02   
    5.22000000e+04     1.30500000e+01     1.10456677e+03     2.99714967e+02     2.31662104e+02     1.18127792e+02   
    5.24000000e+04     1.31000000e+01     1.10456647e+03     2.97366224e+02     2.31732397e+02     1.18428099e+02   
    5.26000000e+04     1.31500000e+01     1.10456829e+03     2.96094441e+02     2.31497247e+02     1.18762254e+02   
    5.28000000e+04     1.32000000e+01     1.10456601e+03     3.01730113e+02     2.32893688e+02     1.20947855e+02   
    5.30000000e+04     1.32500000e+01     1.10456282e+03     2.97547641e+02     2.31890820e+02     1.19328578e+02   
    5.32000000e+04     1.33000000e+01     1.10455605e+03     2.98226340e+02     2.31873478e+02     1.19073371e+02   
    5.34000000e+04     1.33500000e+01     1.10454779e+03     3.01499228e+02     2.30435022e+02     1.17564582e+02   
    5.36000000e+04     1.34000000e+01     1.10454440e+03     3.00215592e+02     2.31579357e+02     1.19413648e+02   
    5.38000000e+04     1.34500000e+01     1.10455885e+03     2.98960052e+02     2.31563503e+02     1.18804452e+02   
    5.40000000e+04     1.35000000e+01     1.10454895e+03     3.01299155e+02     2.29722484e+02     1.17995059e+02   
    5.42000000e+04     1.35500000e+01     1.10454630e+03     3.02681911e+02     2.30504349e+02     1.17550896e+02   
    5.44000000e+04     1.36000000e+01     1.10455475e+03     3.00296201e+02     2.31376232e+02     1.19704793e+02   
    5.46000000e+04     1.36500000e+01     1.10454530e+03     2.97756587e+02     2.31697422e+02     1.19173619e+02   
    5.48000000e+04     1.37000000e+01     1.10453306e+03     3.00274913e+02     2.30618664e+02     1.17349103e+02   
    5.50000000e+04     1.37500000e+01     1.10455033e+03     3.00309096e+02     2.32159006e+02     1.19095313e+02   
    5.52000000e+04     1.38000000e+01     1.10454412e+03     2.98187654e+02     2.30677391e+02     1.17604111e+02   
    5.54000000e+04     1.38500000e+01     1.10456292e+03     2.96705385e+02     2.33382698e+02     1.21092917e+02   
    5.56000000e+04     1.39000000e+01     1.10455931e+03     3.04334236e+02     2.33528085e+02     1.19256046e+02   
    5.58000000e+04     1.39500000e+01     1.10454771e+03     3.00430140e+02     2.31714195e+02     1.18570341e+02   
    5.60000000e+04     1.40000000e+01     1.10455051e+03     3.00364140e+02     2.32809435e+02     1.18146452e+02   
    5.62000000e+04     1.40500000e+01     1.10454472e+03     3.00004688e+02     2.31545659e+02     1.17779737e+02   
    5.64000000e+04     1.41000000e+01     1.10454196e+03     3.02296257e+02     2.31078441e+02     1.16606594e+02   
    5.66000000e+04     1.41500000e+01     1.10455525e+03     2.99362529e+02     2.30448883e+02     1.17097704e+02   
    5.68000000e+04     1.42000000e+01     1.10456748e+03     2.99353469e+02     2.33138123e+02     1.19305783e+02   
    5.70000000e+04     1.42500000e+01     1.10458138e+03     2.98066413e+02     2.33310733e+02     1.21632619e+02   
    5.72000000e+04     1.43000000e+01     1.10457748e+03     3.02013382e+02     2.32170011e+02     1.20275875e+02   
    5.74000000e+04     1.43500000e+01     1.10457158e+03     3.00673356e+02     2.31842683e+02     1.17813458e+02   
    5.76000000e+04     1.44000000e+01     1.10455940e+03     2.99562081e+02     2.31842184e+02     1.17505172e+02   
    5.78000000e+04     1.44500000e+01     1.10457264e+03     2.99279393e+02     2.33644510e+02     1.21275203e+02   
    5.80000000e+04     1.45000000e+01     1.10456016e+03     2.99377459e+02     2.30364768e+02     1.17085544e+02   
    5.82000000e+04     1.45500000e+01     1.10456285e+03     3.00123149e+02     2.30248013e+02     1.17710938e+02   
    5.84000000e+04     1.46000000e+01     1.10456925e+03     2.99459505e+02     2.32192035e+02     1.20504628e+02   
    5.86000000e+04     1.46500000e+01     1.10456552e+03     3.00527012e+02     2.30275026e+02     1.21159114e+02   
    5.88000000e+04     1.47000000e+01     1.10455036e+03     2.98298139e+02     2.30743488e+02     1.19844405e+02   
    5.90000000e+04     1.47500000e+01     1.10453382e+03     3.02047995e+02     2.31687080e+02     1.18796302e+02   
    5.92000000e+04     1.48000000e+01     1.10452555e+03     2.98895801e+02     2.31728115e+02     1.19076972e+02   
    5.94000000e+04     1.48500000e+01     1.10453937e+03     2.95210642e+02     2.33411057e+02     1.22431223e+02   
    5.96000000e+04     1.49000000e+01     1.10454308e+03     3.02300864e+02     2.32117713e+02     1.19722313e+02   
    5.98000000e+04     1.49500000e+01     1.10454447e+03     3.02626262e+02     2.32844895e+02     1.18816247e+02   
    6.00000000e+04     1.50000000e+01     1.10454473e+03     3.00868958e+02     2.31802801e+02     1.17896556e+02   
    6.02000000e+04     1.50500000e+01     1.10456057e+03     2.99670171e+02     2.31752519e+02     1.18358510e+02   
    6.04000000e+04     1.51000000e+01     1.10455701e+03     3.02256480e+02     2.30796040e+02     1.15346935e+02   
    6.06000000e+04     1.51500000e+01     1.10455868e+03     3.02478926e+02     2.30603238e+02     1.15828645e+02   
    6.08000000e+04     1.52000000e+01     1.10454519e+03     3.02315303e+02     2.30275530e+02     1.15696244e+02   
    6.10000000e+04     1.52500000e+01     1.10454402e+03     3.00058448e+02     2.31793309e+02     1.16939026e+02   
    6.12000000e+04     1.53000000e+01     1.10453847e+03     3.01321887e+02     2.32058593e+02     1.16639870e+02   
    6.14000000e+04     1.53500000e+01     1.10455114e+03     3.00489898e+02     2.33641765e+02     1.17754409e+02   
    6.16000000e+04     1.54000000e+01     1.10454154e+03     3.00234808e+02     2.30263775e+02     1.15018531e+02   
    6.18000000e+04     1.54500000e+01     1.10453488e+03     3.00002365e+02     2.31444835e+02     1.15350348e+02   
    6.20000000e+04     1.55000000e+01     1.10450892e+03     3.05016878e+02     2.30721305e+02     1.14208729e+02   
    6.22000000e+04     1.55500000e+01     1.10451152e+03     3.03567690e+02     2.32351118e+02     1.15627644e+02   
    6.24000000e+04     1.56000000e+01     1.10451027e+03     3.03301761e+02     2.31342247e+02     1.15947486e+02   
    6.26000000e+04     1.56500000e+01     1.10449958e+03     3.00744957e+02     2.31509776e+02     1.15374588e+02   
    6.28000000e+04     1.57000000e+01     1.10448315e+03     3.00326411e+02     2.31118570e+02     1.17004527e+02   
    6.30000000e+04     1.57500000e+01     1.10449288e+03     3.02096773e+02     2.31901090e+02     1.18315088e+02   
    6.32000000e+04     1.58000000e+01     1.10451259e+03     3.02007945e+02     2.32726273e+02     1.20154375e+02   
    6.34000000e+04     1.58500000e+01     1.10452245e+03     3.01378224e+02     2.31648139e+02     1.17820128e+02   
    6.36000000e+04     1.59000000e+01     1.10453630e+03     3.01302312e+02     2.32193754e+02     1.17725899e+02   
    6.38000000e+04     1.59500000e+01     1.10454837e+03     2.98111134e+02     2.30711309e+02     1.17324593e+02   
    6.40000000e+04     1.60000000e+01     1.10454787e+03     2.99595542e+02     2.32215086e+02     1.19964150e+02   
    6.42000000e+04     1.60500000e+01     1.10455534e+03     2.98981796e+02     2.32426180e+02     1.20523166e+02   
    6.44000000e+04     1.61000000e+01     1.10454600e+03     3.03739870e+02     2.31206190e+02     1.17824072e+02   
    6.46000000e+04     1.61500000e+01     1.10455188e+03     2.99934571e+02     2.32816025e+02     1.20009091e+02   
    6.48000000e+04     1.62000000e+01     1.10455081e+03     3.02931596e+02     2.34506240e+02     1.21690735e+02   
    6.50000000e+04     1.62500000e+01     1.10454507e+03     2.99852749e+02     2.32106726e+02     1.20546125e+02   
    6.52000000e+04     1.63000000e+01     1.10454389e+03     3.00561437e+02     2.32435394e+02     1.19190259e+02   
    6.54000000e+04     1.63500000e+01     1.10454293e+03     2.96309137e+02     2.31327005e+02     1.17754193e+02   
    6.56000000e+04     1.64000000e+01     1.10453016e+03     3.02098954e+02     2.32284632e+02     1.18583532e+02   
    6.58000000e+04     1.64500000e+01     1.10453305e+03     3.00192376e+02     2.33069673e+02     1.20583767e+02   
    6.60000000e+04     1.65000000e+01     1.10451148e+03     3.00400314e+02     2.29764655e+02     1.16416943e+02   
    6.62000000e+04     1.65500000e+01     1.10451547e+03     3.00517071e+02     2.32695795e+02     1.19997269e+02   
    6.64000000e+04     1.66000000e+01     1.10450370e+03     2.98318235e+02     2.31564329e+02     1.17402360e+02   
    6.66000000e+04     1.66500000e+01     1.10450853e+03     2.99613039e+02     2.32041834e+02     1.18431654e+02   
    6.68000000e+04     1.67000000e+01     1.10451064e+03     2.97734789e+02     2.31402340e+02     1.16278980e+02   
    6.70000000e+04     1.67500000e+01     1.10450427e+03     3.00114662e+02     2.31079620e+02     1.15717706e+02   
    6.72000000e+04     1.68000000e+01     1.10450611e+03     2.96137825e+02     2.30341344e+02     1.16701181e+02   
    6.74000000e+04     1.68500000e+01     1.10450651e+03     2.97382409e+02     2.30869768e+02     1.16274983e+02   
    6.76000000e+04     1.69000000e+01     1.10449138e+03     2.97875931e+02     2.31480021e+02     1.17085163e+02   
    6.78000000e+04     1.69500000e+01     1.10449941e+03     3.01700331e+02     2.31872719e+02     1.14707874e+02   
    6.80000000e+04     1.70000000e+01     1.10450709e+03     2.98776278e+02     2.33433627e+02     1.18194492e+02   
    6.82000000e+04     1.70500000e+01     1.10450815e+03     2.96562416e+02     2.32048330e+02     1.16989861e+02   
    6.84000000e+04     1.71000000e+01     1.10453155e+03     2.99748460e+02     2.32524347e+02     1.17176509e+02   
    6.86000000e+04     1.71500000e+01     1.10455091e+03     2.98183954e+02     2.31612440e+02     1.16636402e+02   
    6.88000000e+04     1.72000000e+01     1.10456509e+03     2.99667201e+02     2.32057499e+02     1.18201263e+02   
    6.90000000e+04     1.72500000e+01     1.10457573e+03     3.00304404e+02     2.31788896e+02     1.19911343e+02   
    6.92000000e+04     1.73000000e+01     1.10456321e+03     2.97778905e+02     2.31455464e+02     1.18666473e+02   
    6.94000000e+04     1.73500000e+01     1.10454812e+03     2.99377933e+02     2.30807014e+02     1.17482734e+02   
    6.96000000e+04     1.74000000e+01     1.10453354e+03     2.95096231e+02     2.28770621e+02     1.15460186e+02   
    6.98000000e+04     1.74500000e+01     1.10453474e+03     2.99840969e+02     2.31828853e+02     1.17181722e+02   
    7.00000000e+04     1.75000000e+01     1.10453370e+03     2.98535066e+02     2.30224281e+02     1.15467919e+02   
    7.02000000e+04     1.75500000e+01     1.10455069e+03     2.97683205e+02     2.32466610e+02     1.18724152e+02   
    7.04000000e+04     1.76000000e+01     1.10454034e+03     2.99115553e+02     2.31449654e+02     1.18543980e+02   
    7.06000000e+04     1.76500000e+01     1.10454366e+03     3.00812376e+02     2.30956095e+02     1.17365768e+02   
    7.08000000e+04     1.77000000e+01     1.10454869e+03     2.98861471e+02     2.32163230e+02     1.17697396e+02   
    7.10000000e+04     1.77500000e+01     1.10454376e+03     2.98005714e+02     2.30683478e+02     1.17489394e+02   
    7.12000000e+04     1.78000000e+01     1.10454154e+03     2.99083597e+02     2.30192846e+02     1.14442394e+02   
    7.14000000e+04     1.78500000e+01     1.10454988e+03     2.99089925e+02     2.31591987e+02     1.19703778e+02   
    7.16000000e+04     1.79000000e+01     1.10455933e+03     3.00733863e+02     2.31827310e+02     1.18068837e+02   
    7.18000000e+04     1.79500000e+01     1.10455973e+03     2.95860435e+02     2.32197083e+02     1.20520473e+02   
    7.20000000e+04     1.80000000e+01     1.10457154e+03     2.99897462e+02     2.32817418e+02     1.20719818e+02   
    7.22000000e+04     1.80500000e+01     1.10456917e+03     2.96748137e+02     2.31766561e+02     1.20011558e+02   
    7.24000000e+04     1.81000000e+01     1.10456777e+03     2.98683035e+02     2.31050125e+02     1.17373965e+02   
    7.26000000e+04     1.81500000e+01     1.10456963e+03     2.98259450e+02     2.32504594e+02     1.18815909e+02   
    7.28000000e+04     1.82000000e+01     1.10455967e+03     2.98133562e+02     2.31911247e+02     1.19304651e+02   
    7.30000000e+04     1.82500000e+01     1.10455979e+03     2.99040855e+02     2.31021812e+02     1.18629674e+02   
    7.32000000e+04     1.83000000e+01     1.10456799e+03     2.99039882e+02     2.31436085e+02     1.18570646e+02   
    7.34000000e+04     1.83500000e+01     1.10457201e+03     2.96650239e+02     2.33976808e+02     1.21103903e+02   
    7.36000000e+04     1.84000000e+01     1.10457728e+03     2.99299966e+02     2.32415171e+02     1.19089466e+02   
    7.38000000e+04     1.84500000e+01     1.10457643e+03     2.96206736e+02     2.30954654e+02     1.19191336e+02   
    7.40000000e+04     1.85000000e+01     1.10458538e+03     2.99214520e+02     2.30959796e+02     1.17051736e+02   
    7.42000000e+04     1.85500000e+01     1.10460047e+03     2.98351593e+02     2.31724772e+02     1.17302463e+02   
    7.44000000e+04     1.86000000e+01     1.10459628e+03     3.00159253e+02     2.31596282e+02     1.18271892e+02   
    7.46000000e+04     1.86500000e+01     1.10459851e+03     2.99072116e+02     2.32276341e+02     1.19808741e+02   
    7.48000000e+04     1.87000000e+01     1.10458565e+03     2.99586909e+02     2.31020069e+02     1.17267427e+02   
    7.50000000e+04     1.87500000e+01     1.10458791e+03     2.97580809e+02     2.31712255e+02     1.16127824e+02   
    7.52000000e+04     1.88000000e+01     1.10459138e+03     2.98033574e+02     2.31170249e+02     1.16445271e+02   
    7.54000000e+04     1.88500000e+01     1.10458437e+03     2.98548422e+02     2.30208357e+02     1.15815338e+02   
    7.56000000e+04     1.89000000e+01     1.10458164e+03     2.97509686e+02     2.30268762e+02     1.17088367e+02   
    7.58000000e+04     1.89500000e+01     1.10459656e+03     2.98103637e+02     2.32686445e+02     1.18778418e+02   
    7.60000000e+04     1.90000000e+01     1.10459995e+03     2.99965224e+02     2.31933254e+02     1.17968068e+02   
    7.62000000e+04     1.90500000e+01     1.10460622e+03     3.01499655e+02     2.32967147e+02     1.18201262e+02   
    7.64000000e+04     1.91000000e+01     1.10458587e+03     2.99705118e+02     2.28364098e+02     1.15591211e+02   
    7.66000000e+04     1.91500000e+01     1.10458194e+03     3.02700031e+02     2.29811241e+02     1.13421636e+02   
    7.68000000e+04     1.92000000e+01     1.10458276e+03     2.99556652e+02     2.32405886e+02     1.18880395e+02   
    7.70000000e+04     1.92500000e+01     1.10457308e+03     2.99796194e+02     2.31038798e+02     1.16935329e+02   
    7.72000000e+04     1.93000000e+01     1.10458695e+03     2.99981760e+02     2.34265614e+02     1.19626590e+02   
    7.74000000e+04     1.93500000e+01     1.10457140e+03     3.00198028e+02     2.31479673e+02     1.16839790e+02   
    7.76000000e+04     1.94000000e+01     1.10457208e+03     2.98843994e+02     2.30200437e+02     1.14570151e+02   
    7.78000000e+04     1.94500000e+01     1.10459433e+03     2.95280364e+02     2.32104966e+02     1.18704904e+02   
    7.80000000e+04     1.95000000e+01     1.10460004e+03     3.00196534e+02     2.31894558e+02     1.17377563e+02   
    7.82000000e+04     1.95500000e+01     1.10460269e+03     3.00668929e+02     2.31579570e+02     1.17866323e+02   
    7.84000000e+04     1.96000000e+01     1.10460877e+03     3.03626258e+02     2.32699301e+02     1.18437856e+02   
    7.86000000e+04     1.96500000e+01     1.10461480e+03     2.97997248e+02     2.31952521e+02     1.17719566e+02   
    7.88000000e+04     1.97000000e+01     1.10462379e+03     2.98227622e+02     2.31742181e+02     1.18946699e+02   
    7.90000000e+04     1.97500000e+01     1.10462736e+03     3.01335586e+02     2.32311961e+02     1.18551987e+02   
    7.92000000e+04     1.98000000e+01     1.10461425e+03     3.00512506e+02     2.29313641e+02     1.15899273e+02   
    7.94000000e+04     1.98500000e+01     1.10462675e+03     3.01258168e+02     2.31968746e+02     1.18191912e+02   
    7.96000000e+04     1.99000000e+01     1.10462832e+03     3.00771443e+02     2.31548240e+02     1.18771784e+02   
    7.98000000e+04     1.99500000e+01     1.10462060e+03     2.98992967e+02     2.30958548e+02     1.18376026e+02   
    8.00000000e+04     2.00000000e+01     1.10462341e+03     2.99291789e+02     2.31886059e+02     1.17781401e+02   
