# column   1     --> step : The current simulation time step.
# column   2     --> time{picosecond} : The elapsed simulation time.
# column   3     --> conserved{electronvolt} : The value of the conserved energy quantity per bead.
# column   4     --> temperature{kelvin} : The current temperature, as obtained from the MD kinetic energy.
# column   5     --> kinetic_cv{electronvolt} : The centroid-virial quantum kinetic energy of the physical system.
# column   6     --> potential{electronvolt} : The physical system potential energy.
    0.00000000e+00     0.00000000e+00     1.09901003e+03     3.04428649e+02     2.30567928e+02     1.15128049e+02   
    2.00000000e+02     5.00000000e-02     1.09901258e+03     3.00513128e+02     2.31587453e+02     1.16307608e+02   
    4.00000000e+02     1.00000000e-01     1.09901055e+03     2.99633620e+02     2.31840400e+02     1.16749680e+02   
    6.00000000e+02     1.50000000e-01     1.09900946e+03     2.99142386e+02     2.31988658e+02     1.17867273e+02   
    8.00000000e+02     2.00000000e-01     1.09901023e+03     2.98784784e+02     2.32907758e+02     1.17360056e+02   
    1.00000000e+03     2.50000000e-01     1.09899598e+03     3.00176710e+02     2.31504866e+02     1.15545525e+02   
    1.20000000e+03     3.00000000e-01     1.09901510e+03     3.00668499e+02     2.33464082e+02     1.17959816e+02   
    1.40000000e+03     3.50000000e-01     1.09899637e+03     3.03546257e+02     2.31758690e+02     1.15966432e+02   
    1.60000000e+03     4.00000000e-01     1.09899494e+03     2.95699453e+02     2.32824870e+02     1.18000314e+02   
    1.80000000e+03     4.50000000e-01     1.09899524e+03     2.98703749e+02     2.30830215e+02     1.14864510e+02   
    2.00000000e+03     5.00000000e-01     1.09900411e+03     3.01356436e+02     2.32191814e+02     1.17658386e+02   
    2.20000000e+03     5.50000000e-01     1.09900973e+03     2.98631627e+02     2.31867741e+02     1.16945579e+02   
    2.40000000e+03     6.00000000e-01     1.09902259e+03     2.97215289e+02     2.33003810e+02     1.19132058e+02   
    2.60000000e+03     6.50000000e-01     1.09902092e+03     2.97512636e+02     2.30856202e+02     1.16979958e+02   
    2.80000000e+03     7.00000000e-01     1.09902842e+03     3.00575819e+02     2.31140288e+02     1.16549551e+02   
    3.00000000e+03     7.50000000e-01     1.09904975e+03     2.98443254e+02     2.33429687e+02     1.18449413e+02   
    3.20000000e+03     8.00000000e-01     1.09902787e+03     3.00552011e+02     2.32416675e+02     1.17518773e+02   
    3.40000000e+03     8.50000000e-01     1.09903538e+03     3.00896939e+02     2.34075608e+02     1.20110566e+02   
    3.60000000e+03     9.00000000e-01     1.09903212e+03     2.99674407e+02     2.32300853e+02     1.17470701e+02   
    3.80000000e+03     9.50000000e-01     1.09903667e+03     2.96961584e+02     2.31672362e+02     1.17593570e+02   
    4.00000000e+03     1.00000000e+00     1.09903870e+03     2.99535804e+02     2.31849211e+02     1.17283243e+02   
    4.20000000e+03     1.05000000e+00     1.09902189e+03     3.00254068e+02     2.28873213e+02     1.15294726e+02   
    4.40000000e+03     1.10000000e+00     1.09901966e+03     2.98165451e+02     2.32025923e+02     1.18466644e+02   
    4.60000000e+03     1.15000000e+00     1.09900937e+03     2.95597832e+02     2.32714381e+02     1.20835264e+02   
    4.80000000e+03     1.20000000e+00     1.09898989e+03     2.97770300e+02     2.31384570e+02     1.17876620e+02   
    5.00000000e+03     1.25000000e+00     1.09898666e+03     2.97464948e+02     2.30770136e+02     1.18393605e+02   
    5.20000000e+03     1.30000000e+00     1.09899447e+03     2.97726944e+02     2.32490372e+02     1.20359227e+02   
    5.40000000e+03     1.35000000e+00     1.09898420e+03     3.01513155e+02     2.29277635e+02     1.15687355e+02   
    5.60000000e+03     1.40000000e+00     1.09900095e+03     2.95862713e+02     2.31285912e+02     1.18910837e+02   
    5.80000000e+03     1.45000000e+00     1.09900527e+03     2.98420647e+02     2.30874088e+02     1.16176439e+02   
    6.00000000e+03     1.50000000e+00     1.09901372e+03     2.98974592e+02     2.31807072e+02     1.18419422e+02   
    6.20000000e+03     1.55000000e+00     1.09900453e+03     2.98670637e+02     2.31219693e+02     1.16209939e+02   
    6.40000000e+03     1.60000000e+00     1.09900301e+03     2.99818532e+02     2.31373107e+02     1.16874085e+02   
    6.60000000e+03     1.65000000e+00     1.09899451e+03     3.03824308e+02     2.32872330e+02     1.17946357e+02   
    6.80000000e+03     1.70000000e+00     1.09899117e+03     3.01698338e+02     2.29860962e+02     1.13824570e+02   
    7.00000000e+03     1.75000000e+00     1.09900771e+03     2.98778225e+02     2.31528792e+02     1.16830153e+02   
    7.20000000e+03     1.80000000e+00     1.09901422e+03     2.97819655e+02     2.32686276e+02     1.17236395e+02   
    7.40000000e+03     1.85000000e+00     1.09900847e+03     2.97252609e+02     2.31499046e+02     1.16453683e+02   
    7.60000000e+03     1.90000000e+00     1.09901883e+03     2.97522817e+02     2.32156830e+02     1.16570010e+02   
    7.80000000e+03     1.95000000e+00     1.09902318e+03     2.99607848e+02     2.31861884e+02     1.16227660e+02   
    8.00000000e+03     2.00000000e+00     1.09903615e+03     3.00713093e+02     2.31757362e+02     1.15531770e+02   
    8.20000000e+03     2.05000000e+00     1.09902906e+03     3.01281063e+02     2.30324822e+02     1.13449274e+02   
    8.40000000e+03     2.10000000e+00     1.09902854e+03     3.01554899e+02     2.31260783e+02     1.15693363e+02   
    8.60000000e+03     2.15000000e+00     1.09903309e+03     2.96869696e+02     2.31791606e+02     1.16291400e+02   
    8.80000000e+03     2.20000000e+00     1.09903302e+03     2.97337462e+02     2.32780763e+02     1.18947840e+02   
    9.00000000e+03     2.25000000e+00     1.09902262e+03     2.97942688e+02     2.30766809e+02     1.17455969e+02   
    9.20000000e+03     2.30000000e+00     1.09903396e+03     2.99421382e+02     2.32709260e+02     1.20740785e+02   
    9.40000000e+03     2.35000000e+00     1.09904471e+03     2.98296956e+02     2.31676050e+02     1.18495042e+02   
    9.60000000e+03     2.40000000e+00     1.09904891e+03     3.00489120e+02     2.30242554e+02     1.16340750e+02   
    9.80000000e+03     2.45000000e+00     1.09905723e+03     3.00882195e+02     2.31682102e+02     1.18108133e+02   
    1.00000000e+04     2.50000000e+00     1.09905416e+03     2.99712426e+02     2.32541762e+02     1.18123783e+02   
    1.02000000e+04     2.55000000e+00     1.09905453e+03     2.99326780e+02     2.32509471e+02     1.18777098e+02   
    1.04000000e+04     2.60000000e+00     1.09904420e+03     3.02542238e+02     2.33438073e+02     1.18902808e+02   
    1.06000000e+04     2.65000000e+00     1.09906084e+03     2.99064235e+02     2.33350341e+02     1.18958554e+02   
    1.08000000e+04     2.70000000e+00     1.09905691e+03     3.00446914e+02     2.30519992e+02     1.16742260e+02   
    1.10000000e+04     2.75000000e+00     1.09905722e+03     3.02043564e+02     2.31578983e+02     1.16563160e+02   
    1.12000000e+04     2.80000000e+00     1.09905231e+03     2.99399086e+02     2.30543088e+02     1.15161128e+02   
    1.14000000e+04     2.85000000e+00     1.09905602e+03     3.00192151e+02     2.31415935e+02     1.16285761e+02   
    1.16000000e+04     2.90000000e+00     1.09904719e+03     2.97944641e+02     2.30330387e+02     1.15224075e+02   
    1.18000000e+04     2.95000000e+00     1.09905086e+03     3.02808184e+02     2.30703000e+02     1.15891865e+02   
    1.20000000e+04     3.00000000e+00     1.09906597e+03     3.01662291e+02     2.32944345e+02     1.18360783e+02   
    1.22000000e+04     3.05000000e+00     1.09907333e+03     2.97697502e+02     2.34038985e+02     1.22010385e+02   
    1.24000000e+04     3.10000000e+00     1.09907240e+03     2.98148160e+02     2.32735672e+02     1.18834324e+02   
    1.26000000e+04     3.15000000e+00     1.09906876e+03     2.98794106e+02     2.31736832e+02     1.19529910e+02   
    1.28000000e+04     3.20000000e+00     1.09907037e+03     2.97742678e+02     2.30582760e+02     1.17384472e+02   
    1.30000000e+04     3.25000000e+00     1.09908117e+03     2.96687883e+02     2.31695477e+02     1.20685513e+02   
    1.32000000e+04     3.30000000e+00     1.09908348e+03     3.00434712e+02     2.32323301e+02     1.19506769e+02   
    1.34000000e+04     3.35000000e+00     1.09908010e+03     2.99265616e+02     2.30431720e+02     1.17075990e+02   
    1.36000000e+04     3.40000000e+00     1.09907857e+03     3.00017689e+02     2.31297156e+02     1.18222626e+02   
    1.38000000e+04     3.45000000e+00     1.09906351e+03     2.98653801e+02     2.31205648e+02     1.18272826e+02   
    1.40000000e+04     3.50000000e+00     1.09906662e+03     2.99506219e+02     2.31124704e+02     1.18917421e+02   
    1.42000000e+04     3.55000000e+00     1.09907396e+03     2.97851193e+02     2.30742082e+02     1.17004963e+02   
    1.44000000e+04     3.60000000e+00     1.09908054e+03     2.97204373e+02     2.31412057e+02     1.19496614e+02   
    1.46000000e+04     3.65000000e+00     1.09908113e+03     2.97515036e+02     2.31212976e+02     1.19114244e+02   
    1.48000000e+04     3.70000000e+00     1.09908962e+03     2.99786328e+02     2.30670804e+02     1.19853435e+02   
    1.50000000e+04     3.75000000e+00     1.09908418e+03     2.96945761e+02     2.30808887e+02     1.19691786e+02   
    1.52000000e+04     3.80000000e+00     1.09908637e+03     2.99113348e+02     2.31750744e+02     1.18944624e+02   
    1.54000000e+04     3.85000000e+00     1.09907801e+03     2.99238410e+02     2.30631805e+02     1.17723446e+02   
    1.56000000e+04     3.90000000e+00     1.09907479e+03     2.99014438e+02     2.32288351e+02     1.20135339e+02   
    1.58000000e+04     3.95000000e+00     1.09907580e+03     2.98589807e+02     2.32598545e+02     1.20796084e+02   
    1.60000000e+04     4.00000000e+00     1.09907400e+03     2.99585763e+02     2.33139174e+02     1.20386114e+02   
    1.62000000e+04     4.05000000e+00     1.09906974e+03     2.98787905e+02     2.33548791e+02     1.19911887e+02   
    1.64000000e+04     4.10000000e+00     1.09906685e+03     2.99073074e+02     2.33221014e+02     1.19121385e+02   
    1.66000000e+04     4.15000000e+00     1.09906238e+03     2.97643304e+02     2.30272144e+02     1.15765344e+02   
    1.68000000e+04     4.20000000e+00     1.09907907e+03     2.97909166e+02     2.33267356e+02     1.19282171e+02   
    1.70000000e+04     4.25000000e+00     1.09907728e+03     2.98917985e+02     2.31424094e+02     1.16813234e+02   
    1.72000000e+04     4.30000000e+00     1.09907850e+03     2.97982729e+02     2.30235643e+02     1.15590179e+02   
    1.74000000e+04     4.35000000e+00     1.09908168e+03     2.95059153e+02     2.31152943e+02     1.16270818e+02   
    1.76000000e+04     4.40000000e+00     1.09908367e+03     3.00456723e+02     2.31337515e+02     1.17350388e+02   
    1.78000000e+04     4.45000000e+00     1.09909028e+03     3.00206285e+02     2.31042756e+02     1.19315790e+02   
    1.80000000e+04     4.50000000e+00     1.09908280e+03     2.97844933e+02     2.29826777e+02     1.16556223e+02   
    1.82000000e+04     4.55000000e+00     1.09908075e+03     3.01395050e+02     2.31339954e+02     1.18051543e+02   
    1.84000000e+04     4.60000000e+00     1.09907062e+03     2.98874531e+02     2.31843490e+02     1.17617576e+02   
    1.86000000e+04     4.65000000e+00     1.09906351e+03     3.01251041e+02     2.31593065e+02     1.17068776e+02   
    1.88000000e+04     4.70000000e+00     1.09906839e+03     2.98136183e+02     2.31845005e+02     1.19276652e+02   
    1.90000000e+04     4.75000000e+00     1.09906709e+03     2.94374867e+02     2.32174618e+02     1.19781841e+02   
    1.92000000e+04     4.80000000e+00     1.09907445e+03     2.97135099e+02     2.30659016e+02     1.17842851e+02   
    1.94000000e+04     4.85000000e+00     1.09908338e+03     2.99874044e+02     2.30948265e+02     1.19113004e+02   
    1.96000000e+04     4.90000000e+00     1.09909648e+03     2.97167359e+02     2.31764393e+02     1.19887805e+02   
    1.98000000e+04     4.95000000e+00     1.09910058e+03     2.94831799e+02     2.32281045e+02     1.20497281e+02   
    2.00000000e+04     5.00000000e+00     1.09910050e+03     2.97761480e+02     2.33303993e+02     1.20258314e+02   
    2.02000000e+04     5.05000000e+00     1.09908166e+03     2.97639715e+02     2.29651161e+02     1.16276894e+02   
    2.04000000e+04     5.10000000e+00     1.09910579e+03     2.97646209e+02     2.31915867e+02     1.20222041e+02   
    2.06000000e+04     5.15000000e+00     1.09910310e+03     2.97200570e+02     2.33060865e+02     1.19886803e+02   
    2.08000000e+04     5.20000000e+00     1.09909474e+03     2.97768517e+02     2.32360988e+02     1.18660347e+02   
    2.10000000e+04     5.25000000e+00     1.09908098e+03     2.98137888e+02     2.29736026e+02     1.15182575e+02   
    2.12000000e+04     5.30000000e+00     1.09909223e+03     2.98735277e+02     2.32584822e+02     1.19592509e+02   
    2.14000000e+04     5.35000000e+00     1.09908012e+03     2.99406106e+02     2.32643303e+02     1.18470296e+02   
    2.16000000e+04     5.40000000e+00     1.09907213e+03     2.99013662e+02     2.32304166e+02     1.18334821e+02   
    2.18000000e+04     5.45000000e+00     1.09906830e+03     2.98340415e+02     2.32289178e+02     1.18501289e+02   
    2.20000000e+04     5.50000000e+00     1.09907807e+03     3.00728865e+02     2.31498246e+02     1.17510613e+02   
    2.22000000e+04     5.55000000e+00     1.09909216e+03     2.96300904e+02     2.31449654e+02     1.17734596e+02   
    2.24000000e+04     5.60000000e+00     1.09908690e+03     3.02309296e+02     2.29815236e+02     1.14945321e+02   
    2.26000000e+04     5.65000000e+00     1.09909079e+03     3.00746297e+02     2.33452214e+02     1.19585490e+02   
    2.28000000e+04     5.70000000e+00     1.09907401e+03     2.98207345e+02     2.30808817e+02     1.15735565e+02   
    2.30000000e+04     5.75000000e+00     1.09906771e+03     3.01217715e+02     2.31055722e+02     1.16641838e+02   
    2.32000000e+04     5.80000000e+00     1.09906376e+03     3.01449983e+02     2.30107155e+02     1.14639806e+02   
    2.34000000e+04     5.85000000e+00     1.09907208e+03     2.99073920e+02     2.30459740e+02     1.15775324e+02   
    2.36000000e+04     5.90000000e+00     1.09909038e+03     2.99790068e+02     2.34222419e+02     1.18848050e+02   
    2.38000000e+04     5.95000000e+00     1.09907501e+03     3.00888803e+02     2.30914011e+02     1.16310983e+02   
    2.40000000e+04     6.00000000e+00     1.09907379e+03     2.98581504e+02     2.32667361e+02     1.18034175e+02   
    2.42000000e+04     6.05000000e+00     1.09906010e+03     3.00024479e+02     2.32345464e+02     1.17949877e+02   
    2.44000000e+04     6.10000000e+00     1.09905394e+03     2.98315685e+02     2.32151837e+02     1.19712314e+02   
    2.46000000e+04     6.15000000e+00     1.09905520e+03     2.98930870e+02     2.32095046e+02     1.18187253e+02   
    2.48000000e+04     6.20000000e+00     1.09905436e+03     2.98768125e+02     2.32270043e+02     1.18701757e+02   
    2.50000000e+04     6.25000000e+00     1.09906216e+03     3.02019903e+02     2.31435894e+02     1.16840749e+02   
    2.52000000e+04     6.30000000e+00     1.09907737e+03     2.99389482e+02     2.31199654e+02     1.16856398e+02   
    2.54000000e+04     6.35000000e+00     1.09908604e+03     3.01203708e+02     2.31094202e+02     1.15889961e+02   
    2.56000000e+04     6.40000000e+00     1.09908918e+03     3.00313091e+02     2.29573992e+02     1.15842018e+02   
    2.58000000e+04     6.45000000e+00     1.09909029e+03     3.00348072e+02     2.30878436e+02     1.16848086e+02   
    2.60000000e+04     6.50000000e+00     1.09908377e+03     2.99949692e+02     2.30475538e+02     1.17202308e+02   
    2.62000000e+04     6.55000000e+00     1.09910063e+03     3.00507445e+02     2.34368192e+02     1.20230839e+02   
    2.64000000e+04     6.60000000e+00     1.09909803e+03     2.98953509e+02     2.32444544e+02     1.18361163e+02   
    2.66000000e+04     6.65000000e+00     1.09909623e+03     2.99580244e+02     2.30225065e+02     1.15829421e+02   
    2.68000000e+04     6.70000000e+00     1.09909112e+03     3.00687268e+02     2.32078024e+02     1.16044738e+02   
    2.70000000e+04     6.75000000e+00     1.09908696e+03     2.97881270e+02     2.31161239e+02     1.16642523e+02   
    2.72000000e+04     6.80000000e+00     1.09909454e+03     2.97980873e+02     2.33180983e+02     1.16668327e+02   
    2.74000000e+04     6.85000000e+00     1.09909184e+03     2.99854741e+02     2.31792312e+02     1.17431230e+02   
    2.76000000e+04     6.90000000e+00     1.09909509e+03     2.98252626e+02     2.30318568e+02     1.15573409e+02   
    2.78000000e+04     6.95000000e+00     1.09910732e+03     3.00391252e+02     2.31436561e+02     1.16936340e+02   
    2.80000000e+04     7.00000000e+00     1.09911197e+03     2.96803595e+02     2.32167243e+02     1.17868735e+02   
    2.82000000e+04     7.05000000e+00     1.09909690e+03     2.96012478e+02     2.29350045e+02     1.15417052e+02   
    2.84000000e+04     7.10000000e+00     1.09910387e+03     2.96439070e+02     2.29924011e+02     1.13663297e+02   
    2.86000000e+04     7.15000000e+00     1.09910646e+03     2.96008509e+02     2.31738165e+02     1.17901699e+02   
    2.88000000e+04     7.20000000e+00     1.09909480e+03     3.00380114e+02     2.33762598e+02     1.19778472e+02   
    2.90000000e+04     7.25000000e+00     1.09908689e+03     2.98511829e+02     2.31384319e+02     1.17801699e+02   
    2.92000000e+04     7.30000000e+00     1.09909176e+03     3.01608110e+02     2.31666005e+02     1.18410475e+02   
    2.94000000e+04     7.35000000e+00     1.09909381e+03     3.00837204e+02     2.31804548e+02     1.16640430e+02   
    2.96000000e+04     7.40000000e+00     1.09908846e+03     3.01379936e+02     2.31299582e+02     1.17454188e+02   
    2.98000000e+04     7.45000000e+00     1.09910464e+03     2.99638393e+02     2.32872835e+02     1.18466187e+02   
    3.00000000e+04     7.50000000e+00     1.09910418e+03     2.97757651e+02     2.32265622e+02     1.19513437e+02   
    3.02000000e+04     7.55000000e+00     1.09909655e+03     2.99427568e+02     2.32108935e+02     1.16378248e+02   
    3.04000000e+04     7.60000000e+00     1.09910378e+03     2.98174411e+02     2.32433821e+02     1.17921317e+02   
    3.06000000e+04     7.65000000e+00     1.09910125e+03     2.97816940e+02     2.29627231e+02     1.14592210e+02   
    3.08000000e+04     7.70000000e+00     1.09910726e+03     3.00844797e+02     2.31196983e+02     1.18013467e+02   
    3.10000000e+04     7.75000000e+00     1.09911308e+03     3.00132005e+02     2.31561820e+02     1.17450546e+02   
    3.12000000e+04     7.80000000e+00     1.09913210e+03     3.00639972e+02     2.32475236e+02     1.18229627e+02   
    3.14000000e+04     7.85000000e+00     1.09913997e+03     3.00537187e+02     2.34474530e+02     1.21831771e+02   
    3.16000000e+04     7.90000000e+00     1.09912501e+03     3.01211542e+02     2.31411380e+02     1.17632264e+02   
    3.18000000e+04     7.95000000e+00     1.09911643e+03     2.97581006e+02     2.29904326e+02     1.15889075e+02   
    3.20000000e+04     8.00000000e+00     1.09912599e+03     2.98284928e+02     2.31330985e+02     1.16603121e+02   
    3.22000000e+04     8.05000000e+00     1.09912498e+03     3.02162740e+02     2.32884122e+02     1.19679565e+02   
    3.24000000e+04     8.10000000e+00     1.09913046e+03     3.03313292e+02     2.32866566e+02     1.19525809e+02   
    3.26000000e+04     8.15000000e+00     1.09913688e+03     3.00975444e+02     2.31498110e+02     1.18075487e+02   
    3.28000000e+04     8.20000000e+00     1.09914136e+03     2.98585533e+02     2.31784258e+02     1.18855715e+02   
    3.30000000e+04     8.25000000e+00     1.09914087e+03     2.99540529e+02     2.31654112e+02     1.18533444e+02   
    3.32000000e+04     8.30000000e+00     1.09913847e+03     2.98996807e+02     2.31680135e+02     1.19488639e+02   
    3.34000000e+04     8.35000000e+00     1.09914584e+03     3.00123631e+02     2.33367411e+02     1.20405745e+02   
    3.36000000e+04     8.40000000e+00     1.09912315e+03     3.00145983e+02     2.32459264e+02     1.19185454e+02   
    3.38000000e+04     8.45000000e+00     1.09910620e+03     2.97146021e+02     2.30842571e+02     1.17183713e+02   
    3.40000000e+04     8.50000000e+00     1.09909544e+03     2.98579601e+02     2.29854209e+02     1.16368803e+02   
    3.42000000e+04     8.55000000e+00     1.09909465e+03     2.98997329e+02     2.32517951e+02     1.19312412e+02   
    3.44000000e+04     8.60000000e+00     1.09908751e+03     2.98303655e+02     2.33936050e+02     1.20802278e+02   
    3.46000000e+04     8.65000000e+00     1.09908353e+03     3.01538004e+02     2.31350330e+02     1.18878458e+02   
    3.48000000e+04     8.70000000e+00     1.09908135e+03     2.99391604e+02     2.33244705e+02     1.19354054e+02   
    3.50000000e+04     8.75000000e+00     1.09908700e+03     2.97657814e+02     2.32571967e+02     1.20008750e+02   
    3.52000000e+04     8.80000000e+00     1.09908416e+03     3.00770677e+02     2.30825492e+02     1.17725170e+02   
    3.54000000e+04     8.85000000e+00     1.09908433e+03     3.01628477e+02     2.30251131e+02     1.17894006e+02   
    3.56000000e+04     8.90000000e+00     1.09909242e+03     2.98285408e+02     2.31027320e+02     1.18479006e+02   
    3.58000000e+04     8.95000000e+00     1.09909771e+03     2.96986371e+02     2.30416428e+02     1.18631652e+02   
    3.60000000e+04     9.00000000e+00     1.09911160e+03     2.98554625e+02     2.32415993e+02     1.20987479e+02   
    3.62000000e+04     9.05000000e+00     1.09911322e+03     2.96810889e+02     2.31438450e+02     1.20021641e+02   
    3.64000000e+04     9.10000000e+00     1.09911501e+03     3.00277294e+02     2.31333715e+02     1.19000097e+02   
    3.66000000e+04     9.15000000e+00     1.09912006e+03     2.98333045e+02     2.30693265e+02     1.18934050e+02   
    3.68000000e+04     9.20000000e+00     1.09913271e+03     3.03886844e+02     2.32277013e+02     1.17967550e+02   
    3.70000000e+04     9.25000000e+00     1.09913501e+03     3.01408248e+02     2.31314330e+02     1.18529857e+02   
    3.72000000e+04     9.30000000e+00     1.09913983e+03     3.01001764e+02     2.30544254e+02     1.17001683e+02   
    3.74000000e+04     9.35000000e+00     1.09915055e+03     2.99299636e+02     2.33255416e+02     1.19059261e+02   
    3.76000000e+04     9.40000000e+00     1.09916005e+03     2.99582184e+02     2.33786477e+02     1.20432318e+02   
    3.78000000e+04     9.45000000e+00     1.09915488e+03     3.02542584e+02     2.32611836e+02     1.19169366e+02   
    3.80000000e+04     9.50000000e+00     1.09917167e+03     2.98106130e+02     2.33426203e+02     1.21356574e+02   
    3.82000000e+04     9.55000000e+00     1.09917495e+03     3.00014386e+02     2.32068054e+02     1.18811950e+02   
    3.84000000e+04     9.60000000e+00     1.09917053e+03     3.03873608e+02     2.32034126e+02     1.18474919e+02   
    3.86000000e+04     9.65000000e+00     1.09915971e+03     3.01019535e+02     2.30119236e+02     1.15697027e+02   
    3.88000000e+04     9.70000000e+00     1.09917159e+03     3.00322392e+02     2.31774604e+02     1.18723810e+02   
    3.90000000e+04     9.75000000e+00     1.09918312e+03     3.01962191e+02     2.32991691e+02     1.19805090e+02   
    3.92000000e+04     9.80000000e+00     1.09918887e+03     3.02408801e+02     2.32082014e+02     1.18319512e+02   
    3.94000000e+04     9.85000000e+00     1.09917621e+03     3.00466733e+02     2.31585434e+02     1.16642036e+02   
    3.96000000e+04     9.90000000e+00     1.09916422e+03     3.02923437e+02     2.29301099e+02     1.15460138e+02   
    3.98000000e+04     9.95000000e+00     1.09916236e+03     2.97580376e+02     2.30792130e+02     1.17306956e+02   
    4.00000000e+04     1.00000000e+01     1.09917007e+03     2.99477315e+02     2.34610079e+02     1.22388792e+02   
    4.02000000e+04     1.00500000e+01     1.09916557e+03     3.00157692e+02     2.31612346e+02     1.18268614e+02   
    4.04000000e+04     1.01000000e+01     1.09917720e+03     3.00477719e+02     2.30549216e+02     1.18372598e+02   
    4.06000000e+04     1.01500000e+01     1.09919479e+03     3.00795438e+02     2.33037837e+02     1.20628480e+02   
    4.08000000e+04     1.02000000e+01     1.09920078e+03     2.99595311e+02     2.31747347e+02     1.19146162e+02   
    4.10000000e+04     1.02500000e+01     1.09920799e+03     2.98865917e+02     2.31472331e+02     1.17314986e+02   
    4.12000000e+04     1.03000000e+01     1.09921370e+03     2.99774082e+02     2.32498261e+02     1.18548909e+02   
    4.14000000e+04     1.03500000e+01     1.09922042e+03     2.97563528e+02     2.31225214e+02     1.18104242e+02   
    4.16000000e+04     1.04000000e+01     1.09924112e+03     2.99519626e+02     2.32668449e+02     1.19539643e+02   
    4.18000000e+04     1.04500000e+01     1.09924460e+03     2.99462904e+02     2.31881616e+02     1.18859441e+02   
    4.20000000e+04     1.05000000e+01     1.09925206e+03     3.01257012e+02     2.31824479e+02     1.19005520e+02   
    4.22000000e+04     1.05500000e+01     1.09924691e+03     2.97571194e+02     2.31274315e+02     1.18459638e+02   
    4.24000000e+04     1.06000000e+01     1.09925652e+03     2.99219968e+02     2.33505993e+02     1.21924438e+02   
    4.26000000e+04     1.06500000e+01     1.09924966e+03     3.03188430e+02     2.30908675e+02     1.18184456e+02   
    4.28000000e+04     1.07000000e+01     1.09925539e+03     3.02679950e+02     2.31545440e+02     1.17714726e+02   
    4.30000000e+04     1.07500000e+01     1.09926556e+03     2.98669092e+02     2.32419536e+02     1.20856688e+02   
    4.32000000e+04     1.08000000e+01     1.09927415e+03     3.01867499e+02     2.31673977e+02     1.19133088e+02   
    4.34000000e+04     1.08500000e+01     1.09928046e+03     3.01116207e+02     2.32204851e+02     1.19277332e+02   
    4.36000000e+04     1.09000000e+01     1.09928052e+03     2.98588818e+02     2.32809757e+02     1.18341910e+02   
    4.38000000e+04     1.09500000e+01     1.09927107e+03     2.98858776e+02     2.31789209e+02     1.18850915e+02   
    4.40000000e+04     1.10000000e+01     1.09927589e+03     2.98450142e+02     2.33358842e+02     1.20800516e+02   
    4.42000000e+04     1.10500000e+01     1.09926437e+03     2.97814093e+02     2.32492793e+02     1.19766006e+02   
    4.44000000e+04     1.11000000e+01     1.09927231e+03     2.99540550e+02     2.31274485e+02     1.19361416e+02   
    4.46000000e+04     1.11500000e+01     1.09927458e+03     2.99022212e+02     2.30562345e+02     1.16992738e+02   
    4.48000000e+04     1.12000000e+01     1.09927159e+03     3.00939361e+02     2.31159374e+02     1.18514197e+02   
    4.50000000e+04     1.12500000e+01     1.09926181e+03     3.01049633e+02     2.31631926e+02     1.17440753e+02   
    4.52000000e+04     1.13000000e+01     1.09925973e+03     3.03010036e+02     2.29401269e+02     1.15299235e+02   
    4.54000000e+04     1.13500000e+01     1.09926243e+03     3.00365646e+02     2.31508193e+02     1.16540291e+02   
    4.56000000e+04     1.14000000e+01     1.09925606e+03     3.00523517e+02     2.31554853e+02     1.17539063e+02   
    4.58000000e+04     1.14500000e+01     1.09924937e+03     2.99843734e+02     2.31753049e+02     1.17083687e+02   
    4.60000000e+04     1.15000000e+01     1.09925464e+03     2.96334374e+02     2.31450384e+02     1.17691968e+02   
    4.62000000e+04     1.15500000e+01     1.09926389e+03     2.97826224e+02     2.31210938e+02     1.17349617e+02   
    4.64000000e+04     1.16000000e+01     1.09926797e+03     3.01475699e+02     2.31838122e+02     1.18398309e+02   
    4.66000000e+04     1.16500000e+01     1.09926142e+03     2.96758148e+02     2.30800001e+02     1.14810838e+02   
    4.68000000e+04     1.17000000e+01     1.09927105e+03     2.99459356e+02     2.31199055e+02     1.15967955e+02   
    4.70000000e+04     1.17500000e+01     1.09927661e+03     3.00028998e+02     2.33224121e+02     1.17636462e+02   
    4.72000000e+04     1.18000000e+01     1.09928130e+03     3.00281909e+02     2.31716871e+02     1.16438961e+02   
    4.74000000e+04     1.18500000e+01     1.09929652e+03     2.97573086e+02     2.31836187e+02     1.16733963e+02   
    4.76000000e+04     1.19000000e+01     1.09929781e+03     3.01959877e+02     2.31590707e+02     1.16715028e+02   
    4.78000000e+04     1.19500000e+01     1.09930148e+03     2.98082520e+02     2.31015829e+02     1.17102043e+02   
    4.80000000e+04     1.20000000e+01     1.09930371e+03     2.99643798e+02     2.32176794e+02     1.15699780e+02   
    4.82000000e+04     1.20500000e+01     1.09930467e+03     2.99436926e+02     2.31635749e+02     1.17532903e+02   
    4.84000000e+04     1.21000000e+01     1.09930350e+03     2.96669025e+02     2.32243658e+02     1.17902818e+02   
    4.86000000e+04     1.21500000e+01     1.09930380e+03     2.98414007e+02     2.30482596e+02     1.16764951e+02   
    4.88000000e+04     1.22000000e+01     1.09930190e+03     2.96778758e+02     2.29550797e+02     1.14959314e+02   
    4.90000000e+04     1.22500000e+01     1.09931661e+03     2.97619943e+02     2.31354024e+02     1.16746170e+02   
    4.92000000e+04     1.23000000e+01     1.09932423e+03     2.99368964e+02     2.32812285e+02     1.17746354e+02   
    4.94000000e+04     1.23500000e+01     1.09934074e+03     2.98317563e+02     2.32728335e+02     1.17364420e+02   
    4.96000000e+04     1.24000000e+01     1.09933506e+03     2.98808122e+02     2.28967292e+02     1.14650733e+02   
    4.98000000e+04     1.24500000e+01     1.09935435e+03     3.00009252e+02     2.31778260e+02     1.15433153e+02   
    5.00000000e+04     1.25000000e+01     1.09935920e+03     2.95534600e+02     2.31739301e+02     1.16024386e+02   
    5.02000000e+04     1.25500000e+01     1.09935307e+03     2.99994102e+02     2.33359431e+02     1.18027521e+02   
    5.04000000e+04     1.26000000e+01     1.09935468e+03     2.97413707e+02     2.33046742e+02     1.18690057e+02   
    5.06000000e+04     1.26500000e+01     1.09937070e+03     2.98619142e+02     2.31660874e+02     1.16469720e+02   
    5.08000000e+04     1.27000000e+01     1.09938581e+03     2.96559249e+02     2.32636179e+02     1.17072909e+02   
    5.10000000e+04     1.27500000e+01     1.09938437e+03     2.98562159e+02     2.31869094e+02     1.16648004e+02   
    5.12000000e+04     1.28000000e+01     1.09939192e+03     2.99264681e+02     2.31311278e+02     1.16568568e+02   
    5.14000000e+04     1.28500000e+01     1.09938441e+03     2.99232018e+02     2.32340968e+02     1.16891404e+02   
    5.16000000e+04     1.29000000e+01     1.09937900e+03     2.98949964e+02     2.29705344e+02     1.14307554e+02   
    5.18000000e+04     1.29500000e+01     1.09938987e+03     2.99456554e+02     2.31711935e+02     1.16468258e+02   
    5.20000000e+04     1.30000000e+01     1.09939049e+03     2.96081319e+02     2.32575683e+02     1.18658817e+02   
    5.22000000e+04     1.30500000e+01     1.09938964e+03     3.00497775e+02     2.33778315e+02     1.19343110e+02   
    5.24000000e+04     1.31000000e+01     1.09938294e+03     3.00179612e+02     2.32053605e+02     1.17809228e+02   
    5.26000000e+04     1.31500000e+01     1.09939234e+03     2.97042935e+02     2.33065817e+02     1.19464448e+02   
    5.28000000e+04     1.32000000e+01     1.09939461e+03     3.00867982e+02     2.33285144e+02     1.21131107e+02   
    5.30000000e+04     1.32500000e+01     1.09939398e+03     2.98193642e+02     2.31207392e+02     1.17892758e+02   
    5.32000000e+04     1.33000000e+01     1.09941112e+03     3.00455343e+02     2.31827184e+02     1.17822520e+02   
    5.34000000e+04     1.33500000e+01     1.09940218e+03     3.03285943e+02     2.29682265e+02     1.14644712e+02   
    5.36000000e+04     1.34000000e+01     1.09941875e+03     3.00553837e+02     2.31363372e+02     1.18215375e+02   
    5.38000000e+04     1.34500000e+01     1.09941105e+03     2.99553721e+02     2.31358278e+02     1.16544600e+02   
    5.40000000e+04     1.35000000e+01     1.09941556e+03     3.01020154e+02     2.31765480e+02     1.18802119e+02   
    5.42000000e+04     1.35500000e+01     1.09942670e+03     3.02198961e+02     2.32583263e+02     1.19437867e+02   
    5.44000000e+04     1.36000000e+01     1.09942728e+03     2.99910870e+02     2.31205663e+02     1.18240867e+02   
    5.46000000e+04     1.36500000e+01     1.09943921e+03     2.97383558e+02     2.30883481e+02     1.18673322e+02   
    5.48000000e+04     1.37000000e+01     1.09944302e+03     3.00027714e+02     2.30840629e+02     1.17510207e+02   
    5.50000000e+04     1.37500000e+01     1.09944577e+03     3.02656290e+02     2.31704372e+02     1.17653697e+02   
    5.52000000e+04     1.38000000e+01     1.09944279e+03     2.99919009e+02     2.31161141e+02     1.16405489e+02   
    5.54000000e+04     1.38500000e+01     1.09946858e+03     2.97219175e+02     2.33578935e+02     1.20059474e+02   
    5.56000000e+04     1.39000000e+01     1.09947919e+03     3.05202689e+02     2.32027079e+02     1.19322334e+02   
    5.58000000e+04     1.39500000e+01     1.09949050e+03     3.01372717e+02     2.33096499e+02     1.20053781e+02   
    5.60000000e+04     1.40000000e+01     1.09949153e+03     3.01493367e+02     2.31417040e+02     1.18681630e+02   
    5.62000000e+04     1.40500000e+01     1.09949704e+03     3.00230752e+02     2.31455735e+02     1.20812868e+02   
    5.64000000e+04     1.41000000e+01     1.09949420e+03     3.01075270e+02     2.32419083e+02     1.20043414e+02   
    5.66000000e+04     1.41500000e+01     1.09949562e+03     2.99573600e+02     2.31526845e+02     1.20111971e+02   
    5.68000000e+04     1.42000000e+01     1.09950641e+03     3.01020613e+02     2.32587083e+02     1.19081173e+02   
    5.70000000e+04     1.42500000e+01     1.09951884e+03     3.01142093e+02     2.31217843e+02     1.17998757e+02   
    5.72000000e+04     1.43000000e+01     1.09952826e+03     3.01701040e+02     2.31209475e+02     1.18857040e+02   
    5.74000000e+04     1.43500000e+01     1.09953355e+03     3.01896013e+02     2.30867347e+02     1.16703738e+02   
    5.76000000e+04     1.44000000e+01     1.09952954e+03     2.98863020e+02     2.32848011e+02     1.20238328e+02   
    5.78000000e+04     1.44500000e+01     1.09953393e+03     2.97416410e+02     2.32002559e+02     1.19841767e+02   
    5.80000000e+04     1.45000000e+01     1.09953976e+03     2.96780504e+02     2.31504009e+02     1.18912328e+02   
    5.82000000e+04     1.45500000e+01     1.09953357e+03     2.97646108e+02     2.29811576e+02     1.17064374e+02   
    5.84000000e+04     1.46000000e+01     1.09953718e+03     2.99812112e+02     2.32980490e+02     1.20220991e+02   
    5.86000000e+04     1.46500000e+01     1.09953537e+03     3.01314217e+02     2.33054428e+02     1.22136362e+02   
    5.88000000e+04     1.47000000e+01     1.09953180e+03     2.98803396e+02     2.31689135e+02     1.18659542e+02   
    5.90000000e+04     1.47500000e+01     1.09955032e+03     3.01069684e+02     2.30385780e+02     1.18554106e+02   
    5.92000000e+04     1.48000000e+01     1.09956415e+03     2.98151678e+02     2.31306829e+02     1.19148845e+02   
    5.94000000e+04     1.48500000e+01     1.09957547e+03     2.97054828e+02     2.31896411e+02     1.21405666e+02   
    5.96000000e+04     1.49000000e+01     1.09956804e+03     3.03349719e+02     2.29618550e+02     1.17591311e+02   
    5.98000000e+04     1.49500000e+01     1.09957759e+03     2.99914522e+02     2.32544251e+02     1.21010793e+02   
    6.00000000e+04     1.50000000e+01     1.09958800e+03     2.99318628e+02     2.33967427e+02     1.21939208e+02   
    6.02000000e+04     1.50500000e+01     1.09957797e+03     3.00412181e+02     2.30228982e+02     1.18694529e+02   
    6.04000000e+04     1.51000000e+01     1.09959336e+03     3.00297293e+02     2.32936963e+02     1.20922644e+02   
    6.06000000e+04     1.51500000e+01     1.09958530e+03     3.02181771e+02     2.30624514e+02     1.17653925e+02   
    6.08000000e+04     1.52000000e+01     1.09959000e+03     3.00859203e+02     2.31834671e+02     1.17372059e+02   
    6.10000000e+04     1.52500000e+01     1.09959130e+03     2.99936456e+02     2.30920722e+02     1.16851990e+02   
    6.12000000e+04     1.53000000e+01     1.09960554e+03     2.99226393e+02     2.33666857e+02     1.20656732e+02   
    6.14000000e+04     1.53500000e+01     1.09959860e+03     3.01418096e+02     2.31687615e+02     1.17004224e+02   
    6.16000000e+04     1.54000000e+01     1.09960876e+03     3.00842018e+02     2.31392215e+02     1.19059428e+02   
    6.18000000e+04     1.54500000e+01     1.09961412e+03     2.98225088e+02     2.31425191e+02     1.18749664e+02   
    6.20000000e+04     1.55000000e+01     1.09959959e+03     3.04862683e+02     2.29507759e+02     1.18178214e+02   
    6.22000000e+04     1.55500000e+01     1.09961155e+03     3.02504090e+02     2.31553577e+02     1.19168170e+02   
    6.24000000e+04     1.56000000e+01     1.09960221e+03     3.04531125e+02     2.31301719e+02     1.18519392e+02   
    6.26000000e+04     1.56500000e+01     1.09959172e+03     3.02031728e+02     2.30952620e+02     1.17514946e+02   
    6.28000000e+04     1.57000000e+01     1.09959347e+03     3.00900654e+02     2.31742189e+02     1.19661188e+02   
    6.30000000e+04     1.57500000e+01     1.09959143e+03     3.02567777e+02     2.32030149e+02     1.20286218e+02   
    6.32000000e+04     1.58000000e+01     1.09957790e+03     3.04155621e+02     2.29652374e+02     1.17696207e+02   
    6.34000000e+04     1.58500000e+01     1.09958690e+03     3.02988004e+02     2.31710589e+02     1.20118226e+02   
    6.36000000e+04     1.59000000e+01     1.09959860e+03     3.03167202e+02     2.32780922e+02     1.20760349e+02   
    6.38000000e+04     1.59500000e+01     1.09958609e+03     3.00983924e+02     2.29284795e+02     1.18391659e+02   
    6.40000000e+04     1.60000000e+01     1.09958676e+03     3.01184733e+02     2.30863351e+02     1.18109447e+02   
    6.42000000e+04     1.60500000e+01     1.09957811e+03     2.99778167e+02     2.31222512e+02     1.18006541e+02   
    6.44000000e+04     1.61000000e+01     1.09957056e+03     3.04157699e+02     2.31380705e+02     1.17183891e+02   
    6.46000000e+04     1.61500000e+01     1.09957765e+03     3.01955291e+02     2.32329056e+02     1.19051557e+02   
    6.48000000e+04     1.62000000e+01     1.09958623e+03     3.04207964e+02     2.33452985e+02     1.19791726e+02   
    6.50000000e+04     1.62500000e+01     1.09956790e+03     3.01845821e+02     2.31261625e+02     1.18737433e+02   
    6.52000000e+04     1.63000000e+01     1.09956554e+03     3.01593892e+02     2.31587529e+02     1.18342023e+02   
    6.54000000e+04     1.63500000e+01     1.09956416e+03     2.97547256e+02     2.31977802e+02     1.20145972e+02   
    6.56000000e+04     1.64000000e+01     1.09955450e+03     3.04229836e+02     2.31690034e+02     1.19249891e+02   
    6.58000000e+04     1.64500000e+01     1.09955345e+03     3.01104983e+02     2.32631462e+02     1.21104694e+02   
    6.60000000e+04     1.65000000e+01     1.09954705e+03     3.00515877e+02     2.31922262e+02     1.18397466e+02   
    6.62000000e+04     1.65500000e+01     1.09954958e+03     3.02559744e+02     2.32579248e+02     1.19570554e+02   
    6.64000000e+04     1.66000000e+01     1.09954894e+03     3.02848498e+02     2.33175669e+02     1.17651547e+02   
    6.66000000e+04     1.66500000e+01     1.09953913e+03     3.01274649e+02     2.32568449e+02     1.18321514e+02   
    6.68000000e+04     1.67000000e+01     1.09951354e+03     3.00712178e+02     2.30242007e+02     1.13292050e+02   
    6.70000000e+04     1.67500000e+01     1.09951784e+03     3.03902562e+02     2.29784908e+02     1.14314037e+02   
    6.72000000e+04     1.68000000e+01     1.09951365e+03     3.00062646e+02     2.30404107e+02     1.13779000e+02   
    6.74000000e+04     1.68500000e+01     1.09951137e+03     2.99890646e+02     2.31654399e+02     1.17077508e+02   
    6.76000000e+04     1.69000000e+01     1.09950280e+03     3.00973209e+02     2.31756558e+02     1.17110984e+02   
    6.78000000e+04     1.69500000e+01     1.09950420e+03     3.01212762e+02     2.32076564e+02     1.15423067e+02   
    6.80000000e+04     1.70000000e+01     1.09950833e+03     3.02502716e+02     2.32605691e+02     1.15492408e+02   
    6.82000000e+04     1.70500000e+01     1.09951054e+03     2.98592685e+02     2.32067431e+02     1.16087894e+02   
    6.84000000e+04     1.71000000e+01     1.09950784e+03     3.02997401e+02     2.33136684e+02     1.17620370e+02   
    6.86000000e+04     1.71500000e+01     1.09950632e+03     3.00105056e+02     2.30067030e+02     1.16170933e+02   
    6.88000000e+04     1.72000000e+01     1.09950936e+03     3.01328936e+02     2.30612619e+02     1.14546488e+02   
    6.90000000e+04     1.72500000e+01     1.09951594e+03     3.01436105e+02     2.32907612e+02     1.18699826e+02   
    6.92000000e+04     1.73000000e+01     1.09951390e+03     3.00999302e+02     2.31007564e+02     1.16060420e+02   
    6.94000000e+04     1.73500000e+01     1.09951909e+03     2.99699992e+02     2.32498959e+02     1.19211093e+02   
    6.96000000e+04     1.74000000e+01     1.09950375e+03     2.96353316e+02     2.30079163e+02     1.14697437e+02   
    6.98000000e+04     1.74500000e+01     1.09950853e+03     3.00171407e+02     2.31308403e+02     1.16359558e+02   
    7.00000000e+04     1.75000000e+01     1.09950925e+03     2.99124908e+02     2.32027886e+02     1.16177878e+02   
    7.02000000e+04     1.75500000e+01     1.09950796e+03     2.99614495e+02     2.30686974e+02     1.16120605e+02   
    7.04000000e+04     1.76000000e+01     1.09952285e+03     3.00137495e+02     2.33495548e+02     1.17391370e+02   
    7.06000000e+04     1.76500000e+01     1.09952369e+03     3.01370457e+02     2.32353908e+02     1.17690575e+02   
    7.08000000e+04     1.77000000e+01     1.09952843e+03     3.00413441e+02     2.30935884e+02     1.15600935e+02   
    7.10000000e+04     1.77500000e+01     1.09952347e+03     2.98525357e+02     2.31396709e+02     1.16823000e+02   
    7.12000000e+04     1.78000000e+01     1.09952734e+03     2.98185675e+02     2.31542767e+02     1.16882843e+02   
    7.14000000e+04     1.78500000e+01     1.09953320e+03     2.99205705e+02     2.31768544e+02     1.17624482e+02   
    7.16000000e+04     1.79000000e+01     1.09953942e+03     3.00994870e+02     2.32165638e+02     1.16995058e+02   
    7.18000000e+04     1.79500000e+01     1.09952148e+03     2.97563805e+02     2.29941079e+02     1.15060659e+02   
    7.20000000e+04     1.80000000e+01     1.09952944e+03     2.99847506e+02     2.33165364e+02     1.18627941e+02   
    7.22000000e+04     1.80500000e+01     1.09952237e+03     2.95852103e+02     2.32591875e+02     1.17153315e+02   
    7.24000000e+04     1.81000000e+01     1.09952001e+03     2.98643821e+02     2.31881047e+02     1.15969620e+02   
    7.26000000e+04     1.81500000e+01     1.09952244e+03     2.97102740e+02     2.32936188e+02     1.17370011e+02   
    7.28000000e+04     1.82000000e+01     1.09950714e+03     2.98512354e+02     2.31731875e+02     1.17634722e+02   
    7.30000000e+04     1.82500000e+01     1.09950352e+03     3.01167616e+02     2.30069447e+02     1.16822739e+02   
    7.32000000e+04     1.83000000e+01     1.09950969e+03     3.01259086e+02     2.31568293e+02     1.16504512e+02   
    7.34000000e+04     1.83500000e+01     1.09950981e+03     2.98370616e+02     2.32226091e+02     1.18334635e+02   
    7.36000000e+04     1.84000000e+01     1.09950546e+03     2.99199392e+02     2.32047972e+02     1.19260693e+02   
    7.38000000e+04     1.84500000e+01     1.09949694e+03     2.97696630e+02     2.31131340e+02     1.18885487e+02   
    7.40000000e+04     1.85000000e+01     1.09950841e+03     3.00433760e+02     2.33444351e+02     1.19692891e+02   
    7.42000000e+04     1.85500000e+01     1.09950388e+03     2.99154390e+02     2.31754949e+02     1.16842054e+02   
    7.44000000e+04     1.86000000e+01     1.09950921e+03     3.00817627e+02     2.31977003e+02     1.17899645e+02   
    7.46000000e+04     1.86500000e+01     1.09950912e+03     2.99341166e+02     2.30536885e+02     1.17585974e+02   
    7.48000000e+04     1.87000000e+01     1.09952423e+03     3.00378605e+02     2.32418999e+02     1.19814481e+02   
    7.50000000e+04     1.87500000e+01     1.09951673e+03     2.99084957e+02     2.31560197e+02     1.17986327e+02   
    7.52000000e+04     1.88000000e+01     1.09951246e+03     2.99071850e+02     2.30813224e+02     1.17426440e+02   
    7.54000000e+04     1.88500000e+01     1.09951511e+03     2.99382490e+02     2.29850873e+02     1.16644800e+02   
    7.56000000e+04     1.89000000e+01     1.09951957e+03     2.97890609e+02     2.30478627e+02     1.18987840e+02   
    7.58000000e+04     1.89500000e+01     1.09953152e+03     2.98170684e+02     2.32992476e+02     1.19796480e+02   
    7.60000000e+04     1.90000000e+01     1.09951857e+03     2.99235033e+02     2.32017070e+02     1.20551176e+02   
    7.62000000e+04     1.90500000e+01     1.09951140e+03     2.99590076e+02     2.31689139e+02     1.19608332e+02   
    7.64000000e+04     1.91000000e+01     1.09949879e+03     3.00176157e+02     2.29246107e+02     1.19086651e+02   
    7.66000000e+04     1.91500000e+01     1.09950732e+03     2.99968564e+02     2.31164101e+02     1.17632863e+02   
    7.68000000e+04     1.92000000e+01     1.09951775e+03     3.00125399e+02     2.32545833e+02     1.17861272e+02   
    7.70000000e+04     1.92500000e+01     1.09950951e+03     2.99092439e+02     2.31361713e+02     1.16965587e+02   
    7.72000000e+04     1.93000000e+01     1.09950052e+03     2.99818326e+02     2.33091803e+02     1.18982982e+02   
    7.74000000e+04     1.93500000e+01     1.09948769e+03     2.98470747e+02     2.33406501e+02     1.19014498e+02   
    7.76000000e+04     1.94000000e+01     1.09947306e+03     2.98918182e+02     2.30296969e+02     1.15497603e+02   
    7.78000000e+04     1.94500000e+01     1.09949009e+03     2.94726401e+02     2.33457755e+02     1.18742757e+02   
    7.80000000e+04     1.95000000e+01     1.09948341e+03     3.00114873e+02     2.32202943e+02     1.17537639e+02   
    7.82000000e+04     1.95500000e+01     1.09947665e+03     3.02380873e+02     2.30051632e+02     1.16803636e+02   
    7.84000000e+04     1.96000000e+01     1.09949902e+03     3.01199901e+02     2.32871355e+02     1.18647124e+02   
    7.86000000e+04     1.96500000e+01     1.09950112e+03     2.98162419e+02     2.31519367e+02     1.18502625e+02   
    7.88000000e+04     1.97000000e+01     1.09950345e+03     2.99657931e+02     2.30623533e+02     1.16934403e+02   
    7.90000000e+04     1.97500000e+01     1.09950717e+03     3.00169149e+02     2.32557402e+02     1.18824535e+02   
    7.92000000e+04     1.98000000e+01     1.09950352e+03     3.00380415e+02     2.29339685e+02     1.13187380e+02   
    7.94000000e+04     1.98500000e+01     1.09952291e+03     3.00471572e+02     2.31825475e+02     1.16178552e+02   
    7.96000000e+04     1.99000000e+01     1.09952717e+03     2.99976816e+02     2.30851188e+02     1.16275248e+02   
    7.98000000e+04     1.99500000e+01     1.09953410e+03     2.98272607e+02     2.31080180e+02     1.16013009e+02   
    8.00000000e+04     2.00000000e+01     1.09953010e+03     2.98030659e+02     2.29945221e+02     1.15636221e+02   
