# column   1     --> step : The current simulation time step.
# column   2     --> time{picosecond} : The elapsed simulation time.
# column   3     --> conserved{electronvolt} : The value of the conserved energy quantity per bead.
# column   4     --> temperature{kelvin} : The current temperature, as obtained from the MD kinetic energy.
# column   5     --> kinetic_cv{electronvolt} : The centroid-virial quantum kinetic energy of the physical system.
# column   6     --> potential{electronvolt} : The physical system potential energy.
    0.00000000e+00     0.00000000e+00     1.10296772e+03     3.04428649e+02     2.32130011e+02     1.19588558e+02   
    2.00000000e+02     5.00000000e-02     1.10296148e+03     2.97785620e+02     2.32201290e+02     1.19961843e+02   
    4.00000000e+02     1.00000000e-01     1.10296495e+03     3.00787583e+02     2.32186028e+02     1.20152852e+02   
    6.00000000e+02     1.50000000e-01     1.10296757e+03     3.00401400e+02     2.32280558e+02     1.20072591e+02   
    8.00000000e+02     2.00000000e-01     1.10297206e+03     2.98417425e+02     2.31743961e+02     1.20587383e+02   
    1.00000000e+03     2.50000000e-01     1.10296316e+03     3.00025914e+02     2.31753738e+02     1.18879747e+02   
    1.20000000e+03     3.00000000e-01     1.10296547e+03     3.02228011e+02     2.30117524e+02     1.17221369e+02   
    1.40000000e+03     3.50000000e-01     1.10297596e+03     3.02540232e+02     2.33467111e+02     1.20219007e+02   
    1.60000000e+03     4.00000000e-01     1.10297290e+03     2.97035495e+02     2.32738049e+02     1.19656026e+02   
    1.80000000e+03     4.50000000e-01     1.10298272e+03     2.99081277e+02     2.31002700e+02     1.17223246e+02   
    2.00000000e+03     5.00000000e-01     1.10299456e+03     3.01725593e+02     2.32649625e+02     1.18933219e+02   
    2.20000000e+03     5.50000000e-01     1.10298186e+03     2.99480873e+02     2.29132803e+02     1.17016400e+02   
    2.40000000e+03     6.00000000e-01     1.10300155e+03     2.98889990e+02     2.32241222e+02     1.19727873e+02   
    2.60000000e+03     6.50000000e-01     1.10298888e+03     2.98386687e+02     2.31278895e+02     1.18204543e+02   
    2.80000000e+03     7.00000000e-01     1.10298902e+03     3.00904486e+02     2.32750760e+02     1.19453489e+02   
    3.00000000e+03     7.50000000e-01     1.10299119e+03     2.98555043e+02     2.32787385e+02     1.20694385e+02   
    3.20000000e+03     8.00000000e-01     1.10299021e+03     3.02469386e+02     2.31191715e+02     1.19077527e+02   
    3.40000000e+03     8.50000000e-01     1.10299158e+03     3.02427834e+02     2.31853207e+02     1.20915428e+02   
    3.60000000e+03     9.00000000e-01     1.10298891e+03     3.01348141e+02     2.30679984e+02     1.19746428e+02   
    3.80000000e+03     9.50000000e-01     1.10298894e+03     2.97713506e+02     2.32656285e+02     1.21313218e+02   
    4.00000000e+03     1.00000000e+00     1.10298977e+03     2.99881169e+02     2.32362289e+02     1.19832254e+02   
    4.20000000e+03     1.05000000e+00     1.10298006e+03     2.99997041e+02     2.31372399e+02     1.19290041e+02   
    4.40000000e+03     1.10000000e+00     1.10298013e+03     3.00071598e+02     2.31056175e+02     1.17939152e+02   
    4.60000000e+03     1.15000000e+00     1.10297977e+03     2.99006715e+02     2.31579123e+02     1.19710551e+02   
    4.80000000e+03     1.20000000e+00     1.10297747e+03     2.97617014e+02     2.32079498e+02     1.20905598e+02   
    5.00000000e+03     1.25000000e+00     1.10298777e+03     2.98946967e+02     2.31908159e+02     1.20887244e+02   
    5.20000000e+03     1.30000000e+00     1.10297778e+03     2.98786006e+02     2.30074803e+02     1.18423208e+02   
    5.40000000e+03     1.35000000e+00     1.10298904e+03     3.02695019e+02     2.31873182e+02     1.18696846e+02   
    5.60000000e+03     1.40000000e+00     1.10299389e+03     2.97969532e+02     2.32054044e+02     1.21081804e+02   
    5.80000000e+03     1.45000000e+00     1.10299396e+03     3.00535196e+02     2.30699835e+02     1.18169586e+02   
    6.00000000e+03     1.50000000e+00     1.10299473e+03     3.00716171e+02     2.31864832e+02     1.21798475e+02   
    6.20000000e+03     1.55000000e+00     1.10300388e+03     2.99937236e+02     2.33541107e+02     1.21587149e+02   
    6.40000000e+03     1.60000000e+00     1.10299157e+03     3.00594687e+02     2.31519920e+02     1.19224437e+02   
    6.60000000e+03     1.65000000e+00     1.10299275e+03     3.05501269e+02     2.32522900e+02     1.20052074e+02   
    6.80000000e+03     1.70000000e+00     1.10298831e+03     3.03757982e+02     2.32601855e+02     1.17937648e+02   
    7.00000000e+03     1.75000000e+00     1.10298179e+03     3.01959149e+02     2.30068207e+02     1.16501580e+02   
    7.20000000e+03     1.80000000e+00     1.10298818e+03     2.99193623e+02     2.32123561e+02     1.19375727e+02   
    7.40000000e+03     1.85000000e+00     1.10297950e+03     2.99943264e+02     2.31528939e+02     1.18951697e+02   
    7.60000000e+03     1.90000000e+00     1.10298715e+03     2.99971071e+02     2.28620114e+02     1.16919697e+02   
    7.80000000e+03     1.95000000e+00     1.10300761e+03     3.01007914e+02     2.32704026e+02     1.20091703e+02   
    8.00000000e+03     2.00000000e+00     1.10300916e+03     3.03930801e+02     2.32581559e+02     1.20326852e+02   
    8.20000000e+03     2.05000000e+00     1.10300342e+03     3.04110160e+02     2.31669418e+02     1.18652411e+02   
    8.40000000e+03     2.10000000e+00     1.10300668e+03     3.03699383e+02     2.31189336e+02     1.19044223e+02   
    8.60000000e+03     2.15000000e+00     1.10299968e+03     3.01543360e+02     2.30957196e+02     1.16542850e+02   
    8.80000000e+03     2.20000000e+00     1.10300889e+03     3.01788410e+02     2.32006677e+02     1.18300726e+02   
    9.00000000e+03     2.25000000e+00     1.10299701e+03     3.02260947e+02     2.31040121e+02     1.18596074e+02   
    9.20000000e+03     2.30000000e+00     1.10301274e+03     3.02234150e+02     2.31924244e+02     1.21970080e+02   
    9.40000000e+03     2.35000000e+00     1.10301945e+03     3.02591226e+02     2.31103503e+02     1.19433040e+02   
    9.60000000e+03     2.40000000e+00     1.10303630e+03     3.02394592e+02     2.31947796e+02     1.21025786e+02   
    9.80000000e+03     2.45000000e+00     1.10303919e+03     3.01762256e+02     2.30751154e+02     1.20145839e+02   
    1.00000000e+04     2.50000000e+00     1.10304568e+03     3.00195677e+02     2.31853663e+02     1.21940331e+02   
    1.02000000e+04     2.55000000e+00     1.10303406e+03     3.00799600e+02     2.33220466e+02     1.22582991e+02   
    1.04000000e+04     2.60000000e+00     1.10302616e+03     3.05161510e+02     2.32750501e+02     1.22248355e+02   
    1.06000000e+04     2.65000000e+00     1.10302682e+03     3.01427705e+02     2.32506449e+02     1.20914713e+02   
    1.08000000e+04     2.70000000e+00     1.10303536e+03     3.00590433e+02     2.30890491e+02     1.20564846e+02   
    1.10000000e+04     2.75000000e+00     1.10303639e+03     3.02944512e+02     2.30780166e+02     1.18494397e+02   
    1.12000000e+04     2.80000000e+00     1.10305292e+03     2.99622517e+02     2.31745971e+02     1.20078062e+02   
    1.14000000e+04     2.85000000e+00     1.10304790e+03     3.00995278e+02     2.32103211e+02     1.20440230e+02   
    1.16000000e+04     2.90000000e+00     1.10304416e+03     2.97264579e+02     2.31981231e+02     1.20343915e+02   
    1.18000000e+04     2.95000000e+00     1.10303442e+03     3.02941788e+02     2.30914730e+02     1.17197834e+02   
    1.20000000e+04     3.00000000e+00     1.10304311e+03     3.01793065e+02     2.33167330e+02     1.20322946e+02   
    1.22000000e+04     3.05000000e+00     1.10305008e+03     3.01066454e+02     2.32776341e+02     1.18427532e+02   
    1.24000000e+04     3.10000000e+00     1.10305261e+03     2.98849273e+02     2.32079865e+02     1.19062199e+02   
    1.26000000e+04     3.15000000e+00     1.10305680e+03     3.00757262e+02     2.32022104e+02     1.17527281e+02   
    1.28000000e+04     3.20000000e+00     1.10305437e+03     2.97347336e+02     2.32385048e+02     1.19740519e+02   
    1.30000000e+04     3.25000000e+00     1.10303848e+03     2.99384993e+02     2.30774891e+02     1.17392122e+02   
    1.32000000e+04     3.30000000e+00     1.10303856e+03     3.02046842e+02     2.32950121e+02     1.19142597e+02   
    1.34000000e+04     3.35000000e+00     1.10303621e+03     2.99975702e+02     2.32489206e+02     1.20037439e+02   
    1.36000000e+04     3.40000000e+00     1.10303900e+03     3.01720911e+02     2.31922858e+02     1.16931707e+02   
    1.38000000e+04     3.45000000e+00     1.10304160e+03     3.00444725e+02     2.32115669e+02     1.18209162e+02   
    1.40000000e+04     3.50000000e+00     1.10304465e+03     3.02125023e+02     2.30780654e+02     1.16722849e+02   
    1.42000000e+04     3.55000000e+00     1.10304647e+03     2.98823828e+02     2.31914984e+02     1.18104392e+02   
    1.44000000e+04     3.60000000e+00     1.10304292e+03     2.99602999e+02     2.32478013e+02     1.19005834e+02   
    1.46000000e+04     3.65000000e+00     1.10304345e+03     3.01292417e+02     2.30743994e+02     1.16208357e+02   
    1.48000000e+04     3.70000000e+00     1.10305669e+03     3.01914776e+02     2.31130915e+02     1.19554805e+02   
    1.50000000e+04     3.75000000e+00     1.10307238e+03     2.99407998e+02     2.32425697e+02     1.19520629e+02   
    1.52000000e+04     3.80000000e+00     1.10307617e+03     3.01867941e+02     2.31015066e+02     1.19503961e+02   
    1.54000000e+04     3.85000000e+00     1.10307937e+03     3.00675553e+02     2.33090578e+02     1.22795411e+02   
    1.56000000e+04     3.90000000e+00     1.10306872e+03     3.01848246e+02     2.31853935e+02     1.21079738e+02   
    1.58000000e+04     3.95000000e+00     1.10305986e+03     3.01253505e+02     2.32457419e+02     1.21890565e+02   
    1.60000000e+04     4.00000000e+00     1.10305687e+03     3.02912088e+02     2.31987611e+02     1.20280271e+02   
    1.62000000e+04     4.05000000e+00     1.10305966e+03     3.00610324e+02     2.33621231e+02     1.21216430e+02   
    1.64000000e+04     4.10000000e+00     1.10305682e+03     3.02194300e+02     2.31017064e+02     1.18387025e+02   
    1.66000000e+04     4.15000000e+00     1.10304644e+03     3.00776313e+02     2.30876041e+02     1.19328154e+02   
    1.68000000e+04     4.20000000e+00     1.10304418e+03     3.01805159e+02     2.30600520e+02     1.17833230e+02   
    1.70000000e+04     4.25000000e+00     1.10304660e+03     3.00913806e+02     2.31517737e+02     1.19526737e+02   
    1.72000000e+04     4.30000000e+00     1.10304119e+03     3.00834072e+02     2.30888751e+02     1.18149659e+02   
    1.74000000e+04     4.35000000e+00     1.10303548e+03     2.98062117e+02     2.31906778e+02     1.19647854e+02   
    1.76000000e+04     4.40000000e+00     1.10302994e+03     3.01917853e+02     2.30039168e+02     1.15987896e+02   
    1.78000000e+04     4.45000000e+00     1.10304074e+03     3.03338998e+02     2.31603090e+02     1.18383635e+02   
    1.80000000e+04     4.50000000e+00     1.10303734e+03     3.00168558e+02     2.30181237e+02     1.16744444e+02   
    1.82000000e+04     4.55000000e+00     1.10303736e+03     3.04029687e+02     2.33658593e+02     1.20109962e+02   
    1.84000000e+04     4.60000000e+00     1.10302407e+03     3.01758461e+02     2.32336382e+02     1.17716218e+02   
    1.86000000e+04     4.65000000e+00     1.10303124e+03     3.01241233e+02     2.31804655e+02     1.18404464e+02   
    1.88000000e+04     4.70000000e+00     1.10303447e+03     3.00901784e+02     2.32245938e+02     1.18612755e+02   
    1.90000000e+04     4.75000000e+00     1.10303406e+03     2.98534496e+02     2.32212386e+02     1.18323806e+02   
    1.92000000e+04     4.80000000e+00     1.10301921e+03     2.99912545e+02     2.32199017e+02     1.18382862e+02   
    1.94000000e+04     4.85000000e+00     1.10302245e+03     3.03621566e+02     2.32170937e+02     1.17604781e+02   
    1.96000000e+04     4.90000000e+00     1.10301973e+03     3.00946425e+02     2.32204206e+02     1.18938500e+02   
    1.98000000e+04     4.95000000e+00     1.10302975e+03     2.98856478e+02     2.33505418e+02     1.18144515e+02   
    2.00000000e+04     5.00000000e+00     1.10302662e+03     3.01235952e+02     2.32653641e+02     1.17485155e+02   
    2.02000000e+04     5.05000000e+00     1.10303087e+03     2.99589770e+02     2.31374424e+02     1.16494354e+02   
    2.04000000e+04     5.10000000e+00     1.10303496e+03     3.00990131e+02     2.31479661e+02     1.16127426e+02   
    2.06000000e+04     5.15000000e+00     1.10304047e+03     2.99346578e+02     2.33200032e+02     1.19429560e+02   
    2.08000000e+04     5.20000000e+00     1.10302744e+03     2.99570559e+02     2.31852180e+02     1.17776344e+02   
    2.10000000e+04     5.25000000e+00     1.10302057e+03     2.99799989e+02     2.31043648e+02     1.18515658e+02   
    2.12000000e+04     5.30000000e+00     1.10301265e+03     3.03665834e+02     2.31374361e+02     1.17186712e+02   
    2.14000000e+04     5.35000000e+00     1.10300490e+03     3.01196452e+02     2.30674015e+02     1.18467950e+02   
    2.16000000e+04     5.40000000e+00     1.10301160e+03     3.01068494e+02     2.31437772e+02     1.18039669e+02   
    2.18000000e+04     5.45000000e+00     1.10300308e+03     2.99520038e+02     2.30260968e+02     1.18695650e+02   
    2.20000000e+04     5.50000000e+00     1.10300621e+03     3.01996301e+02     2.32405902e+02     1.18020680e+02   
    2.22000000e+04     5.55000000e+00     1.10299878e+03     2.96330469e+02     2.31588180e+02     1.19010926e+02   
    2.24000000e+04     5.60000000e+00     1.10299308e+03     3.02121448e+02     2.31708771e+02     1.18998747e+02   
    2.26000000e+04     5.65000000e+00     1.10299630e+03     3.02742920e+02     2.32508021e+02     1.20621925e+02   
    2.28000000e+04     5.70000000e+00     1.10298984e+03     3.01075256e+02     2.31967616e+02     1.18689463e+02   
    2.30000000e+04     5.75000000e+00     1.10297652e+03     3.03794192e+02     2.31421894e+02     1.16576747e+02   
    2.32000000e+04     5.80000000e+00     1.10298248e+03     3.03349318e+02     2.31094729e+02     1.17325209e+02   
    2.34000000e+04     5.85000000e+00     1.10297897e+03     2.99477839e+02     2.29382525e+02     1.16183447e+02   
    2.36000000e+04     5.90000000e+00     1.10300394e+03     3.02302272e+02     2.32985742e+02     1.19641997e+02   
    2.38000000e+04     5.95000000e+00     1.10300632e+03     3.01477569e+02     2.31897457e+02     1.20534303e+02   
    2.40000000e+04     6.00000000e+00     1.10301293e+03     2.99550352e+02     2.32665843e+02     1.21170970e+02   
    2.42000000e+04     6.05000000e+00     1.10300193e+03     3.00641733e+02     2.31138321e+02     1.20916956e+02   
    2.44000000e+04     6.10000000e+00     1.10299912e+03     3.01159819e+02     2.31682738e+02     1.19862432e+02   
    2.46000000e+04     6.15000000e+00     1.10299440e+03     3.01753461e+02     2.31222746e+02     1.20095578e+02   
    2.48000000e+04     6.20000000e+00     1.10299186e+03     2.99972615e+02     2.30247528e+02     1.18878812e+02   
    2.50000000e+04     6.25000000e+00     1.10300108e+03     3.01307023e+02     2.32011781e+02     1.21092939e+02   
    2.52000000e+04     6.30000000e+00     1.10300370e+03     3.01705221e+02     2.31956997e+02     1.20397380e+02   
    2.54000000e+04     6.35000000e+00     1.10299841e+03     3.01708675e+02     2.30356887e+02     1.19716486e+02   
    2.56000000e+04     6.40000000e+00     1.10300602e+03     3.01330640e+02     2.32552700e+02     1.21828048e+02   
    2.58000000e+04     6.45000000e+00     1.10299062e+03     3.01702721e+02     2.31320836e+02     1.19829350e+02   
    2.60000000e+04     6.50000000e+00     1.10300436e+03     3.01440117e+02     2.31862646e+02     1.20414294e+02   
    2.62000000e+04     6.55000000e+00     1.10301068e+03     3.02443043e+02     2.33004764e+02     1.20420296e+02   
    2.64000000e+04     6.60000000e+00     1.10301999e+03     3.00726274e+02     2.33637509e+02     1.22112927e+02   
    2.66000000e+04     6.65000000e+00     1.10300444e+03     3.00865772e+02     2.29823022e+02     1.18117837e+02   
    2.68000000e+04     6.70000000e+00     1.10302273e+03     2.98975322e+02     2.32134239e+02     1.21800010e+02   
    2.70000000e+04     6.75000000e+00     1.10302385e+03     2.98727417e+02     2.30905378e+02     1.19948936e+02   
    2.72000000e+04     6.80000000e+00     1.10304207e+03     2.99615242e+02     2.32788487e+02     1.21441809e+02   
    2.74000000e+04     6.85000000e+00     1.10303892e+03     3.00885694e+02     2.31638960e+02     1.20813619e+02   
    2.76000000e+04     6.90000000e+00     1.10305084e+03     2.98732264e+02     2.31537485e+02     1.21305975e+02   
    2.78000000e+04     6.95000000e+00     1.10304873e+03     3.02455336e+02     2.29554273e+02     1.18042669e+02   
    2.80000000e+04     7.00000000e+00     1.10305820e+03     3.01209116e+02     2.30664581e+02     1.20257577e+02   
    2.82000000e+04     7.05000000e+00     1.10306849e+03     2.99279099e+02     2.31323214e+02     1.21112196e+02   
    2.84000000e+04     7.10000000e+00     1.10306226e+03     2.96600351e+02     2.30661151e+02     1.21641506e+02   
    2.86000000e+04     7.15000000e+00     1.10306494e+03     2.98601722e+02     2.31111479e+02     1.20461929e+02   
    2.88000000e+04     7.20000000e+00     1.10307029e+03     3.01026133e+02     2.31972413e+02     1.20715065e+02   
    2.90000000e+04     7.25000000e+00     1.10305957e+03     3.00035472e+02     2.32109605e+02     1.19700134e+02   
    2.92000000e+04     7.30000000e+00     1.10306195e+03     3.03314703e+02     2.31169240e+02     1.20276457e+02   
    2.94000000e+04     7.35000000e+00     1.10307249e+03     3.01457733e+02     2.31589242e+02     1.20618110e+02   
    2.96000000e+04     7.40000000e+00     1.10307696e+03     3.02851142e+02     2.32081259e+02     1.18381312e+02   
    2.98000000e+04     7.45000000e+00     1.10307429e+03     3.00786779e+02     2.31747314e+02     1.19767978e+02   
    3.00000000e+04     7.50000000e+00     1.10306927e+03     2.99588439e+02     2.30829682e+02     1.17842798e+02   
    3.02000000e+04     7.55000000e+00     1.10309046e+03     3.00608489e+02     2.31303656e+02     1.18548146e+02   
    3.04000000e+04     7.60000000e+00     1.10309589e+03     2.99920381e+02     2.32074113e+02     1.18072954e+02   
    3.06000000e+04     7.65000000e+00     1.10309652e+03     2.98202929e+02     2.31114270e+02     1.16630292e+02   
    3.08000000e+04     7.70000000e+00     1.10308933e+03     3.00345749e+02     2.32005395e+02     1.18028692e+02   
    3.10000000e+04     7.75000000e+00     1.10307310e+03     3.01137525e+02     2.31155246e+02     1.16591762e+02   
    3.12000000e+04     7.80000000e+00     1.10308047e+03     3.02930572e+02     2.31339240e+02     1.18129957e+02   
    3.14000000e+04     7.85000000e+00     1.10308589e+03     3.01835191e+02     2.32684489e+02     1.19953768e+02   
    3.16000000e+04     7.90000000e+00     1.10308287e+03     3.01948174e+02     2.30091798e+02     1.18478149e+02   
    3.18000000e+04     7.95000000e+00     1.10308958e+03     2.98761781e+02     2.29969424e+02     1.18391064e+02   
    3.20000000e+04     8.00000000e+00     1.10309954e+03     2.98994369e+02     2.32494529e+02     1.19305633e+02   
    3.22000000e+04     8.05000000e+00     1.10310145e+03     3.01698800e+02     2.32922446e+02     1.19559061e+02   
    3.24000000e+04     8.10000000e+00     1.10310774e+03     3.03383416e+02     2.32585141e+02     1.20258112e+02   
    3.26000000e+04     8.15000000e+00     1.10311099e+03     3.01969096e+02     2.32326960e+02     1.19416015e+02   
    3.28000000e+04     8.20000000e+00     1.10311306e+03     2.99555586e+02     2.32507034e+02     1.20080662e+02   
    3.30000000e+04     8.25000000e+00     1.10310520e+03     3.01816222e+02     2.31419782e+02     1.18691392e+02   
    3.32000000e+04     8.30000000e+00     1.10311840e+03     3.00009394e+02     2.32820335e+02     1.22531954e+02   
    3.34000000e+04     8.35000000e+00     1.10311110e+03     3.02472792e+02     2.32320231e+02     1.19761661e+02   
    3.36000000e+04     8.40000000e+00     1.10308922e+03     3.00882122e+02     2.32676519e+02     1.21707923e+02   
    3.38000000e+04     8.45000000e+00     1.10307973e+03     2.99009161e+02     2.30002279e+02     1.19443243e+02   
    3.40000000e+04     8.50000000e+00     1.10307868e+03     2.99785599e+02     2.31980604e+02     1.20691881e+02   
    3.42000000e+04     8.55000000e+00     1.10308714e+03     3.00208283e+02     2.32158630e+02     1.20363208e+02   
    3.44000000e+04     8.60000000e+00     1.10309502e+03     2.99530119e+02     2.33916074e+02     1.21570566e+02   
    3.46000000e+04     8.65000000e+00     1.10309459e+03     3.01519556e+02     2.30730212e+02     1.18965301e+02   
    3.48000000e+04     8.70000000e+00     1.10311573e+03     2.99988351e+02     2.33087039e+02     1.19726099e+02   
    3.50000000e+04     8.75000000e+00     1.10312547e+03     2.97794370e+02     2.32076659e+02     1.20078768e+02   
    3.52000000e+04     8.80000000e+00     1.10312394e+03     3.02860889e+02     2.31378305e+02     1.19293009e+02   
    3.54000000e+04     8.85000000e+00     1.10312363e+03     3.00962246e+02     2.31274865e+02     1.19693586e+02   
    3.56000000e+04     8.90000000e+00     1.10311634e+03     2.99562810e+02     2.30686093e+02     1.18551909e+02   
    3.58000000e+04     8.95000000e+00     1.10313203e+03     2.98877972e+02     2.32193384e+02     1.19395635e+02   
    3.60000000e+04     9.00000000e+00     1.10313897e+03     2.99580285e+02     2.32954442e+02     1.19019587e+02   
    3.62000000e+04     9.05000000e+00     1.10313502e+03     2.96616214e+02     2.31984117e+02     1.19500225e+02   
    3.64000000e+04     9.10000000e+00     1.10311975e+03     3.01768296e+02     2.30519525e+02     1.16292603e+02   
    3.66000000e+04     9.15000000e+00     1.10310694e+03     2.98974910e+02     2.30047998e+02     1.14929315e+02   
    3.68000000e+04     9.20000000e+00     1.10312081e+03     3.02344390e+02     2.32523281e+02     1.17802173e+02   
    3.70000000e+04     9.25000000e+00     1.10310552e+03     3.00348666e+02     2.30686463e+02     1.17188092e+02   
    3.72000000e+04     9.30000000e+00     1.10310869e+03     3.01820392e+02     2.30024921e+02     1.16183447e+02   
    3.74000000e+04     9.35000000e+00     1.10312076e+03     2.97988908e+02     2.32886983e+02     1.19397502e+02   
    3.76000000e+04     9.40000000e+00     1.10311848e+03     3.00312743e+02     2.33472083e+02     1.17692724e+02   
    3.78000000e+04     9.45000000e+00     1.10311796e+03     3.02912614e+02     2.33125513e+02     1.17617693e+02   
    3.80000000e+04     9.50000000e+00     1.10312574e+03     3.00180438e+02     2.33353302e+02     1.17380719e+02   
    3.82000000e+04     9.55000000e+00     1.10312802e+03     3.01150265e+02     2.31689297e+02     1.17120555e+02   
    3.84000000e+04     9.60000000e+00     1.10312600e+03     3.03827446e+02     2.30261097e+02     1.14952127e+02   
    3.86000000e+04     9.65000000e+00     1.10313244e+03     3.00462536e+02     2.31044912e+02     1.15694517e+02   
    3.88000000e+04     9.70000000e+00     1.10314527e+03     3.01659289e+02     2.31264833e+02     1.16261137e+02   
    3.90000000e+04     9.75000000e+00     1.10314041e+03     3.03661282e+02     2.31167896e+02     1.16974016e+02   
    3.92000000e+04     9.80000000e+00     1.10314596e+03     3.04827680e+02     2.32356439e+02     1.17641003e+02   
    3.94000000e+04     9.85000000e+00     1.10314394e+03     3.03350072e+02     2.31959327e+02     1.17298064e+02   
    3.96000000e+04     9.90000000e+00     1.10314067e+03     3.04482005e+02     2.31228816e+02     1.17271358e+02   
    3.98000000e+04     9.95000000e+00     1.10313846e+03     2.98836343e+02     2.31959134e+02     1.18701022e+02   
    4.00000000e+04     1.00000000e+01     1.10314093e+03     3.02660687e+02     2.31877653e+02     1.19359659e+02   
    4.02000000e+04     1.00500000e+01     1.10314272e+03     3.01987828e+02     2.32118283e+02     1.19973379e+02   
    4.04000000e+04     1.01000000e+01     1.10314536e+03     3.02431723e+02     2.30673580e+02     1.18617508e+02   
    4.06000000e+04     1.01500000e+01     1.10315462e+03     3.03039003e+02     2.33610261e+02     1.21203982e+02   
    4.08000000e+04     1.02000000e+01     1.10314081e+03     3.02281248e+02     2.33043882e+02     1.20803441e+02   
    4.10000000e+04     1.02500000e+01     1.10314734e+03     2.98833374e+02     2.32843871e+02     1.21450324e+02   
    4.12000000e+04     1.03000000e+01     1.10314509e+03     3.02346274e+02     2.31510582e+02     1.19653532e+02   
    4.14000000e+04     1.03500000e+01     1.10313832e+03     2.97616756e+02     2.29742013e+02     1.18819614e+02   
    4.16000000e+04     1.04000000e+01     1.10315273e+03     3.00048428e+02     2.31842639e+02     1.20204088e+02   
    4.18000000e+04     1.04500000e+01     1.10315200e+03     2.98853196e+02     2.32531452e+02     1.22588295e+02   
    4.20000000e+04     1.05000000e+01     1.10313780e+03     3.02399557e+02     2.30309449e+02     1.18323412e+02   
    4.22000000e+04     1.05500000e+01     1.10313523e+03     2.99094620e+02     2.30756436e+02     1.17796803e+02   
    4.24000000e+04     1.06000000e+01     1.10315067e+03     3.00649127e+02     2.31167152e+02     1.18639342e+02   
    4.26000000e+04     1.06500000e+01     1.10315536e+03     3.01503923e+02     2.32379791e+02     1.20280915e+02   
    4.28000000e+04     1.07000000e+01     1.10315617e+03     3.02753778e+02     2.30816708e+02     1.17884459e+02   
    4.30000000e+04     1.07500000e+01     1.10316260e+03     2.99073621e+02     2.31506670e+02     1.20109645e+02   
    4.32000000e+04     1.08000000e+01     1.10315660e+03     3.01506224e+02     2.31099908e+02     1.18590044e+02   
    4.34000000e+04     1.08500000e+01     1.10315426e+03     3.01436051e+02     2.31113786e+02     1.17646470e+02   
    4.36000000e+04     1.09000000e+01     1.10315627e+03     2.97796574e+02     2.31211537e+02     1.17710181e+02   
    4.38000000e+04     1.09500000e+01     1.10316821e+03     2.98400759e+02     2.33807810e+02     1.21632459e+02   
    4.40000000e+04     1.10000000e+01     1.10315115e+03     3.01688138e+02     2.31466899e+02     1.17605983e+02   
    4.42000000e+04     1.10500000e+01     1.10315552e+03     3.00161918e+02     2.32451131e+02     1.19604038e+02   
    4.44000000e+04     1.11000000e+01     1.10316102e+03     3.02666372e+02     2.31711000e+02     1.18503268e+02   
    4.46000000e+04     1.11500000e+01     1.10315949e+03     2.97563107e+02     2.30809102e+02     1.17380420e+02   
    4.48000000e+04     1.12000000e+01     1.10316393e+03     3.01829019e+02     2.33286829e+02     1.20007521e+02   
    4.50000000e+04     1.12500000e+01     1.10315704e+03     3.02057129e+02     2.32302558e+02     1.18649494e+02   
    4.52000000e+04     1.13000000e+01     1.10315540e+03     3.01502469e+02     2.31238879e+02     1.17680371e+02   
    4.54000000e+04     1.13500000e+01     1.10315786e+03     3.00990929e+02     2.30984680e+02     1.17828187e+02   
    4.56000000e+04     1.14000000e+01     1.10317066e+03     3.01368666e+02     2.32615236e+02     1.18398351e+02   
    4.58000000e+04     1.14500000e+01     1.10317346e+03     3.01515005e+02     2.32344679e+02     1.17789557e+02   
    4.60000000e+04     1.15000000e+01     1.10316895e+03     2.98456988e+02     2.30790860e+02     1.15790742e+02   
    4.62000000e+04     1.15500000e+01     1.10317966e+03     2.98571350e+02     2.32308264e+02     1.18901068e+02   
    4.64000000e+04     1.16000000e+01     1.10318871e+03     3.03521121e+02     2.32811037e+02     1.19096870e+02   
    4.66000000e+04     1.16500000e+01     1.10321032e+03     2.99762757e+02     2.33087809e+02     1.18644180e+02   
    4.68000000e+04     1.17000000e+01     1.10322560e+03     3.00349432e+02     2.32690067e+02     1.20245053e+02   
    4.70000000e+04     1.17500000e+01     1.10321911e+03     3.02388745e+02     2.32308738e+02     1.18123525e+02   
    4.72000000e+04     1.18000000e+01     1.10320672e+03     3.01264419e+02     2.29870084e+02     1.18558391e+02   
    4.74000000e+04     1.18500000e+01     1.10320206e+03     2.99090166e+02     2.31174382e+02     1.19250368e+02   
    4.76000000e+04     1.19000000e+01     1.10320763e+03     3.01809642e+02     2.31897327e+02     1.21212147e+02   
    4.78000000e+04     1.19500000e+01     1.10320980e+03     2.99181220e+02     2.30646091e+02     1.19352945e+02   
    4.80000000e+04     1.20000000e+01     1.10322610e+03     3.00354159e+02     2.33583469e+02     1.23007712e+02   
    4.82000000e+04     1.20500000e+01     1.10321341e+03     3.00705205e+02     2.31538363e+02     1.19959626e+02   
    4.84000000e+04     1.21000000e+01     1.10322486e+03     2.98291885e+02     2.33344837e+02     1.20462869e+02   
    4.86000000e+04     1.21500000e+01     1.10321805e+03     3.00115368e+02     2.31261254e+02     1.18394173e+02   
    4.88000000e+04     1.22000000e+01     1.10322559e+03     3.00148937e+02     2.30042886e+02     1.17320772e+02   
    4.90000000e+04     1.22500000e+01     1.10323440e+03     2.99073037e+02     2.30203583e+02     1.17409147e+02   
    4.92000000e+04     1.23000000e+01     1.10324681e+03     3.00559952e+02     2.33209420e+02     1.19968268e+02   
    4.94000000e+04     1.23500000e+01     1.10324601e+03     2.99532951e+02     2.33717288e+02     1.20276946e+02   
    4.96000000e+04     1.24000000e+01     1.10324073e+03     3.00049396e+02     2.30653008e+02     1.19427282e+02   
    4.98000000e+04     1.24500000e+01     1.10324571e+03     3.01185620e+02     2.31704496e+02     1.18391888e+02   
    5.00000000e+04     1.25000000e+01     1.10325590e+03     2.96216870e+02     2.32146882e+02     1.19650576e+02   
    5.02000000e+04     1.25500000e+01     1.10326123e+03     3.00098118e+02     2.32113677e+02     1.20342164e+02   
    5.04000000e+04     1.26000000e+01     1.10327128e+03     2.99374848e+02     2.33417879e+02     1.22148898e+02   
    5.06000000e+04     1.26500000e+01     1.10326861e+03     2.99152229e+02     2.34139667e+02     1.22643068e+02   
    5.08000000e+04     1.27000000e+01     1.10325797e+03     3.00004004e+02     2.31426127e+02     1.17920291e+02   
    5.10000000e+04     1.27500000e+01     1.10325683e+03     3.01504255e+02     2.31497509e+02     1.17167853e+02   
    5.12000000e+04     1.28000000e+01     1.10326293e+03     3.00809668e+02     2.31268312e+02     1.18823068e+02   
    5.14000000e+04     1.28500000e+01     1.10326634e+03     3.01073559e+02     2.32017574e+02     1.19483131e+02   
    5.16000000e+04     1.29000000e+01     1.10326210e+03     3.00805274e+02     2.32207790e+02     1.21165409e+02   
    5.18000000e+04     1.29500000e+01     1.10326895e+03     2.99236829e+02     2.33161804e+02     1.21619007e+02   
    5.20000000e+04     1.30000000e+01     1.10325528e+03     2.98397477e+02     2.30889465e+02     1.20054867e+02   
    5.22000000e+04     1.30500000e+01     1.10324553e+03     3.01410928e+02     2.31871625e+02     1.21444037e+02   
    5.24000000e+04     1.31000000e+01     1.10322946e+03     3.00993625e+02     2.32329363e+02     1.22395238e+02   
    5.26000000e+04     1.31500000e+01     1.10322267e+03     2.98592920e+02     2.32980999e+02     1.22600259e+02   
    5.28000000e+04     1.32000000e+01     1.10321207e+03     3.03240987e+02     2.32642664e+02     1.20980818e+02   
    5.30000000e+04     1.32500000e+01     1.10320076e+03     2.98163368e+02     2.30521204e+02     1.19755834e+02   
    5.32000000e+04     1.33000000e+01     1.10320825e+03     3.01439972e+02     2.31059182e+02     1.19510486e+02   
    5.34000000e+04     1.33500000e+01     1.10321772e+03     3.03996733e+02     2.30989446e+02     1.19877113e+02   
    5.36000000e+04     1.34000000e+01     1.10323959e+03     3.02755222e+02     2.32780029e+02     1.20927741e+02   
    5.38000000e+04     1.34500000e+01     1.10324911e+03     3.01211708e+02     2.33458616e+02     1.23041924e+02   
    5.40000000e+04     1.35000000e+01     1.10323795e+03     3.04174991e+02     2.31584679e+02     1.20354503e+02   
    5.42000000e+04     1.35500000e+01     1.10323842e+03     3.03122447e+02     2.31802459e+02     1.20746340e+02   
    5.44000000e+04     1.36000000e+01     1.10325057e+03     3.01081200e+02     2.33575267e+02     1.21660324e+02   
    5.46000000e+04     1.36500000e+01     1.10324782e+03     3.00771429e+02     2.31459756e+02     1.19517688e+02   
    5.48000000e+04     1.37000000e+01     1.10324825e+03     3.00555811e+02     2.33572455e+02     1.21591044e+02   
    5.50000000e+04     1.37500000e+01     1.10323908e+03     3.02628360e+02     2.31547224e+02     1.20483856e+02   
    5.52000000e+04     1.38000000e+01     1.10324933e+03     2.99099519e+02     2.31937433e+02     1.20356166e+02   
    5.54000000e+04     1.38500000e+01     1.10324869e+03     2.99783951e+02     2.32119202e+02     1.21113995e+02   
    5.56000000e+04     1.39000000e+01     1.10325352e+03     3.06163722e+02     2.33205928e+02     1.22421780e+02   
    5.58000000e+04     1.39500000e+01     1.10324694e+03     3.01829619e+02     2.31486239e+02     1.19918893e+02   
    5.60000000e+04     1.40000000e+01     1.10324483e+03     3.01622802e+02     2.33938444e+02     1.20928644e+02   
    5.62000000e+04     1.40500000e+01     1.10324221e+03     3.01262021e+02     2.32225177e+02     1.20825917e+02   
    5.64000000e+04     1.41000000e+01     1.10324421e+03     3.01271091e+02     2.31460939e+02     1.19504517e+02   
    5.66000000e+04     1.41500000e+01     1.10325520e+03     3.00083822e+02     2.31526420e+02     1.20216976e+02   
    5.68000000e+04     1.42000000e+01     1.10325585e+03     3.01185979e+02     2.31516365e+02     1.20548904e+02   
    5.70000000e+04     1.42500000e+01     1.10325920e+03     3.00868228e+02     2.31474186e+02     1.21171087e+02   
    5.72000000e+04     1.43000000e+01     1.10326827e+03     3.01770401e+02     2.31445553e+02     1.21569234e+02   
    5.74000000e+04     1.43500000e+01     1.10328166e+03     3.02277150e+02     2.31268953e+02     1.22037303e+02   
    5.76000000e+04     1.44000000e+01     1.10329871e+03     3.00141790e+02     2.32474808e+02     1.22364179e+02   
    5.78000000e+04     1.44500000e+01     1.10330311e+03     2.97990152e+02     2.33419216e+02     1.24075243e+02   
    5.80000000e+04     1.45000000e+01     1.10328929e+03     2.97406453e+02     2.31065334e+02     1.22536956e+02   
    5.82000000e+04     1.45500000e+01     1.10329565e+03     2.98194478e+02     2.31277441e+02     1.21284439e+02   
    5.84000000e+04     1.46000000e+01     1.10329926e+03     3.00230129e+02     2.32852978e+02     1.22493239e+02   
    5.86000000e+04     1.46500000e+01     1.10330483e+03     3.02594875e+02     2.31973818e+02     1.21752633e+02   
    5.88000000e+04     1.47000000e+01     1.10330226e+03     2.99240942e+02     2.30899538e+02     1.21621300e+02   
    5.90000000e+04     1.47500000e+01     1.10330878e+03     3.01584374e+02     2.30666103e+02     1.21275119e+02   
    5.92000000e+04     1.48000000e+01     1.10333104e+03     2.99473999e+02     2.33433855e+02     1.23882596e+02   
    5.94000000e+04     1.48500000e+01     1.10332591e+03     2.97080590e+02     2.33545766e+02     1.24201068e+02   
    5.96000000e+04     1.49000000e+01     1.10330089e+03     3.02959537e+02     2.30676189e+02     1.20229664e+02   
    5.98000000e+04     1.49500000e+01     1.10330635e+03     3.00487162e+02     2.33148213e+02     1.24263245e+02   
    6.00000000e+04     1.50000000e+01     1.10330832e+03     3.00567812e+02     2.32036213e+02     1.21052237e+02   
    6.02000000e+04     1.50500000e+01     1.10331307e+03     3.00208384e+02     2.30838513e+02     1.21338815e+02   
    6.04000000e+04     1.51000000e+01     1.10330963e+03     3.02603643e+02     2.30118898e+02     1.18808378e+02   
    6.06000000e+04     1.51500000e+01     1.10331400e+03     3.03010482e+02     2.32481978e+02     1.21484126e+02   
    6.08000000e+04     1.52000000e+01     1.10332210e+03     3.01224374e+02     2.32072620e+02     1.21638175e+02   
    6.10000000e+04     1.52500000e+01     1.10332588e+03     3.01149969e+02     2.31079550e+02     1.20110072e+02   
    6.12000000e+04     1.53000000e+01     1.10333051e+03     3.00588267e+02     2.33420437e+02     1.24014064e+02   
    6.14000000e+04     1.53500000e+01     1.10332058e+03     2.99558822e+02     2.32222202e+02     1.22444919e+02   
    6.16000000e+04     1.54000000e+01     1.10333349e+03     3.01122110e+02     2.31987364e+02     1.23363235e+02   
    6.18000000e+04     1.54500000e+01     1.10335191e+03     2.99779285e+02     2.31447836e+02     1.23012266e+02   
    6.20000000e+04     1.55000000e+01     1.10336187e+03     3.05958627e+02     2.31212548e+02     1.21576977e+02   
    6.22000000e+04     1.55500000e+01     1.10337400e+03     3.02880148e+02     2.33650966e+02     1.23886436e+02   
    6.24000000e+04     1.56000000e+01     1.10336125e+03     3.04317269e+02     2.32542115e+02     1.22928155e+02   
    6.26000000e+04     1.56500000e+01     1.10336075e+03     3.01937481e+02     2.32220137e+02     1.21780027e+02   
    6.28000000e+04     1.57000000e+01     1.10334569e+03     3.00830318e+02     2.31572336e+02     1.21430302e+02   
    6.30000000e+04     1.57500000e+01     1.10332754e+03     3.03720726e+02     2.31217157e+02     1.20227493e+02   
    6.32000000e+04     1.58000000e+01     1.10332012e+03     3.04483539e+02     2.31694364e+02     1.19837669e+02   
    6.34000000e+04     1.58500000e+01     1.10331771e+03     3.03513878e+02     2.31664193e+02     1.19450439e+02   
    6.36000000e+04     1.59000000e+01     1.10332273e+03     3.01890987e+02     2.31408187e+02     1.20010825e+02   
    6.38000000e+04     1.59500000e+01     1.10331819e+03     3.00747292e+02     2.31852471e+02     1.20090257e+02   
    6.40000000e+04     1.60000000e+01     1.10331520e+03     3.02675453e+02     2.30507500e+02     1.19164178e+02   
    6.42000000e+04     1.60500000e+01     1.10333024e+03     3.01099208e+02     2.32485743e+02     1.20970744e+02   
    6.44000000e+04     1.61000000e+01     1.10333030e+03     3.05086303e+02     2.30567652e+02     1.20128048e+02   
    6.46000000e+04     1.61500000e+01     1.10333646e+03     3.01670813e+02     2.30590310e+02     1.19570346e+02   
    6.48000000e+04     1.62000000e+01     1.10336397e+03     3.02217193e+02     2.34636806e+02     1.24513793e+02   
    6.50000000e+04     1.62500000e+01     1.10335543e+03     3.00729647e+02     2.32430191e+02     1.22210784e+02   
    6.52000000e+04     1.63000000e+01     1.10335259e+03     3.00164077e+02     2.32528826e+02     1.20885046e+02   
    6.54000000e+04     1.63500000e+01     1.10334177e+03     2.97751344e+02     2.30028897e+02     1.17738032e+02   
    6.56000000e+04     1.64000000e+01     1.10334961e+03     3.04155226e+02     2.30887175e+02     1.18778525e+02   
    6.58000000e+04     1.64500000e+01     1.10335833e+03     3.02576106e+02     2.31025959e+02     1.21268552e+02   
    6.60000000e+04     1.65000000e+01     1.10336864e+03     3.01783382e+02     2.30602760e+02     1.20595270e+02   
    6.62000000e+04     1.65500000e+01     1.10337261e+03     3.02717539e+02     2.32663757e+02     1.22208288e+02   
    6.64000000e+04     1.66000000e+01     1.10336843e+03     3.01251202e+02     2.32173667e+02     1.22414662e+02   
    6.66000000e+04     1.66500000e+01     1.10335312e+03     3.01359267e+02     2.31591722e+02     1.20903524e+02   
    6.68000000e+04     1.67000000e+01     1.10334872e+03     3.00625801e+02     2.31465630e+02     1.21057502e+02   
    6.70000000e+04     1.67500000e+01     1.10335172e+03     3.01098446e+02     2.29939429e+02     1.20018473e+02   
    6.72000000e+04     1.68000000e+01     1.10334465e+03     2.98255911e+02     2.29560884e+02     1.18786925e+02   
    6.74000000e+04     1.68500000e+01     1.10333840e+03     2.98020109e+02     2.31108828e+02     1.19208986e+02   
    6.76000000e+04     1.69000000e+01     1.10334213e+03     2.99290988e+02     2.30551280e+02     1.19411527e+02   
    6.78000000e+04     1.69500000e+01     1.10334454e+03     3.00936860e+02     2.31845666e+02     1.21635744e+02   
    6.80000000e+04     1.70000000e+01     1.10335484e+03     2.98719528e+02     2.32962561e+02     1.24714632e+02   
    6.82000000e+04     1.70500000e+01     1.10335191e+03     2.97649059e+02     2.31607937e+02     1.22734488e+02   
    6.84000000e+04     1.71000000e+01     1.10336438e+03     3.00703420e+02     2.32963193e+02     1.23949555e+02   
    6.86000000e+04     1.71500000e+01     1.10336692e+03     2.99377814e+02     2.31784252e+02     1.22401564e+02   
    6.88000000e+04     1.72000000e+01     1.10336923e+03     3.01359180e+02     2.31276969e+02     1.19916683e+02   
    6.90000000e+04     1.72500000e+01     1.10336220e+03     3.03123817e+02     2.31968369e+02     1.20780222e+02   
    6.92000000e+04     1.73000000e+01     1.10335586e+03     3.00340496e+02     2.32647456e+02     1.20597237e+02   
    6.94000000e+04     1.73500000e+01     1.10335367e+03     3.01929017e+02     2.31409465e+02     1.20958774e+02   
    6.96000000e+04     1.74000000e+01     1.10335344e+03     2.97121409e+02     2.30474693e+02     1.20061921e+02   
    6.98000000e+04     1.74500000e+01     1.10335465e+03     2.99538263e+02     2.32396795e+02     1.22144627e+02   
    7.00000000e+04     1.75000000e+01     1.10335264e+03     2.99751858e+02     2.30421426e+02     1.20084449e+02   
    7.02000000e+04     1.75500000e+01     1.10334934e+03     3.01774390e+02     2.31707903e+02     1.21393124e+02   
    7.04000000e+04     1.76000000e+01     1.10333028e+03     3.01448397e+02     2.30852158e+02     1.18704379e+02   
    7.06000000e+04     1.76500000e+01     1.10333516e+03     3.01887579e+02     2.32615119e+02     1.22251524e+02   
    7.08000000e+04     1.77000000e+01     1.10332198e+03     3.02161265e+02     2.30975325e+02     1.19673860e+02   
    7.10000000e+04     1.77500000e+01     1.10333271e+03     2.99383258e+02     2.32134658e+02     1.21479347e+02   
    7.12000000e+04     1.78000000e+01     1.10332954e+03     2.99935007e+02     2.32167216e+02     1.21342060e+02   
    7.14000000e+04     1.78500000e+01     1.10331925e+03     2.99069011e+02     2.31013813e+02     1.19930059e+02   
    7.16000000e+04     1.79000000e+01     1.10332062e+03     3.01739555e+02     2.33262131e+02     1.22812439e+02   
    7.18000000e+04     1.79500000e+01     1.10332292e+03     2.97258668e+02     2.31945288e+02     1.21381731e+02   
    7.20000000e+04     1.80000000e+01     1.10332368e+03     3.01974205e+02     2.31356975e+02     1.21161860e+02   
    7.22000000e+04     1.80500000e+01     1.10331938e+03     2.98077573e+02     2.30976832e+02     1.19961518e+02   
    7.24000000e+04     1.81000000e+01     1.10332395e+03     3.00356328e+02     2.30943854e+02     1.19067254e+02   
    7.26000000e+04     1.81500000e+01     1.10334156e+03     2.98474194e+02     2.32307625e+02     1.23047321e+02   
    7.28000000e+04     1.82000000e+01     1.10333367e+03     3.01507460e+02     2.29896271e+02     1.18581339e+02   
    7.30000000e+04     1.82500000e+01     1.10335221e+03     3.01124896e+02     2.32491588e+02     1.21807879e+02   
    7.32000000e+04     1.83000000e+01     1.10334900e+03     2.99523059e+02     2.32170012e+02     1.22134935e+02   
    7.34000000e+04     1.83500000e+01     1.10334859e+03     2.96778556e+02     2.35290615e+02     1.27386553e+02   
    7.36000000e+04     1.84000000e+01     1.10332590e+03     2.99907066e+02     2.32061788e+02     1.23568813e+02   
    7.38000000e+04     1.84500000e+01     1.10331695e+03     2.98417392e+02     2.31602007e+02     1.21810405e+02   
    7.40000000e+04     1.85000000e+01     1.10331241e+03     3.02517138e+02     2.30676599e+02     1.19327493e+02   
    7.42000000e+04     1.85500000e+01     1.10331548e+03     3.02274657e+02     2.31525512e+02     1.20252010e+02   
    7.44000000e+04     1.86000000e+01     1.10330697e+03     3.02244644e+02     2.30479430e+02     1.18609652e+02   
    7.46000000e+04     1.86500000e+01     1.10331518e+03     3.03751256e+02     2.31770112e+02     1.18349776e+02   
    7.48000000e+04     1.87000000e+01     1.10331318e+03     3.02992607e+02     2.31810072e+02     1.20584596e+02   
    7.50000000e+04     1.87500000e+01     1.10332219e+03     3.01887732e+02     2.32089630e+02     1.19021527e+02   
    7.52000000e+04     1.88000000e+01     1.10332275e+03     3.01525791e+02     2.30511345e+02     1.20129308e+02   
    7.54000000e+04     1.88500000e+01     1.10330687e+03     3.02655252e+02     2.28885035e+02     1.15664856e+02   
    7.56000000e+04     1.89000000e+01     1.10332393e+03     3.01665067e+02     2.31087594e+02     1.18428160e+02   
    7.58000000e+04     1.89500000e+01     1.10333747e+03     3.00125872e+02     2.31026178e+02     1.18810547e+02   
    7.60000000e+04     1.90000000e+01     1.10335592e+03     3.02922859e+02     2.33341961e+02     1.20463874e+02   
    7.62000000e+04     1.90500000e+01     1.10335540e+03     3.05264109e+02     2.31733999e+02     1.19580368e+02   
    7.64000000e+04     1.91000000e+01     1.10335901e+03     3.03132943e+02     2.29995868e+02     1.18574939e+02   
    7.66000000e+04     1.91500000e+01     1.10337558e+03     3.03089568e+02     2.32695148e+02     1.21417894e+02   
    7.68000000e+04     1.92000000e+01     1.10336792e+03     3.01765414e+02     2.32572436e+02     1.21523375e+02   
    7.70000000e+04     1.92500000e+01     1.10336133e+03     3.00976649e+02     2.31763961e+02     1.20038696e+02   
    7.72000000e+04     1.93000000e+01     1.10336355e+03     3.03512022e+02     2.31544417e+02     1.18447785e+02   
    7.74000000e+04     1.93500000e+01     1.10338258e+03     3.00291083e+02     2.32687752e+02     1.22183082e+02   
    7.76000000e+04     1.94000000e+01     1.10340026e+03     3.00935059e+02     2.32136789e+02     1.23036962e+02   
    7.78000000e+04     1.94500000e+01     1.10341217e+03     2.98556889e+02     2.31609486e+02     1.21810318e+02   
    7.80000000e+04     1.95000000e+01     1.10342515e+03     3.02081439e+02     2.31455667e+02     1.21175286e+02   
    7.82000000e+04     1.95500000e+01     1.10342691e+03     3.02419144e+02     2.31397794e+02     1.21024527e+02   
    7.84000000e+04     1.96000000e+01     1.10343659e+03     3.03226030e+02     2.32948949e+02     1.23471201e+02   
    7.86000000e+04     1.96500000e+01     1.10342765e+03     3.01499424e+02     2.31230590e+02     1.20060881e+02   
    7.88000000e+04     1.97000000e+01     1.10341280e+03     3.00016248e+02     2.29763842e+02     1.18790882e+02   
    7.90000000e+04     1.97500000e+01     1.10340878e+03     3.02527823e+02     2.32998136e+02     1.21641413e+02   
    7.92000000e+04     1.98000000e+01     1.10339655e+03     3.01182623e+02     2.30301210e+02     1.18974123e+02   
    7.94000000e+04     1.98500000e+01     1.10340495e+03     3.02786211e+02     2.30358091e+02     1.19144690e+02   
    7.96000000e+04     1.99000000e+01     1.10339914e+03     3.03175929e+02     2.30796444e+02     1.18142245e+02   
    7.98000000e+04     1.99500000e+01     1.10339963e+03     2.99656510e+02     2.30608887e+02     1.19315090e+02   
    8.00000000e+04     2.00000000e+01     1.10339900e+03     3.01026669e+02     2.32347098e+02     1.20787197e+02   
