# column   1     --> step : The current simulation time step.
# column   2     --> time{picosecond} : The elapsed simulation time.
# column   3     --> conserved{electronvolt} : The value of the conserved energy quantity per bead.
# column   4     --> temperature{kelvin} : The current temperature, as obtained from the MD kinetic energy.
# column   5     --> kinetic_cv{electronvolt} : The centroid-virial quantum kinetic energy of the physical system.
# column   6     --> potential{electronvolt} : The physical system potential energy.
    0.00000000e+00     0.00000000e+00    -2.26629119e+02     3.03435792e+02     6.44956364e+02    -8.79093704e+02   
    2.00000000e+02     1.00000000e-01    -2.25315137e+02     2.63165468e+02     6.44956364e+02    -5.04749109e+02   
    4.00000000e+02     2.00000000e-01    -2.24870848e+02     2.81495904e+02     6.44956364e+02    -4.12242870e+02   
    6.00000000e+02     3.00000000e-01    -2.24790719e+02     2.94413088e+02     6.44956364e+02    -3.69476941e+02   
    8.00000000e+02     4.00000000e-01    -2.24713943e+02     2.97982188e+02     6.44956364e+02    -3.47495733e+02   
    1.00000000e+03     5.00000000e-01    -2.24745670e+02     2.94747248e+02     6.44956364e+02    -3.34592698e+02   
    1.20000000e+03     6.00000000e-01    -2.24668435e+02     2.95473801e+02     6.44956364e+02    -3.30189579e+02   
    1.40000000e+03     7.00000000e-01    -2.24650451e+02     2.99757111e+02     6.44956364e+02    -3.24501951e+02   
    1.60000000e+03     8.00000000e-01    -2.24648221e+02     2.96438856e+02     6.44956364e+02    -3.15303289e+02   
    1.80000000e+03     9.00000000e-01    -2.24641066e+02     3.00751802e+02     6.44956364e+02    -3.17374162e+02   
    2.00000000e+03     1.00000000e+00    -2.24662122e+02     3.02086789e+02     6.44956364e+02    -3.14483754e+02   
    2.20000000e+03     1.10000000e+00    -2.24626789e+02     3.02426587e+02     6.44956364e+02    -3.11090439e+02   
    2.40000000e+03     1.20000000e+00    -2.24653626e+02     3.00787649e+02     6.44956364e+02    -3.14526848e+02   
    2.60000000e+03     1.30000000e+00    -2.24646200e+02     2.99517495e+02     6.44956364e+02    -3.12752121e+02   
    2.80000000e+03     1.40000000e+00    -2.24554151e+02     2.95574671e+02     6.44956364e+02    -3.07763682e+02   
    3.00000000e+03     1.50000000e+00    -2.24580818e+02     3.00589022e+02     6.44956364e+02    -3.08697857e+02   
    3.20000000e+03     1.60000000e+00    -2.24548075e+02     2.99276963e+02     6.44956364e+02    -3.05742960e+02   
    3.40000000e+03     1.70000000e+00    -2.24554782e+02     2.99535582e+02     6.44956364e+02    -3.05650797e+02   
    3.60000000e+03     1.80000000e+00    -2.24611235e+02     3.01043547e+02     6.44956364e+02    -3.10504250e+02   
    3.80000000e+03     1.90000000e+00    -2.24572969e+02     3.01109814e+02     6.44956364e+02    -3.09798651e+02   
    4.00000000e+03     2.00000000e+00    -2.24552636e+02     2.98287552e+02     6.44956364e+02    -3.05249457e+02   
    4.20000000e+03     2.10000000e+00    -2.24606738e+02     2.99209791e+02     6.44956364e+02    -3.14144134e+02   
    4.40000000e+03     2.20000000e+00    -2.24654470e+02     2.99538608e+02     6.44956364e+02    -3.17972397e+02   
    4.60000000e+03     2.30000000e+00    -2.24616329e+02     2.96586479e+02     6.44956364e+02    -3.17321909e+02   
    4.80000000e+03     2.40000000e+00    -2.24636620e+02     3.01401575e+02     6.44956364e+02    -3.16842266e+02   
    5.00000000e+03     2.50000000e+00    -2.24621480e+02     3.00104284e+02     6.44956364e+02    -3.11586738e+02   
    5.20000000e+03     2.60000000e+00    -2.24613288e+02     3.00410470e+02     6.44956364e+02    -3.15170239e+02   
    5.40000000e+03     2.70000000e+00    -2.24630891e+02     3.01185515e+02     6.44956364e+02    -3.08491412e+02   
    5.60000000e+03     2.80000000e+00    -2.24499981e+02     2.99929553e+02     6.44956364e+02    -3.04169765e+02   
    5.80000000e+03     2.90000000e+00    -2.24577284e+02     3.00205421e+02     6.44956364e+02    -3.11156016e+02   
    6.00000000e+03     3.00000000e+00    -2.24594183e+02     2.99147720e+02     6.44956364e+02    -3.13415133e+02   
    6.20000000e+03     3.10000000e+00    -2.24587199e+02     2.98803986e+02     6.44956364e+02    -3.13321755e+02   
    6.40000000e+03     3.20000000e+00    -2.24596134e+02     2.98360215e+02     6.44956364e+02    -3.17960569e+02   
    6.60000000e+03     3.30000000e+00    -2.24625925e+02     3.00126866e+02     6.44956364e+02    -3.20974722e+02   
    6.80000000e+03     3.40000000e+00    -2.24602833e+02     2.98478318e+02     6.44956364e+02    -3.16082103e+02   
    7.00000000e+03     3.50000000e+00    -2.24575312e+02     2.99406612e+02     6.44956364e+02    -3.14192247e+02   
    7.20000000e+03     3.60000000e+00    -2.24578047e+02     2.99754885e+02     6.44956364e+02    -3.13135217e+02   
    7.40000000e+03     3.70000000e+00    -2.24617498e+02     2.98801274e+02     6.44956364e+02    -3.11165466e+02   
    7.60000000e+03     3.80000000e+00    -2.24568397e+02     2.99870850e+02     6.44956364e+02    -3.16405500e+02   
    7.80000000e+03     3.90000000e+00    -2.24561085e+02     3.02991125e+02     6.44956364e+02    -3.12891478e+02   
    8.00000000e+03     4.00000000e+00    -2.24539363e+02     3.01344260e+02     6.44956364e+02    -3.04626731e+02   
    8.20000000e+03     4.10000000e+00    -2.24531042e+02     2.98881575e+02     6.44956364e+02    -3.08029629e+02   
    8.40000000e+03     4.20000000e+00    -2.24612753e+02     3.01162135e+02     6.44956364e+02    -3.10336774e+02   
    8.60000000e+03     4.30000000e+00    -2.24539825e+02     2.97073195e+02     6.44956364e+02    -3.05510253e+02   
    8.80000000e+03     4.40000000e+00    -2.24619729e+02     2.98923054e+02     6.44956364e+02    -3.14038657e+02   
    9.00000000e+03     4.50000000e+00    -2.24569393e+02     3.03025612e+02     6.44956364e+02    -3.09423853e+02   
    9.20000000e+03     4.60000000e+00    -2.24589884e+02     2.98129527e+02     6.44956364e+02    -3.11504329e+02   
    9.40000000e+03     4.70000000e+00    -2.24602687e+02     2.96257985e+02     6.44956364e+02    -3.13943031e+02   
    9.60000000e+03     4.80000000e+00    -2.24661124e+02     2.99557028e+02     6.44956364e+02    -3.13062185e+02   
    9.80000000e+03     4.90000000e+00    -2.24551700e+02     2.97785762e+02     6.44956364e+02    -3.15968178e+02   
    1.00000000e+04     5.00000000e+00    -2.24546412e+02     3.00127348e+02     6.44956364e+02    -3.13891651e+02   
    1.02000000e+04     5.10000000e+00    -2.24556327e+02     2.99622685e+02     6.44956364e+02    -3.18230057e+02   
    1.04000000e+04     5.20000000e+00    -2.24561814e+02     3.01896626e+02     6.44956364e+02    -3.13071376e+02   
    1.06000000e+04     5.30000000e+00    -2.24621005e+02     3.02310118e+02     6.44956364e+02    -3.10490797e+02   
    1.08000000e+04     5.40000000e+00    -2.24623227e+02     3.01808398e+02     6.44956364e+02    -3.13955046e+02   
    1.10000000e+04     5.50000000e+00    -2.24617109e+02     3.01061670e+02     6.44956364e+02    -3.13521590e+02   
    1.12000000e+04     5.60000000e+00    -2.24617664e+02     3.01346699e+02     6.44956364e+02    -3.12689455e+02   
    1.14000000e+04     5.70000000e+00    -2.24620719e+02     2.99609320e+02     6.44956364e+02    -3.07537833e+02   
    1.16000000e+04     5.80000000e+00    -2.24613907e+02     2.96333044e+02     6.44956364e+02    -3.15111899e+02   
    1.18000000e+04     5.90000000e+00    -2.24597690e+02     2.98501971e+02     6.44956364e+02    -3.16571304e+02   
    1.20000000e+04     6.00000000e+00    -2.24607797e+02     3.00254441e+02     6.44956364e+02    -3.16284864e+02   
    1.22000000e+04     6.10000000e+00    -2.24584278e+02     3.01450296e+02     6.44956364e+02    -3.17704781e+02   
    1.24000000e+04     6.20000000e+00    -2.24625421e+02     2.99896932e+02     6.44956364e+02    -3.10434662e+02   
    1.26000000e+04     6.30000000e+00    -2.24506540e+02     2.97010864e+02     6.44956364e+02    -3.07966791e+02   
    1.28000000e+04     6.40000000e+00    -2.24548801e+02     2.97985252e+02     6.44956364e+02    -3.11409105e+02   
    1.30000000e+04     6.50000000e+00    -2.24591093e+02     2.96306671e+02     6.44956364e+02    -3.15331717e+02   
    1.32000000e+04     6.60000000e+00    -2.24615245e+02     2.99136319e+02     6.44956364e+02    -3.16754633e+02   
    1.34000000e+04     6.70000000e+00    -2.24598034e+02     2.96221966e+02     6.44956364e+02    -3.09460057e+02   
    1.36000000e+04     6.80000000e+00    -2.24596796e+02     3.00288118e+02     6.44956364e+02    -3.12650607e+02   
    1.38000000e+04     6.90000000e+00    -2.24604846e+02     3.01988805e+02     6.44956364e+02    -3.09795725e+02   
    1.40000000e+04     7.00000000e+00    -2.24633362e+02     3.04819284e+02     6.44956364e+02    -3.16865075e+02   
    1.42000000e+04     7.10000000e+00    -2.24669328e+02     3.04602325e+02     6.44956364e+02    -3.12132760e+02   
    1.44000000e+04     7.20000000e+00    -2.24646339e+02     3.01919942e+02     6.44956364e+02    -3.11535537e+02   
    1.46000000e+04     7.30000000e+00    -2.24686503e+02     3.00733584e+02     6.44956364e+02    -3.14985264e+02   
    1.48000000e+04     7.40000000e+00    -2.24637715e+02     2.99209782e+02     6.44956364e+02    -3.07284427e+02   
    1.50000000e+04     7.50000000e+00    -2.24637314e+02     2.99832966e+02     6.44956364e+02    -3.08101798e+02   
    1.52000000e+04     7.60000000e+00    -2.24667522e+02     3.02702079e+02     6.44956364e+02    -3.12983667e+02   
    1.54000000e+04     7.70000000e+00    -2.24628648e+02     3.00438836e+02     6.44956364e+02    -3.11316561e+02   
    1.56000000e+04     7.80000000e+00    -2.24695318e+02     3.02996742e+02     6.44956364e+02    -3.12291394e+02   
    1.58000000e+04     7.90000000e+00    -2.24698297e+02     2.98829096e+02     6.44956364e+02    -3.13992855e+02   
    1.60000000e+04     8.00000000e+00    -2.24663950e+02     3.00629527e+02     6.44956364e+02    -3.12357103e+02   
    1.62000000e+04     8.10000000e+00    -2.24662012e+02     2.97618152e+02     6.44956364e+02    -3.12482454e+02   
    1.64000000e+04     8.20000000e+00    -2.24660101e+02     2.99489315e+02     6.44956364e+02    -3.14464190e+02   
    1.66000000e+04     8.30000000e+00    -2.24664202e+02     2.99916234e+02     6.44956364e+02    -3.15013756e+02   
    1.68000000e+04     8.40000000e+00    -2.24644195e+02     2.96461838e+02     6.44956364e+02    -3.08036271e+02   
    1.70000000e+04     8.50000000e+00    -2.24615158e+02     3.00398302e+02     6.44956364e+02    -3.10387307e+02   
    1.72000000e+04     8.60000000e+00    -2.24649251e+02     2.98961817e+02     6.44956364e+02    -3.11545643e+02   
    1.74000000e+04     8.70000000e+00    -2.24659906e+02     3.01512350e+02     6.44956364e+02    -3.11847860e+02   
    1.76000000e+04     8.80000000e+00    -2.24664992e+02     3.01904082e+02     6.44956364e+02    -3.10036702e+02   
    1.78000000e+04     8.90000000e+00    -2.24714418e+02     2.99739113e+02     6.44956364e+02    -3.13027111e+02   
    1.80000000e+04     9.00000000e+00    -2.24659035e+02     3.02353986e+02     6.44956364e+02    -3.09395794e+02   
    1.82000000e+04     9.10000000e+00    -2.24663515e+02     2.99089757e+02     6.44956364e+02    -3.10857259e+02   
    1.84000000e+04     9.20000000e+00    -2.24715235e+02     2.99007915e+02     6.44956364e+02    -3.13264885e+02   
    1.86000000e+04     9.30000000e+00    -2.24694606e+02     2.97480384e+02     6.44956364e+02    -3.15086025e+02   
    1.88000000e+04     9.40000000e+00    -2.24648320e+02     3.00117247e+02     6.44956364e+02    -3.16799453e+02   
    1.90000000e+04     9.50000000e+00    -2.24614412e+02     2.99902689e+02     6.44956364e+02    -3.07496050e+02   
    1.92000000e+04     9.60000000e+00    -2.24658817e+02     2.99419264e+02     6.44956364e+02    -3.10580693e+02   
    1.94000000e+04     9.70000000e+00    -2.24711787e+02     3.01622483e+02     6.44956364e+02    -3.17440483e+02   
    1.96000000e+04     9.80000000e+00    -2.24647878e+02     3.01857314e+02     6.44956364e+02    -3.07877398e+02   
    1.98000000e+04     9.90000000e+00    -2.24623467e+02     3.04655318e+02     6.44956364e+02    -3.14315234e+02   
    2.00000000e+04     1.00000000e+01    -2.24665724e+02     3.01240600e+02     6.44956364e+02    -3.14568099e+02   
    2.02000000e+04     1.01000000e+01    -2.24662547e+02     3.02212928e+02     6.44956364e+02    -3.13325841e+02   
    2.04000000e+04     1.02000000e+01    -2.24704156e+02     3.01279582e+02     6.44956364e+02    -3.10261178e+02   
    2.06000000e+04     1.03000000e+01    -2.24627730e+02     3.01290639e+02     6.44956364e+02    -3.11022758e+02   
    2.08000000e+04     1.04000000e+01    -2.24671211e+02     2.99514505e+02     6.44956364e+02    -3.14649122e+02   
    2.10000000e+04     1.05000000e+01    -2.24729910e+02     2.95945404e+02     6.44956364e+02    -3.15890745e+02   
    2.12000000e+04     1.06000000e+01    -2.24690995e+02     3.01809046e+02     6.44956364e+02    -3.14615511e+02   
    2.14000000e+04     1.07000000e+01    -2.24705004e+02     2.96408273e+02     6.44956364e+02    -3.16182676e+02   
    2.16000000e+04     1.08000000e+01    -2.24677550e+02     2.98033043e+02     6.44956364e+02    -3.12061509e+02   
    2.18000000e+04     1.09000000e+01    -2.24712370e+02     2.97932426e+02     6.44956364e+02    -3.13623945e+02   
    2.20000000e+04     1.10000000e+01    -2.24719671e+02     2.99048509e+02     6.44956364e+02    -3.09756044e+02   
    2.22000000e+04     1.11000000e+01    -2.24690787e+02     2.99859143e+02     6.44956364e+02    -3.11489174e+02   
    2.24000000e+04     1.12000000e+01    -2.24650628e+02     3.02068804e+02     6.44956364e+02    -3.10450097e+02   
    2.26000000e+04     1.13000000e+01    -2.24690416e+02     2.99346043e+02     6.44956364e+02    -3.14157325e+02   
    2.28000000e+04     1.14000000e+01    -2.24663296e+02     2.98726589e+02     6.44956364e+02    -3.10425015e+02   
    2.30000000e+04     1.15000000e+01    -2.24657611e+02     3.00621366e+02     6.44956364e+02    -3.16311548e+02   
    2.32000000e+04     1.16000000e+01    -2.24651915e+02     2.99865364e+02     6.44956364e+02    -3.14377938e+02   
    2.34000000e+04     1.17000000e+01    -2.24665045e+02     3.02185866e+02     6.44956364e+02    -3.12669097e+02   
    2.36000000e+04     1.18000000e+01    -2.24648635e+02     3.03209638e+02     6.44956364e+02    -3.12936464e+02   
    2.38000000e+04     1.19000000e+01    -2.24656958e+02     3.01538016e+02     6.44956364e+02    -3.14248420e+02   
    2.40000000e+04     1.20000000e+01    -2.24700863e+02     3.00676524e+02     6.44956364e+02    -3.10787478e+02   
    2.42000000e+04     1.21000000e+01    -2.24672315e+02     3.00600718e+02     6.44956364e+02    -3.17899101e+02   
    2.44000000e+04     1.22000000e+01    -2.24686244e+02     2.99850938e+02     6.44956364e+02    -3.15958558e+02   
    2.46000000e+04     1.23000000e+01    -2.24641552e+02     3.02016660e+02     6.44956364e+02    -3.15874714e+02   
    2.48000000e+04     1.24000000e+01    -2.24724143e+02     3.01242340e+02     6.44956364e+02    -3.14187941e+02   
    2.50000000e+04     1.25000000e+01    -2.24671493e+02     3.00138218e+02     6.44956364e+02    -3.12491359e+02   
    2.52000000e+04     1.26000000e+01    -2.24743785e+02     2.99580928e+02     6.44956364e+02    -3.14857085e+02   
    2.54000000e+04     1.27000000e+01    -2.24724560e+02     3.01598381e+02     6.44956364e+02    -3.18935952e+02   
    2.56000000e+04     1.28000000e+01    -2.24654111e+02     2.98300130e+02     6.44956364e+02    -3.12595830e+02   
    2.58000000e+04     1.29000000e+01    -2.24650940e+02     2.99982090e+02     6.44956364e+02    -3.08408048e+02   
    2.60000000e+04     1.30000000e+01    -2.24751150e+02     2.98597181e+02     6.44956364e+02    -3.07965899e+02   
    2.62000000e+04     1.31000000e+01    -2.24716177e+02     3.01036200e+02     6.44956364e+02    -3.11370758e+02   
    2.64000000e+04     1.32000000e+01    -2.24674127e+02     2.96515391e+02     6.44956364e+02    -3.10016789e+02   
    2.66000000e+04     1.33000000e+01    -2.24695011e+02     2.98227631e+02     6.44956364e+02    -3.17980607e+02   
    2.68000000e+04     1.34000000e+01    -2.24701993e+02     3.02778373e+02     6.44956364e+02    -3.12954067e+02   
    2.70000000e+04     1.35000000e+01    -2.24652716e+02     2.98526325e+02     6.44956364e+02    -3.05840671e+02   
    2.72000000e+04     1.36000000e+01    -2.24664767e+02     2.98276717e+02     6.44956364e+02    -3.11401553e+02   
    2.74000000e+04     1.37000000e+01    -2.24632186e+02     2.98470092e+02     6.44956364e+02    -3.11215903e+02   
    2.76000000e+04     1.38000000e+01    -2.24701502e+02     3.01746619e+02     6.44956364e+02    -3.11229206e+02   
    2.78000000e+04     1.39000000e+01    -2.24704479e+02     3.02008119e+02     6.44956364e+02    -3.08990757e+02   
    2.80000000e+04     1.40000000e+01    -2.24659711e+02     3.01929483e+02     6.44956364e+02    -3.05279304e+02   
    2.82000000e+04     1.41000000e+01    -2.24791084e+02     2.99691045e+02     6.44956364e+02    -3.16763580e+02   
    2.84000000e+04     1.42000000e+01    -2.24656651e+02     2.99363828e+02     6.44956364e+02    -3.06267636e+02   
    2.86000000e+04     1.43000000e+01    -2.24654532e+02     2.98642551e+02     6.44956364e+02    -3.10485147e+02   
    2.88000000e+04     1.44000000e+01    -2.24665444e+02     3.03537715e+02     6.44956364e+02    -3.09450305e+02   
    2.90000000e+04     1.45000000e+01    -2.24674414e+02     3.02646634e+02     6.44956364e+02    -3.12551850e+02   
    2.92000000e+04     1.46000000e+01    -2.24653099e+02     2.99104788e+02     6.44956364e+02    -3.13656967e+02   
    2.94000000e+04     1.47000000e+01    -2.24631510e+02     3.02170713e+02     6.44956364e+02    -3.12955924e+02   
    2.96000000e+04     1.48000000e+01    -2.24619550e+02     2.99770055e+02     6.44956364e+02    -3.08015433e+02   
    2.98000000e+04     1.49000000e+01    -2.24664033e+02     3.01390451e+02     6.44956364e+02    -3.09127571e+02   
    3.00000000e+04     1.50000000e+01    -2.24689571e+02     3.01849558e+02     6.44956364e+02    -3.12104597e+02   
    3.02000000e+04     1.51000000e+01    -2.24680619e+02     3.02375963e+02     6.44956364e+02    -3.13519986e+02   
    3.04000000e+04     1.52000000e+01    -2.24671290e+02     2.98665527e+02     6.44956364e+02    -3.17681404e+02   
    3.06000000e+04     1.53000000e+01    -2.24654640e+02     2.98229787e+02     6.44956364e+02    -3.14888721e+02   
    3.08000000e+04     1.54000000e+01    -2.24673589e+02     2.98265703e+02     6.44956364e+02    -3.13569699e+02   
    3.10000000e+04     1.55000000e+01    -2.24674826e+02     3.00449876e+02     6.44956364e+02    -3.12664134e+02   
    3.12000000e+04     1.56000000e+01    -2.24637749e+02     2.98499482e+02     6.44956364e+02    -3.10162644e+02   
    3.14000000e+04     1.57000000e+01    -2.24677848e+02     2.99079068e+02     6.44956364e+02    -3.13925483e+02   
    3.16000000e+04     1.58000000e+01    -2.24661661e+02     3.03827579e+02     6.44956364e+02    -3.10748076e+02   
    3.18000000e+04     1.59000000e+01    -2.24677304e+02     3.00045685e+02     6.44956364e+02    -3.12241020e+02   
    3.20000000e+04     1.60000000e+01    -2.24660762e+02     2.96856932e+02     6.44956364e+02    -3.08693568e+02   
    3.22000000e+04     1.61000000e+01    -2.24681830e+02     2.98955341e+02     6.44956364e+02    -3.09245819e+02   
    3.24000000e+04     1.62000000e+01    -2.24708482e+02     3.00776531e+02     6.44956364e+02    -3.09918677e+02   
    3.26000000e+04     1.63000000e+01    -2.24691628e+02     3.00162998e+02     6.44956364e+02    -3.16563149e+02   
    3.28000000e+04     1.64000000e+01    -2.24697984e+02     2.99589140e+02     6.44956364e+02    -3.16989272e+02   
    3.30000000e+04     1.65000000e+01    -2.24694036e+02     2.97143519e+02     6.44956364e+02    -3.17295935e+02   
    3.32000000e+04     1.66000000e+01    -2.24697375e+02     2.97243280e+02     6.44956364e+02    -3.18773344e+02   
    3.34000000e+04     1.67000000e+01    -2.24651327e+02     2.96663104e+02     6.44956364e+02    -3.16737284e+02   
    3.36000000e+04     1.68000000e+01    -2.24641231e+02     2.97717553e+02     6.44956364e+02    -3.18650430e+02   
    3.38000000e+04     1.69000000e+01    -2.24662281e+02     3.00930494e+02     6.44956364e+02    -3.16467066e+02   
    3.40000000e+04     1.70000000e+01    -2.24696485e+02     3.02959733e+02     6.44956364e+02    -3.12582224e+02   
    3.42000000e+04     1.71000000e+01    -2.24703729e+02     2.96637154e+02     6.44956364e+02    -3.19903053e+02   
    3.44000000e+04     1.72000000e+01    -2.24709378e+02     2.99775485e+02     6.44956364e+02    -3.13841370e+02   
    3.46000000e+04     1.73000000e+01    -2.24613053e+02     2.98796406e+02     6.44956364e+02    -3.09618294e+02   
    3.48000000e+04     1.74000000e+01    -2.24664687e+02     3.01482836e+02     6.44956364e+02    -3.12990812e+02   
    3.50000000e+04     1.75000000e+01    -2.24653637e+02     3.03501588e+02     6.44956364e+02    -3.09547220e+02   
    3.52000000e+04     1.76000000e+01    -2.24726145e+02     3.00284863e+02     6.44956364e+02    -3.16903253e+02   
    3.54000000e+04     1.77000000e+01    -2.24675252e+02     3.01121309e+02     6.44956364e+02    -3.09306997e+02   
    3.56000000e+04     1.78000000e+01    -2.24649322e+02     3.01020959e+02     6.44956364e+02    -3.08420359e+02   
    3.58000000e+04     1.79000000e+01    -2.24611048e+02     3.01664842e+02     6.44956364e+02    -3.16374355e+02   
    3.60000000e+04     1.80000000e+01    -2.24619739e+02     2.98120740e+02     6.44956364e+02    -3.09924273e+02   
    3.62000000e+04     1.81000000e+01    -2.24659651e+02     2.98780620e+02     6.44956364e+02    -3.10989553e+02   
    3.64000000e+04     1.82000000e+01    -2.24632061e+02     2.99547288e+02     6.44956364e+02    -3.09367814e+02   
    3.66000000e+04     1.83000000e+01    -2.24629543e+02     2.97826843e+02     6.44956364e+02    -3.08549209e+02   
    3.68000000e+04     1.84000000e+01    -2.24674328e+02     2.99406573e+02     6.44956364e+02    -3.06976111e+02   
    3.70000000e+04     1.85000000e+01    -2.24652966e+02     3.04931648e+02     6.44956364e+02    -3.11215123e+02   
    3.72000000e+04     1.86000000e+01    -2.24609404e+02     3.05162991e+02     6.44956364e+02    -3.11561871e+02   
    3.74000000e+04     1.87000000e+01    -2.24655505e+02     2.97112025e+02     6.44956364e+02    -3.16004741e+02   
    3.76000000e+04     1.88000000e+01    -2.24610662e+02     3.00790010e+02     6.44956364e+02    -3.11206845e+02   
    3.78000000e+04     1.89000000e+01    -2.24664066e+02     3.04226762e+02     6.44956364e+02    -3.15544982e+02   
    3.80000000e+04     1.90000000e+01    -2.24637160e+02     3.02251429e+02     6.44956364e+02    -3.13332626e+02   
    3.82000000e+04     1.91000000e+01    -2.24583917e+02     3.00208664e+02     6.44956364e+02    -3.11654519e+02   
    3.84000000e+04     1.92000000e+01    -2.24669661e+02     2.99750203e+02     6.44956364e+02    -3.16842897e+02   
    3.86000000e+04     1.93000000e+01    -2.24689722e+02     2.98475939e+02     6.44956364e+02    -3.17343511e+02   
    3.88000000e+04     1.94000000e+01    -2.24692671e+02     2.96617877e+02     6.44956364e+02    -3.14536224e+02   
    3.90000000e+04     1.95000000e+01    -2.24653544e+02     2.99592043e+02     6.44956364e+02    -3.13312431e+02   
    3.92000000e+04     1.96000000e+01    -2.24706149e+02     2.98963684e+02     6.44956364e+02    -3.14374602e+02   
    3.94000000e+04     1.97000000e+01    -2.24709696e+02     3.01042524e+02     6.44956364e+02    -3.16849189e+02   
    3.96000000e+04     1.98000000e+01    -2.24638077e+02     3.02255782e+02     6.44956364e+02    -3.09408028e+02   
    3.98000000e+04     1.99000000e+01    -2.24698558e+02     3.01326952e+02     6.44956364e+02    -3.11474758e+02   
    4.00000000e+04     2.00000000e+01    -2.24701035e+02     3.01706375e+02     6.44956364e+02    -3.18684318e+02   
