# column   1     --> step : The current simulation time step.
# column   2     --> time{picosecond} : The elapsed simulation time.
# column   3     --> conserved{electronvolt} : The value of the conserved energy quantity per bead.
# column   4     --> temperature{kelvin} : The current temperature, as obtained from the MD kinetic energy.
# column   5     --> kinetic_cv{electronvolt} : The centroid-virial quantum kinetic energy of the physical system.
# column   6     --> potential{electronvolt} : The physical system potential energy.
    0.00000000e+00     0.00000000e+00    -1.16515719e+01     2.97697964e+02     2.51669481e+01    -3.66290278e+01   
    2.00000000e+02     1.00000000e-01    -1.16205978e+01     2.61962481e+02     2.51669481e+01    -2.26243771e+01   
    4.00000000e+02     2.00000000e-01    -1.15998069e+01     2.82535602e+02     2.51669481e+01    -1.81438471e+01   
    6.00000000e+02     3.00000000e-01    -1.15999291e+01     2.88826564e+02     2.51669481e+01    -1.69155036e+01   
    8.00000000e+02     4.00000000e-01    -1.15994400e+01     2.95315837e+02     2.51669481e+01    -1.67816371e+01   
    1.00000000e+03     5.00000000e-01    -1.15982871e+01     2.89893631e+02     2.51669481e+01    -1.64386719e+01   
    1.20000000e+03     6.00000000e-01    -1.15867976e+01     2.99151282e+02     2.51669481e+01    -1.54261258e+01   
    1.40000000e+03     7.00000000e-01    -1.15896559e+01     3.14438942e+02     2.51669481e+01    -1.50940293e+01   
    1.60000000e+03     8.00000000e-01    -1.15963850e+01     2.87639384e+02     2.51669481e+01    -1.39099481e+01   
    1.80000000e+03     9.00000000e-01    -1.15954619e+01     2.90080892e+02     2.51669481e+01    -1.40387372e+01   
    2.00000000e+03     1.00000000e+00    -1.15914242e+01     2.97607293e+02     2.51669481e+01    -1.49119409e+01   
    2.20000000e+03     1.10000000e+00    -1.15802816e+01     3.03082072e+02     2.51669481e+01    -1.37680325e+01   
    2.40000000e+03     1.20000000e+00    -1.15874991e+01     3.13295502e+02     2.51669481e+01    -1.58366182e+01   
    2.60000000e+03     1.30000000e+00    -1.15862890e+01     2.90051761e+02     2.51669481e+01    -1.43219510e+01   
    2.80000000e+03     1.40000000e+00    -1.15903327e+01     3.02837773e+02     2.51669481e+01    -1.49932850e+01   
    3.00000000e+03     1.50000000e+00    -1.15859935e+01     2.99253116e+02     2.51669481e+01    -1.32187500e+01   
    3.20000000e+03     1.60000000e+00    -1.15915983e+01     3.19344489e+02     2.51669481e+01    -1.50593846e+01   
    3.40000000e+03     1.70000000e+00    -1.15924677e+01     3.22434783e+02     2.51669481e+01    -1.57299593e+01   
    3.60000000e+03     1.80000000e+00    -1.15924447e+01     3.00370026e+02     2.51669481e+01    -1.46705329e+01   
    3.80000000e+03     1.90000000e+00    -1.15815899e+01     3.08911499e+02     2.51669481e+01    -1.49430165e+01   
    4.00000000e+03     2.00000000e+00    -1.15883471e+01     2.97020206e+02     2.51669481e+01    -1.50491506e+01   
    4.20000000e+03     2.10000000e+00    -1.15922184e+01     3.03947069e+02     2.51669481e+01    -1.46931439e+01   
    4.40000000e+03     2.20000000e+00    -1.15994534e+01     3.12397824e+02     2.51669481e+01    -1.53150902e+01   
    4.60000000e+03     2.30000000e+00    -1.15937709e+01     2.96061526e+02     2.51669481e+01    -1.47103113e+01   
    4.80000000e+03     2.40000000e+00    -1.16016274e+01     3.13365880e+02     2.51669481e+01    -1.62164218e+01   
    5.00000000e+03     2.50000000e+00    -1.15864890e+01     2.97129985e+02     2.51669481e+01    -1.51815486e+01   
    5.20000000e+03     2.60000000e+00    -1.15793836e+01     3.13936083e+02     2.51669481e+01    -1.47592663e+01   
    5.40000000e+03     2.70000000e+00    -1.15844226e+01     2.93474600e+02     2.51669481e+01    -1.40457286e+01   
    5.60000000e+03     2.80000000e+00    -1.15865538e+01     2.88332092e+02     2.51669481e+01    -1.35357463e+01   
    5.80000000e+03     2.90000000e+00    -1.15905358e+01     2.89683982e+02     2.51669481e+01    -1.38011555e+01   
    6.00000000e+03     3.00000000e+00    -1.15947665e+01     3.07765895e+02     2.51669481e+01    -1.52469528e+01   
    6.20000000e+03     3.10000000e+00    -1.15914928e+01     3.10638708e+02     2.51669481e+01    -1.44023775e+01   
    6.40000000e+03     3.20000000e+00    -1.15941456e+01     3.02465627e+02     2.51669481e+01    -1.49331038e+01   
    6.60000000e+03     3.30000000e+00    -1.15797867e+01     2.91287867e+02     2.51669481e+01    -1.52877786e+01   
    6.80000000e+03     3.40000000e+00    -1.15929264e+01     2.99871488e+02     2.51669481e+01    -1.63764478e+01   
    7.00000000e+03     3.50000000e+00    -1.15833169e+01     2.96357322e+02     2.51669481e+01    -1.47528321e+01   
    7.20000000e+03     3.60000000e+00    -1.15898607e+01     2.99623003e+02     2.51669481e+01    -1.50134448e+01   
    7.40000000e+03     3.70000000e+00    -1.15959562e+01     2.94504445e+02     2.51669481e+01    -1.43388568e+01   
    7.60000000e+03     3.80000000e+00    -1.15869955e+01     2.93095497e+02     2.51669481e+01    -1.47372938e+01   
    7.80000000e+03     3.90000000e+00    -1.15987504e+01     2.93785734e+02     2.51669481e+01    -1.52232598e+01   
    8.00000000e+03     4.00000000e+00    -1.15937322e+01     2.95551109e+02     2.51669481e+01    -1.57021264e+01   
    8.20000000e+03     4.10000000e+00    -1.15904743e+01     2.80428598e+02     2.51669481e+01    -1.55087106e+01   
    8.40000000e+03     4.20000000e+00    -1.15927825e+01     3.02234560e+02     2.51669481e+01    -1.37934326e+01   
    8.60000000e+03     4.30000000e+00    -1.15965666e+01     3.04199043e+02     2.51669481e+01    -1.48407825e+01   
    8.80000000e+03     4.40000000e+00    -1.15897975e+01     2.93829280e+02     2.51669481e+01    -1.43692576e+01   
    9.00000000e+03     4.50000000e+00    -1.15870727e+01     2.82250054e+02     2.51669481e+01    -1.45691228e+01   
    9.20000000e+03     4.60000000e+00    -1.16019722e+01     3.08710613e+02     2.51669481e+01    -1.45382701e+01   
    9.40000000e+03     4.70000000e+00    -1.15950965e+01     2.96876153e+02     2.51669481e+01    -1.47229348e+01   
    9.60000000e+03     4.80000000e+00    -1.15891555e+01     3.27377359e+02     2.51669481e+01    -1.49252323e+01   
    9.80000000e+03     4.90000000e+00    -1.15978866e+01     2.91737480e+02     2.51669481e+01    -1.37024985e+01   
    1.00000000e+04     5.00000000e+00    -1.15962033e+01     2.92697109e+02     2.51669481e+01    -1.36481310e+01   
    1.02000000e+04     5.10000000e+00    -1.15917599e+01     2.84411765e+02     2.51669481e+01    -1.37291923e+01   
    1.04000000e+04     5.20000000e+00    -1.15848744e+01     3.02243170e+02     2.51669481e+01    -1.42499658e+01   
    1.06000000e+04     5.30000000e+00    -1.15800499e+01     2.94613436e+02     2.51669481e+01    -1.49261257e+01   
    1.08000000e+04     5.40000000e+00    -1.15823260e+01     3.02137902e+02     2.51669481e+01    -1.49375732e+01   
    1.10000000e+04     5.50000000e+00    -1.15877142e+01     2.93806651e+02     2.51669481e+01    -1.45633679e+01   
    1.12000000e+04     5.60000000e+00    -1.15864211e+01     3.07233434e+02     2.51669481e+01    -1.41017790e+01   
    1.14000000e+04     5.70000000e+00    -1.15853849e+01     3.14660312e+02     2.51669481e+01    -1.50664095e+01   
    1.16000000e+04     5.80000000e+00    -1.15778912e+01     2.95121042e+02     2.51669481e+01    -1.28751920e+01   
    1.18000000e+04     5.90000000e+00    -1.15793829e+01     2.90395614e+02     2.51669481e+01    -1.43683658e+01   
    1.20000000e+04     6.00000000e+00    -1.15894357e+01     3.05717623e+02     2.51669481e+01    -1.48752347e+01   
    1.22000000e+04     6.10000000e+00    -1.15823827e+01     3.02054472e+02     2.51669481e+01    -1.53384239e+01   
    1.24000000e+04     6.20000000e+00    -1.15861394e+01     3.01237955e+02     2.51669481e+01    -1.46302365e+01   
    1.26000000e+04     6.30000000e+00    -1.15819832e+01     3.00122936e+02     2.51669481e+01    -1.50445889e+01   
    1.28000000e+04     6.40000000e+00    -1.15743696e+01     2.88870375e+02     2.51669481e+01    -1.44859925e+01   
    1.30000000e+04     6.50000000e+00    -1.15802717e+01     2.84104659e+02     2.51669481e+01    -1.48387487e+01   
    1.32000000e+04     6.60000000e+00    -1.15871500e+01     2.99152297e+02     2.51669481e+01    -1.56475335e+01   
    1.34000000e+04     6.70000000e+00    -1.15751620e+01     2.79678914e+02     2.51669481e+01    -1.57434089e+01   
    1.36000000e+04     6.80000000e+00    -1.15809885e+01     3.07752471e+02     2.51669481e+01    -1.61072743e+01   
    1.38000000e+04     6.90000000e+00    -1.15821238e+01     3.01955578e+02     2.51669481e+01    -1.48079937e+01   
    1.40000000e+04     7.00000000e+00    -1.15757625e+01     2.94294615e+02     2.51669481e+01    -1.50377392e+01   
    1.42000000e+04     7.10000000e+00    -1.15851405e+01     3.26086370e+02     2.51669481e+01    -1.42044439e+01   
    1.44000000e+04     7.20000000e+00    -1.15688014e+01     2.95143279e+02     2.51669481e+01    -1.40290803e+01   
    1.46000000e+04     7.30000000e+00    -1.15800778e+01     3.00054872e+02     2.51669481e+01    -1.45105068e+01   
    1.48000000e+04     7.40000000e+00    -1.15835312e+01     3.01599679e+02     2.51669481e+01    -1.54462582e+01   
    1.50000000e+04     7.50000000e+00    -1.15749900e+01     2.95858480e+02     2.51669481e+01    -1.47658943e+01   
    1.52000000e+04     7.60000000e+00    -1.15740579e+01     2.85878459e+02     2.51669481e+01    -1.52620066e+01   
    1.54000000e+04     7.70000000e+00    -1.15707985e+01     2.91418244e+02     2.51669481e+01    -1.46996422e+01   
    1.56000000e+04     7.80000000e+00    -1.15737708e+01     3.10504922e+02     2.51669481e+01    -1.46863128e+01   
    1.58000000e+04     7.90000000e+00    -1.15741315e+01     2.96272670e+02     2.51669481e+01    -1.40030765e+01   
    1.60000000e+04     8.00000000e+00    -1.15718411e+01     3.07517670e+02     2.51669481e+01    -1.43507152e+01   
    1.62000000e+04     8.10000000e+00    -1.15722259e+01     2.95310735e+02     2.51669481e+01    -1.36992430e+01   
    1.64000000e+04     8.20000000e+00    -1.15798203e+01     2.97847446e+02     2.51669481e+01    -1.40005494e+01   
    1.66000000e+04     8.30000000e+00    -1.15807381e+01     2.92389896e+02     2.51669481e+01    -1.49516346e+01   
    1.68000000e+04     8.40000000e+00    -1.15724589e+01     3.01984373e+02     2.51669481e+01    -1.53635807e+01   
    1.70000000e+04     8.50000000e+00    -1.15848121e+01     2.95287072e+02     2.51669481e+01    -1.50803572e+01   
    1.72000000e+04     8.60000000e+00    -1.15884334e+01     2.98911320e+02     2.51669481e+01    -1.52522795e+01   
    1.74000000e+04     8.70000000e+00    -1.15931896e+01     3.01376597e+02     2.51669481e+01    -1.44329899e+01   
    1.76000000e+04     8.80000000e+00    -1.15856125e+01     2.94677764e+02     2.51669481e+01    -1.48584896e+01   
    1.78000000e+04     8.90000000e+00    -1.15718295e+01     2.88993997e+02     2.51669481e+01    -1.41711547e+01   
    1.80000000e+04     9.00000000e+00    -1.15748300e+01     3.00824197e+02     2.51669481e+01    -1.32313042e+01   
    1.82000000e+04     9.10000000e+00    -1.15804260e+01     3.06267150e+02     2.51669481e+01    -1.37485483e+01   
    1.84000000e+04     9.20000000e+00    -1.15843949e+01     3.03658412e+02     2.51669481e+01    -1.60433947e+01   
    1.86000000e+04     9.30000000e+00    -1.15830803e+01     2.78276969e+02     2.51669481e+01    -1.51533449e+01   
    1.88000000e+04     9.40000000e+00    -1.15858110e+01     2.87809963e+02     2.51669481e+01    -1.60882067e+01   
    1.90000000e+04     9.50000000e+00    -1.15795583e+01     2.92216803e+02     2.51669481e+01    -1.47255153e+01   
    1.92000000e+04     9.60000000e+00    -1.15820302e+01     3.05682960e+02     2.51669481e+01    -1.55358628e+01   
    1.94000000e+04     9.70000000e+00    -1.15790022e+01     2.88226733e+02     2.51669481e+01    -1.53861151e+01   
    1.96000000e+04     9.80000000e+00    -1.15818848e+01     3.09901506e+02     2.51669481e+01    -1.42551939e+01   
    1.98000000e+04     9.90000000e+00    -1.15835101e+01     2.89685935e+02     2.51669481e+01    -1.40023382e+01   
    2.00000000e+04     1.00000000e+01    -1.15808546e+01     2.93660232e+02     2.51669481e+01    -1.40492454e+01   
    2.02000000e+04     1.01000000e+01    -1.15785508e+01     2.98369187e+02     2.51669481e+01    -1.34353901e+01   
    2.04000000e+04     1.02000000e+01    -1.15723770e+01     3.10244188e+02     2.51669481e+01    -1.35867654e+01   
    2.06000000e+04     1.03000000e+01    -1.15879065e+01     2.82280541e+02     2.51669481e+01    -1.38372212e+01   
    2.08000000e+04     1.04000000e+01    -1.15807880e+01     3.01174597e+02     2.51669481e+01    -1.45813101e+01   
    2.10000000e+04     1.05000000e+01    -1.15761367e+01     3.00665549e+02     2.51669481e+01    -1.35006302e+01   
    2.12000000e+04     1.06000000e+01    -1.15753600e+01     3.08151178e+02     2.51669481e+01    -1.32079892e+01   
    2.14000000e+04     1.07000000e+01    -1.15884638e+01     3.12700949e+02     2.51669481e+01    -1.48574046e+01   
    2.16000000e+04     1.08000000e+01    -1.15839179e+01     3.16357217e+02     2.51669481e+01    -1.41345259e+01   
    2.18000000e+04     1.09000000e+01    -1.15820822e+01     3.02906133e+02     2.51669481e+01    -1.43159829e+01   
    2.20000000e+04     1.10000000e+01    -1.15783027e+01     3.01830124e+02     2.51669481e+01    -1.33275818e+01   
    2.22000000e+04     1.11000000e+01    -1.15789586e+01     3.06064025e+02     2.51669481e+01    -1.37856886e+01   
    2.24000000e+04     1.12000000e+01    -1.15839013e+01     2.77115164e+02     2.51669481e+01    -1.45221798e+01   
    2.26000000e+04     1.13000000e+01    -1.15717772e+01     2.97526475e+02     2.51669481e+01    -1.48996341e+01   
    2.28000000e+04     1.14000000e+01    -1.15722379e+01     3.07392614e+02     2.51669481e+01    -1.39770262e+01   
    2.30000000e+04     1.15000000e+01    -1.15784268e+01     3.08629132e+02     2.51669481e+01    -1.49056470e+01   
    2.32000000e+04     1.16000000e+01    -1.15759639e+01     3.13687570e+02     2.51669481e+01    -1.35647405e+01   
    2.34000000e+04     1.17000000e+01    -1.15849252e+01     2.96816776e+02     2.51669481e+01    -1.41580203e+01   
    2.36000000e+04     1.18000000e+01    -1.15841359e+01     3.06985842e+02     2.51669481e+01    -1.56221857e+01   
    2.38000000e+04     1.19000000e+01    -1.15810068e+01     2.94974939e+02     2.51669481e+01    -1.49669376e+01   
    2.40000000e+04     1.20000000e+01    -1.15825391e+01     3.00534427e+02     2.51669481e+01    -1.55050550e+01   
    2.42000000e+04     1.21000000e+01    -1.15714216e+01     3.10195269e+02     2.51669481e+01    -1.50100621e+01   
    2.44000000e+04     1.22000000e+01    -1.15775711e+01     3.09307193e+02     2.51669481e+01    -1.51613683e+01   
    2.46000000e+04     1.23000000e+01    -1.15781554e+01     3.15594411e+02     2.51669481e+01    -1.45737714e+01   
    2.48000000e+04     1.24000000e+01    -1.15889689e+01     2.99440623e+02     2.51669481e+01    -1.57111335e+01   
    2.50000000e+04     1.25000000e+01    -1.15840863e+01     2.94483864e+02     2.51669481e+01    -1.64722892e+01   
    2.52000000e+04     1.26000000e+01    -1.15923588e+01     2.97586521e+02     2.51669481e+01    -1.55841324e+01   
    2.54000000e+04     1.27000000e+01    -1.15776926e+01     3.04566744e+02     2.51669481e+01    -1.52908077e+01   
    2.56000000e+04     1.28000000e+01    -1.15877830e+01     2.90821002e+02     2.51669481e+01    -1.51003116e+01   
    2.58000000e+04     1.29000000e+01    -1.15725593e+01     3.02629629e+02     2.51669481e+01    -1.48526005e+01   
    2.60000000e+04     1.30000000e+01    -1.15841534e+01     3.05050150e+02     2.51669481e+01    -1.51121611e+01   
    2.62000000e+04     1.31000000e+01    -1.15850214e+01     2.99313061e+02     2.51669481e+01    -1.50690037e+01   
    2.64000000e+04     1.32000000e+01    -1.15844734e+01     3.04910900e+02     2.51669481e+01    -1.38464812e+01   
    2.66000000e+04     1.33000000e+01    -1.15839150e+01     3.15412868e+02     2.51669481e+01    -1.52057879e+01   
    2.68000000e+04     1.34000000e+01    -1.15839463e+01     2.93278576e+02     2.51669481e+01    -1.52852725e+01   
    2.70000000e+04     1.35000000e+01    -1.15789268e+01     3.08340605e+02     2.51669481e+01    -1.50793985e+01   
    2.72000000e+04     1.36000000e+01    -1.15726563e+01     3.12256017e+02     2.51669481e+01    -1.45611966e+01   
    2.74000000e+04     1.37000000e+01    -1.15716287e+01     2.94195731e+02     2.51669481e+01    -1.44657655e+01   
    2.76000000e+04     1.38000000e+01    -1.15755583e+01     3.03000595e+02     2.51669481e+01    -1.41002108e+01   
    2.78000000e+04     1.39000000e+01    -1.15847693e+01     2.95828333e+02     2.51669481e+01    -1.56916474e+01   
    2.80000000e+04     1.40000000e+01    -1.15763428e+01     2.74423853e+02     2.51669481e+01    -1.47124047e+01   
    2.82000000e+04     1.41000000e+01    -1.15873433e+01     2.71704226e+02     2.51669481e+01    -1.48557911e+01   
    2.84000000e+04     1.42000000e+01    -1.15898448e+01     2.94929585e+02     2.51669481e+01    -1.53403335e+01   
    2.86000000e+04     1.43000000e+01    -1.15788532e+01     2.98454832e+02     2.51669481e+01    -1.52674447e+01   
    2.88000000e+04     1.44000000e+01    -1.15794073e+01     3.15855144e+02     2.51669481e+01    -1.41800072e+01   
    2.90000000e+04     1.45000000e+01    -1.15798259e+01     3.17632520e+02     2.51669481e+01    -1.44335947e+01   
    2.92000000e+04     1.46000000e+01    -1.15811272e+01     3.03242066e+02     2.51669481e+01    -1.47273142e+01   
    2.94000000e+04     1.47000000e+01    -1.15844784e+01     3.08313210e+02     2.51669481e+01    -1.53874284e+01   
    2.96000000e+04     1.48000000e+01    -1.15819501e+01     2.87790929e+02     2.51669481e+01    -1.40217702e+01   
    2.98000000e+04     1.49000000e+01    -1.15844985e+01     2.94947412e+02     2.51669481e+01    -1.52251608e+01   
    3.00000000e+04     1.50000000e+01    -1.15878004e+01     2.83959821e+02     2.51669481e+01    -1.64533781e+01   
    3.02000000e+04     1.51000000e+01    -1.15868224e+01     2.91196344e+02     2.51669481e+01    -1.58849006e+01   
    3.04000000e+04     1.52000000e+01    -1.15843092e+01     3.08639543e+02     2.51669481e+01    -1.54082417e+01   
    3.06000000e+04     1.53000000e+01    -1.15895978e+01     2.96478151e+02     2.51669481e+01    -1.60148034e+01   
    3.08000000e+04     1.54000000e+01    -1.15863703e+01     2.91170705e+02     2.51669481e+01    -1.54840593e+01   
    3.10000000e+04     1.55000000e+01    -1.15794546e+01     3.05158820e+02     2.51669481e+01    -1.45502950e+01   
    3.12000000e+04     1.56000000e+01    -1.15789051e+01     2.89625408e+02     2.51669481e+01    -1.39583824e+01   
    3.14000000e+04     1.57000000e+01    -1.15783044e+01     3.01985084e+02     2.51669481e+01    -1.43997826e+01   
    3.16000000e+04     1.58000000e+01    -1.15801044e+01     2.95031856e+02     2.51669481e+01    -1.41182206e+01   
    3.18000000e+04     1.59000000e+01    -1.15834658e+01     2.95234924e+02     2.51669481e+01    -1.54900006e+01   
    3.20000000e+04     1.60000000e+01    -1.15732964e+01     2.83146216e+02     2.51669481e+01    -1.50374380e+01   
    3.22000000e+04     1.61000000e+01    -1.15797230e+01     2.87024538e+02     2.51669481e+01    -1.43564492e+01   
    3.24000000e+04     1.62000000e+01    -1.15792038e+01     2.83496893e+02     2.51669481e+01    -1.48064296e+01   
    3.26000000e+04     1.63000000e+01    -1.15882574e+01     2.97624670e+02     2.51669481e+01    -1.36929650e+01   
    3.28000000e+04     1.64000000e+01    -1.15880339e+01     2.77946053e+02     2.51669481e+01    -1.38577495e+01   
    3.30000000e+04     1.65000000e+01    -1.15780921e+01     2.87399256e+02     2.51669481e+01    -1.39402223e+01   
    3.32000000e+04     1.66000000e+01    -1.15787960e+01     3.00497856e+02     2.51669481e+01    -1.39341993e+01   
    3.34000000e+04     1.67000000e+01    -1.15828954e+01     3.07594626e+02     2.51669481e+01    -1.39692814e+01   
    3.36000000e+04     1.68000000e+01    -1.15837939e+01     2.95603071e+02     2.51669481e+01    -1.45169221e+01   
    3.38000000e+04     1.69000000e+01    -1.15779819e+01     2.88339038e+02     2.51669481e+01    -1.44956274e+01   
    3.40000000e+04     1.70000000e+01    -1.15802261e+01     2.99760243e+02     2.51669481e+01    -1.33542951e+01   
    3.42000000e+04     1.71000000e+01    -1.15873926e+01     3.02021212e+02     2.51669481e+01    -1.49039302e+01   
    3.44000000e+04     1.72000000e+01    -1.15856265e+01     3.16355761e+02     2.51669481e+01    -1.47306771e+01   
    3.46000000e+04     1.73000000e+01    -1.15956791e+01     3.10040544e+02     2.51669481e+01    -1.60470210e+01   
    3.48000000e+04     1.74000000e+01    -1.15794832e+01     2.91916664e+02     2.51669481e+01    -1.42792331e+01   
    3.50000000e+04     1.75000000e+01    -1.15922392e+01     2.97755926e+02     2.51669481e+01    -1.54889757e+01   
    3.52000000e+04     1.76000000e+01    -1.15827400e+01     2.96251242e+02     2.51669481e+01    -1.50142044e+01   
    3.54000000e+04     1.77000000e+01    -1.15905165e+01     2.86087839e+02     2.51669481e+01    -1.54801266e+01   
    3.56000000e+04     1.78000000e+01    -1.15808493e+01     3.02778490e+02     2.51669481e+01    -1.49141109e+01   
    3.58000000e+04     1.79000000e+01    -1.15835354e+01     3.00893068e+02     2.51669481e+01    -1.59014783e+01   
    3.60000000e+04     1.80000000e+01    -1.15843354e+01     3.19643217e+02     2.51669481e+01    -1.49296325e+01   
    3.62000000e+04     1.81000000e+01    -1.15835907e+01     2.96787598e+02     2.51669481e+01    -1.49159159e+01   
    3.64000000e+04     1.82000000e+01    -1.15835212e+01     2.93210230e+02     2.51669481e+01    -1.38929476e+01   
    3.66000000e+04     1.83000000e+01    -1.15966296e+01     3.01723218e+02     2.51669481e+01    -1.45377326e+01   
    3.68000000e+04     1.84000000e+01    -1.15883135e+01     3.05531400e+02     2.51669481e+01    -1.45341942e+01   
    3.70000000e+04     1.85000000e+01    -1.15813151e+01     2.99773822e+02     2.51669481e+01    -1.50829695e+01   
    3.72000000e+04     1.86000000e+01    -1.15793387e+01     2.94885800e+02     2.51669481e+01    -1.41332465e+01   
    3.74000000e+04     1.87000000e+01    -1.15838058e+01     3.07519458e+02     2.51669481e+01    -1.41220396e+01   
    3.76000000e+04     1.88000000e+01    -1.15893144e+01     3.02975301e+02     2.51669481e+01    -1.42723351e+01   
    3.78000000e+04     1.89000000e+01    -1.15843926e+01     3.05028645e+02     2.51669481e+01    -1.54373666e+01   
    3.80000000e+04     1.90000000e+01    -1.15803681e+01     3.05578169e+02     2.51669481e+01    -1.47674335e+01   
    3.82000000e+04     1.91000000e+01    -1.15771843e+01     2.95386042e+02     2.51669481e+01    -1.42460011e+01   
    3.84000000e+04     1.92000000e+01    -1.15824964e+01     3.07658912e+02     2.51669481e+01    -1.54757836e+01   
    3.86000000e+04     1.93000000e+01    -1.15806553e+01     2.91016721e+02     2.51669481e+01    -1.50557459e+01   
    3.88000000e+04     1.94000000e+01    -1.15806708e+01     2.89523009e+02     2.51669481e+01    -1.55196988e+01   
    3.90000000e+04     1.95000000e+01    -1.15801378e+01     3.00752212e+02     2.51669481e+01    -1.37810575e+01   
    3.92000000e+04     1.96000000e+01    -1.15828826e+01     2.99940079e+02     2.51669481e+01    -1.47319680e+01   
    3.94000000e+04     1.97000000e+01    -1.15812036e+01     3.13322795e+02     2.51669481e+01    -1.51614807e+01   
    3.96000000e+04     1.98000000e+01    -1.15805140e+01     3.20578886e+02     2.51669481e+01    -1.48164860e+01   
    3.98000000e+04     1.99000000e+01    -1.15815235e+01     2.87431155e+02     2.51669481e+01    -1.43932147e+01   
    4.00000000e+04     2.00000000e+01    -1.15821878e+01     2.96089686e+02     2.51669481e+01    -1.54142821e+01   
