# column   1     --> step : The current simulation time step.
# column   2     --> time{picosecond} : The elapsed simulation time.
# column   3     --> conserved{electronvolt} : The value of the conserved energy quantity per bead.
# column   4     --> temperature{kelvin} : The current temperature, as obtained from the MD kinetic energy.
# column   5     --> kinetic_cv{electronvolt} : The centroid-virial quantum kinetic energy of the physical system.
# column   6     --> potential{electronvolt} : The physical system potential energy.
    0.00000000e+00     0.00000000e+00     5.95547432e+01     2.97020769e+02     1.50807798e+02    -8.97298156e+01   
    4.00000000e+00     2.00000000e-03     5.95536463e+01     2.97038248e+02     1.50807798e+02    -8.97396988e+01   
    8.00000000e+00     4.00000000e-03     5.95396121e+01     2.99803105e+02     1.50807798e+02    -9.11436064e+01   
    1.20000000e+01     6.00000000e-03     5.95454406e+01     2.99394820e+02     1.50807798e+02    -9.09325361e+01   
    1.60000000e+01     8.00000000e-03     5.95558569e+01     2.98311334e+02     1.50807798e+02    -9.03774591e+01   
    2.00000000e+01     1.00000000e-02     5.95435483e+01     3.01068248e+02     1.50807798e+02    -9.17756484e+01   
    2.40000000e+01     1.20000000e-02     5.95257517e+01     3.02650581e+02     1.50807798e+02    -9.25888722e+01   
    2.80000000e+01     1.40000000e-02     5.95422574e+01     2.98394371e+02     1.50807798e+02    -9.04328010e+01   
    3.20000000e+01     1.60000000e-02     5.95480279e+01     2.96446375e+02     1.50807798e+02    -8.94477872e+01   
    3.60000000e+01     1.80000000e-02     5.95300960e+01     3.00052061e+02     1.50807798e+02    -9.12782710e+01   
    4.00000000e+01     2.00000000e-02     5.95378915e+01     2.99908269e+02     1.50807798e+02    -9.11981923e+01   
    4.40000000e+01     2.20000000e-02     5.95557944e+01     2.97426517e+02     1.50807798e+02    -8.99327307e+01   
    4.80000000e+01     2.40000000e-02     5.95440637e+01     2.99719719e+02     1.50807798e+02    -9.10972371e+01   
    5.20000000e+01     2.60000000e-02     5.95310015e+01     3.01617334e+02     1.50807798e+02    -9.20642165e+01   
    5.60000000e+01     2.80000000e-02     5.95457328e+01     2.98605941e+02     1.50807798e+02    -9.05356802e+01   
    6.00000000e+01     3.00000000e-02     5.95532491e+01     2.96409242e+02     1.50807798e+02    -8.94238995e+01   
    6.40000000e+01     3.20000000e-02     5.95383974e+01     2.98444657e+02     1.50807798e+02    -9.04619393e+01   
    6.80000000e+01     3.40000000e-02     5.95315837e+01     3.00029010e+02     1.50807798e+02    -9.12651954e+01   
    7.20000000e+01     3.60000000e-02     5.95380425e+01     2.98161014e+02     1.50807798e+02    -9.03197091e+01   
    7.60000000e+01     3.80000000e-02     5.95400737e+01     2.98157324e+02     1.50807798e+02    -9.03158229e+01   
    8.00000000e+01     4.00000000e-02     5.95161480e+01     3.00516279e+02     1.50807798e+02    -9.15255777e+01   
    8.40000000e+01     4.20000000e-02     5.95277963e+01     2.97140724e+02     1.50807798e+02    -8.98170627e+01   
    8.80000000e+01     4.40000000e-02     5.95453108e+01     2.92647261e+02     1.50807798e+02    -8.75407175e+01   
    9.20000000e+01     4.60000000e-02     5.95233274e+01     2.95902538e+02     1.50807798e+02    -8.91991046e+01   
    9.60000000e+01     4.80000000e-02     5.95144429e+01     2.99057232e+02     1.50807798e+02    -9.07938307e+01   
    1.00000000e+02     5.00000000e-02     5.95370154e+01     2.97252413e+02     1.50807798e+02    -8.98639889e+01   
    1.04000000e+02     5.20000000e-02     5.95360134e+01     2.97865490e+02     1.50807798e+02    -9.01731804e+01   
    1.08000000e+02     5.40000000e-02     5.95228604e+01     3.00154997e+02     1.50807798e+02    -9.13372516e+01   
    1.12000000e+02     5.60000000e-02     5.95289518e+01     2.98441198e+02     1.50807798e+02    -9.04696461e+01   
