# column   1     --> step : The current simulation time step.
# column   2     --> time{picosecond} : The elapsed simulation time.
# column   3     --> conserved{electronvolt} : The value of the conserved energy quantity per bead.
# column   4     --> temperature{kelvin} : The current temperature, as obtained from the MD kinetic energy.
# column   5     --> kinetic_cv{electronvolt} : The centroid-virial quantum kinetic energy of the physical system.
# column   6     --> potential{electronvolt} : The physical system potential energy.
    0.00000000e+00     0.00000000e+00    -2.56719977e+02     3.03912515e+02     6.14244156e+02    -8.79096604e+02   
    2.00000000e+02     1.00000000e-01    -2.55676320e+02     2.60638071e+02     6.14244156e+02    -5.30155854e+02   
    4.00000000e+02     2.00000000e-01    -2.55350975e+02     2.85334049e+02     6.14244156e+02    -4.41458283e+02   
    6.00000000e+02     3.00000000e-01    -2.55269458e+02     2.91918450e+02     6.14244156e+02    -3.96006099e+02   
    8.00000000e+02     4.00000000e-01    -2.55230835e+02     2.98628331e+02     6.14244156e+02    -3.79462101e+02   
    1.00000000e+03     5.00000000e-01    -2.55211607e+02     2.98169319e+02     6.14244156e+02    -3.65893065e+02   
    1.20000000e+03     6.00000000e-01    -2.55166118e+02     2.97263749e+02     6.14244156e+02    -3.56153684e+02   
    1.40000000e+03     7.00000000e-01    -2.55173400e+02     2.95695750e+02     6.14244156e+02    -3.53092051e+02   
    1.60000000e+03     8.00000000e-01    -2.55160414e+02     2.98639023e+02     6.14244156e+02    -3.49911245e+02   
    1.80000000e+03     9.00000000e-01    -2.55187966e+02     2.97807432e+02     6.14244156e+02    -3.43154201e+02   
    2.00000000e+03     1.00000000e+00    -2.55196809e+02     3.00150840e+02     6.14244156e+02    -3.47263417e+02   
    2.20000000e+03     1.10000000e+00    -2.55148756e+02     3.03563266e+02     6.14244156e+02    -3.46496960e+02   
    2.40000000e+03     1.20000000e+00    -2.55151729e+02     2.99594380e+02     6.14244156e+02    -3.40860785e+02   
    2.60000000e+03     1.30000000e+00    -2.55182525e+02     2.98116703e+02     6.14244156e+02    -3.46325578e+02   
    2.80000000e+03     1.40000000e+00    -2.55098092e+02     2.95792425e+02     6.14244156e+02    -3.36303269e+02   
    3.00000000e+03     1.50000000e+00    -2.55131351e+02     3.01095263e+02     6.14244156e+02    -3.44864192e+02   
    3.20000000e+03     1.60000000e+00    -2.55161050e+02     2.97830439e+02     6.14244156e+02    -3.42071729e+02   
    3.40000000e+03     1.70000000e+00    -2.55134915e+02     3.02935626e+02     6.14244156e+02    -3.43623364e+02   
    3.60000000e+03     1.80000000e+00    -2.55092311e+02     3.01298087e+02     6.14244156e+02    -3.40034571e+02   
    3.80000000e+03     1.90000000e+00    -2.55108412e+02     2.94956761e+02     6.14244156e+02    -3.38416614e+02   
    4.00000000e+03     2.00000000e+00    -2.55153933e+02     2.97717714e+02     6.14244156e+02    -3.44011392e+02   
    4.20000000e+03     2.10000000e+00    -2.55110707e+02     3.00264108e+02     6.14244156e+02    -3.39311549e+02   
    4.40000000e+03     2.20000000e+00    -2.55119109e+02     3.01769211e+02     6.14244156e+02    -3.42175911e+02   
    4.60000000e+03     2.30000000e+00    -2.55108286e+02     2.99404075e+02     6.14244156e+02    -3.47895024e+02   
    4.80000000e+03     2.40000000e+00    -2.55120300e+02     3.00959022e+02     6.14244156e+02    -3.43647457e+02   
    5.00000000e+03     2.50000000e+00    -2.55094580e+02     2.99938936e+02     6.14244156e+02    -3.40762588e+02   
    5.20000000e+03     2.60000000e+00    -2.55113243e+02     3.01591363e+02     6.14244156e+02    -3.48813243e+02   
    5.40000000e+03     2.70000000e+00    -2.55130684e+02     2.99917106e+02     6.14244156e+02    -3.44332150e+02   
    5.60000000e+03     2.80000000e+00    -2.55133954e+02     3.03429808e+02     6.14244156e+02    -3.45350247e+02   
    5.80000000e+03     2.90000000e+00    -2.55134592e+02     3.01941765e+02     6.14244156e+02    -3.46916901e+02   
    6.00000000e+03     3.00000000e+00    -2.55127557e+02     3.00127794e+02     6.14244156e+02    -3.51910878e+02   
    6.20000000e+03     3.10000000e+00    -2.55099861e+02     3.01879203e+02     6.14244156e+02    -3.51618017e+02   
    6.40000000e+03     3.20000000e+00    -2.55094185e+02     2.99201189e+02     6.14244156e+02    -3.40371918e+02   
    6.60000000e+03     3.30000000e+00    -2.55125787e+02     3.03649126e+02     6.14244156e+02    -3.47614432e+02   
    6.80000000e+03     3.40000000e+00    -2.55147185e+02     3.00626396e+02     6.14244156e+02    -3.48111298e+02   
    7.00000000e+03     3.50000000e+00    -2.55072317e+02     3.01167880e+02     6.14244156e+02    -3.45541331e+02   
    7.20000000e+03     3.60000000e+00    -2.55086590e+02     3.00340050e+02     6.14244156e+02    -3.38852156e+02   
    7.40000000e+03     3.70000000e+00    -2.55075118e+02     2.99541823e+02     6.14244156e+02    -3.37833134e+02   
    7.60000000e+03     3.80000000e+00    -2.55101362e+02     2.97553354e+02     6.14244156e+02    -3.42708638e+02   
    7.80000000e+03     3.90000000e+00    -2.55118323e+02     2.97659567e+02     6.14244156e+02    -3.48581045e+02   
    8.00000000e+03     4.00000000e+00    -2.55147717e+02     2.98577573e+02     6.14244156e+02    -3.47880675e+02   
    8.20000000e+03     4.10000000e+00    -2.55126850e+02     2.99425142e+02     6.14244156e+02    -3.47050824e+02   
    8.40000000e+03     4.20000000e+00    -2.55176848e+02     2.98405876e+02     6.14244156e+02    -3.44995448e+02   
    8.60000000e+03     4.30000000e+00    -2.55192455e+02     3.00975528e+02     6.14244156e+02    -3.52163374e+02   
    8.80000000e+03     4.40000000e+00    -2.55096249e+02     2.97536375e+02     6.14244156e+02    -3.42949404e+02   
    9.00000000e+03     4.50000000e+00    -2.55096066e+02     2.99291730e+02     6.14244156e+02    -3.43605915e+02   
    9.20000000e+03     4.60000000e+00    -2.55113909e+02     2.97431236e+02     6.14244156e+02    -3.43533312e+02   
    9.40000000e+03     4.70000000e+00    -2.55122346e+02     3.01256126e+02     6.14244156e+02    -3.42234711e+02   
    9.60000000e+03     4.80000000e+00    -2.55113575e+02     2.98948635e+02     6.14244156e+02    -3.44848967e+02   
    9.80000000e+03     4.90000000e+00    -2.55096672e+02     2.98547985e+02     6.14244156e+02    -3.46210669e+02   
    1.00000000e+04     5.00000000e+00    -2.55110678e+02     2.99726502e+02     6.14244156e+02    -3.43067115e+02   
    1.02000000e+04     5.10000000e+00    -2.55120785e+02     2.99898347e+02     6.14244156e+02    -3.47782663e+02   
    1.04000000e+04     5.20000000e+00    -2.55048292e+02     2.99526280e+02     6.14244156e+02    -3.43770520e+02   
    1.06000000e+04     5.30000000e+00    -2.55106089e+02     2.99031072e+02     6.14244156e+02    -3.44195188e+02   
    1.08000000e+04     5.40000000e+00    -2.55097164e+02     2.99598131e+02     6.14244156e+02    -3.42853979e+02   
    1.10000000e+04     5.50000000e+00    -2.55096066e+02     3.00585902e+02     6.14244156e+02    -3.46441490e+02   
    1.12000000e+04     5.60000000e+00    -2.55158716e+02     3.00913633e+02     6.14244156e+02    -3.46544180e+02   
    1.14000000e+04     5.70000000e+00    -2.55147597e+02     3.01834075e+02     6.14244156e+02    -3.45617354e+02   
    1.16000000e+04     5.80000000e+00    -2.55126917e+02     2.97629592e+02     6.14244156e+02    -3.41777127e+02   
    1.18000000e+04     5.90000000e+00    -2.55101808e+02     2.99459364e+02     6.14244156e+02    -3.41624490e+02   
    1.20000000e+04     6.00000000e+00    -2.55116827e+02     2.99667095e+02     6.14244156e+02    -3.41538627e+02   
    1.22000000e+04     6.10000000e+00    -2.55122848e+02     3.02415763e+02     6.14244156e+02    -3.43454147e+02   
    1.24000000e+04     6.20000000e+00    -2.55141191e+02     3.02190823e+02     6.14244156e+02    -3.45353864e+02   
    1.26000000e+04     6.30000000e+00    -2.55091248e+02     3.03388454e+02     6.14244156e+02    -3.45209689e+02   
    1.28000000e+04     6.40000000e+00    -2.55106301e+02     3.01175083e+02     6.14244156e+02    -3.42471831e+02   
    1.30000000e+04     6.50000000e+00    -2.55121778e+02     3.00650084e+02     6.14244156e+02    -3.44596812e+02   
    1.32000000e+04     6.60000000e+00    -2.55107655e+02     2.97634037e+02     6.14244156e+02    -3.44326614e+02   
    1.34000000e+04     6.70000000e+00    -2.55140232e+02     3.02797894e+02     6.14244156e+02    -3.45912668e+02   
    1.36000000e+04     6.80000000e+00    -2.55101243e+02     3.01116569e+02     6.14244156e+02    -3.38885183e+02   
    1.38000000e+04     6.90000000e+00    -2.55156001e+02     2.99659440e+02     6.14244156e+02    -3.42873015e+02   
    1.40000000e+04     7.00000000e+00    -2.55122995e+02     2.98725110e+02     6.14244156e+02    -3.45301978e+02   
    1.42000000e+04     7.10000000e+00    -2.55131345e+02     3.00048597e+02     6.14244156e+02    -3.41381187e+02   
    1.44000000e+04     7.20000000e+00    -2.55128718e+02     3.00043900e+02     6.14244156e+02    -3.43529203e+02   
    1.46000000e+04     7.30000000e+00    -2.55113380e+02     2.99506803e+02     6.14244156e+02    -3.41345331e+02   
    1.48000000e+04     7.40000000e+00    -2.55145076e+02     3.02664899e+02     6.14244156e+02    -3.48463442e+02   
    1.50000000e+04     7.50000000e+00    -2.55099930e+02     3.00028937e+02     6.14244156e+02    -3.49582223e+02   
    1.52000000e+04     7.60000000e+00    -2.55089413e+02     2.99790391e+02     6.14244156e+02    -3.46785639e+02   
    1.54000000e+04     7.70000000e+00    -2.55107947e+02     2.99900499e+02     6.14244156e+02    -3.50132516e+02   
    1.56000000e+04     7.80000000e+00    -2.55104996e+02     2.99503061e+02     6.14244156e+02    -3.43972508e+02   
    1.58000000e+04     7.90000000e+00    -2.55139620e+02     2.99205864e+02     6.14244156e+02    -3.49354425e+02   
    1.60000000e+04     8.00000000e+00    -2.55116477e+02     2.99798282e+02     6.14244156e+02    -3.42190238e+02   
    1.62000000e+04     8.10000000e+00    -2.55122100e+02     3.02482857e+02     6.14244156e+02    -3.43179912e+02   
    1.64000000e+04     8.20000000e+00    -2.55084488e+02     3.02524653e+02     6.14244156e+02    -3.47996716e+02   
    1.66000000e+04     8.30000000e+00    -2.55138168e+02     2.99744771e+02     6.14244156e+02    -3.46122970e+02   
    1.68000000e+04     8.40000000e+00    -2.55146021e+02     2.98714659e+02     6.14244156e+02    -3.46050732e+02   
    1.70000000e+04     8.50000000e+00    -2.55087274e+02     2.98027627e+02     6.14244156e+02    -3.44509358e+02   
    1.72000000e+04     8.60000000e+00    -2.55132716e+02     3.02254409e+02     6.14244156e+02    -3.47413239e+02   
    1.74000000e+04     8.70000000e+00    -2.55068428e+02     3.00403872e+02     6.14244156e+02    -3.43917589e+02   
    1.76000000e+04     8.80000000e+00    -2.55091876e+02     3.01871121e+02     6.14244156e+02    -3.41862380e+02   
    1.78000000e+04     8.90000000e+00    -2.55125368e+02     3.04346318e+02     6.14244156e+02    -3.39303222e+02   
    1.80000000e+04     9.00000000e+00    -2.55117381e+02     3.03307271e+02     6.14244156e+02    -3.46200658e+02   
    1.82000000e+04     9.10000000e+00    -2.55113165e+02     2.98080301e+02     6.14244156e+02    -3.45582299e+02   
    1.84000000e+04     9.20000000e+00    -2.55104705e+02     2.97440337e+02     6.14244156e+02    -3.43730997e+02   
    1.86000000e+04     9.30000000e+00    -2.55075616e+02     2.99949638e+02     6.14244156e+02    -3.41540510e+02   
    1.88000000e+04     9.40000000e+00    -2.55095129e+02     3.01099575e+02     6.14244156e+02    -3.45141455e+02   
    1.90000000e+04     9.50000000e+00    -2.55094494e+02     2.98949785e+02     6.14244156e+02    -3.44447018e+02   
    1.92000000e+04     9.60000000e+00    -2.55089345e+02     3.00376880e+02     6.14244156e+02    -3.46563592e+02   
    1.94000000e+04     9.70000000e+00    -2.55110971e+02     3.00160812e+02     6.14244156e+02    -3.44351078e+02   
    1.96000000e+04     9.80000000e+00    -2.55075743e+02     3.00993505e+02     6.14244156e+02    -3.38855428e+02   
    1.98000000e+04     9.90000000e+00    -2.55143637e+02     2.99843376e+02     6.14244156e+02    -3.44430314e+02   
    2.00000000e+04     1.00000000e+01    -2.55075839e+02     2.99650059e+02     6.14244156e+02    -3.39001250e+02   
    2.02000000e+04     1.01000000e+01    -2.55152790e+02     2.96926089e+02     6.14244156e+02    -3.44161784e+02   
    2.04000000e+04     1.02000000e+01    -2.55090544e+02     2.97565446e+02     6.14244156e+02    -3.45028885e+02   
    2.06000000e+04     1.03000000e+01    -2.55103549e+02     2.97415906e+02     6.14244156e+02    -3.44740571e+02   
    2.08000000e+04     1.04000000e+01    -2.55136510e+02     2.95660622e+02     6.14244156e+02    -3.43324813e+02   
    2.10000000e+04     1.05000000e+01    -2.55101166e+02     2.98840131e+02     6.14244156e+02    -3.42221171e+02   
    2.12000000e+04     1.06000000e+01    -2.55111517e+02     3.02729102e+02     6.14244156e+02    -3.41562110e+02   
    2.14000000e+04     1.07000000e+01    -2.55141585e+02     3.02351934e+02     6.14244156e+02    -3.41494019e+02   
    2.16000000e+04     1.08000000e+01    -2.55118685e+02     2.98836679e+02     6.14244156e+02    -3.40542412e+02   
    2.18000000e+04     1.09000000e+01    -2.55119161e+02     3.03641961e+02     6.14244156e+02    -3.44536766e+02   
    2.20000000e+04     1.10000000e+01    -2.55175031e+02     3.00758960e+02     6.14244156e+02    -3.46386406e+02   
    2.22000000e+04     1.11000000e+01    -2.55084662e+02     2.99790783e+02     6.14244156e+02    -3.41440014e+02   
    2.24000000e+04     1.12000000e+01    -2.55098944e+02     2.99045196e+02     6.14244156e+02    -3.41533381e+02   
    2.26000000e+04     1.13000000e+01    -2.55115289e+02     2.99231164e+02     6.14244156e+02    -3.47635202e+02   
    2.28000000e+04     1.14000000e+01    -2.55092974e+02     3.02510892e+02     6.14244156e+02    -3.45072945e+02   
    2.30000000e+04     1.15000000e+01    -2.55108555e+02     2.98693412e+02     6.14244156e+02    -3.48147439e+02   
    2.32000000e+04     1.16000000e+01    -2.55126619e+02     3.00072751e+02     6.14244156e+02    -3.40685621e+02   
    2.34000000e+04     1.17000000e+01    -2.55134394e+02     2.97910758e+02     6.14244156e+02    -3.47852026e+02   
    2.36000000e+04     1.18000000e+01    -2.55140088e+02     2.97627811e+02     6.14244156e+02    -3.44122943e+02   
    2.38000000e+04     1.19000000e+01    -2.55194403e+02     2.99707162e+02     6.14244156e+02    -3.45016875e+02   
    2.40000000e+04     1.20000000e+01    -2.55177578e+02     3.01267387e+02     6.14244156e+02    -3.42126673e+02   
    2.42000000e+04     1.21000000e+01    -2.55206701e+02     2.99323878e+02     6.14244156e+02    -3.43496580e+02   
    2.44000000e+04     1.22000000e+01    -2.55134715e+02     2.98990510e+02     6.14244156e+02    -3.43889710e+02   
    2.46000000e+04     1.23000000e+01    -2.55113392e+02     2.97781346e+02     6.14244156e+02    -3.40344588e+02   
    2.48000000e+04     1.24000000e+01    -2.55095869e+02     3.01716594e+02     6.14244156e+02    -3.41454848e+02   
    2.50000000e+04     1.25000000e+01    -2.55124464e+02     3.00279720e+02     6.14244156e+02    -3.43594599e+02   
    2.52000000e+04     1.26000000e+01    -2.55195119e+02     3.01058167e+02     6.14244156e+02    -3.49075302e+02   
    2.54000000e+04     1.27000000e+01    -2.55117436e+02     3.00726725e+02     6.14244156e+02    -3.42754928e+02   
    2.56000000e+04     1.28000000e+01    -2.55083788e+02     2.98499719e+02     6.14244156e+02    -3.40516364e+02   
    2.58000000e+04     1.29000000e+01    -2.55084552e+02     2.98925729e+02     6.14244156e+02    -3.40084425e+02   
    2.60000000e+04     1.30000000e+01    -2.55117513e+02     3.01300542e+02     6.14244156e+02    -3.45465745e+02   
    2.62000000e+04     1.31000000e+01    -2.55128017e+02     2.98563628e+02     6.14244156e+02    -3.41639216e+02   
    2.64000000e+04     1.32000000e+01    -2.55083349e+02     3.00669577e+02     6.14244156e+02    -3.42651458e+02   
    2.66000000e+04     1.33000000e+01    -2.55132498e+02     2.99715041e+02     6.14244156e+02    -3.41734388e+02   
    2.68000000e+04     1.34000000e+01    -2.55136147e+02     2.97923531e+02     6.14244156e+02    -3.48852206e+02   
    2.70000000e+04     1.35000000e+01    -2.55104368e+02     3.02160553e+02     6.14244156e+02    -3.50866910e+02   
    2.72000000e+04     1.36000000e+01    -2.55149976e+02     2.98836207e+02     6.14244156e+02    -3.50852245e+02   
    2.74000000e+04     1.37000000e+01    -2.55077815e+02     2.98437561e+02     6.14244156e+02    -3.47448942e+02   
    2.76000000e+04     1.38000000e+01    -2.55052733e+02     2.98047235e+02     6.14244156e+02    -3.45675562e+02   
    2.78000000e+04     1.39000000e+01    -2.55055400e+02     3.02876828e+02     6.14244156e+02    -3.49627833e+02   
    2.80000000e+04     1.40000000e+01    -2.55057548e+02     3.01143024e+02     6.14244156e+02    -3.38267710e+02   
    2.82000000e+04     1.41000000e+01    -2.55070361e+02     3.03033252e+02     6.14244156e+02    -3.38299071e+02   
    2.84000000e+04     1.42000000e+01    -2.55045944e+02     2.97144151e+02     6.14244156e+02    -3.43406407e+02   
    2.86000000e+04     1.43000000e+01    -2.55078009e+02     3.03804730e+02     6.14244156e+02    -3.43533810e+02   
    2.88000000e+04     1.44000000e+01    -2.55085431e+02     3.01274129e+02     6.14244156e+02    -3.40681992e+02   
    2.90000000e+04     1.45000000e+01    -2.55149369e+02     3.01451259e+02     6.14244156e+02    -3.45040541e+02   
    2.92000000e+04     1.46000000e+01    -2.55108762e+02     2.99511372e+02     6.14244156e+02    -3.41080864e+02   
    2.94000000e+04     1.47000000e+01    -2.55048432e+02     2.96451930e+02     6.14244156e+02    -3.38725412e+02   
    2.96000000e+04     1.48000000e+01    -2.55047604e+02     2.99585122e+02     6.14244156e+02    -3.47317697e+02   
    2.98000000e+04     1.49000000e+01    -2.55103589e+02     3.02894762e+02     6.14244156e+02    -3.47055235e+02   
    3.00000000e+04     1.50000000e+01    -2.55026990e+02     3.01432302e+02     6.14244156e+02    -3.45096617e+02   
    3.02000000e+04     1.51000000e+01    -2.55071757e+02     3.01702613e+02     6.14244156e+02    -3.43971067e+02   
    3.04000000e+04     1.52000000e+01    -2.55079181e+02     2.99864128e+02     6.14244156e+02    -3.40397971e+02   
    3.06000000e+04     1.53000000e+01    -2.55108587e+02     2.95984552e+02     6.14244156e+02    -3.46214094e+02   
    3.08000000e+04     1.54000000e+01    -2.55118800e+02     2.98052020e+02     6.14244156e+02    -3.49065600e+02   
    3.10000000e+04     1.55000000e+01    -2.55051277e+02     2.97946913e+02     6.14244156e+02    -3.43952444e+02   
    3.12000000e+04     1.56000000e+01    -2.55091946e+02     2.98412214e+02     6.14244156e+02    -3.42242424e+02   
    3.14000000e+04     1.57000000e+01    -2.55037669e+02     3.01175180e+02     6.14244156e+02    -3.40642474e+02   
    3.16000000e+04     1.58000000e+01    -2.55023375e+02     3.00138433e+02     6.14244156e+02    -3.43023672e+02   
    3.18000000e+04     1.59000000e+01    -2.55003413e+02     3.00830997e+02     6.14244156e+02    -3.37701970e+02   
    3.20000000e+04     1.60000000e+01    -2.55029607e+02     3.01754587e+02     6.14244156e+02    -3.38193180e+02   
    3.22000000e+04     1.61000000e+01    -2.55082817e+02     3.02450040e+02     6.14244156e+02    -3.46777043e+02   
    3.24000000e+04     1.62000000e+01    -2.55095721e+02     3.01343174e+02     6.14244156e+02    -3.40592393e+02   
    3.26000000e+04     1.63000000e+01    -2.55011026e+02     3.01370412e+02     6.14244156e+02    -3.42235125e+02   
    3.28000000e+04     1.64000000e+01    -2.55002327e+02     2.97409775e+02     6.14244156e+02    -3.41714176e+02   
    3.30000000e+04     1.65000000e+01    -2.55073063e+02     2.98780508e+02     6.14244156e+02    -3.44477073e+02   
    3.32000000e+04     1.66000000e+01    -2.55070105e+02     2.95940373e+02     6.14244156e+02    -3.47164123e+02   
    3.34000000e+04     1.67000000e+01    -2.55090078e+02     3.00373503e+02     6.14244156e+02    -3.40257401e+02   
    3.36000000e+04     1.68000000e+01    -2.55065578e+02     3.01708758e+02     6.14244156e+02    -3.43879101e+02   
    3.38000000e+04     1.69000000e+01    -2.55100796e+02     3.01725111e+02     6.14244156e+02    -3.47091386e+02   
    3.40000000e+04     1.70000000e+01    -2.55127908e+02     3.01068605e+02     6.14244156e+02    -3.42957275e+02   
    3.42000000e+04     1.71000000e+01    -2.55063784e+02     3.00703264e+02     6.14244156e+02    -3.45162669e+02   
    3.44000000e+04     1.72000000e+01    -2.55068690e+02     3.01751890e+02     6.14244156e+02    -3.47752422e+02   
    3.46000000e+04     1.73000000e+01    -2.55054682e+02     3.01451730e+02     6.14244156e+02    -3.46633893e+02   
    3.48000000e+04     1.74000000e+01    -2.55069078e+02     2.99014712e+02     6.14244156e+02    -3.47605642e+02   
    3.50000000e+04     1.75000000e+01    -2.55094184e+02     2.99633347e+02     6.14244156e+02    -3.42806841e+02   
    3.52000000e+04     1.76000000e+01    -2.55071738e+02     3.00388799e+02     6.14244156e+02    -3.45178371e+02   
    3.54000000e+04     1.77000000e+01    -2.55128145e+02     2.95688637e+02     6.14244156e+02    -3.43243627e+02   
    3.56000000e+04     1.78000000e+01    -2.55126988e+02     2.99710856e+02     6.14244156e+02    -3.45786063e+02   
    3.58000000e+04     1.79000000e+01    -2.55147971e+02     3.01345793e+02     6.14244156e+02    -3.46967086e+02   
    3.60000000e+04     1.80000000e+01    -2.55123636e+02     3.02441617e+02     6.14244156e+02    -3.46531535e+02   
    3.62000000e+04     1.81000000e+01    -2.55077527e+02     2.99692683e+02     6.14244156e+02    -3.45323277e+02   
    3.64000000e+04     1.82000000e+01    -2.55138975e+02     3.01375202e+02     6.14244156e+02    -3.44839026e+02   
    3.66000000e+04     1.83000000e+01    -2.55107552e+02     2.98699540e+02     6.14244156e+02    -3.44593711e+02   
    3.68000000e+04     1.84000000e+01    -2.55158208e+02     3.00198892e+02     6.14244156e+02    -3.44553346e+02   
    3.70000000e+04     1.85000000e+01    -2.55116341e+02     3.00555355e+02     6.14244156e+02    -3.44119175e+02   
    3.72000000e+04     1.86000000e+01    -2.55093673e+02     2.97861524e+02     6.14244156e+02    -3.41100590e+02   
    3.74000000e+04     1.87000000e+01    -2.55082002e+02     2.98386741e+02     6.14244156e+02    -3.41895141e+02   
    3.76000000e+04     1.88000000e+01    -2.55097089e+02     2.99856355e+02     6.14244156e+02    -3.41167779e+02   
    3.78000000e+04     1.89000000e+01    -2.55047806e+02     2.97269697e+02     6.14244156e+02    -3.37814272e+02   
    3.80000000e+04     1.90000000e+01    -2.55078710e+02     3.00541969e+02     6.14244156e+02    -3.49195522e+02   
    3.82000000e+04     1.91000000e+01    -2.55045513e+02     3.02218034e+02     6.14244156e+02    -3.44520787e+02   
    3.84000000e+04     1.92000000e+01    -2.55042815e+02     3.00529011e+02     6.14244156e+02    -3.46772117e+02   
    3.86000000e+04     1.93000000e+01    -2.55088993e+02     2.98511568e+02     6.14244156e+02    -3.47158519e+02   
    3.88000000e+04     1.94000000e+01    -2.55132408e+02     2.96775757e+02     6.14244156e+02    -3.54801343e+02   
    3.90000000e+04     1.95000000e+01    -2.55109064e+02     2.98011138e+02     6.14244156e+02    -3.51214721e+02   
    3.92000000e+04     1.96000000e+01    -2.55082075e+02     2.96628699e+02     6.14244156e+02    -3.47284308e+02   
    3.94000000e+04     1.97000000e+01    -2.55085108e+02     2.99827223e+02     6.14244156e+02    -3.48059064e+02   
    3.96000000e+04     1.98000000e+01    -2.55077751e+02     2.97884913e+02     6.14244156e+02    -3.44133737e+02   
    3.98000000e+04     1.99000000e+01    -2.55082023e+02     2.98834307e+02     6.14244156e+02    -3.44905555e+02   
    4.00000000e+04     2.00000000e+01    -2.55047453e+02     2.98535845e+02     6.14244156e+02    -3.39765525e+02   
