# column   1     --> step : The current simulation time step.
# column   2     --> time{picosecond} : The elapsed simulation time.
# column   3     --> conserved{electronvolt} : The value of the conserved energy quantity per bead.
# column   4     --> temperature{kelvin} : The current temperature, as obtained from the MD kinetic energy.
# column   5     --> kinetic_cv{electronvolt} : The centroid-virial quantum kinetic energy of the physical system.
# column   6     --> potential{electronvolt} : The physical system potential energy.
    0.00000000e+00     0.00000000e+00     1.11309026e+03     3.04273373e+02     2.34353562e+02     1.26070574e+02   
    2.00000000e+02     5.00000000e-02     1.11310033e+03     2.99667161e+02     2.38174041e+02     1.28323914e+02   
    4.00000000e+02     1.00000000e-01     1.11309845e+03     3.02538511e+02     2.36553083e+02     1.27142949e+02   
    6.00000000e+02     1.50000000e-01     1.11310274e+03     3.03149539e+02     2.34721521e+02     1.23610978e+02   
    8.00000000e+02     2.00000000e-01     1.11311380e+03     3.01338942e+02     2.35962545e+02     1.25933457e+02   
    1.00000000e+03     2.50000000e-01     1.11311126e+03     3.04273034e+02     2.35254587e+02     1.25133549e+02   
    1.20000000e+03     3.00000000e-01     1.11312113e+03     2.99073404e+02     2.37477258e+02     1.29635065e+02   
    1.40000000e+03     3.50000000e-01     1.11310801e+03     3.03043074e+02     2.36007078e+02     1.25217768e+02   
    1.60000000e+03     4.00000000e-01     1.11311193e+03     3.00483704e+02     2.35260024e+02     1.26009588e+02   
    1.80000000e+03     4.50000000e-01     1.11311238e+03     3.02082453e+02     2.35755404e+02     1.25962472e+02   
    2.00000000e+03     5.00000000e-01     1.11311841e+03     2.99738854e+02     2.37520529e+02     1.28686227e+02   
    2.20000000e+03     5.50000000e-01     1.11311658e+03     2.96497277e+02     2.36679373e+02     1.26859712e+02   
    2.40000000e+03     6.00000000e-01     1.11311633e+03     3.02757972e+02     2.37398026e+02     1.24839353e+02   
    2.60000000e+03     6.50000000e-01     1.11310605e+03     3.01523217e+02     2.35989697e+02     1.22897757e+02   
    2.80000000e+03     7.00000000e-01     1.11310118e+03     3.02732269e+02     2.37623740e+02     1.24299796e+02   
    3.00000000e+03     7.50000000e-01     1.11308636e+03     3.01477833e+02     2.36152034e+02     1.23499977e+02   
    3.20000000e+03     8.00000000e-01     1.11307361e+03     3.02690243e+02     2.35543040e+02     1.22384393e+02   
    3.40000000e+03     8.50000000e-01     1.11307442e+03     3.02833540e+02     2.36196500e+02     1.23532502e+02   
    3.60000000e+03     9.00000000e-01     1.11308122e+03     3.00179005e+02     2.35972798e+02     1.23181082e+02   
    3.80000000e+03     9.50000000e-01     1.11309675e+03     3.02572843e+02     2.35770132e+02     1.22839017e+02   
    4.00000000e+03     1.00000000e+00     1.11311090e+03     3.01638569e+02     2.35682214e+02     1.23388564e+02   
    4.20000000e+03     1.05000000e+00     1.11311675e+03     3.02779333e+02     2.34986619e+02     1.23470437e+02   
    4.40000000e+03     1.10000000e+00     1.11312008e+03     3.00312233e+02     2.34251550e+02     1.22013024e+02   
    4.60000000e+03     1.15000000e+00     1.11314668e+03     3.01704572e+02     2.37275296e+02     1.24417005e+02   
    4.80000000e+03     1.20000000e+00     1.11314509e+03     3.03962183e+02     2.36746246e+02     1.22866922e+02   
    5.00000000e+03     1.25000000e+00     1.11314398e+03     3.02668388e+02     2.34074679e+02     1.22512779e+02   
    5.20000000e+03     1.30000000e+00     1.11313312e+03     3.05422201e+02     2.36633931e+02     1.23114546e+02   
    5.40000000e+03     1.35000000e+00     1.11313020e+03     3.05404953e+02     2.37472204e+02     1.24060741e+02   
    5.60000000e+03     1.40000000e+00     1.11312044e+03     3.04725344e+02     2.37097035e+02     1.23560183e+02   
    5.80000000e+03     1.45000000e+00     1.11310197e+03     3.01391280e+02     2.35095107e+02     1.23236784e+02   
    6.00000000e+03     1.50000000e+00     1.11309731e+03     3.03612974e+02     2.36765740e+02     1.24564656e+02   
    6.20000000e+03     1.55000000e+00     1.11311628e+03     2.99371882e+02     2.36204144e+02     1.25961822e+02   
    6.40000000e+03     1.60000000e+00     1.11310895e+03     3.04067587e+02     2.36328098e+02     1.23658974e+02   
    6.60000000e+03     1.65000000e+00     1.11310572e+03     3.01801816e+02     2.35116861e+02     1.21194121e+02   
    6.80000000e+03     1.70000000e+00     1.11312755e+03     3.02012388e+02     2.38779659e+02     1.24062551e+02   
    7.00000000e+03     1.75000000e+00     1.11312254e+03     3.03398709e+02     2.34879560e+02     1.21172118e+02   
    7.20000000e+03     1.80000000e+00     1.11313201e+03     3.05097874e+02     2.35197402e+02     1.21533205e+02   
    7.40000000e+03     1.85000000e+00     1.11314904e+03     3.00682836e+02     2.38848009e+02     1.24872940e+02   
    7.60000000e+03     1.90000000e+00     1.11312232e+03     3.06596590e+02     2.34755680e+02     1.19426313e+02   
    7.80000000e+03     1.95000000e+00     1.11311709e+03     3.06373891e+02     2.35356645e+02     1.22152212e+02   
    8.00000000e+03     2.00000000e+00     1.11312217e+03     3.04454850e+02     2.36165284e+02     1.21461636e+02   
    8.20000000e+03     2.05000000e+00     1.11312944e+03     3.02029314e+02     2.36891837e+02     1.22561566e+02   
    8.40000000e+03     2.10000000e+00     1.11312398e+03     3.05148060e+02     2.34150858e+02     1.21794780e+02   
    8.60000000e+03     2.15000000e+00     1.11313089e+03     3.01839131e+02     2.34647841e+02     1.22381097e+02   
    8.80000000e+03     2.20000000e+00     1.11314305e+03     3.01286616e+02     2.35742047e+02     1.21914591e+02   
    9.00000000e+03     2.25000000e+00     1.11314231e+03     3.01972054e+02     2.35266979e+02     1.22347914e+02   
    9.20000000e+03     2.30000000e+00     1.11314037e+03     3.05366504e+02     2.35979677e+02     1.23156564e+02   
    9.40000000e+03     2.35000000e+00     1.11312967e+03     3.02434018e+02     2.36063940e+02     1.24472221e+02   
    9.60000000e+03     2.40000000e+00     1.11313352e+03     3.04524945e+02     2.36554970e+02     1.23786818e+02   
    9.80000000e+03     2.45000000e+00     1.11313522e+03     3.05103409e+02     2.34783608e+02     1.21802917e+02   
    1.00000000e+04     2.50000000e+00     1.11314178e+03     3.02154220e+02     2.36548991e+02     1.25731113e+02   
    1.02000000e+04     2.55000000e+00     1.11316211e+03     3.00267622e+02     2.37153330e+02     1.26899213e+02   
    1.04000000e+04     2.60000000e+00     1.11316426e+03     2.99390358e+02     2.37355487e+02     1.28695875e+02   
    1.06000000e+04     2.65000000e+00     1.11316062e+03     3.04108917e+02     2.36148985e+02     1.26136336e+02   
    1.08000000e+04     2.70000000e+00     1.11315684e+03     2.98894264e+02     2.37739012e+02     1.26160312e+02   
    1.10000000e+04     2.75000000e+00     1.11315206e+03     3.05879955e+02     2.36146561e+02     1.23259908e+02   
    1.12000000e+04     2.80000000e+00     1.11315877e+03     3.03026106e+02     2.36578018e+02     1.24471484e+02   
    1.14000000e+04     2.85000000e+00     1.11316194e+03     3.06716442e+02     2.37286434e+02     1.25764418e+02   
    1.16000000e+04     2.90000000e+00     1.11316425e+03     3.03674324e+02     2.36696240e+02     1.25379770e+02   
    1.18000000e+04     2.95000000e+00     1.11316138e+03     2.99931321e+02     2.36223690e+02     1.26081653e+02   
    1.20000000e+04     3.00000000e+00     1.11315891e+03     3.01949749e+02     2.35751927e+02     1.26789775e+02   
    1.22000000e+04     3.05000000e+00     1.11315917e+03     3.01889851e+02     2.37023053e+02     1.25919001e+02   
    1.24000000e+04     3.10000000e+00     1.11315838e+03     3.01371830e+02     2.36351525e+02     1.28654356e+02   
    1.26000000e+04     3.15000000e+00     1.11315020e+03     3.02749078e+02     2.35095505e+02     1.26178889e+02   
    1.28000000e+04     3.20000000e+00     1.11314969e+03     2.99158560e+02     2.35766894e+02     1.27028769e+02   
    1.30000000e+04     3.25000000e+00     1.11314496e+03     3.05880032e+02     2.36366158e+02     1.24652454e+02   
    1.32000000e+04     3.30000000e+00     1.11315202e+03     3.01271759e+02     2.34822890e+02     1.24011100e+02   
    1.34000000e+04     3.35000000e+00     1.11318168e+03     3.00086125e+02     2.37823199e+02     1.27686602e+02   
    1.36000000e+04     3.40000000e+00     1.11318274e+03     3.04482354e+02     2.35640813e+02     1.25377526e+02   
    1.38000000e+04     3.45000000e+00     1.11318251e+03     3.07667605e+02     2.36126364e+02     1.26186694e+02   
    1.40000000e+04     3.50000000e+00     1.11317414e+03     3.05139307e+02     2.36273796e+02     1.25021384e+02   
    1.42000000e+04     3.55000000e+00     1.11317744e+03     3.04846893e+02     2.36125774e+02     1.25720650e+02   
    1.44000000e+04     3.60000000e+00     1.11316239e+03     3.03323093e+02     2.33772322e+02     1.21892845e+02   
    1.46000000e+04     3.65000000e+00     1.11317773e+03     3.01261560e+02     2.37704395e+02     1.28482877e+02   
    1.48000000e+04     3.70000000e+00     1.11317269e+03     3.04130680e+02     2.37208133e+02     1.27714374e+02   
    1.50000000e+04     3.75000000e+00     1.11316423e+03     3.02722982e+02     2.35558595e+02     1.27499678e+02   
    1.52000000e+04     3.80000000e+00     1.11316397e+03     3.02159394e+02     2.36869475e+02     1.26716318e+02   
    1.54000000e+04     3.85000000e+00     1.11316676e+03     3.01590826e+02     2.35651553e+02     1.25257682e+02   
    1.56000000e+04     3.90000000e+00     1.11317365e+03     3.02436151e+02     2.34962814e+02     1.26583729e+02   
    1.58000000e+04     3.95000000e+00     1.11318008e+03     3.00790944e+02     2.34688886e+02     1.26992136e+02   
    1.60000000e+04     4.00000000e+00     1.11318423e+03     3.03033640e+02     2.36109141e+02     1.24935992e+02   
    1.62000000e+04     4.05000000e+00     1.11319319e+03     3.01082293e+02     2.35706787e+02     1.25510515e+02   
    1.64000000e+04     4.10000000e+00     1.11320284e+03     3.03573584e+02     2.37043297e+02     1.28059866e+02   
    1.66000000e+04     4.15000000e+00     1.11319822e+03     3.00420361e+02     2.33431627e+02     1.25859076e+02   
    1.68000000e+04     4.20000000e+00     1.11320970e+03     2.99394706e+02     2.35027804e+02     1.28293843e+02   
    1.70000000e+04     4.25000000e+00     1.11320533e+03     2.97084873e+02     2.36327493e+02     1.26404369e+02   
    1.72000000e+04     4.30000000e+00     1.11321265e+03     2.99505052e+02     2.36757446e+02     1.27824861e+02   
    1.74000000e+04     4.35000000e+00     1.11320684e+03     2.99695946e+02     2.35652206e+02     1.25837432e+02   
    1.76000000e+04     4.40000000e+00     1.11321376e+03     2.99250529e+02     2.37580765e+02     1.27392669e+02   
    1.78000000e+04     4.45000000e+00     1.11320087e+03     3.02141390e+02     2.36380983e+02     1.24883405e+02   
    1.80000000e+04     4.50000000e+00     1.11318916e+03     3.01460941e+02     2.36435802e+02     1.25966363e+02   
    1.82000000e+04     4.55000000e+00     1.11317961e+03     3.04040995e+02     2.36231022e+02     1.23878594e+02   
    1.84000000e+04     4.60000000e+00     1.11319318e+03     3.02821569e+02     2.35743019e+02     1.25422341e+02   
    1.86000000e+04     4.65000000e+00     1.11319753e+03     3.02372401e+02     2.36821197e+02     1.27518808e+02   
    1.88000000e+04     4.70000000e+00     1.11319605e+03     3.04582162e+02     2.37444568e+02     1.27202737e+02   
    1.90000000e+04     4.75000000e+00     1.11320115e+03     3.01745631e+02     2.37453008e+02     1.27174436e+02   
    1.92000000e+04     4.80000000e+00     1.11319414e+03     3.03866783e+02     2.35374136e+02     1.22506532e+02   
    1.94000000e+04     4.85000000e+00     1.11319586e+03     3.05246485e+02     2.36636704e+02     1.23812667e+02   
    1.96000000e+04     4.90000000e+00     1.11319870e+03     3.04225699e+02     2.34749849e+02     1.23068095e+02   
    1.98000000e+04     4.95000000e+00     1.11323236e+03     3.06558025e+02     2.36988683e+02     1.26062388e+02   
    2.00000000e+04     5.00000000e+00     1.11324323e+03     3.01783019e+02     2.37951335e+02     1.27859299e+02   
    2.02000000e+04     5.05000000e+00     1.11324439e+03     3.02582369e+02     2.36970203e+02     1.26373704e+02   
    2.04000000e+04     5.10000000e+00     1.11324349e+03     3.04531481e+02     2.37215249e+02     1.25900951e+02   
    2.06000000e+04     5.15000000e+00     1.11323800e+03     3.03981433e+02     2.35455741e+02     1.24593262e+02   
    2.08000000e+04     5.20000000e+00     1.11324926e+03     3.03730533e+02     2.37303516e+02     1.26095463e+02   
    2.10000000e+04     5.25000000e+00     1.11324642e+03     3.02282163e+02     2.36402849e+02     1.25979547e+02   
    2.12000000e+04     5.30000000e+00     1.11324159e+03     3.03604927e+02     2.34540578e+02     1.24499441e+02   
    2.14000000e+04     5.35000000e+00     1.11324137e+03     3.02645834e+02     2.36695412e+02     1.26045199e+02   
    2.16000000e+04     5.40000000e+00     1.11323913e+03     3.02849761e+02     2.36039426e+02     1.24671755e+02   
    2.18000000e+04     5.45000000e+00     1.11323629e+03     2.99549646e+02     2.35299597e+02     1.25303126e+02   
    2.20000000e+04     5.50000000e+00     1.11325139e+03     3.00616153e+02     2.36217878e+02     1.27159933e+02   
    2.22000000e+04     5.55000000e+00     1.11324108e+03     3.01482076e+02     2.35425928e+02     1.25134621e+02   
    2.24000000e+04     5.60000000e+00     1.11323313e+03     2.99632295e+02     2.34518584e+02     1.24790784e+02   
    2.26000000e+04     5.65000000e+00     1.11323330e+03     2.99437728e+02     2.35558986e+02     1.24408294e+02   
    2.28000000e+04     5.70000000e+00     1.11324999e+03     3.00808092e+02     2.38046483e+02     1.29717677e+02   
    2.30000000e+04     5.75000000e+00     1.11325532e+03     3.04873523e+02     2.37485779e+02     1.28542544e+02   
    2.32000000e+04     5.80000000e+00     1.11325913e+03     3.01049811e+02     2.36652194e+02     1.28371728e+02   
    2.34000000e+04     5.85000000e+00     1.11326049e+03     3.01476089e+02     2.37892088e+02     1.28076474e+02   
    2.36000000e+04     5.90000000e+00     1.11325765e+03     3.03758718e+02     2.36025882e+02     1.26356506e+02   
    2.38000000e+04     5.95000000e+00     1.11324894e+03     3.00519991e+02     2.35670038e+02     1.24239305e+02   
    2.40000000e+04     6.00000000e+00     1.11324225e+03     3.03010250e+02     2.38787350e+02     1.27747557e+02   
    2.42000000e+04     6.05000000e+00     1.11323291e+03     3.03002206e+02     2.37817821e+02     1.27505304e+02   
    2.44000000e+04     6.10000000e+00     1.11321100e+03     3.01147261e+02     2.35371132e+02     1.26780129e+02   
    2.46000000e+04     6.15000000e+00     1.11319182e+03     3.00917666e+02     2.36232964e+02     1.24414529e+02   
    2.48000000e+04     6.20000000e+00     1.11317077e+03     3.01500819e+02     2.35810320e+02     1.24616966e+02   
    2.50000000e+04     6.25000000e+00     1.11317911e+03     3.00476387e+02     2.36349468e+02     1.25630512e+02   
    2.52000000e+04     6.30000000e+00     1.11317268e+03     2.99691809e+02     2.34326144e+02     1.23750258e+02   
    2.54000000e+04     6.35000000e+00     1.11317970e+03     2.97530278e+02     2.36439376e+02     1.26364555e+02   
    2.56000000e+04     6.40000000e+00     1.11317838e+03     3.03415426e+02     2.35570991e+02     1.25317592e+02   
    2.58000000e+04     6.45000000e+00     1.11318169e+03     2.99371157e+02     2.36542610e+02     1.25658354e+02   
    2.60000000e+04     6.50000000e+00     1.11319115e+03     3.03222196e+02     2.37459192e+02     1.26540914e+02   
    2.62000000e+04     6.55000000e+00     1.11319116e+03     3.02647324e+02     2.37706693e+02     1.27137495e+02   
    2.64000000e+04     6.60000000e+00     1.11319217e+03     2.99702259e+02     2.35244151e+02     1.25704602e+02   
    2.66000000e+04     6.65000000e+00     1.11319689e+03     3.00816204e+02     2.38373122e+02     1.28425010e+02   
    2.68000000e+04     6.70000000e+00     1.11318565e+03     3.06470655e+02     2.37044600e+02     1.26891200e+02   
    2.70000000e+04     6.75000000e+00     1.11318615e+03     3.00742148e+02     2.34089386e+02     1.25751032e+02   
    2.72000000e+04     6.80000000e+00     1.11319696e+03     3.00885681e+02     2.35996898e+02     1.27897798e+02   
    2.74000000e+04     6.85000000e+00     1.11319748e+03     2.99100143e+02     2.35650474e+02     1.27941871e+02   
    2.76000000e+04     6.90000000e+00     1.11319942e+03     2.99553560e+02     2.37323371e+02     1.27805795e+02   
    2.78000000e+04     6.95000000e+00     1.11320108e+03     2.98977147e+02     2.37806342e+02     1.30206483e+02   
    2.80000000e+04     7.00000000e+00     1.11318454e+03     3.00801658e+02     2.35542110e+02     1.26519358e+02   
    2.82000000e+04     7.05000000e+00     1.11319550e+03     2.95723778e+02     2.36314863e+02     1.28545257e+02   
    2.84000000e+04     7.10000000e+00     1.11320585e+03     2.97949383e+02     2.36116350e+02     1.28964967e+02   
    2.86000000e+04     7.15000000e+00     1.11321504e+03     3.01552329e+02     2.38548829e+02     1.30821453e+02   
    2.88000000e+04     7.20000000e+00     1.11319842e+03     3.02732839e+02     2.35065338e+02     1.27167276e+02   
    2.90000000e+04     7.25000000e+00     1.11320696e+03     2.99454611e+02     2.37219372e+02     1.27911414e+02   
    2.92000000e+04     7.30000000e+00     1.11319615e+03     3.00170053e+02     2.36633540e+02     1.28252497e+02   
    2.94000000e+04     7.35000000e+00     1.11318269e+03     2.99817432e+02     2.34785743e+02     1.25212424e+02   
    2.96000000e+04     7.40000000e+00     1.11319231e+03     3.02497990e+02     2.37072647e+02     1.27538786e+02   
    2.98000000e+04     7.45000000e+00     1.11318410e+03     3.02803720e+02     2.36173041e+02     1.24482829e+02   
    3.00000000e+04     7.50000000e+00     1.11317372e+03     3.01009881e+02     2.35821879e+02     1.26721925e+02   
    3.02000000e+04     7.55000000e+00     1.11316470e+03     3.04378366e+02     2.36374781e+02     1.24464018e+02   
    3.04000000e+04     7.60000000e+00     1.11319111e+03     3.02498632e+02     2.35558347e+02     1.25003376e+02   
    3.06000000e+04     7.65000000e+00     1.11320071e+03     2.99825271e+02     2.37254537e+02     1.25706866e+02   
    3.08000000e+04     7.70000000e+00     1.11319795e+03     3.04231467e+02     2.36270326e+02     1.23574915e+02   
    3.10000000e+04     7.75000000e+00     1.11319813e+03     3.02959751e+02     2.35791639e+02     1.22882065e+02   
    3.12000000e+04     7.80000000e+00     1.11319732e+03     3.01669580e+02     2.36723195e+02     1.23193930e+02   
    3.14000000e+04     7.85000000e+00     1.11321881e+03     2.97410480e+02     2.38946349e+02     1.26020081e+02   
    3.16000000e+04     7.90000000e+00     1.11322467e+03     3.03544690e+02     2.36342278e+02     1.23762269e+02   
    3.18000000e+04     7.95000000e+00     1.11323021e+03     3.03153434e+02     2.36415189e+02     1.24799527e+02   
    3.20000000e+04     8.00000000e+00     1.11323175e+03     3.04690816e+02     2.37689938e+02     1.24846015e+02   
    3.22000000e+04     8.05000000e+00     1.11323322e+03     3.01691349e+02     2.37861382e+02     1.25721932e+02   
    3.24000000e+04     8.10000000e+00     1.11321194e+03     3.02091457e+02     2.35796317e+02     1.23856702e+02   
    3.26000000e+04     8.15000000e+00     1.11322831e+03     3.00025528e+02     2.37648705e+02     1.27575735e+02   
    3.28000000e+04     8.20000000e+00     1.11321696e+03     3.03977137e+02     2.36829628e+02     1.24926394e+02   
    3.30000000e+04     8.25000000e+00     1.11322298e+03     3.00596023e+02     2.36989993e+02     1.25155372e+02   
    3.32000000e+04     8.30000000e+00     1.11321750e+03     3.00682961e+02     2.36123446e+02     1.23426989e+02   
    3.34000000e+04     8.35000000e+00     1.11323460e+03     2.99838135e+02     2.37194770e+02     1.26988058e+02   
    3.36000000e+04     8.40000000e+00     1.11324341e+03     2.97124213e+02     2.36818907e+02     1.27388040e+02   
    3.38000000e+04     8.45000000e+00     1.11325361e+03     2.99252476e+02     2.36529547e+02     1.25985210e+02   
    3.40000000e+04     8.50000000e+00     1.11325089e+03     2.99811114e+02     2.36249659e+02     1.26731585e+02   
    3.42000000e+04     8.55000000e+00     1.11324615e+03     3.00294054e+02     2.35003016e+02     1.25994425e+02   
    3.44000000e+04     8.60000000e+00     1.11325644e+03     2.99909554e+02     2.34953647e+02     1.24476161e+02   
    3.46000000e+04     8.65000000e+00     1.11327273e+03     3.01318876e+02     2.35516393e+02     1.26205919e+02   
    3.48000000e+04     8.70000000e+00     1.11327721e+03     3.00724669e+02     2.35315744e+02     1.25345454e+02   
    3.50000000e+04     8.75000000e+00     1.11328355e+03     3.00473831e+02     2.37303298e+02     1.27936864e+02   
    3.52000000e+04     8.80000000e+00     1.11327488e+03     3.00148624e+02     2.36319544e+02     1.25857153e+02   
    3.54000000e+04     8.85000000e+00     1.11328202e+03     2.99350794e+02     2.35878449e+02     1.25003664e+02   
    3.56000000e+04     8.90000000e+00     1.11328804e+03     2.99315559e+02     2.37261099e+02     1.27475451e+02   
    3.58000000e+04     8.95000000e+00     1.11329014e+03     3.00540195e+02     2.37685443e+02     1.28549202e+02   
    3.60000000e+04     9.00000000e+00     1.11327918e+03     3.01344339e+02     2.37096665e+02     1.29624372e+02   
    3.62000000e+04     9.05000000e+00     1.11328014e+03     3.02497145e+02     2.37263319e+02     1.27293554e+02   
    3.64000000e+04     9.10000000e+00     1.11327731e+03     3.01411315e+02     2.37961891e+02     1.27519620e+02   
    3.66000000e+04     9.15000000e+00     1.11328011e+03     3.01965468e+02     2.36262994e+02     1.26984184e+02   
    3.68000000e+04     9.20000000e+00     1.11328350e+03     3.02055894e+02     2.35810563e+02     1.26138432e+02   
    3.70000000e+04     9.25000000e+00     1.11329700e+03     2.99933580e+02     2.37388055e+02     1.29491434e+02   
    3.72000000e+04     9.30000000e+00     1.11328791e+03     3.02662464e+02     2.35931254e+02     1.26473377e+02   
    3.74000000e+04     9.35000000e+00     1.11328795e+03     3.06115538e+02     2.34002955e+02     1.25542475e+02   
    3.76000000e+04     9.40000000e+00     1.11328162e+03     3.02091054e+02     2.35453172e+02     1.26740530e+02   
    3.78000000e+04     9.45000000e+00     1.11330052e+03     2.96887634e+02     2.35854447e+02     1.28894813e+02   
    3.80000000e+04     9.50000000e+00     1.11328906e+03     3.01820299e+02     2.35792020e+02     1.27270968e+02   
    3.82000000e+04     9.55000000e+00     1.11329990e+03     2.99176564e+02     2.38174510e+02     1.29420719e+02   
    3.84000000e+04     9.60000000e+00     1.11330146e+03     2.97695813e+02     2.37772394e+02     1.29607867e+02   
    3.86000000e+04     9.65000000e+00     1.11330834e+03     2.98848627e+02     2.36351739e+02     1.29114707e+02   
    3.88000000e+04     9.70000000e+00     1.11331984e+03     3.00838024e+02     2.36280591e+02     1.27668790e+02   
    3.90000000e+04     9.75000000e+00     1.11332317e+03     3.02017470e+02     2.38409372e+02     1.29942302e+02   
    3.92000000e+04     9.80000000e+00     1.11332079e+03     2.97227752e+02     2.37185454e+02     1.28745236e+02   
    3.94000000e+04     9.85000000e+00     1.11331454e+03     2.97351647e+02     2.34864345e+02     1.26457400e+02   
    3.96000000e+04     9.90000000e+00     1.11333542e+03     3.01190008e+02     2.38490922e+02     1.31306426e+02   
    3.98000000e+04     9.95000000e+00     1.11332638e+03     2.99256605e+02     2.36964855e+02     1.28307758e+02   
    4.00000000e+04     1.00000000e+01     1.11331923e+03     2.98763719e+02     2.37170567e+02     1.29928420e+02   
    4.02000000e+04     1.00500000e+01     1.11329923e+03     3.01491987e+02     2.35662511e+02     1.27125927e+02   
    4.04000000e+04     1.01000000e+01     1.11329481e+03     3.00976046e+02     2.35868646e+02     1.29132608e+02   
    4.06000000e+04     1.01500000e+01     1.11329045e+03     3.00983845e+02     2.36885889e+02     1.25883601e+02   
    4.08000000e+04     1.02000000e+01     1.11330418e+03     3.00605316e+02     2.35293172e+02     1.28196818e+02   
    4.10000000e+04     1.02500000e+01     1.11331221e+03     3.01576139e+02     2.36754517e+02     1.27931676e+02   
    4.12000000e+04     1.03000000e+01     1.11331248e+03     3.02590529e+02     2.36409569e+02     1.30125087e+02   
    4.14000000e+04     1.03500000e+01     1.11329841e+03     3.01370459e+02     2.33920211e+02     1.22926867e+02   
    4.16000000e+04     1.04000000e+01     1.11329831e+03     3.00444733e+02     2.35400757e+02     1.25514450e+02   
    4.18000000e+04     1.04500000e+01     1.11330217e+03     3.01672120e+02     2.36731290e+02     1.26446376e+02   
    4.20000000e+04     1.05000000e+01     1.11330223e+03     3.00611836e+02     2.38421915e+02     1.29380512e+02   
    4.22000000e+04     1.05500000e+01     1.11330523e+03     3.03383808e+02     2.39050601e+02     1.29799526e+02   
    4.24000000e+04     1.06000000e+01     1.11327882e+03     3.03342259e+02     2.35707672e+02     1.26093129e+02   
    4.26000000e+04     1.06500000e+01     1.11328582e+03     3.03544833e+02     2.35928699e+02     1.27756528e+02   
    4.28000000e+04     1.07000000e+01     1.11329307e+03     3.01870924e+02     2.38985284e+02     1.29693887e+02   
    4.30000000e+04     1.07500000e+01     1.11329306e+03     2.99185610e+02     2.37341772e+02     1.26914282e+02   
    4.32000000e+04     1.08000000e+01     1.11328962e+03     3.02100995e+02     2.37544189e+02     1.27500910e+02   
    4.34000000e+04     1.08500000e+01     1.11329035e+03     3.01206779e+02     2.37772719e+02     1.28676778e+02   
    4.36000000e+04     1.09000000e+01     1.11327470e+03     3.02779965e+02     2.36009078e+02     1.25508698e+02   
    4.38000000e+04     1.09500000e+01     1.11327424e+03     2.98895087e+02     2.36318980e+02     1.26816762e+02   
    4.40000000e+04     1.10000000e+01     1.11327403e+03     2.99736375e+02     2.36363450e+02     1.26532552e+02   
    4.42000000e+04     1.10500000e+01     1.11327094e+03     3.00213642e+02     2.36736390e+02     1.28221690e+02   
    4.44000000e+04     1.11000000e+01     1.11327349e+03     3.01755110e+02     2.36735173e+02     1.27686061e+02   
    4.46000000e+04     1.11500000e+01     1.11325935e+03     3.00189903e+02     2.35668565e+02     1.27111650e+02   
    4.48000000e+04     1.12000000e+01     1.11326390e+03     3.00223884e+02     2.36476045e+02     1.27085317e+02   
    4.50000000e+04     1.12500000e+01     1.11326898e+03     2.96710240e+02     2.34348720e+02     1.28031835e+02   
    4.52000000e+04     1.13000000e+01     1.11327635e+03     3.01094638e+02     2.36463783e+02     1.27253739e+02   
    4.54000000e+04     1.13500000e+01     1.11329466e+03     2.97503847e+02     2.37984930e+02     1.32047920e+02   
    4.56000000e+04     1.14000000e+01     1.11327143e+03     2.99474052e+02     2.35956109e+02     1.26616306e+02   
    4.58000000e+04     1.14500000e+01     1.11328456e+03     3.01079927e+02     2.38334979e+02     1.30413111e+02   
    4.60000000e+04     1.15000000e+01     1.11328295e+03     2.97140839e+02     2.37082525e+02     1.31215653e+02   
    4.62000000e+04     1.15500000e+01     1.11326592e+03     2.97823465e+02     2.34146342e+02     1.27242734e+02   
    4.64000000e+04     1.16000000e+01     1.11326099e+03     2.99247336e+02     2.35989969e+02     1.29974745e+02   
    4.66000000e+04     1.16500000e+01     1.11326909e+03     3.04265779e+02     2.38512837e+02     1.29598661e+02   
    4.68000000e+04     1.17000000e+01     1.11325115e+03     3.01370971e+02     2.35675085e+02     1.27760631e+02   
    4.70000000e+04     1.17500000e+01     1.11325339e+03     2.98973750e+02     2.36131945e+02     1.25921444e+02   
    4.72000000e+04     1.18000000e+01     1.11325460e+03     3.01476897e+02     2.36018824e+02     1.27487711e+02   
    4.74000000e+04     1.18500000e+01     1.11325677e+03     3.02126036e+02     2.35742358e+02     1.26931679e+02   
    4.76000000e+04     1.19000000e+01     1.11326051e+03     3.00931483e+02     2.37427414e+02     1.28687600e+02   
    4.78000000e+04     1.19500000e+01     1.11326067e+03     3.04301548e+02     2.35420790e+02     1.27742950e+02   
    4.80000000e+04     1.20000000e+01     1.11326084e+03     3.04320750e+02     2.36242931e+02     1.26041978e+02   
    4.82000000e+04     1.20500000e+01     1.11326094e+03     3.03710036e+02     2.35084984e+02     1.26869008e+02   
    4.84000000e+04     1.21000000e+01     1.11326253e+03     2.97968467e+02     2.36708795e+02     1.28123489e+02   
    4.86000000e+04     1.21500000e+01     1.11325939e+03     3.01311058e+02     2.35837948e+02     1.27257242e+02   
    4.88000000e+04     1.22000000e+01     1.11325493e+03     3.05717996e+02     2.33302483e+02     1.22824187e+02   
    4.90000000e+04     1.22500000e+01     1.11327602e+03     3.04150825e+02     2.33877855e+02     1.22580499e+02   
    4.92000000e+04     1.23000000e+01     1.11330115e+03     3.00367534e+02     2.35933168e+02     1.25181255e+02   
    4.94000000e+04     1.23500000e+01     1.11331163e+03     3.01213145e+02     2.35531495e+02     1.26144417e+02   
    4.96000000e+04     1.24000000e+01     1.11333327e+03     3.01941224e+02     2.38413580e+02     1.29717872e+02   
    4.98000000e+04     1.24500000e+01     1.11331634e+03     2.99912330e+02     2.34987655e+02     1.25220367e+02   
    5.00000000e+04     1.25000000e+01     1.11331219e+03     3.02625033e+02     2.34624736e+02     1.25438744e+02   
    5.02000000e+04     1.25500000e+01     1.11330523e+03     3.00276690e+02     2.34866615e+02     1.26753472e+02   
    5.04000000e+04     1.26000000e+01     1.11332550e+03     3.03524348e+02     2.38467019e+02     1.32453180e+02   
    5.06000000e+04     1.26500000e+01     1.11331842e+03     2.98196748e+02     2.37029792e+02     1.30656781e+02   
    5.08000000e+04     1.27000000e+01     1.11331917e+03     3.02777802e+02     2.36007717e+02     1.28644988e+02   
    5.10000000e+04     1.27500000e+01     1.11333914e+03     2.99476641e+02     2.37925725e+02     1.31232030e+02   
    5.12000000e+04     1.28000000e+01     1.11334252e+03     2.99277193e+02     2.34576975e+02     1.27627587e+02   
    5.14000000e+04     1.28500000e+01     1.11336727e+03     2.99907893e+02     2.39066960e+02     1.31365527e+02   
    5.16000000e+04     1.29000000e+01     1.11336293e+03     3.03328686e+02     2.36827483e+02     1.31383580e+02   
    5.18000000e+04     1.29500000e+01     1.11334945e+03     3.01862993e+02     2.35448921e+02     1.26614954e+02   
    5.20000000e+04     1.30000000e+01     1.11335661e+03     2.98694059e+02     2.37976272e+02     1.29562287e+02   
    5.22000000e+04     1.30500000e+01     1.11334019e+03     3.00459975e+02     2.36400769e+02     1.25015812e+02   
    5.24000000e+04     1.31000000e+01     1.11334370e+03     2.98792950e+02     2.35563523e+02     1.27653794e+02   
    5.26000000e+04     1.31500000e+01     1.11334980e+03     2.97871068e+02     2.36809415e+02     1.29077518e+02   
    5.28000000e+04     1.32000000e+01     1.11335249e+03     3.00742488e+02     2.37969397e+02     1.31070005e+02   
    5.30000000e+04     1.32500000e+01     1.11334041e+03     3.00155588e+02     2.36377154e+02     1.27518056e+02   
    5.32000000e+04     1.33000000e+01     1.11333987e+03     3.02837650e+02     2.34417964e+02     1.26375144e+02   
    5.34000000e+04     1.33500000e+01     1.11334486e+03     3.02121473e+02     2.34481690e+02     1.24938887e+02   
    5.36000000e+04     1.34000000e+01     1.11333893e+03     3.02955652e+02     2.36689316e+02     1.26862660e+02   
    5.38000000e+04     1.34500000e+01     1.11333668e+03     3.01378147e+02     2.38341774e+02     1.28663994e+02   
    5.40000000e+04     1.35000000e+01     1.11333014e+03     3.01763955e+02     2.37124066e+02     1.27690253e+02   
    5.42000000e+04     1.35500000e+01     1.11333077e+03     3.02215936e+02     2.38700011e+02     1.29470128e+02   
    5.44000000e+04     1.36000000e+01     1.11332192e+03     3.00433620e+02     2.37357452e+02     1.26942101e+02   
    5.46000000e+04     1.36500000e+01     1.11332681e+03     3.01093392e+02     2.38387182e+02     1.29064330e+02   
    5.48000000e+04     1.37000000e+01     1.11331227e+03     3.03267923e+02     2.36405730e+02     1.25803165e+02   
    5.50000000e+04     1.37500000e+01     1.11331677e+03     3.02853779e+02     2.34947623e+02     1.25218263e+02   
    5.52000000e+04     1.38000000e+01     1.11333117e+03     2.99735994e+02     2.35544111e+02     1.22720722e+02   
    5.54000000e+04     1.38500000e+01     1.11333449e+03     3.01843419e+02     2.35384181e+02     1.25277381e+02   
    5.56000000e+04     1.39000000e+01     1.11331601e+03     3.03242161e+02     2.33190816e+02     1.24168715e+02   
    5.58000000e+04     1.39500000e+01     1.11331964e+03     3.01477337e+02     2.35308899e+02     1.26087894e+02   
    5.60000000e+04     1.40000000e+01     1.11331283e+03     3.00134403e+02     2.34817223e+02     1.24359543e+02   
    5.62000000e+04     1.40500000e+01     1.11331380e+03     3.01272264e+02     2.34760377e+02     1.23794907e+02   
    5.64000000e+04     1.41000000e+01     1.11332687e+03     3.02600627e+02     2.36329305e+02     1.25672759e+02   
    5.66000000e+04     1.41500000e+01     1.11334562e+03     3.02794684e+02     2.37231037e+02     1.28695110e+02   
    5.68000000e+04     1.42000000e+01     1.11334492e+03     3.02547273e+02     2.36298602e+02     1.28234388e+02   
    5.70000000e+04     1.42500000e+01     1.11334283e+03     3.04608208e+02     2.35354900e+02     1.26631111e+02   
    5.72000000e+04     1.43000000e+01     1.11335477e+03     3.03114928e+02     2.37874886e+02     1.27533225e+02   
    5.74000000e+04     1.43500000e+01     1.11335185e+03     3.01721388e+02     2.37622021e+02     1.28788270e+02   
    5.76000000e+04     1.44000000e+01     1.11335799e+03     2.99543033e+02     2.34826259e+02     1.26046344e+02   
    5.78000000e+04     1.44500000e+01     1.11338038e+03     3.01555157e+02     2.39765225e+02     1.30685688e+02   
    5.80000000e+04     1.45000000e+01     1.11336779e+03     3.01533371e+02     2.36378157e+02     1.26475760e+02   
    5.82000000e+04     1.45500000e+01     1.11336884e+03     3.02975353e+02     2.37570496e+02     1.28353203e+02   
    5.84000000e+04     1.46000000e+01     1.11335228e+03     3.01743454e+02     2.36324832e+02     1.24942329e+02   
    5.86000000e+04     1.46500000e+01     1.11333787e+03     3.02146629e+02     2.35065412e+02     1.25080337e+02   
    5.88000000e+04     1.47000000e+01     1.11333889e+03     3.04343303e+02     2.35379584e+02     1.25662719e+02   
    5.90000000e+04     1.47500000e+01     1.11334455e+03     3.00282113e+02     2.38034862e+02     1.29913726e+02   
    5.92000000e+04     1.48000000e+01     1.11332434e+03     3.02230082e+02     2.38180897e+02     1.27596073e+02   
    5.94000000e+04     1.48500000e+01     1.11331509e+03     3.04241322e+02     2.36179942e+02     1.25255320e+02   
    5.96000000e+04     1.49000000e+01     1.11331961e+03     3.02724461e+02     2.37170085e+02     1.25682094e+02   
    5.98000000e+04     1.49500000e+01     1.11330907e+03     3.02201579e+02     2.36012654e+02     1.26109249e+02   
    6.00000000e+04     1.50000000e+01     1.11331070e+03     3.01177506e+02     2.39226856e+02     1.30194537e+02   
    6.02000000e+04     1.50500000e+01     1.11328886e+03     3.00777508e+02     2.35323923e+02     1.23648735e+02   
    6.04000000e+04     1.51000000e+01     1.11328926e+03     3.03950216e+02     2.35822450e+02     1.24715313e+02   
    6.06000000e+04     1.51500000e+01     1.11328971e+03     3.01685242e+02     2.35434845e+02     1.24964006e+02   
    6.08000000e+04     1.52000000e+01     1.11329812e+03     3.01345736e+02     2.36931857e+02     1.26935314e+02   
    6.10000000e+04     1.52500000e+01     1.11331241e+03     3.00449381e+02     2.37225543e+02     1.27415801e+02   
    6.12000000e+04     1.53000000e+01     1.11331085e+03     3.04010393e+02     2.36687655e+02     1.25660260e+02   
    6.14000000e+04     1.53500000e+01     1.11328897e+03     3.01467029e+02     2.35313696e+02     1.23930225e+02   
    6.16000000e+04     1.54000000e+01     1.11329606e+03     3.02311261e+02     2.35880698e+02     1.25544602e+02   
    6.18000000e+04     1.54500000e+01     1.11328389e+03     3.03684642e+02     2.33567813e+02     1.22561824e+02   
    6.20000000e+04     1.55000000e+01     1.11329308e+03     3.02623652e+02     2.35804751e+02     1.26360801e+02   
    6.22000000e+04     1.55500000e+01     1.11328957e+03     3.05354086e+02     2.37821357e+02     1.27704931e+02   
    6.24000000e+04     1.56000000e+01     1.11330204e+03     3.01297687e+02     2.36323460e+02     1.25969615e+02   
    6.26000000e+04     1.56500000e+01     1.11329860e+03     2.98901545e+02     2.35022735e+02     1.25449224e+02   
    6.28000000e+04     1.57000000e+01     1.11330566e+03     2.99699259e+02     2.36531447e+02     1.29435858e+02   
    6.30000000e+04     1.57500000e+01     1.11329752e+03     2.98067761e+02     2.33809454e+02     1.26291157e+02   
    6.32000000e+04     1.58000000e+01     1.11330378e+03     2.99950550e+02     2.34732174e+02     1.26549598e+02   
    6.34000000e+04     1.58500000e+01     1.11330981e+03     2.98371498e+02     2.37041598e+02     1.27646193e+02   
    6.36000000e+04     1.59000000e+01     1.11330229e+03     2.98393142e+02     2.38070568e+02     1.28001424e+02   
    6.38000000e+04     1.59500000e+01     1.11328557e+03     3.02518042e+02     2.35109101e+02     1.25097302e+02   
    6.40000000e+04     1.60000000e+01     1.11328416e+03     3.00587618e+02     2.37026898e+02     1.27300815e+02   
    6.42000000e+04     1.60500000e+01     1.11329603e+03     2.98810824e+02     2.38653639e+02     1.29784824e+02   
    6.44000000e+04     1.61000000e+01     1.11328190e+03     3.02926136e+02     2.36336928e+02     1.27903765e+02   
    6.46000000e+04     1.61500000e+01     1.11327468e+03     3.01445927e+02     2.36171830e+02     1.27605962e+02   
    6.48000000e+04     1.62000000e+01     1.11327288e+03     3.03049245e+02     2.36649383e+02     1.26903413e+02   
    6.50000000e+04     1.62500000e+01     1.11326587e+03     3.02269967e+02     2.36225831e+02     1.27660812e+02   
    6.52000000e+04     1.63000000e+01     1.11327272e+03     3.00506769e+02     2.37945734e+02     1.28150803e+02   
    6.54000000e+04     1.63500000e+01     1.11327114e+03     3.02394904e+02     2.35164294e+02     1.25651350e+02   
    6.56000000e+04     1.64000000e+01     1.11328260e+03     2.98316068e+02     2.36604626e+02     1.27341073e+02   
    6.58000000e+04     1.64500000e+01     1.11328249e+03     3.03824610e+02     2.36225219e+02     1.25339226e+02   
    6.60000000e+04     1.65000000e+01     1.11329643e+03     2.98122580e+02     2.36771331e+02     1.27486440e+02   
    6.62000000e+04     1.65500000e+01     1.11329994e+03     3.03987613e+02     2.39532441e+02     1.30158871e+02   
    6.64000000e+04     1.66000000e+01     1.11327654e+03     3.01799222e+02     2.35082331e+02     1.27675580e+02   
    6.66000000e+04     1.66500000e+01     1.11327319e+03     3.04170572e+02     2.35802894e+02     1.26099945e+02   
    6.68000000e+04     1.67000000e+01     1.11326702e+03     3.00464963e+02     2.35658438e+02     1.25573721e+02   
    6.70000000e+04     1.67500000e+01     1.11329164e+03     2.99617335e+02     2.34188959e+02     1.25031978e+02   
    6.72000000e+04     1.68000000e+01     1.11330827e+03     2.99072957e+02     2.37352438e+02     1.28750626e+02   
    6.74000000e+04     1.68500000e+01     1.11330235e+03     3.00874201e+02     2.34749580e+02     1.25284112e+02   
    6.76000000e+04     1.69000000e+01     1.11331070e+03     3.01606093e+02     2.35567390e+02     1.27134346e+02   
    6.78000000e+04     1.69500000e+01     1.11330486e+03     3.02971226e+02     2.35381957e+02     1.25063038e+02   
    6.80000000e+04     1.70000000e+01     1.11331168e+03     3.00670018e+02     2.35956882e+02     1.25823423e+02   
    6.82000000e+04     1.70500000e+01     1.11330925e+03     2.98884437e+02     2.36076512e+02     1.26261976e+02   
    6.84000000e+04     1.71000000e+01     1.11330443e+03     3.01284494e+02     2.36974199e+02     1.27945708e+02   
    6.86000000e+04     1.71500000e+01     1.11330265e+03     3.00436038e+02     2.37380799e+02     1.27890118e+02   
    6.88000000e+04     1.72000000e+01     1.11328280e+03     3.03391954e+02     2.35633265e+02     1.24920993e+02   
    6.90000000e+04     1.72500000e+01     1.11328538e+03     3.03522368e+02     2.38347112e+02     1.28283934e+02   
    6.92000000e+04     1.73000000e+01     1.11328346e+03     2.99992318e+02     2.37291260e+02     1.28726691e+02   
    6.94000000e+04     1.73500000e+01     1.11328388e+03     2.97863126e+02     2.36715714e+02     1.28199822e+02   
    6.96000000e+04     1.74000000e+01     1.11328664e+03     3.02414668e+02     2.36644365e+02     1.27077657e+02   
    6.98000000e+04     1.74500000e+01     1.11328837e+03     2.99872460e+02     2.34947171e+02     1.24760928e+02   
    7.00000000e+04     1.75000000e+01     1.11328998e+03     3.02614375e+02     2.33992560e+02     1.24364848e+02   
    7.02000000e+04     1.75500000e+01     1.11327808e+03     3.00856200e+02     2.34589262e+02     1.24566146e+02   
    7.04000000e+04     1.76000000e+01     1.11328223e+03     3.02474358e+02     2.34668982e+02     1.25842549e+02   
    7.06000000e+04     1.76500000e+01     1.11328386e+03     3.02396083e+02     2.36236344e+02     1.25939491e+02   
    7.08000000e+04     1.77000000e+01     1.11327835e+03     3.03385468e+02     2.34716009e+02     1.23294853e+02   
    7.10000000e+04     1.77500000e+01     1.11328208e+03     3.00144160e+02     2.34597715e+02     1.23694889e+02   
    7.12000000e+04     1.78000000e+01     1.11330268e+03     3.04467223e+02     2.37578993e+02     1.25774506e+02   
    7.14000000e+04     1.78500000e+01     1.11329969e+03     3.02687681e+02     2.35266155e+02     1.24268607e+02   
    7.16000000e+04     1.79000000e+01     1.11330891e+03     3.06496733e+02     2.36332101e+02     1.25006807e+02   
    7.18000000e+04     1.79500000e+01     1.11331611e+03     2.99739291e+02     2.36301776e+02     1.26139595e+02   
    7.20000000e+04     1.80000000e+01     1.11330983e+03     3.02894829e+02     2.36267474e+02     1.25750286e+02   
    7.22000000e+04     1.80500000e+01     1.11330627e+03     3.01625622e+02     2.35618081e+02     1.25220704e+02   
    7.24000000e+04     1.81000000e+01     1.11330914e+03     3.01077703e+02     2.37059998e+02     1.26980787e+02   
    7.26000000e+04     1.81500000e+01     1.11331457e+03     3.01114035e+02     2.37235422e+02     1.27489172e+02   
    7.28000000e+04     1.82000000e+01     1.11331437e+03     3.01317271e+02     2.37161880e+02     1.27737807e+02   
    7.30000000e+04     1.82500000e+01     1.11330467e+03     3.02023838e+02     2.34329279e+02     1.22861456e+02   
    7.32000000e+04     1.83000000e+01     1.11332029e+03     3.00970787e+02     2.36513758e+02     1.26228668e+02   
    7.34000000e+04     1.83500000e+01     1.11333538e+03     3.00867371e+02     2.35068776e+02     1.25535519e+02   
    7.36000000e+04     1.84000000e+01     1.11334514e+03     3.02758222e+02     2.35756906e+02     1.28368745e+02   
    7.38000000e+04     1.84500000e+01     1.11334619e+03     3.02399202e+02     2.36159665e+02     1.29134725e+02   
    7.40000000e+04     1.85000000e+01     1.11334431e+03     3.00539434e+02     2.36731848e+02     1.28263069e+02   
    7.42000000e+04     1.85500000e+01     1.11334127e+03     3.03190539e+02     2.37007283e+02     1.29441640e+02   
    7.44000000e+04     1.86000000e+01     1.11333820e+03     3.03675076e+02     2.36543345e+02     1.29321972e+02   
    7.46000000e+04     1.86500000e+01     1.11332967e+03     3.01127890e+02     2.36282179e+02     1.27857438e+02   
    7.48000000e+04     1.87000000e+01     1.11332882e+03     3.03532324e+02     2.36274884e+02     1.27849092e+02   
    7.50000000e+04     1.87500000e+01     1.11333192e+03     3.00148258e+02     2.37129962e+02     1.27515577e+02   
    7.52000000e+04     1.88000000e+01     1.11333751e+03     3.02919703e+02     2.37072499e+02     1.29483829e+02   
    7.54000000e+04     1.88500000e+01     1.11334622e+03     3.02865942e+02     2.35484336e+02     1.26453298e+02   
    7.56000000e+04     1.89000000e+01     1.11335753e+03     2.98522554e+02     2.34174759e+02     1.26126925e+02   
    7.58000000e+04     1.89500000e+01     1.11336918e+03     3.00951283e+02     2.35226762e+02     1.25621948e+02   
    7.60000000e+04     1.90000000e+01     1.11337623e+03     3.01523588e+02     2.35844769e+02     1.26635417e+02   
    7.62000000e+04     1.90500000e+01     1.11337466e+03     3.02630018e+02     2.36040835e+02     1.26941271e+02   
    7.64000000e+04     1.91000000e+01     1.11336596e+03     3.00790132e+02     2.35561288e+02     1.24543361e+02   
    7.66000000e+04     1.91500000e+01     1.11337297e+03     3.04928411e+02     2.36656357e+02     1.27023076e+02   
    7.68000000e+04     1.92000000e+01     1.11336309e+03     3.01199388e+02     2.37209317e+02     1.26455433e+02   
    7.70000000e+04     1.92500000e+01     1.11334685e+03     3.03287597e+02     2.34729672e+02     1.25020371e+02   
    7.72000000e+04     1.93000000e+01     1.11333340e+03     3.05131764e+02     2.37641471e+02     1.25431303e+02   
    7.74000000e+04     1.93500000e+01     1.11332967e+03     3.03024951e+02     2.37490422e+02     1.25932544e+02   
    7.76000000e+04     1.94000000e+01     1.11332599e+03     2.99198927e+02     2.36468679e+02     1.25937713e+02   
    7.78000000e+04     1.94500000e+01     1.11333222e+03     3.03214895e+02     2.35939397e+02     1.27941774e+02   
    7.80000000e+04     1.95000000e+01     1.11335046e+03     3.03616132e+02     2.38098949e+02     1.29368521e+02   
    7.82000000e+04     1.95500000e+01     1.11334647e+03     3.03342287e+02     2.35909869e+02     1.27320488e+02   
    7.84000000e+04     1.96000000e+01     1.11334941e+03     3.02404696e+02     2.36132374e+02     1.26689832e+02   
    7.86000000e+04     1.96500000e+01     1.11335026e+03     3.01094077e+02     2.37298545e+02     1.29166694e+02   
    7.88000000e+04     1.97000000e+01     1.11334762e+03     3.01833276e+02     2.36202904e+02     1.29882459e+02   
    7.90000000e+04     1.97500000e+01     1.11333951e+03     3.02635865e+02     2.35267661e+02     1.26695543e+02   
    7.92000000e+04     1.98000000e+01     1.11335397e+03     2.98504801e+02     2.35773253e+02     1.27508873e+02   
    7.94000000e+04     1.98500000e+01     1.11335080e+03     3.02422534e+02     2.35130420e+02     1.25409587e+02   
    7.96000000e+04     1.99000000e+01     1.11337881e+03     3.01517058e+02     2.37282073e+02     1.28980224e+02   
    7.98000000e+04     1.99500000e+01     1.11338671e+03     3.01250293e+02     2.37133027e+02     1.30319596e+02   
    8.00000000e+04     2.00000000e+01     1.11339770e+03     3.00777659e+02     2.34319473e+02     1.26843109e+02   
