# column   1     --> step : The current simulation time step.
# column   2     --> time{picosecond} : The elapsed simulation time.
# column   3     --> conserved{electronvolt} : The value of the conserved energy quantity per bead.
# column   4     --> temperature{kelvin} : The current temperature, as obtained from the MD kinetic energy.
# column   5     --> kinetic_cv{electronvolt} : The centroid-virial quantum kinetic energy of the physical system.
# column   6     --> potential{electronvolt} : The physical system potential energy.
    0.00000000e+00     0.00000000e+00     1.11229818e+03     3.04273373e+02     2.36256214e+02     1.23352977e+02   
    2.00000000e+02     5.00000000e-02     1.11229317e+03     2.98346240e+02     2.36582408e+02     1.23016056e+02   
    4.00000000e+02     1.00000000e-01     1.11228760e+03     3.02942828e+02     2.36590668e+02     1.22936251e+02   
    6.00000000e+02     1.50000000e-01     1.11228677e+03     3.00343734e+02     2.33681866e+02     1.20153842e+02   
    8.00000000e+02     2.00000000e-01     1.11230181e+03     3.01313181e+02     2.37546928e+02     1.21478537e+02   
    1.00000000e+03     2.50000000e-01     1.11231003e+03     3.03526570e+02     2.34511769e+02     1.19662052e+02   
    1.20000000e+03     3.00000000e-01     1.11232664e+03     2.98939802e+02     2.36872802e+02     1.22810614e+02   
    1.40000000e+03     3.50000000e-01     1.11233983e+03     3.02847451e+02     2.35384934e+02     1.21589167e+02   
    1.60000000e+03     4.00000000e-01     1.11234106e+03     2.99521239e+02     2.33599251e+02     1.19882464e+02   
    1.80000000e+03     4.50000000e-01     1.11233763e+03     2.99127052e+02     2.34904866e+02     1.21032653e+02   
    2.00000000e+03     5.00000000e-01     1.11233230e+03     2.98390641e+02     2.36739614e+02     1.23241423e+02   
    2.20000000e+03     5.50000000e-01     1.11232727e+03     2.94781467e+02     2.35967956e+02     1.21800914e+02   
    2.40000000e+03     6.00000000e-01     1.11232292e+03     3.00632844e+02     2.36784496e+02     1.21084064e+02   
    2.60000000e+03     6.50000000e-01     1.11231922e+03     3.00660831e+02     2.35845760e+02     1.19421377e+02   
    2.80000000e+03     7.00000000e-01     1.11232113e+03     3.00272178e+02     2.35910288e+02     1.21821885e+02   
    3.00000000e+03     7.50000000e-01     1.11233876e+03     2.96254647e+02     2.37497686e+02     1.23368109e+02   
    3.20000000e+03     8.00000000e-01     1.11233751e+03     3.00600448e+02     2.35124419e+02     1.19533581e+02   
    3.40000000e+03     8.50000000e-01     1.11234187e+03     2.99644849e+02     2.37822228e+02     1.24118249e+02   
    3.60000000e+03     9.00000000e-01     1.11233035e+03     2.98753090e+02     2.36912239e+02     1.23952493e+02   
    3.80000000e+03     9.50000000e-01     1.11233226e+03     3.00516576e+02     2.36214242e+02     1.23847313e+02   
    4.00000000e+03     1.00000000e+00     1.11234211e+03     2.99521909e+02     2.36710946e+02     1.24442695e+02   
    4.20000000e+03     1.05000000e+00     1.11232822e+03     3.01404982e+02     2.34702366e+02     1.20959086e+02   
    4.40000000e+03     1.10000000e+00     1.11233102e+03     2.97453870e+02     2.36373110e+02     1.23768272e+02   
    4.60000000e+03     1.15000000e+00     1.11233394e+03     2.99561373e+02     2.36458054e+02     1.22356883e+02   
    4.80000000e+03     1.20000000e+00     1.11233863e+03     3.01378987e+02     2.37050108e+02     1.23611694e+02   
    5.00000000e+03     1.25000000e+00     1.11232597e+03     3.02059363e+02     2.34632437e+02     1.19648575e+02   
    5.20000000e+03     1.30000000e+00     1.11232757e+03     3.03455183e+02     2.35790937e+02     1.22211234e+02   
    5.40000000e+03     1.35000000e+00     1.11233422e+03     3.03755346e+02     2.38197145e+02     1.24093327e+02   
    5.60000000e+03     1.40000000e+00     1.11232693e+03     3.02282291e+02     2.36997682e+02     1.23154646e+02   
    5.80000000e+03     1.45000000e+00     1.11234081e+03     2.99126560e+02     2.36507084e+02     1.22400749e+02   
    6.00000000e+03     1.50000000e+00     1.11236579e+03     3.01349949e+02     2.37216962e+02     1.24341886e+02   
    6.20000000e+03     1.55000000e+00     1.11237556e+03     2.99213405e+02     2.36183557e+02     1.22881474e+02   
    6.40000000e+03     1.60000000e+00     1.11237575e+03     3.00943323e+02     2.35797952e+02     1.22081178e+02   
    6.60000000e+03     1.65000000e+00     1.11237524e+03     2.99154361e+02     2.35752168e+02     1.21547185e+02   
    6.80000000e+03     1.70000000e+00     1.11237964e+03     2.98971358e+02     2.37759736e+02     1.24468864e+02   
    7.00000000e+03     1.75000000e+00     1.11236960e+03     2.99571453e+02     2.36085770e+02     1.22271394e+02   
    7.20000000e+03     1.80000000e+00     1.11236839e+03     3.02472628e+02     2.35273030e+02     1.20300002e+02   
    7.40000000e+03     1.85000000e+00     1.11237300e+03     2.96569936e+02     2.38777536e+02     1.24246924e+02   
    7.60000000e+03     1.90000000e+00     1.11235144e+03     3.02908776e+02     2.36066223e+02     1.20114454e+02   
    7.80000000e+03     1.95000000e+00     1.11235634e+03     3.01454566e+02     2.35885793e+02     1.22713312e+02   
    8.00000000e+03     2.00000000e+00     1.11235310e+03     3.02961788e+02     2.36041657e+02     1.19402675e+02   
    8.20000000e+03     2.05000000e+00     1.11235061e+03     2.98074359e+02     2.37190961e+02     1.21524069e+02   
    8.40000000e+03     2.10000000e+00     1.11236375e+03     3.01384395e+02     2.36836417e+02     1.22069949e+02   
    8.60000000e+03     2.15000000e+00     1.11236648e+03     2.97628237e+02     2.36718006e+02     1.23311004e+02   
    8.80000000e+03     2.20000000e+00     1.11235819e+03     2.97255204e+02     2.36199827e+02     1.20691780e+02   
    9.00000000e+03     2.25000000e+00     1.11235171e+03     2.98423957e+02     2.35273584e+02     1.19766511e+02   
    9.20000000e+03     2.30000000e+00     1.11237113e+03     3.02548440e+02     2.37388473e+02     1.22263010e+02   
    9.40000000e+03     2.35000000e+00     1.11237216e+03     3.00787058e+02     2.33633973e+02     1.19434468e+02   
    9.60000000e+03     2.40000000e+00     1.11238617e+03     3.00859469e+02     2.35328351e+02     1.22394047e+02   
    9.80000000e+03     2.45000000e+00     1.11239232e+03     3.01067054e+02     2.35734917e+02     1.22781966e+02   
    1.00000000e+04     2.50000000e+00     1.11239451e+03     2.99735730e+02     2.34475432e+02     1.21998431e+02   
    1.02000000e+04     2.55000000e+00     1.11239799e+03     2.96991058e+02     2.37200962e+02     1.26689381e+02   
    1.04000000e+04     2.60000000e+00     1.11241487e+03     2.98405982e+02     2.38040858e+02     1.26443014e+02   
    1.06000000e+04     2.65000000e+00     1.11240812e+03     3.01422536e+02     2.35410678e+02     1.23338937e+02   
    1.08000000e+04     2.70000000e+00     1.11241579e+03     2.97165116e+02     2.36768709e+02     1.23383030e+02   
    1.10000000e+04     2.75000000e+00     1.11240230e+03     3.02539701e+02     2.37466565e+02     1.25455781e+02   
    1.12000000e+04     2.80000000e+00     1.11240458e+03     2.98814811e+02     2.39094710e+02     1.25414394e+02   
    1.14000000e+04     2.85000000e+00     1.11239913e+03     3.05554720e+02     2.35883293e+02     1.22475740e+02   
    1.16000000e+04     2.90000000e+00     1.11241478e+03     3.00226494e+02     2.35909225e+02     1.23151722e+02   
    1.18000000e+04     2.95000000e+00     1.11242038e+03     2.97265878e+02     2.36042718e+02     1.22874086e+02   
    1.20000000e+04     3.00000000e+00     1.11243376e+03     2.98529823e+02     2.36344823e+02     1.24486648e+02   
    1.22000000e+04     3.05000000e+00     1.11242257e+03     2.99267245e+02     2.34886628e+02     1.22485115e+02   
    1.24000000e+04     3.10000000e+00     1.11242959e+03     3.00967729e+02     2.35714459e+02     1.25108705e+02   
    1.26000000e+04     3.15000000e+00     1.11242784e+03     2.98879091e+02     2.35953117e+02     1.24012860e+02   
    1.28000000e+04     3.20000000e+00     1.11243900e+03     2.95111456e+02     2.35884154e+02     1.26560227e+02   
    1.30000000e+04     3.25000000e+00     1.11242767e+03     2.99966787e+02     2.36707918e+02     1.25314494e+02   
    1.32000000e+04     3.30000000e+00     1.11242506e+03     2.98511005e+02     2.36488064e+02     1.24991767e+02   
    1.34000000e+04     3.35000000e+00     1.11242192e+03     2.98146005e+02     2.37191255e+02     1.23536476e+02   
    1.36000000e+04     3.40000000e+00     1.11242894e+03     3.00666621e+02     2.35657317e+02     1.22308317e+02   
    1.38000000e+04     3.45000000e+00     1.11242904e+03     3.03042970e+02     2.37564424e+02     1.24743706e+02   
    1.40000000e+04     3.50000000e+00     1.11242530e+03     3.01802957e+02     2.35873779e+02     1.23394325e+02   
    1.42000000e+04     3.55000000e+00     1.11242926e+03     3.01424736e+02     2.36043936e+02     1.22799753e+02   
    1.44000000e+04     3.60000000e+00     1.11240984e+03     2.99788826e+02     2.32310255e+02     1.19076818e+02   
    1.46000000e+04     3.65000000e+00     1.11242241e+03     2.97546132e+02     2.36472938e+02     1.25345221e+02   
    1.48000000e+04     3.70000000e+00     1.11241855e+03     3.00657323e+02     2.35466656e+02     1.22996041e+02   
    1.50000000e+04     3.75000000e+00     1.11241412e+03     3.01019087e+02     2.34515554e+02     1.22577523e+02   
    1.52000000e+04     3.80000000e+00     1.11242892e+03     3.00811975e+02     2.35827743e+02     1.23451973e+02   
    1.54000000e+04     3.85000000e+00     1.11242616e+03     3.00284510e+02     2.36283502e+02     1.22992194e+02   
    1.56000000e+04     3.90000000e+00     1.11242207e+03     3.01485537e+02     2.34765981e+02     1.22074635e+02   
    1.58000000e+04     3.95000000e+00     1.11243829e+03     2.99978815e+02     2.36976636e+02     1.24662395e+02   
    1.60000000e+04     4.00000000e+00     1.11244391e+03     2.99517486e+02     2.37311980e+02     1.25506631e+02   
    1.62000000e+04     4.05000000e+00     1.11244151e+03     2.99244626e+02     2.36185171e+02     1.24082251e+02   
    1.64000000e+04     4.10000000e+00     1.11244374e+03     3.00323116e+02     2.36318462e+02     1.25611520e+02   
    1.66000000e+04     4.15000000e+00     1.11243830e+03     2.97186544e+02     2.36225656e+02     1.25863803e+02   
    1.68000000e+04     4.20000000e+00     1.11241766e+03     2.99042274e+02     2.34230013e+02     1.22481533e+02   
    1.70000000e+04     4.25000000e+00     1.11241031e+03     2.96078549e+02     2.35487543e+02     1.23265424e+02   
    1.72000000e+04     4.30000000e+00     1.11241156e+03     2.97114878e+02     2.36401897e+02     1.25274265e+02   
    1.74000000e+04     4.35000000e+00     1.11239850e+03     2.98216526e+02     2.34493596e+02     1.23171531e+02   
    1.76000000e+04     4.40000000e+00     1.11240618e+03     2.96734414e+02     2.36992213e+02     1.25756430e+02   
    1.78000000e+04     4.45000000e+00     1.11240023e+03     2.99879607e+02     2.36537102e+02     1.24694394e+02   
    1.80000000e+04     4.50000000e+00     1.11238951e+03     2.98052814e+02     2.36660753e+02     1.25074727e+02   
    1.82000000e+04     4.55000000e+00     1.11237637e+03     2.98767759e+02     2.35954696e+02     1.24132839e+02   
    1.84000000e+04     4.60000000e+00     1.11236236e+03     2.99089057e+02     2.34990934e+02     1.23473499e+02   
    1.86000000e+04     4.65000000e+00     1.11236931e+03     3.02002835e+02     2.35327947e+02     1.23146997e+02   
    1.88000000e+04     4.70000000e+00     1.11235965e+03     3.02860503e+02     2.35440883e+02     1.23041007e+02   
    1.90000000e+04     4.75000000e+00     1.11236460e+03     2.99415770e+02     2.36346667e+02     1.25260652e+02   
    1.92000000e+04     4.80000000e+00     1.11235185e+03     2.99968178e+02     2.35922491e+02     1.23882643e+02   
    1.94000000e+04     4.85000000e+00     1.11235639e+03     3.01804399e+02     2.37530812e+02     1.23794448e+02   
    1.96000000e+04     4.90000000e+00     1.11234681e+03     3.00839669e+02     2.36683681e+02     1.23934076e+02   
    1.98000000e+04     4.95000000e+00     1.11235071e+03     3.05289652e+02     2.35694899e+02     1.23376279e+02   
    2.00000000e+04     5.00000000e+00     1.11235961e+03     3.00588864e+02     2.35152142e+02     1.22293255e+02   
    2.02000000e+04     5.05000000e+00     1.11238355e+03     3.00380327e+02     2.35761295e+02     1.23213193e+02   
    2.04000000e+04     5.10000000e+00     1.11238720e+03     3.02382446e+02     2.36676524e+02     1.22376746e+02   
    2.06000000e+04     5.15000000e+00     1.11238785e+03     2.99544756e+02     2.35960228e+02     1.25307699e+02   
    2.08000000e+04     5.20000000e+00     1.11238578e+03     3.01821876e+02     2.36802726e+02     1.24584854e+02   
    2.10000000e+04     5.25000000e+00     1.11238684e+03     2.99105991e+02     2.36099660e+02     1.23174553e+02   
    2.12000000e+04     5.30000000e+00     1.11237187e+03     3.00112239e+02     2.34288940e+02     1.20832857e+02   
    2.14000000e+04     5.35000000e+00     1.11238580e+03     3.01707545e+02     2.37286861e+02     1.23382468e+02   
    2.16000000e+04     5.40000000e+00     1.11238003e+03     2.99247584e+02     2.37543523e+02     1.24054825e+02   
    2.18000000e+04     5.45000000e+00     1.11236374e+03     2.99326664e+02     2.35983803e+02     1.21105358e+02   
    2.20000000e+04     5.50000000e+00     1.11237790e+03     2.98901895e+02     2.34331446e+02     1.22365565e+02   
    2.22000000e+04     5.55000000e+00     1.11238855e+03     3.00816566e+02     2.36169936e+02     1.21905349e+02   
    2.24000000e+04     5.60000000e+00     1.11238949e+03     2.97409805e+02     2.35799773e+02     1.22212174e+02   
    2.26000000e+04     5.65000000e+00     1.11238545e+03     2.98027089e+02     2.35675754e+02     1.21623023e+02   
    2.28000000e+04     5.70000000e+00     1.11239520e+03     2.98428627e+02     2.37467518e+02     1.25644642e+02   
    2.30000000e+04     5.75000000e+00     1.11239860e+03     3.04020831e+02     2.36928867e+02     1.24889461e+02   
    2.32000000e+04     5.80000000e+00     1.11239172e+03     2.99788050e+02     2.36985886e+02     1.25221295e+02   
    2.34000000e+04     5.85000000e+00     1.11238107e+03     3.00773777e+02     2.34215284e+02     1.21624832e+02   
    2.36000000e+04     5.90000000e+00     1.11237904e+03     3.03834542e+02     2.35169289e+02     1.21240738e+02   
    2.38000000e+04     5.95000000e+00     1.11237993e+03     2.98119744e+02     2.35501615e+02     1.22277067e+02   
    2.40000000e+04     6.00000000e+00     1.11237743e+03     3.03564751e+02     2.36975097e+02     1.23680960e+02   
    2.42000000e+04     6.05000000e+00     1.11236665e+03     3.01994681e+02     2.36031506e+02     1.21957565e+02   
    2.44000000e+04     6.10000000e+00     1.11235304e+03     3.03755458e+02     2.34272387e+02     1.19122271e+02   
    2.46000000e+04     6.15000000e+00     1.11236869e+03     2.99209312e+02     2.37952195e+02     1.24261502e+02   
    2.48000000e+04     6.20000000e+00     1.11236456e+03     3.00244427e+02     2.36936081e+02     1.23379533e+02   
    2.50000000e+04     6.25000000e+00     1.11235813e+03     3.00217883e+02     2.35734725e+02     1.22653518e+02   
    2.52000000e+04     6.30000000e+00     1.11236979e+03     2.99497318e+02     2.36152158e+02     1.23852844e+02   
    2.54000000e+04     6.35000000e+00     1.11236659e+03     2.96157577e+02     2.36777025e+02     1.23981703e+02   
    2.56000000e+04     6.40000000e+00     1.11236932e+03     3.01309425e+02     2.35480439e+02     1.23028955e+02   
    2.58000000e+04     6.45000000e+00     1.11238872e+03     2.99145581e+02     2.36372703e+02     1.24915344e+02   
    2.60000000e+04     6.50000000e+00     1.11238356e+03     3.00471784e+02     2.36442714e+02     1.24959017e+02   
    2.62000000e+04     6.55000000e+00     1.11239208e+03     2.99953376e+02     2.38529421e+02     1.27218539e+02   
    2.64000000e+04     6.60000000e+00     1.11239008e+03     2.99893320e+02     2.36092442e+02     1.24415115e+02   
    2.66000000e+04     6.65000000e+00     1.11240373e+03     2.99084024e+02     2.37668554e+02     1.27664917e+02   
    2.68000000e+04     6.70000000e+00     1.11240074e+03     3.05318494e+02     2.35414672e+02     1.24162650e+02   
    2.70000000e+04     6.75000000e+00     1.11241035e+03     2.98204750e+02     2.35749286e+02     1.26435743e+02   
    2.72000000e+04     6.80000000e+00     1.11241823e+03     2.99341168e+02     2.35421788e+02     1.25791240e+02   
    2.74000000e+04     6.85000000e+00     1.11241794e+03     2.97042284e+02     2.35760492e+02     1.26908800e+02   
    2.76000000e+04     6.90000000e+00     1.11241113e+03     2.98006184e+02     2.35595420e+02     1.24535918e+02   
    2.78000000e+04     6.95000000e+00     1.11242416e+03     2.97529635e+02     2.38662768e+02     1.27748816e+02   
    2.80000000e+04     7.00000000e+00     1.11239670e+03     2.99201038e+02     2.35796260e+02     1.25004390e+02   
    2.82000000e+04     7.05000000e+00     1.11240346e+03     2.94568934e+02     2.38218782e+02     1.26770667e+02   
    2.84000000e+04     7.10000000e+00     1.11239684e+03     2.96961268e+02     2.36938621e+02     1.26709345e+02   
    2.86000000e+04     7.15000000e+00     1.11240045e+03     3.01584079e+02     2.38874675e+02     1.27221859e+02   
    2.88000000e+04     7.20000000e+00     1.11238652e+03     3.00450289e+02     2.36900421e+02     1.27581346e+02   
    2.90000000e+04     7.25000000e+00     1.11237918e+03     2.99349722e+02     2.35102017e+02     1.22995759e+02   
    2.92000000e+04     7.30000000e+00     1.11238145e+03     2.98588271e+02     2.37000350e+02     1.26429950e+02   
    2.94000000e+04     7.35000000e+00     1.11238642e+03     3.00118688e+02     2.35422727e+02     1.23449525e+02   
    2.96000000e+04     7.40000000e+00     1.11238054e+03     3.00499195e+02     2.36949947e+02     1.24964646e+02   
    2.98000000e+04     7.45000000e+00     1.11237680e+03     3.01324230e+02     2.35550553e+02     1.24337498e+02   
    3.00000000e+04     7.50000000e+00     1.11238864e+03     3.00614707e+02     2.37590601e+02     1.26233835e+02   
    3.02000000e+04     7.55000000e+00     1.11239522e+03     3.03359322e+02     2.36963231e+02     1.24758879e+02   
    3.04000000e+04     7.60000000e+00     1.11239818e+03     3.01213045e+02     2.35600066e+02     1.23748413e+02   
    3.06000000e+04     7.65000000e+00     1.11240418e+03     2.98837493e+02     2.35860107e+02     1.24092243e+02   
    3.08000000e+04     7.70000000e+00     1.11241856e+03     3.02617549e+02     2.37641133e+02     1.26639390e+02   
    3.10000000e+04     7.75000000e+00     1.11240434e+03     2.99981621e+02     2.37622788e+02     1.25647182e+02   
    3.12000000e+04     7.80000000e+00     1.11239129e+03     2.99759159e+02     2.35402927e+02     1.24501999e+02   
    3.14000000e+04     7.85000000e+00     1.11240411e+03     2.97723260e+02     2.37964951e+02     1.28207151e+02   
    3.16000000e+04     7.90000000e+00     1.11237854e+03     3.03879928e+02     2.34599956e+02     1.23594810e+02   
    3.18000000e+04     7.95000000e+00     1.11239209e+03     3.01723328e+02     2.35888458e+02     1.23568057e+02   
    3.20000000e+04     8.00000000e+00     1.11240752e+03     3.04046517e+02     2.37269707e+02     1.23977655e+02   
    3.22000000e+04     8.05000000e+00     1.11242349e+03     3.00588555e+02     2.38129852e+02     1.26238917e+02   
    3.24000000e+04     8.10000000e+00     1.11242446e+03     3.01348583e+02     2.37334019e+02     1.23984869e+02   
    3.26000000e+04     8.15000000e+00     1.11242649e+03     3.00171815e+02     2.36836070e+02     1.24714137e+02   
    3.28000000e+04     8.20000000e+00     1.11242808e+03     3.02253950e+02     2.36352359e+02     1.24348478e+02   
    3.30000000e+04     8.25000000e+00     1.11243112e+03     3.00675088e+02     2.37322871e+02     1.24851479e+02   
    3.32000000e+04     8.30000000e+00     1.11243476e+03     3.00336718e+02     2.35772068e+02     1.24807740e+02   
    3.34000000e+04     8.35000000e+00     1.11244039e+03     3.01567156e+02     2.37451254e+02     1.25512298e+02   
    3.36000000e+04     8.40000000e+00     1.11243303e+03     2.97987246e+02     2.35685025e+02     1.24619476e+02   
    3.38000000e+04     8.45000000e+00     1.11243488e+03     2.98546188e+02     2.36634205e+02     1.24785585e+02   
    3.40000000e+04     8.50000000e+00     1.11244620e+03     3.01456080e+02     2.36598851e+02     1.25966371e+02   
    3.42000000e+04     8.55000000e+00     1.11244040e+03     3.01596577e+02     2.36208547e+02     1.23340476e+02   
    3.44000000e+04     8.60000000e+00     1.11243406e+03     3.00214956e+02     2.36604235e+02     1.25029558e+02   
    3.46000000e+04     8.65000000e+00     1.11242149e+03     3.00165297e+02     2.35642411e+02     1.23539872e+02   
    3.48000000e+04     8.70000000e+00     1.11242656e+03     2.99337858e+02     2.36404918e+02     1.25529011e+02   
    3.50000000e+04     8.75000000e+00     1.11242742e+03     3.00659113e+02     2.36650324e+02     1.25585481e+02   
    3.52000000e+04     8.80000000e+00     1.11243504e+03     3.00995328e+02     2.35830576e+02     1.25010566e+02   
    3.54000000e+04     8.85000000e+00     1.11243181e+03     2.99919935e+02     2.36047967e+02     1.24124254e+02   
    3.56000000e+04     8.90000000e+00     1.11242960e+03     2.98852229e+02     2.37531018e+02     1.26012706e+02   
    3.58000000e+04     8.95000000e+00     1.11241867e+03     3.01748693e+02     2.35270709e+02     1.22515771e+02   
    3.60000000e+04     9.00000000e+00     1.11241834e+03     3.01117770e+02     2.37767310e+02     1.24777716e+02   
    3.62000000e+04     9.05000000e+00     1.11242234e+03     3.02988611e+02     2.36487899e+02     1.22877882e+02   
    3.64000000e+04     9.10000000e+00     1.11243163e+03     3.00220130e+02     2.38572599e+02     1.23950813e+02   
    3.66000000e+04     9.15000000e+00     1.11242675e+03     3.01754256e+02     2.36252925e+02     1.22369927e+02   
    3.68000000e+04     9.20000000e+00     1.11243281e+03     3.01043277e+02     2.37233376e+02     1.21361260e+02   
    3.70000000e+04     9.25000000e+00     1.11244360e+03     2.99748448e+02     2.38033614e+02     1.22947655e+02   
    3.72000000e+04     9.30000000e+00     1.11242931e+03     3.02372291e+02     2.33651204e+02     1.19425177e+02   
    3.74000000e+04     9.35000000e+00     1.11245371e+03     3.05274326e+02     2.37356677e+02     1.25149691e+02   
    3.76000000e+04     9.40000000e+00     1.11245398e+03     3.02138207e+02     2.35556528e+02     1.23528775e+02   
    3.78000000e+04     9.45000000e+00     1.11245992e+03     2.97502478e+02     2.35325789e+02     1.24818452e+02   
    3.80000000e+04     9.50000000e+00     1.11246112e+03     3.02686273e+02     2.35759696e+02     1.23141115e+02   
    3.82000000e+04     9.55000000e+00     1.11247494e+03     3.00596664e+02     2.38426076e+02     1.26672523e+02   
    3.84000000e+04     9.60000000e+00     1.11246837e+03     3.01140878e+02     2.36514776e+02     1.23869399e+02   
    3.86000000e+04     9.65000000e+00     1.11246745e+03     3.00084939e+02     2.36301958e+02     1.25148429e+02   
    3.88000000e+04     9.70000000e+00     1.11245711e+03     3.02149093e+02     2.36500544e+02     1.22993102e+02   
    3.90000000e+04     9.75000000e+00     1.11246073e+03     3.03309112e+02     2.35213043e+02     1.22600128e+02   
    3.92000000e+04     9.80000000e+00     1.11247690e+03     2.97896430e+02     2.37392545e+02     1.25524443e+02   
    3.94000000e+04     9.85000000e+00     1.11247432e+03     2.99193391e+02     2.33744183e+02     1.21154114e+02   
    3.96000000e+04     9.90000000e+00     1.11250087e+03     3.02347539e+02     2.37495042e+02     1.26598268e+02   
    3.98000000e+04     9.95000000e+00     1.11248507e+03     3.00046226e+02     2.35542725e+02     1.23028972e+02   
    4.00000000e+04     1.00000000e+01     1.11250901e+03     2.97853986e+02     2.38658280e+02     1.30275676e+02   
    4.02000000e+04     1.00500000e+01     1.11248649e+03     3.01424552e+02     2.34758111e+02     1.23253414e+02   
    4.04000000e+04     1.01000000e+01     1.11249428e+03     2.99278892e+02     2.37669147e+02     1.27982334e+02   
    4.06000000e+04     1.01500000e+01     1.11247823e+03     2.98798761e+02     2.35025819e+02     1.24154569e+02   
    4.08000000e+04     1.02000000e+01     1.11247240e+03     2.97962106e+02     2.34960572e+02     1.24357153e+02   
    4.10000000e+04     1.02500000e+01     1.11248236e+03     3.00145079e+02     2.35527063e+02     1.25142286e+02   
    4.12000000e+04     1.03000000e+01     1.11248376e+03     3.01362162e+02     2.37046924e+02     1.25453162e+02   
    4.14000000e+04     1.03500000e+01     1.11247709e+03     2.97456118e+02     2.34719934e+02     1.23269249e+02   
    4.16000000e+04     1.04000000e+01     1.11248649e+03     2.99121229e+02     2.36337868e+02     1.24612671e+02   
    4.18000000e+04     1.04500000e+01     1.11249745e+03     2.99222859e+02     2.36595490e+02     1.25742675e+02   
    4.20000000e+04     1.05000000e+01     1.11250017e+03     2.98590011e+02     2.37007830e+02     1.24931234e+02   
    4.22000000e+04     1.05500000e+01     1.11250079e+03     3.01056396e+02     2.35384327e+02     1.24892968e+02   
    4.24000000e+04     1.06000000e+01     1.11250775e+03     3.00418941e+02     2.36553558e+02     1.24907218e+02   
    4.26000000e+04     1.06500000e+01     1.11249787e+03     2.99988472e+02     2.37187409e+02     1.26157037e+02   
    4.28000000e+04     1.07000000e+01     1.11250264e+03     2.98375797e+02     2.36817411e+02     1.25181623e+02   
    4.30000000e+04     1.07500000e+01     1.11249651e+03     2.95257070e+02     2.34541450e+02     1.22442287e+02   
    4.32000000e+04     1.08000000e+01     1.11251115e+03     2.98341390e+02     2.37847635e+02     1.25152608e+02   
    4.34000000e+04     1.08500000e+01     1.11250473e+03     2.98200561e+02     2.37557918e+02     1.24094000e+02   
    4.36000000e+04     1.09000000e+01     1.11250176e+03     2.98273884e+02     2.35661233e+02     1.22592603e+02   
    4.38000000e+04     1.09500000e+01     1.11250143e+03     2.97278159e+02     2.34543519e+02     1.21468432e+02   
    4.40000000e+04     1.10000000e+01     1.11250952e+03     2.98654798e+02     2.36467138e+02     1.23340624e+02   
    4.42000000e+04     1.10500000e+01     1.11250794e+03     2.98902971e+02     2.36411669e+02     1.23191294e+02   
    4.44000000e+04     1.11000000e+01     1.11250892e+03     3.00463856e+02     2.36152312e+02     1.22560289e+02   
    4.46000000e+04     1.11500000e+01     1.11250791e+03     2.99733065e+02     2.35654712e+02     1.19815940e+02   
    4.48000000e+04     1.12000000e+01     1.11249737e+03     2.96966277e+02     2.37238805e+02     1.21647431e+02   
    4.50000000e+04     1.12500000e+01     1.11248851e+03     2.94679676e+02     2.34162336e+02     1.20133639e+02   
    4.52000000e+04     1.13000000e+01     1.11249078e+03     2.99484361e+02     2.37652741e+02     1.22941371e+02   
    4.54000000e+04     1.13500000e+01     1.11249778e+03     2.98559099e+02     2.37505298e+02     1.23202671e+02   
    4.56000000e+04     1.14000000e+01     1.11249087e+03     3.00402169e+02     2.35672718e+02     1.21167631e+02   
    4.58000000e+04     1.14500000e+01     1.11251133e+03     3.00759551e+02     2.37281204e+02     1.22863178e+02   
    4.60000000e+04     1.15000000e+01     1.11252027e+03     2.98422551e+02     2.36831212e+02     1.23227751e+02   
    4.62000000e+04     1.15500000e+01     1.11251561e+03     2.98181096e+02     2.34640285e+02     1.19178564e+02   
    4.64000000e+04     1.16000000e+01     1.11251325e+03     3.00961541e+02     2.35177666e+02     1.19818010e+02   
    4.66000000e+04     1.16500000e+01     1.11252107e+03     3.02909502e+02     2.36900810e+02     1.20577267e+02   
    4.68000000e+04     1.17000000e+01     1.11252079e+03     3.01196899e+02     2.36153981e+02     1.21026462e+02   
    4.70000000e+04     1.17500000e+01     1.11252051e+03     2.98390831e+02     2.34303614e+02     1.17875641e+02   
    4.72000000e+04     1.18000000e+01     1.11253075e+03     3.00126721e+02     2.35943205e+02     1.18816432e+02   
    4.74000000e+04     1.18500000e+01     1.11253030e+03     3.00229339e+02     2.34908116e+02     1.19749301e+02   
    4.76000000e+04     1.19000000e+01     1.11254212e+03     3.01106126e+02     2.37028858e+02     1.22079473e+02   
    4.78000000e+04     1.19500000e+01     1.11253333e+03     3.02239982e+02     2.36760552e+02     1.23061094e+02   
    4.80000000e+04     1.20000000e+01     1.11252644e+03     3.01043134e+02     2.37238751e+02     1.22323797e+02   
    4.82000000e+04     1.20500000e+01     1.11252204e+03     3.02973687e+02     2.35396222e+02     1.22225606e+02   
    4.84000000e+04     1.21000000e+01     1.11252197e+03     2.96884645e+02     2.36216563e+02     1.22705482e+02   
    4.86000000e+04     1.21500000e+01     1.11252736e+03     3.00914876e+02     2.36513121e+02     1.23090255e+02   
    4.88000000e+04     1.22000000e+01     1.11252254e+03     3.02816730e+02     2.35010309e+02     1.21268850e+02   
    4.90000000e+04     1.22500000e+01     1.11253498e+03     3.01518926e+02     2.36454794e+02     1.21989286e+02   
    4.92000000e+04     1.23000000e+01     1.11253349e+03     2.97502951e+02     2.35903345e+02     1.23142802e+02   
    4.94000000e+04     1.23500000e+01     1.11254672e+03     2.97950674e+02     2.38488537e+02     1.26051503e+02   
    4.96000000e+04     1.24000000e+01     1.11253832e+03     2.98170403e+02     2.36391641e+02     1.24006657e+02   
    4.98000000e+04     1.24500000e+01     1.11253512e+03     2.97022371e+02     2.36990995e+02     1.23013475e+02   
    5.00000000e+04     1.25000000e+01     1.11252265e+03     2.98217258e+02     2.34368656e+02     1.22078535e+02   
    5.02000000e+04     1.25500000e+01     1.11250955e+03     2.98568394e+02     2.35634898e+02     1.22662489e+02   
    5.04000000e+04     1.26000000e+01     1.11251941e+03     2.99515162e+02     2.37459743e+02     1.26246523e+02   
    5.06000000e+04     1.26500000e+01     1.11250506e+03     2.98017806e+02     2.35650529e+02     1.22690546e+02   
    5.08000000e+04     1.27000000e+01     1.11249686e+03     3.00571490e+02     2.35534992e+02     1.22395502e+02   
    5.10000000e+04     1.27500000e+01     1.11248458e+03     2.97809663e+02     2.36211958e+02     1.22875271e+02   
    5.12000000e+04     1.28000000e+01     1.11248401e+03     2.97048627e+02     2.36865613e+02     1.23955440e+02   
    5.14000000e+04     1.28500000e+01     1.11247996e+03     2.97958290e+02     2.37164626e+02     1.24423874e+02   
    5.16000000e+04     1.29000000e+01     1.11248925e+03     3.01490358e+02     2.35667374e+02     1.23626706e+02   
    5.18000000e+04     1.29500000e+01     1.11249422e+03     2.98792557e+02     2.35887582e+02     1.23077773e+02   
    5.20000000e+04     1.30000000e+01     1.11251334e+03     2.98474114e+02     2.36880417e+02     1.24160962e+02   
    5.22000000e+04     1.30500000e+01     1.11251607e+03     2.98410666e+02     2.36819372e+02     1.24145904e+02   
    5.24000000e+04     1.31000000e+01     1.11251592e+03     2.97654458e+02     2.36471997e+02     1.24713846e+02   
    5.26000000e+04     1.31500000e+01     1.11250587e+03     2.97787253e+02     2.35364684e+02     1.23488516e+02   
    5.28000000e+04     1.32000000e+01     1.11251395e+03     3.00330295e+02     2.37199388e+02     1.25618612e+02   
    5.30000000e+04     1.32500000e+01     1.11251249e+03     2.98769770e+02     2.35135376e+02     1.22594699e+02   
    5.32000000e+04     1.33000000e+01     1.11252825e+03     3.02799126e+02     2.35618595e+02     1.23148121e+02   
    5.34000000e+04     1.33500000e+01     1.11252674e+03     3.00282539e+02     2.36192300e+02     1.23657757e+02   
    5.36000000e+04     1.34000000e+01     1.11252306e+03     3.00576191e+02     2.37256332e+02     1.23868068e+02   
    5.38000000e+04     1.34500000e+01     1.11253174e+03     2.98763326e+02     2.38299485e+02     1.25284747e+02   
    5.40000000e+04     1.35000000e+01     1.11252047e+03     2.99950360e+02     2.38445278e+02     1.23118250e+02   
    5.42000000e+04     1.35500000e+01     1.11252918e+03     3.01333370e+02     2.37843275e+02     1.24138302e+02   
    5.44000000e+04     1.36000000e+01     1.11253187e+03     2.97419792e+02     2.37810990e+02     1.25411206e+02   
    5.46000000e+04     1.36500000e+01     1.11255098e+03     2.99690296e+02     2.37103107e+02     1.25828171e+02   
    5.48000000e+04     1.37000000e+01     1.11253638e+03     3.00474732e+02     2.35530760e+02     1.23792418e+02   
    5.50000000e+04     1.37500000e+01     1.11252306e+03     2.98517250e+02     2.34823843e+02     1.22789361e+02   
    5.52000000e+04     1.38000000e+01     1.11253226e+03     2.94455010e+02     2.37723346e+02     1.26163614e+02   
    5.54000000e+04     1.38500000e+01     1.11252640e+03     2.98248756e+02     2.35621434e+02     1.23306952e+02   
    5.56000000e+04     1.39000000e+01     1.11252160e+03     3.00425085e+02     2.33899140e+02     1.20841716e+02   
    5.58000000e+04     1.39500000e+01     1.11252167e+03     2.99329237e+02     2.36039596e+02     1.23438392e+02   
    5.60000000e+04     1.40000000e+01     1.11253085e+03     2.96937138e+02     2.35455185e+02     1.22876569e+02   
    5.62000000e+04     1.40500000e+01     1.11254982e+03     2.98240749e+02     2.37511401e+02     1.25466183e+02   
    5.64000000e+04     1.41000000e+01     1.11254396e+03     2.99794826e+02     2.34387252e+02     1.23392799e+02   
    5.66000000e+04     1.41500000e+01     1.11256289e+03     3.00453427e+02     2.36041654e+02     1.24604738e+02   
    5.68000000e+04     1.42000000e+01     1.11256490e+03     2.98299552e+02     2.36490852e+02     1.24933949e+02   
    5.70000000e+04     1.42500000e+01     1.11256457e+03     3.02040345e+02     2.35244147e+02     1.22146118e+02   
    5.72000000e+04     1.43000000e+01     1.11257063e+03     2.99194608e+02     2.36688521e+02     1.25171258e+02   
    5.74000000e+04     1.43500000e+01     1.11256585e+03     2.97784604e+02     2.36835060e+02     1.24373353e+02   
    5.76000000e+04     1.44000000e+01     1.11256388e+03     2.96046929e+02     2.36350842e+02     1.23010714e+02   
    5.78000000e+04     1.44500000e+01     1.11255263e+03     2.99612276e+02     2.38466541e+02     1.24800670e+02   
    5.80000000e+04     1.45000000e+01     1.11253925e+03     2.99430106e+02     2.35048634e+02     1.20142411e+02   
    5.82000000e+04     1.45500000e+01     1.11254136e+03     3.00536970e+02     2.36791264e+02     1.22068951e+02   
    5.84000000e+04     1.46000000e+01     1.11253957e+03     2.97425488e+02     2.35965123e+02     1.21706756e+02   
    5.86000000e+04     1.46500000e+01     1.11254461e+03     2.97851480e+02     2.36472699e+02     1.22457424e+02   
    5.88000000e+04     1.47000000e+01     1.11255469e+03     3.01512662e+02     2.36511948e+02     1.23988267e+02   
    5.90000000e+04     1.47500000e+01     1.11255916e+03     2.99764593e+02     2.36130681e+02     1.22879556e+02   
    5.92000000e+04     1.48000000e+01     1.11255711e+03     3.00235945e+02     2.37205930e+02     1.22473604e+02   
    5.94000000e+04     1.48500000e+01     1.11254299e+03     3.01097431e+02     2.35071697e+02     1.21904948e+02   
    5.96000000e+04     1.49000000e+01     1.11254102e+03     2.99211409e+02     2.35484246e+02     1.22714996e+02   
    5.98000000e+04     1.49500000e+01     1.11253885e+03     2.99842995e+02     2.36142648e+02     1.23408172e+02   
    6.00000000e+04     1.50000000e+01     1.11254026e+03     2.99364065e+02     2.37908553e+02     1.23727169e+02   
    6.02000000e+04     1.50500000e+01     1.11252028e+03     2.98827305e+02     2.35156914e+02     1.20604565e+02   
    6.04000000e+04     1.51000000e+01     1.11253426e+03     3.00207412e+02     2.37733976e+02     1.22470764e+02   
    6.06000000e+04     1.51500000e+01     1.11252377e+03     2.98881343e+02     2.36762882e+02     1.22209799e+02   
    6.08000000e+04     1.52000000e+01     1.11251640e+03     3.00332981e+02     2.34504163e+02     1.18861751e+02   
    6.10000000e+04     1.52500000e+01     1.11252390e+03     3.00399428e+02     2.35840831e+02     1.20868092e+02   
    6.12000000e+04     1.53000000e+01     1.11250831e+03     3.02376827e+02     2.34005758e+02     1.20560994e+02   
    6.14000000e+04     1.53500000e+01     1.11251386e+03     2.97714610e+02     2.35739535e+02     1.21693530e+02   
    6.16000000e+04     1.54000000e+01     1.11251617e+03     2.97744481e+02     2.36104278e+02     1.23135515e+02   
    6.18000000e+04     1.54500000e+01     1.11251247e+03     3.01602349e+02     2.35459872e+02     1.20044221e+02   
    6.20000000e+04     1.55000000e+01     1.11250175e+03     3.01368582e+02     2.34362719e+02     1.21218210e+02   
    6.22000000e+04     1.55500000e+01     1.11249516e+03     3.04262242e+02     2.38061212e+02     1.23877634e+02   
    6.24000000e+04     1.56000000e+01     1.11247645e+03     3.01436713e+02     2.34328180e+02     1.19657216e+02   
    6.26000000e+04     1.56500000e+01     1.11246552e+03     2.98459105e+02     2.35787236e+02     1.21879824e+02   
    6.28000000e+04     1.57000000e+01     1.11247197e+03     2.98470815e+02     2.37604466e+02     1.25310248e+02   
    6.30000000e+04     1.57500000e+01     1.11248106e+03     2.95079871e+02     2.38288058e+02     1.26281793e+02   
    6.32000000e+04     1.58000000e+01     1.11247501e+03     2.98533180e+02     2.34507325e+02     1.22905078e+02   
    6.34000000e+04     1.58500000e+01     1.11248995e+03     2.96939552e+02     2.35995016e+02     1.24472096e+02   
    6.36000000e+04     1.59000000e+01     1.11248431e+03     2.99355995e+02     2.37080528e+02     1.24952485e+02   
    6.38000000e+04     1.59500000e+01     1.11245756e+03     3.00506466e+02     2.34342736e+02     1.22603815e+02   
    6.40000000e+04     1.60000000e+01     1.11245309e+03     2.98883584e+02     2.36247882e+02     1.25001084e+02   
    6.42000000e+04     1.60500000e+01     1.11245444e+03     2.95212291e+02     2.38306928e+02     1.28590192e+02   
    6.44000000e+04     1.61000000e+01     1.11243320e+03     3.00664795e+02     2.35288560e+02     1.23736835e+02   
    6.46000000e+04     1.61500000e+01     1.11243550e+03     2.99053338e+02     2.36193386e+02     1.25212403e+02   
    6.48000000e+04     1.62000000e+01     1.11243086e+03     3.00438356e+02     2.35364215e+02     1.21963636e+02   
    6.50000000e+04     1.62500000e+01     1.11243323e+03     3.01414230e+02     2.37136213e+02     1.24739968e+02   
    6.52000000e+04     1.63000000e+01     1.11243875e+03     2.98193202e+02     2.37996542e+02     1.24538553e+02   
    6.54000000e+04     1.63500000e+01     1.11244189e+03     2.99341884e+02     2.36779402e+02     1.24862293e+02   
    6.56000000e+04     1.64000000e+01     1.11243943e+03     2.95335323e+02     2.37619679e+02     1.25507135e+02   
    6.58000000e+04     1.64500000e+01     1.11243703e+03     3.01141039e+02     2.36076318e+02     1.21843303e+02   
    6.60000000e+04     1.65000000e+01     1.11243745e+03     2.97026351e+02     2.35481517e+02     1.23161183e+02   
    6.62000000e+04     1.65500000e+01     1.11244482e+03     3.01952198e+02     2.37870726e+02     1.24387379e+02   
    6.64000000e+04     1.66000000e+01     1.11244009e+03     3.00750991e+02     2.35542259e+02     1.23138625e+02   
    6.66000000e+04     1.66500000e+01     1.11244742e+03     3.01429454e+02     2.36455485e+02     1.23519503e+02   
    6.68000000e+04     1.67000000e+01     1.11243165e+03     2.99784144e+02     2.35011357e+02     1.21434881e+02   
    6.70000000e+04     1.67500000e+01     1.11243507e+03     2.97638132e+02     2.34376638e+02     1.23506228e+02   
    6.72000000e+04     1.68000000e+01     1.11244557e+03     2.99042017e+02     2.38064797e+02     1.25268585e+02   
    6.74000000e+04     1.68500000e+01     1.11243443e+03     2.98263544e+02     2.35481544e+02     1.24413088e+02   
    6.76000000e+04     1.69000000e+01     1.11244039e+03     2.98916891e+02     2.36796750e+02     1.24545929e+02   
    6.78000000e+04     1.69500000e+01     1.11243905e+03     3.00015550e+02     2.35455241e+02     1.23378238e+02   
    6.80000000e+04     1.70000000e+01     1.11243937e+03     2.98677960e+02     2.35084583e+02     1.22038712e+02   
    6.82000000e+04     1.70500000e+01     1.11244028e+03     2.97239774e+02     2.35159145e+02     1.22604370e+02   
    6.84000000e+04     1.71000000e+01     1.11243735e+03     2.99098490e+02     2.35007186e+02     1.23330007e+02   
    6.86000000e+04     1.71500000e+01     1.11244729e+03     2.98583134e+02     2.35906708e+02     1.24246563e+02   
    6.88000000e+04     1.72000000e+01     1.11244217e+03     3.00806575e+02     2.35867930e+02     1.24008197e+02   
    6.90000000e+04     1.72500000e+01     1.11243452e+03     3.04766087e+02     2.36522400e+02     1.24609130e+02   
    6.92000000e+04     1.73000000e+01     1.11244228e+03     2.98556687e+02     2.35840993e+02     1.26024018e+02   
    6.94000000e+04     1.73500000e+01     1.11244665e+03     2.96697141e+02     2.35719157e+02     1.24672269e+02   
    6.96000000e+04     1.74000000e+01     1.11244344e+03     3.00185246e+02     2.35115740e+02     1.23090119e+02   
    6.98000000e+04     1.74500000e+01     1.11244361e+03     2.98170356e+02     2.34822679e+02     1.23393078e+02   
    7.00000000e+04     1.75000000e+01     1.11244780e+03     2.99228080e+02     2.35120471e+02     1.24311988e+02   
    7.02000000e+04     1.75500000e+01     1.11245437e+03     2.98121570e+02     2.37009393e+02     1.25718825e+02   
    7.04000000e+04     1.76000000e+01     1.11245403e+03     2.99655505e+02     2.35030508e+02     1.23573592e+02   
    7.06000000e+04     1.76500000e+01     1.11246729e+03     2.98796902e+02     2.35759347e+02     1.25028673e+02   
    7.08000000e+04     1.77000000e+01     1.11245801e+03     2.99432650e+02     2.34591266e+02     1.24096395e+02   
    7.10000000e+04     1.77500000e+01     1.11245221e+03     2.97705231e+02     2.33590632e+02     1.21774372e+02   
    7.12000000e+04     1.78000000e+01     1.11246467e+03     3.01416349e+02     2.36991885e+02     1.25235632e+02   
    7.14000000e+04     1.78500000e+01     1.11246406e+03     2.99015251e+02     2.36164735e+02     1.23338458e+02   
    7.16000000e+04     1.79000000e+01     1.11246268e+03     3.03090375e+02     2.37091184e+02     1.23695358e+02   
    7.18000000e+04     1.79500000e+01     1.11246504e+03     2.97542944e+02     2.36724771e+02     1.22845074e+02   
    7.20000000e+04     1.80000000e+01     1.11246882e+03     2.97623589e+02     2.35932379e+02     1.22914485e+02   
    7.22000000e+04     1.80500000e+01     1.11246697e+03     2.98724872e+02     2.36399364e+02     1.22020439e+02   
    7.24000000e+04     1.81000000e+01     1.11247590e+03     2.98237358e+02     2.35399428e+02     1.23726610e+02   
    7.26000000e+04     1.81500000e+01     1.11248058e+03     2.98899395e+02     2.35332761e+02     1.22277531e+02   
    7.28000000e+04     1.82000000e+01     1.11248393e+03     3.00290245e+02     2.36034714e+02     1.24125607e+02   
    7.30000000e+04     1.82500000e+01     1.11247909e+03     3.00002400e+02     2.33497759e+02     1.20591418e+02   
    7.32000000e+04     1.83000000e+01     1.11249294e+03     2.98193440e+02     2.36833066e+02     1.24990546e+02   
    7.34000000e+04     1.83500000e+01     1.11248195e+03     2.97574065e+02     2.37360222e+02     1.24639592e+02   
    7.36000000e+04     1.84000000e+01     1.11247359e+03     2.99827601e+02     2.35683376e+02     1.23774608e+02   
    7.38000000e+04     1.84500000e+01     1.11247476e+03     2.99162247e+02     2.36445120e+02     1.25385866e+02   
    7.40000000e+04     1.85000000e+01     1.11247713e+03     2.96857417e+02     2.36297362e+02     1.24860976e+02   
    7.42000000e+04     1.85500000e+01     1.11247296e+03     2.99968682e+02     2.36573821e+02     1.24921044e+02   
    7.44000000e+04     1.86000000e+01     1.11246130e+03     2.99573032e+02     2.34990507e+02     1.25162415e+02   
    7.46000000e+04     1.86500000e+01     1.11244982e+03     2.98488127e+02     2.35230072e+02     1.23182703e+02   
    7.48000000e+04     1.87000000e+01     1.11245474e+03     2.99113391e+02     2.37622287e+02     1.26602600e+02   
    7.50000000e+04     1.87500000e+01     1.11244485e+03     2.98094223e+02     2.38092517e+02     1.24759593e+02   
    7.52000000e+04     1.88000000e+01     1.11243560e+03     3.01253036e+02     2.36034558e+02     1.23611322e+02   
    7.54000000e+04     1.88500000e+01     1.11243800e+03     2.97517846e+02     2.35414778e+02     1.23039503e+02   
    7.56000000e+04     1.89000000e+01     1.11243814e+03     2.94134680e+02     2.36954695e+02     1.25909609e+02   
    7.58000000e+04     1.89500000e+01     1.11242711e+03     2.97042426e+02     2.36055389e+02     1.24038448e+02   
    7.60000000e+04     1.90000000e+01     1.11242742e+03     2.98635239e+02     2.36981070e+02     1.23308621e+02   
    7.62000000e+04     1.90500000e+01     1.11241689e+03     3.00088877e+02     2.36606336e+02     1.24159390e+02   
    7.64000000e+04     1.91000000e+01     1.11241091e+03     2.95677989e+02     2.37232191e+02     1.23125351e+02   
    7.66000000e+04     1.91500000e+01     1.11240731e+03     3.00440397e+02     2.35890927e+02     1.23624729e+02   
    7.68000000e+04     1.92000000e+01     1.11239899e+03     2.99985212e+02     2.37001887e+02     1.22719286e+02   
    7.70000000e+04     1.92500000e+01     1.11238890e+03     2.98684167e+02     2.35418538e+02     1.23663251e+02   
    7.72000000e+04     1.93000000e+01     1.11237632e+03     3.02179266e+02     2.35891212e+02     1.22391425e+02   
    7.74000000e+04     1.93500000e+01     1.11236804e+03     2.99108858e+02     2.36807565e+02     1.23134931e+02   
    7.76000000e+04     1.94000000e+01     1.11236679e+03     2.96624139e+02     2.35566370e+02     1.22965386e+02   
    7.78000000e+04     1.94500000e+01     1.11237058e+03     3.01560675e+02     2.35317967e+02     1.23903825e+02   
    7.80000000e+04     1.95000000e+01     1.11238401e+03     2.99503954e+02     2.36309360e+02     1.24671367e+02   
    7.82000000e+04     1.95500000e+01     1.11238024e+03     2.97792746e+02     2.36872198e+02     1.24758411e+02   
    7.84000000e+04     1.96000000e+01     1.11237402e+03     2.98721451e+02     2.35054904e+02     1.23063573e+02   
    7.86000000e+04     1.96500000e+01     1.11238245e+03     2.97830421e+02     2.37891427e+02     1.26043526e+02   
    7.88000000e+04     1.97000000e+01     1.11237031e+03     2.98589207e+02     2.34255028e+02     1.23733170e+02   
    7.90000000e+04     1.97500000e+01     1.11237271e+03     3.00947285e+02     2.35102433e+02     1.22974065e+02   
    7.92000000e+04     1.98000000e+01     1.11239273e+03     2.96143084e+02     2.37072956e+02     1.25366232e+02   
    7.94000000e+04     1.98500000e+01     1.11240071e+03     2.97416925e+02     2.37320241e+02     1.26637097e+02   
    7.96000000e+04     1.99000000e+01     1.11241753e+03     3.00802661e+02     2.36311955e+02     1.24753098e+02   
    7.98000000e+04     1.99500000e+01     1.11243854e+03     2.99158395e+02     2.35710033e+02     1.24050349e+02   
    8.00000000e+04     2.00000000e+01     1.11243291e+03     2.97898649e+02     2.34190645e+02     1.22127821e+02   
