# column   1     --> step : The current simulation time step.
# column   2     --> time{picosecond} : The elapsed simulation time.
# column   3     --> conserved{electronvolt} : The value of the conserved energy quantity per bead.
# column   4     --> temperature{kelvin} : The current temperature, as obtained from the MD kinetic energy.
# column   5     --> kinetic_cv{electronvolt} : The centroid-virial quantum kinetic energy of the physical system.
# column   6     --> potential{electronvolt} : The physical system potential energy.
    0.00000000e+00     0.00000000e+00     1.11521296e+03     3.04273373e+02     2.35377942e+02     1.26560606e+02   
    2.00000000e+02     5.00000000e-02     1.11521359e+03     2.98962868e+02     2.37552213e+02     1.27567340e+02   
    4.00000000e+02     1.00000000e-01     1.11522130e+03     3.05169544e+02     2.36720151e+02     1.25020872e+02   
    6.00000000e+02     1.50000000e-01     1.11521881e+03     3.02617601e+02     2.34374891e+02     1.22585226e+02   
    8.00000000e+02     2.00000000e-01     1.11523192e+03     3.01910425e+02     2.36318577e+02     1.25641114e+02   
    1.00000000e+03     2.50000000e-01     1.11523495e+03     3.05406712e+02     2.35399353e+02     1.25066917e+02   
    1.20000000e+03     3.00000000e-01     1.11523147e+03     3.00250095e+02     2.37318233e+02     1.27165458e+02   
    1.40000000e+03     3.50000000e-01     1.11521035e+03     3.04947542e+02     2.34725512e+02     1.24353235e+02   
    1.60000000e+03     4.00000000e-01     1.11521651e+03     2.99599132e+02     2.35089924e+02     1.25191298e+02   
    1.80000000e+03     4.50000000e-01     1.11520505e+03     3.00783318e+02     2.34620963e+02     1.24662983e+02   
    2.00000000e+03     5.00000000e-01     1.11521785e+03     2.98808761e+02     2.38233290e+02     1.28172980e+02   
    2.20000000e+03     5.50000000e-01     1.11520120e+03     2.96727339e+02     2.36524914e+02     1.25491257e+02   
    2.40000000e+03     6.00000000e-01     1.11519113e+03     3.02686201e+02     2.36428599e+02     1.25317372e+02   
    2.60000000e+03     6.50000000e-01     1.11519048e+03     3.02138230e+02     2.35877682e+02     1.23256074e+02   
    2.80000000e+03     7.00000000e-01     1.11519297e+03     3.02307802e+02     2.36356703e+02     1.24923993e+02   
    3.00000000e+03     7.50000000e-01     1.11518619e+03     2.99686750e+02     2.37774574e+02     1.25824993e+02   
    3.20000000e+03     8.00000000e-01     1.11517865e+03     2.99342185e+02     2.36042703e+02     1.23486784e+02   
    3.40000000e+03     8.50000000e-01     1.11518267e+03     3.02768652e+02     2.37093800e+02     1.25305394e+02   
    3.60000000e+03     9.00000000e-01     1.11517734e+03     2.99309639e+02     2.35503445e+02     1.23526288e+02   
    3.80000000e+03     9.50000000e-01     1.11518240e+03     3.01223940e+02     2.36605969e+02     1.25309550e+02   
    4.00000000e+03     1.00000000e+00     1.11518268e+03     3.00231174e+02     2.35611095e+02     1.26736022e+02   
    4.20000000e+03     1.05000000e+00     1.11518137e+03     3.01459031e+02     2.35140051e+02     1.23568250e+02   
    4.40000000e+03     1.10000000e+00     1.11518111e+03     2.97418057e+02     2.33808218e+02     1.23420526e+02   
    4.60000000e+03     1.15000000e+00     1.11518594e+03     2.99967630e+02     2.38089888e+02     1.26608850e+02   
    4.80000000e+03     1.20000000e+00     1.11518015e+03     3.00296246e+02     2.38384203e+02     1.27082819e+02   
    5.00000000e+03     1.25000000e+00     1.11517936e+03     3.00825077e+02     2.35990619e+02     1.23605871e+02   
    5.20000000e+03     1.30000000e+00     1.11518366e+03     3.02587358e+02     2.35921349e+02     1.22203116e+02   
    5.40000000e+03     1.35000000e+00     1.11519818e+03     3.01871127e+02     2.37701839e+02     1.26091518e+02   
    5.60000000e+03     1.40000000e+00     1.11519381e+03     3.03557951e+02     2.36865779e+02     1.22615010e+02   
    5.80000000e+03     1.45000000e+00     1.11518329e+03     3.00258292e+02     2.36033191e+02     1.23705947e+02   
    6.00000000e+03     1.50000000e+00     1.11518759e+03     3.02607369e+02     2.36429884e+02     1.22593363e+02   
    6.20000000e+03     1.55000000e+00     1.11519605e+03     2.98761321e+02     2.38542023e+02     1.25466956e+02   
    6.40000000e+03     1.60000000e+00     1.11519368e+03     3.02463789e+02     2.35446265e+02     1.21829123e+02   
    6.60000000e+03     1.65000000e+00     1.11519618e+03     2.99788971e+02     2.36902429e+02     1.23618531e+02   
    6.80000000e+03     1.70000000e+00     1.11518695e+03     3.01786673e+02     2.36485265e+02     1.22490427e+02   
    7.00000000e+03     1.75000000e+00     1.11518499e+03     3.03131687e+02     2.34990568e+02     1.19463558e+02   
    7.20000000e+03     1.80000000e+00     1.11518711e+03     3.03386286e+02     2.34935508e+02     1.20528658e+02   
    7.40000000e+03     1.85000000e+00     1.11521058e+03     2.98882629e+02     2.39300377e+02     1.24099535e+02   
    7.60000000e+03     1.90000000e+00     1.11520325e+03     3.03263429e+02     2.35478498e+02     1.20512936e+02   
    7.80000000e+03     1.95000000e+00     1.11520580e+03     3.04606311e+02     2.36644593e+02     1.22048056e+02   
    8.00000000e+03     2.00000000e+00     1.11521230e+03     3.02337075e+02     2.36442636e+02     1.22329088e+02   
    8.20000000e+03     2.05000000e+00     1.11521394e+03     2.99643578e+02     2.37216345e+02     1.22519276e+02   
    8.40000000e+03     2.10000000e+00     1.11520653e+03     3.04634337e+02     2.35466594e+02     1.20983438e+02   
    8.60000000e+03     2.15000000e+00     1.11519239e+03     3.00387332e+02     2.35694340e+02     1.22035260e+02   
    8.80000000e+03     2.20000000e+00     1.11517923e+03     3.00703123e+02     2.35619708e+02     1.21145441e+02   
    9.00000000e+03     2.25000000e+00     1.11518544e+03     3.00544935e+02     2.37775852e+02     1.24679761e+02   
    9.20000000e+03     2.30000000e+00     1.11518727e+03     3.02519766e+02     2.36075469e+02     1.23095837e+02   
    9.40000000e+03     2.35000000e+00     1.11520283e+03     3.01935157e+02     2.34982576e+02     1.23552431e+02   
    9.60000000e+03     2.40000000e+00     1.11522898e+03     3.01655913e+02     2.37080661e+02     1.24653031e+02   
    9.80000000e+03     2.45000000e+00     1.11522397e+03     3.02554625e+02     2.34697820e+02     1.22084026e+02   
    1.00000000e+04     2.50000000e+00     1.11522340e+03     3.00287312e+02     2.34156796e+02     1.21636269e+02   
    1.02000000e+04     2.55000000e+00     1.11524191e+03     2.98490749e+02     2.37990543e+02     1.26592559e+02   
    1.04000000e+04     2.60000000e+00     1.11523796e+03     2.99665805e+02     2.36456531e+02     1.22902759e+02   
    1.06000000e+04     2.65000000e+00     1.11524126e+03     3.03053251e+02     2.35745041e+02     1.23636312e+02   
    1.08000000e+04     2.70000000e+00     1.11525098e+03     2.98072536e+02     2.37483811e+02     1.25710170e+02   
    1.10000000e+04     2.75000000e+00     1.11525022e+03     3.05071941e+02     2.36472404e+02     1.23507467e+02   
    1.12000000e+04     2.80000000e+00     1.11525415e+03     3.01084666e+02     2.37229132e+02     1.24682641e+02   
    1.14000000e+04     2.85000000e+00     1.11525962e+03     3.05149720e+02     2.37771676e+02     1.24709412e+02   
    1.16000000e+04     2.90000000e+00     1.11526714e+03     3.02180407e+02     2.36079303e+02     1.23568055e+02   
    1.18000000e+04     2.95000000e+00     1.11526429e+03     2.98381626e+02     2.36438043e+02     1.23529664e+02   
    1.20000000e+04     3.00000000e+00     1.11526048e+03     3.00640184e+02     2.34648103e+02     1.22815806e+02   
    1.22000000e+04     3.05000000e+00     1.11526978e+03     2.99752210e+02     2.36724078e+02     1.25527561e+02   
    1.24000000e+04     3.10000000e+00     1.11526286e+03     3.02011245e+02     2.35126364e+02     1.23997358e+02   
    1.26000000e+04     3.15000000e+00     1.11525629e+03     3.01245115e+02     2.35728731e+02     1.21596167e+02   
    1.28000000e+04     3.20000000e+00     1.11525789e+03     2.96673664e+02     2.36088335e+02     1.23756857e+02   
    1.30000000e+04     3.25000000e+00     1.11526316e+03     3.00323381e+02     2.37646732e+02     1.25560413e+02   
    1.32000000e+04     3.30000000e+00     1.11524608e+03     2.98045579e+02     2.35936432e+02     1.23151528e+02   
    1.34000000e+04     3.35000000e+00     1.11524230e+03     2.97312038e+02     2.36738686e+02     1.24554126e+02   
    1.36000000e+04     3.40000000e+00     1.11524241e+03     3.01210369e+02     2.37132504e+02     1.24295757e+02   
    1.38000000e+04     3.45000000e+00     1.11525136e+03     3.03292543e+02     2.37360954e+02     1.25816661e+02   
    1.40000000e+04     3.50000000e+00     1.11526056e+03     3.00690420e+02     2.38398702e+02     1.27039885e+02   
    1.42000000e+04     3.55000000e+00     1.11526488e+03     3.00859551e+02     2.35604867e+02     1.25888117e+02   
    1.44000000e+04     3.60000000e+00     1.11525145e+03     3.00211117e+02     2.33969197e+02     1.23530016e+02   
    1.46000000e+04     3.65000000e+00     1.11525988e+03     2.99134159e+02     2.34344359e+02     1.25471095e+02   
    1.48000000e+04     3.70000000e+00     1.11528527e+03     3.00229058e+02     2.37715954e+02     1.27074267e+02   
    1.50000000e+04     3.75000000e+00     1.11528541e+03     3.00400028e+02     2.36392153e+02     1.26639329e+02   
    1.52000000e+04     3.80000000e+00     1.11529233e+03     3.00004368e+02     2.38661242e+02     1.28008685e+02   
    1.54000000e+04     3.85000000e+00     1.11530454e+03     2.96005482e+02     2.38997001e+02     1.30415752e+02   
    1.56000000e+04     3.90000000e+00     1.11529595e+03     2.99094553e+02     2.35661370e+02     1.26866860e+02   
    1.58000000e+04     3.95000000e+00     1.11528948e+03     2.98094311e+02     2.35170808e+02     1.26148106e+02   
    1.60000000e+04     4.00000000e+00     1.11527553e+03     2.99360701e+02     2.35563163e+02     1.24540183e+02   
    1.62000000e+04     4.05000000e+00     1.11527149e+03     2.96725119e+02     2.35677386e+02     1.24430324e+02   
    1.64000000e+04     4.10000000e+00     1.11529055e+03     3.00128265e+02     2.36387497e+02     1.25382509e+02   
    1.66000000e+04     4.15000000e+00     1.11528109e+03     2.98249633e+02     2.34003342e+02     1.21922521e+02   
    1.68000000e+04     4.20000000e+00     1.11528781e+03     2.97775792e+02     2.35026576e+02     1.22872346e+02   
    1.70000000e+04     4.25000000e+00     1.11529213e+03     2.93987261e+02     2.36191661e+02     1.23275313e+02   
    1.72000000e+04     4.30000000e+00     1.11529065e+03     2.96652248e+02     2.35130815e+02     1.22456657e+02   
    1.74000000e+04     4.35000000e+00     1.11529552e+03     2.98129249e+02     2.35538726e+02     1.21632148e+02   
    1.76000000e+04     4.40000000e+00     1.11530484e+03     2.97288487e+02     2.37314961e+02     1.24021340e+02   
    1.78000000e+04     4.45000000e+00     1.11529683e+03     2.99312135e+02     2.34515616e+02     1.21832330e+02   
    1.80000000e+04     4.50000000e+00     1.11531572e+03     2.98416402e+02     2.37098086e+02     1.24629926e+02   
    1.82000000e+04     4.55000000e+00     1.11531310e+03     2.99461193e+02     2.37062436e+02     1.22849713e+02   
    1.84000000e+04     4.60000000e+00     1.11530577e+03     3.00517938e+02     2.33445402e+02     1.19772355e+02   
    1.86000000e+04     4.65000000e+00     1.11532183e+03     3.00813621e+02     2.35884358e+02     1.22365699e+02   
    1.88000000e+04     4.70000000e+00     1.11531993e+03     3.01629177e+02     2.35082123e+02     1.23249018e+02   
    1.90000000e+04     4.75000000e+00     1.11534258e+03     2.98902441e+02     2.39132235e+02     1.25868182e+02   
    1.92000000e+04     4.80000000e+00     1.11530959e+03     3.01706659e+02     2.35612069e+02     1.20795767e+02   
    1.94000000e+04     4.85000000e+00     1.11531725e+03     3.02969209e+02     2.37057958e+02     1.21932102e+02   
    1.96000000e+04     4.90000000e+00     1.11530546e+03     2.99607076e+02     2.36311426e+02     1.22236373e+02   
    1.98000000e+04     4.95000000e+00     1.11531540e+03     3.03191899e+02     2.34931334e+02     1.21515736e+02   
    2.00000000e+04     5.00000000e+00     1.11532851e+03     2.99809470e+02     2.36574454e+02     1.21531536e+02   
    2.02000000e+04     5.05000000e+00     1.11532311e+03     3.01171424e+02     2.36702048e+02     1.21272724e+02   
    2.04000000e+04     5.10000000e+00     1.11531449e+03     3.02123465e+02     2.36387491e+02     1.21866492e+02   
    2.06000000e+04     5.15000000e+00     1.11531380e+03     3.00149098e+02     2.35238862e+02     1.22923843e+02   
    2.08000000e+04     5.20000000e+00     1.11531814e+03     3.02023425e+02     2.36716935e+02     1.23996851e+02   
    2.10000000e+04     5.25000000e+00     1.11531240e+03     3.00006888e+02     2.36326465e+02     1.22898803e+02   
    2.12000000e+04     5.30000000e+00     1.11531791e+03     2.98931260e+02     2.35494033e+02     1.22584529e+02   
    2.14000000e+04     5.35000000e+00     1.11531976e+03     3.01701500e+02     2.35735267e+02     1.21020657e+02   
    2.16000000e+04     5.40000000e+00     1.11533550e+03     2.99502091e+02     2.36390112e+02     1.23400325e+02   
    2.18000000e+04     5.45000000e+00     1.11533595e+03     2.98651747e+02     2.35656624e+02     1.22599435e+02   
    2.20000000e+04     5.50000000e+00     1.11534086e+03     3.00736211e+02     2.35321996e+02     1.22297956e+02   
    2.22000000e+04     5.55000000e+00     1.11534052e+03     3.01349248e+02     2.35733173e+02     1.22049402e+02   
    2.24000000e+04     5.60000000e+00     1.11533539e+03     2.99113474e+02     2.35672407e+02     1.22587740e+02   
    2.26000000e+04     5.65000000e+00     1.11533233e+03     2.97873821e+02     2.36034042e+02     1.21275499e+02   
    2.28000000e+04     5.70000000e+00     1.11533395e+03     3.00399000e+02     2.38143832e+02     1.25698960e+02   
    2.30000000e+04     5.75000000e+00     1.11532791e+03     3.03898371e+02     2.36869121e+02     1.24036057e+02   
    2.32000000e+04     5.80000000e+00     1.11533699e+03     3.00025158e+02     2.38719569e+02     1.26226976e+02   
    2.34000000e+04     5.85000000e+00     1.11533347e+03     3.00841858e+02     2.35386933e+02     1.23068822e+02   
    2.36000000e+04     5.90000000e+00     1.11534213e+03     3.03900421e+02     2.36685574e+02     1.23666061e+02   
    2.38000000e+04     5.95000000e+00     1.11533668e+03     2.99697462e+02     2.35168526e+02     1.22728194e+02   
    2.40000000e+04     6.00000000e+00     1.11534043e+03     3.03922337e+02     2.36912192e+02     1.25266047e+02   
    2.42000000e+04     6.05000000e+00     1.11533196e+03     3.02838175e+02     2.37003117e+02     1.23681931e+02   
    2.44000000e+04     6.10000000e+00     1.11533374e+03     3.01883404e+02     2.35821077e+02     1.23250794e+02   
    2.46000000e+04     6.15000000e+00     1.11533214e+03     3.00361650e+02     2.37247569e+02     1.24591408e+02   
    2.48000000e+04     6.20000000e+00     1.11532199e+03     3.01243541e+02     2.35165059e+02     1.22805455e+02   
    2.50000000e+04     6.25000000e+00     1.11532776e+03     3.00434747e+02     2.35774628e+02     1.24648758e+02   
    2.52000000e+04     6.30000000e+00     1.11533089e+03     3.00333451e+02     2.36303086e+02     1.25928541e+02   
    2.54000000e+04     6.35000000e+00     1.11532663e+03     2.97720562e+02     2.37360004e+02     1.26261374e+02   
    2.56000000e+04     6.40000000e+00     1.11530931e+03     3.03094817e+02     2.35941011e+02     1.24307226e+02   
    2.58000000e+04     6.45000000e+00     1.11530556e+03     2.98443263e+02     2.36875008e+02     1.25172459e+02   
    2.60000000e+04     6.50000000e+00     1.11531166e+03     3.02007904e+02     2.37405335e+02     1.25308968e+02   
    2.62000000e+04     6.55000000e+00     1.11532734e+03     2.99458968e+02     2.38531926e+02     1.29260751e+02   
    2.64000000e+04     6.60000000e+00     1.11532870e+03     2.98649384e+02     2.35284900e+02     1.25934446e+02   
    2.66000000e+04     6.65000000e+00     1.11533619e+03     3.01198118e+02     2.36816088e+02     1.26781357e+02   
    2.68000000e+04     6.70000000e+00     1.11533751e+03     3.04417493e+02     2.36403663e+02     1.24462356e+02   
    2.70000000e+04     6.75000000e+00     1.11532315e+03     2.99093229e+02     2.35342882e+02     1.24745302e+02   
    2.72000000e+04     6.80000000e+00     1.11532588e+03     2.99939608e+02     2.35612785e+02     1.24244017e+02   
    2.74000000e+04     6.85000000e+00     1.11533040e+03     2.97815372e+02     2.35721442e+02     1.25221256e+02   
    2.76000000e+04     6.90000000e+00     1.11532385e+03     2.99329119e+02     2.35998793e+02     1.22810592e+02   
    2.78000000e+04     6.95000000e+00     1.11532299e+03     2.99581498e+02     2.35747528e+02     1.24329515e+02   
    2.80000000e+04     7.00000000e+00     1.11532377e+03     3.00899561e+02     2.36338787e+02     1.23970511e+02   
    2.82000000e+04     7.05000000e+00     1.11531943e+03     2.95660734e+02     2.35710773e+02     1.23868209e+02   
    2.84000000e+04     7.10000000e+00     1.11532584e+03     3.00182409e+02     2.35969965e+02     1.23343908e+02   
    2.86000000e+04     7.15000000e+00     1.11532888e+03     3.02711395e+02     2.36927343e+02     1.24663043e+02   
    2.88000000e+04     7.20000000e+00     1.11532511e+03     3.00920704e+02     2.36239170e+02     1.24663922e+02   
    2.90000000e+04     7.25000000e+00     1.11532744e+03     2.98910242e+02     2.36986151e+02     1.26039473e+02   
    2.92000000e+04     7.30000000e+00     1.11532772e+03     2.99381864e+02     2.37368906e+02     1.26484593e+02   
    2.94000000e+04     7.35000000e+00     1.11532051e+03     3.00873367e+02     2.34436706e+02     1.23047754e+02   
    2.96000000e+04     7.40000000e+00     1.11532605e+03     3.00703000e+02     2.36854393e+02     1.25847885e+02   
    2.98000000e+04     7.45000000e+00     1.11531658e+03     3.01887122e+02     2.35846930e+02     1.23397947e+02   
    3.00000000e+04     7.50000000e+00     1.11531114e+03     3.02096947e+02     2.35999398e+02     1.22776316e+02   
    3.02000000e+04     7.55000000e+00     1.11531387e+03     3.03136249e+02     2.37736305e+02     1.24505786e+02   
    3.04000000e+04     7.60000000e+00     1.11531200e+03     3.00317896e+02     2.35780953e+02     1.24680837e+02   
    3.06000000e+04     7.65000000e+00     1.11531691e+03     2.99513992e+02     2.37316333e+02     1.24539218e+02   
    3.08000000e+04     7.70000000e+00     1.11532051e+03     3.03545872e+02     2.35618886e+02     1.23051580e+02   
    3.10000000e+04     7.75000000e+00     1.11532023e+03     3.01383069e+02     2.36400230e+02     1.23619849e+02   
    3.12000000e+04     7.80000000e+00     1.11531079e+03     3.01196142e+02     2.35712275e+02     1.22414984e+02   
    3.14000000e+04     7.85000000e+00     1.11532060e+03     2.97712277e+02     2.38251170e+02     1.27530938e+02   
    3.16000000e+04     7.90000000e+00     1.11530411e+03     3.03017503e+02     2.35484968e+02     1.24851725e+02   
    3.18000000e+04     7.95000000e+00     1.11530049e+03     3.01182398e+02     2.36875776e+02     1.25116038e+02   
    3.20000000e+04     8.00000000e+00     1.11530082e+03     3.03792126e+02     2.36946781e+02     1.23503894e+02   
    3.22000000e+04     8.05000000e+00     1.11531243e+03     3.00095625e+02     2.37736798e+02     1.25356084e+02   
    3.24000000e+04     8.10000000e+00     1.11530807e+03     3.00544608e+02     2.36604740e+02     1.24025538e+02   
    3.26000000e+04     8.15000000e+00     1.11531341e+03     2.99274101e+02     2.38162749e+02     1.25291024e+02   
    3.28000000e+04     8.20000000e+00     1.11530163e+03     3.04594777e+02     2.36411302e+02     1.22567647e+02   
    3.30000000e+04     8.25000000e+00     1.11529844e+03     3.00642739e+02     2.38031334e+02     1.24023521e+02   
    3.32000000e+04     8.30000000e+00     1.11528747e+03     2.99318109e+02     2.36480980e+02     1.22950952e+02   
    3.34000000e+04     8.35000000e+00     1.11530241e+03     2.99159591e+02     2.37415764e+02     1.24798394e+02   
    3.36000000e+04     8.40000000e+00     1.11530533e+03     2.98219745e+02     2.36424098e+02     1.22922006e+02   
    3.38000000e+04     8.45000000e+00     1.11530460e+03     2.99808518e+02     2.35287553e+02     1.22423513e+02   
    3.40000000e+04     8.50000000e+00     1.11530300e+03     3.02042615e+02     2.34637216e+02     1.21126245e+02   
    3.42000000e+04     8.55000000e+00     1.11531194e+03     3.00697058e+02     2.36235957e+02     1.21523934e+02   
    3.44000000e+04     8.60000000e+00     1.11532026e+03     3.01667509e+02     2.36004370e+02     1.21595421e+02   
    3.46000000e+04     8.65000000e+00     1.11532072e+03     3.01503197e+02     2.35551121e+02     1.21712903e+02   
    3.48000000e+04     8.70000000e+00     1.11532538e+03     3.01769614e+02     2.35352788e+02     1.20781762e+02   
    3.50000000e+04     8.75000000e+00     1.11533967e+03     3.01900947e+02     2.37004662e+02     1.22079491e+02   
    3.52000000e+04     8.80000000e+00     1.11534637e+03     3.00872046e+02     2.36936834e+02     1.22138071e+02   
    3.54000000e+04     8.85000000e+00     1.11534982e+03     3.00527918e+02     2.36544613e+02     1.21076674e+02   
    3.56000000e+04     8.90000000e+00     1.11536865e+03     3.00087576e+02     2.38776189e+02     1.22855106e+02   
    3.58000000e+04     8.95000000e+00     1.11535599e+03     3.01605436e+02     2.35345128e+02     1.21494932e+02   
    3.60000000e+04     9.00000000e+00     1.11537757e+03     3.01988324e+02     2.37963280e+02     1.21934852e+02   
    3.62000000e+04     9.05000000e+00     1.11538306e+03     3.02071345e+02     2.38401728e+02     1.23670333e+02   
    3.64000000e+04     9.10000000e+00     1.11538162e+03     3.01966883e+02     2.37531058e+02     1.21498102e+02   
    3.66000000e+04     9.15000000e+00     1.11538687e+03     3.02002692e+02     2.37515784e+02     1.23480147e+02   
    3.68000000e+04     9.20000000e+00     1.11537029e+03     3.02673098e+02     2.35624043e+02     1.20112234e+02   
    3.70000000e+04     9.25000000e+00     1.11538425e+03     2.99924938e+02     2.37144524e+02     1.22750677e+02   
    3.72000000e+04     9.30000000e+00     1.11538422e+03     3.03472911e+02     2.34686662e+02     1.21164747e+02   
    3.74000000e+04     9.35000000e+00     1.11539182e+03     3.04918062e+02     2.35951125e+02     1.22519315e+02   
    3.76000000e+04     9.40000000e+00     1.11537671e+03     3.01463257e+02     2.36716341e+02     1.23979222e+02   
    3.78000000e+04     9.45000000e+00     1.11537366e+03     2.97699185e+02     2.36739697e+02     1.24796861e+02   
    3.80000000e+04     9.50000000e+00     1.11536653e+03     3.03128126e+02     2.37026411e+02     1.23968995e+02   
    3.82000000e+04     9.55000000e+00     1.11536598e+03     3.00237935e+02     2.36715054e+02     1.24969349e+02   
    3.84000000e+04     9.60000000e+00     1.11537272e+03     2.99308901e+02     2.37799846e+02     1.25537344e+02   
    3.86000000e+04     9.65000000e+00     1.11536949e+03     3.00893432e+02     2.34909564e+02     1.22476394e+02   
    3.88000000e+04     9.70000000e+00     1.11538415e+03     3.01071654e+02     2.35351947e+02     1.23279355e+02   
    3.90000000e+04     9.75000000e+00     1.11538930e+03     3.03086078e+02     2.37598734e+02     1.25240132e+02   
    3.92000000e+04     9.80000000e+00     1.11538435e+03     2.98411239e+02     2.35891895e+02     1.23409594e+02   
    3.94000000e+04     9.85000000e+00     1.11538696e+03     2.98328163e+02     2.34927471e+02     1.23520627e+02   
    3.96000000e+04     9.90000000e+00     1.11540785e+03     3.02242414e+02     2.36759610e+02     1.27139279e+02   
    3.98000000e+04     9.95000000e+00     1.11540053e+03     2.99020923e+02     2.35879983e+02     1.25559446e+02   
    4.00000000e+04     1.00000000e+01     1.11541300e+03     2.99339192e+02     2.36896756e+02     1.27580684e+02   
    4.02000000e+04     1.00500000e+01     1.11541849e+03     3.00255402e+02     2.35829204e+02     1.25017440e+02   
    4.04000000e+04     1.01000000e+01     1.11541106e+03     3.00245702e+02     2.35863851e+02     1.25481690e+02   
    4.06000000e+04     1.01500000e+01     1.11541563e+03     2.99491357e+02     2.36661368e+02     1.26142771e+02   
    4.08000000e+04     1.02000000e+01     1.11540598e+03     2.98133844e+02     2.34083574e+02     1.24016557e+02   
    4.10000000e+04     1.02500000e+01     1.11541721e+03     3.00069646e+02     2.35925127e+02     1.26935373e+02   
    4.12000000e+04     1.03000000e+01     1.11541195e+03     3.01541114e+02     2.35972124e+02     1.25599688e+02   
    4.14000000e+04     1.03500000e+01     1.11539630e+03     2.98760043e+02     2.33235938e+02     1.21628991e+02   
    4.16000000e+04     1.04000000e+01     1.11542033e+03     2.99541088e+02     2.36004646e+02     1.24147316e+02   
    4.18000000e+04     1.04500000e+01     1.11542471e+03     2.99502348e+02     2.36581612e+02     1.26353391e+02   
    4.20000000e+04     1.05000000e+01     1.11542103e+03     2.98217999e+02     2.36117963e+02     1.24756713e+02   
    4.22000000e+04     1.05500000e+01     1.11541653e+03     3.01824867e+02     2.35602418e+02     1.24289630e+02   
    4.24000000e+04     1.06000000e+01     1.11541049e+03     3.00525152e+02     2.37702556e+02     1.23841226e+02   
    4.26000000e+04     1.06500000e+01     1.11539704e+03     3.02406470e+02     2.35337599e+02     1.21924627e+02   
    4.28000000e+04     1.07000000e+01     1.11540086e+03     3.00048068e+02     2.36267078e+02     1.23561758e+02   
    4.30000000e+04     1.07500000e+01     1.11540854e+03     2.95858835e+02     2.36406660e+02     1.24588900e+02   
    4.32000000e+04     1.08000000e+01     1.11542205e+03     2.99987755e+02     2.37414444e+02     1.25047703e+02   
    4.34000000e+04     1.08500000e+01     1.11543627e+03     3.00497770e+02     2.38073450e+02     1.25697255e+02   
    4.36000000e+04     1.09000000e+01     1.11542944e+03     3.01316473e+02     2.34481212e+02     1.21400995e+02   
    4.38000000e+04     1.09500000e+01     1.11544526e+03     2.97563264e+02     2.34759493e+02     1.23884572e+02   
    4.40000000e+04     1.10000000e+01     1.11546073e+03     2.98925856e+02     2.36802135e+02     1.26224417e+02   
    4.42000000e+04     1.10500000e+01     1.11546000e+03     2.99517655e+02     2.36238377e+02     1.26628686e+02   
    4.44000000e+04     1.11000000e+01     1.11546150e+03     3.00363337e+02     2.35754541e+02     1.25856706e+02   
    4.46000000e+04     1.11500000e+01     1.11544188e+03     2.98453604e+02     2.35815247e+02     1.24789826e+02   
    4.48000000e+04     1.12000000e+01     1.11543524e+03     2.98089195e+02     2.36153907e+02     1.25567326e+02   
    4.50000000e+04     1.12500000e+01     1.11542812e+03     2.97119572e+02     2.34837377e+02     1.23868605e+02   
    4.52000000e+04     1.13000000e+01     1.11541831e+03     3.02088520e+02     2.35787040e+02     1.24749128e+02   
    4.54000000e+04     1.13500000e+01     1.11540965e+03     2.98185480e+02     2.36808173e+02     1.26283091e+02   
    4.56000000e+04     1.14000000e+01     1.11540687e+03     2.99204165e+02     2.34615802e+02     1.25448294e+02   
    4.58000000e+04     1.14500000e+01     1.11540851e+03     3.01821766e+02     2.36649780e+02     1.25795322e+02   
    4.60000000e+04     1.15000000e+01     1.11542125e+03     2.97682773e+02     2.38146477e+02     1.28695757e+02   
    4.62000000e+04     1.15500000e+01     1.11540997e+03     2.96943316e+02     2.33778666e+02     1.23369278e+02   
    4.64000000e+04     1.16000000e+01     1.11541416e+03     3.01569799e+02     2.36311388e+02     1.25320843e+02   
    4.66000000e+04     1.16500000e+01     1.11542179e+03     3.02156584e+02     2.37513449e+02     1.26487236e+02   
    4.68000000e+04     1.17000000e+01     1.11542407e+03     2.99654841e+02     2.34933357e+02     1.23973482e+02   
    4.70000000e+04     1.17500000e+01     1.11543739e+03     2.98607238e+02     2.35254333e+02     1.24678472e+02   
    4.72000000e+04     1.18000000e+01     1.11544820e+03     3.00128268e+02     2.35558112e+02     1.26205080e+02   
    4.74000000e+04     1.18500000e+01     1.11544890e+03     3.00962527e+02     2.36641380e+02     1.25595289e+02   
    4.76000000e+04     1.19000000e+01     1.11544286e+03     3.00482944e+02     2.35803625e+02     1.25398596e+02   
    4.78000000e+04     1.19500000e+01     1.11544347e+03     3.02956982e+02     2.37295539e+02     1.24988384e+02   
    4.80000000e+04     1.20000000e+01     1.11543927e+03     3.00820957e+02     2.37345518e+02     1.25484007e+02   
    4.82000000e+04     1.20500000e+01     1.11543810e+03     3.01465943e+02     2.36463027e+02     1.25849671e+02   
    4.84000000e+04     1.21000000e+01     1.11543764e+03     2.95278407e+02     2.35875995e+02     1.25283451e+02   
    4.86000000e+04     1.21500000e+01     1.11544827e+03     3.00623168e+02     2.35470192e+02     1.25861365e+02   
    4.88000000e+04     1.22000000e+01     1.11544041e+03     3.03585650e+02     2.34348320e+02     1.23889807e+02   
    4.90000000e+04     1.22500000e+01     1.11544268e+03     3.01699721e+02     2.36972495e+02     1.26606036e+02   
    4.92000000e+04     1.23000000e+01     1.11543711e+03     2.97980372e+02     2.35705389e+02     1.24101467e+02   
    4.94000000e+04     1.23500000e+01     1.11543774e+03     2.99262721e+02     2.36916243e+02     1.26148120e+02   
    4.96000000e+04     1.24000000e+01     1.11543817e+03     2.99150485e+02     2.37976308e+02     1.25869309e+02   
    4.98000000e+04     1.24500000e+01     1.11543022e+03     2.97550683e+02     2.36281719e+02     1.24662419e+02   
    5.00000000e+04     1.25000000e+01     1.11544604e+03     2.98393842e+02     2.36493334e+02     1.24952942e+02   
    5.02000000e+04     1.25500000e+01     1.11545133e+03     2.99455511e+02     2.36587621e+02     1.24869005e+02   
    5.04000000e+04     1.26000000e+01     1.11547129e+03     3.02656827e+02     2.38824473e+02     1.27943632e+02   
    5.06000000e+04     1.26500000e+01     1.11546578e+03     2.96918959e+02     2.36043569e+02     1.24770602e+02   
    5.08000000e+04     1.27000000e+01     1.11547113e+03     3.00719596e+02     2.36608442e+02     1.26190908e+02   
    5.10000000e+04     1.27500000e+01     1.11546940e+03     2.98969181e+02     2.37171473e+02     1.24425519e+02   
    5.12000000e+04     1.28000000e+01     1.11547193e+03     2.97428689e+02     2.38076535e+02     1.26130829e+02   
    5.14000000e+04     1.28500000e+01     1.11546882e+03     3.00732463e+02     2.38540555e+02     1.25581598e+02   
    5.16000000e+04     1.29000000e+01     1.11545511e+03     3.01090492e+02     2.36706556e+02     1.25895885e+02   
    5.18000000e+04     1.29500000e+01     1.11545081e+03     2.99935811e+02     2.36433313e+02     1.23527240e+02   
    5.20000000e+04     1.30000000e+01     1.11546008e+03     2.98298505e+02     2.38828922e+02     1.27036069e+02   
    5.22000000e+04     1.30500000e+01     1.11545115e+03     2.98778494e+02     2.36481774e+02     1.25381879e+02   
    5.24000000e+04     1.31000000e+01     1.11545361e+03     2.96592453e+02     2.37838311e+02     1.27353017e+02   
    5.26000000e+04     1.31500000e+01     1.11544135e+03     2.98156247e+02     2.36176416e+02     1.26228999e+02   
    5.28000000e+04     1.32000000e+01     1.11544175e+03     3.00061213e+02     2.38113255e+02     1.27247042e+02   
    5.30000000e+04     1.32500000e+01     1.11544154e+03     2.98449809e+02     2.36768045e+02     1.27125201e+02   
    5.32000000e+04     1.33000000e+01     1.11544843e+03     3.02771680e+02     2.35072894e+02     1.23934694e+02   
    5.34000000e+04     1.33500000e+01     1.11546893e+03     2.98885960e+02     2.37422781e+02     1.27952325e+02   
    5.36000000e+04     1.34000000e+01     1.11545990e+03     3.01929465e+02     2.36956346e+02     1.24625766e+02   
    5.38000000e+04     1.34500000e+01     1.11545276e+03     3.00984164e+02     2.37172471e+02     1.25875109e+02   
    5.40000000e+04     1.35000000e+01     1.11544709e+03     3.00541486e+02     2.36929672e+02     1.25087252e+02   
    5.42000000e+04     1.35500000e+01     1.11545638e+03     3.03724559e+02     2.35757800e+02     1.25125838e+02   
    5.44000000e+04     1.36000000e+01     1.11546896e+03     3.00276536e+02     2.37317630e+02     1.28840125e+02   
    5.46000000e+04     1.36500000e+01     1.11547155e+03     3.00498227e+02     2.36680882e+02     1.28951447e+02   
    5.48000000e+04     1.37000000e+01     1.11545799e+03     3.01630675e+02     2.34588062e+02     1.25669124e+02   
    5.50000000e+04     1.37500000e+01     1.11547099e+03     3.01917643e+02     2.36540553e+02     1.26687669e+02   
    5.52000000e+04     1.38000000e+01     1.11548067e+03     2.96185081e+02     2.36400346e+02     1.25391930e+02   
    5.54000000e+04     1.38500000e+01     1.11548917e+03     3.00269681e+02     2.35219697e+02     1.23671163e+02   
    5.56000000e+04     1.39000000e+01     1.11549512e+03     3.02173981e+02     2.34904914e+02     1.24619712e+02   
    5.58000000e+04     1.39500000e+01     1.11548669e+03     3.02061610e+02     2.34166170e+02     1.23113823e+02   
    5.60000000e+04     1.40000000e+01     1.11550434e+03     2.96292483e+02     2.36744556e+02     1.28172554e+02   
    5.62000000e+04     1.40500000e+01     1.11549922e+03     3.00199304e+02     2.36712570e+02     1.26374626e+02   
    5.64000000e+04     1.41000000e+01     1.11549256e+03     3.00465047e+02     2.36598996e+02     1.25663410e+02   
    5.66000000e+04     1.41500000e+01     1.11549902e+03     3.01858501e+02     2.36096449e+02     1.24946767e+02   
    5.68000000e+04     1.42000000e+01     1.11550488e+03     3.01325099e+02     2.37051406e+02     1.25976591e+02   
    5.70000000e+04     1.42500000e+01     1.11549488e+03     3.02809378e+02     2.35801090e+02     1.23937339e+02   
    5.72000000e+04     1.43000000e+01     1.11550560e+03     2.98161034e+02     2.37925999e+02     1.25890600e+02   
    5.74000000e+04     1.43500000e+01     1.11548120e+03     3.00949179e+02     2.36159384e+02     1.22906338e+02   
    5.76000000e+04     1.44000000e+01     1.11547710e+03     2.98857187e+02     2.35339345e+02     1.22306103e+02   
    5.78000000e+04     1.44500000e+01     1.11549099e+03     3.01478372e+02     2.39619411e+02     1.25980571e+02   
    5.80000000e+04     1.45000000e+01     1.11548017e+03     3.00863094e+02     2.35431366e+02     1.21068228e+02   
    5.82000000e+04     1.45500000e+01     1.11548412e+03     3.03802811e+02     2.36115175e+02     1.20610216e+02   
    5.84000000e+04     1.46000000e+01     1.11549477e+03     3.01924920e+02     2.36652676e+02     1.20286618e+02   
    5.86000000e+04     1.46500000e+01     1.11548919e+03     3.00073877e+02     2.36027865e+02     1.20257866e+02   
    5.88000000e+04     1.47000000e+01     1.11548918e+03     3.01560539e+02     2.36035847e+02     1.22350419e+02   
    5.90000000e+04     1.47500000e+01     1.11549254e+03     2.99510288e+02     2.37647205e+02     1.23558477e+02   
    5.92000000e+04     1.48000000e+01     1.11548489e+03     3.01057095e+02     2.36817294e+02     1.21753547e+02   
    5.94000000e+04     1.48500000e+01     1.11547913e+03     3.03152098e+02     2.33973574e+02     1.19068970e+02   
    5.96000000e+04     1.49000000e+01     1.11548938e+03     3.00571876e+02     2.36089805e+02     1.20718440e+02   
    5.98000000e+04     1.49500000e+01     1.11551318e+03     3.00800645e+02     2.36950704e+02     1.22920933e+02   
    6.00000000e+04     1.50000000e+01     1.11551611e+03     3.00862190e+02     2.38861263e+02     1.22825471e+02   
    6.02000000e+04     1.50500000e+01     1.11550171e+03     3.00065396e+02     2.36127873e+02     1.20933023e+02   
    6.04000000e+04     1.51000000e+01     1.11549984e+03     3.01398089e+02     2.35183563e+02     1.19372318e+02   
    6.06000000e+04     1.51500000e+01     1.11549832e+03     2.98283454e+02     2.36997174e+02     1.22646239e+02   
    6.08000000e+04     1.52000000e+01     1.11550145e+03     3.01574691e+02     2.34985847e+02     1.19237661e+02   
    6.10000000e+04     1.52500000e+01     1.11552124e+03     2.99135833e+02     2.37002423e+02     1.24040779e+02   
    6.12000000e+04     1.53000000e+01     1.11551725e+03     3.02018709e+02     2.34269520e+02     1.21303285e+02   
    6.14000000e+04     1.53500000e+01     1.11551496e+03     2.99734344e+02     2.35358269e+02     1.21189564e+02   
    6.16000000e+04     1.54000000e+01     1.11551798e+03     3.00068974e+02     2.36204157e+02     1.22967606e+02   
    6.18000000e+04     1.54500000e+01     1.11551894e+03     3.02659597e+02     2.33892491e+02     1.20418602e+02   
    6.20000000e+04     1.55000000e+01     1.11553830e+03     3.00274881e+02     2.36801972e+02     1.24101141e+02   
    6.22000000e+04     1.55500000e+01     1.11554724e+03     3.03672325e+02     2.38361873e+02     1.26565845e+02   
    6.24000000e+04     1.56000000e+01     1.11554396e+03     3.02042301e+02     2.36435647e+02     1.24325073e+02   
    6.26000000e+04     1.56500000e+01     1.11553923e+03     2.98650301e+02     2.34819944e+02     1.22851830e+02   
    6.28000000e+04     1.57000000e+01     1.11554497e+03     3.00444984e+02     2.36141134e+02     1.25554517e+02   
    6.30000000e+04     1.57500000e+01     1.11554614e+03     2.96359300e+02     2.36921712e+02     1.26678962e+02   
    6.32000000e+04     1.58000000e+01     1.11553318e+03     2.98433734e+02     2.34892988e+02     1.25085757e+02   
    6.34000000e+04     1.58500000e+01     1.11554175e+03     2.98703698e+02     2.35654943e+02     1.24031226e+02   
    6.36000000e+04     1.59000000e+01     1.11555696e+03     2.99840831e+02     2.38266099e+02     1.27605492e+02   
    6.38000000e+04     1.59500000e+01     1.11555972e+03     3.01163231e+02     2.36687244e+02     1.26040547e+02   
    6.40000000e+04     1.60000000e+01     1.11556402e+03     3.02286159e+02     2.35771632e+02     1.24586143e+02   
    6.42000000e+04     1.60500000e+01     1.11558304e+03     2.97550861e+02     2.38088507e+02     1.27045237e+02   
    6.44000000e+04     1.61000000e+01     1.11558583e+03     3.02430336e+02     2.35271755e+02     1.24852598e+02   
    6.46000000e+04     1.61500000e+01     1.11559954e+03     3.01483893e+02     2.36288366e+02     1.24665800e+02   
    6.48000000e+04     1.62000000e+01     1.11560709e+03     3.00056846e+02     2.36766725e+02     1.26338698e+02   
    6.50000000e+04     1.62500000e+01     1.11560626e+03     3.02228626e+02     2.36213209e+02     1.25344733e+02   
    6.52000000e+04     1.63000000e+01     1.11562629e+03     2.98998380e+02     2.36678457e+02     1.25880065e+02   
    6.54000000e+04     1.63500000e+01     1.11562938e+03     2.99327674e+02     2.38649268e+02     1.28502754e+02   
    6.56000000e+04     1.64000000e+01     1.11561659e+03     2.96386211e+02     2.37839902e+02     1.24452653e+02   
    6.58000000e+04     1.64500000e+01     1.11560993e+03     3.01619870e+02     2.36243763e+02     1.24451761e+02   
    6.60000000e+04     1.65000000e+01     1.11560608e+03     2.98984152e+02     2.35188094e+02     1.22225660e+02   
    6.62000000e+04     1.65500000e+01     1.11560173e+03     3.01163542e+02     2.36650485e+02     1.24375541e+02   
    6.64000000e+04     1.66000000e+01     1.11560130e+03     3.01569817e+02     2.35434171e+02     1.22647338e+02   
    6.66000000e+04     1.66500000e+01     1.11560025e+03     3.02135498e+02     2.36200382e+02     1.24428257e+02   
    6.68000000e+04     1.67000000e+01     1.11560390e+03     3.00245625e+02     2.35925030e+02     1.21628726e+02   
    6.70000000e+04     1.67500000e+01     1.11559684e+03     2.97947647e+02     2.35194955e+02     1.22035848e+02   
    6.72000000e+04     1.68000000e+01     1.11559607e+03     2.97720403e+02     2.35236549e+02     1.22856921e+02   
    6.74000000e+04     1.68500000e+01     1.11559173e+03     2.99058303e+02     2.34448879e+02     1.21015235e+02   
    6.76000000e+04     1.69000000e+01     1.11560215e+03     3.01377221e+02     2.36291455e+02     1.22543105e+02   
    6.78000000e+04     1.69500000e+01     1.11560200e+03     3.00752461e+02     2.35380039e+02     1.22148647e+02   
    6.80000000e+04     1.70000000e+01     1.11560315e+03     3.00549548e+02     2.34945889e+02     1.21252641e+02   
    6.82000000e+04     1.70500000e+01     1.11560918e+03     2.98407012e+02     2.35316113e+02     1.23391106e+02   
    6.84000000e+04     1.71000000e+01     1.11561073e+03     3.00593907e+02     2.35323217e+02     1.22666185e+02   
    6.86000000e+04     1.71500000e+01     1.11562900e+03     2.99925544e+02     2.38904965e+02     1.25648931e+02   
    6.88000000e+04     1.72000000e+01     1.11561464e+03     3.02215460e+02     2.35331713e+02     1.22729663e+02   
    6.90000000e+04     1.72500000e+01     1.11560934e+03     3.04227689e+02     2.38374590e+02     1.25082809e+02   
    6.92000000e+04     1.73000000e+01     1.11560713e+03     2.99806420e+02     2.36229555e+02     1.24635542e+02   
    6.94000000e+04     1.73500000e+01     1.11559653e+03     2.98893382e+02     2.36618666e+02     1.21989182e+02   
    6.96000000e+04     1.74000000e+01     1.11559695e+03     3.00993702e+02     2.37245617e+02     1.23869985e+02   
    6.98000000e+04     1.74500000e+01     1.11557849e+03     2.98889428e+02     2.35275025e+02     1.21246326e+02   
    7.00000000e+04     1.75000000e+01     1.11558529e+03     3.00778524e+02     2.35135111e+02     1.21981571e+02   
    7.02000000e+04     1.75500000e+01     1.11559232e+03     2.99715917e+02     2.35837632e+02     1.23710691e+02   
    7.04000000e+04     1.76000000e+01     1.11560816e+03     3.01151829e+02     2.36219730e+02     1.23640463e+02   
    7.06000000e+04     1.76500000e+01     1.11561778e+03     2.99825474e+02     2.35442340e+02     1.24033296e+02   
    7.08000000e+04     1.77000000e+01     1.11561441e+03     3.02952897e+02     2.34166395e+02     1.20849492e+02   
    7.10000000e+04     1.77500000e+01     1.11561104e+03     2.97739896e+02     2.35150440e+02     1.21783116e+02   
    7.12000000e+04     1.78000000e+01     1.11561638e+03     3.03017911e+02     2.38645005e+02     1.25421101e+02   
    7.14000000e+04     1.78500000e+01     1.11559812e+03     3.00937557e+02     2.36434058e+02     1.21672522e+02   
    7.16000000e+04     1.79000000e+01     1.11559813e+03     3.02713564e+02     2.37115290e+02     1.23724845e+02   
    7.18000000e+04     1.79500000e+01     1.11560016e+03     3.00369196e+02     2.37329599e+02     1.21786498e+02   
    7.20000000e+04     1.80000000e+01     1.11561431e+03     3.01804335e+02     2.35284116e+02     1.20772525e+02   
    7.22000000e+04     1.80500000e+01     1.11563439e+03     3.00148613e+02     2.35396775e+02     1.22759188e+02   
    7.24000000e+04     1.81000000e+01     1.11564770e+03     3.00558007e+02     2.38172115e+02     1.24224955e+02   
    7.26000000e+04     1.81500000e+01     1.11566332e+03     3.00016597e+02     2.36154578e+02     1.24478208e+02   
    7.28000000e+04     1.82000000e+01     1.11566444e+03     3.01135904e+02     2.35395020e+02     1.24219597e+02   
    7.30000000e+04     1.82500000e+01     1.11565684e+03     3.00843479e+02     2.35319901e+02     1.23306413e+02   
    7.32000000e+04     1.83000000e+01     1.11564911e+03     2.99377778e+02     2.36345174e+02     1.23908128e+02   
    7.34000000e+04     1.83500000e+01     1.11564084e+03     3.00407733e+02     2.35897662e+02     1.21990920e+02   
    7.36000000e+04     1.84000000e+01     1.11563618e+03     3.03514746e+02     2.36188455e+02     1.24201161e+02   
    7.38000000e+04     1.84500000e+01     1.11563745e+03     3.01641802e+02     2.36675993e+02     1.23264388e+02   
    7.40000000e+04     1.85000000e+01     1.11562422e+03     2.99366005e+02     2.35359225e+02     1.22143117e+02   
    7.42000000e+04     1.85500000e+01     1.11564636e+03     3.02281657e+02     2.37851966e+02     1.23807876e+02   
    7.44000000e+04     1.86000000e+01     1.11564871e+03     3.00232432e+02     2.35333658e+02     1.23675040e+02   
    7.46000000e+04     1.86500000e+01     1.11564609e+03     2.99510890e+02     2.35408038e+02     1.20995595e+02   
    7.48000000e+04     1.87000000e+01     1.11566135e+03     3.00634231e+02     2.36926636e+02     1.23239421e+02   
    7.50000000e+04     1.87500000e+01     1.11566891e+03     2.98943281e+02     2.37183904e+02     1.22927066e+02   
    7.52000000e+04     1.88000000e+01     1.11567365e+03     3.02818895e+02     2.37411315e+02     1.22899745e+02   
    7.54000000e+04     1.88500000e+01     1.11567793e+03     3.00519146e+02     2.34861892e+02     1.22271604e+02   
    7.56000000e+04     1.89000000e+01     1.11568287e+03     2.97839745e+02     2.35575800e+02     1.23086936e+02   
    7.58000000e+04     1.89500000e+01     1.11568787e+03     2.99574944e+02     2.34349038e+02     1.23156069e+02   
    7.60000000e+04     1.90000000e+01     1.11569444e+03     3.02444700e+02     2.35488685e+02     1.23500194e+02   
    7.62000000e+04     1.90500000e+01     1.11569858e+03     3.01944486e+02     2.36611702e+02     1.25439747e+02   
    7.64000000e+04     1.91000000e+01     1.11568836e+03     2.98835128e+02     2.35575923e+02     1.23005213e+02   
    7.66000000e+04     1.91500000e+01     1.11569184e+03     3.01691243e+02     2.37399659e+02     1.26033207e+02   
    7.68000000e+04     1.92000000e+01     1.11567363e+03     3.00417836e+02     2.35043286e+02     1.21893339e+02   
    7.70000000e+04     1.92500000e+01     1.11568500e+03     3.00221906e+02     2.35541466e+02     1.23027537e+02   
    7.72000000e+04     1.93000000e+01     1.11568690e+03     3.04712148e+02     2.35962315e+02     1.23018757e+02   
    7.74000000e+04     1.93500000e+01     1.11569397e+03     2.99332308e+02     2.35982502e+02     1.24291842e+02   
    7.76000000e+04     1.94000000e+01     1.11569462e+03     2.96637737e+02     2.36276933e+02     1.26479307e+02   
    7.78000000e+04     1.94500000e+01     1.11570279e+03     3.03040140e+02     2.34922105e+02     1.24505642e+02   
    7.80000000e+04     1.95000000e+01     1.11570887e+03     3.01549128e+02     2.36260245e+02     1.24762935e+02   
    7.82000000e+04     1.95500000e+01     1.11571043e+03     2.99837609e+02     2.34903590e+02     1.24392599e+02   
    7.84000000e+04     1.96000000e+01     1.11572399e+03     2.99833392e+02     2.36060646e+02     1.26272315e+02   
    7.86000000e+04     1.96500000e+01     1.11573075e+03     2.99512774e+02     2.37336329e+02     1.26817792e+02   
    7.88000000e+04     1.97000000e+01     1.11571709e+03     3.00522228e+02     2.34183067e+02     1.25939777e+02   
    7.90000000e+04     1.97500000e+01     1.11570950e+03     3.01242440e+02     2.35750893e+02     1.25840204e+02   
    7.92000000e+04     1.98000000e+01     1.11571858e+03     2.96640572e+02     2.36474516e+02     1.26753271e+02   
    7.94000000e+04     1.98500000e+01     1.11571702e+03     3.00518690e+02     2.36113221e+02     1.24735094e+02   
    7.96000000e+04     1.99000000e+01     1.11571506e+03     3.01036079e+02     2.35526986e+02     1.24163084e+02   
    7.98000000e+04     1.99500000e+01     1.11571896e+03     2.99918660e+02     2.36047907e+02     1.24828448e+02   
    8.00000000e+04     2.00000000e+01     1.11571887e+03     2.96927361e+02     2.35439274e+02     1.25278022e+02   
