# column   1     --> step : The current simulation time step.
# column   2     --> time{picosecond} : The elapsed simulation time.
# column   3     --> conserved{electronvolt} : The value of the conserved energy quantity per bead.
# column   4     --> temperature{kelvin} : The current temperature, as obtained from the MD kinetic energy.
# column   5     --> kinetic_cv{electronvolt} : The centroid-virial quantum kinetic energy of the physical system.
# column   6     --> potential{electronvolt} : The physical system potential energy.
    0.00000000e+00     0.00000000e+00     1.11351647e+03     3.04273373e+02     2.36287323e+02     1.23848926e+02   
    2.00000000e+02     5.00000000e-02     1.11350716e+03     2.99507706e+02     2.36450340e+02     1.22230637e+02   
    4.00000000e+02     1.00000000e-01     1.11350731e+03     3.04317662e+02     2.36454440e+02     1.22471896e+02   
    6.00000000e+02     1.50000000e-01     1.11349412e+03     3.00877191e+02     2.34537315e+02     1.19998296e+02   
    8.00000000e+02     2.00000000e-01     1.11350693e+03     3.00033598e+02     2.36662909e+02     1.23232114e+02   
    1.00000000e+03     2.50000000e-01     1.11350771e+03     3.03919984e+02     2.36291127e+02     1.23287100e+02   
    1.20000000e+03     3.00000000e-01     1.11351640e+03     2.98369373e+02     2.36985583e+02     1.24032423e+02   
    1.40000000e+03     3.50000000e-01     1.11351422e+03     3.01752340e+02     2.36074455e+02     1.24511671e+02   
    1.60000000e+03     4.00000000e-01     1.11352122e+03     2.99523824e+02     2.34754302e+02     1.21999853e+02   
    1.80000000e+03     4.50000000e-01     1.11351769e+03     2.99882672e+02     2.35104220e+02     1.23415666e+02   
    2.00000000e+03     5.00000000e-01     1.11352810e+03     2.98470320e+02     2.36485962e+02     1.23072930e+02   
    2.20000000e+03     5.50000000e-01     1.11352406e+03     2.96606171e+02     2.35814052e+02     1.22691774e+02   
    2.40000000e+03     6.00000000e-01     1.11352017e+03     3.00206267e+02     2.37697427e+02     1.24547519e+02   
    2.60000000e+03     6.50000000e-01     1.11351512e+03     3.01610749e+02     2.35041275e+02     1.21390873e+02   
    2.80000000e+03     7.00000000e-01     1.11352715e+03     3.02627087e+02     2.36714722e+02     1.23789111e+02   
    3.00000000e+03     7.50000000e-01     1.11351838e+03     2.99824240e+02     2.35942056e+02     1.22194558e+02   
    3.20000000e+03     8.00000000e-01     1.11351351e+03     3.00207338e+02     2.35034961e+02     1.21081518e+02   
    3.40000000e+03     8.50000000e-01     1.11352751e+03     3.01628405e+02     2.36699220e+02     1.23220524e+02   
    3.60000000e+03     9.00000000e-01     1.11351515e+03     2.99787541e+02     2.34378300e+02     1.20589645e+02   
    3.80000000e+03     9.50000000e-01     1.11352920e+03     3.02395792e+02     2.36614530e+02     1.24565960e+02   
    4.00000000e+03     1.00000000e+00     1.11352230e+03     3.01933306e+02     2.36149696e+02     1.22014289e+02   
    4.20000000e+03     1.05000000e+00     1.11352245e+03     3.02477382e+02     2.36546597e+02     1.22774710e+02   
    4.40000000e+03     1.10000000e+00     1.11352310e+03     2.98593717e+02     2.35639339e+02     1.22813019e+02   
    4.60000000e+03     1.15000000e+00     1.11354096e+03     2.99836012e+02     2.37592029e+02     1.25749076e+02   
    4.80000000e+03     1.20000000e+00     1.11353507e+03     3.03034168e+02     2.37294319e+02     1.24002587e+02   
    5.00000000e+03     1.25000000e+00     1.11353172e+03     3.01745627e+02     2.35974431e+02     1.24210028e+02   
    5.20000000e+03     1.30000000e+00     1.11352546e+03     3.03191611e+02     2.36662574e+02     1.24568877e+02   
    5.40000000e+03     1.35000000e+00     1.11350965e+03     3.03597294e+02     2.37025052e+02     1.25118113e+02   
    5.60000000e+03     1.40000000e+00     1.11349799e+03     3.03478093e+02     2.36837145e+02     1.25066520e+02   
    5.80000000e+03     1.45000000e+00     1.11349036e+03     3.00443098e+02     2.37363815e+02     1.23737551e+02   
    6.00000000e+03     1.50000000e+00     1.11349672e+03     3.03414035e+02     2.37936614e+02     1.26403983e+02   
    6.20000000e+03     1.55000000e+00     1.11348258e+03     2.99710826e+02     2.36627838e+02     1.23966991e+02   
    6.40000000e+03     1.60000000e+00     1.11348532e+03     3.02782152e+02     2.35990639e+02     1.23389629e+02   
    6.60000000e+03     1.65000000e+00     1.11348158e+03     3.00865218e+02     2.35684853e+02     1.21509869e+02   
    6.80000000e+03     1.70000000e+00     1.11348750e+03     3.01694774e+02     2.37213979e+02     1.22697977e+02   
    7.00000000e+03     1.75000000e+00     1.11348382e+03     3.02647673e+02     2.35765530e+02     1.21797641e+02   
    7.20000000e+03     1.80000000e+00     1.11348159e+03     3.03422670e+02     2.35771740e+02     1.21920706e+02   
    7.40000000e+03     1.85000000e+00     1.11350125e+03     2.98225289e+02     2.39174735e+02     1.26586772e+02   
    7.60000000e+03     1.90000000e+00     1.11349695e+03     3.03866982e+02     2.35555357e+02     1.22392628e+02   
    7.80000000e+03     1.95000000e+00     1.11350631e+03     3.03493182e+02     2.36409990e+02     1.23763273e+02   
    8.00000000e+03     2.00000000e+00     1.11351979e+03     3.03169887e+02     2.34395615e+02     1.20489391e+02   
    8.20000000e+03     2.05000000e+00     1.11353084e+03     3.00326242e+02     2.36520485e+02     1.24608003e+02   
    8.40000000e+03     2.10000000e+00     1.11353642e+03     3.01838247e+02     2.36145299e+02     1.23529219e+02   
    8.60000000e+03     2.15000000e+00     1.11353366e+03     3.00957350e+02     2.35295536e+02     1.22471401e+02   
    8.80000000e+03     2.20000000e+00     1.11351263e+03     2.98819478e+02     2.35642989e+02     1.20957911e+02   
    9.00000000e+03     2.25000000e+00     1.11350108e+03     3.00567121e+02     2.34504576e+02     1.21529133e+02   
    9.20000000e+03     2.30000000e+00     1.11351439e+03     3.03084748e+02     2.35474419e+02     1.21788175e+02   
    9.40000000e+03     2.35000000e+00     1.11352570e+03     3.00729242e+02     2.36972153e+02     1.23308257e+02   
    9.60000000e+03     2.40000000e+00     1.11352482e+03     3.00035361e+02     2.36314247e+02     1.24778835e+02   
    9.80000000e+03     2.45000000e+00     1.11351508e+03     3.01584996e+02     2.35065275e+02     1.24944272e+02   
    1.00000000e+04     2.50000000e+00     1.11351374e+03     2.98828638e+02     2.35721251e+02     1.25943496e+02   
    1.02000000e+04     2.55000000e+00     1.11352316e+03     2.96832567e+02     2.38628009e+02     1.28957462e+02   
    1.04000000e+04     2.60000000e+00     1.11351161e+03     2.98356773e+02     2.36165229e+02     1.25048290e+02   
    1.06000000e+04     2.65000000e+00     1.11351802e+03     3.03757729e+02     2.36280546e+02     1.24595174e+02   
    1.08000000e+04     2.70000000e+00     1.11351934e+03     2.98051122e+02     2.35353632e+02     1.25328228e+02   
    1.10000000e+04     2.75000000e+00     1.11353332e+03     3.02513711e+02     2.37010424e+02     1.25324165e+02   
    1.12000000e+04     2.80000000e+00     1.11353537e+03     2.98436018e+02     2.37621057e+02     1.25657312e+02   
    1.14000000e+04     2.85000000e+00     1.11352185e+03     3.06890965e+02     2.34572944e+02     1.20350057e+02   
    1.16000000e+04     2.90000000e+00     1.11353770e+03     3.01709288e+02     2.35190769e+02     1.21985980e+02   
    1.18000000e+04     2.95000000e+00     1.11354826e+03     2.97826618e+02     2.36429988e+02     1.22499837e+02   
    1.20000000e+04     3.00000000e+00     1.11353913e+03     3.00361669e+02     2.33557047e+02     1.20094343e+02   
    1.22000000e+04     3.05000000e+00     1.11355197e+03     3.01883107e+02     2.34982775e+02     1.21244691e+02   
    1.24000000e+04     3.10000000e+00     1.11356509e+03     3.00965805e+02     2.36522825e+02     1.23893821e+02   
    1.26000000e+04     3.15000000e+00     1.11356179e+03     3.00235892e+02     2.34121476e+02     1.21473269e+02   
    1.28000000e+04     3.20000000e+00     1.11357292e+03     2.97199462e+02     2.36681904e+02     1.23233797e+02   
    1.30000000e+04     3.25000000e+00     1.11358518e+03     3.01066050e+02     2.37296730e+02     1.23935178e+02   
    1.32000000e+04     3.30000000e+00     1.11358359e+03     2.98549452e+02     2.35823129e+02     1.22707068e+02   
    1.34000000e+04     3.35000000e+00     1.11358310e+03     2.97968532e+02     2.36567176e+02     1.24216696e+02   
    1.36000000e+04     3.40000000e+00     1.11356740e+03     2.99751513e+02     2.36311120e+02     1.25103331e+02   
    1.38000000e+04     3.45000000e+00     1.11355776e+03     3.02659892e+02     2.37058098e+02     1.24310781e+02   
    1.40000000e+04     3.50000000e+00     1.11353090e+03     3.01954822e+02     2.35234547e+02     1.23020846e+02   
    1.42000000e+04     3.55000000e+00     1.11353081e+03     3.04316722e+02     2.35705614e+02     1.21229365e+02   
    1.44000000e+04     3.60000000e+00     1.11352714e+03     3.00534120e+02     2.34727137e+02     1.20878328e+02   
    1.46000000e+04     3.65000000e+00     1.11354329e+03     2.99265854e+02     2.38040154e+02     1.24979246e+02   
    1.48000000e+04     3.70000000e+00     1.11353257e+03     3.01308062e+02     2.36332797e+02     1.22328492e+02   
    1.50000000e+04     3.75000000e+00     1.11353277e+03     3.01874368e+02     2.35515856e+02     1.22976971e+02   
    1.52000000e+04     3.80000000e+00     1.11353786e+03     3.00978560e+02     2.37313217e+02     1.23250625e+02   
    1.54000000e+04     3.85000000e+00     1.11353810e+03     2.99288986e+02     2.36674179e+02     1.23547914e+02   
    1.56000000e+04     3.90000000e+00     1.11353279e+03     3.01320441e+02     2.35021615e+02     1.22887410e+02   
    1.58000000e+04     3.95000000e+00     1.11354921e+03     3.00024918e+02     2.36936396e+02     1.25201036e+02   
    1.60000000e+04     4.00000000e+00     1.11355118e+03     3.01410168e+02     2.36744499e+02     1.23998811e+02   
    1.62000000e+04     4.05000000e+00     1.11354767e+03     2.98162144e+02     2.36457861e+02     1.25060325e+02   
    1.64000000e+04     4.10000000e+00     1.11354036e+03     3.01246010e+02     2.36522933e+02     1.24636117e+02   
    1.66000000e+04     4.15000000e+00     1.11353973e+03     2.96779877e+02     2.35287788e+02     1.23923399e+02   
    1.68000000e+04     4.20000000e+00     1.11354597e+03     2.98839514e+02     2.33694387e+02     1.22546475e+02   
    1.70000000e+04     4.25000000e+00     1.11355260e+03     2.95276422e+02     2.36110695e+02     1.24092401e+02   
    1.72000000e+04     4.30000000e+00     1.11354993e+03     2.96519705e+02     2.35837388e+02     1.24387814e+02   
    1.74000000e+04     4.35000000e+00     1.11354567e+03     2.98457680e+02     2.35123244e+02     1.21385349e+02   
    1.76000000e+04     4.40000000e+00     1.11355788e+03     2.99652020e+02     2.37736960e+02     1.24392181e+02   
    1.78000000e+04     4.45000000e+00     1.11355408e+03     2.99518595e+02     2.37176621e+02     1.24498277e+02   
    1.80000000e+04     4.50000000e+00     1.11353740e+03     3.00623404e+02     2.35509112e+02     1.21844287e+02   
    1.82000000e+04     4.55000000e+00     1.11354192e+03     3.00950691e+02     2.36588547e+02     1.22594892e+02   
    1.84000000e+04     4.60000000e+00     1.11355139e+03     3.02537170e+02     2.34711775e+02     1.21252416e+02   
    1.86000000e+04     4.65000000e+00     1.11356437e+03     3.02545116e+02     2.35802633e+02     1.22265576e+02   
    1.88000000e+04     4.70000000e+00     1.11355825e+03     3.04900794e+02     2.34876487e+02     1.19983579e+02   
    1.90000000e+04     4.75000000e+00     1.11357192e+03     2.99772586e+02     2.38920423e+02     1.25413489e+02   
    1.92000000e+04     4.80000000e+00     1.11357056e+03     3.03239029e+02     2.35360521e+02     1.20964825e+02   
    1.94000000e+04     4.85000000e+00     1.11357771e+03     3.02903497e+02     2.35862277e+02     1.21688107e+02   
    1.96000000e+04     4.90000000e+00     1.11356341e+03     3.01331194e+02     2.35730394e+02     1.20551560e+02   
    1.98000000e+04     4.95000000e+00     1.11356506e+03     3.04522851e+02     2.36902292e+02     1.20916432e+02   
    2.00000000e+04     5.00000000e+00     1.11356752e+03     2.99459883e+02     2.37725615e+02     1.22410830e+02   
    2.02000000e+04     5.05000000e+00     1.11355720e+03     3.02069599e+02     2.34377947e+02     1.18509204e+02   
    2.04000000e+04     5.10000000e+00     1.11357754e+03     3.02415614e+02     2.37374225e+02     1.23056237e+02   
    2.06000000e+04     5.15000000e+00     1.11356889e+03     3.00603481e+02     2.33893982e+02     1.20317708e+02   
    2.08000000e+04     5.20000000e+00     1.11358568e+03     3.03049222e+02     2.38095503e+02     1.23919953e+02   
    2.10000000e+04     5.25000000e+00     1.11357396e+03     3.00801054e+02     2.37218003e+02     1.23618786e+02   
    2.12000000e+04     5.30000000e+00     1.11356222e+03     2.99845073e+02     2.34440581e+02     1.20498142e+02   
    2.14000000e+04     5.35000000e+00     1.11357402e+03     3.00222207e+02     2.35917947e+02     1.20344861e+02   
    2.16000000e+04     5.40000000e+00     1.11358988e+03     2.99799413e+02     2.37691306e+02     1.23159882e+02   
    2.18000000e+04     5.45000000e+00     1.11359412e+03     2.99705399e+02     2.35822501e+02     1.21256938e+02   
    2.20000000e+04     5.50000000e+00     1.11358327e+03     2.99626063e+02     2.33939449e+02     1.19966707e+02   
    2.22000000e+04     5.55000000e+00     1.11359052e+03     3.00390205e+02     2.35677913e+02     1.20420971e+02   
    2.24000000e+04     5.60000000e+00     1.11358130e+03     2.97946928e+02     2.35833650e+02     1.20347293e+02   
    2.26000000e+04     5.65000000e+00     1.11357834e+03     2.97606240e+02     2.36243994e+02     1.20799344e+02   
    2.28000000e+04     5.70000000e+00     1.11357624e+03     2.99846838e+02     2.38623309e+02     1.24516275e+02   
    2.30000000e+04     5.75000000e+00     1.11358002e+03     3.02426527e+02     2.38273190e+02     1.23846088e+02   
    2.32000000e+04     5.80000000e+00     1.11358765e+03     3.00364462e+02     2.36088085e+02     1.22572033e+02   
    2.34000000e+04     5.85000000e+00     1.11359620e+03     2.99623856e+02     2.35169258e+02     1.21527821e+02   
    2.36000000e+04     5.90000000e+00     1.11361850e+03     3.01938474e+02     2.36814723e+02     1.23151127e+02   
    2.38000000e+04     5.95000000e+00     1.11361179e+03     2.98666980e+02     2.36584729e+02     1.22567839e+02   
    2.40000000e+04     6.00000000e+00     1.11360925e+03     3.01868109e+02     2.36986800e+02     1.21639695e+02   
    2.42000000e+04     6.05000000e+00     1.11361010e+03     3.01862348e+02     2.35797502e+02     1.18783833e+02   
    2.44000000e+04     6.10000000e+00     1.11359580e+03     3.02295956e+02     2.33502973e+02     1.17820099e+02   
    2.46000000e+04     6.15000000e+00     1.11359798e+03     2.99495360e+02     2.37064385e+02     1.22331175e+02   
    2.48000000e+04     6.20000000e+00     1.11358714e+03     2.99021557e+02     2.35250217e+02     1.19830897e+02   
    2.50000000e+04     6.25000000e+00     1.11359064e+03     2.98853596e+02     2.35139896e+02     1.21425165e+02   
    2.52000000e+04     6.30000000e+00     1.11357699e+03     2.99861779e+02     2.34782693e+02     1.21270251e+02   
    2.54000000e+04     6.35000000e+00     1.11358662e+03     2.96097687e+02     2.36995977e+02     1.23273475e+02   
    2.56000000e+04     6.40000000e+00     1.11357416e+03     2.99770430e+02     2.35635024e+02     1.21946510e+02   
    2.58000000e+04     6.45000000e+00     1.11356873e+03     2.98029857e+02     2.36185835e+02     1.21571143e+02   
    2.60000000e+04     6.50000000e+00     1.11356721e+03     3.00593293e+02     2.37475434e+02     1.23576569e+02   
    2.62000000e+04     6.55000000e+00     1.11357154e+03     2.97443376e+02     2.39433770e+02     1.26468695e+02   
    2.64000000e+04     6.60000000e+00     1.11356444e+03     2.97854920e+02     2.36190757e+02     1.21675323e+02   
    2.66000000e+04     6.65000000e+00     1.11357728e+03     2.99627417e+02     2.37748732e+02     1.24170773e+02   
    2.68000000e+04     6.70000000e+00     1.11357983e+03     3.03671843e+02     2.36036126e+02     1.21626386e+02   
    2.70000000e+04     6.75000000e+00     1.11358745e+03     2.98471685e+02     2.35585614e+02     1.25077498e+02   
    2.72000000e+04     6.80000000e+00     1.11359523e+03     2.99731425e+02     2.36596925e+02     1.23678614e+02   
    2.74000000e+04     6.85000000e+00     1.11359565e+03     2.98216313e+02     2.37676661e+02     1.24596633e+02   
    2.76000000e+04     6.90000000e+00     1.11358533e+03     2.97594833e+02     2.35758614e+02     1.22216489e+02   
    2.78000000e+04     6.95000000e+00     1.11357541e+03     2.97517626e+02     2.37101933e+02     1.22959410e+02   
    2.80000000e+04     7.00000000e+00     1.11356014e+03     2.99899891e+02     2.34927243e+02     1.19938645e+02   
    2.82000000e+04     7.05000000e+00     1.11358175e+03     2.96108803e+02     2.35603881e+02     1.21304539e+02   
    2.84000000e+04     7.10000000e+00     1.11357655e+03     2.98449686e+02     2.35707239e+02     1.23276157e+02   
    2.86000000e+04     7.15000000e+00     1.11357651e+03     3.00418498e+02     2.36812055e+02     1.24080796e+02   
    2.88000000e+04     7.20000000e+00     1.11358229e+03     3.01960087e+02     2.35025294e+02     1.23072269e+02   
    2.90000000e+04     7.25000000e+00     1.11357976e+03     2.98443203e+02     2.35588968e+02     1.23776721e+02   
    2.92000000e+04     7.30000000e+00     1.11360146e+03     2.98169375e+02     2.36332526e+02     1.24406073e+02   
    2.94000000e+04     7.35000000e+00     1.11359436e+03     2.99327850e+02     2.33911096e+02     1.20094969e+02   
    2.96000000e+04     7.40000000e+00     1.11361299e+03     3.01198425e+02     2.38504117e+02     1.25140108e+02   
    2.98000000e+04     7.45000000e+00     1.11359422e+03     3.00838731e+02     2.35877114e+02     1.20744866e+02   
    3.00000000e+04     7.50000000e+00     1.11360284e+03     3.02248158e+02     2.35501319e+02     1.20686116e+02   
    3.02000000e+04     7.55000000e+00     1.11360251e+03     3.02351706e+02     2.37649716e+02     1.21456386e+02   
    3.04000000e+04     7.60000000e+00     1.11359493e+03     3.01031528e+02     2.35963910e+02     1.20772999e+02   
    3.06000000e+04     7.65000000e+00     1.11358708e+03     2.97360390e+02     2.35703526e+02     1.21038866e+02   
    3.08000000e+04     7.70000000e+00     1.11359500e+03     3.02573960e+02     2.36660154e+02     1.22114840e+02   
    3.10000000e+04     7.75000000e+00     1.11359391e+03     3.01454704e+02     2.36747138e+02     1.20458349e+02   
    3.12000000e+04     7.80000000e+00     1.11359336e+03     2.99725269e+02     2.36256849e+02     1.20666920e+02   
    3.14000000e+04     7.85000000e+00     1.11360657e+03     2.97588710e+02     2.37695702e+02     1.23746056e+02   
    3.16000000e+04     7.90000000e+00     1.11359202e+03     3.02688280e+02     2.35718984e+02     1.21031703e+02   
    3.18000000e+04     7.95000000e+00     1.11359039e+03     3.02258319e+02     2.37644771e+02     1.22985976e+02   
    3.20000000e+04     8.00000000e+00     1.11357245e+03     3.03263248e+02     2.37857165e+02     1.21373976e+02   
    3.22000000e+04     8.05000000e+00     1.11357637e+03     2.98840887e+02     2.38118894e+02     1.23825798e+02   
    3.24000000e+04     8.10000000e+00     1.11356435e+03     3.00125339e+02     2.36581056e+02     1.22298080e+02   
    3.26000000e+04     8.15000000e+00     1.11357126e+03     2.99185092e+02     2.38415889e+02     1.22201360e+02   
    3.28000000e+04     8.20000000e+00     1.11356185e+03     3.01722530e+02     2.34987220e+02     1.19348814e+02   
    3.30000000e+04     8.25000000e+00     1.11356547e+03     3.00053553e+02     2.35717441e+02     1.19089219e+02   
    3.32000000e+04     8.30000000e+00     1.11357398e+03     2.99003775e+02     2.34665561e+02     1.20070744e+02   
    3.34000000e+04     8.35000000e+00     1.11359420e+03     2.98834656e+02     2.36779623e+02     1.22222390e+02   
    3.36000000e+04     8.40000000e+00     1.11360362e+03     2.95629107e+02     2.35923767e+02     1.21848022e+02   
    3.38000000e+04     8.45000000e+00     1.11361515e+03     2.98321135e+02     2.35425968e+02     1.20991587e+02   
    3.40000000e+04     8.50000000e+00     1.11363004e+03     3.00843670e+02     2.36319691e+02     1.22668230e+02   
    3.42000000e+04     8.55000000e+00     1.11361697e+03     2.98946228e+02     2.35293624e+02     1.19371637e+02   
    3.44000000e+04     8.60000000e+00     1.11363085e+03     2.99786533e+02     2.35247529e+02     1.19966100e+02   
    3.46000000e+04     8.65000000e+00     1.11362492e+03     3.01251496e+02     2.34862761e+02     1.19792869e+02   
    3.48000000e+04     8.70000000e+00     1.11362158e+03     2.99096845e+02     2.36343573e+02     1.20858708e+02   
    3.50000000e+04     8.75000000e+00     1.11361538e+03     2.99237079e+02     2.36837335e+02     1.21056939e+02   
    3.52000000e+04     8.80000000e+00     1.11360046e+03     2.99082842e+02     2.36055422e+02     1.19609167e+02   
    3.54000000e+04     8.85000000e+00     1.11359869e+03     2.98952957e+02     2.36854303e+02     1.20249811e+02   
    3.56000000e+04     8.90000000e+00     1.11360715e+03     2.98084987e+02     2.37460220e+02     1.22826205e+02   
    3.58000000e+04     8.95000000e+00     1.11359745e+03     2.99728489e+02     2.35103176e+02     1.19950440e+02   
    3.60000000e+04     9.00000000e+00     1.11362009e+03     2.99926090e+02     2.39410889e+02     1.25349050e+02   
    3.62000000e+04     9.05000000e+00     1.11360473e+03     3.03094200e+02     2.37483857e+02     1.23814225e+02   
    3.64000000e+04     9.10000000e+00     1.11360570e+03     3.00601245e+02     2.37515246e+02     1.22877824e+02   
    3.66000000e+04     9.15000000e+00     1.11359519e+03     3.00539198e+02     2.36235313e+02     1.22798326e+02   
    3.68000000e+04     9.20000000e+00     1.11359628e+03     3.01438835e+02     2.36270642e+02     1.21849479e+02   
    3.70000000e+04     9.25000000e+00     1.11359610e+03     2.97881870e+02     2.38203549e+02     1.25570808e+02   
    3.72000000e+04     9.30000000e+00     1.11357279e+03     3.01487268e+02     2.34550001e+02     1.18794083e+02   
    3.74000000e+04     9.35000000e+00     1.11358170e+03     3.03318473e+02     2.35396919e+02     1.21989127e+02   
    3.76000000e+04     9.40000000e+00     1.11357179e+03     3.00826119e+02     2.35806089e+02     1.21158236e+02   
    3.78000000e+04     9.45000000e+00     1.11357526e+03     2.95553280e+02     2.35162117e+02     1.24377855e+02   
    3.80000000e+04     9.50000000e+00     1.11359046e+03     3.00876519e+02     2.35781786e+02     1.23211173e+02   
    3.82000000e+04     9.55000000e+00     1.11361688e+03     2.97735745e+02     2.38873281e+02     1.26990889e+02   
    3.84000000e+04     9.60000000e+00     1.11360365e+03     2.99528612e+02     2.36537725e+02     1.22248726e+02   
    3.86000000e+04     9.65000000e+00     1.11359101e+03     2.99890962e+02     2.35605183e+02     1.22061740e+02   
    3.88000000e+04     9.70000000e+00     1.11359795e+03     3.00483722e+02     2.37531521e+02     1.24396701e+02   
    3.90000000e+04     9.75000000e+00     1.11358996e+03     3.01994404e+02     2.36568766e+02     1.24734602e+02   
    3.92000000e+04     9.80000000e+00     1.11357750e+03     2.97181417e+02     2.35278295e+02     1.22994274e+02   
    3.94000000e+04     9.85000000e+00     1.11356887e+03     2.97725163e+02     2.34267738e+02     1.21499171e+02   
    3.96000000e+04     9.90000000e+00     1.11358296e+03     3.02319380e+02     2.36963621e+02     1.24987787e+02   
    3.98000000e+04     9.95000000e+00     1.11357739e+03     2.99861848e+02     2.36951185e+02     1.24164739e+02   
    4.00000000e+04     1.00000000e+01     1.11358232e+03     2.99714011e+02     2.35306828e+02     1.23272256e+02   
    4.02000000e+04     1.00500000e+01     1.11356935e+03     3.01087048e+02     2.34796597e+02     1.21288730e+02   
    4.04000000e+04     1.01000000e+01     1.11356519e+03     3.00166098e+02     2.36804111e+02     1.23417125e+02   
    4.06000000e+04     1.01500000e+01     1.11357202e+03     3.00455521e+02     2.37348799e+02     1.23520530e+02   
    4.08000000e+04     1.02000000e+01     1.11355859e+03     3.00129528e+02     2.34239723e+02     1.21078249e+02   
    4.10000000e+04     1.02500000e+01     1.11356639e+03     3.01254339e+02     2.35337264e+02     1.21670103e+02   
    4.12000000e+04     1.03000000e+01     1.11357168e+03     3.01617660e+02     2.36597033e+02     1.23913329e+02   
    4.14000000e+04     1.03500000e+01     1.11357397e+03     2.99109297e+02     2.34082117e+02     1.21096615e+02   
    4.16000000e+04     1.04000000e+01     1.11359598e+03     2.97932234e+02     2.36547664e+02     1.23556273e+02   
    4.18000000e+04     1.04500000e+01     1.11359421e+03     2.98560846e+02     2.36430933e+02     1.23796582e+02   
    4.20000000e+04     1.05000000e+01     1.11359675e+03     2.98423897e+02     2.36654111e+02     1.24447770e+02   
    4.22000000e+04     1.05500000e+01     1.11360042e+03     3.00474461e+02     2.35291454e+02     1.24597691e+02   
    4.24000000e+04     1.06000000e+01     1.11360585e+03     3.01116294e+02     2.36506785e+02     1.24153478e+02   
    4.26000000e+04     1.06500000e+01     1.11360126e+03     3.02209046e+02     2.35285103e+02     1.22271951e+02   
    4.28000000e+04     1.07000000e+01     1.11361240e+03     2.99552245e+02     2.37262513e+02     1.23609694e+02   
    4.30000000e+04     1.07500000e+01     1.11360177e+03     2.95267104e+02     2.35521929e+02     1.21947142e+02   
    4.32000000e+04     1.08000000e+01     1.11360925e+03     3.00680755e+02     2.36340175e+02     1.21918836e+02   
    4.34000000e+04     1.08500000e+01     1.11361892e+03     3.01372720e+02     2.38242303e+02     1.23375594e+02   
    4.36000000e+04     1.09000000e+01     1.11360755e+03     3.01353902e+02     2.33782844e+02     1.20831865e+02   
    4.38000000e+04     1.09500000e+01     1.11361988e+03     2.99141329e+02     2.34725208e+02     1.21137720e+02   
    4.40000000e+04     1.10000000e+01     1.11364301e+03     3.00342201e+02     2.36470844e+02     1.24000821e+02   
    4.42000000e+04     1.10500000e+01     1.11364865e+03     2.99254529e+02     2.35713134e+02     1.24304607e+02   
    4.44000000e+04     1.11000000e+01     1.11365916e+03     2.99693994e+02     2.36675134e+02     1.25479759e+02   
    4.46000000e+04     1.11500000e+01     1.11365520e+03     2.99647903e+02     2.35366950e+02     1.24354031e+02   
    4.48000000e+04     1.12000000e+01     1.11365871e+03     2.98802092e+02     2.36393291e+02     1.22649471e+02   
    4.50000000e+04     1.12500000e+01     1.11364077e+03     2.98455977e+02     2.34713802e+02     1.21495157e+02   
    4.52000000e+04     1.13000000e+01     1.11363854e+03     3.02321229e+02     2.36513045e+02     1.23115308e+02   
    4.54000000e+04     1.13500000e+01     1.11365080e+03     2.99220512e+02     2.35930141e+02     1.23738633e+02   
    4.56000000e+04     1.14000000e+01     1.11365888e+03     2.99568180e+02     2.35553122e+02     1.22333829e+02   
    4.58000000e+04     1.14500000e+01     1.11366738e+03     2.99143681e+02     2.37294342e+02     1.24991689e+02   
    4.60000000e+04     1.15000000e+01     1.11366168e+03     2.98562440e+02     2.35533697e+02     1.24059561e+02   
    4.62000000e+04     1.15500000e+01     1.11365839e+03     2.98113931e+02     2.33712868e+02     1.23940136e+02   
    4.64000000e+04     1.16000000e+01     1.11367257e+03     3.01633598e+02     2.37225419e+02     1.25063116e+02   
    4.66000000e+04     1.16500000e+01     1.11367399e+03     3.03484507e+02     2.36916215e+02     1.25001590e+02   
    4.68000000e+04     1.17000000e+01     1.11366077e+03     3.02076484e+02     2.35281695e+02     1.21009666e+02   
    4.70000000e+04     1.17500000e+01     1.11366909e+03     2.98282441e+02     2.35796526e+02     1.23406778e+02   
    4.72000000e+04     1.18000000e+01     1.11366764e+03     3.01051785e+02     2.35763155e+02     1.21935844e+02   
    4.74000000e+04     1.18500000e+01     1.11366287e+03     3.02422434e+02     2.37123783e+02     1.23316241e+02   
    4.76000000e+04     1.19000000e+01     1.11365447e+03     3.01241175e+02     2.37544455e+02     1.25564016e+02   
    4.78000000e+04     1.19500000e+01     1.11363021e+03     3.02713715e+02     2.36143560e+02     1.25094160e+02   
    4.80000000e+04     1.20000000e+01     1.11361648e+03     3.01983933e+02     2.35880031e+02     1.23853951e+02   
    4.82000000e+04     1.20500000e+01     1.11361782e+03     3.01928264e+02     2.35267885e+02     1.24743411e+02   
    4.84000000e+04     1.21000000e+01     1.11361974e+03     2.96704912e+02     2.36016980e+02     1.24261362e+02   
    4.86000000e+04     1.21500000e+01     1.11362731e+03     3.00367951e+02     2.36131567e+02     1.24589138e+02   
    4.88000000e+04     1.22000000e+01     1.11361885e+03     3.02937313e+02     2.34560134e+02     1.23288076e+02   
    4.90000000e+04     1.22500000e+01     1.11363924e+03     3.02110221e+02     2.37316898e+02     1.26186995e+02   
    4.92000000e+04     1.23000000e+01     1.11363553e+03     2.98428100e+02     2.34911770e+02     1.23683882e+02   
    4.94000000e+04     1.23500000e+01     1.11363952e+03     2.99191766e+02     2.36696414e+02     1.24962890e+02   
    4.96000000e+04     1.24000000e+01     1.11363835e+03     2.99015017e+02     2.36608063e+02     1.25233515e+02   
    4.98000000e+04     1.24500000e+01     1.11363066e+03     2.98231814e+02     2.34495779e+02     1.21265396e+02   
    5.00000000e+04     1.25000000e+01     1.11363537e+03     2.99901270e+02     2.35029384e+02     1.22977729e+02   
    5.02000000e+04     1.25500000e+01     1.11365046e+03     2.97859530e+02     2.34827924e+02     1.23475395e+02   
    5.04000000e+04     1.26000000e+01     1.11365829e+03     3.01310925e+02     2.36613498e+02     1.26352624e+02   
    5.06000000e+04     1.26500000e+01     1.11364187e+03     2.97900623e+02     2.33585689e+02     1.23411043e+02   
    5.08000000e+04     1.27000000e+01     1.11366384e+03     3.00792533e+02     2.36542190e+02     1.25251945e+02   
    5.10000000e+04     1.27500000e+01     1.11365010e+03     3.00637877e+02     2.36617599e+02     1.24479785e+02   
    5.12000000e+04     1.28000000e+01     1.11363433e+03     2.98967903e+02     2.35884371e+02     1.23320348e+02   
    5.14000000e+04     1.28500000e+01     1.11363976e+03     3.00567021e+02     2.38775649e+02     1.24837340e+02   
    5.16000000e+04     1.29000000e+01     1.11364030e+03     3.03100458e+02     2.37524171e+02     1.26090942e+02   
    5.18000000e+04     1.29500000e+01     1.11362830e+03     3.01273573e+02     2.35263832e+02     1.23277745e+02   
    5.20000000e+04     1.30000000e+01     1.11363506e+03     3.00226166e+02     2.36204703e+02     1.25812441e+02   
    5.22000000e+04     1.30500000e+01     1.11362947e+03     2.99050574e+02     2.36226224e+02     1.24835488e+02   
    5.24000000e+04     1.31000000e+01     1.11362923e+03     2.98264961e+02     2.35029548e+02     1.23438346e+02   
    5.26000000e+04     1.31500000e+01     1.11362345e+03     2.97693136e+02     2.35710084e+02     1.24020516e+02   
    5.28000000e+04     1.32000000e+01     1.11363595e+03     3.00484907e+02     2.37359952e+02     1.25326336e+02   
    5.30000000e+04     1.32500000e+01     1.11364357e+03     3.00224771e+02     2.34722985e+02     1.20782942e+02   
    5.32000000e+04     1.33000000e+01     1.11365121e+03     3.02571133e+02     2.35160079e+02     1.21117832e+02   
    5.34000000e+04     1.33500000e+01     1.11365688e+03     3.00048415e+02     2.35894972e+02     1.22967680e+02   
    5.36000000e+04     1.34000000e+01     1.11365009e+03     3.00892802e+02     2.36849514e+02     1.21972214e+02   
    5.38000000e+04     1.34500000e+01     1.11365171e+03     3.00284820e+02     2.38181975e+02     1.23650714e+02   
    5.40000000e+04     1.35000000e+01     1.11365734e+03     2.99669028e+02     2.38229383e+02     1.22793011e+02   
    5.42000000e+04     1.35500000e+01     1.11366602e+03     3.01751728e+02     2.35367851e+02     1.22677038e+02   
    5.44000000e+04     1.36000000e+01     1.11368149e+03     2.98250117e+02     2.38426965e+02     1.24955461e+02   
    5.46000000e+04     1.36500000e+01     1.11368126e+03     2.99907895e+02     2.36535431e+02     1.24524251e+02   
    5.48000000e+04     1.37000000e+01     1.11367635e+03     3.02187424e+02     2.35974393e+02     1.24132779e+02   
    5.50000000e+04     1.37500000e+01     1.11366798e+03     2.99439394e+02     2.34758845e+02     1.23266906e+02   
    5.52000000e+04     1.38000000e+01     1.11367498e+03     2.97558431e+02     2.36876730e+02     1.23864031e+02   
    5.54000000e+04     1.38500000e+01     1.11367528e+03     2.99377278e+02     2.35390778e+02     1.22256479e+02   
    5.56000000e+04     1.39000000e+01     1.11367287e+03     3.02306524e+02     2.33969494e+02     1.21501015e+02   
    5.58000000e+04     1.39500000e+01     1.11367880e+03     3.00757744e+02     2.35909641e+02     1.23432720e+02   
    5.60000000e+04     1.40000000e+01     1.11367211e+03     2.99426386e+02     2.33627033e+02     1.20443709e+02   
    5.62000000e+04     1.40500000e+01     1.11367342e+03     3.01137623e+02     2.35365281e+02     1.22888175e+02   
    5.64000000e+04     1.41000000e+01     1.11367959e+03     2.99212730e+02     2.37637145e+02     1.25474803e+02   
    5.66000000e+04     1.41500000e+01     1.11367739e+03     3.01176107e+02     2.35162089e+02     1.23623622e+02   
    5.68000000e+04     1.42000000e+01     1.11367876e+03     3.00414512e+02     2.36678156e+02     1.23803179e+02   
    5.70000000e+04     1.42500000e+01     1.11367693e+03     3.04338024e+02     2.34204201e+02     1.20322921e+02   
    5.72000000e+04     1.43000000e+01     1.11370287e+03     2.99461136e+02     2.37709338e+02     1.25024558e+02   
    5.74000000e+04     1.43500000e+01     1.11370612e+03     2.99884239e+02     2.37055714e+02     1.22866056e+02   
    5.76000000e+04     1.44000000e+01     1.11370763e+03     2.95837507e+02     2.35880272e+02     1.22578405e+02   
    5.78000000e+04     1.44500000e+01     1.11371561e+03     3.00901134e+02     2.37478858e+02     1.22851552e+02   
    5.80000000e+04     1.45000000e+01     1.11370681e+03     2.98818453e+02     2.36630280e+02     1.23511148e+02   
    5.82000000e+04     1.45500000e+01     1.11370618e+03     3.01447175e+02     2.35703703e+02     1.22858743e+02   
    5.84000000e+04     1.46000000e+01     1.11371435e+03     2.98243618e+02     2.37359556e+02     1.25446835e+02   
    5.86000000e+04     1.46500000e+01     1.11371249e+03     2.97960922e+02     2.35385656e+02     1.24323955e+02   
    5.88000000e+04     1.47000000e+01     1.11370562e+03     3.01285347e+02     2.36349594e+02     1.24581318e+02   
    5.90000000e+04     1.47500000e+01     1.11370927e+03     2.97644021e+02     2.38043448e+02     1.26697470e+02   
    5.92000000e+04     1.48000000e+01     1.11370619e+03     2.99573453e+02     2.36895752e+02     1.23738867e+02   
    5.94000000e+04     1.48500000e+01     1.11369889e+03     3.01659043e+02     2.34617040e+02     1.22021271e+02   
    5.96000000e+04     1.49000000e+01     1.11370237e+03     2.99857748e+02     2.35833606e+02     1.22580662e+02   
    5.98000000e+04     1.49500000e+01     1.11371113e+03     3.00937060e+02     2.37889490e+02     1.24465611e+02   
    6.00000000e+04     1.50000000e+01     1.11371381e+03     2.99320009e+02     2.36546411e+02     1.23531514e+02   
    6.02000000e+04     1.50500000e+01     1.11371615e+03     2.98947596e+02     2.35700767e+02     1.20139709e+02   
    6.04000000e+04     1.51000000e+01     1.11373020e+03     3.00948278e+02     2.36801044e+02     1.23004641e+02   
    6.06000000e+04     1.51500000e+01     1.11372798e+03     2.98000099e+02     2.35067081e+02     1.22052579e+02   
    6.08000000e+04     1.52000000e+01     1.11373324e+03     2.98239578e+02     2.34924763e+02     1.23416600e+02   
    6.10000000e+04     1.52500000e+01     1.11374370e+03     2.97622770e+02     2.37795625e+02     1.26389054e+02   
    6.12000000e+04     1.53000000e+01     1.11371899e+03     3.01634216e+02     2.33736950e+02     1.21722255e+02   
    6.14000000e+04     1.53500000e+01     1.11372180e+03     2.97658529e+02     2.36540448e+02     1.23974285e+02   
    6.16000000e+04     1.54000000e+01     1.11372248e+03     2.98789074e+02     2.35661157e+02     1.26124102e+02   
    6.18000000e+04     1.54500000e+01     1.11371354e+03     3.00723054e+02     2.35618763e+02     1.24171972e+02   
    6.20000000e+04     1.55000000e+01     1.11371643e+03     2.99812142e+02     2.34822800e+02     1.23585369e+02   
    6.22000000e+04     1.55500000e+01     1.11374592e+03     3.01948670e+02     2.38895246e+02     1.27085075e+02   
    6.24000000e+04     1.56000000e+01     1.11375030e+03     2.99093280e+02     2.36592312e+02     1.25184276e+02   
    6.26000000e+04     1.56500000e+01     1.11374434e+03     2.98093340e+02     2.34351031e+02     1.20574242e+02   
    6.28000000e+04     1.57000000e+01     1.11376141e+03     3.00159675e+02     2.36443236e+02     1.24182953e+02   
    6.30000000e+04     1.57500000e+01     1.11376192e+03     2.97583199e+02     2.35253378e+02     1.22791204e+02   
    6.32000000e+04     1.58000000e+01     1.11376597e+03     2.98121856e+02     2.33669057e+02     1.22379450e+02   
    6.34000000e+04     1.58500000e+01     1.11376930e+03     2.98198036e+02     2.35402100e+02     1.23693049e+02   
    6.36000000e+04     1.59000000e+01     1.11377913e+03     2.99057384e+02     2.37663181e+02     1.24370546e+02   
    6.38000000e+04     1.59500000e+01     1.11377213e+03     3.00412198e+02     2.35152971e+02     1.22157155e+02   
    6.40000000e+04     1.60000000e+01     1.11377060e+03     3.00483174e+02     2.36401342e+02     1.23654076e+02   
    6.42000000e+04     1.60500000e+01     1.11377357e+03     2.96958182e+02     2.38233861e+02     1.26459854e+02   
    6.44000000e+04     1.61000000e+01     1.11374945e+03     3.00182253e+02     2.36790208e+02     1.25086249e+02   
    6.46000000e+04     1.61500000e+01     1.11374994e+03     3.00301206e+02     2.36371156e+02     1.23107532e+02   
    6.48000000e+04     1.62000000e+01     1.11375040e+03     3.01800102e+02     2.37287470e+02     1.23477262e+02   
    6.50000000e+04     1.62500000e+01     1.11374557e+03     3.03038997e+02     2.36430151e+02     1.22671844e+02   
    6.52000000e+04     1.63000000e+01     1.11376121e+03     3.00021551e+02     2.37930901e+02     1.24718947e+02   
    6.54000000e+04     1.63500000e+01     1.11377905e+03     2.99263082e+02     2.37316104e+02     1.25752857e+02   
    6.56000000e+04     1.64000000e+01     1.11378414e+03     2.95328462e+02     2.36089985e+02     1.23774809e+02   
    6.58000000e+04     1.64500000e+01     1.11379329e+03     3.01510450e+02     2.37051616e+02     1.24767142e+02   
    6.60000000e+04     1.65000000e+01     1.11378891e+03     2.97942143e+02     2.36880522e+02     1.23945589e+02   
    6.62000000e+04     1.65500000e+01     1.11377781e+03     3.01654490e+02     2.37086370e+02     1.25493219e+02   
    6.64000000e+04     1.66000000e+01     1.11376520e+03     3.00804469e+02     2.35871479e+02     1.25220884e+02   
    6.66000000e+04     1.66500000e+01     1.11376314e+03     3.03854626e+02     2.36061188e+02     1.23630320e+02   
    6.68000000e+04     1.67000000e+01     1.11377578e+03     3.02380203e+02     2.34422265e+02     1.20603446e+02   
    6.70000000e+04     1.67500000e+01     1.11379332e+03     2.97457549e+02     2.34524678e+02     1.22927388e+02   
    6.72000000e+04     1.68000000e+01     1.11379906e+03     2.97992877e+02     2.36691680e+02     1.24327393e+02   
    6.74000000e+04     1.68500000e+01     1.11380142e+03     2.99624116e+02     2.35247902e+02     1.25056209e+02   
    6.76000000e+04     1.69000000e+01     1.11381201e+03     3.00322056e+02     2.36312214e+02     1.24170823e+02   
    6.78000000e+04     1.69500000e+01     1.11382287e+03     2.99996181e+02     2.36224933e+02     1.27053230e+02   
    6.80000000e+04     1.70000000e+01     1.11382130e+03     2.99742822e+02     2.37365918e+02     1.25580164e+02   
    6.82000000e+04     1.70500000e+01     1.11382388e+03     2.97157993e+02     2.36184828e+02     1.24831743e+02   
    6.84000000e+04     1.71000000e+01     1.11382375e+03     3.00479650e+02     2.36107418e+02     1.24966326e+02   
    6.86000000e+04     1.71500000e+01     1.11382957e+03     2.99926819e+02     2.37610087e+02     1.25598839e+02   
    6.88000000e+04     1.72000000e+01     1.11382637e+03     3.01323019e+02     2.34996009e+02     1.24516305e+02   
    6.90000000e+04     1.72500000e+01     1.11382802e+03     3.03314871e+02     2.36073688e+02     1.25726079e+02   
    6.92000000e+04     1.73000000e+01     1.11382825e+03     2.98910719e+02     2.35509257e+02     1.26706755e+02   
    6.94000000e+04     1.73500000e+01     1.11382135e+03     2.96864723e+02     2.35422662e+02     1.25900084e+02   
    6.96000000e+04     1.74000000e+01     1.11381439e+03     3.00577244e+02     2.36670070e+02     1.25483624e+02   
    6.98000000e+04     1.74500000e+01     1.11379928e+03     2.96101762e+02     2.35388045e+02     1.25296329e+02   
    7.00000000e+04     1.75000000e+01     1.11378666e+03     2.98276971e+02     2.34301081e+02     1.23248606e+02   
    7.02000000e+04     1.75500000e+01     1.11378679e+03     2.97010450e+02     2.35220229e+02     1.24928996e+02   
    7.04000000e+04     1.76000000e+01     1.11378013e+03     3.00423732e+02     2.33963309e+02     1.21798717e+02   
    7.06000000e+04     1.76500000e+01     1.11378816e+03     2.98837633e+02     2.36535622e+02     1.24815889e+02   
    7.08000000e+04     1.77000000e+01     1.11378856e+03     3.00925918e+02     2.33983740e+02     1.21866887e+02   
    7.10000000e+04     1.77500000e+01     1.11379760e+03     2.97197261e+02     2.35027627e+02     1.22440245e+02   
    7.12000000e+04     1.78000000e+01     1.11381310e+03     3.00549362e+02     2.37711454e+02     1.26180077e+02   
    7.14000000e+04     1.78500000e+01     1.11381584e+03     3.00186800e+02     2.35381604e+02     1.23407391e+02   
    7.16000000e+04     1.79000000e+01     1.11383843e+03     3.02398256e+02     2.37849726e+02     1.27810982e+02   
    7.18000000e+04     1.79500000e+01     1.11383019e+03     2.98014835e+02     2.36539358e+02     1.23732345e+02   
    7.20000000e+04     1.80000000e+01     1.11383413e+03     2.98769049e+02     2.35383782e+02     1.24032165e+02   
    7.22000000e+04     1.80500000e+01     1.11384582e+03     2.97910915e+02     2.36381267e+02     1.24271065e+02   
    7.24000000e+04     1.81000000e+01     1.11385607e+03     2.99025762e+02     2.36369714e+02     1.25773385e+02   
    7.26000000e+04     1.81500000e+01     1.11385417e+03     2.98554216e+02     2.36354939e+02     1.26464743e+02   
    7.28000000e+04     1.82000000e+01     1.11384637e+03     3.00199315e+02     2.35061809e+02     1.24401382e+02   
    7.30000000e+04     1.82500000e+01     1.11383509e+03     2.99528194e+02     2.34005215e+02     1.23398380e+02   
    7.32000000e+04     1.83000000e+01     1.11383407e+03     2.98568294e+02     2.33670204e+02     1.23012028e+02   
    7.34000000e+04     1.83500000e+01     1.11384849e+03     2.97721352e+02     2.34620029e+02     1.24201563e+02   
    7.36000000e+04     1.84000000e+01     1.11386033e+03     3.02761527e+02     2.36392246e+02     1.25488260e+02   
    7.38000000e+04     1.84500000e+01     1.11385617e+03     2.99398918e+02     2.36383465e+02     1.27142930e+02   
    7.40000000e+04     1.85000000e+01     1.11385069e+03     2.98119420e+02     2.35375205e+02     1.25622378e+02   
    7.42000000e+04     1.85500000e+01     1.11385405e+03     3.02163733e+02     2.36073119e+02     1.25354636e+02   
    7.44000000e+04     1.86000000e+01     1.11386621e+03     3.00118674e+02     2.36954643e+02     1.25680957e+02   
    7.46000000e+04     1.86500000e+01     1.11387363e+03     2.98156977e+02     2.36762960e+02     1.25382617e+02   
    7.48000000e+04     1.87000000e+01     1.11388693e+03     2.99518899e+02     2.34988501e+02     1.24494124e+02   
    7.50000000e+04     1.87500000e+01     1.11388520e+03     2.97863398e+02     2.36866944e+02     1.25012213e+02   
    7.52000000e+04     1.88000000e+01     1.11388036e+03     3.01530619e+02     2.35258259e+02     1.23671941e+02   
    7.54000000e+04     1.88500000e+01     1.11387675e+03     3.00038393e+02     2.36573222e+02     1.26242650e+02   
    7.56000000e+04     1.89000000e+01     1.11386499e+03     2.95587187e+02     2.36802373e+02     1.26858777e+02   
    7.58000000e+04     1.89500000e+01     1.11384713e+03     2.98558739e+02     2.34484765e+02     1.22766968e+02   
    7.60000000e+04     1.90000000e+01     1.11385008e+03     3.00015916e+02     2.36001868e+02     1.24378347e+02   
    7.62000000e+04     1.90500000e+01     1.11384708e+03     3.00518660e+02     2.34971033e+02     1.23677693e+02   
    7.64000000e+04     1.91000000e+01     1.11384627e+03     2.95824360e+02     2.36109590e+02     1.25351432e+02   
    7.66000000e+04     1.91500000e+01     1.11384691e+03     3.01405307e+02     2.35648584e+02     1.24064179e+02   
    7.68000000e+04     1.92000000e+01     1.11384457e+03     3.01114706e+02     2.34816916e+02     1.21204757e+02   
    7.70000000e+04     1.92500000e+01     1.11385853e+03     2.99175900e+02     2.35571558e+02     1.24152794e+02   
    7.72000000e+04     1.93000000e+01     1.11386903e+03     3.02487454e+02     2.36341302e+02     1.23569552e+02   
    7.74000000e+04     1.93500000e+01     1.11387234e+03     2.99461101e+02     2.36121223e+02     1.23623721e+02   
    7.76000000e+04     1.94000000e+01     1.11387727e+03     2.97988557e+02     2.35296596e+02     1.23560048e+02   
    7.78000000e+04     1.94500000e+01     1.11387858e+03     3.02044691e+02     2.35302580e+02     1.24887019e+02   
    7.80000000e+04     1.95000000e+01     1.11388807e+03     3.01936696e+02     2.37074625e+02     1.25413148e+02   
    7.82000000e+04     1.95500000e+01     1.11388092e+03     2.99533491e+02     2.34924570e+02     1.23784748e+02   
    7.84000000e+04     1.96000000e+01     1.11387943e+03     3.00043571e+02     2.34784199e+02     1.25020222e+02   
    7.86000000e+04     1.96500000e+01     1.11389930e+03     2.99535836e+02     2.36360462e+02     1.26371070e+02   
    7.88000000e+04     1.97000000e+01     1.11390931e+03     2.99834921e+02     2.36712212e+02     1.26451201e+02   
    7.90000000e+04     1.97500000e+01     1.11390394e+03     3.01463531e+02     2.36186695e+02     1.23262170e+02   
    7.92000000e+04     1.98000000e+01     1.11391355e+03     2.97023416e+02     2.37460374e+02     1.24484193e+02   
    7.94000000e+04     1.98500000e+01     1.11391871e+03     2.99916284e+02     2.35078598e+02     1.22147400e+02   
    7.96000000e+04     1.99000000e+01     1.11393801e+03     2.99573660e+02     2.37507612e+02     1.27223025e+02   
    7.98000000e+04     1.99500000e+01     1.11393263e+03     3.01833202e+02     2.36719674e+02     1.25526216e+02   
    8.00000000e+04     2.00000000e+01     1.11393467e+03     2.98584369e+02     2.36084058e+02     1.27025063e+02   
