# column   1     --> step : The current simulation time step.
# column   2     --> time{picosecond} : The elapsed simulation time.
# column   3     --> conserved{electronvolt} : The value of the conserved energy quantity per bead.
# column   4     --> temperature{kelvin} : The current temperature, as obtained from the MD kinetic energy.
# column   5     --> kinetic_cv{electronvolt} : The centroid-virial quantum kinetic energy of the physical system.
# column   6     --> potential{electronvolt} : The physical system potential energy.
    0.00000000e+00     0.00000000e+00     1.11353897e+03     3.04273373e+02     2.33058120e+02     1.25030579e+02   
    2.00000000e+02     5.00000000e-02     1.11354424e+03     3.00015721e+02     2.35772758e+02     1.26167025e+02   
    4.00000000e+02     1.00000000e-01     1.11354592e+03     3.03130084e+02     2.35856678e+02     1.27193478e+02   
    6.00000000e+02     1.50000000e-01     1.11353246e+03     3.01235180e+02     2.33610429e+02     1.23978233e+02   
    8.00000000e+02     2.00000000e-01     1.11354596e+03     3.01246332e+02     2.36255415e+02     1.27644333e+02   
    1.00000000e+03     2.50000000e-01     1.11353402e+03     3.04906221e+02     2.33725876e+02     1.25889365e+02   
    1.20000000e+03     3.00000000e-01     1.11352811e+03     2.99560347e+02     2.35446247e+02     1.28894330e+02   
    1.40000000e+03     3.50000000e-01     1.11352182e+03     3.02781703e+02     2.35339034e+02     1.26877210e+02   
    1.60000000e+03     4.00000000e-01     1.11352411e+03     2.99884549e+02     2.35821724e+02     1.27424880e+02   
    1.80000000e+03     4.50000000e-01     1.11351102e+03     3.00748650e+02     2.35360270e+02     1.26986125e+02   
    2.00000000e+03     5.00000000e-01     1.11350994e+03     3.01599042e+02     2.36028641e+02     1.26877815e+02   
    2.20000000e+03     5.50000000e-01     1.11352076e+03     2.97088781e+02     2.36192905e+02     1.26467083e+02   
    2.40000000e+03     6.00000000e-01     1.11353060e+03     3.01347111e+02     2.37274056e+02     1.27101271e+02   
    2.60000000e+03     6.50000000e-01     1.11353785e+03     3.01359227e+02     2.37659589e+02     1.28102883e+02   
    2.80000000e+03     7.00000000e-01     1.11354015e+03     3.02658101e+02     2.38232697e+02     1.28438532e+02   
    3.00000000e+03     7.50000000e-01     1.11354557e+03     3.01309510e+02     2.37312386e+02     1.27538883e+02   
    3.20000000e+03     8.00000000e-01     1.11353317e+03     3.00346759e+02     2.36093714e+02     1.25878736e+02   
    3.40000000e+03     8.50000000e-01     1.11353630e+03     3.02167527e+02     2.37254734e+02     1.27632035e+02   
    3.60000000e+03     9.00000000e-01     1.11352713e+03     2.99755691e+02     2.35684645e+02     1.26129285e+02   
    3.80000000e+03     9.50000000e-01     1.11353342e+03     3.02839943e+02     2.37339283e+02     1.28719951e+02   
    4.00000000e+03     1.00000000e+00     1.11352960e+03     3.01003581e+02     2.35092458e+02     1.28981819e+02   
    4.20000000e+03     1.05000000e+00     1.11353409e+03     3.01977220e+02     2.35806971e+02     1.27330069e+02   
    4.40000000e+03     1.10000000e+00     1.11351095e+03     2.99181176e+02     2.33120730e+02     1.23790821e+02   
    4.60000000e+03     1.15000000e+00     1.11351434e+03     3.01045943e+02     2.36535282e+02     1.26379343e+02   
    4.80000000e+03     1.20000000e+00     1.11351422e+03     3.02106342e+02     2.37288825e+02     1.28734460e+02   
    5.00000000e+03     1.25000000e+00     1.11351082e+03     3.01189067e+02     2.36215398e+02     1.28824425e+02   
    5.20000000e+03     1.30000000e+00     1.11351287e+03     3.03632409e+02     2.35227589e+02     1.26948710e+02   
    5.40000000e+03     1.35000000e+00     1.11351949e+03     3.04540530e+02     2.35160586e+02     1.26799227e+02   
    5.60000000e+03     1.40000000e+00     1.11352493e+03     3.04216180e+02     2.36787397e+02     1.28247948e+02   
    5.80000000e+03     1.45000000e+00     1.11353570e+03     2.99084052e+02     2.37162861e+02     1.28435384e+02   
    6.00000000e+03     1.50000000e+00     1.11353779e+03     3.01527865e+02     2.38078828e+02     1.28700343e+02   
    6.20000000e+03     1.55000000e+00     1.11353092e+03     3.00544300e+02     2.36655255e+02     1.26051748e+02   
    6.40000000e+03     1.60000000e+00     1.11352750e+03     3.02090085e+02     2.36645007e+02     1.25703264e+02   
    6.60000000e+03     1.65000000e+00     1.11352483e+03     2.99968667e+02     2.37043922e+02     1.25939909e+02   
    6.80000000e+03     1.70000000e+00     1.11351789e+03     3.01623939e+02     2.37172918e+02     1.25864754e+02   
    7.00000000e+03     1.75000000e+00     1.11350960e+03     3.02830572e+02     2.35278143e+02     1.23905389e+02   
    7.20000000e+03     1.80000000e+00     1.11350503e+03     3.03770313e+02     2.34808528e+02     1.22910060e+02   
    7.40000000e+03     1.85000000e+00     1.11352498e+03     2.98360009e+02     2.37867994e+02     1.26057219e+02   
    7.60000000e+03     1.90000000e+00     1.11351318e+03     3.06249426e+02     2.35024789e+02     1.21559241e+02   
    7.80000000e+03     1.95000000e+00     1.11352496e+03     3.05244756e+02     2.36852625e+02     1.23803570e+02   
    8.00000000e+03     2.00000000e+00     1.11353132e+03     3.03659555e+02     2.35082524e+02     1.21820637e+02   
    8.20000000e+03     2.05000000e+00     1.11353057e+03     3.01147916e+02     2.35917251e+02     1.22496490e+02   
    8.40000000e+03     2.10000000e+00     1.11353693e+03     3.03060333e+02     2.36969032e+02     1.24309289e+02   
    8.60000000e+03     2.15000000e+00     1.11353430e+03     2.99865004e+02     2.35773454e+02     1.23243777e+02   
    8.80000000e+03     2.20000000e+00     1.11353947e+03     2.98241501e+02     2.34756014e+02     1.22786032e+02   
    9.00000000e+03     2.25000000e+00     1.11355045e+03     2.99615027e+02     2.36430576e+02     1.25197730e+02   
    9.20000000e+03     2.30000000e+00     1.11356750e+03     3.02439789e+02     2.37518153e+02     1.26092550e+02   
    9.40000000e+03     2.35000000e+00     1.11355984e+03     3.02563132e+02     2.35455805e+02     1.23666970e+02   
    9.60000000e+03     2.40000000e+00     1.11356972e+03     3.01165468e+02     2.38301953e+02     1.26975758e+02   
    9.80000000e+03     2.45000000e+00     1.11355546e+03     3.02273925e+02     2.33870107e+02     1.23352327e+02   
    1.00000000e+04     2.50000000e+00     1.11355970e+03     2.99361221e+02     2.35784410e+02     1.25329029e+02   
    1.02000000e+04     2.55000000e+00     1.11356223e+03     2.99554451e+02     2.36284303e+02     1.26220189e+02   
    1.04000000e+04     2.60000000e+00     1.11356197e+03     2.98552679e+02     2.38774133e+02     1.29443913e+02   
    1.06000000e+04     2.65000000e+00     1.11353652e+03     3.03833404e+02     2.35287760e+02     1.25745229e+02   
    1.08000000e+04     2.70000000e+00     1.11354781e+03     2.98126608e+02     2.36761808e+02     1.26589887e+02   
    1.10000000e+04     2.75000000e+00     1.11355357e+03     3.04348360e+02     2.37878823e+02     1.26139217e+02   
    1.12000000e+04     2.80000000e+00     1.11356524e+03     3.02025479e+02     2.36688849e+02     1.25163692e+02   
    1.14000000e+04     2.85000000e+00     1.11357432e+03     3.06074722e+02     2.36514692e+02     1.26629703e+02   
    1.16000000e+04     2.90000000e+00     1.11358274e+03     3.02634660e+02     2.36719588e+02     1.27883127e+02   
    1.18000000e+04     2.95000000e+00     1.11357558e+03     2.98660897e+02     2.35407981e+02     1.25209307e+02   
    1.20000000e+04     3.00000000e+00     1.11357119e+03     3.00610152e+02     2.33949772e+02     1.24866863e+02   
    1.22000000e+04     3.05000000e+00     1.11357848e+03     3.01777943e+02     2.35795940e+02     1.26051733e+02   
    1.24000000e+04     3.10000000e+00     1.11358655e+03     3.01543875e+02     2.35770821e+02     1.28493107e+02   
    1.26000000e+04     3.15000000e+00     1.11358432e+03     3.00716744e+02     2.34665626e+02     1.24878104e+02   
    1.28000000e+04     3.20000000e+00     1.11359514e+03     2.96709371e+02     2.37074575e+02     1.27552644e+02   
    1.30000000e+04     3.25000000e+00     1.11358172e+03     3.02079787e+02     2.36697937e+02     1.25203966e+02   
    1.32000000e+04     3.30000000e+00     1.11358734e+03     2.98576652e+02     2.37123118e+02     1.27615831e+02   
    1.34000000e+04     3.35000000e+00     1.11357953e+03     2.98261351e+02     2.36840171e+02     1.27718803e+02   
    1.36000000e+04     3.40000000e+00     1.11356491e+03     3.03245730e+02     2.34002000e+02     1.23478235e+02   
    1.38000000e+04     3.45000000e+00     1.11357620e+03     3.04803625e+02     2.37047760e+02     1.26652542e+02   
    1.40000000e+04     3.50000000e+00     1.11356814e+03     3.03023287e+02     2.37118886e+02     1.27013291e+02   
    1.42000000e+04     3.55000000e+00     1.11357567e+03     3.02616257e+02     2.36116368e+02     1.26813527e+02   
    1.44000000e+04     3.60000000e+00     1.11356882e+03     2.98738931e+02     2.35204972e+02     1.26427835e+02   
    1.46000000e+04     3.65000000e+00     1.11358364e+03     3.00620762e+02     2.36271243e+02     1.27175046e+02   
    1.48000000e+04     3.70000000e+00     1.11358392e+03     3.01593316e+02     2.36627426e+02     1.27370639e+02   
    1.50000000e+04     3.75000000e+00     1.11359019e+03     3.00010335e+02     2.37111491e+02     1.27678749e+02   
    1.52000000e+04     3.80000000e+00     1.11358810e+03     3.00535883e+02     2.37062000e+02     1.27754849e+02   
    1.54000000e+04     3.85000000e+00     1.11357774e+03     2.99409706e+02     2.37408098e+02     1.27264699e+02   
    1.56000000e+04     3.90000000e+00     1.11355789e+03     3.01302554e+02     2.35526066e+02     1.25541066e+02   
    1.58000000e+04     3.95000000e+00     1.11355946e+03     2.99919417e+02     2.36793481e+02     1.27512933e+02   
    1.60000000e+04     4.00000000e+00     1.11355001e+03     3.01642181e+02     2.37197859e+02     1.25776978e+02   
    1.62000000e+04     4.05000000e+00     1.11354458e+03     2.98299256e+02     2.36099010e+02     1.25502934e+02   
    1.64000000e+04     4.10000000e+00     1.11353636e+03     3.02457354e+02     2.36357968e+02     1.25472319e+02   
    1.66000000e+04     4.15000000e+00     1.11352529e+03     2.97849925e+02     2.35323434e+02     1.24359454e+02   
    1.68000000e+04     4.20000000e+00     1.11352521e+03     2.96911551e+02     2.34489083e+02     1.24805819e+02   
    1.70000000e+04     4.25000000e+00     1.11352378e+03     2.97350448e+02     2.35445791e+02     1.22724567e+02   
    1.72000000e+04     4.30000000e+00     1.11352522e+03     2.96247085e+02     2.36814034e+02     1.27298613e+02   
    1.74000000e+04     4.35000000e+00     1.11350957e+03     2.97531536e+02     2.34172462e+02     1.22118285e+02   
    1.76000000e+04     4.40000000e+00     1.11352164e+03     2.98719500e+02     2.37092621e+02     1.25132130e+02   
    1.78000000e+04     4.45000000e+00     1.11352058e+03     3.00118311e+02     2.36351185e+02     1.23861021e+02   
    1.80000000e+04     4.50000000e+00     1.11352489e+03     2.98615746e+02     2.36215335e+02     1.24064939e+02   
    1.82000000e+04     4.55000000e+00     1.11351028e+03     2.99464641e+02     2.36250603e+02     1.22577050e+02   
    1.84000000e+04     4.60000000e+00     1.11352179e+03     3.01791398e+02     2.34538694e+02     1.22369153e+02   
    1.86000000e+04     4.65000000e+00     1.11354414e+03     3.01760473e+02     2.37780334e+02     1.25891905e+02   
    1.88000000e+04     4.70000000e+00     1.11356702e+03     3.01119177e+02     2.37149408e+02     1.27455933e+02   
    1.90000000e+04     4.75000000e+00     1.11358678e+03     2.99584894e+02     2.37972855e+02     1.30391442e+02   
    1.92000000e+04     4.80000000e+00     1.11356922e+03     3.02069345e+02     2.35224624e+02     1.24287104e+02   
    1.94000000e+04     4.85000000e+00     1.11359369e+03     3.00488376e+02     2.37073213e+02     1.27742859e+02   
    1.96000000e+04     4.90000000e+00     1.11359148e+03     3.01488809e+02     2.36512303e+02     1.25570411e+02   
    1.98000000e+04     4.95000000e+00     1.11359202e+03     3.04892298e+02     2.36411774e+02     1.25162209e+02   
    2.00000000e+04     5.00000000e+00     1.11359169e+03     2.98774796e+02     2.35457358e+02     1.24145706e+02   
    2.02000000e+04     5.05000000e+00     1.11359088e+03     3.01172958e+02     2.35701488e+02     1.23299211e+02   
    2.04000000e+04     5.10000000e+00     1.11358939e+03     3.02521114e+02     2.36715814e+02     1.24731316e+02   
    2.06000000e+04     5.15000000e+00     1.11358228e+03     3.00852140e+02     2.36627813e+02     1.24820945e+02   
    2.08000000e+04     5.20000000e+00     1.11357946e+03     3.02571002e+02     2.37212785e+02     1.27080982e+02   
    2.10000000e+04     5.25000000e+00     1.11358168e+03     2.99521567e+02     2.36546479e+02     1.24920629e+02   
    2.12000000e+04     5.30000000e+00     1.11358931e+03     2.99233687e+02     2.35975407e+02     1.26694678e+02   
    2.14000000e+04     5.35000000e+00     1.11359093e+03     3.02574939e+02     2.36398616e+02     1.23788404e+02   
    2.16000000e+04     5.40000000e+00     1.11359808e+03     3.00450613e+02     2.35216463e+02     1.24771755e+02   
    2.18000000e+04     5.45000000e+00     1.11360675e+03     2.99318852e+02     2.36076503e+02     1.25031201e+02   
    2.20000000e+04     5.50000000e+00     1.11361107e+03     3.00079241e+02     2.36176455e+02     1.25945465e+02   
    2.22000000e+04     5.55000000e+00     1.11361712e+03     3.01449333e+02     2.36739428e+02     1.26417554e+02   
    2.24000000e+04     5.60000000e+00     1.11360691e+03     2.97593212e+02     2.35165631e+02     1.24728923e+02   
    2.26000000e+04     5.65000000e+00     1.11360133e+03     2.98493830e+02     2.34895220e+02     1.24205408e+02   
    2.28000000e+04     5.70000000e+00     1.11362391e+03     2.99915994e+02     2.37735265e+02     1.27282579e+02   
    2.30000000e+04     5.75000000e+00     1.11362096e+03     3.03562806e+02     2.36676378e+02     1.26183687e+02   
    2.32000000e+04     5.80000000e+00     1.11362372e+03     3.00061846e+02     2.36990870e+02     1.27731234e+02   
    2.34000000e+04     5.85000000e+00     1.11362973e+03     3.01760631e+02     2.35624754e+02     1.25652998e+02   
    2.36000000e+04     5.90000000e+00     1.11363266e+03     3.03220614e+02     2.35491830e+02     1.24813280e+02   
    2.38000000e+04     5.95000000e+00     1.11364281e+03     2.98088727e+02     2.36847033e+02     1.25460717e+02   
    2.40000000e+04     6.00000000e+00     1.11364734e+03     3.01248053e+02     2.37908496e+02     1.26566340e+02   
    2.42000000e+04     6.05000000e+00     1.11362686e+03     3.00880444e+02     2.36678367e+02     1.24242634e+02   
    2.44000000e+04     6.10000000e+00     1.11361965e+03     3.01881587e+02     2.35807187e+02     1.23923267e+02   
    2.46000000e+04     6.15000000e+00     1.11362185e+03     2.99397224e+02     2.36906534e+02     1.24449394e+02   
    2.48000000e+04     6.20000000e+00     1.11361446e+03     3.00187018e+02     2.34825580e+02     1.21856836e+02   
    2.50000000e+04     6.25000000e+00     1.11362406e+03     3.00039764e+02     2.33981471e+02     1.21593502e+02   
    2.52000000e+04     6.30000000e+00     1.11363945e+03     2.98693012e+02     2.36622195e+02     1.23906359e+02   
    2.54000000e+04     6.35000000e+00     1.11363667e+03     2.96959623e+02     2.35847944e+02     1.24420374e+02   
    2.56000000e+04     6.40000000e+00     1.11362932e+03     3.01052532e+02     2.35255806e+02     1.23738405e+02   
    2.58000000e+04     6.45000000e+00     1.11362996e+03     2.98024504e+02     2.35382178e+02     1.23586667e+02   
    2.60000000e+04     6.50000000e+00     1.11365066e+03     3.01245195e+02     2.37964501e+02     1.26688770e+02   
    2.62000000e+04     6.55000000e+00     1.11365458e+03     2.97814553e+02     2.37198917e+02     1.26826099e+02   
    2.64000000e+04     6.60000000e+00     1.11366362e+03     2.96603556e+02     2.36763355e+02     1.26607220e+02   
    2.66000000e+04     6.65000000e+00     1.11367739e+03     2.99164850e+02     2.37553229e+02     1.28794381e+02   
    2.68000000e+04     6.70000000e+00     1.11367269e+03     3.03979444e+02     2.36388240e+02     1.25192412e+02   
    2.70000000e+04     6.75000000e+00     1.11367370e+03     2.98380988e+02     2.35746116e+02     1.25828460e+02   
    2.72000000e+04     6.80000000e+00     1.11367102e+03     3.02073990e+02     2.35282809e+02     1.23363482e+02   
    2.74000000e+04     6.85000000e+00     1.11367215e+03     2.98174922e+02     2.37509034e+02     1.27348071e+02   
    2.76000000e+04     6.90000000e+00     1.11365937e+03     2.99684636e+02     2.35901132e+02     1.22173045e+02   
    2.78000000e+04     6.95000000e+00     1.11366636e+03     2.97175103e+02     2.37634895e+02     1.26823767e+02   
    2.80000000e+04     7.00000000e+00     1.11365725e+03     2.99781454e+02     2.36467136e+02     1.25293400e+02   
    2.82000000e+04     7.05000000e+00     1.11366577e+03     2.95225539e+02     2.36897786e+02     1.26381365e+02   
    2.84000000e+04     7.10000000e+00     1.11367313e+03     2.96332136e+02     2.36719153e+02     1.26243344e+02   
    2.86000000e+04     7.15000000e+00     1.11366496e+03     3.01719762e+02     2.36007428e+02     1.24222274e+02   
    2.88000000e+04     7.20000000e+00     1.11366201e+03     3.01299452e+02     2.36550636e+02     1.24086225e+02   
    2.90000000e+04     7.25000000e+00     1.11364850e+03     2.98944581e+02     2.34709131e+02     1.23016585e+02   
    2.92000000e+04     7.30000000e+00     1.11365445e+03     3.00771428e+02     2.36170284e+02     1.23065728e+02   
    2.94000000e+04     7.35000000e+00     1.11363961e+03     3.00525612e+02     2.34163276e+02     1.22880003e+02   
    2.96000000e+04     7.40000000e+00     1.11363546e+03     3.00712217e+02     2.37407391e+02     1.24912677e+02   
    2.98000000e+04     7.45000000e+00     1.11362130e+03     3.01279094e+02     2.37444039e+02     1.24782829e+02   
    3.00000000e+04     7.50000000e+00     1.11361093e+03     3.01198129e+02     2.36794096e+02     1.23976461e+02   
    3.02000000e+04     7.55000000e+00     1.11360452e+03     3.01684744e+02     2.36766824e+02     1.23214597e+02   
    3.04000000e+04     7.60000000e+00     1.11361771e+03     2.98167666e+02     2.36318863e+02     1.25026800e+02   
    3.06000000e+04     7.65000000e+00     1.11361809e+03     2.99641383e+02     2.36820896e+02     1.22953994e+02   
    3.08000000e+04     7.70000000e+00     1.11362090e+03     3.02563658e+02     2.36404818e+02     1.23819743e+02   
    3.10000000e+04     7.75000000e+00     1.11362380e+03     3.01171078e+02     2.35167387e+02     1.22458867e+02   
    3.12000000e+04     7.80000000e+00     1.11363809e+03     2.98929423e+02     2.35894466e+02     1.24561320e+02   
    3.14000000e+04     7.85000000e+00     1.11365244e+03     2.95817260e+02     2.38584046e+02     1.27730753e+02   
    3.16000000e+04     7.90000000e+00     1.11364484e+03     3.02969220e+02     2.36354067e+02     1.24006256e+02   
    3.18000000e+04     7.95000000e+00     1.11365037e+03     3.00840199e+02     2.36325574e+02     1.24910850e+02   
    3.20000000e+04     8.00000000e+00     1.11365337e+03     3.03417604e+02     2.37816243e+02     1.25227699e+02   
    3.22000000e+04     8.05000000e+00     1.11365073e+03     3.01203127e+02     2.35971280e+02     1.22130693e+02   
    3.24000000e+04     8.10000000e+00     1.11366106e+03     3.02116896e+02     2.36311283e+02     1.22970594e+02   
    3.26000000e+04     8.15000000e+00     1.11365314e+03     2.99407530e+02     2.37321223e+02     1.24356918e+02   
    3.28000000e+04     8.20000000e+00     1.11365453e+03     3.02384912e+02     2.35885168e+02     1.25752297e+02   
    3.30000000e+04     8.25000000e+00     1.11366246e+03     3.00662142e+02     2.35751575e+02     1.23758454e+02   
    3.32000000e+04     8.30000000e+00     1.11367698e+03     2.99749573e+02     2.35897726e+02     1.24317194e+02   
    3.34000000e+04     8.35000000e+00     1.11368728e+03     3.00022732e+02     2.36026638e+02     1.25841980e+02   
    3.36000000e+04     8.40000000e+00     1.11369856e+03     2.96424820e+02     2.35759671e+02     1.27761241e+02   
    3.38000000e+04     8.45000000e+00     1.11370016e+03     2.97828650e+02     2.36245421e+02     1.27096535e+02   
    3.40000000e+04     8.50000000e+00     1.11371126e+03     3.00964214e+02     2.35972769e+02     1.25748220e+02   
    3.42000000e+04     8.55000000e+00     1.11370320e+03     2.98009809e+02     2.35160282e+02     1.24628835e+02   
    3.44000000e+04     8.60000000e+00     1.11369666e+03     2.98579458e+02     2.35654810e+02     1.24717836e+02   
    3.46000000e+04     8.65000000e+00     1.11368314e+03     2.98386043e+02     2.34915010e+02     1.23429130e+02   
    3.48000000e+04     8.70000000e+00     1.11368176e+03     2.97903621e+02     2.35512379e+02     1.25108722e+02   
    3.50000000e+04     8.75000000e+00     1.11368866e+03     2.99905325e+02     2.37134985e+02     1.25412134e+02   
    3.52000000e+04     8.80000000e+00     1.11369458e+03     2.99548773e+02     2.35761592e+02     1.25842109e+02   
    3.54000000e+04     8.85000000e+00     1.11370617e+03     3.00158951e+02     2.35310201e+02     1.23489857e+02   
    3.56000000e+04     8.90000000e+00     1.11373075e+03     2.97419026e+02     2.37909785e+02     1.29013818e+02   
    3.58000000e+04     8.95000000e+00     1.11372705e+03     3.01269221e+02     2.35373651e+02     1.24975412e+02   
    3.60000000e+04     9.00000000e+00     1.11374275e+03     2.99588091e+02     2.37857770e+02     1.29315814e+02   
    3.62000000e+04     9.05000000e+00     1.11373506e+03     3.02455072e+02     2.37090298e+02     1.26646857e+02   
    3.64000000e+04     9.10000000e+00     1.11372726e+03     3.01642078e+02     2.37236094e+02     1.25932835e+02   
    3.66000000e+04     9.15000000e+00     1.11372552e+03     3.00220514e+02     2.38323817e+02     1.28187345e+02   
    3.68000000e+04     9.20000000e+00     1.11371449e+03     3.01515490e+02     2.36912664e+02     1.23663190e+02   
    3.70000000e+04     9.25000000e+00     1.11373131e+03     2.99301140e+02     2.36898188e+02     1.27022715e+02   
    3.72000000e+04     9.30000000e+00     1.11373365e+03     3.01604855e+02     2.33739582e+02     1.21741643e+02   
    3.74000000e+04     9.35000000e+00     1.11375842e+03     3.03084331e+02     2.35949476e+02     1.26902897e+02   
    3.76000000e+04     9.40000000e+00     1.11374629e+03     3.01142669e+02     2.36122054e+02     1.25423378e+02   
    3.78000000e+04     9.45000000e+00     1.11375732e+03     2.97215481e+02     2.35556637e+02     1.25607199e+02   
    3.80000000e+04     9.50000000e+00     1.11374320e+03     3.01625014e+02     2.34737479e+02     1.23485733e+02   
    3.82000000e+04     9.55000000e+00     1.11375092e+03     2.99454720e+02     2.38011539e+02     1.27581117e+02   
    3.84000000e+04     9.60000000e+00     1.11374752e+03     2.99397580e+02     2.36888350e+02     1.26472254e+02   
    3.86000000e+04     9.65000000e+00     1.11374900e+03     2.99191556e+02     2.35998187e+02     1.25172964e+02   
    3.88000000e+04     9.70000000e+00     1.11375790e+03     2.99650450e+02     2.36277618e+02     1.26631888e+02   
    3.90000000e+04     9.75000000e+00     1.11377255e+03     3.01968232e+02     2.36071535e+02     1.26934416e+02   
    3.92000000e+04     9.80000000e+00     1.11378223e+03     2.97089022e+02     2.36326799e+02     1.26840709e+02   
    3.94000000e+04     9.85000000e+00     1.11378001e+03     2.98714785e+02     2.35067802e+02     1.24745235e+02   
    3.96000000e+04     9.90000000e+00     1.11378680e+03     3.01082951e+02     2.37029542e+02     1.29478321e+02   
    3.98000000e+04     9.95000000e+00     1.11377593e+03     2.97754196e+02     2.37620781e+02     1.28412676e+02   
    4.00000000e+04     1.00000000e+01     1.11378971e+03     2.97414211e+02     2.37500483e+02     1.30611343e+02   
    4.02000000e+04     1.00500000e+01     1.11377846e+03     3.00784703e+02     2.34718535e+02     1.26219748e+02   
    4.04000000e+04     1.01000000e+01     1.11378125e+03     2.98994227e+02     2.36068465e+02     1.28313229e+02   
    4.06000000e+04     1.01500000e+01     1.11378607e+03     2.98145311e+02     2.36954428e+02     1.27932017e+02   
    4.08000000e+04     1.02000000e+01     1.11377780e+03     2.98939731e+02     2.34376632e+02     1.25036622e+02   
    4.10000000e+04     1.02500000e+01     1.11378880e+03     3.01213392e+02     2.35428937e+02     1.25880257e+02   
    4.12000000e+04     1.03000000e+01     1.11379499e+03     3.02763524e+02     2.35547069e+02     1.25846559e+02   
    4.14000000e+04     1.03500000e+01     1.11378937e+03     2.97865453e+02     2.33997441e+02     1.24817350e+02   
    4.16000000e+04     1.04000000e+01     1.11379611e+03     2.99128524e+02     2.35846909e+02     1.25666767e+02   
    4.18000000e+04     1.04500000e+01     1.11379755e+03     3.00656195e+02     2.36657751e+02     1.26753395e+02   
    4.20000000e+04     1.05000000e+01     1.11379059e+03     2.99436215e+02     2.35809654e+02     1.25578241e+02   
    4.22000000e+04     1.05500000e+01     1.11378980e+03     3.01276535e+02     2.37043188e+02     1.27805809e+02   
    4.24000000e+04     1.06000000e+01     1.11377464e+03     3.03492855e+02     2.35348110e+02     1.22833463e+02   
    4.26000000e+04     1.06500000e+01     1.11378939e+03     3.02203426e+02     2.36140450e+02     1.24938474e+02   
    4.28000000e+04     1.07000000e+01     1.11379847e+03     3.00621332e+02     2.37103129e+02     1.26262292e+02   
    4.30000000e+04     1.07500000e+01     1.11380121e+03     2.95514268e+02     2.36463389e+02     1.26752328e+02   
    4.32000000e+04     1.08000000e+01     1.11380059e+03     3.01469280e+02     2.36509821e+02     1.25902877e+02   
    4.34000000e+04     1.08500000e+01     1.11379509e+03     2.99731405e+02     2.36833377e+02     1.26634877e+02   
    4.36000000e+04     1.09000000e+01     1.11377621e+03     3.01798832e+02     2.34931090e+02     1.23148703e+02   
    4.38000000e+04     1.09500000e+01     1.11378268e+03     2.97743226e+02     2.36196875e+02     1.25694950e+02   
    4.40000000e+04     1.10000000e+01     1.11379136e+03     2.99255238e+02     2.38071430e+02     1.26427285e+02   
    4.42000000e+04     1.10500000e+01     1.11378412e+03     2.99830109e+02     2.35997504e+02     1.25201251e+02   
    4.44000000e+04     1.11000000e+01     1.11378761e+03     2.99658297e+02     2.34910440e+02     1.24727469e+02   
    4.46000000e+04     1.11500000e+01     1.11377803e+03     2.98869218e+02     2.35680393e+02     1.24874245e+02   
    4.48000000e+04     1.12000000e+01     1.11378934e+03     2.96915264e+02     2.37425085e+02     1.26033386e+02   
    4.50000000e+04     1.12500000e+01     1.11378549e+03     2.96408175e+02     2.35035939e+02     1.23495926e+02   
    4.52000000e+04     1.13000000e+01     1.11378828e+03     3.00437404e+02     2.36489274e+02     1.25557307e+02   
    4.54000000e+04     1.13500000e+01     1.11379964e+03     2.97869506e+02     2.37395365e+02     1.27212538e+02   
    4.56000000e+04     1.14000000e+01     1.11378040e+03     3.00159225e+02     2.34778511e+02     1.22392837e+02   
    4.58000000e+04     1.14500000e+01     1.11379920e+03     2.99407844e+02     2.37877250e+02     1.25926021e+02   
    4.60000000e+04     1.15000000e+01     1.11379564e+03     2.97402811e+02     2.36097766e+02     1.24948112e+02   
    4.62000000e+04     1.15500000e+01     1.11379769e+03     2.97340676e+02     2.33447332e+02     1.22544454e+02   
    4.64000000e+04     1.16000000e+01     1.11380038e+03     3.01464248e+02     2.35298881e+02     1.22552986e+02   
    4.66000000e+04     1.16500000e+01     1.11381730e+03     3.02647397e+02     2.35941434e+02     1.23426312e+02   
    4.68000000e+04     1.17000000e+01     1.11381272e+03     3.00477516e+02     2.35718621e+02     1.20685325e+02   
    4.70000000e+04     1.17500000e+01     1.11380558e+03     2.99372880e+02     2.33772489e+02     1.19106367e+02   
    4.72000000e+04     1.18000000e+01     1.11382051e+03     3.00245011e+02     2.37186457e+02     1.21420200e+02   
    4.74000000e+04     1.18500000e+01     1.11382724e+03     2.99324501e+02     2.36634497e+02     1.22454777e+02   
    4.76000000e+04     1.19000000e+01     1.11383788e+03     2.99920342e+02     2.36831566e+02     1.22893929e+02   
    4.78000000e+04     1.19500000e+01     1.11382773e+03     3.02854893e+02     2.35918806e+02     1.20243683e+02   
    4.80000000e+04     1.20000000e+01     1.11384260e+03     3.00884073e+02     2.38213460e+02     1.23587632e+02   
    4.82000000e+04     1.20500000e+01     1.11383365e+03     3.01140401e+02     2.36609682e+02     1.23357172e+02   
    4.84000000e+04     1.21000000e+01     1.11382848e+03     2.96444766e+02     2.36487099e+02     1.22888544e+02   
    4.86000000e+04     1.21500000e+01     1.11384780e+03     3.01030929e+02     2.38407892e+02     1.23780819e+02   
    4.88000000e+04     1.22000000e+01     1.11384446e+03     3.03119548e+02     2.34632327e+02     1.19119617e+02   
    4.90000000e+04     1.22500000e+01     1.11385034e+03     3.01954086e+02     2.34612547e+02     1.19553516e+02   
    4.92000000e+04     1.23000000e+01     1.11385762e+03     2.97619174e+02     2.37221301e+02     1.21872026e+02   
    4.94000000e+04     1.23500000e+01     1.11385938e+03     2.98967431e+02     2.35917218e+02     1.22158666e+02   
    4.96000000e+04     1.24000000e+01     1.11386449e+03     3.01752652e+02     2.36551153e+02     1.23067491e+02   
    4.98000000e+04     1.24500000e+01     1.11387122e+03     2.98409665e+02     2.35018695e+02     1.22330997e+02   
    5.00000000e+04     1.25000000e+01     1.11387359e+03     2.99324625e+02     2.35784903e+02     1.23224920e+02   
    5.02000000e+04     1.25500000e+01     1.11388843e+03     2.97481648e+02     2.35237493e+02     1.24549132e+02   
    5.04000000e+04     1.26000000e+01     1.11390410e+03     3.01841689e+02     2.38296810e+02     1.26747645e+02   
    5.06000000e+04     1.26500000e+01     1.11389804e+03     2.98114395e+02     2.34832725e+02     1.23463222e+02   
    5.08000000e+04     1.27000000e+01     1.11391189e+03     3.00301838e+02     2.37893378e+02     1.26171119e+02   
    5.10000000e+04     1.27500000e+01     1.11389782e+03     2.99748025e+02     2.37349246e+02     1.25064270e+02   
    5.12000000e+04     1.28000000e+01     1.11388913e+03     2.99366147e+02     2.36504148e+02     1.24236623e+02   
    5.14000000e+04     1.28500000e+01     1.11387057e+03     3.00697937e+02     2.35361747e+02     1.22265352e+02   
    5.16000000e+04     1.29000000e+01     1.11387619e+03     3.00716583e+02     2.38310867e+02     1.27647857e+02   
    5.18000000e+04     1.29500000e+01     1.11385899e+03     3.00164544e+02     2.35909200e+02     1.22592798e+02   
    5.20000000e+04     1.30000000e+01     1.11387542e+03     2.99739140e+02     2.36397100e+02     1.25601123e+02   
    5.22000000e+04     1.30500000e+01     1.11387025e+03     3.00132437e+02     2.34839728e+02     1.21498851e+02   
    5.24000000e+04     1.31000000e+01     1.11387760e+03     2.96469434e+02     2.35546905e+02     1.24430230e+02   
    5.26000000e+04     1.31500000e+01     1.11388046e+03     2.97166249e+02     2.37665134e+02     1.25003633e+02   
    5.28000000e+04     1.32000000e+01     1.11387260e+03     2.99645399e+02     2.37965348e+02     1.25452301e+02   
    5.30000000e+04     1.32500000e+01     1.11386874e+03     3.01139528e+02     2.36175367e+02     1.23200766e+02   
    5.32000000e+04     1.33000000e+01     1.11385943e+03     3.02439741e+02     2.34732588e+02     1.21647209e+02   
    5.34000000e+04     1.33500000e+01     1.11386205e+03     2.99941117e+02     2.36646187e+02     1.25644640e+02   
    5.36000000e+04     1.34000000e+01     1.11385274e+03     3.01886746e+02     2.37675531e+02     1.24424569e+02   
    5.38000000e+04     1.34500000e+01     1.11385732e+03     3.00664860e+02     2.39102781e+02     1.27309360e+02   
    5.40000000e+04     1.35000000e+01     1.11383936e+03     3.01042115e+02     2.36267829e+02     1.22886518e+02   
    5.42000000e+04     1.35500000e+01     1.11384498e+03     3.03427384e+02     2.36191040e+02     1.24089196e+02   
    5.44000000e+04     1.36000000e+01     1.11385245e+03     2.99021512e+02     2.36123213e+02     1.26195165e+02   
    5.46000000e+04     1.36500000e+01     1.11387749e+03     3.01291410e+02     2.37808532e+02     1.27691717e+02   
    5.48000000e+04     1.37000000e+01     1.11386731e+03     3.03285012e+02     2.36153227e+02     1.25931230e+02   
    5.50000000e+04     1.37500000e+01     1.11387797e+03     3.00645410e+02     2.36350810e+02     1.25855148e+02   
    5.52000000e+04     1.38000000e+01     1.11387791e+03     2.97756102e+02     2.36355439e+02     1.24745423e+02   
    5.54000000e+04     1.38500000e+01     1.11387480e+03     3.01110277e+02     2.35824466e+02     1.24689942e+02   
    5.56000000e+04     1.39000000e+01     1.11387748e+03     3.01957136e+02     2.34387839e+02     1.23657121e+02   
    5.58000000e+04     1.39500000e+01     1.11387627e+03     3.01522767e+02     2.33901507e+02     1.24443038e+02   
    5.60000000e+04     1.40000000e+01     1.11389178e+03     2.97745053e+02     2.36105008e+02     1.26528070e+02   
    5.62000000e+04     1.40500000e+01     1.11390391e+03     3.00450527e+02     2.35725139e+02     1.26080422e+02   
    5.64000000e+04     1.41000000e+01     1.11391291e+03     3.01060903e+02     2.36534523e+02     1.26825727e+02   
    5.66000000e+04     1.41500000e+01     1.11391771e+03     3.00802860e+02     2.37403581e+02     1.28212831e+02   
    5.68000000e+04     1.42000000e+01     1.11392920e+03     3.01054018e+02     2.38002706e+02     1.29749499e+02   
    5.70000000e+04     1.42500000e+01     1.11391644e+03     3.03072141e+02     2.36102850e+02     1.25717802e+02   
    5.72000000e+04     1.43000000e+01     1.11393883e+03     3.00239462e+02     2.36585961e+02     1.27453292e+02   
    5.74000000e+04     1.43500000e+01     1.11394475e+03     2.99879912e+02     2.37794972e+02     1.26870663e+02   
    5.76000000e+04     1.44000000e+01     1.11395598e+03     2.96988698e+02     2.36497248e+02     1.26863757e+02   
    5.78000000e+04     1.44500000e+01     1.11395985e+03     2.99948553e+02     2.37544006e+02     1.27672315e+02   
    5.80000000e+04     1.45000000e+01     1.11394556e+03     3.00055153e+02     2.34154407e+02     1.21303918e+02   
    5.82000000e+04     1.45500000e+01     1.11395670e+03     3.00430770e+02     2.36571817e+02     1.24859189e+02   
    5.84000000e+04     1.46000000e+01     1.11395386e+03     2.99172469e+02     2.35469641e+02     1.22357436e+02   
    5.86000000e+04     1.46500000e+01     1.11395885e+03     2.97724532e+02     2.34482903e+02     1.23819701e+02   
    5.88000000e+04     1.47000000e+01     1.11396864e+03     3.01817941e+02     2.34841984e+02     1.22010984e+02   
    5.90000000e+04     1.47500000e+01     1.11399507e+03     2.97035274e+02     2.37827979e+02     1.26710554e+02   
    5.92000000e+04     1.48000000e+01     1.11398759e+03     3.00167558e+02     2.36801790e+02     1.25408148e+02   
    5.94000000e+04     1.48500000e+01     1.11398787e+03     3.00305414e+02     2.36063331e+02     1.25346969e+02   
    5.96000000e+04     1.49000000e+01     1.11397879e+03     2.99845037e+02     2.35551557e+02     1.22193364e+02   
    5.98000000e+04     1.49500000e+01     1.11399851e+03     3.00116695e+02     2.36980771e+02     1.25418269e+02   
    6.00000000e+04     1.50000000e+01     1.11399932e+03     3.01543701e+02     2.36672386e+02     1.23395040e+02   
    6.02000000e+04     1.50500000e+01     1.11398671e+03     3.00014363e+02     2.35305411e+02     1.21794643e+02   
    6.04000000e+04     1.51000000e+01     1.11400464e+03     3.00854077e+02     2.37686955e+02     1.23897341e+02   
    6.06000000e+04     1.51500000e+01     1.11399896e+03     2.98844277e+02     2.36623021e+02     1.23013205e+02   
    6.08000000e+04     1.52000000e+01     1.11399193e+03     2.99486652e+02     2.34777718e+02     1.23124667e+02   
    6.10000000e+04     1.52500000e+01     1.11399203e+03     2.99918451e+02     2.35563420e+02     1.24747851e+02   
    6.12000000e+04     1.53000000e+01     1.11397912e+03     3.01563908e+02     2.34884825e+02     1.24055524e+02   
    6.14000000e+04     1.53500000e+01     1.11397419e+03     2.98055018e+02     2.35661320e+02     1.23930033e+02   
    6.16000000e+04     1.54000000e+01     1.11396134e+03     2.98678624e+02     2.35278996e+02     1.24479748e+02   
    6.18000000e+04     1.54500000e+01     1.11394552e+03     3.01752807e+02     2.33055484e+02     1.20733143e+02   
    6.20000000e+04     1.55000000e+01     1.11395336e+03     2.99075746e+02     2.35704352e+02     1.24084958e+02   
    6.22000000e+04     1.55500000e+01     1.11396145e+03     3.03593599e+02     2.39142644e+02     1.26363160e+02   
    6.24000000e+04     1.56000000e+01     1.11395712e+03     3.01773177e+02     2.36730711e+02     1.24990480e+02   
    6.26000000e+04     1.56500000e+01     1.11395671e+03     2.99081325e+02     2.34250578e+02     1.21640957e+02   
    6.28000000e+04     1.57000000e+01     1.11396290e+03     3.00572863e+02     2.36842689e+02     1.24794902e+02   
    6.30000000e+04     1.57500000e+01     1.11396984e+03     2.96964997e+02     2.37239889e+02     1.27335494e+02   
    6.32000000e+04     1.58000000e+01     1.11397522e+03     2.98297399e+02     2.34953511e+02     1.24313895e+02   
    6.34000000e+04     1.58500000e+01     1.11398508e+03     2.98838436e+02     2.36978343e+02     1.25254630e+02   
    6.36000000e+04     1.59000000e+01     1.11398751e+03     3.00175637e+02     2.36152356e+02     1.23499810e+02   
    6.38000000e+04     1.59500000e+01     1.11398504e+03     3.02048100e+02     2.35508468e+02     1.23287894e+02   
    6.40000000e+04     1.60000000e+01     1.11398870e+03     3.01315554e+02     2.35763404e+02     1.23399466e+02   
    6.42000000e+04     1.60500000e+01     1.11399937e+03     2.98265767e+02     2.37161153e+02     1.25989814e+02   
    6.44000000e+04     1.61000000e+01     1.11399379e+03     3.00841143e+02     2.36586453e+02     1.25153645e+02   
    6.46000000e+04     1.61500000e+01     1.11397749e+03     3.01348349e+02     2.35493704e+02     1.23852455e+02   
    6.48000000e+04     1.62000000e+01     1.11397194e+03     3.02028163e+02     2.35320663e+02     1.22717782e+02   
    6.50000000e+04     1.62500000e+01     1.11397226e+03     3.01718410e+02     2.37060385e+02     1.26447402e+02   
    6.52000000e+04     1.63000000e+01     1.11396661e+03     2.99599159e+02     2.37539713e+02     1.24763256e+02   
    6.54000000e+04     1.63500000e+01     1.11396627e+03     2.98601864e+02     2.36960956e+02     1.26354503e+02   
    6.56000000e+04     1.64000000e+01     1.11395318e+03     2.96345702e+02     2.35384124e+02     1.23304264e+02   
    6.58000000e+04     1.64500000e+01     1.11397041e+03     3.00758075e+02     2.37112545e+02     1.25311039e+02   
    6.60000000e+04     1.65000000e+01     1.11398320e+03     2.97202313e+02     2.35917939e+02     1.24242473e+02   
    6.62000000e+04     1.65500000e+01     1.11399774e+03     3.02123639e+02     2.37440521e+02     1.26618966e+02   
    6.64000000e+04     1.66000000e+01     1.11398320e+03     3.01548588e+02     2.34335134e+02     1.22751389e+02   
    6.66000000e+04     1.66500000e+01     1.11398378e+03     3.02566234e+02     2.37698285e+02     1.27164860e+02   
    6.68000000e+04     1.67000000e+01     1.11396685e+03     3.00214212e+02     2.34868292e+02     1.23663215e+02   
    6.70000000e+04     1.67500000e+01     1.11397707e+03     2.95527790e+02     2.35292233e+02     1.25562354e+02   
    6.72000000e+04     1.68000000e+01     1.11398967e+03     2.98918975e+02     2.35425164e+02     1.23412275e+02   
    6.74000000e+04     1.68500000e+01     1.11399340e+03     3.00582251e+02     2.34980048e+02     1.21680489e+02   
    6.76000000e+04     1.69000000e+01     1.11399997e+03     3.01085352e+02     2.36223121e+02     1.23448681e+02   
    6.78000000e+04     1.69500000e+01     1.11400055e+03     3.02116157e+02     2.35462897e+02     1.22804385e+02   
    6.80000000e+04     1.70000000e+01     1.11399599e+03     3.01921415e+02     2.33397453e+02     1.19574040e+02   
    6.82000000e+04     1.70500000e+01     1.11401912e+03     2.98845905e+02     2.36435285e+02     1.25245193e+02   
    6.84000000e+04     1.71000000e+01     1.11402619e+03     3.01463234e+02     2.37052211e+02     1.27816355e+02   
    6.86000000e+04     1.71500000e+01     1.11402174e+03     3.00222337e+02     2.36525733e+02     1.25866798e+02   
    6.88000000e+04     1.72000000e+01     1.11401081e+03     3.02250708e+02     2.34555102e+02     1.23975493e+02   
    6.90000000e+04     1.72500000e+01     1.11400578e+03     3.03655406e+02     2.35680348e+02     1.24556187e+02   
    6.92000000e+04     1.73000000e+01     1.11402466e+03     3.00427758e+02     2.37178234e+02     1.28557972e+02   
    6.94000000e+04     1.73500000e+01     1.11400966e+03     2.99040927e+02     2.34988358e+02     1.24925378e+02   
    6.96000000e+04     1.74000000e+01     1.11401786e+03     3.00751309e+02     2.36192811e+02     1.26578886e+02   
    6.98000000e+04     1.74500000e+01     1.11400188e+03     2.98764615e+02     2.34657990e+02     1.24014312e+02   
    7.00000000e+04     1.75000000e+01     1.11400246e+03     3.00547336e+02     2.33995511e+02     1.24378755e+02   
    7.02000000e+04     1.75500000e+01     1.11400308e+03     3.00935665e+02     2.35736631e+02     1.23594806e+02   
    7.04000000e+04     1.76000000e+01     1.11399514e+03     3.00515668e+02     2.35569250e+02     1.26701464e+02   
    7.06000000e+04     1.76500000e+01     1.11398107e+03     3.01581895e+02     2.35878234e+02     1.23510521e+02   
    7.08000000e+04     1.77000000e+01     1.11395361e+03     3.03260385e+02     2.33457087e+02     1.19980616e+02   
    7.10000000e+04     1.77500000e+01     1.11393975e+03     3.00054774e+02     2.33934028e+02     1.20661039e+02   
    7.12000000e+04     1.78000000e+01     1.11394330e+03     3.02937738e+02     2.36743517e+02     1.24614170e+02   
    7.14000000e+04     1.78500000e+01     1.11393820e+03     3.01205861e+02     2.35044047e+02     1.25211743e+02   
    7.16000000e+04     1.79000000e+01     1.11394812e+03     3.05141131e+02     2.37111899e+02     1.26245758e+02   
    7.18000000e+04     1.79500000e+01     1.11393318e+03     2.99844430e+02     2.34601150e+02     1.23058780e+02   
    7.20000000e+04     1.80000000e+01     1.11394368e+03     2.99932940e+02     2.35903911e+02     1.25605045e+02   
    7.22000000e+04     1.80500000e+01     1.11394695e+03     2.99677677e+02     2.36174361e+02     1.25468581e+02   
    7.24000000e+04     1.81000000e+01     1.11395522e+03     3.00222929e+02     2.35580460e+02     1.23352339e+02   
    7.26000000e+04     1.81500000e+01     1.11397506e+03     2.99686375e+02     2.37098455e+02     1.25215486e+02   
    7.28000000e+04     1.82000000e+01     1.11397998e+03     3.01191575e+02     2.37028191e+02     1.24675221e+02   
    7.30000000e+04     1.82500000e+01     1.11396172e+03     3.01668953e+02     2.34004187e+02     1.21572934e+02   
    7.32000000e+04     1.83000000e+01     1.11396735e+03     3.00918850e+02     2.34138816e+02     1.21110364e+02   
    7.34000000e+04     1.83500000e+01     1.11398019e+03     3.00408069e+02     2.35361422e+02     1.22751896e+02   
    7.36000000e+04     1.84000000e+01     1.11398226e+03     3.02706609e+02     2.35449563e+02     1.24429940e+02   
    7.38000000e+04     1.84500000e+01     1.11398400e+03     3.02290269e+02     2.36862250e+02     1.25371058e+02   
    7.40000000e+04     1.85000000e+01     1.11397845e+03     2.98690545e+02     2.34932560e+02     1.23263353e+02   
    7.42000000e+04     1.85500000e+01     1.11398482e+03     3.02200200e+02     2.37091552e+02     1.25211377e+02   
    7.44000000e+04     1.86000000e+01     1.11398130e+03     3.02123295e+02     2.35927534e+02     1.24374998e+02   
    7.46000000e+04     1.86500000e+01     1.11398260e+03     2.99623833e+02     2.37389455e+02     1.25431597e+02   
    7.48000000e+04     1.87000000e+01     1.11398028e+03     3.00661276e+02     2.37277472e+02     1.25293888e+02   
    7.50000000e+04     1.87500000e+01     1.11398285e+03     2.98468170e+02     2.37614846e+02     1.24341889e+02   
    7.52000000e+04     1.88000000e+01     1.11397439e+03     3.02285971e+02     2.36613975e+02     1.23038029e+02   
    7.54000000e+04     1.88500000e+01     1.11397041e+03     2.99790236e+02     2.36246454e+02     1.23944389e+02   
    7.56000000e+04     1.89000000e+01     1.11396182e+03     2.98164907e+02     2.36128762e+02     1.24049101e+02   
    7.58000000e+04     1.89500000e+01     1.11395035e+03     2.99181697e+02     2.33683966e+02     1.22176742e+02   
    7.60000000e+04     1.90000000e+01     1.11396421e+03     3.02828706e+02     2.36712669e+02     1.24844540e+02   
    7.62000000e+04     1.90500000e+01     1.11396918e+03     3.03028243e+02     2.36588257e+02     1.25352196e+02   
    7.64000000e+04     1.91000000e+01     1.11397352e+03     2.99016567e+02     2.36945794e+02     1.23743990e+02   
    7.66000000e+04     1.91500000e+01     1.11398913e+03     3.03368561e+02     2.36996498e+02     1.25287345e+02   
    7.68000000e+04     1.92000000e+01     1.11398809e+03     3.01691831e+02     2.36043690e+02     1.22347023e+02   
    7.70000000e+04     1.92500000e+01     1.11400653e+03     2.99509676e+02     2.36432856e+02     1.24539773e+02   
    7.72000000e+04     1.93000000e+01     1.11399008e+03     3.05883119e+02     2.35605655e+02     1.20879433e+02   
    7.74000000e+04     1.93500000e+01     1.11400584e+03     3.01928685e+02     2.36911799e+02     1.23242789e+02   
    7.76000000e+04     1.94000000e+01     1.11399785e+03     2.96623933e+02     2.35972168e+02     1.24528045e+02   
    7.78000000e+04     1.94500000e+01     1.11400427e+03     3.01638105e+02     2.35790738e+02     1.26578937e+02   
    7.80000000e+04     1.95000000e+01     1.11401439e+03     3.00735808e+02     2.37343604e+02     1.28151941e+02   
    7.82000000e+04     1.95500000e+01     1.11400820e+03     2.99980758e+02     2.35576591e+02     1.25227676e+02   
    7.84000000e+04     1.96000000e+01     1.11401297e+03     2.98858809e+02     2.34912262e+02     1.26392618e+02   
    7.86000000e+04     1.96500000e+01     1.11403285e+03     2.97850395e+02     2.37396633e+02     1.27727852e+02   
    7.88000000e+04     1.97000000e+01     1.11404321e+03     2.98830294e+02     2.34612188e+02     1.27795295e+02   
    7.90000000e+04     1.97500000e+01     1.11403561e+03     3.01523713e+02     2.36519809e+02     1.26139995e+02   
    7.92000000e+04     1.98000000e+01     1.11403968e+03     2.98478842e+02     2.36858354e+02     1.26777367e+02   
    7.94000000e+04     1.98500000e+01     1.11403511e+03     3.00833464e+02     2.36278723e+02     1.25575836e+02   
    7.96000000e+04     1.99000000e+01     1.11404633e+03     3.01614566e+02     2.36540310e+02     1.27126174e+02   
    7.98000000e+04     1.99500000e+01     1.11404181e+03     3.01766210e+02     2.34640305e+02     1.26277325e+02   
    8.00000000e+04     2.00000000e+01     1.11405704e+03     2.98510544e+02     2.35059055e+02     1.25337188e+02   
