# column   1     --> step : The current simulation time step.
# column   2     --> time{picosecond} : The elapsed simulation time.
# column   3     --> conserved{electronvolt} : The value of the conserved energy quantity per bead.
# column   4     --> temperature{kelvin} : The current temperature, as obtained from the MD kinetic energy.
# column   5     --> kinetic_cv{electronvolt} : The centroid-virial quantum kinetic energy of the physical system.
# column   6     --> potential{electronvolt} : The physical system potential energy.
    0.00000000e+00     0.00000000e+00     1.11274253e+03     3.04273373e+02     2.34942202e+02     1.21456189e+02   
    2.00000000e+02     5.00000000e-02     1.11274777e+03     2.98011559e+02     2.37236167e+02     1.25038571e+02   
    4.00000000e+02     1.00000000e-01     1.11273124e+03     3.02940556e+02     2.36523357e+02     1.21816954e+02   
    6.00000000e+02     1.50000000e-01     1.11273352e+03     3.00470533e+02     2.33636565e+02     1.19967422e+02   
    8.00000000e+02     2.00000000e-01     1.11274981e+03     3.01207095e+02     2.37347999e+02     1.24065940e+02   
    1.00000000e+03     2.50000000e-01     1.11275322e+03     3.04150328e+02     2.35802018e+02     1.21328993e+02   
    1.20000000e+03     3.00000000e-01     1.11276236e+03     2.99019752e+02     2.36176133e+02     1.23697295e+02   
    1.40000000e+03     3.50000000e-01     1.11277781e+03     3.00191720e+02     2.37213241e+02     1.24319465e+02   
    1.60000000e+03     4.00000000e-01     1.11275531e+03     2.99075803e+02     2.34678313e+02     1.22540814e+02   
    1.80000000e+03     4.50000000e-01     1.11273536e+03     2.99075133e+02     2.35260015e+02     1.21899474e+02   
    2.00000000e+03     5.00000000e-01     1.11272338e+03     2.97447747e+02     2.35848315e+02     1.23116733e+02   
    2.20000000e+03     5.50000000e-01     1.11272120e+03     2.94033041e+02     2.36144044e+02     1.22678348e+02   
    2.40000000e+03     6.00000000e-01     1.11271781e+03     2.98569839e+02     2.36537214e+02     1.23540486e+02   
    2.60000000e+03     6.50000000e-01     1.11272338e+03     2.98521905e+02     2.36030864e+02     1.22458193e+02   
    2.80000000e+03     7.00000000e-01     1.11273366e+03     3.00143743e+02     2.36867982e+02     1.23479545e+02   
    3.00000000e+03     7.50000000e-01     1.11272809e+03     2.99922445e+02     2.35584947e+02     1.21299023e+02   
    3.20000000e+03     8.00000000e-01     1.11272184e+03     2.99367032e+02     2.35197426e+02     1.20923681e+02   
    3.40000000e+03     8.50000000e-01     1.11274184e+03     3.01630346e+02     2.36755808e+02     1.23745944e+02   
    3.60000000e+03     9.00000000e-01     1.11273746e+03     2.99031259e+02     2.35656676e+02     1.22156650e+02   
    3.80000000e+03     9.50000000e-01     1.11274111e+03     2.99453523e+02     2.36757354e+02     1.24206563e+02   
    4.00000000e+03     1.00000000e+00     1.11273784e+03     2.99143483e+02     2.35966568e+02     1.23579528e+02   
    4.20000000e+03     1.05000000e+00     1.11274418e+03     3.00172696e+02     2.36292736e+02     1.24080482e+02   
    4.40000000e+03     1.10000000e+00     1.11273875e+03     2.97158549e+02     2.35631949e+02     1.22771450e+02   
    4.60000000e+03     1.15000000e+00     1.11274598e+03     2.98661177e+02     2.36898125e+02     1.24452799e+02   
    4.80000000e+03     1.20000000e+00     1.11274172e+03     3.00671535e+02     2.39015215e+02     1.25891098e+02   
    5.00000000e+03     1.25000000e+00     1.11272377e+03     2.99668427e+02     2.33926406e+02     1.23045112e+02   
    5.20000000e+03     1.30000000e+00     1.11272665e+03     3.01939939e+02     2.35924414e+02     1.23822566e+02   
    5.40000000e+03     1.35000000e+00     1.11273366e+03     3.02014516e+02     2.37428661e+02     1.25038568e+02   
    5.60000000e+03     1.40000000e+00     1.11273714e+03     3.00680439e+02     2.37264413e+02     1.25337766e+02   
    5.80000000e+03     1.45000000e+00     1.11273169e+03     2.98234611e+02     2.37362840e+02     1.23984077e+02   
    6.00000000e+03     1.50000000e+00     1.11273098e+03     3.00109070e+02     2.37675648e+02     1.25930235e+02   
    6.20000000e+03     1.55000000e+00     1.11271906e+03     2.98088840e+02     2.36095628e+02     1.22261991e+02   
    6.40000000e+03     1.60000000e+00     1.11272178e+03     3.01005292e+02     2.35502070e+02     1.22282772e+02   
    6.60000000e+03     1.65000000e+00     1.11272536e+03     2.98403232e+02     2.35935132e+02     1.22047102e+02   
    6.80000000e+03     1.70000000e+00     1.11273255e+03     3.01404910e+02     2.37465043e+02     1.22461267e+02   
    7.00000000e+03     1.75000000e+00     1.11272747e+03     3.00535386e+02     2.35477570e+02     1.22841732e+02   
    7.20000000e+03     1.80000000e+00     1.11272519e+03     3.01407093e+02     2.36123845e+02     1.22412434e+02   
    7.40000000e+03     1.85000000e+00     1.11274152e+03     2.98030618e+02     2.38990298e+02     1.25922684e+02   
    7.60000000e+03     1.90000000e+00     1.11272474e+03     3.04203065e+02     2.35465970e+02     1.20417256e+02   
    7.80000000e+03     1.95000000e+00     1.11272863e+03     3.02782710e+02     2.36113566e+02     1.22186895e+02   
    8.00000000e+03     2.00000000e+00     1.11273145e+03     3.01180556e+02     2.35614824e+02     1.23060106e+02   
    8.20000000e+03     2.05000000e+00     1.11274215e+03     2.99707845e+02     2.37455727e+02     1.23593934e+02   
    8.40000000e+03     2.10000000e+00     1.11273912e+03     3.02226722e+02     2.36469788e+02     1.23795977e+02   
    8.60000000e+03     2.15000000e+00     1.11273698e+03     3.00332323e+02     2.35080355e+02     1.21051545e+02   
    8.80000000e+03     2.20000000e+00     1.11272939e+03     2.97261547e+02     2.35571432e+02     1.21690267e+02   
    9.00000000e+03     2.25000000e+00     1.11274226e+03     2.99980037e+02     2.36033307e+02     1.22911956e+02   
    9.20000000e+03     2.30000000e+00     1.11274162e+03     3.03445380e+02     2.36156385e+02     1.21910486e+02   
    9.40000000e+03     2.35000000e+00     1.11274302e+03     3.03545333e+02     2.35270268e+02     1.21919982e+02   
    9.60000000e+03     2.40000000e+00     1.11275630e+03     3.01371479e+02     2.36526348e+02     1.22411007e+02   
    9.80000000e+03     2.45000000e+00     1.11275212e+03     3.02205011e+02     2.36250803e+02     1.23977902e+02   
    1.00000000e+04     2.50000000e+00     1.11274839e+03     3.01740800e+02     2.35234932e+02     1.20856910e+02   
    1.02000000e+04     2.55000000e+00     1.11276626e+03     2.98127271e+02     2.37045608e+02     1.26612869e+02   
    1.04000000e+04     2.60000000e+00     1.11276347e+03     2.99344641e+02     2.37813621e+02     1.23953550e+02   
    1.06000000e+04     2.65000000e+00     1.11275818e+03     3.02553560e+02     2.35738918e+02     1.24473918e+02   
    1.08000000e+04     2.70000000e+00     1.11276163e+03     2.98162089e+02     2.37089206e+02     1.24263660e+02   
    1.10000000e+04     2.75000000e+00     1.11274877e+03     3.03223229e+02     2.36573308e+02     1.23195853e+02   
    1.12000000e+04     2.80000000e+00     1.11275120e+03     2.98944625e+02     2.35823425e+02     1.24218752e+02   
    1.14000000e+04     2.85000000e+00     1.11275665e+03     3.04904250e+02     2.36024240e+02     1.22236171e+02   
    1.16000000e+04     2.90000000e+00     1.11275826e+03     2.99966980e+02     2.36566984e+02     1.25074785e+02   
    1.18000000e+04     2.95000000e+00     1.11274351e+03     2.98157497e+02     2.37349916e+02     1.24232749e+02   
    1.20000000e+04     3.00000000e+00     1.11273306e+03     2.99235935e+02     2.35152316e+02     1.23326660e+02   
    1.22000000e+04     3.05000000e+00     1.11271998e+03     2.97694500e+02     2.37109926e+02     1.24406747e+02   
    1.24000000e+04     3.10000000e+00     1.11270403e+03     3.01463125e+02     2.34580070e+02     1.21808947e+02   
    1.26000000e+04     3.15000000e+00     1.11270245e+03     3.00518925e+02     2.34629344e+02     1.22614650e+02   
    1.28000000e+04     3.20000000e+00     1.11271242e+03     2.96017295e+02     2.35666705e+02     1.24275997e+02   
    1.30000000e+04     3.25000000e+00     1.11271598e+03     2.99343357e+02     2.37543568e+02     1.27225236e+02   
    1.32000000e+04     3.30000000e+00     1.11272022e+03     2.97900588e+02     2.36131292e+02     1.23975070e+02   
    1.34000000e+04     3.35000000e+00     1.11272968e+03     2.97091774e+02     2.37227863e+02     1.25696343e+02   
    1.36000000e+04     3.40000000e+00     1.11271773e+03     3.01412118e+02     2.35375374e+02     1.21854151e+02   
    1.38000000e+04     3.45000000e+00     1.11273260e+03     3.02552719e+02     2.38741720e+02     1.26484891e+02   
    1.40000000e+04     3.50000000e+00     1.11273835e+03     3.01488510e+02     2.37900986e+02     1.25392748e+02   
    1.42000000e+04     3.55000000e+00     1.11272276e+03     3.01166885e+02     2.34779319e+02     1.21290432e+02   
    1.44000000e+04     3.60000000e+00     1.11271958e+03     3.00677015e+02     2.33707650e+02     1.19292171e+02   
    1.46000000e+04     3.65000000e+00     1.11272426e+03     2.99163732e+02     2.36235964e+02     1.22918840e+02   
    1.48000000e+04     3.70000000e+00     1.11272056e+03     3.00637940e+02     2.35226608e+02     1.22975652e+02   
    1.50000000e+04     3.75000000e+00     1.11272492e+03     3.01092348e+02     2.36374262e+02     1.23253008e+02   
    1.52000000e+04     3.80000000e+00     1.11272447e+03     3.00632999e+02     2.36869121e+02     1.22898375e+02   
    1.54000000e+04     3.85000000e+00     1.11272089e+03     3.00324286e+02     2.36100965e+02     1.21910927e+02   
    1.56000000e+04     3.90000000e+00     1.11272986e+03     3.00529295e+02     2.36185436e+02     1.21901819e+02   
    1.58000000e+04     3.95000000e+00     1.11272006e+03     2.99715691e+02     2.35492059e+02     1.22696674e+02   
    1.60000000e+04     4.00000000e+00     1.11272695e+03     2.99973914e+02     2.37056610e+02     1.23040149e+02   
    1.62000000e+04     4.05000000e+00     1.11272591e+03     2.97573753e+02     2.35345990e+02     1.23474979e+02   
    1.64000000e+04     4.10000000e+00     1.11271674e+03     3.00016239e+02     2.36023558e+02     1.23068705e+02   
    1.66000000e+04     4.15000000e+00     1.11272078e+03     2.95413875e+02     2.36473960e+02     1.24278819e+02   
    1.68000000e+04     4.20000000e+00     1.11270173e+03     2.96724429e+02     2.34591438e+02     1.21013343e+02   
    1.70000000e+04     4.25000000e+00     1.11272052e+03     2.96367127e+02     2.36167629e+02     1.22668783e+02   
    1.72000000e+04     4.30000000e+00     1.11272288e+03     2.97491405e+02     2.35202160e+02     1.20223040e+02   
    1.74000000e+04     4.35000000e+00     1.11273028e+03     2.95875440e+02     2.36484221e+02     1.22313994e+02   
    1.76000000e+04     4.40000000e+00     1.11273281e+03     2.98045887e+02     2.37376766e+02     1.23594479e+02   
    1.78000000e+04     4.45000000e+00     1.11273024e+03     2.99939551e+02     2.35977868e+02     1.21446083e+02   
    1.80000000e+04     4.50000000e+00     1.11273024e+03     2.99967753e+02     2.34445422e+02     1.19337010e+02   
    1.82000000e+04     4.55000000e+00     1.11273244e+03     2.98820604e+02     2.34712901e+02     1.19018231e+02   
    1.84000000e+04     4.60000000e+00     1.11273305e+03     3.00344847e+02     2.34348893e+02     1.20154312e+02   
    1.86000000e+04     4.65000000e+00     1.11273862e+03     3.00889313e+02     2.36143282e+02     1.22330697e+02   
    1.88000000e+04     4.70000000e+00     1.11274648e+03     3.01501544e+02     2.36741630e+02     1.21830053e+02   
    1.90000000e+04     4.75000000e+00     1.11274898e+03     2.98912448e+02     2.36399739e+02     1.21881607e+02   
    1.92000000e+04     4.80000000e+00     1.11273854e+03     3.01241963e+02     2.36036762e+02     1.21854129e+02   
    1.94000000e+04     4.85000000e+00     1.11274842e+03     3.01677580e+02     2.38361934e+02     1.23921612e+02   
    1.96000000e+04     4.90000000e+00     1.11273503e+03     2.99328933e+02     2.36543454e+02     1.22198886e+02   
    1.98000000e+04     4.95000000e+00     1.11272581e+03     3.04489090e+02     2.35946862e+02     1.19579371e+02   
    2.00000000e+04     5.00000000e+00     1.11272311e+03     3.00626343e+02     2.35355052e+02     1.20058451e+02   
    2.02000000e+04     5.05000000e+00     1.11271661e+03     3.00064946e+02     2.37613658e+02     1.20955515e+02   
    2.04000000e+04     5.10000000e+00     1.11272260e+03     3.02795856e+02     2.37684194e+02     1.21307506e+02   
    2.06000000e+04     5.15000000e+00     1.11273061e+03     3.01301175e+02     2.34876185e+02     1.21321709e+02   
    2.08000000e+04     5.20000000e+00     1.11274805e+03     3.02655936e+02     2.38147922e+02     1.24210542e+02   
    2.10000000e+04     5.25000000e+00     1.11275394e+03     2.98691460e+02     2.37151436e+02     1.24430517e+02   
    2.12000000e+04     5.30000000e+00     1.11273076e+03     3.00928611e+02     2.34813199e+02     1.21019987e+02   
    2.14000000e+04     5.35000000e+00     1.11272389e+03     3.02602603e+02     2.37062106e+02     1.23119145e+02   
    2.16000000e+04     5.40000000e+00     1.11271440e+03     3.01037818e+02     2.37101352e+02     1.23349975e+02   
    2.18000000e+04     5.45000000e+00     1.11271450e+03     3.00319993e+02     2.36510904e+02     1.22905916e+02   
    2.20000000e+04     5.50000000e+00     1.11271224e+03     3.00822841e+02     2.36603641e+02     1.22129408e+02   
    2.22000000e+04     5.55000000e+00     1.11270364e+03     3.01059615e+02     2.35287285e+02     1.21072995e+02   
    2.24000000e+04     5.60000000e+00     1.11270836e+03     2.99440126e+02     2.35732346e+02     1.21232176e+02   
    2.26000000e+04     5.65000000e+00     1.11271095e+03     2.97091663e+02     2.35616368e+02     1.22287931e+02   
    2.28000000e+04     5.70000000e+00     1.11273047e+03     3.00089112e+02     2.38437482e+02     1.23937383e+02   
    2.30000000e+04     5.75000000e+00     1.11273735e+03     3.03813958e+02     2.37066700e+02     1.21405610e+02   
    2.32000000e+04     5.80000000e+00     1.11273493e+03     3.00062147e+02     2.36505374e+02     1.22113360e+02   
    2.34000000e+04     5.85000000e+00     1.11273833e+03     3.01168375e+02     2.37043365e+02     1.22841772e+02   
    2.36000000e+04     5.90000000e+00     1.11272944e+03     3.03242772e+02     2.35609163e+02     1.21814481e+02   
    2.38000000e+04     5.95000000e+00     1.11272458e+03     2.98454255e+02     2.37024606e+02     1.23168996e+02   
    2.40000000e+04     6.00000000e+00     1.11273460e+03     3.02872376e+02     2.36095210e+02     1.22140100e+02   
    2.42000000e+04     6.05000000e+00     1.11274515e+03     3.00895971e+02     2.37742140e+02     1.22741012e+02   
    2.44000000e+04     6.10000000e+00     1.11275817e+03     3.02006729e+02     2.34496738e+02     1.21622011e+02   
    2.46000000e+04     6.15000000e+00     1.11276740e+03     3.00212181e+02     2.35493276e+02     1.22118279e+02   
    2.48000000e+04     6.20000000e+00     1.11277974e+03     2.98882549e+02     2.36088056e+02     1.25138021e+02   
    2.50000000e+04     6.25000000e+00     1.11278334e+03     3.01156243e+02     2.34672947e+02     1.22030918e+02   
    2.52000000e+04     6.30000000e+00     1.11278166e+03     2.99220469e+02     2.34300291e+02     1.21969674e+02   
    2.54000000e+04     6.35000000e+00     1.11279053e+03     2.97101554e+02     2.37206384e+02     1.24617382e+02   
    2.56000000e+04     6.40000000e+00     1.11277750e+03     3.02790328e+02     2.35052467e+02     1.22997829e+02   
    2.58000000e+04     6.45000000e+00     1.11278308e+03     2.98150648e+02     2.36055998e+02     1.24934942e+02   
    2.60000000e+04     6.50000000e+00     1.11279268e+03     3.02234057e+02     2.37084770e+02     1.23847184e+02   
    2.62000000e+04     6.55000000e+00     1.11279054e+03     2.99565623e+02     2.37671703e+02     1.25932632e+02   
    2.64000000e+04     6.60000000e+00     1.11278859e+03     3.00177953e+02     2.35162531e+02     1.22480452e+02   
    2.66000000e+04     6.65000000e+00     1.11279475e+03     2.99837693e+02     2.35801177e+02     1.24231483e+02   
    2.68000000e+04     6.70000000e+00     1.11279820e+03     3.04285726e+02     2.36901583e+02     1.24719515e+02   
    2.70000000e+04     6.75000000e+00     1.11279632e+03     2.98097744e+02     2.36483494e+02     1.24988135e+02   
    2.72000000e+04     6.80000000e+00     1.11278603e+03     2.98644392e+02     2.35602749e+02     1.24717715e+02   
    2.74000000e+04     6.85000000e+00     1.11277616e+03     2.99131848e+02     2.37410965e+02     1.24472070e+02   
    2.76000000e+04     6.90000000e+00     1.11277206e+03     2.98805518e+02     2.36767406e+02     1.22813713e+02   
    2.78000000e+04     6.95000000e+00     1.11276956e+03     2.98225274e+02     2.39006827e+02     1.25174070e+02   
    2.80000000e+04     7.00000000e+00     1.11273918e+03     2.99550772e+02     2.35775489e+02     1.23492867e+02   
    2.82000000e+04     7.05000000e+00     1.11275692e+03     2.94169551e+02     2.38015288e+02     1.26813381e+02   
    2.84000000e+04     7.10000000e+00     1.11275842e+03     2.97236067e+02     2.38803273e+02     1.26918090e+02   
    2.86000000e+04     7.15000000e+00     1.11273721e+03     3.01239693e+02     2.36482756e+02     1.25368635e+02   
    2.88000000e+04     7.20000000e+00     1.11273283e+03     3.01089760e+02     2.35449128e+02     1.25429607e+02   
    2.90000000e+04     7.25000000e+00     1.11271978e+03     2.98774110e+02     2.34940688e+02     1.24627084e+02   
    2.92000000e+04     7.30000000e+00     1.11273232e+03     2.99599893e+02     2.35802273e+02     1.24136086e+02   
    2.94000000e+04     7.35000000e+00     1.11272533e+03     2.99240565e+02     2.34675752e+02     1.22619184e+02   
    2.96000000e+04     7.40000000e+00     1.11273800e+03     3.01407379e+02     2.37092485e+02     1.25209085e+02   
    2.98000000e+04     7.45000000e+00     1.11273840e+03     3.01539446e+02     2.34755245e+02     1.22818826e+02   
    3.00000000e+04     7.50000000e+00     1.11274859e+03     3.01369544e+02     2.37316940e+02     1.26254161e+02   
    3.02000000e+04     7.55000000e+00     1.11273446e+03     3.01491901e+02     2.36725937e+02     1.25471717e+02   
    3.04000000e+04     7.60000000e+00     1.11273432e+03     2.99986880e+02     2.35743650e+02     1.23697485e+02   
    3.06000000e+04     7.65000000e+00     1.11273247e+03     2.98343422e+02     2.36795000e+02     1.24519232e+02   
    3.08000000e+04     7.70000000e+00     1.11274511e+03     3.03333529e+02     2.36393617e+02     1.23061333e+02   
    3.10000000e+04     7.75000000e+00     1.11275476e+03     3.01150173e+02     2.37464780e+02     1.24921570e+02   
    3.12000000e+04     7.80000000e+00     1.11275591e+03     2.99734632e+02     2.35200695e+02     1.22597189e+02   
    3.14000000e+04     7.85000000e+00     1.11275375e+03     2.97716341e+02     2.37796322e+02     1.25141725e+02   
    3.16000000e+04     7.90000000e+00     1.11274388e+03     3.05025114e+02     2.35705250e+02     1.21819758e+02   
    3.18000000e+04     7.95000000e+00     1.11273776e+03     3.02319057e+02     2.35528695e+02     1.23466154e+02   
    3.20000000e+04     8.00000000e+00     1.11275204e+03     3.05568548e+02     2.37303712e+02     1.22089066e+02   
    3.22000000e+04     8.05000000e+00     1.11276091e+03     3.00191947e+02     2.36240252e+02     1.22473626e+02   
    3.24000000e+04     8.10000000e+00     1.11276556e+03     3.01895001e+02     2.37063098e+02     1.21660293e+02   
    3.26000000e+04     8.15000000e+00     1.11276427e+03     3.00651325e+02     2.36662660e+02     1.23180312e+02   
    3.28000000e+04     8.20000000e+00     1.11276727e+03     3.01926784e+02     2.36366987e+02     1.21921359e+02   
    3.30000000e+04     8.25000000e+00     1.11276434e+03     2.99948846e+02     2.37126430e+02     1.23958263e+02   
    3.32000000e+04     8.30000000e+00     1.11276548e+03     3.00102249e+02     2.36864338e+02     1.22705216e+02   
    3.34000000e+04     8.35000000e+00     1.11276404e+03     3.00952148e+02     2.35563483e+02     1.22763730e+02   
    3.36000000e+04     8.40000000e+00     1.11276622e+03     2.98927711e+02     2.35779524e+02     1.22673446e+02   
    3.38000000e+04     8.45000000e+00     1.11275900e+03     2.99892276e+02     2.36740559e+02     1.24493988e+02   
    3.40000000e+04     8.50000000e+00     1.11274717e+03     3.02620835e+02     2.34648985e+02     1.21942643e+02   
    3.42000000e+04     8.55000000e+00     1.11273859e+03     3.00449223e+02     2.35637408e+02     1.20977460e+02   
    3.44000000e+04     8.60000000e+00     1.11274011e+03     3.00842490e+02     2.36759317e+02     1.22216824e+02   
    3.46000000e+04     8.65000000e+00     1.11271679e+03     3.01391790e+02     2.34464613e+02     1.21038123e+02   
    3.48000000e+04     8.70000000e+00     1.11270784e+03     2.99592402e+02     2.35218340e+02     1.21589456e+02   
    3.50000000e+04     8.75000000e+00     1.11270740e+03     3.01293355e+02     2.36924178e+02     1.23583209e+02   
    3.52000000e+04     8.80000000e+00     1.11270703e+03     3.01438763e+02     2.35488445e+02     1.21879134e+02   
    3.54000000e+04     8.85000000e+00     1.11270432e+03     2.99491856e+02     2.35196789e+02     1.20854905e+02   
    3.56000000e+04     8.90000000e+00     1.11271715e+03     2.99403785e+02     2.37628853e+02     1.24847195e+02   
    3.58000000e+04     8.95000000e+00     1.11270570e+03     3.02162325e+02     2.34938132e+02     1.21106068e+02   
    3.60000000e+04     9.00000000e+00     1.11272400e+03     3.00965896e+02     2.39015850e+02     1.25550034e+02   
    3.62000000e+04     9.05000000e+00     1.11272233e+03     3.02297834e+02     2.37463909e+02     1.24494131e+02   
    3.64000000e+04     9.10000000e+00     1.11272615e+03     3.01790641e+02     2.37022115e+02     1.24611927e+02   
    3.66000000e+04     9.15000000e+00     1.11274229e+03     3.01565261e+02     2.38212276e+02     1.24535967e+02   
    3.68000000e+04     9.20000000e+00     1.11274958e+03     3.01365656e+02     2.37091616e+02     1.23299905e+02   
    3.70000000e+04     9.25000000e+00     1.11274711e+03     2.99533286e+02     2.36150959e+02     1.22931097e+02   
    3.72000000e+04     9.30000000e+00     1.11274714e+03     3.01481488e+02     2.34825447e+02     1.22711067e+02   
    3.74000000e+04     9.35000000e+00     1.11275731e+03     3.02373514e+02     2.36044579e+02     1.23314228e+02   
    3.76000000e+04     9.40000000e+00     1.11274330e+03     3.01002025e+02     2.35723573e+02     1.23551416e+02   
    3.78000000e+04     9.45000000e+00     1.11272514e+03     2.98513643e+02     2.35640853e+02     1.23903301e+02   
    3.80000000e+04     9.50000000e+00     1.11270551e+03     3.00700555e+02     2.35864360e+02     1.24339040e+02   
    3.82000000e+04     9.55000000e+00     1.11270489e+03     2.98658319e+02     2.36873297e+02     1.24881079e+02   
    3.84000000e+04     9.60000000e+00     1.11270839e+03     2.99561508e+02     2.37428587e+02     1.24394958e+02   
    3.86000000e+04     9.65000000e+00     1.11271130e+03     2.99324260e+02     2.35368485e+02     1.22812020e+02   
    3.88000000e+04     9.70000000e+00     1.11272585e+03     2.98069043e+02     2.37652559e+02     1.24822616e+02   
    3.90000000e+04     9.75000000e+00     1.11275085e+03     3.00831146e+02     2.37787493e+02     1.27584720e+02   
    3.92000000e+04     9.80000000e+00     1.11274565e+03     2.97423444e+02     2.36493811e+02     1.23433025e+02   
    3.94000000e+04     9.85000000e+00     1.11275114e+03     2.97946758e+02     2.33956466e+02     1.23930536e+02   
    3.96000000e+04     9.90000000e+00     1.11275772e+03     3.00955048e+02     2.37576304e+02     1.24616195e+02   
    3.98000000e+04     9.95000000e+00     1.11274916e+03     2.98937722e+02     2.35472258e+02     1.23457002e+02   
    4.00000000e+04     1.00000000e+01     1.11275385e+03     2.98893922e+02     2.37738145e+02     1.26868121e+02   
    4.02000000e+04     1.00500000e+01     1.11274477e+03     3.01465657e+02     2.34686304e+02     1.22231491e+02   
    4.04000000e+04     1.01000000e+01     1.11277012e+03     2.99298821e+02     2.37347396e+02     1.26579961e+02   
    4.06000000e+04     1.01500000e+01     1.11277708e+03     2.97301618e+02     2.36906750e+02     1.27715868e+02   
    4.08000000e+04     1.02000000e+01     1.11277438e+03     2.97314332e+02     2.35023102e+02     1.25789229e+02   
    4.10000000e+04     1.02500000e+01     1.11276748e+03     3.01464803e+02     2.34869045e+02     1.24666558e+02   
    4.12000000e+04     1.03000000e+01     1.11277155e+03     3.01400115e+02     2.36119485e+02     1.24576243e+02   
    4.14000000e+04     1.03500000e+01     1.11275932e+03     2.97945734e+02     2.34478126e+02     1.23774716e+02   
    4.16000000e+04     1.04000000e+01     1.11276269e+03     2.99009597e+02     2.36283324e+02     1.26964644e+02   
    4.18000000e+04     1.04500000e+01     1.11276751e+03     2.98940792e+02     2.37103973e+02     1.26658174e+02   
    4.20000000e+04     1.05000000e+01     1.11277678e+03     2.98626598e+02     2.36790934e+02     1.27091613e+02   
    4.22000000e+04     1.05500000e+01     1.11278946e+03     3.01277263e+02     2.37651825e+02     1.27890835e+02   
    4.24000000e+04     1.06000000e+01     1.11278761e+03     3.00194509e+02     2.37643544e+02     1.27747991e+02   
    4.26000000e+04     1.06500000e+01     1.11278406e+03     3.03258353e+02     2.36068518e+02     1.25082971e+02   
    4.28000000e+04     1.07000000e+01     1.11278537e+03     3.00717064e+02     2.37429093e+02     1.26271729e+02   
    4.30000000e+04     1.07500000e+01     1.11277538e+03     2.96577984e+02     2.35582366e+02     1.23843998e+02   
    4.32000000e+04     1.08000000e+01     1.11279270e+03     3.00985095e+02     2.37912617e+02     1.26463743e+02   
    4.34000000e+04     1.08500000e+01     1.11279670e+03     2.99317510e+02     2.36153350e+02     1.25825415e+02   
    4.36000000e+04     1.09000000e+01     1.11280380e+03     3.02065138e+02     2.34971377e+02     1.24010545e+02   
    4.38000000e+04     1.09500000e+01     1.11280976e+03     2.99021273e+02     2.34302561e+02     1.23581322e+02   
    4.40000000e+04     1.10000000e+01     1.11282830e+03     2.99199009e+02     2.36896176e+02     1.26153226e+02   
    4.42000000e+04     1.10500000e+01     1.11284622e+03     3.00017567e+02     2.37151768e+02     1.26737734e+02   
    4.44000000e+04     1.11000000e+01     1.11285498e+03     3.00649232e+02     2.36898970e+02     1.25368822e+02   
    4.46000000e+04     1.11500000e+01     1.11284607e+03     3.01187124e+02     2.34064490e+02     1.22032888e+02   
    4.48000000e+04     1.12000000e+01     1.11285139e+03     3.00057870e+02     2.36738835e+02     1.24505030e+02   
    4.50000000e+04     1.12500000e+01     1.11284059e+03     2.97925569e+02     2.34302151e+02     1.24255413e+02   
    4.52000000e+04     1.13000000e+01     1.11284499e+03     3.00795220e+02     2.37594053e+02     1.25922265e+02   
    4.54000000e+04     1.13500000e+01     1.11284496e+03     2.98894810e+02     2.38069080e+02     1.26967665e+02   
    4.56000000e+04     1.14000000e+01     1.11283311e+03     2.99604106e+02     2.35377159e+02     1.23139315e+02   
    4.58000000e+04     1.14500000e+01     1.11285016e+03     3.02277098e+02     2.37746479e+02     1.25250654e+02   
    4.60000000e+04     1.15000000e+01     1.11284841e+03     2.99497526e+02     2.34813838e+02     1.24292318e+02   
    4.62000000e+04     1.15500000e+01     1.11285655e+03     2.97769527e+02     2.34063137e+02     1.24127496e+02   
    4.64000000e+04     1.16000000e+01     1.11286080e+03     3.00788208e+02     2.35596260e+02     1.25001426e+02   
    4.66000000e+04     1.16500000e+01     1.11286069e+03     3.02590496e+02     2.36480062e+02     1.26503697e+02   
    4.68000000e+04     1.17000000e+01     1.11287016e+03     3.00734031e+02     2.37137440e+02     1.26690479e+02   
    4.70000000e+04     1.17500000e+01     1.11286113e+03     2.97937267e+02     2.35795997e+02     1.26327536e+02   
    4.72000000e+04     1.18000000e+01     1.11287111e+03     2.99221875e+02     2.37459666e+02     1.27404918e+02   
    4.74000000e+04     1.18500000e+01     1.11286397e+03     3.00135774e+02     2.36090882e+02     1.24954260e+02   
    4.76000000e+04     1.19000000e+01     1.11287390e+03     3.00087663e+02     2.37284353e+02     1.26810909e+02   
    4.78000000e+04     1.19500000e+01     1.11287935e+03     3.01602410e+02     2.38625695e+02     1.28471315e+02   
    4.80000000e+04     1.20000000e+01     1.11285588e+03     3.01508358e+02     2.34344069e+02     1.23820355e+02   
    4.82000000e+04     1.20500000e+01     1.11286674e+03     3.00304820e+02     2.37656023e+02     1.27950589e+02   
    4.84000000e+04     1.21000000e+01     1.11284965e+03     2.96513066e+02     2.36069505e+02     1.24986821e+02   
    4.86000000e+04     1.21500000e+01     1.11286209e+03     2.99756540e+02     2.36873233e+02     1.27479755e+02   
    4.88000000e+04     1.22000000e+01     1.11285875e+03     3.03465313e+02     2.35479851e+02     1.25434175e+02   
    4.90000000e+04     1.22500000e+01     1.11285935e+03     3.01261191e+02     2.34854229e+02     1.25210895e+02   
    4.92000000e+04     1.23000000e+01     1.11286039e+03     2.99006111e+02     2.35815218e+02     1.23630732e+02   
    4.94000000e+04     1.23500000e+01     1.11286805e+03     3.01027428e+02     2.35874854e+02     1.25563622e+02   
    4.96000000e+04     1.24000000e+01     1.11287090e+03     2.99378679e+02     2.35896109e+02     1.25233440e+02   
    4.98000000e+04     1.24500000e+01     1.11287903e+03     2.97495098e+02     2.35971277e+02     1.25506011e+02   
    5.00000000e+04     1.25000000e+01     1.11287629e+03     3.00243834e+02     2.34313196e+02     1.22702005e+02   
    5.02000000e+04     1.25500000e+01     1.11287520e+03     2.98088825e+02     2.34304450e+02     1.24528823e+02   
    5.04000000e+04     1.26000000e+01     1.11288876e+03     3.02099943e+02     2.38981311e+02     1.28582034e+02   
    5.06000000e+04     1.26500000e+01     1.11286830e+03     2.97672500e+02     2.35237856e+02     1.25285604e+02   
    5.08000000e+04     1.27000000e+01     1.11287846e+03     3.01974922e+02     2.36065591e+02     1.25530033e+02   
    5.10000000e+04     1.27500000e+01     1.11287765e+03     3.00323985e+02     2.36341828e+02     1.26609555e+02   
    5.12000000e+04     1.28000000e+01     1.11287320e+03     2.97398249e+02     2.36391729e+02     1.28330643e+02   
    5.14000000e+04     1.28500000e+01     1.11287284e+03     2.99616313e+02     2.36022077e+02     1.26627822e+02   
    5.16000000e+04     1.29000000e+01     1.11288732e+03     3.00485130e+02     2.38835640e+02     1.30911257e+02   
    5.18000000e+04     1.29500000e+01     1.11286644e+03     3.00279945e+02     2.34815985e+02     1.25506475e+02   
    5.20000000e+04     1.30000000e+01     1.11287482e+03     2.96915590e+02     2.36266590e+02     1.29668182e+02   
    5.22000000e+04     1.30500000e+01     1.11288378e+03     2.98123071e+02     2.36627633e+02     1.28571054e+02   
    5.24000000e+04     1.31000000e+01     1.11288481e+03     2.96402713e+02     2.37376888e+02     1.29719796e+02   
    5.26000000e+04     1.31500000e+01     1.11288102e+03     2.97217935e+02     2.36144797e+02     1.27056136e+02   
    5.28000000e+04     1.32000000e+01     1.11289480e+03     2.98312750e+02     2.37892962e+02     1.31412642e+02   
    5.30000000e+04     1.32500000e+01     1.11289461e+03     3.00147775e+02     2.35884718e+02     1.28067902e+02   
    5.32000000e+04     1.33000000e+01     1.11290288e+03     3.02031906e+02     2.35827692e+02     1.29535798e+02   
    5.34000000e+04     1.33500000e+01     1.11290557e+03     3.00468404e+02     2.35688850e+02     1.27669964e+02   
    5.36000000e+04     1.34000000e+01     1.11291474e+03     3.00507046e+02     2.37090736e+02     1.29401225e+02   
    5.38000000e+04     1.34500000e+01     1.11292253e+03     3.01049747e+02     2.37724851e+02     1.28361412e+02   
    5.40000000e+04     1.35000000e+01     1.11291124e+03     2.99573957e+02     2.37743538e+02     1.29165990e+02   
    5.42000000e+04     1.35500000e+01     1.11290257e+03     3.03314672e+02     2.37249641e+02     1.27248376e+02   
    5.44000000e+04     1.36000000e+01     1.11289611e+03     2.99599588e+02     2.36608727e+02     1.27543906e+02   
    5.46000000e+04     1.36500000e+01     1.11289980e+03     3.00574877e+02     2.37633365e+02     1.28440569e+02   
    5.48000000e+04     1.37000000e+01     1.11288501e+03     3.02505761e+02     2.36115263e+02     1.26302627e+02   
    5.50000000e+04     1.37500000e+01     1.11289718e+03     2.99877751e+02     2.37274432e+02     1.28275158e+02   
    5.52000000e+04     1.38000000e+01     1.11290440e+03     2.99760395e+02     2.37092976e+02     1.25407642e+02   
    5.54000000e+04     1.38500000e+01     1.11290681e+03     3.00835233e+02     2.36092890e+02     1.25112380e+02   
    5.56000000e+04     1.39000000e+01     1.11290700e+03     3.02304583e+02     2.34853168e+02     1.24644919e+02   
    5.58000000e+04     1.39500000e+01     1.11290575e+03     3.03141040e+02     2.34284470e+02     1.22127171e+02   
    5.60000000e+04     1.40000000e+01     1.11291991e+03     2.99357136e+02     2.36020001e+02     1.24598189e+02   
    5.62000000e+04     1.40500000e+01     1.11293287e+03     3.00990195e+02     2.35643165e+02     1.24555310e+02   
    5.64000000e+04     1.41000000e+01     1.11293378e+03     3.00912148e+02     2.36601836e+02     1.25978487e+02   
    5.66000000e+04     1.41500000e+01     1.11293031e+03     3.02797929e+02     2.35339854e+02     1.24698465e+02   
    5.68000000e+04     1.42000000e+01     1.11293117e+03     3.03327775e+02     2.37078865e+02     1.24882783e+02   
    5.70000000e+04     1.42500000e+01     1.11292150e+03     3.05108203e+02     2.34791544e+02     1.22032334e+02   
    5.72000000e+04     1.43000000e+01     1.11292971e+03     3.01371449e+02     2.36757436e+02     1.25045564e+02   
    5.74000000e+04     1.43500000e+01     1.11292442e+03     3.00265151e+02     2.37007611e+02     1.25147772e+02   
    5.76000000e+04     1.44000000e+01     1.11291558e+03     2.99437938e+02     2.35691997e+02     1.23952132e+02   
    5.78000000e+04     1.44500000e+01     1.11292120e+03     3.03095592e+02     2.38333883e+02     1.26106008e+02   
    5.80000000e+04     1.45000000e+01     1.11293392e+03     3.01096499e+02     2.37406794e+02     1.24649240e+02   
    5.82000000e+04     1.45500000e+01     1.11292625e+03     3.00654409e+02     2.35587530e+02     1.25054870e+02   
    5.84000000e+04     1.46000000e+01     1.11293409e+03     2.99009121e+02     2.36277020e+02     1.24484130e+02   
    5.86000000e+04     1.46500000e+01     1.11294390e+03     2.99571672e+02     2.36938619e+02     1.25808310e+02   
    5.88000000e+04     1.47000000e+01     1.11294661e+03     3.02238674e+02     2.36100922e+02     1.25529360e+02   
    5.90000000e+04     1.47500000e+01     1.11294186e+03     2.99511388e+02     2.37331273e+02     1.24962855e+02   
    5.92000000e+04     1.48000000e+01     1.11295059e+03     3.01845544e+02     2.36799759e+02     1.25445446e+02   
    5.94000000e+04     1.48500000e+01     1.11294676e+03     3.03182909e+02     2.34194793e+02     1.21485907e+02   
    5.96000000e+04     1.49000000e+01     1.11295526e+03     3.00338695e+02     2.36491099e+02     1.24589575e+02   
    5.98000000e+04     1.49500000e+01     1.11294983e+03     3.02252485e+02     2.36446804e+02     1.24235730e+02   
    6.00000000e+04     1.50000000e+01     1.11295083e+03     3.02427382e+02     2.36952742e+02     1.23066047e+02   
    6.02000000e+04     1.50500000e+01     1.11296988e+03     2.98539672e+02     2.36367515e+02     1.23450586e+02   
    6.04000000e+04     1.51000000e+01     1.11298159e+03     3.01156950e+02     2.36666768e+02     1.23417360e+02   
    6.06000000e+04     1.51500000e+01     1.11299189e+03     2.98590036e+02     2.35628524e+02     1.24086130e+02   
    6.08000000e+04     1.52000000e+01     1.11298077e+03     2.99696622e+02     2.35716125e+02     1.23793585e+02   
    6.10000000e+04     1.52500000e+01     1.11298261e+03     2.98750057e+02     2.37751483e+02     1.26370978e+02   
    6.12000000e+04     1.53000000e+01     1.11296108e+03     3.01287998e+02     2.34486885e+02     1.23906083e+02   
    6.14000000e+04     1.53500000e+01     1.11295793e+03     2.98225785e+02     2.35139764e+02     1.24223127e+02   
    6.16000000e+04     1.54000000e+01     1.11296298e+03     2.99262526e+02     2.37306589e+02     1.26548312e+02   
    6.18000000e+04     1.54500000e+01     1.11295536e+03     3.02096715e+02     2.35895007e+02     1.23026750e+02   
    6.20000000e+04     1.55000000e+01     1.11296138e+03     3.02897146e+02     2.35898149e+02     1.23747620e+02   
    6.22000000e+04     1.55500000e+01     1.11296223e+03     3.05046611e+02     2.36840132e+02     1.24600775e+02   
    6.24000000e+04     1.56000000e+01     1.11296006e+03     3.03246474e+02     2.35940416e+02     1.23022843e+02   
    6.26000000e+04     1.56500000e+01     1.11295833e+03     3.01249247e+02     2.34643477e+02     1.20815738e+02   
    6.28000000e+04     1.57000000e+01     1.11297494e+03     3.02690182e+02     2.34807270e+02     1.21608291e+02   
    6.30000000e+04     1.57500000e+01     1.11298721e+03     2.98653072e+02     2.35859028e+02     1.21679282e+02   
    6.32000000e+04     1.58000000e+01     1.11299387e+03     2.99271286e+02     2.35098163e+02     1.22742463e+02   
    6.34000000e+04     1.58500000e+01     1.11300256e+03     2.99936828e+02     2.36312597e+02     1.22991308e+02   
    6.36000000e+04     1.59000000e+01     1.11301164e+03     3.01265606e+02     2.36220450e+02     1.23558143e+02   
    6.38000000e+04     1.59500000e+01     1.11302834e+03     3.02216878e+02     2.36676429e+02     1.23908472e+02   
    6.40000000e+04     1.60000000e+01     1.11302188e+03     3.00554179e+02     2.36912562e+02     1.23975446e+02   
    6.42000000e+04     1.60500000e+01     1.11303204e+03     2.97617228e+02     2.37220784e+02     1.25906184e+02   
    6.44000000e+04     1.61000000e+01     1.11302864e+03     3.01200211e+02     2.37509345e+02     1.24201336e+02   
    6.46000000e+04     1.61500000e+01     1.11302652e+03     3.01760585e+02     2.36151479e+02     1.24829122e+02   
    6.48000000e+04     1.62000000e+01     1.11302968e+03     3.01674191e+02     2.36817937e+02     1.24484399e+02   
    6.50000000e+04     1.62500000e+01     1.11303503e+03     3.02972872e+02     2.38189443e+02     1.26650384e+02   
    6.52000000e+04     1.63000000e+01     1.11303336e+03     3.00266612e+02     2.37952509e+02     1.24340634e+02   
    6.54000000e+04     1.63500000e+01     1.11303157e+03     3.01427730e+02     2.36392756e+02     1.23647550e+02   
    6.56000000e+04     1.64000000e+01     1.11303547e+03     2.96654436e+02     2.35772289e+02     1.22664891e+02   
    6.58000000e+04     1.64500000e+01     1.11304304e+03     3.00565163e+02     2.36798678e+02     1.23827772e+02   
    6.60000000e+04     1.65000000e+01     1.11305051e+03     2.97072405e+02     2.37225830e+02     1.23516703e+02   
    6.62000000e+04     1.65500000e+01     1.11305301e+03     3.01620250e+02     2.37718241e+02     1.25112477e+02   
    6.64000000e+04     1.66000000e+01     1.11304560e+03     3.01279139e+02     2.36561736e+02     1.22725000e+02   
    6.66000000e+04     1.66500000e+01     1.11305183e+03     3.02759948e+02     2.38224377e+02     1.25655894e+02   
    6.68000000e+04     1.67000000e+01     1.11304119e+03     3.00801335e+02     2.35953255e+02     1.21482164e+02   
    6.70000000e+04     1.67500000e+01     1.11304972e+03     2.98414864e+02     2.32883796e+02     1.21335660e+02   
    6.72000000e+04     1.68000000e+01     1.11308000e+03     2.99381745e+02     2.36593097e+02     1.24563098e+02   
    6.74000000e+04     1.68500000e+01     1.11308268e+03     2.99302186e+02     2.34047338e+02     1.23835230e+02   
    6.76000000e+04     1.69000000e+01     1.11310545e+03     3.00025480e+02     2.37083955e+02     1.27088777e+02   
    6.78000000e+04     1.69500000e+01     1.11309599e+03     2.99511915e+02     2.33769465e+02     1.23688152e+02   
    6.80000000e+04     1.70000000e+01     1.11309396e+03     2.99816756e+02     2.35048642e+02     1.23709949e+02   
    6.82000000e+04     1.70500000e+01     1.11308356e+03     2.98016804e+02     2.35487086e+02     1.25071092e+02   
    6.84000000e+04     1.71000000e+01     1.11306867e+03     3.00243674e+02     2.34548868e+02     1.23148646e+02   
    6.86000000e+04     1.71500000e+01     1.11307149e+03     2.98934810e+02     2.36474602e+02     1.24963858e+02   
    6.88000000e+04     1.72000000e+01     1.11306009e+03     3.01099080e+02     2.34418352e+02     1.23786834e+02   
    6.90000000e+04     1.72500000e+01     1.11306421e+03     3.02491955e+02     2.37020194e+02     1.27738626e+02   
    6.92000000e+04     1.73000000e+01     1.11306108e+03     3.00133128e+02     2.35588814e+02     1.26113374e+02   
    6.94000000e+04     1.73500000e+01     1.11306855e+03     2.97502311e+02     2.36343202e+02     1.25010064e+02   
    6.96000000e+04     1.74000000e+01     1.11307259e+03     3.01641727e+02     2.37702583e+02     1.24870065e+02   
    6.98000000e+04     1.74500000e+01     1.11306439e+03     2.98834235e+02     2.35790579e+02     1.24536509e+02   
    7.00000000e+04     1.75000000e+01     1.11307043e+03     2.99455817e+02     2.34855517e+02     1.23614651e+02   
    7.02000000e+04     1.75500000e+01     1.11308826e+03     2.97459121e+02     2.37477136e+02     1.25547866e+02   
    7.04000000e+04     1.76000000e+01     1.11307447e+03     3.00951998e+02     2.35695735e+02     1.23459238e+02   
    7.06000000e+04     1.76500000e+01     1.11305888e+03     3.01551628e+02     2.34753309e+02     1.22681551e+02   
    7.08000000e+04     1.77000000e+01     1.11305624e+03     3.00116864e+02     2.36347624e+02     1.24874454e+02   
    7.10000000e+04     1.77500000e+01     1.11304309e+03     2.97855742e+02     2.33938294e+02     1.22472076e+02   
    7.12000000e+04     1.78000000e+01     1.11305705e+03     3.00935717e+02     2.38201522e+02     1.25270950e+02   
    7.14000000e+04     1.78500000e+01     1.11304033e+03     2.98776259e+02     2.36196762e+02     1.24151133e+02   
    7.16000000e+04     1.79000000e+01     1.11304019e+03     3.03220757e+02     2.36858536e+02     1.26478577e+02   
    7.18000000e+04     1.79500000e+01     1.11303794e+03     2.96645869e+02     2.38103300e+02     1.27267333e+02   
    7.20000000e+04     1.80000000e+01     1.11303625e+03     2.99824170e+02     2.37981499e+02     1.26727560e+02   
    7.22000000e+04     1.80500000e+01     1.11303046e+03     2.98718528e+02     2.35591709e+02     1.25975330e+02   
    7.24000000e+04     1.81000000e+01     1.11302851e+03     2.99744739e+02     2.35684126e+02     1.24066467e+02   
    7.26000000e+04     1.81500000e+01     1.11304678e+03     2.99480349e+02     2.36849322e+02     1.24756356e+02   
    7.28000000e+04     1.82000000e+01     1.11306030e+03     3.00012935e+02     2.36574462e+02     1.26666426e+02   
    7.30000000e+04     1.82500000e+01     1.11306726e+03     2.99687699e+02     2.34003878e+02     1.24059650e+02   
    7.32000000e+04     1.83000000e+01     1.11308026e+03     2.98101864e+02     2.34980179e+02     1.24955520e+02   
    7.34000000e+04     1.83500000e+01     1.11309667e+03     2.98680676e+02     2.36289408e+02     1.26433169e+02   
    7.36000000e+04     1.84000000e+01     1.11310738e+03     3.01909260e+02     2.36886542e+02     1.26542232e+02   
    7.38000000e+04     1.84500000e+01     1.11309589e+03     2.99870271e+02     2.35185681e+02     1.25478813e+02   
    7.40000000e+04     1.85000000e+01     1.11309104e+03     2.98661131e+02     2.34577293e+02     1.23468748e+02   
    7.42000000e+04     1.85500000e+01     1.11309470e+03     3.00858554e+02     2.36799646e+02     1.26096225e+02   
    7.44000000e+04     1.86000000e+01     1.11308781e+03     3.01514940e+02     2.34737486e+02     1.24650655e+02   
    7.46000000e+04     1.86500000e+01     1.11308767e+03     2.98626369e+02     2.36907832e+02     1.26681936e+02   
    7.48000000e+04     1.87000000e+01     1.11309163e+03     3.01304372e+02     2.36431969e+02     1.24681101e+02   
    7.50000000e+04     1.87500000e+01     1.11310279e+03     2.99230101e+02     2.36065449e+02     1.23871652e+02   
    7.52000000e+04     1.88000000e+01     1.11310594e+03     3.00510542e+02     2.36660115e+02     1.25787966e+02   
    7.54000000e+04     1.88500000e+01     1.11311643e+03     3.00359025e+02     2.35256041e+02     1.24805389e+02   
    7.56000000e+04     1.89000000e+01     1.11311832e+03     2.96618635e+02     2.36245922e+02     1.27020136e+02   
    7.58000000e+04     1.89500000e+01     1.11311002e+03     2.97298085e+02     2.34746962e+02     1.24580147e+02   
    7.60000000e+04     1.90000000e+01     1.11311464e+03     3.00021472e+02     2.36247568e+02     1.26043964e+02   
    7.62000000e+04     1.90500000e+01     1.11310484e+03     2.99418332e+02     2.36873276e+02     1.27975299e+02   
    7.64000000e+04     1.91000000e+01     1.11309577e+03     2.96693477e+02     2.35946256e+02     1.26174046e+02   
    7.66000000e+04     1.91500000e+01     1.11308134e+03     3.00943477e+02     2.34939535e+02     1.24953034e+02   
    7.68000000e+04     1.92000000e+01     1.11307161e+03     3.00160535e+02     2.35478260e+02     1.23005485e+02   
    7.70000000e+04     1.92500000e+01     1.11307195e+03     2.99431016e+02     2.35648861e+02     1.22947835e+02   
    7.72000000e+04     1.93000000e+01     1.11305895e+03     3.03144723e+02     2.35686019e+02     1.22419115e+02   
    7.74000000e+04     1.93500000e+01     1.11306650e+03     2.99950021e+02     2.37695665e+02     1.24327427e+02   
    7.76000000e+04     1.94000000e+01     1.11305446e+03     2.96915133e+02     2.33917712e+02     1.20500393e+02   
    7.78000000e+04     1.94500000e+01     1.11307869e+03     3.00728462e+02     2.37381349e+02     1.24136184e+02   
    7.80000000e+04     1.95000000e+01     1.11308824e+03     3.02674959e+02     2.37298226e+02     1.23286542e+02   
    7.82000000e+04     1.95500000e+01     1.11307860e+03     2.99454136e+02     2.35333760e+02     1.20980716e+02   
    7.84000000e+04     1.96000000e+01     1.11308337e+03     2.99731616e+02     2.37148196e+02     1.24046409e+02   
    7.86000000e+04     1.96500000e+01     1.11307912e+03     2.99281699e+02     2.36616104e+02     1.24087136e+02   
    7.88000000e+04     1.97000000e+01     1.11307758e+03     3.01132084e+02     2.36015592e+02     1.24024653e+02   
    7.90000000e+04     1.97500000e+01     1.11307755e+03     3.00363305e+02     2.35935022e+02     1.23597321e+02   
    7.92000000e+04     1.98000000e+01     1.11307692e+03     2.95458426e+02     2.37677786e+02     1.23907803e+02   
    7.94000000e+04     1.98500000e+01     1.11306598e+03     2.98306442e+02     2.35175442e+02     1.21523930e+02   
    7.96000000e+04     1.99000000e+01     1.11308113e+03     2.99391329e+02     2.37746310e+02     1.24656628e+02   
    7.98000000e+04     1.99500000e+01     1.11309364e+03     2.99741479e+02     2.38166305e+02     1.25151079e+02   
    8.00000000e+04     2.00000000e+01     1.11309335e+03     2.98123851e+02     2.35922627e+02     1.23836229e+02   
