# column   1     --> step : The current simulation time step.
# column   2     --> time{picosecond} : The elapsed simulation time.
# column   3     --> conserved{electronvolt} : The value of the conserved energy quantity per bead.
# column   4     --> temperature{kelvin} : The current temperature, as obtained from the MD kinetic energy.
# column   5     --> kinetic_cv{electronvolt} : The centroid-virial quantum kinetic energy of the physical system.
# column   6     --> potential{electronvolt} : The physical system potential energy.
    0.00000000e+00     0.00000000e+00     1.11149039e+03     3.04273373e+02     2.33964089e+02     1.22547691e+02   
    2.00000000e+02     5.00000000e-02     1.11150487e+03     2.98596237e+02     2.37059145e+02     1.25499791e+02   
    4.00000000e+02     1.00000000e-01     1.11149755e+03     3.02036227e+02     2.35618276e+02     1.23622291e+02   
    6.00000000e+02     1.50000000e-01     1.11148359e+03     3.01340458e+02     2.34471550e+02     1.22695893e+02   
    8.00000000e+02     2.00000000e-01     1.11147877e+03     3.01200844e+02     2.35776082e+02     1.24715554e+02   
    1.00000000e+03     2.50000000e-01     1.11146780e+03     3.06242669e+02     2.36493148e+02     1.24021780e+02   
    1.20000000e+03     3.00000000e-01     1.11146193e+03     3.00229675e+02     2.35233417e+02     1.24455359e+02   
    1.40000000e+03     3.50000000e-01     1.11145782e+03     3.01778615e+02     2.35270862e+02     1.23623432e+02   
    1.60000000e+03     4.00000000e-01     1.11145783e+03     2.99676218e+02     2.34054065e+02     1.22859715e+02   
    1.80000000e+03     4.50000000e-01     1.11146296e+03     3.00099532e+02     2.34763957e+02     1.22498839e+02   
    2.00000000e+03     5.00000000e-01     1.11147979e+03     2.98668385e+02     2.35822716e+02     1.25191816e+02   
    2.20000000e+03     5.50000000e-01     1.11148581e+03     2.96737014e+02     2.37164522e+02     1.23703115e+02   
    2.40000000e+03     6.00000000e-01     1.11148140e+03     2.99903624e+02     2.36017089e+02     1.23350617e+02   
    2.60000000e+03     6.50000000e-01     1.11148792e+03     2.99621871e+02     2.36886060e+02     1.23176844e+02   
    2.80000000e+03     7.00000000e-01     1.11148178e+03     3.01861882e+02     2.36144039e+02     1.23652599e+02   
    3.00000000e+03     7.50000000e-01     1.11148323e+03     2.98843201e+02     2.36921977e+02     1.24476104e+02   
    3.20000000e+03     8.00000000e-01     1.11147640e+03     2.99468752e+02     2.35353506e+02     1.23135086e+02   
    3.40000000e+03     8.50000000e-01     1.11147593e+03     3.00511897e+02     2.35519092e+02     1.22786388e+02   
    3.60000000e+03     9.00000000e-01     1.11147172e+03     2.97447012e+02     2.34270858e+02     1.21695793e+02   
    3.80000000e+03     9.50000000e-01     1.11148008e+03     3.00327482e+02     2.36788338e+02     1.25399162e+02   
    4.00000000e+03     1.00000000e+00     1.11147520e+03     2.98109041e+02     2.36176594e+02     1.26317608e+02   
    4.20000000e+03     1.05000000e+00     1.11146772e+03     3.00561676e+02     2.34175798e+02     1.22297985e+02   
    4.40000000e+03     1.10000000e+00     1.11147527e+03     2.96346538e+02     2.36890281e+02     1.26506080e+02   
    4.60000000e+03     1.15000000e+00     1.11146508e+03     2.98293178e+02     2.37358559e+02     1.25496223e+02   
    4.80000000e+03     1.20000000e+00     1.11146325e+03     3.00410971e+02     2.38289098e+02     1.27095409e+02   
    5.00000000e+03     1.25000000e+00     1.11144974e+03     3.01111880e+02     2.35067744e+02     1.23261006e+02   
    5.20000000e+03     1.30000000e+00     1.11144683e+03     3.02616938e+02     2.34543683e+02     1.21947173e+02   
    5.40000000e+03     1.35000000e+00     1.11146531e+03     3.03290522e+02     2.37788876e+02     1.24618128e+02   
    5.60000000e+03     1.40000000e+00     1.11147306e+03     3.02517652e+02     2.37074072e+02     1.23151251e+02   
    5.80000000e+03     1.45000000e+00     1.11146896e+03     2.99408867e+02     2.36683423e+02     1.24252183e+02   
    6.00000000e+03     1.50000000e+00     1.11146669e+03     3.02038210e+02     2.36884667e+02     1.24857894e+02   
    6.20000000e+03     1.55000000e+00     1.11144549e+03     2.97944717e+02     2.37128447e+02     1.25351756e+02   
    6.40000000e+03     1.60000000e+00     1.11142112e+03     3.02732658e+02     2.35784992e+02     1.21112160e+02   
    6.60000000e+03     1.65000000e+00     1.11142091e+03     2.99272660e+02     2.35932658e+02     1.21725353e+02   
    6.80000000e+03     1.70000000e+00     1.11141715e+03     3.01840027e+02     2.37157384e+02     1.21608497e+02   
    7.00000000e+03     1.75000000e+00     1.11141688e+03     3.02800487e+02     2.33989240e+02     1.18570358e+02   
    7.20000000e+03     1.80000000e+00     1.11143440e+03     3.01383285e+02     2.35553826e+02     1.20898846e+02   
    7.40000000e+03     1.85000000e+00     1.11145063e+03     2.97208429e+02     2.38133445e+02     1.24766166e+02   
    7.60000000e+03     1.90000000e+00     1.11145431e+03     3.01777361e+02     2.35958752e+02     1.22418891e+02   
    7.80000000e+03     1.95000000e+00     1.11147621e+03     3.02955936e+02     2.38170495e+02     1.24413790e+02   
    8.00000000e+03     2.00000000e+00     1.11146947e+03     3.01287209e+02     2.35796401e+02     1.21924438e+02   
    8.20000000e+03     2.05000000e+00     1.11147134e+03     2.98837324e+02     2.36158929e+02     1.23277722e+02   
    8.40000000e+03     2.10000000e+00     1.11145971e+03     3.04538357e+02     2.34201696e+02     1.20008170e+02   
    8.60000000e+03     2.15000000e+00     1.11145860e+03     3.00438473e+02     2.34647001e+02     1.20738785e+02   
    8.80000000e+03     2.20000000e+00     1.11145183e+03     2.97981310e+02     2.35985052e+02     1.21796701e+02   
    9.00000000e+03     2.25000000e+00     1.11143236e+03     3.00343295e+02     2.33987574e+02     1.20917513e+02   
    9.20000000e+03     2.30000000e+00     1.11143253e+03     3.03567021e+02     2.36192735e+02     1.22146333e+02   
    9.40000000e+03     2.35000000e+00     1.11142769e+03     2.99539950e+02     2.35869513e+02     1.22374475e+02   
    9.60000000e+03     2.40000000e+00     1.11143064e+03     3.01791399e+02     2.37936738e+02     1.22910370e+02   
    9.80000000e+03     2.45000000e+00     1.11141836e+03     3.01647246e+02     2.34053635e+02     1.20366335e+02   
    1.00000000e+04     2.50000000e+00     1.11142755e+03     3.01192070e+02     2.34646515e+02     1.20630809e+02   
    1.02000000e+04     2.55000000e+00     1.11143962e+03     2.96980318e+02     2.36873526e+02     1.24985258e+02   
    1.04000000e+04     2.60000000e+00     1.11145364e+03     2.97924438e+02     2.37832204e+02     1.24508896e+02   
    1.06000000e+04     2.65000000e+00     1.11144158e+03     3.01911968e+02     2.36802247e+02     1.23925505e+02   
    1.08000000e+04     2.70000000e+00     1.11143510e+03     2.97337509e+02     2.37483175e+02     1.23717337e+02   
    1.10000000e+04     2.75000000e+00     1.11142510e+03     3.02737499e+02     2.36181419e+02     1.22144492e+02   
    1.12000000e+04     2.80000000e+00     1.11144768e+03     2.98300732e+02     2.38502289e+02     1.26889373e+02   
    1.14000000e+04     2.85000000e+00     1.11144452e+03     3.04520308e+02     2.36161456e+02     1.23767492e+02   
    1.16000000e+04     2.90000000e+00     1.11143830e+03     3.00225175e+02     2.35201814e+02     1.24161454e+02   
    1.18000000e+04     2.95000000e+00     1.11144667e+03     2.97074554e+02     2.36424562e+02     1.24345295e+02   
    1.20000000e+04     3.00000000e+00     1.11143680e+03     2.98942038e+02     2.34723325e+02     1.23055901e+02   
    1.22000000e+04     3.05000000e+00     1.11144144e+03     2.99203889e+02     2.36017454e+02     1.24275195e+02   
    1.24000000e+04     3.10000000e+00     1.11144148e+03     3.02143042e+02     2.34111438e+02     1.24240282e+02   
    1.26000000e+04     3.15000000e+00     1.11145803e+03     3.00021791e+02     2.35377942e+02     1.24317546e+02   
    1.28000000e+04     3.20000000e+00     1.11145805e+03     2.96698109e+02     2.35542287e+02     1.25411377e+02   
    1.30000000e+04     3.25000000e+00     1.11145490e+03     3.00878549e+02     2.36536409e+02     1.25168555e+02   
    1.32000000e+04     3.30000000e+00     1.11144626e+03     2.97495994e+02     2.36556929e+02     1.24987714e+02   
    1.34000000e+04     3.35000000e+00     1.11144419e+03     2.97135839e+02     2.37004604e+02     1.24913232e+02   
    1.36000000e+04     3.40000000e+00     1.11144420e+03     3.00191829e+02     2.36231627e+02     1.23362486e+02   
    1.38000000e+04     3.45000000e+00     1.11144977e+03     3.04045226e+02     2.35932384e+02     1.22758870e+02   
    1.40000000e+04     3.50000000e+00     1.11145172e+03     3.02141899e+02     2.36051804e+02     1.23647606e+02   
    1.42000000e+04     3.55000000e+00     1.11145959e+03     3.01998091e+02     2.36258981e+02     1.23438654e+02   
    1.44000000e+04     3.60000000e+00     1.11144481e+03     2.99178057e+02     2.33532615e+02     1.21741158e+02   
    1.46000000e+04     3.65000000e+00     1.11146568e+03     2.97746623e+02     2.36915685e+02     1.26023058e+02   
    1.48000000e+04     3.70000000e+00     1.11146437e+03     2.99390374e+02     2.37769969e+02     1.27241069e+02   
    1.50000000e+04     3.75000000e+00     1.11145968e+03     2.99078399e+02     2.35746258e+02     1.25014931e+02   
    1.52000000e+04     3.80000000e+00     1.11146697e+03     2.98542725e+02     2.36840573e+02     1.25377853e+02   
    1.54000000e+04     3.85000000e+00     1.11146907e+03     2.97957567e+02     2.36842969e+02     1.24773254e+02   
    1.56000000e+04     3.90000000e+00     1.11147260e+03     3.00522332e+02     2.35296838e+02     1.23712436e+02   
    1.58000000e+04     3.95000000e+00     1.11147047e+03     2.99411951e+02     2.36082721e+02     1.24596997e+02   
    1.60000000e+04     4.00000000e+00     1.11147447e+03     2.98700719e+02     2.37569705e+02     1.24715513e+02   
    1.62000000e+04     4.05000000e+00     1.11147852e+03     2.96961663e+02     2.35321366e+02     1.24573975e+02   
    1.64000000e+04     4.10000000e+00     1.11149311e+03     3.00927491e+02     2.37364204e+02     1.26400534e+02   
    1.66000000e+04     4.15000000e+00     1.11149331e+03     2.96714295e+02     2.36246181e+02     1.26420534e+02   
    1.68000000e+04     4.20000000e+00     1.11150317e+03     2.96594924e+02     2.34991002e+02     1.26130299e+02   
    1.70000000e+04     4.25000000e+00     1.11151972e+03     2.94159301e+02     2.38130867e+02     1.28245254e+02   
    1.72000000e+04     4.30000000e+00     1.11152342e+03     2.95493851e+02     2.36304908e+02     1.25998646e+02   
    1.74000000e+04     4.35000000e+00     1.11151670e+03     2.97483244e+02     2.36028101e+02     1.23666267e+02   
    1.76000000e+04     4.40000000e+00     1.11152939e+03     2.96834555e+02     2.36268660e+02     1.23852262e+02   
    1.78000000e+04     4.45000000e+00     1.11153411e+03     2.99166108e+02     2.35392327e+02     1.22572323e+02   
    1.80000000e+04     4.50000000e+00     1.11153590e+03     2.97478895e+02     2.35126103e+02     1.22355333e+02   
    1.82000000e+04     4.55000000e+00     1.11153950e+03     2.99228746e+02     2.36284029e+02     1.22745848e+02   
    1.84000000e+04     4.60000000e+00     1.11153226e+03     2.99568236e+02     2.34583594e+02     1.20787915e+02   
    1.86000000e+04     4.65000000e+00     1.11153924e+03     3.00789299e+02     2.36224577e+02     1.22814094e+02   
    1.88000000e+04     4.70000000e+00     1.11155236e+03     3.00030469e+02     2.36280840e+02     1.24757266e+02   
    1.90000000e+04     4.75000000e+00     1.11156209e+03     2.98380608e+02     2.36011546e+02     1.24180004e+02   
    1.92000000e+04     4.80000000e+00     1.11156016e+03     3.01655718e+02     2.34307174e+02     1.20692504e+02   
    1.94000000e+04     4.85000000e+00     1.11158027e+03     3.01357000e+02     2.37448040e+02     1.23114576e+02   
    1.96000000e+04     4.90000000e+00     1.11158538e+03     3.01319674e+02     2.37133115e+02     1.20885806e+02   
    1.98000000e+04     4.95000000e+00     1.11158306e+03     3.03610786e+02     2.35958829e+02     1.20591520e+02   
    2.00000000e+04     5.00000000e+00     1.11157521e+03     2.99622571e+02     2.36116649e+02     1.21413110e+02   
    2.02000000e+04     5.05000000e+00     1.11157185e+03     3.00693117e+02     2.36257590e+02     1.22690263e+02   
    2.04000000e+04     5.10000000e+00     1.11156864e+03     3.02109607e+02     2.36274871e+02     1.22597502e+02   
    2.06000000e+04     5.15000000e+00     1.11156312e+03     2.99999607e+02     2.34634109e+02     1.21328109e+02   
    2.08000000e+04     5.20000000e+00     1.11156336e+03     3.03356829e+02     2.35921154e+02     1.21957155e+02   
    2.10000000e+04     5.25000000e+00     1.11157402e+03     2.99132816e+02     2.37304521e+02     1.23341804e+02   
    2.12000000e+04     5.30000000e+00     1.11156489e+03     2.99306886e+02     2.35825976e+02     1.22586824e+02   
    2.14000000e+04     5.35000000e+00     1.11156412e+03     3.00810236e+02     2.36124381e+02     1.21876906e+02   
    2.16000000e+04     5.40000000e+00     1.11157720e+03     2.99704558e+02     2.36090507e+02     1.22338932e+02   
    2.18000000e+04     5.45000000e+00     1.11156691e+03     2.99518174e+02     2.35075110e+02     1.20733421e+02   
    2.20000000e+04     5.50000000e+00     1.11158038e+03     2.99254205e+02     2.37531407e+02     1.23332720e+02   
    2.22000000e+04     5.55000000e+00     1.11157994e+03     3.00193061e+02     2.36294001e+02     1.21771119e+02   
    2.24000000e+04     5.60000000e+00     1.11158470e+03     2.98839496e+02     2.35584153e+02     1.20278411e+02   
    2.26000000e+04     5.65000000e+00     1.11159659e+03     2.95777340e+02     2.36953201e+02     1.21255417e+02   
    2.28000000e+04     5.70000000e+00     1.11160091e+03     2.99417796e+02     2.36438102e+02     1.23749420e+02   
    2.30000000e+04     5.75000000e+00     1.11159749e+03     3.03506874e+02     2.37104156e+02     1.23094796e+02   
    2.32000000e+04     5.80000000e+00     1.11159152e+03     3.00299766e+02     2.35944603e+02     1.22658437e+02   
    2.34000000e+04     5.85000000e+00     1.11159224e+03     3.00947171e+02     2.35031812e+02     1.21026433e+02   
    2.36000000e+04     5.90000000e+00     1.11158839e+03     3.02268170e+02     2.34652340e+02     1.22478091e+02   
    2.38000000e+04     5.95000000e+00     1.11159018e+03     2.97419610e+02     2.36146267e+02     1.22772934e+02   
    2.40000000e+04     6.00000000e+00     1.11160050e+03     3.02885079e+02     2.38281893e+02     1.23778219e+02   
    2.42000000e+04     6.05000000e+00     1.11161450e+03     3.00704604e+02     2.37244760e+02     1.23671134e+02   
    2.44000000e+04     6.10000000e+00     1.11161570e+03     3.00888575e+02     2.36479972e+02     1.24007636e+02   
    2.46000000e+04     6.15000000e+00     1.11161507e+03     2.99221235e+02     2.37902222e+02     1.26087305e+02   
    2.48000000e+04     6.20000000e+00     1.11161401e+03     2.99084396e+02     2.36541142e+02     1.23016657e+02   
    2.50000000e+04     6.25000000e+00     1.11161677e+03     2.99145562e+02     2.35452092e+02     1.23591258e+02   
    2.52000000e+04     6.30000000e+00     1.11162540e+03     2.97384726e+02     2.35816500e+02     1.24485914e+02   
    2.54000000e+04     6.35000000e+00     1.11163513e+03     2.95820983e+02     2.37382343e+02     1.24953060e+02   
    2.56000000e+04     6.40000000e+00     1.11163887e+03     3.00879073e+02     2.35434347e+02     1.22178124e+02   
    2.58000000e+04     6.45000000e+00     1.11164627e+03     2.97470655e+02     2.36700791e+02     1.23977821e+02   
    2.60000000e+04     6.50000000e+00     1.11164029e+03     3.00407412e+02     2.36803263e+02     1.23386232e+02   
    2.62000000e+04     6.55000000e+00     1.11164622e+03     2.99465852e+02     2.38149517e+02     1.24643979e+02   
    2.64000000e+04     6.60000000e+00     1.11163721e+03     2.97874733e+02     2.35481162e+02     1.22159457e+02   
    2.66000000e+04     6.65000000e+00     1.11164376e+03     2.99355886e+02     2.36166258e+02     1.23446924e+02   
    2.68000000e+04     6.70000000e+00     1.11164020e+03     3.02580173e+02     2.36254717e+02     1.23631166e+02   
    2.70000000e+04     6.75000000e+00     1.11162468e+03     2.98246790e+02     2.34485788e+02     1.21407495e+02   
    2.72000000e+04     6.80000000e+00     1.11162415e+03     2.99195853e+02     2.33881861e+02     1.20989250e+02   
    2.74000000e+04     6.85000000e+00     1.11163797e+03     2.97599448e+02     2.36445767e+02     1.22465990e+02   
    2.76000000e+04     6.90000000e+00     1.11164852e+03     2.98697953e+02     2.36093265e+02     1.23317537e+02   
    2.78000000e+04     6.95000000e+00     1.11165527e+03     2.96987649e+02     2.37487875e+02     1.24981156e+02   
    2.80000000e+04     7.00000000e+00     1.11164320e+03     2.99158352e+02     2.35657637e+02     1.22344748e+02   
    2.82000000e+04     7.05000000e+00     1.11164169e+03     2.94562024e+02     2.36558919e+02     1.23471452e+02   
    2.84000000e+04     7.10000000e+00     1.11163872e+03     2.96737455e+02     2.36451715e+02     1.24960196e+02   
    2.86000000e+04     7.15000000e+00     1.11163271e+03     2.99499895e+02     2.37428229e+02     1.25115419e+02   
    2.88000000e+04     7.20000000e+00     1.11163374e+03     3.00979009e+02     2.37153203e+02     1.25702696e+02   
    2.90000000e+04     7.25000000e+00     1.11162802e+03     2.98490166e+02     2.35453728e+02     1.25205922e+02   
    2.92000000e+04     7.30000000e+00     1.11163958e+03     2.96727995e+02     2.36751232e+02     1.27071223e+02   
    2.94000000e+04     7.35000000e+00     1.11163904e+03     2.98480213e+02     2.36070744e+02     1.25097879e+02   
    2.96000000e+04     7.40000000e+00     1.11165488e+03     3.00023210e+02     2.37626113e+02     1.26689879e+02   
    2.98000000e+04     7.45000000e+00     1.11165987e+03     3.00352972e+02     2.36328664e+02     1.24475907e+02   
    3.00000000e+04     7.50000000e+00     1.11167296e+03     3.00335735e+02     2.37763133e+02     1.26900828e+02   
    3.02000000e+04     7.55000000e+00     1.11168182e+03     3.03225782e+02     2.37288569e+02     1.25535652e+02   
    3.04000000e+04     7.60000000e+00     1.11167370e+03     3.01801110e+02     2.36269411e+02     1.24334092e+02   
    3.06000000e+04     7.65000000e+00     1.11166532e+03     2.97897951e+02     2.35127699e+02     1.24123651e+02   
    3.08000000e+04     7.70000000e+00     1.11166294e+03     3.02796978e+02     2.36488255e+02     1.25002484e+02   
    3.10000000e+04     7.75000000e+00     1.11165001e+03     3.00566295e+02     2.38078954e+02     1.25468109e+02   
    3.12000000e+04     7.80000000e+00     1.11165530e+03     2.99472624e+02     2.38020590e+02     1.26952625e+02   
    3.14000000e+04     7.85000000e+00     1.11165088e+03     2.98769343e+02     2.36774036e+02     1.24473657e+02   
    3.16000000e+04     7.90000000e+00     1.11164469e+03     3.03934238e+02     2.34249242e+02     1.23110332e+02   
    3.18000000e+04     7.95000000e+00     1.11165432e+03     3.02015495e+02     2.36419255e+02     1.24530482e+02   
    3.20000000e+04     8.00000000e+00     1.11165105e+03     3.02053162e+02     2.37678238e+02     1.25733582e+02   
    3.22000000e+04     8.05000000e+00     1.11165227e+03     2.99493184e+02     2.37489071e+02     1.25684508e+02   
    3.24000000e+04     8.10000000e+00     1.11163522e+03     3.00151443e+02     2.36508940e+02     1.23809617e+02   
    3.26000000e+04     8.15000000e+00     1.11163909e+03     2.99947735e+02     2.37221735e+02     1.25204158e+02   
    3.28000000e+04     8.20000000e+00     1.11164353e+03     3.01786006e+02     2.37119100e+02     1.25532673e+02   
    3.30000000e+04     8.25000000e+00     1.11164644e+03     2.97673177e+02     2.36531240e+02     1.26213460e+02   
    3.32000000e+04     8.30000000e+00     1.11165352e+03     2.99758987e+02     2.36848905e+02     1.25021318e+02   
    3.34000000e+04     8.35000000e+00     1.11164960e+03     2.98863789e+02     2.35001272e+02     1.25375295e+02   
    3.36000000e+04     8.40000000e+00     1.11164734e+03     2.97717217e+02     2.35578699e+02     1.23759007e+02   
    3.38000000e+04     8.45000000e+00     1.11164335e+03     2.96640833e+02     2.37026447e+02     1.26042691e+02   
    3.40000000e+04     8.50000000e+00     1.11163289e+03     3.00736015e+02     2.34996796e+02     1.22465352e+02   
    3.42000000e+04     8.55000000e+00     1.11161820e+03     2.98127708e+02     2.34806873e+02     1.22465934e+02   
    3.44000000e+04     8.60000000e+00     1.11161818e+03     2.98598398e+02     2.35400958e+02     1.23513102e+02   
    3.46000000e+04     8.65000000e+00     1.11162790e+03     2.98023125e+02     2.35127264e+02     1.23170703e+02   
    3.48000000e+04     8.70000000e+00     1.11163115e+03     2.97412300e+02     2.35581665e+02     1.23687001e+02   
    3.50000000e+04     8.75000000e+00     1.11163663e+03     2.98614881e+02     2.37158882e+02     1.24496689e+02   
    3.52000000e+04     8.80000000e+00     1.11163572e+03     2.97143688e+02     2.36229659e+02     1.25468795e+02   
    3.54000000e+04     8.85000000e+00     1.11163983e+03     2.97798428e+02     2.36557849e+02     1.23543263e+02   
    3.56000000e+04     8.90000000e+00     1.11165512e+03     2.98494900e+02     2.37883807e+02     1.25825513e+02   
    3.58000000e+04     8.95000000e+00     1.11165017e+03     2.99769530e+02     2.35478691e+02     1.23889713e+02   
    3.60000000e+04     9.00000000e+00     1.11165103e+03     2.99199682e+02     2.36945075e+02     1.24547337e+02   
    3.62000000e+04     9.05000000e+00     1.11166544e+03     3.01018321e+02     2.38855341e+02     1.26507063e+02   
    3.64000000e+04     9.10000000e+00     1.11165293e+03     3.01283438e+02     2.37810526e+02     1.22742441e+02   
    3.66000000e+04     9.15000000e+00     1.11164182e+03     3.00795050e+02     2.37545290e+02     1.24238715e+02   
    3.68000000e+04     9.20000000e+00     1.11162684e+03     3.00618210e+02     2.35943030e+02     1.21672311e+02   
    3.70000000e+04     9.25000000e+00     1.11162641e+03     2.98731689e+02     2.37234310e+02     1.23195663e+02   
    3.72000000e+04     9.30000000e+00     1.11161930e+03     3.01553685e+02     2.35516902e+02     1.22398548e+02   
    3.74000000e+04     9.35000000e+00     1.11163529e+03     3.04043686e+02     2.36666851e+02     1.24304739e+02   
    3.76000000e+04     9.40000000e+00     1.11163436e+03     3.00742075e+02     2.36717653e+02     1.25656637e+02   
    3.78000000e+04     9.45000000e+00     1.11163511e+03     2.95767762e+02     2.37233083e+02     1.27133027e+02   
    3.80000000e+04     9.50000000e+00     1.11161372e+03     3.01635969e+02     2.34764727e+02     1.24088190e+02   
    3.82000000e+04     9.55000000e+00     1.11162102e+03     2.99834515e+02     2.36275884e+02     1.24754550e+02   
    3.84000000e+04     9.60000000e+00     1.11160575e+03     2.99618448e+02     2.37650459e+02     1.24264754e+02   
    3.86000000e+04     9.65000000e+00     1.11159155e+03     2.99412757e+02     2.36513392e+02     1.24268069e+02   
    3.88000000e+04     9.70000000e+00     1.11158549e+03     2.99122041e+02     2.35766651e+02     1.23971485e+02   
    3.90000000e+04     9.75000000e+00     1.11158919e+03     3.03141627e+02     2.35653656e+02     1.24297774e+02   
    3.92000000e+04     9.80000000e+00     1.11159853e+03     2.97943908e+02     2.37555619e+02     1.24748133e+02   
    3.94000000e+04     9.85000000e+00     1.11158738e+03     2.97417700e+02     2.33181675e+02     1.23090067e+02   
    3.96000000e+04     9.90000000e+00     1.11160053e+03     3.01498498e+02     2.35129031e+02     1.26102825e+02   
    3.98000000e+04     9.95000000e+00     1.11159531e+03     2.97971801e+02     2.35781694e+02     1.26328486e+02   
    4.00000000e+04     1.00000000e+01     1.11161648e+03     2.99302594e+02     2.37065979e+02     1.26664022e+02   
    4.02000000e+04     1.00500000e+01     1.11161875e+03     3.01212089e+02     2.36780131e+02     1.25350211e+02   
    4.04000000e+04     1.01000000e+01     1.11163566e+03     2.98383868e+02     2.37625155e+02     1.29465868e+02   
    4.06000000e+04     1.01500000e+01     1.11163741e+03     2.99056747e+02     2.36821783e+02     1.27112717e+02   
    4.08000000e+04     1.02000000e+01     1.11163708e+03     2.97748804e+02     2.35821318e+02     1.25036043e+02   
    4.10000000e+04     1.02500000e+01     1.11164068e+03     3.01098294e+02     2.35416434e+02     1.25819663e+02   
    4.12000000e+04     1.03000000e+01     1.11164667e+03     3.00308854e+02     2.36114091e+02     1.26883269e+02   
    4.14000000e+04     1.03500000e+01     1.11163669e+03     2.97595603e+02     2.34957624e+02     1.23938195e+02   
    4.16000000e+04     1.04000000e+01     1.11163347e+03     2.97652723e+02     2.36598521e+02     1.26416283e+02   
    4.18000000e+04     1.04500000e+01     1.11161862e+03     2.99777564e+02     2.36185558e+02     1.25201555e+02   
    4.20000000e+04     1.05000000e+01     1.11163228e+03     2.97345471e+02     2.37554738e+02     1.28310894e+02   
    4.22000000e+04     1.05500000e+01     1.11162467e+03     3.01768486e+02     2.35305755e+02     1.24666990e+02   
    4.24000000e+04     1.06000000e+01     1.11163410e+03     3.01875086e+02     2.36079728e+02     1.24583740e+02   
    4.26000000e+04     1.06500000e+01     1.11165173e+03     3.02007745e+02     2.36651152e+02     1.25764052e+02   
    4.28000000e+04     1.07000000e+01     1.11167081e+03     2.98547871e+02     2.38773971e+02     1.28775959e+02   
    4.30000000e+04     1.07500000e+01     1.11165654e+03     2.95199695e+02     2.36006951e+02     1.24955193e+02   
    4.32000000e+04     1.08000000e+01     1.11164796e+03     3.00079440e+02     2.36409605e+02     1.24083633e+02   
    4.34000000e+04     1.08500000e+01     1.11164214e+03     3.00977904e+02     2.37115928e+02     1.25124945e+02   
    4.36000000e+04     1.09000000e+01     1.11162817e+03     3.00846225e+02     2.34590055e+02     1.23047081e+02   
    4.38000000e+04     1.09500000e+01     1.11163620e+03     2.98972844e+02     2.34987298e+02     1.24197681e+02   
    4.40000000e+04     1.10000000e+01     1.11164772e+03     2.99667527e+02     2.36708375e+02     1.24223939e+02   
    4.42000000e+04     1.10500000e+01     1.11165178e+03     3.01308291e+02     2.36277759e+02     1.24390341e+02   
    4.44000000e+04     1.11000000e+01     1.11165140e+03     3.01807684e+02     2.36937500e+02     1.25795741e+02   
    4.46000000e+04     1.11500000e+01     1.11163584e+03     2.99711065e+02     2.35233499e+02     1.23866836e+02   
    4.48000000e+04     1.12000000e+01     1.11164246e+03     2.98425829e+02     2.36861606e+02     1.24605989e+02   
    4.50000000e+04     1.12500000e+01     1.11163541e+03     2.98414955e+02     2.34874386e+02     1.22452767e+02   
    4.52000000e+04     1.13000000e+01     1.11163855e+03     3.01663239e+02     2.35496169e+02     1.22741996e+02   
    4.54000000e+04     1.13500000e+01     1.11163930e+03     2.98950119e+02     2.36706730e+02     1.23878160e+02   
    4.56000000e+04     1.14000000e+01     1.11163653e+03     2.99664239e+02     2.35732600e+02     1.22841716e+02   
    4.58000000e+04     1.14500000e+01     1.11164733e+03     3.00185627e+02     2.38209732e+02     1.26201962e+02   
    4.60000000e+04     1.15000000e+01     1.11164209e+03     2.97855487e+02     2.36356024e+02     1.25595175e+02   
    4.62000000e+04     1.15500000e+01     1.11163893e+03     2.97118473e+02     2.34370831e+02     1.23756390e+02   
    4.64000000e+04     1.16000000e+01     1.11164108e+03     3.00017074e+02     2.35985239e+02     1.25821386e+02   
    4.66000000e+04     1.16500000e+01     1.11164985e+03     3.03053309e+02     2.37453671e+02     1.26113513e+02   
    4.68000000e+04     1.17000000e+01     1.11164413e+03     3.00024073e+02     2.36564869e+02     1.24222463e+02   
    4.70000000e+04     1.17500000e+01     1.11164586e+03     2.97138486e+02     2.36280235e+02     1.25560821e+02   
    4.72000000e+04     1.18000000e+01     1.11165012e+03     3.00169480e+02     2.35559303e+02     1.22600134e+02   
    4.74000000e+04     1.18500000e+01     1.11165971e+03     3.00705318e+02     2.36666713e+02     1.25369729e+02   
    4.76000000e+04     1.19000000e+01     1.11166995e+03     3.00673650e+02     2.37991732e+02     1.24656538e+02   
    4.78000000e+04     1.19500000e+01     1.11167402e+03     3.03725750e+02     2.35612225e+02     1.24472315e+02   
    4.80000000e+04     1.20000000e+01     1.11168489e+03     3.01669336e+02     2.36874288e+02     1.25106214e+02   
    4.82000000e+04     1.20500000e+01     1.11169692e+03     3.01829476e+02     2.35632957e+02     1.24678406e+02   
    4.84000000e+04     1.21000000e+01     1.11169522e+03     2.96491854e+02     2.36516782e+02     1.25954830e+02   
    4.86000000e+04     1.21500000e+01     1.11169932e+03     3.01178337e+02     2.36009981e+02     1.24751930e+02   
    4.88000000e+04     1.22000000e+01     1.11169943e+03     3.03111118e+02     2.35821198e+02     1.25241239e+02   
    4.90000000e+04     1.22500000e+01     1.11169455e+03     3.02253958e+02     2.36240336e+02     1.24180289e+02   
    4.92000000e+04     1.23000000e+01     1.11170030e+03     2.98173499e+02     2.35652484e+02     1.25012715e+02   
    4.94000000e+04     1.23500000e+01     1.11170292e+03     3.00190661e+02     2.36077859e+02     1.24229290e+02   
    4.96000000e+04     1.24000000e+01     1.11171376e+03     3.00100341e+02     2.37746112e+02     1.27218431e+02   
    4.98000000e+04     1.24500000e+01     1.11169458e+03     2.97415523e+02     2.36459007e+02     1.26001085e+02   
    5.00000000e+04     1.25000000e+01     1.11168207e+03     3.00148918e+02     2.33685094e+02     1.21202700e+02   
    5.02000000e+04     1.25500000e+01     1.11168645e+03     2.99093071e+02     2.35451924e+02     1.23381993e+02   
    5.04000000e+04     1.26000000e+01     1.11170347e+03     3.03076626e+02     2.37860197e+02     1.26885316e+02   
    5.06000000e+04     1.26500000e+01     1.11170363e+03     2.97544809e+02     2.36289188e+02     1.25038156e+02   
    5.08000000e+04     1.27000000e+01     1.11171048e+03     3.00599897e+02     2.36863014e+02     1.27290293e+02   
    5.10000000e+04     1.27500000e+01     1.11170398e+03     3.00399548e+02     2.35931996e+02     1.23988300e+02   
    5.12000000e+04     1.28000000e+01     1.11170499e+03     2.99424706e+02     2.35026029e+02     1.24803769e+02   
    5.14000000e+04     1.28500000e+01     1.11170956e+03     2.99966559e+02     2.37048906e+02     1.25324126e+02   
    5.16000000e+04     1.29000000e+01     1.11171678e+03     3.01036802e+02     2.39264469e+02     1.29256720e+02   
    5.18000000e+04     1.29500000e+01     1.11170364e+03     2.99031360e+02     2.37614672e+02     1.26661900e+02   
    5.20000000e+04     1.30000000e+01     1.11169783e+03     3.00186457e+02     2.37404605e+02     1.27365928e+02   
    5.22000000e+04     1.30500000e+01     1.11168858e+03     2.98691012e+02     2.36512725e+02     1.26355182e+02   
    5.24000000e+04     1.31000000e+01     1.11167551e+03     2.98898463e+02     2.35848458e+02     1.25770711e+02   
    5.26000000e+04     1.31500000e+01     1.11167231e+03     2.98174902e+02     2.37204311e+02     1.27791919e+02   
    5.28000000e+04     1.32000000e+01     1.11166699e+03     3.01541916e+02     2.36233149e+02     1.25882921e+02   
    5.30000000e+04     1.32500000e+01     1.11166977e+03     2.99856988e+02     2.35502418e+02     1.24138696e+02   
    5.32000000e+04     1.33000000e+01     1.11167148e+03     3.02777981e+02     2.34819156e+02     1.23136683e+02   
    5.34000000e+04     1.33500000e+01     1.11168531e+03     3.00562843e+02     2.36310609e+02     1.25095075e+02   
    5.36000000e+04     1.34000000e+01     1.11169658e+03     3.02479796e+02     2.36797954e+02     1.25793703e+02   
    5.38000000e+04     1.34500000e+01     1.11170666e+03     2.99579414e+02     2.38388938e+02     1.28729536e+02   
    5.40000000e+04     1.35000000e+01     1.11170783e+03     3.00814155e+02     2.38836915e+02     1.27552805e+02   
    5.42000000e+04     1.35500000e+01     1.11170657e+03     3.04346892e+02     2.35604179e+02     1.25223713e+02   
    5.44000000e+04     1.36000000e+01     1.11172110e+03     2.99922146e+02     2.37333983e+02     1.27533677e+02   
    5.46000000e+04     1.36500000e+01     1.11170954e+03     3.01879059e+02     2.35045687e+02     1.25736353e+02   
    5.48000000e+04     1.37000000e+01     1.11171570e+03     3.03624645e+02     2.34353973e+02     1.26092834e+02   
    5.50000000e+04     1.37500000e+01     1.11172618e+03     3.02261454e+02     2.36336811e+02     1.27805104e+02   
    5.52000000e+04     1.38000000e+01     1.11172667e+03     2.98283910e+02     2.36311570e+02     1.28657542e+02   
    5.54000000e+04     1.38500000e+01     1.11173083e+03     3.01352884e+02     2.36007503e+02     1.28104358e+02   
    5.56000000e+04     1.39000000e+01     1.11172130e+03     3.03899463e+02     2.33409225e+02     1.25562596e+02   
    5.58000000e+04     1.39500000e+01     1.11173358e+03     3.02739603e+02     2.33629262e+02     1.24379549e+02   
    5.60000000e+04     1.40000000e+01     1.11174943e+03     3.00102486e+02     2.33807697e+02     1.26231187e+02   
    5.62000000e+04     1.40500000e+01     1.11175310e+03     3.01207603e+02     2.36047688e+02     1.27239121e+02   
    5.64000000e+04     1.41000000e+01     1.11175436e+03     3.01165598e+02     2.36947098e+02     1.28614024e+02   
    5.66000000e+04     1.41500000e+01     1.11175236e+03     3.02131744e+02     2.37282965e+02     1.28988995e+02   
    5.68000000e+04     1.42000000e+01     1.11175730e+03     3.02753016e+02     2.37458447e+02     1.29583383e+02   
    5.70000000e+04     1.42500000e+01     1.11176252e+03     3.03933145e+02     2.35599844e+02     1.27671545e+02   
    5.72000000e+04     1.43000000e+01     1.11176826e+03     3.02760246e+02     2.36052869e+02     1.29260904e+02   
    5.74000000e+04     1.43500000e+01     1.11175146e+03     3.01615778e+02     2.37171700e+02     1.27578926e+02   
    5.76000000e+04     1.44000000e+01     1.11174248e+03     2.99070183e+02     2.35568054e+02     1.26878893e+02   
    5.78000000e+04     1.44500000e+01     1.11173941e+03     3.03292477e+02     2.36391287e+02     1.25906025e+02   
    5.80000000e+04     1.45000000e+01     1.11174516e+03     3.00681858e+02     2.36161117e+02     1.27079534e+02   
    5.82000000e+04     1.45500000e+01     1.11173315e+03     3.04630770e+02     2.34959499e+02     1.25405565e+02   
    5.84000000e+04     1.46000000e+01     1.11174012e+03     3.00506623e+02     2.37512192e+02     1.26832097e+02   
    5.86000000e+04     1.46500000e+01     1.11172225e+03     3.01453564e+02     2.35984623e+02     1.25269599e+02   
    5.88000000e+04     1.47000000e+01     1.11171578e+03     3.03016733e+02     2.35590777e+02     1.26357192e+02   
    5.90000000e+04     1.47500000e+01     1.11172536e+03     3.01545474e+02     2.37916968e+02     1.27407542e+02   
    5.92000000e+04     1.48000000e+01     1.11173317e+03     3.02233443e+02     2.35872648e+02     1.24800188e+02   
    5.94000000e+04     1.48500000e+01     1.11174877e+03     3.04654110e+02     2.35742542e+02     1.25987621e+02   
    5.96000000e+04     1.49000000e+01     1.11175929e+03     3.01649629e+02     2.35940728e+02     1.25356130e+02   
    5.98000000e+04     1.49500000e+01     1.11176552e+03     3.02559123e+02     2.34723740e+02     1.23568671e+02   
    6.00000000e+04     1.50000000e+01     1.11177892e+03     3.03022763e+02     2.38280547e+02     1.26230416e+02   
    6.02000000e+04     1.50500000e+01     1.11176698e+03     3.00590644e+02     2.37374833e+02     1.24241142e+02   
    6.04000000e+04     1.51000000e+01     1.11177544e+03     3.00265835e+02     2.36785925e+02     1.24008761e+02   
    6.06000000e+04     1.51500000e+01     1.11178203e+03     3.00445181e+02     2.35918310e+02     1.23587035e+02   
    6.08000000e+04     1.52000000e+01     1.11177943e+03     3.01914164e+02     2.35647174e+02     1.25247904e+02   
    6.10000000e+04     1.52500000e+01     1.11177908e+03     3.00022737e+02     2.37289648e+02     1.27395968e+02   
    6.12000000e+04     1.53000000e+01     1.11177910e+03     3.03109038e+02     2.35580797e+02     1.24246279e+02   
    6.14000000e+04     1.53500000e+01     1.11178010e+03     2.99567536e+02     2.37191893e+02     1.25214727e+02   
    6.16000000e+04     1.54000000e+01     1.11178651e+03     2.99277805e+02     2.36175711e+02     1.27082488e+02   
    6.18000000e+04     1.54500000e+01     1.11177695e+03     3.03121611e+02     2.34084144e+02     1.22553816e+02   
    6.20000000e+04     1.55000000e+01     1.11178342e+03     3.02578873e+02     2.34892676e+02     1.23697114e+02   
    6.22000000e+04     1.55500000e+01     1.11178395e+03     3.03521593e+02     2.37844946e+02     1.27222393e+02   
    6.24000000e+04     1.56000000e+01     1.11177404e+03     3.02867333e+02     2.35413450e+02     1.24361577e+02   
    6.26000000e+04     1.56500000e+01     1.11176908e+03     2.99616430e+02     2.34870174e+02     1.24989220e+02   
    6.28000000e+04     1.57000000e+01     1.11177075e+03     3.02170421e+02     2.37323469e+02     1.25742958e+02   
    6.30000000e+04     1.57500000e+01     1.11176675e+03     2.97100206e+02     2.36524014e+02     1.26614020e+02   
    6.32000000e+04     1.58000000e+01     1.11175612e+03     3.00404114e+02     2.32896772e+02     1.24739541e+02   
    6.34000000e+04     1.58500000e+01     1.11176315e+03     2.98845690e+02     2.36722829e+02     1.26915934e+02   
    6.36000000e+04     1.59000000e+01     1.11175762e+03     3.01316304e+02     2.35899414e+02     1.25670879e+02   
    6.38000000e+04     1.59500000e+01     1.11176929e+03     3.00919514e+02     2.35581766e+02     1.27641200e+02   
    6.40000000e+04     1.60000000e+01     1.11179035e+03     3.01039577e+02     2.36314474e+02     1.30247788e+02   
    6.42000000e+04     1.60500000e+01     1.11180776e+03     2.98231703e+02     2.37254729e+02     1.29652005e+02   
    6.44000000e+04     1.61000000e+01     1.11179998e+03     3.02587325e+02     2.36724321e+02     1.29129272e+02   
    6.46000000e+04     1.61500000e+01     1.11180132e+03     3.02231260e+02     2.35213987e+02     1.27759781e+02   
    6.48000000e+04     1.62000000e+01     1.11181364e+03     3.01291241e+02     2.35345629e+02     1.27732317e+02   
    6.50000000e+04     1.62500000e+01     1.11182015e+03     3.01841493e+02     2.36651017e+02     1.29082415e+02   
    6.52000000e+04     1.63000000e+01     1.11181537e+03     3.00628806e+02     2.37206253e+02     1.28443707e+02   
    6.54000000e+04     1.63500000e+01     1.11180397e+03     3.01846807e+02     2.36217958e+02     1.27793123e+02   
    6.56000000e+04     1.64000000e+01     1.11179498e+03     2.95958722e+02     2.35206641e+02     1.26728058e+02   
    6.58000000e+04     1.64500000e+01     1.11180054e+03     3.00932730e+02     2.36741688e+02     1.27387135e+02   
    6.60000000e+04     1.65000000e+01     1.11179801e+03     2.97131113e+02     2.37670972e+02     1.27336009e+02   
    6.62000000e+04     1.65500000e+01     1.11179328e+03     3.03866926e+02     2.36355342e+02     1.25489543e+02   
    6.64000000e+04     1.66000000e+01     1.11178052e+03     3.02656904e+02     2.34823896e+02     1.24555927e+02   
    6.66000000e+04     1.66500000e+01     1.11179628e+03     3.02885488e+02     2.36587619e+02     1.26661497e+02   
    6.68000000e+04     1.67000000e+01     1.11180128e+03     3.02405755e+02     2.35658682e+02     1.24321769e+02   
    6.70000000e+04     1.67500000e+01     1.11179994e+03     2.99092992e+02     2.34004126e+02     1.23561301e+02   
    6.72000000e+04     1.68000000e+01     1.11181163e+03     2.98574357e+02     2.36631972e+02     1.26389237e+02   
    6.74000000e+04     1.68500000e+01     1.11180476e+03     3.00049073e+02     2.34974308e+02     1.24188170e+02   
    6.76000000e+04     1.69000000e+01     1.11181139e+03     3.01605507e+02     2.36057577e+02     1.24464088e+02   
    6.78000000e+04     1.69500000e+01     1.11180554e+03     3.02328283e+02     2.36527461e+02     1.24864371e+02   
    6.80000000e+04     1.70000000e+01     1.11180011e+03     3.02605778e+02     2.33998900e+02     1.24024164e+02   
    6.82000000e+04     1.70500000e+01     1.11179879e+03     2.99243608e+02     2.35884274e+02     1.25854410e+02   
    6.84000000e+04     1.71000000e+01     1.11179946e+03     3.02924214e+02     2.36595498e+02     1.26866736e+02   
    6.86000000e+04     1.71500000e+01     1.11180246e+03     3.01497992e+02     2.36963206e+02     1.27504298e+02   
    6.88000000e+04     1.72000000e+01     1.11180281e+03     3.03226201e+02     2.35542769e+02     1.25027418e+02   
    6.90000000e+04     1.72500000e+01     1.11180890e+03     3.05324080e+02     2.35266044e+02     1.25794952e+02   
    6.92000000e+04     1.73000000e+01     1.11183042e+03     3.02472080e+02     2.36343413e+02     1.25916967e+02   
    6.94000000e+04     1.73500000e+01     1.11183442e+03     2.99278562e+02     2.35769460e+02     1.25422067e+02   
    6.96000000e+04     1.74000000e+01     1.11184119e+03     3.02410433e+02     2.35002241e+02     1.23917786e+02   
    6.98000000e+04     1.74500000e+01     1.11186245e+03     2.98699436e+02     2.36493302e+02     1.27751637e+02   
    7.00000000e+04     1.75000000e+01     1.11186438e+03     3.00235613e+02     2.36437097e+02     1.26371095e+02   
    7.02000000e+04     1.75500000e+01     1.11186373e+03     2.99831154e+02     2.36378661e+02     1.26391179e+02   
    7.04000000e+04     1.76000000e+01     1.11186384e+03     3.00575848e+02     2.35736168e+02     1.25786437e+02   
    7.06000000e+04     1.76500000e+01     1.11187211e+03     3.02264013e+02     2.35990184e+02     1.24333624e+02   
    7.08000000e+04     1.77000000e+01     1.11186258e+03     3.01853743e+02     2.35193681e+02     1.23997698e+02   
    7.10000000e+04     1.77500000e+01     1.11186421e+03     2.99502629e+02     2.33859522e+02     1.22474178e+02   
    7.12000000e+04     1.78000000e+01     1.11187637e+03     3.02541072e+02     2.37622166e+02     1.25345574e+02   
    7.14000000e+04     1.78500000e+01     1.11189260e+03     3.01253230e+02     2.36514602e+02     1.24009566e+02   
    7.16000000e+04     1.79000000e+01     1.11189007e+03     3.05062614e+02     2.36231596e+02     1.26442722e+02   
    7.18000000e+04     1.79500000e+01     1.11189845e+03     2.98361564e+02     2.36956469e+02     1.26463691e+02   
    7.20000000e+04     1.80000000e+01     1.11189645e+03     3.01650258e+02     2.35293123e+02     1.24770430e+02   
    7.22000000e+04     1.80500000e+01     1.11190638e+03     2.99202643e+02     2.37513460e+02     1.25767718e+02   
    7.24000000e+04     1.81000000e+01     1.11189714e+03     3.01417336e+02     2.37464842e+02     1.24843227e+02   
    7.26000000e+04     1.81500000e+01     1.11188716e+03     3.01381511e+02     2.35599688e+02     1.23289606e+02   
    7.28000000e+04     1.82000000e+01     1.11189707e+03     3.02134859e+02     2.36031132e+02     1.23846381e+02   
    7.30000000e+04     1.82500000e+01     1.11189265e+03     3.00516860e+02     2.34341520e+02     1.21377448e+02   
    7.32000000e+04     1.83000000e+01     1.11189283e+03     2.99908813e+02     2.34939201e+02     1.23096317e+02   
    7.34000000e+04     1.83500000e+01     1.11190273e+03     2.99609130e+02     2.36521987e+02     1.24602135e+02   
    7.36000000e+04     1.84000000e+01     1.11190884e+03     3.02796965e+02     2.36180683e+02     1.25698591e+02   
    7.38000000e+04     1.84500000e+01     1.11191354e+03     3.01231640e+02     2.36548691e+02     1.26066065e+02   
    7.40000000e+04     1.85000000e+01     1.11191820e+03     2.99083763e+02     2.34993254e+02     1.24516389e+02   
    7.42000000e+04     1.85500000e+01     1.11192724e+03     3.02400509e+02     2.37754251e+02     1.25908545e+02   
    7.44000000e+04     1.86000000e+01     1.11192309e+03     3.03097978e+02     2.34852312e+02     1.23601322e+02   
    7.46000000e+04     1.86500000e+01     1.11192658e+03     2.99452219e+02     2.38044152e+02     1.26665460e+02   
    7.48000000e+04     1.87000000e+01     1.11191629e+03     3.03277599e+02     2.35540672e+02     1.25205261e+02   
    7.50000000e+04     1.87500000e+01     1.11191680e+03     3.00112076e+02     2.36589137e+02     1.24114421e+02   
    7.52000000e+04     1.88000000e+01     1.11193117e+03     3.02194006e+02     2.36476564e+02     1.24350300e+02   
    7.54000000e+04     1.88500000e+01     1.11192489e+03     3.01037478e+02     2.35137427e+02     1.23681502e+02   
    7.56000000e+04     1.89000000e+01     1.11192355e+03     2.98151139e+02     2.36681096e+02     1.25786533e+02   
    7.58000000e+04     1.89500000e+01     1.11191362e+03     3.00457578e+02     2.34261798e+02     1.22740560e+02   
    7.60000000e+04     1.90000000e+01     1.11192866e+03     3.00178335e+02     2.38065464e+02     1.25953827e+02   
    7.62000000e+04     1.90500000e+01     1.11193252e+03     3.01889191e+02     2.36172027e+02     1.23728350e+02   
    7.64000000e+04     1.91000000e+01     1.11194231e+03     2.98766206e+02     2.36848801e+02     1.23587892e+02   
    7.66000000e+04     1.91500000e+01     1.11192391e+03     3.03974213e+02     2.34599748e+02     1.20873932e+02   
    7.68000000e+04     1.92000000e+01     1.11191813e+03     3.01354196e+02     2.36663573e+02     1.21906023e+02   
    7.70000000e+04     1.92500000e+01     1.11191464e+03     3.00488788e+02     2.36385690e+02     1.23112182e+02   
    7.72000000e+04     1.93000000e+01     1.11191526e+03     3.04278028e+02     2.35697131e+02     1.20803757e+02   
    7.74000000e+04     1.93500000e+01     1.11194085e+03     3.00648450e+02     2.36035599e+02     1.23338366e+02   
    7.76000000e+04     1.94000000e+01     1.11194395e+03     2.96282166e+02     2.35522441e+02     1.23291923e+02   
    7.78000000e+04     1.94500000e+01     1.11195559e+03     3.01648517e+02     2.36741672e+02     1.26277021e+02   
    7.80000000e+04     1.95000000e+01     1.11194733e+03     3.02178744e+02     2.37235392e+02     1.24279965e+02   
    7.82000000e+04     1.95500000e+01     1.11191833e+03     3.01234332e+02     2.34199231e+02     1.21290264e+02   
    7.84000000e+04     1.96000000e+01     1.11190981e+03     2.99657043e+02     2.35879191e+02     1.23109316e+02   
    7.86000000e+04     1.96500000e+01     1.11192274e+03     2.99343135e+02     2.37178785e+02     1.24735523e+02   
    7.88000000e+04     1.97000000e+01     1.11191667e+03     3.01656230e+02     2.34899104e+02     1.22436005e+02   
    7.90000000e+04     1.97500000e+01     1.11192361e+03     3.02958262e+02     2.36611454e+02     1.23947821e+02   
    7.92000000e+04     1.98000000e+01     1.11192481e+03     2.96760424e+02     2.35625279e+02     1.25694992e+02   
    7.94000000e+04     1.98500000e+01     1.11192531e+03     3.00410267e+02     2.36713213e+02     1.25635492e+02   
    7.96000000e+04     1.99000000e+01     1.11192218e+03     3.00550359e+02     2.37018921e+02     1.26685512e+02   
    7.98000000e+04     1.99500000e+01     1.11190752e+03     3.00969168e+02     2.36464293e+02     1.24124694e+02   
    8.00000000e+04     2.00000000e+01     1.11189163e+03     2.99366727e+02     2.35154848e+02     1.24565060e+02   
