# column   1     --> step : The current simulation time step.
# column   2     --> time{picosecond} : The elapsed simulation time.
# column   3     --> conserved{electronvolt} : The value of the conserved energy quantity per bead.
# column   4     --> temperature{kelvin} : The current temperature, as obtained from the MD kinetic energy.
# column   5     --> kinetic_cv{electronvolt} : The centroid-virial quantum kinetic energy of the physical system.
# column   6     --> potential{electronvolt} : The physical system potential energy.
    0.00000000e+00     0.00000000e+00     1.11633524e+03     3.04273373e+02     2.33589470e+02     1.26645154e+02   
    2.00000000e+02     5.00000000e-02     1.11633021e+03     2.98612722e+02     2.36391298e+02     1.27812226e+02   
    4.00000000e+02     1.00000000e-01     1.11632743e+03     3.03582721e+02     2.36121239e+02     1.27236612e+02   
    6.00000000e+02     1.50000000e-01     1.11632143e+03     3.00272892e+02     2.34870310e+02     1.25969532e+02   
    8.00000000e+02     2.00000000e-01     1.11632677e+03     2.99862262e+02     2.35375855e+02     1.28329339e+02   
    1.00000000e+03     2.50000000e-01     1.11632008e+03     3.04941523e+02     2.35207461e+02     1.24703164e+02   
    1.20000000e+03     3.00000000e-01     1.11630611e+03     3.00084246e+02     2.33913957e+02     1.23994272e+02   
    1.40000000e+03     3.50000000e-01     1.11630193e+03     3.04945272e+02     2.35238818e+02     1.21661265e+02   
    1.60000000e+03     4.00000000e-01     1.11630742e+03     3.00916450e+02     2.34328724e+02     1.23551437e+02   
    1.80000000e+03     4.50000000e-01     1.11632400e+03     3.01620906e+02     2.35175025e+02     1.23459172e+02   
    2.00000000e+03     5.00000000e-01     1.11632861e+03     2.98652970e+02     2.37321152e+02     1.27417325e+02   
    2.20000000e+03     5.50000000e-01     1.11632599e+03     2.96364101e+02     2.35485809e+02     1.24197660e+02   
    2.40000000e+03     6.00000000e-01     1.11633214e+03     3.01139986e+02     2.37542917e+02     1.27536192e+02   
    2.60000000e+03     6.50000000e-01     1.11632632e+03     3.02107084e+02     2.36450148e+02     1.24737014e+02   
    2.80000000e+03     7.00000000e-01     1.11631836e+03     3.03560483e+02     2.36022023e+02     1.23886368e+02   
    3.00000000e+03     7.50000000e-01     1.11632316e+03     3.01339282e+02     2.36132483e+02     1.25060736e+02   
    3.20000000e+03     8.00000000e-01     1.11631653e+03     3.00504557e+02     2.35563558e+02     1.25966036e+02   
    3.40000000e+03     8.50000000e-01     1.11631809e+03     3.01848783e+02     2.37741459e+02     1.28388244e+02   
    3.60000000e+03     9.00000000e-01     1.11631123e+03     2.99460643e+02     2.35027285e+02     1.26092452e+02   
    3.80000000e+03     9.50000000e-01     1.11632459e+03     3.03005912e+02     2.36240401e+02     1.26944128e+02   
    4.00000000e+03     1.00000000e+00     1.11633481e+03     3.00979667e+02     2.35927858e+02     1.28150262e+02   
    4.20000000e+03     1.05000000e+00     1.11633133e+03     3.01874356e+02     2.35759401e+02     1.26669322e+02   
    4.40000000e+03     1.10000000e+00     1.11632438e+03     2.97578283e+02     2.36564365e+02     1.27004436e+02   
    4.60000000e+03     1.15000000e+00     1.11633138e+03     3.01802654e+02     2.37726897e+02     1.27746311e+02   
    4.80000000e+03     1.20000000e+00     1.11631965e+03     3.02824196e+02     2.37659323e+02     1.27688408e+02   
    5.00000000e+03     1.25000000e+00     1.11631680e+03     3.02001204e+02     2.33468819e+02     1.25195822e+02   
    5.20000000e+03     1.30000000e+00     1.11633301e+03     3.02619207e+02     2.35645703e+02     1.26182217e+02   
    5.40000000e+03     1.35000000e+00     1.11634817e+03     3.01680669e+02     2.38597705e+02     1.30550760e+02   
    5.60000000e+03     1.40000000e+00     1.11633806e+03     3.02782022e+02     2.36702851e+02     1.27352495e+02   
    5.80000000e+03     1.45000000e+00     1.11633634e+03     2.99392739e+02     2.36458480e+02     1.27359616e+02   
    6.00000000e+03     1.50000000e+00     1.11633761e+03     3.03873331e+02     2.37916637e+02     1.26665763e+02   
    6.20000000e+03     1.55000000e+00     1.11634184e+03     3.00342722e+02     2.36454845e+02     1.26309939e+02   
    6.40000000e+03     1.60000000e+00     1.11634282e+03     3.02411360e+02     2.35302702e+02     1.23725499e+02   
    6.60000000e+03     1.65000000e+00     1.11633831e+03     3.00931972e+02     2.35293973e+02     1.22788580e+02   
    6.80000000e+03     1.70000000e+00     1.11635040e+03     3.04096496e+02     2.37004290e+02     1.23966646e+02   
    7.00000000e+03     1.75000000e+00     1.11635386e+03     3.03733780e+02     2.33909973e+02     1.23074232e+02   
    7.20000000e+03     1.80000000e+00     1.11635769e+03     3.02793246e+02     2.35746909e+02     1.26009836e+02   
    7.40000000e+03     1.85000000e+00     1.11636830e+03     2.98760430e+02     2.38774698e+02     1.29187618e+02   
    7.60000000e+03     1.90000000e+00     1.11635322e+03     3.04920378e+02     2.36850298e+02     1.24054045e+02   
    7.80000000e+03     1.95000000e+00     1.11634968e+03     3.03968251e+02     2.38017746e+02     1.25571397e+02   
    8.00000000e+03     2.00000000e+00     1.11634774e+03     3.03948023e+02     2.35977213e+02     1.22633745e+02   
    8.20000000e+03     2.05000000e+00     1.11635821e+03     3.02244630e+02     2.36744406e+02     1.23340459e+02   
    8.40000000e+03     2.10000000e+00     1.11635599e+03     3.04103676e+02     2.35291357e+02     1.23717273e+02   
    8.60000000e+03     2.15000000e+00     1.11635087e+03     3.02207857e+02     2.35205515e+02     1.22262852e+02   
    8.80000000e+03     2.20000000e+00     1.11635540e+03     3.00703171e+02     2.34931785e+02     1.22936926e+02   
    9.00000000e+03     2.25000000e+00     1.11635632e+03     3.00159557e+02     2.35952956e+02     1.23305926e+02   
    9.20000000e+03     2.30000000e+00     1.11636204e+03     3.05152479e+02     2.35386715e+02     1.24092482e+02   
    9.40000000e+03     2.35000000e+00     1.11635797e+03     3.01814144e+02     2.36185781e+02     1.25529292e+02   
    9.60000000e+03     2.40000000e+00     1.11635622e+03     3.01464274e+02     2.37359094e+02     1.25760892e+02   
    9.80000000e+03     2.45000000e+00     1.11635128e+03     3.04129860e+02     2.34937009e+02     1.24676222e+02   
    1.00000000e+04     2.50000000e+00     1.11635034e+03     3.01528200e+02     2.34438989e+02     1.23778104e+02   
    1.02000000e+04     2.55000000e+00     1.11636353e+03     2.98897413e+02     2.37059019e+02     1.26455716e+02   
    1.04000000e+04     2.60000000e+00     1.11635289e+03     2.99638897e+02     2.36429676e+02     1.26044714e+02   
    1.06000000e+04     2.65000000e+00     1.11637478e+03     3.01975607e+02     2.38104970e+02     1.27618765e+02   
    1.08000000e+04     2.70000000e+00     1.11637818e+03     2.98630756e+02     2.38138924e+02     1.28215676e+02   
    1.10000000e+04     2.75000000e+00     1.11636265e+03     3.05828392e+02     2.36060913e+02     1.24110997e+02   
    1.12000000e+04     2.80000000e+00     1.11636793e+03     3.00769206e+02     2.38053799e+02     1.29394942e+02   
    1.14000000e+04     2.85000000e+00     1.11635861e+03     3.06020743e+02     2.37605097e+02     1.28440141e+02   
    1.16000000e+04     2.90000000e+00     1.11636025e+03     3.01951721e+02     2.36699976e+02     1.28582077e+02   
    1.18000000e+04     2.95000000e+00     1.11635442e+03     2.99236818e+02     2.36138534e+02     1.26673839e+02   
    1.20000000e+04     3.00000000e+00     1.11636068e+03     2.99750463e+02     2.36885612e+02     1.28905685e+02   
    1.22000000e+04     3.05000000e+00     1.11635542e+03     3.00477915e+02     2.35773786e+02     1.27495549e+02   
    1.24000000e+04     3.10000000e+00     1.11638404e+03     3.02115871e+02     2.37002753e+02     1.30479170e+02   
    1.26000000e+04     3.15000000e+00     1.11636251e+03     3.01948276e+02     2.35621434e+02     1.25864252e+02   
    1.28000000e+04     3.20000000e+00     1.11636869e+03     2.98173829e+02     2.36021674e+02     1.26718901e+02   
    1.30000000e+04     3.25000000e+00     1.11635771e+03     3.02597365e+02     2.37375280e+02     1.26224468e+02   
    1.32000000e+04     3.30000000e+00     1.11636143e+03     2.99982971e+02     2.36738345e+02     1.27937468e+02   
    1.34000000e+04     3.35000000e+00     1.11635760e+03     3.00502319e+02     2.36626274e+02     1.26766013e+02   
    1.36000000e+04     3.40000000e+00     1.11634666e+03     3.03398490e+02     2.36322548e+02     1.25806618e+02   
    1.38000000e+04     3.45000000e+00     1.11633854e+03     3.05540731e+02     2.36185366e+02     1.23683481e+02   
    1.40000000e+04     3.50000000e+00     1.11632821e+03     3.03653360e+02     2.36387538e+02     1.24505535e+02   
    1.42000000e+04     3.55000000e+00     1.11634437e+03     3.02729190e+02     2.36468122e+02     1.25566020e+02   
    1.44000000e+04     3.60000000e+00     1.11634268e+03     3.01840622e+02     2.34728198e+02     1.23792626e+02   
    1.46000000e+04     3.65000000e+00     1.11637024e+03     3.00072287e+02     2.35271932e+02     1.25580143e+02   
    1.48000000e+04     3.70000000e+00     1.11638402e+03     3.02403232e+02     2.37654360e+02     1.27422615e+02   
    1.50000000e+04     3.75000000e+00     1.11639188e+03     3.01111998e+02     2.35932807e+02     1.25798229e+02   
    1.52000000e+04     3.80000000e+00     1.11640742e+03     3.02287176e+02     2.36699962e+02     1.25695331e+02   
    1.54000000e+04     3.85000000e+00     1.11641680e+03     3.01094548e+02     2.34648417e+02     1.25340251e+02   
    1.56000000e+04     3.90000000e+00     1.11642089e+03     3.03501323e+02     2.35278828e+02     1.26962343e+02   
    1.58000000e+04     3.95000000e+00     1.11642606e+03     2.99836426e+02     2.35854802e+02     1.29114578e+02   
    1.60000000e+04     4.00000000e+00     1.11641523e+03     3.02127385e+02     2.37159222e+02     1.26430541e+02   
    1.62000000e+04     4.05000000e+00     1.11639475e+03     2.99098517e+02     2.35560732e+02     1.27461650e+02   
    1.64000000e+04     4.10000000e+00     1.11639026e+03     3.01988525e+02     2.37133298e+02     1.28493394e+02   
    1.66000000e+04     4.15000000e+00     1.11637553e+03     2.99285290e+02     2.34233572e+02     1.27654702e+02   
    1.68000000e+04     4.20000000e+00     1.11637124e+03     2.98961145e+02     2.34964854e+02     1.27957060e+02   
    1.70000000e+04     4.25000000e+00     1.11636285e+03     2.96525154e+02     2.36503859e+02     1.27886422e+02   
    1.72000000e+04     4.30000000e+00     1.11635691e+03     2.99090003e+02     2.36820081e+02     1.28388098e+02   
    1.74000000e+04     4.35000000e+00     1.11634767e+03     2.99229154e+02     2.34676418e+02     1.24678048e+02   
    1.76000000e+04     4.40000000e+00     1.11635923e+03     2.99280492e+02     2.37014881e+02     1.28494589e+02   
    1.78000000e+04     4.45000000e+00     1.11635912e+03     3.03138998e+02     2.36439241e+02     1.26741001e+02   
    1.80000000e+04     4.50000000e+00     1.11635840e+03     3.00357118e+02     2.36538047e+02     1.29009192e+02   
    1.82000000e+04     4.55000000e+00     1.11634224e+03     3.02277209e+02     2.35782931e+02     1.25312453e+02   
    1.84000000e+04     4.60000000e+00     1.11633377e+03     3.00926285e+02     2.36655910e+02     1.27776408e+02   
    1.86000000e+04     4.65000000e+00     1.11634014e+03     3.02693544e+02     2.37342562e+02     1.27223326e+02   
    1.88000000e+04     4.70000000e+00     1.11633685e+03     3.03380127e+02     2.36859454e+02     1.26359686e+02   
    1.90000000e+04     4.75000000e+00     1.11633252e+03     3.01108087e+02     2.36306597e+02     1.27510247e+02   
    1.92000000e+04     4.80000000e+00     1.11630639e+03     3.02719288e+02     2.34466388e+02     1.23230168e+02   
    1.94000000e+04     4.85000000e+00     1.11631478e+03     3.04227981e+02     2.38227050e+02     1.26512396e+02   
    1.96000000e+04     4.90000000e+00     1.11632528e+03     3.03749759e+02     2.37657109e+02     1.27038458e+02   
    1.98000000e+04     4.95000000e+00     1.11632772e+03     3.07310017e+02     2.35943515e+02     1.24648007e+02   
    2.00000000e+04     5.00000000e+00     1.11633044e+03     3.01757153e+02     2.34858019e+02     1.25786065e+02   
    2.02000000e+04     5.05000000e+00     1.11632492e+03     3.04489124e+02     2.36217355e+02     1.24707452e+02   
    2.04000000e+04     5.10000000e+00     1.11632297e+03     3.05394676e+02     2.37960350e+02     1.25651610e+02   
    2.06000000e+04     5.15000000e+00     1.11631193e+03     3.04085953e+02     2.35262165e+02     1.24863093e+02   
    2.08000000e+04     5.20000000e+00     1.11633170e+03     3.04694170e+02     2.36795738e+02     1.28418018e+02   
    2.10000000e+04     5.25000000e+00     1.11633536e+03     3.02542777e+02     2.36381415e+02     1.25318320e+02   
    2.12000000e+04     5.30000000e+00     1.11634280e+03     3.01055967e+02     2.35921275e+02     1.27166626e+02   
    2.14000000e+04     5.35000000e+00     1.11633031e+03     3.03279278e+02     2.34698015e+02     1.24963387e+02   
    2.16000000e+04     5.40000000e+00     1.11633941e+03     3.01846499e+02     2.36345443e+02     1.27730637e+02   
    2.18000000e+04     5.45000000e+00     1.11634127e+03     3.00782229e+02     2.35317463e+02     1.26066603e+02   
    2.20000000e+04     5.50000000e+00     1.11636613e+03     3.01270995e+02     2.37885923e+02     1.28717540e+02   
    2.22000000e+04     5.55000000e+00     1.11636067e+03     3.03517768e+02     2.34949293e+02     1.24287905e+02   
    2.24000000e+04     5.60000000e+00     1.11638106e+03     2.99672559e+02     2.35523523e+02     1.25179976e+02   
    2.26000000e+04     5.65000000e+00     1.11637732e+03     3.00825413e+02     2.33808763e+02     1.23075913e+02   
    2.28000000e+04     5.70000000e+00     1.11640741e+03     3.03284710e+02     2.36873767e+02     1.26620177e+02   
    2.30000000e+04     5.75000000e+00     1.11643172e+03     3.04848045e+02     2.37981593e+02     1.29731274e+02   
    2.32000000e+04     5.80000000e+00     1.11642571e+03     3.02442992e+02     2.37378528e+02     1.28801675e+02   
    2.34000000e+04     5.85000000e+00     1.11641743e+03     3.04058597e+02     2.34967652e+02     1.25630974e+02   
    2.36000000e+04     5.90000000e+00     1.11641383e+03     3.06627580e+02     2.36956363e+02     1.25547032e+02   
    2.38000000e+04     5.95000000e+00     1.11640579e+03     3.01469782e+02     2.35886960e+02     1.25119509e+02   
    2.40000000e+04     6.00000000e+00     1.11640308e+03     3.05358198e+02     2.38154260e+02     1.25555546e+02   
    2.42000000e+04     6.05000000e+00     1.11638471e+03     3.04344636e+02     2.37013412e+02     1.24287630e+02   
    2.44000000e+04     6.10000000e+00     1.11636797e+03     3.06353511e+02     2.34465254e+02     1.20735494e+02   
    2.46000000e+04     6.15000000e+00     1.11637095e+03     3.02798752e+02     2.37437377e+02     1.23268625e+02   
    2.48000000e+04     6.20000000e+00     1.11636194e+03     3.03832439e+02     2.35667386e+02     1.22013872e+02   
    2.50000000e+04     6.25000000e+00     1.11637295e+03     3.02720827e+02     2.36397875e+02     1.24977674e+02   
    2.52000000e+04     6.30000000e+00     1.11639131e+03     3.01585484e+02     2.37008343e+02     1.25804812e+02   
    2.54000000e+04     6.35000000e+00     1.11640098e+03     2.99365330e+02     2.35706925e+02     1.25540557e+02   
    2.56000000e+04     6.40000000e+00     1.11641128e+03     3.04473497e+02     2.36333442e+02     1.24921361e+02   
    2.58000000e+04     6.45000000e+00     1.11641001e+03     3.02200420e+02     2.35091840e+02     1.23407221e+02   
    2.60000000e+04     6.50000000e+00     1.11641584e+03     3.04033207e+02     2.36188545e+02     1.25195207e+02   
    2.62000000e+04     6.55000000e+00     1.11642540e+03     3.02365742e+02     2.37606063e+02     1.28043730e+02   
    2.64000000e+04     6.60000000e+00     1.11642598e+03     3.00279920e+02     2.36157924e+02     1.27548934e+02   
    2.66000000e+04     6.65000000e+00     1.11643015e+03     3.01530029e+02     2.38101550e+02     1.28460697e+02   
    2.68000000e+04     6.70000000e+00     1.11642100e+03     3.05988091e+02     2.35918306e+02     1.26449523e+02   
    2.70000000e+04     6.75000000e+00     1.11643669e+03     2.99737278e+02     2.36833943e+02     1.29850767e+02   
    2.72000000e+04     6.80000000e+00     1.11644507e+03     3.00488680e+02     2.35180980e+02     1.30391394e+02   
    2.74000000e+04     6.85000000e+00     1.11645197e+03     2.99421231e+02     2.35839555e+02     1.30056199e+02   
    2.76000000e+04     6.90000000e+00     1.11645859e+03     2.98684276e+02     2.37680602e+02     1.30668882e+02   
    2.78000000e+04     6.95000000e+00     1.11646611e+03     2.99332309e+02     2.37502878e+02     1.31543161e+02   
    2.80000000e+04     7.00000000e+00     1.11645717e+03     2.99790108e+02     2.35948771e+02     1.30815333e+02   
    2.82000000e+04     7.05000000e+00     1.11646691e+03     2.95857778e+02     2.36312151e+02     1.31150859e+02   
    2.84000000e+04     7.10000000e+00     1.11645769e+03     2.99625675e+02     2.35457612e+02     1.29473262e+02   
    2.86000000e+04     7.15000000e+00     1.11645782e+03     3.02010732e+02     2.36900113e+02     1.30801009e+02   
    2.88000000e+04     7.20000000e+00     1.11645273e+03     3.01712910e+02     2.37403911e+02     1.31379374e+02   
    2.90000000e+04     7.25000000e+00     1.11644151e+03     2.99233895e+02     2.34326347e+02     1.28149736e+02   
    2.92000000e+04     7.30000000e+00     1.11643978e+03     2.99395763e+02     2.34779106e+02     1.29812681e+02   
    2.94000000e+04     7.35000000e+00     1.11644662e+03     2.99611760e+02     2.36442881e+02     1.32418425e+02   
    2.96000000e+04     7.40000000e+00     1.11644035e+03     3.02466701e+02     2.36695856e+02     1.31196358e+02   
    2.98000000e+04     7.45000000e+00     1.11642997e+03     3.02315556e+02     2.36149078e+02     1.28810840e+02   
    3.00000000e+04     7.50000000e+00     1.11643841e+03     3.01715286e+02     2.37149030e+02     1.30678015e+02   
    3.02000000e+04     7.55000000e+00     1.11643965e+03     3.03359646e+02     2.36709904e+02     1.29726239e+02   
    3.04000000e+04     7.60000000e+00     1.11645492e+03     3.01581620e+02     2.36087292e+02     1.29368590e+02   
    3.06000000e+04     7.65000000e+00     1.11644200e+03     3.00267075e+02     2.36822265e+02     1.28474598e+02   
    3.08000000e+04     7.70000000e+00     1.11643646e+03     3.05251397e+02     2.35418458e+02     1.27673389e+02   
    3.10000000e+04     7.75000000e+00     1.11643785e+03     3.02899289e+02     2.36460293e+02     1.26398415e+02   
    3.12000000e+04     7.80000000e+00     1.11644108e+03     3.01577199e+02     2.36410890e+02     1.26424723e+02   
    3.14000000e+04     7.85000000e+00     1.11644508e+03     2.98131619e+02     2.37113907e+02     1.29316637e+02   
    3.16000000e+04     7.90000000e+00     1.11645885e+03     3.03267002e+02     2.36301452e+02     1.28331029e+02   
    3.18000000e+04     7.95000000e+00     1.11645767e+03     3.02157312e+02     2.36263052e+02     1.28026031e+02   
    3.20000000e+04     8.00000000e+00     1.11646884e+03     3.04402686e+02     2.37617261e+02     1.28421273e+02   
    3.22000000e+04     8.05000000e+00     1.11647699e+03     3.00903261e+02     2.37679974e+02     1.27254627e+02   
    3.24000000e+04     8.10000000e+00     1.11647823e+03     3.00441096e+02     2.35617346e+02     1.25888165e+02   
    3.26000000e+04     8.15000000e+00     1.11649077e+03     3.00685708e+02     2.36494296e+02     1.26210711e+02   
    3.28000000e+04     8.20000000e+00     1.11648994e+03     3.04351306e+02     2.35264362e+02     1.25631961e+02   
    3.30000000e+04     8.25000000e+00     1.11648609e+03     3.00134806e+02     2.37156886e+02     1.26582860e+02   
    3.32000000e+04     8.30000000e+00     1.11647330e+03     3.00313096e+02     2.35310181e+02     1.25448880e+02   
    3.34000000e+04     8.35000000e+00     1.11648191e+03     2.99344770e+02     2.36695039e+02     1.28086101e+02   
    3.36000000e+04     8.40000000e+00     1.11647663e+03     2.97457606e+02     2.36233424e+02     1.27973817e+02   
    3.38000000e+04     8.45000000e+00     1.11648428e+03     2.97864682e+02     2.36696378e+02     1.29004638e+02   
    3.40000000e+04     8.50000000e+00     1.11649350e+03     3.00803187e+02     2.35283552e+02     1.25107522e+02   
    3.42000000e+04     8.55000000e+00     1.11649466e+03     3.00210929e+02     2.35711114e+02     1.25439190e+02   
    3.44000000e+04     8.60000000e+00     1.11651096e+03     2.99904628e+02     2.37130361e+02     1.26315621e+02   
    3.46000000e+04     8.65000000e+00     1.11651932e+03     2.99099081e+02     2.34907355e+02     1.24648244e+02   
    3.48000000e+04     8.70000000e+00     1.11653525e+03     2.99409422e+02     2.35993771e+02     1.25770907e+02   
    3.50000000e+04     8.75000000e+00     1.11654224e+03     3.00649591e+02     2.37190684e+02     1.27393741e+02   
    3.52000000e+04     8.80000000e+00     1.11652945e+03     3.00778372e+02     2.36096179e+02     1.24400109e+02   
    3.54000000e+04     8.85000000e+00     1.11653467e+03     2.99888268e+02     2.35070288e+02     1.24739352e+02   
    3.56000000e+04     8.90000000e+00     1.11656893e+03     2.97874290e+02     2.39951888e+02     1.29709482e+02   
    3.58000000e+04     8.95000000e+00     1.11656027e+03     3.01095495e+02     2.35557192e+02     1.24644199e+02   
    3.60000000e+04     9.00000000e+00     1.11657611e+03     3.01507399e+02     2.37990765e+02     1.25267605e+02   
    3.62000000e+04     9.05000000e+00     1.11658961e+03     3.02346917e+02     2.37270000e+02     1.25536136e+02   
    3.64000000e+04     9.10000000e+00     1.11658713e+03     3.02216368e+02     2.36974821e+02     1.24303455e+02   
    3.66000000e+04     9.15000000e+00     1.11661061e+03     3.02806702e+02     2.38973880e+02     1.27533983e+02   
    3.68000000e+04     9.20000000e+00     1.11661180e+03     3.01947751e+02     2.37100944e+02     1.23874685e+02   
    3.70000000e+04     9.25000000e+00     1.11661173e+03     3.00645329e+02     2.36328992e+02     1.24314763e+02   
    3.72000000e+04     9.30000000e+00     1.11660142e+03     3.02657797e+02     2.34914234e+02     1.22515587e+02   
    3.74000000e+04     9.35000000e+00     1.11661300e+03     3.05963110e+02     2.35652583e+02     1.24605277e+02   
    3.76000000e+04     9.40000000e+00     1.11659959e+03     3.02042060e+02     2.37171195e+02     1.25195160e+02   
    3.78000000e+04     9.45000000e+00     1.11659326e+03     2.98055482e+02     2.36439032e+02     1.26762365e+02   
    3.80000000e+04     9.50000000e+00     1.11658148e+03     3.03013657e+02     2.36652320e+02     1.25598835e+02   
    3.82000000e+04     9.55000000e+00     1.11658845e+03     3.00496998e+02     2.37268545e+02     1.25960527e+02   
    3.84000000e+04     9.60000000e+00     1.11659229e+03     3.00735932e+02     2.36626799e+02     1.25581836e+02   
    3.86000000e+04     9.65000000e+00     1.11659487e+03     3.01485068e+02     2.35179851e+02     1.24176262e+02   
    3.88000000e+04     9.70000000e+00     1.11660738e+03     3.00170944e+02     2.36687918e+02     1.28533999e+02   
    3.90000000e+04     9.75000000e+00     1.11661980e+03     3.03122936e+02     2.37584082e+02     1.28841680e+02   
    3.92000000e+04     9.80000000e+00     1.11661549e+03     2.97199135e+02     2.37100991e+02     1.28815414e+02   
    3.94000000e+04     9.85000000e+00     1.11659503e+03     2.98912129e+02     2.34819305e+02     1.25576404e+02   
    3.96000000e+04     9.90000000e+00     1.11659333e+03     3.00691818e+02     2.35903847e+02     1.27983170e+02   
    3.98000000e+04     9.95000000e+00     1.11658108e+03     2.97735783e+02     2.34964344e+02     1.25773829e+02   
    4.00000000e+04     1.00000000e+01     1.11659407e+03     2.98709477e+02     2.36643146e+02     1.28586273e+02   
    4.02000000e+04     1.00500000e+01     1.11658599e+03     3.02194212e+02     2.35790607e+02     1.24361488e+02   
    4.04000000e+04     1.01000000e+01     1.11660524e+03     3.00575639e+02     2.37311814e+02     1.26211154e+02   
    4.06000000e+04     1.01500000e+01     1.11661224e+03     2.99215445e+02     2.37452869e+02     1.25710567e+02   
    4.08000000e+04     1.02000000e+01     1.11662497e+03     2.99336135e+02     2.34973676e+02     1.24031656e+02   
    4.10000000e+04     1.02500000e+01     1.11663531e+03     3.00516062e+02     2.36007856e+02     1.26433735e+02   
    4.12000000e+04     1.03000000e+01     1.11664213e+03     3.02159087e+02     2.35188786e+02     1.25633462e+02   
    4.14000000e+04     1.03500000e+01     1.11664024e+03     2.98275012e+02     2.35575127e+02     1.24484391e+02   
    4.16000000e+04     1.04000000e+01     1.11663498e+03     3.00149061e+02     2.35926853e+02     1.25343340e+02   
    4.18000000e+04     1.04500000e+01     1.11663972e+03     2.99509482e+02     2.36215029e+02     1.27057390e+02   
    4.20000000e+04     1.05000000e+01     1.11664899e+03     2.99286504e+02     2.36344283e+02     1.26294565e+02   
    4.22000000e+04     1.05500000e+01     1.11665625e+03     3.02268128e+02     2.36186344e+02     1.26118545e+02   
    4.24000000e+04     1.06000000e+01     1.11666324e+03     3.01573230e+02     2.36467400e+02     1.25773425e+02   
    4.26000000e+04     1.06500000e+01     1.11667065e+03     3.01460455e+02     2.35992429e+02     1.25906337e+02   
    4.28000000e+04     1.07000000e+01     1.11668328e+03     2.99056724e+02     2.37191761e+02     1.28207932e+02   
    4.30000000e+04     1.07500000e+01     1.11668403e+03     2.97820164e+02     2.34573725e+02     1.25759578e+02   
    4.32000000e+04     1.08000000e+01     1.11668958e+03     3.00588236e+02     2.36559950e+02     1.27768642e+02   
    4.34000000e+04     1.08500000e+01     1.11667618e+03     3.01546278e+02     2.37180651e+02     1.27165747e+02   
    4.36000000e+04     1.09000000e+01     1.11666044e+03     3.00518177e+02     2.35528098e+02     1.25688542e+02   
    4.38000000e+04     1.09500000e+01     1.11665694e+03     2.99469013e+02     2.35222757e+02     1.25110343e+02   
    4.40000000e+04     1.10000000e+01     1.11666199e+03     2.99380347e+02     2.35222605e+02     1.26502155e+02   
    4.42000000e+04     1.10500000e+01     1.11667094e+03     3.00480095e+02     2.36127753e+02     1.27139800e+02   
    4.44000000e+04     1.11000000e+01     1.11667326e+03     3.01865646e+02     2.35597272e+02     1.28291581e+02   
    4.46000000e+04     1.11500000e+01     1.11665253e+03     3.00383858e+02     2.35671629e+02     1.25568071e+02   
    4.48000000e+04     1.12000000e+01     1.11663965e+03     2.97554176e+02     2.35072499e+02     1.27080077e+02   
    4.50000000e+04     1.12500000e+01     1.11663367e+03     2.99325533e+02     2.33941225e+02     1.25124900e+02   
    4.52000000e+04     1.13000000e+01     1.11664539e+03     3.00620181e+02     2.36831312e+02     1.29175297e+02   
    4.54000000e+04     1.13500000e+01     1.11665968e+03     2.99569012e+02     2.39151565e+02     1.31888824e+02   
    4.56000000e+04     1.14000000e+01     1.11664634e+03     2.99948065e+02     2.35207333e+02     1.26433490e+02   
    4.58000000e+04     1.14500000e+01     1.11665374e+03     3.00798227e+02     2.37055675e+02     1.28447097e+02   
    4.60000000e+04     1.15000000e+01     1.11664850e+03     2.98201897e+02     2.37373768e+02     1.29327775e+02   
    4.62000000e+04     1.15500000e+01     1.11664139e+03     2.97565419e+02     2.33271992e+02     1.25480415e+02   
    4.64000000e+04     1.16000000e+01     1.11663562e+03     3.00669414e+02     2.36193261e+02     1.26267859e+02   
    4.66000000e+04     1.16500000e+01     1.11663561e+03     3.02359380e+02     2.37314152e+02     1.27561846e+02   
    4.68000000e+04     1.17000000e+01     1.11661900e+03     3.01970333e+02     2.34831783e+02     1.22840056e+02   
    4.70000000e+04     1.17500000e+01     1.11661318e+03     2.98971504e+02     2.34343569e+02     1.24505576e+02   
    4.72000000e+04     1.18000000e+01     1.11662729e+03     3.00709028e+02     2.35462537e+02     1.24637592e+02   
    4.74000000e+04     1.18500000e+01     1.11663318e+03     3.02207553e+02     2.36028607e+02     1.25275327e+02   
    4.76000000e+04     1.19000000e+01     1.11664315e+03     3.02587734e+02     2.36776828e+02     1.25071859e+02   
    4.78000000e+04     1.19500000e+01     1.11663044e+03     3.03935772e+02     2.35477120e+02     1.24348907e+02   
    4.80000000e+04     1.20000000e+01     1.11663308e+03     3.03611126e+02     2.36702765e+02     1.24924240e+02   
    4.82000000e+04     1.20500000e+01     1.11662182e+03     3.03825720e+02     2.36134982e+02     1.25534382e+02   
    4.84000000e+04     1.21000000e+01     1.11662552e+03     2.97448201e+02     2.36868273e+02     1.28743223e+02   
    4.86000000e+04     1.21500000e+01     1.11662779e+03     3.02987371e+02     2.37258933e+02     1.27291507e+02   
    4.88000000e+04     1.22000000e+01     1.11661698e+03     3.05892553e+02     2.34865493e+02     1.24789426e+02   
    4.90000000e+04     1.22500000e+01     1.11662451e+03     3.02574298e+02     2.36521985e+02     1.26781791e+02   
    4.92000000e+04     1.23000000e+01     1.11661022e+03     3.00136501e+02     2.35982287e+02     1.24036102e+02   
    4.94000000e+04     1.23500000e+01     1.11661669e+03     3.00762932e+02     2.36739323e+02     1.27106137e+02   
    4.96000000e+04     1.24000000e+01     1.11662584e+03     3.02366761e+02     2.37363494e+02     1.26951271e+02   
    4.98000000e+04     1.24500000e+01     1.11661250e+03     3.00711663e+02     2.35217564e+02     1.24564353e+02   
    5.00000000e+04     1.25000000e+01     1.11660508e+03     3.01220597e+02     2.35982637e+02     1.25390379e+02   
    5.02000000e+04     1.25500000e+01     1.11659779e+03     3.00102325e+02     2.35826502e+02     1.26662946e+02   
    5.04000000e+04     1.26000000e+01     1.11661535e+03     3.03489280e+02     2.39941414e+02     1.32712089e+02   
    5.06000000e+04     1.26500000e+01     1.11660922e+03     2.97745457e+02     2.37856887e+02     1.30056463e+02   
    5.08000000e+04     1.27000000e+01     1.11661062e+03     3.00907075e+02     2.36610203e+02     1.28765690e+02   
    5.10000000e+04     1.27500000e+01     1.11661481e+03     3.00587839e+02     2.36629592e+02     1.28798358e+02   
    5.12000000e+04     1.28000000e+01     1.11663356e+03     2.98053765e+02     2.37779333e+02     1.30842351e+02   
    5.14000000e+04     1.28500000e+01     1.11663020e+03     2.99633139e+02     2.36921614e+02     1.30094775e+02   
    5.16000000e+04     1.29000000e+01     1.11663598e+03     3.00253888e+02     2.37950628e+02     1.32152688e+02   
    5.18000000e+04     1.29500000e+01     1.11662465e+03     3.00263289e+02     2.36126835e+02     1.27716631e+02   
    5.20000000e+04     1.30000000e+01     1.11664400e+03     2.99681704e+02     2.38011629e+02     1.29995984e+02   
    5.22000000e+04     1.30500000e+01     1.11664404e+03     2.99996312e+02     2.35687719e+02     1.28608225e+02   
    5.24000000e+04     1.31000000e+01     1.11666571e+03     2.97993758e+02     2.35664839e+02     1.29061429e+02   
    5.26000000e+04     1.31500000e+01     1.11668061e+03     2.99598518e+02     2.35104878e+02     1.27553231e+02   
    5.28000000e+04     1.32000000e+01     1.11670350e+03     3.01146728e+02     2.38294192e+02     1.31163809e+02   
    5.30000000e+04     1.32500000e+01     1.11668527e+03     3.01646992e+02     2.35472279e+02     1.25296823e+02   
    5.32000000e+04     1.33000000e+01     1.11669103e+03     3.03325599e+02     2.36129540e+02     1.26387645e+02   
    5.34000000e+04     1.33500000e+01     1.11669952e+03     3.02719383e+02     2.35139113e+02     1.25506982e+02   
    5.36000000e+04     1.34000000e+01     1.11669609e+03     3.02850827e+02     2.36342318e+02     1.27115270e+02   
    5.38000000e+04     1.34500000e+01     1.11668900e+03     3.02256790e+02     2.37114570e+02     1.26261005e+02   
    5.40000000e+04     1.35000000e+01     1.11667849e+03     3.03022079e+02     2.36105267e+02     1.25151928e+02   
    5.42000000e+04     1.35500000e+01     1.11668826e+03     3.04084633e+02     2.37107293e+02     1.26112187e+02   
    5.44000000e+04     1.36000000e+01     1.11669364e+03     3.02151842e+02     2.37968953e+02     1.27247236e+02   
    5.46000000e+04     1.36500000e+01     1.11672101e+03     3.01966318e+02     2.36792398e+02     1.28551411e+02   
    5.48000000e+04     1.37000000e+01     1.11671603e+03     3.04647821e+02     2.35174454e+02     1.25196449e+02   
    5.50000000e+04     1.37500000e+01     1.11672284e+03     3.02042266e+02     2.34098235e+02     1.26371793e+02   
    5.52000000e+04     1.38000000e+01     1.11672491e+03     2.99802671e+02     2.36513333e+02     1.24183027e+02   
    5.54000000e+04     1.38500000e+01     1.11672746e+03     3.00805456e+02     2.36137119e+02     1.26855564e+02   
    5.56000000e+04     1.39000000e+01     1.11671958e+03     3.04214156e+02     2.35187075e+02     1.24554611e+02   
    5.58000000e+04     1.39500000e+01     1.11672709e+03     3.03066255e+02     2.35203535e+02     1.25480470e+02   
    5.60000000e+04     1.40000000e+01     1.11674030e+03     2.99794827e+02     2.37136120e+02     1.30011312e+02   
    5.62000000e+04     1.40500000e+01     1.11672592e+03     3.01794077e+02     2.36769928e+02     1.27656596e+02   
    5.64000000e+04     1.41000000e+01     1.11672968e+03     3.02269880e+02     2.35615358e+02     1.28184962e+02   
    5.66000000e+04     1.41500000e+01     1.11674168e+03     3.02918996e+02     2.37223113e+02     1.30400434e+02   
    5.68000000e+04     1.42000000e+01     1.11673724e+03     3.03169211e+02     2.37128512e+02     1.31220768e+02   
    5.70000000e+04     1.42500000e+01     1.11673362e+03     3.03769960e+02     2.37517385e+02     1.30942306e+02   
    5.72000000e+04     1.43000000e+01     1.11673403e+03     3.00979499e+02     2.37852866e+02     1.30536326e+02   
    5.74000000e+04     1.43500000e+01     1.11672571e+03     3.02086561e+02     2.36768053e+02     1.28516221e+02   
    5.76000000e+04     1.44000000e+01     1.11673067e+03     3.00456188e+02     2.35420193e+02     1.26888494e+02   
    5.78000000e+04     1.44500000e+01     1.11673253e+03     3.01883403e+02     2.37932863e+02     1.29611261e+02   
    5.80000000e+04     1.45000000e+01     1.11672630e+03     3.01464443e+02     2.36576133e+02     1.25329914e+02   
    5.82000000e+04     1.45500000e+01     1.11670785e+03     3.03225923e+02     2.36444748e+02     1.25909699e+02   
    5.84000000e+04     1.46000000e+01     1.11669433e+03     3.00679273e+02     2.35418683e+02     1.24495123e+02   
    5.86000000e+04     1.46500000e+01     1.11670036e+03     2.98792003e+02     2.37161061e+02     1.28898064e+02   
    5.88000000e+04     1.47000000e+01     1.11670437e+03     3.02318218e+02     2.36251730e+02     1.27847929e+02   
    5.90000000e+04     1.47500000e+01     1.11672877e+03     2.99527427e+02     2.38164965e+02     1.29652523e+02   
    5.92000000e+04     1.48000000e+01     1.11673411e+03     3.02565536e+02     2.36443808e+02     1.26025059e+02   
    5.94000000e+04     1.48500000e+01     1.11672612e+03     3.02664951e+02     2.35267092e+02     1.27020359e+02   
    5.96000000e+04     1.49000000e+01     1.11672509e+03     3.00224193e+02     2.34426391e+02     1.24869621e+02   
    5.98000000e+04     1.49500000e+01     1.11673198e+03     3.01107036e+02     2.37002474e+02     1.27801572e+02   
    6.00000000e+04     1.50000000e+01     1.11674213e+03     3.01781273e+02     2.37483182e+02     1.27842444e+02   
    6.02000000e+04     1.50500000e+01     1.11673129e+03     3.00093333e+02     2.34470972e+02     1.25282735e+02   
    6.04000000e+04     1.51000000e+01     1.11673844e+03     3.01460422e+02     2.36189338e+02     1.27691033e+02   
    6.06000000e+04     1.51500000e+01     1.11673548e+03     2.99381892e+02     2.36389158e+02     1.26666461e+02   
    6.08000000e+04     1.52000000e+01     1.11673430e+03     3.00023477e+02     2.36901992e+02     1.28308326e+02   
    6.10000000e+04     1.52500000e+01     1.11673628e+03     3.00453059e+02     2.37681639e+02     1.28371108e+02   
    6.12000000e+04     1.53000000e+01     1.11673995e+03     3.03005077e+02     2.34097924e+02     1.26833844e+02   
    6.14000000e+04     1.53500000e+01     1.11674847e+03     2.99374114e+02     2.36516126e+02     1.27002518e+02   
    6.16000000e+04     1.54000000e+01     1.11675681e+03     3.00475459e+02     2.37191649e+02     1.28716861e+02   
    6.18000000e+04     1.54500000e+01     1.11673344e+03     3.03304485e+02     2.34654911e+02     1.24757746e+02   
    6.20000000e+04     1.55000000e+01     1.11673029e+03     3.03002289e+02     2.34313382e+02     1.26813652e+02   
    6.22000000e+04     1.55500000e+01     1.11674054e+03     3.05694365e+02     2.37854272e+02     1.29260121e+02   
    6.24000000e+04     1.56000000e+01     1.11674627e+03     3.03685177e+02     2.36205503e+02     1.26234794e+02   
    6.26000000e+04     1.56500000e+01     1.11674807e+03     2.99632436e+02     2.35194844e+02     1.24562227e+02   
    6.28000000e+04     1.57000000e+01     1.11676064e+03     3.00946109e+02     2.36696940e+02     1.28410095e+02   
    6.30000000e+04     1.57500000e+01     1.11676926e+03     2.98196245e+02     2.36355572e+02     1.28166382e+02   
    6.32000000e+04     1.58000000e+01     1.11676955e+03     2.99769675e+02     2.33155126e+02     1.27566092e+02   
    6.34000000e+04     1.58500000e+01     1.11677862e+03     2.98785476e+02     2.36110590e+02     1.28054398e+02   
    6.36000000e+04     1.59000000e+01     1.11679276e+03     3.01065314e+02     2.37844438e+02     1.29853096e+02   
    6.38000000e+04     1.59500000e+01     1.11678021e+03     3.03467943e+02     2.35455615e+02     1.25329105e+02   
    6.40000000e+04     1.60000000e+01     1.11679200e+03     3.02592182e+02     2.37301549e+02     1.28371995e+02   
    6.42000000e+04     1.60500000e+01     1.11679484e+03     2.99364797e+02     2.37073071e+02     1.28316675e+02   
    6.44000000e+04     1.61000000e+01     1.11678516e+03     3.03394491e+02     2.36828910e+02     1.27648384e+02   
    6.46000000e+04     1.61500000e+01     1.11678122e+03     3.03126323e+02     2.35478814e+02     1.25666404e+02   
    6.48000000e+04     1.62000000e+01     1.11678288e+03     3.02152467e+02     2.35535316e+02     1.26075641e+02   
    6.50000000e+04     1.62500000e+01     1.11679041e+03     3.02996952e+02     2.36501909e+02     1.27577873e+02   
    6.52000000e+04     1.63000000e+01     1.11679785e+03     3.01501241e+02     2.36881240e+02     1.26707976e+02   
    6.54000000e+04     1.63500000e+01     1.11680071e+03     3.02587315e+02     2.37250721e+02     1.27482329e+02   
    6.56000000e+04     1.64000000e+01     1.11679412e+03     2.97135103e+02     2.35386696e+02     1.25171875e+02   
    6.58000000e+04     1.64500000e+01     1.11678978e+03     3.01611415e+02     2.36912904e+02     1.26319523e+02   
    6.60000000e+04     1.65000000e+01     1.11679977e+03     2.99367928e+02     2.35519711e+02     1.25336346e+02   
    6.62000000e+04     1.65500000e+01     1.11680990e+03     3.03494895e+02     2.37488778e+02     1.28263529e+02   
    6.64000000e+04     1.66000000e+01     1.11681007e+03     3.01555672e+02     2.37862557e+02     1.29919429e+02   
    6.66000000e+04     1.66500000e+01     1.11678966e+03     3.03863497e+02     2.35606372e+02     1.25108196e+02   
    6.68000000e+04     1.67000000e+01     1.11679003e+03     3.03483722e+02     2.34890887e+02     1.24595151e+02   
    6.70000000e+04     1.67500000e+01     1.11679944e+03     2.99956911e+02     2.35484532e+02     1.25711232e+02   
    6.72000000e+04     1.68000000e+01     1.11681532e+03     3.00079656e+02     2.37177643e+02     1.28664013e+02   
    6.74000000e+04     1.68500000e+01     1.11680606e+03     3.01012291e+02     2.35151861e+02     1.25682125e+02   
    6.76000000e+04     1.69000000e+01     1.11681312e+03     3.01673021e+02     2.35385718e+02     1.26070011e+02   
    6.78000000e+04     1.69500000e+01     1.11680524e+03     3.02643402e+02     2.34970071e+02     1.25970685e+02   
    6.80000000e+04     1.70000000e+01     1.11681015e+03     3.02340727e+02     2.34405380e+02     1.25269437e+02   
    6.82000000e+04     1.70500000e+01     1.11680870e+03     2.99739759e+02     2.35749452e+02     1.27621365e+02   
    6.84000000e+04     1.71000000e+01     1.11681493e+03     3.02584309e+02     2.35805725e+02     1.26081983e+02   
    6.86000000e+04     1.71500000e+01     1.11682413e+03     3.01217907e+02     2.36791267e+02     1.27112762e+02   
    6.88000000e+04     1.72000000e+01     1.11681118e+03     3.02102843e+02     2.35444572e+02     1.25536880e+02   
    6.90000000e+04     1.72500000e+01     1.11682356e+03     3.04633759e+02     2.36555073e+02     1.27417780e+02   
    6.92000000e+04     1.73000000e+01     1.11682897e+03     3.02349313e+02     2.35715873e+02     1.26161642e+02   
    6.94000000e+04     1.73500000e+01     1.11684256e+03     2.99716765e+02     2.36529404e+02     1.26693670e+02   
    6.96000000e+04     1.74000000e+01     1.11684401e+03     3.03798290e+02     2.36502051e+02     1.24838202e+02   
    6.98000000e+04     1.74500000e+01     1.11684574e+03     3.00759799e+02     2.34967761e+02     1.22589579e+02   
    7.00000000e+04     1.75000000e+01     1.11685740e+03     3.01745376e+02     2.35813265e+02     1.25133064e+02   
    7.02000000e+04     1.75500000e+01     1.11686179e+03     3.00059752e+02     2.36328468e+02     1.24905615e+02   
    7.04000000e+04     1.76000000e+01     1.11687128e+03     3.01775621e+02     2.35559452e+02     1.26545252e+02   
    7.06000000e+04     1.76500000e+01     1.11686488e+03     2.99874686e+02     2.37457076e+02     1.27480216e+02   
    7.08000000e+04     1.77000000e+01     1.11686046e+03     3.01804419e+02     2.35833603e+02     1.24962667e+02   
    7.10000000e+04     1.77500000e+01     1.11684755e+03     2.98459451e+02     2.33793149e+02     1.21807175e+02   
    7.12000000e+04     1.78000000e+01     1.11685642e+03     3.04267176e+02     2.36892223e+02     1.23608368e+02   
    7.14000000e+04     1.78500000e+01     1.11684977e+03     3.02987899e+02     2.35573400e+02     1.22858937e+02   
    7.16000000e+04     1.79000000e+01     1.11686070e+03     3.03712259e+02     2.38931326e+02     1.27714290e+02   
    7.18000000e+04     1.79500000e+01     1.11685380e+03     2.99759100e+02     2.35575133e+02     1.23529227e+02   
    7.20000000e+04     1.80000000e+01     1.11685228e+03     3.01671638e+02     2.35842753e+02     1.23408591e+02   
    7.22000000e+04     1.80500000e+01     1.11686940e+03     3.01663564e+02     2.36150688e+02     1.24917933e+02   
    7.24000000e+04     1.81000000e+01     1.11687341e+03     3.01371307e+02     2.35606837e+02     1.23791288e+02   
    7.26000000e+04     1.81500000e+01     1.11688621e+03     3.00636825e+02     2.35960799e+02     1.25680770e+02   
    7.28000000e+04     1.82000000e+01     1.11689562e+03     3.02853874e+02     2.36853971e+02     1.25162490e+02   
    7.30000000e+04     1.82500000e+01     1.11687398e+03     3.03275112e+02     2.32257428e+02     1.20106287e+02   
    7.32000000e+04     1.83000000e+01     1.11686721e+03     3.01548769e+02     2.34020882e+02     1.21580435e+02   
    7.34000000e+04     1.83500000e+01     1.11688250e+03     3.00145062e+02     2.36252326e+02     1.26127711e+02   
    7.36000000e+04     1.84000000e+01     1.11688395e+03     3.04234400e+02     2.34668196e+02     1.25944717e+02   
    7.38000000e+04     1.84500000e+01     1.11690468e+03     3.00725073e+02     2.37915257e+02     1.30305579e+02   
    7.40000000e+04     1.85000000e+01     1.11688714e+03     2.99190503e+02     2.33436557e+02     1.27277588e+02   
    7.42000000e+04     1.85500000e+01     1.11690269e+03     3.02927011e+02     2.38287900e+02     1.30161704e+02   
    7.44000000e+04     1.86000000e+01     1.11689812e+03     3.02126407e+02     2.36128209e+02     1.29360465e+02   
    7.46000000e+04     1.86500000e+01     1.11690334e+03     2.98914668e+02     2.36543565e+02     1.28478919e+02   
    7.48000000e+04     1.87000000e+01     1.11690659e+03     3.01645340e+02     2.38207092e+02     1.30890569e+02   
    7.50000000e+04     1.87500000e+01     1.11690563e+03     2.98585158e+02     2.37054201e+02     1.28126638e+02   
    7.52000000e+04     1.88000000e+01     1.11691323e+03     3.02481657e+02     2.35977762e+02     1.26622359e+02   
    7.54000000e+04     1.88500000e+01     1.11690117e+03     3.00392250e+02     2.34727702e+02     1.27473044e+02   
    7.56000000e+04     1.89000000e+01     1.11690439e+03     2.98503437e+02     2.34652908e+02     1.28032075e+02   
    7.58000000e+04     1.89500000e+01     1.11690656e+03     2.98250579e+02     2.35128280e+02     1.30046645e+02   
    7.60000000e+04     1.90000000e+01     1.11691402e+03     3.01903855e+02     2.36357536e+02     1.28349660e+02   
    7.62000000e+04     1.90500000e+01     1.11691260e+03     3.03863017e+02     2.35364581e+02     1.27882769e+02   
    7.64000000e+04     1.91000000e+01     1.11692175e+03     2.99492895e+02     2.37322457e+02     1.28252809e+02   
    7.66000000e+04     1.91500000e+01     1.11693273e+03     3.01946298e+02     2.37123906e+02     1.31453385e+02   
    7.68000000e+04     1.92000000e+01     1.11692772e+03     3.02301286e+02     2.37251086e+02     1.29018234e+02   
    7.70000000e+04     1.92500000e+01     1.11693623e+03     3.00179891e+02     2.35787000e+02     1.29419444e+02   
    7.72000000e+04     1.93000000e+01     1.11692403e+03     3.05721129e+02     2.34924286e+02     1.28226613e+02   
    7.74000000e+04     1.93500000e+01     1.11693291e+03     3.01711683e+02     2.35729774e+02     1.28947103e+02   
    7.76000000e+04     1.94000000e+01     1.11693096e+03     2.98403793e+02     2.36497488e+02     1.29014686e+02   
    7.78000000e+04     1.94500000e+01     1.11692570e+03     3.04166814e+02     2.35171230e+02     1.27795194e+02   
    7.80000000e+04     1.95000000e+01     1.11693570e+03     3.03869798e+02     2.36918373e+02     1.29302630e+02   
    7.82000000e+04     1.95500000e+01     1.11693242e+03     3.02219823e+02     2.35346633e+02     1.26512135e+02   
    7.84000000e+04     1.96000000e+01     1.11695591e+03     3.00004776e+02     2.36426560e+02     1.28561378e+02   
    7.86000000e+04     1.96500000e+01     1.11698552e+03     3.00585459e+02     2.36957303e+02     1.29528074e+02   
    7.88000000e+04     1.97000000e+01     1.11700916e+03     3.01498209e+02     2.36276243e+02     1.31424858e+02   
    7.90000000e+04     1.97500000e+01     1.11701197e+03     3.01466218e+02     2.37098669e+02     1.30897621e+02   
    7.92000000e+04     1.98000000e+01     1.11702473e+03     2.96672118e+02     2.38059573e+02     1.33134072e+02   
    7.94000000e+04     1.98500000e+01     1.11700656e+03     3.00246363e+02     2.36520365e+02     1.29384429e+02   
    7.96000000e+04     1.99000000e+01     1.11701298e+03     3.00712583e+02     2.37124182e+02     1.31353812e+02   
    7.98000000e+04     1.99500000e+01     1.11700591e+03     3.02398914e+02     2.36211354e+02     1.29843010e+02   
    8.00000000e+04     2.00000000e+01     1.11700686e+03     2.99991513e+02     2.34935969e+02     1.29457903e+02   
