# column   1     --> step : The current simulation time step.
# column   2     --> time{picosecond} : The elapsed simulation time.
# column   3     --> conserved{electronvolt} : The value of the conserved energy quantity per bead.
# column   4     --> temperature{kelvin} : The current temperature, as obtained from the MD kinetic energy.
# column   5     --> kinetic_cv{electronvolt} : The centroid-virial quantum kinetic energy of the physical system.
# column   6     --> potential{electronvolt} : The physical system potential energy.
    0.00000000e+00     0.00000000e+00     1.11245586e+03     3.04273373e+02     2.35922642e+02     1.23836246e+02   
    2.00000000e+02     5.00000000e-02     1.11244159e+03     2.97081618e+02     2.36731670e+02     1.25081176e+02   
    4.00000000e+02     1.00000000e-01     1.11242391e+03     3.03159834e+02     2.36981084e+02     1.25523897e+02   
    6.00000000e+02     1.50000000e-01     1.11240748e+03     3.00823233e+02     2.33601316e+02     1.21198105e+02   
    8.00000000e+02     2.00000000e-01     1.11241297e+03     3.00699451e+02     2.36475975e+02     1.24390085e+02   
    1.00000000e+03     2.50000000e-01     1.11240786e+03     3.03918421e+02     2.36771794e+02     1.23198470e+02   
    1.20000000e+03     3.00000000e-01     1.11240270e+03     2.98095045e+02     2.35741183e+02     1.24666295e+02   
    1.40000000e+03     3.50000000e-01     1.11239590e+03     3.01477771e+02     2.35391362e+02     1.21539844e+02   
    1.60000000e+03     4.00000000e-01     1.11240334e+03     2.97678339e+02     2.34867278e+02     1.22390955e+02   
    1.80000000e+03     4.50000000e-01     1.11239716e+03     3.00652646e+02     2.34796426e+02     1.22469771e+02   
    2.00000000e+03     5.00000000e-01     1.11239681e+03     2.97532527e+02     2.36091299e+02     1.25772049e+02   
    2.20000000e+03     5.50000000e-01     1.11238639e+03     2.93911814e+02     2.36292748e+02     1.26313632e+02   
    2.40000000e+03     6.00000000e-01     1.11238770e+03     3.00062791e+02     2.36724223e+02     1.24402163e+02   
    2.60000000e+03     6.50000000e-01     1.11237368e+03     2.99864917e+02     2.34886806e+02     1.21615310e+02   
    2.80000000e+03     7.00000000e-01     1.11238511e+03     3.01195960e+02     2.37677026e+02     1.25469449e+02   
    3.00000000e+03     7.50000000e-01     1.11238989e+03     2.98827912e+02     2.36520367e+02     1.23723918e+02   
    3.20000000e+03     8.00000000e-01     1.11239886e+03     2.98387622e+02     2.36587356e+02     1.24688355e+02   
    3.40000000e+03     8.50000000e-01     1.11240452e+03     3.01065447e+02     2.37772719e+02     1.26421803e+02   
    3.60000000e+03     9.00000000e-01     1.11239242e+03     2.97594167e+02     2.36207735e+02     1.25678695e+02   
    3.80000000e+03     9.50000000e-01     1.11237585e+03     3.00920120e+02     2.36010085e+02     1.23542190e+02   
    4.00000000e+03     1.00000000e+00     1.11235806e+03     2.99743853e+02     2.36127447e+02     1.24314269e+02   
    4.20000000e+03     1.05000000e+00     1.11235270e+03     2.99777512e+02     2.35904232e+02     1.22810695e+02   
    4.40000000e+03     1.10000000e+00     1.11235765e+03     2.97317051e+02     2.35141384e+02     1.22964795e+02   
    4.60000000e+03     1.15000000e+00     1.11236515e+03     2.99759157e+02     2.37675872e+02     1.24570947e+02   
    4.80000000e+03     1.20000000e+00     1.11235045e+03     3.01249443e+02     2.38098662e+02     1.24442303e+02   
    5.00000000e+03     1.25000000e+00     1.11232680e+03     3.00540890e+02     2.34424760e+02     1.21119736e+02   
    5.20000000e+03     1.30000000e+00     1.11233556e+03     3.02319713e+02     2.35231090e+02     1.21859654e+02   
    5.40000000e+03     1.35000000e+00     1.11235105e+03     3.02726276e+02     2.36373081e+02     1.23133205e+02   
    5.60000000e+03     1.40000000e+00     1.11235485e+03     3.02671718e+02     2.36112691e+02     1.22888055e+02   
    5.80000000e+03     1.45000000e+00     1.11235605e+03     2.99844788e+02     2.35629162e+02     1.21779521e+02   
    6.00000000e+03     1.50000000e+00     1.11237810e+03     3.00912200e+02     2.38977271e+02     1.26139935e+02   
    6.20000000e+03     1.55000000e+00     1.11236601e+03     2.97337345e+02     2.36275692e+02     1.23460326e+02   
    6.40000000e+03     1.60000000e+00     1.11235212e+03     3.02049267e+02     2.35413312e+02     1.21687221e+02   
    6.60000000e+03     1.65000000e+00     1.11233675e+03     2.99708914e+02     2.34981604e+02     1.20217907e+02   
    6.80000000e+03     1.70000000e+00     1.11234788e+03     3.00961196e+02     2.37967095e+02     1.24288603e+02   
    7.00000000e+03     1.75000000e+00     1.11233750e+03     3.00368678e+02     2.36899500e+02     1.23249053e+02   
    7.20000000e+03     1.80000000e+00     1.11232530e+03     3.02951652e+02     2.35128768e+02     1.21802038e+02   
    7.40000000e+03     1.85000000e+00     1.11233667e+03     2.96909599e+02     2.37015770e+02     1.24155757e+02   
    7.60000000e+03     1.90000000e+00     1.11233794e+03     3.02327457e+02     2.36375387e+02     1.22777272e+02   
    7.80000000e+03     1.95000000e+00     1.11235009e+03     3.03280542e+02     2.36811882e+02     1.24968353e+02   
    8.00000000e+03     2.00000000e+00     1.11234620e+03     3.01686862e+02     2.35878058e+02     1.23908041e+02   
    8.20000000e+03     2.05000000e+00     1.11234057e+03     2.98993593e+02     2.35270286e+02     1.23559870e+02   
    8.40000000e+03     2.10000000e+00     1.11235379e+03     3.02171455e+02     2.37233900e+02     1.24589648e+02   
    8.60000000e+03     2.15000000e+00     1.11236507e+03     2.98905819e+02     2.35718514e+02     1.23696074e+02   
    8.80000000e+03     2.20000000e+00     1.11237741e+03     2.98475751e+02     2.36876071e+02     1.23687388e+02   
    9.00000000e+03     2.25000000e+00     1.11236868e+03     2.99038421e+02     2.35172775e+02     1.21999059e+02   
    9.20000000e+03     2.30000000e+00     1.11237825e+03     3.03252526e+02     2.36666546e+02     1.23396133e+02   
    9.40000000e+03     2.35000000e+00     1.11237149e+03     3.00995733e+02     2.37014681e+02     1.22083837e+02   
    9.60000000e+03     2.40000000e+00     1.11237819e+03     3.01366098e+02     2.37857773e+02     1.24080664e+02   
    9.80000000e+03     2.45000000e+00     1.11236334e+03     3.01842657e+02     2.35036037e+02     1.22943263e+02   
    1.00000000e+04     2.50000000e+00     1.11234640e+03     3.00097878e+02     2.33226070e+02     1.20168452e+02   
    1.02000000e+04     2.55000000e+00     1.11237264e+03     2.98621444e+02     2.37977122e+02     1.25262285e+02   
    1.04000000e+04     2.60000000e+00     1.11235818e+03     3.00766228e+02     2.35933756e+02     1.20951712e+02   
    1.06000000e+04     2.65000000e+00     1.11237175e+03     3.03487823e+02     2.36546011e+02     1.22960188e+02   
    1.08000000e+04     2.70000000e+00     1.11237268e+03     2.99526222e+02     2.35446720e+02     1.19385547e+02   
    1.10000000e+04     2.75000000e+00     1.11238880e+03     3.04276144e+02     2.37659757e+02     1.21085002e+02   
    1.12000000e+04     2.80000000e+00     1.11239799e+03     3.01246058e+02     2.37255685e+02     1.21195832e+02   
    1.14000000e+04     2.85000000e+00     1.11238619e+03     3.04577336e+02     2.36780597e+02     1.22155566e+02   
    1.16000000e+04     2.90000000e+00     1.11238700e+03     3.02701266e+02     2.35417642e+02     1.22428882e+02   
    1.18000000e+04     2.95000000e+00     1.11240042e+03     2.98428513e+02     2.37165939e+02     1.22259803e+02   
    1.20000000e+04     3.00000000e+00     1.11239081e+03     3.01546654e+02     2.33687208e+02     1.20501970e+02   
    1.22000000e+04     3.05000000e+00     1.11240158e+03     3.00859117e+02     2.36541048e+02     1.22403490e+02   
    1.24000000e+04     3.10000000e+00     1.11239375e+03     3.01856225e+02     2.35703886e+02     1.24011459e+02   
    1.26000000e+04     3.15000000e+00     1.11240247e+03     3.01467911e+02     2.36176201e+02     1.22184348e+02   
    1.28000000e+04     3.20000000e+00     1.11241008e+03     2.98212164e+02     2.36505114e+02     1.21906953e+02   
    1.30000000e+04     3.25000000e+00     1.11241560e+03     3.02398217e+02     2.37860939e+02     1.24195301e+02   
    1.32000000e+04     3.30000000e+00     1.11240794e+03     2.98818222e+02     2.36668264e+02     1.23698262e+02   
    1.34000000e+04     3.35000000e+00     1.11241142e+03     2.97361576e+02     2.38040750e+02     1.27289152e+02   
    1.36000000e+04     3.40000000e+00     1.11240999e+03     3.02703535e+02     2.35203883e+02     1.22030631e+02   
    1.38000000e+04     3.45000000e+00     1.11241925e+03     3.05800557e+02     2.36288869e+02     1.23702430e+02   
    1.40000000e+04     3.50000000e+00     1.11242171e+03     3.03542252e+02     2.35211454e+02     1.22625463e+02   
    1.42000000e+04     3.55000000e+00     1.11242206e+03     3.01465455e+02     2.35178830e+02     1.22556322e+02   
    1.44000000e+04     3.60000000e+00     1.11241751e+03     3.00335827e+02     2.34046078e+02     1.21319587e+02   
    1.46000000e+04     3.65000000e+00     1.11243565e+03     2.99489245e+02     2.37377970e+02     1.24116733e+02   
    1.48000000e+04     3.70000000e+00     1.11243349e+03     3.01688910e+02     2.35275363e+02     1.24020958e+02   
    1.50000000e+04     3.75000000e+00     1.11244744e+03     3.01882262e+02     2.36646127e+02     1.25614422e+02   
    1.52000000e+04     3.80000000e+00     1.11245349e+03     3.01747620e+02     2.35738163e+02     1.23043958e+02   
    1.54000000e+04     3.85000000e+00     1.11243849e+03     3.01188585e+02     2.36276326e+02     1.23666556e+02   
    1.56000000e+04     3.90000000e+00     1.11242847e+03     3.01771860e+02     2.34327509e+02     1.22465188e+02   
    1.58000000e+04     3.95000000e+00     1.11242939e+03     3.00339376e+02     2.36001268e+02     1.23838266e+02   
    1.60000000e+04     4.00000000e+00     1.11243316e+03     3.00786119e+02     2.37713625e+02     1.25170466e+02   
    1.62000000e+04     4.05000000e+00     1.11243664e+03     2.99640190e+02     2.37190575e+02     1.25049044e+02   
    1.64000000e+04     4.10000000e+00     1.11243088e+03     3.04051807e+02     2.34404803e+02     1.21969034e+02   
    1.66000000e+04     4.15000000e+00     1.11243714e+03     2.98548408e+02     2.35391004e+02     1.23401460e+02   
    1.68000000e+04     4.20000000e+00     1.11243522e+03     2.99720456e+02     2.33583049e+02     1.22000429e+02   
    1.70000000e+04     4.25000000e+00     1.11243381e+03     2.96692421e+02     2.35412520e+02     1.23457917e+02   
    1.72000000e+04     4.30000000e+00     1.11243715e+03     2.99829974e+02     2.36034169e+02     1.23229206e+02   
    1.74000000e+04     4.35000000e+00     1.11243906e+03     2.97940294e+02     2.36093397e+02     1.24684704e+02   
    1.76000000e+04     4.40000000e+00     1.11243979e+03     2.99792335e+02     2.37345244e+02     1.24519494e+02   
    1.78000000e+04     4.45000000e+00     1.11244517e+03     2.99571624e+02     2.36416222e+02     1.26147596e+02   
    1.80000000e+04     4.50000000e+00     1.11244403e+03     3.00892864e+02     2.35714282e+02     1.24092007e+02   
    1.82000000e+04     4.55000000e+00     1.11245061e+03     2.99062967e+02     2.35391062e+02     1.23780373e+02   
    1.84000000e+04     4.60000000e+00     1.11245407e+03     3.00908672e+02     2.35088792e+02     1.23168298e+02   
    1.86000000e+04     4.65000000e+00     1.11245320e+03     3.00251477e+02     2.36171992e+02     1.25113213e+02   
    1.88000000e+04     4.70000000e+00     1.11244202e+03     3.01629761e+02     2.37213818e+02     1.24730458e+02   
    1.90000000e+04     4.75000000e+00     1.11245339e+03     2.99425972e+02     2.38945451e+02     1.28534929e+02   
    1.92000000e+04     4.80000000e+00     1.11243938e+03     3.01556860e+02     2.35719083e+02     1.23811239e+02   
    1.94000000e+04     4.85000000e+00     1.11246304e+03     3.01768483e+02     2.38160656e+02     1.25438920e+02   
    1.96000000e+04     4.90000000e+00     1.11247283e+03     3.01217410e+02     2.36559491e+02     1.24631971e+02   
    1.98000000e+04     4.95000000e+00     1.11248263e+03     3.05848440e+02     2.35716568e+02     1.23050825e+02   
    2.00000000e+04     5.00000000e+00     1.11248273e+03     3.00395748e+02     2.35221786e+02     1.24221452e+02   
    2.02000000e+04     5.05000000e+00     1.11247741e+03     3.01829710e+02     2.34287062e+02     1.21893142e+02   
    2.04000000e+04     5.10000000e+00     1.11249449e+03     3.02916533e+02     2.38284875e+02     1.27304869e+02   
    2.06000000e+04     5.15000000e+00     1.11249845e+03     2.99671770e+02     2.36049984e+02     1.25683737e+02   
    2.08000000e+04     5.20000000e+00     1.11249931e+03     3.02920236e+02     2.36606725e+02     1.27761530e+02   
    2.10000000e+04     5.25000000e+00     1.11251027e+03     2.99711742e+02     2.37831389e+02     1.27099348e+02   
    2.12000000e+04     5.30000000e+00     1.11249588e+03     3.01810130e+02     2.34714068e+02     1.24017993e+02   
    2.14000000e+04     5.35000000e+00     1.11249716e+03     3.02988950e+02     2.36174540e+02     1.24778904e+02   
    2.16000000e+04     5.40000000e+00     1.11249371e+03     3.01207886e+02     2.36184527e+02     1.25849797e+02   
    2.18000000e+04     5.45000000e+00     1.11249235e+03     2.99645609e+02     2.35342733e+02     1.24640276e+02   
    2.20000000e+04     5.50000000e+00     1.11248615e+03     3.02743723e+02     2.34630551e+02     1.21492516e+02   
    2.22000000e+04     5.55000000e+00     1.11249294e+03     3.02402268e+02     2.34939470e+02     1.22734769e+02   
    2.24000000e+04     5.60000000e+00     1.11250157e+03     2.99275671e+02     2.34109244e+02     1.22555726e+02   
    2.26000000e+04     5.65000000e+00     1.11252696e+03     2.97752307e+02     2.35286030e+02     1.24020394e+02   
    2.28000000e+04     5.70000000e+00     1.11256442e+03     3.00958383e+02     2.37078276e+02     1.26387108e+02   
    2.30000000e+04     5.75000000e+00     1.11257845e+03     3.04798893e+02     2.36914567e+02     1.26377140e+02   
    2.32000000e+04     5.80000000e+00     1.11258911e+03     3.01631758e+02     2.37408859e+02     1.26400770e+02   
    2.34000000e+04     5.85000000e+00     1.11257908e+03     3.02465885e+02     2.35275635e+02     1.24722516e+02   
    2.36000000e+04     5.90000000e+00     1.11258666e+03     3.04665637e+02     2.36995705e+02     1.25261723e+02   
    2.38000000e+04     5.95000000e+00     1.11257677e+03     3.00892620e+02     2.34527983e+02     1.25000590e+02   
    2.40000000e+04     6.00000000e+00     1.11257672e+03     3.04244994e+02     2.36749708e+02     1.26581228e+02   
    2.42000000e+04     6.05000000e+00     1.11256284e+03     3.02596149e+02     2.35711685e+02     1.23159125e+02   
    2.44000000e+04     6.10000000e+00     1.11256472e+03     3.02694022e+02     2.34538094e+02     1.22386755e+02   
    2.46000000e+04     6.15000000e+00     1.11257741e+03     3.01567106e+02     2.37057438e+02     1.25517471e+02   
    2.48000000e+04     6.20000000e+00     1.11257526e+03     3.00071716e+02     2.36106070e+02     1.25400610e+02   
    2.50000000e+04     6.25000000e+00     1.11258815e+03     2.99774346e+02     2.36013325e+02     1.25243287e+02   
    2.52000000e+04     6.30000000e+00     1.11259367e+03     2.99810146e+02     2.34889318e+02     1.22699406e+02   
    2.54000000e+04     6.35000000e+00     1.11259741e+03     2.97099825e+02     2.36323129e+02     1.25806547e+02   
    2.56000000e+04     6.40000000e+00     1.11260371e+03     3.02930843e+02     2.36827132e+02     1.25938181e+02   
    2.58000000e+04     6.45000000e+00     1.11260095e+03     3.01076138e+02     2.36333214e+02     1.24396266e+02   
    2.60000000e+04     6.50000000e+00     1.11260345e+03     3.02127366e+02     2.37235125e+02     1.25205339e+02   
    2.62000000e+04     6.55000000e+00     1.11260515e+03     3.00336589e+02     2.38705580e+02     1.27736094e+02   
    2.64000000e+04     6.60000000e+00     1.11258986e+03     2.98002488e+02     2.35482377e+02     1.25820163e+02   
    2.66000000e+04     6.65000000e+00     1.11258831e+03     3.01239459e+02     2.35499821e+02     1.24208202e+02   
    2.68000000e+04     6.70000000e+00     1.11260479e+03     3.03960002e+02     2.37904709e+02     1.27403443e+02   
    2.70000000e+04     6.75000000e+00     1.11260397e+03     2.99530446e+02     2.35532710e+02     1.26146323e+02   
    2.72000000e+04     6.80000000e+00     1.11260853e+03     3.00139200e+02     2.36007615e+02     1.27737766e+02   
    2.74000000e+04     6.85000000e+00     1.11260550e+03     2.98273149e+02     2.35542100e+02     1.25934318e+02   
    2.76000000e+04     6.90000000e+00     1.11261328e+03     2.99072722e+02     2.37053592e+02     1.26025231e+02   
    2.78000000e+04     6.95000000e+00     1.11261063e+03     3.00032857e+02     2.37490204e+02     1.26190653e+02   
    2.80000000e+04     7.00000000e+00     1.11259661e+03     3.00863406e+02     2.34572102e+02     1.24328803e+02   
    2.82000000e+04     7.05000000e+00     1.11260789e+03     2.96008742e+02     2.37159489e+02     1.26668234e+02   
    2.84000000e+04     7.10000000e+00     1.11259976e+03     2.99844247e+02     2.36775187e+02     1.24630306e+02   
    2.86000000e+04     7.15000000e+00     1.11259784e+03     3.03894512e+02     2.35946480e+02     1.24661640e+02   
    2.88000000e+04     7.20000000e+00     1.11260255e+03     3.02513469e+02     2.37197505e+02     1.27460553e+02   
    2.90000000e+04     7.25000000e+00     1.11257967e+03     3.00369566e+02     2.34048254e+02     1.25354618e+02   
    2.92000000e+04     7.30000000e+00     1.11258629e+03     3.01138232e+02     2.37635538e+02     1.27097351e+02   
    2.94000000e+04     7.35000000e+00     1.11257756e+03     3.01235926e+02     2.35223158e+02     1.25211554e+02   
    2.96000000e+04     7.40000000e+00     1.11257850e+03     3.03515253e+02     2.36348158e+02     1.25331352e+02   
    2.98000000e+04     7.45000000e+00     1.11257961e+03     2.99964317e+02     2.36549516e+02     1.27129718e+02   
    3.00000000e+04     7.50000000e+00     1.11259335e+03     3.02537339e+02     2.37649083e+02     1.28523486e+02   
    3.02000000e+04     7.55000000e+00     1.11259913e+03     3.02249974e+02     2.36564969e+02     1.26849974e+02   
    3.04000000e+04     7.60000000e+00     1.11259887e+03     3.01279217e+02     2.35114093e+02     1.25181549e+02   
    3.06000000e+04     7.65000000e+00     1.11259657e+03     2.99031978e+02     2.37022091e+02     1.28651372e+02   
    3.08000000e+04     7.70000000e+00     1.11259065e+03     3.02534485e+02     2.37866965e+02     1.29576294e+02   
    3.10000000e+04     7.75000000e+00     1.11257405e+03     3.02820141e+02     2.37110514e+02     1.27966961e+02   
    3.12000000e+04     7.80000000e+00     1.11257557e+03     3.00871768e+02     2.36950414e+02     1.26462078e+02   
    3.14000000e+04     7.85000000e+00     1.11257425e+03     2.98072295e+02     2.36448548e+02     1.28365006e+02   
    3.16000000e+04     7.90000000e+00     1.11257626e+03     3.03344396e+02     2.35135496e+02     1.25382231e+02   
    3.18000000e+04     7.95000000e+00     1.11260172e+03     3.01421846e+02     2.38586261e+02     1.29826150e+02   
    3.20000000e+04     8.00000000e+00     1.11261967e+03     3.04690830e+02     2.38638011e+02     1.28652640e+02   
    3.22000000e+04     8.05000000e+00     1.11263438e+03     3.00499384e+02     2.37247107e+02     1.27863019e+02   
    3.24000000e+04     8.10000000e+00     1.11263460e+03     3.01842448e+02     2.37389461e+02     1.27843084e+02   
    3.26000000e+04     8.15000000e+00     1.11262089e+03     3.00275500e+02     2.38268845e+02     1.28237815e+02   
    3.28000000e+04     8.20000000e+00     1.11260641e+03     3.03030355e+02     2.36257078e+02     1.26795753e+02   
    3.30000000e+04     8.25000000e+00     1.11259980e+03     3.01528631e+02     2.36674831e+02     1.27969594e+02   
    3.32000000e+04     8.30000000e+00     1.11260547e+03     2.99737065e+02     2.38018655e+02     1.29612165e+02   
    3.34000000e+04     8.35000000e+00     1.11259982e+03     3.02390030e+02     2.35916687e+02     1.26781949e+02   
    3.36000000e+04     8.40000000e+00     1.11260505e+03     2.98085588e+02     2.36300999e+02     1.26634127e+02   
    3.38000000e+04     8.45000000e+00     1.11261237e+03     3.00198350e+02     2.36885497e+02     1.27671062e+02   
    3.40000000e+04     8.50000000e+00     1.11260949e+03     2.99773192e+02     2.35449518e+02     1.28835856e+02   
    3.42000000e+04     8.55000000e+00     1.11261278e+03     3.00296257e+02     2.35315138e+02     1.26616544e+02   
    3.44000000e+04     8.60000000e+00     1.11262099e+03     3.02685166e+02     2.35752252e+02     1.26397121e+02   
    3.46000000e+04     8.65000000e+00     1.11263354e+03     3.00622994e+02     2.35904094e+02     1.24992616e+02   
    3.48000000e+04     8.70000000e+00     1.11264065e+03     2.99940113e+02     2.34801911e+02     1.24817086e+02   
    3.50000000e+04     8.75000000e+00     1.11263709e+03     3.01847992e+02     2.36705450e+02     1.25609664e+02   
    3.52000000e+04     8.80000000e+00     1.11265132e+03     3.02775823e+02     2.36035931e+02     1.25993996e+02   
    3.54000000e+04     8.85000000e+00     1.11265621e+03     3.00977526e+02     2.36235441e+02     1.25367123e+02   
    3.56000000e+04     8.90000000e+00     1.11266682e+03     3.00252726e+02     2.38188524e+02     1.27677509e+02   
    3.58000000e+04     8.95000000e+00     1.11265679e+03     3.01373285e+02     2.36661286e+02     1.26549048e+02   
    3.60000000e+04     9.00000000e+00     1.11264805e+03     3.01260241e+02     2.37590270e+02     1.27611991e+02   
    3.62000000e+04     9.05000000e+00     1.11264747e+03     3.03332511e+02     2.36418128e+02     1.25223680e+02   
    3.64000000e+04     9.10000000e+00     1.11265443e+03     3.01551556e+02     2.39260284e+02     1.28032009e+02   
    3.66000000e+04     9.15000000e+00     1.11265964e+03     2.99901582e+02     2.38666094e+02     1.27480917e+02   
    3.68000000e+04     9.20000000e+00     1.11266161e+03     3.00939090e+02     2.37766511e+02     1.25666597e+02   
    3.70000000e+04     9.25000000e+00     1.11266108e+03     2.99484879e+02     2.37908656e+02     1.26333069e+02   
    3.72000000e+04     9.30000000e+00     1.11266551e+03     3.01782453e+02     2.34987545e+02     1.22781285e+02   
    3.74000000e+04     9.35000000e+00     1.11267415e+03     3.05294082e+02     2.36815803e+02     1.24736731e+02   
    3.76000000e+04     9.40000000e+00     1.11267126e+03     3.02961892e+02     2.35979513e+02     1.23650716e+02   
    3.78000000e+04     9.45000000e+00     1.11266988e+03     2.99942506e+02     2.35309786e+02     1.23493193e+02   
    3.80000000e+04     9.50000000e+00     1.11267618e+03     3.04258951e+02     2.34950032e+02     1.22029948e+02   
    3.82000000e+04     9.55000000e+00     1.11269751e+03     3.01483685e+02     2.37040426e+02     1.24693210e+02   
    3.84000000e+04     9.60000000e+00     1.11269343e+03     3.00714752e+02     2.36111876e+02     1.24788869e+02   
    3.86000000e+04     9.65000000e+00     1.11268547e+03     3.00943602e+02     2.35235432e+02     1.23938906e+02   
    3.88000000e+04     9.70000000e+00     1.11268802e+03     3.02635643e+02     2.36930144e+02     1.25572645e+02   
    3.90000000e+04     9.75000000e+00     1.11269185e+03     3.03926246e+02     2.36640200e+02     1.25301612e+02   
    3.92000000e+04     9.80000000e+00     1.11269976e+03     3.00267994e+02     2.35750680e+02     1.24472388e+02   
    3.94000000e+04     9.85000000e+00     1.11270041e+03     3.00143146e+02     2.33952083e+02     1.23882357e+02   
    3.96000000e+04     9.90000000e+00     1.11271165e+03     3.03816439e+02     2.37098654e+02     1.26794447e+02   
    3.98000000e+04     9.95000000e+00     1.11269682e+03     3.02270196e+02     2.35945155e+02     1.25356707e+02   
    4.00000000e+04     1.00000000e+01     1.11269436e+03     3.01898817e+02     2.37054567e+02     1.26158120e+02   
    4.02000000e+04     1.00500000e+01     1.11267242e+03     3.01728046e+02     2.36752682e+02     1.26030168e+02   
    4.04000000e+04     1.01000000e+01     1.11267345e+03     3.02467396e+02     2.35772197e+02     1.23660349e+02   
    4.06000000e+04     1.01500000e+01     1.11267760e+03     3.00935205e+02     2.34817958e+02     1.23836204e+02   
    4.08000000e+04     1.02000000e+01     1.11268943e+03     3.00325986e+02     2.35779035e+02     1.21989128e+02   
    4.10000000e+04     1.02500000e+01     1.11271023e+03     3.01413479e+02     2.36781271e+02     1.25798956e+02   
    4.12000000e+04     1.03000000e+01     1.11272462e+03     3.03413408e+02     2.35695689e+02     1.22938892e+02   
    4.14000000e+04     1.03500000e+01     1.11272438e+03     2.99074517e+02     2.34701785e+02     1.21612667e+02   
    4.16000000e+04     1.04000000e+01     1.11272166e+03     2.99180228e+02     2.35773545e+02     1.24001280e+02   
    4.18000000e+04     1.04500000e+01     1.11272213e+03     3.00025108e+02     2.37225524e+02     1.26674443e+02   
    4.20000000e+04     1.05000000e+01     1.11272010e+03     2.98241997e+02     2.38266652e+02     1.27661698e+02   
    4.22000000e+04     1.05500000e+01     1.11272518e+03     3.01717595e+02     2.37599776e+02     1.28775727e+02   
    4.24000000e+04     1.06000000e+01     1.11272355e+03     3.01690039e+02     2.37328953e+02     1.26478796e+02   
    4.26000000e+04     1.06500000e+01     1.11272069e+03     3.01600239e+02     2.37563430e+02     1.27380087e+02   
    4.28000000e+04     1.07000000e+01     1.11271480e+03     2.99804753e+02     2.36111712e+02     1.24460672e+02   
    4.30000000e+04     1.07500000e+01     1.11270626e+03     2.97523048e+02     2.34548192e+02     1.22471312e+02   
    4.32000000e+04     1.08000000e+01     1.11270825e+03     3.02432409e+02     2.37674262e+02     1.23198631e+02   
    4.34000000e+04     1.08500000e+01     1.11270981e+03     3.01400416e+02     2.36262622e+02     1.22567414e+02   
    4.36000000e+04     1.09000000e+01     1.11271327e+03     3.01600521e+02     2.35925974e+02     1.22096162e+02   
    4.38000000e+04     1.09500000e+01     1.11270607e+03     3.00525875e+02     2.34491426e+02     1.21162318e+02   
    4.40000000e+04     1.10000000e+01     1.11272071e+03     3.00419494e+02     2.37592903e+02     1.22153408e+02   
    4.42000000e+04     1.10500000e+01     1.11272557e+03     3.00666070e+02     2.35583227e+02     1.21849374e+02   
    4.44000000e+04     1.11000000e+01     1.11273613e+03     3.01052299e+02     2.36365959e+02     1.26329126e+02   
    4.46000000e+04     1.11500000e+01     1.11272821e+03     2.99823885e+02     2.37261035e+02     1.25360388e+02   
    4.48000000e+04     1.12000000e+01     1.11272156e+03     2.98289076e+02     2.36332789e+02     1.23628233e+02   
    4.50000000e+04     1.12500000e+01     1.11271714e+03     2.99214764e+02     2.34870927e+02     1.22363247e+02   
    4.52000000e+04     1.13000000e+01     1.11271022e+03     2.99764215e+02     2.36011237e+02     1.24928906e+02   
    4.54000000e+04     1.13500000e+01     1.11270171e+03     2.99395239e+02     2.37028771e+02     1.25150559e+02   
    4.56000000e+04     1.14000000e+01     1.11270700e+03     3.00499240e+02     2.35755233e+02     1.23234762e+02   
    4.58000000e+04     1.14500000e+01     1.11272098e+03     3.00844908e+02     2.37478914e+02     1.24292415e+02   
    4.60000000e+04     1.15000000e+01     1.11273562e+03     2.99341760e+02     2.36323217e+02     1.24105445e+02   
    4.62000000e+04     1.15500000e+01     1.11272935e+03     2.98497941e+02     2.32716138e+02     1.21058867e+02   
    4.64000000e+04     1.16000000e+01     1.11274572e+03     3.02068375e+02     2.36856543e+02     1.24032249e+02   
    4.66000000e+04     1.16500000e+01     1.11273469e+03     3.02002711e+02     2.36753236e+02     1.24429637e+02   
    4.68000000e+04     1.17000000e+01     1.11273995e+03     3.00474655e+02     2.36759853e+02     1.24039766e+02   
    4.70000000e+04     1.17500000e+01     1.11272801e+03     2.99978988e+02     2.35154718e+02     1.22759179e+02   
    4.72000000e+04     1.18000000e+01     1.11273047e+03     3.00554236e+02     2.35053485e+02     1.21714937e+02   
    4.74000000e+04     1.18500000e+01     1.11272613e+03     3.01689420e+02     2.36418566e+02     1.23945327e+02   
    4.76000000e+04     1.19000000e+01     1.11271877e+03     3.02179625e+02     2.37298772e+02     1.23949502e+02   
    4.78000000e+04     1.19500000e+01     1.11271259e+03     3.04182943e+02     2.37226079e+02     1.24580114e+02   
    4.80000000e+04     1.20000000e+01     1.11270101e+03     3.03290264e+02     2.35991871e+02     1.22871092e+02   
    4.82000000e+04     1.20500000e+01     1.11270015e+03     3.04976345e+02     2.36475543e+02     1.24458037e+02   
    4.84000000e+04     1.21000000e+01     1.11269495e+03     2.98716474e+02     2.35928369e+02     1.23798721e+02   
    4.86000000e+04     1.21500000e+01     1.11269620e+03     3.02285993e+02     2.36660354e+02     1.26484679e+02   
    4.88000000e+04     1.22000000e+01     1.11268264e+03     3.06519801e+02     2.33979941e+02     1.22211880e+02   
    4.90000000e+04     1.22500000e+01     1.11269627e+03     3.01849475e+02     2.36502449e+02     1.27017288e+02   
    4.92000000e+04     1.23000000e+01     1.11268278e+03     3.01314959e+02     2.35676211e+02     1.23013028e+02   
    4.94000000e+04     1.23500000e+01     1.11268569e+03     3.00067299e+02     2.35963514e+02     1.26003087e+02   
    4.96000000e+04     1.24000000e+01     1.11270445e+03     3.01251037e+02     2.37735855e+02     1.26175734e+02   
    4.98000000e+04     1.24500000e+01     1.11270520e+03     2.99668083e+02     2.35393494e+02     1.23957330e+02   
    5.00000000e+04     1.25000000e+01     1.11271882e+03     3.01533721e+02     2.33942092e+02     1.22703005e+02   
    5.02000000e+04     1.25500000e+01     1.11273728e+03     3.00157385e+02     2.35432917e+02     1.24950809e+02   
    5.04000000e+04     1.26000000e+01     1.11275483e+03     3.03762425e+02     2.36916588e+02     1.26838299e+02   
    5.06000000e+04     1.26500000e+01     1.11275826e+03     2.98808565e+02     2.36496637e+02     1.25954358e+02   
    5.08000000e+04     1.27000000e+01     1.11275399e+03     3.02187686e+02     2.35460980e+02     1.23987820e+02   
    5.10000000e+04     1.27500000e+01     1.11276248e+03     2.99681490e+02     2.37148631e+02     1.25824789e+02   
    5.12000000e+04     1.28000000e+01     1.11276928e+03     2.98949055e+02     2.36532148e+02     1.24742398e+02   
    5.14000000e+04     1.28500000e+01     1.11277462e+03     3.00227629e+02     2.38238696e+02     1.26416051e+02   
    5.16000000e+04     1.29000000e+01     1.11276769e+03     3.03262009e+02     2.36390074e+02     1.23816036e+02   
    5.18000000e+04     1.29500000e+01     1.11276102e+03     3.01056412e+02     2.35293238e+02     1.23478593e+02   
    5.20000000e+04     1.30000000e+01     1.11276448e+03     2.99277066e+02     2.36389414e+02     1.25231257e+02   
    5.22000000e+04     1.30500000e+01     1.11276834e+03     2.98007556e+02     2.35560456e+02     1.24337947e+02   
    5.24000000e+04     1.31000000e+01     1.11278152e+03     2.97999769e+02     2.36188114e+02     1.24096756e+02   
    5.26000000e+04     1.31500000e+01     1.11278237e+03     2.97292833e+02     2.35754691e+02     1.23499535e+02   
    5.28000000e+04     1.32000000e+01     1.11279394e+03     2.99447903e+02     2.38207941e+02     1.28030456e+02   
    5.30000000e+04     1.32500000e+01     1.11278456e+03     2.99275033e+02     2.36360743e+02     1.23948400e+02   
    5.32000000e+04     1.33000000e+01     1.11277328e+03     3.03078440e+02     2.34299622e+02     1.22947661e+02   
    5.34000000e+04     1.33500000e+01     1.11278587e+03     3.00382178e+02     2.35176258e+02     1.23512302e+02   
    5.36000000e+04     1.34000000e+01     1.11278600e+03     3.01629353e+02     2.37797224e+02     1.25805951e+02   
    5.38000000e+04     1.34500000e+01     1.11279322e+03     3.00654818e+02     2.36218091e+02     1.26531216e+02   
    5.40000000e+04     1.35000000e+01     1.11280063e+03     2.99672729e+02     2.38027904e+02     1.25720735e+02   
    5.42000000e+04     1.35500000e+01     1.11280835e+03     3.01334879e+02     2.36562254e+02     1.26222628e+02   
    5.44000000e+04     1.36000000e+01     1.11280829e+03     2.99833962e+02     2.36322559e+02     1.24491003e+02   
    5.46000000e+04     1.36500000e+01     1.11281412e+03     3.00408827e+02     2.36701253e+02     1.26442560e+02   
    5.48000000e+04     1.37000000e+01     1.11282518e+03     3.02604864e+02     2.36478585e+02     1.25520776e+02   
    5.50000000e+04     1.37500000e+01     1.11282215e+03     3.01185051e+02     2.35814943e+02     1.25848661e+02   
    5.52000000e+04     1.38000000e+01     1.11282151e+03     2.96787120e+02     2.36571983e+02     1.25991796e+02   
    5.54000000e+04     1.38500000e+01     1.11281841e+03     3.00083974e+02     2.35886706e+02     1.24041990e+02   
    5.56000000e+04     1.39000000e+01     1.11282542e+03     3.01616460e+02     2.33886616e+02     1.23979668e+02   
    5.58000000e+04     1.39500000e+01     1.11283170e+03     3.02735543e+02     2.35153092e+02     1.23736083e+02   
    5.60000000e+04     1.40000000e+01     1.11283801e+03     2.98607776e+02     2.34726804e+02     1.25044025e+02   
    5.62000000e+04     1.40500000e+01     1.11283538e+03     2.99885243e+02     2.36720470e+02     1.26812837e+02   
    5.64000000e+04     1.41000000e+01     1.11284007e+03     3.00419523e+02     2.37782125e+02     1.27718512e+02   
    5.66000000e+04     1.41500000e+01     1.11284227e+03     3.01396134e+02     2.36815164e+02     1.26965308e+02   
    5.68000000e+04     1.42000000e+01     1.11283943e+03     3.03110359e+02     2.34600786e+02     1.23497281e+02   
    5.70000000e+04     1.42500000e+01     1.11284799e+03     3.03156659e+02     2.35743119e+02     1.25932862e+02   
    5.72000000e+04     1.43000000e+01     1.11285167e+03     2.99483385e+02     2.37082256e+02     1.27498135e+02   
    5.74000000e+04     1.43500000e+01     1.11283655e+03     2.99458643e+02     2.37044519e+02     1.27320148e+02   
    5.76000000e+04     1.44000000e+01     1.11283912e+03     2.97827008e+02     2.37069773e+02     1.27296943e+02   
    5.78000000e+04     1.44500000e+01     1.11283726e+03     3.01668133e+02     2.38530345e+02     1.29981958e+02   
    5.80000000e+04     1.45000000e+01     1.11283377e+03     2.99643687e+02     2.36091712e+02     1.26311452e+02   
    5.82000000e+04     1.45500000e+01     1.11284211e+03     3.00896803e+02     2.36718219e+02     1.27288214e+02   
    5.84000000e+04     1.46000000e+01     1.11284003e+03     3.00808935e+02     2.36480592e+02     1.24495408e+02   
    5.86000000e+04     1.46500000e+01     1.11283975e+03     3.00161243e+02     2.36612984e+02     1.25984209e+02   
    5.88000000e+04     1.47000000e+01     1.11282218e+03     3.03316043e+02     2.36418750e+02     1.23529511e+02   
    5.90000000e+04     1.47500000e+01     1.11282945e+03     3.00317179e+02     2.39392028e+02     1.27669219e+02   
    5.92000000e+04     1.48000000e+01     1.11280822e+03     3.00806458e+02     2.36755912e+02     1.22921458e+02   
    5.94000000e+04     1.48500000e+01     1.11280022e+03     3.02906987e+02     2.34908690e+02     1.22818646e+02   
    5.96000000e+04     1.49000000e+01     1.11280727e+03     3.01882858e+02     2.35220264e+02     1.22264557e+02   
    5.98000000e+04     1.49500000e+01     1.11281654e+03     3.01177891e+02     2.36897638e+02     1.24660178e+02   
    6.00000000e+04     1.50000000e+01     1.11283231e+03     3.00517135e+02     2.37674413e+02     1.25499679e+02   
    6.02000000e+04     1.50500000e+01     1.11283307e+03     3.00966555e+02     2.34659767e+02     1.22849909e+02   
    6.04000000e+04     1.51000000e+01     1.11285003e+03     3.02391788e+02     2.35915803e+02     1.23413293e+02   
    6.06000000e+04     1.51500000e+01     1.11285960e+03     3.00078066e+02     2.36242330e+02     1.23080292e+02   
    6.08000000e+04     1.52000000e+01     1.11284948e+03     3.01187011e+02     2.35288262e+02     1.22420513e+02   
    6.10000000e+04     1.52500000e+01     1.11284521e+03     2.99664801e+02     2.37181744e+02     1.24608781e+02   
    6.12000000e+04     1.53000000e+01     1.11284459e+03     3.03050005e+02     2.35213159e+02     1.22328879e+02   
    6.14000000e+04     1.53500000e+01     1.11286331e+03     2.99079538e+02     2.36561416e+02     1.22772774e+02   
    6.16000000e+04     1.54000000e+01     1.11287532e+03     3.01527332e+02     2.35869543e+02     1.22510743e+02   
    6.18000000e+04     1.54500000e+01     1.11287304e+03     3.04156771e+02     2.34123985e+02     1.21205445e+02   
    6.20000000e+04     1.55000000e+01     1.11286684e+03     3.03226026e+02     2.34365071e+02     1.21208942e+02   
    6.22000000e+04     1.55500000e+01     1.11287581e+03     3.07934205e+02     2.37702511e+02     1.25126108e+02   
    6.24000000e+04     1.56000000e+01     1.11288385e+03     3.02951380e+02     2.37743186e+02     1.25579670e+02   
    6.26000000e+04     1.56500000e+01     1.11287544e+03     3.01802316e+02     2.35258746e+02     1.24291539e+02   
    6.28000000e+04     1.57000000e+01     1.11288038e+03     3.02504940e+02     2.36825828e+02     1.27637907e+02   
    6.30000000e+04     1.57500000e+01     1.11287730e+03     2.99513569e+02     2.34447211e+02     1.25304602e+02   
    6.32000000e+04     1.58000000e+01     1.11287133e+03     2.99403338e+02     2.34743416e+02     1.26446380e+02   
    6.34000000e+04     1.58500000e+01     1.11287621e+03     2.99700573e+02     2.36541350e+02     1.26946993e+02   
    6.36000000e+04     1.59000000e+01     1.11287930e+03     3.01306746e+02     2.37023145e+02     1.26366521e+02   
    6.38000000e+04     1.59500000e+01     1.11288412e+03     3.01504566e+02     2.36301155e+02     1.26844945e+02   
    6.40000000e+04     1.60000000e+01     1.11289173e+03     3.00977711e+02     2.36002302e+02     1.27007380e+02   
    6.42000000e+04     1.60500000e+01     1.11289363e+03     2.98431626e+02     2.37805802e+02     1.28672893e+02   
    6.44000000e+04     1.61000000e+01     1.11288635e+03     3.03666698e+02     2.36820529e+02     1.27322475e+02   
    6.46000000e+04     1.61500000e+01     1.11286520e+03     3.03345576e+02     2.35850769e+02     1.24748385e+02   
    6.48000000e+04     1.62000000e+01     1.11286900e+03     3.04577343e+02     2.35585268e+02     1.23986485e+02   
    6.50000000e+04     1.62500000e+01     1.11285838e+03     3.02981045e+02     2.36927848e+02     1.27274948e+02   
    6.52000000e+04     1.63000000e+01     1.11285912e+03     3.01793410e+02     2.38242375e+02     1.27572761e+02   
    6.54000000e+04     1.63500000e+01     1.11286595e+03     3.01258336e+02     2.37543476e+02     1.26739069e+02   
    6.56000000e+04     1.64000000e+01     1.11286888e+03     2.98399240e+02     2.36050777e+02     1.23692753e+02   
    6.58000000e+04     1.64500000e+01     1.11286922e+03     3.03329524e+02     2.37079344e+02     1.26014542e+02   
    6.60000000e+04     1.65000000e+01     1.11287417e+03     3.00750308e+02     2.35928350e+02     1.24038428e+02   
    6.62000000e+04     1.65500000e+01     1.11287900e+03     3.05599149e+02     2.36864320e+02     1.23691447e+02   
    6.64000000e+04     1.66000000e+01     1.11287966e+03     3.05281408e+02     2.36799339e+02     1.24054217e+02   
    6.66000000e+04     1.66500000e+01     1.11288262e+03     3.04800784e+02     2.37051159e+02     1.25509010e+02   
    6.68000000e+04     1.67000000e+01     1.11288371e+03     3.02370779e+02     2.34914140e+02     1.22538834e+02   
    6.70000000e+04     1.67500000e+01     1.11289310e+03     3.00154892e+02     2.33960670e+02     1.22004888e+02   
    6.72000000e+04     1.68000000e+01     1.11290543e+03     3.01015148e+02     2.36886592e+02     1.26276824e+02   
    6.74000000e+04     1.68500000e+01     1.11288690e+03     3.01092690e+02     2.34712180e+02     1.23876636e+02   
    6.76000000e+04     1.69000000e+01     1.11290249e+03     3.01536980e+02     2.36834336e+02     1.26916789e+02   
    6.78000000e+04     1.69500000e+01     1.11289532e+03     3.03366422e+02     2.35190898e+02     1.23115804e+02   
    6.80000000e+04     1.70000000e+01     1.11289168e+03     3.01328332e+02     2.35286578e+02     1.23965814e+02   
    6.82000000e+04     1.70500000e+01     1.11289481e+03     3.00440208e+02     2.36538027e+02     1.26201474e+02   
    6.84000000e+04     1.71000000e+01     1.11290453e+03     3.02328301e+02     2.35191420e+02     1.24383101e+02   
    6.86000000e+04     1.71500000e+01     1.11291027e+03     3.01572019e+02     2.36966874e+02     1.24552031e+02   
    6.88000000e+04     1.72000000e+01     1.11289005e+03     3.03782153e+02     2.34752102e+02     1.22730320e+02   
    6.90000000e+04     1.72500000e+01     1.11288924e+03     3.05222008e+02     2.37068689e+02     1.25687257e+02   
    6.92000000e+04     1.73000000e+01     1.11287315e+03     3.01671723e+02     2.35673979e+02     1.24352384e+02   
    6.94000000e+04     1.73500000e+01     1.11286549e+03     3.00805760e+02     2.35942870e+02     1.24358212e+02   
    6.96000000e+04     1.74000000e+01     1.11288830e+03     3.01639231e+02     2.38309808e+02     1.28747024e+02   
    6.98000000e+04     1.74500000e+01     1.11287637e+03     2.99880345e+02     2.33817176e+02     1.24723209e+02   
    7.00000000e+04     1.75000000e+01     1.11287455e+03     2.99992299e+02     2.35218699e+02     1.26584665e+02   
    7.02000000e+04     1.75500000e+01     1.11289574e+03     2.98582757e+02     2.37329572e+02     1.27211437e+02   
    7.04000000e+04     1.76000000e+01     1.11287921e+03     3.01842451e+02     2.36179809e+02     1.26222658e+02   
    7.06000000e+04     1.76500000e+01     1.11287618e+03     3.02240094e+02     2.35723310e+02     1.25847261e+02   
    7.08000000e+04     1.77000000e+01     1.11286343e+03     3.02260199e+02     2.34323411e+02     1.23616685e+02   
    7.10000000e+04     1.77500000e+01     1.11286209e+03     2.99202010e+02     2.33766604e+02     1.23532688e+02   
    7.12000000e+04     1.78000000e+01     1.11286782e+03     3.03006756e+02     2.37375441e+02     1.26538152e+02   
    7.14000000e+04     1.78500000e+01     1.11286642e+03     3.00039408e+02     2.36271834e+02     1.26423171e+02   
    7.16000000e+04     1.79000000e+01     1.11286593e+03     3.05695265e+02     2.38232368e+02     1.25838060e+02   
    7.18000000e+04     1.79500000e+01     1.11285267e+03     2.99684605e+02     2.35971414e+02     1.23745152e+02   
    7.20000000e+04     1.80000000e+01     1.11285013e+03     3.02027236e+02     2.35110919e+02     1.21979797e+02   
    7.22000000e+04     1.80500000e+01     1.11285290e+03     3.00083406e+02     2.36159903e+02     1.24472796e+02   
    7.24000000e+04     1.81000000e+01     1.11283890e+03     3.00553302e+02     2.36833586e+02     1.24612142e+02   
    7.26000000e+04     1.81500000e+01     1.11283361e+03     3.00111999e+02     2.35521029e+02     1.23757830e+02   
    7.28000000e+04     1.82000000e+01     1.11283982e+03     3.00513324e+02     2.35879543e+02     1.25191003e+02   
    7.30000000e+04     1.82500000e+01     1.11282289e+03     3.02324990e+02     2.33901881e+02     1.21756189e+02   
    7.32000000e+04     1.83000000e+01     1.11282874e+03     3.00412993e+02     2.35299431e+02     1.23933479e+02   
    7.34000000e+04     1.83500000e+01     1.11283157e+03     2.99879474e+02     2.35431856e+02     1.22405678e+02   
    7.36000000e+04     1.84000000e+01     1.11284389e+03     3.02279998e+02     2.34833595e+02     1.23382349e+02   
    7.38000000e+04     1.84500000e+01     1.11284834e+03     3.00957533e+02     2.34669086e+02     1.23970228e+02   
    7.40000000e+04     1.85000000e+01     1.11285515e+03     2.98057889e+02     2.34952906e+02     1.24540676e+02   
    7.42000000e+04     1.85500000e+01     1.11285899e+03     3.00518510e+02     2.36998635e+02     1.26764941e+02   
    7.44000000e+04     1.86000000e+01     1.11287361e+03     3.00955877e+02     2.36276418e+02     1.26417759e+02   
    7.46000000e+04     1.86500000e+01     1.11287308e+03     2.98669083e+02     2.36774869e+02     1.24758680e+02   
    7.48000000e+04     1.87000000e+01     1.11287505e+03     3.01586407e+02     2.37875836e+02     1.25778219e+02   
    7.50000000e+04     1.87500000e+01     1.11287261e+03     2.97522857e+02     2.37463862e+02     1.25843287e+02   
    7.52000000e+04     1.88000000e+01     1.11287354e+03     3.02602830e+02     2.36361219e+02     1.24742570e+02   
    7.54000000e+04     1.88500000e+01     1.11288575e+03     2.99113585e+02     2.35345560e+02     1.24394504e+02   
    7.56000000e+04     1.89000000e+01     1.11288698e+03     2.95638640e+02     2.36079794e+02     1.24919245e+02   
    7.58000000e+04     1.89500000e+01     1.11287345e+03     2.99084994e+02     2.33847133e+02     1.22674189e+02   
    7.60000000e+04     1.90000000e+01     1.11289258e+03     3.00521696e+02     2.36992503e+02     1.25296448e+02   
    7.62000000e+04     1.90500000e+01     1.11288702e+03     3.01479927e+02     2.37139262e+02     1.25051735e+02   
    7.64000000e+04     1.91000000e+01     1.11289838e+03     2.97313749e+02     2.39336790e+02     1.27403533e+02   
    7.66000000e+04     1.91500000e+01     1.11288130e+03     3.02641310e+02     2.34309378e+02     1.23450906e+02   
    7.68000000e+04     1.92000000e+01     1.11289274e+03     3.01152172e+02     2.35846562e+02     1.24612846e+02   
    7.70000000e+04     1.92500000e+01     1.11289121e+03     3.01093405e+02     2.35129992e+02     1.22680160e+02   
    7.72000000e+04     1.93000000e+01     1.11289510e+03     3.03145352e+02     2.35999347e+02     1.23810686e+02   
    7.74000000e+04     1.93500000e+01     1.11289107e+03     2.98700585e+02     2.36846466e+02     1.25180006e+02   
    7.76000000e+04     1.94000000e+01     1.11289778e+03     2.95980609e+02     2.35178044e+02     1.25342824e+02   
    7.78000000e+04     1.94500000e+01     1.11291291e+03     3.01406732e+02     2.37332752e+02     1.27620853e+02   
    7.80000000e+04     1.95000000e+01     1.11292405e+03     3.00807805e+02     2.38118569e+02     1.26632638e+02   
    7.82000000e+04     1.95500000e+01     1.11290546e+03     2.99073833e+02     2.34821423e+02     1.23930573e+02   
    7.84000000e+04     1.96000000e+01     1.11291405e+03     3.01205993e+02     2.36440934e+02     1.24647389e+02   
    7.86000000e+04     1.96500000e+01     1.11291231e+03     3.00790725e+02     2.36348020e+02     1.23897898e+02   
    7.88000000e+04     1.97000000e+01     1.11291899e+03     3.02594037e+02     2.35580027e+02     1.23974113e+02   
    7.90000000e+04     1.97500000e+01     1.11291619e+03     3.02494191e+02     2.36359442e+02     1.23394352e+02   
    7.92000000e+04     1.98000000e+01     1.11291213e+03     2.98547347e+02     2.36914345e+02     1.24851581e+02   
    7.94000000e+04     1.98500000e+01     1.11291223e+03     3.01261955e+02     2.34862613e+02     1.22281823e+02   
    7.96000000e+04     1.99000000e+01     1.11292149e+03     2.99753961e+02     2.36269111e+02     1.24986837e+02   
    7.98000000e+04     1.99500000e+01     1.11292378e+03     3.01895303e+02     2.36558841e+02     1.25372816e+02   
    8.00000000e+04     2.00000000e+01     1.11291637e+03     2.98245947e+02     2.35450359e+02     1.24607057e+02   
