# column   1     --> step : The current simulation time step.
# column   2     --> time{picosecond} : The elapsed simulation time.
# column   3     --> conserved{electronvolt} : The value of the conserved energy quantity per bead.
# column   4     --> temperature{kelvin} : The current temperature, as obtained from the MD kinetic energy.
# column   5     --> kinetic_cv{electronvolt} : The centroid-virial quantum kinetic energy of the physical system.
# column   6     --> potential{electronvolt} : The physical system potential energy.
    0.00000000e+00     0.00000000e+00     1.11781540e+03     3.04273373e+02     2.34935936e+02     1.29457878e+02   
    2.00000000e+02     5.00000000e-02     1.11780553e+03     2.99513271e+02     2.36947894e+02     1.27824706e+02   
    4.00000000e+02     1.00000000e-01     1.11778967e+03     3.03097286e+02     2.36709245e+02     1.27896901e+02   
    6.00000000e+02     1.50000000e-01     1.11778594e+03     3.02171109e+02     2.34734815e+02     1.23359639e+02   
    8.00000000e+02     2.00000000e-01     1.11781410e+03     3.02311753e+02     2.36993620e+02     1.27672313e+02   
    1.00000000e+03     2.50000000e-01     1.11781261e+03     3.04606878e+02     2.36201097e+02     1.25646396e+02   
    1.20000000e+03     3.00000000e-01     1.11781273e+03     2.99956808e+02     2.36464052e+02     1.27088473e+02   
    1.40000000e+03     3.50000000e-01     1.11779364e+03     3.03169767e+02     2.36956755e+02     1.27554544e+02   
    1.60000000e+03     4.00000000e-01     1.11778814e+03     3.00323708e+02     2.33382032e+02     1.24527375e+02   
    1.80000000e+03     4.50000000e-01     1.11779507e+03     2.99739705e+02     2.35224884e+02     1.26161634e+02   
    2.00000000e+03     5.00000000e-01     1.11779556e+03     3.00844022e+02     2.36744585e+02     1.27246016e+02   
    2.20000000e+03     5.50000000e-01     1.11778532e+03     2.96331450e+02     2.35308481e+02     1.25594223e+02   
    2.40000000e+03     6.00000000e-01     1.11778805e+03     3.01802118e+02     2.36812388e+02     1.26960645e+02   
    2.60000000e+03     6.50000000e-01     1.11778812e+03     3.02134908e+02     2.35687444e+02     1.24378477e+02   
    2.80000000e+03     7.00000000e-01     1.11778739e+03     3.02432034e+02     2.35386350e+02     1.26588278e+02   
    3.00000000e+03     7.50000000e-01     1.11779898e+03     3.00176834e+02     2.35616580e+02     1.26814186e+02   
    3.20000000e+03     8.00000000e-01     1.11780248e+03     3.00118744e+02     2.37165121e+02     1.27746299e+02   
    3.40000000e+03     8.50000000e-01     1.11780158e+03     3.03867309e+02     2.38285535e+02     1.27246521e+02   
    3.60000000e+03     9.00000000e-01     1.11778449e+03     3.00709122e+02     2.34596501e+02     1.25014154e+02   
    3.80000000e+03     9.50000000e-01     1.11778701e+03     3.01702084e+02     2.36964791e+02     1.28279777e+02   
    4.00000000e+03     1.00000000e+00     1.11778064e+03     3.02549819e+02     2.33734059e+02     1.25504604e+02   
    4.20000000e+03     1.05000000e+00     1.11779332e+03     3.01695988e+02     2.35348381e+02     1.26685548e+02   
    4.40000000e+03     1.10000000e+00     1.11778337e+03     2.99184593e+02     2.35866779e+02     1.25979357e+02   
    4.60000000e+03     1.15000000e+00     1.11779125e+03     3.01223364e+02     2.37989517e+02     1.28935615e+02   
    4.80000000e+03     1.20000000e+00     1.11779476e+03     3.02863668e+02     2.38211507e+02     1.29940402e+02   
    5.00000000e+03     1.25000000e+00     1.11778676e+03     3.02923377e+02     2.35323721e+02     1.26195552e+02   
    5.20000000e+03     1.30000000e+00     1.11778755e+03     3.04249728e+02     2.35541623e+02     1.26736858e+02   
    5.40000000e+03     1.35000000e+00     1.11779190e+03     3.06452418e+02     2.36482725e+02     1.26995523e+02   
    5.60000000e+03     1.40000000e+00     1.11779427e+03     3.03487362e+02     2.37627286e+02     1.29376937e+02   
    5.80000000e+03     1.45000000e+00     1.11778468e+03     3.01263079e+02     2.34072286e+02     1.26969253e+02   
    6.00000000e+03     1.50000000e+00     1.11779323e+03     3.05275543e+02     2.37965106e+02     1.29660104e+02   
    6.20000000e+03     1.55000000e+00     1.11779250e+03     3.00420987e+02     2.37663947e+02     1.30787641e+02   
    6.40000000e+03     1.60000000e+00     1.11778462e+03     3.03587734e+02     2.36336468e+02     1.27842596e+02   
    6.60000000e+03     1.65000000e+00     1.11777602e+03     3.03580137e+02     2.35807252e+02     1.26373976e+02   
    6.80000000e+03     1.70000000e+00     1.11777716e+03     3.04316587e+02     2.36793346e+02     1.24242583e+02   
    7.00000000e+03     1.75000000e+00     1.11778264e+03     3.06141387e+02     2.34972391e+02     1.23219516e+02   
    7.20000000e+03     1.80000000e+00     1.11778948e+03     3.04698711e+02     2.35295542e+02     1.24646428e+02   
    7.40000000e+03     1.85000000e+00     1.11780246e+03     3.01028720e+02     2.36645124e+02     1.26341733e+02   
    7.60000000e+03     1.90000000e+00     1.11780840e+03     3.07263690e+02     2.37214636e+02     1.25194711e+02   
    7.80000000e+03     1.95000000e+00     1.11780574e+03     3.08327411e+02     2.36151657e+02     1.23143531e+02   
    8.00000000e+03     2.00000000e+00     1.11782600e+03     3.06710018e+02     2.35556588e+02     1.23478072e+02   
    8.20000000e+03     2.05000000e+00     1.11783480e+03     3.03260856e+02     2.36461879e+02     1.24296730e+02   
    8.40000000e+03     2.10000000e+00     1.11784211e+03     3.05378434e+02     2.36186746e+02     1.24662235e+02   
    8.60000000e+03     2.15000000e+00     1.11783750e+03     3.02349194e+02     2.35838030e+02     1.23604037e+02   
    8.80000000e+03     2.20000000e+00     1.11783198e+03     3.01258641e+02     2.35098727e+02     1.23767884e+02   
    9.00000000e+03     2.25000000e+00     1.11782884e+03     3.02126186e+02     2.35047917e+02     1.24303886e+02   
    9.20000000e+03     2.30000000e+00     1.11783789e+03     3.04128346e+02     2.37910699e+02     1.28405210e+02   
    9.40000000e+03     2.35000000e+00     1.11783699e+03     3.01707408e+02     2.38282772e+02     1.30035951e+02   
    9.60000000e+03     2.40000000e+00     1.11783564e+03     3.02283637e+02     2.38541133e+02     1.30185096e+02   
    9.80000000e+03     2.45000000e+00     1.11782248e+03     3.04211331e+02     2.34872095e+02     1.27867631e+02   
    1.00000000e+04     2.50000000e+00     1.11781362e+03     3.02505175e+02     2.33724455e+02     1.25462181e+02   
    1.02000000e+04     2.55000000e+00     1.11782004e+03     2.99201999e+02     2.38612981e+02     1.31452579e+02   
    1.04000000e+04     2.60000000e+00     1.11779893e+03     3.00022951e+02     2.36884755e+02     1.28546386e+02   
    1.06000000e+04     2.65000000e+00     1.11778982e+03     3.02207763e+02     2.35273052e+02     1.29304525e+02   
    1.08000000e+04     2.70000000e+00     1.11778084e+03     2.97232214e+02     2.37013968e+02     1.29306047e+02   
    1.10000000e+04     2.75000000e+00     1.11778911e+03     3.02647805e+02     2.37569960e+02     1.28829285e+02   
    1.12000000e+04     2.80000000e+00     1.11779684e+03     2.99875308e+02     2.36644574e+02     1.28433372e+02   
    1.14000000e+04     2.85000000e+00     1.11779503e+03     3.05873906e+02     2.36222703e+02     1.27093519e+02   
    1.16000000e+04     2.90000000e+00     1.11780069e+03     3.01999676e+02     2.37778883e+02     1.30392051e+02   
    1.18000000e+04     2.95000000e+00     1.11780084e+03     3.00106849e+02     2.36096576e+02     1.26016760e+02   
    1.20000000e+04     3.00000000e+00     1.11781335e+03     3.01977887e+02     2.33844475e+02     1.23617116e+02   
    1.22000000e+04     3.05000000e+00     1.11782583e+03     3.01275263e+02     2.36041753e+02     1.25367936e+02   
    1.24000000e+04     3.10000000e+00     1.11784354e+03     3.02263570e+02     2.35329558e+02     1.27344986e+02   
    1.26000000e+04     3.15000000e+00     1.11785395e+03     3.01801893e+02     2.35458304e+02     1.25881399e+02   
    1.28000000e+04     3.20000000e+00     1.11785824e+03     2.98119972e+02     2.36320104e+02     1.26141751e+02   
    1.30000000e+04     3.25000000e+00     1.11784253e+03     3.03314978e+02     2.36336944e+02     1.25257559e+02   
    1.32000000e+04     3.30000000e+00     1.11783630e+03     2.99310621e+02     2.36013960e+02     1.25244304e+02   
    1.34000000e+04     3.35000000e+00     1.11782623e+03     2.98379429e+02     2.38457622e+02     1.28367500e+02   
    1.36000000e+04     3.40000000e+00     1.11781373e+03     3.01642708e+02     2.35413119e+02     1.24468657e+02   
    1.38000000e+04     3.45000000e+00     1.11781521e+03     3.05359240e+02     2.37390099e+02     1.24452642e+02   
    1.40000000e+04     3.50000000e+00     1.11780404e+03     3.04195223e+02     2.36149212e+02     1.22385380e+02   
    1.42000000e+04     3.55000000e+00     1.11781232e+03     3.03943909e+02     2.35336726e+02     1.23763743e+02   
    1.44000000e+04     3.60000000e+00     1.11778826e+03     3.01472752e+02     2.33082337e+02     1.21809966e+02   
    1.46000000e+04     3.65000000e+00     1.11780850e+03     2.99293563e+02     2.36987874e+02     1.29473295e+02   
    1.48000000e+04     3.70000000e+00     1.11779446e+03     3.02855713e+02     2.36699271e+02     1.26230126e+02   
    1.50000000e+04     3.75000000e+00     1.11780243e+03     2.98569761e+02     2.37259474e+02     1.30176753e+02   
    1.52000000e+04     3.80000000e+00     1.11779640e+03     3.00207009e+02     2.35621706e+02     1.25946386e+02   
    1.54000000e+04     3.85000000e+00     1.11781017e+03     3.00125434e+02     2.36133567e+02     1.27180021e+02   
    1.56000000e+04     3.90000000e+00     1.11781603e+03     3.01423106e+02     2.34923971e+02     1.25565118e+02   
    1.58000000e+04     3.95000000e+00     1.11782694e+03     2.99639642e+02     2.35075368e+02     1.27865437e+02   
    1.60000000e+04     4.00000000e+00     1.11782153e+03     2.99490017e+02     2.36483062e+02     1.27424142e+02   
    1.62000000e+04     4.05000000e+00     1.11781397e+03     2.98015880e+02     2.34891518e+02     1.26394316e+02   
    1.64000000e+04     4.10000000e+00     1.11782801e+03     3.01847019e+02     2.36148805e+02     1.26534087e+02   
    1.66000000e+04     4.15000000e+00     1.11783761e+03     2.98085301e+02     2.35016621e+02     1.26132840e+02   
    1.68000000e+04     4.20000000e+00     1.11784439e+03     2.98004967e+02     2.35117040e+02     1.26829791e+02   
    1.70000000e+04     4.25000000e+00     1.11784752e+03     2.95088030e+02     2.36383712e+02     1.26155207e+02   
    1.72000000e+04     4.30000000e+00     1.11784662e+03     2.97538846e+02     2.36261073e+02     1.24187559e+02   
    1.74000000e+04     4.35000000e+00     1.11784074e+03     2.98892821e+02     2.35390606e+02     1.24380702e+02   
    1.76000000e+04     4.40000000e+00     1.11784243e+03     2.98551825e+02     2.37341320e+02     1.26878271e+02   
    1.78000000e+04     4.45000000e+00     1.11783103e+03     3.00230357e+02     2.36022748e+02     1.26419892e+02   
    1.80000000e+04     4.50000000e+00     1.11782507e+03     3.00770585e+02     2.35980410e+02     1.25665175e+02   
    1.82000000e+04     4.55000000e+00     1.11781502e+03     3.00218899e+02     2.35911678e+02     1.25357671e+02   
    1.84000000e+04     4.60000000e+00     1.11781480e+03     3.01718284e+02     2.34405248e+02     1.23748116e+02   
    1.86000000e+04     4.65000000e+00     1.11783345e+03     3.01144111e+02     2.36820520e+02     1.26039924e+02   
    1.88000000e+04     4.70000000e+00     1.11783089e+03     3.03679801e+02     2.35056012e+02     1.23777119e+02   
    1.90000000e+04     4.75000000e+00     1.11783930e+03     3.01318744e+02     2.37081071e+02     1.26131735e+02   
    1.92000000e+04     4.80000000e+00     1.11783541e+03     3.04031599e+02     2.35616509e+02     1.23607813e+02   
    1.94000000e+04     4.85000000e+00     1.11784472e+03     3.05293032e+02     2.36254959e+02     1.24544111e+02   
    1.96000000e+04     4.90000000e+00     1.11785351e+03     3.03464301e+02     2.35863682e+02     1.24448776e+02   
    1.98000000e+04     4.95000000e+00     1.11786315e+03     3.05639599e+02     2.35934273e+02     1.25550108e+02   
    2.00000000e+04     5.00000000e+00     1.11786401e+03     3.01534637e+02     2.34344997e+02     1.23797384e+02   
    2.02000000e+04     5.05000000e+00     1.11786384e+03     3.03096971e+02     2.36208683e+02     1.25571240e+02   
    2.04000000e+04     5.10000000e+00     1.11787038e+03     3.04326359e+02     2.38413512e+02     1.26784055e+02   
    2.06000000e+04     5.15000000e+00     1.11786122e+03     3.03313178e+02     2.35341156e+02     1.23982263e+02   
    2.08000000e+04     5.20000000e+00     1.11788120e+03     3.04214979e+02     2.36822124e+02     1.26792585e+02   
    2.10000000e+04     5.25000000e+00     1.11789334e+03     3.00853497e+02     2.37721711e+02     1.27584258e+02   
    2.12000000e+04     5.30000000e+00     1.11789750e+03     3.00352268e+02     2.36879400e+02     1.29500585e+02   
    2.14000000e+04     5.35000000e+00     1.11788713e+03     3.02944466e+02     2.37207509e+02     1.25153685e+02   
    2.16000000e+04     5.40000000e+00     1.11787786e+03     3.01766135e+02     2.36743024e+02     1.27766557e+02   
    2.18000000e+04     5.45000000e+00     1.11786925e+03     3.00458292e+02     2.37228305e+02     1.26421524e+02   
    2.20000000e+04     5.50000000e+00     1.11787179e+03     2.99059644e+02     2.34878364e+02     1.27115347e+02   
    2.22000000e+04     5.55000000e+00     1.11787383e+03     3.02230258e+02     2.34938277e+02     1.25114180e+02   
    2.24000000e+04     5.60000000e+00     1.11788315e+03     2.98910482e+02     2.34883382e+02     1.25799459e+02   
    2.26000000e+04     5.65000000e+00     1.11789683e+03     2.98081111e+02     2.36361843e+02     1.27134553e+02   
    2.28000000e+04     5.70000000e+00     1.11790891e+03     3.00744543e+02     2.37842219e+02     1.30021430e+02   
    2.30000000e+04     5.75000000e+00     1.11791384e+03     3.02843626e+02     2.37115137e+02     1.29953898e+02   
    2.32000000e+04     5.80000000e+00     1.11792514e+03     2.98788046e+02     2.38867821e+02     1.31637290e+02   
    2.34000000e+04     5.85000000e+00     1.11791579e+03     3.01269079e+02     2.36670695e+02     1.28471581e+02   
    2.36000000e+04     5.90000000e+00     1.11791646e+03     3.04453052e+02     2.36222971e+02     1.27020041e+02   
    2.38000000e+04     5.95000000e+00     1.11791948e+03     2.98743432e+02     2.37615423e+02     1.30303131e+02   
    2.40000000e+04     6.00000000e+00     1.11791295e+03     3.03675544e+02     2.37000795e+02     1.28483546e+02   
    2.42000000e+04     6.05000000e+00     1.11791228e+03     3.02390836e+02     2.36861254e+02     1.27431666e+02   
    2.44000000e+04     6.10000000e+00     1.11790803e+03     3.03740876e+02     2.35795907e+02     1.26652969e+02   
    2.46000000e+04     6.15000000e+00     1.11791446e+03     3.00606007e+02     2.38006837e+02     1.27801055e+02   
    2.48000000e+04     6.20000000e+00     1.11790757e+03     3.01476199e+02     2.34896689e+02     1.23879384e+02   
    2.50000000e+04     6.25000000e+00     1.11793560e+03     3.00828104e+02     2.36355862e+02     1.27240665e+02   
    2.52000000e+04     6.30000000e+00     1.11793174e+03     3.00421326e+02     2.34979386e+02     1.25029087e+02   
    2.54000000e+04     6.35000000e+00     1.11793498e+03     2.98457159e+02     2.37062897e+02     1.26632134e+02   
    2.56000000e+04     6.40000000e+00     1.11791641e+03     3.03948770e+02     2.34533243e+02     1.20874120e+02   
    2.58000000e+04     6.45000000e+00     1.11792043e+03     3.00257690e+02     2.34684906e+02     1.23503861e+02   
    2.60000000e+04     6.50000000e+00     1.11792197e+03     3.03161031e+02     2.35446839e+02     1.22781390e+02   
    2.62000000e+04     6.55000000e+00     1.11791942e+03     3.00679509e+02     2.38164903e+02     1.27910740e+02   
    2.64000000e+04     6.60000000e+00     1.11788707e+03     3.00657228e+02     2.34896952e+02     1.24333317e+02   
    2.66000000e+04     6.65000000e+00     1.11787952e+03     3.01626520e+02     2.37101220e+02     1.26680270e+02   
    2.68000000e+04     6.70000000e+00     1.11787220e+03     3.05020573e+02     2.36066999e+02     1.25045752e+02   
    2.70000000e+04     6.75000000e+00     1.11787532e+03     2.99647315e+02     2.36699490e+02     1.27773705e+02   
    2.72000000e+04     6.80000000e+00     1.11786082e+03     3.01007551e+02     2.34126683e+02     1.26177843e+02   
    2.74000000e+04     6.85000000e+00     1.11787094e+03     2.98736717e+02     2.36787250e+02     1.29596893e+02   
    2.76000000e+04     6.90000000e+00     1.11787509e+03     2.99806729e+02     2.38401652e+02     1.29008378e+02   
    2.78000000e+04     6.95000000e+00     1.11787336e+03     2.99462110e+02     2.38159375e+02     1.29106644e+02   
    2.80000000e+04     7.00000000e+00     1.11785206e+03     3.00785583e+02     2.35463447e+02     1.26192026e+02   
    2.82000000e+04     7.05000000e+00     1.11785674e+03     2.96138123e+02     2.36574776e+02     1.27591327e+02   
    2.84000000e+04     7.10000000e+00     1.11784285e+03     2.98661085e+02     2.35765152e+02     1.27886702e+02   
    2.86000000e+04     7.15000000e+00     1.11784742e+03     3.02720356e+02     2.36847372e+02     1.28338861e+02   
    2.88000000e+04     7.20000000e+00     1.11784557e+03     3.01039714e+02     2.36399092e+02     1.28177570e+02   
    2.90000000e+04     7.25000000e+00     1.11784281e+03     2.98673014e+02     2.36108817e+02     1.27631628e+02   
    2.92000000e+04     7.30000000e+00     1.11785709e+03     2.98168010e+02     2.36724589e+02     1.27970962e+02   
    2.94000000e+04     7.35000000e+00     1.11785973e+03     2.98959884e+02     2.36057877e+02     1.27662124e+02   
    2.96000000e+04     7.40000000e+00     1.11787238e+03     3.00442195e+02     2.37943419e+02     1.29743860e+02   
    2.98000000e+04     7.45000000e+00     1.11786623e+03     2.99478866e+02     2.35629449e+02     1.26711898e+02   
    3.00000000e+04     7.50000000e+00     1.11788423e+03     3.01406215e+02     2.37079369e+02     1.28468269e+02   
    3.02000000e+04     7.55000000e+00     1.11789804e+03     3.01902582e+02     2.37282242e+02     1.27909843e+02   
    3.04000000e+04     7.60000000e+00     1.11791555e+03     2.99811073e+02     2.38519653e+02     1.29011500e+02   
    3.06000000e+04     7.65000000e+00     1.11789416e+03     3.00314718e+02     2.36677179e+02     1.24244804e+02   
    3.08000000e+04     7.70000000e+00     1.11789789e+03     3.03527271e+02     2.38153547e+02     1.26431896e+02   
    3.10000000e+04     7.75000000e+00     1.11789119e+03     3.02809847e+02     2.36778434e+02     1.23738495e+02   
    3.12000000e+04     7.80000000e+00     1.11789899e+03     3.01182756e+02     2.35722026e+02     1.25111025e+02   
    3.14000000e+04     7.85000000e+00     1.11789868e+03     3.00463237e+02     2.38416999e+02     1.24464195e+02   
    3.16000000e+04     7.90000000e+00     1.11788085e+03     3.04395709e+02     2.35834584e+02     1.25142370e+02   
    3.18000000e+04     7.95000000e+00     1.11788002e+03     3.04045396e+02     2.36563355e+02     1.22781181e+02   
    3.20000000e+04     8.00000000e+00     1.11787933e+03     3.05722810e+02     2.37755211e+02     1.25430123e+02   
    3.22000000e+04     8.05000000e+00     1.11789691e+03     3.03814909e+02     2.37949105e+02     1.24614064e+02   
    3.24000000e+04     8.10000000e+00     1.11787985e+03     3.02266916e+02     2.34552726e+02     1.23066192e+02   
    3.26000000e+04     8.15000000e+00     1.11787770e+03     3.01317719e+02     2.35334284e+02     1.25047534e+02   
    3.28000000e+04     8.20000000e+00     1.11787140e+03     3.04559915e+02     2.35851979e+02     1.24355563e+02   
    3.30000000e+04     8.25000000e+00     1.11787924e+03     3.00039202e+02     2.36877892e+02     1.24866230e+02   
    3.32000000e+04     8.30000000e+00     1.11788394e+03     3.00945585e+02     2.36624499e+02     1.24558609e+02   
    3.34000000e+04     8.35000000e+00     1.11789710e+03     3.00091448e+02     2.36447623e+02     1.27705804e+02   
    3.36000000e+04     8.40000000e+00     1.11790479e+03     2.98211899e+02     2.37110552e+02     1.26435882e+02   
    3.38000000e+04     8.45000000e+00     1.11790468e+03     3.00539356e+02     2.36626489e+02     1.25104944e+02   
    3.40000000e+04     8.50000000e+00     1.11789967e+03     3.02042514e+02     2.35481699e+02     1.24447714e+02   
    3.42000000e+04     8.55000000e+00     1.11789178e+03     3.00520218e+02     2.36265014e+02     1.24258917e+02   
    3.44000000e+04     8.60000000e+00     1.11789728e+03     3.00249491e+02     2.36210778e+02     1.25424698e+02   
    3.46000000e+04     8.65000000e+00     1.11790582e+03     3.01025762e+02     2.36715503e+02     1.25558772e+02   
    3.48000000e+04     8.70000000e+00     1.11790332e+03     2.99244243e+02     2.36930294e+02     1.26094402e+02   
    3.50000000e+04     8.75000000e+00     1.11790436e+03     3.01789859e+02     2.37032333e+02     1.25281886e+02   
    3.52000000e+04     8.80000000e+00     1.11790356e+03     3.03431980e+02     2.35962754e+02     1.22868028e+02   
    3.54000000e+04     8.85000000e+00     1.11790827e+03     3.00314571e+02     2.36619736e+02     1.25447733e+02   
    3.56000000e+04     8.90000000e+00     1.11792813e+03     3.00167506e+02     2.36890742e+02     1.24788211e+02   
    3.58000000e+04     8.95000000e+00     1.11791948e+03     3.01493937e+02     2.34992339e+02     1.23969964e+02   
    3.60000000e+04     9.00000000e+00     1.11793705e+03     3.00937314e+02     2.38748309e+02     1.26395317e+02   
    3.62000000e+04     9.05000000e+00     1.11794671e+03     3.01418084e+02     2.37207194e+02     1.26135691e+02   
    3.64000000e+04     9.10000000e+00     1.11792963e+03     3.02775619e+02     2.35874248e+02     1.22924834e+02   
    3.66000000e+04     9.15000000e+00     1.11793985e+03     3.00895915e+02     2.39723257e+02     1.28654807e+02   
    3.68000000e+04     9.20000000e+00     1.11790490e+03     3.00731176e+02     2.35060508e+02     1.24043553e+02   
    3.70000000e+04     9.25000000e+00     1.11791059e+03     3.00095591e+02     2.36274831e+02     1.26406275e+02   
    3.72000000e+04     9.30000000e+00     1.11789451e+03     3.02844618e+02     2.34858925e+02     1.22320944e+02   
    3.74000000e+04     9.35000000e+00     1.11791081e+03     3.05154444e+02     2.36370379e+02     1.26168247e+02   
    3.76000000e+04     9.40000000e+00     1.11789471e+03     3.03275623e+02     2.36688440e+02     1.23770974e+02   
    3.78000000e+04     9.45000000e+00     1.11790384e+03     2.96887205e+02     2.35151680e+02     1.26360344e+02   
    3.80000000e+04     9.50000000e+00     1.11790496e+03     3.00707029e+02     2.37144940e+02     1.26804711e+02   
    3.82000000e+04     9.55000000e+00     1.11792426e+03     2.98829997e+02     2.38137838e+02     1.27999973e+02   
    3.84000000e+04     9.60000000e+00     1.11792182e+03     3.00077224e+02     2.38080830e+02     1.27887077e+02   
    3.86000000e+04     9.65000000e+00     1.11791618e+03     3.00550609e+02     2.35428624e+02     1.24934135e+02   
    3.88000000e+04     9.70000000e+00     1.11791842e+03     3.00465220e+02     2.36456730e+02     1.29637534e+02   
    3.90000000e+04     9.75000000e+00     1.11792846e+03     3.02291241e+02     2.38222279e+02     1.30586825e+02   
    3.92000000e+04     9.80000000e+00     1.11793012e+03     2.97493345e+02     2.36541216e+02     1.30525829e+02   
    3.94000000e+04     9.85000000e+00     1.11791796e+03     2.99315216e+02     2.34794744e+02     1.27836176e+02   
    3.96000000e+04     9.90000000e+00     1.11793592e+03     3.01905384e+02     2.35640212e+02     1.30218131e+02   
    3.98000000e+04     9.95000000e+00     1.11792511e+03     2.99223349e+02     2.35180813e+02     1.29869372e+02   
    4.00000000e+04     1.00000000e+01     1.11794883e+03     2.98084729e+02     2.37477495e+02     1.34175331e+02   
    4.02000000e+04     1.00500000e+01     1.11792228e+03     3.01949021e+02     2.34902718e+02     1.26957974e+02   
    4.04000000e+04     1.01000000e+01     1.11792821e+03     2.99852968e+02     2.36932992e+02     1.29158191e+02   
    4.06000000e+04     1.01500000e+01     1.11791449e+03     3.00137738e+02     2.36554409e+02     1.28341896e+02   
    4.08000000e+04     1.02000000e+01     1.11790395e+03     2.98932536e+02     2.34626900e+02     1.27684800e+02   
    4.10000000e+04     1.02500000e+01     1.11790776e+03     3.02224119e+02     2.35212426e+02     1.27072939e+02   
    4.12000000e+04     1.03000000e+01     1.11790519e+03     3.02885431e+02     2.35422309e+02     1.27279379e+02   
    4.14000000e+04     1.03500000e+01     1.11790192e+03     2.99834431e+02     2.34694876e+02     1.25900999e+02   
    4.16000000e+04     1.04000000e+01     1.11790022e+03     2.99402992e+02     2.36074047e+02     1.28115729e+02   
    4.18000000e+04     1.04500000e+01     1.11791356e+03     3.00566660e+02     2.36927024e+02     1.28948887e+02   
    4.20000000e+04     1.05000000e+01     1.11791163e+03     3.00509848e+02     2.35799285e+02     1.27424019e+02   
    4.22000000e+04     1.05500000e+01     1.11792736e+03     3.03926757e+02     2.37725521e+02     1.29055676e+02   
    4.24000000e+04     1.06000000e+01     1.11790582e+03     3.04400126e+02     2.35945524e+02     1.23840049e+02   
    4.26000000e+04     1.06500000e+01     1.11790344e+03     3.03593739e+02     2.35982435e+02     1.26568693e+02   
    4.28000000e+04     1.07000000e+01     1.11790097e+03     3.01494298e+02     2.37317642e+02     1.28010766e+02   
    4.30000000e+04     1.07500000e+01     1.11788515e+03     2.97037448e+02     2.35773689e+02     1.26090586e+02   
    4.32000000e+04     1.08000000e+01     1.11789202e+03     3.02152960e+02     2.37507004e+02     1.27977334e+02   
    4.34000000e+04     1.08500000e+01     1.11788332e+03     3.02996807e+02     2.36176430e+02     1.26508918e+02   
    4.36000000e+04     1.09000000e+01     1.11786154e+03     3.03798899e+02     2.33103138e+02     1.23277963e+02   
    4.38000000e+04     1.09500000e+01     1.11787263e+03     3.00778382e+02     2.34921992e+02     1.26408699e+02   
    4.40000000e+04     1.10000000e+01     1.11787009e+03     3.01771912e+02     2.35958381e+02     1.28129784e+02   
    4.42000000e+04     1.10500000e+01     1.11788422e+03     3.03323389e+02     2.36273750e+02     1.28767054e+02   
    4.44000000e+04     1.11000000e+01     1.11789407e+03     3.02124963e+02     2.37329702e+02     1.31530144e+02   
    4.46000000e+04     1.11500000e+01     1.11788029e+03     3.02813760e+02     2.33819708e+02     1.26967102e+02   
    4.48000000e+04     1.12000000e+01     1.11788745e+03     3.00513342e+02     2.35346318e+02     1.28437265e+02   
    4.50000000e+04     1.12500000e+01     1.11788328e+03     3.00700374e+02     2.34585569e+02     1.27460726e+02   
    4.52000000e+04     1.13000000e+01     1.11789050e+03     3.03631131e+02     2.34949750e+02     1.27410564e+02   
    4.54000000e+04     1.13500000e+01     1.11790376e+03     3.01198625e+02     2.37879417e+02     1.31682939e+02   
    4.56000000e+04     1.14000000e+01     1.11790311e+03     3.04066009e+02     2.34663795e+02     1.25098139e+02   
    4.58000000e+04     1.14500000e+01     1.11793322e+03     3.03354036e+02     2.39062283e+02     1.30605940e+02   
    4.60000000e+04     1.15000000e+01     1.11793287e+03     3.01025694e+02     2.37433152e+02     1.28233983e+02   
    4.62000000e+04     1.15500000e+01     1.11791417e+03     3.01384317e+02     2.32163207e+02     1.24748173e+02   
    4.64000000e+04     1.16000000e+01     1.11792736e+03     3.04222277e+02     2.36531181e+02     1.26922431e+02   
    4.66000000e+04     1.16500000e+01     1.11793303e+03     3.05640902e+02     2.36681796e+02     1.27344265e+02   
    4.68000000e+04     1.17000000e+01     1.11791677e+03     3.02429491e+02     2.35541480e+02     1.26468261e+02   
    4.70000000e+04     1.17500000e+01     1.11790170e+03     3.01729343e+02     2.35221760e+02     1.24693470e+02   
    4.72000000e+04     1.18000000e+01     1.11790511e+03     3.03762790e+02     2.36675151e+02     1.26449722e+02   
    4.74000000e+04     1.18500000e+01     1.11789499e+03     3.05925087e+02     2.35902853e+02     1.23598681e+02   
    4.76000000e+04     1.19000000e+01     1.11789402e+03     3.04319724e+02     2.37436412e+02     1.25245268e+02   
    4.78000000e+04     1.19500000e+01     1.11788674e+03     3.07172646e+02     2.37408305e+02     1.24068176e+02   
    4.80000000e+04     1.20000000e+01     1.11788111e+03     3.06355947e+02     2.35611655e+02     1.22321914e+02   
    4.82000000e+04     1.20500000e+01     1.11788193e+03     3.06240249e+02     2.36109783e+02     1.23795206e+02   
    4.84000000e+04     1.21000000e+01     1.11788589e+03     2.99480580e+02     2.35100262e+02     1.24861709e+02   
    4.86000000e+04     1.21500000e+01     1.11790088e+03     3.05255553e+02     2.35747507e+02     1.24526517e+02   
    4.88000000e+04     1.22000000e+01     1.11791425e+03     3.07790836e+02     2.36350159e+02     1.25325765e+02   
    4.90000000e+04     1.22500000e+01     1.11792875e+03     3.06715105e+02     2.35992718e+02     1.23309024e+02   
    4.92000000e+04     1.23000000e+01     1.11792644e+03     3.02905379e+02     2.35885784e+02     1.24919391e+02   
    4.94000000e+04     1.23500000e+01     1.11793133e+03     3.03741010e+02     2.36580602e+02     1.26084804e+02   
    4.96000000e+04     1.24000000e+01     1.11792723e+03     3.03020851e+02     2.36356188e+02     1.27032523e+02   
    4.98000000e+04     1.24500000e+01     1.11791291e+03     3.02676929e+02     2.34768825e+02     1.23811253e+02   
    5.00000000e+04     1.25000000e+01     1.11791482e+03     3.03131160e+02     2.35865254e+02     1.26218668e+02   
    5.02000000e+04     1.25500000e+01     1.11791623e+03     3.01514594e+02     2.36003453e+02     1.26499049e+02   
    5.04000000e+04     1.26000000e+01     1.11792467e+03     3.05023718e+02     2.38128725e+02     1.30282894e+02   
    5.06000000e+04     1.26500000e+01     1.11790598e+03     3.00490189e+02     2.36359781e+02     1.27213775e+02   
    5.08000000e+04     1.27000000e+01     1.11790173e+03     3.03406449e+02     2.35893324e+02     1.27613117e+02   
    5.10000000e+04     1.27500000e+01     1.11790030e+03     3.03322620e+02     2.37709754e+02     1.26333055e+02   
    5.12000000e+04     1.28000000e+01     1.11790809e+03     3.01218612e+02     2.36294737e+02     1.28692082e+02   
    5.14000000e+04     1.28500000e+01     1.11791306e+03     3.02354946e+02     2.36872586e+02     1.26936745e+02   
    5.16000000e+04     1.29000000e+01     1.11792581e+03     3.05618827e+02     2.37950602e+02     1.30923677e+02   
    5.18000000e+04     1.29500000e+01     1.11791459e+03     3.03122339e+02     2.35650240e+02     1.25940104e+02   
    5.20000000e+04     1.30000000e+01     1.11792688e+03     3.02723507e+02     2.37772975e+02     1.28497640e+02   
    5.22000000e+04     1.30500000e+01     1.11792423e+03     3.00948250e+02     2.37092818e+02     1.28129177e+02   
    5.24000000e+04     1.31000000e+01     1.11793980e+03     3.00368801e+02     2.36923775e+02     1.28024050e+02   
    5.26000000e+04     1.31500000e+01     1.11794693e+03     3.01438192e+02     2.35541528e+02     1.25909576e+02   
    5.28000000e+04     1.32000000e+01     1.11795083e+03     3.02614701e+02     2.36625462e+02     1.25928583e+02   
    5.30000000e+04     1.32500000e+01     1.11795707e+03     3.02973721e+02     2.35458046e+02     1.25371241e+02   
    5.32000000e+04     1.33000000e+01     1.11797542e+03     3.03865595e+02     2.35676910e+02     1.26011983e+02   
    5.34000000e+04     1.33500000e+01     1.11798177e+03     3.02945923e+02     2.36539650e+02     1.26021433e+02   
    5.36000000e+04     1.34000000e+01     1.11798674e+03     3.04016329e+02     2.36455815e+02     1.24645412e+02   
    5.38000000e+04     1.34500000e+01     1.11799807e+03     3.02967865e+02     2.37265867e+02     1.26708679e+02   
    5.40000000e+04     1.35000000e+01     1.11799027e+03     3.01825066e+02     2.37146709e+02     1.26735926e+02   
    5.42000000e+04     1.35500000e+01     1.11799103e+03     3.05418806e+02     2.36056283e+02     1.27017423e+02   
    5.44000000e+04     1.36000000e+01     1.11799849e+03     3.01203782e+02     2.36784158e+02     1.28293075e+02   
    5.46000000e+04     1.36500000e+01     1.11802590e+03     3.01636576e+02     2.36871046e+02     1.31986323e+02   
    5.48000000e+04     1.37000000e+01     1.11802067e+03     3.03444711e+02     2.35383509e+02     1.29081463e+02   
    5.50000000e+04     1.37500000e+01     1.11801559e+03     3.01486925e+02     2.35268163e+02     1.30395168e+02   
    5.52000000e+04     1.38000000e+01     1.11800282e+03     2.99358721e+02     2.34569647e+02     1.25187387e+02   
    5.54000000e+04     1.38500000e+01     1.11800975e+03     3.02991354e+02     2.35991014e+02     1.28026938e+02   
    5.56000000e+04     1.39000000e+01     1.11799957e+03     3.05399552e+02     2.34499493e+02     1.24704805e+02   
    5.58000000e+04     1.39500000e+01     1.11798801e+03     3.03441065e+02     2.33969911e+02     1.25945042e+02   
    5.60000000e+04     1.40000000e+01     1.11798679e+03     3.00721102e+02     2.34625679e+02     1.27053638e+02   
    5.62000000e+04     1.40500000e+01     1.11797753e+03     3.01042561e+02     2.34579282e+02     1.27208375e+02   
    5.64000000e+04     1.41000000e+01     1.11797979e+03     3.03275868e+02     2.35915280e+02     1.28744202e+02   
    5.66000000e+04     1.41500000e+01     1.11799792e+03     3.02390761e+02     2.37578470e+02     1.31318433e+02   
    5.68000000e+04     1.42000000e+01     1.11799872e+03     3.05088794e+02     2.36709044e+02     1.30323102e+02   
    5.70000000e+04     1.42500000e+01     1.11799125e+03     3.06362237e+02     2.35295596e+02     1.27580068e+02   
    5.72000000e+04     1.43000000e+01     1.11800766e+03     3.02294267e+02     2.37050170e+02     1.30284013e+02   
    5.74000000e+04     1.43500000e+01     1.11800560e+03     3.02490284e+02     2.36802062e+02     1.28657349e+02   
    5.76000000e+04     1.44000000e+01     1.11800668e+03     2.99635378e+02     2.36159691e+02     1.28905402e+02   
    5.78000000e+04     1.44500000e+01     1.11800452e+03     3.03173181e+02     2.37164775e+02     1.29663481e+02   
    5.80000000e+04     1.45000000e+01     1.11799906e+03     3.01398232e+02     2.37755876e+02     1.28877349e+02   
    5.82000000e+04     1.45500000e+01     1.11799197e+03     3.03903414e+02     2.37237954e+02     1.28877067e+02   
    5.84000000e+04     1.46000000e+01     1.11798557e+03     3.00690164e+02     2.37628726e+02     1.28536075e+02   
    5.86000000e+04     1.46500000e+01     1.11798053e+03     3.01949685e+02     2.36846235e+02     1.27743152e+02   
    5.88000000e+04     1.47000000e+01     1.11799037e+03     3.05305179e+02     2.35652176e+02     1.26546920e+02   
    5.90000000e+04     1.47500000e+01     1.11800857e+03     3.01653920e+02     2.37615963e+02     1.29781923e+02   
    5.92000000e+04     1.48000000e+01     1.11801565e+03     3.03828861e+02     2.37170565e+02     1.28177151e+02   
    5.94000000e+04     1.48500000e+01     1.11801017e+03     3.05345093e+02     2.34349152e+02     1.25888606e+02   
    5.96000000e+04     1.49000000e+01     1.11802125e+03     3.03071558e+02     2.37380206e+02     1.28216430e+02   
    5.98000000e+04     1.49500000e+01     1.11803270e+03     3.03184163e+02     2.38836241e+02     1.30087321e+02   
    6.00000000e+04     1.50000000e+01     1.11801199e+03     3.04461191e+02     2.36559131e+02     1.24928935e+02   
    6.02000000e+04     1.50500000e+01     1.11800998e+03     3.02890177e+02     2.36162860e+02     1.23787746e+02   
    6.04000000e+04     1.51000000e+01     1.11801730e+03     3.03529548e+02     2.36591736e+02     1.25423659e+02   
    6.06000000e+04     1.51500000e+01     1.11801442e+03     3.00783723e+02     2.38000711e+02     1.26487006e+02   
    6.08000000e+04     1.52000000e+01     1.11800602e+03     3.01894992e+02     2.34480384e+02     1.23735725e+02   
    6.10000000e+04     1.52500000e+01     1.11801698e+03     3.01667836e+02     2.38487029e+02     1.28044077e+02   
    6.12000000e+04     1.53000000e+01     1.11798573e+03     3.04764601e+02     2.33519226e+02     1.24406065e+02   
    6.14000000e+04     1.53500000e+01     1.11797294e+03     3.01001471e+02     2.35042007e+02     1.25330360e+02   
    6.16000000e+04     1.54000000e+01     1.11798035e+03     3.00962809e+02     2.37392590e+02     1.29805060e+02   
    6.18000000e+04     1.54500000e+01     1.11795973e+03     3.04839735e+02     2.34591378e+02     1.23832587e+02   
    6.20000000e+04     1.55000000e+01     1.11796703e+03     3.03696829e+02     2.35871943e+02     1.27643961e+02   
    6.22000000e+04     1.55500000e+01     1.11797285e+03     3.06548363e+02     2.37802634e+02     1.28687589e+02   
    6.24000000e+04     1.56000000e+01     1.11795926e+03     3.03411694e+02     2.35705487e+02     1.25919094e+02   
    6.26000000e+04     1.56500000e+01     1.11795898e+03     3.00358648e+02     2.35819331e+02     1.26044208e+02   
    6.28000000e+04     1.57000000e+01     1.11797364e+03     3.02353512e+02     2.35936710e+02     1.28354032e+02   
    6.30000000e+04     1.57500000e+01     1.11799140e+03     2.98793600e+02     2.35937110e+02     1.29478041e+02   
    6.32000000e+04     1.58000000e+01     1.11799599e+03     3.00742094e+02     2.34661399e+02     1.26491752e+02   
    6.34000000e+04     1.58500000e+01     1.11801037e+03     3.00182923e+02     2.36540085e+02     1.27540511e+02   
    6.36000000e+04     1.59000000e+01     1.11802929e+03     3.01855524e+02     2.36226436e+02     1.25383561e+02   
    6.38000000e+04     1.59500000e+01     1.11805086e+03     3.03334332e+02     2.36974224e+02     1.28199924e+02   
    6.40000000e+04     1.60000000e+01     1.11804664e+03     3.03226901e+02     2.35314831e+02     1.25340291e+02   
    6.42000000e+04     1.60500000e+01     1.11804467e+03     3.00846219e+02     2.36470594e+02     1.27397512e+02   
    6.44000000e+04     1.61000000e+01     1.11802405e+03     3.03027380e+02     2.35502401e+02     1.26449017e+02   
    6.46000000e+04     1.61500000e+01     1.11801845e+03     3.02559383e+02     2.37916203e+02     1.28665057e+02   
    6.48000000e+04     1.62000000e+01     1.11799020e+03     3.04019424e+02     2.34125587e+02     1.23495950e+02   
    6.50000000e+04     1.62500000e+01     1.11800404e+03     3.04908791e+02     2.36675300e+02     1.27750235e+02   
    6.52000000e+04     1.63000000e+01     1.11799950e+03     3.00371431e+02     2.38250566e+02     1.28860994e+02   
    6.54000000e+04     1.63500000e+01     1.11798644e+03     3.02652207e+02     2.35060657e+02     1.26517055e+02   
    6.56000000e+04     1.64000000e+01     1.11798468e+03     2.99595124e+02     2.35834295e+02     1.25781241e+02   
    6.58000000e+04     1.64500000e+01     1.11798241e+03     3.04943991e+02     2.35228624e+02     1.25601548e+02   
    6.60000000e+04     1.65000000e+01     1.11800269e+03     2.98009257e+02     2.38808178e+02     1.29122843e+02   
    6.62000000e+04     1.65500000e+01     1.11799624e+03     3.03683613e+02     2.38160628e+02     1.29137048e+02   
    6.64000000e+04     1.66000000e+01     1.11798370e+03     3.04084404e+02     2.34434426e+02     1.24876792e+02   
    6.66000000e+04     1.66500000e+01     1.11798985e+03     3.05072111e+02     2.36558854e+02     1.26031802e+02   
    6.68000000e+04     1.67000000e+01     1.11800168e+03     3.01949953e+02     2.36587880e+02     1.25701476e+02   
    6.70000000e+04     1.67500000e+01     1.11800970e+03     3.00717327e+02     2.34781094e+02     1.25696238e+02   
    6.72000000e+04     1.68000000e+01     1.11800790e+03     3.02161529e+02     2.35778183e+02     1.26691906e+02   
    6.74000000e+04     1.68500000e+01     1.11800168e+03     3.01095390e+02     2.34858870e+02     1.26593577e+02   
    6.76000000e+04     1.69000000e+01     1.11800765e+03     3.02234430e+02     2.35744261e+02     1.27273924e+02   
    6.78000000e+04     1.69500000e+01     1.11799359e+03     3.03541026e+02     2.34282840e+02     1.25342852e+02   
    6.80000000e+04     1.70000000e+01     1.11798757e+03     3.02806285e+02     2.35530114e+02     1.25592063e+02   
    6.82000000e+04     1.70500000e+01     1.11800542e+03     3.01030479e+02     2.37347435e+02     1.28941097e+02   
    6.84000000e+04     1.71000000e+01     1.11799787e+03     3.05024435e+02     2.34862364e+02     1.26617602e+02   
    6.86000000e+04     1.71500000e+01     1.11801429e+03     3.03285708e+02     2.36899149e+02     1.27467773e+02   
    6.88000000e+04     1.72000000e+01     1.11800563e+03     3.05440391e+02     2.36537919e+02     1.26728747e+02   
    6.90000000e+04     1.72500000e+01     1.11800177e+03     3.06072747e+02     2.35910145e+02     1.27146059e+02   
    6.92000000e+04     1.73000000e+01     1.11800990e+03     3.02900367e+02     2.36748990e+02     1.29904340e+02   
    6.94000000e+04     1.73500000e+01     1.11800655e+03     2.99995264e+02     2.35846591e+02     1.29680121e+02   
    6.96000000e+04     1.74000000e+01     1.11801036e+03     3.03788858e+02     2.37112434e+02     1.29735011e+02   
    6.98000000e+04     1.74500000e+01     1.11800628e+03     3.02211975e+02     2.35105846e+02     1.25665311e+02   
    7.00000000e+04     1.75000000e+01     1.11801302e+03     3.01110590e+02     2.37060713e+02     1.29180051e+02   
    7.02000000e+04     1.75500000e+01     1.11800222e+03     3.01993705e+02     2.36185063e+02     1.26990083e+02   
    7.04000000e+04     1.76000000e+01     1.11800873e+03     3.02893219e+02     2.36172724e+02     1.28216536e+02   
    7.06000000e+04     1.76500000e+01     1.11800864e+03     3.03255029e+02     2.36972724e+02     1.27298753e+02   
    7.08000000e+04     1.77000000e+01     1.11799217e+03     3.04635983e+02     2.33361012e+02     1.24020660e+02   
    7.10000000e+04     1.77500000e+01     1.11799257e+03     3.01809904e+02     2.33150639e+02     1.22777799e+02   
    7.12000000e+04     1.78000000e+01     1.11801968e+03     3.05718228e+02     2.37517092e+02     1.27257559e+02   
    7.14000000e+04     1.78500000e+01     1.11801582e+03     3.02520071e+02     2.35237775e+02     1.25125217e+02   
    7.16000000e+04     1.79000000e+01     1.11802016e+03     3.06571932e+02     2.38102230e+02     1.27308319e+02   
    7.18000000e+04     1.79500000e+01     1.11800360e+03     3.01502734e+02     2.35047418e+02     1.23727392e+02   
    7.20000000e+04     1.80000000e+01     1.11799901e+03     3.02972543e+02     2.35256401e+02     1.23111437e+02   
    7.22000000e+04     1.80500000e+01     1.11798542e+03     3.02542902e+02     2.34457076e+02     1.22551693e+02   
    7.24000000e+04     1.81000000e+01     1.11799272e+03     3.03258467e+02     2.35680650e+02     1.24484712e+02   
    7.26000000e+04     1.81500000e+01     1.11801119e+03     3.01983512e+02     2.36443383e+02     1.25257587e+02   
    7.28000000e+04     1.82000000e+01     1.11801745e+03     3.02584566e+02     2.35397837e+02     1.24454312e+02   
    7.30000000e+04     1.82500000e+01     1.11801554e+03     3.02435975e+02     2.33222166e+02     1.20174025e+02   
    7.32000000e+04     1.83000000e+01     1.11804173e+03     3.02898928e+02     2.35670945e+02     1.24369675e+02   
    7.34000000e+04     1.83500000e+01     1.11804856e+03     3.00843636e+02     2.34808319e+02     1.24596029e+02   
    7.36000000e+04     1.84000000e+01     1.11805694e+03     3.05205770e+02     2.35496209e+02     1.27275304e+02   
    7.38000000e+04     1.84500000e+01     1.11805360e+03     3.02772409e+02     2.36933720e+02     1.29161343e+02   
    7.40000000e+04     1.85000000e+01     1.11802896e+03     3.01007069e+02     2.34912547e+02     1.25535495e+02   
    7.42000000e+04     1.85500000e+01     1.11802954e+03     3.02430052e+02     2.36851611e+02     1.28820589e+02   
    7.44000000e+04     1.86000000e+01     1.11801401e+03     3.04180170e+02     2.35019240e+02     1.24952085e+02   
    7.46000000e+04     1.86500000e+01     1.11801689e+03     3.00886668e+02     2.35659560e+02     1.26104327e+02   
    7.48000000e+04     1.87000000e+01     1.11802503e+03     3.03804080e+02     2.35997051e+02     1.28062610e+02   
    7.50000000e+04     1.87500000e+01     1.11803626e+03     3.00262055e+02     2.36414804e+02     1.27730160e+02   
    7.52000000e+04     1.88000000e+01     1.11803956e+03     3.03430597e+02     2.37363252e+02     1.28493775e+02   
    7.54000000e+04     1.88500000e+01     1.11803254e+03     3.01215281e+02     2.34745320e+02     1.26576276e+02   
    7.56000000e+04     1.89000000e+01     1.11803198e+03     2.98311014e+02     2.36235451e+02     1.29861201e+02   
    7.58000000e+04     1.89500000e+01     1.11802241e+03     2.99283467e+02     2.34767769e+02     1.27458133e+02   
    7.60000000e+04     1.90000000e+01     1.11804843e+03     3.02309550e+02     2.37834754e+02     1.29282618e+02   
    7.62000000e+04     1.90500000e+01     1.11805481e+03     3.03059452e+02     2.35186246e+02     1.26679336e+02   
    7.64000000e+04     1.91000000e+01     1.11805198e+03     2.99514835e+02     2.35745191e+02     1.26615649e+02   
    7.66000000e+04     1.91500000e+01     1.11805124e+03     3.03814865e+02     2.35888826e+02     1.26318000e+02   
    7.68000000e+04     1.92000000e+01     1.11804139e+03     3.02258583e+02     2.35838969e+02     1.25447378e+02   
    7.70000000e+04     1.92500000e+01     1.11804364e+03     3.02536116e+02     2.34953310e+02     1.25305670e+02   
    7.72000000e+04     1.93000000e+01     1.11803572e+03     3.05219438e+02     2.34345998e+02     1.23110019e+02   
    7.74000000e+04     1.93500000e+01     1.11805138e+03     3.02721185e+02     2.35957882e+02     1.26987047e+02   
    7.76000000e+04     1.94000000e+01     1.11803797e+03     2.98952661e+02     2.35444239e+02     1.26653984e+02   
    7.78000000e+04     1.94500000e+01     1.11804388e+03     3.02846634e+02     2.35901560e+02     1.29942242e+02   
    7.80000000e+04     1.95000000e+01     1.11804275e+03     3.03294321e+02     2.37909334e+02     1.30224461e+02   
    7.82000000e+04     1.95500000e+01     1.11805115e+03     2.99344349e+02     2.36207047e+02     1.29540513e+02   
    7.84000000e+04     1.96000000e+01     1.11806285e+03     3.00671531e+02     2.35815879e+02     1.28330466e+02   
    7.86000000e+04     1.96500000e+01     1.11807830e+03     3.01096591e+02     2.34400871e+02     1.26410155e+02   
    7.88000000e+04     1.97000000e+01     1.11810708e+03     3.01263235e+02     2.35008485e+02     1.28689933e+02   
    7.90000000e+04     1.97500000e+01     1.11811439e+03     3.03738862e+02     2.36222951e+02     1.27050380e+02   
    7.92000000e+04     1.98000000e+01     1.11812468e+03     2.99972586e+02     2.36265946e+02     1.28370526e+02   
    7.94000000e+04     1.98500000e+01     1.11812931e+03     3.02572030e+02     2.36226357e+02     1.26047865e+02   
    7.96000000e+04     1.99000000e+01     1.11813121e+03     3.03306359e+02     2.36963247e+02     1.27902692e+02   
    7.98000000e+04     1.99500000e+01     1.11812315e+03     3.02820466e+02     2.35561814e+02     1.26454550e+02   
    8.00000000e+04     2.00000000e+01     1.11813326e+03     3.00168284e+02     2.36203164e+02     1.28431175e+02   
