# column   1     --> step : The current simulation time step.
# column   2     --> time{picosecond} : The elapsed simulation time.
# column   3     --> conserved{electronvolt} : The value of the conserved energy quantity per bead.
# column   4     --> temperature{kelvin} : The current temperature, as obtained from the MD kinetic energy.
# column   5     --> kinetic_cv{electronvolt} : The centroid-virial quantum kinetic energy of the physical system.
# column   6     --> potential{electronvolt} : The physical system potential energy.
    0.00000000e+00     0.00000000e+00     1.11322866e+03     3.04273373e+02     2.35242448e+02     1.24329614e+02   
    2.00000000e+02     5.00000000e-02     1.11323049e+03     2.98966195e+02     2.36581127e+02     1.24180335e+02   
    4.00000000e+02     1.00000000e-01     1.11324286e+03     3.03002496e+02     2.35600603e+02     1.24981962e+02   
    6.00000000e+02     1.50000000e-01     1.11325057e+03     3.02360552e+02     2.35917767e+02     1.23518196e+02   
    8.00000000e+02     2.00000000e-01     1.11325456e+03     3.01111340e+02     2.35706550e+02     1.25675376e+02   
    1.00000000e+03     2.50000000e-01     1.11325385e+03     3.04623432e+02     2.35008190e+02     1.24168861e+02   
    1.20000000e+03     3.00000000e-01     1.11325725e+03     3.00149788e+02     2.36675833e+02     1.25482450e+02   
    1.40000000e+03     3.50000000e-01     1.11325092e+03     3.01622754e+02     2.35444102e+02     1.23046793e+02   
    1.60000000e+03     4.00000000e-01     1.11325722e+03     3.00050189e+02     2.35577706e+02     1.22912143e+02   
    1.80000000e+03     4.50000000e-01     1.11325447e+03     2.98781345e+02     2.36690356e+02     1.24664422e+02   
    2.00000000e+03     5.00000000e-01     1.11325268e+03     2.99032318e+02     2.36870708e+02     1.23641005e+02   
    2.20000000e+03     5.50000000e-01     1.11324191e+03     2.95115174e+02     2.35790424e+02     1.23213192e+02   
    2.40000000e+03     6.00000000e-01     1.11324850e+03     3.00220502e+02     2.36934726e+02     1.25113713e+02   
    2.60000000e+03     6.50000000e-01     1.11324373e+03     3.01585850e+02     2.35920203e+02     1.22152096e+02   
    2.80000000e+03     7.00000000e-01     1.11323418e+03     3.02264338e+02     2.35520689e+02     1.21176258e+02   
    3.00000000e+03     7.50000000e-01     1.11322841e+03     3.00273765e+02     2.35550783e+02     1.21458356e+02   
    3.20000000e+03     8.00000000e-01     1.11322903e+03     2.98899313e+02     2.36349959e+02     1.24019713e+02   
    3.40000000e+03     8.50000000e-01     1.11323204e+03     3.00279549e+02     2.36221863e+02     1.25929404e+02   
    3.60000000e+03     9.00000000e-01     1.11322796e+03     2.98736420e+02     2.35015258e+02     1.23384756e+02   
    3.80000000e+03     9.50000000e-01     1.11321536e+03     2.99795494e+02     2.35464962e+02     1.25795586e+02   
    4.00000000e+03     1.00000000e+00     1.11320448e+03     2.99587120e+02     2.35182666e+02     1.25743062e+02   
    4.20000000e+03     1.05000000e+00     1.11321328e+03     2.98181983e+02     2.37662222e+02     1.27207933e+02   
    4.40000000e+03     1.10000000e+00     1.11321091e+03     2.98198258e+02     2.35739551e+02     1.22681450e+02   
    4.60000000e+03     1.15000000e+00     1.11321780e+03     2.98466036e+02     2.37252940e+02     1.23180449e+02   
    4.80000000e+03     1.20000000e+00     1.11320683e+03     2.99437928e+02     2.37655500e+02     1.25128278e+02   
    5.00000000e+03     1.25000000e+00     1.11318787e+03     3.00139194e+02     2.34004162e+02     1.21762602e+02   
    5.20000000e+03     1.30000000e+00     1.11319906e+03     3.01475308e+02     2.35958021e+02     1.22426677e+02   
    5.40000000e+03     1.35000000e+00     1.11320494e+03     3.02324279e+02     2.36933837e+02     1.24674039e+02   
    5.60000000e+03     1.40000000e+00     1.11320221e+03     3.02115533e+02     2.37190358e+02     1.25339250e+02   
    5.80000000e+03     1.45000000e+00     1.11320245e+03     2.97609745e+02     2.36440416e+02     1.24494227e+02   
    6.00000000e+03     1.50000000e+00     1.11320707e+03     3.01208054e+02     2.36646121e+02     1.24750825e+02   
    6.20000000e+03     1.55000000e+00     1.11320397e+03     2.97473015e+02     2.36208820e+02     1.23472416e+02   
    6.40000000e+03     1.60000000e+00     1.11320491e+03     3.02539828e+02     2.36575235e+02     1.21652143e+02   
    6.60000000e+03     1.65000000e+00     1.11320120e+03     2.99774006e+02     2.36166921e+02     1.22674220e+02   
    6.80000000e+03     1.70000000e+00     1.11318276e+03     3.00968849e+02     2.37154282e+02     1.22661669e+02   
    7.00000000e+03     1.75000000e+00     1.11317798e+03     3.01870877e+02     2.35800366e+02     1.21202866e+02   
    7.20000000e+03     1.80000000e+00     1.11316183e+03     3.02252334e+02     2.34467163e+02     1.19908318e+02   
    7.40000000e+03     1.85000000e+00     1.11317732e+03     2.97916436e+02     2.37504122e+02     1.23996101e+02   
    7.60000000e+03     1.90000000e+00     1.11316092e+03     3.02255908e+02     2.34803343e+02     1.19993179e+02   
    7.80000000e+03     1.95000000e+00     1.11317379e+03     3.04159119e+02     2.35490498e+02     1.20016890e+02   
    8.00000000e+03     2.00000000e+00     1.11320453e+03     3.01561144e+02     2.36639980e+02     1.21889052e+02   
    8.20000000e+03     2.05000000e+00     1.11320693e+03     2.99607563e+02     2.35905255e+02     1.21554020e+02   
    8.40000000e+03     2.10000000e+00     1.11321983e+03     3.02294984e+02     2.36861093e+02     1.23221999e+02   
    8.60000000e+03     2.15000000e+00     1.11320759e+03     2.99335538e+02     2.35576576e+02     1.22371314e+02   
    8.80000000e+03     2.20000000e+00     1.11320833e+03     2.97460774e+02     2.35983219e+02     1.22804931e+02   
    9.00000000e+03     2.25000000e+00     1.11320672e+03     2.98803180e+02     2.35424773e+02     1.21692251e+02   
    9.20000000e+03     2.30000000e+00     1.11320835e+03     3.02709237e+02     2.36519324e+02     1.23904614e+02   
    9.40000000e+03     2.35000000e+00     1.11320346e+03     3.01485009e+02     2.35453326e+02     1.22400540e+02   
    9.60000000e+03     2.40000000e+00     1.11320637e+03     3.00664039e+02     2.36119329e+02     1.23680001e+02   
    9.80000000e+03     2.45000000e+00     1.11322274e+03     3.01897433e+02     2.36373963e+02     1.24700912e+02   
    1.00000000e+04     2.50000000e+00     1.11322002e+03     3.00338804e+02     2.34308604e+02     1.22875423e+02   
    1.02000000e+04     2.55000000e+00     1.11323053e+03     2.98874304e+02     2.36525477e+02     1.25913313e+02   
    1.04000000e+04     2.60000000e+00     1.11325218e+03     2.99097686e+02     2.37786118e+02     1.27092193e+02   
    1.06000000e+04     2.65000000e+00     1.11324313e+03     3.03433138e+02     2.35750024e+02     1.23600398e+02   
    1.08000000e+04     2.70000000e+00     1.11326271e+03     2.99114222e+02     2.38056963e+02     1.25369267e+02   
    1.10000000e+04     2.75000000e+00     1.11326214e+03     3.03333348e+02     2.37326930e+02     1.24996000e+02   
    1.12000000e+04     2.80000000e+00     1.11327123e+03     3.00279008e+02     2.37285780e+02     1.25940265e+02   
    1.14000000e+04     2.85000000e+00     1.11327021e+03     3.05555758e+02     2.36697101e+02     1.25071915e+02   
    1.16000000e+04     2.90000000e+00     1.11327852e+03     3.01596735e+02     2.37494553e+02     1.25847688e+02   
    1.18000000e+04     2.95000000e+00     1.11326773e+03     2.97758489e+02     2.36197977e+02     1.25805241e+02   
    1.20000000e+04     3.00000000e+00     1.11326507e+03     2.99819203e+02     2.34900854e+02     1.24563302e+02   
    1.22000000e+04     3.05000000e+00     1.11327034e+03     2.99226085e+02     2.35352604e+02     1.25258780e+02   
    1.24000000e+04     3.10000000e+00     1.11328968e+03     3.01720283e+02     2.36140430e+02     1.26322391e+02   
    1.26000000e+04     3.15000000e+00     1.11328170e+03     2.99946610e+02     2.35260664e+02     1.24113715e+02   
    1.28000000e+04     3.20000000e+00     1.11328248e+03     2.97855855e+02     2.36376746e+02     1.25068846e+02   
    1.30000000e+04     3.25000000e+00     1.11327633e+03     3.03991398e+02     2.35877940e+02     1.22192628e+02   
    1.32000000e+04     3.30000000e+00     1.11328095e+03     2.98803163e+02     2.36194253e+02     1.24746299e+02   
    1.34000000e+04     3.35000000e+00     1.11328729e+03     2.97822610e+02     2.36308557e+02     1.25059336e+02   
    1.36000000e+04     3.40000000e+00     1.11329713e+03     3.02719549e+02     2.34754940e+02     1.22921403e+02   
    1.38000000e+04     3.45000000e+00     1.11331245e+03     3.04758445e+02     2.35927672e+02     1.23829099e+02   
    1.40000000e+04     3.50000000e+00     1.11332250e+03     3.02423452e+02     2.37245706e+02     1.26127300e+02   
    1.42000000e+04     3.55000000e+00     1.11333297e+03     3.02170872e+02     2.35939044e+02     1.25462972e+02   
    1.44000000e+04     3.60000000e+00     1.11331699e+03     2.99657446e+02     2.33656794e+02     1.21430977e+02   
    1.46000000e+04     3.65000000e+00     1.11333416e+03     2.98807556e+02     2.36274010e+02     1.25575029e+02   
    1.48000000e+04     3.70000000e+00     1.11332272e+03     3.00039903e+02     2.36438111e+02     1.24799827e+02   
    1.50000000e+04     3.75000000e+00     1.11331670e+03     2.99553614e+02     2.37045875e+02     1.27529307e+02   
    1.52000000e+04     3.80000000e+00     1.11332146e+03     2.99840180e+02     2.36263351e+02     1.26235094e+02   
    1.54000000e+04     3.85000000e+00     1.11332742e+03     2.97990413e+02     2.37487367e+02     1.26994244e+02   
    1.56000000e+04     3.90000000e+00     1.11331784e+03     3.01868916e+02     2.35104494e+02     1.23425051e+02   
    1.58000000e+04     3.95000000e+00     1.11331883e+03     2.99852245e+02     2.36552745e+02     1.24429179e+02   
    1.60000000e+04     4.00000000e+00     1.11332045e+03     3.00787800e+02     2.36130648e+02     1.24340867e+02   
    1.62000000e+04     4.05000000e+00     1.11332205e+03     2.98224542e+02     2.36618934e+02     1.25483675e+02   
    1.64000000e+04     4.10000000e+00     1.11332570e+03     3.01486383e+02     2.37242144e+02     1.24934391e+02   
    1.66000000e+04     4.15000000e+00     1.11330295e+03     2.99763896e+02     2.34271257e+02     1.22087714e+02   
    1.68000000e+04     4.20000000e+00     1.11330800e+03     2.96864823e+02     2.36277023e+02     1.25697741e+02   
    1.70000000e+04     4.25000000e+00     1.11329063e+03     2.96071556e+02     2.35396037e+02     1.23643777e+02   
    1.72000000e+04     4.30000000e+00     1.11329833e+03     2.97467021e+02     2.37047965e+02     1.25219086e+02   
    1.74000000e+04     4.35000000e+00     1.11330623e+03     2.97946686e+02     2.35795790e+02     1.22355275e+02   
    1.76000000e+04     4.40000000e+00     1.11331000e+03     2.97313975e+02     2.37323827e+02     1.23578190e+02   
    1.78000000e+04     4.45000000e+00     1.11332103e+03     3.00046197e+02     2.37212960e+02     1.23509715e+02   
    1.80000000e+04     4.50000000e+00     1.11332478e+03     2.99450861e+02     2.35528987e+02     1.21652063e+02   
    1.82000000e+04     4.55000000e+00     1.11333921e+03     3.00366491e+02     2.35479069e+02     1.21748073e+02   
    1.84000000e+04     4.60000000e+00     1.11334140e+03     2.99984193e+02     2.33787889e+02     1.22436394e+02   
    1.86000000e+04     4.65000000e+00     1.11334270e+03     3.01663924e+02     2.36454835e+02     1.23687530e+02   
    1.88000000e+04     4.70000000e+00     1.11333860e+03     3.00623681e+02     2.36458968e+02     1.25505241e+02   
    1.90000000e+04     4.75000000e+00     1.11333574e+03     2.98668499e+02     2.36644735e+02     1.25156614e+02   
    1.92000000e+04     4.80000000e+00     1.11332192e+03     3.03044063e+02     2.34065814e+02     1.21625034e+02   
    1.94000000e+04     4.85000000e+00     1.11333351e+03     3.02045315e+02     2.38168041e+02     1.25453752e+02   
    1.96000000e+04     4.90000000e+00     1.11332622e+03     3.00809170e+02     2.36602704e+02     1.22789736e+02   
    1.98000000e+04     4.95000000e+00     1.11332987e+03     3.03283190e+02     2.35063871e+02     1.22162656e+02   
    2.00000000e+04     5.00000000e+00     1.11332445e+03     2.99837861e+02     2.36713086e+02     1.21323794e+02   
    2.02000000e+04     5.05000000e+00     1.11331968e+03     3.01034377e+02     2.37167675e+02     1.22532368e+02   
    2.04000000e+04     5.10000000e+00     1.11331054e+03     3.02389401e+02     2.38155220e+02     1.23492053e+02   
    2.06000000e+04     5.15000000e+00     1.11329151e+03     3.00578785e+02     2.36132509e+02     1.21834129e+02   
    2.08000000e+04     5.20000000e+00     1.11328890e+03     3.02462307e+02     2.37628074e+02     1.23384066e+02   
    2.10000000e+04     5.25000000e+00     1.11328718e+03     2.98977678e+02     2.37547504e+02     1.22321552e+02   
    2.12000000e+04     5.30000000e+00     1.11326705e+03     2.98893343e+02     2.35440943e+02     1.21098312e+02   
    2.14000000e+04     5.35000000e+00     1.11326092e+03     3.00705305e+02     2.36639382e+02     1.22292712e+02   
    2.16000000e+04     5.40000000e+00     1.11326704e+03     3.00414557e+02     2.36107903e+02     1.23099202e+02   
    2.18000000e+04     5.45000000e+00     1.11327062e+03     2.99568243e+02     2.35722708e+02     1.20989845e+02   
    2.20000000e+04     5.50000000e+00     1.11328372e+03     2.99971546e+02     2.34766813e+02     1.20827060e+02   
    2.22000000e+04     5.55000000e+00     1.11329335e+03     3.00316810e+02     2.36364097e+02     1.22870561e+02   
    2.24000000e+04     5.60000000e+00     1.11330650e+03     2.96082110e+02     2.35112246e+02     1.22291511e+02   
    2.26000000e+04     5.65000000e+00     1.11331641e+03     2.96676241e+02     2.35447557e+02     1.20048558e+02   
    2.28000000e+04     5.70000000e+00     1.11334168e+03     2.98895594e+02     2.38796198e+02     1.25527807e+02   
    2.30000000e+04     5.75000000e+00     1.11333051e+03     3.03206644e+02     2.36262142e+02     1.23624343e+02   
    2.32000000e+04     5.80000000e+00     1.11333360e+03     2.99035370e+02     2.38372506e+02     1.25396530e+02   
    2.34000000e+04     5.85000000e+00     1.11332346e+03     3.00769683e+02     2.34527358e+02     1.19727423e+02   
    2.36000000e+04     5.90000000e+00     1.11332253e+03     3.03687684e+02     2.35734151e+02     1.20504092e+02   
    2.38000000e+04     5.95000000e+00     1.11331996e+03     2.98285436e+02     2.36094421e+02     1.22343659e+02   
    2.40000000e+04     6.00000000e+00     1.11332010e+03     3.03649154e+02     2.35978978e+02     1.21304999e+02   
    2.42000000e+04     6.05000000e+00     1.11332299e+03     3.01179911e+02     2.36955521e+02     1.22197998e+02   
    2.44000000e+04     6.10000000e+00     1.11332318e+03     3.01565429e+02     2.35766700e+02     1.22844580e+02   
    2.46000000e+04     6.15000000e+00     1.11332060e+03     2.99886775e+02     2.37925514e+02     1.25397375e+02   
    2.48000000e+04     6.20000000e+00     1.11332011e+03     2.98842430e+02     2.36829814e+02     1.24983490e+02   
    2.50000000e+04     6.25000000e+00     1.11333083e+03     3.00536672e+02     2.36636852e+02     1.24080505e+02   
    2.52000000e+04     6.30000000e+00     1.11330687e+03     2.98964421e+02     2.34792525e+02     1.21962546e+02   
    2.54000000e+04     6.35000000e+00     1.11329699e+03     2.97161272e+02     2.35398055e+02     1.22445838e+02   
    2.56000000e+04     6.40000000e+00     1.11328801e+03     3.01614011e+02     2.34694844e+02     1.22879085e+02   
    2.58000000e+04     6.45000000e+00     1.11329754e+03     2.98691546e+02     2.35418436e+02     1.24281127e+02   
    2.60000000e+04     6.50000000e+00     1.11331476e+03     3.01208470e+02     2.37307351e+02     1.25897992e+02   
    2.62000000e+04     6.55000000e+00     1.11331043e+03     2.98984186e+02     2.36679742e+02     1.25961767e+02   
    2.64000000e+04     6.60000000e+00     1.11330659e+03     2.98785722e+02     2.35721143e+02     1.24751763e+02   
    2.66000000e+04     6.65000000e+00     1.11330428e+03     2.98793609e+02     2.37370530e+02     1.27148942e+02   
    2.68000000e+04     6.70000000e+00     1.11330633e+03     3.03582686e+02     2.37482948e+02     1.27073017e+02   
    2.70000000e+04     6.75000000e+00     1.11329621e+03     2.99008588e+02     2.35821502e+02     1.26553451e+02   
    2.72000000e+04     6.80000000e+00     1.11329877e+03     2.98568123e+02     2.35574019e+02     1.27025773e+02   
    2.74000000e+04     6.85000000e+00     1.11331749e+03     2.97555893e+02     2.37013153e+02     1.26964746e+02   
    2.76000000e+04     6.90000000e+00     1.11331604e+03     2.99643916e+02     2.36236322e+02     1.25098962e+02   
    2.78000000e+04     6.95000000e+00     1.11331240e+03     2.99275651e+02     2.37784836e+02     1.26559584e+02   
    2.80000000e+04     7.00000000e+00     1.11330582e+03     2.99846820e+02     2.36570334e+02     1.26598275e+02   
    2.82000000e+04     7.05000000e+00     1.11330775e+03     2.95275822e+02     2.35974156e+02     1.26367229e+02   
    2.84000000e+04     7.10000000e+00     1.11331080e+03     2.98913832e+02     2.35237723e+02     1.24772296e+02   
    2.86000000e+04     7.15000000e+00     1.11330753e+03     3.01972438e+02     2.37207725e+02     1.27118252e+02   
    2.88000000e+04     7.20000000e+00     1.11330490e+03     3.00798362e+02     2.36615812e+02     1.27667532e+02   
    2.90000000e+04     7.25000000e+00     1.11328792e+03     2.99384218e+02     2.34345290e+02     1.23702491e+02   
    2.92000000e+04     7.30000000e+00     1.11330265e+03     2.98785859e+02     2.36667569e+02     1.28285822e+02   
    2.94000000e+04     7.35000000e+00     1.11329462e+03     3.01004603e+02     2.34973583e+02     1.24918918e+02   
    2.96000000e+04     7.40000000e+00     1.11330000e+03     2.99712717e+02     2.37128962e+02     1.28533520e+02   
    2.98000000e+04     7.45000000e+00     1.11329252e+03     3.00802339e+02     2.36621760e+02     1.24708062e+02   
    3.00000000e+04     7.50000000e+00     1.11330199e+03     3.01365030e+02     2.37223383e+02     1.25903982e+02   
    3.02000000e+04     7.55000000e+00     1.11331323e+03     3.02590332e+02     2.37411660e+02     1.24842335e+02   
    3.04000000e+04     7.60000000e+00     1.11331033e+03     3.01184365e+02     2.34836308e+02     1.22367518e+02   
    3.06000000e+04     7.65000000e+00     1.11331839e+03     2.99579823e+02     2.36674376e+02     1.24213117e+02   
    3.08000000e+04     7.70000000e+00     1.11332888e+03     3.01695462e+02     2.36439322e+02     1.23016106e+02   
    3.10000000e+04     7.75000000e+00     1.11333867e+03     3.01703858e+02     2.38098828e+02     1.25007321e+02   
    3.12000000e+04     7.80000000e+00     1.11334728e+03     2.99633919e+02     2.36974924e+02     1.25336072e+02   
    3.14000000e+04     7.85000000e+00     1.11335942e+03     2.98278204e+02     2.36751585e+02     1.25956338e+02   
    3.16000000e+04     7.90000000e+00     1.11335252e+03     3.03278631e+02     2.35942154e+02     1.24607919e+02   
    3.18000000e+04     7.95000000e+00     1.11334743e+03     3.02544292e+02     2.37716315e+02     1.25356022e+02   
    3.20000000e+04     8.00000000e+00     1.11334406e+03     3.02448924e+02     2.37315150e+02     1.25905750e+02   
    3.22000000e+04     8.05000000e+00     1.11334338e+03     3.01740186e+02     2.37087653e+02     1.22741247e+02   
    3.24000000e+04     8.10000000e+00     1.11332736e+03     3.01327439e+02     2.36204026e+02     1.23725255e+02   
    3.26000000e+04     8.15000000e+00     1.11332071e+03     3.00701798e+02     2.36728200e+02     1.23994246e+02   
    3.28000000e+04     8.20000000e+00     1.11332279e+03     3.02688966e+02     2.36015793e+02     1.25871602e+02   
    3.30000000e+04     8.25000000e+00     1.11332899e+03     3.01493645e+02     2.36289633e+02     1.25649409e+02   
    3.32000000e+04     8.30000000e+00     1.11334034e+03     3.00546089e+02     2.38078750e+02     1.25243394e+02   
    3.34000000e+04     8.35000000e+00     1.11334230e+03     3.00636677e+02     2.36620604e+02     1.26254500e+02   
    3.36000000e+04     8.40000000e+00     1.11334919e+03     2.98529995e+02     2.36692473e+02     1.25388277e+02   
    3.38000000e+04     8.45000000e+00     1.11336496e+03     2.99471674e+02     2.36096278e+02     1.24251203e+02   
    3.40000000e+04     8.50000000e+00     1.11337851e+03     3.00600113e+02     2.36503964e+02     1.24914320e+02   
    3.42000000e+04     8.55000000e+00     1.11337821e+03     3.00545734e+02     2.35390091e+02     1.23160624e+02   
    3.44000000e+04     8.60000000e+00     1.11338551e+03     2.99611257e+02     2.35757114e+02     1.23860849e+02   
    3.46000000e+04     8.65000000e+00     1.11338135e+03     3.00891348e+02     2.35405025e+02     1.23237606e+02   
    3.48000000e+04     8.70000000e+00     1.11337487e+03     3.00006928e+02     2.35028579e+02     1.22015368e+02   
    3.50000000e+04     8.75000000e+00     1.11340406e+03     3.00053283e+02     2.37816308e+02     1.25615176e+02   
    3.52000000e+04     8.80000000e+00     1.11341136e+03     3.01906877e+02     2.35615414e+02     1.22558973e+02   
    3.54000000e+04     8.85000000e+00     1.11341749e+03     2.99990304e+02     2.34762794e+02     1.21617549e+02   
    3.56000000e+04     8.90000000e+00     1.11343352e+03     2.99954493e+02     2.37243573e+02     1.24141364e+02   
    3.58000000e+04     8.95000000e+00     1.11340608e+03     3.03181699e+02     2.34331690e+02     1.20736971e+02   
    3.60000000e+04     9.00000000e+00     1.11341512e+03     3.02681068e+02     2.36476075e+02     1.22859881e+02   
    3.62000000e+04     9.05000000e+00     1.11342661e+03     3.02177674e+02     2.38855915e+02     1.24594416e+02   
    3.64000000e+04     9.10000000e+00     1.11341671e+03     3.02223750e+02     2.38019358e+02     1.23383017e+02   
    3.66000000e+04     9.15000000e+00     1.11342766e+03     3.01480392e+02     2.37332810e+02     1.24334949e+02   
    3.68000000e+04     9.20000000e+00     1.11343958e+03     3.01321755e+02     2.37698455e+02     1.23843001e+02   
    3.70000000e+04     9.25000000e+00     1.11346069e+03     3.00089048e+02     2.36746442e+02     1.24570050e+02   
    3.72000000e+04     9.30000000e+00     1.11346713e+03     3.01906188e+02     2.35084680e+02     1.21991917e+02   
    3.74000000e+04     9.35000000e+00     1.11348863e+03     3.05682426e+02     2.36587970e+02     1.23790758e+02   
    3.76000000e+04     9.40000000e+00     1.11348507e+03     3.01054107e+02     2.37952318e+02     1.23568426e+02   
    3.78000000e+04     9.45000000e+00     1.11346640e+03     2.98384292e+02     2.35743511e+02     1.22955515e+02   
    3.80000000e+04     9.50000000e+00     1.11344612e+03     3.03629486e+02     2.35429436e+02     1.21799896e+02   
    3.82000000e+04     9.55000000e+00     1.11344598e+03     2.99935323e+02     2.37757308e+02     1.25619943e+02   
    3.84000000e+04     9.60000000e+00     1.11343468e+03     2.99548727e+02     2.37258102e+02     1.25209755e+02   
    3.86000000e+04     9.65000000e+00     1.11341710e+03     3.01151719e+02     2.34350398e+02     1.21854100e+02   
    3.88000000e+04     9.70000000e+00     1.11343214e+03     3.01649465e+02     2.37380411e+02     1.24870876e+02   
    3.90000000e+04     9.75000000e+00     1.11343709e+03     3.04343817e+02     2.36573449e+02     1.22852539e+02   
    3.92000000e+04     9.80000000e+00     1.11343987e+03     2.99382265e+02     2.35465979e+02     1.21930860e+02   
    3.94000000e+04     9.85000000e+00     1.11343903e+03     3.00884313e+02     2.34279491e+02     1.21147971e+02   
    3.96000000e+04     9.90000000e+00     1.11344002e+03     3.02802746e+02     2.35057834e+02     1.21961529e+02   
    3.98000000e+04     9.95000000e+00     1.11344070e+03     2.99754560e+02     2.36410536e+02     1.22847398e+02   
    4.00000000e+04     1.00000000e+01     1.11345357e+03     3.00129877e+02     2.37811298e+02     1.26312661e+02   
    4.02000000e+04     1.00500000e+01     1.11344110e+03     3.01546968e+02     2.36413585e+02     1.23146035e+02   
    4.04000000e+04     1.01000000e+01     1.11345640e+03     3.01025264e+02     2.36622675e+02     1.24588343e+02   
    4.06000000e+04     1.01500000e+01     1.11345807e+03     3.00556378e+02     2.36996815e+02     1.23348586e+02   
    4.08000000e+04     1.02000000e+01     1.11344498e+03     2.98714206e+02     2.35366767e+02     1.24046185e+02   
    4.10000000e+04     1.02500000e+01     1.11343453e+03     3.01906878e+02     2.36295309e+02     1.23477283e+02   
    4.12000000e+04     1.03000000e+01     1.11343282e+03     3.00856470e+02     2.36660372e+02     1.25292492e+02   
    4.14000000e+04     1.03500000e+01     1.11341501e+03     2.99822065e+02     2.34483898e+02     1.21142905e+02   
    4.16000000e+04     1.04000000e+01     1.11340080e+03     2.99537616e+02     2.35900594e+02     1.22780063e+02   
    4.18000000e+04     1.04500000e+01     1.11340272e+03     2.98829941e+02     2.36744846e+02     1.24612105e+02   
    4.20000000e+04     1.05000000e+01     1.11340253e+03     2.99656595e+02     2.36341627e+02     1.23247201e+02   
    4.22000000e+04     1.05500000e+01     1.11341643e+03     3.01772567e+02     2.36133975e+02     1.25184166e+02   
    4.24000000e+04     1.06000000e+01     1.11340473e+03     3.01336090e+02     2.34924118e+02     1.21342909e+02   
    4.26000000e+04     1.06500000e+01     1.11342110e+03     3.02442696e+02     2.36300643e+02     1.24683052e+02   
    4.28000000e+04     1.07000000e+01     1.11344190e+03     2.99719906e+02     2.36968943e+02     1.25409616e+02   
    4.30000000e+04     1.07500000e+01     1.11344594e+03     2.95401125e+02     2.36801472e+02     1.24915028e+02   
    4.32000000e+04     1.08000000e+01     1.11344790e+03     3.00571248e+02     2.36984835e+02     1.25134404e+02   
    4.34000000e+04     1.08500000e+01     1.11343786e+03     3.01031171e+02     2.35774348e+02     1.23949600e+02   
    4.36000000e+04     1.09000000e+01     1.11343488e+03     3.00999116e+02     2.35798108e+02     1.24053044e+02   
    4.38000000e+04     1.09500000e+01     1.11344346e+03     2.98327791e+02     2.35456478e+02     1.22810649e+02   
    4.40000000e+04     1.10000000e+01     1.11345674e+03     2.99505769e+02     2.35385092e+02     1.24970966e+02   
    4.42000000e+04     1.10500000e+01     1.11345118e+03     3.02132117e+02     2.36092152e+02     1.23740077e+02   
    4.44000000e+04     1.11000000e+01     1.11345003e+03     3.01271399e+02     2.35387844e+02     1.25052698e+02   
    4.46000000e+04     1.11500000e+01     1.11346077e+03     3.00560414e+02     2.36526506e+02     1.24997661e+02   
    4.48000000e+04     1.12000000e+01     1.11346342e+03     2.99013953e+02     2.35971042e+02     1.24091414e+02   
    4.50000000e+04     1.12500000e+01     1.11345918e+03     2.98184058e+02     2.33749546e+02     1.22007199e+02   
    4.52000000e+04     1.13000000e+01     1.11346177e+03     3.02274317e+02     2.36134976e+02     1.23795322e+02   
    4.54000000e+04     1.13500000e+01     1.11346259e+03     3.00016330e+02     2.37338444e+02     1.27065382e+02   
    4.56000000e+04     1.14000000e+01     1.11345515e+03     3.00809460e+02     2.34019343e+02     1.21833344e+02   
    4.58000000e+04     1.14500000e+01     1.11347731e+03     2.99704567e+02     2.36397963e+02     1.25954045e+02   
    4.60000000e+04     1.15000000e+01     1.11348129e+03     2.98974605e+02     2.34952552e+02     1.24242480e+02   
    4.62000000e+04     1.15500000e+01     1.11348627e+03     2.97359413e+02     2.33751524e+02     1.23185263e+02   
    4.64000000e+04     1.16000000e+01     1.11348444e+03     3.01660747e+02     2.34720843e+02     1.23592076e+02   
    4.66000000e+04     1.16500000e+01     1.11349558e+03     3.03264689e+02     2.36400645e+02     1.25138663e+02   
    4.68000000e+04     1.17000000e+01     1.11350150e+03     3.01619763e+02     2.35048146e+02     1.22560339e+02   
    4.70000000e+04     1.17500000e+01     1.11351416e+03     2.97461954e+02     2.34918977e+02     1.23341703e+02   
    4.72000000e+04     1.18000000e+01     1.11351586e+03     2.99304669e+02     2.35783768e+02     1.23899242e+02   
    4.74000000e+04     1.18500000e+01     1.11351136e+03     3.01527702e+02     2.36119920e+02     1.23094411e+02   
    4.76000000e+04     1.19000000e+01     1.11350429e+03     3.01341133e+02     2.36660731e+02     1.23931205e+02   
    4.78000000e+04     1.19500000e+01     1.11350889e+03     3.02607538e+02     2.36885244e+02     1.24411506e+02   
    4.80000000e+04     1.20000000e+01     1.11350783e+03     3.00742463e+02     2.36710010e+02     1.24415060e+02   
    4.82000000e+04     1.20500000e+01     1.11351474e+03     3.00864789e+02     2.35880545e+02     1.24809611e+02   
    4.84000000e+04     1.21000000e+01     1.11351341e+03     2.96393395e+02     2.36163203e+02     1.23265300e+02   
    4.86000000e+04     1.21500000e+01     1.11352178e+03     3.00934803e+02     2.36659579e+02     1.22780911e+02   
    4.88000000e+04     1.22000000e+01     1.11351781e+03     3.03664189e+02     2.35515605e+02     1.22744105e+02   
    4.90000000e+04     1.22500000e+01     1.11352898e+03     3.01159378e+02     2.37521147e+02     1.25163122e+02   
    4.92000000e+04     1.23000000e+01     1.11354306e+03     2.98532085e+02     2.38314368e+02     1.25667989e+02   
    4.94000000e+04     1.23500000e+01     1.11354688e+03     3.00141146e+02     2.35290774e+02     1.22842926e+02   
    4.96000000e+04     1.24000000e+01     1.11355482e+03     3.00507044e+02     2.36699914e+02     1.24620167e+02   
    4.98000000e+04     1.24500000e+01     1.11354698e+03     2.97060967e+02     2.35834570e+02     1.24811591e+02   
    5.00000000e+04     1.25000000e+01     1.11354429e+03     2.98908227e+02     2.35576636e+02     1.23167751e+02   
    5.02000000e+04     1.25500000e+01     1.11353139e+03     2.98876228e+02     2.35146362e+02     1.23537410e+02   
    5.04000000e+04     1.26000000e+01     1.11353887e+03     3.01240538e+02     2.37611581e+02     1.25961467e+02   
    5.06000000e+04     1.26500000e+01     1.11353468e+03     2.97261255e+02     2.36810926e+02     1.25178773e+02   
    5.08000000e+04     1.27000000e+01     1.11354405e+03     3.00855856e+02     2.37094069e+02     1.25207953e+02   
    5.10000000e+04     1.27500000e+01     1.11354852e+03     2.99384059e+02     2.37298623e+02     1.26224922e+02   
    5.12000000e+04     1.28000000e+01     1.11354837e+03     2.99064303e+02     2.35355901e+02     1.23936871e+02   
    5.14000000e+04     1.28500000e+01     1.11355247e+03     2.99705116e+02     2.37244291e+02     1.25390338e+02   
    5.16000000e+04     1.29000000e+01     1.11356590e+03     3.02165208e+02     2.39174011e+02     1.27723834e+02   
    5.18000000e+04     1.29500000e+01     1.11353650e+03     3.00537006e+02     2.35422070e+02     1.23104803e+02   
    5.20000000e+04     1.30000000e+01     1.11354982e+03     3.00838983e+02     2.37346852e+02     1.25711746e+02   
    5.22000000e+04     1.30500000e+01     1.11354932e+03     2.99390692e+02     2.37208695e+02     1.26426994e+02   
    5.24000000e+04     1.31000000e+01     1.11355233e+03     2.98720144e+02     2.36812421e+02     1.26764947e+02   
    5.26000000e+04     1.31500000e+01     1.11356027e+03     2.97664612e+02     2.38368671e+02     1.25911325e+02   
    5.28000000e+04     1.32000000e+01     1.11354970e+03     3.02265627e+02     2.36072215e+02     1.23481879e+02   
    5.30000000e+04     1.32500000e+01     1.11354297e+03     3.00830730e+02     2.35484372e+02     1.23597447e+02   
    5.32000000e+04     1.33000000e+01     1.11353495e+03     3.02376736e+02     2.34704556e+02     1.23312075e+02   
    5.34000000e+04     1.33500000e+01     1.11354242e+03     3.01289758e+02     2.36571056e+02     1.23376199e+02   
    5.36000000e+04     1.34000000e+01     1.11354199e+03     3.02759723e+02     2.37726652e+02     1.24158618e+02   
    5.38000000e+04     1.34500000e+01     1.11355785e+03     3.01324070e+02     2.38587222e+02     1.25016655e+02   
    5.40000000e+04     1.35000000e+01     1.11356014e+03     3.00268554e+02     2.38459190e+02     1.24877483e+02   
    5.42000000e+04     1.35500000e+01     1.11356613e+03     3.02998520e+02     2.35679377e+02     1.23272326e+02   
    5.44000000e+04     1.36000000e+01     1.11357580e+03     3.00549110e+02     2.35884663e+02     1.22279880e+02   
    5.46000000e+04     1.36500000e+01     1.11359343e+03     3.00313335e+02     2.37299738e+02     1.26093051e+02   
    5.48000000e+04     1.37000000e+01     1.11357847e+03     3.02663312e+02     2.35115056e+02     1.23356461e+02   
    5.50000000e+04     1.37500000e+01     1.11358215e+03     3.01665190e+02     2.34569112e+02     1.24987798e+02   
    5.52000000e+04     1.38000000e+01     1.11358641e+03     2.97852987e+02     2.36020642e+02     1.24889901e+02   
    5.54000000e+04     1.38500000e+01     1.11359541e+03     3.00920402e+02     2.36821316e+02     1.25765580e+02   
    5.56000000e+04     1.39000000e+01     1.11359819e+03     3.02257281e+02     2.34983325e+02     1.25568902e+02   
    5.58000000e+04     1.39500000e+01     1.11359908e+03     3.02269274e+02     2.36204226e+02     1.24895917e+02   
    5.60000000e+04     1.40000000e+01     1.11360648e+03     2.99156101e+02     2.35168530e+02     1.25357871e+02   
    5.62000000e+04     1.40500000e+01     1.11360009e+03     3.00526733e+02     2.37752208e+02     1.27736362e+02   
    5.64000000e+04     1.41000000e+01     1.11359771e+03     3.01054735e+02     2.36810218e+02     1.28522406e+02   
    5.66000000e+04     1.41500000e+01     1.11361150e+03     3.02125462e+02     2.37586336e+02     1.27965083e+02   
    5.68000000e+04     1.42000000e+01     1.11362267e+03     3.01938767e+02     2.37271651e+02     1.28362453e+02   
    5.70000000e+04     1.42500000e+01     1.11361396e+03     3.02814142e+02     2.36028793e+02     1.26802997e+02   
    5.72000000e+04     1.43000000e+01     1.11362233e+03     3.01013588e+02     2.35677724e+02     1.26978337e+02   
    5.74000000e+04     1.43500000e+01     1.11360623e+03     3.01010007e+02     2.36728034e+02     1.25729274e+02   
    5.76000000e+04     1.44000000e+01     1.11362307e+03     2.99992563e+02     2.36236397e+02     1.24360472e+02   
    5.78000000e+04     1.44500000e+01     1.11362836e+03     3.02860467e+02     2.39145455e+02     1.26788338e+02   
    5.80000000e+04     1.45000000e+01     1.11361016e+03     3.01662413e+02     2.34735524e+02     1.22554840e+02   
    5.82000000e+04     1.45500000e+01     1.11361620e+03     3.03463262e+02     2.36219828e+02     1.24738127e+02   
    5.84000000e+04     1.46000000e+01     1.11361333e+03     3.00943081e+02     2.36453831e+02     1.23292032e+02   
    5.86000000e+04     1.46500000e+01     1.11361318e+03     3.00759006e+02     2.35479410e+02     1.22543373e+02   
    5.88000000e+04     1.47000000e+01     1.11360507e+03     3.03932652e+02     2.34356547e+02     1.21535193e+02   
    5.90000000e+04     1.47500000e+01     1.11361265e+03     3.01112560e+02     2.36711562e+02     1.24168463e+02   
    5.92000000e+04     1.48000000e+01     1.11361710e+03     3.02769094e+02     2.37383567e+02     1.23146025e+02   
    5.94000000e+04     1.48500000e+01     1.11361286e+03     3.03560892e+02     2.35705455e+02     1.23152384e+02   
    5.96000000e+04     1.49000000e+01     1.11360744e+03     3.00812984e+02     2.35332805e+02     1.21792189e+02   
    5.98000000e+04     1.49500000e+01     1.11361698e+03     3.00431891e+02     2.38215885e+02     1.27820477e+02   
    6.00000000e+04     1.50000000e+01     1.11360267e+03     3.00779891e+02     2.36899599e+02     1.25785775e+02   
    6.02000000e+04     1.50500000e+01     1.11358920e+03     2.99654280e+02     2.35686201e+02     1.23066975e+02   
    6.04000000e+04     1.51000000e+01     1.11358692e+03     3.00555923e+02     2.35778910e+02     1.23825150e+02   
    6.06000000e+04     1.51500000e+01     1.11357202e+03     2.99018437e+02     2.35700849e+02     1.23933402e+02   
    6.08000000e+04     1.52000000e+01     1.11356519e+03     2.98781797e+02     2.35381784e+02     1.23559930e+02   
    6.10000000e+04     1.52500000e+01     1.11357121e+03     2.99932829e+02     2.37329768e+02     1.25250815e+02   
    6.12000000e+04     1.53000000e+01     1.11357933e+03     3.02313502e+02     2.34967410e+02     1.23181260e+02   
    6.14000000e+04     1.53500000e+01     1.11358367e+03     2.99368358e+02     2.37143197e+02     1.24362321e+02   
    6.16000000e+04     1.54000000e+01     1.11359365e+03     2.97920003e+02     2.36354169e+02     1.26564025e+02   
    6.18000000e+04     1.54500000e+01     1.11359387e+03     3.01055713e+02     2.34803255e+02     1.23726098e+02   
    6.20000000e+04     1.55000000e+01     1.11360378e+03     3.00790671e+02     2.35707198e+02     1.26018939e+02   
    6.22000000e+04     1.55500000e+01     1.11360275e+03     3.03183807e+02     2.38112344e+02     1.26536079e+02   
    6.24000000e+04     1.56000000e+01     1.11359203e+03     3.00261758e+02     2.35617975e+02     1.25346595e+02   
    6.26000000e+04     1.56500000e+01     1.11357517e+03     2.99343371e+02     2.34237964e+02     1.23163789e+02   
    6.28000000e+04     1.57000000e+01     1.11359491e+03     3.00209766e+02     2.36170279e+02     1.25675311e+02   
    6.30000000e+04     1.57500000e+01     1.11359608e+03     2.97596155e+02     2.36099505e+02     1.26771878e+02   
    6.32000000e+04     1.58000000e+01     1.11358359e+03     2.98382632e+02     2.34040203e+02     1.25915371e+02   
    6.34000000e+04     1.58500000e+01     1.11358173e+03     2.97777389e+02     2.35558802e+02     1.27408555e+02   
    6.36000000e+04     1.59000000e+01     1.11357438e+03     2.99050661e+02     2.36289564e+02     1.26830867e+02   
    6.38000000e+04     1.59500000e+01     1.11356918e+03     3.00612540e+02     2.37244970e+02     1.26337105e+02   
    6.40000000e+04     1.60000000e+01     1.11356616e+03     3.01674709e+02     2.35355969e+02     1.25669515e+02   
    6.42000000e+04     1.60500000e+01     1.11358691e+03     2.97586101e+02     2.36913572e+02     1.27257441e+02   
    6.44000000e+04     1.61000000e+01     1.11359150e+03     3.02110501e+02     2.37033651e+02     1.27252255e+02   
    6.46000000e+04     1.61500000e+01     1.11360014e+03     3.01853084e+02     2.35741982e+02     1.23706075e+02   
    6.48000000e+04     1.62000000e+01     1.11362039e+03     3.01236590e+02     2.36074368e+02     1.26455575e+02   
    6.50000000e+04     1.62500000e+01     1.11362284e+03     3.01894889e+02     2.35174934e+02     1.25527418e+02   
    6.52000000e+04     1.63000000e+01     1.11362497e+03     2.99252019e+02     2.37991595e+02     1.28646682e+02   
    6.54000000e+04     1.63500000e+01     1.11361088e+03     3.00379969e+02     2.36356122e+02     1.25152148e+02   
    6.56000000e+04     1.64000000e+01     1.11360202e+03     2.97425555e+02     2.35550445e+02     1.23995530e+02   
    6.58000000e+04     1.64500000e+01     1.11360251e+03     3.01939966e+02     2.36982268e+02     1.24934654e+02   
    6.60000000e+04     1.65000000e+01     1.11360675e+03     2.98073271e+02     2.37724155e+02     1.25641320e+02   
    6.62000000e+04     1.65500000e+01     1.11360575e+03     3.01862514e+02     2.38111687e+02     1.26608872e+02   
    6.64000000e+04     1.66000000e+01     1.11360814e+03     3.01398594e+02     2.37079223e+02     1.24577722e+02   
    6.66000000e+04     1.66500000e+01     1.11362857e+03     3.02951603e+02     2.37305664e+02     1.24384861e+02   
    6.68000000e+04     1.67000000e+01     1.11362717e+03     3.00354859e+02     2.35760283e+02     1.21999590e+02   
    6.70000000e+04     1.67500000e+01     1.11363407e+03     2.98528608e+02     2.36092328e+02     1.23497858e+02   
    6.72000000e+04     1.68000000e+01     1.11363246e+03     2.99668450e+02     2.36678788e+02     1.22898767e+02   
    6.74000000e+04     1.68500000e+01     1.11361041e+03     3.01709878e+02     2.33997646e+02     1.20592586e+02   
    6.76000000e+04     1.69000000e+01     1.11360693e+03     3.00186732e+02     2.36106310e+02     1.25165444e+02   
    6.78000000e+04     1.69500000e+01     1.11359765e+03     3.00969963e+02     2.35693148e+02     1.24581112e+02   
    6.80000000e+04     1.70000000e+01     1.11357792e+03     3.01605229e+02     2.34832555e+02     1.22124143e+02   
    6.82000000e+04     1.70500000e+01     1.11358374e+03     2.98744411e+02     2.35081462e+02     1.23496369e+02   
    6.84000000e+04     1.71000000e+01     1.11359082e+03     3.01234312e+02     2.35659691e+02     1.23996190e+02   
    6.86000000e+04     1.71500000e+01     1.11359846e+03     2.99706112e+02     2.36810009e+02     1.25514920e+02   
    6.88000000e+04     1.72000000e+01     1.11360234e+03     3.01433916e+02     2.36392570e+02     1.24571284e+02   
    6.90000000e+04     1.72500000e+01     1.11359875e+03     3.03847508e+02     2.35067516e+02     1.23297282e+02   
    6.92000000e+04     1.73000000e+01     1.11361361e+03     2.99541964e+02     2.37706498e+02     1.27472278e+02   
    6.94000000e+04     1.73500000e+01     1.11360951e+03     2.98130621e+02     2.36581368e+02     1.24381243e+02   
    6.96000000e+04     1.74000000e+01     1.11361828e+03     3.00478317e+02     2.38208688e+02     1.26623949e+02   
    6.98000000e+04     1.74500000e+01     1.11361736e+03     2.98424694e+02     2.35196259e+02     1.23898072e+02   
    7.00000000e+04     1.75000000e+01     1.11361108e+03     3.00740350e+02     2.34702645e+02     1.22785239e+02   
    7.02000000e+04     1.75500000e+01     1.11362827e+03     2.99323545e+02     2.37471897e+02     1.26045355e+02   
    7.04000000e+04     1.76000000e+01     1.11363469e+03     3.00822447e+02     2.35449453e+02     1.23146961e+02   
    7.06000000e+04     1.76500000e+01     1.11364403e+03     3.00404761e+02     2.36518467e+02     1.25408220e+02   
    7.08000000e+04     1.77000000e+01     1.11364178e+03     3.02537669e+02     2.33622516e+02     1.21078345e+02   
    7.10000000e+04     1.77500000e+01     1.11365543e+03     2.98991797e+02     2.35445948e+02     1.22437613e+02   
    7.12000000e+04     1.78000000e+01     1.11365269e+03     3.03107885e+02     2.36820608e+02     1.23736256e+02   
    7.14000000e+04     1.78500000e+01     1.11365036e+03     3.01377808e+02     2.34588936e+02     1.22808381e+02   
    7.16000000e+04     1.79000000e+01     1.11365992e+03     3.03827186e+02     2.37854974e+02     1.26123493e+02   
    7.18000000e+04     1.79500000e+01     1.11366378e+03     2.99587472e+02     2.37349515e+02     1.25759798e+02   
    7.20000000e+04     1.80000000e+01     1.11366350e+03     3.00313284e+02     2.36232238e+02     1.25343306e+02   
    7.22000000e+04     1.80500000e+01     1.11366702e+03     2.98529925e+02     2.36907351e+02     1.26089623e+02   
    7.24000000e+04     1.81000000e+01     1.11367490e+03     3.00354650e+02     2.36484170e+02     1.25685318e+02   
    7.26000000e+04     1.81500000e+01     1.11369079e+03     2.97819823e+02     2.36966404e+02     1.27868339e+02   
    7.28000000e+04     1.82000000e+01     1.11368499e+03     3.00050165e+02     2.36666174e+02     1.26659210e+02   
    7.30000000e+04     1.82500000e+01     1.11367415e+03     3.00738096e+02     2.34518319e+02     1.25364299e+02   
    7.32000000e+04     1.83000000e+01     1.11369123e+03     2.99122613e+02     2.35865864e+02     1.26119587e+02   
    7.34000000e+04     1.83500000e+01     1.11368994e+03     2.99319637e+02     2.34227351e+02     1.24094983e+02   
    7.36000000e+04     1.84000000e+01     1.11369053e+03     3.03764128e+02     2.35285850e+02     1.25888067e+02   
    7.38000000e+04     1.84500000e+01     1.11368618e+03     3.01813337e+02     2.36446169e+02     1.26449621e+02   
    7.40000000e+04     1.85000000e+01     1.11366690e+03     2.98437109e+02     2.34897917e+02     1.24740798e+02   
    7.42000000e+04     1.85500000e+01     1.11365926e+03     3.02510202e+02     2.36711268e+02     1.25358732e+02   
    7.44000000e+04     1.86000000e+01     1.11365546e+03     3.03575645e+02     2.35278090e+02     1.24502183e+02   
    7.46000000e+04     1.86500000e+01     1.11366116e+03     2.99699798e+02     2.36511539e+02     1.25434861e+02   
    7.48000000e+04     1.87000000e+01     1.11367149e+03     3.01490904e+02     2.37631093e+02     1.25994800e+02   
    7.50000000e+04     1.87500000e+01     1.11366522e+03     2.98840752e+02     2.37173724e+02     1.25601466e+02   
    7.52000000e+04     1.88000000e+01     1.11365781e+03     3.02286514e+02     2.36150260e+02     1.23770004e+02   
    7.54000000e+04     1.88500000e+01     1.11365318e+03     3.01023198e+02     2.34329173e+02     1.22883101e+02   
    7.56000000e+04     1.89000000e+01     1.11365869e+03     2.98993616e+02     2.35423777e+02     1.24753202e+02   
    7.58000000e+04     1.89500000e+01     1.11365346e+03     3.00663015e+02     2.34264035e+02     1.22305396e+02   
    7.60000000e+04     1.90000000e+01     1.11367201e+03     3.01794718e+02     2.37170035e+02     1.26247326e+02   
    7.62000000e+04     1.90500000e+01     1.11368132e+03     3.02008539e+02     2.35705264e+02     1.25105933e+02   
    7.64000000e+04     1.91000000e+01     1.11367334e+03     2.99803174e+02     2.35267742e+02     1.22335219e+02   
    7.66000000e+04     1.91500000e+01     1.11367894e+03     3.03264554e+02     2.35934665e+02     1.23924552e+02   
    7.68000000e+04     1.92000000e+01     1.11368137e+03     3.01785149e+02     2.37865783e+02     1.23880120e+02   
    7.70000000e+04     1.92500000e+01     1.11366526e+03     3.00797617e+02     2.34075121e+02     1.22109760e+02   
    7.72000000e+04     1.93000000e+01     1.11366664e+03     3.05463328e+02     2.34251073e+02     1.19990076e+02   
    7.74000000e+04     1.93500000e+01     1.11367808e+03     3.01483300e+02     2.35966736e+02     1.23940105e+02   
    7.76000000e+04     1.94000000e+01     1.11369251e+03     2.97784779e+02     2.36740865e+02     1.26214980e+02   
    7.78000000e+04     1.94500000e+01     1.11370187e+03     3.00960801e+02     2.36517217e+02     1.27802251e+02   
    7.80000000e+04     1.95000000e+01     1.11371036e+03     3.00631567e+02     2.36716024e+02     1.26694450e+02   
    7.82000000e+04     1.95500000e+01     1.11370572e+03     2.98928020e+02     2.35502192e+02     1.27335768e+02   
    7.84000000e+04     1.96000000e+01     1.11370873e+03     3.00462276e+02     2.36596627e+02     1.27750351e+02   
    7.86000000e+04     1.96500000e+01     1.11371138e+03     2.98994573e+02     2.37560518e+02     1.28798055e+02   
    7.88000000e+04     1.97000000e+01     1.11371515e+03     3.01059678e+02     2.35651575e+02     1.27120568e+02   
    7.90000000e+04     1.97500000e+01     1.11370293e+03     3.02059405e+02     2.36654251e+02     1.26356102e+02   
    7.92000000e+04     1.98000000e+01     1.11368892e+03     2.97347703e+02     2.36254149e+02     1.24772605e+02   
    7.94000000e+04     1.98500000e+01     1.11367024e+03     3.01789822e+02     2.35672108e+02     1.22167464e+02   
    7.96000000e+04     1.99000000e+01     1.11367101e+03     3.02045572e+02     2.36470341e+02     1.22192769e+02   
    7.98000000e+04     1.99500000e+01     1.11366492e+03     3.03187105e+02     2.35866726e+02     1.22318846e+02   
    8.00000000e+04     2.00000000e+01     1.11366890e+03     2.98738555e+02     2.36287314e+02     1.23848921e+02   
