# column   1     --> step : The current simulation time step.
# column   2     --> time{picosecond} : The elapsed simulation time.
# column   3     --> conserved{electronvolt} : The value of the conserved energy quantity per bead.
# column   4     --> temperature{kelvin} : The current temperature, as obtained from the MD kinetic energy.
# column   5     --> kinetic_cv{electronvolt} : The centroid-virial quantum kinetic energy of the physical system.
# column   6     --> potential{electronvolt} : The physical system potential energy.
    0.00000000e+00     0.00000000e+00     1.11531210e+03     3.04273373e+02     2.36203160e+02     1.28431149e+02   
    2.00000000e+02     5.00000000e-02     1.11530350e+03     3.00018169e+02     2.36700516e+02     1.25769126e+02   
    4.00000000e+02     1.00000000e-01     1.11531134e+03     3.03615694e+02     2.38066784e+02     1.27340432e+02   
    6.00000000e+02     1.50000000e-01     1.11529418e+03     3.02103066e+02     2.32053724e+02     1.21226210e+02   
    8.00000000e+02     2.00000000e-01     1.11530904e+03     3.02154428e+02     2.36115842e+02     1.26495336e+02   
    1.00000000e+03     2.50000000e-01     1.11530077e+03     3.04552200e+02     2.34852453e+02     1.24818143e+02   
    1.20000000e+03     3.00000000e-01     1.11529122e+03     2.99623597e+02     2.36439348e+02     1.26786343e+02   
    1.40000000e+03     3.50000000e-01     1.11527711e+03     3.02395046e+02     2.35319025e+02     1.23384098e+02   
    1.60000000e+03     4.00000000e-01     1.11528520e+03     3.00158163e+02     2.35654235e+02     1.24060848e+02   
    1.80000000e+03     4.50000000e-01     1.11529094e+03     2.99664507e+02     2.34852799e+02     1.24481580e+02   
    2.00000000e+03     5.00000000e-01     1.11530823e+03     3.00280113e+02     2.36364005e+02     1.25657749e+02   
    2.20000000e+03     5.50000000e-01     1.11531348e+03     2.95291896e+02     2.36767296e+02     1.27349928e+02   
    2.40000000e+03     6.00000000e-01     1.11530484e+03     3.02390539e+02     2.36814769e+02     1.24855740e+02   
    2.60000000e+03     6.50000000e-01     1.11530908e+03     3.01310056e+02     2.38124991e+02     1.25488105e+02   
    2.80000000e+03     7.00000000e-01     1.11530267e+03     3.04397370e+02     2.35618530e+02     1.24664739e+02   
    3.00000000e+03     7.50000000e-01     1.11531894e+03     2.98449251e+02     2.36416180e+02     1.27286954e+02   
    3.20000000e+03     8.00000000e-01     1.11532562e+03     2.99042503e+02     2.36577415e+02     1.28526114e+02   
    3.40000000e+03     8.50000000e-01     1.11534003e+03     3.02507448e+02     2.37080406e+02     1.28598082e+02   
    3.60000000e+03     9.00000000e-01     1.11532343e+03     3.01126274e+02     2.34928443e+02     1.25765903e+02   
    3.80000000e+03     9.50000000e-01     1.11532861e+03     3.02644535e+02     2.35592938e+02     1.27598102e+02   
    4.00000000e+03     1.00000000e+00     1.11531991e+03     3.00886871e+02     2.35220394e+02     1.27202694e+02   
    4.20000000e+03     1.05000000e+00     1.11531564e+03     3.01380809e+02     2.34835177e+02     1.26704386e+02   
    4.40000000e+03     1.10000000e+00     1.11531726e+03     2.98425901e+02     2.35792756e+02     1.27202157e+02   
    4.60000000e+03     1.15000000e+00     1.11531810e+03     3.00974805e+02     2.36725351e+02     1.28684265e+02   
    4.80000000e+03     1.20000000e+00     1.11530265e+03     3.03638228e+02     2.36316915e+02     1.27734366e+02   
    5.00000000e+03     1.25000000e+00     1.11529886e+03     3.01150638e+02     2.34677625e+02     1.28051533e+02   
    5.20000000e+03     1.30000000e+00     1.11530011e+03     3.03635752e+02     2.36558262e+02     1.28322792e+02   
    5.40000000e+03     1.35000000e+00     1.11530770e+03     3.04672027e+02     2.37624889e+02     1.28609364e+02   
    5.60000000e+03     1.40000000e+00     1.11530526e+03     3.04284228e+02     2.37404321e+02     1.28015138e+02   
    5.80000000e+03     1.45000000e+00     1.11530783e+03     3.01019940e+02     2.36215645e+02     1.27296085e+02   
    6.00000000e+03     1.50000000e+00     1.11531061e+03     3.02828448e+02     2.37220954e+02     1.29360363e+02   
    6.20000000e+03     1.55000000e+00     1.11532145e+03     2.98887449e+02     2.35633309e+02     1.28366430e+02   
    6.40000000e+03     1.60000000e+00     1.11531538e+03     3.02423478e+02     2.38064581e+02     1.30674781e+02   
    6.60000000e+03     1.65000000e+00     1.11531277e+03     3.00849011e+02     2.36302328e+02     1.27653439e+02   
    6.80000000e+03     1.70000000e+00     1.11529295e+03     3.03385292e+02     2.36432760e+02     1.26226518e+02   
    7.00000000e+03     1.75000000e+00     1.11528479e+03     3.02920177e+02     2.35695648e+02     1.24454723e+02   
    7.20000000e+03     1.80000000e+00     1.11528621e+03     3.04279290e+02     2.35988373e+02     1.24810046e+02   
    7.40000000e+03     1.85000000e+00     1.11529375e+03     2.99663666e+02     2.37729813e+02     1.27378812e+02   
    7.60000000e+03     1.90000000e+00     1.11528495e+03     3.06105557e+02     2.33652053e+02     1.21487596e+02   
    7.80000000e+03     1.95000000e+00     1.11529894e+03     3.05759863e+02     2.37873470e+02     1.26704412e+02   
    8.00000000e+03     2.00000000e+00     1.11528832e+03     3.03473574e+02     2.34825761e+02     1.23139117e+02   
    8.20000000e+03     2.05000000e+00     1.11529954e+03     3.00949233e+02     2.36180365e+02     1.24968970e+02   
    8.40000000e+03     2.10000000e+00     1.11529888e+03     3.05936651e+02     2.36026817e+02     1.24369259e+02   
    8.60000000e+03     2.15000000e+00     1.11529672e+03     3.00763413e+02     2.35077594e+02     1.23439215e+02   
    8.80000000e+03     2.20000000e+00     1.11529054e+03     3.01159644e+02     2.36209226e+02     1.23538500e+02   
    9.00000000e+03     2.25000000e+00     1.11527693e+03     3.01700451e+02     2.36002839e+02     1.25789386e+02   
    9.20000000e+03     2.30000000e+00     1.11527661e+03     3.05312576e+02     2.36875773e+02     1.25098482e+02   
    9.40000000e+03     2.35000000e+00     1.11526517e+03     3.03078536e+02     2.36561294e+02     1.26364875e+02   
    9.60000000e+03     2.40000000e+00     1.11527517e+03     3.01440754e+02     2.37718679e+02     1.27452349e+02   
    9.80000000e+03     2.45000000e+00     1.11527293e+03     3.03983179e+02     2.35115533e+02     1.25128375e+02   
    1.00000000e+04     2.50000000e+00     1.11527524e+03     3.02735324e+02     2.33557742e+02     1.24638094e+02   
    1.02000000e+04     2.55000000e+00     1.11529005e+03     2.98072635e+02     2.38514555e+02     1.29605539e+02   
    1.04000000e+04     2.60000000e+00     1.11529184e+03     2.98748873e+02     2.36115536e+02     1.29682951e+02   
    1.06000000e+04     2.65000000e+00     1.11528806e+03     3.03243867e+02     2.36306394e+02     1.29481109e+02   
    1.08000000e+04     2.70000000e+00     1.11528546e+03     2.96580279e+02     2.37495787e+02     1.30249877e+02   
    1.10000000e+04     2.75000000e+00     1.11528231e+03     3.02793755e+02     2.37394496e+02     1.29969924e+02   
    1.12000000e+04     2.80000000e+00     1.11528959e+03     3.01321535e+02     2.36720462e+02     1.29722986e+02   
    1.14000000e+04     2.85000000e+00     1.11530068e+03     3.06328636e+02     2.36243204e+02     1.28806085e+02   
    1.16000000e+04     2.90000000e+00     1.11531448e+03     3.02511545e+02     2.34921916e+02     1.29767567e+02   
    1.18000000e+04     2.95000000e+00     1.11532505e+03     2.97680622e+02     2.37430743e+02     1.31332596e+02   
    1.20000000e+04     3.00000000e+00     1.11531830e+03     3.00646162e+02     2.35572668e+02     1.29091771e+02   
    1.22000000e+04     3.05000000e+00     1.11531403e+03     3.00159024e+02     2.35603779e+02     1.26882649e+02   
    1.24000000e+04     3.10000000e+00     1.11531149e+03     3.02860472e+02     2.33904628e+02     1.27990119e+02   
    1.26000000e+04     3.15000000e+00     1.11531875e+03     3.01084766e+02     2.36891949e+02     1.28502810e+02   
    1.28000000e+04     3.20000000e+00     1.11532340e+03     2.97442060e+02     2.36154497e+02     1.28219553e+02   
    1.30000000e+04     3.25000000e+00     1.11532009e+03     3.02053421e+02     2.35956554e+02     1.25100515e+02   
    1.32000000e+04     3.30000000e+00     1.11531540e+03     3.00065594e+02     2.35651214e+02     1.25103508e+02   
    1.34000000e+04     3.35000000e+00     1.11532897e+03     2.97760185e+02     2.36080375e+02     1.28490075e+02   
    1.36000000e+04     3.40000000e+00     1.11533167e+03     3.02748608e+02     2.36551100e+02     1.27619428e+02   
    1.38000000e+04     3.45000000e+00     1.11534576e+03     3.03312781e+02     2.38280916e+02     1.29872971e+02   
    1.40000000e+04     3.50000000e+00     1.11532860e+03     3.04671535e+02     2.35727548e+02     1.24270881e+02   
    1.42000000e+04     3.55000000e+00     1.11533888e+03     3.02894547e+02     2.35953855e+02     1.26692440e+02   
    1.44000000e+04     3.60000000e+00     1.11531549e+03     3.00753755e+02     2.33347490e+02     1.24118017e+02   
    1.46000000e+04     3.65000000e+00     1.11532503e+03     3.00738016e+02     2.37278731e+02     1.29030613e+02   
    1.48000000e+04     3.70000000e+00     1.11531549e+03     3.01475766e+02     2.36345025e+02     1.26930697e+02   
    1.50000000e+04     3.75000000e+00     1.11532260e+03     3.03705293e+02     2.37054409e+02     1.28560527e+02   
    1.52000000e+04     3.80000000e+00     1.11533580e+03     3.01390576e+02     2.37923119e+02     1.29689265e+02   
    1.54000000e+04     3.85000000e+00     1.11533130e+03     3.01183825e+02     2.35664526e+02     1.27644998e+02   
    1.56000000e+04     3.90000000e+00     1.11533897e+03     3.04756203e+02     2.34253035e+02     1.24695013e+02   
    1.58000000e+04     3.95000000e+00     1.11536558e+03     3.00486492e+02     2.36756290e+02     1.29154857e+02   
    1.60000000e+04     4.00000000e+00     1.11536451e+03     3.03304938e+02     2.36163738e+02     1.24973052e+02   
    1.62000000e+04     4.05000000e+00     1.11537988e+03     3.00394344e+02     2.36135493e+02     1.27628007e+02   
    1.64000000e+04     4.10000000e+00     1.11537463e+03     3.04190150e+02     2.37003986e+02     1.25878760e+02   
    1.66000000e+04     4.15000000e+00     1.11536360e+03     2.99958292e+02     2.34745874e+02     1.26400838e+02   
    1.68000000e+04     4.20000000e+00     1.11536611e+03     3.00907150e+02     2.34596085e+02     1.26727495e+02   
    1.70000000e+04     4.25000000e+00     1.11536187e+03     2.99704166e+02     2.35362718e+02     1.25096094e+02   
    1.72000000e+04     4.30000000e+00     1.11537541e+03     3.00469916e+02     2.37663232e+02     1.27644512e+02   
    1.74000000e+04     4.35000000e+00     1.11536212e+03     3.00985071e+02     2.34420777e+02     1.22208053e+02   
    1.76000000e+04     4.40000000e+00     1.11536774e+03     3.00189016e+02     2.36405645e+02     1.27149072e+02   
    1.78000000e+04     4.45000000e+00     1.11537696e+03     3.02305313e+02     2.36737089e+02     1.25997835e+02   
    1.80000000e+04     4.50000000e+00     1.11536640e+03     3.02238834e+02     2.34126233e+02     1.24439054e+02   
    1.82000000e+04     4.55000000e+00     1.11537597e+03     3.02750288e+02     2.36890264e+02     1.24694546e+02   
    1.84000000e+04     4.60000000e+00     1.11537934e+03     3.03809767e+02     2.33849929e+02     1.23589530e+02   
    1.86000000e+04     4.65000000e+00     1.11537744e+03     3.03396007e+02     2.34646550e+02     1.25106140e+02   
    1.88000000e+04     4.70000000e+00     1.11537389e+03     3.04843146e+02     2.37233700e+02     1.26651184e+02   
    1.90000000e+04     4.75000000e+00     1.11537176e+03     3.03178320e+02     2.36699687e+02     1.25853874e+02   
    1.92000000e+04     4.80000000e+00     1.11534985e+03     3.05594418e+02     2.34671501e+02     1.22873452e+02   
    1.94000000e+04     4.85000000e+00     1.11536645e+03     3.04609911e+02     2.37021801e+02     1.26039354e+02   
    1.96000000e+04     4.90000000e+00     1.11536595e+03     3.05195208e+02     2.35984850e+02     1.25499454e+02   
    1.98000000e+04     4.95000000e+00     1.11537303e+03     3.06926026e+02     2.37351413e+02     1.26642405e+02   
    2.00000000e+04     5.00000000e+00     1.11536876e+03     3.02763666e+02     2.35612932e+02     1.27263936e+02   
    2.02000000e+04     5.05000000e+00     1.11536845e+03     3.03883712e+02     2.36812572e+02     1.27789287e+02   
    2.04000000e+04     5.10000000e+00     1.11537109e+03     3.04676620e+02     2.38882407e+02     1.29953798e+02   
    2.06000000e+04     5.15000000e+00     1.11537135e+03     3.02828544e+02     2.36152382e+02     1.27779604e+02   
    2.08000000e+04     5.20000000e+00     1.11538760e+03     3.04846771e+02     2.36561037e+02     1.30239793e+02   
    2.10000000e+04     5.25000000e+00     1.11538194e+03     3.01202412e+02     2.36161996e+02     1.28910299e+02   
    2.12000000e+04     5.30000000e+00     1.11536759e+03     3.01136799e+02     2.34130789e+02     1.26383616e+02   
    2.14000000e+04     5.35000000e+00     1.11535179e+03     3.04143547e+02     2.35817357e+02     1.26730295e+02   
    2.16000000e+04     5.40000000e+00     1.11536565e+03     3.02282258e+02     2.36291097e+02     1.26900653e+02   
    2.18000000e+04     5.45000000e+00     1.11536561e+03     2.99634594e+02     2.36782324e+02     1.27167246e+02   
    2.20000000e+04     5.50000000e+00     1.11536846e+03     3.02685501e+02     2.35822659e+02     1.25415552e+02   
    2.22000000e+04     5.55000000e+00     1.11537141e+03     3.03458439e+02     2.35442701e+02     1.24385501e+02   
    2.24000000e+04     5.60000000e+00     1.11538227e+03     3.00191756e+02     2.34798939e+02     1.23948797e+02   
    2.26000000e+04     5.65000000e+00     1.11539747e+03     3.00066046e+02     2.37023784e+02     1.25490649e+02   
    2.28000000e+04     5.70000000e+00     1.11539965e+03     3.01613801e+02     2.36225997e+02     1.25954812e+02   
    2.30000000e+04     5.75000000e+00     1.11540465e+03     3.04973677e+02     2.37619695e+02     1.28244474e+02   
    2.32000000e+04     5.80000000e+00     1.11538689e+03     3.03051528e+02     2.36228652e+02     1.27520012e+02   
    2.34000000e+04     5.85000000e+00     1.11538437e+03     3.01381214e+02     2.36481416e+02     1.29038747e+02   
    2.36000000e+04     5.90000000e+00     1.11537223e+03     3.04907639e+02     2.35004820e+02     1.24420591e+02   
    2.38000000e+04     5.95000000e+00     1.11538041e+03     3.00115461e+02     2.35549500e+02     1.25931563e+02   
    2.40000000e+04     6.00000000e+00     1.11537609e+03     3.04574854e+02     2.36363628e+02     1.27638425e+02   
    2.42000000e+04     6.05000000e+00     1.11538505e+03     3.01725679e+02     2.36460478e+02     1.28477726e+02   
    2.44000000e+04     6.10000000e+00     1.11537671e+03     3.03620771e+02     2.35259529e+02     1.25595351e+02   
    2.46000000e+04     6.15000000e+00     1.11538215e+03     3.02518051e+02     2.38301067e+02     1.27996781e+02   
    2.48000000e+04     6.20000000e+00     1.11536797e+03     3.02773284e+02     2.36341393e+02     1.26234532e+02   
    2.50000000e+04     6.25000000e+00     1.11536990e+03     3.02092945e+02     2.35677864e+02     1.25714510e+02   
    2.52000000e+04     6.30000000e+00     1.11536590e+03     3.00842444e+02     2.35770832e+02     1.24862347e+02   
    2.54000000e+04     6.35000000e+00     1.11536037e+03     2.99492500e+02     2.36708117e+02     1.27176813e+02   
    2.56000000e+04     6.40000000e+00     1.11534299e+03     3.04048844e+02     2.35807231e+02     1.25125821e+02   
    2.58000000e+04     6.45000000e+00     1.11533830e+03     3.01692431e+02     2.34846579e+02     1.23853597e+02   
    2.60000000e+04     6.50000000e+00     1.11535786e+03     3.04019475e+02     2.38252164e+02     1.26922632e+02   
    2.62000000e+04     6.55000000e+00     1.11535715e+03     3.02858929e+02     2.37070155e+02     1.26602853e+02   
    2.64000000e+04     6.60000000e+00     1.11535489e+03     3.02125377e+02     2.36267351e+02     1.24964638e+02   
    2.66000000e+04     6.65000000e+00     1.11536541e+03     3.02593534e+02     2.36933627e+02     1.26254651e+02   
    2.68000000e+04     6.70000000e+00     1.11536773e+03     3.06816968e+02     2.35982694e+02     1.24788273e+02   
    2.70000000e+04     6.75000000e+00     1.11537223e+03     3.01073642e+02     2.36026220e+02     1.27510764e+02   
    2.72000000e+04     6.80000000e+00     1.11536632e+03     3.00545876e+02     2.34571031e+02     1.25580656e+02   
    2.74000000e+04     6.85000000e+00     1.11537570e+03     3.00756402e+02     2.35342799e+02     1.27160123e+02   
    2.76000000e+04     6.90000000e+00     1.11538925e+03     3.00454126e+02     2.38019961e+02     1.29404481e+02   
    2.78000000e+04     6.95000000e+00     1.11539035e+03     3.01110945e+02     2.37094711e+02     1.28353818e+02   
    2.80000000e+04     7.00000000e+00     1.11538441e+03     3.02001792e+02     2.36121627e+02     1.27857024e+02   
    2.82000000e+04     7.05000000e+00     1.11539501e+03     2.95960675e+02     2.37278777e+02     1.29533840e+02   
    2.84000000e+04     7.10000000e+00     1.11540045e+03     2.98690408e+02     2.35928891e+02     1.28697946e+02   
    2.86000000e+04     7.15000000e+00     1.11541493e+03     3.04058761e+02     2.36439763e+02     1.28604687e+02   
    2.88000000e+04     7.20000000e+00     1.11542058e+03     3.02730505e+02     2.36494535e+02     1.28483264e+02   
    2.90000000e+04     7.25000000e+00     1.11542159e+03     3.01044214e+02     2.35871112e+02     1.26769829e+02   
    2.92000000e+04     7.30000000e+00     1.11543503e+03     3.00220981e+02     2.36184062e+02     1.28208065e+02   
    2.94000000e+04     7.35000000e+00     1.11545414e+03     2.99533191e+02     2.37122129e+02     1.28571802e+02   
    2.96000000e+04     7.40000000e+00     1.11546093e+03     3.01662372e+02     2.37155509e+02     1.29980721e+02   
    2.98000000e+04     7.45000000e+00     1.11545438e+03     3.03412789e+02     2.36095066e+02     1.24667490e+02   
    3.00000000e+04     7.50000000e+00     1.11546894e+03     3.01301394e+02     2.36237946e+02     1.29098032e+02   
    3.02000000e+04     7.55000000e+00     1.11546763e+03     3.04888920e+02     2.35997153e+02     1.25437769e+02   
    3.04000000e+04     7.60000000e+00     1.11548605e+03     3.00993561e+02     2.36109371e+02     1.27740294e+02   
    3.06000000e+04     7.65000000e+00     1.11548132e+03     3.00953331e+02     2.35747688e+02     1.24493954e+02   
    3.08000000e+04     7.70000000e+00     1.11548051e+03     3.04953653e+02     2.35986720e+02     1.26471902e+02   
    3.10000000e+04     7.75000000e+00     1.11547591e+03     3.03859799e+02     2.37489977e+02     1.25410829e+02   
    3.12000000e+04     7.80000000e+00     1.11548172e+03     3.01470503e+02     2.35302461e+02     1.26108260e+02   
    3.14000000e+04     7.85000000e+00     1.11548698e+03     2.99554736e+02     2.37022444e+02     1.27998333e+02   
    3.16000000e+04     7.90000000e+00     1.11548439e+03     3.02684086e+02     2.36245516e+02     1.29215837e+02   
    3.18000000e+04     7.95000000e+00     1.11547160e+03     3.02015240e+02     2.36049514e+02     1.26523998e+02   
    3.20000000e+04     8.00000000e+00     1.11547339e+03     3.04816051e+02     2.37012969e+02     1.26429729e+02   
    3.22000000e+04     8.05000000e+00     1.11546987e+03     3.01143335e+02     2.37992213e+02     1.27235282e+02   
    3.24000000e+04     8.10000000e+00     1.11545766e+03     3.01334124e+02     2.36566300e+02     1.27937045e+02   
    3.26000000e+04     8.15000000e+00     1.11545388e+03     3.00797922e+02     2.37033195e+02     1.27854862e+02   
    3.28000000e+04     8.20000000e+00     1.11545054e+03     3.03979772e+02     2.36750386e+02     1.27624462e+02   
    3.30000000e+04     8.25000000e+00     1.11543590e+03     3.00534045e+02     2.35496233e+02     1.27563705e+02   
    3.32000000e+04     8.30000000e+00     1.11543012e+03     3.00078074e+02     2.35216147e+02     1.28514857e+02   
    3.34000000e+04     8.35000000e+00     1.11544685e+03     3.00488238e+02     2.36424576e+02     1.30304914e+02   
    3.36000000e+04     8.40000000e+00     1.11544291e+03     2.95748491e+02     2.35771578e+02     1.27904579e+02   
    3.38000000e+04     8.45000000e+00     1.11545223e+03     2.97381184e+02     2.35378841e+02     1.29560220e+02   
    3.40000000e+04     8.50000000e+00     1.11546410e+03     3.00548444e+02     2.37049845e+02     1.30218522e+02   
    3.42000000e+04     8.55000000e+00     1.11546647e+03     2.99184271e+02     2.34590808e+02     1.28439014e+02   
    3.44000000e+04     8.60000000e+00     1.11548368e+03     3.00131099e+02     2.37090370e+02     1.29812466e+02   
    3.46000000e+04     8.65000000e+00     1.11547661e+03     3.00464559e+02     2.34564737e+02     1.28458467e+02   
    3.48000000e+04     8.70000000e+00     1.11547787e+03     2.98638749e+02     2.35487194e+02     1.30499030e+02   
    3.50000000e+04     8.75000000e+00     1.11548507e+03     3.00399983e+02     2.37469019e+02     1.30355287e+02   
    3.52000000e+04     8.80000000e+00     1.11547506e+03     3.01347991e+02     2.34707163e+02     1.26939060e+02   
    3.54000000e+04     8.85000000e+00     1.11547907e+03     3.00807020e+02     2.35973934e+02     1.28176465e+02   
    3.56000000e+04     8.90000000e+00     1.11549536e+03     2.99166927e+02     2.38638054e+02     1.31362225e+02   
    3.58000000e+04     8.95000000e+00     1.11548996e+03     3.01067853e+02     2.35615280e+02     1.29991828e+02   
    3.60000000e+04     9.00000000e+00     1.11548738e+03     3.00691013e+02     2.38029003e+02     1.30056406e+02   
    3.62000000e+04     9.05000000e+00     1.11549151e+03     3.03931412e+02     2.36050042e+02     1.28424942e+02   
    3.64000000e+04     9.10000000e+00     1.11549212e+03     3.03724618e+02     2.37120156e+02     1.27389393e+02   
    3.66000000e+04     9.15000000e+00     1.11550403e+03     3.02328639e+02     2.37541047e+02     1.31314761e+02   
    3.68000000e+04     9.20000000e+00     1.11550350e+03     3.02085723e+02     2.37615475e+02     1.28843716e+02   
    3.70000000e+04     9.25000000e+00     1.11549072e+03     2.99940703e+02     2.36095040e+02     1.28268545e+02   
    3.72000000e+04     9.30000000e+00     1.11547694e+03     3.03495887e+02     2.34331046e+02     1.24422076e+02   
    3.74000000e+04     9.35000000e+00     1.11549384e+03     3.04242507e+02     2.35916262e+02     1.28996858e+02   
    3.76000000e+04     9.40000000e+00     1.11547326e+03     3.03734726e+02     2.35251835e+02     1.26934236e+02   
    3.78000000e+04     9.45000000e+00     1.11546952e+03     2.99033783e+02     2.35700090e+02     1.28410183e+02   
    3.80000000e+04     9.50000000e+00     1.11545648e+03     3.02488078e+02     2.35024932e+02     1.27593300e+02   
    3.82000000e+04     9.55000000e+00     1.11546960e+03     3.00712353e+02     2.37225624e+02     1.27328560e+02   
    3.84000000e+04     9.60000000e+00     1.11546029e+03     3.01114709e+02     2.35912537e+02     1.26771340e+02   
    3.86000000e+04     9.65000000e+00     1.11545943e+03     3.01285988e+02     2.35163815e+02     1.25246044e+02   
    3.88000000e+04     9.70000000e+00     1.11547831e+03     3.01075410e+02     2.36790441e+02     1.28169844e+02   
    3.90000000e+04     9.75000000e+00     1.11547903e+03     3.04850560e+02     2.35571561e+02     1.24439006e+02   
    3.92000000e+04     9.80000000e+00     1.11548858e+03     2.98988216e+02     2.35811014e+02     1.26653211e+02   
    3.94000000e+04     9.85000000e+00     1.11548944e+03     3.01039474e+02     2.35610725e+02     1.24560870e+02   
    3.96000000e+04     9.90000000e+00     1.11549820e+03     3.02979624e+02     2.36563628e+02     1.26960415e+02   
    3.98000000e+04     9.95000000e+00     1.11548006e+03     3.00421934e+02     2.34727918e+02     1.23708906e+02   
    4.00000000e+04     1.00000000e+01     1.11550025e+03     2.99759988e+02     2.36812640e+02     1.30046733e+02   
    4.02000000e+04     1.00500000e+01     1.11548417e+03     3.02230142e+02     2.36641127e+02     1.26916531e+02   
    4.04000000e+04     1.01000000e+01     1.11549395e+03     2.99562440e+02     2.36161936e+02     1.27150764e+02   
    4.06000000e+04     1.01500000e+01     1.11550683e+03     3.00025139e+02     2.38749362e+02     1.29208684e+02   
    4.08000000e+04     1.02000000e+01     1.11549552e+03     2.98615672e+02     2.34992939e+02     1.26890074e+02   
    4.10000000e+04     1.02500000e+01     1.11548438e+03     3.02975426e+02     2.35168425e+02     1.26696036e+02   
    4.12000000e+04     1.03000000e+01     1.11547443e+03     3.01092778e+02     2.36341525e+02     1.28314138e+02   
    4.14000000e+04     1.03500000e+01     1.11544093e+03     3.01180987e+02     2.33705550e+02     1.22317796e+02   
    4.16000000e+04     1.04000000e+01     1.11543696e+03     3.00191654e+02     2.36018235e+02     1.26067259e+02   
    4.18000000e+04     1.04500000e+01     1.11542879e+03     3.02468310e+02     2.37482396e+02     1.25772531e+02   
    4.20000000e+04     1.05000000e+01     1.11543022e+03     3.00837351e+02     2.35941341e+02     1.26727446e+02   
    4.22000000e+04     1.05500000e+01     1.11543496e+03     3.04408290e+02     2.35766491e+02     1.25619590e+02   
    4.24000000e+04     1.06000000e+01     1.11543250e+03     3.03604400e+02     2.37106277e+02     1.25269563e+02   
    4.26000000e+04     1.06500000e+01     1.11543641e+03     3.05247460e+02     2.37604802e+02     1.26367855e+02   
    4.28000000e+04     1.07000000e+01     1.11543379e+03     3.01727931e+02     2.37860467e+02     1.26746904e+02   
    4.30000000e+04     1.07500000e+01     1.11543493e+03     2.98105952e+02     2.35986417e+02     1.25790847e+02   
    4.32000000e+04     1.08000000e+01     1.11544407e+03     3.03179072e+02     2.36661763e+02     1.24436694e+02   
    4.34000000e+04     1.08500000e+01     1.11545641e+03     3.02688618e+02     2.38142678e+02     1.26846958e+02   
    4.36000000e+04     1.09000000e+01     1.11545433e+03     3.04462437e+02     2.34022334e+02     1.23388052e+02   
    4.38000000e+04     1.09500000e+01     1.11547628e+03     3.00291453e+02     2.36638317e+02     1.25927095e+02   
    4.40000000e+04     1.10000000e+01     1.11548965e+03     3.00256347e+02     2.37157218e+02     1.29342633e+02   
    4.42000000e+04     1.10500000e+01     1.11547934e+03     3.01825331e+02     2.35259177e+02     1.25379342e+02   
    4.44000000e+04     1.11000000e+01     1.11548437e+03     3.02908138e+02     2.34001621e+02     1.26534583e+02   
    4.46000000e+04     1.11500000e+01     1.11548772e+03     3.00803938e+02     2.36247699e+02     1.27542885e+02   
    4.48000000e+04     1.12000000e+01     1.11550425e+03     2.98501560e+02     2.36751759e+02     1.29568532e+02   
    4.50000000e+04     1.12500000e+01     1.11550508e+03     2.99857649e+02     2.34160825e+02     1.26709843e+02   
    4.52000000e+04     1.13000000e+01     1.11551362e+03     3.02036197e+02     2.38005131e+02     1.30659349e+02   
    4.54000000e+04     1.13500000e+01     1.11550037e+03     3.02141708e+02     2.36061814e+02     1.28342460e+02   
    4.56000000e+04     1.14000000e+01     1.11549315e+03     3.00628680e+02     2.36282465e+02     1.27546677e+02   
    4.58000000e+04     1.14500000e+01     1.11549832e+03     3.02248846e+02     2.37955500e+02     1.28179515e+02   
    4.60000000e+04     1.15000000e+01     1.11549109e+03     2.99571300e+02     2.34951376e+02     1.26679273e+02   
    4.62000000e+04     1.15500000e+01     1.11550232e+03     2.98061917e+02     2.34347926e+02     1.27859454e+02   
    4.64000000e+04     1.16000000e+01     1.11549920e+03     3.02435289e+02     2.36118863e+02     1.28229902e+02   
    4.66000000e+04     1.16500000e+01     1.11550195e+03     3.03010029e+02     2.37752402e+02     1.30293836e+02   
    4.68000000e+04     1.17000000e+01     1.11548609e+03     3.02460925e+02     2.36228451e+02     1.26666287e+02   
    4.70000000e+04     1.17500000e+01     1.11549546e+03     2.98925151e+02     2.34999885e+02     1.27775513e+02   
    4.72000000e+04     1.18000000e+01     1.11551135e+03     3.00904481e+02     2.36622606e+02     1.26524880e+02   
    4.74000000e+04     1.18500000e+01     1.11550850e+03     3.01674400e+02     2.36670614e+02     1.27073366e+02   
    4.76000000e+04     1.19000000e+01     1.11550848e+03     3.02776598e+02     2.36856035e+02     1.26289006e+02   
    4.78000000e+04     1.19500000e+01     1.11549500e+03     3.04083892e+02     2.35926695e+02     1.24119128e+02   
    4.80000000e+04     1.20000000e+01     1.11549456e+03     3.02178179e+02     2.36752725e+02     1.25414367e+02   
    4.82000000e+04     1.20500000e+01     1.11549953e+03     3.02351918e+02     2.37506346e+02     1.26009969e+02   
    4.84000000e+04     1.21000000e+01     1.11550631e+03     2.96791036e+02     2.36475846e+02     1.26207370e+02   
    4.86000000e+04     1.21500000e+01     1.11551307e+03     3.03509008e+02     2.36242012e+02     1.24910026e+02   
    4.88000000e+04     1.22000000e+01     1.11552006e+03     3.04520396e+02     2.35932818e+02     1.23631380e+02   
    4.90000000e+04     1.22500000e+01     1.11551983e+03     3.04662514e+02     2.35275802e+02     1.21873315e+02   
    4.92000000e+04     1.23000000e+01     1.11552551e+03     2.99920192e+02     2.36253727e+02     1.24594895e+02   
    4.94000000e+04     1.23500000e+01     1.11552997e+03     3.00007922e+02     2.37502220e+02     1.27298455e+02   
    4.96000000e+04     1.24000000e+01     1.11552610e+03     3.00860110e+02     2.36302318e+02     1.25750916e+02   
    4.98000000e+04     1.24500000e+01     1.11552930e+03     3.00507631e+02     2.35341545e+02     1.24836639e+02   
    5.00000000e+04     1.25000000e+01     1.11552630e+03     3.01696114e+02     2.34170739e+02     1.24513773e+02   
    5.02000000e+04     1.25500000e+01     1.11554230e+03     2.99387621e+02     2.35029496e+02     1.25885094e+02   
    5.04000000e+04     1.26000000e+01     1.11556534e+03     3.03524904e+02     2.38340643e+02     1.29622562e+02   
    5.06000000e+04     1.26500000e+01     1.11555328e+03     2.98639445e+02     2.35006318e+02     1.27279273e+02   
    5.08000000e+04     1.27000000e+01     1.11555327e+03     3.03610994e+02     2.35938050e+02     1.26972845e+02   
    5.10000000e+04     1.27500000e+01     1.11556035e+03     2.99938902e+02     2.38944036e+02     1.31151959e+02   
    5.12000000e+04     1.28000000e+01     1.11555883e+03     2.99791449e+02     2.37555423e+02     1.29561905e+02   
    5.14000000e+04     1.28500000e+01     1.11555159e+03     3.00009129e+02     2.37885803e+02     1.31258340e+02   
    5.16000000e+04     1.29000000e+01     1.11555192e+03     3.02991158e+02     2.37516644e+02     1.29956127e+02   
    5.18000000e+04     1.29500000e+01     1.11553149e+03     3.02031921e+02     2.35693366e+02     1.28155508e+02   
    5.20000000e+04     1.30000000e+01     1.11554263e+03     3.00176970e+02     2.37118215e+02     1.29649053e+02   
    5.22000000e+04     1.30500000e+01     1.11553609e+03     3.02471918e+02     2.35927548e+02     1.27941683e+02   
    5.24000000e+04     1.31000000e+01     1.11554665e+03     2.98248491e+02     2.37129226e+02     1.30198075e+02   
    5.26000000e+04     1.31500000e+01     1.11552105e+03     2.99958183e+02     2.35308225e+02     1.26215412e+02   
    5.28000000e+04     1.32000000e+01     1.11552952e+03     3.02397644e+02     2.37306891e+02     1.30397960e+02   
    5.30000000e+04     1.32500000e+01     1.11552450e+03     3.00905751e+02     2.36685853e+02     1.26119878e+02   
    5.32000000e+04     1.33000000e+01     1.11552966e+03     3.02790542e+02     2.36446674e+02     1.27459055e+02   
    5.34000000e+04     1.33500000e+01     1.11553977e+03     3.01999111e+02     2.37447808e+02     1.27364462e+02   
    5.36000000e+04     1.34000000e+01     1.11555447e+03     3.02465961e+02     2.37305186e+02     1.28043554e+02   
    5.38000000e+04     1.34500000e+01     1.11555780e+03     3.01512733e+02     2.38007841e+02     1.27875258e+02   
    5.40000000e+04     1.35000000e+01     1.11554850e+03     3.01390375e+02     2.36776535e+02     1.25686764e+02   
    5.42000000e+04     1.35500000e+01     1.11554615e+03     3.04471767e+02     2.36963261e+02     1.26530535e+02   
    5.44000000e+04     1.36000000e+01     1.11554537e+03     2.99171611e+02     2.39106047e+02     1.28363543e+02   
    5.46000000e+04     1.36500000e+01     1.11555313e+03     3.00717140e+02     2.37046108e+02     1.30404334e+02   
    5.48000000e+04     1.37000000e+01     1.11553279e+03     3.03124261e+02     2.34938239e+02     1.26862232e+02   
    5.50000000e+04     1.37500000e+01     1.11554813e+03     3.01962093e+02     2.35256159e+02     1.27905750e+02   
    5.52000000e+04     1.38000000e+01     1.11555792e+03     2.98954419e+02     2.36348056e+02     1.26942550e+02   
    5.54000000e+04     1.38500000e+01     1.11557149e+03     3.01318997e+02     2.37316868e+02     1.28991017e+02   
    5.56000000e+04     1.39000000e+01     1.11555959e+03     3.03940030e+02     2.34046923e+02     1.25203927e+02   
    5.58000000e+04     1.39500000e+01     1.11556869e+03     3.01251283e+02     2.36333283e+02     1.27989145e+02   
    5.60000000e+04     1.40000000e+01     1.11556297e+03     3.00597488e+02     2.34613073e+02     1.25227315e+02   
    5.62000000e+04     1.40500000e+01     1.11557336e+03     3.01514936e+02     2.37082877e+02     1.28702297e+02   
    5.64000000e+04     1.41000000e+01     1.11557982e+03     3.01911336e+02     2.37574778e+02     1.28099062e+02   
    5.66000000e+04     1.41500000e+01     1.11558715e+03     3.02992806e+02     2.37624451e+02     1.30061349e+02   
    5.68000000e+04     1.42000000e+01     1.11558821e+03     3.01594571e+02     2.38671273e+02     1.30512617e+02   
    5.70000000e+04     1.42500000e+01     1.11556544e+03     3.03473928e+02     2.35405580e+02     1.28380820e+02   
    5.72000000e+04     1.43000000e+01     1.11556956e+03     3.02578004e+02     2.37243424e+02     1.28245591e+02   
    5.74000000e+04     1.43500000e+01     1.11556544e+03     3.00518990e+02     2.36289549e+02     1.26531015e+02   
    5.76000000e+04     1.44000000e+01     1.11557363e+03     2.99804042e+02     2.34252436e+02     1.24786331e+02   
    5.78000000e+04     1.44500000e+01     1.11559326e+03     3.01372628e+02     2.36820219e+02     1.27487493e+02   
    5.80000000e+04     1.45000000e+01     1.11560351e+03     2.99872442e+02     2.35474137e+02     1.26072173e+02   
    5.82000000e+04     1.45500000e+01     1.11561442e+03     3.03191461e+02     2.37655748e+02     1.27397314e+02   
    5.84000000e+04     1.46000000e+01     1.11561164e+03     3.00210716e+02     2.35762605e+02     1.25970964e+02   
    5.86000000e+04     1.46500000e+01     1.11561027e+03     2.99100027e+02     2.36073970e+02     1.27264243e+02   
    5.88000000e+04     1.47000000e+01     1.11560877e+03     3.02345160e+02     2.35861007e+02     1.27623319e+02   
    5.90000000e+04     1.47500000e+01     1.11561574e+03     2.99679322e+02     2.38073805e+02     1.29835965e+02   
    5.92000000e+04     1.48000000e+01     1.11559990e+03     3.02581235e+02     2.37336630e+02     1.26660978e+02   
    5.94000000e+04     1.48500000e+01     1.11559106e+03     3.04339453e+02     2.34760696e+02     1.25732634e+02   
    5.96000000e+04     1.49000000e+01     1.11557525e+03     3.02486788e+02     2.33721684e+02     1.22065121e+02   
    5.98000000e+04     1.49500000e+01     1.11558811e+03     3.01877946e+02     2.36378081e+02     1.26113068e+02   
    6.00000000e+04     1.50000000e+01     1.11558947e+03     3.01507364e+02     2.36344919e+02     1.25974720e+02   
    6.02000000e+04     1.50500000e+01     1.11559459e+03     3.01815941e+02     2.34775542e+02     1.23636518e+02   
    6.04000000e+04     1.51000000e+01     1.11561390e+03     3.01752162e+02     2.36883903e+02     1.25892806e+02   
    6.06000000e+04     1.51500000e+01     1.11561787e+03     3.00037438e+02     2.38398551e+02     1.26394657e+02   
    6.08000000e+04     1.52000000e+01     1.11561532e+03     3.00075903e+02     2.34390679e+02     1.25981071e+02   
    6.10000000e+04     1.52500000e+01     1.11563473e+03     2.99232658e+02     2.37444496e+02     1.28889690e+02   
    6.12000000e+04     1.53000000e+01     1.11562771e+03     3.02770218e+02     2.33386977e+02     1.24714544e+02   
    6.14000000e+04     1.53500000e+01     1.11563510e+03     2.98815529e+02     2.37469699e+02     1.27400816e+02   
    6.16000000e+04     1.54000000e+01     1.11564838e+03     2.99534872e+02     2.36559881e+02     1.29799117e+02   
    6.18000000e+04     1.54500000e+01     1.11565296e+03     3.02662365e+02     2.33908459e+02     1.24579446e+02   
    6.20000000e+04     1.55000000e+01     1.11567597e+03     3.01026735e+02     2.34996255e+02     1.29367123e+02   
    6.22000000e+04     1.55500000e+01     1.11568635e+03     3.04146823e+02     2.38166167e+02     1.30874914e+02   
    6.24000000e+04     1.56000000e+01     1.11567748e+03     3.00715426e+02     2.36904394e+02     1.30802267e+02   
    6.26000000e+04     1.56500000e+01     1.11567549e+03     2.98300004e+02     2.37401222e+02     1.29632093e+02   
    6.28000000e+04     1.57000000e+01     1.11566626e+03     3.01168394e+02     2.37470806e+02     1.29974684e+02   
    6.30000000e+04     1.57500000e+01     1.11564379e+03     2.97858868e+02     2.33238999e+02     1.26895187e+02   
    6.32000000e+04     1.58000000e+01     1.11563854e+03     2.99078716e+02     2.35420431e+02     1.29228135e+02   
    6.34000000e+04     1.58500000e+01     1.11562553e+03     2.97742295e+02     2.36230270e+02     1.28692857e+02   
    6.36000000e+04     1.59000000e+01     1.11561140e+03     3.01216178e+02     2.36667679e+02     1.27185445e+02   
    6.38000000e+04     1.59500000e+01     1.11561655e+03     3.02367974e+02     2.36173462e+02     1.27304928e+02   
    6.40000000e+04     1.60000000e+01     1.11561659e+03     3.00805735e+02     2.37333231e+02     1.27296821e+02   
    6.42000000e+04     1.60500000e+01     1.11562649e+03     2.98186400e+02     2.37061169e+02     1.28746143e+02   
    6.44000000e+04     1.61000000e+01     1.11563106e+03     3.03546697e+02     2.37439484e+02     1.26709827e+02   
    6.46000000e+04     1.61500000e+01     1.11562920e+03     3.02115411e+02     2.37342624e+02     1.27538065e+02   
    6.48000000e+04     1.62000000e+01     1.11563429e+03     3.02447138e+02     2.36454275e+02     1.27633324e+02   
    6.50000000e+04     1.62500000e+01     1.11565394e+03     3.01759503e+02     2.37646469e+02     1.31469021e+02   
    6.52000000e+04     1.63000000e+01     1.11566403e+03     3.00415424e+02     2.36582503e+02     1.27715427e+02   
    6.54000000e+04     1.63500000e+01     1.11566663e+03     2.99954997e+02     2.36727547e+02     1.29054672e+02   
    6.56000000e+04     1.64000000e+01     1.11566171e+03     2.97615695e+02     2.37433503e+02     1.27764882e+02   
    6.58000000e+04     1.64500000e+01     1.11564709e+03     3.03383283e+02     2.36640797e+02     1.27246455e+02   
    6.60000000e+04     1.65000000e+01     1.11564759e+03     2.98146769e+02     2.36636218e+02     1.27467765e+02   
    6.62000000e+04     1.65500000e+01     1.11565073e+03     3.03441508e+02     2.37491858e+02     1.28433919e+02   
    6.64000000e+04     1.66000000e+01     1.11565992e+03     3.02502838e+02     2.34721960e+02     1.27628669e+02   
    6.66000000e+04     1.66500000e+01     1.11566628e+03     3.03463739e+02     2.37066747e+02     1.28944457e+02   
    6.68000000e+04     1.67000000e+01     1.11565980e+03     3.01587236e+02     2.35719954e+02     1.27000762e+02   
    6.70000000e+04     1.67500000e+01     1.11565916e+03     3.00848804e+02     2.34176580e+02     1.24686223e+02   
    6.72000000e+04     1.68000000e+01     1.11566921e+03     2.99991254e+02     2.35158110e+02     1.28329804e+02   
    6.74000000e+04     1.68500000e+01     1.11567938e+03     3.01717691e+02     2.35048485e+02     1.27926573e+02   
    6.76000000e+04     1.69000000e+01     1.11568896e+03     3.02396792e+02     2.37149147e+02     1.27674814e+02   
    6.78000000e+04     1.69500000e+01     1.11569052e+03     3.03097081e+02     2.35861593e+02     1.26901118e+02   
    6.80000000e+04     1.70000000e+01     1.11568554e+03     3.03538164e+02     2.36362857e+02     1.26486172e+02   
    6.82000000e+04     1.70500000e+01     1.11569437e+03     2.98542595e+02     2.38140877e+02     1.31680524e+02   
    6.84000000e+04     1.71000000e+01     1.11567298e+03     3.02043491e+02     2.34091059e+02     1.26645980e+02   
    6.86000000e+04     1.71500000e+01     1.11569336e+03     3.00817537e+02     2.36452144e+02     1.28744211e+02   
    6.88000000e+04     1.72000000e+01     1.11568846e+03     3.02177964e+02     2.34679321e+02     1.26794833e+02   
    6.90000000e+04     1.72500000e+01     1.11569249e+03     3.04218561e+02     2.37286830e+02     1.29463941e+02   
    6.92000000e+04     1.73000000e+01     1.11568964e+03     3.01799306e+02     2.35655685e+02     1.28308389e+02   
    6.94000000e+04     1.73500000e+01     1.11569989e+03     2.99638039e+02     2.35881849e+02     1.26294301e+02   
    6.96000000e+04     1.74000000e+01     1.11570838e+03     3.02614948e+02     2.35096679e+02     1.26126949e+02   
    6.98000000e+04     1.74500000e+01     1.11570504e+03     3.00934823e+02     2.34702830e+02     1.24287127e+02   
    7.00000000e+04     1.75000000e+01     1.11569444e+03     3.00513626e+02     2.34179051e+02     1.26188582e+02   
    7.02000000e+04     1.75500000e+01     1.11567700e+03     2.99746321e+02     2.36645874e+02     1.27124093e+02   
    7.04000000e+04     1.76000000e+01     1.11566917e+03     2.99841771e+02     2.36165437e+02     1.28164582e+02   
    7.06000000e+04     1.76500000e+01     1.11565356e+03     3.02116386e+02     2.34911836e+02     1.25415504e+02   
    7.08000000e+04     1.77000000e+01     1.11565530e+03     3.01413552e+02     2.35474542e+02     1.25925428e+02   
    7.10000000e+04     1.77500000e+01     1.11564161e+03     2.98986894e+02     2.34349837e+02     1.23220243e+02   
    7.12000000e+04     1.78000000e+01     1.11566548e+03     3.02585377e+02     2.38555609e+02     1.26963395e+02   
    7.14000000e+04     1.78500000e+01     1.11564710e+03     3.02282277e+02     2.35086736e+02     1.23501910e+02   
    7.16000000e+04     1.79000000e+01     1.11565114e+03     3.05328272e+02     2.36453030e+02     1.25247772e+02   
    7.18000000e+04     1.79500000e+01     1.11564895e+03     2.99547219e+02     2.35871216e+02     1.25657272e+02   
    7.20000000e+04     1.80000000e+01     1.11564585e+03     3.02478649e+02     2.34360127e+02     1.22799263e+02   
    7.22000000e+04     1.80500000e+01     1.11565992e+03     3.01210634e+02     2.35360983e+02     1.24378962e+02   
    7.24000000e+04     1.81000000e+01     1.11566244e+03     3.01531142e+02     2.36533245e+02     1.25315729e+02   
    7.26000000e+04     1.81500000e+01     1.11566302e+03     3.00309249e+02     2.35086155e+02     1.25429308e+02   
    7.28000000e+04     1.82000000e+01     1.11566291e+03     3.02102435e+02     2.35477170e+02     1.23329887e+02   
    7.30000000e+04     1.82500000e+01     1.11565138e+03     3.01883864e+02     2.34083381e+02     1.22586807e+02   
    7.32000000e+04     1.83000000e+01     1.11566362e+03     3.00275549e+02     2.36067838e+02     1.25534608e+02   
    7.34000000e+04     1.83500000e+01     1.11566862e+03     2.99659613e+02     2.36030323e+02     1.26944818e+02   
    7.36000000e+04     1.84000000e+01     1.11567352e+03     3.03102901e+02     2.35656122e+02     1.26658366e+02   
    7.38000000e+04     1.84500000e+01     1.11566566e+03     3.03144096e+02     2.35716308e+02     1.27062395e+02   
    7.40000000e+04     1.85000000e+01     1.11565963e+03     2.98756298e+02     2.35161722e+02     1.26143556e+02   
    7.42000000e+04     1.85500000e+01     1.11566478e+03     3.02840565e+02     2.36718114e+02     1.26261277e+02   
    7.44000000e+04     1.86000000e+01     1.11566735e+03     3.04537796e+02     2.35847588e+02     1.25401556e+02   
    7.46000000e+04     1.86500000e+01     1.11566862e+03     2.99859826e+02     2.35868106e+02     1.24970117e+02   
    7.48000000e+04     1.87000000e+01     1.11568544e+03     3.01635681e+02     2.35908269e+02     1.26888725e+02   
    7.50000000e+04     1.87500000e+01     1.11569427e+03     2.98866295e+02     2.35957077e+02     1.26141350e+02   
    7.52000000e+04     1.88000000e+01     1.11570440e+03     3.04105982e+02     2.35546351e+02     1.24222413e+02   
    7.54000000e+04     1.88500000e+01     1.11572385e+03     3.00665755e+02     2.36756627e+02     1.28715289e+02   
    7.56000000e+04     1.89000000e+01     1.11570814e+03     2.97871597e+02     2.33785886e+02     1.24973012e+02   
    7.58000000e+04     1.89500000e+01     1.11571247e+03     2.98726423e+02     2.33126261e+02     1.25542989e+02   
    7.60000000e+04     1.90000000e+01     1.11571813e+03     3.02565430e+02     2.36124382e+02     1.26427254e+02   
    7.62000000e+04     1.90500000e+01     1.11571325e+03     3.03890318e+02     2.35527835e+02     1.26699475e+02   
    7.64000000e+04     1.91000000e+01     1.11571207e+03     2.98894819e+02     2.37110700e+02     1.25253546e+02   
    7.66000000e+04     1.91500000e+01     1.11571151e+03     3.01931060e+02     2.37275018e+02     1.28892986e+02   
    7.68000000e+04     1.92000000e+01     1.11569534e+03     3.00821836e+02     2.34485106e+02     1.24953159e+02   
    7.70000000e+04     1.92500000e+01     1.11570353e+03     2.99272457e+02     2.36292404e+02     1.27885172e+02   
    7.72000000e+04     1.93000000e+01     1.11569653e+03     3.04973122e+02     2.35633582e+02     1.25435492e+02   
    7.74000000e+04     1.93500000e+01     1.11570333e+03     3.01046411e+02     2.37138597e+02     1.28589356e+02   
    7.76000000e+04     1.94000000e+01     1.11569431e+03     2.98436574e+02     2.34307374e+02     1.27406395e+02   
    7.78000000e+04     1.94500000e+01     1.11571480e+03     3.02353595e+02     2.38614685e+02     1.30610945e+02   
    7.80000000e+04     1.95000000e+01     1.11572206e+03     3.01484213e+02     2.37977587e+02     1.30414574e+02   
    7.82000000e+04     1.95500000e+01     1.11571231e+03     3.00099452e+02     2.35106473e+02     1.26655702e+02   
    7.84000000e+04     1.96000000e+01     1.11571624e+03     3.00487431e+02     2.35440386e+02     1.27154245e+02   
    7.86000000e+04     1.96500000e+01     1.11571138e+03     3.00352667e+02     2.37107537e+02     1.27972274e+02   
    7.88000000e+04     1.97000000e+01     1.11569957e+03     3.01269455e+02     2.35233328e+02     1.26925264e+02   
    7.90000000e+04     1.97500000e+01     1.11568946e+03     3.02591199e+02     2.35595575e+02     1.25972683e+02   
    7.92000000e+04     1.98000000e+01     1.11570209e+03     2.97703306e+02     2.37653779e+02     1.28631248e+02   
    7.94000000e+04     1.98500000e+01     1.11569240e+03     3.01123507e+02     2.35834153e+02     1.26381094e+02   
    7.96000000e+04     1.99000000e+01     1.11570357e+03     3.02591293e+02     2.37887327e+02     1.27958371e+02   
    7.98000000e+04     1.99500000e+01     1.11569145e+03     3.01011696e+02     2.35863397e+02     1.27934794e+02   
    8.00000000e+04     2.00000000e+01     1.11570799e+03     2.97512426e+02     2.36128081e+02     1.29815589e+02   
