# column   1     --> step : The current simulation time step.
# column   2     --> time{picosecond} : The elapsed simulation time.
# column   3     --> conserved{electronvolt} : The value of the conserved energy quantity per bead.
# column   4     --> temperature{kelvin} : The current temperature, as obtained from the MD kinetic energy.
# column   5     --> kinetic_cv{electronvolt} : The centroid-virial quantum kinetic energy of the physical system.
# column   6     --> potential{electronvolt} : The physical system potential energy.
    0.00000000e+00     0.00000000e+00    -2.44988766e+03     3.01199191e+02     5.44024881e+03    -7.91187449e+03   
    2.00000000e+02     1.00000000e-01    -2.44177925e+03     2.60681878e+02     5.44024881e+03    -4.85979950e+03   
    4.00000000e+02     2.00000000e-01    -2.43917398e+03     2.83547238e+02     5.44024881e+03    -4.06093353e+03   
    6.00000000e+02     3.00000000e-01    -2.43812108e+03     2.89361010e+02     5.44024881e+03    -3.67332305e+03   
    8.00000000e+02     4.00000000e-01    -2.43785944e+03     2.94589423e+02     5.44024881e+03    -3.49621680e+03   
    1.00000000e+03     5.00000000e-01    -2.43778890e+03     2.96861880e+02     5.44024881e+03    -3.39963275e+03   
    1.20000000e+03     6.00000000e-01    -2.43759264e+03     2.98171959e+02     5.44024881e+03    -3.32863303e+03   
    1.40000000e+03     7.00000000e-01    -2.43726999e+03     2.99093721e+02     5.44024881e+03    -3.27320643e+03   
    1.60000000e+03     8.00000000e-01    -2.43738286e+03     2.98621225e+02     5.44024881e+03    -3.23686268e+03   
    1.80000000e+03     9.00000000e-01    -2.43736104e+03     2.99832326e+02     5.44024881e+03    -3.23253408e+03   
    2.00000000e+03     1.00000000e+00    -2.43718849e+03     3.01150551e+02     5.44024881e+03    -3.20234992e+03   
    2.20000000e+03     1.10000000e+00    -2.43714003e+03     3.00542398e+02     5.44024881e+03    -3.19163938e+03   
    2.40000000e+03     1.20000000e+00    -2.43705914e+03     2.98899855e+02     5.44024881e+03    -3.18578066e+03   
    2.60000000e+03     1.30000000e+00    -2.43691869e+03     2.99503571e+02     5.44024881e+03    -3.17301105e+03   
    2.80000000e+03     1.40000000e+00    -2.43716667e+03     3.00531689e+02     5.44024881e+03    -3.17558782e+03   
    3.00000000e+03     1.50000000e+00    -2.43697724e+03     2.99840620e+02     5.44024881e+03    -3.16522922e+03   
    3.20000000e+03     1.60000000e+00    -2.43689846e+03     3.00658847e+02     5.44024881e+03    -3.16904207e+03   
    3.40000000e+03     1.70000000e+00    -2.43689299e+03     3.00086026e+02     5.44024881e+03    -3.15804615e+03   
    3.60000000e+03     1.80000000e+00    -2.43719937e+03     2.99232486e+02     5.44024881e+03    -3.16494493e+03   
    3.80000000e+03     1.90000000e+00    -2.43704021e+03     3.00536338e+02     5.44024881e+03    -3.15825684e+03   
    4.00000000e+03     2.00000000e+00    -2.43715604e+03     3.00200962e+02     5.44024881e+03    -3.16885924e+03   
    4.20000000e+03     2.10000000e+00    -2.43699689e+03     2.99882191e+02     5.44024881e+03    -3.17365784e+03   
    4.40000000e+03     2.20000000e+00    -2.43703010e+03     2.99795883e+02     5.44024881e+03    -3.17676561e+03   
    4.60000000e+03     2.30000000e+00    -2.43695399e+03     3.00040780e+02     5.44024881e+03    -3.16784522e+03   
    4.80000000e+03     2.40000000e+00    -2.43705208e+03     2.99767033e+02     5.44024881e+03    -3.16712768e+03   
    5.00000000e+03     2.50000000e+00    -2.43711236e+03     3.00405133e+02     5.44024881e+03    -3.19097567e+03   
    5.20000000e+03     2.60000000e+00    -2.43705187e+03     3.00251807e+02     5.44024881e+03    -3.17721867e+03   
    5.40000000e+03     2.70000000e+00    -2.43691015e+03     3.01127577e+02     5.44024881e+03    -3.18221362e+03   
    5.60000000e+03     2.80000000e+00    -2.43685845e+03     2.99963852e+02     5.44024881e+03    -3.17474748e+03   
    5.80000000e+03     2.90000000e+00    -2.43686381e+03     2.99792475e+02     5.44024881e+03    -3.16773112e+03   
    6.00000000e+03     3.00000000e+00    -2.43700204e+03     2.99149325e+02     5.44024881e+03    -3.16842376e+03   
    6.20000000e+03     3.10000000e+00    -2.43696209e+03     2.99983954e+02     5.44024881e+03    -3.17013134e+03   
    6.40000000e+03     3.20000000e+00    -2.43685731e+03     3.00842200e+02     5.44024881e+03    -3.17137069e+03   
    6.60000000e+03     3.30000000e+00    -2.43684401e+03     2.99953042e+02     5.44024881e+03    -3.16448142e+03   
    6.80000000e+03     3.40000000e+00    -2.43694591e+03     3.00689705e+02     5.44024881e+03    -3.17149186e+03   
    7.00000000e+03     3.50000000e+00    -2.43690926e+03     2.99960447e+02     5.44024881e+03    -3.16733899e+03   
    7.20000000e+03     3.60000000e+00    -2.43701853e+03     3.00173389e+02     5.44024881e+03    -3.17428592e+03   
    7.40000000e+03     3.70000000e+00    -2.43700198e+03     2.99785536e+02     5.44024881e+03    -3.17486250e+03   
    7.60000000e+03     3.80000000e+00    -2.43682095e+03     3.00006786e+02     5.44024881e+03    -3.16687879e+03   
    7.80000000e+03     3.90000000e+00    -2.43688349e+03     2.99248638e+02     5.44024881e+03    -3.17825101e+03   
    8.00000000e+03     4.00000000e+00    -2.43680717e+03     2.99708988e+02     5.44024881e+03    -3.17099954e+03   
    8.20000000e+03     4.10000000e+00    -2.43670134e+03     2.98763209e+02     5.44024881e+03    -3.17307539e+03   
    8.40000000e+03     4.20000000e+00    -2.43691632e+03     3.01272827e+02     5.44024881e+03    -3.17547850e+03   
    8.60000000e+03     4.30000000e+00    -2.43696528e+03     3.00131056e+02     5.44024881e+03    -3.17154933e+03   
    8.80000000e+03     4.40000000e+00    -2.43695773e+03     3.01190235e+02     5.44024881e+03    -3.16762959e+03   
    9.00000000e+03     4.50000000e+00    -2.43686083e+03     3.01771957e+02     5.44024881e+03    -3.19478222e+03   
    9.20000000e+03     4.60000000e+00    -2.43676824e+03     3.01143383e+02     5.44024881e+03    -3.17340846e+03   
    9.40000000e+03     4.70000000e+00    -2.43690369e+03     3.00420707e+02     5.44024881e+03    -3.18111835e+03   
    9.60000000e+03     4.80000000e+00    -2.43693272e+03     3.01537744e+02     5.44024881e+03    -3.18007392e+03   
    9.80000000e+03     4.90000000e+00    -2.43693507e+03     3.00926433e+02     5.44024881e+03    -3.17327230e+03   
    1.00000000e+04     5.00000000e+00    -2.43685578e+03     3.00106596e+02     5.44024881e+03    -3.18958669e+03   
    1.02000000e+04     5.10000000e+00    -2.43686552e+03     2.99368939e+02     5.44024881e+03    -3.17840139e+03   
    1.04000000e+04     5.20000000e+00    -2.43695316e+03     3.00144324e+02     5.44024881e+03    -3.18644320e+03   
    1.06000000e+04     5.30000000e+00    -2.43712832e+03     3.00015399e+02     5.44024881e+03    -3.19033503e+03   
    1.08000000e+04     5.40000000e+00    -2.43708601e+03     3.00494278e+02     5.44024881e+03    -3.19803736e+03   
    1.10000000e+04     5.50000000e+00    -2.43700224e+03     2.99610161e+02     5.44024881e+03    -3.18250550e+03   
    1.12000000e+04     5.60000000e+00    -2.43688127e+03     2.99541834e+02     5.44024881e+03    -3.16437519e+03   
    1.14000000e+04     5.70000000e+00    -2.43689390e+03     2.99578832e+02     5.44024881e+03    -3.16877906e+03   
    1.16000000e+04     5.80000000e+00    -2.43681810e+03     2.99508529e+02     5.44024881e+03    -3.17103436e+03   
    1.18000000e+04     5.90000000e+00    -2.43693075e+03     3.00066647e+02     5.44024881e+03    -3.18513258e+03   
    1.20000000e+04     6.00000000e+00    -2.43677582e+03     2.99911354e+02     5.44024881e+03    -3.17622311e+03   
    1.22000000e+04     6.10000000e+00    -2.43684211e+03     2.99909859e+02     5.44024881e+03    -3.19099280e+03   
    1.24000000e+04     6.20000000e+00    -2.43683194e+03     3.00986342e+02     5.44024881e+03    -3.18152583e+03   
    1.26000000e+04     6.30000000e+00    -2.43689042e+03     2.99077927e+02     5.44024881e+03    -3.17554462e+03   
    1.28000000e+04     6.40000000e+00    -2.43667385e+03     2.98744339e+02     5.44024881e+03    -3.17692643e+03   
    1.30000000e+04     6.50000000e+00    -2.43662504e+03     3.00105256e+02     5.44024881e+03    -3.16317429e+03   
    1.32000000e+04     6.60000000e+00    -2.43681988e+03     2.99724228e+02     5.44024881e+03    -3.17857448e+03   
    1.34000000e+04     6.70000000e+00    -2.43681752e+03     3.00344337e+02     5.44024881e+03    -3.16564703e+03   
    1.36000000e+04     6.80000000e+00    -2.43671425e+03     2.99277521e+02     5.44024881e+03    -3.16208906e+03   
    1.38000000e+04     6.90000000e+00    -2.43680176e+03     2.98951724e+02     5.44024881e+03    -3.17313923e+03   
    1.40000000e+04     7.00000000e+00    -2.43671484e+03     3.00040191e+02     5.44024881e+03    -3.17012793e+03   
    1.42000000e+04     7.10000000e+00    -2.43679858e+03     2.99932898e+02     5.44024881e+03    -3.16689705e+03   
    1.44000000e+04     7.20000000e+00    -2.43680548e+03     2.99559044e+02     5.44024881e+03    -3.16755208e+03   
    1.46000000e+04     7.30000000e+00    -2.43668578e+03     3.00282327e+02     5.44024881e+03    -3.17669754e+03   
    1.48000000e+04     7.40000000e+00    -2.43674801e+03     3.00173493e+02     5.44024881e+03    -3.17401901e+03   
    1.50000000e+04     7.50000000e+00    -2.43687305e+03     2.99307484e+02     5.44024881e+03    -3.19224916e+03   
    1.52000000e+04     7.60000000e+00    -2.43692162e+03     2.99579445e+02     5.44024881e+03    -3.17907599e+03   
    1.54000000e+04     7.70000000e+00    -2.43687576e+03     3.00259054e+02     5.44024881e+03    -3.18512112e+03   
    1.56000000e+04     7.80000000e+00    -2.43683520e+03     3.00420592e+02     5.44024881e+03    -3.19229049e+03   
    1.58000000e+04     7.90000000e+00    -2.43690848e+03     3.00070304e+02     5.44024881e+03    -3.19632461e+03   
    1.60000000e+04     8.00000000e+00    -2.43703788e+03     2.99462118e+02     5.44024881e+03    -3.19416666e+03   
    1.62000000e+04     8.10000000e+00    -2.43686174e+03     3.00154169e+02     5.44024881e+03    -3.17386062e+03   
    1.64000000e+04     8.20000000e+00    -2.43681998e+03     3.00599502e+02     5.44024881e+03    -3.18374645e+03   
    1.66000000e+04     8.30000000e+00    -2.43669408e+03     3.00195877e+02     5.44024881e+03    -3.18838391e+03   
    1.68000000e+04     8.40000000e+00    -2.43671945e+03     3.00210760e+02     5.44024881e+03    -3.19660827e+03   
    1.70000000e+04     8.50000000e+00    -2.43661537e+03     3.00156172e+02     5.44024881e+03    -3.19415614e+03   
    1.72000000e+04     8.60000000e+00    -2.43670249e+03     3.01324588e+02     5.44024881e+03    -3.19081177e+03   
    1.74000000e+04     8.70000000e+00    -2.43660661e+03     2.99378125e+02     5.44024881e+03    -3.17538176e+03   
    1.76000000e+04     8.80000000e+00    -2.43680971e+03     3.00054494e+02     5.44024881e+03    -3.18599614e+03   
    1.78000000e+04     8.90000000e+00    -2.43666243e+03     3.00268225e+02     5.44024881e+03    -3.17886171e+03   
    1.80000000e+04     9.00000000e+00    -2.43682947e+03     3.00039066e+02     5.44024881e+03    -3.19122983e+03   
    1.82000000e+04     9.10000000e+00    -2.43692127e+03     3.00448896e+02     5.44024881e+03    -3.18160017e+03   
    1.84000000e+04     9.20000000e+00    -2.43669956e+03     2.99660405e+02     5.44024881e+03    -3.17404623e+03   
    1.86000000e+04     9.30000000e+00    -2.43677100e+03     3.00932100e+02     5.44024881e+03    -3.17485634e+03   
    1.88000000e+04     9.40000000e+00    -2.43692495e+03     3.00355595e+02     5.44024881e+03    -3.18427982e+03   
    1.90000000e+04     9.50000000e+00    -2.43678759e+03     2.99855469e+02     5.44024881e+03    -3.16602920e+03   
    1.92000000e+04     9.60000000e+00    -2.43670895e+03     2.99498989e+02     5.44024881e+03    -3.16951744e+03   
    1.94000000e+04     9.70000000e+00    -2.43681522e+03     3.00068908e+02     5.44024881e+03    -3.19403036e+03   
    1.96000000e+04     9.80000000e+00    -2.43671624e+03     3.00715789e+02     5.44024881e+03    -3.18742471e+03   
    1.98000000e+04     9.90000000e+00    -2.43668401e+03     3.00513406e+02     5.44024881e+03    -3.19618347e+03   
    2.00000000e+04     1.00000000e+01    -2.43664757e+03     3.00042402e+02     5.44024881e+03    -3.19207674e+03   
    2.02000000e+04     1.01000000e+01    -2.43660948e+03     3.00197081e+02     5.44024881e+03    -3.18406412e+03   
    2.04000000e+04     1.02000000e+01    -2.43663774e+03     2.99392412e+02     5.44024881e+03    -3.18646954e+03   
    2.06000000e+04     1.03000000e+01    -2.43659426e+03     3.00718317e+02     5.44024881e+03    -3.19759224e+03   
    2.08000000e+04     1.04000000e+01    -2.43667839e+03     3.00357783e+02     5.44024881e+03    -3.18921826e+03   
    2.10000000e+04     1.05000000e+01    -2.43654845e+03     2.99383071e+02     5.44024881e+03    -3.17396745e+03   
    2.12000000e+04     1.06000000e+01    -2.43670329e+03     3.00383750e+02     5.44024881e+03    -3.18423225e+03   
    2.14000000e+04     1.07000000e+01    -2.43688958e+03     3.00656345e+02     5.44024881e+03    -3.20287742e+03   
    2.16000000e+04     1.08000000e+01    -2.43665771e+03     2.99701846e+02     5.44024881e+03    -3.19891952e+03   
    2.18000000e+04     1.09000000e+01    -2.43669318e+03     2.99649112e+02     5.44024881e+03    -3.18864088e+03   
    2.20000000e+04     1.10000000e+01    -2.43676291e+03     3.00341291e+02     5.44024881e+03    -3.18297103e+03   
    2.22000000e+04     1.11000000e+01    -2.43668829e+03     3.00091381e+02     5.44024881e+03    -3.19225842e+03   
    2.24000000e+04     1.12000000e+01    -2.43682644e+03     3.00998385e+02     5.44024881e+03    -3.20275860e+03   
    2.26000000e+04     1.13000000e+01    -2.43642304e+03     2.99129685e+02     5.44024881e+03    -3.17808420e+03   
    2.28000000e+04     1.14000000e+01    -2.43656514e+03     2.99287231e+02     5.44024881e+03    -3.18117093e+03   
    2.30000000e+04     1.15000000e+01    -2.43664997e+03     2.99909850e+02     5.44024881e+03    -3.18495978e+03   
    2.32000000e+04     1.16000000e+01    -2.43669712e+03     2.99884572e+02     5.44024881e+03    -3.18611171e+03   
    2.34000000e+04     1.17000000e+01    -2.43660617e+03     2.99375976e+02     5.44024881e+03    -3.18957422e+03   
    2.36000000e+04     1.18000000e+01    -2.43656431e+03     2.98617236e+02     5.44024881e+03    -3.18849468e+03   
    2.38000000e+04     1.19000000e+01    -2.43651381e+03     3.00244821e+02     5.44024881e+03    -3.17687622e+03   
    2.40000000e+04     1.20000000e+01    -2.43657222e+03     2.99995824e+02     5.44024881e+03    -3.19514698e+03   
    2.42000000e+04     1.21000000e+01    -2.43656530e+03     2.99602442e+02     5.44024881e+03    -3.19461131e+03   
    2.44000000e+04     1.22000000e+01    -2.43657920e+03     2.99945598e+02     5.44024881e+03    -3.17441127e+03   
    2.46000000e+04     1.23000000e+01    -2.43641924e+03     3.00310462e+02     5.44024881e+03    -3.17769374e+03   
    2.48000000e+04     1.24000000e+01    -2.43653709e+03     2.99687307e+02     5.44024881e+03    -3.18912661e+03   
    2.50000000e+04     1.25000000e+01    -2.43658700e+03     2.99327974e+02     5.44024881e+03    -3.19244141e+03   
    2.52000000e+04     1.26000000e+01    -2.43661348e+03     3.00207879e+02     5.44024881e+03    -3.19178123e+03   
    2.54000000e+04     1.27000000e+01    -2.43637199e+03     3.00668470e+02     5.44024881e+03    -3.16208599e+03   
    2.56000000e+04     1.28000000e+01    -2.43649857e+03     2.99556698e+02     5.44024881e+03    -3.18630883e+03   
    2.58000000e+04     1.29000000e+01    -2.43672367e+03     2.99798565e+02     5.44024881e+03    -3.19314101e+03   
    2.60000000e+04     1.30000000e+01    -2.43661296e+03     2.99699339e+02     5.44024881e+03    -3.18586208e+03   
    2.62000000e+04     1.31000000e+01    -2.43657369e+03     3.00239349e+02     5.44024881e+03    -3.18800994e+03   
    2.64000000e+04     1.32000000e+01    -2.43653564e+03     2.99535657e+02     5.44024881e+03    -3.18217426e+03   
    2.66000000e+04     1.33000000e+01    -2.43644552e+03     3.00135507e+02     5.44024881e+03    -3.16922468e+03   
    2.68000000e+04     1.34000000e+01    -2.43643654e+03     3.00747247e+02     5.44024881e+03    -3.18341868e+03   
    2.70000000e+04     1.35000000e+01    -2.43661974e+03     3.00176190e+02     5.44024881e+03    -3.19634010e+03   
    2.72000000e+04     1.36000000e+01    -2.43652550e+03     2.99668598e+02     5.44024881e+03    -3.17949547e+03   
    2.74000000e+04     1.37000000e+01    -2.43645920e+03     3.01070510e+02     5.44024881e+03    -3.17036269e+03   
    2.76000000e+04     1.38000000e+01    -2.43641729e+03     3.00217361e+02     5.44024881e+03    -3.18113715e+03   
    2.78000000e+04     1.39000000e+01    -2.43644580e+03     3.00904864e+02     5.44024881e+03    -3.17014011e+03   
    2.80000000e+04     1.40000000e+01    -2.43641138e+03     3.00931288e+02     5.44024881e+03    -3.17415481e+03   
    2.82000000e+04     1.41000000e+01    -2.43647063e+03     2.98238166e+02     5.44024881e+03    -3.16709318e+03   
    2.84000000e+04     1.42000000e+01    -2.43640145e+03     3.00028929e+02     5.44024881e+03    -3.15799116e+03   
    2.86000000e+04     1.43000000e+01    -2.43630019e+03     2.99952744e+02     5.44024881e+03    -3.17253311e+03   
    2.88000000e+04     1.44000000e+01    -2.43647792e+03     2.99000053e+02     5.44024881e+03    -3.17775281e+03   
    2.90000000e+04     1.45000000e+01    -2.43646785e+03     3.00014085e+02     5.44024881e+03    -3.20806017e+03   
    2.92000000e+04     1.46000000e+01    -2.43637601e+03     2.99294061e+02     5.44024881e+03    -3.17975091e+03   
    2.94000000e+04     1.47000000e+01    -2.43633148e+03     2.99545452e+02     5.44024881e+03    -3.18301347e+03   
    2.96000000e+04     1.48000000e+01    -2.43639123e+03     2.99952143e+02     5.44024881e+03    -3.18149099e+03   
    2.98000000e+04     1.49000000e+01    -2.43642607e+03     3.00085210e+02     5.44024881e+03    -3.18151553e+03   
    3.00000000e+04     1.50000000e+01    -2.43634716e+03     2.99812899e+02     5.44024881e+03    -3.17479013e+03   
    3.02000000e+04     1.51000000e+01    -2.43646975e+03     3.00298341e+02     5.44024881e+03    -3.18446584e+03   
    3.04000000e+04     1.52000000e+01    -2.43644488e+03     3.00729935e+02     5.44024881e+03    -3.18369159e+03   
    3.06000000e+04     1.53000000e+01    -2.43643843e+03     2.99780042e+02     5.44024881e+03    -3.17333368e+03   
    3.08000000e+04     1.54000000e+01    -2.43653445e+03     3.00024167e+02     5.44024881e+03    -3.17405131e+03   
    3.10000000e+04     1.55000000e+01    -2.43636612e+03     2.99887776e+02     5.44024881e+03    -3.17436469e+03   
    3.12000000e+04     1.56000000e+01    -2.43637277e+03     3.00420144e+02     5.44024881e+03    -3.18257137e+03   
    3.14000000e+04     1.57000000e+01    -2.43625860e+03     3.01315521e+02     5.44024881e+03    -3.18485246e+03   
    3.16000000e+04     1.58000000e+01    -2.43633886e+03     3.00216572e+02     5.44024881e+03    -3.18552061e+03   
    3.18000000e+04     1.59000000e+01    -2.43639873e+03     2.99703558e+02     5.44024881e+03    -3.18666660e+03   
    3.20000000e+04     1.60000000e+01    -2.43618370e+03     3.00819183e+02     5.44024881e+03    -3.16576160e+03   
    3.22000000e+04     1.61000000e+01    -2.43627119e+03     3.00327203e+02     5.44024881e+03    -3.16555835e+03   
    3.24000000e+04     1.62000000e+01    -2.43642702e+03     3.00608717e+02     5.44024881e+03    -3.17591323e+03   
    3.26000000e+04     1.63000000e+01    -2.43621727e+03     3.00098861e+02     5.44024881e+03    -3.16548676e+03   
    3.28000000e+04     1.64000000e+01    -2.43635844e+03     3.00541492e+02     5.44024881e+03    -3.17063206e+03   
    3.30000000e+04     1.65000000e+01    -2.43628502e+03     2.99102478e+02     5.44024881e+03    -3.17641224e+03   
    3.32000000e+04     1.66000000e+01    -2.43617072e+03     2.98575490e+02     5.44024881e+03    -3.17202892e+03   
    3.34000000e+04     1.67000000e+01    -2.43615499e+03     2.99777888e+02     5.44024881e+03    -3.17689092e+03   
    3.36000000e+04     1.68000000e+01    -2.43628502e+03     2.99728347e+02     5.44024881e+03    -3.18579749e+03   
    3.38000000e+04     1.69000000e+01    -2.43624005e+03     2.99975948e+02     5.44024881e+03    -3.17911849e+03   
    3.40000000e+04     1.70000000e+01    -2.43624512e+03     3.00296165e+02     5.44024881e+03    -3.17299633e+03   
    3.42000000e+04     1.71000000e+01    -2.43624268e+03     3.00287881e+02     5.44024881e+03    -3.18278829e+03   
    3.44000000e+04     1.72000000e+01    -2.43604219e+03     3.01526731e+02     5.44024881e+03    -3.16859981e+03   
    3.46000000e+04     1.73000000e+01    -2.43626686e+03     3.01494216e+02     5.44024881e+03    -3.18194758e+03   
    3.48000000e+04     1.74000000e+01    -2.43632338e+03     3.00633315e+02     5.44024881e+03    -3.19336926e+03   
    3.50000000e+04     1.75000000e+01    -2.43629065e+03     2.99964622e+02     5.44024881e+03    -3.16471543e+03   
    3.52000000e+04     1.76000000e+01    -2.43615164e+03     2.99556610e+02     5.44024881e+03    -3.16848503e+03   
    3.54000000e+04     1.77000000e+01    -2.43635299e+03     3.00079488e+02     5.44024881e+03    -3.18295740e+03   
    3.56000000e+04     1.78000000e+01    -2.43633475e+03     3.00078173e+02     5.44024881e+03    -3.17883183e+03   
    3.58000000e+04     1.79000000e+01    -2.43641728e+03     3.01113933e+02     5.44024881e+03    -3.20822744e+03   
    3.60000000e+04     1.80000000e+01    -2.43633693e+03     2.99957098e+02     5.44024881e+03    -3.17554728e+03   
    3.62000000e+04     1.81000000e+01    -2.43638284e+03     2.99991779e+02     5.44024881e+03    -3.19811993e+03   
    3.64000000e+04     1.82000000e+01    -2.43646947e+03     2.99081558e+02     5.44024881e+03    -3.19957097e+03   
    3.66000000e+04     1.83000000e+01    -2.43636419e+03     2.99931902e+02     5.44024881e+03    -3.20253176e+03   
    3.68000000e+04     1.84000000e+01    -2.43636273e+03     2.99453422e+02     5.44024881e+03    -3.18700039e+03   
    3.70000000e+04     1.85000000e+01    -2.43611598e+03     3.00894255e+02     5.44024881e+03    -3.19630850e+03   
    3.72000000e+04     1.86000000e+01    -2.43619424e+03     2.99695048e+02     5.44024881e+03    -3.19085047e+03   
    3.74000000e+04     1.87000000e+01    -2.43617827e+03     2.99275225e+02     5.44024881e+03    -3.19518097e+03   
    3.76000000e+04     1.88000000e+01    -2.43600391e+03     3.00077492e+02     5.44024881e+03    -3.19462836e+03   
    3.78000000e+04     1.89000000e+01    -2.43617054e+03     2.99296946e+02     5.44024881e+03    -3.20015739e+03   
    3.80000000e+04     1.90000000e+01    -2.43623415e+03     2.99641993e+02     5.44024881e+03    -3.18923871e+03   
    3.82000000e+04     1.91000000e+01    -2.43615778e+03     3.00887479e+02     5.44024881e+03    -3.18802824e+03   
    3.84000000e+04     1.92000000e+01    -2.43634877e+03     2.99427145e+02     5.44024881e+03    -3.19212242e+03   
    3.86000000e+04     1.93000000e+01    -2.43619659e+03     2.99998416e+02     5.44024881e+03    -3.18004459e+03   
    3.88000000e+04     1.94000000e+01    -2.43617743e+03     3.00073628e+02     5.44024881e+03    -3.18371092e+03   
    3.90000000e+04     1.95000000e+01    -2.43612710e+03     2.99726659e+02     5.44024881e+03    -3.19074482e+03   
    3.92000000e+04     1.96000000e+01    -2.43611929e+03     3.01432417e+02     5.44024881e+03    -3.17656610e+03   
    3.94000000e+04     1.97000000e+01    -2.43619961e+03     3.00487427e+02     5.44024881e+03    -3.17288789e+03   
    3.96000000e+04     1.98000000e+01    -2.43625476e+03     3.00590742e+02     5.44024881e+03    -3.19585657e+03   
    3.98000000e+04     1.99000000e+01    -2.43624538e+03     3.00573659e+02     5.44024881e+03    -3.18316782e+03   
    4.00000000e+04     2.00000000e+01    -2.43605290e+03     2.99482592e+02     5.44024881e+03    -3.18841762e+03   
