# column   1     --> step : The current simulation time step.
# column   2     --> time{picosecond} : The elapsed simulation time.
# column   3     --> conserved{electronvolt} : The value of the conserved energy quantity per bead.
# column   4     --> temperature{kelvin} : The current temperature, as obtained from the MD kinetic energy.
# column   5     --> kinetic_cv{electronvolt} : The centroid-virial quantum kinetic energy of the physical system.
# column   6     --> potential{electronvolt} : The physical system potential energy.
    0.00000000e+00     0.00000000e+00     2.28687043e+03     3.01199191e+02     5.44024881e+03    -3.17511640e+03   
    2.00000000e+02     1.00000000e-01     2.28685145e+03     3.01191604e+02     5.44024881e+03    -3.17499779e+03   
    4.00000000e+02     2.00000000e-01     2.28683323e+03     3.00835621e+02     5.44024881e+03    -3.16856054e+03   
    6.00000000e+02     3.00000000e-01     2.28688056e+03     3.01304885e+02     5.44024881e+03    -3.17702294e+03   
    8.00000000e+02     4.00000000e-01     2.28674301e+03     3.01736607e+02     5.44024881e+03    -3.18498941e+03   
    1.00000000e+03     5.00000000e-01     2.28666433e+03     3.02119365e+02     5.44024881e+03    -3.19200906e+03   
    1.20000000e+03     6.00000000e-01     2.28657942e+03     3.01556124e+02     5.44024881e+03    -3.18188007e+03   
    1.40000000e+03     7.00000000e-01     2.28673464e+03     3.01521104e+02     5.44024881e+03    -3.18108980e+03   
    1.60000000e+03     8.00000000e-01     2.28684235e+03     3.00860717e+02     5.44024881e+03    -3.16900652e+03   
    1.80000000e+03     9.00000000e-01     2.28681775e+03     3.00887724e+02     5.44024881e+03    -3.16952088e+03   
    2.00000000e+03     1.00000000e+00     2.28685243e+03     3.01204611e+02     5.44024881e+03    -3.17523267e+03   
    2.20000000e+03     1.10000000e+00     2.28690841e+03     3.00796519e+02     5.44024881e+03    -3.16777630e+03   
    2.40000000e+03     1.20000000e+00     2.28677142e+03     3.00679351e+02     5.44024881e+03    -3.16578854e+03   
    2.60000000e+03     1.30000000e+00     2.28669485e+03     3.01177328e+02     5.44024881e+03    -3.17489550e+03   
    2.80000000e+03     1.40000000e+00     2.28684515e+03     3.00833789e+02     5.44024881e+03    -3.16851542e+03   
    3.00000000e+03     1.50000000e+00     2.28685819e+03     3.00837035e+02     5.44024881e+03    -3.16856124e+03   
    3.20000000e+03     1.60000000e+00     2.28690901e+03     3.00707049e+02     5.44024881e+03    -3.16615323e+03   
    3.40000000e+03     1.70000000e+00     2.28684619e+03     3.00309241e+02     5.44024881e+03    -3.15900213e+03   
    3.60000000e+03     1.80000000e+00     2.28684579e+03     3.01052743e+02     5.44024881e+03    -3.17248532e+03   
    3.80000000e+03     1.90000000e+00     2.28679606e+03     3.00820266e+02     5.44024881e+03    -3.16831926e+03   
    4.00000000e+03     2.00000000e+00     2.28686522e+03     3.01174042e+02     5.44024881e+03    -3.17466555e+03   
    4.20000000e+03     2.10000000e+00     2.28674642e+03     3.01445639e+02     5.44024881e+03    -3.17970953e+03   
    4.40000000e+03     2.20000000e+00     2.28678299e+03     3.01057341e+02     5.44024881e+03    -3.17263150e+03   
    4.60000000e+03     2.30000000e+00     2.28670683e+03     3.00602896e+02     5.44024881e+03    -3.16446668e+03   
    4.80000000e+03     2.40000000e+00     2.28681696e+03     3.01117184e+02     5.44024881e+03    -3.17368272e+03   
    5.00000000e+03     2.50000000e+00     2.28688213e+03     3.01493405e+02     5.44024881e+03    -3.18044002e+03   
    5.20000000e+03     2.60000000e+00     2.28692935e+03     3.01654387e+02     5.44024881e+03    -3.18331206e+03   
    5.40000000e+03     2.70000000e+00     2.28684464e+03     3.01238525e+02     5.44024881e+03    -3.17585547e+03   
    5.60000000e+03     2.80000000e+00     2.28680450e+03     3.01771067e+02     5.44024881e+03    -3.18555281e+03   
    5.80000000e+03     2.90000000e+00     2.28681623e+03     3.01727154e+02     5.44024881e+03    -3.18474476e+03   
    6.00000000e+03     3.00000000e+00     2.28684918e+03     3.01136705e+02     5.44024881e+03    -3.17400452e+03   
    6.20000000e+03     3.10000000e+00     2.28688644e+03     3.00917397e+02     5.44024881e+03    -3.16999027e+03   
    6.40000000e+03     3.20000000e+00     2.28678673e+03     3.01324584e+02     5.44024881e+03    -3.17747398e+03   
    6.60000000e+03     3.30000000e+00     2.28678260e+03     3.00413119e+02     5.44024881e+03    -3.16094946e+03   
    6.80000000e+03     3.40000000e+00     2.28671032e+03     3.00119410e+02     5.44024881e+03    -3.15569557e+03   
    7.00000000e+03     3.50000000e+00     2.28670571e+03     3.00970853e+02     5.44024881e+03    -3.17114040e+03   
    7.20000000e+03     3.60000000e+00     2.28674505e+03     3.01532556e+02     5.44024881e+03    -3.18128707e+03   
    7.40000000e+03     3.70000000e+00     2.28664952e+03     3.01206979e+02     5.44024881e+03    -3.17547853e+03   
    7.60000000e+03     3.80000000e+00     2.28683671e+03     3.00944683e+02     5.44024881e+03    -3.17053482e+03   
    7.80000000e+03     3.90000000e+00     2.28681926e+03     3.00899444e+02     5.44024881e+03    -3.16973190e+03   
    8.00000000e+03     4.00000000e+00     2.28689158e+03     3.00874384e+02     5.44024881e+03    -3.16920513e+03   
    8.20000000e+03     4.10000000e+00     2.28686155e+03     3.00939664e+02     5.44024881e+03    -3.17041896e+03   
    8.40000000e+03     4.20000000e+00     2.28685221e+03     3.01361071e+02     5.44024881e+03    -3.17807016e+03   
    8.60000000e+03     4.30000000e+00     2.28680152e+03     3.01448462e+02     5.44024881e+03    -3.17970561e+03   
    8.80000000e+03     4.40000000e+00     2.28678546e+03     3.00704337e+02     5.44024881e+03    -3.16622760e+03   
    9.00000000e+03     4.50000000e+00     2.28689015e+03     3.00973560e+02     5.44024881e+03    -3.17100504e+03   
    9.20000000e+03     4.60000000e+00     2.28683807e+03     3.00928337e+02     5.44024881e+03    -3.17023705e+03   
    9.40000000e+03     4.70000000e+00     2.28670639e+03     3.00877423e+02     5.44024881e+03    -3.16944544e+03   
    9.60000000e+03     4.80000000e+00     2.28663273e+03     3.01789278e+02     5.44024881e+03    -3.18605481e+03   
    9.80000000e+03     4.90000000e+00     2.28657928e+03     3.01478390e+02     5.44024881e+03    -3.18047059e+03   
    1.00000000e+04     5.00000000e+00     2.28681148e+03     3.01691698e+02     5.44024881e+03    -3.18410654e+03   
    1.02000000e+04     5.10000000e+00     2.28684712e+03     3.01077895e+02     5.44024881e+03    -3.17294011e+03   
    1.04000000e+04     5.20000000e+00     2.28678837e+03     3.01450368e+02     5.44024881e+03    -3.17975332e+03   
    1.06000000e+04     5.30000000e+00     2.28696587e+03     3.01038434e+02     5.44024881e+03    -3.17210575e+03   
    1.08000000e+04     5.40000000e+00     2.28687121e+03     3.00560924e+02     5.44024881e+03    -3.16354118e+03   
    1.10000000e+04     5.50000000e+00     2.28693573e+03     3.00673913e+02     5.44024881e+03    -3.16552561e+03   
    1.12000000e+04     5.60000000e+00     2.28685902e+03     3.01035572e+02     5.44024881e+03    -3.17216070e+03   
    1.14000000e+04     5.70000000e+00     2.28681769e+03     3.00477929e+02     5.44024881e+03    -3.16208964e+03   
    1.16000000e+04     5.80000000e+00     2.28673166e+03     3.01203676e+02     5.44024881e+03    -3.17533650e+03   
    1.18000000e+04     5.90000000e+00     2.28690611e+03     3.00900804e+02     5.44024881e+03    -3.16966971e+03   
    1.20000000e+04     6.00000000e+00     2.28685686e+03     3.01044599e+02     5.44024881e+03    -3.17232657e+03   
    1.22000000e+04     6.10000000e+00     2.28701944e+03     3.00251822e+02     5.44024881e+03    -3.15778764e+03   
    1.24000000e+04     6.20000000e+00     2.28697613e+03     3.00787222e+02     5.44024881e+03    -3.16753998e+03   
    1.26000000e+04     6.30000000e+00     2.28687841e+03     3.00863385e+02     5.44024881e+03    -3.16901886e+03   
    1.28000000e+04     6.40000000e+00     2.28673918e+03     3.01033483e+02     5.44024881e+03    -3.17224267e+03   
    1.30000000e+04     6.50000000e+00     2.28662945e+03     3.01513318e+02     5.44024881e+03    -3.18105380e+03   
    1.32000000e+04     6.60000000e+00     2.28677591e+03     3.01902947e+02     5.44024881e+03    -3.18797294e+03   
    1.34000000e+04     6.70000000e+00     2.28676473e+03     3.00717567e+02     5.44024881e+03    -3.16648823e+03   
    1.36000000e+04     6.80000000e+00     2.28680589e+03     3.01066004e+02     5.44024881e+03    -3.17276570e+03   
    1.38000000e+04     6.90000000e+00     2.28677492e+03     3.00282231e+02     5.44024881e+03    -3.15858359e+03   
    1.40000000e+04     7.00000000e+00     2.28676081e+03     3.01117597e+02     5.44024881e+03    -3.17374636e+03   
    1.42000000e+04     7.10000000e+00     2.28689353e+03     3.00700791e+02     5.44024881e+03    -3.16605523e+03   
    1.44000000e+04     7.20000000e+00     2.28675714e+03     3.00625357e+02     5.44024881e+03    -3.16482369e+03   
    1.46000000e+04     7.30000000e+00     2.28679542e+03     3.00490897e+02     5.44024881e+03    -3.16234708e+03   
    1.48000000e+04     7.40000000e+00     2.28696914e+03     3.00667404e+02     5.44024881e+03    -3.16537417e+03   
    1.50000000e+04     7.50000000e+00     2.28700855e+03     3.01182894e+02     5.44024881e+03    -3.17468273e+03   
    1.52000000e+04     7.60000000e+00     2.28684095e+03     3.00800617e+02     5.44024881e+03    -3.16791806e+03   
    1.54000000e+04     7.70000000e+00     2.28693958e+03     3.01030533e+02     5.44024881e+03    -3.17198877e+03   
    1.56000000e+04     7.80000000e+00     2.28691501e+03     3.01667330e+02     5.44024881e+03    -3.18356112e+03   
    1.58000000e+04     7.90000000e+00     2.28701065e+03     3.00858336e+02     5.44024881e+03    -3.16879504e+03   
    1.60000000e+04     8.00000000e+00     2.28684550e+03     3.01263360e+02     5.44024881e+03    -3.17630496e+03   
    1.62000000e+04     8.10000000e+00     2.28684899e+03     3.01087618e+02     5.44024881e+03    -3.17311454e+03   
    1.64000000e+04     8.20000000e+00     2.28676590e+03     3.01008682e+02     5.44024881e+03    -3.17176620e+03   
    1.66000000e+04     8.30000000e+00     2.28691583e+03     3.01414015e+02     5.44024881e+03    -3.17896664e+03   
    1.68000000e+04     8.40000000e+00     2.28686687e+03     3.01636318e+02     5.44024881e+03    -3.18304689e+03   
    1.70000000e+04     8.50000000e+00     2.28693842e+03     3.01514044e+02     5.44024881e+03    -3.18075799e+03   
    1.72000000e+04     8.60000000e+00     2.28696615e+03     3.01296735e+02     5.44024881e+03    -3.17678955e+03   
    1.74000000e+04     8.70000000e+00     2.28693922e+03     3.01642936e+02     5.44024881e+03    -3.18309456e+03   
    1.76000000e+04     8.80000000e+00     2.28690274e+03     3.01045045e+02     5.44024881e+03    -3.17228878e+03   
    1.78000000e+04     8.90000000e+00     2.28688871e+03     3.00491550e+02     5.44024881e+03    -3.16226564e+03   
    1.80000000e+04     9.00000000e+00     2.28698482e+03     3.00484238e+02     5.44024881e+03    -3.16203692e+03   
    1.82000000e+04     9.10000000e+00     2.28693466e+03     3.00863198e+02     5.44024881e+03    -3.16895921e+03   
    1.84000000e+04     9.20000000e+00     2.28684117e+03     3.00851760e+02     5.44024881e+03    -3.16884528e+03   
    1.86000000e+04     9.30000000e+00     2.28688356e+03     3.00132637e+02     5.44024881e+03    -3.15576220e+03   
    1.88000000e+04     9.40000000e+00     2.28680732e+03     2.99833462e+02     5.44024881e+03    -3.15041314e+03   
    1.90000000e+04     9.50000000e+00     2.28691689e+03     3.00685402e+02     5.44024881e+03    -3.16575279e+03   
    1.92000000e+04     9.60000000e+00     2.28679036e+03     3.01354021e+02     5.44024881e+03    -3.17800417e+03   
    1.94000000e+04     9.70000000e+00     2.28687641e+03     3.02085780e+02     5.44024881e+03    -3.19118796e+03   
    1.96000000e+04     9.80000000e+00     2.28683658e+03     3.01402817e+02     5.44024881e+03    -3.17884283e+03   
    1.98000000e+04     9.90000000e+00     2.28692656e+03     3.01279904e+02     5.44024881e+03    -3.17652392e+03   
    2.00000000e+04     1.00000000e+01     2.28694287e+03     3.00832201e+02     5.44024881e+03    -3.16838889e+03   
    2.02000000e+04     1.01000000e+01     2.28677199e+03     3.01260930e+02     5.44024881e+03    -3.17633441e+03   
    2.04000000e+04     1.02000000e+01     2.28689997e+03     3.01468981e+02     5.44024881e+03    -3.17997927e+03   
    2.06000000e+04     1.03000000e+01     2.28698623e+03     3.01048442e+02     5.44024881e+03    -3.17226689e+03   
    2.08000000e+04     1.04000000e+01     2.28690071e+03     3.01491527e+02     5.44024881e+03    -3.18038739e+03   
    2.10000000e+04     1.05000000e+01     2.28683733e+03     3.01107973e+02     5.44024881e+03    -3.17349532e+03   
    2.12000000e+04     1.06000000e+01     2.28696168e+03     3.00490619e+02     5.44024881e+03    -3.16217577e+03   
    2.14000000e+04     1.07000000e+01     2.28685414e+03     3.01157257e+02     5.44024881e+03    -3.17437224e+03   
    2.16000000e+04     1.08000000e+01     2.28687936e+03     3.00430653e+02     5.44024881e+03    -3.16117067e+03   
    2.18000000e+04     1.09000000e+01     2.28692583e+03     3.00744068e+02     5.44024881e+03    -3.16680772e+03   
    2.20000000e+04     1.10000000e+01     2.28695555e+03     3.01006447e+02     5.44024881e+03    -3.17153603e+03   
    2.22000000e+04     1.11000000e+01     2.28695008e+03     3.01533581e+02     5.44024881e+03    -3.18110063e+03   
    2.24000000e+04     1.12000000e+01     2.28679413e+03     3.01606252e+02     5.44024881e+03    -3.18257440e+03   
    2.26000000e+04     1.13000000e+01     2.28689859e+03     3.01469575e+02     5.44024881e+03    -3.17999142e+03   
    2.28000000e+04     1.14000000e+01     2.28691332e+03     3.01040842e+02     5.44024881e+03    -3.17220198e+03   
    2.30000000e+04     1.15000000e+01     2.28680825e+03     3.00854278e+02     5.44024881e+03    -3.16892387e+03   
    2.32000000e+04     1.16000000e+01     2.28694286e+03     3.01533540e+02     5.44024881e+03    -3.18110710e+03   
    2.34000000e+04     1.17000000e+01     2.28695030e+03     3.00472204e+02     5.44024881e+03    -3.16185323e+03   
    2.36000000e+04     1.18000000e+01     2.28705579e+03     3.00692653e+02     5.44024881e+03    -3.16574539e+03   
    2.38000000e+04     1.19000000e+01     2.28702632e+03     3.00656068e+02     5.44024881e+03    -3.16511141e+03   
    2.40000000e+04     1.20000000e+01     2.28699595e+03     3.00679544e+02     5.44024881e+03    -3.16556751e+03   
    2.42000000e+04     1.21000000e+01     2.28707853e+03     3.01057406e+02     5.44024881e+03    -3.17233715e+03   
    2.44000000e+04     1.22000000e+01     2.28695384e+03     3.01327616e+02     5.44024881e+03    -3.17736186e+03   
    2.46000000e+04     1.23000000e+01     2.28700051e+03     3.00870471e+02     5.44024881e+03    -3.16902525e+03   
    2.48000000e+04     1.24000000e+01     2.28701931e+03     3.01127365e+02     5.44024881e+03    -3.17366501e+03   
    2.50000000e+04     1.25000000e+01     2.28676998e+03     3.00426412e+02     5.44024881e+03    -3.16120315e+03   
    2.52000000e+04     1.26000000e+01     2.28691204e+03     3.01113474e+02     5.44024881e+03    -3.17352037e+03   
    2.54000000e+04     1.27000000e+01     2.28681906e+03     3.00986717e+02     5.44024881e+03    -3.17131473e+03   
    2.56000000e+04     1.28000000e+01     2.28687687e+03     3.02028517e+02     5.44024881e+03    -3.19014909e+03   
    2.58000000e+04     1.29000000e+01     2.28698548e+03     3.01554760e+02     5.44024881e+03    -3.18144929e+03   
    2.60000000e+04     1.30000000e+01     2.28692321e+03     3.01913033e+02     5.44024881e+03    -3.18800854e+03   
    2.62000000e+04     1.31000000e+01     2.28699346e+03     3.00797608e+02     5.44024881e+03    -3.16771099e+03   
    2.64000000e+04     1.32000000e+01     2.28689894e+03     3.00750608e+02     5.44024881e+03    -3.16695321e+03   
    2.66000000e+04     1.33000000e+01     2.28701229e+03     3.00329405e+02     5.44024881e+03    -3.15920169e+03   
    2.68000000e+04     1.34000000e+01     2.28690989e+03     3.01122918e+02     5.44024881e+03    -3.17369379e+03   
    2.70000000e+04     1.35000000e+01     2.28687424e+03     3.00800481e+02     5.44024881e+03    -3.16788232e+03   
    2.72000000e+04     1.36000000e+01     2.28683321e+03     3.01727913e+02     5.44024881e+03    -3.18474154e+03   
    2.74000000e+04     1.37000000e+01     2.28685167e+03     3.01690815e+02     5.44024881e+03    -3.18405034e+03   
    2.76000000e+04     1.38000000e+01     2.28694503e+03     3.01014377e+02     5.44024881e+03    -3.17169034e+03   
    2.78000000e+04     1.39000000e+01     2.28697132e+03     3.00808411e+02     5.44024881e+03    -3.16792904e+03   
    2.80000000e+04     1.40000000e+01     2.28704275e+03     3.00689543e+02     5.44024881e+03    -3.16570203e+03   
    2.82000000e+04     1.41000000e+01     2.28687435e+03     3.01888627e+02     5.44024881e+03    -3.18761482e+03   
    2.84000000e+04     1.42000000e+01     2.28690712e+03     3.01480528e+02     5.44024881e+03    -3.18018152e+03   
    2.86000000e+04     1.43000000e+01     2.28691384e+03     3.00869773e+02     5.44024881e+03    -3.16909926e+03   
    2.88000000e+04     1.44000000e+01     2.28707222e+03     3.00995323e+02     5.44024881e+03    -3.17121763e+03   
    2.90000000e+04     1.45000000e+01     2.28692393e+03     3.00930897e+02     5.44024881e+03    -3.17019759e+03   
    2.92000000e+04     1.46000000e+01     2.28688436e+03     3.01274603e+02     5.44024881e+03    -3.17647001e+03   
    2.94000000e+04     1.47000000e+01     2.28696011e+03     3.01151919e+02     5.44024881e+03    -3.17416948e+03   
    2.96000000e+04     1.48000000e+01     2.28700556e+03     3.01219599e+02     5.44024881e+03    -3.17535134e+03   
    2.98000000e+04     1.49000000e+01     2.28707571e+03     3.01314038e+02     5.44024881e+03    -3.17699377e+03   
    3.00000000e+04     1.50000000e+01     2.28691699e+03     3.00346068e+02     5.44024881e+03    -3.15959916e+03   
    3.02000000e+04     1.51000000e+01     2.28703739e+03     3.00792370e+02     5.44024881e+03    -3.16757208e+03   
    3.04000000e+04     1.52000000e+01     2.28695321e+03     3.00480165e+02     5.44024881e+03    -3.16199469e+03   
    3.06000000e+04     1.53000000e+01     2.28697248e+03     3.00640067e+02     5.44024881e+03    -3.16487509e+03   
    3.08000000e+04     1.54000000e+01     2.28693751e+03     3.01101180e+02     5.44024881e+03    -3.17327197e+03   
    3.10000000e+04     1.55000000e+01     2.28692378e+03     3.01450199e+02     5.44024881e+03    -3.17961487e+03   
    3.12000000e+04     1.56000000e+01     2.28703617e+03     3.00417138e+02     5.44024881e+03    -3.16076877e+03   
    3.14000000e+04     1.57000000e+01     2.28699756e+03     3.01025041e+02     5.44024881e+03    -3.17183119e+03   
    3.16000000e+04     1.58000000e+01     2.28702058e+03     3.01090289e+02     5.44024881e+03    -3.17299140e+03   
    3.18000000e+04     1.59000000e+01     2.28699414e+03     3.00829267e+02     5.44024881e+03    -3.16828443e+03   
    3.20000000e+04     1.60000000e+01     2.28692840e+03     3.00669665e+02     5.44024881e+03    -3.16545591e+03   
    3.22000000e+04     1.61000000e+01     2.28700656e+03     3.00744560e+02     5.44024881e+03    -3.16673591e+03   
    3.24000000e+04     1.62000000e+01     2.28695123e+03     3.01197712e+02     5.44024881e+03    -3.17500876e+03   
    3.26000000e+04     1.63000000e+01     2.28703974e+03     3.01186561e+02     5.44024881e+03    -3.17471805e+03   
    3.28000000e+04     1.64000000e+01     2.28708402e+03     3.00855770e+02     5.44024881e+03    -3.16867515e+03   
    3.30000000e+04     1.65000000e+01     2.28716489e+03     3.01457211e+02     5.44024881e+03    -3.17950090e+03   
    3.32000000e+04     1.66000000e+01     2.28713703e+03     3.01188557e+02     5.44024881e+03    -3.17465694e+03   
    3.34000000e+04     1.67000000e+01     2.28704218e+03     3.01514638e+02     5.44024881e+03    -3.18066501e+03   
    3.36000000e+04     1.68000000e+01     2.28697293e+03     3.01330392e+02     5.44024881e+03    -3.17739311e+03   
    3.38000000e+04     1.69000000e+01     2.28701216e+03     3.01738751e+02     5.44024881e+03    -3.18475914e+03   
    3.40000000e+04     1.70000000e+01     2.28718271e+03     3.01268053e+02     5.44024881e+03    -3.17605286e+03   
    3.42000000e+04     1.71000000e+01     2.28693189e+03     3.01368894e+02     5.44024881e+03    -3.17813235e+03   
    3.44000000e+04     1.72000000e+01     2.28694909e+03     3.01042392e+02     5.44024881e+03    -3.17219431e+03   
    3.46000000e+04     1.73000000e+01     2.28688148e+03     3.01352221e+02     5.44024881e+03    -3.17788041e+03   
    3.48000000e+04     1.74000000e+01     2.28701342e+03     3.01234543e+02     5.44024881e+03    -3.17561447e+03   
    3.50000000e+04     1.75000000e+01     2.28714904e+03     3.00962836e+02     5.44024881e+03    -3.17055169e+03   
    3.52000000e+04     1.76000000e+01     2.28703383e+03     3.00248412e+02     5.44024881e+03    -3.15771142e+03   
    3.54000000e+04     1.77000000e+01     2.28693784e+03     3.00546177e+02     5.44024881e+03    -3.16320711e+03   
    3.56000000e+04     1.78000000e+01     2.28697529e+03     3.01117996e+02     5.44024881e+03    -3.17353912e+03   
    3.58000000e+04     1.79000000e+01     2.28708235e+03     3.01415115e+02     5.44024881e+03    -3.17882007e+03   
    3.60000000e+04     1.80000000e+01     2.28707486e+03     3.01328465e+02     5.44024881e+03    -3.17725624e+03   
    3.62000000e+04     1.81000000e+01     2.28701648e+03     3.01103241e+02     5.44024881e+03    -3.17323037e+03   
    3.64000000e+04     1.82000000e+01     2.28693885e+03     3.00996887e+02     5.44024881e+03    -3.17137936e+03   
    3.66000000e+04     1.83000000e+01     2.28685871e+03     3.01386315e+02     5.44024881e+03    -3.17852145e+03   
    3.68000000e+04     1.84000000e+01     2.28693302e+03     3.01081365e+02     5.44024881e+03    -3.17291712e+03   
    3.70000000e+04     1.85000000e+01     2.28698028e+03     3.00415603e+02     5.44024881e+03    -3.16079683e+03   
    3.72000000e+04     1.86000000e+01     2.28710986e+03     3.00602195e+02     5.44024881e+03    -3.16405094e+03   
    3.74000000e+04     1.87000000e+01     2.28710730e+03     3.00976294e+02     5.44024881e+03    -3.17083747e+03   
    3.76000000e+04     1.88000000e+01     2.28700995e+03     3.00438970e+02     5.44024881e+03    -3.16119090e+03   
    3.78000000e+04     1.89000000e+01     2.28701563e+03     3.00635190e+02     5.44024881e+03    -3.16474352e+03   
    3.80000000e+04     1.90000000e+01     2.28714340e+03     3.00669422e+02     5.44024881e+03    -3.16523652e+03   
    3.82000000e+04     1.91000000e+01     2.28700862e+03     3.00492421e+02     5.44024881e+03    -3.16216152e+03   
    3.84000000e+04     1.92000000e+01     2.28711774e+03     3.00685436e+02     5.44024881e+03    -3.16555257e+03   
    3.86000000e+04     1.93000000e+01     2.28703941e+03     3.00566730e+02     5.44024881e+03    -3.16347826e+03   
    3.88000000e+04     1.94000000e+01     2.28698080e+03     3.01006742e+02     5.44024881e+03    -3.17151612e+03   
    3.90000000e+04     1.95000000e+01     2.28703695e+03     3.01349968e+02     5.44024881e+03    -3.17768408e+03   
    3.92000000e+04     1.96000000e+01     2.28707083e+03     3.00724791e+02     5.44024881e+03    -3.16631315e+03   
    3.94000000e+04     1.97000000e+01     2.28715988e+03     3.01326710e+02     5.44024881e+03    -3.17713938e+03   
    3.96000000e+04     1.98000000e+01     2.28718809e+03     3.01216743e+02     5.44024881e+03    -3.17511702e+03   
    3.98000000e+04     1.99000000e+01     2.28693366e+03     3.01168853e+02     5.44024881e+03    -3.17450301e+03   
    4.00000000e+04     2.00000000e+01     2.28695986e+03     3.00821767e+02     5.44024881e+03    -3.16818271e+03   
