# column   1     --> step : The current simulation time step.
# column   2     --> time{picosecond} : The elapsed simulation time.
# column   3     --> conserved{electronvolt} : The value of the conserved energy quantity per bead.
# column   4     --> temperature{kelvin} : The current temperature, as obtained from the MD kinetic energy.
# column   5     --> kinetic_cv{electronvolt} : The centroid-virial quantum kinetic energy of the physical system.
# column   6     --> potential{electronvolt} : The physical system potential energy.
    0.00000000e+00     0.00000000e+00     2.27969739e+03     3.01199191e+02     5.44024881e+03    -3.18228943e+03   
    2.00000000e+02     1.00000000e-01     2.27957769e+03     3.00974620e+02     5.44024881e+03    -3.17833671e+03   
    4.00000000e+02     2.00000000e-01     2.27957903e+03     3.00675211e+02     5.44024881e+03    -3.17290585e+03   
    6.00000000e+02     3.00000000e-01     2.27957111e+03     3.00441060e+02     5.44024881e+03    -3.16866763e+03   
    8.00000000e+02     4.00000000e-01     2.27961984e+03     3.00202821e+02     5.44024881e+03    -3.16429864e+03   
    1.00000000e+03     5.00000000e-01     2.27965829e+03     3.00483711e+02     5.44024881e+03    -3.16935389e+03   
    1.20000000e+03     6.00000000e-01     2.27958870e+03     3.01364828e+02     5.44024881e+03    -3.18540181e+03   
    1.40000000e+03     7.00000000e-01     2.27967974e+03     3.00984590e+02     5.44024881e+03    -3.17841548e+03   
    1.60000000e+03     8.00000000e-01     2.27974311e+03     3.00680898e+02     5.44024881e+03    -3.17284489e+03   
    1.80000000e+03     9.00000000e-01     2.27977685e+03     2.99663927e+02     5.44024881e+03    -3.15436924e+03   
    2.00000000e+03     1.00000000e+00     2.27984643e+03     2.99893792e+02     5.44024881e+03    -3.15846808e+03   
    2.20000000e+03     1.10000000e+00     2.27983153e+03     2.99948581e+02     5.44024881e+03    -3.15947652e+03   
    2.40000000e+03     1.20000000e+00     2.27967528e+03     3.00645150e+02     5.44024881e+03    -3.17226447e+03   
    2.60000000e+03     1.30000000e+00     2.27979496e+03     3.00151916e+02     5.44024881e+03    -3.16320040e+03   
    2.80000000e+03     1.40000000e+00     2.27979812e+03     3.00694561e+02     5.44024881e+03    -3.17303766e+03   
    3.00000000e+03     1.50000000e+00     2.27965562e+03     3.00704503e+02     5.44024881e+03    -3.17336045e+03   
    3.20000000e+03     1.60000000e+00     2.27964360e+03     3.01119713e+02     5.44024881e+03    -3.18090195e+03   
    3.40000000e+03     1.70000000e+00     2.27959991e+03     3.00815129e+02     5.44024881e+03    -3.17542226e+03   
    3.60000000e+03     1.80000000e+00     2.27967918e+03     3.00303877e+02     5.44024881e+03    -3.16607186e+03   
    3.80000000e+03     1.90000000e+00     2.27968906e+03     3.00979314e+02     5.44024881e+03    -3.17831048e+03   
    4.00000000e+03     2.00000000e+00     2.27962617e+03     3.00932907e+02     5.44024881e+03    -3.17753182e+03   
    4.20000000e+03     2.10000000e+00     2.27956883e+03     3.01025348e+02     5.44024881e+03    -3.17926548e+03   
    4.40000000e+03     2.20000000e+00     2.27959907e+03     3.00447953e+02     5.44024881e+03    -3.16876468e+03   
    4.60000000e+03     2.30000000e+00     2.27955757e+03     3.01224965e+02     5.44024881e+03    -3.18289664e+03   
    4.80000000e+03     2.40000000e+00     2.27962226e+03     3.00703959e+02     5.44024881e+03    -3.17338394e+03   
    5.00000000e+03     2.50000000e+00     2.27958202e+03     3.00681913e+02     5.44024881e+03    -3.17302441e+03   
    5.20000000e+03     2.60000000e+00     2.27963537e+03     3.00060258e+02     5.44024881e+03    -3.16169785e+03   
    5.40000000e+03     2.70000000e+00     2.27965916e+03     3.00595002e+02     5.44024881e+03    -3.17137120e+03   
    5.60000000e+03     2.80000000e+00     2.27961592e+03     3.00995368e+02     5.44024881e+03    -3.17867475e+03   
    5.80000000e+03     2.90000000e+00     2.27960354e+03     3.00524904e+02     5.44024881e+03    -3.17015564e+03   
    6.00000000e+03     3.00000000e+00     2.27971252e+03     3.00739500e+02     5.44024881e+03    -3.17393819e+03   
    6.20000000e+03     3.10000000e+00     2.27970989e+03     3.01168936e+02     5.44024881e+03    -3.18172829e+03   
    6.40000000e+03     3.20000000e+00     2.27968486e+03     3.00551550e+02     5.44024881e+03    -3.17055754e+03   
    6.60000000e+03     3.30000000e+00     2.27967570e+03     3.00728315e+02     5.44024881e+03    -3.17377218e+03   
    6.80000000e+03     3.40000000e+00     2.27956068e+03     3.01525441e+02     5.44024881e+03    -3.18834241e+03   
    7.00000000e+03     3.50000000e+00     2.27952712e+03     3.01203976e+02     5.44024881e+03    -3.18254647e+03   
    7.20000000e+03     3.60000000e+00     2.27964790e+03     3.01171860e+02     5.44024881e+03    -3.18184328e+03   
    7.40000000e+03     3.70000000e+00     2.27967552e+03     3.00517617e+02     5.44024881e+03    -3.16995152e+03   
    7.60000000e+03     3.80000000e+00     2.27971957e+03     3.01090792e+02     5.44024881e+03    -3.18030153e+03   
    7.80000000e+03     3.90000000e+00     2.27968823e+03     3.01476014e+02     5.44024881e+03    -3.18731855e+03   
    8.00000000e+03     4.00000000e+00     2.27958937e+03     3.01045656e+02     5.44024881e+03    -3.17961322e+03   
    8.20000000e+03     4.10000000e+00     2.27970117e+03     3.00336700e+02     5.44024881e+03    -3.16664510e+03   
    8.40000000e+03     4.20000000e+00     2.27968925e+03     3.00741851e+02     5.44024881e+03    -3.17400409e+03   
    8.60000000e+03     4.30000000e+00     2.27963827e+03     2.99770419e+02     5.44024881e+03    -3.15643896e+03   
    8.80000000e+03     4.40000000e+00     2.27961512e+03     3.00296518e+02     5.44024881e+03    -3.16600249e+03   
    9.00000000e+03     4.50000000e+00     2.27968255e+03     3.00239927e+02     5.44024881e+03    -3.16490883e+03   
    9.20000000e+03     4.60000000e+00     2.27948786e+03     3.00512579e+02     5.44024881e+03    -3.17004783e+03   
    9.40000000e+03     4.70000000e+00     2.27952550e+03     3.01242421e+02     5.44024881e+03    -3.18324527e+03   
    9.60000000e+03     4.80000000e+00     2.27965120e+03     3.01126188e+02     5.44024881e+03    -3.18101178e+03   
    9.80000000e+03     4.90000000e+00     2.27958791e+03     3.01598337e+02     5.44024881e+03    -3.18963709e+03   
    1.00000000e+04     5.00000000e+00     2.27979282e+03     3.00998732e+02     5.44024881e+03    -3.17855885e+03   
    1.02000000e+04     5.10000000e+00     2.27968272e+03     3.01251670e+02     5.44024881e+03    -3.18325576e+03   
    1.04000000e+04     5.20000000e+00     2.27975197e+03     3.00868459e+02     5.44024881e+03    -3.17623730e+03   
    1.06000000e+04     5.30000000e+00     2.27977892e+03     3.00977175e+02     5.44024881e+03    -3.17818182e+03   
    1.08000000e+04     5.40000000e+00     2.27987257e+03     3.00560261e+02     5.44024881e+03    -3.17052779e+03   
    1.10000000e+04     5.50000000e+00     2.27969838e+03     3.00278562e+02     5.44024881e+03    -3.16559361e+03   
    1.12000000e+04     5.60000000e+00     2.27973418e+03     3.00928213e+02     5.44024881e+03    -3.17733868e+03   
    1.14000000e+04     5.70000000e+00     2.27974863e+03     3.01483235e+02     5.44024881e+03    -3.18738908e+03   
    1.16000000e+04     5.80000000e+00     2.27964969e+03     3.00980322e+02     5.44024881e+03    -3.17836812e+03   
    1.18000000e+04     5.90000000e+00     2.27967035e+03     3.00757765e+02     5.44024881e+03    -3.17431158e+03   
    1.20000000e+04     6.00000000e+00     2.27961491e+03     3.00836902e+02     5.44024881e+03    -3.17580211e+03   
    1.22000000e+04     6.10000000e+00     2.27959928e+03     3.01378928e+02     5.44024881e+03    -3.18564693e+03   
    1.24000000e+04     6.20000000e+00     2.27978444e+03     3.00765245e+02     5.44024881e+03    -3.17433313e+03   
    1.26000000e+04     6.30000000e+00     2.27976710e+03     3.00729140e+02     5.44024881e+03    -3.17369574e+03   
    1.28000000e+04     6.40000000e+00     2.27984701e+03     3.01256446e+02     5.44024881e+03    -3.18317809e+03   
    1.30000000e+04     6.50000000e+00     2.27969864e+03     3.01032987e+02     5.44024881e+03    -3.17927421e+03   
    1.32000000e+04     6.60000000e+00     2.27962416e+03     3.01456026e+02     5.44024881e+03    -3.18702014e+03   
    1.34000000e+04     6.70000000e+00     2.27974376e+03     3.01373056e+02     5.44024881e+03    -3.18539596e+03   
    1.36000000e+04     6.80000000e+00     2.27986756e+03     3.00823882e+02     5.44024881e+03    -3.17531334e+03   
    1.38000000e+04     6.90000000e+00     2.27980825e+03     3.00656509e+02     5.44024881e+03    -3.17233750e+03   
    1.40000000e+04     7.00000000e+00     2.27979089e+03     3.00318179e+02     5.44024881e+03    -3.16621951e+03   
    1.42000000e+04     7.10000000e+00     2.27976184e+03     3.00638763e+02     5.44024881e+03    -3.17206209e+03   
    1.44000000e+04     7.20000000e+00     2.27967972e+03     3.01817961e+02     5.44024881e+03    -3.19352798e+03   
    1.46000000e+04     7.30000000e+00     2.27982104e+03     3.00146551e+02     5.44024881e+03    -3.16307704e+03   
    1.48000000e+04     7.40000000e+00     2.27987048e+03     3.00622716e+02     5.44024881e+03    -3.17166245e+03   
    1.50000000e+04     7.50000000e+00     2.27971878e+03     3.00430793e+02     5.44024881e+03    -3.16833379e+03   
    1.52000000e+04     7.60000000e+00     2.27970982e+03     3.00304407e+02     5.44024881e+03    -3.16605085e+03   
    1.54000000e+04     7.70000000e+00     2.27959603e+03     3.00557348e+02     5.44024881e+03    -3.17075150e+03   
    1.56000000e+04     7.80000000e+00     2.27967454e+03     3.00268310e+02     5.44024881e+03    -3.16543154e+03   
    1.58000000e+04     7.90000000e+00     2.27969065e+03     3.01110762e+02     5.44024881e+03    -3.18069259e+03   
    1.60000000e+04     8.00000000e+00     2.27982338e+03     3.00589817e+02     5.44024881e+03    -3.17111295e+03   
    1.62000000e+04     8.10000000e+00     2.27972250e+03     3.00337845e+02     5.44024881e+03    -3.16664453e+03   
    1.64000000e+04     8.20000000e+00     2.27970229e+03     3.00240819e+02     5.44024881e+03    -3.16490526e+03   
    1.66000000e+04     8.30000000e+00     2.27960221e+03     3.00638925e+02     5.44024881e+03    -3.17222466e+03   
    1.68000000e+04     8.40000000e+00     2.27965308e+03     3.00474055e+02     5.44024881e+03    -3.16918400e+03   
    1.70000000e+04     8.50000000e+00     2.27967515e+03     3.00543974e+02     5.44024881e+03    -3.17042986e+03   
    1.72000000e+04     8.60000000e+00     2.27968899e+03     3.00578303e+02     5.44024881e+03    -3.17103855e+03   
    1.74000000e+04     8.70000000e+00     2.27976021e+03     3.00690289e+02     5.44024881e+03    -3.17299809e+03   
    1.76000000e+04     8.80000000e+00     2.27970090e+03     3.00980176e+02     5.44024881e+03    -3.17831427e+03   
    1.78000000e+04     8.90000000e+00     2.27978830e+03     3.00733455e+02     5.44024881e+03    -3.17375278e+03   
    1.80000000e+04     9.00000000e+00     2.27967646e+03     3.00918735e+02     5.44024881e+03    -3.17722453e+03   
    1.82000000e+04     9.10000000e+00     2.27981315e+03     3.00511790e+02     5.44024881e+03    -3.16970822e+03   
    1.84000000e+04     9.20000000e+00     2.27978465e+03     3.00533132e+02     5.44024881e+03    -3.17012375e+03   
    1.86000000e+04     9.30000000e+00     2.27979818e+03     3.00049487e+02     5.44024881e+03    -3.16133972e+03   
    1.88000000e+04     9.40000000e+00     2.27966812e+03     3.00305161e+02     5.44024881e+03    -3.16610623e+03   
    1.90000000e+04     9.50000000e+00     2.27972135e+03     3.00301812e+02     5.44024881e+03    -3.16599225e+03   
    1.92000000e+04     9.60000000e+00     2.27971865e+03     3.01754841e+02     5.44024881e+03    -3.19234443e+03   
    1.94000000e+04     9.70000000e+00     2.27981900e+03     3.01425780e+02     5.44024881e+03    -3.18627683e+03   
    1.96000000e+04     9.80000000e+00     2.27952233e+03     3.01855226e+02     5.44024881e+03    -3.19436113e+03   
    1.98000000e+04     9.90000000e+00     2.27966838e+03     3.00612361e+02     5.44024881e+03    -3.17167677e+03   
    2.00000000e+04     1.00000000e+01     2.27973192e+03     3.01351768e+02     5.44024881e+03    -3.18502176e+03   
    2.02000000e+04     1.01000000e+01     2.27982321e+03     3.01110379e+02     5.44024881e+03    -3.18055308e+03   
    2.04000000e+04     1.02000000e+01     2.28001361e+03     3.00973270e+02     5.44024881e+03    -3.17787631e+03   
    2.06000000e+04     1.03000000e+01     2.27976451e+03     3.00470778e+02     5.44024881e+03    -3.16901315e+03   
    2.08000000e+04     1.04000000e+01     2.27979536e+03     3.00675181e+02     5.44024881e+03    -3.17268899e+03   
    2.10000000e+04     1.05000000e+01     2.27978578e+03     3.00756543e+02     5.44024881e+03    -3.17417399e+03   
    2.12000000e+04     1.06000000e+01     2.27982356e+03     3.01153889e+02     5.44024881e+03    -3.18134175e+03   
    2.14000000e+04     1.07000000e+01     2.27975567e+03     3.00326816e+02     5.44024881e+03    -3.16641136e+03   
    2.16000000e+04     1.08000000e+01     2.27981723e+03     3.00518714e+02     5.44024881e+03    -3.16982972e+03   
    2.18000000e+04     1.09000000e+01     2.27987628e+03     3.00862358e+02     5.44024881e+03    -3.17600235e+03   
    2.20000000e+04     1.10000000e+01     2.27976360e+03     3.01470171e+02     5.44024881e+03    -3.18713723e+03   
    2.22000000e+04     1.11000000e+01     2.27979223e+03     3.00829153e+02     5.44024881e+03    -3.17548426e+03   
    2.24000000e+04     1.12000000e+01     2.27974705e+03     3.00584907e+02     5.44024881e+03    -3.17110024e+03   
    2.26000000e+04     1.13000000e+01     2.27960574e+03     3.01355164e+02     5.44024881e+03    -3.18520952e+03   
    2.28000000e+04     1.14000000e+01     2.27965750e+03     3.01285513e+02     5.44024881e+03    -3.18389469e+03   
    2.30000000e+04     1.15000000e+01     2.27978990e+03     3.01817045e+02     5.44024881e+03    -3.19340119e+03   
    2.32000000e+04     1.16000000e+01     2.27979705e+03     3.01060034e+02     5.44024881e+03    -3.17966628e+03   
    2.34000000e+04     1.17000000e+01     2.27979160e+03     3.01090551e+02     5.44024881e+03    -3.18022513e+03   
    2.36000000e+04     1.18000000e+01     2.27988220e+03     3.00818849e+02     5.44024881e+03    -3.17520744e+03   
    2.38000000e+04     1.19000000e+01     2.27977128e+03     3.00704502e+02     5.44024881e+03    -3.17324476e+03   
    2.40000000e+04     1.20000000e+01     2.27985667e+03     3.00826110e+02     5.44024881e+03    -3.17536463e+03   
    2.42000000e+04     1.21000000e+01     2.27975585e+03     3.00320821e+02     5.44024881e+03    -3.16630247e+03   
    2.44000000e+04     1.22000000e+01     2.27978387e+03     3.00994655e+02     5.44024881e+03    -3.17849387e+03   
    2.46000000e+04     1.23000000e+01     2.27974737e+03     3.00270695e+02     5.44024881e+03    -3.16540195e+03   
    2.48000000e+04     1.24000000e+01     2.27969268e+03     3.00349893e+02     5.44024881e+03    -3.16689283e+03   
    2.50000000e+04     1.25000000e+01     2.27982333e+03     3.00326822e+02     5.44024881e+03    -3.16634381e+03   
    2.52000000e+04     1.26000000e+01     2.27979724e+03     3.00439458e+02     5.44024881e+03    -3.16841246e+03   
    2.54000000e+04     1.27000000e+01     2.27978455e+03     3.00660474e+02     5.44024881e+03    -3.17243309e+03   
    2.56000000e+04     1.28000000e+01     2.27979105e+03     3.00894753e+02     5.44024881e+03    -3.17667505e+03   
    2.58000000e+04     1.29000000e+01     2.27978970e+03     3.00730312e+02     5.44024881e+03    -3.17369439e+03   
    2.60000000e+04     1.30000000e+01     2.27979616e+03     3.00307039e+02     5.44024881e+03    -3.16601223e+03   
    2.62000000e+04     1.31000000e+01     2.27981274e+03     3.00887699e+02     5.44024881e+03    -3.17652544e+03   
    2.64000000e+04     1.32000000e+01     2.27965775e+03     3.01889711e+02     5.44024881e+03    -3.19485108e+03   
    2.66000000e+04     1.33000000e+01     2.27972871e+03     3.01491852e+02     5.44024881e+03    -3.18756528e+03   
    2.68000000e+04     1.34000000e+01     2.27982111e+03     3.00725015e+02     5.44024881e+03    -3.17356692e+03   
    2.70000000e+04     1.35000000e+01     2.27982040e+03     3.00612189e+02     5.44024881e+03    -3.17152164e+03   
    2.72000000e+04     1.36000000e+01     2.27981927e+03     3.00087392e+02     5.44024881e+03    -3.16200600e+03   
    2.74000000e+04     1.37000000e+01     2.27984150e+03     3.01142435e+02     5.44024881e+03    -3.18111609e+03   
    2.76000000e+04     1.38000000e+01     2.27989825e+03     3.00312517e+02     5.44024881e+03    -3.16600948e+03   
    2.78000000e+04     1.39000000e+01     2.27987736e+03     3.00823189e+02     5.44024881e+03    -3.17529098e+03   
    2.80000000e+04     1.40000000e+01     2.27972785e+03     3.00601603e+02     5.44024881e+03    -3.17142220e+03   
    2.82000000e+04     1.41000000e+01     2.27981538e+03     3.00283649e+02     5.44024881e+03    -3.16556886e+03   
    2.84000000e+04     1.42000000e+01     2.27979399e+03     3.00548527e+02     5.44024881e+03    -3.17039358e+03   
    2.86000000e+04     1.43000000e+01     2.27977922e+03     3.00948255e+02     5.44024881e+03    -3.17765708e+03   
    2.88000000e+04     1.44000000e+01     2.27969986e+03     3.01151554e+02     5.44024881e+03    -3.18142310e+03   
    2.90000000e+04     1.45000000e+01     2.27973210e+03     3.01038884e+02     5.44024881e+03    -3.17934769e+03   
    2.92000000e+04     1.46000000e+01     2.27977783e+03     3.00830553e+02     5.44024881e+03    -3.17552405e+03   
    2.94000000e+04     1.47000000e+01     2.27985243e+03     2.99940962e+02     5.44024881e+03    -3.15931746e+03   
    2.96000000e+04     1.48000000e+01     2.27973752e+03     3.00600680e+02     5.44024881e+03    -3.17139581e+03   
    2.98000000e+04     1.49000000e+01     2.27972573e+03     3.01219328e+02     5.44024881e+03    -3.18262626e+03   
    3.00000000e+04     1.50000000e+01     2.27979954e+03     3.01139714e+02     5.44024881e+03    -3.18110872e+03   
    3.02000000e+04     1.51000000e+01     2.27983613e+03     3.00801090e+02     5.44024881e+03    -3.17493146e+03   
    3.04000000e+04     1.52000000e+01     2.27982468e+03     3.00935499e+02     5.44024881e+03    -3.17738031e+03   
    3.06000000e+04     1.53000000e+01     2.27986775e+03     3.00768233e+02     5.44024881e+03    -3.17430401e+03   
    3.08000000e+04     1.54000000e+01     2.27976086e+03     3.00306728e+02     5.44024881e+03    -3.16604189e+03   
    3.10000000e+04     1.55000000e+01     2.27977462e+03     3.00402077e+02     5.44024881e+03    -3.16775721e+03   
    3.12000000e+04     1.56000000e+01     2.27983721e+03     2.99896781e+02     5.44024881e+03    -3.15853149e+03   
    3.14000000e+04     1.57000000e+01     2.27965954e+03     3.00329834e+02     5.44024881e+03    -3.16656221e+03   
    3.16000000e+04     1.58000000e+01     2.27974404e+03     3.00912116e+02     5.44024881e+03    -3.17703691e+03   
    3.18000000e+04     1.59000000e+01     2.27968521e+03     3.00875320e+02     5.44024881e+03    -3.17642848e+03   
    3.20000000e+04     1.60000000e+01     2.27967707e+03     3.01313352e+02     5.44024881e+03    -3.18437997e+03   
    3.22000000e+04     1.61000000e+01     2.27960462e+03     3.01191557e+02     5.44024881e+03    -3.18224377e+03   
    3.24000000e+04     1.62000000e+01     2.27963569e+03     3.01705443e+02     5.44024881e+03    -3.19153159e+03   
    3.26000000e+04     1.63000000e+01     2.27964874e+03     3.00594666e+02     5.44024881e+03    -3.17137552e+03   
    3.28000000e+04     1.64000000e+01     2.27953975e+03     3.01323186e+02     5.44024881e+03    -3.18469562e+03   
    3.30000000e+04     1.65000000e+01     2.27961146e+03     3.00797708e+02     5.44024881e+03    -3.17509480e+03   
    3.32000000e+04     1.66000000e+01     2.27970668e+03     3.01066246e+02     5.44024881e+03    -3.17986929e+03   
    3.34000000e+04     1.67000000e+01     2.27986653e+03     3.01226814e+02     5.44024881e+03    -3.18262122e+03   
    3.36000000e+04     1.68000000e+01     2.27980470e+03     3.00429857e+02     5.44024881e+03    -3.16823090e+03   
    3.38000000e+04     1.69000000e+01     2.27973050e+03     3.00877671e+02     5.44024881e+03    -3.17642583e+03   
    3.40000000e+04     1.70000000e+01     2.27975395e+03     3.01295558e+02     5.44024881e+03    -3.18398040e+03   
    3.42000000e+04     1.71000000e+01     2.27973823e+03     3.00949716e+02     5.44024881e+03    -3.17772458e+03   
    3.44000000e+04     1.72000000e+01     2.27971337e+03     3.01235416e+02     5.44024881e+03    -3.18293036e+03   
    3.46000000e+04     1.73000000e+01     2.27970346e+03     3.00931152e+02     5.44024881e+03    -3.17742270e+03   
    3.48000000e+04     1.74000000e+01     2.27979180e+03     3.02129112e+02     5.44024881e+03    -3.19905837e+03   
    3.50000000e+04     1.75000000e+01     2.27976472e+03     3.01635703e+02     5.44024881e+03    -3.19013788e+03   
    3.52000000e+04     1.76000000e+01     2.27973784e+03     3.01362790e+02     5.44024881e+03    -3.18521572e+03   
    3.54000000e+04     1.77000000e+01     2.27967700e+03     3.00986888e+02     5.44024881e+03    -3.17845988e+03   
    3.56000000e+04     1.78000000e+01     2.27969733e+03     3.01267192e+02     5.44024881e+03    -3.18352263e+03   
    3.58000000e+04     1.79000000e+01     2.27963131e+03     3.01153922e+02     5.44024881e+03    -3.18153460e+03   
    3.60000000e+04     1.80000000e+01     2.27968631e+03     3.00800250e+02     5.44024881e+03    -3.17506606e+03   
    3.62000000e+04     1.81000000e+01     2.27965402e+03     3.00975336e+02     5.44024881e+03    -3.17827339e+03   
    3.64000000e+04     1.82000000e+01     2.27974441e+03     3.01554408e+02     5.44024881e+03    -3.18868397e+03   
    3.66000000e+04     1.83000000e+01     2.27978594e+03     3.00705525e+02     5.44024881e+03    -3.17324866e+03   
    3.68000000e+04     1.84000000e+01     2.27975941e+03     3.00360592e+02     5.44024881e+03    -3.16702012e+03   
    3.70000000e+04     1.85000000e+01     2.27968150e+03     3.00377478e+02     5.44024881e+03    -3.16740424e+03   
    3.72000000e+04     1.86000000e+01     2.27972154e+03     3.00676613e+02     5.44024881e+03    -3.17278878e+03   
    3.74000000e+04     1.87000000e+01     2.27980556e+03     3.00621008e+02     5.44024881e+03    -3.17169639e+03   
    3.76000000e+04     1.88000000e+01     2.27979232e+03     3.00848213e+02     5.44024881e+03    -3.17582981e+03   
    3.78000000e+04     1.89000000e+01     2.27984762e+03     3.00297593e+02     5.44024881e+03    -3.16578948e+03   
    3.80000000e+04     1.90000000e+01     2.27975126e+03     3.00640835e+02     5.44024881e+03    -3.17211024e+03   
    3.82000000e+04     1.91000000e+01     2.27976267e+03     3.00934546e+02     5.44024881e+03    -3.17742503e+03   
    3.84000000e+04     1.92000000e+01     2.27970963e+03     3.01129157e+02     5.44024881e+03    -3.18100718e+03   
    3.86000000e+04     1.93000000e+01     2.27981724e+03     3.01929845e+02     5.44024881e+03    -3.19541938e+03   
    3.88000000e+04     1.94000000e+01     2.27974963e+03     3.01444947e+02     5.44024881e+03    -3.18669378e+03   
    3.90000000e+04     1.95000000e+01     2.27970718e+03     3.00912216e+02     5.44024881e+03    -3.17707559e+03   
    3.92000000e+04     1.96000000e+01     2.27981123e+03     3.00136534e+02     5.44024881e+03    -3.16290520e+03   
    3.94000000e+04     1.97000000e+01     2.27987268e+03     3.00034236e+02     5.44024881e+03    -3.16098866e+03   
    3.96000000e+04     1.98000000e+01     2.27991332e+03     3.00008387e+02     5.44024881e+03    -3.16047928e+03   
    3.98000000e+04     1.99000000e+01     2.27993645e+03     2.99757238e+02     5.44024881e+03    -3.15590176e+03   
    4.00000000e+04     2.00000000e+01     2.27981803e+03     3.00589167e+02     5.44024881e+03    -3.17110651e+03   
