# column   1     --> step : The current simulation time step.
# column   2     --> time{picosecond} : The elapsed simulation time.
# column   3     --> conserved{electronvolt} : The value of the conserved energy quantity per bead.
# column   4     --> temperature{kelvin} : The current temperature, as obtained from the MD kinetic energy.
# column   5     --> kinetic_cv{electronvolt} : The centroid-virial quantum kinetic energy of the physical system.
# column   6     --> potential{electronvolt} : The physical system potential energy.
    0.00000000e+00     0.00000000e+00     2.27660099e+03     3.01199191e+02     5.44024881e+03    -3.18538583e+03   
    2.00000000e+02     1.00000000e-01     2.27668395e+03     3.00777281e+02     5.44024881e+03    -3.17765189e+03   
    4.00000000e+02     2.00000000e-01     2.27666021e+03     3.00753013e+02     5.44024881e+03    -3.17723555e+03   
    6.00000000e+02     3.00000000e-01     2.27649382e+03     3.00197468e+02     5.44024881e+03    -3.16732760e+03   
    8.00000000e+02     4.00000000e-01     2.27650627e+03     3.01175869e+02     5.44024881e+03    -3.18505763e+03   
    1.00000000e+03     5.00000000e-01     2.27672466e+03     3.00317562e+02     5.44024881e+03    -3.16927454e+03   
    1.20000000e+03     6.00000000e-01     2.27664777e+03     3.00322435e+02     5.44024881e+03    -3.16943981e+03   
    1.40000000e+03     7.00000000e-01     2.27662172e+03     3.00878472e+02     5.44024881e+03    -3.17954913e+03   
    1.60000000e+03     8.00000000e-01     2.27659935e+03     3.01085156e+02     5.44024881e+03    -3.18331955e+03   
    1.80000000e+03     9.00000000e-01     2.27649604e+03     3.01132586e+02     5.44024881e+03    -3.18428295e+03   
    2.00000000e+03     1.00000000e+00     2.27640066e+03     3.01429191e+02     5.44024881e+03    -3.18975703e+03   
    2.20000000e+03     1.10000000e+00     2.27648983e+03     3.01323203e+02     5.44024881e+03    -3.18774584e+03   
    2.40000000e+03     1.20000000e+00     2.27647034e+03     3.01123812e+02     5.44024881e+03    -3.18414954e+03   
    2.60000000e+03     1.30000000e+00     2.27662106e+03     3.01781563e+02     5.44024881e+03    -3.19592660e+03   
    2.80000000e+03     1.40000000e+00     2.27654669e+03     3.00726351e+02     5.44024881e+03    -3.17686557e+03   
    3.00000000e+03     1.50000000e+00     2.27663282e+03     3.00617212e+02     5.44024881e+03    -3.17480030e+03   
    3.20000000e+03     1.60000000e+00     2.27658464e+03     3.00285999e+02     5.44024881e+03    -3.16884221e+03   
    3.40000000e+03     1.70000000e+00     2.27660654e+03     3.00069193e+02     5.44024881e+03    -3.16488871e+03   
    3.60000000e+03     1.80000000e+00     2.27666044e+03     3.00607343e+02     5.44024881e+03    -3.17459372e+03   
    3.80000000e+03     1.90000000e+00     2.27672544e+03     3.01300912e+02     5.44024881e+03    -3.18710600e+03   
    4.00000000e+03     2.00000000e+00     2.27657789e+03     3.01526675e+02     5.44024881e+03    -3.19134757e+03   
    4.20000000e+03     2.10000000e+00     2.27651021e+03     3.00793293e+02     5.44024881e+03    -3.17811599e+03   
    4.40000000e+03     2.20000000e+00     2.27654976e+03     3.00841956e+02     5.44024881e+03    -3.17895891e+03   
    4.60000000e+03     2.30000000e+00     2.27667788e+03     3.00492203e+02     5.44024881e+03    -3.17248830e+03   
    4.80000000e+03     2.40000000e+00     2.27669596e+03     3.00297769e+02     5.44024881e+03    -3.16894432e+03   
    5.00000000e+03     2.50000000e+00     2.27682202e+03     3.00411781e+02     5.44024881e+03    -3.17088578e+03   
    5.20000000e+03     2.60000000e+00     2.27659499e+03     3.00574436e+02     5.44024881e+03    -3.17406241e+03   
    5.40000000e+03     2.70000000e+00     2.27649335e+03     2.99929110e+02     5.44024881e+03    -3.16246161e+03   
    5.60000000e+03     2.80000000e+00     2.27664516e+03     3.00635651e+02     5.44024881e+03    -3.17512234e+03   
    5.80000000e+03     2.90000000e+00     2.27655308e+03     3.00622994e+02     5.44024881e+03    -3.17498490e+03   
    6.00000000e+03     3.00000000e+00     2.27663728e+03     3.01056546e+02     5.44024881e+03    -3.18276279e+03   
    6.20000000e+03     3.10000000e+00     2.27676471e+03     3.01114744e+02     5.44024881e+03    -3.18369074e+03   
    6.40000000e+03     3.20000000e+00     2.27659767e+03     3.01816597e+02     5.44024881e+03    -3.19658529e+03   
    6.60000000e+03     3.30000000e+00     2.27675145e+03     3.01142950e+02     5.44024881e+03    -3.18421550e+03   
    6.80000000e+03     3.40000000e+00     2.27682355e+03     3.01352611e+02     5.44024881e+03    -3.18794541e+03   
    7.00000000e+03     3.50000000e+00     2.27667908e+03     3.00487315e+02     5.44024881e+03    -3.17239846e+03   
    7.20000000e+03     3.60000000e+00     2.27655787e+03     3.00921368e+02     5.44024881e+03    -3.18039087e+03   
    7.40000000e+03     3.70000000e+00     2.27665013e+03     3.00868755e+02     5.44024881e+03    -3.17934452e+03   
    7.60000000e+03     3.80000000e+00     2.27658807e+03     3.00350254e+02     5.44024881e+03    -3.17000398e+03   
    7.80000000e+03     3.90000000e+00     2.27660950e+03     3.00932975e+02     5.44024881e+03    -3.18054971e+03   
    8.00000000e+03     4.00000000e+00     2.27662371e+03     3.00943770e+02     5.44024881e+03    -3.18073126e+03   
    8.20000000e+03     4.10000000e+00     2.27666558e+03     3.01243834e+02     5.44024881e+03    -3.18613081e+03   
    8.40000000e+03     4.20000000e+00     2.27665444e+03     3.00986333e+02     5.44024881e+03    -3.18147238e+03   
    8.60000000e+03     4.30000000e+00     2.27664676e+03     3.00990939e+02     5.44024881e+03    -3.18156357e+03   
    8.80000000e+03     4.40000000e+00     2.27672131e+03     3.00826895e+02     5.44024881e+03    -3.17851423e+03   
    9.00000000e+03     4.50000000e+00     2.27679758e+03     3.01332635e+02     5.44024881e+03    -3.18760913e+03   
    9.20000000e+03     4.60000000e+00     2.27651237e+03     3.01254240e+02     5.44024881e+03    -3.18647273e+03   
    9.40000000e+03     4.70000000e+00     2.27653909e+03     3.01168673e+02     5.44024881e+03    -3.18489431e+03   
    9.60000000e+03     4.80000000e+00     2.27656995e+03     3.00611508e+02     5.44024881e+03    -3.17475973e+03   
    9.80000000e+03     4.90000000e+00     2.27665390e+03     3.00731569e+02     5.44024881e+03    -3.17685299e+03   
    1.00000000e+04     5.00000000e+00     2.27673653e+03     3.00520990e+02     5.44024881e+03    -3.17295168e+03   
    1.02000000e+04     5.10000000e+00     2.27671799e+03     3.00388888e+02     5.44024881e+03    -3.17057467e+03   
    1.04000000e+04     5.20000000e+00     2.27656992e+03     3.00774099e+02     5.44024881e+03    -3.17770821e+03   
    1.06000000e+04     5.30000000e+00     2.27660450e+03     3.00918507e+02     5.44024881e+03    -3.18029236e+03   
    1.08000000e+04     5.40000000e+00     2.27661527e+03     3.01445381e+02     5.44024881e+03    -3.18983600e+03   
    1.10000000e+04     5.50000000e+00     2.27657478e+03     3.01207929e+02     5.44024881e+03    -3.18557050e+03   
    1.12000000e+04     5.60000000e+00     2.27666664e+03     3.01018122e+02     5.44024881e+03    -3.18203664e+03   
    1.14000000e+04     5.70000000e+00     2.27665845e+03     3.00879215e+02     5.44024881e+03    -3.17952588e+03   
    1.16000000e+04     5.80000000e+00     2.27672730e+03     3.01105299e+02     5.44024881e+03    -3.18355688e+03   
    1.18000000e+04     5.90000000e+00     2.27680974e+03     3.00152264e+02     5.44024881e+03    -3.16619194e+03   
    1.20000000e+04     6.00000000e+00     2.27672387e+03     3.00752993e+02     5.44024881e+03    -3.17717153e+03   
    1.22000000e+04     6.10000000e+00     2.27672221e+03     3.00738090e+02     5.44024881e+03    -3.17690293e+03   
    1.24000000e+04     6.20000000e+00     2.27677375e+03     3.00416470e+02     5.44024881e+03    -3.17101908e+03   
    1.26000000e+04     6.30000000e+00     2.27660937e+03     3.00959449e+02     5.44024881e+03    -3.18102993e+03   
    1.28000000e+04     6.40000000e+00     2.27667733e+03     3.00318922e+02     5.44024881e+03    -3.16934654e+03   
    1.30000000e+04     6.50000000e+00     2.27675194e+03     3.00047838e+02     5.44024881e+03    -3.16435606e+03   
    1.32000000e+04     6.60000000e+00     2.27670377e+03     3.00637665e+02     5.44024881e+03    -3.17510025e+03   
    1.34000000e+04     6.70000000e+00     2.27668452e+03     3.00828346e+02     5.44024881e+03    -3.17857734e+03   
    1.36000000e+04     6.80000000e+00     2.27651631e+03     3.00696131e+02     5.44024881e+03    -3.17634795e+03   
    1.38000000e+04     6.90000000e+00     2.27657891e+03     3.00998092e+02     5.44024881e+03    -3.18176114e+03   
    1.40000000e+04     7.00000000e+00     2.27675402e+03     2.99933471e+02     5.44024881e+03    -3.16228003e+03   
    1.42000000e+04     7.10000000e+00     2.27666429e+03     3.00191357e+02     5.44024881e+03    -3.16704632e+03   
    1.44000000e+04     7.20000000e+00     2.27666596e+03     3.00550978e+02     5.44024881e+03    -3.17356606e+03   
    1.46000000e+04     7.30000000e+00     2.27675301e+03     3.00647231e+02     5.44024881e+03    -3.17522448e+03   
    1.48000000e+04     7.40000000e+00     2.27677228e+03     3.00505620e+02     5.44024881e+03    -3.17263721e+03   
    1.50000000e+04     7.50000000e+00     2.27676797e+03     3.00647269e+02     5.44024881e+03    -3.17521021e+03   
    1.52000000e+04     7.60000000e+00     2.27667657e+03     3.01321437e+02     5.44024881e+03    -3.18752709e+03   
    1.54000000e+04     7.70000000e+00     2.27669078e+03     3.01365757e+02     5.44024881e+03    -3.18831657e+03   
    1.56000000e+04     7.80000000e+00     2.27676477e+03     3.00885692e+02     5.44024881e+03    -3.17953700e+03   
    1.58000000e+04     7.90000000e+00     2.27675173e+03     3.01224584e+02     5.44024881e+03    -3.18569556e+03   
    1.60000000e+04     8.00000000e+00     2.27673730e+03     3.01098395e+02     5.44024881e+03    -3.18342167e+03   
    1.62000000e+04     8.10000000e+00     2.27678220e+03     3.00904622e+02     5.44024881e+03    -3.17986286e+03   
    1.64000000e+04     8.20000000e+00     2.27671657e+03     3.01218585e+02     5.44024881e+03    -3.18562195e+03   
    1.66000000e+04     8.30000000e+00     2.27661625e+03     3.01562641e+02     5.44024881e+03    -3.19196143e+03   
    1.68000000e+04     8.40000000e+00     2.27656445e+03     3.01230337e+02     5.44024881e+03    -3.18598718e+03   
    1.70000000e+04     8.50000000e+00     2.27656456e+03     3.01117893e+02     5.44024881e+03    -3.18394799e+03   
    1.72000000e+04     8.60000000e+00     2.27673095e+03     3.01274046e+02     5.44024881e+03    -3.18661331e+03   
    1.74000000e+04     8.70000000e+00     2.27668645e+03     3.00955904e+02     5.44024881e+03    -3.18088856e+03   
    1.76000000e+04     8.80000000e+00     2.27672827e+03     3.00458144e+02     5.44024881e+03    -3.17182029e+03   
    1.78000000e+04     8.90000000e+00     2.27681550e+03     3.00404095e+02     5.44024881e+03    -3.17075292e+03   
    1.80000000e+04     9.00000000e+00     2.27670033e+03     3.00459475e+02     5.44024881e+03    -3.17187236e+03   
    1.82000000e+04     9.10000000e+00     2.27664863e+03     3.00513943e+02     5.44024881e+03    -3.17291180e+03   
    1.84000000e+04     9.20000000e+00     2.27667479e+03     3.00482334e+02     5.44024881e+03    -3.17231243e+03   
    1.86000000e+04     9.30000000e+00     2.27667452e+03     3.00555082e+02     5.44024881e+03    -3.17363191e+03   
    1.88000000e+04     9.40000000e+00     2.27657718e+03     3.01010159e+02     5.44024881e+03    -3.18198169e+03   
    1.90000000e+04     9.50000000e+00     2.27666391e+03     3.00566545e+02     5.44024881e+03    -3.17385040e+03   
    1.92000000e+04     9.60000000e+00     2.27665009e+03     3.00706636e+02     5.44024881e+03    -3.17640466e+03   
    1.94000000e+04     9.70000000e+00     2.27666935e+03     3.00910415e+02     5.44024881e+03    -3.18008076e+03   
    1.96000000e+04     9.80000000e+00     2.27683465e+03     3.00760175e+02     5.44024881e+03    -3.17719098e+03   
    1.98000000e+04     9.90000000e+00     2.27673998e+03     3.01301184e+02     5.44024881e+03    -3.18709639e+03   
    2.00000000e+04     1.00000000e+01     2.27665990e+03     3.01060535e+02     5.44024881e+03    -3.18281250e+03   
    2.02000000e+04     1.01000000e+01     2.27656075e+03     3.01188039e+02     5.44024881e+03    -3.18522384e+03   
    2.04000000e+04     1.02000000e+01     2.27681665e+03     3.00582758e+02     5.44024881e+03    -3.17399167e+03   
    2.06000000e+04     1.03000000e+01     2.27674949e+03     3.01093198e+02     5.44024881e+03    -3.18331524e+03   
    2.08000000e+04     1.04000000e+01     2.27670205e+03     3.00501717e+02     5.44024881e+03    -3.17263667e+03   
    2.10000000e+04     1.05000000e+01     2.27669001e+03     3.00782258e+02     5.44024881e+03    -3.17773609e+03   
    2.12000000e+04     1.06000000e+01     2.27673414e+03     3.00569083e+02     5.44024881e+03    -3.17382620e+03   
    2.14000000e+04     1.07000000e+01     2.27662074e+03     3.01006123e+02     5.44024881e+03    -3.18186495e+03   
    2.16000000e+04     1.08000000e+01     2.27669093e+03     3.00944980e+02     5.44024881e+03    -3.18068599e+03   
    2.18000000e+04     1.09000000e+01     2.27657861e+03     3.01348849e+02     5.44024881e+03    -3.18812215e+03   
    2.20000000e+04     1.10000000e+01     2.27672128e+03     2.99768615e+02     5.44024881e+03    -3.15932325e+03   
    2.22000000e+04     1.11000000e+01     2.27672139e+03     3.01125055e+02     5.44024881e+03    -3.18392104e+03   
    2.24000000e+04     1.12000000e+01     2.27671283e+03     3.00655551e+02     5.44024881e+03    -3.17541554e+03   
    2.26000000e+04     1.13000000e+01     2.27662338e+03     3.00948383e+02     5.44024881e+03    -3.18081525e+03   
    2.28000000e+04     1.14000000e+01     2.27674159e+03     3.00767237e+02     5.44024881e+03    -3.17741210e+03   
    2.30000000e+04     1.15000000e+01     2.27678826e+03     3.00460711e+02     5.44024881e+03    -3.17180684e+03   
    2.32000000e+04     1.16000000e+01     2.27679509e+03     2.99859548e+02     5.44024881e+03    -3.16089842e+03   
    2.34000000e+04     1.17000000e+01     2.27673271e+03     3.00268003e+02     5.44024881e+03    -3.16836779e+03   
    2.36000000e+04     1.18000000e+01     2.27667077e+03     3.00531415e+02     5.44024881e+03    -3.17320648e+03   
    2.38000000e+04     1.19000000e+01     2.27667631e+03     3.01369251e+02     5.44024881e+03    -3.18839441e+03   
    2.40000000e+04     1.20000000e+01     2.27666999e+03     3.01041317e+02     5.44024881e+03    -3.18245392e+03   
    2.42000000e+04     1.21000000e+01     2.27672941e+03     3.01379654e+02     5.44024881e+03    -3.18852996e+03   
    2.44000000e+04     1.22000000e+01     2.27666609e+03     3.01479804e+02     5.44024881e+03    -3.19040942e+03   
    2.46000000e+04     1.23000000e+01     2.27667972e+03     3.01112043e+02     5.44024881e+03    -3.18372674e+03   
    2.48000000e+04     1.24000000e+01     2.27682781e+03     3.00901821e+02     5.44024881e+03    -3.17976645e+03   
    2.50000000e+04     1.25000000e+01     2.27682916e+03     3.01283012e+02     5.44024881e+03    -3.18667769e+03   
    2.52000000e+04     1.26000000e+01     2.27679536e+03     3.00869132e+02     5.44024881e+03    -3.17920612e+03   
    2.54000000e+04     1.27000000e+01     2.27674443e+03     3.01155658e+02     5.44024881e+03    -3.18445296e+03   
    2.56000000e+04     1.28000000e+01     2.27673503e+03     3.00659494e+02     5.44024881e+03    -3.17546484e+03   
    2.58000000e+04     1.29000000e+01     2.27680301e+03     3.01039330e+02     5.44024881e+03    -3.18228486e+03   
    2.60000000e+04     1.30000000e+01     2.27669006e+03     3.01462161e+02     5.44024881e+03    -3.19006550e+03   
    2.62000000e+04     1.31000000e+01     2.27670171e+03     3.01018722e+02     5.44024881e+03    -3.18201245e+03   
    2.64000000e+04     1.32000000e+01     2.27675267e+03     3.00382110e+02     5.44024881e+03    -3.17041707e+03   
    2.66000000e+04     1.33000000e+01     2.27679976e+03     3.00422897e+02     5.44024881e+03    -3.17110963e+03   
    2.68000000e+04     1.34000000e+01     2.27685434e+03     3.00379140e+02     5.44024881e+03    -3.17026154e+03   
    2.70000000e+04     1.35000000e+01     2.27677581e+03     3.00188703e+02     5.44024881e+03    -3.16688666e+03   
    2.72000000e+04     1.36000000e+01     2.27673177e+03     3.00917992e+02     5.44024881e+03    -3.18015574e+03   
    2.74000000e+04     1.37000000e+01     2.27669781e+03     3.00532835e+02     5.44024881e+03    -3.17320520e+03   
    2.76000000e+04     1.38000000e+01     2.27655084e+03     3.01039236e+02     5.44024881e+03    -3.18253533e+03   
    2.78000000e+04     1.39000000e+01     2.27654330e+03     3.00750491e+02     5.44024881e+03    -3.17730671e+03   
    2.80000000e+04     1.40000000e+01     2.27679663e+03     3.00907653e+02     5.44024881e+03    -3.17990339e+03   
    2.82000000e+04     1.41000000e+01     2.27664544e+03     3.00730872e+02     5.44024881e+03    -3.17684881e+03   
    2.84000000e+04     1.42000000e+01     2.27675647e+03     3.01404980e+02     5.44024881e+03    -3.18896216e+03   
    2.86000000e+04     1.43000000e+01     2.27681615e+03     3.01308764e+02     5.44024881e+03    -3.18715769e+03   
    2.88000000e+04     1.44000000e+01     2.27675469e+03     3.00835840e+02     5.44024881e+03    -3.17864307e+03   
    2.90000000e+04     1.45000000e+01     2.27673135e+03     3.00294504e+02     5.44024881e+03    -3.16884973e+03   
    2.92000000e+04     1.46000000e+01     2.27676042e+03     3.00606757e+02     5.44024881e+03    -3.17448311e+03   
    2.94000000e+04     1.47000000e+01     2.27664354e+03     3.01104278e+02     5.44024881e+03    -3.18362211e+03   
    2.96000000e+04     1.48000000e+01     2.27662321e+03     3.00240970e+02     5.44024881e+03    -3.16798707e+03   
    2.98000000e+04     1.49000000e+01     2.27664558e+03     3.00923039e+02     5.44024881e+03    -3.18033346e+03   
    3.00000000e+04     1.50000000e+01     2.27671722e+03     3.00565963e+02     5.44024881e+03    -3.17378654e+03   
    3.02000000e+04     1.51000000e+01     2.27676687e+03     3.00920428e+02     5.44024881e+03    -3.18016481e+03   
    3.04000000e+04     1.52000000e+01     2.27680791e+03     3.00709991e+02     5.44024881e+03    -3.17630768e+03   
    3.06000000e+04     1.53000000e+01     2.27679309e+03     3.00737778e+02     5.44024881e+03    -3.17682640e+03   
    3.08000000e+04     1.54000000e+01     2.27674171e+03     3.00235572e+02     5.44024881e+03    -3.16777070e+03   
    3.10000000e+04     1.55000000e+01     2.27659723e+03     3.01046354e+02     5.44024881e+03    -3.18261803e+03   
    3.12000000e+04     1.56000000e+01     2.27671471e+03     3.00691267e+02     5.44024881e+03    -3.17606133e+03   
    3.14000000e+04     1.57000000e+01     2.27677722e+03     3.00204288e+02     5.44024881e+03    -3.16716787e+03   
    3.16000000e+04     1.58000000e+01     2.27686503e+03     3.00379444e+02     5.44024881e+03    -3.17025637e+03   
    3.18000000e+04     1.59000000e+01     2.27683680e+03     3.00010286e+02     5.44024881e+03    -3.16359022e+03   
    3.20000000e+04     1.60000000e+01     2.27690354e+03     2.99487328e+02     5.44024881e+03    -3.15404009e+03   
    3.22000000e+04     1.61000000e+01     2.27673352e+03     2.99487171e+02     5.44024881e+03    -3.15420726e+03   
    3.24000000e+04     1.62000000e+01     2.27667758e+03     2.99961786e+02     5.44024881e+03    -3.16286994e+03   
    3.26000000e+04     1.63000000e+01     2.27658752e+03     3.01322949e+02     5.44024881e+03    -3.18764355e+03   
    3.28000000e+04     1.64000000e+01     2.27660865e+03     3.01834841e+02     5.44024881e+03    -3.19690516e+03   
    3.30000000e+04     1.65000000e+01     2.27669844e+03     3.00783955e+02     5.44024881e+03    -3.17775843e+03   
    3.32000000e+04     1.66000000e+01     2.27686857e+03     3.00712366e+02     5.44024881e+03    -3.17629010e+03   
    3.34000000e+04     1.67000000e+01     2.27679032e+03     3.01375729e+02     5.44024881e+03    -3.18839787e+03   
    3.36000000e+04     1.68000000e+01     2.27673709e+03     3.00815944e+02     5.44024881e+03    -3.17829987e+03   
    3.38000000e+04     1.69000000e+01     2.27693095e+03     3.00972638e+02     5.44024881e+03    -3.18094752e+03   
    3.40000000e+04     1.70000000e+01     2.27678601e+03     3.00018648e+02     5.44024881e+03    -3.16379266e+03   
    3.42000000e+04     1.71000000e+01     2.27683295e+03     3.00751566e+02     5.44024881e+03    -3.17703656e+03   
    3.44000000e+04     1.72000000e+01     2.27677440e+03     3.01140205e+02     5.44024881e+03    -3.18414277e+03   
    3.46000000e+04     1.73000000e+01     2.27682126e+03     3.00786638e+02     5.44024881e+03    -3.17768425e+03   
    3.48000000e+04     1.74000000e+01     2.27666935e+03     3.00805538e+02     5.44024881e+03    -3.17817891e+03   
    3.50000000e+04     1.75000000e+01     2.27663491e+03     3.00860234e+02     5.44024881e+03    -3.17920520e+03   
    3.52000000e+04     1.76000000e+01     2.27664417e+03     3.00421025e+02     5.44024881e+03    -3.17123126e+03   
    3.54000000e+04     1.77000000e+01     2.27673440e+03     3.00877255e+02     5.44024881e+03    -3.17941438e+03   
    3.56000000e+04     1.78000000e+01     2.27665087e+03     3.01161972e+02     5.44024881e+03    -3.18466102e+03   
    3.58000000e+04     1.79000000e+01     2.27683119e+03     3.00834384e+02     5.44024881e+03    -3.17854016e+03   
    3.60000000e+04     1.80000000e+01     2.27665916e+03     3.00582269e+02     5.44024881e+03    -3.17414031e+03   
    3.62000000e+04     1.81000000e+01     2.27676643e+03     3.01559197e+02     5.44024881e+03    -3.19174880e+03   
    3.64000000e+04     1.82000000e+01     2.27680142e+03     3.00454956e+02     5.44024881e+03    -3.17168933e+03   
    3.66000000e+04     1.83000000e+01     2.27687142e+03     3.00261024e+02     5.44024881e+03    -3.16810254e+03   
    3.68000000e+04     1.84000000e+01     2.27685014e+03     3.00263303e+02     5.44024881e+03    -3.16816513e+03   
    3.70000000e+04     1.85000000e+01     2.27674018e+03     3.00971286e+02     5.44024881e+03    -3.18111376e+03   
    3.72000000e+04     1.86000000e+01     2.27676809e+03     2.99906519e+02     5.44024881e+03    -3.16177720e+03   
    3.74000000e+04     1.87000000e+01     2.27685176e+03     3.01363122e+02     5.44024881e+03    -3.18810782e+03   
    3.76000000e+04     1.88000000e+01     2.27690537e+03     3.00404863e+02     5.44024881e+03    -3.17067697e+03   
    3.78000000e+04     1.89000000e+01     2.27684640e+03     3.00750253e+02     5.44024881e+03    -3.17699931e+03   
    3.80000000e+04     1.90000000e+01     2.27673796e+03     3.00537181e+02     5.44024881e+03    -3.17324386e+03   
    3.82000000e+04     1.91000000e+01     2.27664958e+03     3.00623621e+02     5.44024881e+03    -3.17489977e+03   
    3.84000000e+04     1.92000000e+01     2.27692503e+03     3.00446433e+02     5.44024881e+03    -3.17141116e+03   
    3.86000000e+04     1.93000000e+01     2.27667059e+03     3.01486178e+02     5.44024881e+03    -3.19052051e+03   
    3.88000000e+04     1.94000000e+01     2.27674845e+03     3.01105282e+02     5.44024881e+03    -3.18353542e+03   
    3.90000000e+04     1.95000000e+01     2.27674172e+03     3.01126758e+02     5.44024881e+03    -3.18393160e+03   
    3.92000000e+04     1.96000000e+01     2.27682442e+03     3.00254640e+02     5.44024881e+03    -3.16803375e+03   
    3.94000000e+04     1.97000000e+01     2.27674736e+03     3.00486390e+02     5.44024881e+03    -3.17231342e+03   
    3.96000000e+04     1.98000000e+01     2.27670891e+03     3.01093791e+02     5.44024881e+03    -3.18336658e+03   
    3.98000000e+04     1.99000000e+01     2.27672388e+03     3.00504905e+02     5.44024881e+03    -3.17267265e+03   
    4.00000000e+04     2.00000000e+01     2.27690707e+03     3.00717169e+02     5.44024881e+03    -3.17633868e+03   
