# column   1     --> step : The current simulation time step.
# column   2     --> time{picosecond} : The elapsed simulation time.
# column   3     --> conserved{electronvolt} : The value of the conserved energy quantity per bead.
# column   4     --> temperature{kelvin} : The current temperature, as obtained from the MD kinetic energy.
# column   5     --> kinetic_cv{electronvolt} : The centroid-virial quantum kinetic energy of the physical system.
# column   6     --> potential{electronvolt} : The physical system potential energy.
    0.00000000e+00     0.00000000e+00     2.30088143e+03     3.01199191e+02     5.44024881e+03    -3.16110539e+03   
    2.00000000e+02     1.00000000e-01     2.30090970e+03     3.02120518e+02     5.44024881e+03    -3.17778462e+03   
    4.00000000e+02     2.00000000e-01     2.30103653e+03     3.01327790e+02     5.44024881e+03    -3.16328234e+03   
    6.00000000e+02     3.00000000e-01     2.30103000e+03     3.01546313e+02     5.44024881e+03    -3.16725158e+03   
    8.00000000e+02     4.00000000e-01     2.30083712e+03     3.02107253e+02     5.44024881e+03    -3.17761664e+03   
    1.00000000e+03     5.00000000e-01     2.30088671e+03     3.01486756e+02     5.44024881e+03    -3.16631485e+03   
    1.20000000e+03     6.00000000e-01     2.30095991e+03     3.01213601e+02     5.44024881e+03    -3.16128822e+03   
    1.40000000e+03     7.00000000e-01     2.30097627e+03     3.00883771e+02     5.44024881e+03    -3.15529067e+03   
    1.60000000e+03     8.00000000e-01     2.30099970e+03     3.01826662e+02     5.44024881e+03    -3.17236579e+03   
    1.80000000e+03     9.00000000e-01     2.30105191e+03     3.01666117e+02     5.44024881e+03    -3.16940222e+03   
    2.00000000e+03     1.00000000e+00     2.30106332e+03     3.01917129e+02     5.44024881e+03    -3.17394271e+03   
    2.20000000e+03     1.10000000e+00     2.30091502e+03     3.01700839e+02     5.44024881e+03    -3.17016876e+03   
    2.40000000e+03     1.20000000e+00     2.30093966e+03     3.01942688e+02     5.44024881e+03    -3.17452986e+03   
    2.60000000e+03     1.30000000e+00     2.30098778e+03     3.01691321e+02     5.44024881e+03    -3.16992340e+03   
    2.80000000e+03     1.40000000e+00     2.30102301e+03     3.01707529e+02     5.44024881e+03    -3.17018210e+03   
    3.00000000e+03     1.50000000e+00     2.30083029e+03     3.01964122e+02     5.44024881e+03    -3.17502791e+03   
    3.20000000e+03     1.60000000e+00     2.30097882e+03     3.01468901e+02     5.44024881e+03    -3.16589898e+03   
    3.40000000e+03     1.70000000e+00     2.30101878e+03     3.02125370e+02     5.44024881e+03    -3.17776352e+03   
    3.60000000e+03     1.80000000e+00     2.30089104e+03     3.01947738e+02     5.44024881e+03    -3.17467005e+03   
    3.80000000e+03     1.90000000e+00     2.30089077e+03     3.01510223e+02     5.44024881e+03    -3.16673636e+03   
    4.00000000e+03     2.00000000e+00     2.30093757e+03     3.01097251e+02     5.44024881e+03    -3.15920065e+03   
    4.20000000e+03     2.10000000e+00     2.30099000e+03     3.00851071e+02     5.44024881e+03    -3.15468396e+03   
    4.40000000e+03     2.20000000e+00     2.30112519e+03     3.00732695e+02     5.44024881e+03    -3.15240212e+03   
    4.60000000e+03     2.30000000e+00     2.30111536e+03     3.01209823e+02     5.44024881e+03    -3.16106426e+03   
    4.80000000e+03     2.40000000e+00     2.30112185e+03     3.01113764e+02     5.44024881e+03    -3.15931582e+03   
    5.00000000e+03     2.50000000e+00     2.30102259e+03     3.02039084e+02     5.44024881e+03    -3.17619500e+03   
    5.20000000e+03     2.60000000e+00     2.30104250e+03     3.01707088e+02     5.44024881e+03    -3.17015460e+03   
    5.40000000e+03     2.70000000e+00     2.30106596e+03     3.01132008e+02     5.44024881e+03    -3.15970256e+03   
    5.60000000e+03     2.80000000e+00     2.30107736e+03     3.01520149e+02     5.44024881e+03    -3.16672977e+03   
    5.80000000e+03     2.90000000e+00     2.30101323e+03     3.01760634e+02     5.44024881e+03    -3.17115489e+03   
    6.00000000e+03     3.00000000e+00     2.30097449e+03     3.01893184e+02     5.44024881e+03    -3.17359731e+03   
    6.20000000e+03     3.10000000e+00     2.30100245e+03     3.01784163e+02     5.44024881e+03    -3.17159234e+03   
    6.40000000e+03     3.20000000e+00     2.30096966e+03     3.01949983e+02     5.44024881e+03    -3.17463215e+03   
    6.60000000e+03     3.30000000e+00     2.30092433e+03     3.01416138e+02     5.44024881e+03    -3.16499664e+03   
    6.80000000e+03     3.40000000e+00     2.30090316e+03     3.01341038e+02     5.44024881e+03    -3.16365594e+03   
    7.00000000e+03     3.50000000e+00     2.30100427e+03     3.00391199e+02     5.44024881e+03    -3.14633030e+03   
    7.20000000e+03     3.60000000e+00     2.30115851e+03     3.00551637e+02     5.44024881e+03    -3.14908546e+03   
    7.40000000e+03     3.70000000e+00     2.30115814e+03     3.01260431e+02     5.44024881e+03    -3.16193922e+03   
    7.60000000e+03     3.80000000e+00     2.30106507e+03     3.01282694e+02     5.44024881e+03    -3.16243602e+03   
    7.80000000e+03     3.90000000e+00     2.30109459e+03     3.01360061e+02     5.44024881e+03    -3.16380947e+03   
    8.00000000e+03     4.00000000e+00     2.30106274e+03     3.01181225e+02     5.44024881e+03    -3.16059827e+03   
    8.20000000e+03     4.10000000e+00     2.30106913e+03     3.01390587e+02     5.44024881e+03    -3.16438849e+03   
    8.40000000e+03     4.20000000e+00     2.30104981e+03     3.01358430e+02     5.44024881e+03    -3.16382468e+03   
    8.60000000e+03     4.30000000e+00     2.30105991e+03     3.01363028e+02     5.44024881e+03    -3.16389795e+03   
    8.80000000e+03     4.40000000e+00     2.30093462e+03     3.01501248e+02     5.44024881e+03    -3.16652974e+03   
    9.00000000e+03     4.50000000e+00     2.30095515e+03     3.01485955e+02     5.44024881e+03    -3.16623190e+03   
    9.20000000e+03     4.60000000e+00     2.30089097e+03     3.01658847e+02     5.44024881e+03    -3.16943132e+03   
    9.40000000e+03     4.70000000e+00     2.30091442e+03     3.01830149e+02     5.44024881e+03    -3.17251430e+03   
    9.60000000e+03     4.80000000e+00     2.30088573e+03     3.01654345e+02     5.44024881e+03    -3.16935492e+03   
    9.80000000e+03     4.90000000e+00     2.30093623e+03     3.01967186e+02     5.44024881e+03    -3.17497754e+03   
    1.00000000e+04     5.00000000e+00     2.30094127e+03     3.01387793e+02     5.44024881e+03    -3.16446568e+03   
    1.02000000e+04     5.10000000e+00     2.30091459e+03     3.02093985e+02     5.44024881e+03    -3.17729858e+03   
    1.04000000e+04     5.20000000e+00     2.30098459e+03     3.01570451e+02     5.44024881e+03    -3.16773472e+03   
    1.06000000e+04     5.30000000e+00     2.30109867e+03     3.02026431e+02     5.44024881e+03    -3.17588945e+03   
    1.08000000e+04     5.40000000e+00     2.30098484e+03     3.01967911e+02     5.44024881e+03    -3.17494207e+03   
    1.10000000e+04     5.50000000e+00     2.30092290e+03     3.01570167e+02     5.44024881e+03    -3.16779127e+03   
    1.12000000e+04     5.60000000e+00     2.30101900e+03     3.01823107e+02     5.44024881e+03    -3.17228201e+03   
    1.14000000e+04     5.70000000e+00     2.30107432e+03     3.01477004e+02     5.44024881e+03    -3.16595040e+03   
    1.16000000e+04     5.80000000e+00     2.30112042e+03     3.01620677e+02     5.44024881e+03    -3.16850971e+03   
    1.18000000e+04     5.90000000e+00     2.30101258e+03     3.01467973e+02     5.44024881e+03    -3.16584838e+03   
    1.20000000e+04     6.00000000e+00     2.30106246e+03     3.01535768e+02     5.44024881e+03    -3.16702790e+03   
    1.22000000e+04     6.10000000e+00     2.30098685e+03     3.01900580e+02     5.44024881e+03    -3.17371908e+03   
    1.24000000e+04     6.20000000e+00     2.30093120e+03     3.02838526e+02     5.44024881e+03    -3.19078358e+03   
    1.26000000e+04     6.30000000e+00     2.30084361e+03     3.01713611e+02     5.44024881e+03    -3.17047179e+03   
    1.28000000e+04     6.40000000e+00     2.30092709e+03     3.01731217e+02     5.44024881e+03    -3.17070758e+03   
    1.30000000e+04     6.50000000e+00     2.30094477e+03     3.02323354e+02     5.44024881e+03    -3.18142781e+03   
    1.32000000e+04     6.60000000e+00     2.30096021e+03     3.01684192e+02     5.44024881e+03    -3.16982169e+03   
    1.34000000e+04     6.70000000e+00     2.30091697e+03     3.02213694e+02     5.44024881e+03    -3.17946702e+03   
    1.36000000e+04     6.80000000e+00     2.30087879e+03     3.01557306e+02     5.44024881e+03    -3.16760214e+03   
    1.38000000e+04     6.90000000e+00     2.30090143e+03     3.01253864e+02     5.44024881e+03    -3.16207684e+03   
    1.40000000e+04     7.00000000e+00     2.30098605e+03     3.00847697e+02     5.44024881e+03    -3.15462671e+03   
    1.42000000e+04     7.10000000e+00     2.30107000e+03     3.00861020e+02     5.44024881e+03    -3.15478437e+03   
    1.44000000e+04     7.20000000e+00     2.30103055e+03     3.00704886e+02     5.44024881e+03    -3.15199247e+03   
    1.46000000e+04     7.30000000e+00     2.30105625e+03     3.01111286e+02     5.44024881e+03    -3.15933649e+03   
    1.48000000e+04     7.40000000e+00     2.30100205e+03     3.00958304e+02     5.44024881e+03    -3.15661650e+03   
    1.50000000e+04     7.50000000e+00     2.30093699e+03     3.00849191e+02     5.44024881e+03    -3.15470287e+03   
    1.52000000e+04     7.60000000e+00     2.30098984e+03     3.01359837e+02     5.44024881e+03    -3.16391016e+03   
    1.54000000e+04     7.70000000e+00     2.30095194e+03     3.00783937e+02     5.44024881e+03    -3.15350459e+03   
    1.56000000e+04     7.80000000e+00     2.30110856e+03     3.00812674e+02     5.44024881e+03    -3.15386910e+03   
    1.58000000e+04     7.90000000e+00     2.30108456e+03     3.02244838e+02     5.44024881e+03    -3.17986420e+03   
    1.60000000e+04     8.00000000e+00     2.30101576e+03     3.01918799e+02     5.44024881e+03    -3.17402055e+03   
    1.62000000e+04     8.10000000e+00     2.30098978e+03     3.01134569e+02     5.44024881e+03    -3.15982518e+03   
    1.64000000e+04     8.20000000e+00     2.30103911e+03     3.01180703e+02     5.44024881e+03    -3.16061245e+03   
    1.66000000e+04     8.30000000e+00     2.30102075e+03     3.01155924e+02     5.44024881e+03    -3.16018147e+03   
    1.68000000e+04     8.40000000e+00     2.30106912e+03     3.01994295e+02     5.44024881e+03    -3.17533625e+03   
    1.70000000e+04     8.50000000e+00     2.30104056e+03     3.02350174e+02     5.44024881e+03    -3.18181839e+03   
    1.72000000e+04     8.60000000e+00     2.30099603e+03     3.01538733e+02     5.44024881e+03    -3.16714811e+03   
    1.74000000e+04     8.70000000e+00     2.30092217e+03     3.01496039e+02     5.44024881e+03    -3.16644774e+03   
    1.76000000e+04     8.80000000e+00     2.30086730e+03     3.01208060e+02     5.44024881e+03    -3.16128036e+03   
    1.78000000e+04     8.90000000e+00     2.30097843e+03     3.01714658e+02     5.44024881e+03    -3.17035596e+03   
    1.80000000e+04     9.00000000e+00     2.30098612e+03     3.01918889e+02     5.44024881e+03    -3.17405183e+03   
    1.82000000e+04     9.10000000e+00     2.30106442e+03     3.01944077e+02     5.44024881e+03    -3.17443028e+03   
    1.84000000e+04     9.20000000e+00     2.30098750e+03     3.01427926e+02     5.44024881e+03    -3.16514723e+03   
    1.86000000e+04     9.30000000e+00     2.30095599e+03     3.01605931e+02     5.44024881e+03    -3.16840672e+03   
    1.88000000e+04     9.40000000e+00     2.30102149e+03     3.01457912e+02     5.44024881e+03    -3.16565702e+03   
    1.90000000e+04     9.50000000e+00     2.30107281e+03     3.02172014e+02     5.44024881e+03    -3.17855535e+03   
    1.92000000e+04     9.60000000e+00     2.30094589e+03     3.01325969e+02     5.44024881e+03    -3.16333995e+03   
    1.94000000e+04     9.70000000e+00     2.30108696e+03     3.01737877e+02     5.44024881e+03    -3.17066848e+03   
    1.96000000e+04     9.80000000e+00     2.30091390e+03     3.01133013e+02     5.44024881e+03    -3.15987284e+03   
    1.98000000e+04     9.90000000e+00     2.30101530e+03     3.01341382e+02     5.44024881e+03    -3.16355004e+03   
    2.00000000e+04     1.00000000e+01     2.30105177e+03     3.00907068e+02     5.44024881e+03    -3.15563766e+03   
    2.02000000e+04     1.01000000e+01     2.30099263e+03     3.01254725e+02     5.44024881e+03    -3.16200125e+03   
    2.04000000e+04     1.02000000e+01     2.30100570e+03     3.01728524e+02     5.44024881e+03    -3.17058014e+03   
    2.06000000e+04     1.03000000e+01     2.30104833e+03     3.00883504e+02     5.44024881e+03    -3.15521378e+03   
    2.08000000e+04     1.04000000e+01     2.30090994e+03     3.01276343e+02     5.44024881e+03    -3.16247597e+03   
    2.10000000e+04     1.05000000e+01     2.30092788e+03     3.01429157e+02     5.44024881e+03    -3.16522918e+03   
    2.12000000e+04     1.06000000e+01     2.30092039e+03     3.01739719e+02     5.44024881e+03    -3.17086845e+03   
    2.14000000e+04     1.07000000e+01     2.30087513e+03     3.02774415e+02     5.44024881e+03    -3.18967706e+03   
    2.16000000e+04     1.08000000e+01     2.30098175e+03     3.01880511e+02     5.44024881e+03    -3.17336024e+03   
    2.18000000e+04     1.09000000e+01     2.30098299e+03     3.01072790e+02     5.44024881e+03    -3.15871165e+03   
    2.20000000e+04     1.10000000e+01     2.30098112e+03     3.00838619e+02     5.44024881e+03    -3.15446703e+03   
    2.22000000e+04     1.11000000e+01     2.30092035e+03     3.01914748e+02     5.44024881e+03    -3.17404250e+03   
    2.24000000e+04     1.12000000e+01     2.30092067e+03     3.01554066e+02     5.44024881e+03    -3.16750151e+03   
    2.26000000e+04     1.13000000e+01     2.30099085e+03     3.01234785e+02     5.44024881e+03    -3.16164145e+03   
    2.28000000e+04     1.14000000e+01     2.30094092e+03     3.01395550e+02     5.44024881e+03    -3.16460670e+03   
    2.30000000e+04     1.15000000e+01     2.30101785e+03     3.00985934e+02     5.44024881e+03    -3.15710174e+03   
    2.32000000e+04     1.16000000e+01     2.30105903e+03     3.01219300e+02     5.44024881e+03    -3.16129246e+03   
    2.34000000e+04     1.17000000e+01     2.30094308e+03     3.01904743e+02     5.44024881e+03    -3.17383833e+03   
    2.36000000e+04     1.18000000e+01     2.30093208e+03     3.01415867e+02     5.44024881e+03    -3.16498398e+03   
    2.38000000e+04     1.19000000e+01     2.30092633e+03     3.01793251e+02     5.44024881e+03    -3.17183327e+03   
    2.40000000e+04     1.20000000e+01     2.30102701e+03     3.01365128e+02     5.44024881e+03    -3.16396894e+03   
    2.42000000e+04     1.21000000e+01     2.30108140e+03     3.01490926e+02     5.44024881e+03    -3.16619578e+03   
    2.44000000e+04     1.22000000e+01     2.30104842e+03     3.01260271e+02     5.44024881e+03    -3.16204604e+03   
    2.46000000e+04     1.23000000e+01     2.30080595e+03     3.01840360e+02     5.44024881e+03    -3.17280793e+03   
    2.48000000e+04     1.24000000e+01     2.30093850e+03     3.01081405e+02     5.44024881e+03    -3.15891238e+03   
    2.50000000e+04     1.25000000e+01     2.30084303e+03     3.02065962e+02     5.44024881e+03    -3.17686195e+03   
    2.52000000e+04     1.26000000e+01     2.30092368e+03     3.01292852e+02     5.44024881e+03    -3.16276160e+03   
    2.54000000e+04     1.27000000e+01     2.30090188e+03     3.02152851e+02     5.44024881e+03    -3.17837878e+03   
    2.56000000e+04     1.28000000e+01     2.30092156e+03     3.02204394e+02     5.44024881e+03    -3.17929378e+03   
    2.58000000e+04     1.29000000e+01     2.30087350e+03     3.01385951e+02     5.44024881e+03    -3.16450005e+03   
    2.60000000e+04     1.30000000e+01     2.30101822e+03     3.01261941e+02     5.44024881e+03    -3.16210652e+03   
    2.62000000e+04     1.31000000e+01     2.30088912e+03     3.01781079e+02     5.44024881e+03    -3.17164974e+03   
    2.64000000e+04     1.32000000e+01     2.30083833e+03     3.01617917e+02     5.44024881e+03    -3.16874173e+03   
    2.66000000e+04     1.33000000e+01     2.30109533e+03     3.01350632e+02     5.44024881e+03    -3.16363775e+03   
    2.68000000e+04     1.34000000e+01     2.30107107e+03     3.01083887e+02     5.44024881e+03    -3.15882480e+03   
    2.70000000e+04     1.35000000e+01     2.30094446e+03     3.00898969e+02     5.44024881e+03    -3.15559808e+03   
    2.72000000e+04     1.36000000e+01     2.30096721e+03     3.01689654e+02     5.44024881e+03    -3.16991374e+03   
    2.74000000e+04     1.37000000e+01     2.30090875e+03     3.01260107e+02     5.44024881e+03    -3.16218273e+03   
    2.76000000e+04     1.38000000e+01     2.30084589e+03     3.01630602e+02     5.44024881e+03    -3.16896421e+03   
    2.78000000e+04     1.39000000e+01     2.30088299e+03     3.01264503e+02     5.44024881e+03    -3.16228821e+03   
    2.80000000e+04     1.40000000e+01     2.30100702e+03     3.01710841e+02     5.44024881e+03    -3.17025814e+03   
    2.82000000e+04     1.41000000e+01     2.30096308e+03     3.00942556e+02     5.44024881e+03    -3.15636989e+03   
    2.84000000e+04     1.42000000e+01     2.30098238e+03     3.01329832e+02     5.44024881e+03    -3.16337351e+03   
    2.86000000e+04     1.43000000e+01     2.30082597e+03     3.02354977e+02     5.44024881e+03    -3.18212006e+03   
    2.88000000e+04     1.44000000e+01     2.30087766e+03     3.01822448e+02     5.44024881e+03    -3.17241141e+03   
    2.90000000e+04     1.45000000e+01     2.30065525e+03     3.01786835e+02     5.44024881e+03    -3.17198801e+03   
    2.92000000e+04     1.46000000e+01     2.30102671e+03     3.00881513e+02     5.44024881e+03    -3.15519928e+03   
    2.94000000e+04     1.47000000e+01     2.30099034e+03     3.00639915e+02     5.44024881e+03    -3.15085447e+03   
    2.96000000e+04     1.48000000e+01     2.30091354e+03     3.01780709e+02     5.44024881e+03    -3.17161863e+03   
    2.98000000e+04     1.49000000e+01     2.30108451e+03     3.01107118e+02     5.44024881e+03    -3.15923265e+03   
    3.00000000e+04     1.50000000e+01     2.30105115e+03     3.01245600e+02     5.44024881e+03    -3.16177726e+03   
    3.02000000e+04     1.51000000e+01     2.30101508e+03     3.00543736e+02     5.44024881e+03    -3.14908562e+03   
    3.04000000e+04     1.52000000e+01     2.30099324e+03     3.01346426e+02     5.44024881e+03    -3.16366358e+03   
    3.06000000e+04     1.53000000e+01     2.30102754e+03     3.01645193e+02     5.44024881e+03    -3.16904715e+03   
    3.08000000e+04     1.54000000e+01     2.30095433e+03     3.01329238e+02     5.44024881e+03    -3.16339079e+03   
    3.10000000e+04     1.55000000e+01     2.30102192e+03     3.01360754e+02     5.44024881e+03    -3.16389471e+03   
    3.12000000e+04     1.56000000e+01     2.30095206e+03     3.01237520e+02     5.44024881e+03    -3.16172983e+03   
    3.14000000e+04     1.57000000e+01     2.30094687e+03     3.01869087e+02     5.44024881e+03    -3.17318795e+03   
    3.16000000e+04     1.58000000e+01     2.30095738e+03     3.02166566e+02     5.44024881e+03    -3.17857198e+03   
    3.18000000e+04     1.59000000e+01     2.30090101e+03     3.01868635e+02     5.44024881e+03    -3.17322562e+03   
    3.20000000e+04     1.60000000e+01     2.30094774e+03     3.01418256e+02     5.44024881e+03    -3.16501165e+03   
    3.22000000e+04     1.61000000e+01     2.30094976e+03     3.01078581e+02     5.44024881e+03    -3.15884991e+03   
    3.24000000e+04     1.62000000e+01     2.30104782e+03     3.01609197e+02     5.44024881e+03    -3.16837413e+03   
    3.26000000e+04     1.63000000e+01     2.30108940e+03     3.01157622e+02     5.44024881e+03    -3.16014362e+03   
    3.28000000e+04     1.64000000e+01     2.30116806e+03     3.02214912e+02     5.44024881e+03    -3.17923802e+03   
    3.30000000e+04     1.65000000e+01     2.30109446e+03     3.01370648e+02     5.44024881e+03    -3.16400158e+03   
    3.32000000e+04     1.66000000e+01     2.30089538e+03     3.01343492e+02     5.44024881e+03    -3.16370823e+03   
    3.34000000e+04     1.67000000e+01     2.30092902e+03     3.01050490e+02     5.44024881e+03    -3.15836123e+03   
    3.36000000e+04     1.68000000e+01     2.30095741e+03     3.00752968e+02     5.44024881e+03    -3.15293753e+03   
    3.38000000e+04     1.69000000e+01     2.30104820e+03     3.01055374e+02     5.44024881e+03    -3.15833062e+03   
    3.40000000e+04     1.70000000e+01     2.30106967e+03     3.01588148e+02     5.44024881e+03    -3.16797057e+03   
    3.42000000e+04     1.71000000e+01     2.30106665e+03     3.01710776e+02     5.44024881e+03    -3.17019733e+03   
    3.44000000e+04     1.72000000e+01     2.30104156e+03     3.01695770e+02     5.44024881e+03    -3.16995030e+03   
    3.46000000e+04     1.73000000e+01     2.30092359e+03     3.01153350e+02     5.44024881e+03    -3.16023195e+03   
    3.48000000e+04     1.74000000e+01     2.30095873e+03     3.01136305e+02     5.44024881e+03    -3.15988770e+03   
    3.50000000e+04     1.75000000e+01     2.30088986e+03     3.01415002e+02     5.44024881e+03    -3.16501052e+03   
    3.52000000e+04     1.76000000e+01     2.30105443e+03     3.01947489e+02     5.44024881e+03    -3.17450215e+03   
    3.54000000e+04     1.77000000e+01     2.30111128e+03     3.01912629e+02     5.44024881e+03    -3.17381313e+03   
    3.56000000e+04     1.78000000e+01     2.30104452e+03     3.01306234e+02     5.44024881e+03    -3.16288343e+03   
    3.58000000e+04     1.79000000e+01     2.30096177e+03     3.01626360e+02     5.44024881e+03    -3.16877140e+03   
    3.60000000e+04     1.80000000e+01     2.30100878e+03     3.00287152e+02     5.44024881e+03    -3.14443898e+03   
    3.62000000e+04     1.81000000e+01     2.30101446e+03     3.00592149e+02     5.44024881e+03    -3.14996416e+03   
    3.64000000e+04     1.82000000e+01     2.30107909e+03     3.01188042e+02     5.44024881e+03    -3.16070555e+03   
    3.66000000e+04     1.83000000e+01     2.30103774e+03     3.00858081e+02     5.44024881e+03    -3.15476333e+03   
    3.68000000e+04     1.84000000e+01     2.30103968e+03     3.01585067e+02     5.44024881e+03    -3.16794469e+03   
    3.70000000e+04     1.85000000e+01     2.30099151e+03     3.01160367e+02     5.44024881e+03    -3.16029127e+03   
    3.72000000e+04     1.86000000e+01     2.30099507e+03     3.02270542e+02     5.44024881e+03    -3.18041981e+03   
    3.74000000e+04     1.87000000e+01     2.30094554e+03     3.01548977e+02     5.44024881e+03    -3.16738435e+03   
    3.76000000e+04     1.88000000e+01     2.30098633e+03     3.02315891e+02     5.44024881e+03    -3.18125091e+03   
    3.78000000e+04     1.89000000e+01     2.30097116e+03     3.01417988e+02     5.44024881e+03    -3.16498336e+03   
    3.80000000e+04     1.90000000e+01     2.30099600e+03     3.02325652e+02     5.44024881e+03    -3.18141825e+03   
    3.82000000e+04     1.91000000e+01     2.30094249e+03     3.01406989e+02     5.44024881e+03    -3.16481257e+03   
    3.84000000e+04     1.92000000e+01     2.30109005e+03     3.01363143e+02     5.44024881e+03    -3.16386990e+03   
    3.86000000e+04     1.93000000e+01     2.30096711e+03     3.01043636e+02     5.44024881e+03    -3.15819885e+03   
    3.88000000e+04     1.94000000e+01     2.30099681e+03     3.00959587e+02     5.44024881e+03    -3.15664499e+03   
    3.90000000e+04     1.95000000e+01     2.30101820e+03     3.01630781e+02     5.44024881e+03    -3.16879514e+03   
    3.92000000e+04     1.96000000e+01     2.30097149e+03     3.01722425e+02     5.44024881e+03    -3.17050374e+03   
    3.94000000e+04     1.97000000e+01     2.30100774e+03     3.01658138e+02     5.44024881e+03    -3.16930170e+03   
    3.96000000e+04     1.98000000e+01     2.30086394e+03     3.01848975e+02     5.44024881e+03    -3.17290617e+03   
    3.98000000e+04     1.99000000e+01     2.30096805e+03     3.01849340e+02     5.44024881e+03    -3.17280868e+03   
    4.00000000e+04     2.00000000e+01     2.30103665e+03     3.01980392e+02     5.44024881e+03    -3.17511661e+03   
