# column   1     --> step : The current simulation time step.
# column   2     --> time{picosecond} : The elapsed simulation time.
# column   3     --> conserved{electronvolt} : The value of the conserved energy quantity per bead.
# column   4     --> temperature{kelvin} : The current temperature, as obtained from the MD kinetic energy.
# column   5     --> kinetic_cv{electronvolt} : The centroid-virial quantum kinetic energy of the physical system.
# column   6     --> potential{electronvolt} : The physical system potential energy.
    0.00000000e+00     0.00000000e+00     2.29986213e+03     3.01199191e+02     5.44024881e+03    -3.16212470e+03   
    2.00000000e+02     1.00000000e-01     2.29975900e+03     3.01955052e+02     5.44024881e+03    -3.17593473e+03   
    4.00000000e+02     2.00000000e-01     2.29977698e+03     3.01362251e+02     5.44024881e+03    -3.16516679e+03   
    6.00000000e+02     3.00000000e-01     2.29977425e+03     3.01676697e+02     5.44024881e+03    -3.17087175e+03   
    8.00000000e+02     4.00000000e-01     2.29966876e+03     3.02228910e+02     5.44024881e+03    -3.18099115e+03   
    1.00000000e+03     5.00000000e-01     2.29976553e+03     3.01611617e+02     5.44024881e+03    -3.16970029e+03   
    1.20000000e+03     6.00000000e-01     2.29984304e+03     3.01208763e+02     5.44024881e+03    -3.16231735e+03   
    1.40000000e+03     7.00000000e-01     2.29988843e+03     3.01497818e+02     5.44024881e+03    -3.16751374e+03   
    1.60000000e+03     8.00000000e-01     2.29980056e+03     3.01175496e+02     5.44024881e+03    -3.16175657e+03   
    1.80000000e+03     9.00000000e-01     2.29973465e+03     3.01952082e+02     5.44024881e+03    -3.17590521e+03   
    2.00000000e+03     1.00000000e+00     2.29977767e+03     3.01898910e+02     5.44024881e+03    -3.17489798e+03   
    2.20000000e+03     1.10000000e+00     2.29977883e+03     3.01644457e+02     5.44024881e+03    -3.17028252e+03   
    2.40000000e+03     1.20000000e+00     2.29988725e+03     3.01185664e+02     5.44024881e+03    -3.16185426e+03   
    2.60000000e+03     1.30000000e+00     2.29981601e+03     3.00810454e+02     5.44024881e+03    -3.15512139e+03   
    2.80000000e+03     1.40000000e+00     2.29979799e+03     3.00429668e+02     5.44024881e+03    -3.14823417e+03   
    3.00000000e+03     1.50000000e+00     2.29990052e+03     3.01023390e+02     5.44024881e+03    -3.15889829e+03   
    3.20000000e+03     1.60000000e+00     2.29975855e+03     3.02204385e+02     5.44024881e+03    -3.18045662e+03   
    3.40000000e+03     1.70000000e+00     2.29977367e+03     3.01836391e+02     5.44024881e+03    -3.17376823e+03   
    3.60000000e+03     1.80000000e+00     2.29982571e+03     3.02219259e+02     5.44024881e+03    -3.18065919e+03   
    3.80000000e+03     1.90000000e+00     2.29977999e+03     3.01355202e+02     5.44024881e+03    -3.16503597e+03   
    4.00000000e+03     2.00000000e+00     2.29980107e+03     3.02076833e+02     5.44024881e+03    -3.17810106e+03   
    4.20000000e+03     2.10000000e+00     2.29975453e+03     3.01315407e+02     5.44024881e+03    -3.16433977e+03   
    4.40000000e+03     2.20000000e+00     2.29984711e+03     3.01114203e+02     5.44024881e+03    -3.16059851e+03   
    4.60000000e+03     2.30000000e+00     2.29989256e+03     3.00763079e+02     5.44024881e+03    -3.15418573e+03   
    4.80000000e+03     2.40000000e+00     2.29990631e+03     3.01263656e+02     5.44024881e+03    -3.16324953e+03   
    5.00000000e+03     2.50000000e+00     2.29988481e+03     3.00896563e+02     5.44024881e+03    -3.15661410e+03   
    5.20000000e+03     2.60000000e+00     2.29983179e+03     3.01789741e+02     5.44024881e+03    -3.17286416e+03   
    5.40000000e+03     2.70000000e+00     2.29977473e+03     3.01306935e+02     5.44024881e+03    -3.16416594e+03   
    5.60000000e+03     2.80000000e+00     2.29967670e+03     3.02057890e+02     5.44024881e+03    -3.17788190e+03   
    5.80000000e+03     2.90000000e+00     2.29979108e+03     3.01579890e+02     5.44024881e+03    -3.16909940e+03   
    6.00000000e+03     3.00000000e+00     2.29983400e+03     3.01734804e+02     5.44024881e+03    -3.17186572e+03   
    6.20000000e+03     3.10000000e+00     2.29993121e+03     3.01642396e+02     5.44024881e+03    -3.17009276e+03   
    6.40000000e+03     3.20000000e+00     2.29983308e+03     3.01744479e+02     5.44024881e+03    -3.17204208e+03   
    6.60000000e+03     3.30000000e+00     2.29985880e+03     3.02472900e+02     5.44024881e+03    -3.18522566e+03   
    6.80000000e+03     3.40000000e+00     2.29982552e+03     3.02352321e+02     5.44024881e+03    -3.18307236e+03   
    7.00000000e+03     3.50000000e+00     2.29967273e+03     3.01471250e+02     5.44024881e+03    -3.16724765e+03   
    7.20000000e+03     3.60000000e+00     2.29985331e+03     3.01314809e+02     5.44024881e+03    -3.16423015e+03   
    7.40000000e+03     3.70000000e+00     2.29978585e+03     3.01625304e+02     5.44024881e+03    -3.16992817e+03   
    7.60000000e+03     3.80000000e+00     2.29991242e+03     3.01751666e+02     5.44024881e+03    -3.17209308e+03   
    7.80000000e+03     3.90000000e+00     2.29991467e+03     3.01511639e+02     5.44024881e+03    -3.16773812e+03   
    8.00000000e+03     4.00000000e+00     2.29982483e+03     3.01994759e+02     5.44024881e+03    -3.17658895e+03   
    8.20000000e+03     4.10000000e+00     2.29979377e+03     3.01992985e+02     5.44024881e+03    -3.17658783e+03   
    8.40000000e+03     4.20000000e+00     2.29979653e+03     3.02419647e+02     5.44024881e+03    -3.18432224e+03   
    8.60000000e+03     4.30000000e+00     2.29980298e+03     3.01092711e+02     5.44024881e+03    -3.16025290e+03   
    8.80000000e+03     4.40000000e+00     2.29985757e+03     3.01938880e+02     5.44024881e+03    -3.17554289e+03   
    9.00000000e+03     4.50000000e+00     2.29982217e+03     3.01890393e+02     5.44024881e+03    -3.17469902e+03   
    9.20000000e+03     4.60000000e+00     2.29969942e+03     3.02032357e+02     5.44024881e+03    -3.17739617e+03   
    9.40000000e+03     4.70000000e+00     2.29990063e+03     3.01651113e+02     5.44024881e+03    -3.17028142e+03   
    9.60000000e+03     4.80000000e+00     2.29992485e+03     3.01217179e+02     5.44024881e+03    -3.16238817e+03   
    9.80000000e+03     4.90000000e+00     2.29985925e+03     3.02204106e+02     5.44024881e+03    -3.18035086e+03   
    1.00000000e+04     5.00000000e+00     2.29986049e+03     3.01651535e+02     5.44024881e+03    -3.17032921e+03   
    1.02000000e+04     5.10000000e+00     2.29979585e+03     3.01607540e+02     5.44024881e+03    -3.16959604e+03   
    1.04000000e+04     5.20000000e+00     2.29981435e+03     3.01331914e+02     5.44024881e+03    -3.16457930e+03   
    1.06000000e+04     5.30000000e+00     2.29980031e+03     3.02034442e+02     5.44024881e+03    -3.17733308e+03   
    1.08000000e+04     5.40000000e+00     2.29970754e+03     3.01893961e+02     5.44024881e+03    -3.17487835e+03   
    1.10000000e+04     5.50000000e+00     2.29982947e+03     3.01498439e+02     5.44024881e+03    -3.16758396e+03   
    1.12000000e+04     5.60000000e+00     2.29980089e+03     3.01789330e+02     5.44024881e+03    -3.17288760e+03   
    1.14000000e+04     5.70000000e+00     2.29989618e+03     3.01887733e+02     5.44024881e+03    -3.17457677e+03   
    1.16000000e+04     5.80000000e+00     2.29984806e+03     3.01152646e+02     5.44024881e+03    -3.16129470e+03   
    1.18000000e+04     5.90000000e+00     2.29980874e+03     3.01335845e+02     5.44024881e+03    -3.16465618e+03   
    1.20000000e+04     6.00000000e+00     2.29978906e+03     3.01143548e+02     5.44024881e+03    -3.16118872e+03   
    1.22000000e+04     6.10000000e+00     2.29970985e+03     3.01408150e+02     5.44024881e+03    -3.16606627e+03   
    1.24000000e+04     6.20000000e+00     2.29986187e+03     3.01750756e+02     5.44024881e+03    -3.17212712e+03   
    1.26000000e+04     6.30000000e+00     2.29985282e+03     3.01330016e+02     5.44024881e+03    -3.16450639e+03   
    1.28000000e+04     6.40000000e+00     2.29984665e+03     3.01644090e+02     5.44024881e+03    -3.17020804e+03   
    1.30000000e+04     6.50000000e+00     2.29976542e+03     3.01556223e+02     5.44024881e+03    -3.16869588e+03   
    1.32000000e+04     6.60000000e+00     2.29972122e+03     3.01840430e+02     5.44024881e+03    -3.17389392e+03   
    1.34000000e+04     6.70000000e+00     2.29977398e+03     3.01944186e+02     5.44024881e+03    -3.17572271e+03   
    1.36000000e+04     6.80000000e+00     2.29974274e+03     3.02215133e+02     5.44024881e+03    -3.18066733e+03   
    1.38000000e+04     6.90000000e+00     2.29977506e+03     3.02097824e+02     5.44024881e+03    -3.17850772e+03   
    1.40000000e+04     7.00000000e+00     2.29978532e+03     3.01264223e+02     5.44024881e+03    -3.16338081e+03   
    1.42000000e+04     7.10000000e+00     2.29992026e+03     3.01095976e+02     5.44024881e+03    -3.16019485e+03   
    1.44000000e+04     7.20000000e+00     2.29991057e+03     3.01225575e+02     5.44024881e+03    -3.16255471e+03   
    1.46000000e+04     7.30000000e+00     2.29988777e+03     3.01804828e+02     5.44024881e+03    -3.17308177e+03   
    1.48000000e+04     7.40000000e+00     2.29985935e+03     3.01073691e+02     5.44024881e+03    -3.15985164e+03   
    1.50000000e+04     7.50000000e+00     2.29985432e+03     3.01945297e+02     5.44024881e+03    -3.17566250e+03   
    1.52000000e+04     7.60000000e+00     2.29973087e+03     3.01797233e+02     5.44024881e+03    -3.17310095e+03   
    1.54000000e+04     7.70000000e+00     2.29981049e+03     3.01494635e+02     5.44024881e+03    -3.16753397e+03   
    1.56000000e+04     7.80000000e+00     2.29975891e+03     3.01599647e+02     5.44024881e+03    -3.16948983e+03   
    1.58000000e+04     7.90000000e+00     2.29980580e+03     3.01529400e+02     5.44024881e+03    -3.16816908e+03   
    1.60000000e+04     8.00000000e+00     2.29981945e+03     3.01322982e+02     5.44024881e+03    -3.16441221e+03   
    1.62000000e+04     8.10000000e+00     2.29976686e+03     3.01279212e+02     5.44024881e+03    -3.16367107e+03   
    1.64000000e+04     8.20000000e+00     2.29976287e+03     3.00773854e+02     5.44024881e+03    -3.15451081e+03   
    1.66000000e+04     8.30000000e+00     2.29994228e+03     3.00742199e+02     5.44024881e+03    -3.15375737e+03   
    1.68000000e+04     8.40000000e+00     2.29978950e+03     3.01154291e+02     5.44024881e+03    -3.16138310e+03   
    1.70000000e+04     8.50000000e+00     2.29975240e+03     3.02051442e+02     5.44024881e+03    -3.17768927e+03   
    1.72000000e+04     8.60000000e+00     2.29977124e+03     3.01346594e+02     5.44024881e+03    -3.16488861e+03   
    1.74000000e+04     8.70000000e+00     2.29984975e+03     3.01390916e+02     5.44024881e+03    -3.16561385e+03   
    1.76000000e+04     8.80000000e+00     2.29981227e+03     3.01304318e+02     5.44024881e+03    -3.16408093e+03   
    1.78000000e+04     8.90000000e+00     2.29981294e+03     3.01182096e+02     5.44024881e+03    -3.16186388e+03   
    1.80000000e+04     9.00000000e+00     2.29977060e+03     3.01733674e+02     5.44024881e+03    -3.17190862e+03   
    1.82000000e+04     9.10000000e+00     2.29983572e+03     3.01325793e+02     5.44024881e+03    -3.16444693e+03   
    1.84000000e+04     9.20000000e+00     2.29986173e+03     3.01647386e+02     5.44024881e+03    -3.17025273e+03   
    1.86000000e+04     9.30000000e+00     2.29984888e+03     3.00897429e+02     5.44024881e+03    -3.15666574e+03   
    1.88000000e+04     9.40000000e+00     2.29984248e+03     3.00332460e+02     5.44024881e+03    -3.14642691e+03   
    1.90000000e+04     9.50000000e+00     2.29981624e+03     3.00573302e+02     5.44024881e+03    -3.15082061e+03   
    1.92000000e+04     9.60000000e+00     2.29968424e+03     3.01202894e+02     5.44024881e+03    -3.16236974e+03   
    1.94000000e+04     9.70000000e+00     2.29981386e+03     3.01208214e+02     5.44024881e+03    -3.16233658e+03   
    1.96000000e+04     9.80000000e+00     2.29992567e+03     3.01015252e+02     5.44024881e+03    -3.15872558e+03   
    1.98000000e+04     9.90000000e+00     2.29999345e+03     3.01383452e+02     5.44024881e+03    -3.16533478e+03   
    2.00000000e+04     1.00000000e+01     2.29999783e+03     3.00904290e+02     5.44024881e+03    -3.15664121e+03   
    2.02000000e+04     1.01000000e+01     2.29984062e+03     3.01877219e+02     5.44024881e+03    -3.17444167e+03   
    2.04000000e+04     1.02000000e+01     2.29976786e+03     3.02323505e+02     5.44024881e+03    -3.18260745e+03   
    2.06000000e+04     1.03000000e+01     2.29984701e+03     3.01591776e+02     5.44024881e+03    -3.16925901e+03   
    2.08000000e+04     1.04000000e+01     2.29975005e+03     3.02000316e+02     5.44024881e+03    -3.17676450e+03   
    2.10000000e+04     1.05000000e+01     2.29980198e+03     3.01927065e+02     5.44024881e+03    -3.17538422e+03   
    2.12000000e+04     1.06000000e+01     2.29977050e+03     3.01869317e+02     5.44024881e+03    -3.17436850e+03   
    2.14000000e+04     1.07000000e+01     2.29974606e+03     3.02427332e+02     5.44024881e+03    -3.18451207e+03   
    2.16000000e+04     1.08000000e+01     2.29974921e+03     3.02023395e+02     5.44024881e+03    -3.17718385e+03   
    2.18000000e+04     1.09000000e+01     2.29972763e+03     3.02498945e+02     5.44024881e+03    -3.18582915e+03   
    2.20000000e+04     1.10000000e+01     2.29982069e+03     3.01932724e+02     5.44024881e+03    -3.17546814e+03   
    2.22000000e+04     1.11000000e+01     2.29981385e+03     3.01398970e+02     5.44024881e+03    -3.16579580e+03   
    2.24000000e+04     1.12000000e+01     2.29976863e+03     3.01487210e+02     5.44024881e+03    -3.16744117e+03   
    2.26000000e+04     1.13000000e+01     2.29970800e+03     3.01153622e+02     5.44024881e+03    -3.16145246e+03   
    2.28000000e+04     1.14000000e+01     2.29976651e+03     3.01266857e+02     5.44024881e+03    -3.16344738e+03   
    2.30000000e+04     1.15000000e+01     2.29972619e+03     3.01299564e+02     5.44024881e+03    -3.16408081e+03   
    2.32000000e+04     1.16000000e+01     2.29972466e+03     3.01189553e+02     5.44024881e+03    -3.16208740e+03   
    2.34000000e+04     1.17000000e+01     2.29986474e+03     3.01513566e+02     5.44024881e+03    -3.16782301e+03   
    2.36000000e+04     1.18000000e+01     2.29993857e+03     3.01786933e+02     5.44024881e+03    -3.17270646e+03   
    2.38000000e+04     1.19000000e+01     2.29990422e+03     3.01412758e+02     5.44024881e+03    -3.16595546e+03   
    2.40000000e+04     1.20000000e+01     2.29986460e+03     3.01977397e+02     5.44024881e+03    -3.17623434e+03   
    2.42000000e+04     1.21000000e+01     2.30003814e+03     3.01135435e+02     5.44024881e+03    -3.16079252e+03   
    2.44000000e+04     1.22000000e+01     2.29979731e+03     3.01993506e+02     5.44024881e+03    -3.17659374e+03   
    2.46000000e+04     1.23000000e+01     2.29981568e+03     3.01290128e+02     5.44024881e+03    -3.16382021e+03   
    2.48000000e+04     1.24000000e+01     2.29987692e+03     3.01513134e+02     5.44024881e+03    -3.16780300e+03   
    2.50000000e+04     1.25000000e+01     2.29984971e+03     3.01254467e+02     5.44024881e+03    -3.16313950e+03   
    2.52000000e+04     1.26000000e+01     2.29990494e+03     3.01703463e+02     5.44024881e+03    -3.17122644e+03   
    2.54000000e+04     1.27000000e+01     2.29987123e+03     3.01877330e+02     5.44024881e+03    -3.17441308e+03   
    2.56000000e+04     1.28000000e+01     2.29967119e+03     3.01668736e+02     5.44024881e+03    -3.17083044e+03   
    2.58000000e+04     1.29000000e+01     2.29984889e+03     3.01239736e+02     5.44024881e+03    -3.16287318e+03   
    2.60000000e+04     1.30000000e+01     2.29982543e+03     3.00957067e+02     5.44024881e+03    -3.15777068e+03   
    2.62000000e+04     1.31000000e+01     2.29975974e+03     3.01419483e+02     5.44024881e+03    -3.16622190e+03   
    2.64000000e+04     1.32000000e+01     2.29989556e+03     3.01092442e+02     5.44024881e+03    -3.16015546e+03   
    2.66000000e+04     1.33000000e+01     2.29981823e+03     3.01072733e+02     5.44024881e+03    -3.15987538e+03   
    2.68000000e+04     1.34000000e+01     2.29989794e+03     3.00869516e+02     5.44024881e+03    -3.15611051e+03   
    2.70000000e+04     1.35000000e+01     2.29977060e+03     3.01552906e+02     5.44024881e+03    -3.16863054e+03   
    2.72000000e+04     1.36000000e+01     2.29984612e+03     3.01197356e+02     5.44024881e+03    -3.16210743e+03   
    2.74000000e+04     1.37000000e+01     2.29980908e+03     3.01665597e+02     5.44024881e+03    -3.17063562e+03   
    2.76000000e+04     1.38000000e+01     2.29978636e+03     3.01823400e+02     5.44024881e+03    -3.17351997e+03   
    2.78000000e+04     1.39000000e+01     2.29982927e+03     3.01688294e+02     5.44024881e+03    -3.17102702e+03   
    2.80000000e+04     1.40000000e+01     2.29991682e+03     3.01416411e+02     5.44024881e+03    -3.16600911e+03   
    2.82000000e+04     1.41000000e+01     2.29968030e+03     3.01995295e+02     5.44024881e+03    -3.17674321e+03   
    2.84000000e+04     1.42000000e+01     2.29968065e+03     3.02063039e+02     5.44024881e+03    -3.17797133e+03   
    2.86000000e+04     1.43000000e+01     2.29976856e+03     3.01512178e+02     5.44024881e+03    -3.16789403e+03   
    2.88000000e+04     1.44000000e+01     2.29985536e+03     3.01476558e+02     5.44024881e+03    -3.16716129e+03   
    2.90000000e+04     1.45000000e+01     2.29977468e+03     3.01195205e+02     5.44024881e+03    -3.16213987e+03   
    2.92000000e+04     1.46000000e+01     2.29983466e+03     3.01109271e+02     5.44024881e+03    -3.16052155e+03   
    2.94000000e+04     1.47000000e+01     2.29982236e+03     3.01641764e+02     5.44024881e+03    -3.17019015e+03   
    2.96000000e+04     1.48000000e+01     2.29970694e+03     3.01635408e+02     5.44024881e+03    -3.17019031e+03   
    2.98000000e+04     1.49000000e+01     2.29979363e+03     3.01195354e+02     5.44024881e+03    -3.16212361e+03   
    3.00000000e+04     1.50000000e+01     2.29983723e+03     3.01392552e+02     5.44024881e+03    -3.16565604e+03   
    3.02000000e+04     1.51000000e+01     2.29980738e+03     3.01414689e+02     5.44024881e+03    -3.16608732e+03   
    3.04000000e+04     1.52000000e+01     2.29987628e+03     3.01648229e+02     5.44024881e+03    -3.17025348e+03   
    3.06000000e+04     1.53000000e+01     2.29985107e+03     3.01403253e+02     5.44024881e+03    -3.16583624e+03   
    3.08000000e+04     1.54000000e+01     2.29973713e+03     3.01233739e+02     5.44024881e+03    -3.16287619e+03   
    3.10000000e+04     1.55000000e+01     2.29980039e+03     3.01132900e+02     5.44024881e+03    -3.16098430e+03   
    3.12000000e+04     1.56000000e+01     2.29982139e+03     3.01274072e+02     5.44024881e+03    -3.16352334e+03   
    3.14000000e+04     1.57000000e+01     2.29977475e+03     3.01531635e+02     5.44024881e+03    -3.16824068e+03   
    3.16000000e+04     1.58000000e+01     2.29981774e+03     3.00932925e+02     5.44024881e+03    -3.15734058e+03   
    3.18000000e+04     1.59000000e+01     2.29993377e+03     3.01602673e+02     5.44024881e+03    -3.16936986e+03   
    3.20000000e+04     1.60000000e+01     2.29987429e+03     3.00906612e+02     5.44024881e+03    -3.15680685e+03   
    3.22000000e+04     1.61000000e+01     2.29991922e+03     3.01101209e+02     5.44024881e+03    -3.16029078e+03   
    3.24000000e+04     1.62000000e+01     2.29971131e+03     3.01144038e+02     5.44024881e+03    -3.16127536e+03   
    3.26000000e+04     1.63000000e+01     2.29967607e+03     3.01428089e+02     5.44024881e+03    -3.16646163e+03   
    3.28000000e+04     1.64000000e+01     2.29969011e+03     3.02146422e+02     5.44024881e+03    -3.17947395e+03   
    3.30000000e+04     1.65000000e+01     2.29964329e+03     3.01689377e+02     5.44024881e+03    -3.17123265e+03   
    3.32000000e+04     1.66000000e+01     2.29970347e+03     3.01984573e+02     5.44024881e+03    -3.17652560e+03   
    3.34000000e+04     1.67000000e+01     2.29969970e+03     3.01297265e+02     5.44024881e+03    -3.16406562e+03   
    3.36000000e+04     1.68000000e+01     2.29974156e+03     3.01158501e+02     5.44024881e+03    -3.16150738e+03   
    3.38000000e+04     1.69000000e+01     2.29980371e+03     3.01315656e+02     5.44024881e+03    -3.16429512e+03   
    3.40000000e+04     1.70000000e+01     2.29985354e+03     3.01261218e+02     5.44024881e+03    -3.16325809e+03   
    3.42000000e+04     1.71000000e+01     2.29985764e+03     3.01218729e+02     5.44024881e+03    -3.16248348e+03   
    3.44000000e+04     1.72000000e+01     2.29986167e+03     3.01626870e+02     5.44024881e+03    -3.16988076e+03   
    3.46000000e+04     1.73000000e+01     2.29994325e+03     3.01048898e+02     5.44024881e+03    -3.15931814e+03   
    3.48000000e+04     1.74000000e+01     2.29998885e+03     3.01320797e+02     5.44024881e+03    -3.16420320e+03   
    3.50000000e+04     1.75000000e+01     2.29986918e+03     3.01245206e+02     5.44024881e+03    -3.16295208e+03   
    3.52000000e+04     1.76000000e+01     2.29981521e+03     3.00966843e+02     5.44024881e+03    -3.15795817e+03   
    3.54000000e+04     1.77000000e+01     2.29980643e+03     3.01804177e+02     5.44024881e+03    -3.17315131e+03   
    3.56000000e+04     1.78000000e+01     2.29977345e+03     3.01162781e+02     5.44024881e+03    -3.16155311e+03   
    3.58000000e+04     1.79000000e+01     2.29987492e+03     3.01623548e+02     5.44024881e+03    -3.16980727e+03   
    3.60000000e+04     1.80000000e+01     2.29983066e+03     3.01506469e+02     5.44024881e+03    -3.16772839e+03   
    3.62000000e+04     1.81000000e+01     2.29983043e+03     3.00794848e+02     5.44024881e+03    -3.15482396e+03   
    3.64000000e+04     1.82000000e+01     2.29982977e+03     3.01393708e+02     5.44024881e+03    -3.16568446e+03   
    3.66000000e+04     1.83000000e+01     2.29984460e+03     3.01038090e+02     5.44024881e+03    -3.15922079e+03   
    3.68000000e+04     1.84000000e+01     2.29968576e+03     3.01237861e+02     5.44024881e+03    -3.16300232e+03   
    3.70000000e+04     1.85000000e+01     2.29982848e+03     3.01224925e+02     5.44024881e+03    -3.16262501e+03   
    3.72000000e+04     1.86000000e+01     2.29981806e+03     3.01517667e+02     5.44024881e+03    -3.16794406e+03   
    3.74000000e+04     1.87000000e+01     2.29981354e+03     3.01511410e+02     5.44024881e+03    -3.16783511e+03   
    3.76000000e+04     1.88000000e+01     2.29979484e+03     3.01489930e+02     5.44024881e+03    -3.16746428e+03   
    3.78000000e+04     1.89000000e+01     2.29980589e+03     3.01462280e+02     5.44024881e+03    -3.16695184e+03   
    3.80000000e+04     1.90000000e+01     2.29999159e+03     3.01102332e+02     5.44024881e+03    -3.16023878e+03   
    3.82000000e+04     1.91000000e+01     2.29985761e+03     3.01497648e+02     5.44024881e+03    -3.16754148e+03   
    3.84000000e+04     1.92000000e+01     2.29986046e+03     3.01478558e+02     5.44024881e+03    -3.16719245e+03   
    3.86000000e+04     1.93000000e+01     2.29984729e+03     3.01949838e+02     5.44024881e+03    -3.17575190e+03   
    3.88000000e+04     1.94000000e+01     2.29968686e+03     3.01703517e+02     5.44024881e+03    -3.17144550e+03   
    3.90000000e+04     1.95000000e+01     2.29981523e+03     3.01242854e+02     5.44024881e+03    -3.16296339e+03   
    3.92000000e+04     1.96000000e+01     2.29988491e+03     3.01386165e+02     5.44024881e+03    -3.16549253e+03   
    3.94000000e+04     1.97000000e+01     2.29981997e+03     3.01527146e+02     5.44024881e+03    -3.16811404e+03   
    3.96000000e+04     1.98000000e+01     2.29983777e+03     3.00928352e+02     5.44024881e+03    -3.15723761e+03   
    3.98000000e+04     1.99000000e+01     2.29981905e+03     3.01339397e+02     5.44024881e+03    -3.16471029e+03   
    4.00000000e+04     2.00000000e+01     2.29991677e+03     3.00377849e+02     5.44024881e+03    -3.14717571e+03   
