# column   1     --> step : The current simulation time step.
# column   2     --> time{picosecond} : The elapsed simulation time.
# column   3     --> conserved{electronvolt} : The value of the conserved energy quantity per bead.
# column   4     --> temperature{kelvin} : The current temperature, as obtained from the MD kinetic energy.
# column   5     --> kinetic_cv{electronvolt} : The centroid-virial quantum kinetic energy of the physical system.
# column   6     --> potential{electronvolt} : The physical system potential energy.
    0.00000000e+00     0.00000000e+00     2.30222868e+03     3.01199191e+02     5.44024881e+03    -3.15975814e+03   
    2.00000000e+02     1.00000000e-01     2.30216060e+03     3.01634141e+02     5.44024881e+03    -3.16771368e+03   
    4.00000000e+02     2.00000000e-01     2.30230169e+03     3.01266136e+02     5.44024881e+03    -3.16089912e+03   
    6.00000000e+02     3.00000000e-01     2.30228841e+03     3.00856639e+02     5.44024881e+03    -3.15348652e+03   
    8.00000000e+02     4.00000000e-01     2.30222282e+03     3.01693783e+02     5.44024881e+03    -3.16873301e+03   
    1.00000000e+03     5.00000000e-01     2.30223333e+03     3.01827994e+02     5.44024881e+03    -3.17115630e+03   
    1.20000000e+03     6.00000000e-01     2.30215658e+03     3.01867837e+02     5.44024881e+03    -3.17195556e+03   
    1.40000000e+03     7.00000000e-01     2.30231689e+03     3.01280804e+02     5.44024881e+03    -3.16114992e+03   
    1.60000000e+03     8.00000000e-01     2.30212315e+03     3.01936680e+02     5.44024881e+03    -3.17323741e+03   
    1.80000000e+03     9.00000000e-01     2.30218443e+03     3.01960285e+02     5.44024881e+03    -3.17360419e+03   
    2.00000000e+03     1.00000000e+00     2.30223232e+03     3.01814038e+02     5.44024881e+03    -3.17090423e+03   
    2.20000000e+03     1.10000000e+00     2.30232073e+03     3.01287001e+02     5.44024881e+03    -3.16125846e+03   
    2.40000000e+03     1.20000000e+00     2.30225253e+03     3.01100438e+02     5.44024881e+03    -3.15794349e+03   
    2.60000000e+03     1.30000000e+00     2.30223886e+03     3.01372122e+02     5.44024881e+03    -3.16288392e+03   
    2.80000000e+03     1.40000000e+00     2.30212982e+03     3.01693377e+02     5.44024881e+03    -3.16881864e+03   
    3.00000000e+03     1.50000000e+00     2.30213803e+03     3.01414761e+02     5.44024881e+03    -3.16375796e+03   
    3.20000000e+03     1.60000000e+00     2.30202750e+03     3.01992038e+02     5.44024881e+03    -3.17433694e+03   
    3.40000000e+03     1.70000000e+00     2.30208936e+03     3.01699943e+02     5.44024881e+03    -3.16897818e+03   
    3.60000000e+03     1.80000000e+00     2.30212539e+03     3.00840765e+02     5.44024881e+03    -3.15336167e+03   
    3.80000000e+03     1.90000000e+00     2.30218512e+03     3.01371834e+02     5.44024881e+03    -3.16293243e+03   
    4.00000000e+03     2.00000000e+00     2.30212293e+03     3.01380360e+02     5.44024881e+03    -3.16314924e+03   
    4.20000000e+03     2.10000000e+00     2.30210144e+03     3.01464443e+02     5.44024881e+03    -3.16469550e+03   
    4.40000000e+03     2.20000000e+00     2.30211334e+03     3.01409019e+02     5.44024881e+03    -3.16367853e+03   
    4.60000000e+03     2.30000000e+00     2.30218265e+03     3.00939440e+02     5.44024881e+03    -3.15509381e+03   
    4.80000000e+03     2.40000000e+00     2.30219569e+03     3.01511303e+02     5.44024881e+03    -3.16545102e+03   
    5.00000000e+03     2.50000000e+00     2.30218426e+03     3.00831674e+02     5.44024881e+03    -3.15313794e+03   
    5.20000000e+03     2.60000000e+00     2.30211181e+03     3.01160287e+02     5.44024881e+03    -3.15916952e+03   
    5.40000000e+03     2.70000000e+00     2.30218606e+03     3.01560877e+02     5.44024881e+03    -3.16635963e+03   
    5.60000000e+03     2.80000000e+00     2.30207743e+03     3.01362903e+02     5.44024881e+03    -3.16287817e+03   
    5.80000000e+03     2.90000000e+00     2.30210855e+03     3.01138926e+02     5.44024881e+03    -3.15878542e+03   
    6.00000000e+03     3.00000000e+00     2.30209204e+03     3.01569765e+02     5.44024881e+03    -3.16661482e+03   
    6.20000000e+03     3.10000000e+00     2.30214931e+03     3.01743306e+02     5.44024881e+03    -3.16970458e+03   
    6.40000000e+03     3.20000000e+00     2.30197878e+03     3.01731766e+02     5.44024881e+03    -3.16966584e+03   
    6.60000000e+03     3.30000000e+00     2.30236589e+03     3.01018129e+02     5.44024881e+03    -3.15633752e+03   
    6.80000000e+03     3.40000000e+00     2.30226643e+03     3.01371891e+02     5.44024881e+03    -3.16285215e+03   
    7.00000000e+03     3.50000000e+00     2.30229750e+03     3.01470867e+02     5.44024881e+03    -3.16461593e+03   
    7.20000000e+03     3.60000000e+00     2.30232071e+03     3.01194049e+02     5.44024881e+03    -3.15957286e+03   
    7.40000000e+03     3.70000000e+00     2.30224229e+03     3.01078568e+02     5.44024881e+03    -3.15755714e+03   
    7.60000000e+03     3.80000000e+00     2.30228712e+03     3.01247011e+02     5.44024881e+03    -3.16056686e+03   
    7.80000000e+03     3.90000000e+00     2.30232109e+03     3.01000833e+02     5.44024881e+03    -3.15606867e+03   
    8.00000000e+03     4.00000000e+00     2.30221584e+03     3.01532180e+02     5.44024881e+03    -3.16580946e+03   
    8.20000000e+03     4.10000000e+00     2.30226088e+03     3.01574049e+02     5.44024881e+03    -3.16652367e+03   
    8.40000000e+03     4.20000000e+00     2.30214948e+03     3.01082271e+02     5.44024881e+03    -3.15771710e+03   
    8.60000000e+03     4.30000000e+00     2.30215112e+03     3.01304313e+02     5.44024881e+03    -3.16174201e+03   
    8.80000000e+03     4.40000000e+00     2.30211033e+03     3.01733898e+02     5.44024881e+03    -3.16957296e+03   
    9.00000000e+03     4.50000000e+00     2.30207348e+03     3.01796148e+02     5.44024881e+03    -3.17073865e+03   
    9.20000000e+03     4.60000000e+00     2.30215713e+03     3.02103626e+02     5.44024881e+03    -3.17623086e+03   
    9.40000000e+03     4.70000000e+00     2.30228412e+03     3.01396849e+02     5.44024881e+03    -3.16328707e+03   
    9.60000000e+03     4.80000000e+00     2.30231156e+03     3.01372969e+02     5.44024881e+03    -3.16282659e+03   
    9.80000000e+03     4.90000000e+00     2.30224791e+03     3.01639187e+02     5.44024881e+03    -3.16771786e+03   
    1.00000000e+04     5.00000000e+00     2.30242035e+03     3.00911905e+02     5.44024881e+03    -3.15435678e+03   
    1.02000000e+04     5.10000000e+00     2.30226985e+03     3.01379725e+02     5.44024881e+03    -3.16299080e+03   
    1.04000000e+04     5.20000000e+00     2.30217856e+03     3.01012886e+02     5.44024881e+03    -3.15642976e+03   
    1.06000000e+04     5.30000000e+00     2.30226015e+03     3.01106527e+02     5.44024881e+03    -3.15804629e+03   
    1.08000000e+04     5.40000000e+00     2.30232219e+03     3.01466533e+02     5.44024881e+03    -3.16451266e+03   
    1.10000000e+04     5.50000000e+00     2.30230442e+03     3.00818684e+02     5.44024881e+03    -3.15278223e+03   
    1.12000000e+04     5.60000000e+00     2.30230548e+03     3.01348086e+02     5.44024881e+03    -3.16238143e+03   
    1.14000000e+04     5.70000000e+00     2.30233321e+03     3.01517323e+02     5.44024881e+03    -3.16542268e+03   
    1.16000000e+04     5.80000000e+00     2.30232971e+03     3.01655943e+02     5.44024881e+03    -3.16793993e+03   
    1.18000000e+04     5.90000000e+00     2.30225710e+03     3.01349764e+02     5.44024881e+03    -3.16246024e+03   
    1.20000000e+04     6.00000000e+00     2.30234298e+03     3.00816783e+02     5.44024881e+03    -3.15270920e+03   
    1.22000000e+04     6.10000000e+00     2.30222444e+03     3.00666754e+02     5.44024881e+03    -3.15010708e+03   
    1.24000000e+04     6.20000000e+00     2.30221388e+03     3.00960058e+02     5.44024881e+03    -3.15543645e+03   
    1.26000000e+04     6.30000000e+00     2.30235542e+03     3.00925037e+02     5.44024881e+03    -3.15465984e+03   
    1.28000000e+04     6.40000000e+00     2.30229836e+03     3.01566440e+02     5.44024881e+03    -3.16634822e+03   
    1.30000000e+04     6.50000000e+00     2.30228705e+03     3.01377618e+02     5.44024881e+03    -3.16293540e+03   
    1.32000000e+04     6.60000000e+00     2.30228554e+03     3.01852188e+02     5.44024881e+03    -3.17154284e+03   
    1.34000000e+04     6.70000000e+00     2.30228925e+03     3.01725205e+02     5.44024881e+03    -3.16923639e+03   
    1.36000000e+04     6.80000000e+00     2.30222235e+03     3.02149178e+02     5.44024881e+03    -3.17699169e+03   
    1.38000000e+04     6.90000000e+00     2.30232825e+03     3.02339231e+02     5.44024881e+03    -3.18033225e+03   
    1.40000000e+04     7.00000000e+00     2.30227333e+03     3.01645679e+02     5.44024881e+03    -3.16781017e+03   
    1.42000000e+04     7.10000000e+00     2.30224046e+03     3.02116960e+02     5.44024881e+03    -3.17638934e+03   
    1.44000000e+04     7.20000000e+00     2.30228578e+03     3.01916175e+02     5.44024881e+03    -3.17270296e+03   
    1.46000000e+04     7.30000000e+00     2.30230456e+03     3.01860149e+02     5.44024881e+03    -3.17166819e+03   
    1.48000000e+04     7.40000000e+00     2.30238227e+03     3.01919366e+02     5.44024881e+03    -3.17266431e+03   
    1.50000000e+04     7.50000000e+00     2.30222562e+03     3.01440810e+02     5.44024881e+03    -3.16414275e+03   
    1.52000000e+04     7.60000000e+00     2.30226001e+03     3.01206981e+02     5.44024881e+03    -3.15986807e+03   
    1.54000000e+04     7.70000000e+00     2.30226347e+03     3.01283077e+02     5.44024881e+03    -3.16124454e+03   
    1.56000000e+04     7.80000000e+00     2.30238597e+03     3.00970177e+02     5.44024881e+03    -3.15544788e+03   
    1.58000000e+04     7.90000000e+00     2.30232169e+03     3.00984813e+02     5.44024881e+03    -3.15577756e+03   
    1.60000000e+04     8.00000000e+00     2.30224712e+03     3.02078618e+02     5.44024881e+03    -3.17568736e+03   
    1.62000000e+04     8.10000000e+00     2.30220391e+03     3.01784425e+02     5.44024881e+03    -3.17039564e+03   
    1.64000000e+04     8.20000000e+00     2.30224718e+03     3.02445662e+02     5.44024881e+03    -3.18234335e+03   
    1.66000000e+04     8.30000000e+00     2.30223366e+03     3.02588728e+02     5.44024881e+03    -3.18495125e+03   
    1.68000000e+04     8.40000000e+00     2.30229821e+03     3.01617200e+02     5.44024881e+03    -3.16726886e+03   
    1.70000000e+04     8.50000000e+00     2.30231150e+03     3.01736392e+02     5.44024881e+03    -3.16941702e+03   
    1.72000000e+04     8.60000000e+00     2.30220134e+03     3.02011427e+02     5.44024881e+03    -3.17451469e+03   
    1.74000000e+04     8.70000000e+00     2.30228901e+03     3.01880396e+02     5.44024881e+03    -3.17205089e+03   
    1.76000000e+04     8.80000000e+00     2.30237641e+03     3.00907629e+02     5.44024881e+03    -3.15432317e+03   
    1.78000000e+04     8.90000000e+00     2.30240946e+03     3.00847410e+02     5.44024881e+03    -3.15319810e+03   
    1.80000000e+04     9.00000000e+00     2.30228509e+03     3.01695218e+02     5.44024881e+03    -3.16869677e+03   
    1.82000000e+04     9.10000000e+00     2.30210414e+03     3.02258227e+02     5.44024881e+03    -3.17908741e+03   
    1.84000000e+04     9.20000000e+00     2.30222212e+03     3.01989629e+02     5.44024881e+03    -3.17409863e+03   
    1.86000000e+04     9.30000000e+00     2.30221941e+03     3.01452281e+02     5.44024881e+03    -3.16435698e+03   
    1.88000000e+04     9.40000000e+00     2.30230918e+03     3.00955130e+02     5.44024881e+03    -3.15525180e+03   
    1.90000000e+04     9.50000000e+00     2.30228341e+03     3.01434524e+02     5.44024881e+03    -3.16397098e+03   
    1.92000000e+04     9.60000000e+00     2.30220578e+03     3.01606339e+02     5.44024881e+03    -3.16716433e+03   
    1.94000000e+04     9.70000000e+00     2.30227634e+03     3.01421519e+02     5.44024881e+03    -3.16374221e+03   
    1.96000000e+04     9.80000000e+00     2.30236035e+03     3.01378607e+02     5.44024881e+03    -3.16288003e+03   
    1.98000000e+04     9.90000000e+00     2.30232698e+03     3.01257531e+02     5.44024881e+03    -3.16071779e+03   
    2.00000000e+04     1.00000000e+01     2.30252849e+03     3.00886419e+02     5.44024881e+03    -3.15378648e+03   
    2.02000000e+04     1.01000000e+01     2.30245162e+03     3.00992149e+02     5.44024881e+03    -3.15578068e+03   
    2.04000000e+04     1.02000000e+01     2.30228033e+03     3.01981653e+02     5.44024881e+03    -3.17389579e+03   
    2.06000000e+04     1.03000000e+01     2.30241999e+03     3.01346453e+02     5.44024881e+03    -3.16223730e+03   
    2.08000000e+04     1.04000000e+01     2.30242829e+03     3.01935156e+02     5.44024881e+03    -3.17290464e+03   
    2.10000000e+04     1.05000000e+01     2.30231464e+03     3.01838763e+02     5.44024881e+03    -3.17127029e+03   
    2.12000000e+04     1.06000000e+01     2.30230702e+03     3.01876433e+02     5.44024881e+03    -3.17196103e+03   
    2.14000000e+04     1.07000000e+01     2.30233524e+03     3.01971711e+02     5.44024881e+03    -3.17366058e+03   
    2.16000000e+04     1.08000000e+01     2.30221324e+03     3.02123636e+02     5.44024881e+03    -3.17653763e+03   
    2.18000000e+04     1.09000000e+01     2.30215368e+03     3.01673950e+02     5.44024881e+03    -3.16844250e+03   
    2.20000000e+04     1.10000000e+01     2.30228827e+03     3.01861599e+02     5.44024881e+03    -3.17171076e+03   
    2.22000000e+04     1.11000000e+01     2.30225836e+03     3.02072222e+02     5.44024881e+03    -3.17556015e+03   
    2.24000000e+04     1.12000000e+01     2.30242638e+03     3.02214030e+02     5.44024881e+03    -3.17796371e+03   
    2.26000000e+04     1.13000000e+01     2.30233123e+03     3.01182145e+02     5.44024881e+03    -3.15934648e+03   
    2.28000000e+04     1.14000000e+01     2.30238352e+03     3.01097937e+02     5.44024881e+03    -3.15776714e+03   
    2.30000000e+04     1.15000000e+01     2.30234031e+03     3.01591305e+02     5.44024881e+03    -3.16675717e+03   
    2.32000000e+04     1.16000000e+01     2.30238752e+03     3.01283637e+02     5.44024881e+03    -3.16113065e+03   
    2.34000000e+04     1.17000000e+01     2.30227262e+03     3.01176714e+02     5.44024881e+03    -3.15930660e+03   
    2.36000000e+04     1.18000000e+01     2.30225441e+03     3.01167914e+02     5.44024881e+03    -3.15916523e+03   
    2.38000000e+04     1.19000000e+01     2.30223912e+03     3.01374313e+02     5.44024881e+03    -3.16292339e+03   
    2.40000000e+04     1.20000000e+01     2.30218050e+03     3.01861972e+02     5.44024881e+03    -3.17182530e+03   
    2.42000000e+04     1.21000000e+01     2.30221618e+03     3.01712429e+02     5.44024881e+03    -3.16907779e+03   
    2.44000000e+04     1.22000000e+01     2.30222814e+03     3.01521571e+02     5.44024881e+03    -3.16560478e+03   
    2.46000000e+04     1.23000000e+01     2.30220474e+03     3.01621672e+02     5.44024881e+03    -3.16744342e+03   
    2.48000000e+04     1.24000000e+01     2.30214307e+03     3.01983831e+02     5.44024881e+03    -3.17407254e+03   
    2.50000000e+04     1.25000000e+01     2.30229767e+03     3.01966612e+02     5.44024881e+03    -3.17360569e+03   
    2.52000000e+04     1.26000000e+01     2.30226827e+03     3.01660439e+02     5.44024881e+03    -3.16808291e+03   
    2.54000000e+04     1.27000000e+01     2.30223775e+03     3.01680431e+02     5.44024881e+03    -3.16847596e+03   
    2.56000000e+04     1.28000000e+01     2.30236614e+03     3.01408262e+02     5.44024881e+03    -3.16341201e+03   
    2.58000000e+04     1.29000000e+01     2.30234034e+03     3.01819981e+02     5.44024881e+03    -3.17090399e+03   
    2.60000000e+04     1.30000000e+01     2.30238221e+03     3.01437087e+02     5.44024881e+03    -3.16391866e+03   
    2.62000000e+04     1.31000000e+01     2.30236476e+03     3.01527050e+02     5.44024881e+03    -3.16556751e+03   
    2.64000000e+04     1.32000000e+01     2.30236109e+03     3.00882568e+02     5.44024881e+03    -3.15388403e+03   
    2.66000000e+04     1.33000000e+01     2.30228731e+03     3.00354881e+02     5.44024881e+03    -3.14438867e+03   
    2.68000000e+04     1.34000000e+01     2.30237174e+03     3.01026901e+02     5.44024881e+03    -3.15649075e+03   
    2.70000000e+04     1.35000000e+01     2.30225259e+03     3.00758944e+02     5.44024881e+03    -3.15175072e+03   
    2.72000000e+04     1.36000000e+01     2.30228684e+03     3.01442105e+02     5.44024881e+03    -3.16410503e+03   
    2.74000000e+04     1.37000000e+01     2.30216983e+03     3.00952144e+02     5.44024881e+03    -3.15533701e+03   
    2.76000000e+04     1.38000000e+01     2.30233589e+03     3.01569520e+02     5.44024881e+03    -3.16636654e+03   
    2.78000000e+04     1.39000000e+01     2.30231226e+03     3.01366817e+02     5.44024881e+03    -3.16271432e+03   
    2.80000000e+04     1.40000000e+01     2.30225873e+03     3.01316878e+02     5.44024881e+03    -3.16186226e+03   
    2.82000000e+04     1.41000000e+01     2.30229643e+03     3.01112773e+02     5.44024881e+03    -3.15812328e+03   
    2.84000000e+04     1.42000000e+01     2.30220546e+03     3.01579122e+02     5.44024881e+03    -3.16667110e+03   
    2.86000000e+04     1.43000000e+01     2.30233114e+03     3.01886189e+02     5.44024881e+03    -3.17211382e+03   
    2.88000000e+04     1.44000000e+01     2.30222197e+03     3.01769473e+02     5.44024881e+03    -3.17010643e+03   
    2.90000000e+04     1.45000000e+01     2.30224914e+03     3.01563294e+02     5.44024881e+03    -3.16634038e+03   
    2.92000000e+04     1.46000000e+01     2.30224732e+03     3.01184197e+02     5.44024881e+03    -3.15946759e+03   
    2.94000000e+04     1.47000000e+01     2.30226844e+03     3.01225340e+02     5.44024881e+03    -3.16019258e+03   
    2.96000000e+04     1.48000000e+01     2.30224757e+03     3.01877076e+02     5.44024881e+03    -3.17203212e+03   
    2.98000000e+04     1.49000000e+01     2.30222935e+03     3.01672453e+02     5.44024881e+03    -3.16833968e+03   
    3.00000000e+04     1.50000000e+01     2.30212808e+03     3.01259618e+02     5.44024881e+03    -3.16095453e+03   
    3.02000000e+04     1.51000000e+01     2.30234353e+03     3.01750964e+02     5.44024881e+03    -3.16964924e+03   
    3.04000000e+04     1.52000000e+01     2.30231448e+03     3.01057674e+02     5.44024881e+03    -3.15710605e+03   
    3.06000000e+04     1.53000000e+01     2.30230279e+03     3.00719004e+02     5.44024881e+03    -3.15097625e+03   
    3.08000000e+04     1.54000000e+01     2.30219711e+03     3.02021360e+02     5.44024881e+03    -3.17469905e+03   
    3.10000000e+04     1.55000000e+01     2.30225593e+03     3.01707235e+02     5.44024881e+03    -3.16894385e+03   
    3.12000000e+04     1.56000000e+01     2.30235388e+03     3.01682016e+02     5.44024881e+03    -3.16838857e+03   
    3.14000000e+04     1.57000000e+01     2.30230403e+03     3.01537520e+02     5.44024881e+03    -3.16581811e+03   
    3.16000000e+04     1.58000000e+01     2.30234302e+03     3.00938155e+02     5.44024881e+03    -3.15491012e+03   
    3.18000000e+04     1.59000000e+01     2.30227806e+03     3.01433313e+02     5.44024881e+03    -3.16395437e+03   
    3.20000000e+04     1.60000000e+01     2.30225818e+03     3.01858123e+02     5.44024881e+03    -3.17167783e+03   
    3.22000000e+04     1.61000000e+01     2.30220108e+03     3.01278900e+02     5.44024881e+03    -3.16123119e+03   
    3.24000000e+04     1.62000000e+01     2.30205740e+03     3.01596321e+02     5.44024881e+03    -3.16713104e+03   
    3.26000000e+04     1.63000000e+01     2.30216923e+03     3.01424133e+02     5.44024881e+03    -3.16389672e+03   
    3.28000000e+04     1.64000000e+01     2.30211482e+03     3.01552998e+02     5.44024881e+03    -3.16628800e+03   
    3.30000000e+04     1.65000000e+01     2.30227761e+03     3.01043557e+02     5.44024881e+03    -3.15688692e+03   
    3.32000000e+04     1.66000000e+01     2.30228237e+03     3.01930586e+02     5.44024881e+03    -3.17296769e+03   
    3.34000000e+04     1.67000000e+01     2.30242734e+03     3.01289870e+02     5.44024881e+03    -3.16120387e+03   
    3.36000000e+04     1.68000000e+01     2.30229926e+03     3.01264632e+02     5.44024881e+03    -3.16087429e+03   
    3.38000000e+04     1.69000000e+01     2.30252498e+03     3.01633589e+02     5.44024881e+03    -3.16733929e+03   
    3.40000000e+04     1.70000000e+01     2.30240398e+03     3.02590097e+02     5.44024881e+03    -3.18480576e+03   
    3.42000000e+04     1.71000000e+01     2.30230287e+03     3.02268590e+02     5.44024881e+03    -3.17907661e+03   
    3.44000000e+04     1.72000000e+01     2.30229907e+03     3.02385257e+02     5.44024881e+03    -3.18119608e+03   
    3.46000000e+04     1.73000000e+01     2.30220443e+03     3.02472903e+02     5.44024881e+03    -3.18288009e+03   
    3.48000000e+04     1.74000000e+01     2.30223608e+03     3.02112367e+02     5.44024881e+03    -3.17631043e+03   
    3.50000000e+04     1.75000000e+01     2.30219023e+03     3.02214795e+02     5.44024881e+03    -3.17821371e+03   
    3.52000000e+04     1.76000000e+01     2.30224418e+03     3.02142272e+02     5.44024881e+03    -3.17684464e+03   
    3.54000000e+04     1.77000000e+01     2.30223388e+03     3.01821056e+02     5.44024881e+03    -3.17102993e+03   
    3.56000000e+04     1.78000000e+01     2.30236035e+03     3.01605355e+02     5.44024881e+03    -3.16699192e+03   
    3.58000000e+04     1.79000000e+01     2.30236449e+03     3.01176725e+02     5.44024881e+03    -3.15921493e+03   
    3.60000000e+04     1.80000000e+01     2.30230633e+03     3.01686331e+02     5.44024881e+03    -3.16851438e+03   
    3.62000000e+04     1.81000000e+01     2.30239484e+03     3.01304099e+02     5.44024881e+03    -3.16149440e+03   
    3.64000000e+04     1.82000000e+01     2.30230197e+03     3.01606960e+02     5.44024881e+03    -3.16707940e+03   
    3.66000000e+04     1.83000000e+01     2.30228407e+03     3.01364390e+02     5.44024881e+03    -3.16269851e+03   
    3.68000000e+04     1.84000000e+01     2.30223639e+03     3.02307188e+02     5.44024881e+03    -3.17984303e+03   
    3.70000000e+04     1.85000000e+01     2.30236822e+03     3.01305721e+02     5.44024881e+03    -3.16155042e+03   
    3.72000000e+04     1.86000000e+01     2.30237411e+03     3.01490070e+02     5.44024881e+03    -3.16488755e+03   
    3.74000000e+04     1.87000000e+01     2.30239913e+03     3.01891209e+02     5.44024881e+03    -3.17213685e+03   
    3.76000000e+04     1.88000000e+01     2.30229405e+03     3.02137967e+02     5.44024881e+03    -3.17671669e+03   
    3.78000000e+04     1.89000000e+01     2.30231376e+03     3.02255433e+02     5.44024881e+03    -3.17882713e+03   
    3.80000000e+04     1.90000000e+01     2.30235561e+03     3.01423537e+02     5.44024881e+03    -3.16369955e+03   
    3.82000000e+04     1.91000000e+01     2.30228044e+03     3.01510873e+02     5.44024881e+03    -3.16535847e+03   
    3.84000000e+04     1.92000000e+01     2.30233909e+03     3.01611752e+02     5.44024881e+03    -3.16712918e+03   
    3.86000000e+04     1.93000000e+01     2.30230381e+03     3.01583697e+02     5.44024881e+03    -3.16665571e+03   
    3.88000000e+04     1.94000000e+01     2.30230817e+03     3.01083780e+02     5.44024881e+03    -3.15758578e+03   
    3.90000000e+04     1.95000000e+01     2.30230340e+03     3.01207259e+02     5.44024881e+03    -3.15982973e+03   
    3.92000000e+04     1.96000000e+01     2.30230379e+03     3.01464612e+02     5.44024881e+03    -3.16449622e+03   
    3.94000000e+04     1.97000000e+01     2.30233363e+03     3.01478087e+02     5.44024881e+03    -3.16471074e+03   
    3.96000000e+04     1.98000000e+01     2.30240210e+03     3.01813108e+02     5.44024881e+03    -3.17071760e+03   
    3.98000000e+04     1.99000000e+01     2.30223422e+03     3.01562142e+02     5.44024881e+03    -3.16633442e+03   
    4.00000000e+04     2.00000000e+01     2.30243855e+03     3.01113597e+02     5.44024881e+03    -3.15799610e+03   
