# column   1     --> step : The current simulation time step.
# column   2     --> time{picosecond} : The elapsed simulation time.
# column   3     --> conserved{electronvolt} : The value of the conserved energy quantity per bead.
# column   4     --> temperature{kelvin} : The current temperature, as obtained from the MD kinetic energy.
# column   5     --> kinetic_cv{electronvolt} : The centroid-virial quantum kinetic energy of the physical system.
# column   6     --> potential{electronvolt} : The physical system potential energy.
    0.00000000e+00     0.00000000e+00     2.30951677e+03     3.01199191e+02     5.44024881e+03    -3.15247006e+03   
    2.00000000e+02     1.00000000e-01     2.30934526e+03     3.01848922e+02     5.44024881e+03    -3.16442389e+03   
    4.00000000e+02     2.00000000e-01     2.30952799e+03     3.01160324e+02     5.44024881e+03    -3.15175401e+03   
    6.00000000e+02     3.00000000e-01     2.30950223e+03     3.01212881e+02     5.44024881e+03    -3.15273284e+03   
    8.00000000e+02     4.00000000e-01     2.30950259e+03     3.01212612e+02     5.44024881e+03    -3.15272762e+03   
    1.00000000e+03     5.00000000e-01     2.30942372e+03     3.01550676e+02     5.44024881e+03    -3.15893698e+03   
    1.20000000e+03     6.00000000e-01     2.30944217e+03     3.01046072e+02     5.44024881e+03    -3.14976797e+03   
    1.40000000e+03     7.00000000e-01     2.30941073e+03     3.01619738e+02     5.44024881e+03    -3.16020236e+03   
    1.60000000e+03     8.00000000e-01     2.30942883e+03     3.01631119e+02     5.44024881e+03    -3.16039065e+03   
    1.80000000e+03     9.00000000e-01     2.30945898e+03     3.00574520e+02     5.44024881e+03    -3.14119996e+03   
    2.00000000e+03     1.00000000e+00     2.30942045e+03     3.01208690e+02     5.44024881e+03    -3.15273862e+03   
    2.20000000e+03     1.10000000e+00     2.30936479e+03     3.01789732e+02     5.44024881e+03    -3.16333100e+03   
    2.40000000e+03     1.20000000e+00     2.30940103e+03     3.01731703e+02     5.44024881e+03    -3.16224245e+03   
    2.60000000e+03     1.30000000e+00     2.30939445e+03     3.01374186e+02     5.44024881e+03    -3.15576575e+03   
    2.80000000e+03     1.40000000e+00     2.30929682e+03     3.02044286e+02     5.44024881e+03    -3.16801508e+03   
    3.00000000e+03     1.50000000e+00     2.30936477e+03     3.01683631e+02     5.44024881e+03    -3.16140696e+03   
    3.20000000e+03     1.60000000e+00     2.30961232e+03     3.02292262e+02     5.44024881e+03    -3.17219643e+03   
    3.40000000e+03     1.70000000e+00     2.30953363e+03     3.01854221e+02     5.44024881e+03    -3.16433161e+03   
    3.60000000e+03     1.80000000e+00     2.30949363e+03     3.01833272e+02     5.44024881e+03    -3.16399172e+03   
    3.80000000e+03     1.90000000e+00     2.30935740e+03     3.02135751e+02     5.44024881e+03    -3.16961315e+03   
    4.00000000e+03     2.00000000e+00     2.30944804e+03     3.01811124e+02     5.44024881e+03    -3.16363567e+03   
    4.20000000e+03     2.10000000e+00     2.30943727e+03     3.02111742e+02     5.44024881e+03    -3.16909789e+03   
    4.40000000e+03     2.20000000e+00     2.30958650e+03     3.02374874e+02     5.44024881e+03    -3.17372035e+03   
    4.60000000e+03     2.30000000e+00     2.30948653e+03     3.02189427e+02     5.44024881e+03    -3.17045740e+03   
    4.80000000e+03     2.40000000e+00     2.30929173e+03     3.02366157e+02     5.44024881e+03    -3.17385704e+03   
    5.00000000e+03     2.50000000e+00     2.30929871e+03     3.01865034e+02     5.44024881e+03    -3.16476262e+03   
    5.20000000e+03     2.60000000e+00     2.30932315e+03     3.02187385e+02     5.44024881e+03    -3.17058375e+03   
    5.40000000e+03     2.70000000e+00     2.30932212e+03     3.01685917e+02     5.44024881e+03    -3.16149107e+03   
    5.60000000e+03     2.80000000e+00     2.30931621e+03     3.01682419e+02     5.44024881e+03    -3.16143355e+03   
    5.80000000e+03     2.90000000e+00     2.30943227e+03     3.01257385e+02     5.44024881e+03    -3.15360984e+03   
    6.00000000e+03     3.00000000e+00     2.30938935e+03     3.01362820e+02     5.44024881e+03    -3.15556475e+03   
    6.20000000e+03     3.10000000e+00     2.30946191e+03     3.01723087e+02     5.44024881e+03    -3.16202532e+03   
    6.40000000e+03     3.20000000e+00     2.30939608e+03     3.02236510e+02     5.44024881e+03    -3.17140164e+03   
    6.60000000e+03     3.30000000e+00     2.30947693e+03     3.02052883e+02     5.44024881e+03    -3.16799088e+03   
    6.80000000e+03     3.40000000e+00     2.30930591e+03     3.02063685e+02     5.44024881e+03    -3.16835778e+03   
    7.00000000e+03     3.50000000e+00     2.30941249e+03     3.01410033e+02     5.44024881e+03    -3.15639778e+03   
    7.20000000e+03     3.60000000e+00     2.30952035e+03     3.01635212e+02     5.44024881e+03    -3.16037334e+03   
    7.40000000e+03     3.70000000e+00     2.30944414e+03     3.01805991e+02     5.44024881e+03    -3.16354649e+03   
    7.60000000e+03     3.80000000e+00     2.30946030e+03     3.01983088e+02     5.44024881e+03    -3.16674183e+03   
    7.80000000e+03     3.90000000e+00     2.30937475e+03     3.02443813e+02     5.44024881e+03    -3.17518225e+03   
    8.00000000e+03     4.00000000e+00     2.30936984e+03     3.01759032e+02     5.44024881e+03    -3.16276923e+03   
    8.20000000e+03     4.10000000e+00     2.30946309e+03     3.01944028e+02     5.44024881e+03    -3.16603072e+03   
    8.40000000e+03     4.20000000e+00     2.30946831e+03     3.01221080e+02     5.44024881e+03    -3.15291546e+03   
    8.60000000e+03     4.30000000e+00     2.30932044e+03     3.01684806e+02     5.44024881e+03    -3.16147261e+03   
    8.80000000e+03     4.40000000e+00     2.30943273e+03     3.01158119e+02     5.44024881e+03    -3.15180929e+03   
    9.00000000e+03     4.50000000e+00     2.30938345e+03     3.01462055e+02     5.44024881e+03    -3.15737018e+03   
    9.20000000e+03     4.60000000e+00     2.30937010e+03     3.01494502e+02     5.44024881e+03    -3.15797193e+03   
    9.40000000e+03     4.70000000e+00     2.30931188e+03     3.01484797e+02     5.44024881e+03    -3.15785417e+03   
    9.60000000e+03     4.80000000e+00     2.30930181e+03     3.01486006e+02     5.44024881e+03    -3.15788617e+03   
    9.80000000e+03     4.90000000e+00     2.30935034e+03     3.02117539e+02     5.44024881e+03    -3.16928995e+03   
    1.00000000e+04     5.00000000e+00     2.30940655e+03     3.01087482e+02     5.44024881e+03    -3.15055452e+03   
    1.02000000e+04     5.10000000e+00     2.30928765e+03     3.01637736e+02     5.44024881e+03    -3.16065182e+03   
    1.04000000e+04     5.20000000e+00     2.30938616e+03     3.01853282e+02     5.44024881e+03    -3.16446206e+03   
    1.06000000e+04     5.30000000e+00     2.30929630e+03     3.02359177e+02     5.44024881e+03    -3.17372589e+03   
    1.08000000e+04     5.40000000e+00     2.30929142e+03     3.01937395e+02     5.44024881e+03    -3.16608212e+03   
    1.10000000e+04     5.50000000e+00     2.30931401e+03     3.01601403e+02     5.44024881e+03    -3.15996658e+03   
    1.12000000e+04     5.60000000e+00     2.30941108e+03     3.01960924e+02     5.44024881e+03    -3.16638912e+03   
    1.14000000e+04     5.70000000e+00     2.30935931e+03     3.01973157e+02     5.44024881e+03    -3.16666275e+03   
    1.16000000e+04     5.80000000e+00     2.30947346e+03     3.01584577e+02     5.44024881e+03    -3.15950201e+03   
    1.18000000e+04     5.90000000e+00     2.30934460e+03     3.01720915e+02     5.44024881e+03    -3.16210324e+03   
    1.20000000e+04     6.00000000e+00     2.30940792e+03     3.02166256e+02     5.44024881e+03    -3.17011581e+03   
    1.22000000e+04     6.10000000e+00     2.30941492e+03     3.02027388e+02     5.44024881e+03    -3.16759056e+03   
    1.24000000e+04     6.20000000e+00     2.30929878e+03     3.02174062e+02     5.44024881e+03    -3.17036652e+03   
    1.26000000e+04     6.30000000e+00     2.30932167e+03     3.02069973e+02     5.44024881e+03    -3.16845605e+03   
    1.28000000e+04     6.40000000e+00     2.30925118e+03     3.02099124e+02     5.44024881e+03    -3.16905518e+03   
    1.30000000e+04     6.50000000e+00     2.30935754e+03     3.02200826e+02     5.44024881e+03    -3.17079309e+03   
    1.32000000e+04     6.60000000e+00     2.30937719e+03     3.01224352e+02     5.44024881e+03    -3.15306590e+03   
    1.34000000e+04     6.70000000e+00     2.30926708e+03     3.01270896e+02     5.44024881e+03    -3.15402005e+03   
    1.36000000e+04     6.80000000e+00     2.30933674e+03     3.01508014e+02     5.44024881e+03    -3.15825032e+03   
    1.38000000e+04     6.90000000e+00     2.30941821e+03     3.01967097e+02     5.44024881e+03    -3.16649394e+03   
    1.40000000e+04     7.00000000e+00     2.30926637e+03     3.02257351e+02     5.44024881e+03    -3.17190930e+03   
    1.42000000e+04     7.10000000e+00     2.30924784e+03     3.02488210e+02     5.44024881e+03    -3.17611426e+03   
    1.44000000e+04     7.20000000e+00     2.30925276e+03     3.02621070e+02     5.44024881e+03    -3.17851865e+03   
    1.46000000e+04     7.30000000e+00     2.30947134e+03     3.02276952e+02     5.44024881e+03    -3.17205977e+03   
    1.48000000e+04     7.40000000e+00     2.30947549e+03     3.01926745e+02     5.44024881e+03    -3.16570492e+03   
    1.50000000e+04     7.50000000e+00     2.30935627e+03     3.01603627e+02     5.44024881e+03    -3.15996466e+03   
    1.52000000e+04     7.60000000e+00     2.30928510e+03     3.02486118e+02     5.44024881e+03    -3.17603907e+03   
    1.54000000e+04     7.70000000e+00     2.30936838e+03     3.01539995e+02     5.44024881e+03    -3.15879864e+03   
    1.56000000e+04     7.80000000e+00     2.30942831e+03     3.01293193e+02     5.44024881e+03    -3.15426316e+03   
    1.58000000e+04     7.90000000e+00     2.30953757e+03     3.00910241e+02     5.44024881e+03    -3.14720938e+03   
    1.60000000e+04     8.00000000e+00     2.30949971e+03     3.01412535e+02     5.44024881e+03    -3.15635593e+03   
    1.62000000e+04     8.10000000e+00     2.30949199e+03     3.01329185e+02     5.44024881e+03    -3.15485216e+03   
    1.64000000e+04     8.20000000e+00     2.30944456e+03     3.02510194e+02     5.44024881e+03    -3.17631621e+03   
    1.66000000e+04     8.30000000e+00     2.30937362e+03     3.02216041e+02     5.44024881e+03    -3.17105293e+03   
    1.68000000e+04     8.40000000e+00     2.30931850e+03     3.02706398e+02     5.44024881e+03    -3.18000026e+03   
    1.70000000e+04     8.50000000e+00     2.30952914e+03     3.02508019e+02     5.44024881e+03    -3.17619219e+03   
    1.72000000e+04     8.60000000e+00     2.30955433e+03     3.01773233e+02     5.44024881e+03    -3.16284227e+03   
    1.74000000e+04     8.70000000e+00     2.30936586e+03     3.01651236e+02     5.44024881e+03    -3.16081842e+03   
    1.76000000e+04     8.80000000e+00     2.30935579e+03     3.01817513e+02     5.44024881e+03    -3.16384379e+03   
    1.78000000e+04     8.90000000e+00     2.30951694e+03     3.01794671e+02     5.44024881e+03    -3.16326842e+03   
    1.80000000e+04     9.00000000e+00     2.30949462e+03     3.01589365e+02     5.44024881e+03    -3.15956768e+03   
    1.82000000e+04     9.10000000e+00     2.30950544e+03     3.02320627e+02     5.44024881e+03    -3.17281769e+03   
    1.84000000e+04     9.20000000e+00     2.30945361e+03     3.01581578e+02     5.44024881e+03    -3.15946748e+03   
    1.86000000e+04     9.30000000e+00     2.30944888e+03     3.02068278e+02     5.44024881e+03    -3.16829812e+03   
    1.88000000e+04     9.40000000e+00     2.30943284e+03     3.01193168e+02     5.44024881e+03    -3.15244477e+03   
    1.90000000e+04     9.50000000e+00     2.30945514e+03     3.02229467e+02     5.44024881e+03    -3.17121488e+03   
    1.92000000e+04     9.60000000e+00     2.30942239e+03     3.01589776e+02     5.44024881e+03    -3.15964736e+03   
    1.94000000e+04     9.70000000e+00     2.30953657e+03     3.01973833e+02     5.44024881e+03    -3.16649773e+03   
    1.96000000e+04     9.80000000e+00     2.30947669e+03     3.01443789e+02     5.44024881e+03    -3.15694571e+03   
    1.98000000e+04     9.90000000e+00     2.30948448e+03     3.01714896e+02     5.44024881e+03    -3.16185422e+03   
    2.00000000e+04     1.00000000e+01     2.30967872e+03     3.01015337e+02     5.44024881e+03    -3.14897405e+03   
    2.02000000e+04     1.01000000e+01     2.30943029e+03     3.01739971e+02     5.44024881e+03    -3.16236311e+03   
    2.04000000e+04     1.02000000e+01     2.30948213e+03     3.01943021e+02     5.44024881e+03    -3.16599344e+03   
    2.06000000e+04     1.03000000e+01     2.30942600e+03     3.02205060e+02     5.44024881e+03    -3.17080140e+03   
    2.08000000e+04     1.04000000e+01     2.30949214e+03     3.02455418e+02     5.44024881e+03    -3.17527531e+03   
    2.10000000e+04     1.05000000e+01     2.30933425e+03     3.01631588e+02     5.44024881e+03    -3.16049374e+03   
    2.12000000e+04     1.06000000e+01     2.30946322e+03     3.01254415e+02     5.44024881e+03    -3.15352504e+03   
    2.14000000e+04     1.07000000e+01     2.30944832e+03     3.00944651e+02     5.44024881e+03    -3.14792263e+03   
    2.16000000e+04     1.08000000e+01     2.30953756e+03     3.01114200e+02     5.44024881e+03    -3.15090803e+03   
    2.18000000e+04     1.09000000e+01     2.30952602e+03     3.01102124e+02     5.44024881e+03    -3.15070057e+03   
    2.20000000e+04     1.10000000e+01     2.30965494e+03     3.00347369e+02     5.44024881e+03    -3.13688480e+03   
    2.22000000e+04     1.11000000e+01     2.30949516e+03     3.01467126e+02     5.44024881e+03    -3.15735044e+03   
    2.24000000e+04     1.12000000e+01     2.30942258e+03     3.01525579e+02     5.44024881e+03    -3.15848301e+03   
    2.26000000e+04     1.13000000e+01     2.30957473e+03     3.02407498e+02     5.44024881e+03    -3.17432373e+03   
    2.28000000e+04     1.14000000e+01     2.30951578e+03     3.01434434e+02     5.44024881e+03    -3.15673698e+03   
    2.30000000e+04     1.15000000e+01     2.30954123e+03     3.01830122e+02     5.44024881e+03    -3.16388700e+03   
    2.32000000e+04     1.16000000e+01     2.30949753e+03     3.01020227e+02     5.44024881e+03    -3.14924394e+03   
    2.34000000e+04     1.17000000e+01     2.30953747e+03     3.01209605e+02     5.44024881e+03    -3.15263821e+03   
    2.36000000e+04     1.18000000e+01     2.30960142e+03     3.00932905e+02     5.44024881e+03    -3.14755652e+03   
    2.38000000e+04     1.19000000e+01     2.30955850e+03     3.01308336e+02     5.44024881e+03    -3.15440757e+03   
    2.40000000e+04     1.20000000e+01     2.30966316e+03     3.01613095e+02     5.44024881e+03    -3.15982947e+03   
    2.42000000e+04     1.21000000e+01     2.30969578e+03     3.01497051e+02     5.44024881e+03    -3.15769249e+03   
    2.44000000e+04     1.22000000e+01     2.30949851e+03     3.01690320e+02     5.44024881e+03    -3.16139452e+03   
    2.46000000e+04     1.23000000e+01     2.30949581e+03     3.01778531e+02     5.44024881e+03    -3.16299685e+03   
    2.48000000e+04     1.24000000e+01     2.30941418e+03     3.02038016e+02     5.44024881e+03    -3.16778404e+03   
    2.50000000e+04     1.25000000e+01     2.30954360e+03     3.01336196e+02     5.44024881e+03    -3.15492770e+03   
    2.52000000e+04     1.26000000e+01     2.30941075e+03     3.02072171e+02     5.44024881e+03    -3.16840683e+03   
    2.54000000e+04     1.27000000e+01     2.30949054e+03     3.01680881e+02     5.44024881e+03    -3.16123133e+03   
    2.56000000e+04     1.28000000e+01     2.30948478e+03     3.02345347e+02     5.44024881e+03    -3.17328663e+03   
    2.58000000e+04     1.29000000e+01     2.30936147e+03     3.02342403e+02     5.44024881e+03    -3.17335654e+03   
    2.60000000e+04     1.30000000e+01     2.30943768e+03     3.01978927e+02     5.44024881e+03    -3.16668901e+03   
    2.62000000e+04     1.31000000e+01     2.30940159e+03     3.02115930e+02     5.44024881e+03    -3.16920952e+03   
    2.64000000e+04     1.32000000e+01     2.30944312e+03     3.02147659e+02     5.44024881e+03    -3.16974338e+03   
    2.66000000e+04     1.33000000e+01     2.30949850e+03     3.02045623e+02     5.44024881e+03    -3.16783766e+03   
    2.68000000e+04     1.34000000e+01     2.30944996e+03     3.02620304e+02     5.44024881e+03    -3.17830756e+03   
    2.70000000e+04     1.35000000e+01     2.30952194e+03     3.02324244e+02     5.44024881e+03    -3.17286678e+03   
    2.72000000e+04     1.36000000e+01     2.30953816e+03     3.01556745e+02     5.44024881e+03    -3.15893262e+03   
    2.74000000e+04     1.37000000e+01     2.30947743e+03     3.00914691e+02     5.44024881e+03    -3.14735022e+03   
    2.76000000e+04     1.38000000e+01     2.30951772e+03     3.01101471e+02     5.44024881e+03    -3.15069704e+03   
    2.78000000e+04     1.39000000e+01     2.30954408e+03     3.01577104e+02     5.44024881e+03    -3.15929588e+03   
    2.80000000e+04     1.40000000e+01     2.30960380e+03     3.01335739e+02     5.44024881e+03    -3.15485921e+03   
    2.82000000e+04     1.41000000e+01     2.30950725e+03     3.01633371e+02     5.44024881e+03    -3.16035307e+03   
    2.84000000e+04     1.42000000e+01     2.30951919e+03     3.02431996e+02     5.44024881e+03    -3.17482352e+03   
    2.86000000e+04     1.43000000e+01     2.30954242e+03     3.01985752e+02     5.44024881e+03    -3.16670803e+03   
    2.88000000e+04     1.44000000e+01     2.30958962e+03     3.01574215e+02     5.44024881e+03    -3.15919796e+03   
    2.90000000e+04     1.45000000e+01     2.30945341e+03     3.01383632e+02     5.44024881e+03    -3.15587810e+03   
    2.92000000e+04     1.46000000e+01     2.30941288e+03     3.01678663e+02     5.44024881e+03    -3.16126877e+03   
    2.94000000e+04     1.47000000e+01     2.30934544e+03     3.02396131e+02     5.44024881e+03    -3.17434689e+03   
    2.96000000e+04     1.48000000e+01     2.30950328e+03     3.01723986e+02     5.44024881e+03    -3.16200026e+03   
    2.98000000e+04     1.49000000e+01     2.30962759e+03     3.01507877e+02     5.44024881e+03    -3.15795700e+03   
    3.00000000e+04     1.50000000e+01     2.30947986e+03     3.01883315e+02     5.44024881e+03    -3.16491297e+03   
    3.02000000e+04     1.51000000e+01     2.30949097e+03     3.01859350e+02     5.44024881e+03    -3.16446729e+03   
    3.04000000e+04     1.52000000e+01     2.30942162e+03     3.01497818e+02     5.44024881e+03    -3.15798056e+03   
    3.06000000e+04     1.53000000e+01     2.30942772e+03     3.01112295e+02     5.44024881e+03    -3.15098331e+03   
    3.08000000e+04     1.54000000e+01     2.30953887e+03     3.01762083e+02     5.44024881e+03    -3.16265552e+03   
    3.10000000e+04     1.55000000e+01     2.30959089e+03     3.01955781e+02     5.44024881e+03    -3.16611607e+03   
    3.12000000e+04     1.56000000e+01     2.30961439e+03     3.01874481e+02     5.44024881e+03    -3.16461825e+03   
    3.14000000e+04     1.57000000e+01     2.30958642e+03     3.01401867e+02     5.44024881e+03    -3.15607575e+03   
    3.16000000e+04     1.58000000e+01     2.30947228e+03     3.01768905e+02     5.44024881e+03    -3.16284582e+03   
    3.18000000e+04     1.59000000e+01     2.30936286e+03     3.00790071e+02     5.44024881e+03    -3.14520492e+03   
    3.20000000e+04     1.60000000e+01     2.30943452e+03     3.01574851e+02     5.44024881e+03    -3.15936459e+03   
    3.22000000e+04     1.61000000e+01     2.30943916e+03     3.00840151e+02     5.44024881e+03    -3.14603677e+03   
    3.24000000e+04     1.62000000e+01     2.30947636e+03     3.02093330e+02     5.44024881e+03    -3.16872492e+03   
    3.26000000e+04     1.63000000e+01     2.30958298e+03     3.02411809e+02     5.44024881e+03    -3.17439365e+03   
    3.28000000e+04     1.64000000e+01     2.30961833e+03     3.02092742e+02     5.44024881e+03    -3.16857229e+03   
    3.30000000e+04     1.65000000e+01     2.30949756e+03     3.02614255e+02     5.44024881e+03    -3.17815026e+03   
    3.32000000e+04     1.66000000e+01     2.30949570e+03     3.01799220e+02     5.44024881e+03    -3.16337215e+03   
    3.34000000e+04     1.67000000e+01     2.30964081e+03     3.01726246e+02     5.44024881e+03    -3.16190371e+03   
    3.36000000e+04     1.68000000e+01     2.30962077e+03     3.01431001e+02     5.44024881e+03    -3.15656974e+03   
    3.38000000e+04     1.69000000e+01     2.30955040e+03     3.01692895e+02     5.44024881e+03    -3.16138932e+03   
    3.40000000e+04     1.70000000e+01     2.30956337e+03     3.01359226e+02     5.44024881e+03    -3.15532556e+03   
    3.42000000e+04     1.71000000e+01     2.30957193e+03     3.01016563e+02     5.44024881e+03    -3.14910309e+03   
    3.44000000e+04     1.72000000e+01     2.30948931e+03     3.02291059e+02     5.44024881e+03    -3.17229762e+03   
    3.46000000e+04     1.73000000e+01     2.30955932e+03     3.01987876e+02     5.44024881e+03    -3.16672964e+03   
    3.48000000e+04     1.74000000e+01     2.30956990e+03     3.02388808e+02     5.44024881e+03    -3.17398962e+03   
    3.50000000e+04     1.75000000e+01     2.30957508e+03     3.01885413e+02     5.44024881e+03    -3.16485580e+03   
    3.52000000e+04     1.76000000e+01     2.30960957e+03     3.01858384e+02     5.44024881e+03    -3.16433117e+03   
    3.54000000e+04     1.77000000e+01     2.30952166e+03     3.01243663e+02     5.44024881e+03    -3.15327163e+03   
    3.56000000e+04     1.78000000e+01     2.30953838e+03     3.01800455e+02     5.44024881e+03    -3.16335186e+03   
    3.58000000e+04     1.79000000e+01     2.30965486e+03     3.01549611e+02     5.44024881e+03    -3.15868655e+03   
    3.60000000e+04     1.80000000e+01     2.30982383e+03     3.01767404e+02     5.44024881e+03    -3.16246707e+03   
    3.62000000e+04     1.81000000e+01     2.30968165e+03     3.01260642e+02     5.44024881e+03    -3.15341953e+03   
    3.64000000e+04     1.82000000e+01     2.30962517e+03     3.01537214e+02     5.44024881e+03    -3.15849142e+03   
    3.66000000e+04     1.83000000e+01     2.30966022e+03     3.02531899e+02     5.44024881e+03    -3.17649415e+03   
    3.68000000e+04     1.84000000e+01     2.30956987e+03     3.03138079e+02     5.44024881e+03    -3.18757707e+03   
    3.70000000e+04     1.85000000e+01     2.30950813e+03     3.02119652e+02     5.44024881e+03    -3.16917048e+03   
    3.72000000e+04     1.86000000e+01     2.30945825e+03     3.01039063e+02     5.44024881e+03    -3.14962479e+03   
    3.74000000e+04     1.87000000e+01     2.30959957e+03     3.01919482e+02     5.44024881e+03    -3.16544913e+03   
    3.76000000e+04     1.88000000e+01     2.30967742e+03     3.01659384e+02     5.44024881e+03    -3.16065461e+03   
    3.78000000e+04     1.89000000e+01     2.30960299e+03     3.01061265e+02     5.44024881e+03    -3.14988266e+03   
    3.80000000e+04     1.90000000e+01     2.30957997e+03     3.01323089e+02     5.44024881e+03    -3.15465364e+03   
    3.82000000e+04     1.91000000e+01     2.30957125e+03     3.01479674e+02     5.44024881e+03    -3.15750190e+03   
    3.84000000e+04     1.92000000e+01     2.30957546e+03     3.01302228e+02     5.44024881e+03    -3.15427985e+03   
    3.86000000e+04     1.93000000e+01     2.30959857e+03     3.01610243e+02     5.44024881e+03    -3.15984234e+03   
    3.88000000e+04     1.94000000e+01     2.30964095e+03     3.01955721e+02     5.44024881e+03    -3.16606492e+03   
    3.90000000e+04     1.95000000e+01     2.30949268e+03     3.02446161e+02     5.44024881e+03    -3.17510690e+03   
    3.92000000e+04     1.96000000e+01     2.30956797e+03     3.01795583e+02     5.44024881e+03    -3.16323392e+03   
    3.94000000e+04     1.97000000e+01     2.30969271e+03     3.02176765e+02     5.44024881e+03    -3.17002161e+03   
    3.96000000e+04     1.98000000e+01     2.30966323e+03     3.01856784e+02     5.44024881e+03    -3.16424850e+03   
    3.98000000e+04     1.99000000e+01     2.30964896e+03     3.01665274e+02     5.44024881e+03    -3.16078988e+03   
    4.00000000e+04     2.00000000e+01     2.30971326e+03     3.00943581e+02     5.44024881e+03    -3.14763829e+03   
