# column   1     --> step : The current simulation time step.
# column   2     --> time{picosecond} : The elapsed simulation time.
# column   3     --> conserved{electronvolt} : The value of the conserved energy quantity per bead.
# column   4     --> temperature{kelvin} : The current temperature, as obtained from the MD kinetic energy.
# column   5     --> kinetic_cv{electronvolt} : The centroid-virial quantum kinetic energy of the physical system.
# column   6     --> potential{electronvolt} : The physical system potential energy.
    0.00000000e+00     0.00000000e+00     2.31691478e+03     3.01199191e+02     5.44024881e+03    -3.14507204e+03   
    2.00000000e+02     1.00000000e-01     2.31671629e+03     3.01755356e+02     5.44024881e+03    -3.15535612e+03   
    4.00000000e+02     2.00000000e-01     2.31665914e+03     3.02469640e+02     5.44024881e+03    -3.16836620e+03   
    6.00000000e+02     3.00000000e-01     2.31682504e+03     3.01625278e+02     5.44024881e+03    -3.15288851e+03   
    8.00000000e+02     4.00000000e-01     2.31686832e+03     3.02332456e+02     5.44024881e+03    -3.16566931e+03   
    1.00000000e+03     5.00000000e-01     2.31677282e+03     3.01811730e+02     5.44024881e+03    -3.15632188e+03   
    1.20000000e+03     6.00000000e-01     2.31680192e+03     3.01776660e+02     5.44024881e+03    -3.15565682e+03   
    1.40000000e+03     7.00000000e-01     2.31685752e+03     3.01781857e+02     5.44024881e+03    -3.15569546e+03   
    1.60000000e+03     8.00000000e-01     2.31690477e+03     3.01755133e+02     5.44024881e+03    -3.15516360e+03   
    1.80000000e+03     9.00000000e-01     2.31681143e+03     3.02399356e+02     5.44024881e+03    -3.16693937e+03   
    2.00000000e+03     1.00000000e+00     2.31680186e+03     3.01764900e+02     5.44024881e+03    -3.15544362e+03   
    2.20000000e+03     1.10000000e+00     2.31681144e+03     3.01115438e+02     5.44024881e+03    -3.14365659e+03   
    2.40000000e+03     1.20000000e+00     2.31681994e+03     3.01156733e+02     5.44024881e+03    -3.14439694e+03   
    2.60000000e+03     1.30000000e+00     2.31687081e+03     3.01471058e+02     5.44024881e+03    -3.15004610e+03   
    2.80000000e+03     1.40000000e+00     2.31675717e+03     3.02480035e+02     5.44024881e+03    -3.16845669e+03   
    3.00000000e+03     1.50000000e+00     2.31689144e+03     3.01770314e+02     5.44024881e+03    -3.15545221e+03   
    3.20000000e+03     1.60000000e+00     2.31687548e+03     3.03224415e+02     5.44024881e+03    -3.18183708e+03   
    3.40000000e+03     1.70000000e+00     2.31664806e+03     3.02680290e+02     5.44024881e+03    -3.17219725e+03   
    3.60000000e+03     1.80000000e+00     2.31677644e+03     3.02332537e+02     5.44024881e+03    -3.16576266e+03   
    3.80000000e+03     1.90000000e+00     2.31669265e+03     3.01994492e+02     5.44024881e+03    -3.15971628e+03   
    4.00000000e+03     2.00000000e+00     2.31663234e+03     3.02415235e+02     5.44024881e+03    -3.16740641e+03   
    4.20000000e+03     2.10000000e+00     2.31671445e+03     3.01869003e+02     5.44024881e+03    -3.15741885e+03   
    4.40000000e+03     2.20000000e+00     2.31675933e+03     3.02548641e+02     5.44024881e+03    -3.16969864e+03   
    4.60000000e+03     2.30000000e+00     2.31676282e+03     3.01894577e+02     5.44024881e+03    -3.15783424e+03   
    4.80000000e+03     2.40000000e+00     2.31668350e+03     3.01830590e+02     5.44024881e+03    -3.15675321e+03   
    5.00000000e+03     2.50000000e+00     2.31678642e+03     3.01938774e+02     5.44024881e+03    -3.15861212e+03   
    5.20000000e+03     2.60000000e+00     2.31684966e+03     3.01653641e+02     5.44024881e+03    -3.15337822e+03   
    5.40000000e+03     2.70000000e+00     2.31694438e+03     3.02414874e+02     5.44024881e+03    -3.16708783e+03   
    5.60000000e+03     2.80000000e+00     2.31668156e+03     3.01994633e+02     5.44024881e+03    -3.15972993e+03   
    5.80000000e+03     2.90000000e+00     2.31680226e+03     3.01754584e+02     5.44024881e+03    -3.15525614e+03   
    6.00000000e+03     3.00000000e+00     2.31682511e+03     3.01906263e+02     5.44024881e+03    -3.15798386e+03   
    6.20000000e+03     3.10000000e+00     2.31689439e+03     3.01622491e+02     5.44024881e+03    -3.15276861e+03   
    6.40000000e+03     3.20000000e+00     2.31674699e+03     3.02181007e+02     5.44024881e+03    -3.16304425e+03   
    6.60000000e+03     3.30000000e+00     2.31689928e+03     3.01558784e+02     5.44024881e+03    -3.15160845e+03   
    6.80000000e+03     3.40000000e+00     2.31679468e+03     3.02001985e+02     5.44024881e+03    -3.15975013e+03   
    7.00000000e+03     3.50000000e+00     2.31686373e+03     3.01468140e+02     5.44024881e+03    -3.15000026e+03   
    7.20000000e+03     3.60000000e+00     2.31677539e+03     3.01625971e+02     5.44024881e+03    -3.15295073e+03   
    7.40000000e+03     3.70000000e+00     2.31676084e+03     3.01839812e+02     5.44024881e+03    -3.15684311e+03   
    7.60000000e+03     3.80000000e+00     2.31674465e+03     3.02426516e+02     5.44024881e+03    -3.16749868e+03   
    7.80000000e+03     3.90000000e+00     2.31677802e+03     3.01989580e+02     5.44024881e+03    -3.15954184e+03   
    8.00000000e+03     4.00000000e+00     2.31668862e+03     3.01774711e+02     5.44024881e+03    -3.15573478e+03   
    8.20000000e+03     4.10000000e+00     2.31678891e+03     3.01138050e+02     5.44024881e+03    -3.14408916e+03   
    8.40000000e+03     4.20000000e+00     2.31685133e+03     3.01276344e+02     5.44024881e+03    -3.14653459e+03   
    8.60000000e+03     4.30000000e+00     2.31652101e+03     3.02123606e+02     5.44024881e+03    -3.16222931e+03   
    8.80000000e+03     4.40000000e+00     2.31660763e+03     3.02043463e+02     5.44024881e+03    -3.16068935e+03   
    9.00000000e+03     4.50000000e+00     2.31666067e+03     3.02425399e+02     5.44024881e+03    -3.16756241e+03   
    9.20000000e+03     4.60000000e+00     2.31667629e+03     3.01675309e+02     5.44024881e+03    -3.15394453e+03   
    9.40000000e+03     4.70000000e+00     2.31677012e+03     3.02243306e+02     5.44024881e+03    -3.16415085e+03   
    9.60000000e+03     4.80000000e+00     2.31681499e+03     3.01655220e+02     5.44024881e+03    -3.15344153e+03   
    9.80000000e+03     4.90000000e+00     2.31676927e+03     3.02456185e+02     5.44024881e+03    -3.16801209e+03   
    1.00000000e+04     5.00000000e+00     2.31679045e+03     3.02731474e+02     5.44024881e+03    -3.17298305e+03   
    1.02000000e+04     5.10000000e+00     2.31667209e+03     3.02988204e+02     5.44024881e+03    -3.17775699e+03   
    1.04000000e+04     5.20000000e+00     2.31676667e+03     3.01970146e+02     5.44024881e+03    -3.15920078e+03   
    1.06000000e+04     5.30000000e+00     2.31674920e+03     3.02315410e+02     5.44024881e+03    -3.16547931e+03   
    1.08000000e+04     5.40000000e+00     2.31681579e+03     3.01949850e+02     5.44024881e+03    -3.15878361e+03   
    1.10000000e+04     5.50000000e+00     2.31694256e+03     3.02210355e+02     5.44024881e+03    -3.16338087e+03   
    1.12000000e+04     5.60000000e+00     2.31689316e+03     3.02376580e+02     5.44024881e+03    -3.16644462e+03   
    1.14000000e+04     5.70000000e+00     2.31691052e+03     3.01978685e+02     5.44024881e+03    -3.15921177e+03   
    1.16000000e+04     5.80000000e+00     2.31696402e+03     3.02343136e+02     5.44024881e+03    -3.16576728e+03   
    1.18000000e+04     5.90000000e+00     2.31682515e+03     3.01732849e+02     5.44024881e+03    -3.15483912e+03   
    1.20000000e+04     6.00000000e+00     2.31687307e+03     3.01465857e+02     5.44024881e+03    -3.14994950e+03   
    1.22000000e+04     6.10000000e+00     2.31675314e+03     3.01288188e+02     5.44024881e+03    -3.14684757e+03   
    1.24000000e+04     6.20000000e+00     2.31672927e+03     3.01873421e+02     5.44024881e+03    -3.15748415e+03   
    1.26000000e+04     6.30000000e+00     2.31691414e+03     3.01791369e+02     5.44024881e+03    -3.15581134e+03   
    1.28000000e+04     6.40000000e+00     2.31698598e+03     3.01412226e+02     5.44024881e+03    -3.14886406e+03   
    1.30000000e+04     6.50000000e+00     2.31673935e+03     3.02377037e+02     5.44024881e+03    -3.16660673e+03   
    1.32000000e+04     6.60000000e+00     2.31674563e+03     3.02511872e+02     5.44024881e+03    -3.16904557e+03   
    1.34000000e+04     6.70000000e+00     2.31674580e+03     3.02138518e+02     5.44024881e+03    -3.16227493e+03   
    1.36000000e+04     6.80000000e+00     2.31664809e+03     3.02256349e+02     5.44024881e+03    -3.16450940e+03   
    1.38000000e+04     6.90000000e+00     2.31692446e+03     3.02618312e+02     5.44024881e+03    -3.17079693e+03   
    1.40000000e+04     7.00000000e+00     2.31693136e+03     3.02086410e+02     5.44024881e+03    -3.16114443e+03   
    1.42000000e+04     7.10000000e+00     2.31681295e+03     3.02075499e+02     5.44024881e+03    -3.16106499e+03   
    1.44000000e+04     7.20000000e+00     2.31677235e+03     3.01963723e+02     5.44024881e+03    -3.15907861e+03   
    1.46000000e+04     7.30000000e+00     2.31670289e+03     3.01101279e+02     5.44024881e+03    -3.14350839e+03   
    1.48000000e+04     7.40000000e+00     2.31687489e+03     3.01819012e+02     5.44024881e+03    -3.15635186e+03   
    1.50000000e+04     7.50000000e+00     2.31684785e+03     3.01254858e+02     5.44024881e+03    -3.14614845e+03   
    1.52000000e+04     7.60000000e+00     2.31685840e+03     3.01490111e+02     5.44024881e+03    -3.15040402e+03   
    1.54000000e+04     7.70000000e+00     2.31701504e+03     3.01814997e+02     5.44024881e+03    -3.15613890e+03   
    1.56000000e+04     7.80000000e+00     2.31691456e+03     3.01418280e+02     5.44024881e+03    -3.14904526e+03   
    1.58000000e+04     7.90000000e+00     2.31696047e+03     3.02001816e+02     5.44024881e+03    -3.15958127e+03   
    1.60000000e+04     8.00000000e+00     2.31682556e+03     3.01528053e+02     5.44024881e+03    -3.15112490e+03   
    1.62000000e+04     8.10000000e+00     2.31687881e+03     3.02216147e+02     5.44024881e+03    -3.16354965e+03   
    1.64000000e+04     8.20000000e+00     2.31689683e+03     3.01518826e+02     5.44024881e+03    -3.15088630e+03   
    1.66000000e+04     8.30000000e+00     2.31682446e+03     3.01915916e+02     5.44024881e+03    -3.15815958e+03   
    1.68000000e+04     8.40000000e+00     2.31691468e+03     3.01458579e+02     5.44024881e+03    -3.14977592e+03   
    1.70000000e+04     8.50000000e+00     2.31684616e+03     3.01409384e+02     5.44024881e+03    -3.14895234e+03   
    1.72000000e+04     8.60000000e+00     2.31680952e+03     3.01683603e+02     5.44024881e+03    -3.15396172e+03   
    1.74000000e+04     8.70000000e+00     2.31682261e+03     3.02059921e+02     5.44024881e+03    -3.16077283e+03   
    1.76000000e+04     8.80000000e+00     2.31693840e+03     3.01945440e+02     5.44024881e+03    -3.15858101e+03   
    1.78000000e+04     8.90000000e+00     2.31703348e+03     3.01930639e+02     5.44024881e+03    -3.15821754e+03   
    1.80000000e+04     9.00000000e+00     2.31694029e+03     3.01844699e+02     5.44024881e+03    -3.15675228e+03   
    1.82000000e+04     9.10000000e+00     2.31686567e+03     3.01695155e+02     5.44024881e+03    -3.15411505e+03   
    1.84000000e+04     9.20000000e+00     2.31697136e+03     3.01854969e+02     5.44024881e+03    -3.15690746e+03   
    1.86000000e+04     9.30000000e+00     2.31690585e+03     3.02148925e+02     5.44024881e+03    -3.16230360e+03   
    1.88000000e+04     9.40000000e+00     2.31682297e+03     3.02011135e+02     5.44024881e+03    -3.15988777e+03   
    1.90000000e+04     9.50000000e+00     2.31682120e+03     3.02114480e+02     5.44024881e+03    -3.16176363e+03   
    1.92000000e+04     9.60000000e+00     2.31680396e+03     3.01841746e+02     5.44024881e+03    -3.15683505e+03   
    1.94000000e+04     9.70000000e+00     2.31689715e+03     3.01979291e+02     5.44024881e+03    -3.15923613e+03   
    1.96000000e+04     9.80000000e+00     2.31685480e+03     3.01791034e+02     5.44024881e+03    -3.15586461e+03   
    1.98000000e+04     9.90000000e+00     2.31686770e+03     3.01757901e+02     5.44024881e+03    -3.15525086e+03   
    2.00000000e+04     1.00000000e+01     2.31699052e+03     3.02203785e+02     5.44024881e+03    -3.16321377e+03   
    2.02000000e+04     1.01000000e+01     2.31673958e+03     3.02835560e+02     5.44024881e+03    -3.17492142e+03   
    2.04000000e+04     1.02000000e+01     2.31678516e+03     3.01928898e+02     5.44024881e+03    -3.15843429e+03   
    2.06000000e+04     1.03000000e+01     2.31676220e+03     3.02500659e+02     5.44024881e+03    -3.16882565e+03   
    2.08000000e+04     1.04000000e+01     2.31671180e+03     3.01824964e+02     5.44024881e+03    -3.15662289e+03   
    2.10000000e+04     1.05000000e+01     2.31674773e+03     3.02365577e+02     5.44024881e+03    -3.16639053e+03   
    2.12000000e+04     1.06000000e+01     2.31695939e+03     3.01792959e+02     5.44024881e+03    -3.15579492e+03   
    2.14000000e+04     1.07000000e+01     2.31684784e+03     3.01661173e+02     5.44024881e+03    -3.15351664e+03   
    2.16000000e+04     1.08000000e+01     2.31694172e+03     3.02193133e+02     5.44024881e+03    -3.16306941e+03   
    2.18000000e+04     1.09000000e+01     2.31686826e+03     3.02319318e+02     5.44024881e+03    -3.16543112e+03   
    2.20000000e+04     1.10000000e+01     2.31689581e+03     3.02023538e+02     5.44024881e+03    -3.16003985e+03   
    2.22000000e+04     1.11000000e+01     2.31684251e+03     3.01230917e+02     5.44024881e+03    -3.14571965e+03   
    2.24000000e+04     1.12000000e+01     2.31683828e+03     3.01516462e+02     5.44024881e+03    -3.15090199e+03   
    2.26000000e+04     1.13000000e+01     2.31697443e+03     3.01253192e+02     5.44024881e+03    -3.14599165e+03   
    2.28000000e+04     1.14000000e+01     2.31701712e+03     3.01508802e+02     5.44024881e+03    -3.15058424e+03   
    2.30000000e+04     1.15000000e+01     2.31686045e+03     3.01816797e+02     5.44024881e+03    -3.15632614e+03   
    2.32000000e+04     1.16000000e+01     2.31685278e+03     3.02137612e+02     5.44024881e+03    -3.16215152e+03   
    2.34000000e+04     1.17000000e+01     2.31678305e+03     3.02176416e+02     5.44024881e+03    -3.16292493e+03   
    2.36000000e+04     1.18000000e+01     2.31675282e+03     3.01694429e+02     5.44024881e+03    -3.15421472e+03   
    2.38000000e+04     1.19000000e+01     2.31689432e+03     3.01826133e+02     5.44024881e+03    -3.15646157e+03   
    2.40000000e+04     1.20000000e+01     2.31691883e+03     3.01415364e+02     5.44024881e+03    -3.14898810e+03   
    2.42000000e+04     1.21000000e+01     2.31671774e+03     3.02016368e+02     5.44024881e+03    -3.16008791e+03   
    2.44000000e+04     1.22000000e+01     2.31673675e+03     3.02016820e+02     5.44024881e+03    -3.16007709e+03   
    2.46000000e+04     1.23000000e+01     2.31686633e+03     3.02321083e+02     5.44024881e+03    -3.16546507e+03   
    2.48000000e+04     1.24000000e+01     2.31695729e+03     3.01344545e+02     5.44024881e+03    -3.14766542e+03   
    2.50000000e+04     1.25000000e+01     2.31695055e+03     3.01508772e+02     5.44024881e+03    -3.15065026e+03   
    2.52000000e+04     1.26000000e+01     2.31684472e+03     3.01795161e+02     5.44024881e+03    -3.15594953e+03   
    2.54000000e+04     1.27000000e+01     2.31685048e+03     3.01885931e+02     5.44024881e+03    -3.15758979e+03   
    2.56000000e+04     1.28000000e+01     2.31680211e+03     3.02074867e+02     5.44024881e+03    -3.16106436e+03   
    2.58000000e+04     1.29000000e+01     2.31674383e+03     3.02387688e+02     5.44024881e+03    -3.16679539e+03   
    2.60000000e+04     1.30000000e+01     2.31686542e+03     3.01909692e+02     5.44024881e+03    -3.15800574e+03   
    2.62000000e+04     1.31000000e+01     2.31689956e+03     3.02192958e+02     5.44024881e+03    -3.16310839e+03   
    2.64000000e+04     1.32000000e+01     2.31682063e+03     3.02176820e+02     5.44024881e+03    -3.16289469e+03   
    2.66000000e+04     1.33000000e+01     2.31699955e+03     3.01419334e+02     5.44024881e+03    -3.14897938e+03   
    2.68000000e+04     1.34000000e+01     2.31699545e+03     3.01730329e+02     5.44024881e+03    -3.15462311e+03   
    2.70000000e+04     1.35000000e+01     2.31688289e+03     3.02541372e+02     5.44024881e+03    -3.16944326e+03   
    2.72000000e+04     1.36000000e+01     2.31684196e+03     3.01445861e+02     5.44024881e+03    -3.14961801e+03   
    2.74000000e+04     1.37000000e+01     2.31676691e+03     3.02067656e+02     5.44024881e+03    -3.16096880e+03   
    2.76000000e+04     1.38000000e+01     2.31685194e+03     3.01535986e+02     5.44024881e+03    -3.15124238e+03   
    2.78000000e+04     1.39000000e+01     2.31693156e+03     3.02108572e+02     5.44024881e+03    -3.16154614e+03   
    2.80000000e+04     1.40000000e+01     2.31681654e+03     3.01355055e+02     5.44024881e+03    -3.14799675e+03   
    2.82000000e+04     1.41000000e+01     2.31685888e+03     3.01620843e+02     5.44024881e+03    -3.15277426e+03   
    2.84000000e+04     1.42000000e+01     2.31690060e+03     3.01206328e+02     5.44024881e+03    -3.14521565e+03   
    2.86000000e+04     1.43000000e+01     2.31688625e+03     3.02005979e+02     5.44024881e+03    -3.15973100e+03   
    2.88000000e+04     1.44000000e+01     2.31686233e+03     3.00431774e+02     5.44024881e+03    -3.13120802e+03   
    2.90000000e+04     1.45000000e+01     2.31691130e+03     3.02216394e+02     5.44024881e+03    -3.16352165e+03   
    2.92000000e+04     1.46000000e+01     2.31705964e+03     3.01298677e+02     5.44024881e+03    -3.14673128e+03   
    2.94000000e+04     1.47000000e+01     2.31693731e+03     3.01706920e+02     5.44024881e+03    -3.15425676e+03   
    2.96000000e+04     1.48000000e+01     2.31695068e+03     3.01879829e+02     5.44024881e+03    -3.15737894e+03   
    2.98000000e+04     1.49000000e+01     2.31701797e+03     3.01480257e+02     5.44024881e+03    -3.15006575e+03   
    3.00000000e+04     1.50000000e+01     2.31691716e+03     3.01943962e+02     5.44024881e+03    -3.15857545e+03   
    3.02000000e+04     1.51000000e+01     2.31686574e+03     3.02331898e+02     5.44024881e+03    -3.16566178e+03   
    3.04000000e+04     1.52000000e+01     2.31692485e+03     3.02182578e+02     5.44024881e+03    -3.16289487e+03   
    3.06000000e+04     1.53000000e+01     2.31681533e+03     3.02160800e+02     5.44024881e+03    -3.16260946e+03   
    3.08000000e+04     1.54000000e+01     2.31699660e+03     3.01687284e+02     5.44024881e+03    -3.15384138e+03   
    3.10000000e+04     1.55000000e+01     2.31683439e+03     3.02045307e+02     5.44024881e+03    -3.16049604e+03   
    3.12000000e+04     1.56000000e+01     2.31693389e+03     3.02117270e+02     5.44024881e+03    -3.16170153e+03   
    3.14000000e+04     1.57000000e+01     2.31694589e+03     3.02026084e+02     5.44024881e+03    -3.16003594e+03   
    3.16000000e+04     1.58000000e+01     2.31705281e+03     3.01836218e+02     5.44024881e+03    -3.15648597e+03   
    3.18000000e+04     1.59000000e+01     2.31695685e+03     3.01728337e+02     5.44024881e+03    -3.15462559e+03   
    3.20000000e+04     1.60000000e+01     2.31691607e+03     3.02120256e+02     5.44024881e+03    -3.16177351e+03   
    3.22000000e+04     1.61000000e+01     2.31691351e+03     3.00958867e+02     5.44024881e+03    -3.14071525e+03   
    3.24000000e+04     1.62000000e+01     2.31702181e+03     3.02537864e+02     5.44024881e+03    -3.16924074e+03   
    3.26000000e+04     1.63000000e+01     2.31677891e+03     3.01898753e+02     5.44024881e+03    -3.15789388e+03   
    3.28000000e+04     1.64000000e+01     2.31686042e+03     3.01846955e+02     5.44024881e+03    -3.15687307e+03   
    3.30000000e+04     1.65000000e+01     2.31688090e+03     3.01794486e+02     5.44024881e+03    -3.15590110e+03   
    3.32000000e+04     1.66000000e+01     2.31687625e+03     3.01824943e+02     5.44024881e+03    -3.15645807e+03   
    3.34000000e+04     1.67000000e+01     2.31689389e+03     3.00817465e+02     5.44024881e+03    -3.13817065e+03   
    3.36000000e+04     1.68000000e+01     2.31682388e+03     3.01593915e+02     5.44024881e+03    -3.15232094e+03   
    3.38000000e+04     1.69000000e+01     2.31698804e+03     3.01234591e+02     5.44024881e+03    -3.14564072e+03   
    3.40000000e+04     1.70000000e+01     2.31692072e+03     3.02070338e+02     5.44024881e+03    -3.16086362e+03   
    3.42000000e+04     1.71000000e+01     2.31691473e+03     3.01817249e+02     5.44024881e+03    -3.15628005e+03   
    3.44000000e+04     1.72000000e+01     2.31663639e+03     3.02883455e+02     5.44024881e+03    -3.17589315e+03   
    3.46000000e+04     1.73000000e+01     2.31672845e+03     3.02588659e+02     5.44024881e+03    -3.17045522e+03   
    3.48000000e+04     1.74000000e+01     2.31677474e+03     3.02492611e+02     5.44024881e+03    -3.16866718e+03   
    3.50000000e+04     1.75000000e+01     2.31680377e+03     3.02305542e+02     5.44024881e+03    -3.16524579e+03   
    3.52000000e+04     1.76000000e+01     2.31692698e+03     3.02466610e+02     5.44024881e+03    -3.16804344e+03   
    3.54000000e+04     1.77000000e+01     2.31679672e+03     3.01819407e+02     5.44024881e+03    -3.15643720e+03   
    3.56000000e+04     1.78000000e+01     2.31689698e+03     3.01626685e+02     5.44024881e+03    -3.15284208e+03   
    3.58000000e+04     1.79000000e+01     2.31692096e+03     3.01714837e+02     5.44024881e+03    -3.15441667e+03   
    3.60000000e+04     1.80000000e+01     2.31682390e+03     3.01391054e+02     5.44024881e+03    -3.14864220e+03   
    3.62000000e+04     1.81000000e+01     2.31679892e+03     3.01351283e+02     5.44024881e+03    -3.14794597e+03   
    3.64000000e+04     1.82000000e+01     2.31677890e+03     3.02791680e+02     5.44024881e+03    -3.17408638e+03   
    3.66000000e+04     1.83000000e+01     2.31672147e+03     3.02854358e+02     5.44024881e+03    -3.17528042e+03   
    3.68000000e+04     1.84000000e+01     2.31690104e+03     3.01712949e+02     5.44024881e+03    -3.15440235e+03   
    3.70000000e+04     1.85000000e+01     2.31699810e+03     3.01659733e+02     5.44024881e+03    -3.15334027e+03   
    3.72000000e+04     1.86000000e+01     2.31696015e+03     3.02191843e+02     5.44024881e+03    -3.16302759e+03   
    3.74000000e+04     1.87000000e+01     2.31687476e+03     3.01580084e+02     5.44024881e+03    -3.15201924e+03   
    3.76000000e+04     1.88000000e+01     2.31697787e+03     3.01248877e+02     5.44024881e+03    -3.14590997e+03   
    3.78000000e+04     1.89000000e+01     2.31699115e+03     3.01404623e+02     5.44024881e+03    -3.14872101e+03   
    3.80000000e+04     1.90000000e+01     2.31702060e+03     3.01692408e+02     5.44024881e+03    -3.15391030e+03   
    3.82000000e+04     1.91000000e+01     2.31688270e+03     3.01782122e+02     5.44024881e+03    -3.15567510e+03   
    3.84000000e+04     1.92000000e+01     2.31684919e+03     3.01880500e+02     5.44024881e+03    -3.15749260e+03   
    3.86000000e+04     1.93000000e+01     2.31686139e+03     3.01453103e+02     5.44024881e+03    -3.14972992e+03   
    3.88000000e+04     1.94000000e+01     2.31687834e+03     3.01408686e+02     5.44024881e+03    -3.14890752e+03   
    3.90000000e+04     1.95000000e+01     2.31680627e+03     3.02033983e+02     5.44024881e+03    -3.16031882e+03   
    3.92000000e+04     1.96000000e+01     2.31680371e+03     3.01510538e+02     5.44024881e+03    -3.15082912e+03   
    3.94000000e+04     1.97000000e+01     2.31684303e+03     3.01874310e+02     5.44024881e+03    -3.15738651e+03   
    3.96000000e+04     1.98000000e+01     2.31689778e+03     3.02046841e+02     5.44024881e+03    -3.16046047e+03   
    3.98000000e+04     1.99000000e+01     2.31693624e+03     3.01486888e+02     5.44024881e+03    -3.15026773e+03   
    4.00000000e+04     2.00000000e+01     2.31709668e+03     3.01780207e+02     5.44024881e+03    -3.15542638e+03   
