# column   1     --> step : The current simulation time step.
# column   2     --> time{picosecond} : The elapsed simulation time.
# column   3     --> conserved{electronvolt} : The value of the conserved energy quantity per bead.
# column   4     --> temperature{kelvin} : The current temperature, as obtained from the MD kinetic energy.
# column   5     --> kinetic_cv{electronvolt} : The centroid-virial quantum kinetic energy of the physical system.
# column   6     --> potential{electronvolt} : The physical system potential energy.
    0.00000000e+00     0.00000000e+00     2.27356921e+03     3.01199191e+02     5.44024881e+03    -3.18841761e+03   
    2.00000000e+02     1.00000000e-01     2.27347521e+03     3.00675089e+02     5.44024881e+03    -3.17900745e+03   
    4.00000000e+02     2.00000000e-01     2.27328529e+03     3.00690422e+02     5.44024881e+03    -3.17947542e+03   
    6.00000000e+02     3.00000000e-01     2.27349234e+03     3.00409937e+02     5.44024881e+03    -3.17418202e+03   
    8.00000000e+02     4.00000000e-01     2.27355531e+03     3.00093253e+02     5.44024881e+03    -3.16837626e+03   
    1.00000000e+03     5.00000000e-01     2.27351158e+03     2.99928826e+02     5.44024881e+03    -3.16543823e+03   
    1.20000000e+03     6.00000000e-01     2.27355379e+03     3.00157926e+02     5.44024881e+03    -3.16955057e+03   
    1.40000000e+03     7.00000000e-01     2.27346438e+03     3.00204104e+02     5.44024881e+03    -3.17047738e+03   
    1.60000000e+03     8.00000000e-01     2.27345805e+03     3.00196359e+02     5.44024881e+03    -3.17034325e+03   
    1.80000000e+03     9.00000000e-01     2.27350450e+03     3.00085643e+02     5.44024881e+03    -3.16828906e+03   
    2.00000000e+03     1.00000000e+00     2.27339328e+03     3.00886636e+02     5.44024881e+03    -3.18292561e+03   
    2.20000000e+03     1.10000000e+00     2.27332762e+03     2.99995385e+02     5.44024881e+03    -3.16682918e+03   
    2.40000000e+03     1.20000000e+00     2.27352273e+03     3.00259067e+02     5.44024881e+03    -3.17141572e+03   
    2.60000000e+03     1.30000000e+00     2.27351092e+03     3.00446605e+02     5.44024881e+03    -3.17482838e+03   
    2.80000000e+03     1.40000000e+00     2.27361778e+03     3.00790306e+02     5.44024881e+03    -3.18095424e+03   
    3.00000000e+03     1.50000000e+00     2.27348026e+03     3.00647482e+02     5.44024881e+03    -3.17850177e+03   
    3.20000000e+03     1.60000000e+00     2.27354057e+03     3.00543055e+02     5.44024881e+03    -3.17654778e+03   
    3.40000000e+03     1.70000000e+00     2.27352917e+03     3.00342576e+02     5.44024881e+03    -3.17292365e+03   
    3.60000000e+03     1.80000000e+00     2.27351286e+03     3.00422753e+02     5.44024881e+03    -3.17439391e+03   
    3.80000000e+03     1.90000000e+00     2.27349499e+03     2.99937186e+02     5.44024881e+03    -3.16560643e+03   
    4.00000000e+03     2.00000000e+00     2.27352340e+03     3.00416049e+02     5.44024881e+03    -3.17426179e+03   
    4.20000000e+03     2.10000000e+00     2.27349945e+03     3.00918633e+02     5.44024881e+03    -3.18339969e+03   
    4.40000000e+03     2.20000000e+00     2.27347132e+03     3.00072482e+02     5.44024881e+03    -3.16808357e+03   
    4.60000000e+03     2.30000000e+00     2.27356214e+03     3.00222367e+02     5.44024881e+03    -3.17071080e+03   
    4.80000000e+03     2.40000000e+00     2.27357720e+03     3.00724021e+02     5.44024881e+03    -3.17979280e+03   
    5.00000000e+03     2.50000000e+00     2.27351790e+03     3.00358620e+02     5.44024881e+03    -3.17322587e+03   
    5.20000000e+03     2.60000000e+00     2.27343715e+03     3.00723303e+02     5.44024881e+03    -3.17991984e+03   
    5.40000000e+03     2.70000000e+00     2.27344668e+03     3.00275535e+02     5.44024881e+03    -3.17179041e+03   
    5.60000000e+03     2.80000000e+00     2.27352417e+03     3.00102418e+02     5.44024881e+03    -3.16857359e+03   
    5.80000000e+03     2.90000000e+00     2.27350463e+03     3.00599665e+02     5.44024881e+03    -3.17761029e+03   
    6.00000000e+03     3.00000000e+00     2.27349962e+03     2.99736385e+02     5.44024881e+03    -3.16196045e+03   
    6.20000000e+03     3.10000000e+00     2.27356666e+03     2.99634422e+02     5.44024881e+03    -3.16004439e+03   
    6.40000000e+03     3.20000000e+00     2.27339324e+03     2.99776763e+02     5.44024881e+03    -3.16279904e+03   
    6.60000000e+03     3.30000000e+00     2.27338057e+03     3.00419822e+02     5.44024881e+03    -3.17447305e+03   
    6.80000000e+03     3.40000000e+00     2.27333580e+03     3.00629333e+02     5.44024881e+03    -3.17831712e+03   
    7.00000000e+03     3.50000000e+00     2.27335892e+03     3.00947534e+02     5.44024881e+03    -3.18406431e+03   
    7.20000000e+03     3.60000000e+00     2.27357902e+03     3.00786396e+02     5.44024881e+03    -3.18092211e+03   
    7.40000000e+03     3.70000000e+00     2.27342843e+03     3.00720198e+02     5.44024881e+03    -3.17987225e+03   
    7.60000000e+03     3.80000000e+00     2.27351719e+03     3.00420237e+02     5.44024881e+03    -3.17434394e+03   
    7.80000000e+03     3.90000000e+00     2.27352174e+03     3.01069448e+02     5.44024881e+03    -3.18611230e+03   
    8.00000000e+03     4.00000000e+00     2.27346819e+03     3.00956685e+02     5.44024881e+03    -3.18412099e+03   
    8.20000000e+03     4.10000000e+00     2.27360003e+03     3.00427392e+02     5.44024881e+03    -3.17439087e+03   
    8.40000000e+03     4.20000000e+00     2.27360759e+03     3.00183827e+02     5.44024881e+03    -3.16996646e+03   
    8.60000000e+03     4.30000000e+00     2.27367463e+03     3.00278226e+02     5.44024881e+03    -3.17161126e+03   
    8.80000000e+03     4.40000000e+00     2.27361550e+03     3.00612559e+02     5.44024881e+03    -3.17773324e+03   
    9.00000000e+03     4.50000000e+00     2.27361002e+03     3.00498115e+02     5.44024881e+03    -3.17566337e+03   
    9.20000000e+03     4.60000000e+00     2.27368873e+03     3.01366530e+02     5.44024881e+03    -3.19133264e+03   
    9.40000000e+03     4.70000000e+00     2.27345344e+03     3.00344430e+02     5.44024881e+03    -3.17303301e+03   
    9.60000000e+03     4.80000000e+00     2.27353288e+03     3.00988022e+02     5.44024881e+03    -3.18462456e+03   
    9.80000000e+03     4.90000000e+00     2.27351288e+03     3.00722454e+02     5.44024881e+03    -3.17982872e+03   
    1.00000000e+04     5.00000000e+00     2.27350795e+03     3.00741415e+02     5.44024881e+03    -3.18017749e+03   
    1.02000000e+04     5.10000000e+00     2.27336643e+03     3.00833235e+02     5.44024881e+03    -3.18198408e+03   
    1.04000000e+04     5.20000000e+00     2.27340439e+03     3.00350997e+02     5.44024881e+03    -3.17320115e+03   
    1.06000000e+04     5.30000000e+00     2.27334422e+03     3.00919576e+02     5.44024881e+03    -3.18357200e+03   
    1.08000000e+04     5.40000000e+00     2.27357959e+03     3.00509170e+02     5.44024881e+03    -3.17589427e+03   
    1.10000000e+04     5.50000000e+00     2.27351041e+03     3.00527495e+02     5.44024881e+03    -3.17629577e+03   
    1.12000000e+04     5.60000000e+00     2.27365479e+03     3.00639789e+02     5.44024881e+03    -3.17818775e+03   
    1.14000000e+04     5.70000000e+00     2.27363111e+03     3.00345403e+02     5.44024881e+03    -3.17287298e+03   
    1.16000000e+04     5.80000000e+00     2.27367444e+03     3.00549020e+02     5.44024881e+03    -3.17652208e+03   
    1.18000000e+04     5.90000000e+00     2.27354897e+03     3.00833974e+02     5.44024881e+03    -3.18181495e+03   
    1.20000000e+04     6.00000000e+00     2.27352682e+03     3.00876107e+02     5.44024881e+03    -3.18260113e+03   
    1.22000000e+04     6.10000000e+00     2.27345790e+03     3.00259558e+02     5.44024881e+03    -3.17148946e+03   
    1.24000000e+04     6.20000000e+00     2.27360046e+03     2.99868424e+02     5.44024881e+03    -3.16425402e+03   
    1.26000000e+04     6.30000000e+00     2.27356951e+03     3.00746283e+02     5.44024881e+03    -3.18020421e+03   
    1.28000000e+04     6.40000000e+00     2.27360715e+03     3.00747025e+02     5.44024881e+03    -3.18018003e+03   
    1.30000000e+04     6.50000000e+00     2.27361407e+03     3.00679301e+02     5.44024881e+03    -3.17894498e+03   
    1.32000000e+04     6.60000000e+00     2.27368364e+03     3.00524267e+02     5.44024881e+03    -3.17606399e+03   
    1.34000000e+04     6.70000000e+00     2.27369190e+03     3.00799901e+02     5.44024881e+03    -3.18105412e+03   
    1.36000000e+04     6.80000000e+00     2.27360630e+03     3.00530764e+02     5.44024881e+03    -3.17625915e+03   
    1.38000000e+04     6.90000000e+00     2.27364061e+03     3.00705350e+02     5.44024881e+03    -3.17939082e+03   
    1.40000000e+04     7.00000000e+00     2.27360586e+03     3.00481930e+02     5.44024881e+03    -3.17537404e+03   
    1.42000000e+04     7.10000000e+00     2.27352643e+03     3.00729558e+02     5.44024881e+03    -3.17994398e+03   
    1.44000000e+04     7.20000000e+00     2.27352741e+03     3.00130762e+02     5.44024881e+03    -3.16908435e+03   
    1.46000000e+04     7.30000000e+00     2.27337442e+03     3.00555523e+02     5.44024881e+03    -3.17694003e+03   
    1.48000000e+04     7.40000000e+00     2.27341424e+03     3.00913887e+02     5.44024881e+03    -3.18339882e+03   
    1.50000000e+04     7.50000000e+00     2.27350818e+03     3.00216954e+02     5.44024881e+03    -3.17066659e+03   
    1.52000000e+04     7.60000000e+00     2.27357258e+03     3.00658966e+02     5.44024881e+03    -3.17861772e+03   
    1.54000000e+04     7.70000000e+00     2.27352250e+03     3.00754397e+02     5.44024881e+03    -3.18039835e+03   
    1.56000000e+04     7.80000000e+00     2.27362874e+03     2.99916989e+02     5.44024881e+03    -3.16510643e+03   
    1.58000000e+04     7.90000000e+00     2.27365024e+03     3.00557140e+02     5.44024881e+03    -3.17669352e+03   
    1.60000000e+04     8.00000000e+00     2.27364139e+03     2.99673106e+02     5.44024881e+03    -3.16067117e+03   
    1.62000000e+04     8.10000000e+00     2.27374851e+03     2.99191381e+02     5.44024881e+03    -3.15182835e+03   
    1.64000000e+04     8.20000000e+00     2.27370086e+03     2.99790878e+02     5.44024881e+03    -3.16274739e+03   
    1.66000000e+04     8.30000000e+00     2.27367334e+03     3.00456529e+02     5.44024881e+03    -3.17484592e+03   
    1.68000000e+04     8.40000000e+00     2.27356916e+03     3.00747930e+02     5.44024881e+03    -3.18023442e+03   
    1.70000000e+04     8.50000000e+00     2.27348392e+03     3.00656311e+02     5.44024881e+03    -3.17865822e+03   
    1.72000000e+04     8.60000000e+00     2.27349150e+03     3.00135494e+02     5.44024881e+03    -3.16920607e+03   
    1.74000000e+04     8.70000000e+00     2.27358384e+03     3.00409108e+02     5.44024881e+03    -3.17407549e+03   
    1.76000000e+04     8.80000000e+00     2.27355060e+03     3.00639772e+02     5.44024881e+03    -3.17829163e+03   
    1.78000000e+04     8.90000000e+00     2.27353561e+03     3.00789327e+02     5.44024881e+03    -3.18101868e+03   
    1.80000000e+04     9.00000000e+00     2.27355244e+03     3.00480439e+02     5.44024881e+03    -3.17540042e+03   
    1.82000000e+04     9.10000000e+00     2.27358080e+03     3.00256839e+02     5.44024881e+03    -3.17131725e+03   
    1.84000000e+04     9.20000000e+00     2.27355951e+03     3.00213320e+02     5.44024881e+03    -3.17054937e+03   
    1.86000000e+04     9.30000000e+00     2.27358355e+03     3.00631317e+02     5.44024881e+03    -3.17810534e+03   
    1.88000000e+04     9.40000000e+00     2.27361779e+03     2.99926718e+02     5.44024881e+03    -3.16529379e+03   
    1.90000000e+04     9.50000000e+00     2.27361316e+03     3.00511653e+02     5.44024881e+03    -3.17590573e+03   
    1.92000000e+04     9.60000000e+00     2.27363007e+03     3.00287877e+02     5.44024881e+03    -3.17183084e+03   
    1.94000000e+04     9.70000000e+00     2.27353375e+03     3.00826325e+02     5.44024881e+03    -3.18169146e+03   
    1.96000000e+04     9.80000000e+00     2.27352906e+03     3.01267670e+02     5.44024881e+03    -3.18969957e+03   
    1.98000000e+04     9.90000000e+00     2.27351235e+03     3.00867638e+02     5.44024881e+03    -3.18246204e+03   
    2.00000000e+04     1.00000000e+01     2.27353563e+03     3.01339820e+02     5.44024881e+03    -3.19100137e+03   
    2.02000000e+04     1.01000000e+01     2.27381369e+03     2.99755955e+02     5.44024881e+03    -3.16200126e+03   
    2.04000000e+04     1.02000000e+01     2.27359402e+03     2.99955365e+02     5.44024881e+03    -3.16583706e+03   
    2.06000000e+04     1.03000000e+01     2.27351786e+03     3.00347637e+02     5.44024881e+03    -3.17302675e+03   
    2.08000000e+04     1.04000000e+01     2.27359191e+03     3.00216585e+02     5.44024881e+03    -3.17057618e+03   
    2.10000000e+04     1.05000000e+01     2.27341312e+03     3.00661529e+02     5.44024881e+03    -3.17882365e+03   
    2.12000000e+04     1.06000000e+01     2.27349086e+03     3.00812902e+02     5.44024881e+03    -3.18149094e+03   
    2.14000000e+04     1.07000000e+01     2.27348787e+03     3.00535165e+02     5.44024881e+03    -3.17645740e+03   
    2.16000000e+04     1.08000000e+01     2.27354789e+03     3.00362009e+02     5.44024881e+03    -3.17325733e+03   
    2.18000000e+04     1.09000000e+01     2.27353009e+03     3.00490986e+02     5.44024881e+03    -3.17561403e+03   
    2.20000000e+04     1.10000000e+01     2.27365304e+03     3.00308008e+02     5.44024881e+03    -3.17217293e+03   
    2.22000000e+04     1.11000000e+01     2.27366858e+03     3.00583266e+02     5.44024881e+03    -3.17714896e+03   
    2.24000000e+04     1.12000000e+01     2.27361305e+03     3.00600499e+02     5.44024881e+03    -3.17751700e+03   
    2.26000000e+04     1.13000000e+01     2.27361717e+03     3.00388226e+02     5.44024881e+03    -3.17366349e+03   
    2.28000000e+04     1.14000000e+01     2.27364974e+03     3.00356745e+02     5.44024881e+03    -3.17306002e+03   
    2.30000000e+04     1.15000000e+01     2.27353612e+03     3.01185245e+02     5.44024881e+03    -3.18819780e+03   
    2.32000000e+04     1.16000000e+01     2.27364334e+03     3.00335495e+02     5.44024881e+03    -3.17268108e+03   
    2.34000000e+04     1.17000000e+01     2.27352460e+03     3.01011179e+02     5.44024881e+03    -3.18505279e+03   
    2.36000000e+04     1.18000000e+01     2.27348017e+03     3.00205118e+02     5.44024881e+03    -3.17047997e+03   
    2.38000000e+04     1.19000000e+01     2.27351420e+03     3.00758984e+02     5.44024881e+03    -3.18048984e+03   
    2.40000000e+04     1.20000000e+01     2.27359103e+03     3.00747676e+02     5.44024881e+03    -3.18020795e+03   
    2.42000000e+04     1.21000000e+01     2.27356044e+03     3.00877547e+02     5.44024881e+03    -3.18259364e+03   
    2.44000000e+04     1.22000000e+01     2.27348320e+03     3.01392469e+02     5.44024881e+03    -3.19200856e+03   
    2.46000000e+04     1.23000000e+01     2.27373348e+03     3.00846333e+02     5.44024881e+03    -3.18185455e+03   
    2.48000000e+04     1.24000000e+01     2.27360786e+03     3.01025614e+02     5.44024881e+03    -3.18523128e+03   
    2.50000000e+04     1.25000000e+01     2.27352265e+03     3.00668782e+02     5.44024881e+03    -3.17884565e+03   
    2.52000000e+04     1.26000000e+01     2.27358909e+03     3.00025554e+02     5.44024881e+03    -3.16711481e+03   
    2.54000000e+04     1.27000000e+01     2.27346281e+03     3.00540625e+02     5.44024881e+03    -3.17658148e+03   
    2.56000000e+04     1.28000000e+01     2.27362136e+03     2.99860371e+02     5.44024881e+03    -3.16408708e+03   
    2.58000000e+04     1.29000000e+01     2.27355703e+03     3.00381921e+02     5.44024881e+03    -3.17360928e+03   
    2.60000000e+04     1.30000000e+01     2.27352325e+03     3.00223742e+02     5.44024881e+03    -3.17077462e+03   
    2.62000000e+04     1.31000000e+01     2.27353598e+03     3.01037909e+02     5.44024881e+03    -3.18552613e+03   
    2.64000000e+04     1.32000000e+01     2.27353363e+03     3.01532119e+02     5.44024881e+03    -3.19449056e+03   
    2.66000000e+04     1.33000000e+01     2.27353497e+03     3.01097822e+02     5.44024881e+03    -3.18661361e+03   
    2.68000000e+04     1.34000000e+01     2.27350748e+03     3.01234842e+02     5.44024881e+03    -3.18912585e+03   
    2.70000000e+04     1.35000000e+01     2.27355313e+03     3.01159420e+02     5.44024881e+03    -3.18771248e+03   
    2.72000000e+04     1.36000000e+01     2.27353363e+03     3.00489411e+02     5.44024881e+03    -3.17558191e+03   
    2.74000000e+04     1.37000000e+01     2.27356865e+03     3.00070988e+02     5.44024881e+03    -3.16795915e+03   
    2.76000000e+04     1.38000000e+01     2.27359800e+03     3.00693134e+02     5.44024881e+03    -3.17921190e+03   
    2.78000000e+04     1.39000000e+01     2.27356713e+03     3.00229871e+02     5.44024881e+03    -3.17084188e+03   
    2.80000000e+04     1.40000000e+01     2.27348056e+03     3.01455178e+02     5.44024881e+03    -3.19314837e+03   
    2.82000000e+04     1.41000000e+01     2.27357224e+03     3.00637530e+02     5.44024881e+03    -3.17822934e+03   
    2.84000000e+04     1.42000000e+01     2.27364664e+03     3.00714023e+02     5.44024881e+03    -3.17954207e+03   
    2.86000000e+04     1.43000000e+01     2.27349049e+03     2.99937039e+02     5.44024881e+03    -3.16560826e+03   
    2.88000000e+04     1.44000000e+01     2.27362004e+03     3.00132480e+02     5.44024881e+03    -3.16902288e+03   
    2.90000000e+04     1.45000000e+01     2.27366419e+03     3.01247873e+02     5.44024881e+03    -3.18920545e+03   
    2.92000000e+04     1.46000000e+01     2.27362590e+03     3.00913886e+02     5.44024881e+03    -3.18318716e+03   
    2.94000000e+04     1.47000000e+01     2.27360272e+03     3.00780406e+02     5.44024881e+03    -3.18078979e+03   
    2.96000000e+04     1.48000000e+01     2.27354277e+03     3.00941105e+02     5.44024881e+03    -3.18376387e+03   
    2.98000000e+04     1.49000000e+01     2.27359726e+03     3.00196696e+02     5.44024881e+03    -3.17021015e+03   
    3.00000000e+04     1.50000000e+01     2.27367138e+03     3.00413064e+02     5.44024881e+03    -3.17405968e+03   
    3.02000000e+04     1.51000000e+01     2.27364611e+03     3.00166092e+02     5.44024881e+03    -3.16960632e+03   
    3.04000000e+04     1.52000000e+01     2.27362020e+03     3.00397314e+02     5.44024881e+03    -3.17382525e+03   
    3.06000000e+04     1.53000000e+01     2.27359386e+03     3.00399092e+02     5.44024881e+03    -3.17388383e+03   
    3.08000000e+04     1.54000000e+01     2.27365033e+03     3.00694758e+02     5.44024881e+03    -3.17918902e+03   
    3.10000000e+04     1.55000000e+01     2.27361092e+03     3.01330226e+02     5.44024881e+03    -3.19075211e+03   
    3.12000000e+04     1.56000000e+01     2.27378114e+03     3.01422694e+02     5.44024881e+03    -3.19225871e+03   
    3.14000000e+04     1.57000000e+01     2.27371561e+03     3.00328462e+02     5.44024881e+03    -3.17248127e+03   
    3.16000000e+04     1.58000000e+01     2.27364132e+03     3.00477753e+02     5.44024881e+03    -3.17526283e+03   
    3.18000000e+04     1.59000000e+01     2.27370356e+03     3.00278933e+02     5.44024881e+03    -3.17159515e+03   
    3.20000000e+04     1.60000000e+01     2.27361965e+03     3.00451037e+02     5.44024881e+03    -3.17480002e+03   
    3.22000000e+04     1.61000000e+01     2.27358553e+03     3.00778093e+02     5.44024881e+03    -3.18076503e+03   
    3.24000000e+04     1.62000000e+01     2.27351553e+03     3.00975120e+02     5.44024881e+03    -3.18440795e+03   
    3.26000000e+04     1.63000000e+01     2.27353561e+03     3.00432185e+02     5.44024881e+03    -3.17454221e+03   
    3.28000000e+04     1.64000000e+01     2.27344320e+03     3.01769751e+02     5.44024881e+03    -3.19889025e+03   
    3.30000000e+04     1.65000000e+01     2.27344881e+03     3.01066155e+02     5.44024881e+03    -3.18612551e+03   
    3.32000000e+04     1.66000000e+01     2.27350103e+03     3.00830922e+02     5.44024881e+03    -3.18180753e+03   
    3.34000000e+04     1.67000000e+01     2.27354929e+03     3.01282190e+02     5.44024881e+03    -3.18994264e+03   
    3.36000000e+04     1.68000000e+01     2.27356930e+03     3.00913036e+02     5.44024881e+03    -3.18322834e+03   
    3.38000000e+04     1.69000000e+01     2.27355562e+03     3.01286879e+02     5.44024881e+03    -3.19002135e+03   
    3.40000000e+04     1.70000000e+01     2.27356117e+03     3.00080469e+02     5.44024881e+03    -3.16813857e+03   
    3.42000000e+04     1.71000000e+01     2.27357857e+03     3.00216449e+02     5.44024881e+03    -3.17058704e+03   
    3.44000000e+04     1.72000000e+01     2.27358137e+03     3.00279440e+02     5.44024881e+03    -3.17172654e+03   
    3.46000000e+04     1.73000000e+01     2.27349982e+03     3.01540024e+02     5.44024881e+03    -3.19466773e+03   
    3.48000000e+04     1.74000000e+01     2.27354219e+03     3.00640646e+02     5.44024881e+03    -3.17831588e+03   
    3.50000000e+04     1.75000000e+01     2.27359359e+03     3.01131812e+02     5.44024881e+03    -3.18717137e+03   
    3.52000000e+04     1.76000000e+01     2.27354159e+03     3.00963537e+02     5.44024881e+03    -3.18417185e+03   
    3.54000000e+04     1.77000000e+01     2.27350345e+03     3.00278167e+02     5.44024881e+03    -3.17178137e+03   
    3.56000000e+04     1.78000000e+01     2.27358003e+03     3.00263419e+02     5.44024881e+03    -3.17143735e+03   
    3.58000000e+04     1.79000000e+01     2.27363006e+03     3.01027269e+02     5.44024881e+03    -3.18523909e+03   
    3.60000000e+04     1.80000000e+01     2.27377754e+03     3.00197600e+02     5.44024881e+03    -3.17004626e+03   
    3.62000000e+04     1.81000000e+01     2.27369182e+03     3.00616992e+02     5.44024881e+03    -3.17773732e+03   
    3.64000000e+04     1.82000000e+01     2.27364007e+03     3.00571016e+02     5.44024881e+03    -3.17695533e+03   
    3.66000000e+04     1.83000000e+01     2.27378528e+03     3.00248443e+02     5.44024881e+03    -3.17096053e+03   
    3.68000000e+04     1.84000000e+01     2.27379598e+03     3.00197564e+02     5.44024881e+03    -3.17002717e+03   
    3.70000000e+04     1.85000000e+01     2.27366322e+03     3.00249918e+02     5.44024881e+03    -3.17110932e+03   
    3.72000000e+04     1.86000000e+01     2.27340084e+03     3.00083649e+02     5.44024881e+03    -3.16835656e+03   
    3.74000000e+04     1.87000000e+01     2.27347812e+03     3.00325528e+02     5.44024881e+03    -3.17266555e+03   
    3.76000000e+04     1.88000000e+01     2.27359402e+03     3.00270223e+02     5.44024881e+03    -3.17154674e+03   
    3.78000000e+04     1.89000000e+01     2.27366011e+03     3.00451372e+02     5.44024881e+03    -3.17476565e+03   
    3.80000000e+04     1.90000000e+01     2.27368717e+03     3.00130692e+02     5.44024881e+03    -3.16892332e+03   
    3.82000000e+04     1.91000000e+01     2.27356314e+03     3.00466555e+02     5.44024881e+03    -3.17513794e+03   
    3.84000000e+04     1.92000000e+01     2.27367715e+03     2.99677396e+02     5.44024881e+03    -3.16071319e+03   
    3.86000000e+04     1.93000000e+01     2.27369442e+03     3.01323138e+02     5.44024881e+03    -3.19054008e+03   
    3.88000000e+04     1.94000000e+01     2.27373969e+03     3.01078004e+02     5.44024881e+03    -3.18604950e+03   
    3.90000000e+04     1.95000000e+01     2.27367272e+03     3.00892092e+02     5.44024881e+03    -3.18274512e+03   
    3.92000000e+04     1.96000000e+01     2.27367854e+03     3.00883748e+02     5.44024881e+03    -3.18258798e+03   
    3.94000000e+04     1.97000000e+01     2.27373975e+03     3.00354853e+02     5.44024881e+03    -3.17293571e+03   
    3.96000000e+04     1.98000000e+01     2.27358303e+03     3.00118358e+02     5.44024881e+03    -3.16880378e+03   
    3.98000000e+04     1.99000000e+01     2.27361055e+03     3.00077068e+02     5.44024881e+03    -3.16802751e+03   
    4.00000000e+04     2.00000000e+01     2.27365622e+03     3.00866053e+02     5.44024881e+03    -3.18228942e+03   
