# column   1     --> step : The current simulation time step.
# column   2     --> time{picosecond} : The elapsed simulation time.
# column   3     --> conserved{electronvolt} : The value of the conserved energy quantity per bead.
# column   4     --> temperature{kelvin} : The current temperature, as obtained from the MD kinetic energy.
# column   5     --> kinetic_cv{electronvolt} : The centroid-virial quantum kinetic energy of the physical system.
# column   6     --> potential{electronvolt} : The physical system potential energy.
    0.00000000e+00     0.00000000e+00     2.31778742e+03     3.01199191e+02     5.44024881e+03    -3.14419940e+03   
    2.00000000e+02     1.00000000e-01     2.31758369e+03     3.01875387e+02     5.44024881e+03    -3.15666538e+03   
    4.00000000e+02     2.00000000e-01     2.31750224e+03     3.01873142e+02     5.44024881e+03    -3.15670612e+03   
    6.00000000e+02     3.00000000e-01     2.31747829e+03     3.02642370e+02     5.44024881e+03    -3.17067937e+03   
    8.00000000e+02     4.00000000e-01     2.31760712e+03     3.01872011e+02     5.44024881e+03    -3.15658073e+03   
    1.00000000e+03     5.00000000e-01     2.31747421e+03     3.02264872e+02     5.44024881e+03    -3.16383785e+03   
    1.20000000e+03     6.00000000e-01     2.31752000e+03     3.02455116e+02     5.44024881e+03    -3.16724197e+03   
    1.40000000e+03     7.00000000e-01     2.31748313e+03     3.02667617e+02     5.44024881e+03    -3.17113237e+03   
    1.60000000e+03     8.00000000e-01     2.31739571e+03     3.02689823e+02     5.44024881e+03    -3.17162247e+03   
    1.80000000e+03     9.00000000e-01     2.31748775e+03     3.02144093e+02     5.44024881e+03    -3.16163409e+03   
    2.00000000e+03     1.00000000e+00     2.31752217e+03     3.02371659e+02     5.44024881e+03    -3.16572638e+03   
    2.20000000e+03     1.10000000e+00     2.31747104e+03     3.02290958e+02     5.44024881e+03    -3.16431406e+03   
    2.40000000e+03     1.20000000e+00     2.31755268e+03     3.02169485e+02     5.44024881e+03    -3.16202961e+03   
    2.60000000e+03     1.30000000e+00     2.31762202e+03     3.01612302e+02     5.44024881e+03    -3.15185622e+03   
    2.80000000e+03     1.40000000e+00     2.31760314e+03     3.01770852e+02     5.44024881e+03    -3.15475028e+03   
    3.00000000e+03     1.50000000e+00     2.31758981e+03     3.01549242e+02     5.44024881e+03    -3.15074490e+03   
    3.20000000e+03     1.60000000e+00     2.31752998e+03     3.01669884e+02     5.44024881e+03    -3.15299246e+03   
    3.40000000e+03     1.70000000e+00     2.31761575e+03     3.01295154e+02     5.44024881e+03    -3.14611128e+03   
    3.60000000e+03     1.80000000e+00     2.31758466e+03     3.01785089e+02     5.44024881e+03    -3.15502694e+03   
    3.80000000e+03     1.90000000e+00     2.31764308e+03     3.02479827e+02     5.44024881e+03    -3.16756700e+03   
    4.00000000e+03     2.00000000e+00     2.31751795e+03     3.02215230e+02     5.44024881e+03    -3.16289390e+03   
    4.20000000e+03     2.10000000e+00     2.31756317e+03     3.02258522e+02     5.44024881e+03    -3.16363372e+03   
    4.40000000e+03     2.20000000e+00     2.31741844e+03     3.01973879e+02     5.44024881e+03    -3.15861671e+03   
    4.60000000e+03     2.30000000e+00     2.31753236e+03     3.01362985e+02     5.44024881e+03    -3.14742473e+03   
    4.80000000e+03     2.40000000e+00     2.31759042e+03     3.01884227e+02     5.44024881e+03    -3.15681896e+03   
    5.00000000e+03     2.50000000e+00     2.31758002e+03     3.01924976e+02     5.44024881e+03    -3.15756831e+03   
    5.20000000e+03     2.60000000e+00     2.31752874e+03     3.01982144e+02     5.44024881e+03    -3.15865626e+03   
    5.40000000e+03     2.70000000e+00     2.31756703e+03     3.01321796e+02     5.44024881e+03    -3.14664313e+03   
    5.60000000e+03     2.80000000e+00     2.31749298e+03     3.01799563e+02     5.44024881e+03    -3.15538109e+03   
    5.80000000e+03     2.90000000e+00     2.31758486e+03     3.01425313e+02     5.44024881e+03    -3.14850249e+03   
    6.00000000e+03     3.00000000e+00     2.31763516e+03     3.01550222e+02     5.44024881e+03    -3.15071732e+03   
    6.20000000e+03     3.10000000e+00     2.31757852e+03     3.01711760e+02     5.44024881e+03    -3.15370330e+03   
    6.40000000e+03     3.20000000e+00     2.31754459e+03     3.02153867e+02     5.44024881e+03    -3.16175449e+03   
    6.60000000e+03     3.30000000e+00     2.31775575e+03     3.01861579e+02     5.44024881e+03    -3.15624292e+03   
    6.80000000e+03     3.40000000e+00     2.31756985e+03     3.02604715e+02     5.44024881e+03    -3.16990497e+03   
    7.00000000e+03     3.50000000e+00     2.31773416e+03     3.01371120e+02     5.44024881e+03    -3.14737045e+03   
    7.20000000e+03     3.60000000e+00     2.31770565e+03     3.01515503e+02     5.44024881e+03    -3.15001722e+03   
    7.40000000e+03     3.70000000e+00     2.31760250e+03     3.01643177e+02     5.44024881e+03    -3.15243564e+03   
    7.60000000e+03     3.80000000e+00     2.31764745e+03     3.01472052e+02     5.44024881e+03    -3.14928748e+03   
    7.80000000e+03     3.90000000e+00     2.31771878e+03     3.01555090e+02     5.44024881e+03    -3.15072198e+03   
    8.00000000e+03     4.00000000e+00     2.31760250e+03     3.01682639e+02     5.44024881e+03    -3.15315124e+03   
    8.20000000e+03     4.10000000e+00     2.31753807e+03     3.01982358e+02     5.44024881e+03    -3.15865083e+03   
    8.40000000e+03     4.20000000e+00     2.31761790e+03     3.01671948e+02     5.44024881e+03    -3.15294197e+03   
    8.60000000e+03     4.30000000e+00     2.31762322e+03     3.02080354e+02     5.44024881e+03    -3.16034274e+03   
    8.80000000e+03     4.40000000e+00     2.31773169e+03     3.02268483e+02     5.44024881e+03    -3.16364585e+03   
    9.00000000e+03     4.50000000e+00     2.31771855e+03     3.01884954e+02     5.44024881e+03    -3.15670400e+03   
    9.20000000e+03     4.60000000e+00     2.31762212e+03     3.02049808e+02     5.44024881e+03    -3.15978993e+03   
    9.40000000e+03     4.70000000e+00     2.31762644e+03     3.01818676e+02     5.44024881e+03    -3.15559422e+03   
    9.60000000e+03     4.80000000e+00     2.31771059e+03     3.01952215e+02     5.44024881e+03    -3.15793170e+03   
    9.80000000e+03     4.90000000e+00     2.31758986e+03     3.02329672e+02     5.44024881e+03    -3.16489729e+03   
    1.00000000e+04     5.00000000e+00     2.31759402e+03     3.02169077e+02     5.44024881e+03    -3.16198088e+03   
    1.02000000e+04     5.10000000e+00     2.31757764e+03     3.02329738e+02     5.44024881e+03    -3.16491070e+03   
    1.04000000e+04     5.20000000e+00     2.31758225e+03     3.02660941e+02     5.44024881e+03    -3.17091218e+03   
    1.06000000e+04     5.30000000e+00     2.31744702e+03     3.02619524e+02     5.44024881e+03    -3.17029635e+03   
    1.08000000e+04     5.40000000e+00     2.31755265e+03     3.02426702e+02     5.44024881e+03    -3.16669406e+03   
    1.10000000e+04     5.50000000e+00     2.31769110e+03     3.02014849e+02     5.44024881e+03    -3.15908700e+03   
    1.12000000e+04     5.60000000e+00     2.31766285e+03     3.02163880e+02     5.44024881e+03    -3.16181779e+03   
    1.14000000e+04     5.70000000e+00     2.31751585e+03     3.02272549e+02     5.44024881e+03    -3.16393542e+03   
    1.16000000e+04     5.80000000e+00     2.31768510e+03     3.02286009e+02     5.44024881e+03    -3.16401025e+03   
    1.18000000e+04     5.90000000e+00     2.31758733e+03     3.02274363e+02     5.44024881e+03    -3.16389684e+03   
    1.20000000e+04     6.00000000e+00     2.31764954e+03     3.01682253e+02     5.44024881e+03    -3.15309720e+03   
    1.22000000e+04     6.10000000e+00     2.31767302e+03     3.01014974e+02     5.44024881e+03    -3.14097318e+03   
    1.24000000e+04     6.20000000e+00     2.31753332e+03     3.01524027e+02     5.44024881e+03    -3.15034413e+03   
    1.26000000e+04     6.30000000e+00     2.31763495e+03     3.01684385e+02     5.44024881e+03    -3.15315046e+03   
    1.28000000e+04     6.40000000e+00     2.31761108e+03     3.01548245e+02     5.44024881e+03    -3.15070554e+03   
    1.30000000e+04     6.50000000e+00     2.31761092e+03     3.01708372e+02     5.44024881e+03    -3.15360947e+03   
    1.32000000e+04     6.60000000e+00     2.31764575e+03     3.01754454e+02     5.44024881e+03    -3.15441031e+03   
    1.34000000e+04     6.70000000e+00     2.31784601e+03     3.01210292e+02     5.44024881e+03    -3.14434211e+03   
    1.36000000e+04     6.80000000e+00     2.31762282e+03     3.02094714e+02     5.44024881e+03    -3.16060356e+03   
    1.38000000e+04     6.90000000e+00     2.31761611e+03     3.02181260e+02     5.44024881e+03    -3.16217971e+03   
    1.40000000e+04     7.00000000e+00     2.31767783e+03     3.01672928e+02     5.44024881e+03    -3.15289982e+03   
    1.42000000e+04     7.10000000e+00     2.31770972e+03     3.01551048e+02     5.44024881e+03    -3.15065773e+03   
    1.44000000e+04     7.20000000e+00     2.31762161e+03     3.02014217e+02     5.44024881e+03    -3.15914503e+03   
    1.46000000e+04     7.30000000e+00     2.31769348e+03     3.01430984e+02     5.44024881e+03    -3.14849672e+03   
    1.48000000e+04     7.40000000e+00     2.31761183e+03     3.02141919e+02     5.44024881e+03    -3.16147058e+03   
    1.50000000e+04     7.50000000e+00     2.31765631e+03     3.02169711e+02     5.44024881e+03    -3.16193008e+03   
    1.52000000e+04     7.60000000e+00     2.31777021e+03     3.02147939e+02     5.44024881e+03    -3.16142136e+03   
    1.54000000e+04     7.70000000e+00     2.31781773e+03     3.02116086e+02     5.44024881e+03    -3.16079622e+03   
    1.56000000e+04     7.80000000e+00     2.31765325e+03     3.02300671e+02     5.44024881e+03    -3.16430799e+03   
    1.58000000e+04     7.90000000e+00     2.31763489e+03     3.01963096e+02     5.44024881e+03    -3.15820471e+03   
    1.60000000e+04     8.00000000e+00     2.31754701e+03     3.02079841e+02     5.44024881e+03    -3.16040967e+03   
    1.62000000e+04     8.10000000e+00     2.31753036e+03     3.01906013e+02     5.44024881e+03    -3.15727409e+03   
    1.64000000e+04     8.20000000e+00     2.31752219e+03     3.02408380e+02     5.44024881e+03    -3.16639227e+03   
    1.66000000e+04     8.30000000e+00     2.31757031e+03     3.02229132e+02     5.44024881e+03    -3.16309363e+03   
    1.68000000e+04     8.40000000e+00     2.31770495e+03     3.01932181e+02     5.44024881e+03    -3.15757404e+03   
    1.70000000e+04     8.50000000e+00     2.31756062e+03     3.01222712e+02     5.44024881e+03    -3.14485274e+03   
    1.72000000e+04     8.60000000e+00     2.31760347e+03     3.02324790e+02     5.44024881e+03    -3.16479515e+03   
    1.74000000e+04     8.70000000e+00     2.31758522e+03     3.02146233e+02     5.44024881e+03    -3.16157541e+03   
    1.76000000e+04     8.80000000e+00     2.31759115e+03     3.02298571e+02     5.44024881e+03    -3.16433201e+03   
    1.78000000e+04     8.90000000e+00     2.31757756e+03     3.02208165e+02     5.44024881e+03    -3.16270617e+03   
    1.80000000e+04     9.00000000e+00     2.31758818e+03     3.02499520e+02     5.44024881e+03    -3.16797901e+03   
    1.82000000e+04     9.10000000e+00     2.31751646e+03     3.02592760e+02     5.44024881e+03    -3.16974156e+03   
    1.84000000e+04     9.20000000e+00     2.31758999e+03     3.02100423e+02     5.44024881e+03    -3.16073993e+03   
    1.86000000e+04     9.30000000e+00     2.31775667e+03     3.01874419e+02     5.44024881e+03    -3.15647484e+03   
    1.88000000e+04     9.40000000e+00     2.31775541e+03     3.01646251e+02     5.44024881e+03    -3.15233848e+03   
    1.90000000e+04     9.50000000e+00     2.31757504e+03     3.01251668e+02     5.44024881e+03    -3.14536342e+03   
    1.92000000e+04     9.60000000e+00     2.31750430e+03     3.01798716e+02     5.44024881e+03    -3.15535441e+03   
    1.94000000e+04     9.70000000e+00     2.31768802e+03     3.01976887e+02     5.44024881e+03    -3.15840167e+03   
    1.96000000e+04     9.80000000e+00     2.31758468e+03     3.02602249e+02     5.44024881e+03    -3.16984542e+03   
    1.98000000e+04     9.90000000e+00     2.31762092e+03     3.02597618e+02     5.44024881e+03    -3.16972520e+03   
    2.00000000e+04     1.00000000e+01     2.31783373e+03     3.01451946e+02     5.44024881e+03    -3.14873659e+03   
    2.02000000e+04     1.01000000e+01     2.31764162e+03     3.01978631e+02     5.44024881e+03    -3.15847969e+03   
    2.04000000e+04     1.02000000e+01     2.31776123e+03     3.01687802e+02     5.44024881e+03    -3.15308615e+03   
    2.06000000e+04     1.03000000e+01     2.31776171e+03     3.01860235e+02     5.44024881e+03    -3.15621259e+03   
    2.08000000e+04     1.04000000e+01     2.31775463e+03     3.02121443e+02     5.44024881e+03    -3.16095646e+03   
    2.10000000e+04     1.05000000e+01     2.31766346e+03     3.02233841e+02     5.44024881e+03    -3.16308588e+03   
    2.12000000e+04     1.06000000e+01     2.31768645e+03     3.02016142e+02     5.44024881e+03    -3.15911510e+03   
    2.14000000e+04     1.07000000e+01     2.31759671e+03     3.02737385e+02     5.44024881e+03    -3.17228398e+03   
    2.16000000e+04     1.08000000e+01     2.31772520e+03     3.01178903e+02     5.44024881e+03    -3.14389371e+03   
    2.18000000e+04     1.09000000e+01     2.31780876e+03     3.01700043e+02     5.44024881e+03    -3.15326060e+03   
    2.20000000e+04     1.10000000e+01     2.31763503e+03     3.02182065e+02     5.44024881e+03    -3.16217539e+03   
    2.22000000e+04     1.11000000e+01     2.31758707e+03     3.01928503e+02     5.44024881e+03    -3.15762521e+03   
    2.24000000e+04     1.12000000e+01     2.31767815e+03     3.01741387e+02     5.44024881e+03    -3.15414094e+03   
    2.26000000e+04     1.13000000e+01     2.31760504e+03     3.01885765e+02     5.44024881e+03    -3.15683223e+03   
    2.28000000e+04     1.14000000e+01     2.31768657e+03     3.02318460e+02     5.44024881e+03    -3.16459725e+03   
    2.30000000e+04     1.15000000e+01     2.31764201e+03     3.02137012e+02     5.44024881e+03    -3.16135141e+03   
    2.32000000e+04     1.16000000e+01     2.31768857e+03     3.02026092e+02     5.44024881e+03    -3.15929341e+03   
    2.34000000e+04     1.17000000e+01     2.31773871e+03     3.02184149e+02     5.44024881e+03    -3.16210950e+03   
    2.36000000e+04     1.18000000e+01     2.31760528e+03     3.02106980e+02     5.44024881e+03    -3.16084354e+03   
    2.38000000e+04     1.19000000e+01     2.31777061e+03     3.02574656e+02     5.44024881e+03    -3.16915912e+03   
    2.40000000e+04     1.20000000e+01     2.31771631e+03     3.01390827e+02     5.44024881e+03    -3.14774567e+03   
    2.42000000e+04     1.21000000e+01     2.31773409e+03     3.01831697e+02     5.44024881e+03    -3.15572270e+03   
    2.44000000e+04     1.22000000e+01     2.31761618e+03     3.01640860e+02     5.44024881e+03    -3.15237994e+03   
    2.46000000e+04     1.23000000e+01     2.31780176e+03     3.02145176e+02     5.44024881e+03    -3.16133972e+03   
    2.48000000e+04     1.24000000e+01     2.31786064e+03     3.01630057e+02     5.44024881e+03    -3.15193958e+03   
    2.50000000e+04     1.25000000e+01     2.31777923e+03     3.01552034e+02     5.44024881e+03    -3.15060610e+03   
    2.52000000e+04     1.26000000e+01     2.31764560e+03     3.01810477e+02     5.44024881e+03    -3.15542638e+03   
    2.54000000e+04     1.27000000e+01     2.31772207e+03     3.01000627e+02     5.44024881e+03    -3.14066395e+03   
    2.56000000e+04     1.28000000e+01     2.31767297e+03     3.01946248e+02     5.44024881e+03    -3.15786110e+03   
    2.58000000e+04     1.29000000e+01     2.31768321e+03     3.01479124e+02     5.44024881e+03    -3.14937997e+03   
    2.60000000e+04     1.30000000e+01     2.31781975e+03     3.01452579e+02     5.44024881e+03    -3.14876206e+03   
    2.62000000e+04     1.31000000e+01     2.31780619e+03     3.01060948e+02     5.44024881e+03    -3.14167371e+03   
    2.64000000e+04     1.32000000e+01     2.31776504e+03     3.02482776e+02     5.44024881e+03    -3.16749852e+03   
    2.66000000e+04     1.33000000e+01     2.31772608e+03     3.01883350e+02     5.44024881e+03    -3.15666739e+03   
    2.68000000e+04     1.34000000e+01     2.31785472e+03     3.02175112e+02     5.44024881e+03    -3.16182962e+03   
    2.70000000e+04     1.35000000e+01     2.31778930e+03     3.02601911e+02     5.44024881e+03    -3.16963467e+03   
    2.72000000e+04     1.36000000e+01     2.31765317e+03     3.01676462e+02     5.44024881e+03    -3.15298856e+03   
    2.74000000e+04     1.37000000e+01     2.31777087e+03     3.01928699e+02     5.44024881e+03    -3.15744497e+03   
    2.76000000e+04     1.38000000e+01     2.31781119e+03     3.01359057e+02     5.44024881e+03    -3.14707467e+03   
    2.78000000e+04     1.39000000e+01     2.31776317e+03     3.02049489e+02     5.44024881e+03    -3.15964310e+03   
    2.80000000e+04     1.40000000e+01     2.31783840e+03     3.02006930e+02     5.44024881e+03    -3.15879608e+03   
    2.82000000e+04     1.41000000e+01     2.31782581e+03     3.02279663e+02     5.44024881e+03    -3.16375447e+03   
    2.84000000e+04     1.42000000e+01     2.31783976e+03     3.01911526e+02     5.44024881e+03    -3.15706467e+03   
    2.86000000e+04     1.43000000e+01     2.31771132e+03     3.01278677e+02     5.44024881e+03    -3.14571691e+03   
    2.88000000e+04     1.44000000e+01     2.31765815e+03     3.01652362e+02     5.44024881e+03    -3.15254654e+03   
    2.90000000e+04     1.45000000e+01     2.31758743e+03     3.02171661e+02     5.44024881e+03    -3.16203432e+03   
    2.92000000e+04     1.46000000e+01     2.31781625e+03     3.02290181e+02     5.44024881e+03    -3.16395477e+03   
    2.94000000e+04     1.47000000e+01     2.31769104e+03     3.01974889e+02     5.44024881e+03    -3.15836242e+03   
    2.96000000e+04     1.48000000e+01     2.31756399e+03     3.02023942e+02     5.44024881e+03    -3.15937901e+03   
    2.98000000e+04     1.49000000e+01     2.31759119e+03     3.02380006e+02     5.44024881e+03    -3.16580873e+03   
    3.00000000e+04     1.50000000e+01     2.31770657e+03     3.01533415e+02     5.44024881e+03    -3.15034114e+03   
    3.02000000e+04     1.51000000e+01     2.31762085e+03     3.01954972e+02     5.44024881e+03    -3.15807144e+03   
    3.04000000e+04     1.52000000e+01     2.31774172e+03     3.02257374e+02     5.44024881e+03    -3.16343436e+03   
    3.06000000e+04     1.53000000e+01     2.31762240e+03     3.02243593e+02     5.44024881e+03    -3.16330377e+03   
    3.08000000e+04     1.54000000e+01     2.31771426e+03     3.02197336e+02     5.44024881e+03    -3.16237308e+03   
    3.10000000e+04     1.55000000e+01     2.31754349e+03     3.02799818e+02     5.44024881e+03    -3.17346937e+03   
    3.12000000e+04     1.56000000e+01     2.31759316e+03     3.01948686e+02     5.44024881e+03    -3.15798512e+03   
    3.14000000e+04     1.57000000e+01     2.31775392e+03     3.01867500e+02     5.44024881e+03    -3.15635212e+03   
    3.16000000e+04     1.58000000e+01     2.31764708e+03     3.01750435e+02     5.44024881e+03    -3.15433609e+03   
    3.18000000e+04     1.59000000e+01     2.31776195e+03     3.02340658e+02     5.44024881e+03    -3.16492442e+03   
    3.20000000e+04     1.60000000e+01     2.31771485e+03     3.01998333e+02     5.44024881e+03    -3.15876375e+03   
    3.22000000e+04     1.61000000e+01     2.31776815e+03     3.01676009e+02     5.44024881e+03    -3.15286537e+03   
    3.24000000e+04     1.62000000e+01     2.31765653e+03     3.01889715e+02     5.44024881e+03    -3.15685237e+03   
    3.26000000e+04     1.63000000e+01     2.31774084e+03     3.01939749e+02     5.44024881e+03    -3.15767540e+03   
    3.28000000e+04     1.64000000e+01     2.31785031e+03     3.01924185e+02     5.44024881e+03    -3.15728367e+03   
    3.30000000e+04     1.65000000e+01     2.31766937e+03     3.02144522e+02     5.44024881e+03    -3.16146024e+03   
    3.32000000e+04     1.66000000e+01     2.31765908e+03     3.01949432e+02     5.44024881e+03    -3.15793273e+03   
    3.34000000e+04     1.67000000e+01     2.31753692e+03     3.01502323e+02     5.44024881e+03    -3.14994696e+03   
    3.36000000e+04     1.68000000e+01     2.31773194e+03     3.01904330e+02     5.44024881e+03    -3.15704199e+03   
    3.38000000e+04     1.69000000e+01     2.31774868e+03     3.02112127e+02     5.44024881e+03    -3.16079347e+03   
    3.40000000e+04     1.70000000e+01     2.31773438e+03     3.01724410e+02     5.44024881e+03    -3.15377686e+03   
    3.42000000e+04     1.71000000e+01     2.31787143e+03     3.02048019e+02     5.44024881e+03    -3.15950818e+03   
    3.44000000e+04     1.72000000e+01     2.31780020e+03     3.01981757e+02     5.44024881e+03    -3.15837781e+03   
    3.46000000e+04     1.73000000e+01     2.31774989e+03     3.02000887e+02     5.44024881e+03    -3.15877502e+03   
    3.48000000e+04     1.74000000e+01     2.31782356e+03     3.01795366e+02     5.44024881e+03    -3.15497439e+03   
    3.50000000e+04     1.75000000e+01     2.31788214e+03     3.01224833e+02     5.44024881e+03    -3.14456969e+03   
    3.52000000e+04     1.76000000e+01     2.31767307e+03     3.02205206e+02     5.44024881e+03    -3.16255700e+03   
    3.54000000e+04     1.77000000e+01     2.31780779e+03     3.01604187e+02     5.44024881e+03    -3.15152330e+03   
    3.56000000e+04     1.78000000e+01     2.31775134e+03     3.01840276e+02     5.44024881e+03    -3.15586102e+03   
    3.58000000e+04     1.79000000e+01     2.31768085e+03     3.02125373e+02     5.44024881e+03    -3.16110152e+03   
    3.60000000e+04     1.80000000e+01     2.31788950e+03     3.01251243e+02     5.44024881e+03    -3.14504124e+03   
    3.62000000e+04     1.81000000e+01     2.31779697e+03     3.01778808e+02     5.44024881e+03    -3.15470073e+03   
    3.64000000e+04     1.82000000e+01     2.31762615e+03     3.01737040e+02     5.44024881e+03    -3.15411413e+03   
    3.66000000e+04     1.83000000e+01     2.31767891e+03     3.02272041e+02     5.44024881e+03    -3.16376315e+03   
    3.68000000e+04     1.84000000e+01     2.31752701e+03     3.02429054e+02     5.44024881e+03    -3.16676235e+03   
    3.70000000e+04     1.85000000e+01     2.31746647e+03     3.02242326e+02     5.44024881e+03    -3.16343673e+03   
    3.72000000e+04     1.86000000e+01     2.31761267e+03     3.01956981e+02     5.44024881e+03    -3.15811604e+03   
    3.74000000e+04     1.87000000e+01     2.31769990e+03     3.02528496e+02     5.44024881e+03    -3.16839275e+03   
    3.76000000e+04     1.88000000e+01     2.31772366e+03     3.02566607e+02     5.44024881e+03    -3.16906011e+03   
    3.78000000e+04     1.89000000e+01     2.31772799e+03     3.02271821e+02     5.44024881e+03    -3.16371008e+03   
    3.80000000e+04     1.90000000e+01     2.31779661e+03     3.01895262e+02     5.44024881e+03    -3.15681288e+03   
    3.82000000e+04     1.91000000e+01     2.31773879e+03     3.01458134e+02     5.44024881e+03    -3.14894375e+03   
    3.84000000e+04     1.92000000e+01     2.31781809e+03     3.02039621e+02     5.44024881e+03    -3.15940923e+03   
    3.86000000e+04     1.93000000e+01     2.31788132e+03     3.01209364e+02     5.44024881e+03    -3.14428999e+03   
    3.88000000e+04     1.94000000e+01     2.31778405e+03     3.01713230e+02     5.44024881e+03    -3.15352444e+03   
    3.90000000e+04     1.95000000e+01     2.31773336e+03     3.01753327e+02     5.44024881e+03    -3.15430227e+03   
    3.92000000e+04     1.96000000e+01     2.31782112e+03     3.02075020e+02     5.44024881e+03    -3.16004813e+03   
    3.94000000e+04     1.97000000e+01     2.31778659e+03     3.02060066e+02     5.44024881e+03    -3.15981148e+03   
    3.96000000e+04     1.98000000e+01     2.31776828e+03     3.01977697e+02     5.44024881e+03    -3.15833610e+03   
    3.98000000e+04     1.99000000e+01     2.31777817e+03     3.02034426e+02     5.44024881e+03    -3.15935494e+03   
    4.00000000e+04     2.00000000e+01     2.31786065e+03     3.01771619e+02     5.44024881e+03    -3.15450668e+03   
