# column   1     --> step : The current simulation time step.
# column   2     --> time{picosecond} : The elapsed simulation time.
# column   3     --> conserved{electronvolt} : The value of the conserved energy quantity per bead.
# column   4     --> temperature{kelvin} : The current temperature, as obtained from the MD kinetic energy.
# column   5     --> kinetic_cv{electronvolt} : The centroid-virial quantum kinetic energy of the physical system.
# column   6     --> potential{electronvolt} : The physical system potential energy.
    0.00000000e+00     0.00000000e+00     2.29548174e+03     3.01199191e+02     5.44024881e+03    -3.16650508e+03   
    2.00000000e+02     1.00000000e-01     2.29532784e+03     3.01431334e+02     5.44024881e+03    -3.17086870e+03   
    4.00000000e+02     2.00000000e-01     2.29538676e+03     3.01260240e+02     5.44024881e+03    -3.16770713e+03   
    6.00000000e+02     3.00000000e-01     2.29539517e+03     3.00864273e+02     5.44024881e+03    -3.16051819e+03   
    8.00000000e+02     4.00000000e-01     2.29551366e+03     3.01285848e+02     5.44024881e+03    -3.16804462e+03   
    1.00000000e+03     5.00000000e-01     2.29534326e+03     3.01498194e+02     5.44024881e+03    -3.17206573e+03   
    1.20000000e+03     6.00000000e-01     2.29538566e+03     3.00498719e+02     5.44024881e+03    -3.15389868e+03   
    1.40000000e+03     7.00000000e-01     2.29543497e+03     3.01270493e+02     5.44024881e+03    -3.16784484e+03   
    1.60000000e+03     8.00000000e-01     2.29540306e+03     3.01547359e+02     5.44024881e+03    -3.17289749e+03   
    1.80000000e+03     9.00000000e-01     2.29531908e+03     3.01894935e+02     5.44024881e+03    -3.17928447e+03   
    2.00000000e+03     1.00000000e+00     2.29546501e+03     3.01667587e+02     5.44024881e+03    -3.17501579e+03   
    2.20000000e+03     1.10000000e+00     2.29553868e+03     3.01143425e+02     5.44024881e+03    -3.16543687e+03   
    2.40000000e+03     1.20000000e+00     2.29549664e+03     3.01036212e+02     5.44024881e+03    -3.16353469e+03   
    2.60000000e+03     1.30000000e+00     2.29547864e+03     3.01316165e+02     5.44024881e+03    -3.16862941e+03   
    2.80000000e+03     1.40000000e+00     2.29548028e+03     3.01322153e+02     5.44024881e+03    -3.16873636e+03   
    3.00000000e+03     1.50000000e+00     2.29549542e+03     3.01372919e+02     5.44024881e+03    -3.16964181e+03   
    3.20000000e+03     1.60000000e+00     2.29545396e+03     3.01597761e+02     5.44024881e+03    -3.17376060e+03   
    3.40000000e+03     1.70000000e+00     2.29534389e+03     3.01143514e+02     5.44024881e+03    -3.16563326e+03   
    3.60000000e+03     1.80000000e+00     2.29548046e+03     3.01437406e+02     5.44024881e+03    -3.17082619e+03   
    3.80000000e+03     1.90000000e+00     2.29553807e+03     3.01707688e+02     5.44024881e+03    -3.17566992e+03   
    4.00000000e+03     2.00000000e+00     2.29528406e+03     3.01546315e+02     5.44024881e+03    -3.17299757e+03   
    4.20000000e+03     2.10000000e+00     2.29542490e+03     3.01739028e+02     5.44024881e+03    -3.17635140e+03   
    4.40000000e+03     2.20000000e+00     2.29542831e+03     3.01557978e+02     5.44024881e+03    -3.17306482e+03   
    4.60000000e+03     2.30000000e+00     2.29541081e+03     3.01747512e+02     5.44024881e+03    -3.17651936e+03   
    4.80000000e+03     2.40000000e+00     2.29538743e+03     3.01926269e+02     5.44024881e+03    -3.17978434e+03   
    5.00000000e+03     2.50000000e+00     2.29557665e+03     3.01255166e+02     5.44024881e+03    -3.16742524e+03   
    5.20000000e+03     2.60000000e+00     2.29557035e+03     3.01308348e+02     5.44024881e+03    -3.16839593e+03   
    5.40000000e+03     2.70000000e+00     2.29556187e+03     3.00419477e+02     5.44024881e+03    -3.15228549e+03   
    5.60000000e+03     2.80000000e+00     2.29557009e+03     3.01482975e+02     5.44024881e+03    -3.17156292e+03   
    5.80000000e+03     2.90000000e+00     2.29549520e+03     3.00989176e+02     5.44024881e+03    -3.16268316e+03   
    6.00000000e+03     3.00000000e+00     2.29551950e+03     3.01185253e+02     5.44024881e+03    -3.16621457e+03   
    6.20000000e+03     3.10000000e+00     2.29545598e+03     3.00169557e+02     5.44024881e+03    -3.14785929e+03   
    6.40000000e+03     3.20000000e+00     2.29534766e+03     3.01493585e+02     5.44024881e+03    -3.17197775e+03   
    6.60000000e+03     3.30000000e+00     2.29549749e+03     3.01048913e+02     5.44024881e+03    -3.16376417e+03   
    6.80000000e+03     3.40000000e+00     2.29532251e+03     3.00896657e+02     5.44024881e+03    -3.16117810e+03   
    7.00000000e+03     3.50000000e+00     2.29546950e+03     3.01134898e+02     5.44024881e+03    -3.16535142e+03   
    7.20000000e+03     3.60000000e+00     2.29538163e+03     3.01570143e+02     5.44024881e+03    -3.17333210e+03   
    7.40000000e+03     3.70000000e+00     2.29547345e+03     3.01803000e+02     5.44024881e+03    -3.17746293e+03   
    7.60000000e+03     3.80000000e+00     2.29546338e+03     3.01915666e+02     5.44024881e+03    -3.17951612e+03   
    7.80000000e+03     3.90000000e+00     2.29542535e+03     3.01429086e+02     5.44024881e+03    -3.17073043e+03   
    8.00000000e+03     4.00000000e+00     2.29530694e+03     3.01799846e+02     5.44024881e+03    -3.17757225e+03   
    8.20000000e+03     4.10000000e+00     2.29541940e+03     3.01384772e+02     5.44024881e+03    -3.16993278e+03   
    8.40000000e+03     4.20000000e+00     2.29546841e+03     3.02049161e+02     5.44024881e+03    -3.18193191e+03   
    8.60000000e+03     4.30000000e+00     2.29549545e+03     3.01822177e+02     5.44024881e+03    -3.17778870e+03   
    8.80000000e+03     4.40000000e+00     2.29538242e+03     3.01351017e+02     5.44024881e+03    -3.16935764e+03   
    9.00000000e+03     4.50000000e+00     2.29547460e+03     3.01615908e+02     5.44024881e+03    -3.17406903e+03   
    9.20000000e+03     4.60000000e+00     2.29551627e+03     3.01346268e+02     5.44024881e+03    -3.16913767e+03   
    9.40000000e+03     4.70000000e+00     2.29549433e+03     3.00589663e+02     5.44024881e+03    -3.15543922e+03   
    9.60000000e+03     4.80000000e+00     2.29550986e+03     3.00841841e+02     5.44024881e+03    -3.15999673e+03   
    9.80000000e+03     4.90000000e+00     2.29542730e+03     3.01378130e+02     5.44024881e+03    -3.16980444e+03   
    1.00000000e+04     5.00000000e+00     2.29537672e+03     3.01341649e+02     5.44024881e+03    -3.16919347e+03   
    1.02000000e+04     5.10000000e+00     2.29531070e+03     3.01400389e+02     5.44024881e+03    -3.17032469e+03   
    1.04000000e+04     5.20000000e+00     2.29555640e+03     3.01175458e+02     5.44024881e+03    -3.16600004e+03   
    1.06000000e+04     5.30000000e+00     2.29550293e+03     3.01931881e+02     5.44024881e+03    -3.17977062e+03   
    1.08000000e+04     5.40000000e+00     2.29542989e+03     3.01148264e+02     5.44024881e+03    -3.16563341e+03   
    1.10000000e+04     5.50000000e+00     2.29545858e+03     3.01328160e+02     5.44024881e+03    -3.16886698e+03   
    1.12000000e+04     5.60000000e+00     2.29556956e+03     3.00767697e+02     5.44024881e+03    -3.15859248e+03   
    1.14000000e+04     5.70000000e+00     2.29552929e+03     3.01333361e+02     5.44024881e+03    -3.16889060e+03   
    1.16000000e+04     5.80000000e+00     2.29562989e+03     3.00956960e+02     5.44024881e+03    -3.16196428e+03   
    1.18000000e+04     5.90000000e+00     2.29554159e+03     3.01429364e+02     5.44024881e+03    -3.17061922e+03   
    1.20000000e+04     6.00000000e+00     2.29567263e+03     3.00965201e+02     5.44024881e+03    -3.16207097e+03   
    1.22000000e+04     6.10000000e+00     2.29565356e+03     3.01557015e+02     5.44024881e+03    -3.17282209e+03   
    1.24000000e+04     6.20000000e+00     2.29550937e+03     3.01603819e+02     5.44024881e+03    -3.17381504e+03   
    1.26000000e+04     6.30000000e+00     2.29558095e+03     3.01587744e+02     5.44024881e+03    -3.17345197e+03   
    1.28000000e+04     6.40000000e+00     2.29552503e+03     3.01256148e+02     5.44024881e+03    -3.16749466e+03   
    1.30000000e+04     6.50000000e+00     2.29558126e+03     3.01262034e+02     5.44024881e+03    -3.16754516e+03   
    1.32000000e+04     6.60000000e+00     2.29567995e+03     3.01032119e+02     5.44024881e+03    -3.16327715e+03   
    1.34000000e+04     6.70000000e+00     2.29556137e+03     3.00690848e+02     5.44024881e+03    -3.15720708e+03   
    1.36000000e+04     6.80000000e+00     2.29546885e+03     3.01348570e+02     5.44024881e+03    -3.16922683e+03   
    1.38000000e+04     6.90000000e+00     2.29546420e+03     3.01316671e+02     5.44024881e+03    -3.16865303e+03   
    1.40000000e+04     7.00000000e+00     2.29547264e+03     3.01588124e+02     5.44024881e+03    -3.17356716e+03   
    1.42000000e+04     7.10000000e+00     2.29550785e+03     3.01833028e+02     5.44024881e+03    -3.17797308e+03   
    1.44000000e+04     7.20000000e+00     2.29553221e+03     3.01028047e+02     5.44024881e+03    -3.16335105e+03   
    1.46000000e+04     7.30000000e+00     2.29547448e+03     3.00842147e+02     5.44024881e+03    -3.16003764e+03   
    1.48000000e+04     7.40000000e+00     2.29536056e+03     3.01705560e+02     5.44024881e+03    -3.17580885e+03   
    1.50000000e+04     7.50000000e+00     2.29548582e+03     3.01479643e+02     5.44024881e+03    -3.17158676e+03   
    1.52000000e+04     7.60000000e+00     2.29554332e+03     3.01303657e+02     5.44024881e+03    -3.16833790e+03   
    1.54000000e+04     7.70000000e+00     2.29557208e+03     3.01682215e+02     5.44024881e+03    -3.17517398e+03   
    1.56000000e+04     7.80000000e+00     2.29553632e+03     3.01583550e+02     5.44024881e+03    -3.17342054e+03   
    1.58000000e+04     7.90000000e+00     2.29565736e+03     3.01072493e+02     5.44024881e+03    -3.16403190e+03   
    1.60000000e+04     8.00000000e+00     2.29548945e+03     3.01612074e+02     5.44024881e+03    -3.17398467e+03   
    1.62000000e+04     8.10000000e+00     2.29548100e+03     3.01735231e+02     5.44024881e+03    -3.17622646e+03   
    1.64000000e+04     8.20000000e+00     2.29542931e+03     3.01777930e+02     5.44024881e+03    -3.17705245e+03   
    1.66000000e+04     8.30000000e+00     2.29556192e+03     3.01081656e+02     5.44024881e+03    -3.16429351e+03   
    1.68000000e+04     8.40000000e+00     2.29545081e+03     3.01619326e+02     5.44024881e+03    -3.17415481e+03   
    1.70000000e+04     8.50000000e+00     2.29567770e+03     3.00902950e+02     5.44024881e+03    -3.16093703e+03   
    1.72000000e+04     8.60000000e+00     2.29563384e+03     3.01595094e+02     5.44024881e+03    -3.17353234e+03   
    1.74000000e+04     8.70000000e+00     2.29572932e+03     3.00952058e+02     5.44024881e+03    -3.16177595e+03   
    1.76000000e+04     8.80000000e+00     2.29555039e+03     3.01330978e+02     5.44024881e+03    -3.16882628e+03   
    1.78000000e+04     8.90000000e+00     2.29554401e+03     3.01743018e+02     5.44024881e+03    -3.17630466e+03   
    1.80000000e+04     9.00000000e+00     2.29562055e+03     3.01615565e+02     5.44024881e+03    -3.17391686e+03   
    1.82000000e+04     9.10000000e+00     2.29550520e+03     3.02157163e+02     5.44024881e+03    -3.18385364e+03   
    1.84000000e+04     9.20000000e+00     2.29563467e+03     3.01423166e+02     5.44024881e+03    -3.17041375e+03   
    1.86000000e+04     9.30000000e+00     2.29567391e+03     3.01091948e+02     5.44024881e+03    -3.16436814e+03   
    1.88000000e+04     9.40000000e+00     2.29570070e+03     3.01200946e+02     5.44024881e+03    -3.16631795e+03   
    1.90000000e+04     9.50000000e+00     2.29557438e+03     3.01283935e+02     5.44024881e+03    -3.16794920e+03   
    1.92000000e+04     9.60000000e+00     2.29563532e+03     3.01062901e+02     5.44024881e+03    -3.16388000e+03   
    1.94000000e+04     9.70000000e+00     2.29561676e+03     3.01299456e+02     5.44024881e+03    -3.16818829e+03   
    1.96000000e+04     9.80000000e+00     2.29544354e+03     3.00979773e+02     5.44024881e+03    -3.16256432e+03   
    1.98000000e+04     9.90000000e+00     2.29559434e+03     3.01734085e+02     5.44024881e+03    -3.17609234e+03   
    2.00000000e+04     1.00000000e+01     2.29577814e+03     3.00935334e+02     5.44024881e+03    -3.16142385e+03   
    2.02000000e+04     1.01000000e+01     2.29563061e+03     3.01260858e+02     5.44024881e+03    -3.16747449e+03   
    2.04000000e+04     1.02000000e+01     2.29559382e+03     3.01093109e+02     5.44024881e+03    -3.16446928e+03   
    2.06000000e+04     1.03000000e+01     2.29566068e+03     3.00622047e+02     5.44024881e+03    -3.15586011e+03   
    2.08000000e+04     1.04000000e+01     2.29560017e+03     3.01242183e+02     5.44024881e+03    -3.16716627e+03   
    2.10000000e+04     1.05000000e+01     2.29546493e+03     3.01836138e+02     5.44024881e+03    -3.17807240e+03   
    2.12000000e+04     1.06000000e+01     2.29566220e+03     3.01043564e+02     5.44024881e+03    -3.16350245e+03   
    2.14000000e+04     1.07000000e+01     2.29554273e+03     3.01248349e+02     5.44024881e+03    -3.16733553e+03   
    2.16000000e+04     1.08000000e+01     2.29561655e+03     3.01203377e+02     5.44024881e+03    -3.16644619e+03   
    2.18000000e+04     1.09000000e+01     2.29564267e+03     3.01267591e+02     5.44024881e+03    -3.16758454e+03   
    2.20000000e+04     1.10000000e+01     2.29558498e+03     3.00744727e+02     5.44024881e+03    -3.15816052e+03   
    2.22000000e+04     1.11000000e+01     2.29552675e+03     3.01457738e+02     5.44024881e+03    -3.17114860e+03   
    2.24000000e+04     1.12000000e+01     2.29554761e+03     3.01719626e+02     5.44024881e+03    -3.17587688e+03   
    2.26000000e+04     1.13000000e+01     2.29551398e+03     3.01566239e+02     5.44024881e+03    -3.17312894e+03   
    2.28000000e+04     1.14000000e+01     2.29537689e+03     3.01414407e+02     5.44024881e+03    -3.17051269e+03   
    2.30000000e+04     1.15000000e+01     2.29559440e+03     3.01484517e+02     5.44024881e+03    -3.17156657e+03   
    2.32000000e+04     1.16000000e+01     2.29539223e+03     3.01378318e+02     5.44024881e+03    -3.16984292e+03   
    2.34000000e+04     1.17000000e+01     2.29540278e+03     3.01442064e+02     5.44024881e+03    -3.17098835e+03   
    2.36000000e+04     1.18000000e+01     2.29552715e+03     3.01774922e+02     5.44024881e+03    -3.17690006e+03   
    2.38000000e+04     1.19000000e+01     2.29559296e+03     3.01716941e+02     5.44024881e+03    -3.17578282e+03   
    2.40000000e+04     1.20000000e+01     2.29551759e+03     3.01790866e+02     5.44024881e+03    -3.17719876e+03   
    2.42000000e+04     1.21000000e+01     2.29558322e+03     3.01220643e+02     5.44024881e+03    -3.16679262e+03   
    2.44000000e+04     1.22000000e+01     2.29553893e+03     3.01602210e+02     5.44024881e+03    -3.17375631e+03   
    2.46000000e+04     1.23000000e+01     2.29560798e+03     3.01325061e+02     5.44024881e+03    -3.16866138e+03   
    2.48000000e+04     1.24000000e+01     2.29554872e+03     3.01840774e+02     5.44024881e+03    -3.17807268e+03   
    2.50000000e+04     1.25000000e+01     2.29565613e+03     3.01108703e+02     5.44024881e+03    -3.16468978e+03   
    2.52000000e+04     1.26000000e+01     2.29572628e+03     3.00535038e+02     5.44024881e+03    -3.15421669e+03   
    2.54000000e+04     1.27000000e+01     2.29565524e+03     3.00298827e+02     5.44024881e+03    -3.15000423e+03   
    2.56000000e+04     1.28000000e+01     2.29565389e+03     3.00533773e+02     5.44024881e+03    -3.15426613e+03   
    2.58000000e+04     1.29000000e+01     2.29565225e+03     3.01541820e+02     5.44024881e+03    -3.17254786e+03   
    2.60000000e+04     1.30000000e+01     2.29547042e+03     3.01387704e+02     5.44024881e+03    -3.16993492e+03   
    2.62000000e+04     1.31000000e+01     2.29553759e+03     3.00658191e+02     5.44024881e+03    -3.15663866e+03   
    2.64000000e+04     1.32000000e+01     2.29550615e+03     3.01171068e+02     5.44024881e+03    -3.16597069e+03   
    2.66000000e+04     1.33000000e+01     2.29564453e+03     3.01194753e+02     5.44024881e+03    -3.16626180e+03   
    2.68000000e+04     1.34000000e+01     2.29567726e+03     3.01333209e+02     5.44024881e+03    -3.16873988e+03   
    2.70000000e+04     1.35000000e+01     2.29549025e+03     3.01061313e+02     5.44024881e+03    -3.16399626e+03   
    2.72000000e+04     1.36000000e+01     2.29557826e+03     3.01491659e+02     5.44024881e+03    -3.17171223e+03   
    2.74000000e+04     1.37000000e+01     2.29560239e+03     3.01144704e+02     5.44024881e+03    -3.16539636e+03   
    2.76000000e+04     1.38000000e+01     2.29568984e+03     3.01115234e+02     5.44024881e+03    -3.16477451e+03   
    2.78000000e+04     1.39000000e+01     2.29555413e+03     3.01348488e+02     5.44024881e+03    -3.16914007e+03   
    2.80000000e+04     1.40000000e+01     2.29552220e+03     3.01161925e+02     5.44024881e+03    -3.16578883e+03   
    2.82000000e+04     1.41000000e+01     2.29561590e+03     3.01628025e+02     5.44024881e+03    -3.17414746e+03   
    2.84000000e+04     1.42000000e+01     2.29561163e+03     3.01485037e+02     5.44024881e+03    -3.17155878e+03   
    2.86000000e+04     1.43000000e+01     2.29565608e+03     3.01195779e+02     5.44024881e+03    -3.16626888e+03   
    2.88000000e+04     1.44000000e+01     2.29566152e+03     3.01396955e+02     5.44024881e+03    -3.16991160e+03   
    2.90000000e+04     1.45000000e+01     2.29565106e+03     3.01611886e+02     5.44024881e+03    -3.17381965e+03   
    2.92000000e+04     1.46000000e+01     2.29557518e+03     3.01081019e+02     5.44024881e+03    -3.16426869e+03   
    2.94000000e+04     1.47000000e+01     2.29562850e+03     3.00481653e+02     5.44024881e+03    -3.15334636e+03   
    2.96000000e+04     1.48000000e+01     2.29555591e+03     3.01063213e+02     5.44024881e+03    -3.16396507e+03   
    2.98000000e+04     1.49000000e+01     2.29557727e+03     3.01085289e+02     5.44024881e+03    -3.16434403e+03   
    3.00000000e+04     1.50000000e+01     2.29551589e+03     3.01224910e+02     5.44024881e+03    -3.16693733e+03   
    3.02000000e+04     1.51000000e+01     2.29557124e+03     3.01137864e+02     5.44024881e+03    -3.16530347e+03   
    3.04000000e+04     1.52000000e+01     2.29557614e+03     3.00987561e+02     5.44024881e+03    -3.16257296e+03   
    3.06000000e+04     1.53000000e+01     2.29568988e+03     3.01173130e+02     5.44024881e+03    -3.16582435e+03   
    3.08000000e+04     1.54000000e+01     2.29574646e+03     3.01462132e+02     5.44024881e+03    -3.17100859e+03   
    3.10000000e+04     1.55000000e+01     2.29569421e+03     3.00679451e+02     5.44024881e+03    -3.15686757e+03   
    3.12000000e+04     1.56000000e+01     2.29556764e+03     3.00287332e+02     5.44024881e+03    -3.14988339e+03   
    3.14000000e+04     1.57000000e+01     2.29554314e+03     3.01108205e+02     5.44024881e+03    -3.16479373e+03   
    3.16000000e+04     1.58000000e+01     2.29561508e+03     3.01375451e+02     5.44024881e+03    -3.16956806e+03   
    3.18000000e+04     1.59000000e+01     2.29555357e+03     3.01710645e+02     5.44024881e+03    -3.17570804e+03   
    3.20000000e+04     1.60000000e+01     2.29558619e+03     3.01386526e+02     5.44024881e+03    -3.16979779e+03   
    3.22000000e+04     1.61000000e+01     2.29565253e+03     3.01386562e+02     5.44024881e+03    -3.16973211e+03   
    3.24000000e+04     1.62000000e+01     2.29563122e+03     3.00881774e+02     5.44024881e+03    -3.16059952e+03   
    3.26000000e+04     1.63000000e+01     2.29580971e+03     3.01089193e+02     5.44024881e+03    -3.16418239e+03   
    3.28000000e+04     1.64000000e+01     2.29559381e+03     3.00142084e+02     5.44024881e+03    -3.14722326e+03   
    3.30000000e+04     1.65000000e+01     2.29575035e+03     3.01220363e+02     5.44024881e+03    -3.16662041e+03   
    3.32000000e+04     1.66000000e+01     2.29575474e+03     3.00598315e+02     5.44024881e+03    -3.15533570e+03   
    3.34000000e+04     1.67000000e+01     2.29569075e+03     3.01479447e+02     5.44024881e+03    -3.17137828e+03   
    3.36000000e+04     1.68000000e+01     2.29578116e+03     3.01245070e+02     5.44024881e+03    -3.16703764e+03   
    3.38000000e+04     1.69000000e+01     2.29569339e+03     3.01399695e+02     5.44024881e+03    -3.16992941e+03   
    3.40000000e+04     1.70000000e+01     2.29562644e+03     3.01615125e+02     5.44024881e+03    -3.17390300e+03   
    3.42000000e+04     1.71000000e+01     2.29562730e+03     3.01481084e+02     5.44024881e+03    -3.17147141e+03   
    3.44000000e+04     1.72000000e+01     2.29565069e+03     3.01910834e+02     5.44024881e+03    -3.17924119e+03   
    3.46000000e+04     1.73000000e+01     2.29564877e+03     3.01160368e+02     5.44024881e+03    -3.16563402e+03   
    3.48000000e+04     1.74000000e+01     2.29559189e+03     3.01131977e+02     5.44024881e+03    -3.16517607e+03   
    3.50000000e+04     1.75000000e+01     2.29559221e+03     3.00847576e+02     5.44024881e+03    -3.16001838e+03   
    3.52000000e+04     1.76000000e+01     2.29561832e+03     3.00872027e+02     5.44024881e+03    -3.16043565e+03   
    3.54000000e+04     1.77000000e+01     2.29557654e+03     3.01298555e+02     5.44024881e+03    -3.16821216e+03   
    3.56000000e+04     1.78000000e+01     2.29553872e+03     3.01103737e+02     5.44024881e+03    -3.16471712e+03   
    3.58000000e+04     1.79000000e+01     2.29546081e+03     3.01081957e+02     5.44024881e+03    -3.16440007e+03   
    3.60000000e+04     1.80000000e+01     2.29555292e+03     3.01614128e+02     5.44024881e+03    -3.17395844e+03   
    3.62000000e+04     1.81000000e+01     2.29556605e+03     3.01916587e+02     5.44024881e+03    -3.17943014e+03   
    3.64000000e+04     1.82000000e+01     2.29542149e+03     3.01861180e+02     5.44024881e+03    -3.17856996e+03   
    3.66000000e+04     1.83000000e+01     2.29541387e+03     3.02192274e+02     5.44024881e+03    -3.18458169e+03   
    3.68000000e+04     1.84000000e+01     2.29543444e+03     3.02200731e+02     5.44024881e+03    -3.18471449e+03   
    3.70000000e+04     1.85000000e+01     2.29558574e+03     3.01994499e+02     5.44024881e+03    -3.18082332e+03   
    3.72000000e+04     1.86000000e+01     2.29560050e+03     3.01429266e+02     5.44024881e+03    -3.17055854e+03   
    3.74000000e+04     1.87000000e+01     2.29565916e+03     3.01438277e+02     5.44024881e+03    -3.17066328e+03   
    3.76000000e+04     1.88000000e+01     2.29561409e+03     3.01430291e+02     5.44024881e+03    -3.17056353e+03   
    3.78000000e+04     1.89000000e+01     2.29549224e+03     3.02103974e+02     5.44024881e+03    -3.18290206e+03   
    3.80000000e+04     1.90000000e+01     2.29559691e+03     3.01625641e+02     5.44024881e+03    -3.17412323e+03   
    3.82000000e+04     1.91000000e+01     2.29550801e+03     3.01475117e+02     5.44024881e+03    -3.17148251e+03   
    3.84000000e+04     1.92000000e+01     2.29555281e+03     3.01834093e+02     5.44024881e+03    -3.17794742e+03   
    3.86000000e+04     1.93000000e+01     2.29542193e+03     3.01796076e+02     5.44024881e+03    -3.17738890e+03   
    3.88000000e+04     1.94000000e+01     2.29556772e+03     3.01382987e+02     5.44024881e+03    -3.16975209e+03   
    3.90000000e+04     1.95000000e+01     2.29563696e+03     3.01474761e+02     5.44024881e+03    -3.17134710e+03   
    3.92000000e+04     1.96000000e+01     2.29558821e+03     3.01235480e+02     5.44024881e+03    -3.16705670e+03   
    3.94000000e+04     1.97000000e+01     2.29572071e+03     3.01157395e+02     5.44024881e+03    -3.16550818e+03   
    3.96000000e+04     1.98000000e+01     2.29563951e+03     3.00990554e+02     5.44024881e+03    -3.16256385e+03   
    3.98000000e+04     1.99000000e+01     2.29561236e+03     3.01470628e+02     5.44024881e+03    -3.17129676e+03   
    4.00000000e+04     2.00000000e+01     2.29570605e+03     3.00565430e+02     5.44024881e+03    -3.15478805e+03   
