# column   1     --> step : The current simulation time step.
# column   2     --> time{picosecond} : The elapsed simulation time.
# column   3     --> conserved{electronvolt} : The value of the conserved energy quantity per bead.
# column   4     --> temperature{kelvin} : The current temperature, as obtained from the MD kinetic energy.
# column   5     --> kinetic_cv{electronvolt} : The centroid-virial quantum kinetic energy of the physical system.
# column   6     --> potential{electronvolt} : The physical system potential energy.
    0.00000000e+00     0.00000000e+00     2.30474609e+03     3.01199191e+02     5.44024881e+03    -3.15724073e+03   
    2.00000000e+02     1.00000000e-01     2.30477377e+03     3.01014645e+02     5.44024881e+03    -3.15386647e+03   
    4.00000000e+02     2.00000000e-01     2.30468510e+03     3.01064772e+02     5.44024881e+03    -3.15486415e+03   
    6.00000000e+02     3.00000000e-01     2.30480837e+03     3.01049231e+02     5.44024881e+03    -3.15445905e+03   
    8.00000000e+02     4.00000000e-01     2.30462801e+03     3.02137373e+02     5.44024881e+03    -3.17437196e+03   
    1.00000000e+03     5.00000000e-01     2.30472360e+03     3.02499196e+02     5.44024881e+03    -3.18083773e+03   
    1.20000000e+03     6.00000000e-01     2.30476132e+03     3.01564077e+02     5.44024881e+03    -3.16384241e+03   
    1.40000000e+03     7.00000000e-01     2.30469982e+03     3.01146720e+02     5.44024881e+03    -3.15633549e+03   
    1.60000000e+03     8.00000000e-01     2.30465905e+03     3.01249713e+02     5.44024881e+03    -3.15824394e+03   
    1.80000000e+03     9.00000000e-01     2.30484652e+03     3.01294748e+02     5.44024881e+03    -3.15887314e+03   
    2.00000000e+03     1.00000000e+00     2.30480696e+03     3.01166193e+02     5.44024881e+03    -3.15658147e+03   
    2.20000000e+03     1.10000000e+00     2.30474776e+03     3.01597003e+02     5.44024881e+03    -3.16445304e+03   
    2.40000000e+03     1.20000000e+00     2.30472872e+03     3.01148916e+02     5.44024881e+03    -3.15634641e+03   
    2.60000000e+03     1.30000000e+00     2.30462124e+03     3.01936790e+02     5.44024881e+03    -3.17074133e+03   
    2.80000000e+03     1.40000000e+00     2.30472208e+03     3.01950374e+02     5.44024881e+03    -3.17088681e+03   
    3.00000000e+03     1.50000000e+00     2.30466559e+03     3.00920300e+02     5.44024881e+03    -3.15226377e+03   
    3.20000000e+03     1.60000000e+00     2.30472750e+03     3.01036551e+02     5.44024881e+03    -3.15430998e+03   
    3.40000000e+03     1.70000000e+00     2.30481380e+03     3.01049105e+02     5.44024881e+03    -3.15445134e+03   
    3.60000000e+03     1.80000000e+00     2.30470700e+03     3.01249231e+02     5.44024881e+03    -3.15818725e+03   
    3.80000000e+03     1.90000000e+00     2.30486597e+03     3.01276129e+02     5.44024881e+03    -3.15851606e+03   
    4.00000000e+03     2.00000000e+00     2.30485309e+03     3.01141870e+02     5.44024881e+03    -3.15609427e+03   
    4.20000000e+03     2.10000000e+00     2.30479534e+03     3.01574035e+02     5.44024881e+03    -3.16398897e+03   
    4.40000000e+03     2.20000000e+00     2.30470430e+03     3.02303271e+02     5.44024881e+03    -3.17730408e+03   
    4.60000000e+03     2.30000000e+00     2.30476352e+03     3.01283181e+02     5.44024881e+03    -3.15874638e+03   
    4.80000000e+03     2.40000000e+00     2.30462639e+03     3.02018632e+02     5.44024881e+03    -3.17222031e+03   
    5.00000000e+03     2.50000000e+00     2.30462108e+03     3.01479617e+02     5.44024881e+03    -3.16245102e+03   
    5.20000000e+03     2.60000000e+00     2.30468212e+03     3.01938814e+02     5.44024881e+03    -3.17071714e+03   
    5.40000000e+03     2.70000000e+00     2.30469343e+03     3.02126363e+02     5.44024881e+03    -3.17410689e+03   
    5.60000000e+03     2.80000000e+00     2.30483810e+03     3.02271575e+02     5.44024881e+03    -3.17659550e+03   
    5.80000000e+03     2.90000000e+00     2.30477909e+03     3.01716702e+02     5.44024881e+03    -3.16659236e+03   
    6.00000000e+03     3.00000000e+00     2.30486451e+03     3.02014356e+02     5.44024881e+03    -3.17190464e+03   
    6.20000000e+03     3.10000000e+00     2.30486240e+03     3.01472408e+02     5.44024881e+03    -3.16207898e+03   
    6.40000000e+03     3.20000000e+00     2.30465745e+03     3.02090721e+02     5.44024881e+03    -3.17349652e+03   
    6.60000000e+03     3.30000000e+00     2.30464933e+03     3.01644989e+02     5.44024881e+03    -3.16542167e+03   
    6.80000000e+03     3.40000000e+00     2.30465163e+03     3.02218838e+02     5.44024881e+03    -3.17582563e+03   
    7.00000000e+03     3.50000000e+00     2.30464444e+03     3.01890459e+02     5.44024881e+03    -3.16987795e+03   
    7.20000000e+03     3.60000000e+00     2.30470204e+03     3.01592320e+02     5.44024881e+03    -3.16441385e+03   
    7.40000000e+03     3.70000000e+00     2.30467784e+03     3.01943268e+02     5.44024881e+03    -3.17080219e+03   
    7.60000000e+03     3.80000000e+00     2.30458499e+03     3.02005655e+02     5.44024881e+03    -3.17202638e+03   
    7.80000000e+03     3.90000000e+00     2.30470868e+03     3.01738541e+02     5.44024881e+03    -3.16705879e+03   
    8.00000000e+03     4.00000000e+00     2.30470250e+03     3.01746920e+02     5.44024881e+03    -3.16721692e+03   
    8.20000000e+03     4.10000000e+00     2.30490483e+03     3.01557644e+02     5.44024881e+03    -3.16358223e+03   
    8.40000000e+03     4.20000000e+00     2.30468564e+03     3.01486275e+02     5.44024881e+03    -3.16250722e+03   
    8.60000000e+03     4.30000000e+00     2.30480567e+03     3.01396595e+02     5.44024881e+03    -3.16076090e+03   
    8.80000000e+03     4.40000000e+00     2.30480424e+03     3.01571995e+02     5.44024881e+03    -3.16394308e+03   
    9.00000000e+03     4.50000000e+00     2.30475736e+03     3.01614161e+02     5.44024881e+03    -3.16475458e+03   
    9.20000000e+03     4.60000000e+00     2.30480291e+03     3.00955383e+02     5.44024881e+03    -3.15276266e+03   
    9.40000000e+03     4.70000000e+00     2.30471251e+03     3.01851008e+02     5.44024881e+03    -3.16909446e+03   
    9.60000000e+03     4.80000000e+00     2.30473854e+03     3.00787052e+02     5.44024881e+03    -3.14977449e+03   
    9.80000000e+03     4.90000000e+00     2.30479276e+03     3.01785516e+02     5.44024881e+03    -3.16782657e+03   
    1.00000000e+04     5.00000000e+00     2.30473074e+03     3.01114307e+02     5.44024881e+03    -3.15571678e+03   
    1.02000000e+04     5.10000000e+00     2.30476850e+03     3.01899485e+02     5.44024881e+03    -3.16991756e+03   
    1.04000000e+04     5.20000000e+00     2.30483686e+03     3.01615904e+02     5.44024881e+03    -3.16470669e+03   
    1.06000000e+04     5.30000000e+00     2.30467608e+03     3.02088683e+02     5.44024881e+03    -3.17344093e+03   
    1.08000000e+04     5.40000000e+00     2.30473562e+03     3.01590740e+02     5.44024881e+03    -3.16435161e+03   
    1.10000000e+04     5.50000000e+00     2.30461645e+03     3.01956271e+02     5.44024881e+03    -3.17109938e+03   
    1.12000000e+04     5.60000000e+00     2.30456053e+03     3.01971871e+02     5.44024881e+03    -3.17143819e+03   
    1.14000000e+04     5.70000000e+00     2.30470407e+03     3.01886428e+02     5.44024881e+03    -3.16974521e+03   
    1.16000000e+04     5.80000000e+00     2.30481768e+03     3.01307583e+02     5.44024881e+03    -3.15913474e+03   
    1.18000000e+04     5.90000000e+00     2.30477697e+03     3.00615518e+02     5.44024881e+03    -3.14662542e+03   
    1.20000000e+04     6.00000000e+00     2.30480838e+03     3.00492041e+02     5.44024881e+03    -3.14435487e+03   
    1.22000000e+04     6.10000000e+00     2.30469091e+03     3.00989147e+02     5.44024881e+03    -3.15348693e+03   
    1.24000000e+04     6.20000000e+00     2.30472331e+03     3.01425203e+02     5.44024881e+03    -3.16136205e+03   
    1.26000000e+04     6.30000000e+00     2.30466856e+03     3.01578443e+02     5.44024881e+03    -3.16419568e+03   
    1.28000000e+04     6.40000000e+00     2.30472586e+03     3.02069849e+02     5.44024881e+03    -3.17304962e+03   
    1.30000000e+04     6.50000000e+00     2.30469912e+03     3.01735608e+02     5.44024881e+03    -3.16701518e+03   
    1.32000000e+04     6.60000000e+00     2.30472696e+03     3.01925145e+02     5.44024881e+03    -3.17042444e+03   
    1.34000000e+04     6.70000000e+00     2.30457919e+03     3.01969896e+02     5.44024881e+03    -3.17138372e+03   
    1.36000000e+04     6.80000000e+00     2.30462986e+03     3.01525271e+02     5.44024881e+03    -3.16327014e+03   
    1.38000000e+04     6.90000000e+00     2.30476927e+03     3.00915311e+02     5.44024881e+03    -3.15206962e+03   
    1.40000000e+04     7.00000000e+00     2.30469648e+03     3.01099962e+02     5.44024881e+03    -3.15549089e+03   
    1.42000000e+04     7.10000000e+00     2.30466331e+03     3.01153893e+02     5.44024881e+03    -3.15650207e+03   
    1.44000000e+04     7.20000000e+00     2.30484959e+03     3.01322565e+02     5.44024881e+03    -3.15937451e+03   
    1.46000000e+04     7.30000000e+00     2.30485889e+03     3.00744218e+02     5.44024881e+03    -3.14887739e+03   
    1.48000000e+04     7.40000000e+00     2.30481471e+03     3.01248771e+02     5.44024881e+03    -3.15807120e+03   
    1.50000000e+04     7.50000000e+00     2.30484091e+03     3.01559512e+02     5.44024881e+03    -3.16368004e+03   
    1.52000000e+04     7.60000000e+00     2.30492251e+03     3.01035487e+02     5.44024881e+03    -3.15409567e+03   
    1.54000000e+04     7.70000000e+00     2.30473439e+03     3.01590193e+02     5.44024881e+03    -3.16434292e+03   
    1.56000000e+04     7.80000000e+00     2.30479924e+03     3.02335813e+02     5.44024881e+03    -3.17779926e+03   
    1.58000000e+04     7.90000000e+00     2.30474611e+03     3.01358875e+02     5.44024881e+03    -3.16013646e+03   
    1.60000000e+04     8.00000000e+00     2.30479567e+03     3.02022961e+02     5.44024881e+03    -3.17212953e+03   
    1.62000000e+04     8.10000000e+00     2.30494077e+03     3.01529849e+02     5.44024881e+03    -3.16304226e+03   
    1.64000000e+04     8.20000000e+00     2.30480808e+03     3.01966709e+02     5.44024881e+03    -3.17109703e+03   
    1.66000000e+04     8.30000000e+00     2.30473599e+03     3.01937869e+02     5.44024881e+03    -3.17064614e+03   
    1.68000000e+04     8.40000000e+00     2.30486450e+03     3.01783730e+02     5.44024881e+03    -3.16772244e+03   
    1.70000000e+04     8.50000000e+00     2.30486266e+03     3.01618017e+02     5.44024881e+03    -3.16471923e+03   
    1.72000000e+04     8.60000000e+00     2.30490307e+03     3.01812210e+02     5.44024881e+03    -3.16820034e+03   
    1.74000000e+04     8.70000000e+00     2.30489435e+03     3.01568954e+02     5.44024881e+03    -3.16379782e+03   
    1.76000000e+04     8.80000000e+00     2.30485917e+03     3.01760783e+02     5.44024881e+03    -3.16731165e+03   
    1.78000000e+04     8.90000000e+00     2.30486781e+03     3.01995151e+02     5.44024881e+03    -3.17155307e+03   
    1.80000000e+04     9.00000000e+00     2.30478687e+03     3.01405192e+02     5.44024881e+03    -3.16093561e+03   
    1.82000000e+04     9.10000000e+00     2.30475058e+03     3.01525975e+02     5.44024881e+03    -3.16316220e+03   
    1.84000000e+04     9.20000000e+00     2.30487297e+03     3.01324407e+02     5.44024881e+03    -3.15938454e+03   
    1.86000000e+04     9.30000000e+00     2.30478658e+03     3.01945925e+02     5.44024881e+03    -3.17074165e+03   
    1.88000000e+04     9.40000000e+00     2.30482029e+03     3.01375494e+02     5.44024881e+03    -3.16036363e+03   
    1.90000000e+04     9.50000000e+00     2.30482535e+03     3.02464364e+02     5.44024881e+03    -3.18010433e+03   
    1.92000000e+04     9.60000000e+00     2.30482116e+03     3.02450482e+02     5.44024881e+03    -3.17985677e+03   
    1.94000000e+04     9.70000000e+00     2.30488337e+03     3.01335005e+02     5.44024881e+03    -3.15956633e+03   
    1.96000000e+04     9.80000000e+00     2.30492756e+03     3.01848403e+02     5.44024881e+03    -3.16883217e+03   
    1.98000000e+04     9.90000000e+00     2.30477836e+03     3.01250542e+02     5.44024881e+03    -3.15813966e+03   
    2.00000000e+04     1.00000000e+01     2.30496316e+03     3.00340299e+02     5.44024881e+03    -3.14144837e+03   
    2.02000000e+04     1.01000000e+01     2.30484371e+03     3.01664427e+02     5.44024881e+03    -3.16557979e+03   
    2.04000000e+04     1.02000000e+01     2.30488830e+03     3.01291024e+02     5.44024881e+03    -3.15876384e+03   
    2.06000000e+04     1.03000000e+01     2.30489832e+03     3.00944031e+02     5.44024881e+03    -3.15246138e+03   
    2.08000000e+04     1.04000000e+01     2.30479162e+03     3.01605549e+02     5.44024881e+03    -3.16456416e+03   
    2.10000000e+04     1.05000000e+01     2.30481106e+03     3.01112904e+02     5.44024881e+03    -3.15561101e+03   
    2.12000000e+04     1.06000000e+01     2.30486348e+03     3.01606106e+02     5.44024881e+03    -3.16450240e+03   
    2.14000000e+04     1.07000000e+01     2.30480875e+03     3.01847289e+02     5.44024881e+03    -3.16893079e+03   
    2.16000000e+04     1.08000000e+01     2.30479420e+03     3.02075795e+02     5.44024881e+03    -3.17308910e+03   
    2.18000000e+04     1.09000000e+01     2.30465639e+03     3.01819931e+02     5.44024881e+03    -3.16858703e+03   
    2.20000000e+04     1.10000000e+01     2.30480525e+03     3.01045139e+02     5.44024881e+03    -3.15438796e+03   
    2.22000000e+04     1.11000000e+01     2.30481322e+03     3.01552431e+02     5.44024881e+03    -3.16357932e+03   
    2.24000000e+04     1.12000000e+01     2.30469151e+03     3.01974394e+02     5.44024881e+03    -3.17135297e+03   
    2.26000000e+04     1.13000000e+01     2.30481622e+03     3.01466311e+02     5.44024881e+03    -3.16201460e+03   
    2.28000000e+04     1.14000000e+01     2.30492383e+03     3.00516331e+02     5.44024881e+03    -3.14467990e+03   
    2.30000000e+04     1.15000000e+01     2.30489744e+03     3.00461641e+02     5.44024881e+03    -3.14371453e+03   
    2.32000000e+04     1.16000000e+01     2.30482780e+03     3.00912241e+02     5.44024881e+03    -3.15195543e+03   
    2.34000000e+04     1.17000000e+01     2.30476739e+03     3.02165711e+02     5.44024881e+03    -3.17474646e+03   
    2.36000000e+04     1.18000000e+01     2.30471048e+03     3.01883923e+02     5.44024881e+03    -3.16969338e+03   
    2.38000000e+04     1.19000000e+01     2.30476679e+03     3.01943583e+02     5.44024881e+03    -3.17071896e+03   
    2.40000000e+04     1.20000000e+01     2.30482788e+03     3.00853026e+02     5.44024881e+03    -3.15088153e+03   
    2.42000000e+04     1.21000000e+01     2.30484298e+03     3.01550144e+02     5.44024881e+03    -3.16350809e+03   
    2.44000000e+04     1.22000000e+01     2.30479990e+03     3.01448872e+02     5.44024881e+03    -3.16171469e+03   
    2.46000000e+04     1.23000000e+01     2.30475787e+03     3.01805857e+02     5.44024881e+03    -3.16823032e+03   
    2.48000000e+04     1.24000000e+01     2.30479771e+03     3.01659251e+02     5.44024881e+03    -3.16553191e+03   
    2.50000000e+04     1.25000000e+01     2.30475938e+03     3.01525062e+02     5.44024881e+03    -3.16313684e+03   
    2.52000000e+04     1.26000000e+01     2.30470268e+03     3.02095591e+02     5.44024881e+03    -3.17353961e+03   
    2.54000000e+04     1.27000000e+01     2.30484134e+03     3.02469444e+02     5.44024881e+03    -3.18018046e+03   
    2.56000000e+04     1.28000000e+01     2.30487060e+03     3.01655453e+02     5.44024881e+03    -3.16539016e+03   
    2.58000000e+04     1.29000000e+01     2.30489249e+03     3.01863772e+02     5.44024881e+03    -3.16914595e+03   
    2.60000000e+04     1.30000000e+01     2.30474585e+03     3.01275952e+02     5.44024881e+03    -3.15863297e+03   
    2.62000000e+04     1.31000000e+01     2.30480080e+03     3.01942837e+02     5.44024881e+03    -3.17067141e+03   
    2.64000000e+04     1.32000000e+01     2.30477856e+03     3.01822320e+02     5.44024881e+03    -3.16850819e+03   
    2.66000000e+04     1.33000000e+01     2.30474064e+03     3.01507647e+02     5.44024881e+03    -3.16283978e+03   
    2.68000000e+04     1.34000000e+01     2.30467730e+03     3.01734049e+02     5.44024881e+03    -3.16700873e+03   
    2.70000000e+04     1.35000000e+01     2.30473001e+03     3.01925571e+02     5.44024881e+03    -3.17042911e+03   
    2.72000000e+04     1.36000000e+01     2.30479849e+03     3.02148081e+02     5.44024881e+03    -3.17439565e+03   
    2.74000000e+04     1.37000000e+01     2.30481832e+03     3.01904431e+02     5.44024881e+03    -3.16995744e+03   
    2.76000000e+04     1.38000000e+01     2.30477423e+03     3.00547672e+02     5.44024881e+03    -3.14539783e+03   
    2.78000000e+04     1.39000000e+01     2.30486587e+03     3.01387814e+02     5.44024881e+03    -3.16054148e+03   
    2.80000000e+04     1.40000000e+01     2.30489961e+03     3.01247379e+02     5.44024881e+03    -3.15796107e+03   
    2.82000000e+04     1.41000000e+01     2.30486928e+03     3.00976836e+02     5.44024881e+03    -3.15308532e+03   
    2.84000000e+04     1.42000000e+01     2.30483185e+03     3.01020104e+02     5.44024881e+03    -3.15390739e+03   
    2.86000000e+04     1.43000000e+01     2.30473943e+03     3.01022536e+02     5.44024881e+03    -3.15404390e+03   
    2.88000000e+04     1.44000000e+01     2.30479306e+03     3.01784615e+02     5.44024881e+03    -3.16780995e+03   
    2.90000000e+04     1.45000000e+01     2.30475979e+03     3.01800243e+02     5.44024881e+03    -3.16812661e+03   
    2.92000000e+04     1.46000000e+01     2.30464483e+03     3.01554014e+02     5.44024881e+03    -3.16377642e+03   
    2.94000000e+04     1.47000000e+01     2.30470844e+03     3.01535903e+02     5.44024881e+03    -3.16338438e+03   
    2.96000000e+04     1.48000000e+01     2.30476941e+03     3.00873475e+02     5.44024881e+03    -3.15131083e+03   
    2.98000000e+04     1.49000000e+01     2.30484405e+03     3.01061076e+02     5.44024881e+03    -3.15463818e+03   
    3.00000000e+04     1.50000000e+01     2.30485008e+03     3.00927735e+02     5.44024881e+03    -3.15221411e+03   
    3.02000000e+04     1.51000000e+01     2.30485833e+03     3.01748329e+02     5.44024881e+03    -3.16708665e+03   
    3.04000000e+04     1.52000000e+01     2.30481834e+03     3.01510628e+02     5.44024881e+03    -3.16281612e+03   
    3.06000000e+04     1.53000000e+01     2.30478397e+03     3.01265576e+02     5.44024881e+03    -3.15840669e+03   
    3.08000000e+04     1.54000000e+01     2.30479256e+03     3.01350797e+02     5.44024881e+03    -3.15994351e+03   
    3.10000000e+04     1.55000000e+01     2.30488575e+03     3.00924998e+02     5.44024881e+03    -3.15212881e+03   
    3.12000000e+04     1.56000000e+01     2.30471842e+03     3.00652196e+02     5.44024881e+03    -3.14734910e+03   
    3.14000000e+04     1.57000000e+01     2.30467596e+03     3.01463212e+02     5.44024881e+03    -3.16209865e+03   
    3.16000000e+04     1.58000000e+01     2.30483882e+03     3.00585648e+02     5.44024881e+03    -3.14602192e+03   
    3.18000000e+04     1.59000000e+01     2.30488876e+03     3.01474976e+02     5.44024881e+03    -3.16209919e+03   
    3.20000000e+04     1.60000000e+01     2.30486807e+03     3.01186725e+02     5.44024881e+03    -3.15689269e+03   
    3.22000000e+04     1.61000000e+01     2.30497028e+03     3.02050819e+02     5.44024881e+03    -3.17246010e+03   
    3.24000000e+04     1.62000000e+01     2.30481859e+03     3.02182742e+02     5.44024881e+03    -3.17500411e+03   
    3.26000000e+04     1.63000000e+01     2.30473052e+03     3.01927346e+02     5.44024881e+03    -3.17046078e+03   
    3.28000000e+04     1.64000000e+01     2.30473856e+03     3.01404873e+02     5.44024881e+03    -3.16097813e+03   
    3.30000000e+04     1.65000000e+01     2.30466766e+03     3.02133790e+02     5.44024881e+03    -3.17426734e+03   
    3.32000000e+04     1.66000000e+01     2.30465079e+03     3.02053715e+02     5.44024881e+03    -3.17283211e+03   
    3.34000000e+04     1.67000000e+01     2.30468417e+03     3.02043560e+02     5.44024881e+03    -3.17261458e+03   
    3.36000000e+04     1.68000000e+01     2.30468107e+03     3.01907317e+02     5.44024881e+03    -3.17014703e+03   
    3.38000000e+04     1.69000000e+01     2.30481581e+03     3.01599423e+02     5.44024881e+03    -3.16442888e+03   
    3.40000000e+04     1.70000000e+01     2.30477774e+03     3.01931547e+02     5.44024881e+03    -3.17048974e+03   
    3.42000000e+04     1.71000000e+01     2.30482371e+03     3.01266258e+02     5.44024881e+03    -3.15837932e+03   
    3.44000000e+04     1.72000000e+01     2.30477361e+03     3.01004720e+02     5.44024881e+03    -3.15368665e+03   
    3.46000000e+04     1.73000000e+01     2.30478196e+03     3.01360487e+02     5.44024881e+03    -3.16012983e+03   
    3.48000000e+04     1.74000000e+01     2.30483333e+03     3.01142338e+02     5.44024881e+03    -3.15612252e+03   
    3.50000000e+04     1.75000000e+01     2.30479654e+03     3.00670515e+02     5.44024881e+03    -3.14760319e+03   
    3.52000000e+04     1.76000000e+01     2.30467691e+03     3.01599727e+02     5.44024881e+03    -3.16457331e+03   
    3.54000000e+04     1.77000000e+01     2.30473565e+03     3.02114830e+02     5.44024881e+03    -3.17385553e+03   
    3.56000000e+04     1.78000000e+01     2.30477631e+03     3.01877263e+02     5.44024881e+03    -3.16950678e+03   
    3.58000000e+04     1.79000000e+01     2.30463438e+03     3.01786324e+02     5.44024881e+03    -3.16799961e+03   
    3.60000000e+04     1.80000000e+01     2.30459573e+03     3.01121386e+02     5.44024881e+03    -3.15598016e+03   
    3.62000000e+04     1.81000000e+01     2.30461561e+03     3.01804905e+02     5.44024881e+03    -3.16835532e+03   
    3.64000000e+04     1.82000000e+01     2.30461679e+03     3.01192873e+02     5.44024881e+03    -3.15725546e+03   
    3.66000000e+04     1.83000000e+01     2.30484280e+03     3.01309296e+02     5.44024881e+03    -3.15914070e+03   
    3.68000000e+04     1.84000000e+01     2.30473392e+03     3.01422761e+02     5.44024881e+03    -3.16130715e+03   
    3.70000000e+04     1.85000000e+01     2.30481952e+03     3.02269500e+02     5.44024881e+03    -3.17657646e+03   
    3.72000000e+04     1.86000000e+01     2.30472654e+03     3.01529730e+02     5.44024881e+03    -3.16325433e+03   
    3.74000000e+04     1.87000000e+01     2.30478908e+03     3.01704838e+02     5.44024881e+03    -3.16636723e+03   
    3.76000000e+04     1.88000000e+01     2.30479950e+03     3.01297191e+02     5.44024881e+03    -3.15896448e+03   
    3.78000000e+04     1.89000000e+01     2.30479536e+03     3.01297251e+02     5.44024881e+03    -3.15896969e+03   
    3.80000000e+04     1.90000000e+01     2.30487065e+03     3.01308271e+02     5.44024881e+03    -3.15909425e+03   
    3.82000000e+04     1.91000000e+01     2.30488652e+03     3.01320432e+02     5.44024881e+03    -3.15929891e+03   
    3.84000000e+04     1.92000000e+01     2.30485709e+03     3.01498422e+02     5.44024881e+03    -3.16255604e+03   
    3.86000000e+04     1.93000000e+01     2.30495278e+03     3.01374027e+02     5.44024881e+03    -3.16020455e+03   
    3.88000000e+04     1.94000000e+01     2.30489110e+03     3.01319388e+02     5.44024881e+03    -3.15927540e+03   
    3.90000000e+04     1.95000000e+01     2.30480256e+03     3.01312437e+02     5.44024881e+03    -3.15923790e+03   
    3.92000000e+04     1.96000000e+01     2.30478382e+03     3.02109491e+02     5.44024881e+03    -3.17371054e+03   
    3.94000000e+04     1.97000000e+01     2.30476552e+03     3.01707168e+02     5.44024881e+03    -3.16643304e+03   
    3.96000000e+04     1.98000000e+01     2.30486366e+03     3.01226043e+02     5.44024881e+03    -3.15761010e+03   
    3.98000000e+04     1.99000000e+01     2.30463342e+03     3.01475089e+02     5.44024881e+03    -3.16235658e+03   
    4.00000000e+04     2.00000000e+01     2.30482231e+03     3.01253556e+02     5.44024881e+03    -3.15815037e+03   
