# column   1     --> step : The current simulation time step.
# column   2     --> time{picosecond} : The elapsed simulation time.
# column   3     --> conserved{electronvolt} : The value of the conserved energy quantity per bead.
# column   4     --> temperature{kelvin} : The current temperature, as obtained from the MD kinetic energy.
# column   5     --> kinetic_cv{electronvolt} : The centroid-virial quantum kinetic energy of the physical system.
# column   6     --> potential{electronvolt} : The physical system potential energy.
    0.00000000e+00     0.00000000e+00     2.29380411e+03     3.01199191e+02     5.44024881e+03    -3.16818271e+03   
    2.00000000e+02     1.00000000e-01     2.29383599e+03     3.01694705e+02     5.44024881e+03    -3.17713655e+03   
    4.00000000e+02     2.00000000e-01     2.29392586e+03     3.01767734e+02     5.44024881e+03    -3.17837101e+03   
    6.00000000e+02     3.00000000e-01     2.29392762e+03     3.01890767e+02     5.44024881e+03    -3.18060034e+03   
    8.00000000e+02     4.00000000e-01     2.29397855e+03     3.01780349e+02     5.44024881e+03    -3.17854708e+03   
    1.00000000e+03     5.00000000e-01     2.29394744e+03     3.01348181e+02     5.44024881e+03    -3.17074119e+03   
    1.20000000e+03     6.00000000e-01     2.29385765e+03     3.01549804e+02     5.44024881e+03    -3.17448724e+03   
    1.40000000e+03     7.00000000e-01     2.29385580e+03     3.01550229e+02     5.44024881e+03    -3.17449680e+03   
    1.60000000e+03     8.00000000e-01     2.29398302e+03     3.01966733e+02     5.44024881e+03    -3.18192253e+03   
    1.80000000e+03     9.00000000e-01     2.29393402e+03     3.01542421e+02     5.44024881e+03    -3.17427699e+03   
    2.00000000e+03     1.00000000e+00     2.29394793e+03     3.01323784e+02     5.44024881e+03    -3.17029828e+03   
    2.20000000e+03     1.10000000e+00     2.29398808e+03     3.01321896e+02     5.44024881e+03    -3.17022389e+03   
    2.40000000e+03     1.20000000e+00     2.29394748e+03     3.01794615e+02     5.44024881e+03    -3.17883686e+03   
    2.60000000e+03     1.30000000e+00     2.29386077e+03     3.00921490e+02     5.44024881e+03    -3.16309018e+03   
    2.80000000e+03     1.40000000e+00     2.29384902e+03     3.01806015e+02     5.44024881e+03    -3.17914204e+03   
    3.00000000e+03     1.50000000e+00     2.29394925e+03     3.01145806e+02     5.44024881e+03    -3.16706947e+03   
    3.20000000e+03     1.60000000e+00     2.29391731e+03     3.01871426e+02     5.44024881e+03    -3.18025992e+03   
    3.40000000e+03     1.70000000e+00     2.29390761e+03     3.01381993e+02     5.44024881e+03    -3.17139417e+03   
    3.60000000e+03     1.80000000e+00     2.29399481e+03     3.00919898e+02     5.44024881e+03    -3.16292726e+03   
    3.80000000e+03     1.90000000e+00     2.29391619e+03     3.01588207e+02     5.44024881e+03    -3.17512511e+03   
    4.00000000e+03     2.00000000e+00     2.29412852e+03     3.00866040e+02     5.44024881e+03    -3.16181689e+03   
    4.20000000e+03     2.10000000e+00     2.29415528e+03     3.01571777e+02     5.44024881e+03    -3.17458807e+03   
    4.40000000e+03     2.20000000e+00     2.29414255e+03     3.01117006e+02     5.44024881e+03    -3.16635392e+03   
    4.60000000e+03     2.30000000e+00     2.29424958e+03     3.01772329e+02     5.44024881e+03    -3.17813061e+03   
    4.80000000e+03     2.40000000e+00     2.29399837e+03     3.01743667e+02     5.44024881e+03    -3.17786208e+03   
    5.00000000e+03     2.50000000e+00     2.29399460e+03     3.00563069e+02     5.44024881e+03    -3.15645668e+03   
    5.20000000e+03     2.60000000e+00     2.29400314e+03     3.01233597e+02     5.44024881e+03    -3.16860761e+03   
    5.40000000e+03     2.70000000e+00     2.29395533e+03     3.01342221e+02     5.44024881e+03    -3.17062523e+03   
    5.60000000e+03     2.80000000e+00     2.29409944e+03     3.00766018e+02     5.44024881e+03    -3.16003215e+03   
    5.80000000e+03     2.90000000e+00     2.29400257e+03     3.01404273e+02     5.44024881e+03    -3.17170324e+03   
    6.00000000e+03     3.00000000e+00     2.29405514e+03     3.00845158e+02     5.44024881e+03    -3.16151158e+03   
    6.20000000e+03     3.10000000e+00     2.29407106e+03     3.01762671e+02     5.44024881e+03    -3.17813399e+03   
    6.40000000e+03     3.20000000e+00     2.29389109e+03     3.01875030e+02     5.44024881e+03    -3.18035150e+03   
    6.60000000e+03     3.30000000e+00     2.29407493e+03     3.01106682e+02     5.44024881e+03    -3.16623432e+03   
    6.80000000e+03     3.40000000e+00     2.29403531e+03     3.01688181e+02     5.44024881e+03    -3.17681893e+03   
    7.00000000e+03     3.50000000e+00     2.29414336e+03     3.01575544e+02     5.44024881e+03    -3.17466830e+03   
    7.20000000e+03     3.60000000e+00     2.29396423e+03     3.00893604e+02     5.44024881e+03    -3.16248102e+03   
    7.40000000e+03     3.70000000e+00     2.29403429e+03     3.00873592e+02     5.44024881e+03    -3.16204806e+03   
    7.60000000e+03     3.80000000e+00     2.29402847e+03     3.00799378e+02     5.44024881e+03    -3.16070807e+03   
    7.80000000e+03     3.90000000e+00     2.29401429e+03     3.01981630e+02     5.44024881e+03    -3.18216141e+03   
    8.00000000e+03     4.00000000e+00     2.29401835e+03     3.01034693e+02     5.44024881e+03    -3.16498544e+03   
    8.20000000e+03     4.10000000e+00     2.29399825e+03     3.00867280e+02     5.44024881e+03    -3.16196963e+03   
    8.40000000e+03     4.20000000e+00     2.29397142e+03     3.01364312e+02     5.44024881e+03    -3.17100974e+03   
    8.60000000e+03     4.30000000e+00     2.29404648e+03     3.01257574e+02     5.44024881e+03    -3.16899907e+03   
    8.80000000e+03     4.40000000e+00     2.29405182e+03     3.00174779e+02     5.44024881e+03    -3.14935815e+03   
    9.00000000e+03     4.50000000e+00     2.29411439e+03     3.00512719e+02     5.44024881e+03    -3.15542382e+03   
    9.20000000e+03     4.60000000e+00     2.29405854e+03     3.01453208e+02     5.44024881e+03    -3.17253467e+03   
    9.40000000e+03     4.70000000e+00     2.29404510e+03     3.01463213e+02     5.44024881e+03    -3.17272954e+03   
    9.60000000e+03     4.80000000e+00     2.29388207e+03     3.01342791e+02     5.44024881e+03    -3.17070882e+03   
    9.80000000e+03     4.90000000e+00     2.29400722e+03     3.02454924e+02     5.44024881e+03    -3.19075127e+03   
    1.00000000e+04     5.00000000e+00     2.29393139e+03     3.01732181e+02     5.44024881e+03    -3.17772075e+03   
    1.02000000e+04     5.10000000e+00     2.29393782e+03     3.02219315e+02     5.44024881e+03    -3.18654809e+03   
    1.04000000e+04     5.20000000e+00     2.29393130e+03     3.01734006e+02     5.44024881e+03    -3.17775394e+03   
    1.06000000e+04     5.30000000e+00     2.29392858e+03     3.01709625e+02     5.44024881e+03    -3.17731453e+03   
    1.08000000e+04     5.40000000e+00     2.29389489e+03     3.01293497e+02     5.44024881e+03    -3.16980209e+03   
    1.10000000e+04     5.50000000e+00     2.29391880e+03     3.00828126e+02     5.44024881e+03    -3.16133905e+03   
    1.12000000e+04     5.60000000e+00     2.29402786e+03     3.01029210e+02     5.44024881e+03    -3.16487649e+03   
    1.14000000e+04     5.70000000e+00     2.29391720e+03     3.00852054e+02     5.44024881e+03    -3.16177458e+03   
    1.16000000e+04     5.80000000e+00     2.29405059e+03     3.00944732e+02     5.44024881e+03    -3.16332182e+03   
    1.18000000e+04     5.90000000e+00     2.29399709e+03     3.01712454e+02     5.44024881e+03    -3.17729732e+03   
    1.20000000e+04     6.00000000e+00     2.29398321e+03     3.01177125e+02     5.44024881e+03    -3.16760347e+03   
    1.22000000e+04     6.10000000e+00     2.29402065e+03     3.01492151e+02     5.44024881e+03    -3.17327876e+03   
    1.24000000e+04     6.20000000e+00     2.29407481e+03     3.01167074e+02     5.44024881e+03    -3.16732961e+03   
    1.26000000e+04     6.30000000e+00     2.29395275e+03     3.01066086e+02     5.44024881e+03    -3.16562032e+03   
    1.28000000e+04     6.40000000e+00     2.29400909e+03     3.01036600e+02     5.44024881e+03    -3.16502928e+03   
    1.30000000e+04     6.50000000e+00     2.29405309e+03     3.01115074e+02     5.44024881e+03    -3.16640834e+03   
    1.32000000e+04     6.60000000e+00     2.29389253e+03     3.01368906e+02     5.44024881e+03    -3.17117193e+03   
    1.34000000e+04     6.70000000e+00     2.29406014e+03     3.01316043e+02     5.44024881e+03    -3.17004569e+03   
    1.36000000e+04     6.80000000e+00     2.29393251e+03     3.00875001e+02     5.44024881e+03    -3.16217540e+03   
    1.38000000e+04     6.90000000e+00     2.29388758e+03     3.01758668e+02     5.44024881e+03    -3.17824488e+03   
    1.40000000e+04     7.00000000e+00     2.29382494e+03     3.01647772e+02     5.44024881e+03    -3.17629653e+03   
    1.42000000e+04     7.10000000e+00     2.29388972e+03     3.01788431e+02     5.44024881e+03    -3.17878246e+03   
    1.44000000e+04     7.20000000e+00     2.29391065e+03     3.01420940e+02     5.44024881e+03    -3.17209741e+03   
    1.46000000e+04     7.30000000e+00     2.29398828e+03     3.01757179e+02     5.44024881e+03    -3.17811720e+03   
    1.48000000e+04     7.40000000e+00     2.29401397e+03     3.01705301e+02     5.44024881e+03    -3.17715072e+03   
    1.50000000e+04     7.50000000e+00     2.29390282e+03     3.01356434e+02     5.44024881e+03    -3.17093546e+03   
    1.52000000e+04     7.60000000e+00     2.29403002e+03     3.01372223e+02     5.44024881e+03    -3.17109459e+03   
    1.54000000e+04     7.70000000e+00     2.29408145e+03     3.01060954e+02     5.44024881e+03    -3.16539855e+03   
    1.56000000e+04     7.80000000e+00     2.29396521e+03     3.00911843e+02     5.44024881e+03    -3.16281079e+03   
    1.58000000e+04     7.90000000e+00     2.29398134e+03     3.00554270e+02     5.44024881e+03    -3.15631039e+03   
    1.60000000e+04     8.00000000e+00     2.29403655e+03     3.01341730e+02     5.44024881e+03    -3.17053509e+03   
    1.62000000e+04     8.10000000e+00     2.29399007e+03     3.01429557e+02     5.44024881e+03    -3.17217425e+03   
    1.64000000e+04     8.20000000e+00     2.29392651e+03     3.01671772e+02     5.44024881e+03    -3.17663017e+03   
    1.66000000e+04     8.30000000e+00     2.29377625e+03     3.01565062e+02     5.44024881e+03    -3.17484533e+03   
    1.68000000e+04     8.40000000e+00     2.29385355e+03     3.01288030e+02     5.44024881e+03    -3.16974428e+03   
    1.70000000e+04     8.50000000e+00     2.29384438e+03     3.01414996e+02     5.44024881e+03    -3.17205588e+03   
    1.72000000e+04     8.60000000e+00     2.29409331e+03     3.01044912e+02     5.44024881e+03    -3.16509579e+03   
    1.74000000e+04     8.70000000e+00     2.29415661e+03     3.01059149e+02     5.44024881e+03    -3.16529067e+03   
    1.76000000e+04     8.80000000e+00     2.29416811e+03     3.00844369e+02     5.44024881e+03    -3.16138431e+03   
    1.78000000e+04     8.90000000e+00     2.29405296e+03     3.01119995e+02     5.44024881e+03    -3.16649771e+03   
    1.80000000e+04     9.00000000e+00     2.29400968e+03     3.01569186e+02     5.44024881e+03    -3.17468670e+03   
    1.82000000e+04     9.10000000e+00     2.29399681e+03     3.01612674e+02     5.44024881e+03    -3.17548818e+03   
    1.84000000e+04     9.20000000e+00     2.29397032e+03     3.01594797e+02     5.44024881e+03    -3.17519048e+03   
    1.86000000e+04     9.30000000e+00     2.29392347e+03     3.01323000e+02     5.44024881e+03    -3.17030852e+03   
    1.88000000e+04     9.40000000e+00     2.29397041e+03     3.01231072e+02     5.44024881e+03    -3.16859455e+03   
    1.90000000e+04     9.50000000e+00     2.29419851e+03     3.01409391e+02     5.44024881e+03    -3.17160011e+03   
    1.92000000e+04     9.60000000e+00     2.29413421e+03     3.02084562e+02     5.44024881e+03    -3.18390808e+03   
    1.94000000e+04     9.70000000e+00     2.29421856e+03     3.01703487e+02     5.44024881e+03    -3.17691324e+03   
    1.96000000e+04     9.80000000e+00     2.29402462e+03     3.01396539e+02     5.44024881e+03    -3.17154094e+03   
    1.98000000e+04     9.90000000e+00     2.29401642e+03     3.01375442e+02     5.44024881e+03    -3.17116656e+03   
    2.00000000e+04     1.00000000e+01     2.29418719e+03     3.01062827e+02     5.44024881e+03    -3.16532679e+03   
    2.02000000e+04     1.01000000e+01     2.29402293e+03     3.00730758e+02     5.44024881e+03    -3.15946925e+03   
    2.04000000e+04     1.02000000e+01     2.29406887e+03     3.00733674e+02     5.44024881e+03    -3.15947618e+03   
    2.06000000e+04     1.03000000e+01     2.29415931e+03     3.01020167e+02     5.44024881e+03    -3.16458107e+03   
    2.08000000e+04     1.04000000e+01     2.29423817e+03     3.00888967e+02     5.44024881e+03    -3.16212301e+03   
    2.10000000e+04     1.05000000e+01     2.29399516e+03     3.01738225e+02     5.44024881e+03    -3.17776659e+03   
    2.12000000e+04     1.06000000e+01     2.29401849e+03     3.01492165e+02     5.44024881e+03    -3.17328118e+03   
    2.14000000e+04     1.07000000e+01     2.29415858e+03     3.01819580e+02     5.44024881e+03    -3.17907847e+03   
    2.16000000e+04     1.08000000e+01     2.29402100e+03     3.01062699e+02     5.44024881e+03    -3.16549065e+03   
    2.18000000e+04     1.09000000e+01     2.29383527e+03     3.00970742e+02     5.44024881e+03    -3.16400881e+03   
    2.20000000e+04     1.10000000e+01     2.29388066e+03     3.00693959e+02     5.44024881e+03    -3.15894420e+03   
    2.22000000e+04     1.11000000e+01     2.29394206e+03     3.01640992e+02     5.44024881e+03    -3.17605645e+03   
    2.24000000e+04     1.12000000e+01     2.29412024e+03     3.01624827e+02     5.44024881e+03    -3.17558513e+03   
    2.26000000e+04     1.13000000e+01     2.29400349e+03     3.01094235e+02     5.44024881e+03    -3.16608005e+03   
    2.28000000e+04     1.14000000e+01     2.29417284e+03     3.00650575e+02     5.44024881e+03    -3.15786529e+03   
    2.30000000e+04     1.15000000e+01     2.29414146e+03     3.01413971e+02     5.44024881e+03    -3.17174022e+03   
    2.32000000e+04     1.16000000e+01     2.29410159e+03     3.01516227e+02     5.44024881e+03    -3.17363442e+03   
    2.34000000e+04     1.17000000e+01     2.29413073e+03     3.02147376e+02     5.44024881e+03    -3.18505065e+03   
    2.36000000e+04     1.18000000e+01     2.29414374e+03     3.01429307e+02     5.44024881e+03    -3.17201604e+03   
    2.38000000e+04     1.19000000e+01     2.29426119e+03     3.01576491e+02     5.44024881e+03    -3.17456766e+03   
    2.40000000e+04     1.20000000e+01     2.29415378e+03     3.01879428e+02     5.44024881e+03    -3.18016857e+03   
    2.42000000e+04     1.21000000e+01     2.29409263e+03     3.01872050e+02     5.44024881e+03    -3.18009592e+03   
    2.44000000e+04     1.22000000e+01     2.29408202e+03     3.01726978e+02     5.44024881e+03    -3.17747577e+03   
    2.46000000e+04     1.23000000e+01     2.29405506e+03     3.01310725e+02     5.44024881e+03    -3.16995434e+03   
    2.48000000e+04     1.24000000e+01     2.29400895e+03     3.01140596e+02     5.44024881e+03    -3.16691531e+03   
    2.50000000e+04     1.25000000e+01     2.29405084e+03     3.00327682e+02     5.44024881e+03    -3.15213190e+03   
    2.52000000e+04     1.26000000e+01     2.29396739e+03     3.01948802e+02     5.44024881e+03    -3.18161299e+03   
    2.54000000e+04     1.27000000e+01     2.29396482e+03     3.01723697e+02     5.44024881e+03    -3.17753349e+03   
    2.56000000e+04     1.28000000e+01     2.29404208e+03     3.01659343e+02     5.44024881e+03    -3.17628921e+03   
    2.58000000e+04     1.29000000e+01     2.29410399e+03     3.01790246e+02     5.44024881e+03    -3.17860111e+03   
    2.60000000e+04     1.30000000e+01     2.29410701e+03     3.01750899e+02     5.44024881e+03    -3.17788458e+03   
    2.62000000e+04     1.31000000e+01     2.29403913e+03     3.01391847e+02     5.44024881e+03    -3.17144135e+03   
    2.64000000e+04     1.32000000e+01     2.29408345e+03     3.01305754e+02     5.44024881e+03    -3.16983580e+03   
    2.66000000e+04     1.33000000e+01     2.29403895e+03     3.01616960e+02     5.44024881e+03    -3.17552377e+03   
    2.68000000e+04     1.34000000e+01     2.29415718e+03     3.01081500e+02     5.44024881e+03    -3.16569542e+03   
    2.70000000e+04     1.35000000e+01     2.29404074e+03     3.00989701e+02     5.44024881e+03    -3.16414717e+03   
    2.72000000e+04     1.36000000e+01     2.29405373e+03     3.00991269e+02     5.44024881e+03    -3.16416260e+03   
    2.74000000e+04     1.37000000e+01     2.29406566e+03     3.01219135e+02     5.44024881e+03    -3.16828282e+03   
    2.76000000e+04     1.38000000e+01     2.29410923e+03     3.01243495e+02     5.44024881e+03    -3.16868101e+03   
    2.78000000e+04     1.39000000e+01     2.29412387e+03     3.00670867e+02     5.44024881e+03    -3.15828224e+03   
    2.80000000e+04     1.40000000e+01     2.29412729e+03     3.00934349e+02     5.44024881e+03    -3.16305684e+03   
    2.82000000e+04     1.41000000e+01     2.29398643e+03     3.01956703e+02     5.44024881e+03    -3.18173724e+03   
    2.84000000e+04     1.42000000e+01     2.29402805e+03     3.01349135e+02     5.44024881e+03    -3.17067788e+03   
    2.86000000e+04     1.43000000e+01     2.29407409e+03     3.00744369e+02     5.44024881e+03    -3.15966492e+03   
    2.88000000e+04     1.44000000e+01     2.29421544e+03     3.01070986e+02     5.44024881e+03    -3.16544649e+03   
    2.90000000e+04     1.45000000e+01     2.29417822e+03     3.00449036e+02     5.44024881e+03    -3.15420517e+03   
    2.92000000e+04     1.46000000e+01     2.29420442e+03     3.00815529e+02     5.44024881e+03    -3.16082502e+03   
    2.94000000e+04     1.47000000e+01     2.29412784e+03     3.00667533e+02     5.44024881e+03    -3.15821781e+03   
    2.96000000e+04     1.48000000e+01     2.29403529e+03     3.00560976e+02     5.44024881e+03    -3.15637803e+03   
    2.98000000e+04     1.49000000e+01     2.29403077e+03     3.01886347e+02     5.44024881e+03    -3.18041705e+03   
    3.00000000e+04     1.50000000e+01     2.29399484e+03     3.01317734e+02     5.44024881e+03    -3.17014166e+03   
    3.02000000e+04     1.51000000e+01     2.29411064e+03     3.00706012e+02     5.44024881e+03    -3.15893279e+03   
    3.04000000e+04     1.52000000e+01     2.29415643e+03     3.01100932e+02     5.44024881e+03    -3.16604854e+03   
    3.06000000e+04     1.53000000e+01     2.29413914e+03     3.01010594e+02     5.44024881e+03    -3.16442763e+03   
    3.08000000e+04     1.54000000e+01     2.29414329e+03     3.01411745e+02     5.44024881e+03    -3.17169802e+03   
    3.10000000e+04     1.55000000e+01     2.29414957e+03     3.01118921e+02     5.44024881e+03    -3.16638163e+03   
    3.12000000e+04     1.56000000e+01     2.29406132e+03     3.01702723e+02     5.44024881e+03    -3.17705663e+03   
    3.14000000e+04     1.57000000e+01     2.29411630e+03     3.01852404e+02     5.44024881e+03    -3.17971599e+03   
    3.16000000e+04     1.58000000e+01     2.29408389e+03     3.01860302e+02     5.44024881e+03    -3.17989164e+03   
    3.18000000e+04     1.59000000e+01     2.29411797e+03     3.00929030e+02     5.44024881e+03    -3.16296972e+03   
    3.20000000e+04     1.60000000e+01     2.29422216e+03     3.01249306e+02     5.44024881e+03    -3.16867347e+03   
    3.22000000e+04     1.61000000e+01     2.29419185e+03     3.00972454e+02     5.44024881e+03    -3.16368329e+03   
    3.24000000e+04     1.62000000e+01     2.29411053e+03     3.01814669e+02     5.44024881e+03    -3.17903747e+03   
    3.26000000e+04     1.63000000e+01     2.29425980e+03     3.00812694e+02     5.44024881e+03    -3.16071823e+03   
    3.28000000e+04     1.64000000e+01     2.29422863e+03     3.01178768e+02     5.44024881e+03    -3.16738784e+03   
    3.30000000e+04     1.65000000e+01     2.29415104e+03     3.01628701e+02     5.44024881e+03    -3.17562459e+03   
    3.32000000e+04     1.66000000e+01     2.29412027e+03     3.01594495e+02     5.44024881e+03    -3.17503507e+03   
    3.34000000e+04     1.67000000e+01     2.29411241e+03     3.01879888e+02     5.44024881e+03    -3.18021827e+03   
    3.36000000e+04     1.68000000e+01     2.29408322e+03     3.01661014e+02     5.44024881e+03    -3.17627837e+03   
    3.38000000e+04     1.69000000e+01     2.29412444e+03     3.01376840e+02     5.44024881e+03    -3.17108390e+03   
    3.40000000e+04     1.70000000e+01     2.29394113e+03     3.01755197e+02     5.44024881e+03    -3.17812839e+03   
    3.42000000e+04     1.71000000e+01     2.29389375e+03     3.01503111e+02     5.44024881e+03    -3.17360441e+03   
    3.44000000e+04     1.72000000e+01     2.29404631e+03     3.01178967e+02     5.44024881e+03    -3.16757376e+03   
    3.46000000e+04     1.73000000e+01     2.29405542e+03     3.01309625e+02     5.44024881e+03    -3.16993404e+03   
    3.48000000e+04     1.74000000e+01     2.29413723e+03     3.01570809e+02     5.44024881e+03    -3.17458858e+03   
    3.50000000e+04     1.75000000e+01     2.29416924e+03     3.01143592e+02     5.44024881e+03    -3.16680934e+03   
    3.52000000e+04     1.76000000e+01     2.29417124e+03     3.01091906e+02     5.44024881e+03    -3.16587006e+03   
    3.54000000e+04     1.77000000e+01     2.29420402e+03     3.00868559e+02     5.44024881e+03    -3.16178708e+03   
    3.56000000e+04     1.78000000e+01     2.29419597e+03     3.00893120e+02     5.44024881e+03    -3.16224050e+03   
    3.58000000e+04     1.79000000e+01     2.29409821e+03     3.00455132e+02     5.44024881e+03    -3.15439574e+03   
    3.60000000e+04     1.80000000e+01     2.29411177e+03     3.01800781e+02     5.44024881e+03    -3.17878439e+03   
    3.62000000e+04     1.81000000e+01     2.29407739e+03     3.01092840e+02     5.44024881e+03    -3.16598085e+03   
    3.64000000e+04     1.82000000e+01     2.29408497e+03     3.01252175e+02     5.44024881e+03    -3.16886268e+03   
    3.66000000e+04     1.83000000e+01     2.29423933e+03     3.01184724e+02     5.44024881e+03    -3.16748515e+03   
    3.68000000e+04     1.84000000e+01     2.29423400e+03     3.01038289e+02     5.44024881e+03    -3.16483501e+03   
    3.70000000e+04     1.85000000e+01     2.29418492e+03     3.01278940e+02     5.44024881e+03    -3.16924809e+03   
    3.72000000e+04     1.86000000e+01     2.29407228e+03     3.01284877e+02     5.44024881e+03    -3.16946839e+03   
    3.74000000e+04     1.87000000e+01     2.29409768e+03     3.01504593e+02     5.44024881e+03    -3.17342736e+03   
    3.76000000e+04     1.88000000e+01     2.29392717e+03     3.01531361e+02     5.44024881e+03    -3.17408329e+03   
    3.78000000e+04     1.89000000e+01     2.29404329e+03     3.00719671e+02     5.44024881e+03    -3.15924784e+03   
    3.80000000e+04     1.90000000e+01     2.29399513e+03     3.01358831e+02     5.44024881e+03    -3.17088662e+03   
    3.82000000e+04     1.91000000e+01     2.29409162e+03     3.01552901e+02     5.44024881e+03    -3.17430943e+03   
    3.84000000e+04     1.92000000e+01     2.29410566e+03     3.01643415e+02     5.44024881e+03    -3.17593679e+03   
    3.86000000e+04     1.93000000e+01     2.29425835e+03     3.01230878e+02     5.44024881e+03    -3.16830309e+03   
    3.88000000e+04     1.94000000e+01     2.29417820e+03     3.01394634e+02     5.44024881e+03    -3.17135281e+03   
    3.90000000e+04     1.95000000e+01     2.29407483e+03     3.01418991e+02     5.44024881e+03    -3.17189788e+03   
    3.92000000e+04     1.96000000e+01     2.29407744e+03     3.01713850e+02     5.44024881e+03    -3.17724229e+03   
    3.94000000e+04     1.97000000e+01     2.29406460e+03     3.02142685e+02     5.44024881e+03    -3.18503170e+03   
    3.96000000e+04     1.98000000e+01     2.29412497e+03     3.01353457e+02     5.44024881e+03    -3.17065935e+03   
    3.98000000e+04     1.99000000e+01     2.29415161e+03     3.01916282e+02     5.44024881e+03    -3.18083905e+03   
    4.00000000e+04     2.00000000e+01     2.29423963e+03     3.00889151e+02     5.44024881e+03    -3.16212487e+03   
