# column   1     --> step : The current simulation time step.
# column   2     --> time{picosecond} : The elapsed simulation time.
# column   3     --> conserved{electronvolt} : The value of the conserved energy quantity per bead.
# column   4     --> temperature{kelvin} : The current temperature, as obtained from the MD kinetic energy.
# column   5     --> kinetic_cv{electronvolt} : The centroid-virial quantum kinetic energy of the physical system.
# column   6     --> potential{electronvolt} : The physical system potential energy.
    0.00000000e+00     0.00000000e+00     2.28413436e+03     3.01199191e+02     5.44024881e+03    -3.17785246e+03   
    2.00000000e+02     1.00000000e-01     2.28396883e+03     3.01738888e+02     5.44024881e+03    -3.18780494e+03   
    4.00000000e+02     2.00000000e-01     2.28375502e+03     3.01453792e+02     5.44024881e+03    -3.18284878e+03   
    6.00000000e+02     3.00000000e-01     2.28388461e+03     3.01586435e+02     5.44024881e+03    -3.18512455e+03   
    8.00000000e+02     4.00000000e-01     2.28390216e+03     3.01535088e+02     5.44024881e+03    -3.18417587e+03   
    1.00000000e+03     5.00000000e-01     2.28388478e+03     3.01506586e+02     5.44024881e+03    -3.18367639e+03   
    1.20000000e+03     6.00000000e-01     2.28384711e+03     3.01643302e+02     5.44024881e+03    -3.18619328e+03   
    1.40000000e+03     7.00000000e-01     2.28382523e+03     3.01208212e+02     5.44024881e+03    -3.17832517e+03   
    1.60000000e+03     8.00000000e-01     2.28403313e+03     3.00312910e+02     5.44024881e+03    -3.16188174e+03   
    1.80000000e+03     9.00000000e-01     2.28406304e+03     3.00406308e+02     5.44024881e+03    -3.16354551e+03   
    2.00000000e+03     1.00000000e+00     2.28404711e+03     3.00643904e+02     5.44024881e+03    -3.16787004e+03   
    2.20000000e+03     1.10000000e+00     2.28400430e+03     3.00635068e+02     5.44024881e+03    -3.16775263e+03   
    2.40000000e+03     1.20000000e+00     2.28383501e+03     3.00996914e+02     5.44024881e+03    -3.17448369e+03   
    2.60000000e+03     1.30000000e+00     2.28407788e+03     3.00574207e+02     5.44024881e+03    -3.16657538e+03   
    2.80000000e+03     1.40000000e+00     2.28388846e+03     3.01184599e+02     5.44024881e+03    -3.17783374e+03   
    3.00000000e+03     1.50000000e+00     2.28400989e+03     3.00751531e+02     5.44024881e+03    -3.16985899e+03   
    3.20000000e+03     1.60000000e+00     2.28407672e+03     3.00726106e+02     5.44024881e+03    -3.16933110e+03   
    3.40000000e+03     1.70000000e+00     2.28398078e+03     3.00499595e+02     5.44024881e+03    -3.16531944e+03   
    3.60000000e+03     1.80000000e+00     2.28394198e+03     3.00805848e+02     5.44024881e+03    -3.17091190e+03   
    3.80000000e+03     1.90000000e+00     2.28396958e+03     3.00871761e+02     5.44024881e+03    -3.17207958e+03   
    4.00000000e+03     2.00000000e+00     2.28393813e+03     3.01214946e+02     5.44024881e+03    -3.17833440e+03   
    4.20000000e+03     2.10000000e+00     2.28386364e+03     3.00459825e+02     5.44024881e+03    -3.16471539e+03   
    4.40000000e+03     2.20000000e+00     2.28392289e+03     3.01029882e+02     5.44024881e+03    -3.17499365e+03   
    4.60000000e+03     2.30000000e+00     2.28397941e+03     3.00561804e+02     5.44024881e+03    -3.16644894e+03   
    4.80000000e+03     2.40000000e+00     2.28394236e+03     3.01436607e+02     5.44024881e+03    -3.18234980e+03   
    5.00000000e+03     2.50000000e+00     2.28411887e+03     3.01391544e+02     5.44024881e+03    -3.18135610e+03   
    5.20000000e+03     2.60000000e+00     2.28402425e+03     3.00507688e+02     5.44024881e+03    -3.16542274e+03   
    5.40000000e+03     2.70000000e+00     2.28393220e+03     3.00730739e+02     5.44024881e+03    -3.16955963e+03   
    5.60000000e+03     2.80000000e+00     2.28396884e+03     3.00713251e+02     5.44024881e+03    -3.16920587e+03   
    5.80000000e+03     2.90000000e+00     2.28394247e+03     3.00692546e+02     5.44024881e+03    -3.16885677e+03   
    6.00000000e+03     3.00000000e+00     2.28406292e+03     3.00442152e+02     5.44024881e+03    -3.16419563e+03   
    6.20000000e+03     3.10000000e+00     2.28402700e+03     3.00525693e+02     5.44024881e+03    -3.16574650e+03   
    6.40000000e+03     3.20000000e+00     2.28410308e+03     3.01003317e+02     5.44024881e+03    -3.17433173e+03   
    6.60000000e+03     3.30000000e+00     2.28407014e+03     3.01633066e+02     5.44024881e+03    -3.18578463e+03   
    6.80000000e+03     3.40000000e+00     2.28397974e+03     3.01070690e+02     5.44024881e+03    -3.17567682e+03   
    7.00000000e+03     3.50000000e+00     2.28407552e+03     3.01282294e+02     5.44024881e+03    -3.17941830e+03   
    7.20000000e+03     3.60000000e+00     2.28402235e+03     3.01095121e+02     5.44024881e+03    -3.17607724e+03   
    7.40000000e+03     3.70000000e+00     2.28407889e+03     3.01506274e+02     5.44024881e+03    -3.18347663e+03   
    7.60000000e+03     3.80000000e+00     2.28403667e+03     3.00941319e+02     5.44024881e+03    -3.17327385e+03   
    7.80000000e+03     3.90000000e+00     2.28416684e+03     3.00862447e+02     5.44024881e+03    -3.17171341e+03   
    8.00000000e+03     4.00000000e+00     2.28396620e+03     3.00830666e+02     5.44024881e+03    -3.17133773e+03   
    8.20000000e+03     4.10000000e+00     2.28397049e+03     3.01250166e+02     5.44024881e+03    -3.17894072e+03   
    8.40000000e+03     4.20000000e+00     2.28397310e+03     3.00745354e+02     5.44024881e+03    -3.16978376e+03   
    8.60000000e+03     4.30000000e+00     2.28392923e+03     3.00758219e+02     5.44024881e+03    -3.17006093e+03   
    8.80000000e+03     4.40000000e+00     2.28398337e+03     3.00147642e+02     5.44024881e+03    -3.15893448e+03   
    9.00000000e+03     4.50000000e+00     2.28398896e+03     3.00072734e+02     5.44024881e+03    -3.15757051e+03   
    9.20000000e+03     4.60000000e+00     2.28393082e+03     3.00834080e+02     5.44024881e+03    -3.17143502e+03   
    9.40000000e+03     4.70000000e+00     2.28395430e+03     3.01095431e+02     5.44024881e+03    -3.17615092e+03   
    9.60000000e+03     4.80000000e+00     2.28381806e+03     3.01499346e+02     5.44024881e+03    -3.18361181e+03   
    9.80000000e+03     4.90000000e+00     2.28371957e+03     3.01459078e+02     5.44024881e+03    -3.18298008e+03   
    1.00000000e+04     5.00000000e+00     2.28384360e+03     3.01930595e+02     5.44024881e+03    -3.19140662e+03   
    1.02000000e+04     5.10000000e+00     2.28398338e+03     3.01741936e+02     5.44024881e+03    -3.18784567e+03   
    1.04000000e+04     5.20000000e+00     2.28388427e+03     3.01055555e+02     5.44024881e+03    -3.17549783e+03   
    1.06000000e+04     5.30000000e+00     2.28410431e+03     3.00791683e+02     5.44024881e+03    -3.17049270e+03   
    1.08000000e+04     5.40000000e+00     2.28408092e+03     3.00830097e+02     5.44024881e+03    -3.17121269e+03   
    1.10000000e+04     5.50000000e+00     2.28415310e+03     3.00456003e+02     5.44024881e+03    -3.16435662e+03   
    1.12000000e+04     5.60000000e+00     2.28406475e+03     3.00597912e+02     5.44024881e+03    -3.16701837e+03   
    1.14000000e+04     5.70000000e+00     2.28399519e+03     3.01729963e+02     5.44024881e+03    -3.18761674e+03   
    1.16000000e+04     5.80000000e+00     2.28394552e+03     3.00808787e+02     5.44024881e+03    -3.17096165e+03   
    1.18000000e+04     5.90000000e+00     2.28399052e+03     3.01147931e+02     5.44024881e+03    -3.17706673e+03   
    1.20000000e+04     6.00000000e+00     2.28411063e+03     3.00667426e+02     5.44024881e+03    -3.16823307e+03   
    1.22000000e+04     6.10000000e+00     2.28400527e+03     3.01225856e+02     5.44024881e+03    -3.17846509e+03   
    1.24000000e+04     6.20000000e+00     2.28399223e+03     3.01120105e+02     5.44024881e+03    -3.17656043e+03   
    1.26000000e+04     6.30000000e+00     2.28406118e+03     3.00896905e+02     5.44024881e+03    -3.17244393e+03   
    1.28000000e+04     6.40000000e+00     2.28410162e+03     3.00691534e+02     5.44024881e+03    -3.16867927e+03   
    1.30000000e+04     6.50000000e+00     2.28411189e+03     3.00605428e+02     5.44024881e+03    -3.16710754e+03   
    1.32000000e+04     6.60000000e+00     2.28396065e+03     3.00793912e+02     5.44024881e+03    -3.17067677e+03   
    1.34000000e+04     6.70000000e+00     2.28396790e+03     3.01223124e+02     5.44024881e+03    -3.17845292e+03   
    1.36000000e+04     6.80000000e+00     2.28397761e+03     3.01281188e+02     5.44024881e+03    -3.17949617e+03   
    1.38000000e+04     6.90000000e+00     2.28402124e+03     3.00905765e+02     5.44024881e+03    -3.17264454e+03   
    1.40000000e+04     7.00000000e+00     2.28405003e+03     3.01319418e+02     5.44024881e+03    -3.18011701e+03   
    1.42000000e+04     7.10000000e+00     2.28399126e+03     3.01115483e+02     5.44024881e+03    -3.17647759e+03   
    1.44000000e+04     7.20000000e+00     2.28400310e+03     3.00100194e+02     5.44024881e+03    -3.15805432e+03   
    1.46000000e+04     7.30000000e+00     2.28402734e+03     3.00554363e+02     5.44024881e+03    -3.16626606e+03   
    1.48000000e+04     7.40000000e+00     2.28410158e+03     3.00908999e+02     5.44024881e+03    -3.17262286e+03   
    1.50000000e+04     7.50000000e+00     2.28410468e+03     3.00738572e+02     5.44024881e+03    -3.16952919e+03   
    1.52000000e+04     7.60000000e+00     2.28400292e+03     3.00762935e+02     5.44024881e+03    -3.17007277e+03   
    1.54000000e+04     7.70000000e+00     2.28400870e+03     3.00628748e+02     5.44024881e+03    -3.16763361e+03   
    1.56000000e+04     7.80000000e+00     2.28412008e+03     3.00540292e+02     5.44024881e+03    -3.16591815e+03   
    1.58000000e+04     7.90000000e+00     2.28394401e+03     3.00896251e+02     5.44024881e+03    -3.17254924e+03   
    1.60000000e+04     8.00000000e+00     2.28399952e+03     3.00706361e+02     5.44024881e+03    -3.16905024e+03   
    1.62000000e+04     8.10000000e+00     2.28408151e+03     3.01106373e+02     5.44024881e+03    -3.17622214e+03   
    1.64000000e+04     8.20000000e+00     2.28410482e+03     3.01442770e+02     5.44024881e+03    -3.18229910e+03   
    1.66000000e+04     8.30000000e+00     2.28412057e+03     3.01201768e+02     5.44024881e+03    -3.17791297e+03   
    1.68000000e+04     8.40000000e+00     2.28412696e+03     3.01872973e+02     5.44024881e+03    -3.19007834e+03   
    1.70000000e+04     8.50000000e+00     2.28430855e+03     3.01411539e+02     5.44024881e+03    -3.18152903e+03   
    1.72000000e+04     8.60000000e+00     2.28411357e+03     3.01754476e+02     5.44024881e+03    -3.18794288e+03   
    1.74000000e+04     8.70000000e+00     2.28413053e+03     3.01299975e+02     5.44024881e+03    -3.17968393e+03   
    1.76000000e+04     8.80000000e+00     2.28401982e+03     3.01135385e+02     5.44024881e+03    -3.17680992e+03   
    1.78000000e+04     8.90000000e+00     2.28402506e+03     3.00826448e+02     5.44024881e+03    -3.17120238e+03   
    1.80000000e+04     9.00000000e+00     2.28403267e+03     3.01414761e+02     5.44024881e+03    -3.18186332e+03   
    1.82000000e+04     9.10000000e+00     2.28407588e+03     3.01551728e+02     5.44024881e+03    -3.18430390e+03   
    1.84000000e+04     9.20000000e+00     2.28413425e+03     3.01404225e+02     5.44024881e+03    -3.18157069e+03   
    1.86000000e+04     9.30000000e+00     2.28414725e+03     3.00681308e+02     5.44024881e+03    -3.16844819e+03   
    1.88000000e+04     9.40000000e+00     2.28416044e+03     3.00557828e+02     5.44024881e+03    -3.16619580e+03   
    1.90000000e+04     9.50000000e+00     2.28403417e+03     3.00993780e+02     5.44024881e+03    -3.17422769e+03   
    1.92000000e+04     9.60000000e+00     2.28400633e+03     3.01151695e+02     5.44024881e+03    -3.17711919e+03   
    1.94000000e+04     9.70000000e+00     2.28393278e+03     3.00435999e+02     5.44024881e+03    -3.16421419e+03   
    1.96000000e+04     9.80000000e+00     2.28409502e+03     3.00935416e+02     5.44024881e+03    -3.17310846e+03   
    1.98000000e+04     9.90000000e+00     2.28405203e+03     3.00929895e+02     5.44024881e+03    -3.17305133e+03   
    2.00000000e+04     1.00000000e+01     2.28405573e+03     3.00965642e+02     5.44024881e+03    -3.17369587e+03   
    2.02000000e+04     1.01000000e+01     2.28402918e+03     3.01253828e+02     5.44024881e+03    -3.17894843e+03   
    2.04000000e+04     1.02000000e+01     2.28396017e+03     3.01291845e+02     5.44024881e+03    -3.17970685e+03   
    2.06000000e+04     1.03000000e+01     2.28415734e+03     3.01848286e+02     5.44024881e+03    -3.18960026e+03   
    2.08000000e+04     1.04000000e+01     2.28401394e+03     3.00798335e+02     5.44024881e+03    -3.17070370e+03   
    2.10000000e+04     1.05000000e+01     2.28405504e+03     3.00777179e+02     5.44024881e+03    -3.17027894e+03   
    2.12000000e+04     1.06000000e+01     2.28401190e+03     3.00779437e+02     5.44024881e+03    -3.17036303e+03   
    2.14000000e+04     1.07000000e+01     2.28406761e+03     3.00309995e+02     5.44024881e+03    -3.16179438e+03   
    2.16000000e+04     1.08000000e+01     2.28401543e+03     3.00570298e+02     5.44024881e+03    -3.16656695e+03   
    2.18000000e+04     1.09000000e+01     2.28406481e+03     3.01119417e+02     5.44024881e+03    -3.17647537e+03   
    2.20000000e+04     1.10000000e+01     2.28407597e+03     3.01071539e+02     5.44024881e+03    -3.17559598e+03   
    2.22000000e+04     1.11000000e+01     2.28403270e+03     3.00983881e+02     5.44024881e+03    -3.17404966e+03   
    2.24000000e+04     1.12000000e+01     2.28399713e+03     3.01294758e+02     5.44024881e+03    -3.17972272e+03   
    2.26000000e+04     1.13000000e+01     2.28410387e+03     3.00727438e+02     5.44024881e+03    -3.16932810e+03   
    2.28000000e+04     1.14000000e+01     2.28407239e+03     3.01251736e+02     5.44024881e+03    -3.17886729e+03   
    2.30000000e+04     1.15000000e+01     2.28402468e+03     3.01164333e+02     5.44024881e+03    -3.17733002e+03   
    2.32000000e+04     1.16000000e+01     2.28389622e+03     3.01486833e+02     5.44024881e+03    -3.18330674e+03   
    2.34000000e+04     1.17000000e+01     2.28408762e+03     3.01109892e+02     5.44024881e+03    -3.17627984e+03   
    2.36000000e+04     1.18000000e+01     2.28413102e+03     3.01066236e+02     5.44024881e+03    -3.17544477e+03   
    2.38000000e+04     1.19000000e+01     2.28408343e+03     3.00294936e+02     5.44024881e+03    -3.16150549e+03   
    2.40000000e+04     1.20000000e+01     2.28410284e+03     3.00444910e+02     5.44024881e+03    -3.16420572e+03   
    2.42000000e+04     1.21000000e+01     2.28408040e+03     3.00171051e+02     5.44024881e+03    -3.15926196e+03   
    2.44000000e+04     1.22000000e+01     2.28409578e+03     3.00819565e+02     5.44024881e+03    -3.17100684e+03   
    2.46000000e+04     1.23000000e+01     2.28411996e+03     3.00759292e+02     5.44024881e+03    -3.16988966e+03   
    2.48000000e+04     1.24000000e+01     2.28395899e+03     3.01249069e+02     5.44024881e+03    -3.17893233e+03   
    2.50000000e+04     1.25000000e+01     2.28395734e+03     3.01057356e+02     5.44024881e+03    -3.17545742e+03   
    2.52000000e+04     1.26000000e+01     2.28395255e+03     3.01508938e+02     5.44024881e+03    -3.18365128e+03   
    2.54000000e+04     1.27000000e+01     2.28404047e+03     3.00837982e+02     5.44024881e+03    -3.17139612e+03   
    2.56000000e+04     1.28000000e+01     2.28404380e+03     3.01057204e+02     5.44024881e+03    -3.17536821e+03   
    2.58000000e+04     1.29000000e+01     2.28409633e+03     3.00523235e+02     5.44024881e+03    -3.16563259e+03   
    2.60000000e+04     1.30000000e+01     2.28406144e+03     3.00873875e+02     5.44024881e+03    -3.17202605e+03   
    2.62000000e+04     1.31000000e+01     2.28401101e+03     3.00701641e+02     5.44024881e+03    -3.16895316e+03   
    2.64000000e+04     1.32000000e+01     2.28394647e+03     3.01621825e+02     5.44024881e+03    -3.18570446e+03   
    2.66000000e+04     1.33000000e+01     2.28392848e+03     3.01928907e+02     5.44024881e+03    -3.19129112e+03   
    2.68000000e+04     1.34000000e+01     2.28393525e+03     3.01507651e+02     5.44024881e+03    -3.18364523e+03   
    2.70000000e+04     1.35000000e+01     2.28400369e+03     3.01410031e+02     5.44024881e+03    -3.18180654e+03   
    2.72000000e+04     1.36000000e+01     2.28399998e+03     3.01073829e+02     5.44024881e+03    -3.17571351e+03   
    2.74000000e+04     1.37000000e+01     2.28411893e+03     3.01338269e+02     5.44024881e+03    -3.18038995e+03   
    2.76000000e+04     1.38000000e+01     2.28415618e+03     3.00681096e+02     5.44024881e+03    -3.16843541e+03   
    2.78000000e+04     1.39000000e+01     2.28414047e+03     3.00769964e+02     5.44024881e+03    -3.17006269e+03   
    2.80000000e+04     1.40000000e+01     2.28417896e+03     3.00985580e+02     5.44024881e+03    -3.17393419e+03   
    2.82000000e+04     1.41000000e+01     2.28417763e+03     3.01003057e+02     5.44024881e+03    -3.17425247e+03   
    2.84000000e+04     1.42000000e+01     2.28406665e+03     3.01049726e+02     5.44024881e+03    -3.17520976e+03   
    2.86000000e+04     1.43000000e+01     2.28406637e+03     3.01801515e+02     5.44024881e+03    -3.18884310e+03   
    2.88000000e+04     1.44000000e+01     2.28407414e+03     3.01301240e+02     5.44024881e+03    -3.17976326e+03   
    2.90000000e+04     1.45000000e+01     2.28402697e+03     3.01091766e+02     5.44024881e+03    -3.17601179e+03   
    2.92000000e+04     1.46000000e+01     2.28408287e+03     3.00737747e+02     5.44024881e+03    -3.16953605e+03   
    2.94000000e+04     1.47000000e+01     2.28408858e+03     3.00999462e+02     5.44024881e+03    -3.17427632e+03   
    2.96000000e+04     1.48000000e+01     2.28417644e+03     3.01279364e+02     5.44024881e+03    -3.17926426e+03   
    2.98000000e+04     1.49000000e+01     2.28414745e+03     3.01508419e+02     5.44024881e+03    -3.18344697e+03   
    3.00000000e+04     1.50000000e+01     2.28409635e+03     3.01301493e+02     5.44024881e+03    -3.17974563e+03   
    3.02000000e+04     1.51000000e+01     2.28416158e+03     3.01227620e+02     5.44024881e+03    -3.17834077e+03   
    3.04000000e+04     1.52000000e+01     2.28406211e+03     3.01327158e+02     5.44024881e+03    -3.18024528e+03   
    3.06000000e+04     1.53000000e+01     2.28406888e+03     3.01737816e+02     5.44024881e+03    -3.18768545e+03   
    3.08000000e+04     1.54000000e+01     2.28413439e+03     3.01628864e+02     5.44024881e+03    -3.18564419e+03   
    3.10000000e+04     1.55000000e+01     2.28411013e+03     3.00788435e+02     5.44024881e+03    -3.17042798e+03   
    3.12000000e+04     1.56000000e+01     2.28406208e+03     3.01074399e+02     5.44024881e+03    -3.17566175e+03   
    3.14000000e+04     1.57000000e+01     2.28410297e+03     3.01161439e+02     5.44024881e+03    -3.17719924e+03   
    3.16000000e+04     1.58000000e+01     2.28408882e+03     3.01805421e+02     5.44024881e+03    -3.18889148e+03   
    3.18000000e+04     1.59000000e+01     2.28413816e+03     3.00993712e+02     5.44024881e+03    -3.17412247e+03   
    3.20000000e+04     1.60000000e+01     2.28407436e+03     3.00711267e+02     5.44024881e+03    -3.16906437e+03   
    3.22000000e+04     1.61000000e+01     2.28407022e+03     3.00314084e+02     5.44024881e+03    -3.16186593e+03   
    3.24000000e+04     1.62000000e+01     2.28417541e+03     3.00865035e+02     5.44024881e+03    -3.17175177e+03   
    3.26000000e+04     1.63000000e+01     2.28416826e+03     3.00961710e+02     5.44024881e+03    -3.17351204e+03   
    3.28000000e+04     1.64000000e+01     2.28401099e+03     3.00847009e+02     5.44024881e+03    -3.17158931e+03   
    3.30000000e+04     1.65000000e+01     2.28409981e+03     3.00887519e+02     5.44024881e+03    -3.17223510e+03   
    3.32000000e+04     1.66000000e+01     2.28399049e+03     3.01487055e+02     5.44024881e+03    -3.18321651e+03   
    3.34000000e+04     1.67000000e+01     2.28407098e+03     3.01294334e+02     5.44024881e+03    -3.17964117e+03   
    3.36000000e+04     1.68000000e+01     2.28402209e+03     3.00808972e+02     5.44024881e+03    -3.17088844e+03   
    3.38000000e+04     1.69000000e+01     2.28407965e+03     3.01125327e+02     5.44024881e+03    -3.17656771e+03   
    3.40000000e+04     1.70000000e+01     2.28399030e+03     3.02108097e+02     5.44024881e+03    -3.19447877e+03   
    3.42000000e+04     1.71000000e+01     2.28394747e+03     3.01609540e+02     5.44024881e+03    -3.18548068e+03   
    3.44000000e+04     1.72000000e+01     2.28400120e+03     3.01248308e+02     5.44024881e+03    -3.17887631e+03   
    3.46000000e+04     1.73000000e+01     2.28395541e+03     3.00730961e+02     5.44024881e+03    -3.16954046e+03   
    3.48000000e+04     1.74000000e+01     2.28405646e+03     3.01106682e+02     5.44024881e+03    -3.17625280e+03   
    3.50000000e+04     1.75000000e+01     2.28411251e+03     3.01457599e+02     5.44024881e+03    -3.18256033e+03   
    3.52000000e+04     1.76000000e+01     2.28408775e+03     3.00984853e+02     5.44024881e+03    -3.17401222e+03   
    3.54000000e+04     1.77000000e+01     2.28413099e+03     3.00439542e+02     5.44024881e+03    -3.16408023e+03   
    3.56000000e+04     1.78000000e+01     2.28415381e+03     3.00703922e+02     5.44024881e+03    -3.16885171e+03   
    3.58000000e+04     1.79000000e+01     2.28402822e+03     3.01025360e+02     5.44024881e+03    -3.17480632e+03   
    3.60000000e+04     1.80000000e+01     2.28404127e+03     3.01631391e+02     5.44024881e+03    -3.18578314e+03   
    3.62000000e+04     1.81000000e+01     2.28406983e+03     3.00721410e+02     5.44024881e+03    -3.16925283e+03   
    3.64000000e+04     1.82000000e+01     2.28404060e+03     3.01168054e+02     5.44024881e+03    -3.17738159e+03   
    3.66000000e+04     1.83000000e+01     2.28434248e+03     3.00585778e+02     5.44024881e+03    -3.16652062e+03   
    3.68000000e+04     1.84000000e+01     2.28404465e+03     3.00927541e+02     5.44024881e+03    -3.17301603e+03   
    3.70000000e+04     1.85000000e+01     2.28415495e+03     3.00601150e+02     5.44024881e+03    -3.16698690e+03   
    3.72000000e+04     1.86000000e+01     2.28416630e+03     3.00185723e+02     5.44024881e+03    -3.15944213e+03   
    3.74000000e+04     1.87000000e+01     2.28413259e+03     3.00438456e+02     5.44024881e+03    -3.16405895e+03   
    3.76000000e+04     1.88000000e+01     2.28418495e+03     3.00873048e+02     5.44024881e+03    -3.17188755e+03   
    3.78000000e+04     1.89000000e+01     2.28417829e+03     3.00805534e+02     5.44024881e+03    -3.17066990e+03   
    3.80000000e+04     1.90000000e+01     2.28410400e+03     3.01640402e+02     5.44024881e+03    -3.18588381e+03   
    3.82000000e+04     1.91000000e+01     2.28408600e+03     3.01045169e+02     5.44024881e+03    -3.17510776e+03   
    3.84000000e+04     1.92000000e+01     2.28404833e+03     3.01185267e+02     5.44024881e+03    -3.17768599e+03   
    3.86000000e+04     1.93000000e+01     2.28396384e+03     3.01180516e+02     5.44024881e+03    -3.17768432e+03   
    3.88000000e+04     1.94000000e+01     2.28407542e+03     3.00844348e+02     5.44024881e+03    -3.17147663e+03   
    3.90000000e+04     1.95000000e+01     2.28405764e+03     3.01354637e+02     5.44024881e+03    -3.18074807e+03   
    3.92000000e+04     1.96000000e+01     2.28412057e+03     3.00731569e+02     5.44024881e+03    -3.16938632e+03   
    3.94000000e+04     1.97000000e+01     2.28416693e+03     3.00658383e+02     5.44024881e+03    -3.16801279e+03   
    3.96000000e+04     1.98000000e+01     2.28419462e+03     3.01422992e+02     5.44024881e+03    -3.18185064e+03   
    3.98000000e+04     1.99000000e+01     2.28411152e+03     3.01673712e+02     5.44024881e+03    -3.18648034e+03   
    4.00000000e+04     2.00000000e+01     2.28417883e+03     3.01617068e+02     5.44024881e+03    -3.18538583e+03   
