# column   1     --> step : The current simulation time step.
# column   2     --> time{picosecond} : The elapsed simulation time.
# column   3     --> conserved{electronvolt} : The value of the conserved energy quantity per bead.
# column   4     --> temperature{kelvin} : The current temperature, as obtained from the MD kinetic energy.
# column   5     --> kinetic_cv{electronvolt} : The centroid-virial quantum kinetic energy of the physical system.
# column   6     --> potential{electronvolt} : The physical system potential energy.
    0.00000000e+00     0.00000000e+00     2.31215593e+03     3.01199191e+02     5.44024881e+03    -3.14983090e+03   
    2.00000000e+02     1.00000000e-01     2.31190750e+03     3.02247729e+02     5.44024881e+03    -3.16909367e+03   
    4.00000000e+02     2.00000000e-01     2.31193294e+03     3.01856666e+02     5.44024881e+03    -3.16197663e+03   
    6.00000000e+02     3.00000000e-01     2.31197100e+03     3.02065537e+02     5.44024881e+03    -3.16572627e+03   
    8.00000000e+02     4.00000000e-01     2.31195662e+03     3.01471967e+02     5.44024881e+03    -3.15497676e+03   
    1.00000000e+03     5.00000000e-01     2.31182086e+03     3.02041670e+02     5.44024881e+03    -3.16544362e+03   
    1.20000000e+03     6.00000000e-01     2.31189181e+03     3.01395337e+02     5.44024881e+03    -3.15365195e+03   
    1.40000000e+03     7.00000000e-01     2.31201312e+03     3.01317135e+02     5.44024881e+03    -3.15211251e+03   
    1.60000000e+03     8.00000000e-01     2.31196809e+03     3.01303430e+02     5.44024881e+03    -3.15190901e+03   
    1.80000000e+03     9.00000000e-01     2.31199300e+03     3.01236603e+02     5.44024881e+03    -3.15067224e+03   
    2.00000000e+03     1.00000000e+00     2.31206293e+03     3.01346160e+02     5.44024881e+03    -3.15258905e+03   
    2.20000000e+03     1.10000000e+00     2.31191139e+03     3.01697343e+02     5.44024881e+03    -3.15910900e+03   
    2.40000000e+03     1.20000000e+00     2.31198091e+03     3.01517357e+02     5.44024881e+03    -3.15577559e+03   
    2.60000000e+03     1.30000000e+00     2.31187274e+03     3.01705217e+02     5.44024881e+03    -3.15929043e+03   
    2.80000000e+03     1.40000000e+00     2.31183677e+03     3.01470644e+02     5.44024881e+03    -3.15507262e+03   
    3.00000000e+03     1.50000000e+00     2.31196530e+03     3.02076409e+02     5.44024881e+03    -3.16592914e+03   
    3.20000000e+03     1.60000000e+00     2.31195741e+03     3.02028455e+02     5.44024881e+03    -3.16506741e+03   
    3.40000000e+03     1.70000000e+00     2.31202454e+03     3.01819810e+02     5.44024881e+03    -3.16121668e+03   
    3.60000000e+03     1.80000000e+00     2.31205958e+03     3.01294151e+02     5.44024881e+03    -3.15164926e+03   
    3.80000000e+03     1.90000000e+00     2.31198385e+03     3.01373312e+02     5.44024881e+03    -3.15316050e+03   
    4.00000000e+03     2.00000000e+00     2.31205143e+03     3.01662159e+02     5.44024881e+03    -3.15833093e+03   
    4.20000000e+03     2.10000000e+00     2.31183874e+03     3.01995462e+02     5.44024881e+03    -3.16458778e+03   
    4.40000000e+03     2.20000000e+00     2.31188843e+03     3.02699421e+02     5.44024881e+03    -3.17730380e+03   
    4.60000000e+03     2.30000000e+00     2.31195926e+03     3.02148987e+02     5.44024881e+03    -3.16725131e+03   
    4.80000000e+03     2.40000000e+00     2.31202140e+03     3.02179285e+02     5.44024881e+03    -3.16773861e+03   
    5.00000000e+03     2.50000000e+00     2.31208901e+03     3.02235260e+02     5.44024881e+03    -3.16868606e+03   
    5.20000000e+03     2.60000000e+00     2.31194243e+03     3.01906471e+02     5.44024881e+03    -3.16287033e+03   
    5.40000000e+03     2.70000000e+00     2.31205882e+03     3.02003673e+02     5.44024881e+03    -3.16451660e+03   
    5.60000000e+03     2.80000000e+00     2.31195597e+03     3.01651678e+02     5.44024881e+03    -3.15823633e+03   
    5.80000000e+03     2.90000000e+00     2.31205113e+03     3.01761204e+02     5.44024881e+03    -3.16012733e+03   
    6.00000000e+03     3.00000000e+00     2.31204789e+03     3.02443118e+02     5.44024881e+03    -3.17249651e+03   
    6.20000000e+03     3.10000000e+00     2.31207326e+03     3.02651350e+02     5.44024881e+03    -3.17624725e+03   
    6.40000000e+03     3.20000000e+00     2.31210551e+03     3.02483926e+02     5.44024881e+03    -3.17317891e+03   
    6.60000000e+03     3.30000000e+00     2.31215553e+03     3.01881308e+02     5.44024881e+03    -3.16220091e+03   
    6.80000000e+03     3.40000000e+00     2.31223834e+03     3.01782412e+02     5.44024881e+03    -3.16032470e+03   
    7.00000000e+03     3.50000000e+00     2.31218363e+03     3.01518044e+02     5.44024881e+03    -3.15558533e+03   
    7.20000000e+03     3.60000000e+00     2.31206114e+03     3.01766768e+02     5.44024881e+03    -3.16021821e+03   
    7.40000000e+03     3.70000000e+00     2.31202520e+03     3.01344511e+02     5.44024881e+03    -3.15259687e+03   
    7.60000000e+03     3.80000000e+00     2.31191032e+03     3.01762157e+02     5.44024881e+03    -3.16028542e+03   
    7.80000000e+03     3.90000000e+00     2.31205621e+03     3.01818747e+02     5.44024881e+03    -3.16116575e+03   
    8.00000000e+03     4.00000000e+00     2.31205217e+03     3.02021073e+02     5.44024881e+03    -3.16483879e+03   
    8.20000000e+03     4.10000000e+00     2.31205699e+03     3.01759665e+02     5.44024881e+03    -3.16009356e+03   
    8.40000000e+03     4.20000000e+00     2.31198443e+03     3.01527803e+02     5.44024881e+03    -3.15596149e+03   
    8.60000000e+03     4.30000000e+00     2.31203406e+03     3.01622790e+02     5.44024881e+03    -3.15763438e+03   
    8.80000000e+03     4.40000000e+00     2.31209796e+03     3.01737145e+02     5.44024881e+03    -3.15964420e+03   
    9.00000000e+03     4.50000000e+00     2.31199961e+03     3.02229343e+02     5.44024881e+03    -3.16866815e+03   
    9.20000000e+03     4.60000000e+00     2.31202540e+03     3.01877009e+02     5.44024881e+03    -3.16225308e+03   
    9.40000000e+03     4.70000000e+00     2.31200345e+03     3.01705787e+02     5.44024881e+03    -3.15917007e+03   
    9.60000000e+03     4.80000000e+00     2.31201562e+03     3.01411736e+02     5.44024881e+03    -3.15382553e+03   
    9.80000000e+03     4.90000000e+00     2.31198644e+03     3.01662790e+02     5.44024881e+03    -3.15840737e+03   
    1.00000000e+04     5.00000000e+00     2.31219577e+03     3.00715341e+02     5.44024881e+03    -3.14101683e+03   
    1.02000000e+04     5.10000000e+00     2.31206159e+03     3.01888744e+02     5.44024881e+03    -3.16242968e+03   
    1.04000000e+04     5.20000000e+00     2.31210539e+03     3.01480380e+02     5.44024881e+03    -3.15498056e+03   
    1.06000000e+04     5.30000000e+00     2.31197557e+03     3.02271048e+02     5.44024881e+03    -3.16944847e+03   
    1.08000000e+04     5.40000000e+00     2.31202172e+03     3.00918120e+02     5.44024881e+03    -3.14486812e+03   
    1.10000000e+04     5.50000000e+00     2.31193540e+03     3.01898631e+02     5.44024881e+03    -3.16273518e+03   
    1.12000000e+04     5.60000000e+00     2.31195100e+03     3.01849448e+02     5.44024881e+03    -3.16182769e+03   
    1.14000000e+04     5.70000000e+00     2.31208089e+03     3.02084066e+02     5.44024881e+03    -3.16595239e+03   
    1.16000000e+04     5.80000000e+00     2.31212192e+03     3.01395436e+02     5.44024881e+03    -3.15342364e+03   
    1.18000000e+04     5.90000000e+00     2.31206818e+03     3.01357918e+02     5.44024881e+03    -3.15279702e+03   
    1.20000000e+04     6.00000000e+00     2.31206990e+03     3.01376433e+02     5.44024881e+03    -3.15313106e+03   
    1.22000000e+04     6.10000000e+00     2.31218099e+03     3.01698808e+02     5.44024881e+03    -3.15886597e+03   
    1.24000000e+04     6.20000000e+00     2.31200527e+03     3.01613810e+02     5.44024881e+03    -3.15750032e+03   
    1.26000000e+04     6.30000000e+00     2.31203602e+03     3.01402926e+02     5.44024881e+03    -3.15364537e+03   
    1.28000000e+04     6.40000000e+00     2.31216637e+03     3.01511715e+02     5.44024881e+03    -3.15548781e+03   
    1.30000000e+04     6.50000000e+00     2.31207221e+03     3.02129383e+02     5.44024881e+03    -3.16678288e+03   
    1.32000000e+04     6.60000000e+00     2.31201015e+03     3.02247339e+02     5.44024881e+03    -3.16898396e+03   
    1.34000000e+04     6.70000000e+00     2.31205805e+03     3.02118044e+02     5.44024881e+03    -3.16659140e+03   
    1.36000000e+04     6.80000000e+00     2.31200182e+03     3.02751290e+02     5.44024881e+03    -3.17813102e+03   
    1.38000000e+04     6.90000000e+00     2.31209196e+03     3.01675578e+02     5.44024881e+03    -3.15853375e+03   
    1.40000000e+04     7.00000000e+00     2.31218300e+03     3.01631897e+02     5.44024881e+03    -3.15765058e+03   
    1.42000000e+04     7.10000000e+00     2.31201636e+03     3.01911590e+02     5.44024881e+03    -3.16288923e+03   
    1.44000000e+04     7.20000000e+00     2.31203270e+03     3.02531437e+02     5.44024881e+03    -3.17411329e+03   
    1.46000000e+04     7.30000000e+00     2.31190813e+03     3.01836277e+02     5.44024881e+03    -3.16163172e+03   
    1.48000000e+04     7.40000000e+00     2.31207723e+03     3.01883032e+02     5.44024881e+03    -3.16231047e+03   
    1.50000000e+04     7.50000000e+00     2.31199506e+03     3.01163294e+02     5.44024881e+03    -3.14934080e+03   
    1.52000000e+04     7.60000000e+00     2.31194615e+03     3.01995504e+02     5.44024881e+03    -3.16448115e+03   
    1.54000000e+04     7.70000000e+00     2.31189912e+03     3.01303441e+02     5.44024881e+03    -3.15197820e+03   
    1.56000000e+04     7.80000000e+00     2.31194957e+03     3.02681368e+02     5.44024881e+03    -3.17691529e+03   
    1.58000000e+04     7.90000000e+00     2.31196984e+03     3.02263506e+02     5.44024881e+03    -3.16931745e+03   
    1.60000000e+04     8.00000000e+00     2.31187952e+03     3.01986944e+02     5.44024881e+03    -3.16439254e+03   
    1.62000000e+04     8.10000000e+00     2.31196413e+03     3.02581312e+02     5.44024881e+03    -3.17508630e+03   
    1.64000000e+04     8.20000000e+00     2.31201460e+03     3.01903323e+02     5.44024881e+03    -3.16274106e+03   
    1.66000000e+04     8.30000000e+00     2.31212554e+03     3.01365039e+02     5.44024881e+03    -3.15286879e+03   
    1.68000000e+04     8.40000000e+00     2.31200503e+03     3.01290592e+02     5.44024881e+03    -3.15163928e+03   
    1.70000000e+04     8.50000000e+00     2.31211299e+03     3.02070040e+02     5.44024881e+03    -3.16566594e+03   
    1.72000000e+04     8.60000000e+00     2.31200615e+03     3.02479901e+02     5.44024881e+03    -3.17320526e+03   
    1.74000000e+04     8.70000000e+00     2.31203655e+03     3.01986416e+02     5.44024881e+03    -3.16422594e+03   
    1.76000000e+04     8.80000000e+00     2.31201984e+03     3.01656344e+02     5.44024881e+03    -3.15825706e+03   
    1.78000000e+04     8.90000000e+00     2.31206460e+03     3.01231729e+02     5.44024881e+03    -3.15051227e+03   
    1.80000000e+04     9.00000000e+00     2.31198229e+03     3.01673303e+02     5.44024881e+03    -3.15860216e+03   
    1.82000000e+04     9.10000000e+00     2.31193554e+03     3.01591206e+02     5.44024881e+03    -3.15716015e+03   
    1.84000000e+04     9.20000000e+00     2.31205593e+03     3.02130738e+02     5.44024881e+03    -3.16682372e+03   
    1.86000000e+04     9.30000000e+00     2.31206497e+03     3.01618182e+02     5.44024881e+03    -3.15751991e+03   
    1.88000000e+04     9.40000000e+00     2.31209298e+03     3.02179599e+02     5.44024881e+03    -3.16767273e+03   
    1.90000000e+04     9.50000000e+00     2.31203056e+03     3.02491422e+02     5.44024881e+03    -3.17338979e+03   
    1.92000000e+04     9.60000000e+00     2.31201777e+03     3.02251309e+02     5.44024881e+03    -3.16904834e+03   
    1.94000000e+04     9.70000000e+00     2.31194828e+03     3.02242324e+02     5.44024881e+03    -3.16895489e+03   
    1.96000000e+04     9.80000000e+00     2.31198988e+03     3.01296011e+02     5.44024881e+03    -3.15175268e+03   
    1.98000000e+04     9.90000000e+00     2.31206515e+03     3.01749826e+02     5.44024881e+03    -3.15990697e+03   
    2.00000000e+04     1.00000000e+01     2.31236883e+03     3.01369753e+02     5.44024881e+03    -3.15271099e+03   
    2.02000000e+04     1.01000000e+01     2.31200309e+03     3.02025229e+02     5.44024881e+03    -3.16496323e+03   
    2.04000000e+04     1.02000000e+01     2.31202965e+03     3.02172971e+02     5.44024881e+03    -3.16761586e+03   
    2.06000000e+04     1.03000000e+01     2.31208047e+03     3.01425626e+02     5.44024881e+03    -3.15401256e+03   
    2.08000000e+04     1.04000000e+01     2.31200974e+03     3.01790094e+02     5.44024881e+03    -3.16069262e+03   
    2.10000000e+04     1.05000000e+01     2.31206167e+03     3.02117586e+02     5.44024881e+03    -3.16657948e+03   
    2.12000000e+04     1.06000000e+01     2.31221828e+03     3.01315018e+02     5.44024881e+03    -3.15186896e+03   
    2.14000000e+04     1.07000000e+01     2.31220316e+03     3.01471053e+02     5.44024881e+03    -3.15471364e+03   
    2.16000000e+04     1.08000000e+01     2.31213899e+03     3.01877025e+02     5.44024881e+03    -3.16213979e+03   
    2.18000000e+04     1.09000000e+01     2.31196116e+03     3.01883960e+02     5.44024881e+03    -3.16244338e+03   
    2.20000000e+04     1.10000000e+01     2.31202047e+03     3.01668501e+02     5.44024881e+03    -3.15847690e+03   
    2.22000000e+04     1.11000000e+01     2.31187016e+03     3.01696144e+02     5.44024881e+03    -3.15912849e+03   
    2.24000000e+04     1.12000000e+01     2.31192143e+03     3.01710301e+02     5.44024881e+03    -3.15933395e+03   
    2.26000000e+04     1.13000000e+01     2.31194545e+03     3.02642744e+02     5.44024881e+03    -3.17621900e+03   
    2.28000000e+04     1.14000000e+01     2.31198871e+03     3.02397705e+02     5.44024881e+03    -3.17173217e+03   
    2.30000000e+04     1.15000000e+01     2.31211851e+03     3.02194975e+02     5.44024881e+03    -3.16792601e+03   
    2.32000000e+04     1.16000000e+01     2.31210164e+03     3.01754045e+02     5.44024881e+03    -3.15994699e+03   
    2.34000000e+04     1.17000000e+01     2.31219513e+03     3.02286838e+02     5.44024881e+03    -3.16951526e+03   
    2.36000000e+04     1.18000000e+01     2.31196446e+03     3.01438995e+02     5.44024881e+03    -3.15437100e+03   
    2.38000000e+04     1.19000000e+01     2.31210831e+03     3.01228488e+02     5.44024881e+03    -3.15040979e+03   
    2.40000000e+04     1.20000000e+01     2.31206606e+03     3.01533333e+02     5.44024881e+03    -3.15598016e+03   
    2.42000000e+04     1.21000000e+01     2.31196936e+03     3.00760046e+02     5.44024881e+03    -3.14205394e+03   
    2.44000000e+04     1.22000000e+01     2.31185343e+03     3.01964364e+02     5.44024881e+03    -3.16400917e+03   
    2.46000000e+04     1.23000000e+01     2.31195987e+03     3.01778149e+02     5.44024881e+03    -3.16052587e+03   
    2.48000000e+04     1.24000000e+01     2.31214402e+03     3.01328041e+02     5.44024881e+03    -3.15217939e+03   
    2.50000000e+04     1.25000000e+01     2.31200425e+03     3.01635774e+02     5.44024881e+03    -3.15789965e+03   
    2.52000000e+04     1.26000000e+01     2.31195567e+03     3.01775022e+02     5.44024881e+03    -3.16047337e+03   
    2.54000000e+04     1.27000000e+01     2.31208272e+03     3.01462375e+02     5.44024881e+03    -3.15467672e+03   
    2.56000000e+04     1.28000000e+01     2.31198923e+03     3.02221999e+02     5.44024881e+03    -3.16854537e+03   
    2.58000000e+04     1.29000000e+01     2.31200133e+03     3.02325306e+02     5.44024881e+03    -3.17040664e+03   
    2.60000000e+04     1.30000000e+01     2.31196005e+03     3.02453649e+02     5.44024881e+03    -3.17277533e+03   
    2.62000000e+04     1.31000000e+01     2.31184931e+03     3.01656259e+02     5.44024881e+03    -3.15842606e+03   
    2.64000000e+04     1.32000000e+01     2.31175547e+03     3.02544058e+02     5.44024881e+03    -3.17461938e+03   
    2.66000000e+04     1.33000000e+01     2.31174216e+03     3.01751689e+02     5.44024881e+03    -3.16026375e+03   
    2.68000000e+04     1.34000000e+01     2.31192327e+03     3.01693369e+02     5.44024881e+03    -3.15902506e+03   
    2.70000000e+04     1.35000000e+01     2.31193357e+03     3.01145465e+02     5.44024881e+03    -3.14907898e+03   
    2.72000000e+04     1.36000000e+01     2.31193774e+03     3.01377649e+02     5.44024881e+03    -3.15328527e+03   
    2.74000000e+04     1.37000000e+01     2.31208789e+03     3.01272339e+02     5.44024881e+03    -3.15122541e+03   
    2.76000000e+04     1.38000000e+01     2.31202608e+03     3.01148636e+02     5.44024881e+03    -3.14904397e+03   
    2.78000000e+04     1.39000000e+01     2.31196138e+03     3.01793940e+02     5.44024881e+03    -3.16081072e+03   
    2.80000000e+04     1.40000000e+01     2.31196719e+03     3.02331775e+02     5.44024881e+03    -3.17055809e+03   
    2.82000000e+04     1.41000000e+01     2.31201579e+03     3.03105698e+02     5.44024881e+03    -3.18454393e+03   
    2.84000000e+04     1.42000000e+01     2.31184655e+03     3.03162739e+02     5.44024881e+03    -3.18574758e+03   
    2.86000000e+04     1.43000000e+01     2.31188461e+03     3.02811161e+02     5.44024881e+03    -3.17933394e+03   
    2.88000000e+04     1.44000000e+01     2.31216022e+03     3.02087728e+02     5.44024881e+03    -3.16593948e+03   
    2.90000000e+04     1.45000000e+01     2.31202520e+03     3.02395242e+02     5.44024881e+03    -3.17165100e+03   
    2.92000000e+04     1.46000000e+01     2.31203642e+03     3.01579401e+02     5.44024881e+03    -3.15684520e+03   
    2.94000000e+04     1.47000000e+01     2.31188980e+03     3.01488616e+02     5.44024881e+03    -3.15534550e+03   
    2.96000000e+04     1.48000000e+01     2.31200573e+03     3.02058500e+02     5.44024881e+03    -3.16556394e+03   
    2.98000000e+04     1.49000000e+01     2.31202661e+03     3.01304667e+02     5.44024881e+03    -3.15187294e+03   
    3.00000000e+04     1.50000000e+01     2.31201965e+03     3.02151027e+02     5.44024881e+03    -3.16722792e+03   
    3.02000000e+04     1.51000000e+01     2.31209401e+03     3.01898054e+02     5.44024881e+03    -3.16256612e+03   
    3.04000000e+04     1.52000000e+01     2.31200270e+03     3.01975601e+02     5.44024881e+03    -3.16406367e+03   
    3.06000000e+04     1.53000000e+01     2.31194444e+03     3.02573013e+02     5.44024881e+03    -3.17495549e+03   
    3.08000000e+04     1.54000000e+01     2.31202021e+03     3.02721716e+02     5.44024881e+03    -3.17757633e+03   
    3.10000000e+04     1.55000000e+01     2.31198648e+03     3.02796271e+02     5.44024881e+03    -3.17896206e+03   
    3.12000000e+04     1.56000000e+01     2.31215843e+03     3.01849241e+02     5.44024881e+03    -3.16161651e+03   
    3.14000000e+04     1.57000000e+01     2.31221274e+03     3.01486416e+02     5.44024881e+03    -3.15498266e+03   
    3.16000000e+04     1.58000000e+01     2.31214262e+03     3.02069710e+02     5.44024881e+03    -3.16563034e+03   
    3.18000000e+04     1.59000000e+01     2.31209695e+03     3.01380784e+02     5.44024881e+03    -3.15318291e+03   
    3.20000000e+04     1.60000000e+01     2.31208649e+03     3.02347049e+02     5.44024881e+03    -3.17071579e+03   
    3.22000000e+04     1.61000000e+01     2.31215026e+03     3.01488906e+02     5.44024881e+03    -3.15509031e+03   
    3.24000000e+04     1.62000000e+01     2.31205872e+03     3.01937916e+02     5.44024881e+03    -3.16332427e+03   
    3.26000000e+04     1.63000000e+01     2.31205928e+03     3.01386278e+02     5.44024881e+03    -3.15332021e+03   
    3.28000000e+04     1.64000000e+01     2.31206793e+03     3.01312071e+02     5.44024881e+03    -3.15196587e+03   
    3.30000000e+04     1.65000000e+01     2.31217565e+03     3.01083601e+02     5.44024881e+03    -3.14771505e+03   
    3.32000000e+04     1.66000000e+01     2.31221365e+03     3.01157261e+02     5.44024881e+03    -3.14901281e+03   
    3.34000000e+04     1.67000000e+01     2.31219882e+03     3.01578975e+02     5.44024881e+03    -3.15667507e+03   
    3.36000000e+04     1.68000000e+01     2.31208289e+03     3.01837406e+02     5.44024881e+03    -3.16147742e+03   
    3.38000000e+04     1.69000000e+01     2.31206625e+03     3.01752703e+02     5.44024881e+03    -3.15995805e+03   
    3.40000000e+04     1.70000000e+01     2.31192603e+03     3.01593630e+02     5.44024881e+03    -3.15721361e+03   
    3.42000000e+04     1.71000000e+01     2.31185499e+03     3.01385016e+02     5.44024881e+03    -3.15350161e+03   
    3.44000000e+04     1.72000000e+01     2.31188145e+03     3.01922087e+02     5.44024881e+03    -3.16321448e+03   
    3.46000000e+04     1.73000000e+01     2.31201855e+03     3.01281945e+02     5.44024881e+03    -3.15146896e+03   
    3.48000000e+04     1.74000000e+01     2.31202509e+03     3.01866912e+02     5.44024881e+03    -3.16207029e+03   
    3.50000000e+04     1.75000000e+01     2.31195867e+03     3.01745852e+02     5.44024881e+03    -3.15994140e+03   
    3.52000000e+04     1.76000000e+01     2.31198596e+03     3.01868957e+02     5.44024881e+03    -3.16214651e+03   
    3.54000000e+04     1.77000000e+01     2.31197920e+03     3.02185468e+02     5.44024881e+03    -3.16789294e+03   
    3.56000000e+04     1.78000000e+01     2.31209573e+03     3.01871871e+02     5.44024881e+03    -3.16208958e+03   
    3.58000000e+04     1.79000000e+01     2.31200170e+03     3.02073792e+02     5.44024881e+03    -3.16584528e+03   
    3.60000000e+04     1.80000000e+01     2.31205486e+03     3.02156800e+02     5.44024881e+03    -3.16729740e+03   
    3.62000000e+04     1.81000000e+01     2.31212197e+03     3.01207875e+02     5.44024881e+03    -3.15002233e+03   
    3.64000000e+04     1.82000000e+01     2.31211612e+03     3.00908210e+02     5.44024881e+03    -3.14459402e+03   
    3.66000000e+04     1.83000000e+01     2.31205283e+03     3.01332892e+02     5.44024881e+03    -3.15235854e+03   
    3.68000000e+04     1.84000000e+01     2.31210944e+03     3.01633444e+02     5.44024881e+03    -3.15775220e+03   
    3.70000000e+04     1.85000000e+01     2.31211183e+03     3.01886434e+02     5.44024881e+03    -3.16233757e+03   
    3.72000000e+04     1.86000000e+01     2.31211316e+03     3.02315427e+02     5.44024881e+03    -3.17011566e+03   
    3.74000000e+04     1.87000000e+01     2.31209661e+03     3.01630398e+02     5.44024881e+03    -3.15770980e+03   
    3.76000000e+04     1.88000000e+01     2.31214460e+03     3.01482342e+02     5.44024881e+03    -3.15497694e+03   
    3.78000000e+04     1.89000000e+01     2.31211114e+03     3.02015166e+02     5.44024881e+03    -3.16467270e+03   
    3.80000000e+04     1.90000000e+01     2.31205365e+03     3.01848959e+02     5.44024881e+03    -3.16171618e+03   
    3.82000000e+04     1.91000000e+01     2.31211235e+03     3.01393212e+02     5.44024881e+03    -3.15339288e+03   
    3.84000000e+04     1.92000000e+01     2.31211361e+03     3.00732172e+02     5.44024881e+03    -3.14140422e+03   
    3.86000000e+04     1.93000000e+01     2.31211190e+03     3.00769154e+02     5.44024881e+03    -3.14207655e+03   
    3.88000000e+04     1.94000000e+01     2.31227388e+03     3.00659434e+02     5.44024881e+03    -3.13992490e+03   
    3.90000000e+04     1.95000000e+01     2.31202917e+03     3.02350053e+02     5.44024881e+03    -3.17082758e+03   
    3.92000000e+04     1.96000000e+01     2.31201401e+03     3.01991537e+02     5.44024881e+03    -3.16434136e+03   
    3.94000000e+04     1.97000000e+01     2.31190896e+03     3.02014638e+02     5.44024881e+03    -3.16486531e+03   
    3.96000000e+04     1.98000000e+01     2.31192713e+03     3.01594102e+02     5.44024881e+03    -3.15722108e+03   
    3.98000000e+04     1.99000000e+01     2.31200274e+03     3.01782856e+02     5.44024881e+03    -3.16056837e+03   
    4.00000000e+04     2.00000000e+01     2.31216216e+03     3.01554552e+02     5.44024881e+03    -3.15626884e+03   
