# column   1     --> step : The current simulation time step.
# column   2     --> time{picosecond} : The elapsed simulation time.
# column   3     --> conserved{electronvolt} : The value of the conserved energy quantity per bead.
# column   4     --> temperature{kelvin} : The current temperature, as obtained from the MD kinetic energy.
# column   5     --> kinetic_cv{electronvolt} : The centroid-virial quantum kinetic energy of the physical system.
# column   6     --> potential{electronvolt} : The physical system potential energy.
    0.00000000e+00     0.00000000e+00     2.31101485e+03     3.01199191e+02     5.44024881e+03    -3.15097197e+03   
    2.00000000e+02     1.00000000e-01     2.31095018e+03     3.01241794e+02     5.44024881e+03    -3.15180920e+03   
    4.00000000e+02     2.00000000e-01     2.31101501e+03     3.02070971e+02     5.44024881e+03    -3.16678081e+03   
    6.00000000e+02     3.00000000e-01     2.31096226e+03     3.02143423e+02     5.44024881e+03    -3.16814742e+03   
    8.00000000e+02     4.00000000e-01     2.31096000e+03     3.02588933e+02     5.44024881e+03    -3.17622863e+03   
    1.00000000e+03     5.00000000e-01     2.31095964e+03     3.02349811e+02     5.44024881e+03    -3.17189270e+03   
    1.20000000e+03     6.00000000e-01     2.31111910e+03     3.01381795e+02     5.44024881e+03    -3.15417908e+03   
    1.40000000e+03     7.00000000e-01     2.31107099e+03     3.01742840e+02     5.44024881e+03    -3.16077446e+03   
    1.60000000e+03     8.00000000e-01     2.31096249e+03     3.02001450e+02     5.44024881e+03    -3.16557262e+03   
    1.80000000e+03     9.00000000e-01     2.31094612e+03     3.02331420e+02     5.44024881e+03    -3.17157272e+03   
    2.00000000e+03     1.00000000e+00     2.31098244e+03     3.01463067e+02     5.44024881e+03    -3.15578954e+03   
    2.20000000e+03     1.10000000e+00     2.31092613e+03     3.01763560e+02     5.44024881e+03    -3.16129505e+03   
    2.40000000e+03     1.20000000e+00     2.31104424e+03     3.01962833e+02     5.44024881e+03    -3.16479059e+03   
    2.60000000e+03     1.30000000e+00     2.31110180e+03     3.01824918e+02     5.44024881e+03    -3.16223206e+03   
    2.80000000e+03     1.40000000e+00     2.31115168e+03     3.01954652e+02     5.44024881e+03    -3.16453480e+03   
    3.00000000e+03     1.50000000e+00     2.31111018e+03     3.01652901e+02     5.44024881e+03    -3.15910429e+03   
    3.20000000e+03     1.60000000e+00     2.31113002e+03     3.02164552e+02     5.44024881e+03    -3.16836282e+03   
    3.40000000e+03     1.70000000e+00     2.31111335e+03     3.01693406e+02     5.44024881e+03    -3.15983566e+03   
    3.60000000e+03     1.80000000e+00     2.31102235e+03     3.01795413e+02     5.44024881e+03    -3.16177647e+03   
    3.80000000e+03     1.90000000e+00     2.31107404e+03     3.01439918e+02     5.44024881e+03    -3.15527816e+03   
    4.00000000e+03     2.00000000e+00     2.31102615e+03     3.01537408e+02     5.44024881e+03    -3.15709396e+03   
    4.20000000e+03     2.10000000e+00     2.31103204e+03     3.01766683e+02     5.44024881e+03    -3.16124578e+03   
    4.40000000e+03     2.20000000e+00     2.31107870e+03     3.01501138e+02     5.44024881e+03    -3.15638368e+03   
    4.60000000e+03     2.30000000e+00     2.31099634e+03     3.01762516e+02     5.44024881e+03    -3.16120590e+03   
    4.80000000e+03     2.40000000e+00     2.31090414e+03     3.02095389e+02     5.44024881e+03    -3.16733449e+03   
    5.00000000e+03     2.50000000e+00     2.31099052e+03     3.02200829e+02     5.44024881e+03    -3.16916016e+03   
    5.20000000e+03     2.60000000e+00     2.31092394e+03     3.02109361e+02     5.44024881e+03    -3.16756805e+03   
    5.40000000e+03     2.70000000e+00     2.31109558e+03     3.02164789e+02     5.44024881e+03    -3.16840156e+03   
    5.60000000e+03     2.80000000e+00     2.31085139e+03     3.01543098e+02     5.44024881e+03    -3.15737190e+03   
    5.80000000e+03     2.90000000e+00     2.31103601e+03     3.01919642e+02     5.44024881e+03    -3.16401559e+03   
    6.00000000e+03     3.00000000e+00     2.31101884e+03     3.02223422e+02     5.44024881e+03    -3.16954156e+03   
    6.20000000e+03     3.10000000e+00     2.31106995e+03     3.01978980e+02     5.44024881e+03    -3.16505769e+03   
    6.40000000e+03     3.20000000e+00     2.31091295e+03     3.02220356e+02     5.44024881e+03    -3.16959185e+03   
    6.60000000e+03     3.30000000e+00     2.31105682e+03     3.02157225e+02     5.44024881e+03    -3.16830315e+03   
    6.80000000e+03     3.40000000e+00     2.31102581e+03     3.01758518e+02     5.44024881e+03    -3.16110393e+03   
    7.00000000e+03     3.50000000e+00     2.31107148e+03     3.01056101e+02     5.44024881e+03    -3.14832052e+03   
    7.20000000e+03     3.60000000e+00     2.31109860e+03     3.01156160e+02     5.44024881e+03    -3.15010789e+03   
    7.40000000e+03     3.70000000e+00     2.31111626e+03     3.01440062e+02     5.44024881e+03    -3.15523855e+03   
    7.60000000e+03     3.80000000e+00     2.31092692e+03     3.01577788e+02     5.44024881e+03    -3.15792544e+03   
    7.80000000e+03     3.90000000e+00     2.31111895e+03     3.01569611e+02     5.44024881e+03    -3.15758512e+03   
    8.00000000e+03     4.00000000e+00     2.31106107e+03     3.01718380e+02     5.44024881e+03    -3.16034080e+03   
    8.20000000e+03     4.10000000e+00     2.31091806e+03     3.02549889e+02     5.44024881e+03    -3.17556253e+03   
    8.40000000e+03     4.20000000e+00     2.31099519e+03     3.01729910e+02     5.44024881e+03    -3.16061578e+03   
    8.60000000e+03     4.30000000e+00     2.31089668e+03     3.02665207e+02     5.44024881e+03    -3.17767510e+03   
    8.80000000e+03     4.40000000e+00     2.31098837e+03     3.02174711e+02     5.44024881e+03    -3.16868869e+03   
    9.00000000e+03     4.50000000e+00     2.31107357e+03     3.02645022e+02     5.44024881e+03    -3.17713219e+03   
    9.20000000e+03     4.60000000e+00     2.31112159e+03     3.01690093e+02     5.44024881e+03    -3.15976732e+03   
    9.40000000e+03     4.70000000e+00     2.31113554e+03     3.01559754e+02     5.44024881e+03    -3.15738979e+03   
    9.60000000e+03     4.80000000e+00     2.31110411e+03     3.01403109e+02     5.44024881e+03    -3.15458059e+03   
    9.80000000e+03     4.90000000e+00     2.31103028e+03     3.01447445e+02     5.44024881e+03    -3.15545843e+03   
    1.00000000e+04     5.00000000e+00     2.31097392e+03     3.02292863e+02     5.44024881e+03    -3.17084573e+03   
    1.02000000e+04     5.10000000e+00     2.31099566e+03     3.01344995e+02     5.44024881e+03    -3.15363520e+03   
    1.04000000e+04     5.20000000e+00     2.31093595e+03     3.02314790e+02     5.44024881e+03    -3.17128133e+03   
    1.06000000e+04     5.30000000e+00     2.31096801e+03     3.02241641e+02     5.44024881e+03    -3.16992276e+03   
    1.08000000e+04     5.40000000e+00     2.31089297e+03     3.02033668e+02     5.44024881e+03    -3.16622639e+03   
    1.10000000e+04     5.50000000e+00     2.31101376e+03     3.02295927e+02     5.44024881e+03    -3.17086144e+03   
    1.12000000e+04     5.60000000e+00     2.31094917e+03     3.01871182e+02     5.44024881e+03    -3.16322366e+03   
    1.14000000e+04     5.70000000e+00     2.31098697e+03     3.01494434e+02     5.44024881e+03    -3.15635384e+03   
    1.16000000e+04     5.80000000e+00     2.31096202e+03     3.01270895e+02     5.44024881e+03    -3.15232509e+03   
    1.18000000e+04     5.90000000e+00     2.31107971e+03     3.00859441e+02     5.44024881e+03    -3.14474602e+03   
    1.20000000e+04     6.00000000e+00     2.31111207e+03     3.01346611e+02     5.44024881e+03    -3.15354809e+03   
    1.22000000e+04     6.10000000e+00     2.31094729e+03     3.01733306e+02     5.44024881e+03    -3.16072526e+03   
    1.24000000e+04     6.20000000e+00     2.31083728e+03     3.02506408e+02     5.44024881e+03    -3.17485483e+03   
    1.26000000e+04     6.30000000e+00     2.31086288e+03     3.02820158e+02     5.44024881e+03    -3.18051882e+03   
    1.28000000e+04     6.40000000e+00     2.31095993e+03     3.02520738e+02     5.44024881e+03    -3.17499203e+03   
    1.30000000e+04     6.50000000e+00     2.31103416e+03     3.02476557e+02     5.44024881e+03    -3.17411662e+03   
    1.32000000e+04     6.60000000e+00     2.31099778e+03     3.02134200e+02     5.44024881e+03    -3.16794464e+03   
    1.34000000e+04     6.70000000e+00     2.31099423e+03     3.02106032e+02     5.44024881e+03    -3.16743739e+03   
    1.36000000e+04     6.80000000e+00     2.31098197e+03     3.01404549e+02     5.44024881e+03    -3.15472885e+03   
    1.38000000e+04     6.90000000e+00     2.31102012e+03     3.01468516e+02     5.44024881e+03    -3.15585069e+03   
    1.40000000e+04     7.00000000e+00     2.31110095e+03     3.01426460e+02     5.44024881e+03    -3.15500721e+03   
    1.42000000e+04     7.10000000e+00     2.31093653e+03     3.01615973e+02     5.44024881e+03    -3.15860829e+03   
    1.44000000e+04     7.20000000e+00     2.31084799e+03     3.02279215e+02     5.44024881e+03    -3.17072416e+03   
    1.46000000e+04     7.30000000e+00     2.31101191e+03     3.01691624e+02     5.44024881e+03    -3.15990477e+03   
    1.48000000e+04     7.40000000e+00     2.31098386e+03     3.01974713e+02     5.44024881e+03    -3.16506640e+03   
    1.50000000e+04     7.50000000e+00     2.31104003e+03     3.01485659e+02     5.44024881e+03    -3.15614165e+03   
    1.52000000e+04     7.60000000e+00     2.31099365e+03     3.01569393e+02     5.44024881e+03    -3.15770648e+03   
    1.54000000e+04     7.70000000e+00     2.31090345e+03     3.02544345e+02     5.44024881e+03    -3.17547661e+03   
    1.56000000e+04     7.80000000e+00     2.31093846e+03     3.01437245e+02     5.44024881e+03    -3.15536527e+03   
    1.58000000e+04     7.90000000e+00     2.31092909e+03     3.01227838e+02     5.44024881e+03    -3.15157722e+03   
    1.60000000e+04     8.00000000e+00     2.31092555e+03     3.01126468e+02     5.44024881e+03    -3.14974251e+03   
    1.62000000e+04     8.10000000e+00     2.31101260e+03     3.01300315e+02     5.44024881e+03    -3.15280803e+03   
    1.64000000e+04     8.20000000e+00     2.31100949e+03     3.02343927e+02     5.44024881e+03    -3.17173615e+03   
    1.66000000e+04     8.30000000e+00     2.31092196e+03     3.01638655e+02     5.44024881e+03    -3.15903418e+03   
    1.68000000e+04     8.40000000e+00     2.31080467e+03     3.02451039e+02     5.44024881e+03    -3.17388337e+03   
    1.70000000e+04     8.50000000e+00     2.31092721e+03     3.02385477e+02     5.44024881e+03    -3.17257192e+03   
    1.72000000e+04     8.60000000e+00     2.31097369e+03     3.01515919e+02     5.44024881e+03    -3.15675673e+03   
    1.74000000e+04     8.70000000e+00     2.31109701e+03     3.01893990e+02     5.44024881e+03    -3.16348941e+03   
    1.76000000e+04     8.80000000e+00     2.31099101e+03     3.01902818e+02     5.44024881e+03    -3.16375549e+03   
    1.78000000e+04     8.90000000e+00     2.31100013e+03     3.00608146e+02     5.44024881e+03    -3.14026858e+03   
    1.80000000e+04     9.00000000e+00     2.31100941e+03     3.01044765e+02     5.44024881e+03    -3.14817702e+03   
    1.82000000e+04     9.10000000e+00     2.31102005e+03     3.01481797e+02     5.44024881e+03    -3.15609160e+03   
    1.84000000e+04     9.20000000e+00     2.31083345e+03     3.01918891e+02     5.44024881e+03    -3.16420452e+03   
    1.86000000e+04     9.30000000e+00     2.31081360e+03     3.01097472e+02     5.44024881e+03    -3.14932863e+03   
    1.88000000e+04     9.40000000e+00     2.31084649e+03     3.01865501e+02     5.44024881e+03    -3.16322331e+03   
    1.90000000e+04     9.50000000e+00     2.31090796e+03     3.00893364e+02     5.44024881e+03    -3.14553294e+03   
    1.92000000e+04     9.60000000e+00     2.31088810e+03     3.01533713e+02     5.44024881e+03    -3.15716500e+03   
    1.94000000e+04     9.70000000e+00     2.31080848e+03     3.01381415e+02     5.44024881e+03    -3.15448281e+03   
    1.96000000e+04     9.80000000e+00     2.31096751e+03     3.01432599e+02     5.44024881e+03    -3.15525196e+03   
    1.98000000e+04     9.90000000e+00     2.31105269e+03     3.01358953e+02     5.44024881e+03    -3.15383127e+03   
    2.00000000e+04     1.00000000e+01     2.31125703e+03     3.00757306e+02     5.44024881e+03    -3.14271658e+03   
    2.02000000e+04     1.01000000e+01     2.31095188e+03     3.01529561e+02     5.44024881e+03    -3.15702593e+03   
    2.04000000e+04     1.02000000e+01     2.31101703e+03     3.01550878e+02     5.44024881e+03    -3.15734734e+03   
    2.06000000e+04     1.03000000e+01     2.31085007e+03     3.02510654e+02     5.44024881e+03    -3.17491904e+03   
    2.08000000e+04     1.04000000e+01     2.31091925e+03     3.01580862e+02     5.44024881e+03    -3.15798885e+03   
    2.10000000e+04     1.05000000e+01     2.31087889e+03     3.01547828e+02     5.44024881e+03    -3.15743017e+03   
    2.12000000e+04     1.06000000e+01     2.31096950e+03     3.02180758e+02     5.44024881e+03    -3.16881721e+03   
    2.14000000e+04     1.07000000e+01     2.31088839e+03     3.01922088e+02     5.44024881e+03    -3.16420756e+03   
    2.16000000e+04     1.08000000e+01     2.31094844e+03     3.01403767e+02     5.44024881e+03    -3.15474820e+03   
    2.18000000e+04     1.09000000e+01     2.31098817e+03     3.01972185e+02     5.44024881e+03    -3.16501626e+03   
    2.20000000e+04     1.10000000e+01     2.31091431e+03     3.01665564e+02     5.44024881e+03    -3.15952979e+03   
    2.22000000e+04     1.11000000e+01     2.31097133e+03     3.02462927e+02     5.44024881e+03    -3.17393229e+03   
    2.24000000e+04     1.12000000e+01     2.31111113e+03     3.01947518e+02     5.44024881e+03    -3.16444597e+03   
    2.26000000e+04     1.13000000e+01     2.31091947e+03     3.01770750e+02     5.44024881e+03    -3.16143209e+03   
    2.28000000e+04     1.14000000e+01     2.31101179e+03     3.02141947e+02     5.44024881e+03    -3.16807112e+03   
    2.30000000e+04     1.15000000e+01     2.31096640e+03     3.01995724e+02     5.44024881e+03    -3.16546489e+03   
    2.32000000e+04     1.16000000e+01     2.31100783e+03     3.02283596e+02     5.44024881e+03    -3.17064377e+03   
    2.34000000e+04     1.17000000e+01     2.31113754e+03     3.02097451e+02     5.44024881e+03    -3.16713847e+03   
    2.36000000e+04     1.18000000e+01     2.31112210e+03     3.01875993e+02     5.44024881e+03    -3.16313796e+03   
    2.38000000e+04     1.19000000e+01     2.31096151e+03     3.01646017e+02     5.44024881e+03    -3.15912813e+03   
    2.40000000e+04     1.20000000e+01     2.31103609e+03     3.02530648e+02     5.44024881e+03    -3.17509559e+03   
    2.42000000e+04     1.21000000e+01     2.31099489e+03     3.02199166e+02     5.44024881e+03    -3.16912565e+03   
    2.44000000e+04     1.22000000e+01     2.31101067e+03     3.01799220e+02     5.44024881e+03    -3.16185718e+03   
    2.46000000e+04     1.23000000e+01     2.31102032e+03     3.02302333e+02     5.44024881e+03    -3.17097106e+03   
    2.48000000e+04     1.24000000e+01     2.31098034e+03     3.02016671e+02     5.44024881e+03    -3.16583080e+03   
    2.50000000e+04     1.25000000e+01     2.31110055e+03     3.01926995e+02     5.44024881e+03    -3.16408439e+03   
    2.52000000e+04     1.26000000e+01     2.31097839e+03     3.02529118e+02     5.44024881e+03    -3.17512554e+03   
    2.54000000e+04     1.27000000e+01     2.31093402e+03     3.02643335e+02     5.44024881e+03    -3.17724115e+03   
    2.56000000e+04     1.28000000e+01     2.31086130e+03     3.02583493e+02     5.44024881e+03    -3.17622868e+03   
    2.58000000e+04     1.29000000e+01     2.31092482e+03     3.01854024e+02     5.44024881e+03    -3.16293685e+03   
    2.60000000e+04     1.30000000e+01     2.31106323e+03     3.01591478e+02     5.44024881e+03    -3.15803739e+03   
    2.62000000e+04     1.31000000e+01     2.31103424e+03     3.01385929e+02     5.44024881e+03    -3.15433891e+03   
    2.64000000e+04     1.32000000e+01     2.31099980e+03     3.01103148e+02     5.44024881e+03    -3.14924536e+03   
    2.66000000e+04     1.33000000e+01     2.31108715e+03     3.02110643e+02     5.44024881e+03    -3.16742809e+03   
    2.68000000e+04     1.34000000e+01     2.31107231e+03     3.01479748e+02     5.44024881e+03    -3.15600217e+03   
    2.70000000e+04     1.35000000e+01     2.31108632e+03     3.01450303e+02     5.44024881e+03    -3.15545421e+03   
    2.72000000e+04     1.36000000e+01     2.31115824e+03     3.00490986e+02     5.44024881e+03    -3.13798587e+03   
    2.74000000e+04     1.37000000e+01     2.31115588e+03     3.01593810e+02     5.44024881e+03    -3.15798704e+03   
    2.76000000e+04     1.38000000e+01     2.31110160e+03     3.01943778e+02     5.44024881e+03    -3.16438770e+03   
    2.78000000e+04     1.39000000e+01     2.31110212e+03     3.02332316e+02     5.44024881e+03    -3.17143298e+03   
    2.80000000e+04     1.40000000e+01     2.31104354e+03     3.01643188e+02     5.44024881e+03    -3.15899480e+03   
    2.82000000e+04     1.41000000e+01     2.31100334e+03     3.02233721e+02     5.44024881e+03    -3.16974382e+03   
    2.84000000e+04     1.42000000e+01     2.31102438e+03     3.01015825e+02     5.44024881e+03    -3.14763725e+03   
    2.86000000e+04     1.43000000e+01     2.31103247e+03     3.01940285e+02     5.44024881e+03    -3.16439347e+03   
    2.88000000e+04     1.44000000e+01     2.31096144e+03     3.01601057e+02     5.44024881e+03    -3.15831288e+03   
    2.90000000e+04     1.45000000e+01     2.31093683e+03     3.01477708e+02     5.44024881e+03    -3.15610068e+03   
    2.92000000e+04     1.46000000e+01     2.31111280e+03     3.01386239e+02     5.44024881e+03    -3.15426598e+03   
    2.94000000e+04     1.47000000e+01     2.31100549e+03     3.01265775e+02     5.44024881e+03    -3.15218877e+03   
    2.96000000e+04     1.48000000e+01     2.31098668e+03     3.01449427e+02     5.44024881e+03    -3.15553796e+03   
    2.98000000e+04     1.49000000e+01     2.31092345e+03     3.01277471e+02     5.44024881e+03    -3.15248291e+03   
    3.00000000e+04     1.50000000e+01     2.31095314e+03     3.01445844e+02     5.44024881e+03    -3.15550653e+03   
    3.02000000e+04     1.51000000e+01     2.31088370e+03     3.02056924e+02     5.44024881e+03    -3.16665740e+03   
    3.04000000e+04     1.52000000e+01     2.31091650e+03     3.02100380e+02     5.44024881e+03    -3.16741263e+03   
    3.06000000e+04     1.53000000e+01     2.31078071e+03     3.01524951e+02     5.44024881e+03    -3.15711350e+03   
    3.08000000e+04     1.54000000e+01     2.31092102e+03     3.01618454e+02     5.44024881e+03    -3.15866879e+03   
    3.10000000e+04     1.55000000e+01     2.31098688e+03     3.01695974e+02     5.44024881e+03    -3.16000868e+03   
    3.12000000e+04     1.56000000e+01     2.31092670e+03     3.02074718e+02     5.44024881e+03    -3.16693708e+03   
    3.14000000e+04     1.57000000e+01     2.31090629e+03     3.01813746e+02     5.44024881e+03    -3.16222498e+03   
    3.16000000e+04     1.58000000e+01     2.31093792e+03     3.01469487e+02     5.44024881e+03    -3.15595049e+03   
    3.18000000e+04     1.59000000e+01     2.31092042e+03     3.01757953e+02     5.44024881e+03    -3.16119908e+03   
    3.20000000e+04     1.60000000e+01     2.31102982e+03     3.01812748e+02     5.44024881e+03    -3.16208335e+03   
    3.22000000e+04     1.61000000e+01     2.31100240e+03     3.01346543e+02     5.44024881e+03    -3.15365653e+03   
    3.24000000e+04     1.62000000e+01     2.31099037e+03     3.02077509e+02     5.44024881e+03    -3.16692403e+03   
    3.26000000e+04     1.63000000e+01     2.31101720e+03     3.01252428e+02     5.44024881e+03    -3.15193503e+03   
    3.28000000e+04     1.64000000e+01     2.31102257e+03     3.01553117e+02     5.44024881e+03    -3.15738241e+03   
    3.30000000e+04     1.65000000e+01     2.31103616e+03     3.01141792e+02     5.44024881e+03    -3.14990978e+03   
    3.32000000e+04     1.66000000e+01     2.31092741e+03     3.01462986e+02     5.44024881e+03    -3.15584312e+03   
    3.34000000e+04     1.67000000e+01     2.31110626e+03     3.01144597e+02     5.44024881e+03    -3.14989055e+03   
    3.36000000e+04     1.68000000e+01     2.31095120e+03     3.02204239e+02     5.44024881e+03    -3.16926132e+03   
    3.38000000e+04     1.69000000e+01     2.31091068e+03     3.01704244e+02     5.44024881e+03    -3.16023486e+03   
    3.40000000e+04     1.70000000e+01     2.31094011e+03     3.01332338e+02     5.44024881e+03    -3.15346123e+03   
    3.42000000e+04     1.71000000e+01     2.31102607e+03     3.01474380e+02     5.44024881e+03    -3.15595108e+03   
    3.44000000e+04     1.72000000e+01     2.31101437e+03     3.02118690e+02     5.44024881e+03    -3.16764679e+03   
    3.46000000e+04     1.73000000e+01     2.31094405e+03     3.02268149e+02     5.44024881e+03    -3.17042743e+03   
    3.48000000e+04     1.74000000e+01     2.31082220e+03     3.02353984e+02     5.44024881e+03    -3.17210583e+03   
    3.50000000e+04     1.75000000e+01     2.31081891e+03     3.01827529e+02     5.44024881e+03    -3.16256230e+03   
    3.52000000e+04     1.76000000e+01     2.31097386e+03     3.01717545e+02     5.44024881e+03    -3.16041288e+03   
    3.54000000e+04     1.77000000e+01     2.31090852e+03     3.01731098e+02     5.44024881e+03    -3.16072399e+03   
    3.56000000e+04     1.78000000e+01     2.31099786e+03     3.02604777e+02     5.44024881e+03    -3.17647808e+03   
    3.58000000e+04     1.79000000e+01     2.31111790e+03     3.01253623e+02     5.44024881e+03    -3.15185599e+03   
    3.60000000e+04     1.80000000e+01     2.31104999e+03     3.01049191e+02     5.44024881e+03    -3.14821672e+03   
    3.62000000e+04     1.81000000e+01     2.31095506e+03     3.01502901e+02     5.44024881e+03    -3.15653929e+03   
    3.64000000e+04     1.82000000e+01     2.31097919e+03     3.01800971e+02     5.44024881e+03    -3.16192041e+03   
    3.66000000e+04     1.83000000e+01     2.31087642e+03     3.01368774e+02     5.44024881e+03    -3.15418566e+03   
    3.68000000e+04     1.84000000e+01     2.31088312e+03     3.01587954e+02     5.44024881e+03    -3.15815360e+03   
    3.70000000e+04     1.85000000e+01     2.31099758e+03     3.01678916e+02     5.44024881e+03    -3.15968866e+03   
    3.72000000e+04     1.86000000e+01     2.31091225e+03     3.02513576e+02     5.44024881e+03    -3.17490986e+03   
    3.74000000e+04     1.87000000e+01     2.31093584e+03     3.01856327e+02     5.44024881e+03    -3.16296760e+03   
    3.76000000e+04     1.88000000e+01     2.31089497e+03     3.02344596e+02     5.44024881e+03    -3.17186281e+03   
    3.78000000e+04     1.89000000e+01     2.31102001e+03     3.02046200e+02     5.44024881e+03    -3.16632661e+03   
    3.80000000e+04     1.90000000e+01     2.31089416e+03     3.02080208e+02     5.44024881e+03    -3.16706916e+03   
    3.82000000e+04     1.91000000e+01     2.31095487e+03     3.01500387e+02     5.44024881e+03    -3.15649388e+03   
    3.84000000e+04     1.92000000e+01     2.31098059e+03     3.01869669e+02     5.44024881e+03    -3.16316480e+03   
    3.86000000e+04     1.93000000e+01     2.31101589e+03     3.02429139e+02     5.44024881e+03    -3.17327501e+03   
    3.88000000e+04     1.94000000e+01     2.31102525e+03     3.02153231e+02     5.44024881e+03    -3.16826229e+03   
    3.90000000e+04     1.95000000e+01     2.31101559e+03     3.01728339e+02     5.44024881e+03    -3.16056688e+03   
    3.92000000e+04     1.96000000e+01     2.31101792e+03     3.01822110e+02     5.44024881e+03    -3.16226502e+03   
    3.94000000e+04     1.97000000e+01     2.31100682e+03     3.00800513e+02     5.44024881e+03    -3.14375032e+03   
    3.96000000e+04     1.98000000e+01     2.31102998e+03     3.01576212e+02     5.44024881e+03    -3.15779381e+03   
    3.98000000e+04     1.99000000e+01     2.31097706e+03     3.01337719e+02     5.44024881e+03    -3.15352185e+03   
    4.00000000e+04     2.00000000e+01     2.31105789e+03     3.02058125e+02     5.44024881e+03    -3.16650497e+03   
