# column   1     --> step : The current simulation time step.
# column   2     --> time{picosecond} : The elapsed simulation time.
# column   3     --> conserved{electronvolt} : The value of the conserved energy quantity per bead.
# column   4     --> temperature{kelvin} : The current temperature, as obtained from the MD kinetic energy.
# column   5     --> kinetic_cv{electronvolt} : The centroid-virial quantum kinetic energy of the physical system.
# column   6     --> potential{electronvolt} : The physical system potential energy.
    0.00000000e+00     0.00000000e+00     2.31600239e+03     3.01199191e+02     5.44024881e+03    -3.14598443e+03   
    2.00000000e+02     1.00000000e-01     2.31571195e+03     3.01200134e+02     5.44024881e+03    -3.14629197e+03   
    4.00000000e+02     2.00000000e-01     2.31582003e+03     3.00537628e+02     5.44024881e+03    -3.13416990e+03   
    6.00000000e+02     3.00000000e-01     2.31583161e+03     3.01567889e+02     5.44024881e+03    -3.15284123e+03   
    8.00000000e+02     4.00000000e-01     2.31562705e+03     3.01798996e+02     5.44024881e+03    -3.15723672e+03   
    1.00000000e+03     5.00000000e-01     2.31565474e+03     3.01717217e+02     5.44024881e+03    -3.15572605e+03   
    1.20000000e+03     6.00000000e-01     2.31570839e+03     3.01825900e+02     5.44024881e+03    -3.15764328e+03   
    1.40000000e+03     7.00000000e-01     2.31581648e+03     3.01588816e+02     5.44024881e+03    -3.15323586e+03   
    1.60000000e+03     8.00000000e-01     2.31580793e+03     3.01454000e+02     5.44024881e+03    -3.15079964e+03   
    1.80000000e+03     9.00000000e-01     2.31584720e+03     3.00961339e+02     5.44024881e+03    -3.14182637e+03   
    2.00000000e+03     1.00000000e+00     2.31589239e+03     3.01231632e+02     5.44024881e+03    -3.14668272e+03   
    2.20000000e+03     1.10000000e+00     2.31578209e+03     3.01771541e+02     5.44024881e+03    -3.15658383e+03   
    2.40000000e+03     1.20000000e+00     2.31580437e+03     3.02408171e+02     5.44024881e+03    -3.16810630e+03   
    2.60000000e+03     1.30000000e+00     2.31576349e+03     3.02371828e+02     5.44024881e+03    -3.16748812e+03   
    2.80000000e+03     1.40000000e+00     2.31567530e+03     3.01433553e+02     5.44024881e+03    -3.15056147e+03   
    3.00000000e+03     1.50000000e+00     2.31580467e+03     3.01549532e+02     5.44024881e+03    -3.15253529e+03   
    3.20000000e+03     1.60000000e+00     2.31569231e+03     3.01453024e+02     5.44024881e+03    -3.15089755e+03   
    3.40000000e+03     1.70000000e+00     2.31575263e+03     3.01427868e+02     5.44024881e+03    -3.15038105e+03   
    3.60000000e+03     1.80000000e+00     2.31582919e+03     3.01694342e+02     5.44024881e+03    -3.15513679e+03   
    3.80000000e+03     1.90000000e+00     2.31579124e+03     3.01634535e+02     5.44024881e+03    -3.15409018e+03   
    4.00000000e+03     2.00000000e+00     2.31577280e+03     3.01396600e+02     5.44024881e+03    -3.14979386e+03   
    4.20000000e+03     2.10000000e+00     2.31576534e+03     3.01142377e+02     5.44024881e+03    -3.14519120e+03   
    4.40000000e+03     2.20000000e+00     2.31582592e+03     3.01122837e+02     5.44024881e+03    -3.14477629e+03   
    4.60000000e+03     2.30000000e+00     2.31578282e+03     3.00850543e+02     5.44024881e+03    -3.13988155e+03   
    4.80000000e+03     2.40000000e+00     2.31582939e+03     3.01876600e+02     5.44024881e+03    -3.15844168e+03   
    5.00000000e+03     2.50000000e+00     2.31580750e+03     3.01741567e+02     5.44024881e+03    -3.15601486e+03   
    5.20000000e+03     2.60000000e+00     2.31571716e+03     3.02022833e+02     5.44024881e+03    -3.16120572e+03   
    5.40000000e+03     2.70000000e+00     2.31589857e+03     3.01876812e+02     5.44024881e+03    -3.15837634e+03   
    5.60000000e+03     2.80000000e+00     2.31576936e+03     3.01233668e+02     5.44024881e+03    -3.14684266e+03   
    5.80000000e+03     2.90000000e+00     2.31590470e+03     3.01379051e+02     5.44024881e+03    -3.14934373e+03   
    6.00000000e+03     3.00000000e+00     2.31578538e+03     3.01063611e+02     5.44024881e+03    -3.14374282e+03   
    6.20000000e+03     3.10000000e+00     2.31583376e+03     3.02036665e+02     5.44024881e+03    -3.16133996e+03   
    6.40000000e+03     3.20000000e+00     2.31587120e+03     3.02131173e+02     5.44024881e+03    -3.16301634e+03   
    6.60000000e+03     3.30000000e+00     2.31595021e+03     3.01221618e+02     5.44024881e+03    -3.14644331e+03   
    6.80000000e+03     3.40000000e+00     2.31599444e+03     3.01762591e+02     5.44024881e+03    -3.15620918e+03   
    7.00000000e+03     3.50000000e+00     2.31581519e+03     3.02211290e+02     5.44024881e+03    -3.16452519e+03   
    7.20000000e+03     3.60000000e+00     2.31576585e+03     3.02623845e+02     5.44024881e+03    -3.17205589e+03   
    7.40000000e+03     3.70000000e+00     2.31570049e+03     3.02415969e+02     5.44024881e+03    -3.16835158e+03   
    7.60000000e+03     3.80000000e+00     2.31573912e+03     3.02620263e+02     5.44024881e+03    -3.17201765e+03   
    7.80000000e+03     3.90000000e+00     2.31584595e+03     3.02128244e+02     5.44024881e+03    -3.16298847e+03   
    8.00000000e+03     4.00000000e+00     2.31591089e+03     3.01705918e+02     5.44024881e+03    -3.15526500e+03   
    8.20000000e+03     4.10000000e+00     2.31591659e+03     3.02164818e+02     5.44024881e+03    -3.16358106e+03   
    8.40000000e+03     4.20000000e+00     2.31580739e+03     3.01652139e+02     5.44024881e+03    -3.15439326e+03   
    8.60000000e+03     4.30000000e+00     2.31589243e+03     3.01817117e+02     5.44024881e+03    -3.15729996e+03   
    8.80000000e+03     4.40000000e+00     2.31585517e+03     3.02263592e+02     5.44024881e+03    -3.16543367e+03   
    9.00000000e+03     4.50000000e+00     2.31593712e+03     3.01542064e+02     5.44024881e+03    -3.15226742e+03   
    9.20000000e+03     4.60000000e+00     2.31594902e+03     3.01853429e+02     5.44024881e+03    -3.15790185e+03   
    9.40000000e+03     4.70000000e+00     2.31594399e+03     3.02072663e+02     5.44024881e+03    -3.16188252e+03   
    9.60000000e+03     4.80000000e+00     2.31578151e+03     3.02573221e+02     5.44024881e+03    -3.17112220e+03   
    9.80000000e+03     4.90000000e+00     2.31571640e+03     3.02410234e+02     5.44024881e+03    -3.16823167e+03   
    1.00000000e+04     5.00000000e+00     2.31591418e+03     3.01309607e+02     5.44024881e+03    -3.14807494e+03   
    1.02000000e+04     5.10000000e+00     2.31596555e+03     3.01216552e+02     5.44024881e+03    -3.14633610e+03   
    1.04000000e+04     5.20000000e+00     2.31597401e+03     3.01411165e+02     5.44024881e+03    -3.14985679e+03   
    1.06000000e+04     5.30000000e+00     2.31596240e+03     3.02166679e+02     5.44024881e+03    -3.16356901e+03   
    1.08000000e+04     5.40000000e+00     2.31597158e+03     3.01946902e+02     5.44024881e+03    -3.15957435e+03   
    1.10000000e+04     5.50000000e+00     2.31592487e+03     3.01700113e+02     5.44024881e+03    -3.15514575e+03   
    1.12000000e+04     5.60000000e+00     2.31594281e+03     3.01889211e+02     5.44024881e+03    -3.15855693e+03   
    1.14000000e+04     5.70000000e+00     2.31595659e+03     3.01574942e+02     5.44024881e+03    -3.15284416e+03   
    1.16000000e+04     5.80000000e+00     2.31576849e+03     3.01861954e+02     5.44024881e+03    -3.15823699e+03   
    1.18000000e+04     5.90000000e+00     2.31576473e+03     3.02295266e+02     5.44024881e+03    -3.16609849e+03   
    1.20000000e+04     6.00000000e+00     2.31578129e+03     3.02573532e+02     5.44024881e+03    -3.17112806e+03   
    1.22000000e+04     6.10000000e+00     2.31585576e+03     3.02518125e+02     5.44024881e+03    -3.17004883e+03   
    1.24000000e+04     6.20000000e+00     2.31571174e+03     3.02568076e+02     5.44024881e+03    -3.17109866e+03   
    1.26000000e+04     6.30000000e+00     2.31585826e+03     3.02106007e+02     5.44024881e+03    -3.16257291e+03   
    1.28000000e+04     6.40000000e+00     2.31596125e+03     3.01801310e+02     5.44024881e+03    -3.15694450e+03   
    1.30000000e+04     6.50000000e+00     2.31612041e+03     3.01208021e+02     5.44024881e+03    -3.14602653e+03   
    1.32000000e+04     6.60000000e+00     2.31605150e+03     3.01644272e+02     5.44024881e+03    -3.15400649e+03   
    1.34000000e+04     6.70000000e+00     2.31605544e+03     3.01218111e+02     5.44024881e+03    -3.14627448e+03   
    1.36000000e+04     6.80000000e+00     2.31598616e+03     3.01950063e+02     5.44024881e+03    -3.15961710e+03   
    1.38000000e+04     6.90000000e+00     2.31602795e+03     3.01851616e+02     5.44024881e+03    -3.15779006e+03   
    1.40000000e+04     7.00000000e+00     2.31601831e+03     3.01765735e+02     5.44024881e+03    -3.15624231e+03   
    1.42000000e+04     7.10000000e+00     2.31607983e+03     3.02126288e+02     5.44024881e+03    -3.16271911e+03   
    1.44000000e+04     7.20000000e+00     2.31601484e+03     3.01721777e+02     5.44024881e+03    -3.15544864e+03   
    1.46000000e+04     7.30000000e+00     2.31585205e+03     3.01790050e+02     5.44024881e+03    -3.15684952e+03   
    1.48000000e+04     7.40000000e+00     2.31577390e+03     3.02235078e+02     5.44024881e+03    -3.16499787e+03   
    1.50000000e+04     7.50000000e+00     2.31582582e+03     3.02536362e+02     5.44024881e+03    -3.17040947e+03   
    1.52000000e+04     7.60000000e+00     2.31602407e+03     3.01619007e+02     5.44024881e+03    -3.15357576e+03   
    1.54000000e+04     7.70000000e+00     2.31591199e+03     3.02662647e+02     5.44024881e+03    -3.17261339e+03   
    1.56000000e+04     7.80000000e+00     2.31600911e+03     3.01000316e+02     5.44024881e+03    -3.14237129e+03   
    1.58000000e+04     7.90000000e+00     2.31597565e+03     3.01306721e+02     5.44024881e+03    -3.14796113e+03   
    1.60000000e+04     8.00000000e+00     2.31596749e+03     3.01472491e+02     5.44024881e+03    -3.15097539e+03   
    1.62000000e+04     8.10000000e+00     2.31607951e+03     3.01391037e+02     5.44024881e+03    -3.14938627e+03   
    1.64000000e+04     8.20000000e+00     2.31590250e+03     3.02054799e+02     5.44024881e+03    -3.16160005e+03   
    1.66000000e+04     8.30000000e+00     2.31596431e+03     3.02091102e+02     5.44024881e+03    -3.16219656e+03   
    1.68000000e+04     8.40000000e+00     2.31599912e+03     3.02282938e+02     5.44024881e+03    -3.16564055e+03   
    1.70000000e+04     8.50000000e+00     2.31590390e+03     3.02050572e+02     5.44024881e+03    -3.16152200e+03   
    1.72000000e+04     8.60000000e+00     2.31580397e+03     3.02242792e+02     5.44024881e+03    -3.16510768e+03   
    1.74000000e+04     8.70000000e+00     2.31590075e+03     3.02523325e+02     5.44024881e+03    -3.17009813e+03   
    1.76000000e+04     8.80000000e+00     2.31592146e+03     3.02095715e+02     5.44024881e+03    -3.16232307e+03   
    1.78000000e+04     8.90000000e+00     2.31598555e+03     3.01379532e+02     5.44024881e+03    -3.14927161e+03   
    1.80000000e+04     9.00000000e+00     2.31599984e+03     3.01354361e+02     5.44024881e+03    -3.14880087e+03   
    1.82000000e+04     9.10000000e+00     2.31606341e+03     3.01502912e+02     5.44024881e+03    -3.15143115e+03   
    1.84000000e+04     9.20000000e+00     2.31599368e+03     3.02015842e+02     5.44024881e+03    -3.16080243e+03   
    1.86000000e+04     9.30000000e+00     2.31589195e+03     3.01708344e+02     5.44024881e+03    -3.15532795e+03   
    1.88000000e+04     9.40000000e+00     2.31598335e+03     3.01834777e+02     5.44024881e+03    -3.15752929e+03   
    1.90000000e+04     9.50000000e+00     2.31595778e+03     3.00758270e+02     5.44024881e+03    -3.13803330e+03   
    1.92000000e+04     9.60000000e+00     2.31604896e+03     3.00808414e+02     5.44024881e+03    -3.13885145e+03   
    1.94000000e+04     9.70000000e+00     2.31595635e+03     3.01012917e+02     5.44024881e+03    -3.14265255e+03   
    1.96000000e+04     9.80000000e+00     2.31592623e+03     3.01352797e+02     5.44024881e+03    -3.14884612e+03   
    1.98000000e+04     9.90000000e+00     2.31579392e+03     3.02113053e+02     5.44024881e+03    -3.16276502e+03   
    2.00000000e+04     1.00000000e+01     2.31612301e+03     3.00937073e+02     5.44024881e+03    -3.14111052e+03   
    2.02000000e+04     1.01000000e+01     2.31589117e+03     3.01175669e+02     5.44024881e+03    -3.14566910e+03   
    2.04000000e+04     1.02000000e+01     2.31603768e+03     3.01994898e+02     5.44024881e+03    -3.16037863e+03   
    2.06000000e+04     1.03000000e+01     2.31591062e+03     3.01891803e+02     5.44024881e+03    -3.15863614e+03   
    2.08000000e+04     1.04000000e+01     2.31600706e+03     3.02391980e+02     5.44024881e+03    -3.16761000e+03   
    2.10000000e+04     1.05000000e+01     2.31601658e+03     3.02038903e+02     5.44024881e+03    -3.16119772e+03   
    2.12000000e+04     1.06000000e+01     2.31602962e+03     3.02030385e+02     5.44024881e+03    -3.16103021e+03   
    2.14000000e+04     1.07000000e+01     2.31609069e+03     3.01488348e+02     5.44024881e+03    -3.15113974e+03   
    2.16000000e+04     1.08000000e+01     2.31607196e+03     3.01497907e+02     5.44024881e+03    -3.15133184e+03   
    2.18000000e+04     1.09000000e+01     2.31595436e+03     3.01254306e+02     5.44024881e+03    -3.14703193e+03   
    2.20000000e+04     1.10000000e+01     2.31594080e+03     3.02058465e+02     5.44024881e+03    -3.16162824e+03   
    2.22000000e+04     1.11000000e+01     2.31597643e+03     3.02258610e+02     5.44024881e+03    -3.16522208e+03   
    2.24000000e+04     1.12000000e+01     2.31592984e+03     3.01896695e+02     5.44024881e+03    -3.15870563e+03   
    2.26000000e+04     1.13000000e+01     2.31590200e+03     3.02329462e+02     5.44024881e+03    -3.16658135e+03   
    2.28000000e+04     1.14000000e+01     2.31584083e+03     3.02685203e+02     5.44024881e+03    -3.17309358e+03   
    2.30000000e+04     1.15000000e+01     2.31589218e+03     3.02352068e+02     5.44024881e+03    -3.16700111e+03   
    2.32000000e+04     1.16000000e+01     2.31591618e+03     3.02105859e+02     5.44024881e+03    -3.16251230e+03   
    2.34000000e+04     1.17000000e+01     2.31601047e+03     3.01783276e+02     5.44024881e+03    -3.15656825e+03   
    2.36000000e+04     1.18000000e+01     2.31589723e+03     3.01788048e+02     5.44024881e+03    -3.15676802e+03   
    2.38000000e+04     1.19000000e+01     2.31607390e+03     3.02017006e+02     5.44024881e+03    -3.16074332e+03   
    2.40000000e+04     1.20000000e+01     2.31604378e+03     3.01674854e+02     5.44024881e+03    -3.15456880e+03   
    2.42000000e+04     1.21000000e+01     2.31607395e+03     3.01559313e+02     5.44024881e+03    -3.15244338e+03   
    2.44000000e+04     1.22000000e+01     2.31611321e+03     3.02143017e+02     5.44024881e+03    -3.16298910e+03   
    2.46000000e+04     1.23000000e+01     2.31609302e+03     3.01746254e+02     5.44024881e+03    -3.15581433e+03   
    2.48000000e+04     1.24000000e+01     2.31602282e+03     3.01806428e+02     5.44024881e+03    -3.15697573e+03   
    2.50000000e+04     1.25000000e+01     2.31601981e+03     3.02245560e+02     5.44024881e+03    -3.16494205e+03   
    2.52000000e+04     1.26000000e+01     2.31604163e+03     3.02203681e+02     5.44024881e+03    -3.16416077e+03   
    2.54000000e+04     1.27000000e+01     2.31602527e+03     3.01814780e+02     5.44024881e+03    -3.15712474e+03   
    2.56000000e+04     1.28000000e+01     2.31593159e+03     3.02465123e+02     5.44024881e+03    -3.16901185e+03   
    2.58000000e+04     1.29000000e+01     2.31595204e+03     3.02009186e+02     5.44024881e+03    -3.16072337e+03   
    2.60000000e+04     1.30000000e+01     2.31595442e+03     3.02172387e+02     5.44024881e+03    -3.16368049e+03   
    2.62000000e+04     1.31000000e+01     2.31592638e+03     3.01623197e+02     5.44024881e+03    -3.15374943e+03   
    2.64000000e+04     1.32000000e+01     2.31568695e+03     3.02085141e+02     5.44024881e+03    -3.16236583e+03   
    2.66000000e+04     1.33000000e+01     2.31573074e+03     3.01717684e+02     5.44024881e+03    -3.15565853e+03   
    2.68000000e+04     1.34000000e+01     2.31583822e+03     3.01873293e+02     5.44024881e+03    -3.15837287e+03   
    2.70000000e+04     1.35000000e+01     2.31592396e+03     3.02046501e+02     5.44024881e+03    -3.16142811e+03   
    2.72000000e+04     1.36000000e+01     2.31594805e+03     3.01680816e+02     5.44024881e+03    -3.15477264e+03   
    2.74000000e+04     1.37000000e+01     2.31579284e+03     3.02059541e+02     5.44024881e+03    -3.16179571e+03   
    2.76000000e+04     1.38000000e+01     2.31579205e+03     3.02237811e+02     5.44024881e+03    -3.16502928e+03   
    2.78000000e+04     1.39000000e+01     2.31588570e+03     3.01351777e+02     5.44024881e+03    -3.14886814e+03   
    2.80000000e+04     1.40000000e+01     2.31591982e+03     3.01654792e+02     5.44024881e+03    -3.15432894e+03   
    2.82000000e+04     1.41000000e+01     2.31591323e+03     3.02124532e+02     5.44024881e+03    -3.16285387e+03   
    2.84000000e+04     1.42000000e+01     2.31593783e+03     3.02245020e+02     5.44024881e+03    -3.16501423e+03   
    2.86000000e+04     1.43000000e+01     2.31579895e+03     3.03131578e+02     5.44024881e+03    -3.18123010e+03   
    2.88000000e+04     1.44000000e+01     2.31587437e+03     3.02238957e+02     5.44024881e+03    -3.16496774e+03   
    2.90000000e+04     1.45000000e+01     2.31595861e+03     3.02372796e+02     5.44024881e+03    -3.16731057e+03   
    2.92000000e+04     1.46000000e+01     2.31595002e+03     3.01218403e+02     5.44024881e+03    -3.14638519e+03   
    2.94000000e+04     1.47000000e+01     2.31597412e+03     3.01284017e+02     5.44024881e+03    -3.14755095e+03   
    2.96000000e+04     1.48000000e+01     2.31593763e+03     3.01677487e+02     5.44024881e+03    -3.15472268e+03   
    2.98000000e+04     1.49000000e+01     2.31585604e+03     3.01100033e+02     5.44024881e+03    -3.14433264e+03   
    3.00000000e+04     1.50000000e+01     2.31591814e+03     3.01833740e+02     5.44024881e+03    -3.15757570e+03   
    3.02000000e+04     1.51000000e+01     2.31592360e+03     3.02385793e+02     5.44024881e+03    -3.16758125e+03   
    3.04000000e+04     1.52000000e+01     2.31587564e+03     3.01959103e+02     5.44024881e+03    -3.15989154e+03   
    3.06000000e+04     1.53000000e+01     2.31595074e+03     3.01578375e+02     5.44024881e+03    -3.15291226e+03   
    3.08000000e+04     1.54000000e+01     2.31600890e+03     3.01814485e+02     5.44024881e+03    -3.15713576e+03   
    3.10000000e+04     1.55000000e+01     2.31596705e+03     3.02316800e+02     5.44024881e+03    -3.16628669e+03   
    3.12000000e+04     1.56000000e+01     2.31594600e+03     3.02514412e+02     5.44024881e+03    -3.16989125e+03   
    3.14000000e+04     1.57000000e+01     2.31590455e+03     3.02404194e+02     5.44024881e+03    -3.16793399e+03   
    3.16000000e+04     1.58000000e+01     2.31596953e+03     3.01893907e+02     5.44024881e+03    -3.15861538e+03   
    3.18000000e+04     1.59000000e+01     2.31607630e+03     3.01922373e+02     5.44024881e+03    -3.15902483e+03   
    3.20000000e+04     1.60000000e+01     2.31602832e+03     3.01703415e+02     5.44024881e+03    -3.15510218e+03   
    3.22000000e+04     1.61000000e+01     2.31600592e+03     3.02091570e+02     5.44024881e+03    -3.16216345e+03   
    3.24000000e+04     1.62000000e+01     2.31597065e+03     3.02441294e+02     5.44024881e+03    -3.16854066e+03   
    3.26000000e+04     1.63000000e+01     2.31605894e+03     3.02061956e+02     5.44024881e+03    -3.16157340e+03   
    3.28000000e+04     1.64000000e+01     2.31600727e+03     3.01651532e+02     5.44024881e+03    -3.15418238e+03   
    3.30000000e+04     1.65000000e+01     2.31593785e+03     3.02583674e+02     5.44024881e+03    -3.17115540e+03   
    3.32000000e+04     1.66000000e+01     2.31596778e+03     3.02560317e+02     5.44024881e+03    -3.17070192e+03   
    3.34000000e+04     1.67000000e+01     2.31588644e+03     3.02395046e+02     5.44024881e+03    -3.16778621e+03   
    3.36000000e+04     1.68000000e+01     2.31592461e+03     3.01671012e+02     5.44024881e+03    -3.15461829e+03   
    3.38000000e+04     1.69000000e+01     2.31584194e+03     3.02127712e+02     5.44024881e+03    -3.16298284e+03   
    3.40000000e+04     1.70000000e+01     2.31592043e+03     3.01507628e+02     5.44024881e+03    -3.15165964e+03   
    3.42000000e+04     1.71000000e+01     2.31604097e+03     3.01383474e+02     5.44024881e+03    -3.14928767e+03   
    3.44000000e+04     1.72000000e+01     2.31596627e+03     3.02488091e+02     5.44024881e+03    -3.16939368e+03   
    3.46000000e+04     1.73000000e+01     2.31585654e+03     3.02539097e+02     5.44024881e+03    -3.17042837e+03   
    3.48000000e+04     1.74000000e+01     2.31588382e+03     3.02813441e+02     5.44024881e+03    -3.17537608e+03   
    3.50000000e+04     1.75000000e+01     2.31605294e+03     3.02044565e+02     5.44024881e+03    -3.16126404e+03   
    3.52000000e+04     1.76000000e+01     2.31595010e+03     3.02003247e+02     5.44024881e+03    -3.16061762e+03   
    3.54000000e+04     1.77000000e+01     2.31597977e+03     3.01476271e+02     5.44024881e+03    -3.15103167e+03   
    3.56000000e+04     1.78000000e+01     2.31588439e+03     3.01990042e+02     5.44024881e+03    -3.16044386e+03   
    3.58000000e+04     1.79000000e+01     2.31579686e+03     3.02068761e+02     5.44024881e+03    -3.16195888e+03   
    3.60000000e+04     1.80000000e+01     2.31599250e+03     3.02268730e+02     5.44024881e+03    -3.16538952e+03   
    3.62000000e+04     1.81000000e+01     2.31598324e+03     3.02457002e+02     5.44024881e+03    -3.16881293e+03   
    3.64000000e+04     1.82000000e+01     2.31607222e+03     3.01859023e+02     5.44024881e+03    -3.15788011e+03   
    3.66000000e+04     1.83000000e+01     2.31613875e+03     3.02136531e+02     5.44024881e+03    -3.16284595e+03   
    3.68000000e+04     1.84000000e+01     2.31599851e+03     3.01834808e+02     5.44024881e+03    -3.15751470e+03   
    3.70000000e+04     1.85000000e+01     2.31598405e+03     3.01672465e+02     5.44024881e+03    -3.15458519e+03   
    3.72000000e+04     1.86000000e+01     2.31594889e+03     3.01863954e+02     5.44024881e+03    -3.15809285e+03   
    3.74000000e+04     1.87000000e+01     2.31613846e+03     3.01462287e+02     5.44024881e+03    -3.15061939e+03   
    3.76000000e+04     1.88000000e+01     2.31613379e+03     3.01016918e+02     5.44024881e+03    -3.14254767e+03   
    3.78000000e+04     1.89000000e+01     2.31609745e+03     3.01154025e+02     5.44024881e+03    -3.14507033e+03   
    3.80000000e+04     1.90000000e+01     2.31598559e+03     3.01516274e+02     5.44024881e+03    -3.15175127e+03   
    3.82000000e+04     1.91000000e+01     2.31605493e+03     3.02201203e+02     5.44024881e+03    -3.16410254e+03   
    3.84000000e+04     1.92000000e+01     2.31596875e+03     3.01694540e+02     5.44024881e+03    -3.15500081e+03   
    3.86000000e+04     1.93000000e+01     2.31597375e+03     3.02159623e+02     5.44024881e+03    -3.16342971e+03   
    3.88000000e+04     1.94000000e+01     2.31598482e+03     3.02056640e+02     5.44024881e+03    -3.16155112e+03   
    3.90000000e+04     1.95000000e+01     2.31596289e+03     3.01554402e+02     5.44024881e+03    -3.15246539e+03   
    3.92000000e+04     1.96000000e+01     2.31605755e+03     3.01642331e+02     5.44024881e+03    -3.15396525e+03   
    3.94000000e+04     1.97000000e+01     2.31603449e+03     3.01589561e+02     5.44024881e+03    -3.15303137e+03   
    3.96000000e+04     1.98000000e+01     2.31598322e+03     3.01911887e+02     5.44024881e+03    -3.15892775e+03   
    3.98000000e+04     1.99000000e+01     2.31605976e+03     3.01834703e+02     5.44024881e+03    -3.15745154e+03   
    4.00000000e+04     2.00000000e+01     2.31621416e+03     3.00963436e+02     5.44024881e+03    -3.14149744e+03   
