# column   1     --> step : The current simulation time step.
# column   2     --> time{picosecond} : The elapsed simulation time.
# column   3     --> conserved{electronvolt} : The value of the conserved energy quantity per bead.
# column   4     --> temperature{kelvin} : The current temperature, as obtained from the MD kinetic energy.
# column   5     --> kinetic_cv{electronvolt} : The centroid-virial quantum kinetic energy of the physical system.
# column   6     --> potential{electronvolt} : The physical system potential energy.
    0.00000000e+00     0.00000000e+00     2.29088031e+03     3.01199191e+02     5.44024881e+03    -3.17110651e+03   
    2.00000000e+02     1.00000000e-01     2.29086102e+03     3.00259470e+02     5.44024881e+03    -3.15408474e+03   
    4.00000000e+02     2.00000000e-01     2.29079344e+03     3.01248941e+02     5.44024881e+03    -3.17209556e+03   
    6.00000000e+02     3.00000000e-01     2.29072680e+03     3.01917124e+02     5.44024881e+03    -3.18427914e+03   
    8.00000000e+02     4.00000000e-01     2.29088491e+03     3.02004286e+02     5.44024881e+03    -3.18570164e+03   
    1.00000000e+03     5.00000000e-01     2.29077799e+03     3.01896619e+02     5.44024881e+03    -3.18385610e+03   
    1.20000000e+03     6.00000000e-01     2.29085552e+03     3.00731248e+02     5.44024881e+03    -3.16264554e+03   
    1.40000000e+03     7.00000000e-01     2.29078302e+03     3.01628698e+02     5.44024881e+03    -3.17899255e+03   
    1.60000000e+03     8.00000000e-01     2.29095131e+03     3.00912350e+02     5.44024881e+03    -3.16583389e+03   
    1.80000000e+03     9.00000000e-01     2.29094098e+03     3.01304913e+02     5.44024881e+03    -3.17296302e+03   
    2.00000000e+03     1.00000000e+00     2.29085223e+03     3.01716682e+02     5.44024881e+03    -3.18051885e+03   
    2.20000000e+03     1.10000000e+00     2.29095463e+03     3.01495848e+02     5.44024881e+03    -3.17641181e+03   
    2.40000000e+03     1.20000000e+00     2.29078324e+03     3.01475521e+02     5.44024881e+03    -3.17621460e+03   
    2.60000000e+03     1.30000000e+00     2.29075612e+03     3.01257816e+02     5.44024881e+03    -3.17229382e+03   
    2.80000000e+03     1.40000000e+00     2.29091888e+03     3.02213425e+02     5.44024881e+03    -3.18946024e+03   
    3.00000000e+03     1.50000000e+00     2.29075246e+03     3.01999521e+02     5.44024881e+03    -3.18574767e+03   
    3.20000000e+03     1.60000000e+00     2.29078343e+03     3.01488097e+02     5.44024881e+03    -3.17644246e+03   
    3.40000000e+03     1.70000000e+00     2.29081326e+03     3.01187404e+02     5.44024881e+03    -3.17095981e+03   
    3.60000000e+03     1.80000000e+00     2.29085082e+03     3.01100417e+02     5.44024881e+03    -3.16934482e+03   
    3.80000000e+03     1.90000000e+00     2.29084861e+03     3.01055754e+02     5.44024881e+03    -3.16853710e+03   
    4.00000000e+03     2.00000000e+00     2.29082822e+03     3.00596626e+02     5.44024881e+03    -3.16023159e+03   
    4.20000000e+03     2.10000000e+00     2.29081620e+03     3.01094740e+02     5.44024881e+03    -3.16927650e+03   
    4.40000000e+03     2.20000000e+00     2.29080692e+03     3.01558089e+02     5.44024881e+03    -3.17768821e+03   
    4.60000000e+03     2.30000000e+00     2.29077621e+03     3.01521333e+02     5.44024881e+03    -3.17705238e+03   
    4.80000000e+03     2.40000000e+00     2.29088009e+03     3.00526449e+02     5.44024881e+03    -3.15890710e+03   
    5.00000000e+03     2.50000000e+00     2.29099893e+03     3.01009561e+02     5.44024881e+03    -3.16754911e+03   
    5.20000000e+03     2.60000000e+00     2.29093726e+03     3.00951683e+02     5.44024881e+03    -3.16656121e+03   
    5.40000000e+03     2.70000000e+00     2.29100176e+03     3.01089869e+02     5.44024881e+03    -3.16900260e+03   
    5.60000000e+03     2.80000000e+00     2.29109772e+03     3.00870943e+02     5.44024881e+03    -3.16493660e+03   
    5.80000000e+03     2.90000000e+00     2.29098849e+03     3.01102424e+02     5.44024881e+03    -3.16924354e+03   
    6.00000000e+03     3.00000000e+00     2.29087586e+03     3.01128278e+02     5.44024881e+03    -3.16982501e+03   
    6.20000000e+03     3.10000000e+00     2.29091408e+03     3.01810201e+02     5.44024881e+03    -3.18215289e+03   
    6.40000000e+03     3.20000000e+00     2.29081753e+03     3.01988526e+02     5.44024881e+03    -3.18548322e+03   
    6.60000000e+03     3.30000000e+00     2.29093663e+03     3.01969894e+02     5.44024881e+03    -3.18502624e+03   
    6.80000000e+03     3.40000000e+00     2.29081783e+03     3.02159344e+02     5.44024881e+03    -3.18858056e+03   
    7.00000000e+03     3.50000000e+00     2.29095229e+03     3.01568560e+02     5.44024881e+03    -3.17773273e+03   
    7.20000000e+03     3.60000000e+00     2.29092257e+03     3.01292172e+02     5.44024881e+03    -3.17275038e+03   
    7.40000000e+03     3.70000000e+00     2.29092119e+03     3.01109659e+02     5.44024881e+03    -3.16944205e+03   
    7.60000000e+03     3.80000000e+00     2.29090438e+03     3.00421911e+02     5.44024881e+03    -3.15698711e+03   
    7.80000000e+03     3.90000000e+00     2.29092314e+03     3.00836906e+02     5.44024881e+03    -3.16449393e+03   
    8.00000000e+03     4.00000000e+00     2.29081538e+03     3.01430685e+02     5.44024881e+03    -3.17536939e+03   
    8.20000000e+03     4.10000000e+00     2.29087037e+03     3.00771135e+02     5.44024881e+03    -3.16335402e+03   
    8.40000000e+03     4.20000000e+00     2.29094383e+03     3.01188529e+02     5.44024881e+03    -3.17084965e+03   
    8.60000000e+03     4.30000000e+00     2.29091812e+03     3.01511367e+02     5.44024881e+03    -3.17672974e+03   
    8.80000000e+03     4.40000000e+00     2.29087822e+03     3.02130216e+02     5.44024881e+03    -3.18799196e+03   
    9.00000000e+03     4.50000000e+00     2.29097343e+03     3.01010811e+02     5.44024881e+03    -3.16759728e+03   
    9.20000000e+03     4.60000000e+00     2.29100833e+03     3.00942533e+02     5.44024881e+03    -3.16632421e+03   
    9.40000000e+03     4.70000000e+00     2.29096293e+03     3.00368287e+02     5.44024881e+03    -3.15595613e+03   
    9.60000000e+03     4.80000000e+00     2.29091329e+03     3.00831186e+02     5.44024881e+03    -3.16440007e+03   
    9.80000000e+03     4.90000000e+00     2.29092866e+03     3.01582820e+02     5.44024881e+03    -3.17801495e+03   
    1.00000000e+04     5.00000000e+00     2.29095014e+03     3.01689193e+02     5.44024881e+03    -3.17992246e+03   
    1.02000000e+04     5.10000000e+00     2.29088501e+03     3.01609433e+02     5.44024881e+03    -3.17854121e+03   
    1.04000000e+04     5.20000000e+00     2.29090499e+03     3.01245526e+02     5.44024881e+03    -3.17192207e+03   
    1.06000000e+04     5.30000000e+00     2.29100729e+03     3.00982345e+02     5.44024881e+03    -3.16704720e+03   
    1.08000000e+04     5.40000000e+00     2.29083023e+03     3.00789179e+02     5.44024881e+03    -3.16372136e+03   
    1.10000000e+04     5.50000000e+00     2.29091029e+03     3.00840253e+02     5.44024881e+03    -3.16456749e+03   
    1.12000000e+04     5.60000000e+00     2.29097922e+03     3.00865978e+02     5.44024881e+03    -3.16496506e+03   
    1.14000000e+04     5.70000000e+00     2.29102888e+03     3.01625157e+02     5.44024881e+03    -3.17868248e+03   
    1.16000000e+04     5.80000000e+00     2.29100345e+03     3.01233966e+02     5.44024881e+03    -3.17161399e+03   
    1.18000000e+04     5.90000000e+00     2.29093636e+03     3.01554640e+02     5.44024881e+03    -3.17749623e+03   
    1.20000000e+04     6.00000000e+00     2.29087362e+03     3.01248386e+02     5.44024881e+03    -3.17200532e+03   
    1.22000000e+04     6.10000000e+00     2.29094659e+03     3.01288289e+02     5.44024881e+03    -3.17265595e+03   
    1.24000000e+04     6.20000000e+00     2.29086382e+03     3.01062284e+02     5.44024881e+03    -3.16864030e+03   
    1.26000000e+04     6.30000000e+00     2.29094277e+03     3.00975317e+02     5.44024881e+03    -3.16698429e+03   
    1.28000000e+04     6.40000000e+00     2.29094634e+03     3.01390491e+02     5.44024881e+03    -3.17450955e+03   
    1.30000000e+04     6.50000000e+00     2.29097752e+03     3.00966277e+02     5.44024881e+03    -3.16678560e+03   
    1.32000000e+04     6.60000000e+00     2.29085493e+03     3.01184232e+02     5.44024881e+03    -3.17086063e+03   
    1.34000000e+04     6.70000000e+00     2.29084210e+03     3.01345089e+02     5.44024881e+03    -3.17379046e+03   
    1.36000000e+04     6.80000000e+00     2.29086749e+03     3.01466631e+02     5.44024881e+03    -3.17596913e+03   
    1.38000000e+04     6.90000000e+00     2.29096763e+03     3.01559593e+02     5.44024881e+03    -3.17755478e+03   
    1.40000000e+04     7.00000000e+00     2.29101309e+03     3.00923369e+02     5.44024881e+03    -3.16597192e+03   
    1.42000000e+04     7.10000000e+00     2.29098306e+03     3.01629600e+02     5.44024881e+03    -3.17880887e+03   
    1.44000000e+04     7.20000000e+00     2.29080027e+03     3.01951260e+02     5.44024881e+03    -3.18482469e+03   
    1.46000000e+04     7.30000000e+00     2.29087860e+03     3.02043291e+02     5.44024881e+03    -3.18641527e+03   
    1.48000000e+04     7.40000000e+00     2.29097178e+03     3.01467918e+02     5.44024881e+03    -3.17588819e+03   
    1.50000000e+04     7.50000000e+00     2.29107679e+03     3.01542133e+02     5.44024881e+03    -3.17712899e+03   
    1.52000000e+04     7.60000000e+00     2.29101225e+03     3.01206635e+02     5.44024881e+03    -3.17110957e+03   
    1.54000000e+04     7.70000000e+00     2.29092478e+03     3.01175579e+02     5.44024881e+03    -3.17063385e+03   
    1.56000000e+04     7.80000000e+00     2.29098013e+03     3.00765683e+02     5.44024881e+03    -3.16314539e+03   
    1.58000000e+04     7.90000000e+00     2.29095850e+03     3.00893361e+02     5.44024881e+03    -3.16548235e+03   
    1.60000000e+04     8.00000000e+00     2.29092288e+03     3.01597451e+02     5.44024881e+03    -3.17828605e+03   
    1.62000000e+04     8.10000000e+00     2.29090116e+03     3.01253618e+02     5.44024881e+03    -3.17207264e+03   
    1.64000000e+04     8.20000000e+00     2.29092256e+03     3.01269354e+02     5.44024881e+03    -3.17233661e+03   
    1.66000000e+04     8.30000000e+00     2.29092985e+03     3.00541048e+02     5.44024881e+03    -3.15912210e+03   
    1.68000000e+04     8.40000000e+00     2.29097351e+03     3.01392131e+02     5.44024881e+03    -3.17451212e+03   
    1.70000000e+04     8.50000000e+00     2.29095554e+03     3.00915904e+02     5.44024881e+03    -3.16589411e+03   
    1.72000000e+04     8.60000000e+00     2.29098048e+03     3.00804014e+02     5.44024881e+03    -3.16384014e+03   
    1.74000000e+04     8.70000000e+00     2.29106378e+03     3.01062271e+02     5.44024881e+03    -3.16844011e+03   
    1.76000000e+04     8.80000000e+00     2.29088934e+03     3.00582218e+02     5.44024881e+03    -3.15990919e+03   
    1.78000000e+04     8.90000000e+00     2.29102238e+03     3.01273362e+02     5.44024881e+03    -3.17230948e+03   
    1.80000000e+04     9.00000000e+00     2.29078011e+03     3.00929300e+02     5.44024881e+03    -3.16631247e+03   
    1.82000000e+04     9.10000000e+00     2.29092210e+03     3.01359669e+02     5.44024881e+03    -3.17397486e+03   
    1.84000000e+04     9.20000000e+00     2.29103894e+03     3.01273406e+02     5.44024881e+03    -3.17229371e+03   
    1.86000000e+04     9.30000000e+00     2.29099576e+03     3.01555852e+02     5.44024881e+03    -3.17745880e+03   
    1.88000000e+04     9.40000000e+00     2.29083096e+03     3.01547562e+02     5.44024881e+03    -3.17747328e+03   
    1.90000000e+04     9.50000000e+00     2.29087233e+03     3.01749606e+02     5.44024881e+03    -3.18109580e+03   
    1.92000000e+04     9.60000000e+00     2.29093375e+03     3.01799700e+02     5.44024881e+03    -3.18194280e+03   
    1.94000000e+04     9.70000000e+00     2.29087829e+03     3.01341291e+02     5.44024881e+03    -3.17368539e+03   
    1.96000000e+04     9.80000000e+00     2.29092972e+03     3.01302131e+02     5.44024881e+03    -3.17292383e+03   
    1.98000000e+04     9.90000000e+00     2.29089335e+03     3.01207585e+02     5.44024881e+03    -3.17124568e+03   
    2.00000000e+04     1.00000000e+01     2.29102685e+03     3.01224467e+02     5.44024881e+03    -3.17141833e+03   
    2.02000000e+04     1.01000000e+01     2.29097777e+03     3.01297533e+02     5.44024881e+03    -3.17279240e+03   
    2.04000000e+04     1.02000000e+01     2.29089923e+03     3.01453209e+02     5.44024881e+03    -3.17569400e+03   
    2.06000000e+04     1.03000000e+01     2.29083588e+03     3.01638515e+02     5.44024881e+03    -3.17911773e+03   
    2.08000000e+04     1.04000000e+01     2.29071879e+03     3.00723750e+02     5.44024881e+03    -3.16264630e+03   
    2.10000000e+04     1.05000000e+01     2.29092372e+03     3.01078269e+02     5.44024881e+03    -3.16887027e+03   
    2.12000000e+04     1.06000000e+01     2.29099327e+03     3.01032391e+02     5.44024881e+03    -3.16796876e+03   
    2.14000000e+04     1.07000000e+01     2.29095831e+03     3.01677727e+02     5.44024881e+03    -3.17970637e+03   
    2.16000000e+04     1.08000000e+01     2.29089946e+03     3.01774278e+02     5.44024881e+03    -3.18151608e+03   
    2.18000000e+04     1.09000000e+01     2.29086971e+03     3.02001829e+02     5.44024881e+03    -3.18567229e+03   
    2.20000000e+04     1.10000000e+01     2.29096949e+03     3.01446839e+02     5.44024881e+03    -3.17550821e+03   
    2.22000000e+04     1.11000000e+01     2.29096634e+03     3.01350017e+02     5.44024881e+03    -3.17375557e+03   
    2.24000000e+04     1.12000000e+01     2.29097697e+03     3.00296389e+02     5.44024881e+03    -3.15463829e+03   
    2.26000000e+04     1.13000000e+01     2.29088784e+03     3.01449943e+02     5.44024881e+03    -3.17564615e+03   
    2.28000000e+04     1.14000000e+01     2.29097002e+03     3.01041868e+02     5.44024881e+03    -3.16816389e+03   
    2.30000000e+04     1.15000000e+01     2.29102061e+03     3.01287310e+02     5.44024881e+03    -3.17256418e+03   
    2.32000000e+04     1.16000000e+01     2.29107011e+03     3.00955616e+02     5.44024881e+03    -3.16649968e+03   
    2.34000000e+04     1.17000000e+01     2.29107285e+03     3.00303666e+02     5.44024881e+03    -3.15467437e+03   
    2.36000000e+04     1.18000000e+01     2.29094990e+03     3.00606089e+02     5.44024881e+03    -3.16028152e+03   
    2.38000000e+04     1.19000000e+01     2.29094694e+03     3.00560509e+02     5.44024881e+03    -3.15945792e+03   
    2.40000000e+04     1.20000000e+01     2.29100975e+03     3.00930759e+02     5.44024881e+03    -3.16610927e+03   
    2.42000000e+04     1.21000000e+01     2.29087403e+03     3.01758133e+02     5.44024881e+03    -3.18124873e+03   
    2.44000000e+04     1.22000000e+01     2.29091927e+03     3.01292173e+02     5.44024881e+03    -3.17275370e+03   
    2.46000000e+04     1.23000000e+01     2.29100005e+03     3.01776564e+02     5.44024881e+03    -3.18145695e+03   
    2.48000000e+04     1.24000000e+01     2.29087238e+03     3.01442611e+02     5.44024881e+03    -3.17552867e+03   
    2.50000000e+04     1.25000000e+01     2.29096712e+03     3.01845052e+02     5.44024881e+03    -3.18273185e+03   
    2.52000000e+04     1.26000000e+01     2.29080314e+03     3.01861185e+02     5.44024881e+03    -3.18318839e+03   
    2.54000000e+04     1.27000000e+01     2.29085858e+03     3.01843081e+02     5.44024881e+03    -3.18280465e+03   
    2.56000000e+04     1.28000000e+01     2.29093410e+03     3.02137281e+02     5.44024881e+03    -3.18806420e+03   
    2.58000000e+04     1.29000000e+01     2.29092569e+03     3.01341716e+02     5.44024881e+03    -3.17364570e+03   
    2.60000000e+04     1.30000000e+01     2.29086761e+03     3.01382182e+02     5.44024881e+03    -3.17443760e+03   
    2.62000000e+04     1.31000000e+01     2.29101881e+03     3.01046082e+02     5.44024881e+03    -3.16819151e+03   
    2.64000000e+04     1.32000000e+01     2.29105885e+03     3.01084435e+02     5.44024881e+03    -3.16884697e+03   
    2.66000000e+04     1.33000000e+01     2.29101060e+03     3.01653032e+02     5.44024881e+03    -3.17920624e+03   
    2.68000000e+04     1.34000000e+01     2.29103894e+03     3.00794617e+02     5.44024881e+03    -3.16361127e+03   
    2.70000000e+04     1.35000000e+01     2.29104890e+03     3.01102531e+02     5.44024881e+03    -3.16918508e+03   
    2.72000000e+04     1.36000000e+01     2.29101959e+03     3.01244339e+02     5.44024881e+03    -3.17178596e+03   
    2.74000000e+04     1.37000000e+01     2.29106482e+03     3.01495211e+02     5.44024881e+03    -3.17629008e+03   
    2.76000000e+04     1.38000000e+01     2.29098298e+03     3.01740750e+02     5.44024881e+03    -3.18082457e+03   
    2.78000000e+04     1.39000000e+01     2.29091347e+03     3.01308185e+02     5.44024881e+03    -3.17304987e+03   
    2.80000000e+04     1.40000000e+01     2.29089556e+03     3.01479369e+02     5.44024881e+03    -3.17617206e+03   
    2.82000000e+04     1.41000000e+01     2.29087530e+03     3.01381473e+02     5.44024881e+03    -3.17441705e+03   
    2.84000000e+04     1.42000000e+01     2.29091782e+03     3.00953741e+02     5.44024881e+03    -3.16661796e+03   
    2.86000000e+04     1.43000000e+01     2.29090159e+03     3.00676972e+02     5.44024881e+03    -3.16161522e+03   
    2.88000000e+04     1.44000000e+01     2.29096656e+03     3.01202519e+02     5.44024881e+03    -3.17108060e+03   
    2.90000000e+04     1.45000000e+01     2.29090647e+03     3.01115092e+02     5.44024881e+03    -3.16955528e+03   
    2.92000000e+04     1.46000000e+01     2.29084688e+03     3.00877037e+02     5.44024881e+03    -3.16529795e+03   
    2.94000000e+04     1.47000000e+01     2.29099721e+03     3.00801962e+02     5.44024881e+03    -3.16378620e+03   
    2.96000000e+04     1.48000000e+01     2.29096463e+03     3.01437964e+02     5.44024881e+03    -3.17535214e+03   
    2.98000000e+04     1.49000000e+01     2.29101224e+03     3.01662853e+02     5.44024881e+03    -3.17938270e+03   
    3.00000000e+04     1.50000000e+01     2.29092961e+03     3.02063624e+02     5.44024881e+03    -3.18673298e+03   
    3.02000000e+04     1.51000000e+01     2.29098857e+03     3.01249704e+02     5.44024881e+03    -3.17191426e+03   
    3.04000000e+04     1.52000000e+01     2.29096596e+03     3.00920860e+02     5.44024881e+03    -3.16597357e+03   
    3.06000000e+04     1.53000000e+01     2.29099897e+03     3.01417963e+02     5.44024881e+03    -3.17495510e+03   
    3.08000000e+04     1.54000000e+01     2.29100143e+03     3.00869178e+02     5.44024881e+03    -3.16500089e+03   
    3.10000000e+04     1.55000000e+01     2.29107586e+03     3.01043725e+02     5.44024881e+03    -3.16809173e+03   
    3.12000000e+04     1.56000000e+01     2.29101964e+03     3.01256601e+02     5.44024881e+03    -3.17200827e+03   
    3.14000000e+04     1.57000000e+01     2.29095878e+03     3.01049995e+02     5.44024881e+03    -3.16832250e+03   
    3.16000000e+04     1.58000000e+01     2.29091557e+03     3.01139661e+02     5.44024881e+03    -3.16999172e+03   
    3.18000000e+04     1.59000000e+01     2.29103589e+03     3.01433610e+02     5.44024881e+03    -3.17520192e+03   
    3.20000000e+04     1.60000000e+01     2.29084111e+03     3.01866931e+02     5.44024881e+03    -3.18325461e+03   
    3.22000000e+04     1.61000000e+01     2.29094354e+03     3.01517695e+02     5.44024881e+03    -3.17681909e+03   
    3.24000000e+04     1.62000000e+01     2.29092729e+03     3.01657976e+02     5.44024881e+03    -3.17937921e+03   
    3.26000000e+04     1.63000000e+01     2.29096025e+03     3.01565083e+02     5.44024881e+03    -3.17766171e+03   
    3.28000000e+04     1.64000000e+01     2.29097160e+03     3.01199058e+02     5.44024881e+03    -3.17101280e+03   
    3.30000000e+04     1.65000000e+01     2.29105883e+03     3.00566826e+02     5.44024881e+03    -3.15946057e+03   
    3.32000000e+04     1.66000000e+01     2.29094578e+03     3.00746589e+02     5.44024881e+03    -3.16283348e+03   
    3.34000000e+04     1.67000000e+01     2.29100044e+03     3.01028844e+02     5.44024881e+03    -3.16789728e+03   
    3.36000000e+04     1.68000000e+01     2.29097218e+03     3.00964539e+02     5.44024881e+03    -3.16675943e+03   
    3.38000000e+04     1.69000000e+01     2.29078431e+03     3.01071899e+02     5.44024881e+03    -3.16889417e+03   
    3.40000000e+04     1.70000000e+01     2.29084306e+03     3.01253191e+02     5.44024881e+03    -3.17212301e+03   
    3.42000000e+04     1.71000000e+01     2.29084207e+03     3.02379075e+02     5.44024881e+03    -3.19254095e+03   
    3.44000000e+04     1.72000000e+01     2.29085534e+03     3.01623035e+02     5.44024881e+03    -3.17881753e+03   
    3.46000000e+04     1.73000000e+01     2.29091007e+03     3.02406401e+02     5.44024881e+03    -3.19296848e+03   
    3.48000000e+04     1.74000000e+01     2.29097707e+03     3.01945112e+02     5.44024881e+03    -3.18453640e+03   
    3.50000000e+04     1.75000000e+01     2.29093390e+03     3.01172276e+02     5.44024881e+03    -3.17056484e+03   
    3.52000000e+04     1.76000000e+01     2.29101770e+03     3.01269395e+02     5.44024881e+03    -3.17224220e+03   
    3.54000000e+04     1.77000000e+01     2.29103333e+03     3.01076627e+02     5.44024881e+03    -3.16873090e+03   
    3.56000000e+04     1.78000000e+01     2.29098557e+03     3.01184400e+02     5.44024881e+03    -3.17073303e+03   
    3.58000000e+04     1.79000000e+01     2.29100993e+03     3.00977675e+02     5.44024881e+03    -3.16695989e+03   
    3.60000000e+04     1.80000000e+01     2.29103269e+03     3.00503254e+02     5.44024881e+03    -3.15833389e+03   
    3.62000000e+04     1.81000000e+01     2.29098197e+03     3.01235959e+02     5.44024881e+03    -3.17167161e+03   
    3.64000000e+04     1.82000000e+01     2.29097593e+03     3.00783197e+02     5.44024881e+03    -3.16346718e+03   
    3.66000000e+04     1.83000000e+01     2.29103015e+03     3.01494732e+02     5.44024881e+03    -3.17631607e+03   
    3.68000000e+04     1.84000000e+01     2.29085679e+03     3.00887090e+02     5.44024881e+03    -3.16547035e+03   
    3.70000000e+04     1.85000000e+01     2.29098587e+03     3.01484215e+02     5.44024881e+03    -3.17616962e+03   
    3.72000000e+04     1.86000000e+01     2.29095995e+03     3.01025159e+02     5.44024881e+03    -3.16787096e+03   
    3.74000000e+04     1.87000000e+01     2.29099973e+03     3.00852697e+02     5.44024881e+03    -3.16470371e+03   
    3.76000000e+04     1.88000000e+01     2.29092294e+03     3.01675623e+02     5.44024881e+03    -3.17970358e+03   
    3.78000000e+04     1.89000000e+01     2.29100259e+03     3.01206463e+02     5.44024881e+03    -3.17111611e+03   
    3.80000000e+04     1.90000000e+01     2.29085879e+03     3.01609807e+02     5.44024881e+03    -3.17857422e+03   
    3.82000000e+04     1.91000000e+01     2.29096246e+03     3.01648861e+02     5.44024881e+03    -3.17917876e+03   
    3.84000000e+04     1.92000000e+01     2.29094059e+03     3.01018735e+02     5.44024881e+03    -3.16777382e+03   
    3.86000000e+04     1.93000000e+01     2.29088442e+03     3.01550606e+02     5.44024881e+03    -3.17747502e+03   
    3.88000000e+04     1.94000000e+01     2.29099316e+03     3.01324114e+02     5.44024881e+03    -3.17325904e+03   
    3.90000000e+04     1.95000000e+01     2.29093731e+03     3.01790265e+02     5.44024881e+03    -3.18176815e+03   
    3.92000000e+04     1.96000000e+01     2.29092367e+03     3.01698804e+02     5.44024881e+03    -3.18012323e+03   
    3.94000000e+04     1.97000000e+01     2.29089437e+03     3.01831287e+02     5.44024881e+03    -3.18255498e+03   
    3.96000000e+04     1.98000000e+01     2.29105545e+03     3.01308589e+02     5.44024881e+03    -3.17291521e+03   
    3.98000000e+04     1.99000000e+01     2.29098825e+03     3.01222433e+02     5.44024881e+03    -3.17142004e+03   
    4.00000000e+04     2.00000000e+01     2.29104584e+03     3.01580325e+02     5.44024881e+03    -3.17785253e+03   
