# column   1     --> step : The current simulation time step.
# column   2     --> time{picosecond} : The elapsed simulation time.
# column   3     --> conserved{electronvolt} : The value of the conserved energy quantity per bead.
# column   4     --> temperature{kelvin} : The current temperature, as obtained from the MD kinetic energy.
# column   5     --> kinetic_cv{electronvolt} : The centroid-virial quantum kinetic energy of the physical system.
# column   6     --> potential{electronvolt} : The physical system potential energy.
    0.00000000e+00     0.00000000e+00     2.29455768e+03     3.01199191e+02     5.44024881e+03    -3.16742914e+03   
    2.00000000e+02     1.00000000e-01     2.29439171e+03     3.01032224e+02     5.44024881e+03    -3.16456729e+03   
    4.00000000e+02     2.00000000e-01     2.29440841e+03     3.01199502e+02     5.44024881e+03    -3.16758405e+03   
    6.00000000e+02     3.00000000e-01     2.29451821e+03     3.01609251e+02     5.44024881e+03    -3.17490470e+03   
    8.00000000e+02     4.00000000e-01     2.29450896e+03     3.01425953e+02     5.44024881e+03    -3.17159000e+03   
    1.00000000e+03     5.00000000e-01     2.29455664e+03     3.01980230e+02     5.44024881e+03    -3.18159367e+03   
    1.20000000e+03     6.00000000e-01     2.29452032e+03     3.00879334e+02     5.44024881e+03    -3.16166615e+03   
    1.40000000e+03     7.00000000e-01     2.29460446e+03     3.01084439e+02     5.44024881e+03    -3.16530144e+03   
    1.60000000e+03     8.00000000e-01     2.29461663e+03     3.00567489e+02     5.44024881e+03    -3.15591481e+03   
    1.80000000e+03     9.00000000e-01     2.29449578e+03     3.01127187e+02     5.44024881e+03    -3.16618530e+03   
    2.00000000e+03     1.00000000e+00     2.29436909e+03     3.01491594e+02     5.44024881e+03    -3.17292021e+03   
    2.20000000e+03     1.10000000e+00     2.29452865e+03     3.01659627e+02     5.44024881e+03    -3.17580780e+03   
    2.40000000e+03     1.20000000e+00     2.29455454e+03     3.01122292e+02     5.44024881e+03    -3.16603777e+03   
    2.60000000e+03     1.30000000e+00     2.29446952e+03     3.01196970e+02     5.44024881e+03    -3.16747703e+03   
    2.80000000e+03     1.40000000e+00     2.29449418e+03     3.01483225e+02     5.44024881e+03    -3.17264337e+03   
    3.00000000e+03     1.50000000e+00     2.29448626e+03     3.01079543e+02     5.44024881e+03    -3.16533085e+03   
    3.20000000e+03     1.60000000e+00     2.29437977e+03     3.02425952e+02     5.44024881e+03    -3.18985334e+03   
    3.40000000e+03     1.70000000e+00     2.29446679e+03     3.02145611e+02     5.44024881e+03    -3.18468257e+03   
    3.60000000e+03     1.80000000e+00     2.29435767e+03     3.01939998e+02     5.44024881e+03    -3.18106307e+03   
    3.80000000e+03     1.90000000e+00     2.29448067e+03     3.01423764e+02     5.44024881e+03    -3.17157859e+03   
    4.00000000e+03     2.00000000e+00     2.29457704e+03     3.01357393e+02     5.44024881e+03    -3.17027865e+03   
    4.20000000e+03     2.10000000e+00     2.29446732e+03     3.01362564e+02     5.44024881e+03    -3.17048213e+03   
    4.40000000e+03     2.20000000e+00     2.29449846e+03     3.00870667e+02     5.44024881e+03    -3.16153085e+03   
    4.60000000e+03     2.30000000e+00     2.29460982e+03     3.01667961e+02     5.44024881e+03    -3.17587775e+03   
    4.80000000e+03     2.40000000e+00     2.29462321e+03     3.01874580e+02     5.44024881e+03    -3.17961122e+03   
    5.00000000e+03     2.50000000e+00     2.29451334e+03     3.02104037e+02     5.44024881e+03    -3.18388209e+03   
    5.20000000e+03     2.60000000e+00     2.29457955e+03     3.01494978e+02     5.44024881e+03    -3.17277112e+03   
    5.40000000e+03     2.70000000e+00     2.29451417e+03     3.00722697e+02     5.44024881e+03    -3.15883183e+03   
    5.60000000e+03     2.80000000e+00     2.29440029e+03     3.00929469e+02     5.44024881e+03    -3.16269534e+03   
    5.80000000e+03     2.90000000e+00     2.29450461e+03     3.00856118e+02     5.44024881e+03    -3.16126088e+03   
    6.00000000e+03     3.00000000e+00     2.29450787e+03     3.01959622e+02     5.44024881e+03    -3.18126872e+03   
    6.20000000e+03     3.10000000e+00     2.29458317e+03     3.01123869e+02     5.44024881e+03    -3.16603774e+03   
    6.40000000e+03     3.20000000e+00     2.29455417e+03     3.01654204e+02     5.44024881e+03    -3.17568394e+03   
    6.60000000e+03     3.30000000e+00     2.29457326e+03     3.00172930e+02     5.44024881e+03    -3.14880317e+03   
    6.80000000e+03     3.40000000e+00     2.29447458e+03     3.00456177e+02     5.44024881e+03    -3.15403830e+03   
    7.00000000e+03     3.50000000e+00     2.29447116e+03     3.01311942e+02     5.44024881e+03    -3.16956031e+03   
    7.20000000e+03     3.60000000e+00     2.29453264e+03     3.01429531e+02     5.44024881e+03    -3.17163120e+03   
    7.40000000e+03     3.70000000e+00     2.29444392e+03     3.01935940e+02     5.44024881e+03    -3.18090321e+03   
    7.60000000e+03     3.80000000e+00     2.29451143e+03     3.01887982e+02     5.44024881e+03    -3.17996603e+03   
    7.80000000e+03     3.90000000e+00     2.29466534e+03     3.01618579e+02     5.44024881e+03    -3.17492674e+03   
    8.00000000e+03     4.00000000e+00     2.29450564e+03     3.00656561e+02     5.44024881e+03    -3.15764104e+03   
    8.20000000e+03     4.10000000e+00     2.29452094e+03     3.01288094e+02     5.44024881e+03    -3.16907807e+03   
    8.40000000e+03     4.20000000e+00     2.29458622e+03     3.00870732e+02     5.44024881e+03    -3.16144428e+03   
    8.60000000e+03     4.30000000e+00     2.29455948e+03     3.01314080e+02     5.44024881e+03    -3.16951075e+03   
    8.80000000e+03     4.40000000e+00     2.29457780e+03     3.01147244e+02     5.44024881e+03    -3.16646701e+03   
    9.00000000e+03     4.50000000e+00     2.29458827e+03     3.01296161e+02     5.44024881e+03    -3.16915701e+03   
    9.20000000e+03     4.60000000e+00     2.29466969e+03     3.01525464e+02     5.44024881e+03    -3.17323381e+03   
    9.40000000e+03     4.70000000e+00     2.29463788e+03     3.01684650e+02     5.44024881e+03    -3.17615233e+03   
    9.60000000e+03     4.80000000e+00     2.29445267e+03     3.01622291e+02     5.44024881e+03    -3.17520672e+03   
    9.80000000e+03     4.90000000e+00     2.29446972e+03     3.01805053e+02     5.44024881e+03    -3.17850390e+03   
    1.00000000e+04     5.00000000e+00     2.29453096e+03     3.01150332e+02     5.44024881e+03    -3.16656985e+03   
    1.02000000e+04     5.10000000e+00     2.29444187e+03     3.01486450e+02     5.44024881e+03    -3.17275416e+03   
    1.04000000e+04     5.20000000e+00     2.29453897e+03     3.01471041e+02     5.44024881e+03    -3.17237762e+03   
    1.06000000e+04     5.30000000e+00     2.29470019e+03     3.00706816e+02     5.44024881e+03    -3.15835782e+03   
    1.08000000e+04     5.40000000e+00     2.29460525e+03     3.01017671e+02     5.44024881e+03    -3.16408985e+03   
    1.10000000e+04     5.50000000e+00     2.29459526e+03     3.01005609e+02     5.44024881e+03    -3.16388111e+03   
    1.12000000e+04     5.60000000e+00     2.29453268e+03     3.01602887e+02     5.44024881e+03    -3.17477483e+03   
    1.14000000e+04     5.70000000e+00     2.29441763e+03     3.01689264e+02     5.44024881e+03    -3.17645626e+03   
    1.16000000e+04     5.80000000e+00     2.29442737e+03     3.01542767e+02     5.44024881e+03    -3.17378991e+03   
    1.18000000e+04     5.90000000e+00     2.29442677e+03     3.00728089e+02     5.44024881e+03    -3.15901702e+03   
    1.20000000e+04     6.00000000e+00     2.29455047e+03     3.01229670e+02     5.44024881e+03    -3.16798905e+03   
    1.22000000e+04     6.10000000e+00     2.29464375e+03     3.01460682e+02     5.44024881e+03    -3.17208500e+03   
    1.24000000e+04     6.20000000e+00     2.29455514e+03     3.01183678e+02     5.44024881e+03    -3.16715035e+03   
    1.26000000e+04     6.30000000e+00     2.29453338e+03     3.01505128e+02     5.44024881e+03    -3.17300135e+03   
    1.28000000e+04     6.40000000e+00     2.29451253e+03     3.02087030e+02     5.44024881e+03    -3.18357450e+03   
    1.30000000e+04     6.50000000e+00     2.29450866e+03     3.01502944e+02     5.44024881e+03    -3.17298647e+03   
    1.32000000e+04     6.60000000e+00     2.29457091e+03     3.01652213e+02     5.44024881e+03    -3.17563110e+03   
    1.34000000e+04     6.70000000e+00     2.29461289e+03     3.01775917e+02     5.44024881e+03    -3.17783238e+03   
    1.36000000e+04     6.80000000e+00     2.29447104e+03     3.01502306e+02     5.44024881e+03    -3.17301252e+03   
    1.38000000e+04     6.90000000e+00     2.29458648e+03     3.01748357e+02     5.44024881e+03    -3.17735900e+03   
    1.40000000e+04     7.00000000e+00     2.29450686e+03     3.01433865e+02     5.44024881e+03    -3.17173558e+03   
    1.42000000e+04     7.10000000e+00     2.29443893e+03     3.01339555e+02     5.44024881e+03    -3.17009328e+03   
    1.44000000e+04     7.20000000e+00     2.29456283e+03     3.01210533e+02     5.44024881e+03    -3.16762968e+03   
    1.46000000e+04     7.30000000e+00     2.29464396e+03     3.00503997e+02     5.44024881e+03    -3.15473610e+03   
    1.48000000e+04     7.40000000e+00     2.29460504e+03     3.00988121e+02     5.44024881e+03    -3.16355420e+03   
    1.50000000e+04     7.50000000e+00     2.29455280e+03     3.01207596e+02     5.44024881e+03    -3.16758644e+03   
    1.52000000e+04     7.60000000e+00     2.29453848e+03     3.01265299e+02     5.44024881e+03    -3.16864716e+03   
    1.54000000e+04     7.70000000e+00     2.29452646e+03     3.01312009e+02     5.44024881e+03    -3.16950623e+03   
    1.56000000e+04     7.80000000e+00     2.29451876e+03     3.01248707e+02     5.44024881e+03    -3.16836599e+03   
    1.58000000e+04     7.90000000e+00     2.29455846e+03     3.01126601e+02     5.44024881e+03    -3.16611201e+03   
    1.60000000e+04     8.00000000e+00     2.29467331e+03     3.01408159e+02     5.44024881e+03    -3.17110298e+03   
    1.62000000e+04     8.10000000e+00     2.29470968e+03     3.00622661e+02     5.44024881e+03    -3.15682225e+03   
    1.64000000e+04     8.20000000e+00     2.29454838e+03     3.00997717e+02     5.44024881e+03    -3.16378488e+03   
    1.66000000e+04     8.30000000e+00     2.29465644e+03     3.00995848e+02     5.44024881e+03    -3.16364293e+03   
    1.68000000e+04     8.40000000e+00     2.29457787e+03     3.01319241e+02     5.44024881e+03    -3.16958596e+03   
    1.70000000e+04     8.50000000e+00     2.29458295e+03     3.01323278e+02     5.44024881e+03    -3.16965409e+03   
    1.72000000e+04     8.60000000e+00     2.29445960e+03     3.01416803e+02     5.44024881e+03    -3.17147343e+03   
    1.74000000e+04     8.70000000e+00     2.29441897e+03     3.01397006e+02     5.44024881e+03    -3.17115505e+03   
    1.76000000e+04     8.80000000e+00     2.29450791e+03     3.01720540e+02     5.44024881e+03    -3.17693315e+03   
    1.78000000e+04     8.90000000e+00     2.29446911e+03     3.01554880e+02     5.44024881e+03    -3.17396784e+03   
    1.80000000e+04     9.00000000e+00     2.29459801e+03     3.01279117e+02     5.44024881e+03    -3.16883821e+03   
    1.82000000e+04     9.10000000e+00     2.29462221e+03     3.01129637e+02     5.44024881e+03    -3.16610330e+03   
    1.84000000e+04     9.20000000e+00     2.29460285e+03     3.01669538e+02     5.44024881e+03    -3.17591332e+03   
    1.86000000e+04     9.30000000e+00     2.29465888e+03     3.00902592e+02     5.44024881e+03    -3.16194937e+03   
    1.88000000e+04     9.40000000e+00     2.29472682e+03     3.00408451e+02     5.44024881e+03    -3.15292060e+03   
    1.90000000e+04     9.50000000e+00     2.29453141e+03     3.01659128e+02     5.44024881e+03    -3.17579598e+03   
    1.92000000e+04     9.60000000e+00     2.29456191e+03     3.01448297e+02     5.44024881e+03    -3.17194225e+03   
    1.94000000e+04     9.70000000e+00     2.29458484e+03     3.01601932e+02     5.44024881e+03    -3.17470535e+03   
    1.96000000e+04     9.80000000e+00     2.29458146e+03     3.01580491e+02     5.44024881e+03    -3.17431992e+03   
    1.98000000e+04     9.90000000e+00     2.29459761e+03     3.01766627e+02     5.44024881e+03    -3.17767918e+03   
    2.00000000e+04     1.00000000e+01     2.29478777e+03     3.00577347e+02     5.44024881e+03    -3.15592242e+03   
    2.02000000e+04     1.01000000e+01     2.29467094e+03     3.01069362e+02     5.44024881e+03    -3.16496154e+03   
    2.04000000e+04     1.02000000e+01     2.29462412e+03     3.01190484e+02     5.44024881e+03    -3.16720481e+03   
    2.06000000e+04     1.03000000e+01     2.29442562e+03     3.01465151e+02     5.44024881e+03    -3.17238417e+03   
    2.08000000e+04     1.04000000e+01     2.29446270e+03     3.01492165e+02     5.44024881e+03    -3.17283696e+03   
    2.10000000e+04     1.05000000e+01     2.29457076e+03     3.01538118e+02     5.44024881e+03    -3.17356222e+03   
    2.12000000e+04     1.06000000e+01     2.29453803e+03     3.01782735e+02     5.44024881e+03    -3.17803088e+03   
    2.14000000e+04     1.07000000e+01     2.29461642e+03     3.01591900e+02     5.44024881e+03    -3.17449185e+03   
    2.16000000e+04     1.08000000e+01     2.29459840e+03     3.01123091e+02     5.44024881e+03    -3.16600842e+03   
    2.18000000e+04     1.09000000e+01     2.29466010e+03     3.00911277e+02     5.44024881e+03    -3.16210563e+03   
    2.20000000e+04     1.10000000e+01     2.29449351e+03     3.01783174e+02     5.44024881e+03    -3.17808336e+03   
    2.22000000e+04     1.11000000e+01     2.29453935e+03     3.01474240e+02     5.44024881e+03    -3.17243526e+03   
    2.24000000e+04     1.12000000e+01     2.29469297e+03     3.01759269e+02     5.44024881e+03    -3.17745040e+03   
    2.26000000e+04     1.13000000e+01     2.29455589e+03     3.01775115e+02     5.44024881e+03    -3.17787483e+03   
    2.28000000e+04     1.14000000e+01     2.29457904e+03     3.01484374e+02     5.44024881e+03    -3.17257934e+03   
    2.30000000e+04     1.15000000e+01     2.29477570e+03     3.01490028e+02     5.44024881e+03    -3.17248520e+03   
    2.32000000e+04     1.16000000e+01     2.29461874e+03     3.01466598e+02     5.44024881e+03    -3.17221728e+03   
    2.34000000e+04     1.17000000e+01     2.29461371e+03     3.01675504e+02     5.44024881e+03    -3.17601065e+03   
    2.36000000e+04     1.18000000e+01     2.29459093e+03     3.01930034e+02     5.44024881e+03    -3.18064912e+03   
    2.38000000e+04     1.19000000e+01     2.29439640e+03     3.01694526e+02     5.44024881e+03    -3.17657290e+03   
    2.40000000e+04     1.20000000e+01     2.29450281e+03     3.01830537e+02     5.44024881e+03    -3.17893295e+03   
    2.42000000e+04     1.21000000e+01     2.29452811e+03     3.01550101e+02     5.44024881e+03    -3.17382217e+03   
    2.44000000e+04     1.22000000e+01     2.29454800e+03     3.01637323e+02     5.44024881e+03    -3.17538398e+03   
    2.46000000e+04     1.23000000e+01     2.29455588e+03     3.01485764e+02     5.44024881e+03    -3.17262769e+03   
    2.48000000e+04     1.24000000e+01     2.29447725e+03     3.01805942e+02     5.44024881e+03    -3.17851249e+03   
    2.50000000e+04     1.25000000e+01     2.29448025e+03     3.01766075e+02     5.44024881e+03    -3.17778655e+03   
    2.52000000e+04     1.26000000e+01     2.29453316e+03     3.00760893e+02     5.44024881e+03    -3.15950548e+03   
    2.54000000e+04     1.27000000e+01     2.29458264e+03     3.00852280e+02     5.44024881e+03    -3.16111324e+03   
    2.56000000e+04     1.28000000e+01     2.29453831e+03     3.01185161e+02     5.44024881e+03    -3.16719410e+03   
    2.58000000e+04     1.29000000e+01     2.29451351e+03     3.00725699e+02     5.44024881e+03    -3.15888694e+03   
    2.60000000e+04     1.30000000e+01     2.29454979e+03     3.01482309e+02     5.44024881e+03    -3.17257115e+03   
    2.62000000e+04     1.31000000e+01     2.29457702e+03     3.01623633e+02     5.44024881e+03    -3.17510671e+03   
    2.64000000e+04     1.32000000e+01     2.29446804e+03     3.01501651e+02     5.44024881e+03    -3.17300365e+03   
    2.66000000e+04     1.33000000e+01     2.29456478e+03     3.01795794e+02     5.44024881e+03    -3.17824094e+03   
    2.68000000e+04     1.34000000e+01     2.29451274e+03     3.01597431e+02     5.44024881e+03    -3.17469584e+03   
    2.70000000e+04     1.35000000e+01     2.29460426e+03     3.01573853e+02     5.44024881e+03    -3.17417675e+03   
    2.72000000e+04     1.36000000e+01     2.29453269e+03     3.01064078e+02     5.44024881e+03    -3.16500397e+03   
    2.74000000e+04     1.37000000e+01     2.29476005e+03     3.00932472e+02     5.44024881e+03    -3.16239005e+03   
    2.76000000e+04     1.38000000e+01     2.29462179e+03     3.00928495e+02     5.44024881e+03    -3.16245619e+03   
    2.78000000e+04     1.39000000e+01     2.29469039e+03     3.01576838e+02     5.44024881e+03    -3.17414474e+03   
    2.80000000e+04     1.40000000e+01     2.29467978e+03     3.00826209e+02     5.44024881e+03    -3.16054333e+03   
    2.82000000e+04     1.41000000e+01     2.29459249e+03     3.01449597e+02     5.44024881e+03    -3.17193524e+03   
    2.84000000e+04     1.42000000e+01     2.29453563e+03     3.00925252e+02     5.44024881e+03    -3.16248355e+03   
    2.86000000e+04     1.43000000e+01     2.29437335e+03     3.01285754e+02     5.44024881e+03    -3.16918322e+03   
    2.88000000e+04     1.44000000e+01     2.29451787e+03     3.01435316e+02     5.44024881e+03    -3.17175087e+03   
    2.90000000e+04     1.45000000e+01     2.29446117e+03     3.02047278e+02     5.44024881e+03    -3.18290499e+03   
    2.92000000e+04     1.46000000e+01     2.29441668e+03     3.01714666e+02     5.44024881e+03    -3.17691785e+03   
    2.94000000e+04     1.47000000e+01     2.29436023e+03     3.01626448e+02     5.44024881e+03    -3.17537454e+03   
    2.96000000e+04     1.48000000e+01     2.29437544e+03     3.01353570e+02     5.44024881e+03    -3.17041091e+03   
    2.98000000e+04     1.49000000e+01     2.29448560e+03     3.01306250e+02     5.44024881e+03    -3.16944265e+03   
    3.00000000e+04     1.50000000e+01     2.29464765e+03     3.01057850e+02     5.44024881e+03    -3.16477607e+03   
    3.02000000e+04     1.51000000e+01     2.29459677e+03     3.01165443e+02     5.44024881e+03    -3.16677806e+03   
    3.04000000e+04     1.52000000e+01     2.29459508e+03     3.01024077e+02     5.44024881e+03    -3.16421620e+03   
    3.06000000e+04     1.53000000e+01     2.29456016e+03     3.01338679e+02     5.44024881e+03    -3.16995617e+03   
    3.08000000e+04     1.54000000e+01     2.29471315e+03     3.00767837e+02     5.44024881e+03    -3.15945144e+03   
    3.10000000e+04     1.55000000e+01     2.29468441e+03     3.00968736e+02     5.44024881e+03    -3.16312330e+03   
    3.12000000e+04     1.56000000e+01     2.29464587e+03     3.01231952e+02     5.44024881e+03    -3.16793505e+03   
    3.14000000e+04     1.57000000e+01     2.29449242e+03     3.01794412e+02     5.44024881e+03    -3.17828824e+03   
    3.16000000e+04     1.58000000e+01     2.29451412e+03     3.01669330e+02     5.44024881e+03    -3.17599827e+03   
    3.18000000e+04     1.59000000e+01     2.29452155e+03     3.01595245e+02     5.44024881e+03    -3.17464739e+03   
    3.20000000e+04     1.60000000e+01     2.29452629e+03     3.00907098e+02     5.44024881e+03    -3.16216367e+03   
    3.22000000e+04     1.61000000e+01     2.29448334e+03     3.01190125e+02     5.44024881e+03    -3.16733907e+03   
    3.24000000e+04     1.62000000e+01     2.29445835e+03     3.01813508e+02     5.44024881e+03    -3.17866861e+03   
    3.26000000e+04     1.63000000e+01     2.29443456e+03     3.01299695e+02     5.44024881e+03    -3.16937483e+03   
    3.28000000e+04     1.64000000e+01     2.29453163e+03     3.01499144e+02     5.44024881e+03    -3.17289458e+03   
    3.30000000e+04     1.65000000e+01     2.29463044e+03     3.00990951e+02     5.44024881e+03    -3.16358013e+03   
    3.32000000e+04     1.66000000e+01     2.29462231e+03     3.01273308e+02     5.44024881e+03    -3.16870856e+03   
    3.34000000e+04     1.67000000e+01     2.29462558e+03     3.00701643e+02     5.44024881e+03    -3.15833863e+03   
    3.36000000e+04     1.68000000e+01     2.29448389e+03     3.01407895e+02     5.44024881e+03    -3.17128760e+03   
    3.38000000e+04     1.69000000e+01     2.29445478e+03     3.00965621e+02     5.44024881e+03    -3.16329644e+03   
    3.40000000e+04     1.70000000e+01     2.29453081e+03     3.00894410e+02     5.44024881e+03    -3.16192907e+03   
    3.42000000e+04     1.71000000e+01     2.29464571e+03     3.00324158e+02     5.44024881e+03    -3.15147313e+03   
    3.44000000e+04     1.72000000e+01     2.29454586e+03     3.02150119e+02     5.44024881e+03    -3.18468525e+03   
    3.46000000e+04     1.73000000e+01     2.29471877e+03     3.01505504e+02     5.44024881e+03    -3.17282277e+03   
    3.48000000e+04     1.74000000e+01     2.29452487e+03     3.02041408e+02     5.44024881e+03    -3.18273484e+03   
    3.50000000e+04     1.75000000e+01     2.29455905e+03     3.01847324e+02     5.44024881e+03    -3.17918113e+03   
    3.52000000e+04     1.76000000e+01     2.29452673e+03     3.01395837e+02     5.44024881e+03    -3.17102611e+03   
    3.54000000e+04     1.77000000e+01     2.29451707e+03     3.01220281e+02     5.44024881e+03    -3.16785221e+03   
    3.56000000e+04     1.78000000e+01     2.29463710e+03     3.00840853e+02     5.44024881e+03    -3.16085156e+03   
    3.58000000e+04     1.79000000e+01     2.29450107e+03     3.01002129e+02     5.44024881e+03    -3.16391220e+03   
    3.60000000e+04     1.80000000e+01     2.29447099e+03     3.01065076e+02     5.44024881e+03    -3.16508378e+03   
    3.62000000e+04     1.81000000e+01     2.29447025e+03     3.02053126e+02     5.44024881e+03    -3.18300198e+03   
    3.64000000e+04     1.82000000e+01     2.29448317e+03     3.01317529e+02     5.44024881e+03    -3.16964962e+03   
    3.66000000e+04     1.83000000e+01     2.29465423e+03     3.01176960e+02     5.44024881e+03    -3.16692946e+03   
    3.68000000e+04     1.84000000e+01     2.29459786e+03     3.01197285e+02     5.44024881e+03    -3.16735440e+03   
    3.70000000e+04     1.85000000e+01     2.29462659e+03     3.01182253e+02     5.44024881e+03    -3.16705308e+03   
    3.72000000e+04     1.86000000e+01     2.29452095e+03     3.01283447e+02     5.44024881e+03    -3.16899379e+03   
    3.74000000e+04     1.87000000e+01     2.29453488e+03     3.01396855e+02     5.44024881e+03    -3.17103641e+03   
    3.76000000e+04     1.88000000e+01     2.29457722e+03     3.00665069e+02     5.44024881e+03    -3.15772375e+03   
    3.78000000e+04     1.89000000e+01     2.29461126e+03     3.01323680e+02     5.44024881e+03    -3.16963306e+03   
    3.80000000e+04     1.90000000e+01     2.29456247e+03     3.01682501e+02     5.44024881e+03    -3.17618878e+03   
    3.82000000e+04     1.91000000e+01     2.29457257e+03     3.01545396e+02     5.44024881e+03    -3.17369239e+03   
    3.84000000e+04     1.92000000e+01     2.29459908e+03     3.01290554e+02     5.44024881e+03    -3.16904453e+03   
    3.86000000e+04     1.93000000e+01     2.29459884e+03     3.00730702e+02     5.44024881e+03    -3.15889232e+03   
    3.88000000e+04     1.94000000e+01     2.29458687e+03     3.00935715e+02     5.44024881e+03    -3.16262203e+03   
    3.90000000e+04     1.95000000e+01     2.29459125e+03     3.00991421e+02     5.44024881e+03    -3.16362785e+03   
    3.92000000e+04     1.96000000e+01     2.29467366e+03     3.00824519e+02     5.44024881e+03    -3.16051881e+03   
    3.94000000e+04     1.97000000e+01     2.29462377e+03     3.01318127e+02     5.44024881e+03    -3.16951986e+03   
    3.96000000e+04     1.98000000e+01     2.29457014e+03     3.01362957e+02     5.44024881e+03    -3.17038645e+03   
    3.98000000e+04     1.99000000e+01     2.29446223e+03     3.01033934e+02     5.44024881e+03    -3.16452781e+03   
    4.00000000e+04     2.00000000e+01     2.29457864e+03     3.00636450e+02     5.44024881e+03    -3.15720334e+03   
